2023-11-07 19:26:30.066 | SUCCESS  | __main__:run:50 - Namespace(align_step=50, arch='ortho', batch_size=16, cauchy_gamma=20.0, code_length=[16, 32, 64], dataset='imagenetzs', device=device(type='cuda', index=1), epoch_change=11, gamma=200, gpu=1, info='imagenetzs-5-95-ortho-11-07-16,32,64', lambd=0.1, lambd_ch=0.1, lambd_sp=0.1, lr=0.0001, lr_step=[45], margin=0.1, max_epoch=1, max_iter=50, momen=0.9, nesterov=False, net='ResNet50', num_classes=95, num_query=1000, num_samples=12350, num_workers=2, num_zs=5, optim='SGD', pretrain=True, quan_loss=False, root='/4T/ImageNet/ILSVRC', save_ckpt='checkpoints/', topk=1000, val_freq=1, wd=0.0005)
2023-11-07 19:29:30.696 | INFO     | ortho:train:225 - [epoch:1/1][loss:3.580644]
2023-11-07 19:29:30.697 | INFO     | ortho:train:228 - [iter:1/50][iter_time:154.40]
2023-11-07 19:39:24.646 | INFO     | ortho:train:299 - [iter:1/50][code_length:16][mAP:0.69505][mAP_all:0.69289][best_mAP:0.69505]
2023-11-07 19:39:24.646 | INFO     | ortho:train:300 - [iter:1/50][code_length:16][zs_mAP:0.65230][zs_mAP_all:0.27477]
2023-11-07 19:41:59.232 | INFO     | ortho:train:225 - [epoch:1/1][loss:2.643561]
2023-11-07 19:41:59.233 | INFO     | ortho:train:228 - [iter:2/50][iter_time:154.59]
2023-11-07 19:52:03.009 | INFO     | ortho:train:299 - [iter:2/50][code_length:16][mAP:0.75193][mAP_all:0.75005][best_mAP:0.75193]
2023-11-07 19:52:03.011 | INFO     | ortho:train:300 - [iter:2/50][code_length:16][zs_mAP:0.61671][zs_mAP_all:0.27140]
2023-11-07 19:54:41.174 | INFO     | ortho:train:225 - [epoch:1/1][loss:2.416328]
2023-11-07 19:54:41.175 | INFO     | ortho:train:228 - [iter:3/50][iter_time:158.16]
2023-11-07 20:04:43.317 | INFO     | ortho:train:299 - [iter:3/50][code_length:16][mAP:0.78545][mAP_all:0.78388][best_mAP:0.78545]
2023-11-07 20:04:43.319 | INFO     | ortho:train:300 - [iter:3/50][code_length:16][zs_mAP:0.62248][zs_mAP_all:0.27617]
2023-11-07 20:07:22.341 | INFO     | ortho:train:225 - [epoch:1/1][loss:2.282592]
2023-11-07 20:07:22.341 | INFO     | ortho:train:228 - [iter:4/50][iter_time:159.02]
2023-11-07 20:17:20.016 | INFO     | ortho:train:299 - [iter:4/50][code_length:16][mAP:0.79962][mAP_all:0.79789][best_mAP:0.79962]
2023-11-07 20:17:20.017 | INFO     | ortho:train:300 - [iter:4/50][code_length:16][zs_mAP:0.59630][zs_mAP_all:0.24406]
2023-11-07 20:20:03.611 | INFO     | ortho:train:225 - [epoch:1/1][loss:2.174385]
2023-11-07 20:20:03.612 | INFO     | ortho:train:228 - [iter:5/50][iter_time:163.59]
2023-11-07 20:29:57.154 | INFO     | ortho:train:299 - [iter:5/50][code_length:16][mAP:0.80742][mAP_all:0.80557][best_mAP:0.80742]
2023-11-07 20:29:57.155 | INFO     | ortho:train:300 - [iter:5/50][code_length:16][zs_mAP:0.60008][zs_mAP_all:0.28080]
2023-11-07 20:32:41.193 | INFO     | ortho:train:225 - [epoch:1/1][loss:2.112361]
2023-11-07 20:32:41.194 | INFO     | ortho:train:228 - [iter:6/50][iter_time:164.04]
2023-11-07 20:42:38.646 | INFO     | ortho:train:299 - [iter:6/50][code_length:16][mAP:0.82002][mAP_all:0.81828][best_mAP:0.82002]
2023-11-07 20:42:38.647 | INFO     | ortho:train:300 - [iter:6/50][code_length:16][zs_mAP:0.60656][zs_mAP_all:0.33199]
2023-11-07 20:45:24.950 | INFO     | ortho:train:225 - [epoch:1/1][loss:2.026191]
2023-11-07 20:45:24.952 | INFO     | ortho:train:228 - [iter:7/50][iter_time:166.30]
2023-11-07 20:55:23.642 | INFO     | ortho:train:299 - [iter:7/50][code_length:16][mAP:0.82536][mAP_all:0.82380][best_mAP:0.82536]
2023-11-07 20:55:23.643 | INFO     | ortho:train:300 - [iter:7/50][code_length:16][zs_mAP:0.57768][zs_mAP_all:0.26146]
2023-11-07 20:58:10.114 | INFO     | ortho:train:225 - [epoch:1/1][loss:1.989606]
2023-11-07 20:58:10.115 | INFO     | ortho:train:228 - [iter:8/50][iter_time:166.47]
2023-11-07 21:07:53.901 | INFO     | ortho:train:299 - [iter:8/50][code_length:16][mAP:0.82640][mAP_all:0.82494][best_mAP:0.82640]
2023-11-07 21:07:53.902 | INFO     | ortho:train:300 - [iter:8/50][code_length:16][zs_mAP:0.59944][zs_mAP_all:0.28941]
2023-11-07 21:10:33.427 | INFO     | ortho:train:225 - [epoch:1/1][loss:1.948470]
2023-11-07 21:10:33.428 | INFO     | ortho:train:228 - [iter:9/50][iter_time:159.53]
2023-11-07 21:20:38.159 | INFO     | ortho:train:299 - [iter:9/50][code_length:16][mAP:0.83241][mAP_all:0.83073][best_mAP:0.83241]
2023-11-07 21:20:38.160 | INFO     | ortho:train:300 - [iter:9/50][code_length:16][zs_mAP:0.62439][zs_mAP_all:0.32730]
2023-11-07 21:23:24.132 | INFO     | ortho:train:225 - [epoch:1/1][loss:1.867409]
2023-11-07 21:23:24.133 | INFO     | ortho:train:228 - [iter:10/50][iter_time:165.97]
2023-11-07 21:33:18.389 | INFO     | ortho:train:299 - [iter:10/50][code_length:16][mAP:0.83897][mAP_all:0.83735][best_mAP:0.83897]
2023-11-07 21:33:18.389 | INFO     | ortho:train:300 - [iter:10/50][code_length:16][zs_mAP:0.59694][zs_mAP_all:0.31535]
2023-11-07 21:36:09.566 | INFO     | ortho:train:225 - [epoch:1/1][loss:1.857162]
2023-11-07 21:36:09.567 | INFO     | ortho:train:228 - [iter:11/50][iter_time:171.18]
2023-11-07 21:46:01.445 | INFO     | ortho:train:299 - [iter:11/50][code_length:16][mAP:0.83977][mAP_all:0.83834][best_mAP:0.83977]
2023-11-07 21:46:01.445 | INFO     | ortho:train:300 - [iter:11/50][code_length:16][zs_mAP:0.52239][zs_mAP_all:0.27653]
2023-11-07 21:48:55.714 | INFO     | ortho:train:225 - [epoch:1/1][loss:1.809231]
2023-11-07 21:48:55.715 | INFO     | ortho:train:228 - [iter:12/50][iter_time:174.27]
2023-11-07 21:58:52.732 | INFO     | ortho:train:299 - [iter:12/50][code_length:16][mAP:0.84179][mAP_all:0.84040][best_mAP:0.84179]
2023-11-07 21:58:52.733 | INFO     | ortho:train:300 - [iter:12/50][code_length:16][zs_mAP:0.54866][zs_mAP_all:0.27118]
2023-11-07 22:01:45.116 | INFO     | ortho:train:225 - [epoch:1/1][loss:1.787556]
2023-11-07 22:01:45.117 | INFO     | ortho:train:228 - [iter:13/50][iter_time:172.38]
2023-11-07 22:11:43.881 | INFO     | ortho:train:299 - [iter:13/50][code_length:16][mAP:0.84089][mAP_all:0.83926][best_mAP:0.84179]
2023-11-07 22:11:43.882 | INFO     | ortho:train:300 - [iter:13/50][code_length:16][zs_mAP:0.57682][zs_mAP_all:0.28413]
2023-11-07 22:14:31.801 | INFO     | ortho:train:225 - [epoch:1/1][loss:1.747157]
2023-11-07 22:14:31.802 | INFO     | ortho:train:228 - [iter:14/50][iter_time:167.92]
2023-11-07 22:24:27.477 | INFO     | ortho:train:299 - [iter:14/50][code_length:16][mAP:0.83790][mAP_all:0.83639][best_mAP:0.84179]
2023-11-07 22:24:27.478 | INFO     | ortho:train:300 - [iter:14/50][code_length:16][zs_mAP:0.55443][zs_mAP_all:0.28295]
2023-11-07 22:27:16.882 | INFO     | ortho:train:225 - [epoch:1/1][loss:1.742900]
2023-11-07 22:27:16.884 | INFO     | ortho:train:228 - [iter:15/50][iter_time:169.41]
2023-11-07 22:37:00.513 | INFO     | ortho:train:299 - [iter:15/50][code_length:16][mAP:0.84855][mAP_all:0.84707][best_mAP:0.84855]
2023-11-07 22:37:00.514 | INFO     | ortho:train:300 - [iter:15/50][code_length:16][zs_mAP:0.54133][zs_mAP_all:0.27822]
2023-11-07 22:39:51.949 | INFO     | ortho:train:225 - [epoch:1/1][loss:1.712322]
2023-11-07 22:39:51.950 | INFO     | ortho:train:228 - [iter:16/50][iter_time:171.44]
2023-11-07 22:49:46.000 | INFO     | ortho:train:299 - [iter:16/50][code_length:16][mAP:0.84478][mAP_all:0.84337][best_mAP:0.84855]
2023-11-07 22:49:46.001 | INFO     | ortho:train:300 - [iter:16/50][code_length:16][zs_mAP:0.52152][zs_mAP_all:0.28263]
2023-11-07 22:52:36.138 | INFO     | ortho:train:225 - [epoch:1/1][loss:1.681027]
2023-11-07 22:52:36.139 | INFO     | ortho:train:228 - [iter:17/50][iter_time:170.14]
2023-11-07 23:02:19.210 | INFO     | ortho:train:299 - [iter:17/50][code_length:16][mAP:0.84904][mAP_all:0.84762][best_mAP:0.84904]
2023-11-07 23:02:19.211 | INFO     | ortho:train:300 - [iter:17/50][code_length:16][zs_mAP:0.56087][zs_mAP_all:0.32199]
2023-11-07 23:05:11.207 | INFO     | ortho:train:225 - [epoch:1/1][loss:1.665376]
2023-11-07 23:05:11.208 | INFO     | ortho:train:228 - [iter:18/50][iter_time:172.00]
2023-11-07 23:15:09.230 | INFO     | ortho:train:299 - [iter:18/50][code_length:16][mAP:0.84698][mAP_all:0.84554][best_mAP:0.84904]
2023-11-07 23:15:09.231 | INFO     | ortho:train:300 - [iter:18/50][code_length:16][zs_mAP:0.53013][zs_mAP_all:0.29446]
2023-11-07 23:17:58.602 | INFO     | ortho:train:225 - [epoch:1/1][loss:1.615535]
2023-11-07 23:17:58.603 | INFO     | ortho:train:228 - [iter:19/50][iter_time:169.37]
2023-11-07 23:27:54.231 | INFO     | ortho:train:299 - [iter:19/50][code_length:16][mAP:0.84958][mAP_all:0.84817][best_mAP:0.84958]
2023-11-07 23:27:54.232 | INFO     | ortho:train:300 - [iter:19/50][code_length:16][zs_mAP:0.54964][zs_mAP_all:0.30386]
2023-11-07 23:30:44.233 | INFO     | ortho:train:225 - [epoch:1/1][loss:1.633423]
2023-11-07 23:30:44.234 | INFO     | ortho:train:228 - [iter:20/50][iter_time:170.00]
2023-11-07 23:40:22.976 | INFO     | ortho:train:299 - [iter:20/50][code_length:16][mAP:0.85217][mAP_all:0.85066][best_mAP:0.85217]
2023-11-07 23:40:22.977 | INFO     | ortho:train:300 - [iter:20/50][code_length:16][zs_mAP:0.48067][zs_mAP_all:0.27141]
2023-11-07 23:43:11.012 | INFO     | ortho:train:225 - [epoch:1/1][loss:1.610928]
2023-11-07 23:43:11.013 | INFO     | ortho:train:228 - [iter:21/50][iter_time:168.04]
2023-11-07 23:52:43.884 | INFO     | ortho:train:299 - [iter:21/50][code_length:16][mAP:0.84889][mAP_all:0.84724][best_mAP:0.85217]
2023-11-07 23:52:43.885 | INFO     | ortho:train:300 - [iter:21/50][code_length:16][zs_mAP:0.48996][zs_mAP_all:0.29338]
2023-11-07 23:55:33.621 | INFO     | ortho:train:225 - [epoch:1/1][loss:1.568799]
2023-11-07 23:55:33.621 | INFO     | ortho:train:228 - [iter:22/50][iter_time:169.74]
2023-11-08 00:05:09.798 | INFO     | ortho:train:299 - [iter:22/50][code_length:16][mAP:0.84922][mAP_all:0.84769][best_mAP:0.85217]
2023-11-08 00:05:09.799 | INFO     | ortho:train:300 - [iter:22/50][code_length:16][zs_mAP:0.50194][zs_mAP_all:0.26518]
2023-11-08 00:07:59.336 | INFO     | ortho:train:225 - [epoch:1/1][loss:1.579233]
2023-11-08 00:07:59.337 | INFO     | ortho:train:228 - [iter:23/50][iter_time:169.54]
2023-11-08 00:17:36.868 | INFO     | ortho:train:299 - [iter:23/50][code_length:16][mAP:0.85288][mAP_all:0.85168][best_mAP:0.85288]
2023-11-08 00:17:36.869 | INFO     | ortho:train:300 - [iter:23/50][code_length:16][zs_mAP:0.52339][zs_mAP_all:0.30923]
2023-11-08 00:20:25.864 | INFO     | ortho:train:225 - [epoch:1/1][loss:1.552264]
2023-11-08 00:20:25.865 | INFO     | ortho:train:228 - [iter:24/50][iter_time:169.00]
2023-11-08 00:30:01.106 | INFO     | ortho:train:299 - [iter:24/50][code_length:16][mAP:0.85361][mAP_all:0.85238][best_mAP:0.85361]
2023-11-08 00:30:01.106 | INFO     | ortho:train:300 - [iter:24/50][code_length:16][zs_mAP:0.50133][zs_mAP_all:0.27936]
2023-11-08 00:32:55.442 | INFO     | ortho:train:225 - [epoch:1/1][loss:1.536705]
2023-11-08 00:32:55.443 | INFO     | ortho:train:228 - [iter:25/50][iter_time:174.34]
2023-11-08 00:42:31.502 | INFO     | ortho:train:299 - [iter:25/50][code_length:16][mAP:0.85082][mAP_all:0.84948][best_mAP:0.85361]
2023-11-08 00:42:31.503 | INFO     | ortho:train:300 - [iter:25/50][code_length:16][zs_mAP:0.51471][zs_mAP_all:0.30247]
2023-11-08 00:45:22.968 | INFO     | ortho:train:225 - [epoch:1/1][loss:1.538493]
2023-11-08 00:45:22.969 | INFO     | ortho:train:228 - [iter:26/50][iter_time:171.47]
2023-11-08 00:55:09.168 | INFO     | ortho:train:299 - [iter:26/50][code_length:16][mAP:0.85200][mAP_all:0.85036][best_mAP:0.85361]
2023-11-08 00:55:09.168 | INFO     | ortho:train:300 - [iter:26/50][code_length:16][zs_mAP:0.46349][zs_mAP_all:0.25381]
2023-11-08 00:58:02.394 | INFO     | ortho:train:225 - [epoch:1/1][loss:1.520667]
2023-11-08 00:58:02.396 | INFO     | ortho:train:228 - [iter:27/50][iter_time:173.23]
2023-11-08 01:07:50.526 | INFO     | ortho:train:299 - [iter:27/50][code_length:16][mAP:0.84910][mAP_all:0.84757][best_mAP:0.85361]
2023-11-08 01:07:50.527 | INFO     | ortho:train:300 - [iter:27/50][code_length:16][zs_mAP:0.51179][zs_mAP_all:0.27536]
2023-11-08 01:10:47.200 | INFO     | ortho:train:225 - [epoch:1/1][loss:1.510050]
2023-11-08 01:10:47.200 | INFO     | ortho:train:228 - [iter:28/50][iter_time:176.67]
2023-11-08 01:20:33.776 | INFO     | ortho:train:299 - [iter:28/50][code_length:16][mAP:0.85367][mAP_all:0.85224][best_mAP:0.85367]
2023-11-08 01:20:33.777 | INFO     | ortho:train:300 - [iter:28/50][code_length:16][zs_mAP:0.48849][zs_mAP_all:0.25004]
2023-11-08 01:23:34.866 | INFO     | ortho:train:225 - [epoch:1/1][loss:1.495698]
2023-11-08 01:23:34.867 | INFO     | ortho:train:228 - [iter:29/50][iter_time:181.09]
2023-11-08 01:33:20.834 | INFO     | ortho:train:299 - [iter:29/50][code_length:16][mAP:0.85087][mAP_all:0.84951][best_mAP:0.85367]
2023-11-08 01:33:20.835 | INFO     | ortho:train:300 - [iter:29/50][code_length:16][zs_mAP:0.47691][zs_mAP_all:0.28199]
2023-11-08 01:36:16.619 | INFO     | ortho:train:225 - [epoch:1/1][loss:1.453505]
2023-11-08 01:36:16.620 | INFO     | ortho:train:228 - [iter:30/50][iter_time:175.79]
2023-11-08 01:46:13.219 | INFO     | ortho:train:299 - [iter:30/50][code_length:16][mAP:0.85713][mAP_all:0.85566][best_mAP:0.85713]
2023-11-08 01:46:13.220 | INFO     | ortho:train:300 - [iter:30/50][code_length:16][zs_mAP:0.47183][zs_mAP_all:0.24392]
2023-11-08 01:49:07.969 | INFO     | ortho:train:225 - [epoch:1/1][loss:1.470314]
2023-11-08 01:49:07.970 | INFO     | ortho:train:228 - [iter:31/50][iter_time:174.75]
2023-11-08 01:58:56.702 | INFO     | ortho:train:299 - [iter:31/50][code_length:16][mAP:0.85277][mAP_all:0.85138][best_mAP:0.85713]
2023-11-08 01:58:56.702 | INFO     | ortho:train:300 - [iter:31/50][code_length:16][zs_mAP:0.48010][zs_mAP_all:0.27647]
2023-11-08 02:01:52.999 | INFO     | ortho:train:225 - [epoch:1/1][loss:1.442970]
2023-11-08 02:01:53.000 | INFO     | ortho:train:228 - [iter:32/50][iter_time:176.30]
2023-11-08 02:11:37.569 | INFO     | ortho:train:299 - [iter:32/50][code_length:16][mAP:0.85559][mAP_all:0.85428][best_mAP:0.85713]
2023-11-08 02:11:37.570 | INFO     | ortho:train:300 - [iter:32/50][code_length:16][zs_mAP:0.49447][zs_mAP_all:0.28846]
2023-11-08 02:14:30.598 | INFO     | ortho:train:225 - [epoch:1/1][loss:1.465945]
2023-11-08 02:14:30.599 | INFO     | ortho:train:228 - [iter:33/50][iter_time:173.03]
2023-11-08 02:24:24.829 | INFO     | ortho:train:299 - [iter:33/50][code_length:16][mAP:0.85398][mAP_all:0.85279][best_mAP:0.85713]
2023-11-08 02:24:24.830 | INFO     | ortho:train:300 - [iter:33/50][code_length:16][zs_mAP:0.49235][zs_mAP_all:0.28445]
2023-11-08 02:27:17.452 | INFO     | ortho:train:225 - [epoch:1/1][loss:1.479536]
2023-11-08 02:27:17.453 | INFO     | ortho:train:228 - [iter:34/50][iter_time:172.62]
2023-11-08 02:37:08.925 | INFO     | ortho:train:299 - [iter:34/50][code_length:16][mAP:0.85558][mAP_all:0.85417][best_mAP:0.85713]
2023-11-08 02:37:08.926 | INFO     | ortho:train:300 - [iter:34/50][code_length:16][zs_mAP:0.45568][zs_mAP_all:0.25151]
2023-11-08 02:40:04.041 | INFO     | ortho:train:225 - [epoch:1/1][loss:1.455161]
2023-11-08 02:40:04.043 | INFO     | ortho:train:228 - [iter:35/50][iter_time:175.12]
2023-11-08 02:49:54.078 | INFO     | ortho:train:299 - [iter:35/50][code_length:16][mAP:0.85310][mAP_all:0.85178][best_mAP:0.85713]
2023-11-08 02:49:54.078 | INFO     | ortho:train:300 - [iter:35/50][code_length:16][zs_mAP:0.47715][zs_mAP_all:0.25833]
2023-11-08 02:52:46.870 | INFO     | ortho:train:225 - [epoch:1/1][loss:1.443518]
2023-11-08 02:52:46.871 | INFO     | ortho:train:228 - [iter:36/50][iter_time:172.79]
2023-11-08 03:02:34.558 | INFO     | ortho:train:299 - [iter:36/50][code_length:16][mAP:0.85076][mAP_all:0.84932][best_mAP:0.85713]
2023-11-08 03:02:34.558 | INFO     | ortho:train:300 - [iter:36/50][code_length:16][zs_mAP:0.48135][zs_mAP_all:0.26359]
2023-11-08 03:05:27.357 | INFO     | ortho:train:225 - [epoch:1/1][loss:1.429848]
2023-11-08 03:05:27.358 | INFO     | ortho:train:228 - [iter:37/50][iter_time:172.80]
2023-11-08 03:15:01.240 | INFO     | ortho:train:299 - [iter:37/50][code_length:16][mAP:0.85428][mAP_all:0.85306][best_mAP:0.85713]
2023-11-08 03:15:01.241 | INFO     | ortho:train:300 - [iter:37/50][code_length:16][zs_mAP:0.47415][zs_mAP_all:0.25339]
2023-11-08 03:17:53.437 | INFO     | ortho:train:225 - [epoch:1/1][loss:1.423135]
2023-11-08 03:17:53.438 | INFO     | ortho:train:228 - [iter:38/50][iter_time:172.20]
2023-11-08 03:27:27.464 | INFO     | ortho:train:299 - [iter:38/50][code_length:16][mAP:0.84731][mAP_all:0.84610][best_mAP:0.85713]
2023-11-08 03:27:27.464 | INFO     | ortho:train:300 - [iter:38/50][code_length:16][zs_mAP:0.48470][zs_mAP_all:0.26254]
2023-11-08 03:30:22.702 | INFO     | ortho:train:225 - [epoch:1/1][loss:1.401594]
2023-11-08 03:30:22.703 | INFO     | ortho:train:228 - [iter:39/50][iter_time:175.24]
2023-11-08 03:39:55.553 | INFO     | ortho:train:299 - [iter:39/50][code_length:16][mAP:0.85393][mAP_all:0.85247][best_mAP:0.85713]
2023-11-08 03:39:55.553 | INFO     | ortho:train:300 - [iter:39/50][code_length:16][zs_mAP:0.48018][zs_mAP_all:0.27682]
2023-11-08 03:42:51.730 | INFO     | ortho:train:225 - [epoch:1/1][loss:1.394219]
2023-11-08 03:42:51.731 | INFO     | ortho:train:228 - [iter:40/50][iter_time:176.18]
2023-11-08 03:52:28.231 | INFO     | ortho:train:299 - [iter:40/50][code_length:16][mAP:0.85807][mAP_all:0.85671][best_mAP:0.85807]
2023-11-08 03:52:28.233 | INFO     | ortho:train:300 - [iter:40/50][code_length:16][zs_mAP:0.45892][zs_mAP_all:0.25843]
2023-11-08 03:55:20.155 | INFO     | ortho:train:225 - [epoch:1/1][loss:1.393120]
2023-11-08 03:55:20.156 | INFO     | ortho:train:228 - [iter:41/50][iter_time:171.92]
2023-11-08 04:04:57.249 | INFO     | ortho:train:299 - [iter:41/50][code_length:16][mAP:0.85356][mAP_all:0.85222][best_mAP:0.85807]
2023-11-08 04:04:57.250 | INFO     | ortho:train:300 - [iter:41/50][code_length:16][zs_mAP:0.45224][zs_mAP_all:0.27239]
2023-11-08 04:07:49.532 | INFO     | ortho:train:225 - [epoch:1/1][loss:1.365388]
2023-11-08 04:07:49.533 | INFO     | ortho:train:228 - [iter:42/50][iter_time:172.28]
2023-11-08 04:17:46.139 | INFO     | ortho:train:299 - [iter:42/50][code_length:16][mAP:0.85391][mAP_all:0.85266][best_mAP:0.85807]
2023-11-08 04:17:46.140 | INFO     | ortho:train:300 - [iter:42/50][code_length:16][zs_mAP:0.50402][zs_mAP_all:0.28901]
2023-11-08 04:20:38.352 | INFO     | ortho:train:225 - [epoch:1/1][loss:1.381307]
2023-11-08 04:20:38.353 | INFO     | ortho:train:228 - [iter:43/50][iter_time:172.21]
2023-11-08 04:30:30.769 | INFO     | ortho:train:299 - [iter:43/50][code_length:16][mAP:0.85856][mAP_all:0.85737][best_mAP:0.85856]
2023-11-08 04:30:30.770 | INFO     | ortho:train:300 - [iter:43/50][code_length:16][zs_mAP:0.47536][zs_mAP_all:0.28660]
2023-11-08 04:33:19.064 | INFO     | ortho:train:225 - [epoch:1/1][loss:1.355374]
2023-11-08 04:33:19.065 | INFO     | ortho:train:228 - [iter:44/50][iter_time:168.29]
2023-11-08 04:43:13.527 | INFO     | ortho:train:299 - [iter:44/50][code_length:16][mAP:0.85518][mAP_all:0.85369][best_mAP:0.85856]
2023-11-08 04:43:13.528 | INFO     | ortho:train:300 - [iter:44/50][code_length:16][zs_mAP:0.47927][zs_mAP_all:0.27575]
2023-11-08 04:45:57.929 | INFO     | ortho:train:225 - [epoch:1/1][loss:1.351897]
2023-11-08 04:45:57.930 | INFO     | ortho:train:228 - [iter:45/50][iter_time:164.40]
2023-11-08 04:55:55.627 | INFO     | ortho:train:299 - [iter:45/50][code_length:16][mAP:0.85438][mAP_all:0.85283][best_mAP:0.85856]
2023-11-08 04:55:55.627 | INFO     | ortho:train:300 - [iter:45/50][code_length:16][zs_mAP:0.47133][zs_mAP_all:0.25970]
2023-11-08 04:58:38.266 | INFO     | ortho:train:225 - [epoch:1/1][loss:1.337028]
2023-11-08 04:58:38.268 | INFO     | ortho:train:228 - [iter:46/50][iter_time:162.64]
2023-11-08 05:08:35.004 | INFO     | ortho:train:299 - [iter:46/50][code_length:16][mAP:0.85690][mAP_all:0.85565][best_mAP:0.85856]
2023-11-08 05:08:35.004 | INFO     | ortho:train:300 - [iter:46/50][code_length:16][zs_mAP:0.48983][zs_mAP_all:0.26183]
2023-11-08 05:11:13.006 | INFO     | ortho:train:225 - [epoch:1/1][loss:1.320984]
2023-11-08 05:11:13.008 | INFO     | ortho:train:228 - [iter:47/50][iter_time:158.00]
2023-11-08 05:21:07.169 | INFO     | ortho:train:299 - [iter:47/50][code_length:16][mAP:0.85752][mAP_all:0.85605][best_mAP:0.85856]
2023-11-08 05:21:07.169 | INFO     | ortho:train:300 - [iter:47/50][code_length:16][zs_mAP:0.49323][zs_mAP_all:0.27431]
2023-11-08 05:23:45.100 | INFO     | ortho:train:225 - [epoch:1/1][loss:1.319217]
2023-11-08 05:23:45.100 | INFO     | ortho:train:228 - [iter:48/50][iter_time:157.93]
2023-11-08 05:33:33.034 | INFO     | ortho:train:299 - [iter:48/50][code_length:16][mAP:0.85589][mAP_all:0.85437][best_mAP:0.85856]
2023-11-08 05:33:33.035 | INFO     | ortho:train:300 - [iter:48/50][code_length:16][zs_mAP:0.50612][zs_mAP_all:0.28839]
2023-11-08 05:36:10.141 | INFO     | ortho:train:225 - [epoch:1/1][loss:1.311121]
2023-11-08 05:36:10.142 | INFO     | ortho:train:228 - [iter:49/50][iter_time:157.11]
2023-11-08 05:45:55.927 | INFO     | ortho:train:299 - [iter:49/50][code_length:16][mAP:0.85554][mAP_all:0.85424][best_mAP:0.85856]
2023-11-08 05:45:55.928 | INFO     | ortho:train:300 - [iter:49/50][code_length:16][zs_mAP:0.47181][zs_mAP_all:0.25762]
2023-11-08 05:48:37.479 | INFO     | ortho:train:225 - [epoch:1/1][loss:1.306474]
2023-11-08 05:48:37.480 | INFO     | ortho:train:228 - [iter:50/50][iter_time:161.55]
2023-11-08 05:58:23.946 | INFO     | ortho:train:299 - [iter:50/50][code_length:16][mAP:0.85679][mAP_all:0.85550][best_mAP:0.85856]
2023-11-08 05:58:23.947 | INFO     | ortho:train:300 - [iter:50/50][code_length:16][zs_mAP:0.50404][zs_mAP_all:0.29281]
2023-11-08 05:58:23.947 | INFO     | ortho:train:302 - [Training time:37887.65]
2023-11-08 05:58:23.956 | INFO     | __main__:run:126 - [code_length:16][map:0.8586][map_all:0.8574][zs_map:0.4754][zs_map_all:0.2866]
2023-11-08 06:01:06.182 | INFO     | ortho:train:225 - [epoch:1/1][loss:3.349945]
2023-11-08 06:01:06.183 | INFO     | ortho:train:228 - [iter:1/50][iter_time:161.51]
2023-11-08 06:10:54.337 | INFO     | ortho:train:299 - [iter:1/50][code_length:32][mAP:0.78010][mAP_all:0.77850][best_mAP:0.78010]
2023-11-08 06:10:54.338 | INFO     | ortho:train:300 - [iter:1/50][code_length:32][zs_mAP:0.79544][zs_mAP_all:0.46894]
2023-11-08 06:13:38.457 | INFO     | ortho:train:225 - [epoch:1/1][loss:2.289813]
2023-11-08 06:13:38.458 | INFO     | ortho:train:228 - [iter:2/50][iter_time:164.12]
2023-11-08 06:23:22.651 | INFO     | ortho:train:299 - [iter:2/50][code_length:32][mAP:0.82154][mAP_all:0.82003][best_mAP:0.82154]
2023-11-08 06:23:22.652 | INFO     | ortho:train:300 - [iter:2/50][code_length:32][zs_mAP:0.74773][zs_mAP_all:0.43942]
2023-11-08 06:26:06.371 | INFO     | ortho:train:225 - [epoch:1/1][loss:2.050837]
2023-11-08 06:26:06.372 | INFO     | ortho:train:228 - [iter:3/50][iter_time:163.72]
2023-11-08 06:35:55.173 | INFO     | ortho:train:299 - [iter:3/50][code_length:32][mAP:0.84207][mAP_all:0.84077][best_mAP:0.84207]
2023-11-08 06:35:55.173 | INFO     | ortho:train:300 - [iter:3/50][code_length:32][zs_mAP:0.71553][zs_mAP_all:0.39735]
2023-11-08 06:38:35.589 | INFO     | ortho:train:225 - [epoch:1/1][loss:1.908937]
2023-11-08 06:38:35.590 | INFO     | ortho:train:228 - [iter:4/50][iter_time:160.42]
2023-11-08 06:48:27.150 | INFO     | ortho:train:299 - [iter:4/50][code_length:32][mAP:0.85535][mAP_all:0.85415][best_mAP:0.85535]
2023-11-08 06:48:27.151 | INFO     | ortho:train:300 - [iter:4/50][code_length:32][zs_mAP:0.73170][zs_mAP_all:0.46765]
2023-11-08 06:51:00.951 | INFO     | ortho:train:225 - [epoch:1/1][loss:1.810703]
2023-11-08 06:51:00.952 | INFO     | ortho:train:228 - [iter:5/50][iter_time:153.80]
2023-11-08 07:00:59.854 | INFO     | ortho:train:299 - [iter:5/50][code_length:32][mAP:0.85890][mAP_all:0.85783][best_mAP:0.85890]
2023-11-08 07:00:59.856 | INFO     | ortho:train:300 - [iter:5/50][code_length:32][zs_mAP:0.72547][zs_mAP_all:0.43307]
2023-11-08 07:03:32.702 | INFO     | ortho:train:225 - [epoch:1/1][loss:1.739332]
2023-11-08 07:03:32.703 | INFO     | ortho:train:228 - [iter:6/50][iter_time:152.85]
2023-11-08 07:13:28.325 | INFO     | ortho:train:299 - [iter:6/50][code_length:32][mAP:0.86545][mAP_all:0.86441][best_mAP:0.86545]
2023-11-08 07:13:28.327 | INFO     | ortho:train:300 - [iter:6/50][code_length:32][zs_mAP:0.70981][zs_mAP_all:0.41934]
2023-11-08 07:16:00.472 | INFO     | ortho:train:225 - [epoch:1/1][loss:1.675579]
2023-11-08 07:16:00.473 | INFO     | ortho:train:228 - [iter:7/50][iter_time:152.15]
2023-11-08 07:25:58.551 | INFO     | ortho:train:299 - [iter:7/50][code_length:32][mAP:0.86977][mAP_all:0.86866][best_mAP:0.86977]
2023-11-08 07:25:58.553 | INFO     | ortho:train:300 - [iter:7/50][code_length:32][zs_mAP:0.72047][zs_mAP_all:0.47581]
2023-11-08 07:28:29.864 | INFO     | ortho:train:225 - [epoch:1/1][loss:1.636434]
2023-11-08 07:28:29.865 | INFO     | ortho:train:228 - [iter:8/50][iter_time:151.31]
2023-11-08 07:38:22.306 | INFO     | ortho:train:299 - [iter:8/50][code_length:32][mAP:0.86940][mAP_all:0.86827][best_mAP:0.86977]
2023-11-08 07:38:22.307 | INFO     | ortho:train:300 - [iter:8/50][code_length:32][zs_mAP:0.69018][zs_mAP_all:0.46554]
2023-11-08 07:40:52.009 | INFO     | ortho:train:225 - [epoch:1/1][loss:1.565392]
2023-11-08 07:40:52.010 | INFO     | ortho:train:228 - [iter:9/50][iter_time:149.70]
2023-11-08 07:50:38.247 | INFO     | ortho:train:299 - [iter:9/50][code_length:32][mAP:0.87033][mAP_all:0.86927][best_mAP:0.87033]
2023-11-08 07:50:38.248 | INFO     | ortho:train:300 - [iter:9/50][code_length:32][zs_mAP:0.69554][zs_mAP_all:0.44593]
2023-11-08 07:53:06.562 | INFO     | ortho:train:225 - [epoch:1/1][loss:1.544424]
2023-11-08 07:53:06.564 | INFO     | ortho:train:228 - [iter:10/50][iter_time:148.32]
2023-11-08 08:02:56.369 | INFO     | ortho:train:299 - [iter:10/50][code_length:32][mAP:0.87157][mAP_all:0.87058][best_mAP:0.87157]
2023-11-08 08:02:56.370 | INFO     | ortho:train:300 - [iter:10/50][code_length:32][zs_mAP:0.68382][zs_mAP_all:0.44487]
2023-11-08 08:05:25.942 | INFO     | ortho:train:225 - [epoch:1/1][loss:1.505667]
2023-11-08 08:05:25.943 | INFO     | ortho:train:228 - [iter:11/50][iter_time:149.57]
2023-11-08 08:15:16.292 | INFO     | ortho:train:299 - [iter:11/50][code_length:32][mAP:0.87218][mAP_all:0.87114][best_mAP:0.87218]
2023-11-08 08:15:16.293 | INFO     | ortho:train:300 - [iter:11/50][code_length:32][zs_mAP:0.67143][zs_mAP_all:0.44440]
2023-11-08 08:17:46.467 | INFO     | ortho:train:225 - [epoch:1/1][loss:1.451516]
2023-11-08 08:17:46.468 | INFO     | ortho:train:228 - [iter:12/50][iter_time:150.17]
2023-11-08 08:27:37.744 | INFO     | ortho:train:299 - [iter:12/50][code_length:32][mAP:0.87574][mAP_all:0.87496][best_mAP:0.87574]
2023-11-08 08:27:37.745 | INFO     | ortho:train:300 - [iter:12/50][code_length:32][zs_mAP:0.68557][zs_mAP_all:0.45874]
2023-11-08 08:30:05.589 | INFO     | ortho:train:225 - [epoch:1/1][loss:1.447810]
2023-11-08 08:30:05.590 | INFO     | ortho:train:228 - [iter:13/50][iter_time:147.84]
2023-11-08 08:39:56.684 | INFO     | ortho:train:299 - [iter:13/50][code_length:32][mAP:0.87785][mAP_all:0.87668][best_mAP:0.87785]
2023-11-08 08:39:56.685 | INFO     | ortho:train:300 - [iter:13/50][code_length:32][zs_mAP:0.67278][zs_mAP_all:0.47275]
2023-11-08 08:42:26.799 | INFO     | ortho:train:225 - [epoch:1/1][loss:1.410753]
2023-11-08 08:42:26.800 | INFO     | ortho:train:228 - [iter:14/50][iter_time:150.11]
2023-11-08 08:52:20.580 | INFO     | ortho:train:299 - [iter:14/50][code_length:32][mAP:0.87580][mAP_all:0.87457][best_mAP:0.87785]
2023-11-08 08:52:20.581 | INFO     | ortho:train:300 - [iter:14/50][code_length:32][zs_mAP:0.67267][zs_mAP_all:0.47026]
2023-11-08 08:54:50.866 | INFO     | ortho:train:225 - [epoch:1/1][loss:1.391864]
2023-11-08 08:54:50.867 | INFO     | ortho:train:228 - [iter:15/50][iter_time:150.29]
2023-11-08 09:04:42.772 | INFO     | ortho:train:299 - [iter:15/50][code_length:32][mAP:0.87806][mAP_all:0.87719][best_mAP:0.87806]
2023-11-08 09:04:42.773 | INFO     | ortho:train:300 - [iter:15/50][code_length:32][zs_mAP:0.67015][zs_mAP_all:0.45391]
2023-11-08 09:07:12.310 | INFO     | ortho:train:225 - [epoch:1/1][loss:1.361163]
2023-11-08 09:07:12.311 | INFO     | ortho:train:228 - [iter:16/50][iter_time:149.54]
2023-11-08 09:17:03.262 | INFO     | ortho:train:299 - [iter:16/50][code_length:32][mAP:0.87885][mAP_all:0.87770][best_mAP:0.87885]
2023-11-08 09:17:03.263 | INFO     | ortho:train:300 - [iter:16/50][code_length:32][zs_mAP:0.67734][zs_mAP_all:0.45295]
2023-11-08 09:19:33.071 | INFO     | ortho:train:225 - [epoch:1/1][loss:1.335031]
2023-11-08 09:19:33.072 | INFO     | ortho:train:228 - [iter:17/50][iter_time:149.81]
2023-11-08 09:29:25.777 | INFO     | ortho:train:299 - [iter:17/50][code_length:32][mAP:0.87778][mAP_all:0.87685][best_mAP:0.87885]
2023-11-08 09:29:25.778 | INFO     | ortho:train:300 - [iter:17/50][code_length:32][zs_mAP:0.68265][zs_mAP_all:0.46897]
2023-11-08 09:31:55.647 | INFO     | ortho:train:225 - [epoch:1/1][loss:1.291601]
2023-11-08 09:31:55.648 | INFO     | ortho:train:228 - [iter:18/50][iter_time:149.87]
2023-11-08 09:41:54.779 | INFO     | ortho:train:299 - [iter:18/50][code_length:32][mAP:0.88158][mAP_all:0.88047][best_mAP:0.88158]
2023-11-08 09:41:54.781 | INFO     | ortho:train:300 - [iter:18/50][code_length:32][zs_mAP:0.65369][zs_mAP_all:0.45979]
2023-11-08 09:44:23.724 | INFO     | ortho:train:225 - [epoch:1/1][loss:1.288285]
2023-11-08 09:44:23.725 | INFO     | ortho:train:228 - [iter:19/50][iter_time:148.94]
2023-11-08 09:54:29.160 | INFO     | ortho:train:299 - [iter:19/50][code_length:32][mAP:0.88024][mAP_all:0.87915][best_mAP:0.88158]
2023-11-08 09:54:29.161 | INFO     | ortho:train:300 - [iter:19/50][code_length:32][zs_mAP:0.66156][zs_mAP_all:0.46878]
2023-11-08 09:57:00.985 | INFO     | ortho:train:225 - [epoch:1/1][loss:1.283463]
2023-11-08 09:57:00.986 | INFO     | ortho:train:228 - [iter:20/50][iter_time:151.82]
2023-11-08 10:07:06.719 | INFO     | ortho:train:299 - [iter:20/50][code_length:32][mAP:0.88048][mAP_all:0.87932][best_mAP:0.88158]
2023-11-08 10:07:06.720 | INFO     | ortho:train:300 - [iter:20/50][code_length:32][zs_mAP:0.63701][zs_mAP_all:0.45806]
2023-11-08 10:09:39.340 | INFO     | ortho:train:225 - [epoch:1/1][loss:1.267830]
2023-11-08 10:09:39.341 | INFO     | ortho:train:228 - [iter:21/50][iter_time:152.62]
2023-11-08 10:19:43.399 | INFO     | ortho:train:299 - [iter:21/50][code_length:32][mAP:0.88169][mAP_all:0.88024][best_mAP:0.88169]
2023-11-08 10:19:43.400 | INFO     | ortho:train:300 - [iter:21/50][code_length:32][zs_mAP:0.65208][zs_mAP_all:0.47091]
2023-11-08 10:22:15.054 | INFO     | ortho:train:225 - [epoch:1/1][loss:1.234334]
2023-11-08 10:22:15.055 | INFO     | ortho:train:228 - [iter:22/50][iter_time:151.66]
2023-11-08 10:32:17.466 | INFO     | ortho:train:299 - [iter:22/50][code_length:32][mAP:0.87728][mAP_all:0.87636][best_mAP:0.88169]
2023-11-08 10:32:17.467 | INFO     | ortho:train:300 - [iter:22/50][code_length:32][zs_mAP:0.62830][zs_mAP_all:0.45322]
2023-11-08 10:34:46.380 | INFO     | ortho:train:225 - [epoch:1/1][loss:1.243979]
2023-11-08 10:34:46.380 | INFO     | ortho:train:228 - [iter:23/50][iter_time:148.91]
2023-11-08 10:44:49.448 | INFO     | ortho:train:299 - [iter:23/50][code_length:32][mAP:0.88081][mAP_all:0.87976][best_mAP:0.88169]
2023-11-08 10:44:49.449 | INFO     | ortho:train:300 - [iter:23/50][code_length:32][zs_mAP:0.63258][zs_mAP_all:0.45790]
2023-11-08 10:47:19.383 | INFO     | ortho:train:225 - [epoch:1/1][loss:1.207489]
2023-11-08 10:47:19.383 | INFO     | ortho:train:228 - [iter:24/50][iter_time:149.93]
2023-11-08 10:57:26.402 | INFO     | ortho:train:299 - [iter:24/50][code_length:32][mAP:0.88281][mAP_all:0.88175][best_mAP:0.88281]
2023-11-08 10:57:26.403 | INFO     | ortho:train:300 - [iter:24/50][code_length:32][zs_mAP:0.64412][zs_mAP_all:0.45261]
2023-11-08 10:59:53.468 | INFO     | ortho:train:225 - [epoch:1/1][loss:1.211309]
2023-11-08 10:59:53.469 | INFO     | ortho:train:228 - [iter:25/50][iter_time:147.07]
2023-11-08 11:10:03.527 | INFO     | ortho:train:299 - [iter:25/50][code_length:32][mAP:0.88272][mAP_all:0.88161][best_mAP:0.88281]
2023-11-08 11:10:03.528 | INFO     | ortho:train:300 - [iter:25/50][code_length:32][zs_mAP:0.61967][zs_mAP_all:0.43276]
2023-11-08 11:12:31.433 | INFO     | ortho:train:225 - [epoch:1/1][loss:1.185544]
2023-11-08 11:12:31.434 | INFO     | ortho:train:228 - [iter:26/50][iter_time:147.91]
2023-11-08 11:22:35.674 | INFO     | ortho:train:299 - [iter:26/50][code_length:32][mAP:0.88054][mAP_all:0.87944][best_mAP:0.88281]
2023-11-08 11:22:35.674 | INFO     | ortho:train:300 - [iter:26/50][code_length:32][zs_mAP:0.62567][zs_mAP_all:0.44200]
2023-11-08 11:25:06.027 | INFO     | ortho:train:225 - [epoch:1/1][loss:1.191905]
2023-11-08 11:25:06.028 | INFO     | ortho:train:228 - [iter:27/50][iter_time:150.35]
2023-11-08 11:35:12.364 | INFO     | ortho:train:299 - [iter:27/50][code_length:32][mAP:0.88539][mAP_all:0.88423][best_mAP:0.88539]
2023-11-08 11:35:12.365 | INFO     | ortho:train:300 - [iter:27/50][code_length:32][zs_mAP:0.62328][zs_mAP_all:0.43491]
2023-11-08 11:37:42.366 | INFO     | ortho:train:225 - [epoch:1/1][loss:1.180675]
2023-11-08 11:37:42.367 | INFO     | ortho:train:228 - [iter:28/50][iter_time:150.00]
2023-11-08 11:47:34.936 | INFO     | ortho:train:299 - [iter:28/50][code_length:32][mAP:0.88372][mAP_all:0.88271][best_mAP:0.88539]
2023-11-08 11:47:34.937 | INFO     | ortho:train:300 - [iter:28/50][code_length:32][zs_mAP:0.61535][zs_mAP_all:0.44014]
2023-11-08 11:50:05.251 | INFO     | ortho:train:225 - [epoch:1/1][loss:1.144226]
2023-11-08 11:50:05.252 | INFO     | ortho:train:228 - [iter:29/50][iter_time:150.31]
2023-11-08 11:59:53.226 | INFO     | ortho:train:299 - [iter:29/50][code_length:32][mAP:0.88123][mAP_all:0.88023][best_mAP:0.88539]
2023-11-08 11:59:53.227 | INFO     | ortho:train:300 - [iter:29/50][code_length:32][zs_mAP:0.61628][zs_mAP_all:0.44623]
2023-11-08 12:02:22.050 | INFO     | ortho:train:225 - [epoch:1/1][loss:1.149569]
2023-11-08 12:02:22.051 | INFO     | ortho:train:228 - [iter:30/50][iter_time:148.82]
2023-11-08 12:12:10.242 | INFO     | ortho:train:299 - [iter:30/50][code_length:32][mAP:0.88116][mAP_all:0.87998][best_mAP:0.88539]
2023-11-08 12:12:10.243 | INFO     | ortho:train:300 - [iter:30/50][code_length:32][zs_mAP:0.61160][zs_mAP_all:0.43753]
2023-11-08 12:14:38.738 | INFO     | ortho:train:225 - [epoch:1/1][loss:1.129460]
2023-11-08 12:14:38.739 | INFO     | ortho:train:228 - [iter:31/50][iter_time:148.50]
2023-11-08 12:24:35.232 | INFO     | ortho:train:299 - [iter:31/50][code_length:32][mAP:0.87893][mAP_all:0.87767][best_mAP:0.88539]
2023-11-08 12:24:35.233 | INFO     | ortho:train:300 - [iter:31/50][code_length:32][zs_mAP:0.61253][zs_mAP_all:0.44452]
2023-11-08 12:27:04.252 | INFO     | ortho:train:225 - [epoch:1/1][loss:1.109133]
2023-11-08 12:27:04.253 | INFO     | ortho:train:228 - [iter:32/50][iter_time:149.02]
2023-11-08 12:36:52.549 | INFO     | ortho:train:299 - [iter:32/50][code_length:32][mAP:0.88100][mAP_all:0.87989][best_mAP:0.88539]
2023-11-08 12:36:52.550 | INFO     | ortho:train:300 - [iter:32/50][code_length:32][zs_mAP:0.61658][zs_mAP_all:0.48426]
2023-11-08 12:39:22.258 | INFO     | ortho:train:225 - [epoch:1/1][loss:1.111687]
2023-11-08 12:39:22.259 | INFO     | ortho:train:228 - [iter:33/50][iter_time:149.71]
2023-11-08 12:49:10.312 | INFO     | ortho:train:299 - [iter:33/50][code_length:32][mAP:0.88043][mAP_all:0.87955][best_mAP:0.88539]
2023-11-08 12:49:10.312 | INFO     | ortho:train:300 - [iter:33/50][code_length:32][zs_mAP:0.61932][zs_mAP_all:0.42612]
2023-11-08 12:51:39.271 | INFO     | ortho:train:225 - [epoch:1/1][loss:1.094506]
2023-11-08 12:51:39.272 | INFO     | ortho:train:228 - [iter:34/50][iter_time:148.96]
2023-11-08 13:01:25.313 | INFO     | ortho:train:299 - [iter:34/50][code_length:32][mAP:0.88353][mAP_all:0.88221][best_mAP:0.88539]
2023-11-08 13:01:25.313 | INFO     | ortho:train:300 - [iter:34/50][code_length:32][zs_mAP:0.57251][zs_mAP_all:0.42561]
2023-11-08 13:03:53.647 | INFO     | ortho:train:225 - [epoch:1/1][loss:1.085622]
2023-11-08 13:03:53.648 | INFO     | ortho:train:228 - [iter:35/50][iter_time:148.33]
2023-11-08 13:13:37.587 | INFO     | ortho:train:299 - [iter:35/50][code_length:32][mAP:0.88247][mAP_all:0.88112][best_mAP:0.88539]
2023-11-08 13:13:37.587 | INFO     | ortho:train:300 - [iter:35/50][code_length:32][zs_mAP:0.57294][zs_mAP_all:0.43093]
2023-11-08 13:16:07.102 | INFO     | ortho:train:225 - [epoch:1/1][loss:1.107482]
2023-11-08 13:16:07.103 | INFO     | ortho:train:228 - [iter:36/50][iter_time:149.52]
2023-11-08 13:26:01.471 | INFO     | ortho:train:299 - [iter:36/50][code_length:32][mAP:0.88349][mAP_all:0.88232][best_mAP:0.88539]
2023-11-08 13:26:01.472 | INFO     | ortho:train:300 - [iter:36/50][code_length:32][zs_mAP:0.59394][zs_mAP_all:0.44473]
2023-11-08 13:28:31.652 | INFO     | ortho:train:225 - [epoch:1/1][loss:1.079897]
2023-11-08 13:28:31.653 | INFO     | ortho:train:228 - [iter:37/50][iter_time:150.18]
2023-11-08 13:38:25.049 | INFO     | ortho:train:299 - [iter:37/50][code_length:32][mAP:0.87956][mAP_all:0.87835][best_mAP:0.88539]
2023-11-08 13:38:25.049 | INFO     | ortho:train:300 - [iter:37/50][code_length:32][zs_mAP:0.61792][zs_mAP_all:0.45619]
2023-11-08 13:40:54.182 | INFO     | ortho:train:225 - [epoch:1/1][loss:1.069676]
2023-11-08 13:40:54.182 | INFO     | ortho:train:228 - [iter:38/50][iter_time:149.13]
2023-11-08 13:50:38.304 | INFO     | ortho:train:299 - [iter:38/50][code_length:32][mAP:0.88369][mAP_all:0.88250][best_mAP:0.88539]
2023-11-08 13:50:38.305 | INFO     | ortho:train:300 - [iter:38/50][code_length:32][zs_mAP:0.58144][zs_mAP_all:0.42782]
2023-11-08 13:53:11.042 | INFO     | ortho:train:225 - [epoch:1/1][loss:1.080504]
2023-11-08 13:53:11.042 | INFO     | ortho:train:228 - [iter:39/50][iter_time:152.74]
2023-11-08 14:02:57.434 | INFO     | ortho:train:299 - [iter:39/50][code_length:32][mAP:0.88202][mAP_all:0.88098][best_mAP:0.88539]
2023-11-08 14:02:57.435 | INFO     | ortho:train:300 - [iter:39/50][code_length:32][zs_mAP:0.61024][zs_mAP_all:0.45740]
2023-11-08 14:05:27.520 | INFO     | ortho:train:225 - [epoch:1/1][loss:1.036061]
2023-11-08 14:05:27.521 | INFO     | ortho:train:228 - [iter:40/50][iter_time:150.09]
2023-11-08 14:15:15.197 | INFO     | ortho:train:299 - [iter:40/50][code_length:32][mAP:0.88028][mAP_all:0.87923][best_mAP:0.88539]
2023-11-08 14:15:15.198 | INFO     | ortho:train:300 - [iter:40/50][code_length:32][zs_mAP:0.63356][zs_mAP_all:0.46095]
2023-11-08 14:17:43.098 | INFO     | ortho:train:225 - [epoch:1/1][loss:1.047646]
2023-11-08 14:17:43.099 | INFO     | ortho:train:228 - [iter:41/50][iter_time:147.90]
2023-11-08 14:27:33.795 | INFO     | ortho:train:299 - [iter:41/50][code_length:32][mAP:0.87966][mAP_all:0.87869][best_mAP:0.88539]
2023-11-08 14:27:33.796 | INFO     | ortho:train:300 - [iter:41/50][code_length:32][zs_mAP:0.60937][zs_mAP_all:0.47025]
2023-11-08 14:30:02.712 | INFO     | ortho:train:225 - [epoch:1/1][loss:1.036763]
2023-11-08 14:30:02.713 | INFO     | ortho:train:228 - [iter:42/50][iter_time:148.92]
2023-11-08 14:39:50.342 | INFO     | ortho:train:299 - [iter:42/50][code_length:32][mAP:0.87769][mAP_all:0.87662][best_mAP:0.88539]
2023-11-08 14:39:50.343 | INFO     | ortho:train:300 - [iter:42/50][code_length:32][zs_mAP:0.61102][zs_mAP_all:0.43975]
2023-11-08 14:42:19.668 | INFO     | ortho:train:225 - [epoch:1/1][loss:1.037566]
2023-11-08 14:42:19.669 | INFO     | ortho:train:228 - [iter:43/50][iter_time:149.33]
2023-11-08 14:52:06.792 | INFO     | ortho:train:299 - [iter:43/50][code_length:32][mAP:0.88046][mAP_all:0.87923][best_mAP:0.88539]
2023-11-08 14:52:06.792 | INFO     | ortho:train:300 - [iter:43/50][code_length:32][zs_mAP:0.63749][zs_mAP_all:0.48296]
2023-11-08 14:54:34.229 | INFO     | ortho:train:225 - [epoch:1/1][loss:1.008503]
2023-11-08 14:54:34.229 | INFO     | ortho:train:228 - [iter:44/50][iter_time:147.44]
2023-11-08 15:04:21.666 | INFO     | ortho:train:299 - [iter:44/50][code_length:32][mAP:0.88321][mAP_all:0.88216][best_mAP:0.88539]
2023-11-08 15:04:21.666 | INFO     | ortho:train:300 - [iter:44/50][code_length:32][zs_mAP:0.61742][zs_mAP_all:0.46946]
2023-11-08 15:06:52.957 | INFO     | ortho:train:225 - [epoch:1/1][loss:1.047882]
2023-11-08 15:06:52.958 | INFO     | ortho:train:228 - [iter:45/50][iter_time:151.29]
2023-11-08 15:16:41.118 | INFO     | ortho:train:299 - [iter:45/50][code_length:32][mAP:0.88198][mAP_all:0.88104][best_mAP:0.88539]
2023-11-08 15:16:41.119 | INFO     | ortho:train:300 - [iter:45/50][code_length:32][zs_mAP:0.61281][zs_mAP_all:0.43882]
2023-11-08 15:19:14.125 | INFO     | ortho:train:225 - [epoch:1/1][loss:0.983293]
2023-11-08 15:19:14.126 | INFO     | ortho:train:228 - [iter:46/50][iter_time:153.01]
2023-11-08 15:29:04.798 | INFO     | ortho:train:299 - [iter:46/50][code_length:32][mAP:0.88185][mAP_all:0.88078][best_mAP:0.88539]
2023-11-08 15:29:04.798 | INFO     | ortho:train:300 - [iter:46/50][code_length:32][zs_mAP:0.62533][zs_mAP_all:0.46777]
2023-11-08 15:31:35.012 | INFO     | ortho:train:225 - [epoch:1/1][loss:0.973882]
2023-11-08 15:31:35.013 | INFO     | ortho:train:228 - [iter:47/50][iter_time:150.21]
2023-11-08 15:41:27.242 | INFO     | ortho:train:299 - [iter:47/50][code_length:32][mAP:0.88335][mAP_all:0.88241][best_mAP:0.88539]
2023-11-08 15:41:27.243 | INFO     | ortho:train:300 - [iter:47/50][code_length:32][zs_mAP:0.59809][zs_mAP_all:0.46227]
2023-11-08 15:43:59.320 | INFO     | ortho:train:225 - [epoch:1/1][loss:0.968762]
2023-11-08 15:43:59.321 | INFO     | ortho:train:228 - [iter:48/50][iter_time:152.08]
2023-11-08 15:53:58.753 | INFO     | ortho:train:299 - [iter:48/50][code_length:32][mAP:0.88351][mAP_all:0.88243][best_mAP:0.88539]
2023-11-08 15:53:58.753 | INFO     | ortho:train:300 - [iter:48/50][code_length:32][zs_mAP:0.59389][zs_mAP_all:0.44575]
2023-11-08 15:56:28.037 | INFO     | ortho:train:225 - [epoch:1/1][loss:0.969802]
2023-11-08 15:56:28.038 | INFO     | ortho:train:228 - [iter:49/50][iter_time:149.28]
2023-11-08 16:06:31.818 | INFO     | ortho:train:299 - [iter:49/50][code_length:32][mAP:0.88313][mAP_all:0.88219][best_mAP:0.88539]
2023-11-08 16:06:31.819 | INFO     | ortho:train:300 - [iter:49/50][code_length:32][zs_mAP:0.61811][zs_mAP_all:0.45497]
2023-11-08 16:08:59.399 | INFO     | ortho:train:225 - [epoch:1/1][loss:0.966107]
2023-11-08 16:08:59.400 | INFO     | ortho:train:228 - [iter:50/50][iter_time:147.58]
2023-11-08 16:19:04.602 | INFO     | ortho:train:299 - [iter:50/50][code_length:32][mAP:0.88290][mAP_all:0.88164][best_mAP:0.88539]
2023-11-08 16:19:04.603 | INFO     | ortho:train:300 - [iter:50/50][code_length:32][zs_mAP:0.61233][zs_mAP_all:0.44164]
2023-11-08 16:19:04.603 | INFO     | ortho:train:302 - [Training time:37239.93]
2023-11-08 16:19:04.612 | INFO     | __main__:run:126 - [code_length:32][map:0.8854][map_all:0.8842][zs_map:0.6233][zs_map_all:0.4349]
2023-11-08 16:21:32.346 | INFO     | ortho:train:225 - [epoch:1/1][loss:3.423339]
2023-11-08 16:21:32.347 | INFO     | ortho:train:228 - [iter:1/50][iter_time:147.04]
2023-11-08 16:31:21.130 | INFO     | ortho:train:299 - [iter:1/50][code_length:64][mAP:0.82018][mAP_all:0.81933][best_mAP:0.82018]
2023-11-08 16:31:21.131 | INFO     | ortho:train:300 - [iter:1/50][code_length:64][zs_mAP:0.84873][zs_mAP_all:0.67378]
2023-11-08 16:33:52.143 | INFO     | ortho:train:225 - [epoch:1/1][loss:2.138653]
2023-11-08 16:33:52.144 | INFO     | ortho:train:228 - [iter:2/50][iter_time:151.01]
2023-11-08 16:43:57.304 | INFO     | ortho:train:299 - [iter:2/50][code_length:64][mAP:0.85588][mAP_all:0.85506][best_mAP:0.85588]
2023-11-08 16:43:57.305 | INFO     | ortho:train:300 - [iter:2/50][code_length:64][zs_mAP:0.85275][zs_mAP_all:0.66288]
2023-11-08 16:46:28.028 | INFO     | ortho:train:225 - [epoch:1/1][loss:1.873790]
2023-11-08 16:46:28.029 | INFO     | ortho:train:228 - [iter:3/50][iter_time:150.72]
2023-11-08 16:56:30.228 | INFO     | ortho:train:299 - [iter:3/50][code_length:64][mAP:0.86972][mAP_all:0.86920][best_mAP:0.86972]
2023-11-08 16:56:30.228 | INFO     | ortho:train:300 - [iter:3/50][code_length:64][zs_mAP:0.83511][zs_mAP_all:0.63510]
2023-11-08 16:58:59.617 | INFO     | ortho:train:225 - [epoch:1/1][loss:1.719954]
2023-11-08 16:58:59.618 | INFO     | ortho:train:228 - [iter:4/50][iter_time:149.39]
2023-11-08 17:08:50.194 | INFO     | ortho:train:299 - [iter:4/50][code_length:64][mAP:0.88020][mAP_all:0.87961][best_mAP:0.88020]
2023-11-08 17:08:50.195 | INFO     | ortho:train:300 - [iter:4/50][code_length:64][zs_mAP:0.84126][zs_mAP_all:0.64206]
2023-11-08 17:11:18.436 | INFO     | ortho:train:225 - [epoch:1/1][loss:1.651830]
2023-11-08 17:11:18.437 | INFO     | ortho:train:228 - [iter:5/50][iter_time:148.24]
2023-11-08 17:21:11.478 | INFO     | ortho:train:299 - [iter:5/50][code_length:64][mAP:0.88242][mAP_all:0.88162][best_mAP:0.88242]
2023-11-08 17:21:11.479 | INFO     | ortho:train:300 - [iter:5/50][code_length:64][zs_mAP:0.80919][zs_mAP_all:0.62675]
2023-11-08 17:23:40.749 | INFO     | ortho:train:225 - [epoch:1/1][loss:1.549471]
2023-11-08 17:23:40.750 | INFO     | ortho:train:228 - [iter:6/50][iter_time:149.27]
2023-11-08 17:33:35.086 | INFO     | ortho:train:299 - [iter:6/50][code_length:64][mAP:0.88730][mAP_all:0.88666][best_mAP:0.88730]
2023-11-08 17:33:35.087 | INFO     | ortho:train:300 - [iter:6/50][code_length:64][zs_mAP:0.81015][zs_mAP_all:0.63522]
2023-11-08 17:36:04.304 | INFO     | ortho:train:225 - [epoch:1/1][loss:1.494676]
2023-11-08 17:36:04.305 | INFO     | ortho:train:228 - [iter:7/50][iter_time:149.22]
2023-11-08 17:45:59.337 | INFO     | ortho:train:299 - [iter:7/50][code_length:64][mAP:0.88857][mAP_all:0.88785][best_mAP:0.88857]
2023-11-08 17:45:59.338 | INFO     | ortho:train:300 - [iter:7/50][code_length:64][zs_mAP:0.81710][zs_mAP_all:0.63024]
2023-11-08 17:48:27.992 | INFO     | ortho:train:225 - [epoch:1/1][loss:1.449622]
2023-11-08 17:48:27.993 | INFO     | ortho:train:228 - [iter:8/50][iter_time:148.66]
2023-11-08 17:58:37.318 | INFO     | ortho:train:299 - [iter:8/50][code_length:64][mAP:0.88846][mAP_all:0.88791][best_mAP:0.88857]
2023-11-08 17:58:37.319 | INFO     | ortho:train:300 - [iter:8/50][code_length:64][zs_mAP:0.80978][zs_mAP_all:0.63137]
2023-11-08 18:01:06.453 | INFO     | ortho:train:225 - [epoch:1/1][loss:1.379798]
2023-11-08 18:01:06.454 | INFO     | ortho:train:228 - [iter:9/50][iter_time:149.14]
2023-11-08 18:11:15.006 | INFO     | ortho:train:299 - [iter:9/50][code_length:64][mAP:0.88830][mAP_all:0.88764][best_mAP:0.88857]
2023-11-08 18:11:15.006 | INFO     | ortho:train:300 - [iter:9/50][code_length:64][zs_mAP:0.79947][zs_mAP_all:0.61626]
2023-11-08 18:13:44.161 | INFO     | ortho:train:225 - [epoch:1/1][loss:1.354579]
2023-11-08 18:13:44.162 | INFO     | ortho:train:228 - [iter:10/50][iter_time:149.16]
2023-11-08 18:23:42.275 | INFO     | ortho:train:299 - [iter:10/50][code_length:64][mAP:0.89178][mAP_all:0.89115][best_mAP:0.89178]
2023-11-08 18:23:42.276 | INFO     | ortho:train:300 - [iter:10/50][code_length:64][zs_mAP:0.81473][zs_mAP_all:0.61312]
2023-11-08 18:26:10.728 | INFO     | ortho:train:225 - [epoch:1/1][loss:1.316287]
2023-11-08 18:26:10.728 | INFO     | ortho:train:228 - [iter:11/50][iter_time:148.45]
2023-11-08 18:35:58.510 | INFO     | ortho:train:299 - [iter:11/50][code_length:64][mAP:0.89388][mAP_all:0.89328][best_mAP:0.89388]
2023-11-08 18:35:58.511 | INFO     | ortho:train:300 - [iter:11/50][code_length:64][zs_mAP:0.80852][zs_mAP_all:0.63564]
2023-11-08 18:38:27.640 | INFO     | ortho:train:225 - [epoch:1/1][loss:1.290577]
2023-11-08 18:38:27.641 | INFO     | ortho:train:228 - [iter:12/50][iter_time:149.13]
2023-11-08 18:48:17.631 | INFO     | ortho:train:299 - [iter:12/50][code_length:64][mAP:0.89420][mAP_all:0.89345][best_mAP:0.89420]
2023-11-08 18:48:17.633 | INFO     | ortho:train:300 - [iter:12/50][code_length:64][zs_mAP:0.80376][zs_mAP_all:0.62244]
2023-11-08 18:50:46.344 | INFO     | ortho:train:225 - [epoch:1/1][loss:1.252765]
2023-11-08 18:50:46.345 | INFO     | ortho:train:228 - [iter:13/50][iter_time:148.71]
2023-11-08 19:00:32.578 | INFO     | ortho:train:299 - [iter:13/50][code_length:64][mAP:0.89467][mAP_all:0.89399][best_mAP:0.89467]
2023-11-08 19:00:32.579 | INFO     | ortho:train:300 - [iter:13/50][code_length:64][zs_mAP:0.78938][zs_mAP_all:0.61400]
2023-11-08 19:03:01.236 | INFO     | ortho:train:225 - [epoch:1/1][loss:1.243150]
2023-11-08 19:03:01.237 | INFO     | ortho:train:228 - [iter:14/50][iter_time:148.66]
2023-11-08 19:12:48.802 | INFO     | ortho:train:299 - [iter:14/50][code_length:64][mAP:0.89396][mAP_all:0.89316][best_mAP:0.89467]
2023-11-08 19:12:48.802 | INFO     | ortho:train:300 - [iter:14/50][code_length:64][zs_mAP:0.79755][zs_mAP_all:0.61728]
2023-11-08 19:15:17.429 | INFO     | ortho:train:225 - [epoch:1/1][loss:1.200078]
2023-11-08 19:15:17.429 | INFO     | ortho:train:228 - [iter:15/50][iter_time:148.63]
2023-11-08 19:25:15.384 | INFO     | ortho:train:299 - [iter:15/50][code_length:64][mAP:0.89266][mAP_all:0.89200][best_mAP:0.89467]
2023-11-08 19:25:15.385 | INFO     | ortho:train:300 - [iter:15/50][code_length:64][zs_mAP:0.79720][zs_mAP_all:0.63892]
2023-11-08 19:27:43.786 | INFO     | ortho:train:225 - [epoch:1/1][loss:1.185931]
2023-11-08 19:27:43.787 | INFO     | ortho:train:228 - [iter:16/50][iter_time:148.40]
2023-11-08 19:37:37.677 | INFO     | ortho:train:299 - [iter:16/50][code_length:64][mAP:0.89319][mAP_all:0.89236][best_mAP:0.89467]
2023-11-08 19:37:37.678 | INFO     | ortho:train:300 - [iter:16/50][code_length:64][zs_mAP:0.77229][zs_mAP_all:0.62363]
2023-11-08 19:40:07.408 | INFO     | ortho:train:225 - [epoch:1/1][loss:1.165343]
2023-11-08 19:40:07.408 | INFO     | ortho:train:228 - [iter:17/50][iter_time:149.73]
2023-11-08 19:50:05.400 | INFO     | ortho:train:299 - [iter:17/50][code_length:64][mAP:0.89419][mAP_all:0.89345][best_mAP:0.89467]
2023-11-08 19:50:05.401 | INFO     | ortho:train:300 - [iter:17/50][code_length:64][zs_mAP:0.79749][zs_mAP_all:0.64435]
2023-11-08 19:52:33.569 | INFO     | ortho:train:225 - [epoch:1/1][loss:1.152362]
2023-11-08 19:52:33.570 | INFO     | ortho:train:228 - [iter:18/50][iter_time:148.17]
2023-11-08 20:02:38.719 | INFO     | ortho:train:299 - [iter:18/50][code_length:64][mAP:0.89675][mAP_all:0.89606][best_mAP:0.89675]
2023-11-08 20:02:38.720 | INFO     | ortho:train:300 - [iter:18/50][code_length:64][zs_mAP:0.79174][zs_mAP_all:0.61175]
2023-11-08 20:05:05.203 | INFO     | ortho:train:225 - [epoch:1/1][loss:1.130410]
2023-11-08 20:05:05.204 | INFO     | ortho:train:228 - [iter:19/50][iter_time:146.48]
2023-11-08 20:15:16.862 | INFO     | ortho:train:299 - [iter:19/50][code_length:64][mAP:0.89674][mAP_all:0.89622][best_mAP:0.89675]
2023-11-08 20:15:16.863 | INFO     | ortho:train:300 - [iter:19/50][code_length:64][zs_mAP:0.76703][zs_mAP_all:0.60797]
2023-11-08 20:17:43.482 | INFO     | ortho:train:225 - [epoch:1/1][loss:1.095179]
2023-11-08 20:17:43.483 | INFO     | ortho:train:228 - [iter:20/50][iter_time:146.62]
2023-11-08 20:27:48.622 | INFO     | ortho:train:299 - [iter:20/50][code_length:64][mAP:0.89540][mAP_all:0.89471][best_mAP:0.89675]
2023-11-08 20:27:48.622 | INFO     | ortho:train:300 - [iter:20/50][code_length:64][zs_mAP:0.77371][zs_mAP_all:0.60176]
2023-11-08 20:30:18.911 | INFO     | ortho:train:225 - [epoch:1/1][loss:1.110352]
2023-11-08 20:30:18.912 | INFO     | ortho:train:228 - [iter:21/50][iter_time:150.29]
2023-11-08 20:40:29.224 | INFO     | ortho:train:299 - [iter:21/50][code_length:64][mAP:0.89595][mAP_all:0.89538][best_mAP:0.89675]
2023-11-08 20:40:29.225 | INFO     | ortho:train:300 - [iter:21/50][code_length:64][zs_mAP:0.76665][zs_mAP_all:0.61270]
2023-11-08 20:42:56.650 | INFO     | ortho:train:225 - [epoch:1/1][loss:1.107565]
2023-11-08 20:42:56.652 | INFO     | ortho:train:228 - [iter:22/50][iter_time:147.43]
2023-11-08 20:53:03.788 | INFO     | ortho:train:299 - [iter:22/50][code_length:64][mAP:0.89620][mAP_all:0.89570][best_mAP:0.89675]
2023-11-08 20:53:03.788 | INFO     | ortho:train:300 - [iter:22/50][code_length:64][zs_mAP:0.77087][zs_mAP_all:0.61846]
2023-11-08 20:55:37.535 | INFO     | ortho:train:225 - [epoch:1/1][loss:1.080628]
2023-11-08 20:55:37.536 | INFO     | ortho:train:228 - [iter:23/50][iter_time:153.75]
2023-11-08 21:05:36.933 | INFO     | ortho:train:299 - [iter:23/50][code_length:64][mAP:0.89687][mAP_all:0.89639][best_mAP:0.89687]
2023-11-08 21:05:36.934 | INFO     | ortho:train:300 - [iter:23/50][code_length:64][zs_mAP:0.76830][zs_mAP_all:0.60535]
2023-11-08 21:08:14.379 | INFO     | ortho:train:225 - [epoch:1/1][loss:1.054934]
2023-11-08 21:08:14.380 | INFO     | ortho:train:228 - [iter:24/50][iter_time:157.45]
2023-11-08 21:18:05.795 | INFO     | ortho:train:299 - [iter:24/50][code_length:64][mAP:0.89816][mAP_all:0.89773][best_mAP:0.89816]
2023-11-08 21:18:05.796 | INFO     | ortho:train:300 - [iter:24/50][code_length:64][zs_mAP:0.77512][zs_mAP_all:0.61292]
2023-11-08 21:20:35.634 | INFO     | ortho:train:225 - [epoch:1/1][loss:1.025485]
2023-11-08 21:20:35.635 | INFO     | ortho:train:228 - [iter:25/50][iter_time:149.84]
2023-11-08 21:30:34.417 | INFO     | ortho:train:299 - [iter:25/50][code_length:64][mAP:0.89760][mAP_all:0.89699][best_mAP:0.89816]
2023-11-08 21:30:34.417 | INFO     | ortho:train:300 - [iter:25/50][code_length:64][zs_mAP:0.77541][zs_mAP_all:0.63860]
2023-11-08 21:33:06.201 | INFO     | ortho:train:225 - [epoch:1/1][loss:1.035415]
2023-11-08 21:33:06.202 | INFO     | ortho:train:228 - [iter:26/50][iter_time:151.78]
2023-11-08 21:43:04.467 | INFO     | ortho:train:299 - [iter:26/50][code_length:64][mAP:0.89269][mAP_all:0.89199][best_mAP:0.89816]
2023-11-08 21:43:04.468 | INFO     | ortho:train:300 - [iter:26/50][code_length:64][zs_mAP:0.77509][zs_mAP_all:0.61804]
2023-11-08 21:45:32.236 | INFO     | ortho:train:225 - [epoch:1/1][loss:1.016019]
2023-11-08 21:45:32.237 | INFO     | ortho:train:228 - [iter:27/50][iter_time:147.77]
2023-11-08 21:55:08.515 | INFO     | ortho:train:299 - [iter:27/50][code_length:64][mAP:0.89716][mAP_all:0.89644][best_mAP:0.89816]
2023-11-08 21:55:08.516 | INFO     | ortho:train:300 - [iter:27/50][code_length:64][zs_mAP:0.75460][zs_mAP_all:0.60814]
2023-11-08 21:57:35.139 | INFO     | ortho:train:225 - [epoch:1/1][loss:1.012178]
2023-11-08 21:57:35.140 | INFO     | ortho:train:228 - [iter:28/50][iter_time:146.62]
2023-11-08 22:07:07.439 | INFO     | ortho:train:299 - [iter:28/50][code_length:64][mAP:0.89799][mAP_all:0.89714][best_mAP:0.89816]
2023-11-08 22:07:07.440 | INFO     | ortho:train:300 - [iter:28/50][code_length:64][zs_mAP:0.77025][zs_mAP_all:0.61020]
2023-11-08 22:09:33.176 | INFO     | ortho:train:225 - [epoch:1/1][loss:0.996387]
2023-11-08 22:09:33.177 | INFO     | ortho:train:228 - [iter:29/50][iter_time:145.74]
2023-11-08 22:19:04.378 | INFO     | ortho:train:299 - [iter:29/50][code_length:64][mAP:0.89434][mAP_all:0.89353][best_mAP:0.89816]
2023-11-08 22:19:04.378 | INFO     | ortho:train:300 - [iter:29/50][code_length:64][zs_mAP:0.78094][zs_mAP_all:0.64965]
2023-11-08 22:21:27.216 | INFO     | ortho:train:225 - [epoch:1/1][loss:0.959436]
2023-11-08 22:21:27.217 | INFO     | ortho:train:228 - [iter:30/50][iter_time:142.84]
2023-11-08 22:30:54.038 | INFO     | ortho:train:299 - [iter:30/50][code_length:64][mAP:0.89657][mAP_all:0.89591][best_mAP:0.89816]
2023-11-08 22:30:54.039 | INFO     | ortho:train:300 - [iter:30/50][code_length:64][zs_mAP:0.74722][zs_mAP_all:0.59057]
2023-11-08 22:33:15.836 | INFO     | ortho:train:225 - [epoch:1/1][loss:0.979388]
2023-11-08 22:33:15.836 | INFO     | ortho:train:228 - [iter:31/50][iter_time:141.80]
2023-11-08 22:42:41.673 | INFO     | ortho:train:299 - [iter:31/50][code_length:64][mAP:0.89222][mAP_all:0.89164][best_mAP:0.89816]
2023-11-08 22:42:41.674 | INFO     | ortho:train:300 - [iter:31/50][code_length:64][zs_mAP:0.74122][zs_mAP_all:0.60634]
2023-11-08 22:45:04.246 | INFO     | ortho:train:225 - [epoch:1/1][loss:0.964904]
2023-11-08 22:45:04.247 | INFO     | ortho:train:228 - [iter:32/50][iter_time:142.57]
2023-11-08 22:54:27.838 | INFO     | ortho:train:299 - [iter:32/50][code_length:64][mAP:0.89718][mAP_all:0.89661][best_mAP:0.89816]
2023-11-08 22:54:27.839 | INFO     | ortho:train:300 - [iter:32/50][code_length:64][zs_mAP:0.76818][zs_mAP_all:0.61769]
2023-11-08 22:56:50.899 | INFO     | ortho:train:225 - [epoch:1/1][loss:0.952196]
2023-11-08 22:56:50.900 | INFO     | ortho:train:228 - [iter:33/50][iter_time:143.06]
2023-11-08 23:06:14.865 | INFO     | ortho:train:299 - [iter:33/50][code_length:64][mAP:0.89298][mAP_all:0.89238][best_mAP:0.89816]
2023-11-08 23:06:14.866 | INFO     | ortho:train:300 - [iter:33/50][code_length:64][zs_mAP:0.73886][zs_mAP_all:0.60284]
2023-11-08 23:08:36.168 | INFO     | ortho:train:225 - [epoch:1/1][loss:0.932638]
2023-11-08 23:08:36.169 | INFO     | ortho:train:228 - [iter:34/50][iter_time:141.30]
2023-11-08 23:18:07.708 | INFO     | ortho:train:299 - [iter:34/50][code_length:64][mAP:0.89480][mAP_all:0.89409][best_mAP:0.89816]
2023-11-08 23:18:07.708 | INFO     | ortho:train:300 - [iter:34/50][code_length:64][zs_mAP:0.74075][zs_mAP_all:0.59920]
2023-11-08 23:20:31.952 | INFO     | ortho:train:225 - [epoch:1/1][loss:0.950000]
2023-11-08 23:20:31.953 | INFO     | ortho:train:228 - [iter:35/50][iter_time:144.24]
2023-11-08 23:29:57.576 | INFO     | ortho:train:299 - [iter:35/50][code_length:64][mAP:0.89656][mAP_all:0.89595][best_mAP:0.89816]
2023-11-08 23:29:57.577 | INFO     | ortho:train:300 - [iter:35/50][code_length:64][zs_mAP:0.74149][zs_mAP_all:0.60378]
2023-11-08 23:32:21.445 | INFO     | ortho:train:225 - [epoch:1/1][loss:0.937756]
2023-11-08 23:32:21.446 | INFO     | ortho:train:228 - [iter:36/50][iter_time:143.87]
2023-11-08 23:41:45.693 | INFO     | ortho:train:299 - [iter:36/50][code_length:64][mAP:0.89529][mAP_all:0.89462][best_mAP:0.89816]
2023-11-08 23:41:45.693 | INFO     | ortho:train:300 - [iter:36/50][code_length:64][zs_mAP:0.75671][zs_mAP_all:0.63374]
2023-11-08 23:44:09.981 | INFO     | ortho:train:225 - [epoch:1/1][loss:0.946868]
2023-11-08 23:44:09.982 | INFO     | ortho:train:228 - [iter:37/50][iter_time:144.29]
2023-11-08 23:53:34.754 | INFO     | ortho:train:299 - [iter:37/50][code_length:64][mAP:0.89891][mAP_all:0.89802][best_mAP:0.89891]
2023-11-08 23:53:34.755 | INFO     | ortho:train:300 - [iter:37/50][code_length:64][zs_mAP:0.73098][zs_mAP_all:0.59182]
2023-11-08 23:55:57.129 | INFO     | ortho:train:225 - [epoch:1/1][loss:0.907228]
2023-11-08 23:55:57.130 | INFO     | ortho:train:228 - [iter:38/50][iter_time:142.37]
2023-11-09 00:05:22.147 | INFO     | ortho:train:299 - [iter:38/50][code_length:64][mAP:0.89761][mAP_all:0.89680][best_mAP:0.89891]
2023-11-09 00:05:22.147 | INFO     | ortho:train:300 - [iter:38/50][code_length:64][zs_mAP:0.72644][zs_mAP_all:0.59110]
2023-11-09 00:07:45.323 | INFO     | ortho:train:225 - [epoch:1/1][loss:0.896057]
2023-11-09 00:07:45.324 | INFO     | ortho:train:228 - [iter:39/50][iter_time:143.18]
2023-11-09 00:17:08.306 | INFO     | ortho:train:299 - [iter:39/50][code_length:64][mAP:0.89665][mAP_all:0.89595][best_mAP:0.89891]
2023-11-09 00:17:08.306 | INFO     | ortho:train:300 - [iter:39/50][code_length:64][zs_mAP:0.72974][zs_mAP_all:0.58082]
2023-11-09 00:19:31.104 | INFO     | ortho:train:225 - [epoch:1/1][loss:0.911089]
2023-11-09 00:19:31.104 | INFO     | ortho:train:228 - [iter:40/50][iter_time:142.80]
2023-11-09 00:28:55.365 | INFO     | ortho:train:299 - [iter:40/50][code_length:64][mAP:0.89640][mAP_all:0.89573][best_mAP:0.89891]
2023-11-09 00:28:55.365 | INFO     | ortho:train:300 - [iter:40/50][code_length:64][zs_mAP:0.73069][zs_mAP_all:0.60631]
2023-11-09 00:31:19.428 | INFO     | ortho:train:225 - [epoch:1/1][loss:0.890457]
2023-11-09 00:31:19.428 | INFO     | ortho:train:228 - [iter:41/50][iter_time:144.06]
2023-11-09 00:40:42.587 | INFO     | ortho:train:299 - [iter:41/50][code_length:64][mAP:0.89253][mAP_all:0.89201][best_mAP:0.89891]
2023-11-09 00:40:42.588 | INFO     | ortho:train:300 - [iter:41/50][code_length:64][zs_mAP:0.73738][zs_mAP_all:0.59962]
2023-11-09 00:43:05.865 | INFO     | ortho:train:225 - [epoch:1/1][loss:0.899186]
2023-11-09 00:43:05.866 | INFO     | ortho:train:228 - [iter:42/50][iter_time:143.28]
2023-11-09 00:52:30.078 | INFO     | ortho:train:299 - [iter:42/50][code_length:64][mAP:0.89564][mAP_all:0.89491][best_mAP:0.89891]
2023-11-09 00:52:30.079 | INFO     | ortho:train:300 - [iter:42/50][code_length:64][zs_mAP:0.71675][zs_mAP_all:0.58446]
2023-11-09 00:54:53.320 | INFO     | ortho:train:225 - [epoch:1/1][loss:0.885002]
2023-11-09 00:54:53.321 | INFO     | ortho:train:228 - [iter:43/50][iter_time:143.24]
2023-11-09 01:04:16.649 | INFO     | ortho:train:299 - [iter:43/50][code_length:64][mAP:0.89434][mAP_all:0.89364][best_mAP:0.89891]
2023-11-09 01:04:16.649 | INFO     | ortho:train:300 - [iter:43/50][code_length:64][zs_mAP:0.72675][zs_mAP_all:0.58179]
2023-11-09 01:06:40.527 | INFO     | ortho:train:225 - [epoch:1/1][loss:0.878439]
2023-11-09 01:06:40.528 | INFO     | ortho:train:228 - [iter:44/50][iter_time:143.88]
2023-11-09 01:16:05.203 | INFO     | ortho:train:299 - [iter:44/50][code_length:64][mAP:0.89266][mAP_all:0.89190][best_mAP:0.89891]
2023-11-09 01:16:05.204 | INFO     | ortho:train:300 - [iter:44/50][code_length:64][zs_mAP:0.70667][zs_mAP_all:0.57103]
2023-11-09 01:18:29.349 | INFO     | ortho:train:225 - [epoch:1/1][loss:0.855679]
2023-11-09 01:18:29.349 | INFO     | ortho:train:228 - [iter:45/50][iter_time:144.15]
2023-11-09 01:27:53.743 | INFO     | ortho:train:299 - [iter:45/50][code_length:64][mAP:0.89467][mAP_all:0.89387][best_mAP:0.89891]
2023-11-09 01:27:53.743 | INFO     | ortho:train:300 - [iter:45/50][code_length:64][zs_mAP:0.69412][zs_mAP_all:0.58604]
2023-11-09 01:30:17.501 | INFO     | ortho:train:225 - [epoch:1/1][loss:0.836600]
2023-11-09 01:30:17.502 | INFO     | ortho:train:228 - [iter:46/50][iter_time:143.76]
2023-11-09 01:39:43.349 | INFO     | ortho:train:299 - [iter:46/50][code_length:64][mAP:0.89587][mAP_all:0.89522][best_mAP:0.89891]
2023-11-09 01:39:43.349 | INFO     | ortho:train:300 - [iter:46/50][code_length:64][zs_mAP:0.70796][zs_mAP_all:0.60337]
2023-11-09 01:42:07.579 | INFO     | ortho:train:225 - [epoch:1/1][loss:0.847806]
2023-11-09 01:42:07.580 | INFO     | ortho:train:228 - [iter:47/50][iter_time:144.23]
2023-11-09 01:51:40.791 | INFO     | ortho:train:299 - [iter:47/50][code_length:64][mAP:0.89558][mAP_all:0.89491][best_mAP:0.89891]
2023-11-09 01:51:40.792 | INFO     | ortho:train:300 - [iter:47/50][code_length:64][zs_mAP:0.71267][zs_mAP_all:0.60718]
2023-11-09 01:54:04.437 | INFO     | ortho:train:225 - [epoch:1/1][loss:0.826979]
2023-11-09 01:54:04.438 | INFO     | ortho:train:228 - [iter:48/50][iter_time:143.65]
2023-11-09 02:03:37.389 | INFO     | ortho:train:299 - [iter:48/50][code_length:64][mAP:0.89371][mAP_all:0.89302][best_mAP:0.89891]
2023-11-09 02:03:37.389 | INFO     | ortho:train:300 - [iter:48/50][code_length:64][zs_mAP:0.72207][zs_mAP_all:0.60507]
2023-11-09 02:06:01.525 | INFO     | ortho:train:225 - [epoch:1/1][loss:0.827051]
2023-11-09 02:06:01.526 | INFO     | ortho:train:228 - [iter:49/50][iter_time:144.14]
2023-11-09 02:15:32.502 | INFO     | ortho:train:299 - [iter:49/50][code_length:64][mAP:0.89301][mAP_all:0.89253][best_mAP:0.89891]
2023-11-09 02:15:32.503 | INFO     | ortho:train:300 - [iter:49/50][code_length:64][zs_mAP:0.71976][zs_mAP_all:0.59534]
2023-11-09 02:17:56.509 | INFO     | ortho:train:225 - [epoch:1/1][loss:0.831389]
2023-11-09 02:17:56.510 | INFO     | ortho:train:228 - [iter:50/50][iter_time:144.01]
2023-11-09 02:27:28.193 | INFO     | ortho:train:299 - [iter:50/50][code_length:64][mAP:0.89514][mAP_all:0.89432][best_mAP:0.89891]
2023-11-09 02:27:28.193 | INFO     | ortho:train:300 - [iter:50/50][code_length:64][zs_mAP:0.72211][zs_mAP_all:0.60932]
2023-11-09 02:27:28.193 | INFO     | ortho:train:302 - [Training time:36502.88]
2023-11-09 02:27:28.199 | INFO     | __main__:run:126 - [code_length:64][map:0.8989][map_all:0.8980][zs_map:0.7310][zs_map_all:0.5918]
