2023-10-26 21:24:02.707 | SUCCESS  | __main__:run:48 - Namespace(align_step=50, arch='ortho', batch_size=16, cauchy_gamma=20.0, code_length=[16, 32, 64], dataset='cifar100zs', device=device(type='cuda', index=3), epoch_change=10, gamma=200, gpu=3, info='cifar-25-75-ortho-1026', lambd=0.1, lambd_ch=0.1, lambd_sp=0.1, lr=0.0001, lr_step=[45], margin=0.1, max_epoch=3, max_iter=50, momen=0.9, nesterov=False, net='ResNet50', num_classes=75, num_query=1000, num_samples=2000, num_workers=2, num_zs=25, optim='SGD', pretrain=True, quan_loss=False, root='/2T/dataset/cifar-100-python', save_ckpt='checkpoints/', topk=1000, val_freq=10, wd=0.0005)
2023-10-26 21:24:21.747 | INFO     | ortho:train:225 - [epoch:1/3][loss:6.645619]
2023-10-26 21:24:33.904 | INFO     | ortho:train:225 - [epoch:2/3][loss:5.737883]
2023-10-26 21:24:46.693 | INFO     | ortho:train:225 - [epoch:3/3][loss:5.463464]
2023-10-26 21:24:46.694 | INFO     | ortho:train:228 - [iter:1/50][iter_time:40.50]
2023-10-26 21:26:54.982 | INFO     | ortho:train:298 - [iter:1/50][code_length:16][mAP:0.09836][mAP_all:0.09091][best_mAP:0.09836]
2023-10-26 21:26:54.983 | INFO     | ortho:train:299 - [iter:1/50][code_length:16][zs_mAP:0.16959][zs_mAP_all:0.04277]
2023-10-26 21:27:09.701 | INFO     | ortho:train:225 - [epoch:1/3][loss:5.529603]
2023-10-26 21:27:24.767 | INFO     | ortho:train:225 - [epoch:2/3][loss:5.208563]
2023-10-26 21:27:39.044 | INFO     | ortho:train:225 - [epoch:3/3][loss:5.028090]
2023-10-26 21:27:39.044 | INFO     | ortho:train:228 - [iter:2/50][iter_time:44.06]
2023-10-26 21:29:36.097 | INFO     | ortho:train:298 - [iter:2/50][code_length:16][mAP:0.13186][mAP_all:0.12200][best_mAP:0.13186]
2023-10-26 21:29:36.099 | INFO     | ortho:train:299 - [iter:2/50][code_length:16][zs_mAP:0.19541][zs_mAP_all:0.05178]
2023-10-26 21:30:30.544 | INFO     | ortho:train:225 - [epoch:1/3][loss:5.167527]
2023-10-26 21:32:02.432 | INFO     | ortho:train:225 - [epoch:2/3][loss:4.941223]
2023-10-26 21:33:45.082 | INFO     | ortho:train:225 - [epoch:3/3][loss:4.731642]
2023-10-26 21:33:45.083 | INFO     | ortho:train:228 - [iter:3/50][iter_time:248.98]
2023-10-26 21:35:52.593 | INFO     | ortho:train:298 - [iter:3/50][code_length:16][mAP:0.16925][mAP_all:0.15730][best_mAP:0.16925]
2023-10-26 21:35:52.594 | INFO     | ortho:train:299 - [iter:3/50][code_length:16][zs_mAP:0.21271][zs_mAP_all:0.05694]
2023-10-26 21:38:10.786 | INFO     | ortho:train:225 - [epoch:1/3][loss:4.805488]
2023-10-26 21:40:39.615 | INFO     | ortho:train:225 - [epoch:2/3][loss:4.631489]
2023-10-26 21:43:33.672 | INFO     | ortho:train:225 - [epoch:3/3][loss:4.464524]
2023-10-26 21:43:33.673 | INFO     | ortho:train:228 - [iter:4/50][iter_time:461.08]
2023-10-26 21:45:37.039 | INFO     | ortho:train:298 - [iter:4/50][code_length:16][mAP:0.21063][mAP_all:0.19679][best_mAP:0.21063]
2023-10-26 21:45:37.040 | INFO     | ortho:train:299 - [iter:4/50][code_length:16][zs_mAP:0.21828][zs_mAP_all:0.06029]
2023-10-26 21:45:49.942 | INFO     | ortho:train:225 - [epoch:1/3][loss:4.695479]
2023-10-26 21:46:02.897 | INFO     | ortho:train:225 - [epoch:2/3][loss:4.488158]
2023-10-26 21:46:16.811 | INFO     | ortho:train:225 - [epoch:3/3][loss:4.346141]
2023-10-26 21:46:16.812 | INFO     | ortho:train:228 - [iter:5/50][iter_time:39.77]
2023-10-26 21:48:22.572 | INFO     | ortho:train:298 - [iter:5/50][code_length:16][mAP:0.23952][mAP_all:0.22455][best_mAP:0.23952]
2023-10-26 21:48:22.573 | INFO     | ortho:train:299 - [iter:5/50][code_length:16][zs_mAP:0.23241][zs_mAP_all:0.06399]
2023-10-26 21:48:42.915 | INFO     | ortho:train:225 - [epoch:1/3][loss:4.602932]
2023-10-26 21:48:57.919 | INFO     | ortho:train:225 - [epoch:2/3][loss:4.299545]
2023-10-26 21:49:10.637 | INFO     | ortho:train:225 - [epoch:3/3][loss:4.167350]
2023-10-26 21:49:10.637 | INFO     | ortho:train:228 - [iter:6/50][iter_time:48.06]
2023-10-26 21:51:07.953 | INFO     | ortho:train:298 - [iter:6/50][code_length:16][mAP:0.27665][mAP_all:0.26009][best_mAP:0.27665]
2023-10-26 21:51:07.954 | INFO     | ortho:train:299 - [iter:6/50][code_length:16][zs_mAP:0.24885][zs_mAP_all:0.07065]
2023-10-26 21:51:34.355 | INFO     | ortho:train:225 - [epoch:1/3][loss:4.538478]
2023-10-26 21:54:23.669 | INFO     | ortho:train:225 - [epoch:2/3][loss:4.276103]
2023-10-26 21:56:51.650 | INFO     | ortho:train:225 - [epoch:3/3][loss:4.097452]
2023-10-26 21:56:51.651 | INFO     | ortho:train:228 - [iter:7/50][iter_time:343.70]
2023-10-26 21:59:01.951 | INFO     | ortho:train:298 - [iter:7/50][code_length:16][mAP:0.29770][mAP_all:0.28078][best_mAP:0.29770]
2023-10-26 21:59:01.952 | INFO     | ortho:train:299 - [iter:7/50][code_length:16][zs_mAP:0.23869][zs_mAP_all:0.07002]
2023-10-26 21:59:31.567 | INFO     | ortho:train:225 - [epoch:1/3][loss:4.243066]
2023-10-26 22:00:39.945 | INFO     | ortho:train:225 - [epoch:2/3][loss:4.086697]
2023-10-26 22:02:06.691 | INFO     | ortho:train:225 - [epoch:3/3][loss:3.935930]
2023-10-26 22:02:06.692 | INFO     | ortho:train:228 - [iter:8/50][iter_time:184.74]
2023-10-26 22:03:58.765 | INFO     | ortho:train:298 - [iter:8/50][code_length:16][mAP:0.33186][mAP_all:0.31376][best_mAP:0.33186]
2023-10-26 22:03:58.767 | INFO     | ortho:train:299 - [iter:8/50][code_length:16][zs_mAP:0.24970][zs_mAP_all:0.07525]
2023-10-26 22:05:08.384 | INFO     | ortho:train:225 - [epoch:1/3][loss:4.143957]
2023-10-26 22:05:41.467 | INFO     | ortho:train:225 - [epoch:2/3][loss:3.959316]
2023-10-26 22:05:58.790 | INFO     | ortho:train:225 - [epoch:3/3][loss:3.817161]
2023-10-26 22:05:58.791 | INFO     | ortho:train:228 - [iter:9/50][iter_time:120.02]
2023-10-26 22:08:03.581 | INFO     | ortho:train:298 - [iter:9/50][code_length:16][mAP:0.35571][mAP_all:0.33674][best_mAP:0.35571]
2023-10-26 22:08:03.583 | INFO     | ortho:train:299 - [iter:9/50][code_length:16][zs_mAP:0.24690][zs_mAP_all:0.07455]
2023-10-26 22:08:27.667 | INFO     | ortho:train:225 - [epoch:1/3][loss:4.023008]
2023-10-26 22:08:55.468 | INFO     | ortho:train:225 - [epoch:2/3][loss:3.848080]
2023-10-26 22:09:22.594 | INFO     | ortho:train:225 - [epoch:3/3][loss:3.655913]
2023-10-26 22:09:22.595 | INFO     | ortho:train:228 - [iter:10/50][iter_time:79.01]
2023-10-26 22:11:20.010 | INFO     | ortho:train:298 - [iter:10/50][code_length:16][mAP:0.38425][mAP_all:0.36428][best_mAP:0.38425]
2023-10-26 22:11:20.011 | INFO     | ortho:train:299 - [iter:10/50][code_length:16][zs_mAP:0.25579][zs_mAP_all:0.07743]
2023-10-26 22:14:01.732 | INFO     | ortho:train:225 - [epoch:1/3][loss:4.028245]
2023-10-26 22:16:27.674 | INFO     | ortho:train:225 - [epoch:2/3][loss:3.789464]
2023-10-26 22:17:50.187 | INFO     | ortho:train:225 - [epoch:3/3][loss:3.610342]
2023-10-26 22:17:50.188 | INFO     | ortho:train:228 - [iter:11/50][iter_time:390.18]
2023-10-26 22:19:56.399 | INFO     | ortho:train:298 - [iter:11/50][code_length:16][mAP:0.39639][mAP_all:0.37579][best_mAP:0.39639]
2023-10-26 22:19:56.400 | INFO     | ortho:train:299 - [iter:11/50][code_length:16][zs_mAP:0.26601][zs_mAP_all:0.08133]
2023-10-26 22:20:32.571 | INFO     | ortho:train:225 - [epoch:1/3][loss:3.901548]
2023-10-26 22:21:11.413 | INFO     | ortho:train:225 - [epoch:2/3][loss:3.733636]
2023-10-26 22:21:39.541 | INFO     | ortho:train:225 - [epoch:3/3][loss:3.595610]
2023-10-26 22:21:39.542 | INFO     | ortho:train:228 - [iter:12/50][iter_time:103.14]
2023-10-26 22:23:30.483 | INFO     | ortho:train:298 - [iter:12/50][code_length:16][mAP:0.41796][mAP_all:0.39713][best_mAP:0.41796]
2023-10-26 22:23:30.484 | INFO     | ortho:train:299 - [iter:12/50][code_length:16][zs_mAP:0.25078][zs_mAP_all:0.07630]
2023-10-26 22:27:29.690 | INFO     | ortho:train:225 - [epoch:1/3][loss:3.835575]
2023-10-26 22:29:15.251 | INFO     | ortho:train:225 - [epoch:2/3][loss:3.747177]
2023-10-26 22:29:44.342 | INFO     | ortho:train:225 - [epoch:3/3][loss:3.466236]
2023-10-26 22:29:44.342 | INFO     | ortho:train:228 - [iter:13/50][iter_time:373.86]
2023-10-26 22:31:49.397 | INFO     | ortho:train:298 - [iter:13/50][code_length:16][mAP:0.43220][mAP_all:0.40990][best_mAP:0.43220]
2023-10-26 22:31:49.398 | INFO     | ortho:train:299 - [iter:13/50][code_length:16][zs_mAP:0.25621][zs_mAP_all:0.07775]
2023-10-26 22:32:12.098 | INFO     | ortho:train:225 - [epoch:1/3][loss:3.760530]
2023-10-26 22:32:36.826 | INFO     | ortho:train:225 - [epoch:2/3][loss:3.633343]
2023-10-26 22:32:49.636 | INFO     | ortho:train:225 - [epoch:3/3][loss:3.520518]
2023-10-26 22:32:49.637 | INFO     | ortho:train:228 - [iter:14/50][iter_time:60.24]
2023-10-26 22:34:54.592 | INFO     | ortho:train:298 - [iter:14/50][code_length:16][mAP:0.44565][mAP_all:0.42327][best_mAP:0.44565]
2023-10-26 22:34:54.593 | INFO     | ortho:train:299 - [iter:14/50][code_length:16][zs_mAP:0.26388][zs_mAP_all:0.08142]
2023-10-26 22:36:48.854 | INFO     | ortho:train:225 - [epoch:1/3][loss:3.745653]
2023-10-26 22:39:19.237 | INFO     | ortho:train:225 - [epoch:2/3][loss:3.639482]
2023-10-26 22:40:45.619 | INFO     | ortho:train:225 - [epoch:3/3][loss:3.536954]
2023-10-26 22:40:45.619 | INFO     | ortho:train:228 - [iter:15/50][iter_time:351.03]
2023-10-26 22:42:44.535 | INFO     | ortho:train:298 - [iter:15/50][code_length:16][mAP:0.46434][mAP_all:0.44165][best_mAP:0.46434]
2023-10-26 22:42:44.536 | INFO     | ortho:train:299 - [iter:15/50][code_length:16][zs_mAP:0.24969][zs_mAP_all:0.07589]
2023-10-26 22:43:02.285 | INFO     | ortho:train:225 - [epoch:1/3][loss:3.755880]
2023-10-26 22:44:17.797 | INFO     | ortho:train:225 - [epoch:2/3][loss:3.567930]
2023-10-26 22:46:26.575 | INFO     | ortho:train:225 - [epoch:3/3][loss:3.505011]
2023-10-26 22:46:26.576 | INFO     | ortho:train:228 - [iter:16/50][iter_time:222.04]
2023-10-26 22:48:27.438 | INFO     | ortho:train:298 - [iter:16/50][code_length:16][mAP:0.47680][mAP_all:0.45353][best_mAP:0.47680]
2023-10-26 22:48:27.439 | INFO     | ortho:train:299 - [iter:16/50][code_length:16][zs_mAP:0.26545][zs_mAP_all:0.08151]
2023-10-26 22:52:04.122 | INFO     | ortho:train:225 - [epoch:1/3][loss:3.650399]
2023-10-26 22:55:55.495 | INFO     | ortho:train:225 - [epoch:2/3][loss:3.528445]
2023-10-26 22:58:15.669 | INFO     | ortho:train:225 - [epoch:3/3][loss:3.437087]
2023-10-26 22:58:15.669 | INFO     | ortho:train:228 - [iter:17/50][iter_time:588.23]
2023-10-26 23:00:18.702 | INFO     | ortho:train:298 - [iter:17/50][code_length:16][mAP:0.49043][mAP_all:0.46734][best_mAP:0.49043]
2023-10-26 23:00:18.703 | INFO     | ortho:train:299 - [iter:17/50][code_length:16][zs_mAP:0.26551][zs_mAP_all:0.08456]
2023-10-26 23:00:36.048 | INFO     | ortho:train:225 - [epoch:1/3][loss:3.586724]
2023-10-26 23:00:58.763 | INFO     | ortho:train:225 - [epoch:2/3][loss:3.498863]
2023-10-26 23:01:11.111 | INFO     | ortho:train:225 - [epoch:3/3][loss:3.344146]
2023-10-26 23:01:11.112 | INFO     | ortho:train:228 - [iter:18/50][iter_time:52.41]
2023-10-26 23:03:14.305 | INFO     | ortho:train:298 - [iter:18/50][code_length:16][mAP:0.49713][mAP_all:0.47293][best_mAP:0.49713]
2023-10-26 23:03:14.307 | INFO     | ortho:train:299 - [iter:18/50][code_length:16][zs_mAP:0.27216][zs_mAP_all:0.08294]
2023-10-26 23:03:41.975 | INFO     | ortho:train:225 - [epoch:1/3][loss:3.617328]
2023-10-26 23:03:58.322 | INFO     | ortho:train:225 - [epoch:2/3][loss:3.496934]
2023-10-26 23:04:12.857 | INFO     | ortho:train:225 - [epoch:3/3][loss:3.476259]
2023-10-26 23:04:12.858 | INFO     | ortho:train:228 - [iter:19/50][iter_time:58.55]
2023-10-26 23:06:08.227 | INFO     | ortho:train:298 - [iter:19/50][code_length:16][mAP:0.50864][mAP_all:0.48459][best_mAP:0.50864]
2023-10-26 23:06:08.228 | INFO     | ortho:train:299 - [iter:19/50][code_length:16][zs_mAP:0.27795][zs_mAP_all:0.08966]
2023-10-26 23:07:02.548 | INFO     | ortho:train:225 - [epoch:1/3][loss:3.623727]
2023-10-26 23:07:30.296 | INFO     | ortho:train:225 - [epoch:2/3][loss:3.433311]
2023-10-26 23:07:58.110 | INFO     | ortho:train:225 - [epoch:3/3][loss:3.263841]
2023-10-26 23:07:58.111 | INFO     | ortho:train:228 - [iter:20/50][iter_time:109.88]
2023-10-26 23:10:00.106 | INFO     | ortho:train:298 - [iter:20/50][code_length:16][mAP:0.51699][mAP_all:0.49244][best_mAP:0.51699]
2023-10-26 23:10:00.107 | INFO     | ortho:train:299 - [iter:20/50][code_length:16][zs_mAP:0.27029][zs_mAP_all:0.08498]
2023-10-26 23:10:14.265 | INFO     | ortho:train:225 - [epoch:1/3][loss:3.595899]
2023-10-26 23:10:27.335 | INFO     | ortho:train:225 - [epoch:2/3][loss:3.446278]
2023-10-26 23:10:39.590 | INFO     | ortho:train:225 - [epoch:3/3][loss:3.371777]
2023-10-26 23:10:39.591 | INFO     | ortho:train:228 - [iter:21/50][iter_time:39.48]
2023-10-26 23:12:33.197 | INFO     | ortho:train:298 - [iter:21/50][code_length:16][mAP:0.52740][mAP_all:0.50254][best_mAP:0.52740]
2023-10-26 23:12:33.198 | INFO     | ortho:train:299 - [iter:21/50][code_length:16][zs_mAP:0.27203][zs_mAP_all:0.08630]
2023-10-26 23:15:37.172 | INFO     | ortho:train:225 - [epoch:1/3][loss:3.537993]
2023-10-26 23:17:00.865 | INFO     | ortho:train:225 - [epoch:2/3][loss:3.346534]
2023-10-26 23:17:26.908 | INFO     | ortho:train:225 - [epoch:3/3][loss:3.267866]
2023-10-26 23:17:26.909 | INFO     | ortho:train:228 - [iter:22/50][iter_time:293.71]
2023-10-26 23:19:28.326 | INFO     | ortho:train:298 - [iter:22/50][code_length:16][mAP:0.54021][mAP_all:0.51581][best_mAP:0.54021]
2023-10-26 23:19:28.327 | INFO     | ortho:train:299 - [iter:22/50][code_length:16][zs_mAP:0.28142][zs_mAP_all:0.09074]
2023-10-26 23:19:55.999 | INFO     | ortho:train:225 - [epoch:1/3][loss:3.529316]
2023-10-26 23:21:59.495 | INFO     | ortho:train:225 - [epoch:2/3][loss:3.339431]
2023-10-26 23:23:18.549 | INFO     | ortho:train:225 - [epoch:3/3][loss:3.254475]
2023-10-26 23:23:18.550 | INFO     | ortho:train:228 - [iter:23/50][iter_time:230.22]
2023-10-26 23:25:10.319 | INFO     | ortho:train:298 - [iter:23/50][code_length:16][mAP:0.54877][mAP_all:0.52415][best_mAP:0.54877]
2023-10-26 23:25:10.320 | INFO     | ortho:train:299 - [iter:23/50][code_length:16][zs_mAP:0.27545][zs_mAP_all:0.08712]
2023-10-26 23:28:57.608 | INFO     | ortho:train:225 - [epoch:1/3][loss:3.575138]
2023-10-26 23:32:09.253 | INFO     | ortho:train:225 - [epoch:2/3][loss:3.275213]
2023-10-26 23:33:02.459 | INFO     | ortho:train:225 - [epoch:3/3][loss:3.185930]
2023-10-26 23:33:02.460 | INFO     | ortho:train:228 - [iter:24/50][iter_time:472.14]
2023-10-26 23:35:04.554 | INFO     | ortho:train:298 - [iter:24/50][code_length:16][mAP:0.55035][mAP_all:0.52610][best_mAP:0.55035]
2023-10-26 23:35:04.555 | INFO     | ortho:train:299 - [iter:24/50][code_length:16][zs_mAP:0.26618][zs_mAP_all:0.08469]
2023-10-26 23:35:39.163 | INFO     | ortho:train:225 - [epoch:1/3][loss:3.394806]
2023-10-26 23:35:51.608 | INFO     | ortho:train:225 - [epoch:2/3][loss:3.222439]
2023-10-26 23:36:04.152 | INFO     | ortho:train:225 - [epoch:3/3][loss:3.131880]
2023-10-26 23:36:04.152 | INFO     | ortho:train:228 - [iter:25/50][iter_time:59.60]
2023-10-26 23:38:06.023 | INFO     | ortho:train:298 - [iter:25/50][code_length:16][mAP:0.55456][mAP_all:0.52969][best_mAP:0.55456]
2023-10-26 23:38:06.024 | INFO     | ortho:train:299 - [iter:25/50][code_length:16][zs_mAP:0.28442][zs_mAP_all:0.09268]
2023-10-26 23:39:08.518 | INFO     | ortho:train:225 - [epoch:1/3][loss:3.384818]
2023-10-26 23:39:27.315 | INFO     | ortho:train:225 - [epoch:2/3][loss:3.209387]
2023-10-26 23:40:08.654 | INFO     | ortho:train:225 - [epoch:3/3][loss:3.168202]
2023-10-26 23:40:08.655 | INFO     | ortho:train:228 - [iter:26/50][iter_time:122.63]
2023-10-26 23:42:09.658 | INFO     | ortho:train:298 - [iter:26/50][code_length:16][mAP:0.56434][mAP_all:0.53985][best_mAP:0.56434]
2023-10-26 23:42:09.659 | INFO     | ortho:train:299 - [iter:26/50][code_length:16][zs_mAP:0.27680][zs_mAP_all:0.08771]
2023-10-26 23:42:22.376 | INFO     | ortho:train:225 - [epoch:1/3][loss:3.395923]
2023-10-26 23:42:34.756 | INFO     | ortho:train:225 - [epoch:2/3][loss:3.169417]
2023-10-26 23:42:59.166 | INFO     | ortho:train:225 - [epoch:3/3][loss:3.064198]
2023-10-26 23:42:59.167 | INFO     | ortho:train:228 - [iter:27/50][iter_time:49.51]
2023-10-26 23:45:03.994 | INFO     | ortho:train:298 - [iter:27/50][code_length:16][mAP:0.57137][mAP_all:0.54647][best_mAP:0.57137]
2023-10-26 23:45:03.996 | INFO     | ortho:train:299 - [iter:27/50][code_length:16][zs_mAP:0.27929][zs_mAP_all:0.08910]
2023-10-26 23:45:29.913 | INFO     | ortho:train:225 - [epoch:1/3][loss:3.374557]
2023-10-26 23:47:22.314 | INFO     | ortho:train:225 - [epoch:2/3][loss:3.234090]
2023-10-26 23:50:06.966 | INFO     | ortho:train:225 - [epoch:3/3][loss:3.137059]
2023-10-26 23:50:06.966 | INFO     | ortho:train:228 - [iter:28/50][iter_time:302.97]
2023-10-26 23:52:02.705 | INFO     | ortho:train:298 - [iter:28/50][code_length:16][mAP:0.57730][mAP_all:0.55287][best_mAP:0.57730]
2023-10-26 23:52:02.707 | INFO     | ortho:train:299 - [iter:28/50][code_length:16][zs_mAP:0.28376][zs_mAP_all:0.08892]
2023-10-26 23:52:14.912 | INFO     | ortho:train:225 - [epoch:1/3][loss:3.319553]
2023-10-26 23:52:27.276 | INFO     | ortho:train:225 - [epoch:2/3][loss:3.251734]
2023-10-26 23:52:45.836 | INFO     | ortho:train:225 - [epoch:3/3][loss:3.129536]
2023-10-26 23:52:45.836 | INFO     | ortho:train:228 - [iter:29/50][iter_time:43.13]
2023-10-26 23:54:47.357 | INFO     | ortho:train:298 - [iter:29/50][code_length:16][mAP:0.57617][mAP_all:0.55128][best_mAP:0.57730]
2023-10-26 23:54:47.358 | INFO     | ortho:train:299 - [iter:29/50][code_length:16][zs_mAP:0.28334][zs_mAP_all:0.09050]
2023-10-26 23:55:00.091 | INFO     | ortho:train:225 - [epoch:1/3][loss:3.413596]
2023-10-26 23:55:25.635 | INFO     | ortho:train:225 - [epoch:2/3][loss:3.218991]
2023-10-26 23:56:40.645 | INFO     | ortho:train:225 - [epoch:3/3][loss:3.021333]
2023-10-26 23:56:40.646 | INFO     | ortho:train:228 - [iter:30/50][iter_time:113.29]
2023-10-26 23:58:39.586 | INFO     | ortho:train:298 - [iter:30/50][code_length:16][mAP:0.59175][mAP_all:0.56633][best_mAP:0.59175]
2023-10-26 23:58:39.587 | INFO     | ortho:train:299 - [iter:30/50][code_length:16][zs_mAP:0.27956][zs_mAP_all:0.08804]
2023-10-27 00:01:19.926 | INFO     | ortho:train:225 - [epoch:1/3][loss:3.304244]
2023-10-27 00:05:10.350 | INFO     | ortho:train:225 - [epoch:2/3][loss:3.154787]
2023-10-27 00:07:25.279 | INFO     | ortho:train:225 - [epoch:3/3][loss:3.034109]
2023-10-27 00:07:25.280 | INFO     | ortho:train:228 - [iter:31/50][iter_time:525.69]
2023-10-27 00:09:27.250 | INFO     | ortho:train:298 - [iter:31/50][code_length:16][mAP:0.59236][mAP_all:0.56718][best_mAP:0.59236]
2023-10-27 00:09:27.251 | INFO     | ortho:train:299 - [iter:31/50][code_length:16][zs_mAP:0.27774][zs_mAP_all:0.08713]
2023-10-27 00:10:10.826 | INFO     | ortho:train:225 - [epoch:1/3][loss:3.276768]
2023-10-27 00:10:51.965 | INFO     | ortho:train:225 - [epoch:2/3][loss:3.120642]
2023-10-27 00:11:09.169 | INFO     | ortho:train:225 - [epoch:3/3][loss:2.984990]
2023-10-27 00:11:09.171 | INFO     | ortho:train:228 - [iter:32/50][iter_time:101.92]
2023-10-27 00:13:03.518 | INFO     | ortho:train:298 - [iter:32/50][code_length:16][mAP:0.59881][mAP_all:0.57398][best_mAP:0.59881]
2023-10-27 00:13:03.519 | INFO     | ortho:train:299 - [iter:32/50][code_length:16][zs_mAP:0.27775][zs_mAP_all:0.08711]
2023-10-27 00:15:41.960 | INFO     | ortho:train:225 - [epoch:1/3][loss:3.226422]
2023-10-27 00:16:19.726 | INFO     | ortho:train:225 - [epoch:2/3][loss:3.079180]
2023-10-27 00:17:04.234 | INFO     | ortho:train:225 - [epoch:3/3][loss:3.025810]
2023-10-27 00:17:04.235 | INFO     | ortho:train:228 - [iter:33/50][iter_time:240.72]
2023-10-27 00:19:05.592 | INFO     | ortho:train:298 - [iter:33/50][code_length:16][mAP:0.59357][mAP_all:0.56854][best_mAP:0.59881]
2023-10-27 00:19:05.593 | INFO     | ortho:train:299 - [iter:33/50][code_length:16][zs_mAP:0.27768][zs_mAP_all:0.08927]
2023-10-27 00:19:18.768 | INFO     | ortho:train:225 - [epoch:1/3][loss:3.319510]
2023-10-27 00:19:31.445 | INFO     | ortho:train:225 - [epoch:2/3][loss:3.092862]
2023-10-27 00:19:47.452 | INFO     | ortho:train:225 - [epoch:3/3][loss:3.057851]
2023-10-27 00:19:47.453 | INFO     | ortho:train:228 - [iter:34/50][iter_time:41.86]
2023-10-27 00:21:52.893 | INFO     | ortho:train:298 - [iter:34/50][code_length:16][mAP:0.60535][mAP_all:0.57965][best_mAP:0.60535]
2023-10-27 00:21:52.894 | INFO     | ortho:train:299 - [iter:34/50][code_length:16][zs_mAP:0.28432][zs_mAP_all:0.09195]
2023-10-27 00:22:04.944 | INFO     | ortho:train:225 - [epoch:1/3][loss:3.290704]
2023-10-27 00:22:16.861 | INFO     | ortho:train:225 - [epoch:2/3][loss:3.108203]
2023-10-27 00:22:30.352 | INFO     | ortho:train:225 - [epoch:3/3][loss:2.996996]
2023-10-27 00:22:30.353 | INFO     | ortho:train:228 - [iter:35/50][iter_time:37.46]
2023-10-27 00:24:37.771 | INFO     | ortho:train:298 - [iter:35/50][code_length:16][mAP:0.60838][mAP_all:0.58281][best_mAP:0.60838]
2023-10-27 00:24:37.772 | INFO     | ortho:train:299 - [iter:35/50][code_length:16][zs_mAP:0.28552][zs_mAP_all:0.08953]
2023-10-27 00:24:50.807 | INFO     | ortho:train:225 - [epoch:1/3][loss:3.263625]
2023-10-27 00:25:13.111 | INFO     | ortho:train:225 - [epoch:2/3][loss:2.929079]
2023-10-27 00:25:46.367 | INFO     | ortho:train:225 - [epoch:3/3][loss:2.969900]
2023-10-27 00:25:46.368 | INFO     | ortho:train:228 - [iter:36/50][iter_time:68.60]
2023-10-27 00:27:45.051 | INFO     | ortho:train:298 - [iter:36/50][code_length:16][mAP:0.61423][mAP_all:0.58891][best_mAP:0.61423]
2023-10-27 00:27:45.052 | INFO     | ortho:train:299 - [iter:36/50][code_length:16][zs_mAP:0.28523][zs_mAP_all:0.09131]
2023-10-27 00:28:03.508 | INFO     | ortho:train:225 - [epoch:1/3][loss:3.110083]
2023-10-27 00:28:20.119 | INFO     | ortho:train:225 - [epoch:2/3][loss:2.958712]
2023-10-27 00:28:33.578 | INFO     | ortho:train:225 - [epoch:3/3][loss:2.880627]
2023-10-27 00:28:33.579 | INFO     | ortho:train:228 - [iter:37/50][iter_time:48.53]
2023-10-27 00:30:37.753 | INFO     | ortho:train:298 - [iter:37/50][code_length:16][mAP:0.62175][mAP_all:0.59643][best_mAP:0.62175]
2023-10-27 00:30:37.755 | INFO     | ortho:train:299 - [iter:37/50][code_length:16][zs_mAP:0.28265][zs_mAP_all:0.08761]
2023-10-27 00:30:50.939 | INFO     | ortho:train:225 - [epoch:1/3][loss:3.237270]
2023-10-27 00:31:04.845 | INFO     | ortho:train:225 - [epoch:2/3][loss:3.181073]
2023-10-27 00:31:17.170 | INFO     | ortho:train:225 - [epoch:3/3][loss:3.013904]
2023-10-27 00:31:17.171 | INFO     | ortho:train:228 - [iter:38/50][iter_time:39.42]
2023-10-27 00:33:19.213 | INFO     | ortho:train:298 - [iter:38/50][code_length:16][mAP:0.62244][mAP_all:0.59626][best_mAP:0.62244]
2023-10-27 00:33:19.214 | INFO     | ortho:train:299 - [iter:38/50][code_length:16][zs_mAP:0.29400][zs_mAP_all:0.09198]
2023-10-27 00:33:35.902 | INFO     | ortho:train:225 - [epoch:1/3][loss:3.123175]
2023-10-27 00:34:48.843 | INFO     | ortho:train:225 - [epoch:2/3][loss:3.051466]
2023-10-27 00:38:45.439 | INFO     | ortho:train:225 - [epoch:3/3][loss:2.940533]
2023-10-27 00:38:45.440 | INFO     | ortho:train:228 - [iter:39/50][iter_time:326.23]
2023-10-27 00:40:45.227 | INFO     | ortho:train:298 - [iter:39/50][code_length:16][mAP:0.62622][mAP_all:0.60012][best_mAP:0.62622]
2023-10-27 00:40:45.228 | INFO     | ortho:train:299 - [iter:39/50][code_length:16][zs_mAP:0.29030][zs_mAP_all:0.09007]
2023-10-27 00:41:14.705 | INFO     | ortho:train:225 - [epoch:1/3][loss:3.137919]
2023-10-27 00:41:53.062 | INFO     | ortho:train:225 - [epoch:2/3][loss:3.108754]
2023-10-27 00:43:19.708 | INFO     | ortho:train:225 - [epoch:3/3][loss:2.908750]
2023-10-27 00:43:19.709 | INFO     | ortho:train:228 - [iter:40/50][iter_time:154.48]
2023-10-27 00:45:22.984 | INFO     | ortho:train:298 - [iter:40/50][code_length:16][mAP:0.63021][mAP_all:0.60527][best_mAP:0.63021]
2023-10-27 00:45:22.986 | INFO     | ortho:train:299 - [iter:40/50][code_length:16][zs_mAP:0.28595][zs_mAP_all:0.09056]
2023-10-27 00:45:37.320 | INFO     | ortho:train:225 - [epoch:1/3][loss:3.133700]
2023-10-27 00:45:50.219 | INFO     | ortho:train:225 - [epoch:2/3][loss:3.049642]
2023-10-27 00:46:03.071 | INFO     | ortho:train:225 - [epoch:3/3][loss:2.940820]
2023-10-27 00:46:03.072 | INFO     | ortho:train:228 - [iter:41/50][iter_time:40.09]
2023-10-27 00:47:53.908 | INFO     | ortho:train:298 - [iter:41/50][code_length:16][mAP:0.62862][mAP_all:0.60318][best_mAP:0.63021]
2023-10-27 00:47:53.909 | INFO     | ortho:train:299 - [iter:41/50][code_length:16][zs_mAP:0.28160][zs_mAP_all:0.09178]
2023-10-27 00:50:54.571 | INFO     | ortho:train:225 - [epoch:1/3][loss:3.155300]
2023-10-27 00:51:11.883 | INFO     | ortho:train:225 - [epoch:2/3][loss:2.913818]
2023-10-27 00:51:29.847 | INFO     | ortho:train:225 - [epoch:3/3][loss:2.860445]
2023-10-27 00:51:29.847 | INFO     | ortho:train:228 - [iter:42/50][iter_time:215.94]
2023-10-27 00:53:34.213 | INFO     | ortho:train:298 - [iter:42/50][code_length:16][mAP:0.63769][mAP_all:0.61240][best_mAP:0.63769]
2023-10-27 00:53:34.215 | INFO     | ortho:train:299 - [iter:42/50][code_length:16][zs_mAP:0.29531][zs_mAP_all:0.09447]
2023-10-27 00:53:49.558 | INFO     | ortho:train:225 - [epoch:1/3][loss:3.108725]
2023-10-27 00:54:08.709 | INFO     | ortho:train:225 - [epoch:2/3][loss:2.956638]
2023-10-27 00:54:26.862 | INFO     | ortho:train:225 - [epoch:3/3][loss:2.802285]
2023-10-27 00:54:26.863 | INFO     | ortho:train:228 - [iter:43/50][iter_time:52.65]
2023-10-27 00:56:30.735 | INFO     | ortho:train:298 - [iter:43/50][code_length:16][mAP:0.64263][mAP_all:0.61717][best_mAP:0.64263]
2023-10-27 00:56:30.736 | INFO     | ortho:train:299 - [iter:43/50][code_length:16][zs_mAP:0.29187][zs_mAP_all:0.09546]
2023-10-27 00:56:43.236 | INFO     | ortho:train:225 - [epoch:1/3][loss:3.092691]
2023-10-27 00:57:36.754 | INFO     | ortho:train:225 - [epoch:2/3][loss:2.993930]
2023-10-27 01:00:33.091 | INFO     | ortho:train:225 - [epoch:3/3][loss:2.936904]
2023-10-27 01:00:33.092 | INFO     | ortho:train:228 - [iter:44/50][iter_time:242.36]
2023-10-27 01:02:29.344 | INFO     | ortho:train:298 - [iter:44/50][code_length:16][mAP:0.63619][mAP_all:0.61059][best_mAP:0.64263]
2023-10-27 01:02:29.345 | INFO     | ortho:train:299 - [iter:44/50][code_length:16][zs_mAP:0.28633][zs_mAP_all:0.08928]
2023-10-27 01:03:02.415 | INFO     | ortho:train:225 - [epoch:1/3][loss:3.154460]
2023-10-27 01:03:18.792 | INFO     | ortho:train:225 - [epoch:2/3][loss:2.965457]
2023-10-27 01:03:36.920 | INFO     | ortho:train:225 - [epoch:3/3][loss:2.882339]
2023-10-27 01:03:36.921 | INFO     | ortho:train:228 - [iter:45/50][iter_time:67.58]
2023-10-27 01:05:41.149 | INFO     | ortho:train:298 - [iter:45/50][code_length:16][mAP:0.64396][mAP_all:0.61890][best_mAP:0.64396]
2023-10-27 01:05:41.150 | INFO     | ortho:train:299 - [iter:45/50][code_length:16][zs_mAP:0.28957][zs_mAP_all:0.09218]
2023-10-27 01:05:54.607 | INFO     | ortho:train:225 - [epoch:1/3][loss:3.071325]
2023-10-27 01:06:18.914 | INFO     | ortho:train:225 - [epoch:2/3][loss:3.072025]
2023-10-27 01:06:33.018 | INFO     | ortho:train:225 - [epoch:3/3][loss:3.084427]
2023-10-27 01:06:33.018 | INFO     | ortho:train:228 - [iter:46/50][iter_time:51.87]
2023-10-27 01:08:37.026 | INFO     | ortho:train:298 - [iter:46/50][code_length:16][mAP:0.65054][mAP_all:0.62476][best_mAP:0.65054]
2023-10-27 01:08:37.027 | INFO     | ortho:train:299 - [iter:46/50][code_length:16][zs_mAP:0.29538][zs_mAP_all:0.09252]
2023-10-27 01:08:51.487 | INFO     | ortho:train:225 - [epoch:1/3][loss:2.997065]
2023-10-27 01:09:03.297 | INFO     | ortho:train:225 - [epoch:2/3][loss:3.017034]
2023-10-27 01:09:15.127 | INFO     | ortho:train:225 - [epoch:3/3][loss:2.952175]
2023-10-27 01:09:15.128 | INFO     | ortho:train:228 - [iter:47/50][iter_time:38.10]
2023-10-27 01:11:07.529 | INFO     | ortho:train:298 - [iter:47/50][code_length:16][mAP:0.65619][mAP_all:0.63170][best_mAP:0.65619]
2023-10-27 01:11:07.531 | INFO     | ortho:train:299 - [iter:47/50][code_length:16][zs_mAP:0.30069][zs_mAP_all:0.09552]
2023-10-27 01:11:19.564 | INFO     | ortho:train:225 - [epoch:1/3][loss:2.989933]
2023-10-27 01:11:31.548 | INFO     | ortho:train:225 - [epoch:2/3][loss:3.042601]
2023-10-27 01:11:44.190 | INFO     | ortho:train:225 - [epoch:3/3][loss:2.993601]
2023-10-27 01:11:44.190 | INFO     | ortho:train:228 - [iter:48/50][iter_time:36.66]
2023-10-27 01:13:46.931 | INFO     | ortho:train:298 - [iter:48/50][code_length:16][mAP:0.65965][mAP_all:0.63500][best_mAP:0.65965]
2023-10-27 01:13:46.932 | INFO     | ortho:train:299 - [iter:48/50][code_length:16][zs_mAP:0.29900][zs_mAP_all:0.09501]
2023-10-27 01:13:59.633 | INFO     | ortho:train:225 - [epoch:1/3][loss:3.070946]
2023-10-27 01:14:11.385 | INFO     | ortho:train:225 - [epoch:2/3][loss:2.914949]
2023-10-27 01:14:23.054 | INFO     | ortho:train:225 - [epoch:3/3][loss:2.941543]
2023-10-27 01:14:23.054 | INFO     | ortho:train:228 - [iter:49/50][iter_time:36.12]
2023-10-27 01:16:24.861 | INFO     | ortho:train:298 - [iter:49/50][code_length:16][mAP:0.65820][mAP_all:0.63332][best_mAP:0.65965]
2023-10-27 01:16:24.861 | INFO     | ortho:train:299 - [iter:49/50][code_length:16][zs_mAP:0.29599][zs_mAP_all:0.09282]
2023-10-27 01:16:37.884 | INFO     | ortho:train:225 - [epoch:1/3][loss:3.018256]
2023-10-27 01:16:51.645 | INFO     | ortho:train:225 - [epoch:2/3][loss:2.951464]
2023-10-27 01:17:45.940 | INFO     | ortho:train:225 - [epoch:3/3][loss:2.889565]
2023-10-27 01:17:45.940 | INFO     | ortho:train:228 - [iter:50/50][iter_time:81.08]
2023-10-27 01:19:44.252 | INFO     | ortho:train:298 - [iter:50/50][code_length:16][mAP:0.66436][mAP_all:0.63961][best_mAP:0.66436]
2023-10-27 01:19:44.254 | INFO     | ortho:train:299 - [iter:50/50][code_length:16][zs_mAP:0.30284][zs_mAP_all:0.09539]
2023-10-27 01:19:44.254 | INFO     | ortho:train:301 - [Training time:14138.06]
2023-10-27 01:19:44.261 | INFO     | __main__:run:126 - [code_length:16][map:0.6644][map_all:0.6396][zs_map:0.3028][zs_map_all:0.0954]
2023-10-27 01:19:58.156 | INFO     | ortho:train:225 - [epoch:1/3][loss:6.177356]
2023-10-27 01:20:10.224 | INFO     | ortho:train:225 - [epoch:2/3][loss:5.417848]
2023-10-27 01:20:23.181 | INFO     | ortho:train:225 - [epoch:3/3][loss:5.044797]
2023-10-27 01:20:23.182 | INFO     | ortho:train:228 - [iter:1/50][iter_time:38.21]
2023-10-27 01:22:25.994 | INFO     | ortho:train:298 - [iter:1/50][code_length:32][mAP:0.12339][mAP_all:0.11082][best_mAP:0.12339]
2023-10-27 01:22:25.995 | INFO     | ortho:train:299 - [iter:1/50][code_length:32][zs_mAP:0.20370][zs_mAP_all:0.06176]
2023-10-27 01:22:38.045 | INFO     | ortho:train:225 - [epoch:1/3][loss:5.121271]
2023-10-27 01:22:50.943 | INFO     | ortho:train:225 - [epoch:2/3][loss:4.786434]
2023-10-27 01:23:03.800 | INFO     | ortho:train:225 - [epoch:3/3][loss:4.559686]
2023-10-27 01:23:03.801 | INFO     | ortho:train:228 - [iter:2/50][iter_time:37.81]
2023-10-27 01:25:05.596 | INFO     | ortho:train:298 - [iter:2/50][code_length:32][mAP:0.18374][mAP_all:0.16683][best_mAP:0.18374]
2023-10-27 01:25:05.597 | INFO     | ortho:train:299 - [iter:2/50][code_length:32][zs_mAP:0.24291][zs_mAP_all:0.07723]
2023-10-27 01:25:28.371 | INFO     | ortho:train:225 - [epoch:1/3][loss:4.800779]
2023-10-27 01:26:42.060 | INFO     | ortho:train:225 - [epoch:2/3][loss:4.564668]
2023-10-27 01:28:09.590 | INFO     | ortho:train:225 - [epoch:3/3][loss:4.398650]
2023-10-27 01:28:09.590 | INFO     | ortho:train:228 - [iter:3/50][iter_time:183.99]
2023-10-27 01:30:11.343 | INFO     | ortho:train:298 - [iter:3/50][code_length:32][mAP:0.23055][mAP_all:0.21131][best_mAP:0.23055]
2023-10-27 01:30:11.344 | INFO     | ortho:train:299 - [iter:3/50][code_length:32][zs_mAP:0.26745][zs_mAP_all:0.08997]
2023-10-27 01:30:39.728 | INFO     | ortho:train:225 - [epoch:1/3][loss:4.482694]
2023-10-27 01:31:10.013 | INFO     | ortho:train:225 - [epoch:2/3][loss:4.256039]
2023-10-27 01:31:32.244 | INFO     | ortho:train:225 - [epoch:3/3][loss:4.038872]
2023-10-27 01:31:32.244 | INFO     | ortho:train:228 - [iter:4/50][iter_time:80.90]
2023-10-27 01:33:35.362 | INFO     | ortho:train:298 - [iter:4/50][code_length:32][mAP:0.28613][mAP_all:0.26417][best_mAP:0.28613]
2023-10-27 01:33:35.364 | INFO     | ortho:train:299 - [iter:4/50][code_length:32][zs_mAP:0.29020][zs_mAP_all:0.10264]
2023-10-27 01:33:48.232 | INFO     | ortho:train:225 - [epoch:1/3][loss:4.305506]
2023-10-27 01:34:00.975 | INFO     | ortho:train:225 - [epoch:2/3][loss:4.105562]
2023-10-27 01:34:13.952 | INFO     | ortho:train:225 - [epoch:3/3][loss:3.984395]
2023-10-27 01:34:13.953 | INFO     | ortho:train:228 - [iter:5/50][iter_time:38.59]
2023-10-27 01:36:05.367 | INFO     | ortho:train:298 - [iter:5/50][code_length:32][mAP:0.31452][mAP_all:0.29077][best_mAP:0.31452]
2023-10-27 01:36:05.368 | INFO     | ortho:train:299 - [iter:5/50][code_length:32][zs_mAP:0.30322][zs_mAP_all:0.10320]
2023-10-27 01:36:17.912 | INFO     | ortho:train:225 - [epoch:1/3][loss:4.175599]
2023-10-27 01:36:31.009 | INFO     | ortho:train:225 - [epoch:2/3][loss:3.969804]
2023-10-27 01:36:44.054 | INFO     | ortho:train:225 - [epoch:3/3][loss:3.767649]
2023-10-27 01:36:44.055 | INFO     | ortho:train:228 - [iter:6/50][iter_time:38.69]
2023-10-27 01:38:45.826 | INFO     | ortho:train:298 - [iter:6/50][code_length:32][mAP:0.36206][mAP_all:0.33614][best_mAP:0.36206]
2023-10-27 01:38:45.827 | INFO     | ortho:train:299 - [iter:6/50][code_length:32][zs_mAP:0.32245][zs_mAP_all:0.11706]
2023-10-27 01:38:58.556 | INFO     | ortho:train:225 - [epoch:1/3][loss:3.997020]
2023-10-27 01:39:11.399 | INFO     | ortho:train:225 - [epoch:2/3][loss:3.795362]
2023-10-27 01:39:35.764 | INFO     | ortho:train:225 - [epoch:3/3][loss:3.677937]
2023-10-27 01:39:35.765 | INFO     | ortho:train:228 - [iter:7/50][iter_time:49.94]
2023-10-27 01:41:40.160 | INFO     | ortho:train:298 - [iter:7/50][code_length:32][mAP:0.39561][mAP_all:0.36827][best_mAP:0.39561]
2023-10-27 01:41:40.161 | INFO     | ortho:train:299 - [iter:7/50][code_length:32][zs_mAP:0.33841][zs_mAP_all:0.12498]
2023-10-27 01:42:08.453 | INFO     | ortho:train:225 - [epoch:1/3][loss:3.866775]
2023-10-27 01:42:25.953 | INFO     | ortho:train:225 - [epoch:2/3][loss:3.624432]
2023-10-27 01:42:37.648 | INFO     | ortho:train:225 - [epoch:3/3][loss:3.530767]
2023-10-27 01:42:37.649 | INFO     | ortho:train:228 - [iter:8/50][iter_time:57.49]
2023-10-27 01:44:34.615 | INFO     | ortho:train:298 - [iter:8/50][code_length:32][mAP:0.43062][mAP_all:0.40176][best_mAP:0.43062]
2023-10-27 01:44:34.616 | INFO     | ortho:train:299 - [iter:8/50][code_length:32][zs_mAP:0.33765][zs_mAP_all:0.12375]
2023-10-27 01:44:47.028 | INFO     | ortho:train:225 - [epoch:1/3][loss:3.793140]
2023-10-27 01:44:59.879 | INFO     | ortho:train:225 - [epoch:2/3][loss:3.628730]
2023-10-27 01:45:12.328 | INFO     | ortho:train:225 - [epoch:3/3][loss:3.530750]
2023-10-27 01:45:12.329 | INFO     | ortho:train:228 - [iter:9/50][iter_time:37.71]
2023-10-27 01:47:15.419 | INFO     | ortho:train:298 - [iter:9/50][code_length:32][mAP:0.45777][mAP_all:0.42764][best_mAP:0.45777]
2023-10-27 01:47:15.420 | INFO     | ortho:train:299 - [iter:9/50][code_length:32][zs_mAP:0.34692][zs_mAP_all:0.12775]
2023-10-27 01:47:27.606 | INFO     | ortho:train:225 - [epoch:1/3][loss:3.673345]
2023-10-27 01:47:39.589 | INFO     | ortho:train:225 - [epoch:2/3][loss:3.488837]
2023-10-27 01:47:52.175 | INFO     | ortho:train:225 - [epoch:3/3][loss:3.402543]
2023-10-27 01:47:52.176 | INFO     | ortho:train:228 - [iter:10/50][iter_time:36.76]
2023-10-27 01:49:53.952 | INFO     | ortho:train:298 - [iter:10/50][code_length:32][mAP:0.47793][mAP_all:0.44721][best_mAP:0.47793]
2023-10-27 01:49:53.953 | INFO     | ortho:train:299 - [iter:10/50][code_length:32][zs_mAP:0.35780][zs_mAP_all:0.13383]
2023-10-27 01:50:06.352 | INFO     | ortho:train:225 - [epoch:1/3][loss:3.595711]
2023-10-27 01:50:55.693 | INFO     | ortho:train:225 - [epoch:2/3][loss:3.376648]
2023-10-27 01:52:38.457 | INFO     | ortho:train:225 - [epoch:3/3][loss:3.264783]
2023-10-27 01:52:38.458 | INFO     | ortho:train:228 - [iter:11/50][iter_time:164.50]
2023-10-27 01:54:39.383 | INFO     | ortho:train:298 - [iter:11/50][code_length:32][mAP:0.49806][mAP_all:0.46602][best_mAP:0.49806]
2023-10-27 01:54:39.384 | INFO     | ortho:train:299 - [iter:11/50][code_length:32][zs_mAP:0.36671][zs_mAP_all:0.13722]
2023-10-27 01:54:51.864 | INFO     | ortho:train:225 - [epoch:1/3][loss:3.524329]
2023-10-27 01:55:04.788 | INFO     | ortho:train:225 - [epoch:2/3][loss:3.326239]
2023-10-27 01:55:17.023 | INFO     | ortho:train:225 - [epoch:3/3][loss:3.244058]
2023-10-27 01:55:17.024 | INFO     | ortho:train:228 - [iter:12/50][iter_time:37.64]
2023-10-27 01:57:20.195 | INFO     | ortho:train:298 - [iter:12/50][code_length:32][mAP:0.51171][mAP_all:0.48017][best_mAP:0.51171]
2023-10-27 01:57:20.196 | INFO     | ortho:train:299 - [iter:12/50][code_length:32][zs_mAP:0.35927][zs_mAP_all:0.13061]
2023-10-27 01:57:32.733 | INFO     | ortho:train:225 - [epoch:1/3][loss:3.485207]
2023-10-27 01:57:45.340 | INFO     | ortho:train:225 - [epoch:2/3][loss:3.288749]
2023-10-27 01:57:58.246 | INFO     | ortho:train:225 - [epoch:3/3][loss:3.249692]
2023-10-27 01:57:58.246 | INFO     | ortho:train:228 - [iter:13/50][iter_time:38.05]
2023-10-27 01:59:57.511 | INFO     | ortho:train:298 - [iter:13/50][code_length:32][mAP:0.52791][mAP_all:0.49507][best_mAP:0.52791]
2023-10-27 01:59:57.513 | INFO     | ortho:train:299 - [iter:13/50][code_length:32][zs_mAP:0.36555][zs_mAP_all:0.13649]
2023-10-27 02:00:27.361 | INFO     | ortho:train:225 - [epoch:1/3][loss:3.404826]
2023-10-27 02:01:33.296 | INFO     | ortho:train:225 - [epoch:2/3][loss:3.174667]
2023-10-27 02:02:06.635 | INFO     | ortho:train:225 - [epoch:3/3][loss:3.116828]
2023-10-27 02:02:06.635 | INFO     | ortho:train:228 - [iter:14/50][iter_time:129.12]
2023-10-27 02:04:10.843 | INFO     | ortho:train:298 - [iter:14/50][code_length:32][mAP:0.54483][mAP_all:0.51118][best_mAP:0.54483]
2023-10-27 02:04:10.844 | INFO     | ortho:train:299 - [iter:14/50][code_length:32][zs_mAP:0.36804][zs_mAP_all:0.13563]
2023-10-27 02:04:37.988 | INFO     | ortho:train:225 - [epoch:1/3][loss:3.362976]
2023-10-27 02:05:07.914 | INFO     | ortho:train:225 - [epoch:2/3][loss:3.201220]
2023-10-27 02:05:22.617 | INFO     | ortho:train:225 - [epoch:3/3][loss:3.088403]
2023-10-27 02:05:22.618 | INFO     | ortho:train:228 - [iter:15/50][iter_time:71.77]
2023-10-27 02:07:27.160 | INFO     | ortho:train:298 - [iter:15/50][code_length:32][mAP:0.55598][mAP_all:0.52237][best_mAP:0.55598]
2023-10-27 02:07:27.161 | INFO     | ortho:train:299 - [iter:15/50][code_length:32][zs_mAP:0.37447][zs_mAP_all:0.13537]
2023-10-27 02:07:40.176 | INFO     | ortho:train:225 - [epoch:1/3][loss:3.210023]
2023-10-27 02:07:52.813 | INFO     | ortho:train:225 - [epoch:2/3][loss:3.063628]
2023-10-27 02:08:08.375 | INFO     | ortho:train:225 - [epoch:3/3][loss:2.985284]
2023-10-27 02:08:08.376 | INFO     | ortho:train:228 - [iter:16/50][iter_time:41.21]
2023-10-27 02:10:04.496 | INFO     | ortho:train:298 - [iter:16/50][code_length:32][mAP:0.57095][mAP_all:0.53626][best_mAP:0.57095]
2023-10-27 02:10:04.497 | INFO     | ortho:train:299 - [iter:16/50][code_length:32][zs_mAP:0.37712][zs_mAP_all:0.13775]
2023-10-27 02:10:17.572 | INFO     | ortho:train:225 - [epoch:1/3][loss:3.274985]
2023-10-27 02:10:30.283 | INFO     | ortho:train:225 - [epoch:2/3][loss:3.128502]
2023-10-27 02:10:42.299 | INFO     | ortho:train:225 - [epoch:3/3][loss:3.040179]
2023-10-27 02:10:42.300 | INFO     | ortho:train:228 - [iter:17/50][iter_time:37.80]
2023-10-27 02:12:44.837 | INFO     | ortho:train:298 - [iter:17/50][code_length:32][mAP:0.58109][mAP_all:0.54649][best_mAP:0.58109]
2023-10-27 02:12:44.838 | INFO     | ortho:train:299 - [iter:17/50][code_length:32][zs_mAP:0.37960][zs_mAP_all:0.14202]
2023-10-27 02:12:56.909 | INFO     | ortho:train:225 - [epoch:1/3][loss:3.226518]
2023-10-27 02:13:12.733 | INFO     | ortho:train:225 - [epoch:2/3][loss:3.072716]
2023-10-27 02:13:26.602 | INFO     | ortho:train:225 - [epoch:3/3][loss:2.938016]
2023-10-27 02:13:26.603 | INFO     | ortho:train:228 - [iter:18/50][iter_time:41.76]
2023-10-27 02:15:28.943 | INFO     | ortho:train:298 - [iter:18/50][code_length:32][mAP:0.59227][mAP_all:0.55675][best_mAP:0.59227]
2023-10-27 02:15:28.944 | INFO     | ortho:train:299 - [iter:18/50][code_length:32][zs_mAP:0.38120][zs_mAP_all:0.14269]
2023-10-27 02:16:00.645 | INFO     | ortho:train:225 - [epoch:1/3][loss:3.170863]
2023-10-27 02:16:18.641 | INFO     | ortho:train:225 - [epoch:2/3][loss:3.074515]
2023-10-27 02:16:38.012 | INFO     | ortho:train:225 - [epoch:3/3][loss:2.967720]
2023-10-27 02:16:38.013 | INFO     | ortho:train:228 - [iter:19/50][iter_time:69.07]
2023-10-27 02:18:42.814 | INFO     | ortho:train:298 - [iter:19/50][code_length:32][mAP:0.60052][mAP_all:0.56561][best_mAP:0.60052]
2023-10-27 02:18:42.816 | INFO     | ortho:train:299 - [iter:19/50][code_length:32][zs_mAP:0.37586][zs_mAP_all:0.13811]
2023-10-27 02:18:55.150 | INFO     | ortho:train:225 - [epoch:1/3][loss:3.144470]
2023-10-27 02:19:07.439 | INFO     | ortho:train:225 - [epoch:2/3][loss:3.063964]
2023-10-27 02:19:20.153 | INFO     | ortho:train:225 - [epoch:3/3][loss:2.911806]
2023-10-27 02:19:20.154 | INFO     | ortho:train:228 - [iter:20/50][iter_time:37.34]
2023-10-27 02:21:27.007 | INFO     | ortho:train:298 - [iter:20/50][code_length:32][mAP:0.60848][mAP_all:0.57296][best_mAP:0.60848]
2023-10-27 02:21:27.008 | INFO     | ortho:train:299 - [iter:20/50][code_length:32][zs_mAP:0.38498][zs_mAP_all:0.14566]
2023-10-27 02:21:43.939 | INFO     | ortho:train:225 - [epoch:1/3][loss:3.079219]
2023-10-27 02:22:13.661 | INFO     | ortho:train:225 - [epoch:2/3][loss:2.935526]
2023-10-27 02:22:46.715 | INFO     | ortho:train:225 - [epoch:3/3][loss:2.851467]
2023-10-27 02:22:46.716 | INFO     | ortho:train:228 - [iter:21/50][iter_time:79.71]
2023-10-27 02:24:37.428 | INFO     | ortho:train:298 - [iter:21/50][code_length:32][mAP:0.61737][mAP_all:0.58132][best_mAP:0.61737]
2023-10-27 02:24:37.430 | INFO     | ortho:train:299 - [iter:21/50][code_length:32][zs_mAP:0.38306][zs_mAP_all:0.14056]
2023-10-27 02:24:57.338 | INFO     | ortho:train:225 - [epoch:1/3][loss:3.066073]
2023-10-27 02:25:25.952 | INFO     | ortho:train:225 - [epoch:2/3][loss:2.969755]
2023-10-27 02:25:39.368 | INFO     | ortho:train:225 - [epoch:3/3][loss:2.853455]
2023-10-27 02:25:39.369 | INFO     | ortho:train:228 - [iter:22/50][iter_time:61.94]
2023-10-27 02:27:42.208 | INFO     | ortho:train:298 - [iter:22/50][code_length:32][mAP:0.62262][mAP_all:0.58662][best_mAP:0.62262]
2023-10-27 02:27:42.209 | INFO     | ortho:train:299 - [iter:22/50][code_length:32][zs_mAP:0.38643][zs_mAP_all:0.14389]
2023-10-27 02:27:54.726 | INFO     | ortho:train:225 - [epoch:1/3][loss:3.067398]
2023-10-27 02:28:07.884 | INFO     | ortho:train:225 - [epoch:2/3][loss:2.910985]
2023-10-27 02:28:21.008 | INFO     | ortho:train:225 - [epoch:3/3][loss:2.770875]
2023-10-27 02:28:21.009 | INFO     | ortho:train:228 - [iter:23/50][iter_time:38.80]
2023-10-27 02:30:26.656 | INFO     | ortho:train:298 - [iter:23/50][code_length:32][mAP:0.63136][mAP_all:0.59572][best_mAP:0.63136]
2023-10-27 02:30:26.658 | INFO     | ortho:train:299 - [iter:23/50][code_length:32][zs_mAP:0.38495][zs_mAP_all:0.14658]
2023-10-27 02:30:39.277 | INFO     | ortho:train:225 - [epoch:1/3][loss:3.135428]
2023-10-27 02:30:51.814 | INFO     | ortho:train:225 - [epoch:2/3][loss:3.042964]
2023-10-27 02:31:56.712 | INFO     | ortho:train:225 - [epoch:3/3][loss:2.862943]
2023-10-27 02:31:56.713 | INFO     | ortho:train:228 - [iter:24/50][iter_time:90.05]
2023-10-27 02:33:54.413 | INFO     | ortho:train:298 - [iter:24/50][code_length:32][mAP:0.63227][mAP_all:0.59675][best_mAP:0.63227]
2023-10-27 02:33:54.414 | INFO     | ortho:train:299 - [iter:24/50][code_length:32][zs_mAP:0.37884][zs_mAP_all:0.14018]
2023-10-27 02:34:09.353 | INFO     | ortho:train:225 - [epoch:1/3][loss:3.038598]
2023-10-27 02:34:23.434 | INFO     | ortho:train:225 - [epoch:2/3][loss:2.923011]
2023-10-27 02:34:35.824 | INFO     | ortho:train:225 - [epoch:3/3][loss:2.827317]
2023-10-27 02:34:35.825 | INFO     | ortho:train:228 - [iter:25/50][iter_time:41.41]
2023-10-27 02:36:39.448 | INFO     | ortho:train:298 - [iter:25/50][code_length:32][mAP:0.64258][mAP_all:0.60558][best_mAP:0.64258]
2023-10-27 02:36:39.449 | INFO     | ortho:train:299 - [iter:25/50][code_length:32][zs_mAP:0.39483][zs_mAP_all:0.14725]
2023-10-27 02:36:51.624 | INFO     | ortho:train:225 - [epoch:1/3][loss:2.944451]
2023-10-27 02:37:04.104 | INFO     | ortho:train:225 - [epoch:2/3][loss:2.811349]
2023-10-27 02:37:17.011 | INFO     | ortho:train:225 - [epoch:3/3][loss:2.643494]
2023-10-27 02:37:17.012 | INFO     | ortho:train:228 - [iter:26/50][iter_time:37.56]
2023-10-27 02:39:19.407 | INFO     | ortho:train:298 - [iter:26/50][code_length:32][mAP:0.64819][mAP_all:0.61250][best_mAP:0.64819]
2023-10-27 02:39:19.408 | INFO     | ortho:train:299 - [iter:26/50][code_length:32][zs_mAP:0.39203][zs_mAP_all:0.14387]
2023-10-27 02:39:35.273 | INFO     | ortho:train:225 - [epoch:1/3][loss:2.980859]
2023-10-27 02:39:50.990 | INFO     | ortho:train:225 - [epoch:2/3][loss:2.790723]
2023-10-27 02:40:07.608 | INFO     | ortho:train:225 - [epoch:3/3][loss:2.693140]
2023-10-27 02:40:07.609 | INFO     | ortho:train:228 - [iter:27/50][iter_time:48.20]
2023-10-27 02:42:10.471 | INFO     | ortho:train:298 - [iter:27/50][code_length:32][mAP:0.64932][mAP_all:0.61298][best_mAP:0.64932]
2023-10-27 02:42:10.471 | INFO     | ortho:train:299 - [iter:27/50][code_length:32][zs_mAP:0.38565][zs_mAP_all:0.14405]
2023-10-27 02:42:23.039 | INFO     | ortho:train:225 - [epoch:1/3][loss:2.990090]
2023-10-27 02:42:36.098 | INFO     | ortho:train:225 - [epoch:2/3][loss:2.924885]
2023-10-27 02:42:56.402 | INFO     | ortho:train:225 - [epoch:3/3][loss:2.695088]
2023-10-27 02:42:56.403 | INFO     | ortho:train:228 - [iter:28/50][iter_time:45.93]
2023-10-27 02:45:02.278 | INFO     | ortho:train:298 - [iter:28/50][code_length:32][mAP:0.65298][mAP_all:0.61722][best_mAP:0.65298]
2023-10-27 02:45:02.279 | INFO     | ortho:train:299 - [iter:28/50][code_length:32][zs_mAP:0.38140][zs_mAP_all:0.13880]
2023-10-27 02:45:23.575 | INFO     | ortho:train:225 - [epoch:1/3][loss:2.958703]
2023-10-27 02:45:36.426 | INFO     | ortho:train:225 - [epoch:2/3][loss:2.779142]
2023-10-27 02:45:49.076 | INFO     | ortho:train:225 - [epoch:3/3][loss:2.700827]
2023-10-27 02:45:49.077 | INFO     | ortho:train:228 - [iter:29/50][iter_time:46.80]
2023-10-27 02:47:42.130 | INFO     | ortho:train:298 - [iter:29/50][code_length:32][mAP:0.65873][mAP_all:0.62270][best_mAP:0.65873]
2023-10-27 02:47:42.132 | INFO     | ortho:train:299 - [iter:29/50][code_length:32][zs_mAP:0.38909][zs_mAP_all:0.14231]
2023-10-27 02:47:54.560 | INFO     | ortho:train:225 - [epoch:1/3][loss:2.927712]
2023-10-27 02:48:06.937 | INFO     | ortho:train:225 - [epoch:2/3][loss:2.788265]
2023-10-27 02:48:19.624 | INFO     | ortho:train:225 - [epoch:3/3][loss:2.731342]
2023-10-27 02:48:19.624 | INFO     | ortho:train:228 - [iter:30/50][iter_time:37.49]
2023-10-27 02:50:21.721 | INFO     | ortho:train:298 - [iter:30/50][code_length:32][mAP:0.66421][mAP_all:0.62812][best_mAP:0.66421]
2023-10-27 02:50:21.722 | INFO     | ortho:train:299 - [iter:30/50][code_length:32][zs_mAP:0.39141][zs_mAP_all:0.14105]
2023-10-27 02:50:34.673 | INFO     | ortho:train:225 - [epoch:1/3][loss:2.928137]
2023-10-27 02:50:48.072 | INFO     | ortho:train:225 - [epoch:2/3][loss:2.798829]
2023-10-27 02:51:03.840 | INFO     | ortho:train:225 - [epoch:3/3][loss:2.674561]
2023-10-27 02:51:03.840 | INFO     | ortho:train:228 - [iter:31/50][iter_time:42.12]
2023-10-27 02:53:08.435 | INFO     | ortho:train:298 - [iter:31/50][code_length:32][mAP:0.66344][mAP_all:0.62754][best_mAP:0.66421]
2023-10-27 02:53:08.436 | INFO     | ortho:train:299 - [iter:31/50][code_length:32][zs_mAP:0.38090][zs_mAP_all:0.13670]
2023-10-27 02:53:36.212 | INFO     | ortho:train:225 - [epoch:1/3][loss:2.852462]
2023-10-27 02:54:01.380 | INFO     | ortho:train:225 - [epoch:2/3][loss:2.747273]
2023-10-27 02:54:55.923 | INFO     | ortho:train:225 - [epoch:3/3][loss:2.633049]
2023-10-27 02:54:55.924 | INFO     | ortho:train:228 - [iter:32/50][iter_time:107.49]
2023-10-27 02:56:54.279 | INFO     | ortho:train:298 - [iter:32/50][code_length:32][mAP:0.67050][mAP_all:0.63494][best_mAP:0.67050]
2023-10-27 02:56:54.280 | INFO     | ortho:train:299 - [iter:32/50][code_length:32][zs_mAP:0.38420][zs_mAP_all:0.13883]
2023-10-27 02:57:19.645 | INFO     | ortho:train:225 - [epoch:1/3][loss:2.829322]
2023-10-27 02:57:32.295 | INFO     | ortho:train:225 - [epoch:2/3][loss:2.711977]
2023-10-27 02:57:44.774 | INFO     | ortho:train:225 - [epoch:3/3][loss:2.615493]
2023-10-27 02:57:44.775 | INFO     | ortho:train:228 - [iter:33/50][iter_time:50.49]
2023-10-27 02:59:52.117 | INFO     | ortho:train:298 - [iter:33/50][code_length:32][mAP:0.67309][mAP_all:0.63732][best_mAP:0.67309]
2023-10-27 02:59:52.119 | INFO     | ortho:train:299 - [iter:33/50][code_length:32][zs_mAP:0.38797][zs_mAP_all:0.14015]
2023-10-27 03:00:04.548 | INFO     | ortho:train:225 - [epoch:1/3][loss:2.886615]
2023-10-27 03:00:16.521 | INFO     | ortho:train:225 - [epoch:2/3][loss:2.836171]
2023-10-27 03:00:28.891 | INFO     | ortho:train:225 - [epoch:3/3][loss:2.701584]
2023-10-27 03:00:28.892 | INFO     | ortho:train:228 - [iter:34/50][iter_time:36.77]
2023-10-27 03:02:27.982 | INFO     | ortho:train:298 - [iter:34/50][code_length:32][mAP:0.68474][mAP_all:0.64866][best_mAP:0.68474]
2023-10-27 03:02:27.983 | INFO     | ortho:train:299 - [iter:34/50][code_length:32][zs_mAP:0.39197][zs_mAP_all:0.13899]
2023-10-27 03:02:44.942 | INFO     | ortho:train:225 - [epoch:1/3][loss:2.782868]
2023-10-27 03:03:12.125 | INFO     | ortho:train:225 - [epoch:2/3][loss:2.658597]
2023-10-27 03:03:42.335 | INFO     | ortho:train:225 - [epoch:3/3][loss:2.543549]
2023-10-27 03:03:42.336 | INFO     | ortho:train:228 - [iter:35/50][iter_time:74.35]
2023-10-27 03:05:48.489 | INFO     | ortho:train:298 - [iter:35/50][code_length:32][mAP:0.68310][mAP_all:0.64727][best_mAP:0.68474]
2023-10-27 03:05:48.490 | INFO     | ortho:train:299 - [iter:35/50][code_length:32][zs_mAP:0.38318][zs_mAP_all:0.13741]
2023-10-27 03:06:02.760 | INFO     | ortho:train:225 - [epoch:1/3][loss:2.895731]
2023-10-27 03:06:15.032 | INFO     | ortho:train:225 - [epoch:2/3][loss:2.717686]
2023-10-27 03:06:28.316 | INFO     | ortho:train:225 - [epoch:3/3][loss:2.607088]
2023-10-27 03:06:28.317 | INFO     | ortho:train:228 - [iter:36/50][iter_time:39.83]
2023-10-27 03:08:31.251 | INFO     | ortho:train:298 - [iter:36/50][code_length:32][mAP:0.68648][mAP_all:0.65089][best_mAP:0.68648]
2023-10-27 03:08:31.253 | INFO     | ortho:train:299 - [iter:36/50][code_length:32][zs_mAP:0.38382][zs_mAP_all:0.14025]
2023-10-27 03:08:43.945 | INFO     | ortho:train:225 - [epoch:1/3][loss:2.739196]
2023-10-27 03:08:56.359 | INFO     | ortho:train:225 - [epoch:2/3][loss:2.625836]
2023-10-27 03:09:09.844 | INFO     | ortho:train:225 - [epoch:3/3][loss:2.564612]
2023-10-27 03:09:09.845 | INFO     | ortho:train:228 - [iter:37/50][iter_time:38.59]
2023-10-27 03:11:04.054 | INFO     | ortho:train:298 - [iter:37/50][code_length:32][mAP:0.69205][mAP_all:0.65529][best_mAP:0.69205]
2023-10-27 03:11:04.055 | INFO     | ortho:train:299 - [iter:37/50][code_length:32][zs_mAP:0.39257][zs_mAP_all:0.14445]
2023-10-27 03:11:16.706 | INFO     | ortho:train:225 - [epoch:1/3][loss:2.774596]
2023-10-27 03:11:28.905 | INFO     | ortho:train:225 - [epoch:2/3][loss:2.560296]
2023-10-27 03:11:45.879 | INFO     | ortho:train:225 - [epoch:3/3][loss:2.561029]
2023-10-27 03:11:45.880 | INFO     | ortho:train:228 - [iter:38/50][iter_time:41.82]
2023-10-27 03:13:47.944 | INFO     | ortho:train:298 - [iter:38/50][code_length:32][mAP:0.69158][mAP_all:0.65647][best_mAP:0.69205]
2023-10-27 03:13:47.945 | INFO     | ortho:train:299 - [iter:38/50][code_length:32][zs_mAP:0.39243][zs_mAP_all:0.14296]
2023-10-27 03:14:18.059 | INFO     | ortho:train:225 - [epoch:1/3][loss:2.891973]
2023-10-27 03:14:46.585 | INFO     | ortho:train:225 - [epoch:2/3][loss:2.700073]
2023-10-27 03:15:14.376 | INFO     | ortho:train:225 - [epoch:3/3][loss:2.547699]
2023-10-27 03:15:14.377 | INFO     | ortho:train:228 - [iter:39/50][iter_time:86.43]
2023-10-27 03:17:17.395 | INFO     | ortho:train:298 - [iter:39/50][code_length:32][mAP:0.69404][mAP_all:0.65746][best_mAP:0.69404]
2023-10-27 03:17:17.397 | INFO     | ortho:train:299 - [iter:39/50][code_length:32][zs_mAP:0.39686][zs_mAP_all:0.14273]
2023-10-27 03:17:39.867 | INFO     | ortho:train:225 - [epoch:1/3][loss:2.796555]
2023-10-27 03:18:17.563 | INFO     | ortho:train:225 - [epoch:2/3][loss:2.608113]
2023-10-27 03:18:46.301 | INFO     | ortho:train:225 - [epoch:3/3][loss:2.562498]
2023-10-27 03:18:46.302 | INFO     | ortho:train:228 - [iter:40/50][iter_time:88.91]
2023-10-27 03:20:43.530 | INFO     | ortho:train:298 - [iter:40/50][code_length:32][mAP:0.69962][mAP_all:0.66347][best_mAP:0.69962]
2023-10-27 03:20:43.531 | INFO     | ortho:train:299 - [iter:40/50][code_length:32][zs_mAP:0.39052][zs_mAP_all:0.14341]
2023-10-27 03:20:56.569 | INFO     | ortho:train:225 - [epoch:1/3][loss:2.760220]
2023-10-27 03:21:09.325 | INFO     | ortho:train:225 - [epoch:2/3][loss:2.691595]
2023-10-27 03:21:22.155 | INFO     | ortho:train:225 - [epoch:3/3][loss:2.566506]
2023-10-27 03:21:22.155 | INFO     | ortho:train:228 - [iter:41/50][iter_time:38.62]
2023-10-27 03:23:28.003 | INFO     | ortho:train:298 - [iter:41/50][code_length:32][mAP:0.70486][mAP_all:0.66759][best_mAP:0.70486]
2023-10-27 03:23:28.004 | INFO     | ortho:train:299 - [iter:41/50][code_length:32][zs_mAP:0.38462][zs_mAP_all:0.13860]
2023-10-27 03:23:41.671 | INFO     | ortho:train:225 - [epoch:1/3][loss:2.723895]
2023-10-27 03:24:02.995 | INFO     | ortho:train:225 - [epoch:2/3][loss:2.515370]
2023-10-27 03:24:18.760 | INFO     | ortho:train:225 - [epoch:3/3][loss:2.441734]
2023-10-27 03:24:18.761 | INFO     | ortho:train:228 - [iter:42/50][iter_time:50.76]
2023-10-27 03:26:13.228 | INFO     | ortho:train:298 - [iter:42/50][code_length:32][mAP:0.70078][mAP_all:0.66432][best_mAP:0.70486]
2023-10-27 03:26:13.229 | INFO     | ortho:train:299 - [iter:42/50][code_length:32][zs_mAP:0.39143][zs_mAP_all:0.14294]
2023-10-27 03:27:36.041 | INFO     | ortho:train:225 - [epoch:1/3][loss:2.680301]
2023-10-27 03:28:02.389 | INFO     | ortho:train:225 - [epoch:2/3][loss:2.634908]
2023-10-27 03:28:18.871 | INFO     | ortho:train:225 - [epoch:3/3][loss:2.564216]
2023-10-27 03:28:18.872 | INFO     | ortho:train:228 - [iter:43/50][iter_time:125.64]
2023-10-27 03:30:24.340 | INFO     | ortho:train:298 - [iter:43/50][code_length:32][mAP:0.70073][mAP_all:0.66617][best_mAP:0.70486]
2023-10-27 03:30:24.341 | INFO     | ortho:train:299 - [iter:43/50][code_length:32][zs_mAP:0.39280][zs_mAP_all:0.14072]
2023-10-27 03:30:36.528 | INFO     | ortho:train:225 - [epoch:1/3][loss:2.702845]
2023-10-27 03:30:48.427 | INFO     | ortho:train:225 - [epoch:2/3][loss:2.583181]
2023-10-27 03:31:00.355 | INFO     | ortho:train:225 - [epoch:3/3][loss:2.502670]
2023-10-27 03:31:00.356 | INFO     | ortho:train:228 - [iter:44/50][iter_time:36.02]
2023-10-27 03:33:04.265 | INFO     | ortho:train:298 - [iter:44/50][code_length:32][mAP:0.70898][mAP_all:0.67271][best_mAP:0.70898]
2023-10-27 03:33:04.267 | INFO     | ortho:train:299 - [iter:44/50][code_length:32][zs_mAP:0.39520][zs_mAP_all:0.14227]
2023-10-27 03:33:17.985 | INFO     | ortho:train:225 - [epoch:1/3][loss:2.723912]
2023-10-27 03:33:30.278 | INFO     | ortho:train:225 - [epoch:2/3][loss:2.580950]
2023-10-27 03:33:52.808 | INFO     | ortho:train:225 - [epoch:3/3][loss:2.484761]
2023-10-27 03:33:52.809 | INFO     | ortho:train:228 - [iter:45/50][iter_time:48.54]
2023-10-27 03:35:48.323 | INFO     | ortho:train:298 - [iter:45/50][code_length:32][mAP:0.70985][mAP_all:0.67529][best_mAP:0.70985]
2023-10-27 03:35:48.324 | INFO     | ortho:train:299 - [iter:45/50][code_length:32][zs_mAP:0.39379][zs_mAP_all:0.14142]
2023-10-27 03:36:00.876 | INFO     | ortho:train:225 - [epoch:1/3][loss:2.703419]
2023-10-27 03:36:15.311 | INFO     | ortho:train:225 - [epoch:2/3][loss:2.782395]
2023-10-27 03:36:38.713 | INFO     | ortho:train:225 - [epoch:3/3][loss:2.637972]
2023-10-27 03:36:38.714 | INFO     | ortho:train:228 - [iter:46/50][iter_time:50.39]
2023-10-27 03:38:42.509 | INFO     | ortho:train:298 - [iter:46/50][code_length:32][mAP:0.71651][mAP_all:0.68091][best_mAP:0.71651]
2023-10-27 03:38:42.510 | INFO     | ortho:train:299 - [iter:46/50][code_length:32][zs_mAP:0.39031][zs_mAP_all:0.14033]
2023-10-27 03:38:55.640 | INFO     | ortho:train:225 - [epoch:1/3][loss:2.635476]
2023-10-27 03:39:08.985 | INFO     | ortho:train:225 - [epoch:2/3][loss:2.646293]
2023-10-27 03:39:21.469 | INFO     | ortho:train:225 - [epoch:3/3][loss:2.542717]
2023-10-27 03:39:21.469 | INFO     | ortho:train:228 - [iter:47/50][iter_time:38.96]
2023-10-27 03:41:24.532 | INFO     | ortho:train:298 - [iter:47/50][code_length:32][mAP:0.71837][mAP_all:0.68314][best_mAP:0.71837]
2023-10-27 03:41:24.534 | INFO     | ortho:train:299 - [iter:47/50][code_length:32][zs_mAP:0.39798][zs_mAP_all:0.14216]
2023-10-27 03:41:37.076 | INFO     | ortho:train:225 - [epoch:1/3][loss:2.607267]
2023-10-27 03:41:49.745 | INFO     | ortho:train:225 - [epoch:2/3][loss:2.645601]
2023-10-27 03:42:02.375 | INFO     | ortho:train:225 - [epoch:3/3][loss:2.515130]
2023-10-27 03:42:02.376 | INFO     | ortho:train:228 - [iter:48/50][iter_time:37.84]
2023-10-27 03:43:55.353 | INFO     | ortho:train:298 - [iter:48/50][code_length:32][mAP:0.72140][mAP_all:0.68599][best_mAP:0.72140]
2023-10-27 03:43:55.355 | INFO     | ortho:train:299 - [iter:48/50][code_length:32][zs_mAP:0.39828][zs_mAP_all:0.14500]
2023-10-27 03:44:08.326 | INFO     | ortho:train:225 - [epoch:1/3][loss:2.634641]
2023-10-27 03:44:20.966 | INFO     | ortho:train:225 - [epoch:2/3][loss:2.525927]
2023-10-27 03:44:33.856 | INFO     | ortho:train:225 - [epoch:3/3][loss:2.503360]
2023-10-27 03:44:33.857 | INFO     | ortho:train:228 - [iter:49/50][iter_time:38.50]
2023-10-27 03:46:37.552 | INFO     | ortho:train:298 - [iter:49/50][code_length:32][mAP:0.72409][mAP_all:0.68895][best_mAP:0.72409]
2023-10-27 03:46:37.554 | INFO     | ortho:train:299 - [iter:49/50][code_length:32][zs_mAP:0.39926][zs_mAP_all:0.14443]
2023-10-27 03:46:52.147 | INFO     | ortho:train:225 - [epoch:1/3][loss:2.625598]
2023-10-27 03:47:14.152 | INFO     | ortho:train:225 - [epoch:2/3][loss:2.595781]
2023-10-27 03:47:38.710 | INFO     | ortho:train:225 - [epoch:3/3][loss:2.574524]
2023-10-27 03:47:38.711 | INFO     | ortho:train:228 - [iter:50/50][iter_time:61.16]
2023-10-27 03:49:42.869 | INFO     | ortho:train:298 - [iter:50/50][code_length:32][mAP:0.72667][mAP_all:0.69167][best_mAP:0.72667]
2023-10-27 03:49:42.871 | INFO     | ortho:train:299 - [iter:50/50][code_length:32][zs_mAP:0.39856][zs_mAP_all:0.14155]
2023-10-27 03:49:42.872 | INFO     | ortho:train:301 - [Training time:8997.90]
2023-10-27 03:49:42.875 | INFO     | __main__:run:126 - [code_length:32][map:0.7267][map_all:0.6917][zs_map:0.3986][zs_map_all:0.1416]
2023-10-27 03:50:08.584 | INFO     | ortho:train:225 - [epoch:1/3][loss:5.954064]
2023-10-27 03:50:52.842 | INFO     | ortho:train:225 - [epoch:2/3][loss:5.320900]
2023-10-27 03:51:29.215 | INFO     | ortho:train:225 - [epoch:3/3][loss:4.987716]
2023-10-27 03:51:29.216 | INFO     | ortho:train:228 - [iter:1/50][iter_time:105.59]
2023-10-27 03:53:28.301 | INFO     | ortho:train:298 - [iter:1/50][code_length:64][mAP:0.14833][mAP_all:0.13126][best_mAP:0.14833]
2023-10-27 03:53:28.302 | INFO     | ortho:train:299 - [iter:1/50][code_length:64][zs_mAP:0.23898][zs_mAP_all:0.08940]
2023-10-27 03:53:41.157 | INFO     | ortho:train:225 - [epoch:1/3][loss:4.976586]
2023-10-27 03:53:53.937 | INFO     | ortho:train:225 - [epoch:2/3][loss:4.693905]
2023-10-27 03:54:06.209 | INFO     | ortho:train:225 - [epoch:3/3][loss:4.490146]
2023-10-27 03:54:06.210 | INFO     | ortho:train:228 - [iter:2/50][iter_time:37.91]
2023-10-27 03:56:09.876 | INFO     | ortho:train:298 - [iter:2/50][code_length:64][mAP:0.21090][mAP_all:0.18889][best_mAP:0.21090]
2023-10-27 03:56:09.877 | INFO     | ortho:train:299 - [iter:2/50][code_length:64][zs_mAP:0.29333][zs_mAP_all:0.11433]
2023-10-27 03:56:30.333 | INFO     | ortho:train:225 - [epoch:1/3][loss:4.607901]
2023-10-27 03:56:45.480 | INFO     | ortho:train:225 - [epoch:2/3][loss:4.383388]
2023-10-27 03:57:02.713 | INFO     | ortho:train:225 - [epoch:3/3][loss:4.192982]
2023-10-27 03:57:02.713 | INFO     | ortho:train:228 - [iter:3/50][iter_time:52.84]
2023-10-27 03:58:58.306 | INFO     | ortho:train:298 - [iter:3/50][code_length:64][mAP:0.28148][mAP_all:0.25494][best_mAP:0.28148]
2023-10-27 03:58:58.307 | INFO     | ortho:train:299 - [iter:3/50][code_length:64][zs_mAP:0.34165][zs_mAP_all:0.13849]
2023-10-27 04:00:20.183 | INFO     | ortho:train:225 - [epoch:1/3][loss:4.289158]
2023-10-27 04:00:41.122 | INFO     | ortho:train:225 - [epoch:2/3][loss:4.096552]
2023-10-27 04:00:53.068 | INFO     | ortho:train:225 - [epoch:3/3][loss:3.909355]
2023-10-27 04:00:53.069 | INFO     | ortho:train:228 - [iter:4/50][iter_time:114.76]
2023-10-27 04:02:56.424 | INFO     | ortho:train:298 - [iter:4/50][code_length:64][mAP:0.33652][mAP_all:0.30793][best_mAP:0.33652]
2023-10-27 04:02:56.426 | INFO     | ortho:train:299 - [iter:4/50][code_length:64][zs_mAP:0.36872][zs_mAP_all:0.14969]
2023-10-27 04:03:08.090 | INFO     | ortho:train:225 - [epoch:1/3][loss:4.115614]
2023-10-27 04:03:20.290 | INFO     | ortho:train:225 - [epoch:2/3][loss:3.940641]
2023-10-27 04:03:32.008 | INFO     | ortho:train:225 - [epoch:3/3][loss:3.759706]
2023-10-27 04:03:32.008 | INFO     | ortho:train:228 - [iter:5/50][iter_time:35.58]
2023-10-27 04:05:37.379 | INFO     | ortho:train:298 - [iter:5/50][code_length:64][mAP:0.38429][mAP_all:0.35349][best_mAP:0.38429]
2023-10-27 04:05:37.380 | INFO     | ortho:train:299 - [iter:5/50][code_length:64][zs_mAP:0.38580][zs_mAP_all:0.16251]
2023-10-27 04:05:49.793 | INFO     | ortho:train:225 - [epoch:1/3][loss:3.927675]
2023-10-27 04:06:02.128 | INFO     | ortho:train:225 - [epoch:2/3][loss:3.820006]
2023-10-27 04:06:35.532 | INFO     | ortho:train:225 - [epoch:3/3][loss:3.641759]
2023-10-27 04:06:35.532 | INFO     | ortho:train:228 - [iter:6/50][iter_time:58.15]
2023-10-27 04:08:30.739 | INFO     | ortho:train:298 - [iter:6/50][code_length:64][mAP:0.41816][mAP_all:0.38626][best_mAP:0.41816]
2023-10-27 04:08:30.741 | INFO     | ortho:train:299 - [iter:6/50][code_length:64][zs_mAP:0.39944][zs_mAP_all:0.16949]
2023-10-27 04:08:44.057 | INFO     | ortho:train:225 - [epoch:1/3][loss:3.768016]
2023-10-27 04:09:03.450 | INFO     | ortho:train:225 - [epoch:2/3][loss:3.620875]
2023-10-27 04:09:31.399 | INFO     | ortho:train:225 - [epoch:3/3][loss:3.452899]
2023-10-27 04:09:31.400 | INFO     | ortho:train:228 - [iter:7/50][iter_time:60.66]
2023-10-27 04:11:33.828 | INFO     | ortho:train:298 - [iter:7/50][code_length:64][mAP:0.45096][mAP_all:0.41863][best_mAP:0.45096]
2023-10-27 04:11:33.830 | INFO     | ortho:train:299 - [iter:7/50][code_length:64][zs_mAP:0.40694][zs_mAP_all:0.16747]
2023-10-27 04:12:00.185 | INFO     | ortho:train:225 - [epoch:1/3][loss:3.662540]
2023-10-27 04:12:16.274 | INFO     | ortho:train:225 - [epoch:2/3][loss:3.488249]
2023-10-27 04:12:29.165 | INFO     | ortho:train:225 - [epoch:3/3][loss:3.353351]
2023-10-27 04:12:29.166 | INFO     | ortho:train:228 - [iter:8/50][iter_time:55.34]
2023-10-27 04:14:31.711 | INFO     | ortho:train:298 - [iter:8/50][code_length:64][mAP:0.48231][mAP_all:0.44915][best_mAP:0.48231]
2023-10-27 04:14:31.712 | INFO     | ortho:train:299 - [iter:8/50][code_length:64][zs_mAP:0.41853][zs_mAP_all:0.17706]
2023-10-27 04:14:44.003 | INFO     | ortho:train:225 - [epoch:1/3][loss:3.535504]
2023-10-27 04:15:08.249 | INFO     | ortho:train:225 - [epoch:2/3][loss:3.344553]
2023-10-27 04:15:33.960 | INFO     | ortho:train:225 - [epoch:3/3][loss:3.253438]
2023-10-27 04:15:33.961 | INFO     | ortho:train:228 - [iter:9/50][iter_time:62.25]
2023-10-27 04:17:31.766 | INFO     | ortho:train:298 - [iter:9/50][code_length:64][mAP:0.50763][mAP_all:0.47342][best_mAP:0.50763]
2023-10-27 04:17:31.767 | INFO     | ortho:train:299 - [iter:9/50][code_length:64][zs_mAP:0.42782][zs_mAP_all:0.18242]
2023-10-27 04:17:44.391 | INFO     | ortho:train:225 - [epoch:1/3][loss:3.422352]
2023-10-27 04:17:57.040 | INFO     | ortho:train:225 - [epoch:2/3][loss:3.356355]
2023-10-27 04:18:18.708 | INFO     | ortho:train:225 - [epoch:3/3][loss:3.180587]
2023-10-27 04:18:18.708 | INFO     | ortho:train:228 - [iter:10/50][iter_time:46.94]
2023-10-27 04:20:23.855 | INFO     | ortho:train:298 - [iter:10/50][code_length:64][mAP:0.52824][mAP_all:0.49261][best_mAP:0.52824]
2023-10-27 04:20:23.856 | INFO     | ortho:train:299 - [iter:10/50][code_length:64][zs_mAP:0.42842][zs_mAP_all:0.17900]
2023-10-27 04:20:51.095 | INFO     | ortho:train:225 - [epoch:1/3][loss:3.286947]
2023-10-27 04:21:20.476 | INFO     | ortho:train:225 - [epoch:2/3][loss:3.200437]
2023-10-27 04:21:50.442 | INFO     | ortho:train:225 - [epoch:3/3][loss:3.106450]
2023-10-27 04:21:50.443 | INFO     | ortho:train:228 - [iter:11/50][iter_time:86.59]
2023-10-27 04:23:44.221 | INFO     | ortho:train:298 - [iter:11/50][code_length:64][mAP:0.54961][mAP_all:0.51307][best_mAP:0.54961]
2023-10-27 04:23:44.222 | INFO     | ortho:train:299 - [iter:11/50][code_length:64][zs_mAP:0.43612][zs_mAP_all:0.18052]
2023-10-27 04:25:14.161 | INFO     | ortho:train:225 - [epoch:1/3][loss:3.334506]
2023-10-27 04:26:26.803 | INFO     | ortho:train:225 - [epoch:2/3][loss:3.116511]
2023-10-27 04:26:39.151 | INFO     | ortho:train:225 - [epoch:3/3][loss:3.056760]
2023-10-27 04:26:39.152 | INFO     | ortho:train:228 - [iter:12/50][iter_time:174.93]
2023-10-27 04:28:43.215 | INFO     | ortho:train:298 - [iter:12/50][code_length:64][mAP:0.56285][mAP_all:0.52559][best_mAP:0.56285]
2023-10-27 04:28:43.216 | INFO     | ortho:train:299 - [iter:12/50][code_length:64][zs_mAP:0.43798][zs_mAP_all:0.18008]
2023-10-27 04:28:55.632 | INFO     | ortho:train:225 - [epoch:1/3][loss:3.158924]
2023-10-27 04:29:08.242 | INFO     | ortho:train:225 - [epoch:2/3][loss:3.106103]
2023-10-27 04:29:20.282 | INFO     | ortho:train:225 - [epoch:3/3][loss:2.960766]
2023-10-27 04:29:20.283 | INFO     | ortho:train:228 - [iter:13/50][iter_time:37.07]
2023-10-27 04:31:22.777 | INFO     | ortho:train:298 - [iter:13/50][code_length:64][mAP:0.57821][mAP_all:0.54075][best_mAP:0.57821]
2023-10-27 04:31:22.779 | INFO     | ortho:train:299 - [iter:13/50][code_length:64][zs_mAP:0.43483][zs_mAP_all:0.17817]
2023-10-27 04:31:35.079 | INFO     | ortho:train:225 - [epoch:1/3][loss:3.196273]
2023-10-27 04:31:46.684 | INFO     | ortho:train:225 - [epoch:2/3][loss:3.128047]
2023-10-27 04:32:01.213 | INFO     | ortho:train:225 - [epoch:3/3][loss:2.993395]
2023-10-27 04:32:01.214 | INFO     | ortho:train:228 - [iter:14/50][iter_time:38.43]
2023-10-27 04:33:54.498 | INFO     | ortho:train:298 - [iter:14/50][code_length:64][mAP:0.58927][mAP_all:0.55032][best_mAP:0.58927]
2023-10-27 04:33:54.500 | INFO     | ortho:train:299 - [iter:14/50][code_length:64][zs_mAP:0.44211][zs_mAP_all:0.18081]
2023-10-27 04:34:20.265 | INFO     | ortho:train:225 - [epoch:1/3][loss:3.084258]
2023-10-27 04:34:38.171 | INFO     | ortho:train:225 - [epoch:2/3][loss:2.920361]
2023-10-27 04:34:53.892 | INFO     | ortho:train:225 - [epoch:3/3][loss:2.937178]
2023-10-27 04:34:53.893 | INFO     | ortho:train:228 - [iter:15/50][iter_time:59.39]
2023-10-27 04:36:57.518 | INFO     | ortho:train:298 - [iter:15/50][code_length:64][mAP:0.60446][mAP_all:0.56561][best_mAP:0.60446]
2023-10-27 04:36:57.519 | INFO     | ortho:train:299 - [iter:15/50][code_length:64][zs_mAP:0.43388][zs_mAP_all:0.17238]
2023-10-27 04:37:09.737 | INFO     | ortho:train:225 - [epoch:1/3][loss:3.173764]
2023-10-27 04:37:22.101 | INFO     | ortho:train:225 - [epoch:2/3][loss:2.962333]
2023-10-27 04:37:34.248 | INFO     | ortho:train:225 - [epoch:3/3][loss:2.817731]
2023-10-27 04:37:34.249 | INFO     | ortho:train:228 - [iter:16/50][iter_time:36.73]
2023-10-27 04:39:37.177 | INFO     | ortho:train:298 - [iter:16/50][code_length:64][mAP:0.61282][mAP_all:0.57314][best_mAP:0.61282]
2023-10-27 04:39:37.178 | INFO     | ortho:train:299 - [iter:16/50][code_length:64][zs_mAP:0.43831][zs_mAP_all:0.17440]
2023-10-27 04:39:49.525 | INFO     | ortho:train:225 - [epoch:1/3][loss:2.968349]
2023-10-27 04:40:01.804 | INFO     | ortho:train:225 - [epoch:2/3][loss:2.935390]
2023-10-27 04:40:13.796 | INFO     | ortho:train:225 - [epoch:3/3][loss:2.826276]
2023-10-27 04:40:13.797 | INFO     | ortho:train:228 - [iter:17/50][iter_time:36.62]
2023-10-27 04:42:07.404 | INFO     | ortho:train:298 - [iter:17/50][code_length:64][mAP:0.62249][mAP_all:0.58357][best_mAP:0.62249]
2023-10-27 04:42:07.405 | INFO     | ortho:train:299 - [iter:17/50][code_length:64][zs_mAP:0.44537][zs_mAP_all:0.18034]
2023-10-27 04:42:34.188 | INFO     | ortho:train:225 - [epoch:1/3][loss:3.016196]
2023-10-27 04:42:46.657 | INFO     | ortho:train:225 - [epoch:2/3][loss:2.924263]
2023-10-27 04:43:00.028 | INFO     | ortho:train:225 - [epoch:3/3][loss:2.850002]
2023-10-27 04:43:00.029 | INFO     | ortho:train:228 - [iter:18/50][iter_time:52.62]
2023-10-27 04:45:07.611 | INFO     | ortho:train:298 - [iter:18/50][code_length:64][mAP:0.63179][mAP_all:0.59178][best_mAP:0.63179]
2023-10-27 04:45:07.612 | INFO     | ortho:train:299 - [iter:18/50][code_length:64][zs_mAP:0.44541][zs_mAP_all:0.17619]
2023-10-27 04:45:20.148 | INFO     | ortho:train:225 - [epoch:1/3][loss:2.981129]
2023-10-27 04:45:33.353 | INFO     | ortho:train:225 - [epoch:2/3][loss:2.854905]
2023-10-27 04:45:48.920 | INFO     | ortho:train:225 - [epoch:3/3][loss:2.833018]
2023-10-27 04:45:48.920 | INFO     | ortho:train:228 - [iter:19/50][iter_time:41.31]
2023-10-27 04:47:58.030 | INFO     | ortho:train:298 - [iter:19/50][code_length:64][mAP:0.64179][mAP_all:0.60207][best_mAP:0.64179]
2023-10-27 04:47:58.031 | INFO     | ortho:train:299 - [iter:19/50][code_length:64][zs_mAP:0.44207][zs_mAP_all:0.17457]
2023-10-27 04:48:10.440 | INFO     | ortho:train:225 - [epoch:1/3][loss:2.955214]
2023-10-27 04:48:22.792 | INFO     | ortho:train:225 - [epoch:2/3][loss:2.823935]
2023-10-27 04:48:35.674 | INFO     | ortho:train:225 - [epoch:3/3][loss:2.781506]
2023-10-27 04:48:35.675 | INFO     | ortho:train:228 - [iter:20/50][iter_time:37.64]
2023-10-27 04:50:31.382 | INFO     | ortho:train:298 - [iter:20/50][code_length:64][mAP:0.64528][mAP_all:0.60476][best_mAP:0.64528]
2023-10-27 04:50:31.383 | INFO     | ortho:train:299 - [iter:20/50][code_length:64][zs_mAP:0.43991][zs_mAP_all:0.17742]
2023-10-27 04:50:43.838 | INFO     | ortho:train:225 - [epoch:1/3][loss:2.859083]
2023-10-27 04:50:56.299 | INFO     | ortho:train:225 - [epoch:2/3][loss:2.792127]
2023-10-27 04:51:09.235 | INFO     | ortho:train:225 - [epoch:3/3][loss:2.772822]
2023-10-27 04:51:09.236 | INFO     | ortho:train:228 - [iter:21/50][iter_time:37.85]
2023-10-27 04:53:18.498 | INFO     | ortho:train:298 - [iter:21/50][code_length:64][mAP:0.65589][mAP_all:0.61414][best_mAP:0.65589]
2023-10-27 04:53:18.499 | INFO     | ortho:train:299 - [iter:21/50][code_length:64][zs_mAP:0.45046][zs_mAP_all:0.17902]
2023-10-27 04:53:30.538 | INFO     | ortho:train:225 - [epoch:1/3][loss:2.881709]
2023-10-27 04:53:42.973 | INFO     | ortho:train:225 - [epoch:2/3][loss:2.747576]
2023-10-27 04:53:55.648 | INFO     | ortho:train:225 - [epoch:3/3][loss:2.681536]
2023-10-27 04:53:55.649 | INFO     | ortho:train:228 - [iter:22/50][iter_time:37.15]
2023-10-27 04:56:01.958 | INFO     | ortho:train:298 - [iter:22/50][code_length:64][mAP:0.66302][mAP_all:0.62209][best_mAP:0.66302]
2023-10-27 04:56:01.960 | INFO     | ortho:train:299 - [iter:22/50][code_length:64][zs_mAP:0.43685][zs_mAP_all:0.17009]
2023-10-27 04:56:17.573 | INFO     | ortho:train:225 - [epoch:1/3][loss:2.862617]
2023-10-27 04:56:32.723 | INFO     | ortho:train:225 - [epoch:2/3][loss:2.687773]
2023-10-27 04:56:48.157 | INFO     | ortho:train:225 - [epoch:3/3][loss:2.588610]
2023-10-27 04:56:48.158 | INFO     | ortho:train:228 - [iter:23/50][iter_time:46.20]
2023-10-27 04:58:54.610 | INFO     | ortho:train:298 - [iter:23/50][code_length:64][mAP:0.66929][mAP_all:0.62778][best_mAP:0.66929]
2023-10-27 04:58:54.613 | INFO     | ortho:train:299 - [iter:23/50][code_length:64][zs_mAP:0.44754][zs_mAP_all:0.17241]
2023-10-27 04:59:06.692 | INFO     | ortho:train:225 - [epoch:1/3][loss:2.841877]
2023-10-27 04:59:19.063 | INFO     | ortho:train:225 - [epoch:2/3][loss:2.810112]
2023-10-27 04:59:31.681 | INFO     | ortho:train:225 - [epoch:3/3][loss:2.660778]
2023-10-27 04:59:31.682 | INFO     | ortho:train:228 - [iter:24/50][iter_time:37.07]
2023-10-27 05:01:40.492 | INFO     | ortho:train:298 - [iter:24/50][code_length:64][mAP:0.67780][mAP_all:0.63597][best_mAP:0.67780]
2023-10-27 05:01:40.493 | INFO     | ortho:train:299 - [iter:24/50][code_length:64][zs_mAP:0.44436][zs_mAP_all:0.17229]
2023-10-27 05:01:53.000 | INFO     | ortho:train:225 - [epoch:1/3][loss:2.841517]
2023-10-27 05:02:05.130 | INFO     | ortho:train:225 - [epoch:2/3][loss:2.727747]
2023-10-27 05:02:17.517 | INFO     | ortho:train:225 - [epoch:3/3][loss:2.584610]
2023-10-27 05:02:17.517 | INFO     | ortho:train:228 - [iter:25/50][iter_time:37.02]
2023-10-27 05:04:08.432 | INFO     | ortho:train:298 - [iter:25/50][code_length:64][mAP:0.67847][mAP_all:0.63802][best_mAP:0.67847]
2023-10-27 05:04:08.434 | INFO     | ortho:train:299 - [iter:25/50][code_length:64][zs_mAP:0.43818][zs_mAP_all:0.16664]
2023-10-27 05:04:20.766 | INFO     | ortho:train:225 - [epoch:1/3][loss:2.820700]
2023-10-27 05:04:33.054 | INFO     | ortho:train:225 - [epoch:2/3][loss:2.646642]
2023-10-27 05:04:45.304 | INFO     | ortho:train:225 - [epoch:3/3][loss:2.566176]
2023-10-27 05:04:45.305 | INFO     | ortho:train:228 - [iter:26/50][iter_time:36.87]
2023-10-27 05:06:54.950 | INFO     | ortho:train:298 - [iter:26/50][code_length:64][mAP:0.68475][mAP_all:0.64364][best_mAP:0.68475]
2023-10-27 05:06:54.951 | INFO     | ortho:train:299 - [iter:26/50][code_length:64][zs_mAP:0.44279][zs_mAP_all:0.17014]
2023-10-27 05:07:07.524 | INFO     | ortho:train:225 - [epoch:1/3][loss:2.841195]
2023-10-27 05:07:19.809 | INFO     | ortho:train:225 - [epoch:2/3][loss:2.631537]
2023-10-27 05:07:32.503 | INFO     | ortho:train:225 - [epoch:3/3][loss:2.583220]
2023-10-27 05:07:32.503 | INFO     | ortho:train:228 - [iter:27/50][iter_time:37.55]
2023-10-27 05:09:42.059 | INFO     | ortho:train:298 - [iter:27/50][code_length:64][mAP:0.68944][mAP_all:0.64793][best_mAP:0.68944]
2023-10-27 05:09:42.060 | INFO     | ortho:train:299 - [iter:27/50][code_length:64][zs_mAP:0.44751][zs_mAP_all:0.17146]
2023-10-27 05:09:53.886 | INFO     | ortho:train:225 - [epoch:1/3][loss:2.902385]
2023-10-27 05:10:06.139 | INFO     | ortho:train:225 - [epoch:2/3][loss:2.662937]
2023-10-27 05:10:19.401 | INFO     | ortho:train:225 - [epoch:3/3][loss:2.615215]
2023-10-27 05:10:19.402 | INFO     | ortho:train:228 - [iter:28/50][iter_time:37.34]
2023-10-27 05:12:20.837 | INFO     | ortho:train:298 - [iter:28/50][code_length:64][mAP:0.69255][mAP_all:0.65041][best_mAP:0.69255]
2023-10-27 05:12:20.839 | INFO     | ortho:train:299 - [iter:28/50][code_length:64][zs_mAP:0.44095][zs_mAP_all:0.16647]
2023-10-27 05:12:33.255 | INFO     | ortho:train:225 - [epoch:1/3][loss:2.773674]
2023-10-27 05:12:45.788 | INFO     | ortho:train:225 - [epoch:2/3][loss:2.658967]
2023-10-27 05:12:58.278 | INFO     | ortho:train:225 - [epoch:3/3][loss:2.560971]
2023-10-27 05:12:58.279 | INFO     | ortho:train:228 - [iter:29/50][iter_time:37.44]
2023-10-27 05:15:07.094 | INFO     | ortho:train:298 - [iter:29/50][code_length:64][mAP:0.69517][mAP_all:0.65365][best_mAP:0.69517]
2023-10-27 05:15:07.095 | INFO     | ortho:train:299 - [iter:29/50][code_length:64][zs_mAP:0.44248][zs_mAP_all:0.16367]
2023-10-27 05:15:19.689 | INFO     | ortho:train:225 - [epoch:1/3][loss:2.707156]
2023-10-27 05:15:32.066 | INFO     | ortho:train:225 - [epoch:2/3][loss:2.590900]
2023-10-27 05:15:44.071 | INFO     | ortho:train:225 - [epoch:3/3][loss:2.481228]
2023-10-27 05:15:44.072 | INFO     | ortho:train:228 - [iter:30/50][iter_time:36.98]
2023-10-27 05:17:43.151 | INFO     | ortho:train:298 - [iter:30/50][code_length:64][mAP:0.70544][mAP_all:0.66307][best_mAP:0.70544]
2023-10-27 05:17:43.152 | INFO     | ortho:train:299 - [iter:30/50][code_length:64][zs_mAP:0.44386][zs_mAP_all:0.16794]
2023-10-27 05:17:58.775 | INFO     | ortho:train:225 - [epoch:1/3][loss:2.667137]
2023-10-27 05:18:11.888 | INFO     | ortho:train:225 - [epoch:2/3][loss:2.616452]
2023-10-27 05:18:23.802 | INFO     | ortho:train:225 - [epoch:3/3][loss:2.555025]
2023-10-27 05:18:23.803 | INFO     | ortho:train:228 - [iter:31/50][iter_time:40.65]
2023-10-27 05:20:32.374 | INFO     | ortho:train:298 - [iter:31/50][code_length:64][mAP:0.70262][mAP_all:0.66106][best_mAP:0.70544]
2023-10-27 05:20:32.375 | INFO     | ortho:train:299 - [iter:31/50][code_length:64][zs_mAP:0.44715][zs_mAP_all:0.16904]
2023-10-27 05:20:44.796 | INFO     | ortho:train:225 - [epoch:1/3][loss:2.715606]
2023-10-27 05:20:56.962 | INFO     | ortho:train:225 - [epoch:2/3][loss:2.631481]
2023-10-27 05:21:09.253 | INFO     | ortho:train:225 - [epoch:3/3][loss:2.435815]
2023-10-27 05:21:09.254 | INFO     | ortho:train:228 - [iter:32/50][iter_time:36.88]
2023-10-27 05:23:18.139 | INFO     | ortho:train:298 - [iter:32/50][code_length:64][mAP:0.70634][mAP_all:0.66453][best_mAP:0.70634]
2023-10-27 05:23:18.140 | INFO     | ortho:train:299 - [iter:32/50][code_length:64][zs_mAP:0.43851][zs_mAP_all:0.16415]
2023-10-27 05:23:30.452 | INFO     | ortho:train:225 - [epoch:1/3][loss:2.683616]
2023-10-27 05:23:42.610 | INFO     | ortho:train:225 - [epoch:2/3][loss:2.548152]
2023-10-27 05:23:54.794 | INFO     | ortho:train:225 - [epoch:3/3][loss:2.546822]
2023-10-27 05:23:54.794 | INFO     | ortho:train:228 - [iter:33/50][iter_time:36.65]
2023-10-27 05:25:48.137 | INFO     | ortho:train:298 - [iter:33/50][code_length:64][mAP:0.70828][mAP_all:0.66735][best_mAP:0.70828]
2023-10-27 05:25:48.139 | INFO     | ortho:train:299 - [iter:33/50][code_length:64][zs_mAP:0.43645][zs_mAP_all:0.16272]
2023-10-27 05:26:00.539 | INFO     | ortho:train:225 - [epoch:1/3][loss:2.678223]
2023-10-27 05:26:13.013 | INFO     | ortho:train:225 - [epoch:2/3][loss:2.513383]
2023-10-27 05:26:25.721 | INFO     | ortho:train:225 - [epoch:3/3][loss:2.453327]
2023-10-27 05:26:25.722 | INFO     | ortho:train:228 - [iter:34/50][iter_time:37.58]
2023-10-27 05:28:35.429 | INFO     | ortho:train:298 - [iter:34/50][code_length:64][mAP:0.71169][mAP_all:0.67012][best_mAP:0.71169]
2023-10-27 05:28:35.431 | INFO     | ortho:train:299 - [iter:34/50][code_length:64][zs_mAP:0.43812][zs_mAP_all:0.16354]
2023-10-27 05:28:48.128 | INFO     | ortho:train:225 - [epoch:1/3][loss:2.701485]
2023-10-27 05:28:59.875 | INFO     | ortho:train:225 - [epoch:2/3][loss:2.483038]
2023-10-27 05:29:12.268 | INFO     | ortho:train:225 - [epoch:3/3][loss:2.436744]
2023-10-27 05:29:12.269 | INFO     | ortho:train:228 - [iter:35/50][iter_time:36.84]
2023-10-27 05:31:15.971 | INFO     | ortho:train:298 - [iter:35/50][code_length:64][mAP:0.71338][mAP_all:0.67160][best_mAP:0.71338]
2023-10-27 05:31:15.973 | INFO     | ortho:train:299 - [iter:35/50][code_length:64][zs_mAP:0.44945][zs_mAP_all:0.17061]
2023-10-27 05:31:30.776 | INFO     | ortho:train:225 - [epoch:1/3][loss:2.601694]
2023-10-27 05:31:46.477 | INFO     | ortho:train:225 - [epoch:2/3][loss:2.427624]
2023-10-27 05:32:01.352 | INFO     | ortho:train:225 - [epoch:3/3][loss:2.336220]
2023-10-27 05:32:01.353 | INFO     | ortho:train:228 - [iter:36/50][iter_time:45.38]
2023-10-27 05:34:09.820 | INFO     | ortho:train:298 - [iter:36/50][code_length:64][mAP:0.71906][mAP_all:0.67760][best_mAP:0.71906]
2023-10-27 05:34:09.821 | INFO     | ortho:train:299 - [iter:36/50][code_length:64][zs_mAP:0.43818][zs_mAP_all:0.16282]
2023-10-27 05:34:21.938 | INFO     | ortho:train:225 - [epoch:1/3][loss:2.572448]
2023-10-27 05:34:34.377 | INFO     | ortho:train:225 - [epoch:2/3][loss:2.453666]
2023-10-27 05:34:46.953 | INFO     | ortho:train:225 - [epoch:3/3][loss:2.425156]
2023-10-27 05:34:46.954 | INFO     | ortho:train:228 - [iter:37/50][iter_time:37.13]
2023-10-27 05:36:54.291 | INFO     | ortho:train:298 - [iter:37/50][code_length:64][mAP:0.72325][mAP_all:0.68213][best_mAP:0.72325]
2023-10-27 05:36:54.291 | INFO     | ortho:train:299 - [iter:37/50][code_length:64][zs_mAP:0.43438][zs_mAP_all:0.16012]
2023-10-27 05:37:06.252 | INFO     | ortho:train:225 - [epoch:1/3][loss:2.613720]
2023-10-27 05:37:18.469 | INFO     | ortho:train:225 - [epoch:2/3][loss:2.523339]
2023-10-27 05:37:30.672 | INFO     | ortho:train:225 - [epoch:3/3][loss:2.420703]
2023-10-27 05:37:30.673 | INFO     | ortho:train:228 - [iter:38/50][iter_time:36.38]
2023-10-27 05:39:28.689 | INFO     | ortho:train:298 - [iter:38/50][code_length:64][mAP:0.72879][mAP_all:0.68784][best_mAP:0.72879]
2023-10-27 05:39:28.690 | INFO     | ortho:train:299 - [iter:38/50][code_length:64][zs_mAP:0.44380][zs_mAP_all:0.16661]
2023-10-27 05:39:40.692 | INFO     | ortho:train:225 - [epoch:1/3][loss:2.560604]
2023-10-27 05:39:52.760 | INFO     | ortho:train:225 - [epoch:2/3][loss:2.455810]
2023-10-27 05:40:05.039 | INFO     | ortho:train:225 - [epoch:3/3][loss:2.378371]
2023-10-27 05:40:05.039 | INFO     | ortho:train:228 - [iter:39/50][iter_time:36.35]
2023-10-27 05:42:13.115 | INFO     | ortho:train:298 - [iter:39/50][code_length:64][mAP:0.73058][mAP_all:0.68894][best_mAP:0.73058]
2023-10-27 05:42:13.116 | INFO     | ortho:train:299 - [iter:39/50][code_length:64][zs_mAP:0.43835][zs_mAP_all:0.16496]
2023-10-27 05:42:24.891 | INFO     | ortho:train:225 - [epoch:1/3][loss:2.579310]
2023-10-27 05:42:36.658 | INFO     | ortho:train:225 - [epoch:2/3][loss:2.431236]
2023-10-27 05:42:48.843 | INFO     | ortho:train:225 - [epoch:3/3][loss:2.380193]
2023-10-27 05:42:48.844 | INFO     | ortho:train:228 - [iter:40/50][iter_time:35.73]
2023-10-27 05:44:55.131 | INFO     | ortho:train:298 - [iter:40/50][code_length:64][mAP:0.73112][mAP_all:0.69002][best_mAP:0.73112]
2023-10-27 05:44:55.131 | INFO     | ortho:train:299 - [iter:40/50][code_length:64][zs_mAP:0.43739][zs_mAP_all:0.16094]
2023-10-27 05:45:05.145 | INFO     | ortho:train:225 - [epoch:1/3][loss:2.542054]
2023-10-27 05:45:16.317 | INFO     | ortho:train:225 - [epoch:2/3][loss:2.392272]
2023-10-27 05:45:27.673 | INFO     | ortho:train:225 - [epoch:3/3][loss:2.314076]
2023-10-27 05:45:27.673 | INFO     | ortho:train:228 - [iter:41/50][iter_time:32.54]
2023-10-27 05:46:45.710 | INFO     | ortho:train:298 - [iter:41/50][code_length:64][mAP:0.73153][mAP_all:0.69110][best_mAP:0.73153]
2023-10-27 05:46:45.711 | INFO     | ortho:train:299 - [iter:41/50][code_length:64][zs_mAP:0.43632][zs_mAP_all:0.15896]
2023-10-27 05:46:56.133 | INFO     | ortho:train:225 - [epoch:1/3][loss:2.567774]
2023-10-27 05:47:07.485 | INFO     | ortho:train:225 - [epoch:2/3][loss:2.547436]
2023-10-27 05:47:18.616 | INFO     | ortho:train:225 - [epoch:3/3][loss:2.372242]
2023-10-27 05:47:18.616 | INFO     | ortho:train:228 - [iter:42/50][iter_time:32.90]
2023-10-27 05:48:37.886 | INFO     | ortho:train:298 - [iter:42/50][code_length:64][mAP:0.73453][mAP_all:0.69394][best_mAP:0.73453]
2023-10-27 05:48:37.887 | INFO     | ortho:train:299 - [iter:42/50][code_length:64][zs_mAP:0.42878][zs_mAP_all:0.15605]
2023-10-27 05:48:47.872 | INFO     | ortho:train:225 - [epoch:1/3][loss:2.487209]
2023-10-27 05:48:57.934 | INFO     | ortho:train:225 - [epoch:2/3][loss:2.329408]
2023-10-27 05:49:09.561 | INFO     | ortho:train:225 - [epoch:3/3][loss:2.306379]
2023-10-27 05:49:09.562 | INFO     | ortho:train:228 - [iter:43/50][iter_time:31.67]
2023-10-27 05:50:27.329 | INFO     | ortho:train:298 - [iter:43/50][code_length:64][mAP:0.73587][mAP_all:0.69553][best_mAP:0.73587]
2023-10-27 05:50:27.331 | INFO     | ortho:train:299 - [iter:43/50][code_length:64][zs_mAP:0.43338][zs_mAP_all:0.15756]
2023-10-27 05:50:38.301 | INFO     | ortho:train:225 - [epoch:1/3][loss:2.550031]
2023-10-27 05:50:49.700 | INFO     | ortho:train:225 - [epoch:2/3][loss:2.361791]
2023-10-27 05:51:01.224 | INFO     | ortho:train:225 - [epoch:3/3][loss:2.293612]
2023-10-27 05:51:01.224 | INFO     | ortho:train:228 - [iter:44/50][iter_time:33.89]
2023-10-27 05:52:19.249 | INFO     | ortho:train:298 - [iter:44/50][code_length:64][mAP:0.73760][mAP_all:0.69706][best_mAP:0.73760]
2023-10-27 05:52:19.251 | INFO     | ortho:train:299 - [iter:44/50][code_length:64][zs_mAP:0.44350][zs_mAP_all:0.16329]
2023-10-27 05:52:30.079 | INFO     | ortho:train:225 - [epoch:1/3][loss:2.469978]
2023-10-27 05:52:41.407 | INFO     | ortho:train:225 - [epoch:2/3][loss:2.415297]
2023-10-27 05:52:52.693 | INFO     | ortho:train:225 - [epoch:3/3][loss:2.244994]
2023-10-27 05:52:52.693 | INFO     | ortho:train:228 - [iter:45/50][iter_time:33.44]
2023-10-27 05:54:10.138 | INFO     | ortho:train:298 - [iter:45/50][code_length:64][mAP:0.73976][mAP_all:0.69842][best_mAP:0.73976]
2023-10-27 05:54:10.140 | INFO     | ortho:train:299 - [iter:45/50][code_length:64][zs_mAP:0.44121][zs_mAP_all:0.16293]
2023-10-27 05:54:20.243 | INFO     | ortho:train:225 - [epoch:1/3][loss:2.458054]
2023-10-27 05:54:30.348 | INFO     | ortho:train:225 - [epoch:2/3][loss:2.431694]
2023-10-27 05:54:40.473 | INFO     | ortho:train:225 - [epoch:3/3][loss:2.340219]
2023-10-27 05:54:40.473 | INFO     | ortho:train:228 - [iter:46/50][iter_time:30.33]
2023-10-27 05:55:58.342 | INFO     | ortho:train:298 - [iter:46/50][code_length:64][mAP:0.74586][mAP_all:0.70537][best_mAP:0.74586]
2023-10-27 05:55:58.343 | INFO     | ortho:train:299 - [iter:46/50][code_length:64][zs_mAP:0.44255][zs_mAP_all:0.16180]
2023-10-27 05:56:09.143 | INFO     | ortho:train:225 - [epoch:1/3][loss:2.404306]
2023-10-27 05:56:20.376 | INFO     | ortho:train:225 - [epoch:2/3][loss:2.376481]
2023-10-27 05:56:31.643 | INFO     | ortho:train:225 - [epoch:3/3][loss:2.444063]
2023-10-27 05:56:31.644 | INFO     | ortho:train:228 - [iter:47/50][iter_time:33.30]
2023-10-27 05:57:53.205 | INFO     | ortho:train:298 - [iter:47/50][code_length:64][mAP:0.74832][mAP_all:0.70750][best_mAP:0.74832]
2023-10-27 05:57:53.206 | INFO     | ortho:train:299 - [iter:47/50][code_length:64][zs_mAP:0.44480][zs_mAP_all:0.16329]
2023-10-27 05:58:04.468 | INFO     | ortho:train:225 - [epoch:1/3][loss:2.495333]
2023-10-27 05:58:16.019 | INFO     | ortho:train:225 - [epoch:2/3][loss:2.395846]
2023-10-27 05:58:27.155 | INFO     | ortho:train:225 - [epoch:3/3][loss:2.391782]
2023-10-27 05:58:27.155 | INFO     | ortho:train:228 - [iter:48/50][iter_time:33.95]
2023-10-27 05:59:46.989 | INFO     | ortho:train:298 - [iter:48/50][code_length:64][mAP:0.74964][mAP_all:0.70913][best_mAP:0.74964]
2023-10-27 05:59:46.991 | INFO     | ortho:train:299 - [iter:48/50][code_length:64][zs_mAP:0.44443][zs_mAP_all:0.16310]
2023-10-27 05:59:58.500 | INFO     | ortho:train:225 - [epoch:1/3][loss:2.408813]
2023-10-27 06:00:09.664 | INFO     | ortho:train:225 - [epoch:2/3][loss:2.471924]
2023-10-27 06:00:20.795 | INFO     | ortho:train:225 - [epoch:3/3][loss:2.326516]
2023-10-27 06:00:20.796 | INFO     | ortho:train:228 - [iter:49/50][iter_time:33.80]
2023-10-27 06:01:38.647 | INFO     | ortho:train:298 - [iter:49/50][code_length:64][mAP:0.74964][mAP_all:0.70910][best_mAP:0.74964]
2023-10-27 06:01:38.648 | INFO     | ortho:train:299 - [iter:49/50][code_length:64][zs_mAP:0.44437][zs_mAP_all:0.16210]
2023-10-27 06:01:48.698 | INFO     | ortho:train:225 - [epoch:1/3][loss:2.453690]
2023-10-27 06:01:58.756 | INFO     | ortho:train:225 - [epoch:2/3][loss:2.384760]
2023-10-27 06:02:08.901 | INFO     | ortho:train:225 - [epoch:3/3][loss:2.417976]
2023-10-27 06:02:08.902 | INFO     | ortho:train:228 - [iter:50/50][iter_time:30.25]
2023-10-27 06:03:29.403 | INFO     | ortho:train:298 - [iter:50/50][code_length:64][mAP:0.75224][mAP_all:0.71221][best_mAP:0.75224]
2023-10-27 06:03:29.404 | INFO     | ortho:train:299 - [iter:50/50][code_length:64][zs_mAP:0.44312][zs_mAP_all:0.16256]
2023-10-27 06:03:29.404 | INFO     | ortho:train:301 - [Training time:8025.78]
2023-10-27 06:03:29.407 | INFO     | __main__:run:126 - [code_length:64][map:0.7522][map_all:0.7122][zs_map:0.4431][zs_map_all:0.1626]
