2024-08-25 11:26:05.038 | SUCCESS  | __main__:run:53 - Namespace(dataset='imagenetzs', root='/data1/dataset/ImageNet/ILSVRC', batch_size=16, lr=0.0005, wd=0.0005, optim='SGD', code_length=[16, 32, 64], max_iter=50, max_epoch=1, num_query=1000, num_samples=9750, num_workers=2, topk=1000, gpu=1, gamma=200, info='imagenetzs-25-75-dcdh-08-25-16,32,64-tanh1', arch='dcdh', net='ResNet', save_ckpt='checkpoints/', lr_step=[45], align_step=50, pretrain=True, quan_loss=False, lambd_sp=0.1, lambd_ch=0.1, lambd=0.1, momen=0.9, nesterov=False, num_classes=75, val_freq=5, cauchy_gamma=20.0, margin=0.1, num_zs=25, epoch_change=11, ZS=25, flag='dcdh', data='imagenetzs', device=device(type='cuda', index=1))
2024-08-25 11:29:22.436 | INFO     | DCDH:train:165 - [epoch:1/1][loss:2.678996]
2024-08-25 11:29:22.436 | INFO     | DCDH:train:168 - [iter:1/50][iter_time:188.05]
2024-08-25 11:32:39.235 | INFO     | DCDH:train:165 - [epoch:1/1][loss:2.046673]
2024-08-25 11:32:39.235 | INFO     | DCDH:train:168 - [iter:2/50][iter_time:196.80]
2024-08-25 11:35:21.078 | INFO     | DCDH:train:165 - [epoch:1/1][loss:1.781280]
2024-08-25 11:35:21.079 | INFO     | DCDH:train:168 - [iter:3/50][iter_time:161.84]
2024-08-25 11:37:01.141 | INFO     | DCDH:train:165 - [epoch:1/1][loss:1.642924]
2024-08-25 11:37:01.142 | INFO     | DCDH:train:168 - [iter:4/50][iter_time:100.06]
2024-08-25 11:38:38.620 | INFO     | DCDH:train:165 - [epoch:1/1][loss:1.549753]
2024-08-25 11:38:38.621 | INFO     | DCDH:train:168 - [iter:5/50][iter_time:97.48]
2024-08-25 11:46:22.073 | INFO     | DCDH:train:240 - [iter:5/50][code_length:16][mAP:0.76626][mAP_all:0.74654][best_mAP:0.76626]
2024-08-25 11:46:22.074 | INFO     | DCDH:train:241 - [iter:5/50][code_length:16][zs_mAP:0.29897][zs_mAP_all:0.14361]
2024-08-25 11:48:56.096 | INFO     | DCDH:train:165 - [epoch:1/1][loss:1.477758]
2024-08-25 11:48:56.097 | INFO     | DCDH:train:168 - [iter:6/50][iter_time:154.02]
2024-08-25 11:51:44.162 | INFO     | DCDH:train:165 - [epoch:1/1][loss:1.430927]
2024-08-25 11:51:44.163 | INFO     | DCDH:train:168 - [iter:7/50][iter_time:168.07]
2024-08-25 11:54:46.195 | INFO     | DCDH:train:165 - [epoch:1/1][loss:1.380245]
2024-08-25 11:54:46.195 | INFO     | DCDH:train:168 - [iter:8/50][iter_time:182.03]
2024-08-25 11:57:33.957 | INFO     | DCDH:train:165 - [epoch:1/1][loss:1.362416]
2024-08-25 11:57:33.957 | INFO     | DCDH:train:168 - [iter:9/50][iter_time:167.76]
2024-08-25 12:00:45.938 | INFO     | DCDH:train:165 - [epoch:1/1][loss:1.326414]
2024-08-25 12:00:45.939 | INFO     | DCDH:train:168 - [iter:10/50][iter_time:191.98]
2024-08-25 12:08:39.618 | INFO     | DCDH:train:240 - [iter:10/50][code_length:16][mAP:0.78543][mAP_all:0.76512][best_mAP:0.78543]
2024-08-25 12:08:39.619 | INFO     | DCDH:train:241 - [iter:10/50][code_length:16][zs_mAP:0.25114][zs_mAP_all:0.11717]
2024-08-25 12:10:26.980 | INFO     | DCDH:train:165 - [epoch:1/1][loss:1.305215]
2024-08-25 12:10:26.980 | INFO     | DCDH:train:168 - [iter:11/50][iter_time:107.36]
2024-08-25 12:12:10.172 | INFO     | DCDH:train:165 - [epoch:1/1][loss:1.267355]
2024-08-25 12:12:10.173 | INFO     | DCDH:train:168 - [iter:12/50][iter_time:103.19]
2024-08-25 12:13:49.103 | INFO     | DCDH:train:165 - [epoch:1/1][loss:1.287262]
2024-08-25 12:13:49.104 | INFO     | DCDH:train:168 - [iter:13/50][iter_time:98.93]
2024-08-25 12:15:35.417 | INFO     | DCDH:train:165 - [epoch:1/1][loss:1.250703]
2024-08-25 12:15:35.418 | INFO     | DCDH:train:168 - [iter:14/50][iter_time:106.31]
2024-08-25 12:17:18.355 | INFO     | DCDH:train:165 - [epoch:1/1][loss:1.225262]
2024-08-25 12:17:18.357 | INFO     | DCDH:train:168 - [iter:15/50][iter_time:102.94]
2024-08-25 12:25:32.195 | INFO     | DCDH:train:240 - [iter:15/50][code_length:16][mAP:0.80474][mAP_all:0.78426][best_mAP:0.80474]
2024-08-25 12:25:32.196 | INFO     | DCDH:train:241 - [iter:15/50][code_length:16][zs_mAP:0.25597][zs_mAP_all:0.12670]
2024-08-25 12:29:48.487 | INFO     | DCDH:train:165 - [epoch:1/1][loss:1.220330]
2024-08-25 12:29:48.488 | INFO     | DCDH:train:168 - [iter:16/50][iter_time:256.29]
2024-08-25 12:33:29.888 | INFO     | DCDH:train:165 - [epoch:1/1][loss:1.224546]
2024-08-25 12:33:29.889 | INFO     | DCDH:train:168 - [iter:17/50][iter_time:221.40]
2024-08-25 12:35:36.114 | INFO     | DCDH:train:165 - [epoch:1/1][loss:1.220446]
2024-08-25 12:35:36.115 | INFO     | DCDH:train:168 - [iter:18/50][iter_time:126.23]
2024-08-25 12:37:43.814 | INFO     | DCDH:train:165 - [epoch:1/1][loss:1.172891]
2024-08-25 12:37:43.815 | INFO     | DCDH:train:168 - [iter:19/50][iter_time:127.70]
2024-08-25 12:39:46.587 | INFO     | DCDH:train:165 - [epoch:1/1][loss:1.186806]
2024-08-25 12:39:46.587 | INFO     | DCDH:train:168 - [iter:20/50][iter_time:122.77]
2024-08-25 12:47:57.765 | INFO     | DCDH:train:240 - [iter:20/50][code_length:16][mAP:0.79328][mAP_all:0.77300][best_mAP:0.80474]
2024-08-25 12:47:57.766 | INFO     | DCDH:train:241 - [iter:20/50][code_length:16][zs_mAP:0.24714][zs_mAP_all:0.11280]
2024-08-25 12:49:54.037 | INFO     | DCDH:train:165 - [epoch:1/1][loss:1.177062]
2024-08-25 12:49:54.037 | INFO     | DCDH:train:168 - [iter:21/50][iter_time:116.27]
2024-08-25 12:51:33.041 | INFO     | DCDH:train:165 - [epoch:1/1][loss:1.167766]
2024-08-25 12:51:33.042 | INFO     | DCDH:train:168 - [iter:22/50][iter_time:99.00]
2024-08-25 12:53:08.119 | INFO     | DCDH:train:165 - [epoch:1/1][loss:1.160072]
2024-08-25 12:53:08.120 | INFO     | DCDH:train:168 - [iter:23/50][iter_time:95.08]
2024-08-25 12:54:47.036 | INFO     | DCDH:train:165 - [epoch:1/1][loss:1.119974]
2024-08-25 12:54:47.037 | INFO     | DCDH:train:168 - [iter:24/50][iter_time:98.92]
2024-08-25 12:57:01.819 | INFO     | DCDH:train:165 - [epoch:1/1][loss:1.134296]
2024-08-25 12:57:01.820 | INFO     | DCDH:train:168 - [iter:25/50][iter_time:134.78]
2024-08-25 13:05:15.107 | INFO     | DCDH:train:240 - [iter:25/50][code_length:16][mAP:0.80831][mAP_all:0.78823][best_mAP:0.80831]
2024-08-25 13:05:15.107 | INFO     | DCDH:train:241 - [iter:25/50][code_length:16][zs_mAP:0.24952][zs_mAP_all:0.11581]
2024-08-25 13:09:31.813 | INFO     | DCDH:train:165 - [epoch:1/1][loss:1.099827]
2024-08-25 13:09:31.813 | INFO     | DCDH:train:168 - [iter:26/50][iter_time:256.71]
2024-08-25 13:13:01.533 | INFO     | DCDH:train:165 - [epoch:1/1][loss:1.139065]
2024-08-25 13:13:01.533 | INFO     | DCDH:train:168 - [iter:27/50][iter_time:209.72]
2024-08-25 13:15:04.368 | INFO     | DCDH:train:165 - [epoch:1/1][loss:1.119594]
2024-08-25 13:15:04.369 | INFO     | DCDH:train:168 - [iter:28/50][iter_time:122.84]
2024-08-25 13:17:09.904 | INFO     | DCDH:train:165 - [epoch:1/1][loss:1.084688]
2024-08-25 13:17:09.904 | INFO     | DCDH:train:168 - [iter:29/50][iter_time:125.54]
2024-08-25 13:19:22.316 | INFO     | DCDH:train:165 - [epoch:1/1][loss:1.105078]
2024-08-25 13:19:22.317 | INFO     | DCDH:train:168 - [iter:30/50][iter_time:132.41]
2024-08-25 13:27:38.241 | INFO     | DCDH:train:240 - [iter:30/50][code_length:16][mAP:0.81287][mAP_all:0.79201][best_mAP:0.81287]
2024-08-25 13:27:38.241 | INFO     | DCDH:train:241 - [iter:30/50][code_length:16][zs_mAP:0.24382][zs_mAP_all:0.11633]
2024-08-25 13:29:25.196 | INFO     | DCDH:train:165 - [epoch:1/1][loss:1.085677]
2024-08-25 13:29:25.197 | INFO     | DCDH:train:168 - [iter:31/50][iter_time:106.96]
2024-08-25 13:30:56.201 | INFO     | DCDH:train:165 - [epoch:1/1][loss:1.076993]
2024-08-25 13:30:56.201 | INFO     | DCDH:train:168 - [iter:32/50][iter_time:91.00]
2024-08-25 13:33:03.099 | INFO     | DCDH:train:165 - [epoch:1/1][loss:1.080396]
2024-08-25 13:33:03.099 | INFO     | DCDH:train:168 - [iter:33/50][iter_time:126.90]
2024-08-25 13:35:08.766 | INFO     | DCDH:train:165 - [epoch:1/1][loss:1.080163]
2024-08-25 13:35:08.767 | INFO     | DCDH:train:168 - [iter:34/50][iter_time:125.67]
2024-08-25 13:37:16.163 | INFO     | DCDH:train:165 - [epoch:1/1][loss:1.057501]
2024-08-25 13:37:16.163 | INFO     | DCDH:train:168 - [iter:35/50][iter_time:127.40]
2024-08-25 13:45:26.349 | INFO     | DCDH:train:240 - [iter:35/50][code_length:16][mAP:0.81056][mAP_all:0.79130][best_mAP:0.81287]
2024-08-25 13:45:26.350 | INFO     | DCDH:train:241 - [iter:35/50][code_length:16][zs_mAP:0.23087][zs_mAP_all:0.11392]
2024-08-25 13:49:14.751 | INFO     | DCDH:train:165 - [epoch:1/1][loss:1.060754]
2024-08-25 13:49:14.751 | INFO     | DCDH:train:168 - [iter:36/50][iter_time:228.40]
2024-08-25 13:56:44.899 | INFO     | DCDH:train:240 - [iter:36/50][code_length:16][mAP:0.80794][mAP_all:0.78867][best_mAP:0.81287]
2024-08-25 13:56:44.900 | INFO     | DCDH:train:241 - [iter:36/50][code_length:16][zs_mAP:0.23975][zs_mAP_all:0.10820]
2024-08-25 13:58:41.304 | INFO     | DCDH:train:165 - [epoch:1/1][loss:1.085876]
2024-08-25 13:58:41.305 | INFO     | DCDH:train:168 - [iter:37/50][iter_time:116.40]
2024-08-25 14:07:01.548 | INFO     | DCDH:train:240 - [iter:37/50][code_length:16][mAP:0.80254][mAP_all:0.78308][best_mAP:0.81287]
2024-08-25 14:07:01.549 | INFO     | DCDH:train:241 - [iter:37/50][code_length:16][zs_mAP:0.22979][zs_mAP_all:0.10719]
2024-08-25 14:09:09.744 | INFO     | DCDH:train:165 - [epoch:1/1][loss:1.055327]
2024-08-25 14:09:09.745 | INFO     | DCDH:train:168 - [iter:38/50][iter_time:128.20]
2024-08-25 14:17:31.186 | INFO     | DCDH:train:240 - [iter:38/50][code_length:16][mAP:0.81373][mAP_all:0.79470][best_mAP:0.81373]
2024-08-25 14:17:31.186 | INFO     | DCDH:train:241 - [iter:38/50][code_length:16][zs_mAP:0.23360][zs_mAP_all:0.10670]
2024-08-25 14:22:12.873 | INFO     | DCDH:train:165 - [epoch:1/1][loss:1.042763]
2024-08-25 14:22:12.873 | INFO     | DCDH:train:168 - [iter:39/50][iter_time:281.69]
2024-08-25 14:30:08.162 | INFO     | DCDH:train:240 - [iter:39/50][code_length:16][mAP:0.80806][mAP_all:0.78923][best_mAP:0.81373]
2024-08-25 14:30:08.163 | INFO     | DCDH:train:241 - [iter:39/50][code_length:16][zs_mAP:0.23753][zs_mAP_all:0.10909]
2024-08-25 14:32:17.909 | INFO     | DCDH:train:165 - [epoch:1/1][loss:1.058535]
2024-08-25 14:32:17.910 | INFO     | DCDH:train:168 - [iter:40/50][iter_time:129.75]
2024-08-25 14:40:05.914 | INFO     | DCDH:train:240 - [iter:40/50][code_length:16][mAP:0.81725][mAP_all:0.79781][best_mAP:0.81725]
2024-08-25 14:40:05.915 | INFO     | DCDH:train:241 - [iter:40/50][code_length:16][zs_mAP:0.24059][zs_mAP_all:0.11386]
2024-08-25 14:42:12.753 | INFO     | DCDH:train:165 - [epoch:1/1][loss:1.050665]
2024-08-25 14:42:12.754 | INFO     | DCDH:train:168 - [iter:41/50][iter_time:126.84]
2024-08-25 14:50:03.557 | INFO     | DCDH:train:240 - [iter:41/50][code_length:16][mAP:0.81049][mAP_all:0.79194][best_mAP:0.81725]
2024-08-25 14:50:03.557 | INFO     | DCDH:train:241 - [iter:41/50][code_length:16][zs_mAP:0.23798][zs_mAP_all:0.11546]
2024-08-25 14:52:14.780 | INFO     | DCDH:train:165 - [epoch:1/1][loss:1.035198]
2024-08-25 14:52:14.780 | INFO     | DCDH:train:168 - [iter:42/50][iter_time:131.22]
2024-08-25 15:00:04.557 | INFO     | DCDH:train:240 - [iter:42/50][code_length:16][mAP:0.80940][mAP_all:0.79047][best_mAP:0.81725]
2024-08-25 15:00:04.558 | INFO     | DCDH:train:241 - [iter:42/50][code_length:16][zs_mAP:0.23970][zs_mAP_all:0.11623]
2024-08-25 15:02:09.560 | INFO     | DCDH:train:165 - [epoch:1/1][loss:1.051031]
2024-08-25 15:02:09.561 | INFO     | DCDH:train:168 - [iter:43/50][iter_time:125.00]
2024-08-25 15:09:56.575 | INFO     | DCDH:train:240 - [iter:43/50][code_length:16][mAP:0.81298][mAP_all:0.79467][best_mAP:0.81725]
2024-08-25 15:09:56.575 | INFO     | DCDH:train:241 - [iter:43/50][code_length:16][zs_mAP:0.22660][zs_mAP_all:0.10866]
2024-08-25 15:12:02.232 | INFO     | DCDH:train:165 - [epoch:1/1][loss:1.037144]
2024-08-25 15:12:02.233 | INFO     | DCDH:train:168 - [iter:44/50][iter_time:125.66]
2024-08-25 15:19:49.450 | INFO     | DCDH:train:240 - [iter:44/50][code_length:16][mAP:0.81545][mAP_all:0.79639][best_mAP:0.81725]
2024-08-25 15:19:49.451 | INFO     | DCDH:train:241 - [iter:44/50][code_length:16][zs_mAP:0.22065][zs_mAP_all:0.10558]
2024-08-25 15:21:53.495 | INFO     | DCDH:train:165 - [epoch:1/1][loss:1.023184]
2024-08-25 15:21:53.496 | INFO     | DCDH:train:168 - [iter:45/50][iter_time:124.04]
2024-08-25 15:29:50.750 | INFO     | DCDH:train:240 - [iter:45/50][code_length:16][mAP:0.82166][mAP_all:0.80227][best_mAP:0.82166]
2024-08-25 15:29:50.750 | INFO     | DCDH:train:241 - [iter:45/50][code_length:16][zs_mAP:0.22822][zs_mAP_all:0.10504]
2024-08-25 15:31:55.871 | INFO     | DCDH:train:165 - [epoch:1/1][loss:0.997913]
2024-08-25 15:31:55.871 | INFO     | DCDH:train:168 - [iter:46/50][iter_time:125.12]
2024-08-25 15:39:46.326 | INFO     | DCDH:train:240 - [iter:46/50][code_length:16][mAP:0.82643][mAP_all:0.80888][best_mAP:0.82643]
2024-08-25 15:39:46.327 | INFO     | DCDH:train:241 - [iter:46/50][code_length:16][zs_mAP:0.23434][zs_mAP_all:0.11530]
2024-08-25 15:41:51.858 | INFO     | DCDH:train:165 - [epoch:1/1][loss:0.981560]
2024-08-25 15:41:51.858 | INFO     | DCDH:train:168 - [iter:47/50][iter_time:125.53]
2024-08-25 15:49:37.959 | INFO     | DCDH:train:240 - [iter:47/50][code_length:16][mAP:0.82549][mAP_all:0.80688][best_mAP:0.82643]
2024-08-25 15:49:37.960 | INFO     | DCDH:train:241 - [iter:47/50][code_length:16][zs_mAP:0.23147][zs_mAP_all:0.11145]
2024-08-25 15:51:44.533 | INFO     | DCDH:train:165 - [epoch:1/1][loss:0.975589]
2024-08-25 15:51:44.534 | INFO     | DCDH:train:168 - [iter:48/50][iter_time:126.57]
2024-08-25 15:59:36.047 | INFO     | DCDH:train:240 - [iter:48/50][code_length:16][mAP:0.83076][mAP_all:0.81187][best_mAP:0.83076]
2024-08-25 15:59:36.047 | INFO     | DCDH:train:241 - [iter:48/50][code_length:16][zs_mAP:0.23510][zs_mAP_all:0.11833]
2024-08-25 16:01:08.454 | INFO     | DCDH:train:165 - [epoch:1/1][loss:0.957144]
2024-08-25 16:01:08.455 | INFO     | DCDH:train:168 - [iter:49/50][iter_time:92.41]
2024-08-25 16:08:56.374 | INFO     | DCDH:train:240 - [iter:49/50][code_length:16][mAP:0.82923][mAP_all:0.81048][best_mAP:0.83076]
2024-08-25 16:08:56.375 | INFO     | DCDH:train:241 - [iter:49/50][code_length:16][zs_mAP:0.23373][zs_mAP_all:0.11598]
2024-08-25 16:11:02.969 | INFO     | DCDH:train:165 - [epoch:1/1][loss:0.955626]
2024-08-25 16:11:02.969 | INFO     | DCDH:train:168 - [iter:50/50][iter_time:126.59]
2024-08-25 16:18:50.505 | INFO     | DCDH:train:240 - [iter:50/50][code_length:16][mAP:0.83123][mAP_all:0.81318][best_mAP:0.83123]
2024-08-25 16:18:50.506 | INFO     | DCDH:train:241 - [iter:50/50][code_length:16][zs_mAP:0.22958][zs_mAP_all:0.11111]
2024-08-25 16:18:50.506 | INFO     | DCDH:train:244 - [Training time:17556.12]
2024-08-25 16:18:50.512 | INFO     | __main__:run:135 - [code_length:16][map:0.8312][map_all:0.8132][zs_map:0.2296][zs_map_all:0.1111]
2024-08-25 16:21:01.837 | INFO     | DCDH:train:165 - [epoch:1/1][loss:1.739186]
2024-08-25 16:21:01.838 | INFO     | DCDH:train:168 - [iter:1/50][iter_time:130.87]
2024-08-25 16:23:45.608 | INFO     | DCDH:train:165 - [epoch:1/1][loss:1.247339]
2024-08-25 16:23:45.608 | INFO     | DCDH:train:168 - [iter:2/50][iter_time:163.77]
2024-08-25 16:27:37.171 | INFO     | DCDH:train:165 - [epoch:1/1][loss:1.115305]
2024-08-25 16:27:37.172 | INFO     | DCDH:train:168 - [iter:3/50][iter_time:231.56]
2024-08-25 16:29:41.320 | INFO     | DCDH:train:165 - [epoch:1/1][loss:1.039177]
2024-08-25 16:29:41.321 | INFO     | DCDH:train:168 - [iter:4/50][iter_time:124.15]
2024-08-25 16:31:54.658 | INFO     | DCDH:train:165 - [epoch:1/1][loss:1.014237]
2024-08-25 16:31:54.659 | INFO     | DCDH:train:168 - [iter:5/50][iter_time:133.34]
2024-08-25 16:39:43.231 | INFO     | DCDH:train:240 - [iter:5/50][code_length:32][mAP:0.84271][mAP_all:0.82008][best_mAP:0.84271]
2024-08-25 16:39:43.232 | INFO     | DCDH:train:241 - [iter:5/50][code_length:32][zs_mAP:0.48704][zs_mAP_all:0.30219]
2024-08-25 16:41:53.695 | INFO     | DCDH:train:165 - [epoch:1/1][loss:0.973196]
2024-08-25 16:41:53.696 | INFO     | DCDH:train:168 - [iter:6/50][iter_time:130.46]
2024-08-25 16:43:57.050 | INFO     | DCDH:train:165 - [epoch:1/1][loss:0.944037]
2024-08-25 16:43:57.050 | INFO     | DCDH:train:168 - [iter:7/50][iter_time:123.35]
2024-08-25 16:46:39.215 | INFO     | DCDH:train:165 - [epoch:1/1][loss:0.904919]
2024-08-25 16:46:39.216 | INFO     | DCDH:train:168 - [iter:8/50][iter_time:162.17]
2024-08-25 16:50:26.224 | INFO     | DCDH:train:165 - [epoch:1/1][loss:0.894770]
2024-08-25 16:50:26.225 | INFO     | DCDH:train:168 - [iter:9/50][iter_time:227.01]
2024-08-25 16:52:38.947 | INFO     | DCDH:train:165 - [epoch:1/1][loss:0.867661]
2024-08-25 16:52:38.947 | INFO     | DCDH:train:168 - [iter:10/50][iter_time:132.72]
2024-08-25 17:00:26.854 | INFO     | DCDH:train:240 - [iter:10/50][code_length:32][mAP:0.84993][mAP_all:0.82656][best_mAP:0.84993]
2024-08-25 17:00:26.855 | INFO     | DCDH:train:241 - [iter:10/50][code_length:32][zs_mAP:0.45275][zs_mAP_all:0.27430]
2024-08-25 17:02:32.124 | INFO     | DCDH:train:165 - [epoch:1/1][loss:0.851118]
2024-08-25 17:02:32.124 | INFO     | DCDH:train:168 - [iter:11/50][iter_time:125.27]
2024-08-25 17:04:33.899 | INFO     | DCDH:train:165 - [epoch:1/1][loss:0.840043]
2024-08-25 17:04:33.900 | INFO     | DCDH:train:168 - [iter:12/50][iter_time:121.78]
2024-08-25 17:06:30.832 | INFO     | DCDH:train:165 - [epoch:1/1][loss:0.847241]
2024-08-25 17:06:30.833 | INFO     | DCDH:train:168 - [iter:13/50][iter_time:116.93]
2024-08-25 17:08:51.998 | INFO     | DCDH:train:165 - [epoch:1/1][loss:0.816491]
2024-08-25 17:08:51.999 | INFO     | DCDH:train:168 - [iter:14/50][iter_time:141.16]
2024-08-25 17:13:17.868 | INFO     | DCDH:train:165 - [epoch:1/1][loss:0.829748]
2024-08-25 17:13:17.868 | INFO     | DCDH:train:168 - [iter:15/50][iter_time:265.87]
2024-08-25 17:21:22.540 | INFO     | DCDH:train:240 - [iter:15/50][code_length:32][mAP:0.85632][mAP_all:0.83438][best_mAP:0.85632]
2024-08-25 17:21:22.541 | INFO     | DCDH:train:241 - [iter:15/50][code_length:32][zs_mAP:0.43442][zs_mAP_all:0.26688]
2024-08-25 17:23:28.888 | INFO     | DCDH:train:165 - [epoch:1/1][loss:0.812822]
2024-08-25 17:23:28.889 | INFO     | DCDH:train:168 - [iter:16/50][iter_time:126.35]
2024-08-25 17:25:39.466 | INFO     | DCDH:train:165 - [epoch:1/1][loss:0.795861]
2024-08-25 17:25:39.466 | INFO     | DCDH:train:168 - [iter:17/50][iter_time:130.58]
2024-08-25 17:27:51.319 | INFO     | DCDH:train:165 - [epoch:1/1][loss:0.781131]
2024-08-25 17:27:51.320 | INFO     | DCDH:train:168 - [iter:18/50][iter_time:131.85]
2024-08-25 17:30:45.879 | INFO     | DCDH:train:165 - [epoch:1/1][loss:0.774012]
2024-08-25 17:30:45.880 | INFO     | DCDH:train:168 - [iter:19/50][iter_time:174.56]
2024-08-25 17:35:14.913 | INFO     | DCDH:train:165 - [epoch:1/1][loss:0.756155]
2024-08-25 17:35:14.913 | INFO     | DCDH:train:168 - [iter:20/50][iter_time:269.03]
2024-08-25 17:43:23.235 | INFO     | DCDH:train:240 - [iter:20/50][code_length:32][mAP:0.85640][mAP_all:0.83434][best_mAP:0.85640]
2024-08-25 17:43:23.236 | INFO     | DCDH:train:241 - [iter:20/50][code_length:32][zs_mAP:0.42899][zs_mAP_all:0.25998]
2024-08-25 17:45:24.829 | INFO     | DCDH:train:165 - [epoch:1/1][loss:0.764698]
2024-08-25 17:45:24.830 | INFO     | DCDH:train:168 - [iter:21/50][iter_time:121.59]
2024-08-25 17:47:25.177 | INFO     | DCDH:train:165 - [epoch:1/1][loss:0.763145]
2024-08-25 17:47:25.178 | INFO     | DCDH:train:168 - [iter:22/50][iter_time:120.35]
2024-08-25 17:49:24.024 | INFO     | DCDH:train:165 - [epoch:1/1][loss:0.734695]
2024-08-25 17:49:24.025 | INFO     | DCDH:train:168 - [iter:23/50][iter_time:118.85]
2024-08-25 17:52:14.250 | INFO     | DCDH:train:165 - [epoch:1/1][loss:0.739895]
2024-08-25 17:52:14.251 | INFO     | DCDH:train:168 - [iter:24/50][iter_time:170.23]
2024-08-25 17:56:34.471 | INFO     | DCDH:train:165 - [epoch:1/1][loss:0.754049]
2024-08-25 17:56:34.472 | INFO     | DCDH:train:168 - [iter:25/50][iter_time:260.22]
2024-08-25 18:04:38.261 | INFO     | DCDH:train:240 - [iter:25/50][code_length:32][mAP:0.85814][mAP_all:0.83510][best_mAP:0.85814]
2024-08-25 18:04:38.261 | INFO     | DCDH:train:241 - [iter:25/50][code_length:32][zs_mAP:0.42987][zs_mAP_all:0.26482]
2024-08-25 18:06:44.323 | INFO     | DCDH:train:165 - [epoch:1/1][loss:0.724212]
2024-08-25 18:06:44.324 | INFO     | DCDH:train:168 - [iter:26/50][iter_time:126.06]
2024-08-25 18:08:44.751 | INFO     | DCDH:train:165 - [epoch:1/1][loss:0.713227]
2024-08-25 18:08:44.752 | INFO     | DCDH:train:168 - [iter:27/50][iter_time:120.43]
2024-08-25 18:10:50.586 | INFO     | DCDH:train:165 - [epoch:1/1][loss:0.725921]
2024-08-25 18:10:50.586 | INFO     | DCDH:train:168 - [iter:28/50][iter_time:125.83]
2024-08-25 18:14:09.052 | INFO     | DCDH:train:165 - [epoch:1/1][loss:0.729939]
2024-08-25 18:14:09.053 | INFO     | DCDH:train:168 - [iter:29/50][iter_time:198.47]
2024-08-25 18:18:24.213 | INFO     | DCDH:train:165 - [epoch:1/1][loss:0.707782]
2024-08-25 18:18:24.214 | INFO     | DCDH:train:168 - [iter:30/50][iter_time:255.16]
2024-08-25 18:26:12.090 | INFO     | DCDH:train:240 - [iter:30/50][code_length:32][mAP:0.85991][mAP_all:0.83763][best_mAP:0.85991]
2024-08-25 18:26:12.091 | INFO     | DCDH:train:241 - [iter:30/50][code_length:32][zs_mAP:0.41603][zs_mAP_all:0.24717]
2024-08-25 18:27:54.495 | INFO     | DCDH:train:165 - [epoch:1/1][loss:0.710657]
2024-08-25 18:27:54.496 | INFO     | DCDH:train:168 - [iter:31/50][iter_time:102.40]
2024-08-25 18:30:03.349 | INFO     | DCDH:train:165 - [epoch:1/1][loss:0.681335]
2024-08-25 18:30:03.350 | INFO     | DCDH:train:168 - [iter:32/50][iter_time:128.85]
2024-08-25 18:32:17.183 | INFO     | DCDH:train:165 - [epoch:1/1][loss:0.693561]
2024-08-25 18:32:17.184 | INFO     | DCDH:train:168 - [iter:33/50][iter_time:133.83]
2024-08-25 18:36:41.697 | INFO     | DCDH:train:165 - [epoch:1/1][loss:0.689201]
2024-08-25 18:36:41.697 | INFO     | DCDH:train:168 - [iter:34/50][iter_time:264.51]
2024-08-25 18:40:52.345 | INFO     | DCDH:train:165 - [epoch:1/1][loss:0.686417]
2024-08-25 18:40:52.345 | INFO     | DCDH:train:168 - [iter:35/50][iter_time:250.65]
2024-08-25 18:48:55.033 | INFO     | DCDH:train:240 - [iter:35/50][code_length:32][mAP:0.86290][mAP_all:0.83924][best_mAP:0.86290]
2024-08-25 18:48:55.033 | INFO     | DCDH:train:241 - [iter:35/50][code_length:32][zs_mAP:0.39885][zs_mAP_all:0.24095]
2024-08-25 18:50:55.143 | INFO     | DCDH:train:165 - [epoch:1/1][loss:0.677991]
2024-08-25 18:50:55.144 | INFO     | DCDH:train:168 - [iter:36/50][iter_time:120.11]
2024-08-25 18:58:55.469 | INFO     | DCDH:train:240 - [iter:36/50][code_length:32][mAP:0.86071][mAP_all:0.83855][best_mAP:0.86290]
2024-08-25 18:58:55.470 | INFO     | DCDH:train:241 - [iter:36/50][code_length:32][zs_mAP:0.39757][zs_mAP_all:0.23810]
2024-08-25 19:03:18.419 | INFO     | DCDH:train:165 - [epoch:1/1][loss:0.656998]
2024-08-25 19:03:18.419 | INFO     | DCDH:train:168 - [iter:37/50][iter_time:262.95]
2024-08-25 19:11:09.106 | INFO     | DCDH:train:240 - [iter:37/50][code_length:32][mAP:0.86375][mAP_all:0.84268][best_mAP:0.86375]
2024-08-25 19:11:09.106 | INFO     | DCDH:train:241 - [iter:37/50][code_length:32][zs_mAP:0.40784][zs_mAP_all:0.24813]
2024-08-25 19:13:14.262 | INFO     | DCDH:train:165 - [epoch:1/1][loss:0.686692]
2024-08-25 19:13:14.263 | INFO     | DCDH:train:168 - [iter:38/50][iter_time:125.16]
2024-08-25 19:21:31.601 | INFO     | DCDH:train:240 - [iter:38/50][code_length:32][mAP:0.86142][mAP_all:0.84041][best_mAP:0.86375]
2024-08-25 19:21:31.601 | INFO     | DCDH:train:241 - [iter:38/50][code_length:32][zs_mAP:0.39826][zs_mAP_all:0.24189]
2024-08-25 19:25:52.906 | INFO     | DCDH:train:165 - [epoch:1/1][loss:0.672510]
2024-08-25 19:25:52.906 | INFO     | DCDH:train:168 - [iter:39/50][iter_time:261.30]
2024-08-25 19:33:47.065 | INFO     | DCDH:train:240 - [iter:39/50][code_length:32][mAP:0.85925][mAP_all:0.83813][best_mAP:0.86375]
2024-08-25 19:33:47.065 | INFO     | DCDH:train:241 - [iter:39/50][code_length:32][zs_mAP:0.38066][zs_mAP_all:0.22423]
2024-08-25 19:37:01.684 | INFO     | DCDH:train:165 - [epoch:1/1][loss:0.683120]
2024-08-25 19:37:01.684 | INFO     | DCDH:train:168 - [iter:40/50][iter_time:194.62]
2024-08-25 19:44:57.523 | INFO     | DCDH:train:240 - [iter:40/50][code_length:32][mAP:0.85943][mAP_all:0.83795][best_mAP:0.86375]
2024-08-25 19:44:57.524 | INFO     | DCDH:train:241 - [iter:40/50][code_length:32][zs_mAP:0.39775][zs_mAP_all:0.23346]
2024-08-25 19:48:29.953 | INFO     | DCDH:train:165 - [epoch:1/1][loss:0.658196]
2024-08-25 19:48:29.953 | INFO     | DCDH:train:168 - [iter:41/50][iter_time:212.43]
2024-08-25 19:56:08.409 | INFO     | DCDH:train:240 - [iter:41/50][code_length:32][mAP:0.86009][mAP_all:0.83721][best_mAP:0.86375]
2024-08-25 19:56:08.410 | INFO     | DCDH:train:241 - [iter:41/50][code_length:32][zs_mAP:0.40645][zs_mAP_all:0.24764]
2024-08-25 19:59:40.637 | INFO     | DCDH:train:165 - [epoch:1/1][loss:0.667407]
2024-08-25 19:59:40.638 | INFO     | DCDH:train:168 - [iter:42/50][iter_time:212.23]
2024-08-25 20:07:31.381 | INFO     | DCDH:train:240 - [iter:42/50][code_length:32][mAP:0.85834][mAP_all:0.83661][best_mAP:0.86375]
2024-08-25 20:07:31.382 | INFO     | DCDH:train:241 - [iter:42/50][code_length:32][zs_mAP:0.39876][zs_mAP_all:0.23832]
2024-08-25 20:11:29.030 | INFO     | DCDH:train:165 - [epoch:1/1][loss:0.657259]
2024-08-25 20:11:29.031 | INFO     | DCDH:train:168 - [iter:43/50][iter_time:237.65]
2024-08-25 20:19:34.170 | INFO     | DCDH:train:240 - [iter:43/50][code_length:32][mAP:0.85643][mAP_all:0.83544][best_mAP:0.86375]
2024-08-25 20:19:34.170 | INFO     | DCDH:train:241 - [iter:43/50][code_length:32][zs_mAP:0.39533][zs_mAP_all:0.23193]
2024-08-25 20:23:58.744 | INFO     | DCDH:train:165 - [epoch:1/1][loss:0.644925]
2024-08-25 20:23:58.745 | INFO     | DCDH:train:168 - [iter:44/50][iter_time:264.57]
2024-08-25 20:31:30.768 | INFO     | DCDH:train:240 - [iter:44/50][code_length:32][mAP:0.85751][mAP_all:0.83569][best_mAP:0.86375]
2024-08-25 20:31:30.769 | INFO     | DCDH:train:241 - [iter:44/50][code_length:32][zs_mAP:0.39833][zs_mAP_all:0.23322]
2024-08-25 20:35:46.384 | INFO     | DCDH:train:165 - [epoch:1/1][loss:0.654202]
2024-08-25 20:35:46.384 | INFO     | DCDH:train:168 - [iter:45/50][iter_time:255.62]
2024-08-25 20:43:19.254 | INFO     | DCDH:train:240 - [iter:45/50][code_length:32][mAP:0.86562][mAP_all:0.84524][best_mAP:0.86562]
2024-08-25 20:43:19.255 | INFO     | DCDH:train:241 - [iter:45/50][code_length:32][zs_mAP:0.38479][zs_mAP_all:0.22622]
2024-08-25 20:45:24.224 | INFO     | DCDH:train:165 - [epoch:1/1][loss:0.638402]
2024-08-25 20:45:24.224 | INFO     | DCDH:train:168 - [iter:46/50][iter_time:124.97]
2024-08-25 20:53:15.827 | INFO     | DCDH:train:240 - [iter:46/50][code_length:32][mAP:0.87009][mAP_all:0.85023][best_mAP:0.87009]
2024-08-25 20:53:15.827 | INFO     | DCDH:train:241 - [iter:46/50][code_length:32][zs_mAP:0.39126][zs_mAP_all:0.23625]
2024-08-25 20:57:39.335 | INFO     | DCDH:train:165 - [epoch:1/1][loss:0.613186]
2024-08-25 20:57:39.335 | INFO     | DCDH:train:168 - [iter:47/50][iter_time:263.51]
2024-08-25 21:05:38.878 | INFO     | DCDH:train:240 - [iter:47/50][code_length:32][mAP:0.87148][mAP_all:0.85093][best_mAP:0.87148]
2024-08-25 21:05:38.879 | INFO     | DCDH:train:241 - [iter:47/50][code_length:32][zs_mAP:0.39664][zs_mAP_all:0.24137]
2024-08-25 21:10:06.359 | INFO     | DCDH:train:165 - [epoch:1/1][loss:0.583384]
2024-08-25 21:10:06.359 | INFO     | DCDH:train:168 - [iter:48/50][iter_time:267.48]
2024-08-25 21:17:44.104 | INFO     | DCDH:train:240 - [iter:48/50][code_length:32][mAP:0.87392][mAP_all:0.85360][best_mAP:0.87392]
2024-08-25 21:17:44.105 | INFO     | DCDH:train:241 - [iter:48/50][code_length:32][zs_mAP:0.39571][zs_mAP_all:0.23474]
2024-08-25 21:22:02.866 | INFO     | DCDH:train:165 - [epoch:1/1][loss:0.597499]
2024-08-25 21:22:02.867 | INFO     | DCDH:train:168 - [iter:49/50][iter_time:258.76]
2024-08-25 21:29:56.819 | INFO     | DCDH:train:240 - [iter:49/50][code_length:32][mAP:0.87440][mAP_all:0.85507][best_mAP:0.87440]
2024-08-25 21:29:56.819 | INFO     | DCDH:train:241 - [iter:49/50][code_length:32][zs_mAP:0.39814][zs_mAP_all:0.24063]
2024-08-25 21:34:01.722 | INFO     | DCDH:train:165 - [epoch:1/1][loss:0.579413]
2024-08-25 21:34:01.723 | INFO     | DCDH:train:168 - [iter:50/50][iter_time:244.90]
2024-08-25 21:41:37.532 | INFO     | DCDH:train:240 - [iter:50/50][code_length:32][mAP:0.87496][mAP_all:0.85389][best_mAP:0.87496]
2024-08-25 21:41:37.533 | INFO     | DCDH:train:241 - [iter:50/50][code_length:32][zs_mAP:0.40250][zs_mAP_all:0.23989]
2024-08-25 21:41:37.533 | INFO     | DCDH:train:244 - [Training time:19366.56]
2024-08-25 21:41:37.543 | INFO     | __main__:run:135 - [code_length:32][map:0.8750][map_all:0.8539][zs_map:0.4025][zs_map_all:0.2399]
2024-08-25 21:45:50.999 | INFO     | DCDH:train:165 - [epoch:1/1][loss:1.479681]
2024-08-25 21:45:51.000 | INFO     | DCDH:train:168 - [iter:1/50][iter_time:252.88]
2024-08-25 21:48:09.267 | INFO     | DCDH:train:165 - [epoch:1/1][loss:1.053286]
2024-08-25 21:48:09.268 | INFO     | DCDH:train:168 - [iter:2/50][iter_time:138.27]
2024-08-25 21:50:26.619 | INFO     | DCDH:train:165 - [epoch:1/1][loss:0.972109]
2024-08-25 21:50:26.620 | INFO     | DCDH:train:168 - [iter:3/50][iter_time:137.35]
2024-08-25 21:52:35.569 | INFO     | DCDH:train:165 - [epoch:1/1][loss:0.934504]
2024-08-25 21:52:35.571 | INFO     | DCDH:train:168 - [iter:4/50][iter_time:128.95]
2024-08-25 21:55:54.313 | INFO     | DCDH:train:165 - [epoch:1/1][loss:0.912516]
2024-08-25 21:55:54.314 | INFO     | DCDH:train:168 - [iter:5/50][iter_time:198.74]
2024-08-25 22:03:30.413 | INFO     | DCDH:train:240 - [iter:5/50][code_length:64][mAP:0.85103][mAP_all:0.83065][best_mAP:0.85103]
2024-08-25 22:03:30.414 | INFO     | DCDH:train:241 - [iter:5/50][code_length:64][zs_mAP:0.56306][zs_mAP_all:0.40441]
2024-08-25 22:07:10.305 | INFO     | DCDH:train:165 - [epoch:1/1][loss:0.859450]
2024-08-25 22:07:10.306 | INFO     | DCDH:train:168 - [iter:6/50][iter_time:219.89]
2024-08-25 22:10:14.617 | INFO     | DCDH:train:165 - [epoch:1/1][loss:0.839301]
2024-08-25 22:10:14.618 | INFO     | DCDH:train:168 - [iter:7/50][iter_time:184.31]
2024-08-25 22:12:16.895 | INFO     | DCDH:train:165 - [epoch:1/1][loss:0.829676]
2024-08-25 22:12:16.896 | INFO     | DCDH:train:168 - [iter:8/50][iter_time:122.28]
2024-08-25 22:14:20.728 | INFO     | DCDH:train:165 - [epoch:1/1][loss:0.818018]
2024-08-25 22:14:20.729 | INFO     | DCDH:train:168 - [iter:9/50][iter_time:123.83]
2024-08-25 22:16:20.477 | INFO     | DCDH:train:165 - [epoch:1/1][loss:0.787485]
2024-08-25 22:16:20.477 | INFO     | DCDH:train:168 - [iter:10/50][iter_time:119.75]
2024-08-25 22:24:07.601 | INFO     | DCDH:train:240 - [iter:10/50][code_length:64][mAP:0.86901][mAP_all:0.84992][best_mAP:0.86901]
2024-08-25 22:24:07.601 | INFO     | DCDH:train:241 - [iter:10/50][code_length:64][zs_mAP:0.54558][zs_mAP_all:0.37734]
2024-08-25 22:26:14.270 | INFO     | DCDH:train:165 - [epoch:1/1][loss:0.782180]
2024-08-25 22:26:14.271 | INFO     | DCDH:train:168 - [iter:11/50][iter_time:126.67]
2024-08-25 22:30:12.611 | INFO     | DCDH:train:165 - [epoch:1/1][loss:0.769166]
2024-08-25 22:30:12.612 | INFO     | DCDH:train:168 - [iter:12/50][iter_time:238.34]
2024-08-25 22:34:39.237 | INFO     | DCDH:train:165 - [epoch:1/1][loss:0.751604]
2024-08-25 22:34:39.237 | INFO     | DCDH:train:168 - [iter:13/50][iter_time:266.63]
2024-08-25 22:39:02.537 | INFO     | DCDH:train:165 - [epoch:1/1][loss:0.754630]
2024-08-25 22:39:02.538 | INFO     | DCDH:train:168 - [iter:14/50][iter_time:263.30]
2024-08-25 22:43:30.373 | INFO     | DCDH:train:165 - [epoch:1/1][loss:0.745175]
2024-08-25 22:43:30.373 | INFO     | DCDH:train:168 - [iter:15/50][iter_time:267.84]
2024-08-25 22:51:19.170 | INFO     | DCDH:train:240 - [iter:15/50][code_length:64][mAP:0.86493][mAP_all:0.84700][best_mAP:0.86901]
2024-08-25 22:51:19.170 | INFO     | DCDH:train:241 - [iter:15/50][code_length:64][zs_mAP:0.53730][zs_mAP_all:0.36183]
2024-08-25 22:53:22.934 | INFO     | DCDH:train:165 - [epoch:1/1][loss:0.713530]
2024-08-25 22:53:22.935 | INFO     | DCDH:train:168 - [iter:16/50][iter_time:123.76]
2024-08-25 22:57:21.703 | INFO     | DCDH:train:165 - [epoch:1/1][loss:0.728656]
2024-08-25 22:57:21.703 | INFO     | DCDH:train:168 - [iter:17/50][iter_time:238.77]
2024-08-25 23:01:46.799 | INFO     | DCDH:train:165 - [epoch:1/1][loss:0.718012]
2024-08-25 23:01:46.800 | INFO     | DCDH:train:168 - [iter:18/50][iter_time:265.10]
2024-08-25 23:04:15.781 | INFO     | DCDH:train:165 - [epoch:1/1][loss:0.696027]
2024-08-25 23:04:15.782 | INFO     | DCDH:train:168 - [iter:19/50][iter_time:148.98]
2024-08-25 23:06:08.202 | INFO     | DCDH:train:165 - [epoch:1/1][loss:0.693736]
2024-08-25 23:06:08.203 | INFO     | DCDH:train:168 - [iter:20/50][iter_time:112.42]
2024-08-25 23:13:52.878 | INFO     | DCDH:train:240 - [iter:20/50][code_length:64][mAP:0.86930][mAP_all:0.85152][best_mAP:0.86930]
2024-08-25 23:13:52.879 | INFO     | DCDH:train:241 - [iter:20/50][code_length:64][zs_mAP:0.52966][zs_mAP_all:0.35560]
2024-08-25 23:16:11.918 | INFO     | DCDH:train:165 - [epoch:1/1][loss:0.701152]
2024-08-25 23:16:11.918 | INFO     | DCDH:train:168 - [iter:21/50][iter_time:139.04]
2024-08-25 23:20:29.802 | INFO     | DCDH:train:165 - [epoch:1/1][loss:0.670253]
2024-08-25 23:20:29.803 | INFO     | DCDH:train:168 - [iter:22/50][iter_time:257.88]
2024-08-25 23:24:46.223 | INFO     | DCDH:train:165 - [epoch:1/1][loss:0.692221]
2024-08-25 23:24:46.224 | INFO     | DCDH:train:168 - [iter:23/50][iter_time:256.42]
2024-08-25 23:28:54.122 | INFO     | DCDH:train:165 - [epoch:1/1][loss:0.679171]
2024-08-25 23:28:54.123 | INFO     | DCDH:train:168 - [iter:24/50][iter_time:247.90]
2024-08-25 23:33:03.655 | INFO     | DCDH:train:165 - [epoch:1/1][loss:0.682549]
2024-08-25 23:33:03.656 | INFO     | DCDH:train:168 - [iter:25/50][iter_time:249.53]
2024-08-25 23:40:54.417 | INFO     | DCDH:train:240 - [iter:25/50][code_length:64][mAP:0.87105][mAP_all:0.85341][best_mAP:0.87105]
2024-08-25 23:40:54.418 | INFO     | DCDH:train:241 - [iter:25/50][code_length:64][zs_mAP:0.53396][zs_mAP_all:0.35547]
2024-08-25 23:43:16.925 | INFO     | DCDH:train:165 - [epoch:1/1][loss:0.671153]
2024-08-25 23:43:16.925 | INFO     | DCDH:train:168 - [iter:26/50][iter_time:142.51]
2024-08-25 23:47:38.883 | INFO     | DCDH:train:165 - [epoch:1/1][loss:0.676342]
2024-08-25 23:47:38.884 | INFO     | DCDH:train:168 - [iter:27/50][iter_time:261.96]
2024-08-25 23:51:59.459 | INFO     | DCDH:train:165 - [epoch:1/1][loss:0.674548]
2024-08-25 23:51:59.460 | INFO     | DCDH:train:168 - [iter:28/50][iter_time:260.58]
2024-08-25 23:56:20.879 | INFO     | DCDH:train:165 - [epoch:1/1][loss:0.652561]
2024-08-25 23:56:20.880 | INFO     | DCDH:train:168 - [iter:29/50][iter_time:261.42]
2024-08-26 00:00:43.997 | INFO     | DCDH:train:165 - [epoch:1/1][loss:0.639929]
2024-08-26 00:00:43.997 | INFO     | DCDH:train:168 - [iter:30/50][iter_time:263.12]
2024-08-26 00:08:24.057 | INFO     | DCDH:train:240 - [iter:30/50][code_length:64][mAP:0.87346][mAP_all:0.85547][best_mAP:0.87346]
2024-08-26 00:08:24.058 | INFO     | DCDH:train:241 - [iter:30/50][code_length:64][zs_mAP:0.50649][zs_mAP_all:0.32966]
2024-08-26 00:10:29.997 | INFO     | DCDH:train:165 - [epoch:1/1][loss:0.639136]
2024-08-26 00:10:29.997 | INFO     | DCDH:train:168 - [iter:31/50][iter_time:125.94]
2024-08-26 00:14:44.138 | INFO     | DCDH:train:165 - [epoch:1/1][loss:0.650081]
2024-08-26 00:14:44.138 | INFO     | DCDH:train:168 - [iter:32/50][iter_time:254.14]
2024-08-26 00:19:11.215 | INFO     | DCDH:train:165 - [epoch:1/1][loss:0.637484]
2024-08-26 00:19:11.216 | INFO     | DCDH:train:168 - [iter:33/50][iter_time:267.08]
2024-08-26 00:23:34.331 | INFO     | DCDH:train:165 - [epoch:1/1][loss:0.637051]
2024-08-26 00:23:34.331 | INFO     | DCDH:train:168 - [iter:34/50][iter_time:263.12]
2024-08-26 00:27:59.892 | INFO     | DCDH:train:165 - [epoch:1/1][loss:0.642345]
2024-08-26 00:27:59.893 | INFO     | DCDH:train:168 - [iter:35/50][iter_time:265.56]
2024-08-26 00:35:46.446 | INFO     | DCDH:train:240 - [iter:35/50][code_length:64][mAP:0.87690][mAP_all:0.85929][best_mAP:0.87690]
2024-08-26 00:35:46.446 | INFO     | DCDH:train:241 - [iter:35/50][code_length:64][zs_mAP:0.49758][zs_mAP_all:0.32579]
2024-08-26 00:37:52.402 | INFO     | DCDH:train:165 - [epoch:1/1][loss:0.628371]
2024-08-26 00:37:52.402 | INFO     | DCDH:train:168 - [iter:36/50][iter_time:125.96]
2024-08-26 00:46:11.004 | INFO     | DCDH:train:240 - [iter:36/50][code_length:64][mAP:0.87011][mAP_all:0.85268][best_mAP:0.87690]
2024-08-26 00:46:11.005 | INFO     | DCDH:train:241 - [iter:36/50][code_length:64][zs_mAP:0.49499][zs_mAP_all:0.31759]
2024-08-26 00:50:13.350 | INFO     | DCDH:train:165 - [epoch:1/1][loss:0.620217]
2024-08-26 00:50:13.350 | INFO     | DCDH:train:168 - [iter:37/50][iter_time:242.35]
2024-08-26 00:57:53.434 | INFO     | DCDH:train:240 - [iter:37/50][code_length:64][mAP:0.87088][mAP_all:0.85347][best_mAP:0.87690]
2024-08-26 00:57:53.435 | INFO     | DCDH:train:241 - [iter:37/50][code_length:64][zs_mAP:0.48738][zs_mAP_all:0.31146]
2024-08-26 01:02:16.397 | INFO     | DCDH:train:165 - [epoch:1/1][loss:0.626576]
2024-08-26 01:02:16.397 | INFO     | DCDH:train:168 - [iter:38/50][iter_time:262.96]
2024-08-26 01:10:35.738 | INFO     | DCDH:train:240 - [iter:38/50][code_length:64][mAP:0.87063][mAP_all:0.85442][best_mAP:0.87690]
2024-08-26 01:10:35.738 | INFO     | DCDH:train:241 - [iter:38/50][code_length:64][zs_mAP:0.48736][zs_mAP_all:0.32082]
2024-08-26 01:12:39.083 | INFO     | DCDH:train:165 - [epoch:1/1][loss:0.603144]
2024-08-26 01:12:39.084 | INFO     | DCDH:train:168 - [iter:39/50][iter_time:123.35]
2024-08-26 01:20:24.629 | INFO     | DCDH:train:240 - [iter:39/50][code_length:64][mAP:0.87230][mAP_all:0.85528][best_mAP:0.87690]
2024-08-26 01:20:24.630 | INFO     | DCDH:train:241 - [iter:39/50][code_length:64][zs_mAP:0.48586][zs_mAP_all:0.31666]
2024-08-26 01:22:34.241 | INFO     | DCDH:train:165 - [epoch:1/1][loss:0.611339]
2024-08-26 01:22:34.242 | INFO     | DCDH:train:168 - [iter:40/50][iter_time:129.61]
2024-08-26 01:30:24.847 | INFO     | DCDH:train:240 - [iter:40/50][code_length:64][mAP:0.87505][mAP_all:0.85752][best_mAP:0.87690]
2024-08-26 01:30:24.848 | INFO     | DCDH:train:241 - [iter:40/50][code_length:64][zs_mAP:0.48034][zs_mAP_all:0.30924]
2024-08-26 01:32:35.153 | INFO     | DCDH:train:165 - [epoch:1/1][loss:0.625316]
2024-08-26 01:32:35.154 | INFO     | DCDH:train:168 - [iter:41/50][iter_time:130.31]
2024-08-26 01:40:18.585 | INFO     | DCDH:train:240 - [iter:41/50][code_length:64][mAP:0.87030][mAP_all:0.85457][best_mAP:0.87690]
2024-08-26 01:40:18.585 | INFO     | DCDH:train:241 - [iter:41/50][code_length:64][zs_mAP:0.48539][zs_mAP_all:0.31497]
2024-08-26 01:41:50.550 | INFO     | DCDH:train:165 - [epoch:1/1][loss:0.619422]
2024-08-26 01:41:50.550 | INFO     | DCDH:train:168 - [iter:42/50][iter_time:91.97]
2024-08-26 01:49:36.959 | INFO     | DCDH:train:240 - [iter:42/50][code_length:64][mAP:0.87441][mAP_all:0.85765][best_mAP:0.87690]
2024-08-26 01:49:36.959 | INFO     | DCDH:train:241 - [iter:42/50][code_length:64][zs_mAP:0.48529][zs_mAP_all:0.31980]
2024-08-26 01:52:15.761 | INFO     | DCDH:train:165 - [epoch:1/1][loss:0.615607]
2024-08-26 01:52:15.762 | INFO     | DCDH:train:168 - [iter:43/50][iter_time:158.80]
2024-08-26 02:00:28.899 | INFO     | DCDH:train:240 - [iter:43/50][code_length:64][mAP:0.87523][mAP_all:0.85855][best_mAP:0.87690]
2024-08-26 02:00:28.899 | INFO     | DCDH:train:241 - [iter:43/50][code_length:64][zs_mAP:0.48596][zs_mAP_all:0.31643]
2024-08-26 02:02:47.152 | INFO     | DCDH:train:165 - [epoch:1/1][loss:0.618061]
2024-08-26 02:02:47.152 | INFO     | DCDH:train:168 - [iter:44/50][iter_time:138.25]
2024-08-26 02:10:30.650 | INFO     | DCDH:train:240 - [iter:44/50][code_length:64][mAP:0.87688][mAP_all:0.85989][best_mAP:0.87690]
2024-08-26 02:10:30.651 | INFO     | DCDH:train:241 - [iter:44/50][code_length:64][zs_mAP:0.48591][zs_mAP_all:0.32591]
2024-08-26 02:12:49.561 | INFO     | DCDH:train:165 - [epoch:1/1][loss:0.596156]
2024-08-26 02:12:49.562 | INFO     | DCDH:train:168 - [iter:45/50][iter_time:138.91]
2024-08-26 02:20:37.648 | INFO     | DCDH:train:240 - [iter:45/50][code_length:64][mAP:0.87237][mAP_all:0.85631][best_mAP:0.87690]
2024-08-26 02:20:37.649 | INFO     | DCDH:train:241 - [iter:45/50][code_length:64][zs_mAP:0.49695][zs_mAP_all:0.32907]
2024-08-26 02:22:55.448 | INFO     | DCDH:train:165 - [epoch:1/1][loss:0.594099]
2024-08-26 02:22:55.449 | INFO     | DCDH:train:168 - [iter:46/50][iter_time:137.80]
2024-08-26 02:30:48.462 | INFO     | DCDH:train:240 - [iter:46/50][code_length:64][mAP:0.87963][mAP_all:0.86308][best_mAP:0.87963]
2024-08-26 02:30:48.463 | INFO     | DCDH:train:241 - [iter:46/50][code_length:64][zs_mAP:0.49868][zs_mAP_all:0.33966]
2024-08-26 02:32:55.736 | INFO     | DCDH:train:165 - [epoch:1/1][loss:0.560234]
2024-08-26 02:32:55.737 | INFO     | DCDH:train:168 - [iter:47/50][iter_time:127.27]
2024-08-26 02:40:45.828 | INFO     | DCDH:train:240 - [iter:47/50][code_length:64][mAP:0.88148][mAP_all:0.86488][best_mAP:0.88148]
2024-08-26 02:40:45.828 | INFO     | DCDH:train:241 - [iter:47/50][code_length:64][zs_mAP:0.49826][zs_mAP_all:0.33540]
2024-08-26 02:42:53.748 | INFO     | DCDH:train:165 - [epoch:1/1][loss:0.562653]
2024-08-26 02:42:53.749 | INFO     | DCDH:train:168 - [iter:48/50][iter_time:127.92]
2024-08-26 02:50:40.764 | INFO     | DCDH:train:240 - [iter:48/50][code_length:64][mAP:0.88517][mAP_all:0.86879][best_mAP:0.88517]
2024-08-26 02:50:40.765 | INFO     | DCDH:train:241 - [iter:48/50][code_length:64][zs_mAP:0.50312][zs_mAP_all:0.33647]
2024-08-26 02:52:53.030 | INFO     | DCDH:train:165 - [epoch:1/1][loss:0.544352]
2024-08-26 02:52:53.031 | INFO     | DCDH:train:168 - [iter:49/50][iter_time:132.27]
2024-08-26 03:00:41.051 | INFO     | DCDH:train:240 - [iter:49/50][code_length:64][mAP:0.88340][mAP_all:0.86715][best_mAP:0.88517]
2024-08-26 03:00:41.052 | INFO     | DCDH:train:241 - [iter:49/50][code_length:64][zs_mAP:0.50604][zs_mAP_all:0.34107]
2024-08-26 03:02:55.940 | INFO     | DCDH:train:165 - [epoch:1/1][loss:0.543580]
2024-08-26 03:02:55.941 | INFO     | DCDH:train:168 - [iter:50/50][iter_time:134.89]
2024-08-26 03:10:42.901 | INFO     | DCDH:train:240 - [iter:50/50][code_length:64][mAP:0.88321][mAP_all:0.86760][best_mAP:0.88517]
2024-08-26 03:10:42.901 | INFO     | DCDH:train:241 - [iter:50/50][code_length:64][zs_mAP:0.50315][zs_mAP_all:0.33782]
2024-08-26 03:10:42.902 | INFO     | DCDH:train:244 - [Training time:19744.78]
2024-08-26 03:10:42.912 | INFO     | __main__:run:135 - [code_length:64][map:0.8852][map_all:0.8688][zs_map:0.5031][zs_map_all:0.3365]
