2024-08-25 10:00:56.025 | SUCCESS  | __main__:run:54 - Namespace(ZS=15, align_step=50, arch='hashnet', batch_size=16, cauchy_gamma=20.0, code_length=[16, 32, 64], data='coco', dataset='cocozs', device=device(type='cuda', index=2), epoch_change=11, flag='hashnet', gamma=200, gpu=2, info='cocozs-53-27-hashnet-08-25-16,32,64-tanh1', lambd=0.1, lambd_ch=0.1, lambd_sp=0.1, lr=0.0003, lr_step=[45], margin=0.1, max_epoch=3, max_iter=50, momen=0.9, nesterov=False, net='ResNet', num_classes=27, num_query=1000, num_samples=2000, num_workers=2, num_zs=53, optim='SGD', pretrain=True, quan_loss=False, root='/4T/dataset/coco', save_ckpt='checkpoints/', step_continuation=15, topk=5000, val_freq=5, wd=0.0005)
2024-08-25 10:02:25.324 | INFO     | hashnet:train:133 - [iter:1/50][epoch:1/3][scale:1.000][loss:1.348415]
2024-08-25 10:03:39.666 | INFO     | hashnet:train:133 - [iter:1/50][epoch:2/3][scale:1.000][loss:1.390178]
2024-08-25 10:04:54.915 | INFO     | hashnet:train:133 - [iter:1/50][epoch:3/3][scale:1.000][loss:1.375263]
2024-08-25 10:04:54.915 | INFO     | hashnet:train:136 - [iter:1/50][iter_time:222.69]
2024-08-25 10:06:08.493 | INFO     | hashnet:train:133 - [iter:2/50][epoch:1/3][scale:1.414][loss:1.365046]
2024-08-25 10:07:21.908 | INFO     | hashnet:train:133 - [iter:2/50][epoch:2/3][scale:1.414][loss:1.353373]
2024-08-25 10:08:31.697 | INFO     | hashnet:train:133 - [iter:2/50][epoch:3/3][scale:1.414][loss:1.339135]
2024-08-25 10:08:31.698 | INFO     | hashnet:train:136 - [iter:2/50][iter_time:216.78]
2024-08-25 10:09:44.343 | INFO     | hashnet:train:133 - [iter:3/50][epoch:1/3][scale:1.732][loss:1.315316]
2024-08-25 10:11:01.838 | INFO     | hashnet:train:133 - [iter:3/50][epoch:2/3][scale:1.732][loss:1.293300]
2024-08-25 10:12:13.130 | INFO     | hashnet:train:133 - [iter:3/50][epoch:3/3][scale:1.732][loss:1.273232]
2024-08-25 10:12:13.131 | INFO     | hashnet:train:136 - [iter:3/50][iter_time:221.43]
2024-08-25 10:13:19.707 | INFO     | hashnet:train:133 - [iter:4/50][epoch:1/3][scale:2.000][loss:1.257242]
2024-08-25 10:14:18.758 | INFO     | hashnet:train:133 - [iter:4/50][epoch:2/3][scale:2.000][loss:1.245698]
2024-08-25 10:15:20.727 | INFO     | hashnet:train:133 - [iter:4/50][epoch:3/3][scale:2.000][loss:1.233844]
2024-08-25 10:15:20.728 | INFO     | hashnet:train:136 - [iter:4/50][iter_time:187.60]
2024-08-25 10:16:20.353 | INFO     | hashnet:train:133 - [iter:5/50][epoch:1/3][scale:2.236][loss:1.230999]
2024-08-25 10:17:18.595 | INFO     | hashnet:train:133 - [iter:5/50][epoch:2/3][scale:2.236][loss:1.224391]
2024-08-25 10:18:22.615 | INFO     | hashnet:train:133 - [iter:5/50][epoch:3/3][scale:2.236][loss:1.216689]
2024-08-25 10:18:22.616 | INFO     | hashnet:train:136 - [iter:5/50][iter_time:181.89]
2024-08-25 10:28:34.955 | INFO     | hashnet:train:211 - [iter:5/50][code_length:16][mAP:0.38706][mAP_all:0.64321][best_mAP:0.38706]
2024-08-25 10:28:34.956 | INFO     | hashnet:train:212 - [iter:5/50][code_length:16][zs_mAP:0.42092][zs_mAP_all:0.41967]
2024-08-25 10:29:27.534 | INFO     | hashnet:train:133 - [iter:6/50][epoch:1/3][scale:2.449][loss:1.214550]
2024-08-25 10:30:19.489 | INFO     | hashnet:train:133 - [iter:6/50][epoch:2/3][scale:2.449][loss:1.213154]
2024-08-25 10:31:13.068 | INFO     | hashnet:train:133 - [iter:6/50][epoch:3/3][scale:2.449][loss:1.199191]
2024-08-25 10:31:13.069 | INFO     | hashnet:train:136 - [iter:6/50][iter_time:158.11]
2024-08-25 10:32:07.765 | INFO     | hashnet:train:133 - [iter:7/50][epoch:1/3][scale:2.646][loss:1.203366]
2024-08-25 10:33:00.104 | INFO     | hashnet:train:133 - [iter:7/50][epoch:2/3][scale:2.646][loss:1.202849]
2024-08-25 10:33:50.904 | INFO     | hashnet:train:133 - [iter:7/50][epoch:3/3][scale:2.646][loss:1.205952]
2024-08-25 10:33:50.905 | INFO     | hashnet:train:136 - [iter:7/50][iter_time:157.84]
2024-08-25 10:34:42.599 | INFO     | hashnet:train:133 - [iter:8/50][epoch:1/3][scale:2.828][loss:1.205980]
2024-08-25 10:35:34.973 | INFO     | hashnet:train:133 - [iter:8/50][epoch:2/3][scale:2.828][loss:1.193625]
2024-08-25 10:36:28.727 | INFO     | hashnet:train:133 - [iter:8/50][epoch:3/3][scale:2.828][loss:1.196619]
2024-08-25 10:36:28.728 | INFO     | hashnet:train:136 - [iter:8/50][iter_time:157.82]
2024-08-25 10:37:21.151 | INFO     | hashnet:train:133 - [iter:9/50][epoch:1/3][scale:3.000][loss:1.196622]
2024-08-25 10:38:15.623 | INFO     | hashnet:train:133 - [iter:9/50][epoch:2/3][scale:3.000][loss:1.185553]
2024-08-25 10:39:08.656 | INFO     | hashnet:train:133 - [iter:9/50][epoch:3/3][scale:3.000][loss:1.178228]
2024-08-25 10:39:08.657 | INFO     | hashnet:train:136 - [iter:9/50][iter_time:159.93]
2024-08-25 10:40:04.513 | INFO     | hashnet:train:133 - [iter:10/50][epoch:1/3][scale:3.162][loss:1.191031]
2024-08-25 10:40:58.416 | INFO     | hashnet:train:133 - [iter:10/50][epoch:2/3][scale:3.162][loss:1.192717]
2024-08-25 10:41:50.652 | INFO     | hashnet:train:133 - [iter:10/50][epoch:3/3][scale:3.162][loss:1.199293]
2024-08-25 10:41:50.653 | INFO     | hashnet:train:136 - [iter:10/50][iter_time:162.00]
2024-08-25 10:51:44.586 | INFO     | hashnet:train:211 - [iter:10/50][code_length:16][mAP:0.42961][mAP_all:0.68740][best_mAP:0.42961]
2024-08-25 10:51:44.587 | INFO     | hashnet:train:212 - [iter:10/50][code_length:16][zs_mAP:0.44202][zs_mAP_all:0.45141]
2024-08-25 10:52:40.215 | INFO     | hashnet:train:133 - [iter:11/50][epoch:1/3][scale:3.317][loss:1.202006]
2024-08-25 10:53:33.934 | INFO     | hashnet:train:133 - [iter:11/50][epoch:2/3][scale:3.317][loss:1.198776]
2024-08-25 10:54:28.657 | INFO     | hashnet:train:133 - [iter:11/50][epoch:3/3][scale:3.317][loss:1.195247]
2024-08-25 10:54:28.658 | INFO     | hashnet:train:136 - [iter:11/50][iter_time:164.07]
2024-08-25 10:55:21.038 | INFO     | hashnet:train:133 - [iter:12/50][epoch:1/3][scale:3.464][loss:1.183200]
2024-08-25 10:56:13.890 | INFO     | hashnet:train:133 - [iter:12/50][epoch:2/3][scale:3.464][loss:1.181493]
2024-08-25 10:57:07.918 | INFO     | hashnet:train:133 - [iter:12/50][epoch:3/3][scale:3.464][loss:1.173391]
2024-08-25 10:57:07.918 | INFO     | hashnet:train:136 - [iter:12/50][iter_time:159.26]
2024-08-25 10:58:01.425 | INFO     | hashnet:train:133 - [iter:13/50][epoch:1/3][scale:3.606][loss:1.200089]
2024-08-25 10:58:54.365 | INFO     | hashnet:train:133 - [iter:13/50][epoch:2/3][scale:3.606][loss:1.200392]
2024-08-25 10:59:48.061 | INFO     | hashnet:train:133 - [iter:13/50][epoch:3/3][scale:3.606][loss:1.200531]
2024-08-25 10:59:48.062 | INFO     | hashnet:train:136 - [iter:13/50][iter_time:160.14]
2024-08-25 11:00:41.593 | INFO     | hashnet:train:133 - [iter:14/50][epoch:1/3][scale:3.742][loss:1.183261]
2024-08-25 11:01:35.744 | INFO     | hashnet:train:133 - [iter:14/50][epoch:2/3][scale:3.742][loss:1.179333]
2024-08-25 11:02:31.354 | INFO     | hashnet:train:133 - [iter:14/50][epoch:3/3][scale:3.742][loss:1.181924]
2024-08-25 11:02:31.355 | INFO     | hashnet:train:136 - [iter:14/50][iter_time:163.29]
2024-08-25 11:03:25.398 | INFO     | hashnet:train:133 - [iter:15/50][epoch:1/3][scale:3.873][loss:1.186658]
2024-08-25 11:04:17.712 | INFO     | hashnet:train:133 - [iter:15/50][epoch:2/3][scale:3.873][loss:1.182448]
2024-08-25 11:05:10.640 | INFO     | hashnet:train:133 - [iter:15/50][epoch:3/3][scale:3.873][loss:1.179736]
2024-08-25 11:05:10.641 | INFO     | hashnet:train:136 - [iter:15/50][iter_time:159.29]
2024-08-25 11:15:00.348 | INFO     | hashnet:train:211 - [iter:15/50][code_length:16][mAP:0.46851][mAP_all:0.71779][best_mAP:0.46851]
2024-08-25 11:15:00.349 | INFO     | hashnet:train:212 - [iter:15/50][code_length:16][zs_mAP:0.43688][zs_mAP_all:0.46946]
2024-08-25 11:15:58.816 | INFO     | hashnet:train:133 - [iter:16/50][epoch:1/3][scale:4.000][loss:1.189806]
2024-08-25 11:17:00.727 | INFO     | hashnet:train:133 - [iter:16/50][epoch:2/3][scale:4.000][loss:1.185505]
2024-08-25 11:18:01.487 | INFO     | hashnet:train:133 - [iter:16/50][epoch:3/3][scale:4.000][loss:1.181382]
2024-08-25 11:18:01.488 | INFO     | hashnet:train:136 - [iter:16/50][iter_time:181.14]
2024-08-25 11:18:58.905 | INFO     | hashnet:train:133 - [iter:17/50][epoch:1/3][scale:4.123][loss:1.192805]
2024-08-25 11:19:56.195 | INFO     | hashnet:train:133 - [iter:17/50][epoch:2/3][scale:4.123][loss:1.182664]
2024-08-25 11:20:54.198 | INFO     | hashnet:train:133 - [iter:17/50][epoch:3/3][scale:4.123][loss:1.186652]
2024-08-25 11:20:54.199 | INFO     | hashnet:train:136 - [iter:17/50][iter_time:172.71]
2024-08-25 11:21:54.788 | INFO     | hashnet:train:133 - [iter:18/50][epoch:1/3][scale:4.243][loss:1.181146]
2024-08-25 11:22:55.099 | INFO     | hashnet:train:133 - [iter:18/50][epoch:2/3][scale:4.243][loss:1.175138]
2024-08-25 11:23:55.605 | INFO     | hashnet:train:133 - [iter:18/50][epoch:3/3][scale:4.243][loss:1.177856]
2024-08-25 11:23:55.606 | INFO     | hashnet:train:136 - [iter:18/50][iter_time:181.41]
2024-08-25 11:24:55.392 | INFO     | hashnet:train:133 - [iter:19/50][epoch:1/3][scale:4.359][loss:1.173280]
2024-08-25 11:25:54.366 | INFO     | hashnet:train:133 - [iter:19/50][epoch:2/3][scale:4.359][loss:1.167239]
2024-08-25 11:26:52.085 | INFO     | hashnet:train:133 - [iter:19/50][epoch:3/3][scale:4.359][loss:1.165269]
2024-08-25 11:26:52.085 | INFO     | hashnet:train:136 - [iter:19/50][iter_time:176.48]
2024-08-25 11:27:51.361 | INFO     | hashnet:train:133 - [iter:20/50][epoch:1/3][scale:4.472][loss:1.175055]
2024-08-25 11:28:49.999 | INFO     | hashnet:train:133 - [iter:20/50][epoch:2/3][scale:4.472][loss:1.182948]
2024-08-25 11:29:49.510 | INFO     | hashnet:train:133 - [iter:20/50][epoch:3/3][scale:4.472][loss:1.174367]
2024-08-25 11:29:49.510 | INFO     | hashnet:train:136 - [iter:20/50][iter_time:177.42]
2024-08-25 11:39:53.695 | INFO     | hashnet:train:211 - [iter:20/50][code_length:16][mAP:0.48718][mAP_all:0.73240][best_mAP:0.48718]
2024-08-25 11:39:53.696 | INFO     | hashnet:train:212 - [iter:20/50][code_length:16][zs_mAP:0.44004][zs_mAP_all:0.46861]
2024-08-25 11:40:49.647 | INFO     | hashnet:train:133 - [iter:21/50][epoch:1/3][scale:4.583][loss:1.181063]
2024-08-25 11:41:47.531 | INFO     | hashnet:train:133 - [iter:21/50][epoch:2/3][scale:4.583][loss:1.181782]
2024-08-25 11:42:44.144 | INFO     | hashnet:train:133 - [iter:21/50][epoch:3/3][scale:4.583][loss:1.180434]
2024-08-25 11:42:44.145 | INFO     | hashnet:train:136 - [iter:21/50][iter_time:170.45]
2024-08-25 11:43:36.822 | INFO     | hashnet:train:133 - [iter:22/50][epoch:1/3][scale:4.690][loss:1.176285]
2024-08-25 11:44:31.129 | INFO     | hashnet:train:133 - [iter:22/50][epoch:2/3][scale:4.690][loss:1.172160]
2024-08-25 11:45:21.971 | INFO     | hashnet:train:133 - [iter:22/50][epoch:3/3][scale:4.690][loss:1.168553]
2024-08-25 11:45:21.972 | INFO     | hashnet:train:136 - [iter:22/50][iter_time:157.83]
2024-08-25 11:46:15.817 | INFO     | hashnet:train:133 - [iter:23/50][epoch:1/3][scale:4.796][loss:1.182178]
2024-08-25 11:47:12.610 | INFO     | hashnet:train:133 - [iter:23/50][epoch:2/3][scale:4.796][loss:1.185179]
2024-08-25 11:48:08.527 | INFO     | hashnet:train:133 - [iter:23/50][epoch:3/3][scale:4.796][loss:1.176536]
2024-08-25 11:48:08.527 | INFO     | hashnet:train:136 - [iter:23/50][iter_time:166.56]
2024-08-25 11:49:02.161 | INFO     | hashnet:train:133 - [iter:24/50][epoch:1/3][scale:4.899][loss:1.165214]
2024-08-25 11:49:56.925 | INFO     | hashnet:train:133 - [iter:24/50][epoch:2/3][scale:4.899][loss:1.168070]
2024-08-25 11:50:54.591 | INFO     | hashnet:train:133 - [iter:24/50][epoch:3/3][scale:4.899][loss:1.163743]
2024-08-25 11:50:54.592 | INFO     | hashnet:train:136 - [iter:24/50][iter_time:166.06]
2024-08-25 11:51:50.342 | INFO     | hashnet:train:133 - [iter:25/50][epoch:1/3][scale:5.000][loss:1.155250]
2024-08-25 11:52:44.610 | INFO     | hashnet:train:133 - [iter:25/50][epoch:2/3][scale:5.000][loss:1.159284]
2024-08-25 11:53:36.122 | INFO     | hashnet:train:133 - [iter:25/50][epoch:3/3][scale:5.000][loss:1.157655]
2024-08-25 11:53:36.123 | INFO     | hashnet:train:136 - [iter:25/50][iter_time:161.53]
2024-08-25 12:03:27.823 | INFO     | hashnet:train:211 - [iter:25/50][code_length:16][mAP:0.49858][mAP_all:0.73889][best_mAP:0.49858]
2024-08-25 12:03:27.824 | INFO     | hashnet:train:212 - [iter:25/50][code_length:16][zs_mAP:0.43229][zs_mAP_all:0.46518]
2024-08-25 12:04:19.916 | INFO     | hashnet:train:133 - [iter:26/50][epoch:1/3][scale:5.099][loss:1.168851]
2024-08-25 12:05:12.012 | INFO     | hashnet:train:133 - [iter:26/50][epoch:2/3][scale:5.099][loss:1.172667]
2024-08-25 12:06:03.328 | INFO     | hashnet:train:133 - [iter:26/50][epoch:3/3][scale:5.099][loss:1.169261]
2024-08-25 12:06:03.329 | INFO     | hashnet:train:136 - [iter:26/50][iter_time:155.50]
2024-08-25 12:06:55.297 | INFO     | hashnet:train:133 - [iter:27/50][epoch:1/3][scale:5.196][loss:1.177092]
2024-08-25 12:07:45.463 | INFO     | hashnet:train:133 - [iter:27/50][epoch:2/3][scale:5.196][loss:1.166816]
2024-08-25 12:08:37.307 | INFO     | hashnet:train:133 - [iter:27/50][epoch:3/3][scale:5.196][loss:1.168858]
2024-08-25 12:08:37.308 | INFO     | hashnet:train:136 - [iter:27/50][iter_time:153.98]
2024-08-25 12:09:27.842 | INFO     | hashnet:train:133 - [iter:28/50][epoch:1/3][scale:5.292][loss:1.175053]
2024-08-25 12:10:18.406 | INFO     | hashnet:train:133 - [iter:28/50][epoch:2/3][scale:5.292][loss:1.170629]
2024-08-25 12:11:08.134 | INFO     | hashnet:train:133 - [iter:28/50][epoch:3/3][scale:5.292][loss:1.177450]
2024-08-25 12:11:08.135 | INFO     | hashnet:train:136 - [iter:28/50][iter_time:150.83]
2024-08-25 12:11:57.873 | INFO     | hashnet:train:133 - [iter:29/50][epoch:1/3][scale:5.385][loss:1.173646]
2024-08-25 12:12:47.475 | INFO     | hashnet:train:133 - [iter:29/50][epoch:2/3][scale:5.385][loss:1.156352]
2024-08-25 12:13:39.211 | INFO     | hashnet:train:133 - [iter:29/50][epoch:3/3][scale:5.385][loss:1.158071]
2024-08-25 12:13:39.212 | INFO     | hashnet:train:136 - [iter:29/50][iter_time:151.08]
2024-08-25 12:14:31.110 | INFO     | hashnet:train:133 - [iter:30/50][epoch:1/3][scale:5.477][loss:1.171470]
2024-08-25 12:15:24.556 | INFO     | hashnet:train:133 - [iter:30/50][epoch:2/3][scale:5.477][loss:1.172085]
2024-08-25 12:16:19.602 | INFO     | hashnet:train:133 - [iter:30/50][epoch:3/3][scale:5.477][loss:1.166235]
2024-08-25 12:16:19.603 | INFO     | hashnet:train:136 - [iter:30/50][iter_time:160.39]
2024-08-25 12:26:16.698 | INFO     | hashnet:train:211 - [iter:30/50][code_length:16][mAP:0.50794][mAP_all:0.74797][best_mAP:0.50794]
2024-08-25 12:26:16.698 | INFO     | hashnet:train:212 - [iter:30/50][code_length:16][zs_mAP:0.44509][zs_mAP_all:0.47426]
2024-08-25 12:27:09.892 | INFO     | hashnet:train:133 - [iter:31/50][epoch:1/3][scale:5.568][loss:1.171322]
2024-08-25 12:28:07.977 | INFO     | hashnet:train:133 - [iter:31/50][epoch:2/3][scale:5.568][loss:1.173163]
2024-08-25 12:29:05.681 | INFO     | hashnet:train:133 - [iter:31/50][epoch:3/3][scale:5.568][loss:1.167599]
2024-08-25 12:29:05.682 | INFO     | hashnet:train:136 - [iter:31/50][iter_time:168.98]
2024-08-25 12:29:57.573 | INFO     | hashnet:train:133 - [iter:32/50][epoch:1/3][scale:5.657][loss:1.170270]
2024-08-25 12:30:46.943 | INFO     | hashnet:train:133 - [iter:32/50][epoch:2/3][scale:5.657][loss:1.159961]
2024-08-25 12:31:38.401 | INFO     | hashnet:train:133 - [iter:32/50][epoch:3/3][scale:5.657][loss:1.163423]
2024-08-25 12:31:38.403 | INFO     | hashnet:train:136 - [iter:32/50][iter_time:152.72]
2024-08-25 12:32:33.846 | INFO     | hashnet:train:133 - [iter:33/50][epoch:1/3][scale:5.745][loss:1.169362]
2024-08-25 12:33:28.482 | INFO     | hashnet:train:133 - [iter:33/50][epoch:2/3][scale:5.745][loss:1.174216]
2024-08-25 12:34:19.312 | INFO     | hashnet:train:133 - [iter:33/50][epoch:3/3][scale:5.745][loss:1.165721]
2024-08-25 12:34:19.312 | INFO     | hashnet:train:136 - [iter:33/50][iter_time:160.91]
2024-08-25 12:35:09.995 | INFO     | hashnet:train:133 - [iter:34/50][epoch:1/3][scale:5.831][loss:1.161090]
2024-08-25 12:36:00.988 | INFO     | hashnet:train:133 - [iter:34/50][epoch:2/3][scale:5.831][loss:1.152937]
2024-08-25 12:36:53.367 | INFO     | hashnet:train:133 - [iter:34/50][epoch:3/3][scale:5.831][loss:1.152623]
2024-08-25 12:36:53.368 | INFO     | hashnet:train:136 - [iter:34/50][iter_time:154.06]
2024-08-25 12:37:45.393 | INFO     | hashnet:train:133 - [iter:35/50][epoch:1/3][scale:5.916][loss:1.159319]
2024-08-25 12:38:37.446 | INFO     | hashnet:train:133 - [iter:35/50][epoch:2/3][scale:5.916][loss:1.162650]
2024-08-25 12:39:29.109 | INFO     | hashnet:train:133 - [iter:35/50][epoch:3/3][scale:5.916][loss:1.152235]
2024-08-25 12:39:29.110 | INFO     | hashnet:train:136 - [iter:35/50][iter_time:155.74]
2024-08-25 12:49:15.764 | INFO     | hashnet:train:211 - [iter:35/50][code_length:16][mAP:0.51301][mAP_all:0.74583][best_mAP:0.51301]
2024-08-25 12:49:15.765 | INFO     | hashnet:train:212 - [iter:35/50][code_length:16][zs_mAP:0.43559][zs_mAP_all:0.45759]
2024-08-25 12:50:08.503 | INFO     | hashnet:train:133 - [iter:36/50][epoch:1/3][scale:6.000][loss:1.168379]
2024-08-25 12:51:00.793 | INFO     | hashnet:train:133 - [iter:36/50][epoch:2/3][scale:6.000][loss:1.167018]
2024-08-25 12:51:54.497 | INFO     | hashnet:train:133 - [iter:36/50][epoch:3/3][scale:6.000][loss:1.166216]
2024-08-25 12:51:54.498 | INFO     | hashnet:train:136 - [iter:36/50][iter_time:158.73]
2024-08-25 12:52:45.719 | INFO     | hashnet:train:133 - [iter:37/50][epoch:1/3][scale:6.083][loss:1.158558]
2024-08-25 12:53:36.831 | INFO     | hashnet:train:133 - [iter:37/50][epoch:2/3][scale:6.083][loss:1.153968]
2024-08-25 12:54:38.051 | INFO     | hashnet:train:133 - [iter:37/50][epoch:3/3][scale:6.083][loss:1.155604]
2024-08-25 12:54:38.052 | INFO     | hashnet:train:136 - [iter:37/50][iter_time:163.55]
2024-08-25 12:55:40.988 | INFO     | hashnet:train:133 - [iter:38/50][epoch:1/3][scale:6.164][loss:1.166499]
2024-08-25 12:56:34.479 | INFO     | hashnet:train:133 - [iter:38/50][epoch:2/3][scale:6.164][loss:1.169396]
2024-08-25 12:57:30.253 | INFO     | hashnet:train:133 - [iter:38/50][epoch:3/3][scale:6.164][loss:1.169552]
2024-08-25 12:57:30.254 | INFO     | hashnet:train:136 - [iter:38/50][iter_time:172.20]
2024-08-25 12:58:21.511 | INFO     | hashnet:train:133 - [iter:39/50][epoch:1/3][scale:6.245][loss:1.167365]
2024-08-25 12:59:21.011 | INFO     | hashnet:train:133 - [iter:39/50][epoch:2/3][scale:6.245][loss:1.165943]
2024-08-25 13:00:21.410 | INFO     | hashnet:train:133 - [iter:39/50][epoch:3/3][scale:6.245][loss:1.156239]
2024-08-25 13:00:21.410 | INFO     | hashnet:train:136 - [iter:39/50][iter_time:171.16]
2024-08-25 13:01:17.642 | INFO     | hashnet:train:133 - [iter:40/50][epoch:1/3][scale:6.325][loss:1.171853]
2024-08-25 13:02:08.694 | INFO     | hashnet:train:133 - [iter:40/50][epoch:2/3][scale:6.325][loss:1.173544]
2024-08-25 13:03:04.958 | INFO     | hashnet:train:133 - [iter:40/50][epoch:3/3][scale:6.325][loss:1.162702]
2024-08-25 13:03:04.959 | INFO     | hashnet:train:136 - [iter:40/50][iter_time:163.55]
2024-08-25 13:13:12.635 | INFO     | hashnet:train:211 - [iter:40/50][code_length:16][mAP:0.51897][mAP_all:0.74957][best_mAP:0.51897]
2024-08-25 13:13:12.636 | INFO     | hashnet:train:212 - [iter:40/50][code_length:16][zs_mAP:0.43837][zs_mAP_all:0.46156]
2024-08-25 13:14:06.693 | INFO     | hashnet:train:133 - [iter:41/50][epoch:1/3][scale:6.403][loss:1.158368]
2024-08-25 13:15:01.950 | INFO     | hashnet:train:133 - [iter:41/50][epoch:2/3][scale:6.403][loss:1.156293]
2024-08-25 13:15:57.906 | INFO     | hashnet:train:133 - [iter:41/50][epoch:3/3][scale:6.403][loss:1.157185]
2024-08-25 13:15:57.907 | INFO     | hashnet:train:136 - [iter:41/50][iter_time:165.27]
2024-08-25 13:16:54.154 | INFO     | hashnet:train:133 - [iter:42/50][epoch:1/3][scale:6.481][loss:1.144595]
2024-08-25 13:17:52.742 | INFO     | hashnet:train:133 - [iter:42/50][epoch:2/3][scale:6.481][loss:1.150907]
2024-08-25 13:18:45.096 | INFO     | hashnet:train:133 - [iter:42/50][epoch:3/3][scale:6.481][loss:1.148057]
2024-08-25 13:18:45.096 | INFO     | hashnet:train:136 - [iter:42/50][iter_time:167.19]
2024-08-25 13:19:37.225 | INFO     | hashnet:train:133 - [iter:43/50][epoch:1/3][scale:6.557][loss:1.160854]
2024-08-25 13:20:30.952 | INFO     | hashnet:train:133 - [iter:43/50][epoch:2/3][scale:6.557][loss:1.160470]
2024-08-25 13:21:27.501 | INFO     | hashnet:train:133 - [iter:43/50][epoch:3/3][scale:6.557][loss:1.157694]
2024-08-25 13:21:27.502 | INFO     | hashnet:train:136 - [iter:43/50][iter_time:162.41]
2024-08-25 13:22:21.018 | INFO     | hashnet:train:133 - [iter:44/50][epoch:1/3][scale:6.633][loss:1.173206]
2024-08-25 13:23:14.216 | INFO     | hashnet:train:133 - [iter:44/50][epoch:2/3][scale:6.633][loss:1.174622]
2024-08-25 13:24:11.335 | INFO     | hashnet:train:133 - [iter:44/50][epoch:3/3][scale:6.633][loss:1.175693]
2024-08-25 13:24:11.336 | INFO     | hashnet:train:136 - [iter:44/50][iter_time:163.83]
2024-08-25 13:25:04.741 | INFO     | hashnet:train:133 - [iter:45/50][epoch:1/3][scale:6.708][loss:1.159842]
2024-08-25 13:26:01.719 | INFO     | hashnet:train:133 - [iter:45/50][epoch:2/3][scale:6.708][loss:1.152210]
2024-08-25 13:26:55.645 | INFO     | hashnet:train:133 - [iter:45/50][epoch:3/3][scale:6.708][loss:1.148078]
2024-08-25 13:26:55.645 | INFO     | hashnet:train:136 - [iter:45/50][iter_time:164.31]
2024-08-25 13:36:50.489 | INFO     | hashnet:train:211 - [iter:45/50][code_length:16][mAP:0.52414][mAP_all:0.74796][best_mAP:0.52414]
2024-08-25 13:36:50.490 | INFO     | hashnet:train:212 - [iter:45/50][code_length:16][zs_mAP:0.44509][zs_mAP_all:0.45923]
2024-08-25 13:37:42.701 | INFO     | hashnet:train:133 - [iter:46/50][epoch:1/3][scale:6.782][loss:1.152136]
2024-08-25 13:38:33.355 | INFO     | hashnet:train:133 - [iter:46/50][epoch:2/3][scale:6.782][loss:1.163728]
2024-08-25 13:39:23.117 | INFO     | hashnet:train:133 - [iter:46/50][epoch:3/3][scale:6.782][loss:1.159928]
2024-08-25 13:39:23.117 | INFO     | hashnet:train:136 - [iter:46/50][iter_time:152.63]
2024-08-25 13:49:21.645 | INFO     | hashnet:train:211 - [iter:46/50][code_length:16][mAP:0.52215][mAP_all:0.74765][best_mAP:0.52414]
2024-08-25 13:49:21.646 | INFO     | hashnet:train:212 - [iter:46/50][code_length:16][zs_mAP:0.44710][zs_mAP_all:0.46404]
2024-08-25 13:50:21.515 | INFO     | hashnet:train:133 - [iter:47/50][epoch:1/3][scale:6.856][loss:1.158889]
2024-08-25 13:51:17.389 | INFO     | hashnet:train:133 - [iter:47/50][epoch:2/3][scale:6.856][loss:1.157464]
2024-08-25 13:52:13.346 | INFO     | hashnet:train:133 - [iter:47/50][epoch:3/3][scale:6.856][loss:1.147136]
2024-08-25 13:52:13.347 | INFO     | hashnet:train:136 - [iter:47/50][iter_time:171.70]
2024-08-25 14:02:18.218 | INFO     | hashnet:train:211 - [iter:47/50][code_length:16][mAP:0.52297][mAP_all:0.74832][best_mAP:0.52414]
2024-08-25 14:02:18.219 | INFO     | hashnet:train:212 - [iter:47/50][code_length:16][zs_mAP:0.44653][zs_mAP_all:0.46350]
2024-08-25 14:03:11.897 | INFO     | hashnet:train:133 - [iter:48/50][epoch:1/3][scale:6.928][loss:1.158457]
2024-08-25 14:04:04.716 | INFO     | hashnet:train:133 - [iter:48/50][epoch:2/3][scale:6.928][loss:1.166491]
2024-08-25 14:04:58.797 | INFO     | hashnet:train:133 - [iter:48/50][epoch:3/3][scale:6.928][loss:1.162520]
2024-08-25 14:04:58.798 | INFO     | hashnet:train:136 - [iter:48/50][iter_time:160.58]
2024-08-25 14:15:04.885 | INFO     | hashnet:train:211 - [iter:48/50][code_length:16][mAP:0.52345][mAP_all:0.74883][best_mAP:0.52414]
2024-08-25 14:15:04.885 | INFO     | hashnet:train:212 - [iter:48/50][code_length:16][zs_mAP:0.43756][zs_mAP_all:0.45659]
2024-08-25 14:15:57.980 | INFO     | hashnet:train:133 - [iter:49/50][epoch:1/3][scale:7.000][loss:1.160672]
2024-08-25 14:16:53.191 | INFO     | hashnet:train:133 - [iter:49/50][epoch:2/3][scale:7.000][loss:1.158787]
2024-08-25 14:17:50.465 | INFO     | hashnet:train:133 - [iter:49/50][epoch:3/3][scale:7.000][loss:1.161764]
2024-08-25 14:17:50.466 | INFO     | hashnet:train:136 - [iter:49/50][iter_time:165.58]
2024-08-25 14:27:42.936 | INFO     | hashnet:train:211 - [iter:49/50][code_length:16][mAP:0.52089][mAP_all:0.75027][best_mAP:0.52414]
2024-08-25 14:27:42.937 | INFO     | hashnet:train:212 - [iter:49/50][code_length:16][zs_mAP:0.44297][zs_mAP_all:0.46614]
2024-08-25 14:28:33.335 | INFO     | hashnet:train:133 - [iter:50/50][epoch:1/3][scale:7.071][loss:1.159325]
2024-08-25 14:29:22.742 | INFO     | hashnet:train:133 - [iter:50/50][epoch:2/3][scale:7.071][loss:1.150705]
2024-08-25 14:30:15.869 | INFO     | hashnet:train:133 - [iter:50/50][epoch:3/3][scale:7.071][loss:1.150903]
2024-08-25 14:30:15.870 | INFO     | hashnet:train:136 - [iter:50/50][iter_time:152.93]
2024-08-25 14:40:18.306 | INFO     | hashnet:train:211 - [iter:50/50][code_length:16][mAP:0.52362][mAP_all:0.74923][best_mAP:0.52414]
2024-08-25 14:40:18.307 | INFO     | hashnet:train:212 - [iter:50/50][code_length:16][zs_mAP:0.43966][zs_mAP_all:0.45846]
2024-08-25 14:40:18.307 | INFO     | hashnet:train:214 - [Training time:16746.08]
2024-08-25 14:40:18.310 | INFO     | __main__:run:123 - [code_length:16][map:0.5241][map_all:0.7480][zs_map:0.4451][zs_map_all:0.4592]
2024-08-25 14:41:13.110 | INFO     | hashnet:train:133 - [iter:1/50][epoch:1/3][scale:1.000][loss:1.338072]
2024-08-25 14:42:08.134 | INFO     | hashnet:train:133 - [iter:1/50][epoch:2/3][scale:1.000][loss:1.389454]
2024-08-25 14:43:02.277 | INFO     | hashnet:train:133 - [iter:1/50][epoch:3/3][scale:1.000][loss:1.374655]
2024-08-25 14:43:02.278 | INFO     | hashnet:train:136 - [iter:1/50][iter_time:162.98]
2024-08-25 14:43:53.982 | INFO     | hashnet:train:133 - [iter:2/50][epoch:1/3][scale:1.414][loss:1.360491]
2024-08-25 14:44:49.513 | INFO     | hashnet:train:133 - [iter:2/50][epoch:2/3][scale:1.414][loss:1.344615]
2024-08-25 14:45:47.334 | INFO     | hashnet:train:133 - [iter:2/50][epoch:3/3][scale:1.414][loss:1.323897]
2024-08-25 14:45:47.335 | INFO     | hashnet:train:136 - [iter:2/50][iter_time:165.06]
2024-08-25 14:46:42.955 | INFO     | hashnet:train:133 - [iter:3/50][epoch:1/3][scale:1.732][loss:1.287920]
2024-08-25 14:47:36.231 | INFO     | hashnet:train:133 - [iter:3/50][epoch:2/3][scale:1.732][loss:1.260966]
2024-08-25 14:48:31.739 | INFO     | hashnet:train:133 - [iter:3/50][epoch:3/3][scale:1.732][loss:1.249823]
2024-08-25 14:48:31.740 | INFO     | hashnet:train:136 - [iter:3/50][iter_time:164.41]
2024-08-25 14:49:26.536 | INFO     | hashnet:train:133 - [iter:4/50][epoch:1/3][scale:2.000][loss:1.238271]
2024-08-25 14:50:25.618 | INFO     | hashnet:train:133 - [iter:4/50][epoch:2/3][scale:2.000][loss:1.217498]
2024-08-25 14:51:17.876 | INFO     | hashnet:train:133 - [iter:4/50][epoch:3/3][scale:2.000][loss:1.214581]
2024-08-25 14:51:17.877 | INFO     | hashnet:train:136 - [iter:4/50][iter_time:166.14]
2024-08-25 14:52:11.576 | INFO     | hashnet:train:133 - [iter:5/50][epoch:1/3][scale:2.236][loss:1.215549]
2024-08-25 14:53:06.492 | INFO     | hashnet:train:133 - [iter:5/50][epoch:2/3][scale:2.236][loss:1.202033]
2024-08-25 14:54:02.632 | INFO     | hashnet:train:133 - [iter:5/50][epoch:3/3][scale:2.236][loss:1.202163]
2024-08-25 14:54:02.633 | INFO     | hashnet:train:136 - [iter:5/50][iter_time:164.76]
2024-08-25 15:04:39.506 | INFO     | hashnet:train:211 - [iter:5/50][code_length:32][mAP:0.44437][mAP_all:0.67883][best_mAP:0.44437]
2024-08-25 15:04:39.507 | INFO     | hashnet:train:212 - [iter:5/50][code_length:32][zs_mAP:0.45039][zs_mAP_all:0.45855]
2024-08-25 15:05:35.799 | INFO     | hashnet:train:133 - [iter:6/50][epoch:1/3][scale:2.449][loss:1.199715]
2024-08-25 15:06:34.904 | INFO     | hashnet:train:133 - [iter:6/50][epoch:2/3][scale:2.449][loss:1.209144]
2024-08-25 15:07:36.781 | INFO     | hashnet:train:133 - [iter:6/50][epoch:3/3][scale:2.449][loss:1.203131]
2024-08-25 15:07:36.781 | INFO     | hashnet:train:136 - [iter:6/50][iter_time:177.27]
2024-08-25 15:08:36.689 | INFO     | hashnet:train:133 - [iter:7/50][epoch:1/3][scale:2.646][loss:1.194856]
2024-08-25 15:09:28.844 | INFO     | hashnet:train:133 - [iter:7/50][epoch:2/3][scale:2.646][loss:1.192266]
2024-08-25 15:10:24.152 | INFO     | hashnet:train:133 - [iter:7/50][epoch:3/3][scale:2.646][loss:1.190210]
2024-08-25 15:10:24.153 | INFO     | hashnet:train:136 - [iter:7/50][iter_time:167.37]
2024-08-25 15:11:17.498 | INFO     | hashnet:train:133 - [iter:8/50][epoch:1/3][scale:2.828][loss:1.178821]
2024-08-25 15:12:19.123 | INFO     | hashnet:train:133 - [iter:8/50][epoch:2/3][scale:2.828][loss:1.168761]
2024-08-25 15:13:21.285 | INFO     | hashnet:train:133 - [iter:8/50][epoch:3/3][scale:2.828][loss:1.175114]
2024-08-25 15:13:21.286 | INFO     | hashnet:train:136 - [iter:8/50][iter_time:177.13]
2024-08-25 15:14:16.954 | INFO     | hashnet:train:133 - [iter:9/50][epoch:1/3][scale:3.000][loss:1.178557]
2024-08-25 15:15:06.177 | INFO     | hashnet:train:133 - [iter:9/50][epoch:2/3][scale:3.000][loss:1.163953]
2024-08-25 15:15:45.011 | INFO     | hashnet:train:133 - [iter:9/50][epoch:3/3][scale:3.000][loss:1.156054]
2024-08-25 15:15:45.012 | INFO     | hashnet:train:136 - [iter:9/50][iter_time:143.73]
2024-08-25 15:16:34.952 | INFO     | hashnet:train:133 - [iter:10/50][epoch:1/3][scale:3.162][loss:1.164041]
2024-08-25 15:17:29.419 | INFO     | hashnet:train:133 - [iter:10/50][epoch:2/3][scale:3.162][loss:1.156226]
2024-08-25 15:18:22.630 | INFO     | hashnet:train:133 - [iter:10/50][epoch:3/3][scale:3.162][loss:1.157661]
2024-08-25 15:18:22.630 | INFO     | hashnet:train:136 - [iter:10/50][iter_time:157.62]
2024-08-25 15:28:30.093 | INFO     | hashnet:train:211 - [iter:10/50][code_length:32][mAP:0.50591][mAP_all:0.73290][best_mAP:0.50591]
2024-08-25 15:28:30.094 | INFO     | hashnet:train:212 - [iter:10/50][code_length:32][zs_mAP:0.47099][zs_mAP_all:0.49809]
2024-08-25 15:29:28.689 | INFO     | hashnet:train:133 - [iter:11/50][epoch:1/3][scale:3.317][loss:1.162898]
2024-08-25 15:30:28.005 | INFO     | hashnet:train:133 - [iter:11/50][epoch:2/3][scale:3.317][loss:1.167600]
2024-08-25 15:31:29.423 | INFO     | hashnet:train:133 - [iter:11/50][epoch:3/3][scale:3.317][loss:1.163569]
2024-08-25 15:31:29.424 | INFO     | hashnet:train:136 - [iter:11/50][iter_time:179.33]
2024-08-25 15:32:25.184 | INFO     | hashnet:train:133 - [iter:12/50][epoch:1/3][scale:3.464][loss:1.161726]
2024-08-25 15:33:20.612 | INFO     | hashnet:train:133 - [iter:12/50][epoch:2/3][scale:3.464][loss:1.154949]
2024-08-25 15:34:17.133 | INFO     | hashnet:train:133 - [iter:12/50][epoch:3/3][scale:3.464][loss:1.151689]
2024-08-25 15:34:17.133 | INFO     | hashnet:train:136 - [iter:12/50][iter_time:167.71]
2024-08-25 15:35:20.598 | INFO     | hashnet:train:133 - [iter:13/50][epoch:1/3][scale:3.606][loss:1.147971]
2024-08-25 15:36:22.746 | INFO     | hashnet:train:133 - [iter:13/50][epoch:2/3][scale:3.606][loss:1.151662]
2024-08-25 15:37:16.839 | INFO     | hashnet:train:133 - [iter:13/50][epoch:3/3][scale:3.606][loss:1.150785]
2024-08-25 15:37:16.840 | INFO     | hashnet:train:136 - [iter:13/50][iter_time:179.71]
2024-08-25 15:38:13.489 | INFO     | hashnet:train:133 - [iter:14/50][epoch:1/3][scale:3.742][loss:1.168650]
2024-08-25 15:39:06.720 | INFO     | hashnet:train:133 - [iter:14/50][epoch:2/3][scale:3.742][loss:1.165047]
2024-08-25 15:40:12.531 | INFO     | hashnet:train:133 - [iter:14/50][epoch:3/3][scale:3.742][loss:1.155785]
2024-08-25 15:40:12.532 | INFO     | hashnet:train:136 - [iter:14/50][iter_time:175.69]
2024-08-25 15:41:11.152 | INFO     | hashnet:train:133 - [iter:15/50][epoch:1/3][scale:3.873][loss:1.144788]
2024-08-25 15:42:03.776 | INFO     | hashnet:train:133 - [iter:15/50][epoch:2/3][scale:3.873][loss:1.150192]
2024-08-25 15:43:00.836 | INFO     | hashnet:train:133 - [iter:15/50][epoch:3/3][scale:3.873][loss:1.144803]
2024-08-25 15:43:00.837 | INFO     | hashnet:train:136 - [iter:15/50][iter_time:168.30]
2024-08-25 15:53:28.990 | INFO     | hashnet:train:211 - [iter:15/50][code_length:32][mAP:0.53834][mAP_all:0.75796][best_mAP:0.53834]
2024-08-25 15:53:28.991 | INFO     | hashnet:train:212 - [iter:15/50][code_length:32][zs_mAP:0.48190][zs_mAP_all:0.50269]
2024-08-25 15:54:21.543 | INFO     | hashnet:train:133 - [iter:16/50][epoch:1/3][scale:4.000][loss:1.144792]
2024-08-25 15:55:18.664 | INFO     | hashnet:train:133 - [iter:16/50][epoch:2/3][scale:4.000][loss:1.146784]
2024-08-25 15:56:18.657 | INFO     | hashnet:train:133 - [iter:16/50][epoch:3/3][scale:4.000][loss:1.141525]
2024-08-25 15:56:18.658 | INFO     | hashnet:train:136 - [iter:16/50][iter_time:169.67]
2024-08-25 15:57:13.283 | INFO     | hashnet:train:133 - [iter:17/50][epoch:1/3][scale:4.123][loss:1.148783]
2024-08-25 15:58:07.550 | INFO     | hashnet:train:133 - [iter:17/50][epoch:2/3][scale:4.123][loss:1.153788]
2024-08-25 15:59:00.386 | INFO     | hashnet:train:133 - [iter:17/50][epoch:3/3][scale:4.123][loss:1.152531]
2024-08-25 15:59:00.387 | INFO     | hashnet:train:136 - [iter:17/50][iter_time:161.73]
2024-08-25 15:59:55.501 | INFO     | hashnet:train:133 - [iter:18/50][epoch:1/3][scale:4.243][loss:1.147347]
2024-08-25 16:00:56.692 | INFO     | hashnet:train:133 - [iter:18/50][epoch:2/3][scale:4.243][loss:1.148391]
2024-08-25 16:01:51.809 | INFO     | hashnet:train:133 - [iter:18/50][epoch:3/3][scale:4.243][loss:1.143896]
2024-08-25 16:01:51.810 | INFO     | hashnet:train:136 - [iter:18/50][iter_time:171.42]
2024-08-25 16:02:45.555 | INFO     | hashnet:train:133 - [iter:19/50][epoch:1/3][scale:4.359][loss:1.145027]
2024-08-25 16:03:41.746 | INFO     | hashnet:train:133 - [iter:19/50][epoch:2/3][scale:4.359][loss:1.144652]
2024-08-25 16:04:36.612 | INFO     | hashnet:train:133 - [iter:19/50][epoch:3/3][scale:4.359][loss:1.142736]
2024-08-25 16:04:36.613 | INFO     | hashnet:train:136 - [iter:19/50][iter_time:164.80]
2024-08-25 16:05:29.833 | INFO     | hashnet:train:133 - [iter:20/50][epoch:1/3][scale:4.472][loss:1.128689]
2024-08-25 16:06:25.026 | INFO     | hashnet:train:133 - [iter:20/50][epoch:2/3][scale:4.472][loss:1.128372]
2024-08-25 16:07:20.163 | INFO     | hashnet:train:133 - [iter:20/50][epoch:3/3][scale:4.472][loss:1.129674]
2024-08-25 16:07:20.164 | INFO     | hashnet:train:136 - [iter:20/50][iter_time:163.55]
2024-08-25 16:17:08.917 | INFO     | hashnet:train:211 - [iter:20/50][code_length:32][mAP:0.55338][mAP_all:0.76347][best_mAP:0.55338]
2024-08-25 16:17:08.918 | INFO     | hashnet:train:212 - [iter:20/50][code_length:32][zs_mAP:0.48477][zs_mAP_all:0.50793]
2024-08-25 16:17:59.931 | INFO     | hashnet:train:133 - [iter:21/50][epoch:1/3][scale:4.583][loss:1.142835]
2024-08-25 16:18:58.163 | INFO     | hashnet:train:133 - [iter:21/50][epoch:2/3][scale:4.583][loss:1.146388]
2024-08-25 16:19:58.009 | INFO     | hashnet:train:133 - [iter:21/50][epoch:3/3][scale:4.583][loss:1.131210]
2024-08-25 16:19:58.010 | INFO     | hashnet:train:136 - [iter:21/50][iter_time:169.09]
2024-08-25 16:20:56.994 | INFO     | hashnet:train:133 - [iter:22/50][epoch:1/3][scale:4.690][loss:1.137976]
2024-08-25 16:21:50.367 | INFO     | hashnet:train:133 - [iter:22/50][epoch:2/3][scale:4.690][loss:1.140138]
2024-08-25 16:22:45.017 | INFO     | hashnet:train:133 - [iter:22/50][epoch:3/3][scale:4.690][loss:1.128429]
2024-08-25 16:22:45.017 | INFO     | hashnet:train:136 - [iter:22/50][iter_time:167.01]
2024-08-25 16:23:39.273 | INFO     | hashnet:train:133 - [iter:23/50][epoch:1/3][scale:4.796][loss:1.143409]
2024-08-25 16:24:31.099 | INFO     | hashnet:train:133 - [iter:23/50][epoch:2/3][scale:4.796][loss:1.146817]
2024-08-25 16:25:27.806 | INFO     | hashnet:train:133 - [iter:23/50][epoch:3/3][scale:4.796][loss:1.143412]
2024-08-25 16:25:27.806 | INFO     | hashnet:train:136 - [iter:23/50][iter_time:162.79]
2024-08-25 16:26:23.496 | INFO     | hashnet:train:133 - [iter:24/50][epoch:1/3][scale:4.899][loss:1.145129]
2024-08-25 16:27:19.818 | INFO     | hashnet:train:133 - [iter:24/50][epoch:2/3][scale:4.899][loss:1.134241]
2024-08-25 16:28:13.414 | INFO     | hashnet:train:133 - [iter:24/50][epoch:3/3][scale:4.899][loss:1.130347]
2024-08-25 16:28:13.415 | INFO     | hashnet:train:136 - [iter:24/50][iter_time:165.61]
2024-08-25 16:29:10.527 | INFO     | hashnet:train:133 - [iter:25/50][epoch:1/3][scale:5.000][loss:1.142128]
2024-08-25 16:30:04.171 | INFO     | hashnet:train:133 - [iter:25/50][epoch:2/3][scale:5.000][loss:1.143350]
2024-08-25 16:31:00.406 | INFO     | hashnet:train:133 - [iter:25/50][epoch:3/3][scale:5.000][loss:1.140947]
2024-08-25 16:31:00.407 | INFO     | hashnet:train:136 - [iter:25/50][iter_time:166.99]
2024-08-25 16:41:11.331 | INFO     | hashnet:train:211 - [iter:25/50][code_length:32][mAP:0.56755][mAP_all:0.77582][best_mAP:0.56755]
2024-08-25 16:41:11.332 | INFO     | hashnet:train:212 - [iter:25/50][code_length:32][zs_mAP:0.50322][zs_mAP_all:0.52298]
2024-08-25 16:42:08.152 | INFO     | hashnet:train:133 - [iter:26/50][epoch:1/3][scale:5.099][loss:1.143254]
2024-08-25 16:43:06.147 | INFO     | hashnet:train:133 - [iter:26/50][epoch:2/3][scale:5.099][loss:1.142900]
2024-08-25 16:43:57.491 | INFO     | hashnet:train:133 - [iter:26/50][epoch:3/3][scale:5.099][loss:1.141225]
2024-08-25 16:43:57.491 | INFO     | hashnet:train:136 - [iter:26/50][iter_time:166.16]
2024-08-25 16:44:49.944 | INFO     | hashnet:train:133 - [iter:27/50][epoch:1/3][scale:5.196][loss:1.136395]
2024-08-25 16:45:45.633 | INFO     | hashnet:train:133 - [iter:27/50][epoch:2/3][scale:5.196][loss:1.132826]
2024-08-25 16:46:37.646 | INFO     | hashnet:train:133 - [iter:27/50][epoch:3/3][scale:5.196][loss:1.131533]
2024-08-25 16:46:37.647 | INFO     | hashnet:train:136 - [iter:27/50][iter_time:160.16]
2024-08-25 16:47:32.842 | INFO     | hashnet:train:133 - [iter:28/50][epoch:1/3][scale:5.292][loss:1.129276]
2024-08-25 16:48:27.636 | INFO     | hashnet:train:133 - [iter:28/50][epoch:2/3][scale:5.292][loss:1.129685]
2024-08-25 16:49:20.094 | INFO     | hashnet:train:133 - [iter:28/50][epoch:3/3][scale:5.292][loss:1.122997]
2024-08-25 16:49:20.095 | INFO     | hashnet:train:136 - [iter:28/50][iter_time:162.45]
2024-08-25 16:50:15.297 | INFO     | hashnet:train:133 - [iter:29/50][epoch:1/3][scale:5.385][loss:1.112378]
2024-08-25 16:51:09.777 | INFO     | hashnet:train:133 - [iter:29/50][epoch:2/3][scale:5.385][loss:1.112769]
2024-08-25 16:52:06.633 | INFO     | hashnet:train:133 - [iter:29/50][epoch:3/3][scale:5.385][loss:1.105262]
2024-08-25 16:52:06.634 | INFO     | hashnet:train:136 - [iter:29/50][iter_time:166.54]
2024-08-25 16:53:00.971 | INFO     | hashnet:train:133 - [iter:30/50][epoch:1/3][scale:5.477][loss:1.127323]
2024-08-25 16:53:56.050 | INFO     | hashnet:train:133 - [iter:30/50][epoch:2/3][scale:5.477][loss:1.129199]
2024-08-25 16:54:52.637 | INFO     | hashnet:train:133 - [iter:30/50][epoch:3/3][scale:5.477][loss:1.127313]
2024-08-25 16:54:52.638 | INFO     | hashnet:train:136 - [iter:30/50][iter_time:166.00]
2024-08-25 17:04:51.141 | INFO     | hashnet:train:211 - [iter:30/50][code_length:32][mAP:0.57429][mAP_all:0.77850][best_mAP:0.57429]
2024-08-25 17:04:51.142 | INFO     | hashnet:train:212 - [iter:30/50][code_length:32][zs_mAP:0.48897][zs_mAP_all:0.52150]
2024-08-25 17:05:42.595 | INFO     | hashnet:train:133 - [iter:31/50][epoch:1/3][scale:5.568][loss:1.137696]
2024-08-25 17:06:38.235 | INFO     | hashnet:train:133 - [iter:31/50][epoch:2/3][scale:5.568][loss:1.139277]
2024-08-25 17:07:28.243 | INFO     | hashnet:train:133 - [iter:31/50][epoch:3/3][scale:5.568][loss:1.137216]
2024-08-25 17:07:28.248 | INFO     | hashnet:train:136 - [iter:31/50][iter_time:157.11]
2024-08-25 17:08:19.304 | INFO     | hashnet:train:133 - [iter:32/50][epoch:1/3][scale:5.657][loss:1.143731]
2024-08-25 17:09:08.360 | INFO     | hashnet:train:133 - [iter:32/50][epoch:2/3][scale:5.657][loss:1.139703]
2024-08-25 17:09:59.573 | INFO     | hashnet:train:133 - [iter:32/50][epoch:3/3][scale:5.657][loss:1.132918]
2024-08-25 17:09:59.575 | INFO     | hashnet:train:136 - [iter:32/50][iter_time:151.33]
2024-08-25 17:10:52.836 | INFO     | hashnet:train:133 - [iter:33/50][epoch:1/3][scale:5.745][loss:1.115788]
2024-08-25 17:11:43.612 | INFO     | hashnet:train:133 - [iter:33/50][epoch:2/3][scale:5.745][loss:1.109971]
2024-08-25 17:12:33.851 | INFO     | hashnet:train:133 - [iter:33/50][epoch:3/3][scale:5.745][loss:1.116899]
2024-08-25 17:12:33.852 | INFO     | hashnet:train:136 - [iter:33/50][iter_time:154.28]
2024-08-25 17:13:30.023 | INFO     | hashnet:train:133 - [iter:34/50][epoch:1/3][scale:5.831][loss:1.137764]
2024-08-25 17:14:24.829 | INFO     | hashnet:train:133 - [iter:34/50][epoch:2/3][scale:5.831][loss:1.136938]
2024-08-25 17:15:22.771 | INFO     | hashnet:train:133 - [iter:34/50][epoch:3/3][scale:5.831][loss:1.132265]
2024-08-25 17:15:22.772 | INFO     | hashnet:train:136 - [iter:34/50][iter_time:168.92]
2024-08-25 17:16:19.262 | INFO     | hashnet:train:133 - [iter:35/50][epoch:1/3][scale:5.916][loss:1.125110]
2024-08-25 17:17:12.603 | INFO     | hashnet:train:133 - [iter:35/50][epoch:2/3][scale:5.916][loss:1.125732]
2024-08-25 17:18:08.438 | INFO     | hashnet:train:133 - [iter:35/50][epoch:3/3][scale:5.916][loss:1.125265]
2024-08-25 17:18:08.439 | INFO     | hashnet:train:136 - [iter:35/50][iter_time:165.67]
2024-08-25 17:28:12.872 | INFO     | hashnet:train:211 - [iter:35/50][code_length:32][mAP:0.57724][mAP_all:0.78160][best_mAP:0.57724]
2024-08-25 17:28:12.873 | INFO     | hashnet:train:212 - [iter:35/50][code_length:32][zs_mAP:0.49447][zs_mAP_all:0.52834]
2024-08-25 17:29:10.429 | INFO     | hashnet:train:133 - [iter:36/50][epoch:1/3][scale:6.000][loss:1.128381]
2024-08-25 17:30:09.738 | INFO     | hashnet:train:133 - [iter:36/50][epoch:2/3][scale:6.000][loss:1.122129]
2024-08-25 17:31:03.933 | INFO     | hashnet:train:133 - [iter:36/50][epoch:3/3][scale:6.000][loss:1.127497]
2024-08-25 17:31:03.933 | INFO     | hashnet:train:136 - [iter:36/50][iter_time:171.06]
2024-08-25 17:31:58.385 | INFO     | hashnet:train:133 - [iter:37/50][epoch:1/3][scale:6.083][loss:1.136953]
2024-08-25 17:32:52.988 | INFO     | hashnet:train:133 - [iter:37/50][epoch:2/3][scale:6.083][loss:1.128498]
2024-08-25 17:33:49.671 | INFO     | hashnet:train:133 - [iter:37/50][epoch:3/3][scale:6.083][loss:1.131890]
2024-08-25 17:33:49.671 | INFO     | hashnet:train:136 - [iter:37/50][iter_time:165.74]
2024-08-25 17:34:45.991 | INFO     | hashnet:train:133 - [iter:38/50][epoch:1/3][scale:6.164][loss:1.118232]
2024-08-25 17:35:39.814 | INFO     | hashnet:train:133 - [iter:38/50][epoch:2/3][scale:6.164][loss:1.107690]
2024-08-25 17:36:36.307 | INFO     | hashnet:train:133 - [iter:38/50][epoch:3/3][scale:6.164][loss:1.105226]
2024-08-25 17:36:36.307 | INFO     | hashnet:train:136 - [iter:38/50][iter_time:166.64]
2024-08-25 17:37:30.671 | INFO     | hashnet:train:133 - [iter:39/50][epoch:1/3][scale:6.245][loss:1.135265]
2024-08-25 17:38:26.001 | INFO     | hashnet:train:133 - [iter:39/50][epoch:2/3][scale:6.245][loss:1.134604]
2024-08-25 17:39:30.201 | INFO     | hashnet:train:133 - [iter:39/50][epoch:3/3][scale:6.245][loss:1.132714]
2024-08-25 17:39:30.202 | INFO     | hashnet:train:136 - [iter:39/50][iter_time:173.89]
2024-08-25 17:40:31.151 | INFO     | hashnet:train:133 - [iter:40/50][epoch:1/3][scale:6.325][loss:1.125497]
2024-08-25 17:41:26.265 | INFO     | hashnet:train:133 - [iter:40/50][epoch:2/3][scale:6.325][loss:1.129463]
2024-08-25 17:42:19.440 | INFO     | hashnet:train:133 - [iter:40/50][epoch:3/3][scale:6.325][loss:1.124442]
2024-08-25 17:42:19.441 | INFO     | hashnet:train:136 - [iter:40/50][iter_time:169.24]
2024-08-25 17:52:58.187 | INFO     | hashnet:train:211 - [iter:40/50][code_length:32][mAP:0.58486][mAP_all:0.78546][best_mAP:0.58486]
2024-08-25 17:52:58.188 | INFO     | hashnet:train:212 - [iter:40/50][code_length:32][zs_mAP:0.50141][zs_mAP_all:0.53909]
2024-08-25 17:53:37.694 | INFO     | hashnet:train:133 - [iter:41/50][epoch:1/3][scale:6.403][loss:1.116068]
2024-08-25 17:54:26.752 | INFO     | hashnet:train:133 - [iter:41/50][epoch:2/3][scale:6.403][loss:1.116230]
2024-08-25 17:55:19.921 | INFO     | hashnet:train:133 - [iter:41/50][epoch:3/3][scale:6.403][loss:1.107185]
2024-08-25 17:55:19.922 | INFO     | hashnet:train:136 - [iter:41/50][iter_time:141.73]
2024-08-25 17:56:11.884 | INFO     | hashnet:train:133 - [iter:42/50][epoch:1/3][scale:6.481][loss:1.116584]
2024-08-25 17:57:00.833 | INFO     | hashnet:train:133 - [iter:42/50][epoch:2/3][scale:6.481][loss:1.110368]
2024-08-25 17:57:52.745 | INFO     | hashnet:train:133 - [iter:42/50][epoch:3/3][scale:6.481][loss:1.105962]
2024-08-25 17:57:52.746 | INFO     | hashnet:train:136 - [iter:42/50][iter_time:152.82]
2024-08-25 17:58:43.518 | INFO     | hashnet:train:133 - [iter:43/50][epoch:1/3][scale:6.557][loss:1.106571]
2024-08-25 17:59:38.542 | INFO     | hashnet:train:133 - [iter:43/50][epoch:2/3][scale:6.557][loss:1.108413]
2024-08-25 18:00:28.810 | INFO     | hashnet:train:133 - [iter:43/50][epoch:3/3][scale:6.557][loss:1.102455]
2024-08-25 18:00:28.811 | INFO     | hashnet:train:136 - [iter:43/50][iter_time:156.06]
2024-08-25 18:01:19.156 | INFO     | hashnet:train:133 - [iter:44/50][epoch:1/3][scale:6.633][loss:1.113036]
2024-08-25 18:02:08.230 | INFO     | hashnet:train:133 - [iter:44/50][epoch:2/3][scale:6.633][loss:1.119349]
2024-08-25 18:03:00.040 | INFO     | hashnet:train:133 - [iter:44/50][epoch:3/3][scale:6.633][loss:1.116195]
2024-08-25 18:03:00.040 | INFO     | hashnet:train:136 - [iter:44/50][iter_time:151.23]
2024-08-25 18:03:51.326 | INFO     | hashnet:train:133 - [iter:45/50][epoch:1/3][scale:6.708][loss:1.117716]
2024-08-25 18:04:45.068 | INFO     | hashnet:train:133 - [iter:45/50][epoch:2/3][scale:6.708][loss:1.112756]
2024-08-25 18:05:40.747 | INFO     | hashnet:train:133 - [iter:45/50][epoch:3/3][scale:6.708][loss:1.105575]
2024-08-25 18:05:40.747 | INFO     | hashnet:train:136 - [iter:45/50][iter_time:160.71]
2024-08-25 18:16:17.408 | INFO     | hashnet:train:211 - [iter:45/50][code_length:32][mAP:0.59368][mAP_all:0.79248][best_mAP:0.59368]
2024-08-25 18:16:17.409 | INFO     | hashnet:train:212 - [iter:45/50][code_length:32][zs_mAP:0.50688][zs_mAP_all:0.54770]
2024-08-25 18:17:13.462 | INFO     | hashnet:train:133 - [iter:46/50][epoch:1/3][scale:6.782][loss:1.115198]
2024-08-25 18:18:12.679 | INFO     | hashnet:train:133 - [iter:46/50][epoch:2/3][scale:6.782][loss:1.118419]
2024-08-25 18:19:13.411 | INFO     | hashnet:train:133 - [iter:46/50][epoch:3/3][scale:6.782][loss:1.110218]
2024-08-25 18:19:13.411 | INFO     | hashnet:train:136 - [iter:46/50][iter_time:176.00]
2024-08-25 18:29:55.996 | INFO     | hashnet:train:211 - [iter:46/50][code_length:32][mAP:0.59623][mAP_all:0.79312][best_mAP:0.59623]
2024-08-25 18:29:55.997 | INFO     | hashnet:train:212 - [iter:46/50][code_length:32][zs_mAP:0.51125][zs_mAP_all:0.54535]
2024-08-25 18:30:48.635 | INFO     | hashnet:train:133 - [iter:47/50][epoch:1/3][scale:6.856][loss:1.114899]
2024-08-25 18:31:40.985 | INFO     | hashnet:train:133 - [iter:47/50][epoch:2/3][scale:6.856][loss:1.114658]
2024-08-25 18:32:37.002 | INFO     | hashnet:train:133 - [iter:47/50][epoch:3/3][scale:6.856][loss:1.118750]
2024-08-25 18:32:37.003 | INFO     | hashnet:train:136 - [iter:47/50][iter_time:161.01]
2024-08-25 18:42:40.531 | INFO     | hashnet:train:211 - [iter:47/50][code_length:32][mAP:0.59920][mAP_all:0.79895][best_mAP:0.59920]
2024-08-25 18:42:40.532 | INFO     | hashnet:train:212 - [iter:47/50][code_length:32][zs_mAP:0.51792][zs_mAP_all:0.55822]
2024-08-25 18:43:31.086 | INFO     | hashnet:train:133 - [iter:48/50][epoch:1/3][scale:6.928][loss:1.105108]
2024-08-25 18:44:22.812 | INFO     | hashnet:train:133 - [iter:48/50][epoch:2/3][scale:6.928][loss:1.103731]
2024-08-25 18:45:15.187 | INFO     | hashnet:train:133 - [iter:48/50][epoch:3/3][scale:6.928][loss:1.107285]
2024-08-25 18:45:15.187 | INFO     | hashnet:train:136 - [iter:48/50][iter_time:154.66]
2024-08-25 18:55:14.441 | INFO     | hashnet:train:211 - [iter:48/50][code_length:32][mAP:0.59787][mAP_all:0.79601][best_mAP:0.59920]
2024-08-25 18:55:14.442 | INFO     | hashnet:train:212 - [iter:48/50][code_length:32][zs_mAP:0.50476][zs_mAP_all:0.54468]
2024-08-25 18:56:07.697 | INFO     | hashnet:train:133 - [iter:49/50][epoch:1/3][scale:7.000][loss:1.118121]
2024-08-25 18:57:01.677 | INFO     | hashnet:train:133 - [iter:49/50][epoch:2/3][scale:7.000][loss:1.125514]
2024-08-25 18:57:54.614 | INFO     | hashnet:train:133 - [iter:49/50][epoch:3/3][scale:7.000][loss:1.118835]
2024-08-25 18:57:54.615 | INFO     | hashnet:train:136 - [iter:49/50][iter_time:160.17]
2024-08-25 19:08:02.037 | INFO     | hashnet:train:211 - [iter:49/50][code_length:32][mAP:0.59843][mAP_all:0.79644][best_mAP:0.59920]
2024-08-25 19:08:02.037 | INFO     | hashnet:train:212 - [iter:49/50][code_length:32][zs_mAP:0.51095][zs_mAP_all:0.54740]
2024-08-25 19:08:57.621 | INFO     | hashnet:train:133 - [iter:50/50][epoch:1/3][scale:7.071][loss:1.115285]
2024-08-25 19:09:55.624 | INFO     | hashnet:train:133 - [iter:50/50][epoch:2/3][scale:7.071][loss:1.118638]
2024-08-25 19:10:49.404 | INFO     | hashnet:train:133 - [iter:50/50][epoch:3/3][scale:7.071][loss:1.110045]
2024-08-25 19:10:49.404 | INFO     | hashnet:train:136 - [iter:50/50][iter_time:167.37]
2024-08-25 19:20:54.363 | INFO     | hashnet:train:211 - [iter:50/50][code_length:32][mAP:0.59889][mAP_all:0.79711][best_mAP:0.59920]
2024-08-25 19:20:54.364 | INFO     | hashnet:train:212 - [iter:50/50][code_length:32][zs_mAP:0.51196][zs_mAP_all:0.54960]
2024-08-25 19:20:54.364 | INFO     | hashnet:train:214 - [Training time:16835.07]
2024-08-25 19:20:54.367 | INFO     | __main__:run:123 - [code_length:32][map:0.5992][map_all:0.7990][zs_map:0.5179][zs_map_all:0.5582]
2024-08-25 19:21:50.258 | INFO     | hashnet:train:133 - [iter:1/50][epoch:1/3][scale:1.000][loss:1.301327]
2024-08-25 19:22:43.315 | INFO     | hashnet:train:133 - [iter:1/50][epoch:2/3][scale:1.000][loss:1.373097]
2024-08-25 19:23:37.422 | INFO     | hashnet:train:133 - [iter:1/50][epoch:3/3][scale:1.000][loss:1.363020]
2024-08-25 19:23:37.422 | INFO     | hashnet:train:136 - [iter:1/50][iter_time:162.07]
2024-08-25 19:24:33.045 | INFO     | hashnet:train:133 - [iter:2/50][epoch:1/3][scale:1.414][loss:1.338616]
2024-08-25 19:25:29.237 | INFO     | hashnet:train:133 - [iter:2/50][epoch:2/3][scale:1.414][loss:1.310154]
2024-08-25 19:26:23.905 | INFO     | hashnet:train:133 - [iter:2/50][epoch:3/3][scale:1.414][loss:1.279170]
2024-08-25 19:26:23.906 | INFO     | hashnet:train:136 - [iter:2/50][iter_time:166.48]
2024-08-25 19:27:19.079 | INFO     | hashnet:train:133 - [iter:3/50][epoch:1/3][scale:1.732][loss:1.244268]
2024-08-25 19:28:13.163 | INFO     | hashnet:train:133 - [iter:3/50][epoch:2/3][scale:1.732][loss:1.219047]
2024-08-25 19:29:08.060 | INFO     | hashnet:train:133 - [iter:3/50][epoch:3/3][scale:1.732][loss:1.219616]
2024-08-25 19:29:08.062 | INFO     | hashnet:train:136 - [iter:3/50][iter_time:164.16]
2024-08-25 19:30:06.357 | INFO     | hashnet:train:133 - [iter:4/50][epoch:1/3][scale:2.000][loss:1.204975]
2024-08-25 19:31:04.259 | INFO     | hashnet:train:133 - [iter:4/50][epoch:2/3][scale:2.000][loss:1.204374]
2024-08-25 19:31:58.749 | INFO     | hashnet:train:133 - [iter:4/50][epoch:3/3][scale:2.000][loss:1.196018]
2024-08-25 19:31:58.750 | INFO     | hashnet:train:136 - [iter:4/50][iter_time:170.69]
2024-08-25 19:32:52.620 | INFO     | hashnet:train:133 - [iter:5/50][epoch:1/3][scale:2.236][loss:1.184857]
2024-08-25 19:33:43.233 | INFO     | hashnet:train:133 - [iter:5/50][epoch:2/3][scale:2.236][loss:1.180220]
2024-08-25 19:34:22.818 | INFO     | hashnet:train:133 - [iter:5/50][epoch:3/3][scale:2.236][loss:1.175311]
2024-08-25 19:34:22.819 | INFO     | hashnet:train:136 - [iter:5/50][iter_time:144.07]
2024-08-25 19:44:16.180 | INFO     | hashnet:train:211 - [iter:5/50][code_length:64][mAP:0.49181][mAP_all:0.74188][best_mAP:0.49181]
2024-08-25 19:44:16.181 | INFO     | hashnet:train:212 - [iter:5/50][code_length:64][zs_mAP:0.51711][zs_mAP_all:0.54530]
2024-08-25 19:45:17.244 | INFO     | hashnet:train:133 - [iter:6/50][epoch:1/3][scale:2.449][loss:1.182730]
2024-08-25 19:46:15.133 | INFO     | hashnet:train:133 - [iter:6/50][epoch:2/3][scale:2.449][loss:1.183735]
2024-08-25 19:47:08.461 | INFO     | hashnet:train:133 - [iter:6/50][epoch:3/3][scale:2.449][loss:1.175715]
2024-08-25 19:47:08.462 | INFO     | hashnet:train:136 - [iter:6/50][iter_time:172.28]
2024-08-25 19:48:04.044 | INFO     | hashnet:train:133 - [iter:7/50][epoch:1/3][scale:2.646][loss:1.174365]
2024-08-25 19:48:57.095 | INFO     | hashnet:train:133 - [iter:7/50][epoch:2/3][scale:2.646][loss:1.164500]
2024-08-25 19:49:50.385 | INFO     | hashnet:train:133 - [iter:7/50][epoch:3/3][scale:2.646][loss:1.161692]
2024-08-25 19:49:50.386 | INFO     | hashnet:train:136 - [iter:7/50][iter_time:161.92]
2024-08-25 19:50:42.763 | INFO     | hashnet:train:133 - [iter:8/50][epoch:1/3][scale:2.828][loss:1.170007]
2024-08-25 19:51:38.645 | INFO     | hashnet:train:133 - [iter:8/50][epoch:2/3][scale:2.828][loss:1.175159]
2024-08-25 19:52:31.883 | INFO     | hashnet:train:133 - [iter:8/50][epoch:3/3][scale:2.828][loss:1.181814]
2024-08-25 19:52:31.883 | INFO     | hashnet:train:136 - [iter:8/50][iter_time:161.50]
2024-08-25 19:53:25.217 | INFO     | hashnet:train:133 - [iter:9/50][epoch:1/3][scale:3.000][loss:1.168225]
2024-08-25 19:54:19.462 | INFO     | hashnet:train:133 - [iter:9/50][epoch:2/3][scale:3.000][loss:1.156688]
2024-08-25 19:55:12.097 | INFO     | hashnet:train:133 - [iter:9/50][epoch:3/3][scale:3.000][loss:1.152998]
2024-08-25 19:55:12.098 | INFO     | hashnet:train:136 - [iter:9/50][iter_time:160.21]
2024-08-25 19:56:03.995 | INFO     | hashnet:train:133 - [iter:10/50][epoch:1/3][scale:3.162][loss:1.163146]
2024-08-25 19:57:00.618 | INFO     | hashnet:train:133 - [iter:10/50][epoch:2/3][scale:3.162][loss:1.149908]
2024-08-25 19:57:58.074 | INFO     | hashnet:train:133 - [iter:10/50][epoch:3/3][scale:3.162][loss:1.141400]
2024-08-25 19:57:58.074 | INFO     | hashnet:train:136 - [iter:10/50][iter_time:165.98]
2024-08-25 20:08:04.384 | INFO     | hashnet:train:211 - [iter:10/50][code_length:64][mAP:0.55687][mAP_all:0.78271][best_mAP:0.55687]
2024-08-25 20:08:04.385 | INFO     | hashnet:train:212 - [iter:10/50][code_length:64][zs_mAP:0.52403][zs_mAP_all:0.56421]
2024-08-25 20:09:01.466 | INFO     | hashnet:train:133 - [iter:11/50][epoch:1/3][scale:3.317][loss:1.151828]
2024-08-25 20:09:55.737 | INFO     | hashnet:train:133 - [iter:11/50][epoch:2/3][scale:3.317][loss:1.156993]
2024-08-25 20:10:52.061 | INFO     | hashnet:train:133 - [iter:11/50][epoch:3/3][scale:3.317][loss:1.147711]
2024-08-25 20:10:52.061 | INFO     | hashnet:train:136 - [iter:11/50][iter_time:167.68]
2024-08-25 20:11:48.007 | INFO     | hashnet:train:133 - [iter:12/50][epoch:1/3][scale:3.464][loss:1.153866]
2024-08-25 20:12:44.344 | INFO     | hashnet:train:133 - [iter:12/50][epoch:2/3][scale:3.464][loss:1.157117]
2024-08-25 20:13:35.328 | INFO     | hashnet:train:133 - [iter:12/50][epoch:3/3][scale:3.464][loss:1.147812]
2024-08-25 20:13:35.329 | INFO     | hashnet:train:136 - [iter:12/50][iter_time:163.27]
2024-08-25 20:14:29.946 | INFO     | hashnet:train:133 - [iter:13/50][epoch:1/3][scale:3.606][loss:1.155014]
2024-08-25 20:15:26.469 | INFO     | hashnet:train:133 - [iter:13/50][epoch:2/3][scale:3.606][loss:1.148693]
2024-08-25 20:16:19.534 | INFO     | hashnet:train:133 - [iter:13/50][epoch:3/3][scale:3.606][loss:1.136541]
2024-08-25 20:16:19.534 | INFO     | hashnet:train:136 - [iter:13/50][iter_time:164.21]
2024-08-25 20:17:11.700 | INFO     | hashnet:train:133 - [iter:14/50][epoch:1/3][scale:3.742][loss:1.139345]
2024-08-25 20:18:07.670 | INFO     | hashnet:train:133 - [iter:14/50][epoch:2/3][scale:3.742][loss:1.149695]
2024-08-25 20:19:03.202 | INFO     | hashnet:train:133 - [iter:14/50][epoch:3/3][scale:3.742][loss:1.131350]
2024-08-25 20:19:03.203 | INFO     | hashnet:train:136 - [iter:14/50][iter_time:163.67]
2024-08-25 20:19:56.943 | INFO     | hashnet:train:133 - [iter:15/50][epoch:1/3][scale:3.873][loss:1.137917]
2024-08-25 20:20:50.424 | INFO     | hashnet:train:133 - [iter:15/50][epoch:2/3][scale:3.873][loss:1.137518]
2024-08-25 20:21:46.081 | INFO     | hashnet:train:133 - [iter:15/50][epoch:3/3][scale:3.873][loss:1.129116]
2024-08-25 20:21:46.082 | INFO     | hashnet:train:136 - [iter:15/50][iter_time:162.88]
2024-08-25 20:31:43.597 | INFO     | hashnet:train:211 - [iter:15/50][code_length:64][mAP:0.58019][mAP_all:0.79420][best_mAP:0.58019]
2024-08-25 20:31:43.598 | INFO     | hashnet:train:212 - [iter:15/50][code_length:64][zs_mAP:0.54517][zs_mAP_all:0.56738]
2024-08-25 20:32:35.490 | INFO     | hashnet:train:133 - [iter:16/50][epoch:1/3][scale:4.000][loss:1.140267]
2024-08-25 20:33:26.729 | INFO     | hashnet:train:133 - [iter:16/50][epoch:2/3][scale:4.000][loss:1.134750]
2024-08-25 20:34:17.367 | INFO     | hashnet:train:133 - [iter:16/50][epoch:3/3][scale:4.000][loss:1.132859]
2024-08-25 20:34:17.368 | INFO     | hashnet:train:136 - [iter:16/50][iter_time:153.77]
2024-08-25 20:35:06.080 | INFO     | hashnet:train:133 - [iter:17/50][epoch:1/3][scale:4.123][loss:1.141818]
2024-08-25 20:36:00.332 | INFO     | hashnet:train:133 - [iter:17/50][epoch:2/3][scale:4.123][loss:1.142950]
2024-08-25 20:36:52.400 | INFO     | hashnet:train:133 - [iter:17/50][epoch:3/3][scale:4.123][loss:1.142916]
2024-08-25 20:36:52.401 | INFO     | hashnet:train:136 - [iter:17/50][iter_time:155.03]
2024-08-25 20:37:48.452 | INFO     | hashnet:train:133 - [iter:18/50][epoch:1/3][scale:4.243][loss:1.135975]
2024-08-25 20:38:43.540 | INFO     | hashnet:train:133 - [iter:18/50][epoch:2/3][scale:4.243][loss:1.126970]
2024-08-25 20:39:40.568 | INFO     | hashnet:train:133 - [iter:18/50][epoch:3/3][scale:4.243][loss:1.117224]
2024-08-25 20:39:40.569 | INFO     | hashnet:train:136 - [iter:18/50][iter_time:168.17]
2024-08-25 20:40:36.357 | INFO     | hashnet:train:133 - [iter:19/50][epoch:1/3][scale:4.359][loss:1.137640]
2024-08-25 20:41:35.509 | INFO     | hashnet:train:133 - [iter:19/50][epoch:2/3][scale:4.359][loss:1.142622]
2024-08-25 20:42:36.843 | INFO     | hashnet:train:133 - [iter:19/50][epoch:3/3][scale:4.359][loss:1.139616]
2024-08-25 20:42:36.844 | INFO     | hashnet:train:136 - [iter:19/50][iter_time:176.27]
2024-08-25 20:43:28.776 | INFO     | hashnet:train:133 - [iter:20/50][epoch:1/3][scale:4.472][loss:1.142483]
2024-08-25 20:44:21.789 | INFO     | hashnet:train:133 - [iter:20/50][epoch:2/3][scale:4.472][loss:1.137667]
2024-08-25 20:45:13.319 | INFO     | hashnet:train:133 - [iter:20/50][epoch:3/3][scale:4.472][loss:1.130020]
2024-08-25 20:45:13.319 | INFO     | hashnet:train:136 - [iter:20/50][iter_time:156.47]
2024-08-25 20:56:06.285 | INFO     | hashnet:train:211 - [iter:20/50][code_length:64][mAP:0.59695][mAP_all:0.79499][best_mAP:0.59695]
2024-08-25 20:56:06.288 | INFO     | hashnet:train:212 - [iter:20/50][code_length:64][zs_mAP:0.54432][zs_mAP_all:0.56900]
2024-08-25 20:57:09.561 | INFO     | hashnet:train:133 - [iter:21/50][epoch:1/3][scale:4.583][loss:1.128921]
2024-08-25 20:58:11.046 | INFO     | hashnet:train:133 - [iter:21/50][epoch:2/3][scale:4.583][loss:1.119564]
2024-08-25 20:59:10.385 | INFO     | hashnet:train:133 - [iter:21/50][epoch:3/3][scale:4.583][loss:1.107916]
2024-08-25 20:59:10.386 | INFO     | hashnet:train:136 - [iter:21/50][iter_time:184.10]
2024-08-25 21:00:05.447 | INFO     | hashnet:train:133 - [iter:22/50][epoch:1/3][scale:4.690][loss:1.133194]
2024-08-25 21:01:02.878 | INFO     | hashnet:train:133 - [iter:22/50][epoch:2/3][scale:4.690][loss:1.128428]
2024-08-25 21:02:02.451 | INFO     | hashnet:train:133 - [iter:22/50][epoch:3/3][scale:4.690][loss:1.123679]
2024-08-25 21:02:02.452 | INFO     | hashnet:train:136 - [iter:22/50][iter_time:172.07]
2024-08-25 21:02:59.122 | INFO     | hashnet:train:133 - [iter:23/50][epoch:1/3][scale:4.796][loss:1.127565]
2024-08-25 21:03:53.704 | INFO     | hashnet:train:133 - [iter:23/50][epoch:2/3][scale:4.796][loss:1.119234]
2024-08-25 21:04:45.827 | INFO     | hashnet:train:133 - [iter:23/50][epoch:3/3][scale:4.796][loss:1.107658]
2024-08-25 21:04:45.828 | INFO     | hashnet:train:136 - [iter:23/50][iter_time:163.38]
2024-08-25 21:05:42.506 | INFO     | hashnet:train:133 - [iter:24/50][epoch:1/3][scale:4.899][loss:1.118701]
2024-08-25 21:06:45.656 | INFO     | hashnet:train:133 - [iter:24/50][epoch:2/3][scale:4.899][loss:1.126890]
2024-08-25 21:07:40.300 | INFO     | hashnet:train:133 - [iter:24/50][epoch:3/3][scale:4.899][loss:1.124107]
2024-08-25 21:07:40.300 | INFO     | hashnet:train:136 - [iter:24/50][iter_time:174.47]
2024-08-25 21:08:34.027 | INFO     | hashnet:train:133 - [iter:25/50][epoch:1/3][scale:5.000][loss:1.134428]
2024-08-25 21:09:30.651 | INFO     | hashnet:train:133 - [iter:25/50][epoch:2/3][scale:5.000][loss:1.135337]
2024-08-25 21:10:31.273 | INFO     | hashnet:train:133 - [iter:25/50][epoch:3/3][scale:5.000][loss:1.123962]
2024-08-25 21:10:31.274 | INFO     | hashnet:train:136 - [iter:25/50][iter_time:170.97]
2024-08-25 21:20:55.006 | INFO     | hashnet:train:211 - [iter:25/50][code_length:64][mAP:0.60754][mAP_all:0.80687][best_mAP:0.60754]
2024-08-25 21:20:55.007 | INFO     | hashnet:train:212 - [iter:25/50][code_length:64][zs_mAP:0.54293][zs_mAP_all:0.57929]
2024-08-25 21:21:46.251 | INFO     | hashnet:train:133 - [iter:26/50][epoch:1/3][scale:5.099][loss:1.122544]
2024-08-25 21:22:37.283 | INFO     | hashnet:train:133 - [iter:26/50][epoch:2/3][scale:5.099][loss:1.120878]
2024-08-25 21:23:28.305 | INFO     | hashnet:train:133 - [iter:26/50][epoch:3/3][scale:5.099][loss:1.115554]
2024-08-25 21:23:28.306 | INFO     | hashnet:train:136 - [iter:26/50][iter_time:153.30]
2024-08-25 21:24:17.794 | INFO     | hashnet:train:133 - [iter:27/50][epoch:1/3][scale:5.196][loss:1.122102]
2024-08-25 21:25:09.591 | INFO     | hashnet:train:133 - [iter:27/50][epoch:2/3][scale:5.196][loss:1.120424]
2024-08-25 21:26:02.758 | INFO     | hashnet:train:133 - [iter:27/50][epoch:3/3][scale:5.196][loss:1.119585]
2024-08-25 21:26:02.762 | INFO     | hashnet:train:136 - [iter:27/50][iter_time:154.46]
2024-08-25 21:26:53.086 | INFO     | hashnet:train:133 - [iter:28/50][epoch:1/3][scale:5.292][loss:1.132791]
2024-08-25 21:27:40.977 | INFO     | hashnet:train:133 - [iter:28/50][epoch:2/3][scale:5.292][loss:1.131782]
2024-08-25 21:28:33.143 | INFO     | hashnet:train:133 - [iter:28/50][epoch:3/3][scale:5.292][loss:1.120647]
2024-08-25 21:28:33.144 | INFO     | hashnet:train:136 - [iter:28/50][iter_time:150.38]
2024-08-25 21:29:25.482 | INFO     | hashnet:train:133 - [iter:29/50][epoch:1/3][scale:5.385][loss:1.133086]
2024-08-25 21:30:20.048 | INFO     | hashnet:train:133 - [iter:29/50][epoch:2/3][scale:5.385][loss:1.134171]
2024-08-25 21:31:14.062 | INFO     | hashnet:train:133 - [iter:29/50][epoch:3/3][scale:5.385][loss:1.131440]
2024-08-25 21:31:14.063 | INFO     | hashnet:train:136 - [iter:29/50][iter_time:160.92]
2024-08-25 21:32:08.897 | INFO     | hashnet:train:133 - [iter:30/50][epoch:1/3][scale:5.477][loss:1.112804]
2024-08-25 21:33:04.364 | INFO     | hashnet:train:133 - [iter:30/50][epoch:2/3][scale:5.477][loss:1.108574]
2024-08-25 21:33:57.004 | INFO     | hashnet:train:133 - [iter:30/50][epoch:3/3][scale:5.477][loss:1.101867]
2024-08-25 21:33:57.004 | INFO     | hashnet:train:136 - [iter:30/50][iter_time:162.94]
2024-08-25 21:43:59.984 | INFO     | hashnet:train:211 - [iter:30/50][code_length:64][mAP:0.61330][mAP_all:0.80578][best_mAP:0.61330]
2024-08-25 21:43:59.985 | INFO     | hashnet:train:212 - [iter:30/50][code_length:64][zs_mAP:0.54277][zs_mAP_all:0.57489]
2024-08-25 21:45:00.940 | INFO     | hashnet:train:133 - [iter:31/50][epoch:1/3][scale:5.568][loss:1.111791]
2024-08-25 21:45:54.727 | INFO     | hashnet:train:133 - [iter:31/50][epoch:2/3][scale:5.568][loss:1.107918]
2024-08-25 21:46:51.008 | INFO     | hashnet:train:133 - [iter:31/50][epoch:3/3][scale:5.568][loss:1.104974]
2024-08-25 21:46:51.009 | INFO     | hashnet:train:136 - [iter:31/50][iter_time:171.02]
2024-08-25 21:47:48.055 | INFO     | hashnet:train:133 - [iter:32/50][epoch:1/3][scale:5.657][loss:1.113736]
2024-08-25 21:48:43.341 | INFO     | hashnet:train:133 - [iter:32/50][epoch:2/3][scale:5.657][loss:1.111946]
2024-08-25 21:49:36.467 | INFO     | hashnet:train:133 - [iter:32/50][epoch:3/3][scale:5.657][loss:1.105774]
2024-08-25 21:49:36.468 | INFO     | hashnet:train:136 - [iter:32/50][iter_time:165.46]
2024-08-25 21:50:29.091 | INFO     | hashnet:train:133 - [iter:33/50][epoch:1/3][scale:5.745][loss:1.111018]
2024-08-25 21:51:24.179 | INFO     | hashnet:train:133 - [iter:33/50][epoch:2/3][scale:5.745][loss:1.110083]
2024-08-25 21:52:19.929 | INFO     | hashnet:train:133 - [iter:33/50][epoch:3/3][scale:5.745][loss:1.104221]
2024-08-25 21:52:19.929 | INFO     | hashnet:train:136 - [iter:33/50][iter_time:163.46]
2024-08-25 21:53:14.708 | INFO     | hashnet:train:133 - [iter:34/50][epoch:1/3][scale:5.831][loss:1.102651]
2024-08-25 21:54:12.908 | INFO     | hashnet:train:133 - [iter:34/50][epoch:2/3][scale:5.831][loss:1.102084]
2024-08-25 21:55:08.990 | INFO     | hashnet:train:133 - [iter:34/50][epoch:3/3][scale:5.831][loss:1.093371]
2024-08-25 21:55:08.991 | INFO     | hashnet:train:136 - [iter:34/50][iter_time:169.06]
2024-08-25 21:56:03.497 | INFO     | hashnet:train:133 - [iter:35/50][epoch:1/3][scale:5.916][loss:1.111728]
2024-08-25 21:56:56.753 | INFO     | hashnet:train:133 - [iter:35/50][epoch:2/3][scale:5.916][loss:1.112926]
2024-08-25 21:57:49.531 | INFO     | hashnet:train:133 - [iter:35/50][epoch:3/3][scale:5.916][loss:1.111489]
2024-08-25 21:57:49.532 | INFO     | hashnet:train:136 - [iter:35/50][iter_time:160.54]
2024-08-25 22:07:52.721 | INFO     | hashnet:train:211 - [iter:35/50][code_length:64][mAP:0.62597][mAP_all:0.81249][best_mAP:0.62597]
2024-08-25 22:07:52.722 | INFO     | hashnet:train:212 - [iter:35/50][code_length:64][zs_mAP:0.54551][zs_mAP_all:0.58200]
2024-08-25 22:08:51.505 | INFO     | hashnet:train:133 - [iter:36/50][epoch:1/3][scale:6.000][loss:1.113885]
2024-08-25 22:09:46.901 | INFO     | hashnet:train:133 - [iter:36/50][epoch:2/3][scale:6.000][loss:1.111060]
2024-08-25 22:10:37.927 | INFO     | hashnet:train:133 - [iter:36/50][epoch:3/3][scale:6.000][loss:1.105423]
2024-08-25 22:10:37.927 | INFO     | hashnet:train:136 - [iter:36/50][iter_time:165.21]
2024-08-25 22:11:21.733 | INFO     | hashnet:train:133 - [iter:37/50][epoch:1/3][scale:6.083][loss:1.119785]
2024-08-25 22:12:04.525 | INFO     | hashnet:train:133 - [iter:37/50][epoch:2/3][scale:6.083][loss:1.113993]
2024-08-25 22:12:56.754 | INFO     | hashnet:train:133 - [iter:37/50][epoch:3/3][scale:6.083][loss:1.112647]
2024-08-25 22:12:56.755 | INFO     | hashnet:train:136 - [iter:37/50][iter_time:138.83]
2024-08-25 22:13:46.858 | INFO     | hashnet:train:133 - [iter:38/50][epoch:1/3][scale:6.164][loss:1.121879]
2024-08-25 22:14:37.802 | INFO     | hashnet:train:133 - [iter:38/50][epoch:2/3][scale:6.164][loss:1.118749]
2024-08-25 22:15:29.028 | INFO     | hashnet:train:133 - [iter:38/50][epoch:3/3][scale:6.164][loss:1.110163]
2024-08-25 22:15:29.029 | INFO     | hashnet:train:136 - [iter:38/50][iter_time:152.27]
2024-08-25 22:16:18.480 | INFO     | hashnet:train:133 - [iter:39/50][epoch:1/3][scale:6.245][loss:1.115402]
2024-08-25 22:17:09.150 | INFO     | hashnet:train:133 - [iter:39/50][epoch:2/3][scale:6.245][loss:1.110279]
2024-08-25 22:17:58.743 | INFO     | hashnet:train:133 - [iter:39/50][epoch:3/3][scale:6.245][loss:1.105599]
2024-08-25 22:17:58.744 | INFO     | hashnet:train:136 - [iter:39/50][iter_time:149.71]
2024-08-25 22:18:49.025 | INFO     | hashnet:train:133 - [iter:40/50][epoch:1/3][scale:6.325][loss:1.120722]
2024-08-25 22:19:40.528 | INFO     | hashnet:train:133 - [iter:40/50][epoch:2/3][scale:6.325][loss:1.120785]
2024-08-25 22:20:30.283 | INFO     | hashnet:train:133 - [iter:40/50][epoch:3/3][scale:6.325][loss:1.113059]
2024-08-25 22:20:30.284 | INFO     | hashnet:train:136 - [iter:40/50][iter_time:151.54]
2024-08-25 22:30:35.001 | INFO     | hashnet:train:211 - [iter:40/50][code_length:64][mAP:0.62897][mAP_all:0.81386][best_mAP:0.62897]
2024-08-25 22:30:35.003 | INFO     | hashnet:train:212 - [iter:40/50][code_length:64][zs_mAP:0.55234][zs_mAP_all:0.59205]
2024-08-25 22:31:29.908 | INFO     | hashnet:train:133 - [iter:41/50][epoch:1/3][scale:6.403][loss:1.125197]
2024-08-25 22:32:25.736 | INFO     | hashnet:train:133 - [iter:41/50][epoch:2/3][scale:6.403][loss:1.118736]
2024-08-25 22:33:23.951 | INFO     | hashnet:train:133 - [iter:41/50][epoch:3/3][scale:6.403][loss:1.110154]
2024-08-25 22:33:23.952 | INFO     | hashnet:train:136 - [iter:41/50][iter_time:168.95]
2024-08-25 22:34:15.452 | INFO     | hashnet:train:133 - [iter:42/50][epoch:1/3][scale:6.481][loss:1.111011]
2024-08-25 22:35:10.977 | INFO     | hashnet:train:133 - [iter:42/50][epoch:2/3][scale:6.481][loss:1.108958]
2024-08-25 22:36:03.894 | INFO     | hashnet:train:133 - [iter:42/50][epoch:3/3][scale:6.481][loss:1.094821]
2024-08-25 22:36:03.895 | INFO     | hashnet:train:136 - [iter:42/50][iter_time:159.94]
2024-08-25 22:37:00.207 | INFO     | hashnet:train:133 - [iter:43/50][epoch:1/3][scale:6.557][loss:1.107086]
2024-08-25 22:37:55.694 | INFO     | hashnet:train:133 - [iter:43/50][epoch:2/3][scale:6.557][loss:1.113811]
2024-08-25 22:38:48.878 | INFO     | hashnet:train:133 - [iter:43/50][epoch:3/3][scale:6.557][loss:1.107178]
2024-08-25 22:38:48.878 | INFO     | hashnet:train:136 - [iter:43/50][iter_time:164.98]
2024-08-25 22:39:43.439 | INFO     | hashnet:train:133 - [iter:44/50][epoch:1/3][scale:6.633][loss:1.118862]
2024-08-25 22:40:44.064 | INFO     | hashnet:train:133 - [iter:44/50][epoch:2/3][scale:6.633][loss:1.122921]
2024-08-25 22:41:40.983 | INFO     | hashnet:train:133 - [iter:44/50][epoch:3/3][scale:6.633][loss:1.113524]
2024-08-25 22:41:40.984 | INFO     | hashnet:train:136 - [iter:44/50][iter_time:172.11]
2024-08-25 22:42:34.471 | INFO     | hashnet:train:133 - [iter:45/50][epoch:1/3][scale:6.708][loss:1.109416]
2024-08-25 22:43:27.744 | INFO     | hashnet:train:133 - [iter:45/50][epoch:2/3][scale:6.708][loss:1.113043]
2024-08-25 22:44:22.399 | INFO     | hashnet:train:133 - [iter:45/50][epoch:3/3][scale:6.708][loss:1.109100]
2024-08-25 22:44:22.400 | INFO     | hashnet:train:136 - [iter:45/50][iter_time:161.42]
2024-08-25 22:54:29.077 | INFO     | hashnet:train:211 - [iter:45/50][code_length:64][mAP:0.63251][mAP_all:0.81546][best_mAP:0.63251]
2024-08-25 22:54:29.078 | INFO     | hashnet:train:212 - [iter:45/50][code_length:64][zs_mAP:0.54316][zs_mAP_all:0.57871]
2024-08-25 22:55:26.812 | INFO     | hashnet:train:133 - [iter:46/50][epoch:1/3][scale:6.782][loss:1.118323]
2024-08-25 22:56:29.432 | INFO     | hashnet:train:133 - [iter:46/50][epoch:2/3][scale:6.782][loss:1.107582]
2024-08-25 22:57:22.712 | INFO     | hashnet:train:133 - [iter:46/50][epoch:3/3][scale:6.782][loss:1.103461]
2024-08-25 22:57:22.712 | INFO     | hashnet:train:136 - [iter:46/50][iter_time:173.63]
2024-08-25 23:07:12.622 | INFO     | hashnet:train:211 - [iter:46/50][code_length:64][mAP:0.64360][mAP_all:0.82452][best_mAP:0.64360]
2024-08-25 23:07:12.624 | INFO     | hashnet:train:212 - [iter:46/50][code_length:64][zs_mAP:0.55703][zs_mAP_all:0.58900]
2024-08-25 23:08:03.315 | INFO     | hashnet:train:133 - [iter:47/50][epoch:1/3][scale:6.856][loss:1.119806]
2024-08-25 23:08:53.540 | INFO     | hashnet:train:133 - [iter:47/50][epoch:2/3][scale:6.856][loss:1.120448]
2024-08-25 23:09:43.833 | INFO     | hashnet:train:133 - [iter:47/50][epoch:3/3][scale:6.856][loss:1.120885]
2024-08-25 23:09:43.834 | INFO     | hashnet:train:136 - [iter:47/50][iter_time:151.21]
2024-08-25 23:19:50.520 | INFO     | hashnet:train:211 - [iter:47/50][code_length:64][mAP:0.64512][mAP_all:0.82113][best_mAP:0.64512]
2024-08-25 23:19:50.521 | INFO     | hashnet:train:212 - [iter:47/50][code_length:64][zs_mAP:0.55536][zs_mAP_all:0.58454]
2024-08-25 23:20:44.491 | INFO     | hashnet:train:133 - [iter:48/50][epoch:1/3][scale:6.928][loss:1.117736]
2024-08-25 23:21:48.292 | INFO     | hashnet:train:133 - [iter:48/50][epoch:2/3][scale:6.928][loss:1.114471]
2024-08-25 23:22:48.497 | INFO     | hashnet:train:133 - [iter:48/50][epoch:3/3][scale:6.928][loss:1.109262]
2024-08-25 23:22:48.497 | INFO     | hashnet:train:136 - [iter:48/50][iter_time:177.98]
2024-08-25 23:33:30.221 | INFO     | hashnet:train:211 - [iter:48/50][code_length:64][mAP:0.64527][mAP_all:0.82104][best_mAP:0.64527]
2024-08-25 23:33:30.222 | INFO     | hashnet:train:212 - [iter:48/50][code_length:64][zs_mAP:0.55703][zs_mAP_all:0.58894]
2024-08-25 23:34:24.365 | INFO     | hashnet:train:133 - [iter:49/50][epoch:1/3][scale:7.000][loss:1.103809]
2024-08-25 23:35:19.813 | INFO     | hashnet:train:133 - [iter:49/50][epoch:2/3][scale:7.000][loss:1.109686]
2024-08-25 23:36:19.521 | INFO     | hashnet:train:133 - [iter:49/50][epoch:3/3][scale:7.000][loss:1.108721]
2024-08-25 23:36:19.522 | INFO     | hashnet:train:136 - [iter:49/50][iter_time:169.30]
2024-08-25 23:46:52.137 | INFO     | hashnet:train:211 - [iter:49/50][code_length:64][mAP:0.64579][mAP_all:0.82406][best_mAP:0.64579]
2024-08-25 23:46:52.139 | INFO     | hashnet:train:212 - [iter:49/50][code_length:64][zs_mAP:0.55900][zs_mAP_all:0.59250]
2024-08-25 23:47:50.834 | INFO     | hashnet:train:133 - [iter:50/50][epoch:1/3][scale:7.071][loss:1.107512]
2024-08-25 23:48:45.314 | INFO     | hashnet:train:133 - [iter:50/50][epoch:2/3][scale:7.071][loss:1.110289]
2024-08-25 23:49:38.036 | INFO     | hashnet:train:133 - [iter:50/50][epoch:3/3][scale:7.071][loss:1.124908]
2024-08-25 23:49:38.037 | INFO     | hashnet:train:136 - [iter:50/50][iter_time:165.90]
2024-08-25 23:59:20.819 | INFO     | hashnet:train:211 - [iter:50/50][code_length:64][mAP:0.64428][mAP_all:0.82188][best_mAP:0.64579]
2024-08-25 23:59:20.820 | INFO     | hashnet:train:212 - [iter:50/50][code_length:64][zs_mAP:0.55656][zs_mAP_all:0.58950]
2024-08-25 23:59:20.820 | INFO     | hashnet:train:214 - [Training time:16705.47]
2024-08-25 23:59:20.823 | INFO     | __main__:run:123 - [code_length:64][map:0.6458][map_all:0.8241][zs_map:0.5590][zs_map_all:0.5925]
