2024-08-31 09:15:08.563 | SUCCESS  | __main__:run:55 - Namespace(ZS=5, align_step=50, arch='dcdh', batch_size=16, cauchy_gamma=20.0, code_length=[16, 32, 64], data='coco', dataset='cocozs', device=device(type='cuda', index=0), epoch_change=11, flag='dcdh', gamma=200, gpu=0, info='cocozs-35-45-dcdh-08-31-16,32,64-tanh1', lambd=0.1, lambd_ch=0.1, lambd_sp=0.1, lr=0.0005, lr_step=[45], margin=0.1, max_epoch=3, max_iter=50, momen=0.9, nesterov=False, net='ResNet', num_classes=45, num_query=1000, num_samples=2000, num_workers=2, num_zs=35, optim='SGD', pretrain=True, quan_loss=False, root='/4T/dataset/coco', save_ckpt='checkpoints/', topk=5000, val_freq=5, wd=0.0005)
2024-08-31 09:15:44.497 | INFO     | DCDH:train:167 - [epoch:1/3][loss:3.689556]
2024-08-31 09:16:16.196 | INFO     | DCDH:train:167 - [epoch:2/3][loss:3.120463]
2024-08-31 09:16:45.651 | INFO     | DCDH:train:167 - [epoch:3/3][loss:2.938187]
2024-08-31 09:16:45.652 | INFO     | DCDH:train:170 - [iter:1/50][iter_time:93.01]
2024-08-31 09:17:12.026 | INFO     | DCDH:train:167 - [epoch:1/3][loss:3.163910]
2024-08-31 09:17:38.560 | INFO     | DCDH:train:167 - [epoch:2/3][loss:2.969411]
2024-08-31 09:18:05.578 | INFO     | DCDH:train:167 - [epoch:3/3][loss:2.828578]
2024-08-31 09:18:05.579 | INFO     | DCDH:train:170 - [iter:2/50][iter_time:79.93]
2024-08-31 09:18:36.794 | INFO     | DCDH:train:167 - [epoch:1/3][loss:3.091891]
2024-08-31 09:19:07.654 | INFO     | DCDH:train:167 - [epoch:2/3][loss:2.880668]
2024-08-31 09:19:36.926 | INFO     | DCDH:train:167 - [epoch:3/3][loss:2.755658]
2024-08-31 09:19:36.927 | INFO     | DCDH:train:170 - [iter:3/50][iter_time:91.35]
2024-08-31 09:20:03.300 | INFO     | DCDH:train:167 - [epoch:1/3][loss:3.037593]
2024-08-31 09:20:29.238 | INFO     | DCDH:train:167 - [epoch:2/3][loss:2.832975]
2024-08-31 09:20:56.106 | INFO     | DCDH:train:167 - [epoch:3/3][loss:2.691068]
2024-08-31 09:20:56.107 | INFO     | DCDH:train:170 - [iter:4/50][iter_time:79.18]
2024-08-31 09:21:29.642 | INFO     | DCDH:train:167 - [epoch:1/3][loss:2.980357]
2024-08-31 09:22:05.177 | INFO     | DCDH:train:167 - [epoch:2/3][loss:2.799264]
2024-08-31 09:22:37.781 | INFO     | DCDH:train:167 - [epoch:3/3][loss:2.696959]
2024-08-31 09:22:37.782 | INFO     | DCDH:train:170 - [iter:5/50][iter_time:101.68]
2024-08-31 09:30:35.407 | INFO     | DCDH:train:242 - [iter:5/50][code_length:16][mAP:0.50016][mAP_all:0.69219][best_mAP:0.50016]
2024-08-31 09:30:35.408 | INFO     | DCDH:train:243 - [iter:5/50][code_length:16][zs_mAP:0.54238][zs_mAP_all:0.49101]
2024-08-31 09:31:06.995 | INFO     | DCDH:train:167 - [epoch:1/3][loss:2.899803]
2024-08-31 09:31:38.834 | INFO     | DCDH:train:167 - [epoch:2/3][loss:2.737318]
2024-08-31 09:32:10.409 | INFO     | DCDH:train:167 - [epoch:3/3][loss:2.569767]
2024-08-31 09:32:10.410 | INFO     | DCDH:train:170 - [iter:6/50][iter_time:95.00]
2024-08-31 09:32:41.973 | INFO     | DCDH:train:167 - [epoch:1/3][loss:2.954736]
2024-08-31 09:33:12.386 | INFO     | DCDH:train:167 - [epoch:2/3][loss:2.725700]
2024-08-31 09:33:39.634 | INFO     | DCDH:train:167 - [epoch:3/3][loss:2.647565]
2024-08-31 09:33:39.635 | INFO     | DCDH:train:170 - [iter:7/50][iter_time:89.22]
2024-08-31 09:34:07.237 | INFO     | DCDH:train:167 - [epoch:1/3][loss:2.939000]
2024-08-31 09:34:34.626 | INFO     | DCDH:train:167 - [epoch:2/3][loss:2.745539]
2024-08-31 09:35:02.326 | INFO     | DCDH:train:167 - [epoch:3/3][loss:2.620053]
2024-08-31 09:35:02.327 | INFO     | DCDH:train:170 - [iter:8/50][iter_time:82.69]
2024-08-31 09:35:29.878 | INFO     | DCDH:train:167 - [epoch:1/3][loss:2.838869]
2024-08-31 09:35:57.209 | INFO     | DCDH:train:167 - [epoch:2/3][loss:2.676022]
2024-08-31 09:36:24.299 | INFO     | DCDH:train:167 - [epoch:3/3][loss:2.540548]
2024-08-31 09:36:24.300 | INFO     | DCDH:train:170 - [iter:9/50][iter_time:81.97]
2024-08-31 09:36:52.635 | INFO     | DCDH:train:167 - [epoch:1/3][loss:2.860267]
2024-08-31 09:37:23.944 | INFO     | DCDH:train:167 - [epoch:2/3][loss:2.665752]
2024-08-31 09:37:54.285 | INFO     | DCDH:train:167 - [epoch:3/3][loss:2.554100]
2024-08-31 09:37:54.285 | INFO     | DCDH:train:170 - [iter:10/50][iter_time:89.99]
2024-08-31 09:45:57.260 | INFO     | DCDH:train:242 - [iter:10/50][code_length:16][mAP:0.50023][mAP_all:0.68639][best_mAP:0.50023]
2024-08-31 09:45:57.262 | INFO     | DCDH:train:243 - [iter:10/50][code_length:16][zs_mAP:0.48001][zs_mAP_all:0.44240]
2024-08-31 09:46:29.325 | INFO     | DCDH:train:167 - [epoch:1/3][loss:2.841660]
2024-08-31 09:47:01.530 | INFO     | DCDH:train:167 - [epoch:2/3][loss:2.618264]
2024-08-31 09:47:33.489 | INFO     | DCDH:train:167 - [epoch:3/3][loss:2.535496]
2024-08-31 09:47:33.490 | INFO     | DCDH:train:170 - [iter:11/50][iter_time:96.23]
2024-08-31 09:48:05.226 | INFO     | DCDH:train:167 - [epoch:1/3][loss:2.828285]
2024-08-31 09:48:37.179 | INFO     | DCDH:train:167 - [epoch:2/3][loss:2.623625]
2024-08-31 09:49:08.321 | INFO     | DCDH:train:167 - [epoch:3/3][loss:2.499491]
2024-08-31 09:49:08.322 | INFO     | DCDH:train:170 - [iter:12/50][iter_time:94.83]
2024-08-31 09:49:36.188 | INFO     | DCDH:train:167 - [epoch:1/3][loss:2.761419]
2024-08-31 09:50:04.183 | INFO     | DCDH:train:167 - [epoch:2/3][loss:2.608778]
2024-08-31 09:50:31.740 | INFO     | DCDH:train:167 - [epoch:3/3][loss:2.460010]
2024-08-31 09:50:31.741 | INFO     | DCDH:train:170 - [iter:13/50][iter_time:83.42]
2024-08-31 09:50:59.934 | INFO     | DCDH:train:167 - [epoch:1/3][loss:2.796616]
2024-08-31 09:51:27.103 | INFO     | DCDH:train:167 - [epoch:2/3][loss:2.654603]
2024-08-31 09:51:55.246 | INFO     | DCDH:train:167 - [epoch:3/3][loss:2.506929]
2024-08-31 09:51:55.246 | INFO     | DCDH:train:170 - [iter:14/50][iter_time:83.51]
2024-08-31 09:52:23.903 | INFO     | DCDH:train:167 - [epoch:1/3][loss:2.826534]
2024-08-31 09:52:56.605 | INFO     | DCDH:train:167 - [epoch:2/3][loss:2.625142]
2024-08-31 09:53:28.757 | INFO     | DCDH:train:167 - [epoch:3/3][loss:2.487602]
2024-08-31 09:53:28.757 | INFO     | DCDH:train:170 - [iter:15/50][iter_time:93.51]
2024-08-31 10:01:33.028 | INFO     | DCDH:train:242 - [iter:15/50][code_length:16][mAP:0.52274][mAP_all:0.71637][best_mAP:0.52274]
2024-08-31 10:01:33.029 | INFO     | DCDH:train:243 - [iter:15/50][code_length:16][zs_mAP:0.53829][zs_mAP_all:0.50988]
2024-08-31 10:02:04.512 | INFO     | DCDH:train:167 - [epoch:1/3][loss:2.771036]
2024-08-31 10:02:36.150 | INFO     | DCDH:train:167 - [epoch:2/3][loss:2.583702]
2024-08-31 10:03:07.742 | INFO     | DCDH:train:167 - [epoch:3/3][loss:2.471985]
2024-08-31 10:03:07.743 | INFO     | DCDH:train:170 - [iter:16/50][iter_time:94.71]
2024-08-31 10:03:39.059 | INFO     | DCDH:train:167 - [epoch:1/3][loss:2.730583]
2024-08-31 10:04:10.378 | INFO     | DCDH:train:167 - [epoch:2/3][loss:2.601509]
2024-08-31 10:04:42.325 | INFO     | DCDH:train:167 - [epoch:3/3][loss:2.433568]
2024-08-31 10:04:42.326 | INFO     | DCDH:train:170 - [iter:17/50][iter_time:94.58]
2024-08-31 10:05:11.297 | INFO     | DCDH:train:167 - [epoch:1/3][loss:2.782290]
2024-08-31 10:05:38.761 | INFO     | DCDH:train:167 - [epoch:2/3][loss:2.573885]
2024-08-31 10:06:06.665 | INFO     | DCDH:train:167 - [epoch:3/3][loss:2.429457]
2024-08-31 10:06:06.666 | INFO     | DCDH:train:170 - [iter:18/50][iter_time:84.34]
2024-08-31 10:06:34.137 | INFO     | DCDH:train:167 - [epoch:1/3][loss:2.800096]
2024-08-31 10:07:01.844 | INFO     | DCDH:train:167 - [epoch:2/3][loss:2.592206]
2024-08-31 10:07:29.488 | INFO     | DCDH:train:167 - [epoch:3/3][loss:2.520674]
2024-08-31 10:07:29.489 | INFO     | DCDH:train:170 - [iter:19/50][iter_time:82.82]
2024-08-31 10:07:59.652 | INFO     | DCDH:train:167 - [epoch:1/3][loss:2.760119]
2024-08-31 10:08:33.842 | INFO     | DCDH:train:167 - [epoch:2/3][loss:2.583533]
2024-08-31 10:09:06.174 | INFO     | DCDH:train:167 - [epoch:3/3][loss:2.463087]
2024-08-31 10:09:06.176 | INFO     | DCDH:train:170 - [iter:20/50][iter_time:96.69]
2024-08-31 10:17:12.979 | INFO     | DCDH:train:242 - [iter:20/50][code_length:16][mAP:0.51417][mAP_all:0.70328][best_mAP:0.52274]
2024-08-31 10:17:12.980 | INFO     | DCDH:train:243 - [iter:20/50][code_length:16][zs_mAP:0.49350][zs_mAP_all:0.44751]
2024-08-31 10:17:45.668 | INFO     | DCDH:train:167 - [epoch:1/3][loss:2.747470]
2024-08-31 10:18:18.094 | INFO     | DCDH:train:167 - [epoch:2/3][loss:2.561898]
2024-08-31 10:18:49.437 | INFO     | DCDH:train:167 - [epoch:3/3][loss:2.477575]
2024-08-31 10:18:49.438 | INFO     | DCDH:train:170 - [iter:21/50][iter_time:96.46]
2024-08-31 10:19:21.438 | INFO     | DCDH:train:167 - [epoch:1/3][loss:2.665257]
2024-08-31 10:19:52.672 | INFO     | DCDH:train:167 - [epoch:2/3][loss:2.534853]
2024-08-31 10:20:25.032 | INFO     | DCDH:train:167 - [epoch:3/3][loss:2.431254]
2024-08-31 10:20:25.033 | INFO     | DCDH:train:170 - [iter:22/50][iter_time:95.59]
2024-08-31 10:20:54.778 | INFO     | DCDH:train:167 - [epoch:1/3][loss:2.767881]
2024-08-31 10:21:22.501 | INFO     | DCDH:train:167 - [epoch:2/3][loss:2.591802]
2024-08-31 10:21:50.231 | INFO     | DCDH:train:167 - [epoch:3/3][loss:2.457040]
2024-08-31 10:21:50.232 | INFO     | DCDH:train:170 - [iter:23/50][iter_time:85.20]
2024-08-31 10:22:18.631 | INFO     | DCDH:train:167 - [epoch:1/3][loss:2.712910]
2024-08-31 10:22:46.873 | INFO     | DCDH:train:167 - [epoch:2/3][loss:2.559102]
2024-08-31 10:23:14.258 | INFO     | DCDH:train:167 - [epoch:3/3][loss:2.392169]
2024-08-31 10:23:14.258 | INFO     | DCDH:train:170 - [iter:24/50][iter_time:84.03]
2024-08-31 10:23:45.890 | INFO     | DCDH:train:167 - [epoch:1/3][loss:2.691330]
2024-08-31 10:24:17.123 | INFO     | DCDH:train:167 - [epoch:2/3][loss:2.495747]
2024-08-31 10:24:49.490 | INFO     | DCDH:train:167 - [epoch:3/3][loss:2.413546]
2024-08-31 10:24:49.491 | INFO     | DCDH:train:170 - [iter:25/50][iter_time:95.23]
2024-08-31 10:32:45.394 | INFO     | DCDH:train:242 - [iter:25/50][code_length:16][mAP:0.52054][mAP_all:0.70595][best_mAP:0.52274]
2024-08-31 10:32:45.395 | INFO     | DCDH:train:243 - [iter:25/50][code_length:16][zs_mAP:0.49454][zs_mAP_all:0.45185]
2024-08-31 10:33:18.142 | INFO     | DCDH:train:167 - [epoch:1/3][loss:2.650317]
2024-08-31 10:33:50.516 | INFO     | DCDH:train:167 - [epoch:2/3][loss:2.505800]
2024-08-31 10:34:22.650 | INFO     | DCDH:train:167 - [epoch:3/3][loss:2.379309]
2024-08-31 10:34:22.650 | INFO     | DCDH:train:170 - [iter:26/50][iter_time:97.25]
2024-08-31 10:34:54.786 | INFO     | DCDH:train:167 - [epoch:1/3][loss:2.642319]
2024-08-31 10:35:26.694 | INFO     | DCDH:train:167 - [epoch:2/3][loss:2.506491]
2024-08-31 10:35:59.074 | INFO     | DCDH:train:167 - [epoch:3/3][loss:2.340603]
2024-08-31 10:35:59.075 | INFO     | DCDH:train:170 - [iter:27/50][iter_time:96.42]
2024-08-31 10:36:30.799 | INFO     | DCDH:train:167 - [epoch:1/3][loss:2.699291]
2024-08-31 10:36:58.024 | INFO     | DCDH:train:167 - [epoch:2/3][loss:2.526160]
2024-08-31 10:37:25.371 | INFO     | DCDH:train:167 - [epoch:3/3][loss:2.375039]
2024-08-31 10:37:25.372 | INFO     | DCDH:train:170 - [iter:28/50][iter_time:86.30]
2024-08-31 10:37:51.803 | INFO     | DCDH:train:167 - [epoch:1/3][loss:2.733485]
2024-08-31 10:38:18.441 | INFO     | DCDH:train:167 - [epoch:2/3][loss:2.548642]
2024-08-31 10:38:45.646 | INFO     | DCDH:train:167 - [epoch:3/3][loss:2.399958]
2024-08-31 10:38:45.647 | INFO     | DCDH:train:170 - [iter:29/50][iter_time:80.27]
2024-08-31 10:39:17.521 | INFO     | DCDH:train:167 - [epoch:1/3][loss:2.737132]
2024-08-31 10:39:48.731 | INFO     | DCDH:train:167 - [epoch:2/3][loss:2.519882]
2024-08-31 10:40:20.632 | INFO     | DCDH:train:167 - [epoch:3/3][loss:2.429728]
2024-08-31 10:40:20.634 | INFO     | DCDH:train:170 - [iter:30/50][iter_time:94.99]
2024-08-31 10:48:26.999 | INFO     | DCDH:train:242 - [iter:30/50][code_length:16][mAP:0.51171][mAP_all:0.70207][best_mAP:0.52274]
2024-08-31 10:48:27.000 | INFO     | DCDH:train:243 - [iter:30/50][code_length:16][zs_mAP:0.51598][zs_mAP_all:0.49281]
2024-08-31 10:48:59.153 | INFO     | DCDH:train:167 - [epoch:1/3][loss:2.695104]
2024-08-31 10:49:30.822 | INFO     | DCDH:train:167 - [epoch:2/3][loss:2.497016]
2024-08-31 10:50:02.813 | INFO     | DCDH:train:167 - [epoch:3/3][loss:2.365031]
2024-08-31 10:50:02.814 | INFO     | DCDH:train:170 - [iter:31/50][iter_time:95.81]
2024-08-31 10:50:35.486 | INFO     | DCDH:train:167 - [epoch:1/3][loss:2.615591]
2024-08-31 10:51:07.986 | INFO     | DCDH:train:167 - [epoch:2/3][loss:2.472491]
2024-08-31 10:51:41.038 | INFO     | DCDH:train:167 - [epoch:3/3][loss:2.345914]
2024-08-31 10:51:41.039 | INFO     | DCDH:train:170 - [iter:32/50][iter_time:98.22]
2024-08-31 10:52:14.516 | INFO     | DCDH:train:167 - [epoch:1/3][loss:2.716007]
2024-08-31 10:52:42.346 | INFO     | DCDH:train:167 - [epoch:2/3][loss:2.590705]
2024-08-31 10:53:09.920 | INFO     | DCDH:train:167 - [epoch:3/3][loss:2.488913]
2024-08-31 10:53:09.921 | INFO     | DCDH:train:170 - [iter:33/50][iter_time:88.88]
2024-08-31 10:53:36.645 | INFO     | DCDH:train:167 - [epoch:1/3][loss:2.664687]
2024-08-31 10:54:03.756 | INFO     | DCDH:train:167 - [epoch:2/3][loss:2.528271]
2024-08-31 10:54:32.560 | INFO     | DCDH:train:167 - [epoch:3/3][loss:2.394527]
2024-08-31 10:54:32.561 | INFO     | DCDH:train:170 - [iter:34/50][iter_time:82.64]
2024-08-31 10:55:03.516 | INFO     | DCDH:train:167 - [epoch:1/3][loss:2.695828]
2024-08-31 10:55:35.364 | INFO     | DCDH:train:167 - [epoch:2/3][loss:2.502588]
2024-08-31 10:56:07.062 | INFO     | DCDH:train:167 - [epoch:3/3][loss:2.403025]
2024-08-31 10:56:07.063 | INFO     | DCDH:train:170 - [iter:35/50][iter_time:94.50]
2024-08-31 11:04:08.425 | INFO     | DCDH:train:242 - [iter:35/50][code_length:16][mAP:0.51298][mAP_all:0.70482][best_mAP:0.52274]
2024-08-31 11:04:08.426 | INFO     | DCDH:train:243 - [iter:35/50][code_length:16][zs_mAP:0.50792][zs_mAP_all:0.47931]
2024-08-31 11:04:41.165 | INFO     | DCDH:train:167 - [epoch:1/3][loss:2.691382]
2024-08-31 11:05:13.759 | INFO     | DCDH:train:167 - [epoch:2/3][loss:2.447177]
2024-08-31 11:05:46.857 | INFO     | DCDH:train:167 - [epoch:3/3][loss:2.357188]
2024-08-31 11:05:46.857 | INFO     | DCDH:train:170 - [iter:36/50][iter_time:98.43]
2024-08-31 11:06:19.375 | INFO     | DCDH:train:167 - [epoch:1/3][loss:2.654273]
2024-08-31 11:06:51.162 | INFO     | DCDH:train:167 - [epoch:2/3][loss:2.487886]
2024-08-31 11:07:23.885 | INFO     | DCDH:train:167 - [epoch:3/3][loss:2.395214]
2024-08-31 11:07:23.886 | INFO     | DCDH:train:170 - [iter:37/50][iter_time:97.03]
2024-08-31 11:07:55.098 | INFO     | DCDH:train:167 - [epoch:1/3][loss:2.707502]
2024-08-31 11:08:21.916 | INFO     | DCDH:train:167 - [epoch:2/3][loss:2.493829]
2024-08-31 11:08:48.512 | INFO     | DCDH:train:167 - [epoch:3/3][loss:2.394763]
2024-08-31 11:08:48.513 | INFO     | DCDH:train:170 - [iter:38/50][iter_time:84.63]
2024-08-31 11:09:16.423 | INFO     | DCDH:train:167 - [epoch:1/3][loss:2.684957]
2024-08-31 11:09:43.132 | INFO     | DCDH:train:167 - [epoch:2/3][loss:2.490316]
2024-08-31 11:10:13.049 | INFO     | DCDH:train:167 - [epoch:3/3][loss:2.335366]
2024-08-31 11:10:13.050 | INFO     | DCDH:train:170 - [iter:39/50][iter_time:84.54]
2024-08-31 11:10:44.839 | INFO     | DCDH:train:167 - [epoch:1/3][loss:2.682523]
2024-08-31 11:11:16.503 | INFO     | DCDH:train:167 - [epoch:2/3][loss:2.517737]
2024-08-31 11:11:48.638 | INFO     | DCDH:train:167 - [epoch:3/3][loss:2.398151]
2024-08-31 11:11:48.639 | INFO     | DCDH:train:170 - [iter:40/50][iter_time:95.59]
2024-08-31 11:19:55.463 | INFO     | DCDH:train:242 - [iter:40/50][code_length:16][mAP:0.51123][mAP_all:0.69671][best_mAP:0.52274]
2024-08-31 11:19:55.465 | INFO     | DCDH:train:243 - [iter:40/50][code_length:16][zs_mAP:0.53407][zs_mAP_all:0.51023]
2024-08-31 11:20:28.852 | INFO     | DCDH:train:167 - [epoch:1/3][loss:2.613224]
2024-08-31 11:21:01.887 | INFO     | DCDH:train:167 - [epoch:2/3][loss:2.461445]
2024-08-31 11:21:34.620 | INFO     | DCDH:train:167 - [epoch:3/3][loss:2.350755]
2024-08-31 11:21:34.621 | INFO     | DCDH:train:170 - [iter:41/50][iter_time:99.16]
2024-08-31 11:22:07.161 | INFO     | DCDH:train:167 - [epoch:1/3][loss:2.653802]
2024-08-31 11:22:39.992 | INFO     | DCDH:train:167 - [epoch:2/3][loss:2.474524]
2024-08-31 11:23:11.906 | INFO     | DCDH:train:167 - [epoch:3/3][loss:2.391920]
2024-08-31 11:23:11.907 | INFO     | DCDH:train:170 - [iter:42/50][iter_time:97.29]
2024-08-31 11:23:40.277 | INFO     | DCDH:train:167 - [epoch:1/3][loss:2.674028]
2024-08-31 11:24:08.135 | INFO     | DCDH:train:167 - [epoch:2/3][loss:2.547465]
2024-08-31 11:24:35.926 | INFO     | DCDH:train:167 - [epoch:3/3][loss:2.458480]
2024-08-31 11:24:35.927 | INFO     | DCDH:train:170 - [iter:43/50][iter_time:84.02]
2024-08-31 11:25:02.792 | INFO     | DCDH:train:167 - [epoch:1/3][loss:2.658308]
2024-08-31 11:25:31.309 | INFO     | DCDH:train:167 - [epoch:2/3][loss:2.508273]
2024-08-31 11:26:05.202 | INFO     | DCDH:train:167 - [epoch:3/3][loss:2.365563]
2024-08-31 11:26:05.203 | INFO     | DCDH:train:170 - [iter:44/50][iter_time:89.28]
2024-08-31 11:26:38.596 | INFO     | DCDH:train:167 - [epoch:1/3][loss:2.628586]
2024-08-31 11:27:12.284 | INFO     | DCDH:train:167 - [epoch:2/3][loss:2.462907]
2024-08-31 11:27:45.723 | INFO     | DCDH:train:167 - [epoch:3/3][loss:2.350716]
2024-08-31 11:27:45.724 | INFO     | DCDH:train:170 - [iter:45/50][iter_time:100.52]
2024-08-31 11:35:55.152 | INFO     | DCDH:train:242 - [iter:45/50][code_length:16][mAP:0.52546][mAP_all:0.70347][best_mAP:0.52546]
2024-08-31 11:35:55.153 | INFO     | DCDH:train:243 - [iter:45/50][code_length:16][zs_mAP:0.51624][zs_mAP_all:0.47969]
2024-08-31 11:36:27.214 | INFO     | DCDH:train:167 - [epoch:1/3][loss:2.633549]
2024-08-31 11:36:59.382 | INFO     | DCDH:train:167 - [epoch:2/3][loss:2.621206]
2024-08-31 11:37:31.301 | INFO     | DCDH:train:167 - [epoch:3/3][loss:2.559481]
2024-08-31 11:37:31.302 | INFO     | DCDH:train:170 - [iter:46/50][iter_time:96.15]
2024-08-31 11:45:19.407 | INFO     | DCDH:train:242 - [iter:46/50][code_length:16][mAP:0.53190][mAP_all:0.71210][best_mAP:0.53190]
2024-08-31 11:45:19.408 | INFO     | DCDH:train:243 - [iter:46/50][code_length:16][zs_mAP:0.52351][zs_mAP_all:0.49059]
2024-08-31 11:45:47.256 | INFO     | DCDH:train:167 - [epoch:1/3][loss:2.616535]
2024-08-31 11:46:14.427 | INFO     | DCDH:train:167 - [epoch:2/3][loss:2.596062]
2024-08-31 11:46:42.544 | INFO     | DCDH:train:167 - [epoch:3/3][loss:2.597299]
2024-08-31 11:46:42.545 | INFO     | DCDH:train:170 - [iter:47/50][iter_time:83.14]
2024-08-31 11:54:28.297 | INFO     | DCDH:train:242 - [iter:47/50][code_length:16][mAP:0.53917][mAP_all:0.71341][best_mAP:0.53917]
2024-08-31 11:54:28.299 | INFO     | DCDH:train:243 - [iter:47/50][code_length:16][zs_mAP:0.52641][zs_mAP_all:0.49665]
2024-08-31 11:54:55.155 | INFO     | DCDH:train:167 - [epoch:1/3][loss:2.594814]
2024-08-31 11:55:21.667 | INFO     | DCDH:train:167 - [epoch:2/3][loss:2.590041]
2024-08-31 11:55:48.850 | INFO     | DCDH:train:167 - [epoch:3/3][loss:2.558000]
2024-08-31 11:55:48.850 | INFO     | DCDH:train:170 - [iter:48/50][iter_time:80.55]
2024-08-31 12:03:37.387 | INFO     | DCDH:train:242 - [iter:48/50][code_length:16][mAP:0.53937][mAP_all:0.71328][best_mAP:0.53937]
2024-08-31 12:03:37.388 | INFO     | DCDH:train:243 - [iter:48/50][code_length:16][zs_mAP:0.52774][zs_mAP_all:0.49959]
2024-08-31 12:04:05.557 | INFO     | DCDH:train:167 - [epoch:1/3][loss:2.618307]
2024-08-31 12:04:33.687 | INFO     | DCDH:train:167 - [epoch:2/3][loss:2.590008]
2024-08-31 12:05:01.262 | INFO     | DCDH:train:167 - [epoch:3/3][loss:2.535866]
2024-08-31 12:05:01.263 | INFO     | DCDH:train:170 - [iter:49/50][iter_time:83.87]
2024-08-31 12:12:50.314 | INFO     | DCDH:train:242 - [iter:49/50][code_length:16][mAP:0.53290][mAP_all:0.71233][best_mAP:0.53937]
2024-08-31 12:12:50.315 | INFO     | DCDH:train:243 - [iter:49/50][code_length:16][zs_mAP:0.52648][zs_mAP_all:0.49896]
2024-08-31 12:13:16.720 | INFO     | DCDH:train:167 - [epoch:1/3][loss:2.573081]
2024-08-31 12:13:43.565 | INFO     | DCDH:train:167 - [epoch:2/3][loss:2.554255]
2024-08-31 12:14:10.600 | INFO     | DCDH:train:167 - [epoch:3/3][loss:2.527597]
2024-08-31 12:14:10.601 | INFO     | DCDH:train:170 - [iter:50/50][iter_time:80.29]
2024-08-31 12:21:59.381 | INFO     | DCDH:train:242 - [iter:50/50][code_length:16][mAP:0.53673][mAP_all:0.71700][best_mAP:0.53937]
2024-08-31 12:21:59.381 | INFO     | DCDH:train:243 - [iter:50/50][code_length:16][zs_mAP:0.52539][zs_mAP_all:0.49951]
2024-08-31 12:21:59.381 | INFO     | DCDH:train:246 - [Training time:11206.74]
2024-08-31 12:21:59.384 | INFO     | __main__:run:138 - [code_length:16][map:0.5394][map_all:0.7133][zs_map:0.5277][zs_map_all:0.4996]
2024-08-31 12:22:27.191 | INFO     | DCDH:train:167 - [epoch:1/3][loss:3.501937]
2024-08-31 12:22:53.793 | INFO     | DCDH:train:167 - [epoch:2/3][loss:2.723961]
2024-08-31 12:23:20.731 | INFO     | DCDH:train:167 - [epoch:3/3][loss:2.430290]
2024-08-31 12:23:20.732 | INFO     | DCDH:train:170 - [iter:1/50][iter_time:80.66]
2024-08-31 12:23:49.582 | INFO     | DCDH:train:167 - [epoch:1/3][loss:2.856050]
2024-08-31 12:24:20.888 | INFO     | DCDH:train:167 - [epoch:2/3][loss:2.535038]
2024-08-31 12:24:52.676 | INFO     | DCDH:train:167 - [epoch:3/3][loss:2.360909]
2024-08-31 12:24:52.678 | INFO     | DCDH:train:170 - [iter:2/50][iter_time:91.95]
2024-08-31 12:25:22.520 | INFO     | DCDH:train:167 - [epoch:1/3][loss:2.773907]
2024-08-31 12:25:49.169 | INFO     | DCDH:train:167 - [epoch:2/3][loss:2.463523]
2024-08-31 12:26:15.998 | INFO     | DCDH:train:167 - [epoch:3/3][loss:2.333983]
2024-08-31 12:26:15.999 | INFO     | DCDH:train:170 - [iter:3/50][iter_time:83.32]
2024-08-31 12:26:43.461 | INFO     | DCDH:train:167 - [epoch:1/3][loss:2.761337]
2024-08-31 12:27:12.814 | INFO     | DCDH:train:167 - [epoch:2/3][loss:2.491578]
2024-08-31 12:27:44.077 | INFO     | DCDH:train:167 - [epoch:3/3][loss:2.322951]
2024-08-31 12:27:44.078 | INFO     | DCDH:train:170 - [iter:4/50][iter_time:88.08]
2024-08-31 12:28:15.343 | INFO     | DCDH:train:167 - [epoch:1/3][loss:2.681813]
2024-08-31 12:28:47.513 | INFO     | DCDH:train:167 - [epoch:2/3][loss:2.459220]
2024-08-31 12:29:19.222 | INFO     | DCDH:train:167 - [epoch:3/3][loss:2.352519]
2024-08-31 12:29:19.224 | INFO     | DCDH:train:170 - [iter:5/50][iter_time:95.15]
2024-08-31 12:37:21.508 | INFO     | DCDH:train:242 - [iter:5/50][code_length:32][mAP:0.57072][mAP_all:0.75896][best_mAP:0.57072]
2024-08-31 12:37:21.509 | INFO     | DCDH:train:243 - [iter:5/50][code_length:32][zs_mAP:0.59660][zs_mAP_all:0.58446]
2024-08-31 12:37:53.339 | INFO     | DCDH:train:167 - [epoch:1/3][loss:2.616838]
2024-08-31 12:38:26.032 | INFO     | DCDH:train:167 - [epoch:2/3][loss:2.377310]
2024-08-31 12:38:58.737 | INFO     | DCDH:train:167 - [epoch:3/3][loss:2.249220]
2024-08-31 12:38:58.738 | INFO     | DCDH:train:170 - [iter:6/50][iter_time:97.23]
2024-08-31 12:39:30.915 | INFO     | DCDH:train:167 - [epoch:1/3][loss:2.652573]
2024-08-31 12:40:03.337 | INFO     | DCDH:train:167 - [epoch:2/3][loss:2.401911]
2024-08-31 12:40:35.203 | INFO     | DCDH:train:167 - [epoch:3/3][loss:2.293158]
2024-08-31 12:40:35.204 | INFO     | DCDH:train:170 - [iter:7/50][iter_time:96.47]
2024-08-31 12:41:05.053 | INFO     | DCDH:train:167 - [epoch:1/3][loss:2.672112]
2024-08-31 12:41:32.130 | INFO     | DCDH:train:167 - [epoch:2/3][loss:2.447285]
2024-08-31 12:41:58.783 | INFO     | DCDH:train:167 - [epoch:3/3][loss:2.293242]
2024-08-31 12:41:58.784 | INFO     | DCDH:train:170 - [iter:8/50][iter_time:83.58]
2024-08-31 12:42:25.673 | INFO     | DCDH:train:167 - [epoch:1/3][loss:2.605839]
2024-08-31 12:42:55.533 | INFO     | DCDH:train:167 - [epoch:2/3][loss:2.377807]
2024-08-31 12:43:27.982 | INFO     | DCDH:train:167 - [epoch:3/3][loss:2.235381]
2024-08-31 12:43:27.983 | INFO     | DCDH:train:170 - [iter:9/50][iter_time:89.20]
2024-08-31 12:44:00.399 | INFO     | DCDH:train:167 - [epoch:1/3][loss:2.552738]
2024-08-31 12:44:32.873 | INFO     | DCDH:train:167 - [epoch:2/3][loss:2.317081]
2024-08-31 12:45:05.619 | INFO     | DCDH:train:167 - [epoch:3/3][loss:2.193108]
2024-08-31 12:45:05.619 | INFO     | DCDH:train:170 - [iter:10/50][iter_time:97.64]
2024-08-31 12:53:11.784 | INFO     | DCDH:train:242 - [iter:10/50][code_length:32][mAP:0.57829][mAP_all:0.76040][best_mAP:0.57829]
2024-08-31 12:53:11.785 | INFO     | DCDH:train:243 - [iter:10/50][code_length:32][zs_mAP:0.59214][zs_mAP_all:0.60907]
2024-08-31 12:53:43.852 | INFO     | DCDH:train:167 - [epoch:1/3][loss:2.465516]
2024-08-31 12:54:16.482 | INFO     | DCDH:train:167 - [epoch:2/3][loss:2.249017]
2024-08-31 12:54:48.047 | INFO     | DCDH:train:167 - [epoch:3/3][loss:2.135914]
2024-08-31 12:54:48.048 | INFO     | DCDH:train:170 - [iter:11/50][iter_time:96.26]
2024-08-31 12:55:20.216 | INFO     | DCDH:train:167 - [epoch:1/3][loss:2.470584]
2024-08-31 12:55:52.996 | INFO     | DCDH:train:167 - [epoch:2/3][loss:2.246654]
2024-08-31 12:56:26.853 | INFO     | DCDH:train:167 - [epoch:3/3][loss:2.159984]
2024-08-31 12:56:26.855 | INFO     | DCDH:train:170 - [iter:12/50][iter_time:98.81]
2024-08-31 12:56:54.900 | INFO     | DCDH:train:167 - [epoch:1/3][loss:2.496142]
2024-08-31 12:57:22.224 | INFO     | DCDH:train:167 - [epoch:2/3][loss:2.283880]
2024-08-31 12:57:48.994 | INFO     | DCDH:train:167 - [epoch:3/3][loss:2.130986]
2024-08-31 12:57:48.995 | INFO     | DCDH:train:170 - [iter:13/50][iter_time:82.14]
2024-08-31 12:58:16.141 | INFO     | DCDH:train:167 - [epoch:1/3][loss:2.502023]
2024-08-31 12:58:46.907 | INFO     | DCDH:train:167 - [epoch:2/3][loss:2.288601]
2024-08-31 12:59:17.708 | INFO     | DCDH:train:167 - [epoch:3/3][loss:2.241784]
2024-08-31 12:59:17.709 | INFO     | DCDH:train:170 - [iter:14/50][iter_time:88.71]
2024-08-31 12:59:48.873 | INFO     | DCDH:train:167 - [epoch:1/3][loss:2.544705]
2024-08-31 13:00:21.264 | INFO     | DCDH:train:167 - [epoch:2/3][loss:2.303671]
2024-08-31 13:00:53.727 | INFO     | DCDH:train:167 - [epoch:3/3][loss:2.195967]
2024-08-31 13:00:53.728 | INFO     | DCDH:train:170 - [iter:15/50][iter_time:96.02]
2024-08-31 13:08:53.212 | INFO     | DCDH:train:242 - [iter:15/50][code_length:32][mAP:0.57626][mAP_all:0.76102][best_mAP:0.57829]
2024-08-31 13:08:53.212 | INFO     | DCDH:train:243 - [iter:15/50][code_length:32][zs_mAP:0.59062][zs_mAP_all:0.61157]
2024-08-31 13:09:26.381 | INFO     | DCDH:train:167 - [epoch:1/3][loss:2.464053]
2024-08-31 13:09:58.283 | INFO     | DCDH:train:167 - [epoch:2/3][loss:2.246351]
2024-08-31 13:10:31.635 | INFO     | DCDH:train:167 - [epoch:3/3][loss:2.141344]
2024-08-31 13:10:31.635 | INFO     | DCDH:train:170 - [iter:16/50][iter_time:98.42]
2024-08-31 13:11:05.151 | INFO     | DCDH:train:167 - [epoch:1/3][loss:2.500200]
2024-08-31 13:11:37.291 | INFO     | DCDH:train:167 - [epoch:2/3][loss:2.263553]
2024-08-31 13:12:09.465 | INFO     | DCDH:train:167 - [epoch:3/3][loss:2.174777]
2024-08-31 13:12:09.466 | INFO     | DCDH:train:170 - [iter:17/50][iter_time:97.83]
2024-08-31 13:12:37.261 | INFO     | DCDH:train:167 - [epoch:1/3][loss:2.603783]
2024-08-31 13:13:04.550 | INFO     | DCDH:train:167 - [epoch:2/3][loss:2.303444]
2024-08-31 13:13:32.021 | INFO     | DCDH:train:167 - [epoch:3/3][loss:2.199542]
2024-08-31 13:13:32.021 | INFO     | DCDH:train:170 - [iter:18/50][iter_time:82.56]
2024-08-31 13:13:59.326 | INFO     | DCDH:train:167 - [epoch:1/3][loss:2.479156]
2024-08-31 13:14:29.367 | INFO     | DCDH:train:167 - [epoch:2/3][loss:2.307182]
2024-08-31 13:15:01.125 | INFO     | DCDH:train:167 - [epoch:3/3][loss:2.183825]
2024-08-31 13:15:01.126 | INFO     | DCDH:train:170 - [iter:19/50][iter_time:89.10]
2024-08-31 13:15:32.239 | INFO     | DCDH:train:167 - [epoch:1/3][loss:2.399495]
2024-08-31 13:16:04.518 | INFO     | DCDH:train:167 - [epoch:2/3][loss:2.248109]
2024-08-31 13:16:36.556 | INFO     | DCDH:train:167 - [epoch:3/3][loss:2.108039]
2024-08-31 13:16:36.556 | INFO     | DCDH:train:170 - [iter:20/50][iter_time:95.43]
2024-08-31 13:24:40.628 | INFO     | DCDH:train:242 - [iter:20/50][code_length:32][mAP:0.58390][mAP_all:0.76626][best_mAP:0.58390]
2024-08-31 13:24:40.629 | INFO     | DCDH:train:243 - [iter:20/50][code_length:32][zs_mAP:0.60332][zs_mAP_all:0.61448]
2024-08-31 13:25:13.280 | INFO     | DCDH:train:167 - [epoch:1/3][loss:2.438137]
2024-08-31 13:25:45.709 | INFO     | DCDH:train:167 - [epoch:2/3][loss:2.200448]
2024-08-31 13:26:18.732 | INFO     | DCDH:train:167 - [epoch:3/3][loss:2.050993]
2024-08-31 13:26:18.733 | INFO     | DCDH:train:170 - [iter:21/50][iter_time:98.10]
2024-08-31 13:26:51.288 | INFO     | DCDH:train:167 - [epoch:1/3][loss:2.500113]
2024-08-31 13:27:23.877 | INFO     | DCDH:train:167 - [epoch:2/3][loss:2.324090]
2024-08-31 13:27:55.313 | INFO     | DCDH:train:167 - [epoch:3/3][loss:2.191123]
2024-08-31 13:27:55.314 | INFO     | DCDH:train:170 - [iter:22/50][iter_time:96.58]
2024-08-31 13:28:22.701 | INFO     | DCDH:train:167 - [epoch:1/3][loss:2.430780]
2024-08-31 13:28:50.274 | INFO     | DCDH:train:167 - [epoch:2/3][loss:2.218801]
2024-08-31 13:29:16.981 | INFO     | DCDH:train:167 - [epoch:3/3][loss:2.103216]
2024-08-31 13:29:16.982 | INFO     | DCDH:train:170 - [iter:23/50][iter_time:81.67]
2024-08-31 13:29:44.008 | INFO     | DCDH:train:167 - [epoch:1/3][loss:2.418446]
2024-08-31 13:30:14.482 | INFO     | DCDH:train:167 - [epoch:2/3][loss:2.255217]
2024-08-31 13:30:46.288 | INFO     | DCDH:train:167 - [epoch:3/3][loss:2.110918]
2024-08-31 13:30:46.289 | INFO     | DCDH:train:170 - [iter:24/50][iter_time:89.31]
2024-08-31 13:31:17.824 | INFO     | DCDH:train:167 - [epoch:1/3][loss:2.380328]
2024-08-31 13:31:49.341 | INFO     | DCDH:train:167 - [epoch:2/3][loss:2.206997]
2024-08-31 13:32:22.301 | INFO     | DCDH:train:167 - [epoch:3/3][loss:2.018361]
2024-08-31 13:32:22.302 | INFO     | DCDH:train:170 - [iter:25/50][iter_time:96.01]
2024-08-31 13:40:22.527 | INFO     | DCDH:train:242 - [iter:25/50][code_length:32][mAP:0.58773][mAP_all:0.76362][best_mAP:0.58773]
2024-08-31 13:40:22.528 | INFO     | DCDH:train:243 - [iter:25/50][code_length:32][zs_mAP:0.59590][zs_mAP_all:0.61046]
2024-08-31 13:40:55.060 | INFO     | DCDH:train:167 - [epoch:1/3][loss:2.451924]
2024-08-31 13:41:27.688 | INFO     | DCDH:train:167 - [epoch:2/3][loss:2.264229]
2024-08-31 13:42:02.315 | INFO     | DCDH:train:167 - [epoch:3/3][loss:2.121686]
2024-08-31 13:42:02.316 | INFO     | DCDH:train:170 - [iter:26/50][iter_time:99.79]
2024-08-31 13:42:36.461 | INFO     | DCDH:train:167 - [epoch:1/3][loss:2.445594]
2024-08-31 13:43:08.475 | INFO     | DCDH:train:167 - [epoch:2/3][loss:2.181582]
2024-08-31 13:43:40.599 | INFO     | DCDH:train:167 - [epoch:3/3][loss:2.069781]
2024-08-31 13:43:40.600 | INFO     | DCDH:train:170 - [iter:27/50][iter_time:98.28]
2024-08-31 13:44:08.184 | INFO     | DCDH:train:167 - [epoch:1/3][loss:2.436144]
2024-08-31 13:44:34.910 | INFO     | DCDH:train:167 - [epoch:2/3][loss:2.206222]
2024-08-31 13:45:02.684 | INFO     | DCDH:train:167 - [epoch:3/3][loss:2.106218]
2024-08-31 13:45:02.684 | INFO     | DCDH:train:170 - [iter:28/50][iter_time:82.08]
2024-08-31 13:45:31.091 | INFO     | DCDH:train:167 - [epoch:1/3][loss:2.448916]
2024-08-31 13:46:02.206 | INFO     | DCDH:train:167 - [epoch:2/3][loss:2.271921]
2024-08-31 13:46:34.234 | INFO     | DCDH:train:167 - [epoch:3/3][loss:2.141085]
2024-08-31 13:46:34.234 | INFO     | DCDH:train:170 - [iter:29/50][iter_time:91.55]
2024-08-31 13:47:06.081 | INFO     | DCDH:train:167 - [epoch:1/3][loss:2.348194]
2024-08-31 13:47:37.934 | INFO     | DCDH:train:167 - [epoch:2/3][loss:2.171619]
2024-08-31 13:48:09.952 | INFO     | DCDH:train:167 - [epoch:3/3][loss:2.062245]
2024-08-31 13:48:09.953 | INFO     | DCDH:train:170 - [iter:30/50][iter_time:95.72]
2024-08-31 13:56:08.181 | INFO     | DCDH:train:242 - [iter:30/50][code_length:32][mAP:0.58844][mAP_all:0.76903][best_mAP:0.58844]
2024-08-31 13:56:08.182 | INFO     | DCDH:train:243 - [iter:30/50][code_length:32][zs_mAP:0.58438][zs_mAP_all:0.58776]
2024-08-31 13:56:40.315 | INFO     | DCDH:train:167 - [epoch:1/3][loss:2.389048]
2024-08-31 13:57:12.318 | INFO     | DCDH:train:167 - [epoch:2/3][loss:2.208560]
2024-08-31 13:57:48.038 | INFO     | DCDH:train:167 - [epoch:3/3][loss:2.065745]
2024-08-31 13:57:48.039 | INFO     | DCDH:train:170 - [iter:31/50][iter_time:99.86]
2024-08-31 13:58:20.580 | INFO     | DCDH:train:167 - [epoch:1/3][loss:2.398001]
2024-08-31 13:58:52.669 | INFO     | DCDH:train:167 - [epoch:2/3][loss:2.220538]
2024-08-31 13:59:22.744 | INFO     | DCDH:train:167 - [epoch:3/3][loss:2.071137]
2024-08-31 13:59:22.745 | INFO     | DCDH:train:170 - [iter:32/50][iter_time:94.71]
2024-08-31 13:59:51.409 | INFO     | DCDH:train:167 - [epoch:1/3][loss:2.367319]
2024-08-31 14:00:19.376 | INFO     | DCDH:train:167 - [epoch:2/3][loss:2.184521]
2024-08-31 14:00:46.914 | INFO     | DCDH:train:167 - [epoch:3/3][loss:2.105601]
2024-08-31 14:00:46.915 | INFO     | DCDH:train:170 - [iter:33/50][iter_time:84.17]
2024-08-31 14:01:14.832 | INFO     | DCDH:train:167 - [epoch:1/3][loss:2.381531]
2024-08-31 14:01:46.614 | INFO     | DCDH:train:167 - [epoch:2/3][loss:2.204213]
2024-08-31 14:02:18.601 | INFO     | DCDH:train:167 - [epoch:3/3][loss:2.041903]
2024-08-31 14:02:18.602 | INFO     | DCDH:train:170 - [iter:34/50][iter_time:91.69]
2024-08-31 14:02:50.303 | INFO     | DCDH:train:167 - [epoch:1/3][loss:2.352766]
2024-08-31 14:03:22.446 | INFO     | DCDH:train:167 - [epoch:2/3][loss:2.168041]
2024-08-31 14:03:53.679 | INFO     | DCDH:train:167 - [epoch:3/3][loss:2.048141]
2024-08-31 14:03:53.680 | INFO     | DCDH:train:170 - [iter:35/50][iter_time:95.08]
2024-08-31 14:11:57.449 | INFO     | DCDH:train:242 - [iter:35/50][code_length:32][mAP:0.59283][mAP_all:0.76633][best_mAP:0.59283]
2024-08-31 14:11:57.449 | INFO     | DCDH:train:243 - [iter:35/50][code_length:32][zs_mAP:0.56633][zs_mAP_all:0.56897]
2024-08-31 14:12:30.753 | INFO     | DCDH:train:167 - [epoch:1/3][loss:2.344251]
2024-08-31 14:13:03.475 | INFO     | DCDH:train:167 - [epoch:2/3][loss:2.209651]
2024-08-31 14:13:37.311 | INFO     | DCDH:train:167 - [epoch:3/3][loss:2.063108]
2024-08-31 14:13:37.311 | INFO     | DCDH:train:170 - [iter:36/50][iter_time:99.86]
2024-08-31 14:14:11.165 | INFO     | DCDH:train:167 - [epoch:1/3][loss:2.390132]
2024-08-31 14:14:43.423 | INFO     | DCDH:train:167 - [epoch:2/3][loss:2.185938]
2024-08-31 14:15:10.616 | INFO     | DCDH:train:167 - [epoch:3/3][loss:2.085728]
2024-08-31 14:15:10.617 | INFO     | DCDH:train:170 - [iter:37/50][iter_time:93.31]
2024-08-31 14:15:36.974 | INFO     | DCDH:train:167 - [epoch:1/3][loss:2.394224]
2024-08-31 14:16:03.509 | INFO     | DCDH:train:167 - [epoch:2/3][loss:2.222620]
2024-08-31 14:16:31.631 | INFO     | DCDH:train:167 - [epoch:3/3][loss:2.015155]
2024-08-31 14:16:31.632 | INFO     | DCDH:train:170 - [iter:38/50][iter_time:81.01]
2024-08-31 14:17:01.094 | INFO     | DCDH:train:167 - [epoch:1/3][loss:2.293726]
2024-08-31 14:17:32.802 | INFO     | DCDH:train:167 - [epoch:2/3][loss:2.161318]
2024-08-31 14:18:04.813 | INFO     | DCDH:train:167 - [epoch:3/3][loss:2.004769]
2024-08-31 14:18:04.814 | INFO     | DCDH:train:170 - [iter:39/50][iter_time:93.18]
2024-08-31 14:18:36.819 | INFO     | DCDH:train:167 - [epoch:1/3][loss:2.364371]
2024-08-31 14:19:08.539 | INFO     | DCDH:train:167 - [epoch:2/3][loss:2.151772]
2024-08-31 14:19:40.603 | INFO     | DCDH:train:167 - [epoch:3/3][loss:1.959993]
2024-08-31 14:19:40.604 | INFO     | DCDH:train:170 - [iter:40/50][iter_time:95.79]
2024-08-31 14:27:43.858 | INFO     | DCDH:train:242 - [iter:40/50][code_length:32][mAP:0.59609][mAP_all:0.76099][best_mAP:0.59609]
2024-08-31 14:27:43.859 | INFO     | DCDH:train:243 - [iter:40/50][code_length:32][zs_mAP:0.56575][zs_mAP_all:0.56498]
2024-08-31 14:28:16.391 | INFO     | DCDH:train:167 - [epoch:1/3][loss:2.444786]
2024-08-31 14:28:48.924 | INFO     | DCDH:train:167 - [epoch:2/3][loss:2.159579]
2024-08-31 14:29:21.460 | INFO     | DCDH:train:167 - [epoch:3/3][loss:2.073638]
2024-08-31 14:29:21.461 | INFO     | DCDH:train:170 - [iter:41/50][iter_time:97.60]
2024-08-31 14:29:54.660 | INFO     | DCDH:train:167 - [epoch:1/3][loss:2.355665]
2024-08-31 14:30:26.051 | INFO     | DCDH:train:167 - [epoch:2/3][loss:2.194379]
2024-08-31 14:30:54.675 | INFO     | DCDH:train:167 - [epoch:3/3][loss:2.019900]
2024-08-31 14:30:54.676 | INFO     | DCDH:train:170 - [iter:42/50][iter_time:93.22]
2024-08-31 14:31:22.780 | INFO     | DCDH:train:167 - [epoch:1/3][loss:2.356164]
2024-08-31 14:31:49.874 | INFO     | DCDH:train:167 - [epoch:2/3][loss:2.096128]
2024-08-31 14:32:16.695 | INFO     | DCDH:train:167 - [epoch:3/3][loss:1.982351]
2024-08-31 14:32:16.696 | INFO     | DCDH:train:170 - [iter:43/50][iter_time:82.02]
2024-08-31 14:32:47.198 | INFO     | DCDH:train:167 - [epoch:1/3][loss:2.278820]
2024-08-31 14:33:19.506 | INFO     | DCDH:train:167 - [epoch:2/3][loss:2.116763]
2024-08-31 14:33:51.559 | INFO     | DCDH:train:167 - [epoch:3/3][loss:1.992749]
2024-08-31 14:33:51.560 | INFO     | DCDH:train:170 - [iter:44/50][iter_time:94.86]
2024-08-31 14:34:23.648 | INFO     | DCDH:train:167 - [epoch:1/3][loss:2.296725]
2024-08-31 14:34:54.849 | INFO     | DCDH:train:167 - [epoch:2/3][loss:2.124959]
2024-08-31 14:35:26.095 | INFO     | DCDH:train:167 - [epoch:3/3][loss:2.042812]
2024-08-31 14:35:26.096 | INFO     | DCDH:train:170 - [iter:45/50][iter_time:94.54]
2024-08-31 14:43:22.228 | INFO     | DCDH:train:242 - [iter:45/50][code_length:32][mAP:0.58901][mAP_all:0.76450][best_mAP:0.59609]
2024-08-31 14:43:22.229 | INFO     | DCDH:train:243 - [iter:45/50][code_length:32][zs_mAP:0.58430][zs_mAP_all:0.57987]
2024-08-31 14:43:54.250 | INFO     | DCDH:train:167 - [epoch:1/3][loss:2.343800]
2024-08-31 14:44:26.545 | INFO     | DCDH:train:167 - [epoch:2/3][loss:2.265185]
2024-08-31 14:44:58.173 | INFO     | DCDH:train:167 - [epoch:3/3][loss:2.224621]
2024-08-31 14:44:58.174 | INFO     | DCDH:train:170 - [iter:46/50][iter_time:95.95]
2024-08-31 14:52:38.179 | INFO     | DCDH:train:242 - [iter:46/50][code_length:32][mAP:0.59632][mAP_all:0.77025][best_mAP:0.59632]
2024-08-31 14:52:38.181 | INFO     | DCDH:train:243 - [iter:46/50][code_length:32][zs_mAP:0.59132][zs_mAP_all:0.59025]
2024-08-31 14:53:06.499 | INFO     | DCDH:train:167 - [epoch:1/3][loss:2.279890]
2024-08-31 14:53:37.221 | INFO     | DCDH:train:167 - [epoch:2/3][loss:2.247919]
2024-08-31 14:54:09.793 | INFO     | DCDH:train:167 - [epoch:3/3][loss:2.181693]
2024-08-31 14:54:09.794 | INFO     | DCDH:train:170 - [iter:47/50][iter_time:91.61]
2024-08-31 15:01:52.016 | INFO     | DCDH:train:242 - [iter:47/50][code_length:32][mAP:0.59841][mAP_all:0.77456][best_mAP:0.59841]
2024-08-31 15:01:52.017 | INFO     | DCDH:train:243 - [iter:47/50][code_length:32][zs_mAP:0.58779][zs_mAP_all:0.58763]
2024-08-31 15:02:19.498 | INFO     | DCDH:train:167 - [epoch:1/3][loss:2.324270]
2024-08-31 15:02:51.583 | INFO     | DCDH:train:167 - [epoch:2/3][loss:2.169124]
2024-08-31 15:03:24.192 | INFO     | DCDH:train:167 - [epoch:3/3][loss:2.166762]
2024-08-31 15:03:24.193 | INFO     | DCDH:train:170 - [iter:48/50][iter_time:92.18]
2024-08-31 15:11:05.270 | INFO     | DCDH:train:242 - [iter:48/50][code_length:32][mAP:0.60297][mAP_all:0.77642][best_mAP:0.60297]
2024-08-31 15:11:05.271 | INFO     | DCDH:train:243 - [iter:48/50][code_length:32][zs_mAP:0.60156][zs_mAP_all:0.60319]
2024-08-31 15:11:32.111 | INFO     | DCDH:train:167 - [epoch:1/3][loss:2.244158]
2024-08-31 15:12:03.830 | INFO     | DCDH:train:167 - [epoch:2/3][loss:2.218025]
2024-08-31 15:12:36.878 | INFO     | DCDH:train:167 - [epoch:3/3][loss:2.186202]
2024-08-31 15:12:36.878 | INFO     | DCDH:train:170 - [iter:49/50][iter_time:91.61]
2024-08-31 15:20:18.035 | INFO     | DCDH:train:242 - [iter:49/50][code_length:32][mAP:0.60706][mAP_all:0.77893][best_mAP:0.60706]
2024-08-31 15:20:18.036 | INFO     | DCDH:train:243 - [iter:49/50][code_length:32][zs_mAP:0.60371][zs_mAP_all:0.60596]
2024-08-31 15:20:45.655 | INFO     | DCDH:train:167 - [epoch:1/3][loss:2.253578]
2024-08-31 15:21:17.047 | INFO     | DCDH:train:167 - [epoch:2/3][loss:2.267477]
2024-08-31 15:21:49.214 | INFO     | DCDH:train:167 - [epoch:3/3][loss:2.200504]
2024-08-31 15:21:49.215 | INFO     | DCDH:train:170 - [iter:50/50][iter_time:91.18]
2024-08-31 15:29:33.681 | INFO     | DCDH:train:242 - [iter:50/50][code_length:32][mAP:0.60725][mAP_all:0.77712][best_mAP:0.60725]
2024-08-31 15:29:33.682 | INFO     | DCDH:train:243 - [iter:50/50][code_length:32][zs_mAP:0.60805][zs_mAP_all:0.61195]
2024-08-31 15:29:33.683 | INFO     | DCDH:train:246 - [Training time:11253.61]
2024-08-31 15:29:33.686 | INFO     | __main__:run:138 - [code_length:32][map:0.6072][map_all:0.7771][zs_map:0.6080][zs_map_all:0.6120]
2024-08-31 15:30:02.166 | INFO     | DCDH:train:167 - [epoch:1/3][loss:4.102042]
2024-08-31 15:30:32.992 | INFO     | DCDH:train:167 - [epoch:2/3][loss:2.804497]
2024-08-31 15:31:06.920 | INFO     | DCDH:train:167 - [epoch:3/3][loss:2.478535]
2024-08-31 15:31:06.921 | INFO     | DCDH:train:170 - [iter:1/50][iter_time:92.61]
2024-08-31 15:31:40.230 | INFO     | DCDH:train:167 - [epoch:1/3][loss:3.214111]
2024-08-31 15:32:09.320 | INFO     | DCDH:train:167 - [epoch:2/3][loss:2.693963]
2024-08-31 15:32:36.612 | INFO     | DCDH:train:167 - [epoch:3/3][loss:2.500792]
2024-08-31 15:32:36.613 | INFO     | DCDH:train:170 - [iter:2/50][iter_time:89.69]
2024-08-31 15:33:04.097 | INFO     | DCDH:train:167 - [epoch:1/3][loss:3.126152]
2024-08-31 15:33:31.550 | INFO     | DCDH:train:167 - [epoch:2/3][loss:2.687256]
2024-08-31 15:33:58.329 | INFO     | DCDH:train:167 - [epoch:3/3][loss:2.474657]
2024-08-31 15:33:58.330 | INFO     | DCDH:train:170 - [iter:3/50][iter_time:81.72]
2024-08-31 15:34:25.251 | INFO     | DCDH:train:167 - [epoch:1/3][loss:2.903104]
2024-08-31 15:34:56.590 | INFO     | DCDH:train:167 - [epoch:2/3][loss:2.539056]
2024-08-31 15:35:28.441 | INFO     | DCDH:train:167 - [epoch:3/3][loss:2.356021]
2024-08-31 15:35:28.442 | INFO     | DCDH:train:170 - [iter:4/50][iter_time:90.11]
2024-08-31 15:36:00.454 | INFO     | DCDH:train:167 - [epoch:1/3][loss:2.889625]
2024-08-31 15:36:31.696 | INFO     | DCDH:train:167 - [epoch:2/3][loss:2.540133]
2024-08-31 15:37:02.994 | INFO     | DCDH:train:167 - [epoch:3/3][loss:2.336007]
2024-08-31 15:37:02.995 | INFO     | DCDH:train:170 - [iter:5/50][iter_time:94.55]
2024-08-31 15:45:15.064 | INFO     | DCDH:train:242 - [iter:5/50][code_length:64][mAP:0.55461][mAP_all:0.75809][best_mAP:0.55461]
2024-08-31 15:45:15.064 | INFO     | DCDH:train:243 - [iter:5/50][code_length:64][zs_mAP:0.59805][zs_mAP_all:0.60016]
2024-08-31 15:45:47.424 | INFO     | DCDH:train:167 - [epoch:1/3][loss:2.779267]
2024-08-31 15:46:20.417 | INFO     | DCDH:train:167 - [epoch:2/3][loss:2.469469]
2024-08-31 15:46:55.607 | INFO     | DCDH:train:167 - [epoch:3/3][loss:2.322876]
2024-08-31 15:46:55.608 | INFO     | DCDH:train:170 - [iter:6/50][iter_time:100.54]
2024-08-31 15:47:27.505 | INFO     | DCDH:train:167 - [epoch:1/3][loss:2.719988]
2024-08-31 15:47:54.832 | INFO     | DCDH:train:167 - [epoch:2/3][loss:2.476311]
2024-08-31 15:48:22.463 | INFO     | DCDH:train:167 - [epoch:3/3][loss:2.297433]
2024-08-31 15:48:22.465 | INFO     | DCDH:train:170 - [iter:7/50][iter_time:86.86]
2024-08-31 15:48:50.168 | INFO     | DCDH:train:167 - [epoch:1/3][loss:2.711979]
2024-08-31 15:49:17.915 | INFO     | DCDH:train:167 - [epoch:2/3][loss:2.497707]
2024-08-31 15:49:45.341 | INFO     | DCDH:train:167 - [epoch:3/3][loss:2.318787]
2024-08-31 15:49:45.342 | INFO     | DCDH:train:170 - [iter:8/50][iter_time:82.88]
2024-08-31 15:50:12.443 | INFO     | DCDH:train:167 - [epoch:1/3][loss:2.740257]
2024-08-31 15:50:44.129 | INFO     | DCDH:train:167 - [epoch:2/3][loss:2.466420]
2024-08-31 15:51:16.341 | INFO     | DCDH:train:167 - [epoch:3/3][loss:2.300053]
2024-08-31 15:51:16.342 | INFO     | DCDH:train:170 - [iter:9/50][iter_time:91.00]
2024-08-31 15:51:48.312 | INFO     | DCDH:train:167 - [epoch:1/3][loss:2.678588]
2024-08-31 15:52:19.827 | INFO     | DCDH:train:167 - [epoch:2/3][loss:2.476011]
2024-08-31 15:52:51.861 | INFO     | DCDH:train:167 - [epoch:3/3][loss:2.264735]
2024-08-31 15:52:51.863 | INFO     | DCDH:train:170 - [iter:10/50][iter_time:95.52]
2024-08-31 16:00:55.919 | INFO     | DCDH:train:242 - [iter:10/50][code_length:64][mAP:0.56218][mAP_all:0.75847][best_mAP:0.56218]
2024-08-31 16:00:55.920 | INFO     | DCDH:train:243 - [iter:10/50][code_length:64][zs_mAP:0.59531][zs_mAP_all:0.61177]
2024-08-31 16:01:30.623 | INFO     | DCDH:train:167 - [epoch:1/3][loss:2.694210]
2024-08-31 16:02:03.582 | INFO     | DCDH:train:167 - [epoch:2/3][loss:2.447579]
2024-08-31 16:02:36.392 | INFO     | DCDH:train:167 - [epoch:3/3][loss:2.244491]
2024-08-31 16:02:36.393 | INFO     | DCDH:train:170 - [iter:11/50][iter_time:100.47]
2024-08-31 16:03:08.921 | INFO     | DCDH:train:167 - [epoch:1/3][loss:2.524234]
2024-08-31 16:03:36.176 | INFO     | DCDH:train:167 - [epoch:2/3][loss:2.293577]
2024-08-31 16:04:03.364 | INFO     | DCDH:train:167 - [epoch:3/3][loss:2.150819]
2024-08-31 16:04:03.365 | INFO     | DCDH:train:170 - [iter:12/50][iter_time:86.97]
2024-08-31 16:04:30.477 | INFO     | DCDH:train:167 - [epoch:1/3][loss:2.615996]
2024-08-31 16:04:58.132 | INFO     | DCDH:train:167 - [epoch:2/3][loss:2.376121]
2024-08-31 16:05:23.951 | INFO     | DCDH:train:167 - [epoch:3/3][loss:2.213918]
2024-08-31 16:05:23.951 | INFO     | DCDH:train:170 - [iter:13/50][iter_time:80.59]
2024-08-31 16:05:51.336 | INFO     | DCDH:train:167 - [epoch:1/3][loss:2.592517]
2024-08-31 16:06:22.096 | INFO     | DCDH:train:167 - [epoch:2/3][loss:2.245588]
2024-08-31 16:06:53.939 | INFO     | DCDH:train:167 - [epoch:3/3][loss:2.104848]
2024-08-31 16:06:53.940 | INFO     | DCDH:train:170 - [iter:14/50][iter_time:89.99]
2024-08-31 16:07:25.398 | INFO     | DCDH:train:167 - [epoch:1/3][loss:2.589199]
2024-08-31 16:07:56.997 | INFO     | DCDH:train:167 - [epoch:2/3][loss:2.387560]
2024-08-31 16:08:28.159 | INFO     | DCDH:train:167 - [epoch:3/3][loss:2.192035]
2024-08-31 16:08:28.160 | INFO     | DCDH:train:170 - [iter:15/50][iter_time:94.22]
2024-08-31 16:16:37.470 | INFO     | DCDH:train:242 - [iter:15/50][code_length:64][mAP:0.55457][mAP_all:0.76615][best_mAP:0.56218]
2024-08-31 16:16:37.471 | INFO     | DCDH:train:243 - [iter:15/50][code_length:64][zs_mAP:0.58276][zs_mAP_all:0.60246]
2024-08-31 16:17:10.218 | INFO     | DCDH:train:167 - [epoch:1/3][loss:2.544434]
2024-08-31 16:17:42.770 | INFO     | DCDH:train:167 - [epoch:2/3][loss:2.336756]
2024-08-31 16:18:15.197 | INFO     | DCDH:train:167 - [epoch:3/3][loss:2.159944]
2024-08-31 16:18:15.198 | INFO     | DCDH:train:170 - [iter:16/50][iter_time:97.73]
2024-08-31 16:18:47.471 | INFO     | DCDH:train:167 - [epoch:1/3][loss:2.572861]
2024-08-31 16:19:14.959 | INFO     | DCDH:train:167 - [epoch:2/3][loss:2.358461]
2024-08-31 16:19:42.635 | INFO     | DCDH:train:167 - [epoch:3/3][loss:2.224224]
2024-08-31 16:19:42.636 | INFO     | DCDH:train:170 - [iter:17/50][iter_time:87.44]
2024-08-31 16:20:09.431 | INFO     | DCDH:train:167 - [epoch:1/3][loss:2.575081]
2024-08-31 16:20:36.421 | INFO     | DCDH:train:167 - [epoch:2/3][loss:2.375718]
2024-08-31 16:21:03.015 | INFO     | DCDH:train:167 - [epoch:3/3][loss:2.240444]
2024-08-31 16:21:03.016 | INFO     | DCDH:train:170 - [iter:18/50][iter_time:80.38]
2024-08-31 16:21:29.668 | INFO     | DCDH:train:167 - [epoch:1/3][loss:2.535550]
2024-08-31 16:21:59.581 | INFO     | DCDH:train:167 - [epoch:2/3][loss:2.231014]
2024-08-31 16:22:31.290 | INFO     | DCDH:train:167 - [epoch:3/3][loss:2.092252]
2024-08-31 16:22:31.291 | INFO     | DCDH:train:170 - [iter:19/50][iter_time:88.27]
2024-08-31 16:23:02.724 | INFO     | DCDH:train:167 - [epoch:1/3][loss:2.556762]
2024-08-31 16:23:34.061 | INFO     | DCDH:train:167 - [epoch:2/3][loss:2.357999]
2024-08-31 16:24:05.017 | INFO     | DCDH:train:167 - [epoch:3/3][loss:2.214879]
2024-08-31 16:24:05.018 | INFO     | DCDH:train:170 - [iter:20/50][iter_time:93.73]
2024-08-31 16:32:16.176 | INFO     | DCDH:train:242 - [iter:20/50][code_length:64][mAP:0.57020][mAP_all:0.76573][best_mAP:0.57020]
2024-08-31 16:32:16.177 | INFO     | DCDH:train:243 - [iter:20/50][code_length:64][zs_mAP:0.57973][zs_mAP_all:0.60348]
2024-08-31 16:32:48.124 | INFO     | DCDH:train:167 - [epoch:1/3][loss:2.448027]
2024-08-31 16:33:20.843 | INFO     | DCDH:train:167 - [epoch:2/3][loss:2.250056]
2024-08-31 16:33:54.826 | INFO     | DCDH:train:167 - [epoch:3/3][loss:2.119759]
2024-08-31 16:33:54.827 | INFO     | DCDH:train:170 - [iter:21/50][iter_time:98.65]
2024-08-31 16:34:26.891 | INFO     | DCDH:train:167 - [epoch:1/3][loss:2.563811]
2024-08-31 16:34:53.195 | INFO     | DCDH:train:167 - [epoch:2/3][loss:2.333599]
2024-08-31 16:35:20.471 | INFO     | DCDH:train:167 - [epoch:3/3][loss:2.197426]
2024-08-31 16:35:20.472 | INFO     | DCDH:train:170 - [iter:22/50][iter_time:85.64]
2024-08-31 16:35:47.073 | INFO     | DCDH:train:167 - [epoch:1/3][loss:2.503664]
2024-08-31 16:36:13.640 | INFO     | DCDH:train:167 - [epoch:2/3][loss:2.302736]
2024-08-31 16:36:40.111 | INFO     | DCDH:train:167 - [epoch:3/3][loss:2.147582]
2024-08-31 16:36:40.112 | INFO     | DCDH:train:170 - [iter:23/50][iter_time:79.64]
2024-08-31 16:37:06.889 | INFO     | DCDH:train:167 - [epoch:1/3][loss:2.426629]
2024-08-31 16:37:36.872 | INFO     | DCDH:train:167 - [epoch:2/3][loss:2.259538]
2024-08-31 16:38:09.234 | INFO     | DCDH:train:167 - [epoch:3/3][loss:2.090446]
2024-08-31 16:38:09.235 | INFO     | DCDH:train:170 - [iter:24/50][iter_time:89.12]
2024-08-31 16:38:40.875 | INFO     | DCDH:train:167 - [epoch:1/3][loss:2.533233]
2024-08-31 16:39:12.730 | INFO     | DCDH:train:167 - [epoch:2/3][loss:2.283587]
2024-08-31 16:39:44.407 | INFO     | DCDH:train:167 - [epoch:3/3][loss:2.195622]
2024-08-31 16:39:44.408 | INFO     | DCDH:train:170 - [iter:25/50][iter_time:95.17]
2024-08-31 16:47:55.806 | INFO     | DCDH:train:242 - [iter:25/50][code_length:64][mAP:0.57259][mAP_all:0.77174][best_mAP:0.57259]
2024-08-31 16:47:55.807 | INFO     | DCDH:train:243 - [iter:25/50][code_length:64][zs_mAP:0.59810][zs_mAP_all:0.61867]
2024-08-31 16:48:28.277 | INFO     | DCDH:train:167 - [epoch:1/3][loss:2.509798]
2024-08-31 16:49:00.462 | INFO     | DCDH:train:167 - [epoch:2/3][loss:2.236252]
2024-08-31 16:49:33.180 | INFO     | DCDH:train:167 - [epoch:3/3][loss:2.142063]
2024-08-31 16:49:33.181 | INFO     | DCDH:train:170 - [iter:26/50][iter_time:97.37]
2024-08-31 16:50:02.782 | INFO     | DCDH:train:167 - [epoch:1/3][loss:2.398322]
2024-08-31 16:50:29.654 | INFO     | DCDH:train:167 - [epoch:2/3][loss:2.273054]
2024-08-31 16:50:57.233 | INFO     | DCDH:train:167 - [epoch:3/3][loss:2.127181]
2024-08-31 16:50:57.234 | INFO     | DCDH:train:170 - [iter:27/50][iter_time:84.05]
2024-08-31 16:51:24.890 | INFO     | DCDH:train:167 - [epoch:1/3][loss:2.467432]
2024-08-31 16:51:51.330 | INFO     | DCDH:train:167 - [epoch:2/3][loss:2.275392]
2024-08-31 16:52:17.821 | INFO     | DCDH:train:167 - [epoch:3/3][loss:2.090429]
2024-08-31 16:52:17.822 | INFO     | DCDH:train:170 - [iter:28/50][iter_time:80.59]
2024-08-31 16:52:44.858 | INFO     | DCDH:train:167 - [epoch:1/3][loss:2.412082]
2024-08-31 16:53:12.789 | INFO     | DCDH:train:167 - [epoch:2/3][loss:2.208140]
2024-08-31 16:53:45.176 | INFO     | DCDH:train:167 - [epoch:3/3][loss:2.067585]
2024-08-31 16:53:45.178 | INFO     | DCDH:train:170 - [iter:29/50][iter_time:87.36]
2024-08-31 16:54:16.925 | INFO     | DCDH:train:167 - [epoch:1/3][loss:2.459864]
2024-08-31 16:54:48.213 | INFO     | DCDH:train:167 - [epoch:2/3][loss:2.242627]
2024-08-31 16:55:19.607 | INFO     | DCDH:train:167 - [epoch:3/3][loss:2.075182]
2024-08-31 16:55:19.609 | INFO     | DCDH:train:170 - [iter:30/50][iter_time:94.43]
2024-08-31 17:03:28.646 | INFO     | DCDH:train:242 - [iter:30/50][code_length:64][mAP:0.57235][mAP_all:0.76979][best_mAP:0.57259]
2024-08-31 17:03:28.647 | INFO     | DCDH:train:243 - [iter:30/50][code_length:64][zs_mAP:0.60096][zs_mAP_all:0.62712]
2024-08-31 17:04:03.768 | INFO     | DCDH:train:167 - [epoch:1/3][loss:2.395277]
2024-08-31 17:04:37.054 | INFO     | DCDH:train:167 - [epoch:2/3][loss:2.217781]
2024-08-31 17:05:09.004 | INFO     | DCDH:train:167 - [epoch:3/3][loss:2.082484]
2024-08-31 17:05:09.004 | INFO     | DCDH:train:170 - [iter:31/50][iter_time:100.36]
2024-08-31 17:05:40.546 | INFO     | DCDH:train:167 - [epoch:1/3][loss:2.363659]
2024-08-31 17:06:07.578 | INFO     | DCDH:train:167 - [epoch:2/3][loss:2.221371]
2024-08-31 17:06:34.444 | INFO     | DCDH:train:167 - [epoch:3/3][loss:2.030079]
2024-08-31 17:06:34.445 | INFO     | DCDH:train:170 - [iter:32/50][iter_time:85.44]
2024-08-31 17:07:01.783 | INFO     | DCDH:train:167 - [epoch:1/3][loss:2.410461]
2024-08-31 17:07:28.902 | INFO     | DCDH:train:167 - [epoch:2/3][loss:2.201815]
2024-08-31 17:07:56.796 | INFO     | DCDH:train:167 - [epoch:3/3][loss:2.004548]
2024-08-31 17:07:56.797 | INFO     | DCDH:train:170 - [iter:33/50][iter_time:82.35]
2024-08-31 17:08:24.097 | INFO     | DCDH:train:167 - [epoch:1/3][loss:2.396810]
2024-08-31 17:08:51.077 | INFO     | DCDH:train:167 - [epoch:2/3][loss:2.209779]
2024-08-31 17:09:21.534 | INFO     | DCDH:train:167 - [epoch:3/3][loss:2.142913]
2024-08-31 17:09:21.535 | INFO     | DCDH:train:170 - [iter:34/50][iter_time:84.74]
2024-08-31 17:09:52.874 | INFO     | DCDH:train:167 - [epoch:1/3][loss:2.435454]
2024-08-31 17:10:24.532 | INFO     | DCDH:train:167 - [epoch:2/3][loss:2.182936]
2024-08-31 17:10:56.095 | INFO     | DCDH:train:167 - [epoch:3/3][loss:2.062549]
2024-08-31 17:10:56.096 | INFO     | DCDH:train:170 - [iter:35/50][iter_time:94.56]
2024-08-31 17:19:07.036 | INFO     | DCDH:train:242 - [iter:35/50][code_length:64][mAP:0.58274][mAP_all:0.77919][best_mAP:0.58274]
2024-08-31 17:19:07.037 | INFO     | DCDH:train:243 - [iter:35/50][code_length:64][zs_mAP:0.62212][zs_mAP_all:0.65027]
2024-08-31 17:19:39.418 | INFO     | DCDH:train:167 - [epoch:1/3][loss:2.366193]
2024-08-31 17:20:11.390 | INFO     | DCDH:train:167 - [epoch:2/3][loss:2.186897]
2024-08-31 17:20:43.032 | INFO     | DCDH:train:167 - [epoch:3/3][loss:1.992509]
2024-08-31 17:20:43.033 | INFO     | DCDH:train:170 - [iter:36/50][iter_time:96.00]
2024-08-31 17:21:15.634 | INFO     | DCDH:train:167 - [epoch:1/3][loss:2.414116]
2024-08-31 17:21:43.898 | INFO     | DCDH:train:167 - [epoch:2/3][loss:2.221914]
2024-08-31 17:22:11.274 | INFO     | DCDH:train:167 - [epoch:3/3][loss:2.038446]
2024-08-31 17:22:11.275 | INFO     | DCDH:train:170 - [iter:37/50][iter_time:88.24]
2024-08-31 17:22:38.493 | INFO     | DCDH:train:167 - [epoch:1/3][loss:2.486552]
2024-08-31 17:23:05.545 | INFO     | DCDH:train:167 - [epoch:2/3][loss:2.312844]
2024-08-31 17:23:32.800 | INFO     | DCDH:train:167 - [epoch:3/3][loss:2.103068]
2024-08-31 17:23:32.801 | INFO     | DCDH:train:170 - [iter:38/50][iter_time:81.53]
2024-08-31 17:24:00.181 | INFO     | DCDH:train:167 - [epoch:1/3][loss:2.347940]
2024-08-31 17:24:27.671 | INFO     | DCDH:train:167 - [epoch:2/3][loss:2.097080]
2024-08-31 17:24:56.840 | INFO     | DCDH:train:167 - [epoch:3/3][loss:2.009970]
2024-08-31 17:24:56.841 | INFO     | DCDH:train:170 - [iter:39/50][iter_time:84.04]
2024-08-31 17:25:28.788 | INFO     | DCDH:train:167 - [epoch:1/3][loss:2.382705]
2024-08-31 17:26:00.896 | INFO     | DCDH:train:167 - [epoch:2/3][loss:2.193615]
2024-08-31 17:26:32.934 | INFO     | DCDH:train:167 - [epoch:3/3][loss:2.026884]
2024-08-31 17:26:32.935 | INFO     | DCDH:train:170 - [iter:40/50][iter_time:96.09]
2024-08-31 17:34:49.749 | INFO     | DCDH:train:242 - [iter:40/50][code_length:64][mAP:0.58553][mAP_all:0.77567][best_mAP:0.58553]
2024-08-31 17:34:49.750 | INFO     | DCDH:train:243 - [iter:40/50][code_length:64][zs_mAP:0.61998][zs_mAP_all:0.64924]
2024-08-31 17:35:21.736 | INFO     | DCDH:train:167 - [epoch:1/3][loss:2.369733]
2024-08-31 17:35:54.697 | INFO     | DCDH:train:167 - [epoch:2/3][loss:2.160108]
2024-08-31 17:36:29.295 | INFO     | DCDH:train:167 - [epoch:3/3][loss:2.042196]
2024-08-31 17:36:29.295 | INFO     | DCDH:train:170 - [iter:41/50][iter_time:99.55]
2024-08-31 17:37:01.329 | INFO     | DCDH:train:167 - [epoch:1/3][loss:2.377840]
2024-08-31 17:37:29.813 | INFO     | DCDH:train:167 - [epoch:2/3][loss:2.180055]
2024-08-31 17:37:58.304 | INFO     | DCDH:train:167 - [epoch:3/3][loss:2.016794]
2024-08-31 17:37:58.305 | INFO     | DCDH:train:170 - [iter:42/50][iter_time:89.01]
2024-08-31 17:38:25.128 | INFO     | DCDH:train:167 - [epoch:1/3][loss:2.291076]
2024-08-31 17:38:52.361 | INFO     | DCDH:train:167 - [epoch:2/3][loss:2.153248]
2024-08-31 17:39:20.193 | INFO     | DCDH:train:167 - [epoch:3/3][loss:2.021985]
2024-08-31 17:39:20.193 | INFO     | DCDH:train:170 - [iter:43/50][iter_time:81.89]
2024-08-31 17:39:48.002 | INFO     | DCDH:train:167 - [epoch:1/3][loss:2.395087]
2024-08-31 17:40:15.555 | INFO     | DCDH:train:167 - [epoch:2/3][loss:2.132108]
2024-08-31 17:40:44.610 | INFO     | DCDH:train:167 - [epoch:3/3][loss:2.000861]
2024-08-31 17:40:44.611 | INFO     | DCDH:train:170 - [iter:44/50][iter_time:84.42]
2024-08-31 17:41:16.119 | INFO     | DCDH:train:167 - [epoch:1/3][loss:2.294547]
2024-08-31 17:41:47.056 | INFO     | DCDH:train:167 - [epoch:2/3][loss:2.097948]
2024-08-31 17:42:18.772 | INFO     | DCDH:train:167 - [epoch:3/3][loss:1.969034]
2024-08-31 17:42:18.773 | INFO     | DCDH:train:170 - [iter:45/50][iter_time:94.16]
2024-08-31 17:50:30.165 | INFO     | DCDH:train:242 - [iter:45/50][code_length:64][mAP:0.58641][mAP_all:0.77572][best_mAP:0.58641]
2024-08-31 17:50:30.166 | INFO     | DCDH:train:243 - [iter:45/50][code_length:64][zs_mAP:0.60288][zs_mAP_all:0.63547]
2024-08-31 17:51:02.812 | INFO     | DCDH:train:167 - [epoch:1/3][loss:2.389657]
2024-08-31 17:51:35.882 | INFO     | DCDH:train:167 - [epoch:2/3][loss:2.316775]
2024-08-31 17:52:08.329 | INFO     | DCDH:train:167 - [epoch:3/3][loss:2.269904]
2024-08-31 17:52:08.330 | INFO     | DCDH:train:170 - [iter:46/50][iter_time:98.16]
2024-08-31 17:59:51.382 | INFO     | DCDH:train:242 - [iter:46/50][code_length:64][mAP:0.59790][mAP_all:0.78463][best_mAP:0.59790]
2024-08-31 17:59:51.383 | INFO     | DCDH:train:243 - [iter:46/50][code_length:64][zs_mAP:0.62427][zs_mAP_all:0.65714]
2024-08-31 18:00:19.283 | INFO     | DCDH:train:167 - [epoch:1/3][loss:2.314260]
2024-08-31 18:00:51.255 | INFO     | DCDH:train:167 - [epoch:2/3][loss:2.333115]
2024-08-31 18:01:23.021 | INFO     | DCDH:train:167 - [epoch:3/3][loss:2.237331]
2024-08-31 18:01:23.022 | INFO     | DCDH:train:170 - [iter:47/50][iter_time:91.64]
2024-08-31 18:09:11.250 | INFO     | DCDH:train:242 - [iter:47/50][code_length:64][mAP:0.59887][mAP_all:0.78415][best_mAP:0.59887]
2024-08-31 18:09:11.251 | INFO     | DCDH:train:243 - [iter:47/50][code_length:64][zs_mAP:0.62072][zs_mAP_all:0.65409]
2024-08-31 18:09:41.823 | INFO     | DCDH:train:167 - [epoch:1/3][loss:2.260545]
2024-08-31 18:10:16.171 | INFO     | DCDH:train:167 - [epoch:2/3][loss:2.181364]
2024-08-31 18:10:50.764 | INFO     | DCDH:train:167 - [epoch:3/3][loss:2.171615]
2024-08-31 18:10:50.765 | INFO     | DCDH:train:170 - [iter:48/50][iter_time:99.51]
2024-08-31 18:18:23.910 | INFO     | DCDH:train:242 - [iter:48/50][code_length:64][mAP:0.59881][mAP_all:0.78728][best_mAP:0.59887]
2024-08-31 18:18:23.911 | INFO     | DCDH:train:243 - [iter:48/50][code_length:64][zs_mAP:0.62383][zs_mAP_all:0.65882]
2024-08-31 18:18:51.686 | INFO     | DCDH:train:167 - [epoch:1/3][loss:2.236567]
2024-08-31 18:19:25.987 | INFO     | DCDH:train:167 - [epoch:2/3][loss:2.212187]
2024-08-31 18:19:58.732 | INFO     | DCDH:train:167 - [epoch:3/3][loss:2.168831]
2024-08-31 18:19:58.733 | INFO     | DCDH:train:170 - [iter:49/50][iter_time:94.82]
2024-08-31 18:27:43.760 | INFO     | DCDH:train:242 - [iter:49/50][code_length:64][mAP:0.60161][mAP_all:0.78759][best_mAP:0.60161]
2024-08-31 18:27:43.761 | INFO     | DCDH:train:243 - [iter:49/50][code_length:64][zs_mAP:0.62584][zs_mAP_all:0.66117]
2024-08-31 18:28:13.972 | INFO     | DCDH:train:167 - [epoch:1/3][loss:2.275115]
2024-08-31 18:28:46.202 | INFO     | DCDH:train:167 - [epoch:2/3][loss:2.248798]
2024-08-31 18:29:19.013 | INFO     | DCDH:train:167 - [epoch:3/3][loss:2.164758]
2024-08-31 18:29:19.014 | INFO     | DCDH:train:170 - [iter:50/50][iter_time:95.25]
2024-08-31 18:37:08.559 | INFO     | DCDH:train:242 - [iter:50/50][code_length:64][mAP:0.60280][mAP_all:0.78941][best_mAP:0.60280]
2024-08-31 18:37:08.561 | INFO     | DCDH:train:243 - [iter:50/50][code_length:64][zs_mAP:0.63409][zs_mAP_all:0.66872]
2024-08-31 18:37:08.561 | INFO     | DCDH:train:246 - [Training time:11254.25]
2024-08-31 18:37:08.564 | INFO     | __main__:run:138 - [code_length:64][map:0.6028][map_all:0.7894][zs_map:0.6341][zs_map_all:0.6687]
