2024-08-31 18:47:28.813 | SUCCESS  | __main__:run:55 - Namespace(ZS=15, align_step=50, arch='dpah', batch_size=16, cauchy_gamma=20.0, code_length=[16, 32, 64], data='coco', dataset='cocozs', device=device(type='cuda', index=1), epoch_change=11, flag='dpah', gamma=200, gpu=1, info='cocozs-53-27-dpah-08-31-16,32,64-tanh1', lambd=0.1, lambd_ch=0.1, lambd_sp=0.1, lr=0.001, lr_step=[45], margin=0.1, max_epoch=3, max_iter=50, momen=0.9, nesterov=False, net='ResNet', num_classes=27, num_query=1000, num_samples=2000, num_workers=2, num_zs=53, optim='SGD', pretrain=True, quan_loss=False, root='/4T/dataset/coco', save_ckpt='checkpoints/', topk=5000, val_freq=5, wd=0.0001)
2024-08-31 18:48:06.147 | INFO     | DPAH:train:187 - [epoch:1/3][loss:1.160880]
2024-08-31 18:48:33.341 | INFO     | DPAH:train:187 - [epoch:2/3][loss:0.416548]
2024-08-31 18:49:00.370 | INFO     | DPAH:train:187 - [epoch:3/3][loss:0.298670]
2024-08-31 18:49:00.371 | INFO     | DPAH:train:190 - [iter:1/50][iter_time:81.65]
2024-08-31 18:49:27.037 | INFO     | DPAH:train:187 - [epoch:1/3][loss:0.241543]
2024-08-31 18:49:53.962 | INFO     | DPAH:train:187 - [epoch:2/3][loss:0.204675]
2024-08-31 18:50:19.866 | INFO     | DPAH:train:187 - [epoch:3/3][loss:0.176518]
2024-08-31 18:50:19.868 | INFO     | DPAH:train:190 - [iter:2/50][iter_time:79.50]
2024-08-31 18:50:46.017 | INFO     | DPAH:train:187 - [epoch:1/3][loss:0.154522]
2024-08-31 18:51:12.787 | INFO     | DPAH:train:187 - [epoch:2/3][loss:0.136801]
2024-08-31 18:51:39.547 | INFO     | DPAH:train:187 - [epoch:3/3][loss:0.121521]
2024-08-31 18:51:39.548 | INFO     | DPAH:train:190 - [iter:3/50][iter_time:79.68]
2024-08-31 18:52:06.451 | INFO     | DPAH:train:187 - [epoch:1/3][loss:0.108882]
2024-08-31 18:52:33.792 | INFO     | DPAH:train:187 - [epoch:2/3][loss:0.097303]
2024-08-31 18:53:02.428 | INFO     | DPAH:train:187 - [epoch:3/3][loss:0.087050]
2024-08-31 18:53:02.429 | INFO     | DPAH:train:190 - [iter:4/50][iter_time:82.88]
2024-08-31 18:53:32.630 | INFO     | DPAH:train:187 - [epoch:1/3][loss:0.078662]
2024-08-31 18:54:00.516 | INFO     | DPAH:train:187 - [epoch:2/3][loss:0.070954]
2024-08-31 18:54:28.997 | INFO     | DPAH:train:187 - [epoch:3/3][loss:0.063864]
2024-08-31 18:54:28.998 | INFO     | DPAH:train:190 - [iter:5/50][iter_time:86.57]
2024-08-31 19:01:53.716 | INFO     | DPAH:train:262 - [iter:5/50][code_length:16][mAP:0.17090][mAP_all:0.43744][best_mAP:0.17090]
2024-08-31 19:01:53.716 | INFO     | DPAH:train:263 - [iter:5/50][code_length:16][zs_mAP:0.28653][zs_mAP_all:0.29406]
2024-08-31 19:02:19.311 | INFO     | DPAH:train:187 - [epoch:1/3][loss:0.057572]
2024-08-31 19:02:44.907 | INFO     | DPAH:train:187 - [epoch:2/3][loss:0.052450]
2024-08-31 19:03:10.767 | INFO     | DPAH:train:187 - [epoch:3/3][loss:0.047279]
2024-08-31 19:03:10.768 | INFO     | DPAH:train:190 - [iter:6/50][iter_time:77.05]
2024-08-31 19:03:36.829 | INFO     | DPAH:train:187 - [epoch:1/3][loss:0.043204]
2024-08-31 19:04:02.696 | INFO     | DPAH:train:187 - [epoch:2/3][loss:0.038859]
2024-08-31 19:04:28.237 | INFO     | DPAH:train:187 - [epoch:3/3][loss:0.034557]
2024-08-31 19:04:28.237 | INFO     | DPAH:train:190 - [iter:7/50][iter_time:77.47]
2024-08-31 19:04:54.288 | INFO     | DPAH:train:187 - [epoch:1/3][loss:0.030588]
2024-08-31 19:05:19.566 | INFO     | DPAH:train:187 - [epoch:2/3][loss:0.027905]
2024-08-31 19:05:44.648 | INFO     | DPAH:train:187 - [epoch:3/3][loss:0.024778]
2024-08-31 19:05:44.649 | INFO     | DPAH:train:190 - [iter:8/50][iter_time:76.41]
2024-08-31 19:06:10.136 | INFO     | DPAH:train:187 - [epoch:1/3][loss:0.021831]
2024-08-31 19:06:36.867 | INFO     | DPAH:train:187 - [epoch:2/3][loss:0.019218]
2024-08-31 19:07:03.605 | INFO     | DPAH:train:187 - [epoch:3/3][loss:0.016725]
2024-08-31 19:07:03.606 | INFO     | DPAH:train:190 - [iter:9/50][iter_time:78.96]
2024-08-31 19:07:31.546 | INFO     | DPAH:train:187 - [epoch:1/3][loss:0.015238]
2024-08-31 19:08:00.248 | INFO     | DPAH:train:187 - [epoch:2/3][loss:0.012899]
2024-08-31 19:08:28.071 | INFO     | DPAH:train:187 - [epoch:3/3][loss:0.010620]
2024-08-31 19:08:28.072 | INFO     | DPAH:train:190 - [iter:10/50][iter_time:84.47]
2024-08-31 19:15:50.930 | INFO     | DPAH:train:262 - [iter:10/50][code_length:16][mAP:0.17090][mAP_all:0.43744][best_mAP:0.17090]
2024-08-31 19:15:50.931 | INFO     | DPAH:train:263 - [iter:10/50][code_length:16][zs_mAP:0.28653][zs_mAP_all:0.29406]
2024-08-31 19:16:17.906 | INFO     | DPAH:train:187 - [epoch:1/3][loss:0.008868]
2024-08-31 19:16:44.315 | INFO     | DPAH:train:187 - [epoch:2/3][loss:0.007213]
2024-08-31 19:17:10.431 | INFO     | DPAH:train:187 - [epoch:3/3][loss:0.005380]
2024-08-31 19:17:10.431 | INFO     | DPAH:train:190 - [iter:11/50][iter_time:79.50]
2024-08-31 19:17:37.320 | INFO     | DPAH:train:187 - [epoch:1/3][loss:0.003313]
2024-08-31 19:18:04.259 | INFO     | DPAH:train:187 - [epoch:2/3][loss:0.002497]
2024-08-31 19:18:30.861 | INFO     | DPAH:train:187 - [epoch:3/3][loss:0.000409]
2024-08-31 19:18:30.862 | INFO     | DPAH:train:190 - [iter:12/50][iter_time:80.43]
2024-08-31 19:18:57.174 | INFO     | DPAH:train:187 - [epoch:1/3][loss:-0.000133]
2024-08-31 19:19:23.684 | INFO     | DPAH:train:187 - [epoch:2/3][loss:-0.000733]
2024-08-31 19:19:50.550 | INFO     | DPAH:train:187 - [epoch:3/3][loss:-0.002946]
2024-08-31 19:19:50.550 | INFO     | DPAH:train:190 - [iter:13/50][iter_time:79.69]
2024-08-31 19:20:17.092 | INFO     | DPAH:train:187 - [epoch:1/3][loss:-0.003351]
2024-08-31 19:20:43.450 | INFO     | DPAH:train:187 - [epoch:2/3][loss:-0.005339]
2024-08-31 19:21:10.800 | INFO     | DPAH:train:187 - [epoch:3/3][loss:-0.006349]
2024-08-31 19:21:10.801 | INFO     | DPAH:train:190 - [iter:14/50][iter_time:80.25]
2024-08-31 19:21:38.048 | INFO     | DPAH:train:187 - [epoch:1/3][loss:-0.007607]
2024-08-31 19:22:05.109 | INFO     | DPAH:train:187 - [epoch:2/3][loss:-0.007764]
2024-08-31 19:22:31.529 | INFO     | DPAH:train:187 - [epoch:3/3][loss:-0.009410]
2024-08-31 19:22:31.530 | INFO     | DPAH:train:190 - [iter:15/50][iter_time:80.73]
2024-08-31 19:29:55.003 | INFO     | DPAH:train:262 - [iter:15/50][code_length:16][mAP:0.17090][mAP_all:0.43744][best_mAP:0.17090]
2024-08-31 19:29:55.004 | INFO     | DPAH:train:263 - [iter:15/50][code_length:16][zs_mAP:0.28653][zs_mAP_all:0.29406]
2024-08-31 19:30:21.377 | INFO     | DPAH:train:187 - [epoch:1/3][loss:-0.009095]
2024-08-31 19:30:47.652 | INFO     | DPAH:train:187 - [epoch:2/3][loss:-0.009997]
2024-08-31 19:31:13.968 | INFO     | DPAH:train:187 - [epoch:3/3][loss:-0.010696]
2024-08-31 19:31:13.969 | INFO     | DPAH:train:190 - [iter:16/50][iter_time:78.97]
2024-08-31 19:31:40.052 | INFO     | DPAH:train:187 - [epoch:1/3][loss:-0.011955]
2024-08-31 19:32:06.193 | INFO     | DPAH:train:187 - [epoch:2/3][loss:-0.012333]
2024-08-31 19:32:32.244 | INFO     | DPAH:train:187 - [epoch:3/3][loss:-0.011350]
2024-08-31 19:32:32.245 | INFO     | DPAH:train:190 - [iter:17/50][iter_time:78.28]
2024-08-31 19:32:58.696 | INFO     | DPAH:train:187 - [epoch:1/3][loss:-0.013325]
2024-08-31 19:33:24.813 | INFO     | DPAH:train:187 - [epoch:2/3][loss:-0.014382]
2024-08-31 19:33:51.043 | INFO     | DPAH:train:187 - [epoch:3/3][loss:-0.014582]
2024-08-31 19:33:51.044 | INFO     | DPAH:train:190 - [iter:18/50][iter_time:78.80]
2024-08-31 19:34:17.379 | INFO     | DPAH:train:187 - [epoch:1/3][loss:-0.015333]
2024-08-31 19:34:43.646 | INFO     | DPAH:train:187 - [epoch:2/3][loss:-0.015824]
2024-08-31 19:35:10.790 | INFO     | DPAH:train:187 - [epoch:3/3][loss:-0.016045]
2024-08-31 19:35:10.791 | INFO     | DPAH:train:190 - [iter:19/50][iter_time:79.75]
2024-08-31 19:35:37.537 | INFO     | DPAH:train:187 - [epoch:1/3][loss:-0.016873]
2024-08-31 19:36:04.850 | INFO     | DPAH:train:187 - [epoch:2/3][loss:-0.017227]
2024-08-31 19:36:31.798 | INFO     | DPAH:train:187 - [epoch:3/3][loss:-0.017294]
2024-08-31 19:36:31.799 | INFO     | DPAH:train:190 - [iter:20/50][iter_time:81.01]
2024-08-31 19:43:55.470 | INFO     | DPAH:train:262 - [iter:20/50][code_length:16][mAP:0.17090][mAP_all:0.43744][best_mAP:0.17090]
2024-08-31 19:43:55.471 | INFO     | DPAH:train:263 - [iter:20/50][code_length:16][zs_mAP:0.28653][zs_mAP_all:0.29406]
2024-08-31 19:44:21.768 | INFO     | DPAH:train:187 - [epoch:1/3][loss:-0.018034]
2024-08-31 19:44:48.066 | INFO     | DPAH:train:187 - [epoch:2/3][loss:-0.018419]
2024-08-31 19:45:14.270 | INFO     | DPAH:train:187 - [epoch:3/3][loss:-0.018535]
2024-08-31 19:45:14.270 | INFO     | DPAH:train:190 - [iter:21/50][iter_time:78.80]
2024-08-31 19:45:40.484 | INFO     | DPAH:train:187 - [epoch:1/3][loss:-0.018635]
2024-08-31 19:46:06.708 | INFO     | DPAH:train:187 - [epoch:2/3][loss:-0.019272]
2024-08-31 19:46:32.993 | INFO     | DPAH:train:187 - [epoch:3/3][loss:-0.019695]
2024-08-31 19:46:32.993 | INFO     | DPAH:train:190 - [iter:22/50][iter_time:78.72]
2024-08-31 19:46:59.374 | INFO     | DPAH:train:187 - [epoch:1/3][loss:-0.019828]
2024-08-31 19:47:25.677 | INFO     | DPAH:train:187 - [epoch:2/3][loss:-0.019874]
2024-08-31 19:47:52.016 | INFO     | DPAH:train:187 - [epoch:3/3][loss:-0.020504]
2024-08-31 19:47:52.017 | INFO     | DPAH:train:190 - [iter:23/50][iter_time:79.02]
2024-08-31 19:48:18.220 | INFO     | DPAH:train:187 - [epoch:1/3][loss:-0.020213]
2024-08-31 19:48:44.307 | INFO     | DPAH:train:187 - [epoch:2/3][loss:-0.020900]
2024-08-31 19:49:11.418 | INFO     | DPAH:train:187 - [epoch:3/3][loss:-0.020909]
2024-08-31 19:49:11.419 | INFO     | DPAH:train:190 - [iter:24/50][iter_time:79.40]
2024-08-31 19:49:38.649 | INFO     | DPAH:train:187 - [epoch:1/3][loss:-0.021820]
2024-08-31 19:50:06.358 | INFO     | DPAH:train:187 - [epoch:2/3][loss:-0.021894]
2024-08-31 19:50:34.716 | INFO     | DPAH:train:187 - [epoch:3/3][loss:-0.021814]
2024-08-31 19:50:34.717 | INFO     | DPAH:train:190 - [iter:25/50][iter_time:83.30]
2024-08-31 19:58:11.100 | INFO     | DPAH:train:262 - [iter:25/50][code_length:16][mAP:0.17090][mAP_all:0.43744][best_mAP:0.17090]
2024-08-31 19:58:11.101 | INFO     | DPAH:train:263 - [iter:25/50][code_length:16][zs_mAP:0.28653][zs_mAP_all:0.29406]
2024-08-31 19:58:37.632 | INFO     | DPAH:train:187 - [epoch:1/3][loss:-0.022229]
2024-08-31 19:59:03.895 | INFO     | DPAH:train:187 - [epoch:2/3][loss:-0.021784]
2024-08-31 19:59:30.151 | INFO     | DPAH:train:187 - [epoch:3/3][loss:-0.022665]
2024-08-31 19:59:30.152 | INFO     | DPAH:train:190 - [iter:26/50][iter_time:79.05]
2024-08-31 19:59:56.330 | INFO     | DPAH:train:187 - [epoch:1/3][loss:-0.022618]
2024-08-31 20:00:22.666 | INFO     | DPAH:train:187 - [epoch:2/3][loss:-0.022817]
2024-08-31 20:00:49.067 | INFO     | DPAH:train:187 - [epoch:3/3][loss:-0.022923]
2024-08-31 20:00:49.067 | INFO     | DPAH:train:190 - [iter:27/50][iter_time:78.92]
2024-08-31 20:01:15.377 | INFO     | DPAH:train:187 - [epoch:1/3][loss:-0.023541]
2024-08-31 20:01:41.341 | INFO     | DPAH:train:187 - [epoch:2/3][loss:-0.023817]
2024-08-31 20:02:07.540 | INFO     | DPAH:train:187 - [epoch:3/3][loss:-0.023998]
2024-08-31 20:02:07.540 | INFO     | DPAH:train:190 - [iter:28/50][iter_time:78.47]
2024-08-31 20:02:32.886 | INFO     | DPAH:train:187 - [epoch:1/3][loss:-0.023494]
2024-08-31 20:02:59.204 | INFO     | DPAH:train:187 - [epoch:2/3][loss:-0.023938]
2024-08-31 20:03:26.811 | INFO     | DPAH:train:187 - [epoch:3/3][loss:-0.024438]
2024-08-31 20:03:26.812 | INFO     | DPAH:train:190 - [iter:29/50][iter_time:79.27]
2024-08-31 20:03:55.167 | INFO     | DPAH:train:187 - [epoch:1/3][loss:-0.024366]
2024-08-31 20:04:22.119 | INFO     | DPAH:train:187 - [epoch:2/3][loss:-0.024600]
2024-08-31 20:04:48.863 | INFO     | DPAH:train:187 - [epoch:3/3][loss:-0.024589]
2024-08-31 20:04:48.864 | INFO     | DPAH:train:190 - [iter:30/50][iter_time:82.05]
2024-08-31 20:12:12.484 | INFO     | DPAH:train:262 - [iter:30/50][code_length:16][mAP:0.17090][mAP_all:0.43744][best_mAP:0.17090]
2024-08-31 20:12:12.485 | INFO     | DPAH:train:263 - [iter:30/50][code_length:16][zs_mAP:0.28653][zs_mAP_all:0.29406]
2024-08-31 20:12:38.951 | INFO     | DPAH:train:187 - [epoch:1/3][loss:-0.025430]
2024-08-31 20:13:05.313 | INFO     | DPAH:train:187 - [epoch:2/3][loss:-0.025408]
2024-08-31 20:13:31.486 | INFO     | DPAH:train:187 - [epoch:3/3][loss:-0.025463]
2024-08-31 20:13:31.487 | INFO     | DPAH:train:190 - [iter:31/50][iter_time:79.00]
2024-08-31 20:13:57.680 | INFO     | DPAH:train:187 - [epoch:1/3][loss:-0.025853]
2024-08-31 20:14:24.114 | INFO     | DPAH:train:187 - [epoch:2/3][loss:-0.025985]
2024-08-31 20:14:50.495 | INFO     | DPAH:train:187 - [epoch:3/3][loss:-0.026115]
2024-08-31 20:14:50.496 | INFO     | DPAH:train:190 - [iter:32/50][iter_time:79.01]
2024-08-31 20:15:16.681 | INFO     | DPAH:train:187 - [epoch:1/3][loss:-0.025380]
2024-08-31 20:15:43.065 | INFO     | DPAH:train:187 - [epoch:2/3][loss:-0.026066]
2024-08-31 20:16:09.590 | INFO     | DPAH:train:187 - [epoch:3/3][loss:-0.025859]
2024-08-31 20:16:09.591 | INFO     | DPAH:train:190 - [iter:33/50][iter_time:79.09]
2024-08-31 20:16:35.992 | INFO     | DPAH:train:187 - [epoch:1/3][loss:-0.025824]
2024-08-31 20:17:02.827 | INFO     | DPAH:train:187 - [epoch:2/3][loss:-0.025935]
2024-08-31 20:17:30.987 | INFO     | DPAH:train:187 - [epoch:3/3][loss:-0.025796]
2024-08-31 20:17:30.988 | INFO     | DPAH:train:190 - [iter:34/50][iter_time:81.40]
2024-08-31 20:17:59.755 | INFO     | DPAH:train:187 - [epoch:1/3][loss:-0.026453]
2024-08-31 20:18:26.998 | INFO     | DPAH:train:187 - [epoch:2/3][loss:-0.026641]
2024-08-31 20:18:54.687 | INFO     | DPAH:train:187 - [epoch:3/3][loss:-0.026407]
2024-08-31 20:18:54.688 | INFO     | DPAH:train:190 - [iter:35/50][iter_time:83.70]
2024-08-31 20:26:22.225 | INFO     | DPAH:train:262 - [iter:35/50][code_length:16][mAP:0.17090][mAP_all:0.43744][best_mAP:0.17090]
2024-08-31 20:26:22.225 | INFO     | DPAH:train:263 - [iter:35/50][code_length:16][zs_mAP:0.28653][zs_mAP_all:0.29406]
2024-08-31 20:26:48.470 | INFO     | DPAH:train:187 - [epoch:1/3][loss:-0.026374]
2024-08-31 20:27:14.757 | INFO     | DPAH:train:187 - [epoch:2/3][loss:-0.026706]
2024-08-31 20:27:41.216 | INFO     | DPAH:train:187 - [epoch:3/3][loss:-0.026554]
2024-08-31 20:27:41.217 | INFO     | DPAH:train:190 - [iter:36/50][iter_time:78.99]
2024-08-31 20:28:07.675 | INFO     | DPAH:train:187 - [epoch:1/3][loss:-0.027072]
2024-08-31 20:28:33.945 | INFO     | DPAH:train:187 - [epoch:2/3][loss:-0.026996]
2024-08-31 20:29:00.320 | INFO     | DPAH:train:187 - [epoch:3/3][loss:-0.026584]
2024-08-31 20:29:00.321 | INFO     | DPAH:train:190 - [iter:37/50][iter_time:79.10]
2024-08-31 20:29:26.794 | INFO     | DPAH:train:187 - [epoch:1/3][loss:-0.027609]
2024-08-31 20:29:52.981 | INFO     | DPAH:train:187 - [epoch:2/3][loss:-0.027529]
2024-08-31 20:30:18.977 | INFO     | DPAH:train:187 - [epoch:3/3][loss:-0.027686]
2024-08-31 20:30:18.977 | INFO     | DPAH:train:190 - [iter:38/50][iter_time:78.66]
2024-08-31 20:30:45.443 | INFO     | DPAH:train:187 - [epoch:1/3][loss:-0.026721]
2024-08-31 20:31:12.269 | INFO     | DPAH:train:187 - [epoch:2/3][loss:-0.027578]
2024-08-31 20:31:39.599 | INFO     | DPAH:train:187 - [epoch:3/3][loss:-0.027734]
2024-08-31 20:31:39.600 | INFO     | DPAH:train:190 - [iter:39/50][iter_time:80.62]
2024-08-31 20:32:06.607 | INFO     | DPAH:train:187 - [epoch:1/3][loss:-0.028253]
2024-08-31 20:32:34.622 | INFO     | DPAH:train:187 - [epoch:2/3][loss:-0.028406]
2024-08-31 20:33:02.811 | INFO     | DPAH:train:187 - [epoch:3/3][loss:-0.028144]
2024-08-31 20:33:02.812 | INFO     | DPAH:train:190 - [iter:40/50][iter_time:83.21]
2024-08-31 20:40:24.780 | INFO     | DPAH:train:262 - [iter:40/50][code_length:16][mAP:0.17090][mAP_all:0.43744][best_mAP:0.17090]
2024-08-31 20:40:24.780 | INFO     | DPAH:train:263 - [iter:40/50][code_length:16][zs_mAP:0.28653][zs_mAP_all:0.29406]
2024-08-31 20:40:50.964 | INFO     | DPAH:train:187 - [epoch:1/3][loss:-0.028401]
2024-08-31 20:41:16.885 | INFO     | DPAH:train:187 - [epoch:2/3][loss:-0.028467]
2024-08-31 20:41:43.085 | INFO     | DPAH:train:187 - [epoch:3/3][loss:-0.028536]
2024-08-31 20:41:43.085 | INFO     | DPAH:train:190 - [iter:41/50][iter_time:78.31]
2024-08-31 20:42:09.358 | INFO     | DPAH:train:187 - [epoch:1/3][loss:-0.028814]
2024-08-31 20:42:35.622 | INFO     | DPAH:train:187 - [epoch:2/3][loss:-0.028625]
2024-08-31 20:43:01.387 | INFO     | DPAH:train:187 - [epoch:3/3][loss:-0.029103]
2024-08-31 20:43:01.388 | INFO     | DPAH:train:190 - [iter:42/50][iter_time:78.30]
2024-08-31 20:43:27.387 | INFO     | DPAH:train:187 - [epoch:1/3][loss:-0.027638]
2024-08-31 20:43:53.662 | INFO     | DPAH:train:187 - [epoch:2/3][loss:-0.028200]
2024-08-31 20:44:19.938 | INFO     | DPAH:train:187 - [epoch:3/3][loss:-0.028419]
2024-08-31 20:44:19.938 | INFO     | DPAH:train:190 - [iter:43/50][iter_time:78.55]
2024-08-31 20:44:46.144 | INFO     | DPAH:train:187 - [epoch:1/3][loss:-0.028776]
2024-08-31 20:45:13.446 | INFO     | DPAH:train:187 - [epoch:2/3][loss:-0.028583]
2024-08-31 20:45:41.075 | INFO     | DPAH:train:187 - [epoch:3/3][loss:-0.028801]
2024-08-31 20:45:41.076 | INFO     | DPAH:train:190 - [iter:44/50][iter_time:81.14]
2024-08-31 20:46:09.097 | INFO     | DPAH:train:187 - [epoch:1/3][loss:-0.028495]
2024-08-31 20:46:35.807 | INFO     | DPAH:train:187 - [epoch:2/3][loss:-0.028796]
2024-08-31 20:47:02.113 | INFO     | DPAH:train:187 - [epoch:3/3][loss:-0.028688]
2024-08-31 20:47:02.114 | INFO     | DPAH:train:190 - [iter:45/50][iter_time:81.04]
2024-08-31 20:54:18.171 | INFO     | DPAH:train:262 - [iter:45/50][code_length:16][mAP:0.17090][mAP_all:0.43744][best_mAP:0.17090]
2024-08-31 20:54:18.171 | INFO     | DPAH:train:263 - [iter:45/50][code_length:16][zs_mAP:0.28653][zs_mAP_all:0.29406]
2024-08-31 20:54:45.072 | INFO     | DPAH:train:187 - [epoch:1/3][loss:-0.029058]
2024-08-31 20:55:11.415 | INFO     | DPAH:train:187 - [epoch:2/3][loss:-0.029051]
2024-08-31 20:55:37.577 | INFO     | DPAH:train:187 - [epoch:3/3][loss:-0.028478]
2024-08-31 20:55:37.577 | INFO     | DPAH:train:190 - [iter:46/50][iter_time:79.41]
2024-08-31 21:02:56.380 | INFO     | DPAH:train:262 - [iter:46/50][code_length:16][mAP:0.17090][mAP_all:0.43744][best_mAP:0.17090]
2024-08-31 21:02:56.381 | INFO     | DPAH:train:263 - [iter:46/50][code_length:16][zs_mAP:0.28653][zs_mAP_all:0.29406]
2024-08-31 21:03:23.249 | INFO     | DPAH:train:187 - [epoch:1/3][loss:-0.029150]
2024-08-31 21:03:50.107 | INFO     | DPAH:train:187 - [epoch:2/3][loss:-0.029156]
2024-08-31 21:04:16.034 | INFO     | DPAH:train:187 - [epoch:3/3][loss:-0.028837]
2024-08-31 21:04:16.035 | INFO     | DPAH:train:190 - [iter:47/50][iter_time:79.65]
2024-08-31 21:11:32.433 | INFO     | DPAH:train:262 - [iter:47/50][code_length:16][mAP:0.17090][mAP_all:0.43744][best_mAP:0.17090]
2024-08-31 21:11:32.434 | INFO     | DPAH:train:263 - [iter:47/50][code_length:16][zs_mAP:0.28653][zs_mAP_all:0.29406]
2024-08-31 21:12:00.030 | INFO     | DPAH:train:187 - [epoch:1/3][loss:-0.028972]
2024-08-31 21:12:27.302 | INFO     | DPAH:train:187 - [epoch:2/3][loss:-0.029232]
2024-08-31 21:12:53.220 | INFO     | DPAH:train:187 - [epoch:3/3][loss:-0.029240]
2024-08-31 21:12:53.220 | INFO     | DPAH:train:190 - [iter:48/50][iter_time:80.79]
2024-08-31 21:20:08.977 | INFO     | DPAH:train:262 - [iter:48/50][code_length:16][mAP:0.17090][mAP_all:0.43744][best_mAP:0.17090]
2024-08-31 21:20:08.977 | INFO     | DPAH:train:263 - [iter:48/50][code_length:16][zs_mAP:0.28653][zs_mAP_all:0.29406]
2024-08-31 21:20:36.725 | INFO     | DPAH:train:187 - [epoch:1/3][loss:-0.028621]
2024-08-31 21:21:04.491 | INFO     | DPAH:train:187 - [epoch:2/3][loss:-0.028360]
2024-08-31 21:21:30.804 | INFO     | DPAH:train:187 - [epoch:3/3][loss:-0.028620]
2024-08-31 21:21:30.805 | INFO     | DPAH:train:190 - [iter:49/50][iter_time:81.83]
2024-08-31 21:28:48.407 | INFO     | DPAH:train:262 - [iter:49/50][code_length:16][mAP:0.17090][mAP_all:0.43744][best_mAP:0.17090]
2024-08-31 21:28:48.408 | INFO     | DPAH:train:263 - [iter:49/50][code_length:16][zs_mAP:0.28653][zs_mAP_all:0.29406]
2024-08-31 21:29:15.632 | INFO     | DPAH:train:187 - [epoch:1/3][loss:-0.029110]
2024-08-31 21:29:42.682 | INFO     | DPAH:train:187 - [epoch:2/3][loss:-0.028787]
2024-08-31 21:30:10.730 | INFO     | DPAH:train:187 - [epoch:3/3][loss:-0.029122]
2024-08-31 21:30:10.731 | INFO     | DPAH:train:190 - [iter:50/50][iter_time:82.32]
2024-08-31 21:37:34.409 | INFO     | DPAH:train:262 - [iter:50/50][code_length:16][mAP:0.17090][mAP_all:0.43744][best_mAP:0.17090]
2024-08-31 21:37:34.410 | INFO     | DPAH:train:263 - [iter:50/50][code_length:16][zs_mAP:0.28653][zs_mAP_all:0.29406]
2024-08-31 21:37:34.410 | INFO     | DPAH:train:266 - [Training time:10195.69]
2024-08-31 21:37:34.413 | INFO     | __main__:run:138 - [code_length:16][map:0.1709][map_all:0.4374][zs_map:0.2865][zs_map_all:0.2941]
2024-08-31 21:38:01.361 | INFO     | DPAH:train:187 - [epoch:1/3][loss:0.378813]
2024-08-31 21:38:27.661 | INFO     | DPAH:train:187 - [epoch:2/3][loss:0.046250]
2024-08-31 21:38:53.857 | INFO     | DPAH:train:187 - [epoch:3/3][loss:0.023837]
2024-08-31 21:38:53.857 | INFO     | DPAH:train:190 - [iter:1/50][iter_time:78.81]
2024-08-31 21:39:20.556 | INFO     | DPAH:train:187 - [epoch:1/3][loss:0.013441]
2024-08-31 21:39:47.358 | INFO     | DPAH:train:187 - [epoch:2/3][loss:0.006833]
2024-08-31 21:40:13.393 | INFO     | DPAH:train:187 - [epoch:3/3][loss:0.002508]
2024-08-31 21:40:13.393 | INFO     | DPAH:train:190 - [iter:2/50][iter_time:79.54]
2024-08-31 21:40:39.717 | INFO     | DPAH:train:187 - [epoch:1/3][loss:-0.001036]
2024-08-31 21:41:04.547 | INFO     | DPAH:train:187 - [epoch:2/3][loss:-0.003229]
2024-08-31 21:41:29.087 | INFO     | DPAH:train:187 - [epoch:3/3][loss:-0.004980]
2024-08-31 21:41:29.088 | INFO     | DPAH:train:190 - [iter:3/50][iter_time:75.69]
2024-08-31 21:41:53.703 | INFO     | DPAH:train:187 - [epoch:1/3][loss:-0.006829]
2024-08-31 21:42:19.188 | INFO     | DPAH:train:187 - [epoch:2/3][loss:-0.007966]
2024-08-31 21:42:46.886 | INFO     | DPAH:train:187 - [epoch:3/3][loss:-0.008926]
2024-08-31 21:42:46.887 | INFO     | DPAH:train:190 - [iter:4/50][iter_time:77.80]
2024-08-31 21:43:14.158 | INFO     | DPAH:train:187 - [epoch:1/3][loss:-0.008927]
2024-08-31 21:43:41.221 | INFO     | DPAH:train:187 - [epoch:2/3][loss:-0.009610]
2024-08-31 21:44:09.073 | INFO     | DPAH:train:187 - [epoch:3/3][loss:-0.010292]
2024-08-31 21:44:09.074 | INFO     | DPAH:train:190 - [iter:5/50][iter_time:82.19]
2024-08-31 21:51:36.408 | INFO     | DPAH:train:262 - [iter:5/50][code_length:32][mAP:0.17090][mAP_all:0.43744][best_mAP:0.17090]
2024-08-31 21:51:36.408 | INFO     | DPAH:train:263 - [iter:5/50][code_length:32][zs_mAP:0.28653][zs_mAP_all:0.29406]
2024-08-31 21:52:03.304 | INFO     | DPAH:train:187 - [epoch:1/3][loss:-0.011113]
2024-08-31 21:52:29.490 | INFO     | DPAH:train:187 - [epoch:2/3][loss:-0.011628]
2024-08-31 21:52:56.172 | INFO     | DPAH:train:187 - [epoch:3/3][loss:-0.012086]
2024-08-31 21:52:56.172 | INFO     | DPAH:train:190 - [iter:6/50][iter_time:79.76]
2024-08-31 21:53:22.216 | INFO     | DPAH:train:187 - [epoch:1/3][loss:-0.012246]
2024-08-31 21:53:48.266 | INFO     | DPAH:train:187 - [epoch:2/3][loss:-0.012629]
2024-08-31 21:54:14.410 | INFO     | DPAH:train:187 - [epoch:3/3][loss:-0.012993]
2024-08-31 21:54:14.410 | INFO     | DPAH:train:190 - [iter:7/50][iter_time:78.24]
2024-08-31 21:54:40.848 | INFO     | DPAH:train:187 - [epoch:1/3][loss:-0.013852]
2024-08-31 21:55:06.947 | INFO     | DPAH:train:187 - [epoch:2/3][loss:-0.014164]
2024-08-31 21:55:32.972 | INFO     | DPAH:train:187 - [epoch:3/3][loss:-0.014462]
2024-08-31 21:55:32.972 | INFO     | DPAH:train:190 - [iter:8/50][iter_time:78.56]
2024-08-31 21:55:59.264 | INFO     | DPAH:train:187 - [epoch:1/3][loss:-0.014028]
2024-08-31 21:56:25.691 | INFO     | DPAH:train:187 - [epoch:2/3][loss:-0.014285]
2024-08-31 21:56:53.467 | INFO     | DPAH:train:187 - [epoch:3/3][loss:-0.014537]
2024-08-31 21:56:53.468 | INFO     | DPAH:train:190 - [iter:9/50][iter_time:80.50]
2024-08-31 21:57:20.965 | INFO     | DPAH:train:187 - [epoch:1/3][loss:-0.015020]
2024-08-31 21:57:47.616 | INFO     | DPAH:train:187 - [epoch:2/3][loss:-0.015251]
2024-08-31 21:58:15.077 | INFO     | DPAH:train:187 - [epoch:3/3][loss:-0.015483]
2024-08-31 21:58:15.077 | INFO     | DPAH:train:190 - [iter:10/50][iter_time:81.61]
2024-08-31 22:05:41.884 | INFO     | DPAH:train:262 - [iter:10/50][code_length:32][mAP:0.17090][mAP_all:0.43744][best_mAP:0.17090]
2024-08-31 22:05:41.884 | INFO     | DPAH:train:263 - [iter:10/50][code_length:32][zs_mAP:0.28653][zs_mAP_all:0.29406]
2024-08-31 22:06:08.632 | INFO     | DPAH:train:187 - [epoch:1/3][loss:-0.015884]
2024-08-31 22:06:35.035 | INFO     | DPAH:train:187 - [epoch:2/3][loss:-0.016088]
2024-08-31 22:07:01.475 | INFO     | DPAH:train:187 - [epoch:3/3][loss:-0.016286]
2024-08-31 22:07:01.476 | INFO     | DPAH:train:190 - [iter:11/50][iter_time:79.59]
2024-08-31 22:07:27.717 | INFO     | DPAH:train:187 - [epoch:1/3][loss:-0.016689]
2024-08-31 22:07:54.234 | INFO     | DPAH:train:187 - [epoch:2/3][loss:-0.016876]
2024-08-31 22:08:21.363 | INFO     | DPAH:train:187 - [epoch:3/3][loss:-0.017067]
2024-08-31 22:08:21.363 | INFO     | DPAH:train:190 - [iter:12/50][iter_time:79.89]
2024-08-31 22:08:48.747 | INFO     | DPAH:train:187 - [epoch:1/3][loss:-0.016634]
2024-08-31 22:09:15.782 | INFO     | DPAH:train:187 - [epoch:2/3][loss:-0.016798]
2024-08-31 22:09:42.689 | INFO     | DPAH:train:187 - [epoch:3/3][loss:-0.016956]
2024-08-31 22:09:42.690 | INFO     | DPAH:train:190 - [iter:13/50][iter_time:81.33]
2024-08-31 22:10:08.988 | INFO     | DPAH:train:187 - [epoch:1/3][loss:-0.017326]
2024-08-31 22:10:35.637 | INFO     | DPAH:train:187 - [epoch:2/3][loss:-0.017519]
2024-08-31 22:11:03.164 | INFO     | DPAH:train:187 - [epoch:3/3][loss:-0.017683]
2024-08-31 22:11:03.165 | INFO     | DPAH:train:190 - [iter:14/50][iter_time:80.47]
2024-08-31 22:11:30.735 | INFO     | DPAH:train:187 - [epoch:1/3][loss:-0.017787]
2024-08-31 22:11:58.281 | INFO     | DPAH:train:187 - [epoch:2/3][loss:-0.017933]
2024-08-31 22:12:26.393 | INFO     | DPAH:train:187 - [epoch:3/3][loss:-0.018087]
2024-08-31 22:12:26.393 | INFO     | DPAH:train:190 - [iter:15/50][iter_time:83.23]
2024-08-31 22:19:49.749 | INFO     | DPAH:train:262 - [iter:15/50][code_length:32][mAP:0.17090][mAP_all:0.43744][best_mAP:0.17090]
2024-08-31 22:19:49.750 | INFO     | DPAH:train:263 - [iter:15/50][code_length:32][zs_mAP:0.28653][zs_mAP_all:0.29406]
2024-08-31 22:20:16.057 | INFO     | DPAH:train:187 - [epoch:1/3][loss:-0.018672]
2024-08-31 22:20:42.465 | INFO     | DPAH:train:187 - [epoch:2/3][loss:-0.018825]
2024-08-31 22:21:08.747 | INFO     | DPAH:train:187 - [epoch:3/3][loss:-0.018960]
2024-08-31 22:21:08.748 | INFO     | DPAH:train:190 - [iter:16/50][iter_time:79.00]
2024-08-31 22:21:35.086 | INFO     | DPAH:train:187 - [epoch:1/3][loss:-0.019160]
2024-08-31 22:22:01.594 | INFO     | DPAH:train:187 - [epoch:2/3][loss:-0.019293]
2024-08-31 22:22:27.989 | INFO     | DPAH:train:187 - [epoch:3/3][loss:-0.019427]
2024-08-31 22:22:27.990 | INFO     | DPAH:train:190 - [iter:17/50][iter_time:79.24]
2024-08-31 22:22:54.211 | INFO     | DPAH:train:187 - [epoch:1/3][loss:-0.018723]
2024-08-31 22:23:20.348 | INFO     | DPAH:train:187 - [epoch:2/3][loss:-0.018833]
2024-08-31 22:23:46.370 | INFO     | DPAH:train:187 - [epoch:3/3][loss:-0.018971]
2024-08-31 22:23:46.371 | INFO     | DPAH:train:190 - [iter:18/50][iter_time:78.38]
2024-08-31 22:24:12.730 | INFO     | DPAH:train:187 - [epoch:1/3][loss:-0.019991]
2024-08-31 22:24:39.788 | INFO     | DPAH:train:187 - [epoch:2/3][loss:-0.020124]
2024-08-31 22:25:07.272 | INFO     | DPAH:train:187 - [epoch:3/3][loss:-0.020243]
2024-08-31 22:25:07.273 | INFO     | DPAH:train:190 - [iter:19/50][iter_time:80.90]
2024-08-31 22:25:35.097 | INFO     | DPAH:train:187 - [epoch:1/3][loss:-0.019986]
2024-08-31 22:26:02.338 | INFO     | DPAH:train:187 - [epoch:2/3][loss:-0.020109]
2024-08-31 22:26:29.604 | INFO     | DPAH:train:187 - [epoch:3/3][loss:-0.020228]
2024-08-31 22:26:29.605 | INFO     | DPAH:train:190 - [iter:20/50][iter_time:82.33]
2024-08-31 22:33:52.646 | INFO     | DPAH:train:262 - [iter:20/50][code_length:32][mAP:0.17090][mAP_all:0.43744][best_mAP:0.17090]
2024-08-31 22:33:52.647 | INFO     | DPAH:train:263 - [iter:20/50][code_length:32][zs_mAP:0.28653][zs_mAP_all:0.29406]
2024-08-31 22:34:19.321 | INFO     | DPAH:train:187 - [epoch:1/3][loss:-0.020344]
2024-08-31 22:34:45.559 | INFO     | DPAH:train:187 - [epoch:2/3][loss:-0.020456]
2024-08-31 22:35:11.597 | INFO     | DPAH:train:187 - [epoch:3/3][loss:-0.020563]
2024-08-31 22:35:11.598 | INFO     | DPAH:train:190 - [iter:21/50][iter_time:78.95]
2024-08-31 22:35:37.845 | INFO     | DPAH:train:187 - [epoch:1/3][loss:-0.020824]
2024-08-31 22:36:04.101 | INFO     | DPAH:train:187 - [epoch:2/3][loss:-0.020939]
2024-08-31 22:36:30.507 | INFO     | DPAH:train:187 - [epoch:3/3][loss:-0.021039]
2024-08-31 22:36:30.508 | INFO     | DPAH:train:190 - [iter:22/50][iter_time:78.91]
2024-08-31 22:36:56.776 | INFO     | DPAH:train:187 - [epoch:1/3][loss:-0.021210]
2024-08-31 22:37:22.704 | INFO     | DPAH:train:187 - [epoch:2/3][loss:-0.021320]
2024-08-31 22:37:49.033 | INFO     | DPAH:train:187 - [epoch:3/3][loss:-0.021431]
2024-08-31 22:37:49.034 | INFO     | DPAH:train:190 - [iter:23/50][iter_time:78.53]
2024-08-31 22:38:15.496 | INFO     | DPAH:train:187 - [epoch:1/3][loss:-0.021064]
2024-08-31 22:38:42.192 | INFO     | DPAH:train:187 - [epoch:2/3][loss:-0.021169]
2024-08-31 22:39:09.936 | INFO     | DPAH:train:187 - [epoch:3/3][loss:-0.021280]
2024-08-31 22:39:09.937 | INFO     | DPAH:train:190 - [iter:24/50][iter_time:80.90]
2024-08-31 22:39:37.793 | INFO     | DPAH:train:187 - [epoch:1/3][loss:-0.021018]
2024-08-31 22:40:05.403 | INFO     | DPAH:train:187 - [epoch:2/3][loss:-0.021120]
2024-08-31 22:40:32.657 | INFO     | DPAH:train:187 - [epoch:3/3][loss:-0.021225]
2024-08-31 22:40:32.658 | INFO     | DPAH:train:190 - [iter:25/50][iter_time:82.72]
2024-08-31 22:47:56.624 | INFO     | DPAH:train:262 - [iter:25/50][code_length:32][mAP:0.17090][mAP_all:0.43744][best_mAP:0.17090]
2024-08-31 22:47:56.625 | INFO     | DPAH:train:263 - [iter:25/50][code_length:32][zs_mAP:0.28653][zs_mAP_all:0.29406]
2024-08-31 22:48:23.366 | INFO     | DPAH:train:187 - [epoch:1/3][loss:-0.021829]
2024-08-31 22:48:49.828 | INFO     | DPAH:train:187 - [epoch:2/3][loss:-0.021926]
2024-08-31 22:49:16.100 | INFO     | DPAH:train:187 - [epoch:3/3][loss:-0.022020]
2024-08-31 22:49:16.100 | INFO     | DPAH:train:190 - [iter:26/50][iter_time:79.48]
2024-08-31 22:49:41.705 | INFO     | DPAH:train:187 - [epoch:1/3][loss:-0.022196]
2024-08-31 22:50:08.197 | INFO     | DPAH:train:187 - [epoch:2/3][loss:-0.022292]
2024-08-31 22:50:34.502 | INFO     | DPAH:train:187 - [epoch:3/3][loss:-0.022392]
2024-08-31 22:50:34.503 | INFO     | DPAH:train:190 - [iter:27/50][iter_time:78.40]
2024-08-31 22:51:00.739 | INFO     | DPAH:train:187 - [epoch:1/3][loss:-0.022031]
2024-08-31 22:51:26.976 | INFO     | DPAH:train:187 - [epoch:2/3][loss:-0.022124]
2024-08-31 22:51:53.237 | INFO     | DPAH:train:187 - [epoch:3/3][loss:-0.022219]
2024-08-31 22:51:53.238 | INFO     | DPAH:train:190 - [iter:28/50][iter_time:78.73]
2024-08-31 22:52:19.500 | INFO     | DPAH:train:187 - [epoch:1/3][loss:-0.022733]
2024-08-31 22:52:46.310 | INFO     | DPAH:train:187 - [epoch:2/3][loss:-0.022828]
2024-08-31 22:53:14.444 | INFO     | DPAH:train:187 - [epoch:3/3][loss:-0.022923]
2024-08-31 22:53:14.445 | INFO     | DPAH:train:190 - [iter:29/50][iter_time:81.21]
2024-08-31 22:53:42.750 | INFO     | DPAH:train:187 - [epoch:1/3][loss:-0.023122]
2024-08-31 22:54:11.049 | INFO     | DPAH:train:187 - [epoch:2/3][loss:-0.023213]
2024-08-31 22:54:38.753 | INFO     | DPAH:train:187 - [epoch:3/3][loss:-0.023305]
2024-08-31 22:54:38.753 | INFO     | DPAH:train:190 - [iter:30/50][iter_time:84.31]
2024-08-31 23:02:02.610 | INFO     | DPAH:train:262 - [iter:30/50][code_length:32][mAP:0.17090][mAP_all:0.43744][best_mAP:0.17090]
2024-08-31 23:02:02.610 | INFO     | DPAH:train:263 - [iter:30/50][code_length:32][zs_mAP:0.28653][zs_mAP_all:0.29406]
2024-08-31 23:02:29.391 | INFO     | DPAH:train:187 - [epoch:1/3][loss:-0.023781]
2024-08-31 23:02:56.421 | INFO     | DPAH:train:187 - [epoch:2/3][loss:-0.023874]
2024-08-31 23:03:22.598 | INFO     | DPAH:train:187 - [epoch:3/3][loss:-0.023970]
2024-08-31 23:03:22.599 | INFO     | DPAH:train:190 - [iter:31/50][iter_time:79.99]
2024-08-31 23:03:48.849 | INFO     | DPAH:train:187 - [epoch:1/3][loss:-0.024115]
2024-08-31 23:04:15.007 | INFO     | DPAH:train:187 - [epoch:2/3][loss:-0.024202]
2024-08-31 23:04:41.280 | INFO     | DPAH:train:187 - [epoch:3/3][loss:-0.024293]
2024-08-31 23:04:41.281 | INFO     | DPAH:train:190 - [iter:32/50][iter_time:78.68]
2024-08-31 23:05:07.560 | INFO     | DPAH:train:187 - [epoch:1/3][loss:-0.023589]
2024-08-31 23:05:33.508 | INFO     | DPAH:train:187 - [epoch:2/3][loss:-0.023672]
2024-08-31 23:05:59.706 | INFO     | DPAH:train:187 - [epoch:3/3][loss:-0.023758]
2024-08-31 23:05:59.707 | INFO     | DPAH:train:190 - [iter:33/50][iter_time:78.43]
2024-08-31 23:06:26.100 | INFO     | DPAH:train:187 - [epoch:1/3][loss:-0.024601]
2024-08-31 23:06:52.609 | INFO     | DPAH:train:187 - [epoch:2/3][loss:-0.024684]
2024-08-31 23:07:20.064 | INFO     | DPAH:train:187 - [epoch:3/3][loss:-0.024770]
2024-08-31 23:07:20.064 | INFO     | DPAH:train:190 - [iter:34/50][iter_time:80.36]
2024-08-31 23:07:47.710 | INFO     | DPAH:train:187 - [epoch:1/3][loss:-0.024039]
2024-08-31 23:08:16.087 | INFO     | DPAH:train:187 - [epoch:2/3][loss:-0.024123]
2024-08-31 23:08:43.696 | INFO     | DPAH:train:187 - [epoch:3/3][loss:-0.024209]
2024-08-31 23:08:43.697 | INFO     | DPAH:train:190 - [iter:35/50][iter_time:83.63]
2024-08-31 23:16:08.660 | INFO     | DPAH:train:262 - [iter:35/50][code_length:32][mAP:0.17090][mAP_all:0.43744][best_mAP:0.17090]
2024-08-31 23:16:08.661 | INFO     | DPAH:train:263 - [iter:35/50][code_length:32][zs_mAP:0.28653][zs_mAP_all:0.29406]
2024-08-31 23:16:34.973 | INFO     | DPAH:train:187 - [epoch:1/3][loss:-0.024432]
2024-08-31 23:17:01.019 | INFO     | DPAH:train:187 - [epoch:2/3][loss:-0.024522]
2024-08-31 23:17:27.331 | INFO     | DPAH:train:187 - [epoch:3/3][loss:-0.024606]
2024-08-31 23:17:27.331 | INFO     | DPAH:train:190 - [iter:36/50][iter_time:78.67]
2024-08-31 23:17:53.390 | INFO     | DPAH:train:187 - [epoch:1/3][loss:-0.024803]
2024-08-31 23:18:19.601 | INFO     | DPAH:train:187 - [epoch:2/3][loss:-0.024889]
2024-08-31 23:18:45.629 | INFO     | DPAH:train:187 - [epoch:3/3][loss:-0.024970]
2024-08-31 23:18:45.629 | INFO     | DPAH:train:190 - [iter:37/50][iter_time:78.30]
2024-08-31 23:19:12.011 | INFO     | DPAH:train:187 - [epoch:1/3][loss:-0.024993]
2024-08-31 23:19:38.071 | INFO     | DPAH:train:187 - [epoch:2/3][loss:-0.025078]
2024-08-31 23:20:04.191 | INFO     | DPAH:train:187 - [epoch:3/3][loss:-0.025159]
2024-08-31 23:20:04.191 | INFO     | DPAH:train:190 - [iter:38/50][iter_time:78.56]
2024-08-31 23:20:30.716 | INFO     | DPAH:train:187 - [epoch:1/3][loss:-0.025530]
2024-08-31 23:20:57.704 | INFO     | DPAH:train:187 - [epoch:2/3][loss:-0.025611]
2024-08-31 23:21:25.188 | INFO     | DPAH:train:187 - [epoch:3/3][loss:-0.025687]
2024-08-31 23:21:25.189 | INFO     | DPAH:train:190 - [iter:39/50][iter_time:81.00]
2024-08-31 23:21:52.340 | INFO     | DPAH:train:187 - [epoch:1/3][loss:-0.025330]
2024-08-31 23:22:19.651 | INFO     | DPAH:train:187 - [epoch:2/3][loss:-0.025408]
2024-08-31 23:22:48.328 | INFO     | DPAH:train:187 - [epoch:3/3][loss:-0.025486]
2024-08-31 23:22:48.329 | INFO     | DPAH:train:190 - [iter:40/50][iter_time:83.14]
2024-08-31 23:30:11.298 | INFO     | DPAH:train:262 - [iter:40/50][code_length:32][mAP:0.17090][mAP_all:0.43744][best_mAP:0.17090]
2024-08-31 23:30:11.298 | INFO     | DPAH:train:263 - [iter:40/50][code_length:32][zs_mAP:0.28653][zs_mAP_all:0.29406]
2024-08-31 23:30:37.810 | INFO     | DPAH:train:187 - [epoch:1/3][loss:-0.025351]
2024-08-31 23:31:04.094 | INFO     | DPAH:train:187 - [epoch:2/3][loss:-0.025437]
2024-08-31 23:31:30.257 | INFO     | DPAH:train:187 - [epoch:3/3][loss:-0.025511]
2024-08-31 23:31:30.258 | INFO     | DPAH:train:190 - [iter:41/50][iter_time:78.96]
2024-08-31 23:31:56.587 | INFO     | DPAH:train:187 - [epoch:1/3][loss:-0.025840]
2024-08-31 23:32:22.997 | INFO     | DPAH:train:187 - [epoch:2/3][loss:-0.025917]
2024-08-31 23:32:49.333 | INFO     | DPAH:train:187 - [epoch:3/3][loss:-0.025993]
2024-08-31 23:32:49.334 | INFO     | DPAH:train:190 - [iter:42/50][iter_time:79.08]
2024-08-31 23:33:15.496 | INFO     | DPAH:train:187 - [epoch:1/3][loss:-0.026245]
2024-08-31 23:33:41.391 | INFO     | DPAH:train:187 - [epoch:2/3][loss:-0.026316]
2024-08-31 23:34:07.200 | INFO     | DPAH:train:187 - [epoch:3/3][loss:-0.026390]
2024-08-31 23:34:07.201 | INFO     | DPAH:train:190 - [iter:43/50][iter_time:77.87]
2024-08-31 23:34:33.533 | INFO     | DPAH:train:187 - [epoch:1/3][loss:-0.026583]
2024-08-31 23:35:00.442 | INFO     | DPAH:train:187 - [epoch:2/3][loss:-0.026652]
2024-08-31 23:35:27.852 | INFO     | DPAH:train:187 - [epoch:3/3][loss:-0.026729]
2024-08-31 23:35:27.852 | INFO     | DPAH:train:190 - [iter:44/50][iter_time:80.65]
2024-08-31 23:35:54.781 | INFO     | DPAH:train:187 - [epoch:1/3][loss:-0.026755]
2024-08-31 23:36:20.993 | INFO     | DPAH:train:187 - [epoch:2/3][loss:-0.026835]
2024-08-31 23:36:47.125 | INFO     | DPAH:train:187 - [epoch:3/3][loss:-0.026911]
2024-08-31 23:36:47.126 | INFO     | DPAH:train:190 - [iter:45/50][iter_time:79.27]
2024-08-31 23:44:04.627 | INFO     | DPAH:train:262 - [iter:45/50][code_length:32][mAP:0.17090][mAP_all:0.43744][best_mAP:0.17090]
2024-08-31 23:44:04.627 | INFO     | DPAH:train:263 - [iter:45/50][code_length:32][zs_mAP:0.28653][zs_mAP_all:0.29406]
2024-08-31 23:44:31.260 | INFO     | DPAH:train:187 - [epoch:1/3][loss:-0.027034]
2024-08-31 23:44:57.451 | INFO     | DPAH:train:187 - [epoch:2/3][loss:-0.027041]
2024-08-31 23:45:23.633 | INFO     | DPAH:train:187 - [epoch:3/3][loss:-0.027048]
2024-08-31 23:45:23.633 | INFO     | DPAH:train:190 - [iter:46/50][iter_time:79.01]
2024-08-31 23:52:39.716 | INFO     | DPAH:train:262 - [iter:46/50][code_length:32][mAP:0.17090][mAP_all:0.43744][best_mAP:0.17090]
2024-08-31 23:52:39.717 | INFO     | DPAH:train:263 - [iter:46/50][code_length:32][zs_mAP:0.28653][zs_mAP_all:0.29406]
2024-08-31 23:53:06.896 | INFO     | DPAH:train:187 - [epoch:1/3][loss:-0.027119]
2024-08-31 23:53:32.712 | INFO     | DPAH:train:187 - [epoch:2/3][loss:-0.027129]
2024-08-31 23:53:58.835 | INFO     | DPAH:train:187 - [epoch:3/3][loss:-0.027133]
2024-08-31 23:53:58.836 | INFO     | DPAH:train:190 - [iter:47/50][iter_time:79.12]
2024-09-01 00:01:15.904 | INFO     | DPAH:train:262 - [iter:47/50][code_length:32][mAP:0.17090][mAP_all:0.43744][best_mAP:0.17090]
2024-09-01 00:01:15.904 | INFO     | DPAH:train:263 - [iter:47/50][code_length:32][zs_mAP:0.28653][zs_mAP_all:0.29406]
2024-09-01 00:01:43.503 | INFO     | DPAH:train:187 - [epoch:1/3][loss:-0.026754]
2024-09-01 00:02:11.828 | INFO     | DPAH:train:187 - [epoch:2/3][loss:-0.026761]
2024-09-01 00:02:38.871 | INFO     | DPAH:train:187 - [epoch:3/3][loss:-0.026770]
2024-09-01 00:02:38.872 | INFO     | DPAH:train:190 - [iter:48/50][iter_time:82.97]
2024-09-01 00:09:55.243 | INFO     | DPAH:train:262 - [iter:48/50][code_length:32][mAP:0.17090][mAP_all:0.43744][best_mAP:0.17090]
2024-09-01 00:09:55.244 | INFO     | DPAH:train:263 - [iter:48/50][code_length:32][zs_mAP:0.28653][zs_mAP_all:0.29406]
2024-09-01 00:10:23.353 | INFO     | DPAH:train:187 - [epoch:1/3][loss:-0.026233]
2024-09-01 00:10:50.310 | INFO     | DPAH:train:187 - [epoch:2/3][loss:-0.026242]
2024-09-01 00:11:16.669 | INFO     | DPAH:train:187 - [epoch:3/3][loss:-0.026246]
2024-09-01 00:11:16.669 | INFO     | DPAH:train:190 - [iter:49/50][iter_time:81.43]
2024-09-01 00:18:34.655 | INFO     | DPAH:train:262 - [iter:49/50][code_length:32][mAP:0.17090][mAP_all:0.43744][best_mAP:0.17090]
2024-09-01 00:18:34.656 | INFO     | DPAH:train:263 - [iter:49/50][code_length:32][zs_mAP:0.28653][zs_mAP_all:0.29406]
2024-09-01 00:19:02.326 | INFO     | DPAH:train:187 - [epoch:1/3][loss:-0.027401]
2024-09-01 00:19:29.768 | INFO     | DPAH:train:187 - [epoch:2/3][loss:-0.027401]
2024-09-01 00:19:56.588 | INFO     | DPAH:train:187 - [epoch:3/3][loss:-0.027411]
2024-09-01 00:19:56.589 | INFO     | DPAH:train:190 - [iter:50/50][iter_time:81.93]
2024-09-01 00:27:18.333 | INFO     | DPAH:train:262 - [iter:50/50][code_length:32][mAP:0.17090][mAP_all:0.43744][best_mAP:0.17090]
2024-09-01 00:27:18.334 | INFO     | DPAH:train:263 - [iter:50/50][code_length:32][zs_mAP:0.28653][zs_mAP_all:0.29406]
2024-09-01 00:27:18.334 | INFO     | DPAH:train:266 - [Training time:10183.29]
2024-09-01 00:27:18.339 | INFO     | __main__:run:138 - [code_length:32][map:0.1709][map_all:0.4374][zs_map:0.2865][zs_map_all:0.2941]
2024-09-01 00:27:45.286 | INFO     | DPAH:train:187 - [epoch:1/3][loss:0.430057]
2024-09-01 00:28:11.409 | INFO     | DPAH:train:187 - [epoch:2/3][loss:0.082582]
2024-09-01 00:28:37.797 | INFO     | DPAH:train:187 - [epoch:3/3][loss:0.068160]
2024-09-01 00:28:37.798 | INFO     | DPAH:train:190 - [iter:1/50][iter_time:78.85]
2024-09-01 00:29:04.268 | INFO     | DPAH:train:187 - [epoch:1/3][loss:0.059456]
2024-09-01 00:29:30.410 | INFO     | DPAH:train:187 - [epoch:2/3][loss:0.053278]
2024-09-01 00:29:56.642 | INFO     | DPAH:train:187 - [epoch:3/3][loss:0.048445]
2024-09-01 00:29:56.643 | INFO     | DPAH:train:190 - [iter:2/50][iter_time:78.84]
2024-09-01 00:30:22.950 | INFO     | DPAH:train:187 - [epoch:1/3][loss:0.044298]
2024-09-01 00:30:49.299 | INFO     | DPAH:train:187 - [epoch:2/3][loss:0.040954]
2024-09-01 00:31:15.598 | INFO     | DPAH:train:187 - [epoch:3/3][loss:0.038105]
2024-09-01 00:31:15.598 | INFO     | DPAH:train:190 - [iter:3/50][iter_time:78.96]
2024-09-01 00:31:41.799 | INFO     | DPAH:train:187 - [epoch:1/3][loss:0.036531]
2024-09-01 00:32:08.064 | INFO     | DPAH:train:187 - [epoch:2/3][loss:0.034708]
2024-09-01 00:32:35.432 | INFO     | DPAH:train:187 - [epoch:3/3][loss:0.033167]
2024-09-01 00:32:35.433 | INFO     | DPAH:train:190 - [iter:4/50][iter_time:79.83]
2024-09-01 00:33:03.187 | INFO     | DPAH:train:187 - [epoch:1/3][loss:0.030710]
2024-09-01 00:33:30.180 | INFO     | DPAH:train:187 - [epoch:2/3][loss:0.029566]
2024-09-01 00:33:57.974 | INFO     | DPAH:train:187 - [epoch:3/3][loss:0.028571]
2024-09-01 00:33:57.975 | INFO     | DPAH:train:190 - [iter:5/50][iter_time:82.54]
2024-09-01 00:41:33.351 | INFO     | DPAH:train:262 - [iter:5/50][code_length:64][mAP:0.18149][mAP_all:0.44713][best_mAP:0.18149]
2024-09-01 00:41:33.351 | INFO     | DPAH:train:263 - [iter:5/50][code_length:64][zs_mAP:0.28676][zs_mAP_all:0.30075]
2024-09-01 00:41:59.821 | INFO     | DPAH:train:187 - [epoch:1/3][loss:0.027723]
2024-09-01 00:42:26.238 | INFO     | DPAH:train:187 - [epoch:2/3][loss:0.026902]
2024-09-01 00:42:52.722 | INFO     | DPAH:train:187 - [epoch:3/3][loss:0.026129]
2024-09-01 00:42:52.722 | INFO     | DPAH:train:190 - [iter:6/50][iter_time:79.37]
2024-09-01 00:43:19.036 | INFO     | DPAH:train:187 - [epoch:1/3][loss:0.025742]
2024-09-01 00:43:45.501 | INFO     | DPAH:train:187 - [epoch:2/3][loss:0.025020]
2024-09-01 00:44:11.763 | INFO     | DPAH:train:187 - [epoch:3/3][loss:0.024318]
2024-09-01 00:44:11.764 | INFO     | DPAH:train:190 - [iter:7/50][iter_time:79.04]
2024-09-01 00:44:38.076 | INFO     | DPAH:train:187 - [epoch:1/3][loss:0.023736]
2024-09-01 00:45:04.405 | INFO     | DPAH:train:187 - [epoch:2/3][loss:0.023168]
2024-09-01 00:45:30.590 | INFO     | DPAH:train:187 - [epoch:3/3][loss:0.022622]
2024-09-01 00:45:30.590 | INFO     | DPAH:train:190 - [iter:8/50][iter_time:78.83]
2024-09-01 00:45:57.316 | INFO     | DPAH:train:187 - [epoch:1/3][loss:0.022269]
2024-09-01 00:46:25.008 | INFO     | DPAH:train:187 - [epoch:2/3][loss:0.021763]
2024-09-01 00:46:53.093 | INFO     | DPAH:train:187 - [epoch:3/3][loss:0.021305]
2024-09-01 00:46:53.094 | INFO     | DPAH:train:190 - [iter:9/50][iter_time:82.50]
2024-09-01 00:47:20.952 | INFO     | DPAH:train:187 - [epoch:1/3][loss:0.020323]
2024-09-01 00:47:48.566 | INFO     | DPAH:train:187 - [epoch:2/3][loss:0.019792]
2024-09-01 00:48:16.438 | INFO     | DPAH:train:187 - [epoch:3/3][loss:0.019274]
2024-09-01 00:48:16.439 | INFO     | DPAH:train:190 - [iter:10/50][iter_time:83.34]
2024-09-01 00:55:48.175 | INFO     | DPAH:train:262 - [iter:10/50][code_length:64][mAP:0.17089][mAP_all:0.43751][best_mAP:0.18149]
2024-09-01 00:55:48.176 | INFO     | DPAH:train:263 - [iter:10/50][code_length:64][zs_mAP:0.28653][zs_mAP_all:0.29416]
2024-09-01 00:56:14.798 | INFO     | DPAH:train:187 - [epoch:1/3][loss:0.019462]
2024-09-01 00:56:41.157 | INFO     | DPAH:train:187 - [epoch:2/3][loss:0.018925]
2024-09-01 00:57:07.733 | INFO     | DPAH:train:187 - [epoch:3/3][loss:0.018453]
2024-09-01 00:57:07.733 | INFO     | DPAH:train:190 - [iter:11/50][iter_time:79.56]
2024-09-01 00:57:34.061 | INFO     | DPAH:train:187 - [epoch:1/3][loss:0.017736]
2024-09-01 00:58:00.411 | INFO     | DPAH:train:187 - [epoch:2/3][loss:0.017326]
2024-09-01 00:58:26.621 | INFO     | DPAH:train:187 - [epoch:3/3][loss:0.016910]
2024-09-01 00:58:26.622 | INFO     | DPAH:train:190 - [iter:12/50][iter_time:78.89]
2024-09-01 00:58:53.100 | INFO     | DPAH:train:187 - [epoch:1/3][loss:0.016710]
2024-09-01 00:59:19.444 | INFO     | DPAH:train:187 - [epoch:2/3][loss:0.016328]
2024-09-01 00:59:46.193 | INFO     | DPAH:train:187 - [epoch:3/3][loss:0.015905]
2024-09-01 00:59:46.193 | INFO     | DPAH:train:190 - [iter:13/50][iter_time:79.57]
2024-09-01 01:00:13.714 | INFO     | DPAH:train:187 - [epoch:1/3][loss:0.015338]
2024-09-01 01:00:40.669 | INFO     | DPAH:train:187 - [epoch:2/3][loss:0.014890]
2024-09-01 01:01:08.553 | INFO     | DPAH:train:187 - [epoch:3/3][loss:0.014444]
2024-09-01 01:01:08.554 | INFO     | DPAH:train:190 - [iter:14/50][iter_time:82.36]
2024-09-01 01:01:36.467 | INFO     | DPAH:train:187 - [epoch:1/3][loss:0.014563]
2024-09-01 01:02:03.528 | INFO     | DPAH:train:187 - [epoch:2/3][loss:0.014187]
2024-09-01 01:02:31.179 | INFO     | DPAH:train:187 - [epoch:3/3][loss:0.013837]
2024-09-01 01:02:31.180 | INFO     | DPAH:train:190 - [iter:15/50][iter_time:82.63]
2024-09-01 01:10:01.251 | INFO     | DPAH:train:262 - [iter:15/50][code_length:64][mAP:0.17090][mAP_all:0.43744][best_mAP:0.18149]
2024-09-01 01:10:01.252 | INFO     | DPAH:train:263 - [iter:15/50][code_length:64][zs_mAP:0.28653][zs_mAP_all:0.29406]
2024-09-01 01:10:27.955 | INFO     | DPAH:train:187 - [epoch:1/3][loss:0.012454]
2024-09-01 01:10:54.393 | INFO     | DPAH:train:187 - [epoch:2/3][loss:0.012159]
2024-09-01 01:11:21.204 | INFO     | DPAH:train:187 - [epoch:3/3][loss:0.011877]
2024-09-01 01:11:21.205 | INFO     | DPAH:train:190 - [iter:16/50][iter_time:79.95]
2024-09-01 01:11:47.695 | INFO     | DPAH:train:187 - [epoch:1/3][loss:0.011711]
2024-09-01 01:12:14.173 | INFO     | DPAH:train:187 - [epoch:2/3][loss:0.011450]
2024-09-01 01:12:40.589 | INFO     | DPAH:train:187 - [epoch:3/3][loss:0.011208]
2024-09-01 01:12:40.589 | INFO     | DPAH:train:190 - [iter:17/50][iter_time:79.38]
2024-09-01 01:13:06.937 | INFO     | DPAH:train:187 - [epoch:1/3][loss:0.011459]
2024-09-01 01:13:33.770 | INFO     | DPAH:train:187 - [epoch:2/3][loss:0.011247]
2024-09-01 01:14:01.871 | INFO     | DPAH:train:187 - [epoch:3/3][loss:0.011031]
2024-09-01 01:14:01.871 | INFO     | DPAH:train:190 - [iter:18/50][iter_time:81.28]
2024-09-01 01:14:30.111 | INFO     | DPAH:train:187 - [epoch:1/3][loss:0.010454]
2024-09-01 01:14:57.734 | INFO     | DPAH:train:187 - [epoch:2/3][loss:0.010258]
2024-09-01 01:15:25.488 | INFO     | DPAH:train:187 - [epoch:3/3][loss:0.010056]
2024-09-01 01:15:25.488 | INFO     | DPAH:train:190 - [iter:19/50][iter_time:83.62]
2024-09-01 01:15:53.247 | INFO     | DPAH:train:187 - [epoch:1/3][loss:0.009994]
2024-09-01 01:16:21.789 | INFO     | DPAH:train:187 - [epoch:2/3][loss:0.009792]
2024-09-01 01:16:49.734 | INFO     | DPAH:train:187 - [epoch:3/3][loss:0.009617]
2024-09-01 01:16:49.734 | INFO     | DPAH:train:190 - [iter:20/50][iter_time:84.25]
2024-09-01 01:24:22.473 | INFO     | DPAH:train:262 - [iter:20/50][code_length:64][mAP:0.17090][mAP_all:0.43744][best_mAP:0.18149]
2024-09-01 01:24:22.474 | INFO     | DPAH:train:263 - [iter:20/50][code_length:64][zs_mAP:0.28653][zs_mAP_all:0.29406]
2024-09-01 01:24:49.033 | INFO     | DPAH:train:187 - [epoch:1/3][loss:0.009356]
2024-09-01 01:25:15.474 | INFO     | DPAH:train:187 - [epoch:2/3][loss:0.009173]
2024-09-01 01:25:42.279 | INFO     | DPAH:train:187 - [epoch:3/3][loss:0.008996]
2024-09-01 01:25:42.280 | INFO     | DPAH:train:190 - [iter:21/50][iter_time:79.81]
2024-09-01 01:26:08.946 | INFO     | DPAH:train:187 - [epoch:1/3][loss:0.008802]
2024-09-01 01:26:35.548 | INFO     | DPAH:train:187 - [epoch:2/3][loss:0.008639]
2024-09-01 01:27:02.158 | INFO     | DPAH:train:187 - [epoch:3/3][loss:0.008462]
2024-09-01 01:27:02.159 | INFO     | DPAH:train:190 - [iter:22/50][iter_time:79.88]
2024-09-01 01:27:28.972 | INFO     | DPAH:train:187 - [epoch:1/3][loss:0.008571]
2024-09-01 01:27:56.301 | INFO     | DPAH:train:187 - [epoch:2/3][loss:0.008409]
2024-09-01 01:28:23.632 | INFO     | DPAH:train:187 - [epoch:3/3][loss:0.008254]
2024-09-01 01:28:23.633 | INFO     | DPAH:train:190 - [iter:23/50][iter_time:81.47]
2024-09-01 01:28:51.179 | INFO     | DPAH:train:187 - [epoch:1/3][loss:0.008069]
2024-09-01 01:29:18.889 | INFO     | DPAH:train:187 - [epoch:2/3][loss:0.007905]
2024-09-01 01:29:46.577 | INFO     | DPAH:train:187 - [epoch:3/3][loss:0.007751]
2024-09-01 01:29:46.578 | INFO     | DPAH:train:190 - [iter:24/50][iter_time:82.94]
2024-09-01 01:30:14.051 | INFO     | DPAH:train:187 - [epoch:1/3][loss:0.007851]
2024-09-01 01:30:41.665 | INFO     | DPAH:train:187 - [epoch:2/3][loss:0.007702]
2024-09-01 01:31:09.385 | INFO     | DPAH:train:187 - [epoch:3/3][loss:0.007539]
2024-09-01 01:31:09.386 | INFO     | DPAH:train:190 - [iter:25/50][iter_time:82.81]
2024-09-01 01:38:36.141 | INFO     | DPAH:train:262 - [iter:25/50][code_length:64][mAP:0.17090][mAP_all:0.43744][best_mAP:0.18149]
2024-09-01 01:38:36.141 | INFO     | DPAH:train:263 - [iter:25/50][code_length:64][zs_mAP:0.28653][zs_mAP_all:0.29406]
2024-09-01 01:39:02.442 | INFO     | DPAH:train:187 - [epoch:1/3][loss:0.007559]
2024-09-01 01:39:28.624 | INFO     | DPAH:train:187 - [epoch:2/3][loss:0.007406]
2024-09-01 01:39:54.759 | INFO     | DPAH:train:187 - [epoch:3/3][loss:0.007265]
2024-09-01 01:39:54.759 | INFO     | DPAH:train:190 - [iter:26/50][iter_time:78.62]
2024-09-01 01:40:20.997 | INFO     | DPAH:train:187 - [epoch:1/3][loss:0.006552]
2024-09-01 01:40:47.215 | INFO     | DPAH:train:187 - [epoch:2/3][loss:0.006414]
2024-09-01 01:41:13.195 | INFO     | DPAH:train:187 - [epoch:3/3][loss:0.006265]
2024-09-01 01:41:13.196 | INFO     | DPAH:train:190 - [iter:27/50][iter_time:78.44]
2024-09-01 01:41:39.839 | INFO     | DPAH:train:187 - [epoch:1/3][loss:0.006342]
2024-09-01 01:42:07.504 | INFO     | DPAH:train:187 - [epoch:2/3][loss:0.006204]
2024-09-01 01:42:35.057 | INFO     | DPAH:train:187 - [epoch:3/3][loss:0.006058]
2024-09-01 01:42:35.057 | INFO     | DPAH:train:190 - [iter:28/50][iter_time:81.86]
2024-09-01 01:43:03.000 | INFO     | DPAH:train:187 - [epoch:1/3][loss:0.005957]
2024-09-01 01:43:31.092 | INFO     | DPAH:train:187 - [epoch:2/3][loss:0.005817]
2024-09-01 01:43:59.648 | INFO     | DPAH:train:187 - [epoch:3/3][loss:0.005675]
2024-09-01 01:43:59.649 | INFO     | DPAH:train:190 - [iter:29/50][iter_time:84.59]
2024-09-01 01:44:28.073 | INFO     | DPAH:train:187 - [epoch:1/3][loss:0.006098]
2024-09-01 01:44:55.079 | INFO     | DPAH:train:187 - [epoch:2/3][loss:0.005957]
2024-09-01 01:45:22.338 | INFO     | DPAH:train:187 - [epoch:3/3][loss:0.005825]
2024-09-01 01:45:22.339 | INFO     | DPAH:train:190 - [iter:30/50][iter_time:82.69]
2024-09-01 01:52:44.864 | INFO     | DPAH:train:262 - [iter:30/50][code_length:64][mAP:0.17090][mAP_all:0.43744][best_mAP:0.18149]
2024-09-01 01:52:44.865 | INFO     | DPAH:train:263 - [iter:30/50][code_length:64][zs_mAP:0.28653][zs_mAP_all:0.29406]
2024-09-01 01:53:11.385 | INFO     | DPAH:train:187 - [epoch:1/3][loss:0.005111]
2024-09-01 01:53:37.913 | INFO     | DPAH:train:187 - [epoch:2/3][loss:0.004980]
2024-09-01 01:54:04.365 | INFO     | DPAH:train:187 - [epoch:3/3][loss:0.004829]
2024-09-01 01:54:04.365 | INFO     | DPAH:train:190 - [iter:31/50][iter_time:79.50]
2024-09-01 01:54:30.729 | INFO     | DPAH:train:187 - [epoch:1/3][loss:0.004753]
2024-09-01 01:54:57.094 | INFO     | DPAH:train:187 - [epoch:2/3][loss:0.004619]
2024-09-01 01:55:23.556 | INFO     | DPAH:train:187 - [epoch:3/3][loss:0.004491]
2024-09-01 01:55:23.557 | INFO     | DPAH:train:190 - [iter:32/50][iter_time:79.19]
2024-09-01 01:55:50.715 | INFO     | DPAH:train:187 - [epoch:1/3][loss:0.004705]
2024-09-01 01:56:19.239 | INFO     | DPAH:train:187 - [epoch:2/3][loss:0.004570]
2024-09-01 01:56:46.973 | INFO     | DPAH:train:187 - [epoch:3/3][loss:0.004432]
2024-09-01 01:56:46.974 | INFO     | DPAH:train:190 - [iter:33/50][iter_time:83.42]
2024-09-01 01:57:14.682 | INFO     | DPAH:train:187 - [epoch:1/3][loss:0.004637]
2024-09-01 01:57:42.119 | INFO     | DPAH:train:187 - [epoch:2/3][loss:0.004508]
2024-09-01 01:58:09.911 | INFO     | DPAH:train:187 - [epoch:3/3][loss:0.004379]
2024-09-01 01:58:09.912 | INFO     | DPAH:train:190 - [iter:34/50][iter_time:82.94]
2024-09-01 01:58:36.966 | INFO     | DPAH:train:187 - [epoch:1/3][loss:0.003660]
2024-09-01 01:59:04.983 | INFO     | DPAH:train:187 - [epoch:2/3][loss:0.003526]
2024-09-01 01:59:32.155 | INFO     | DPAH:train:187 - [epoch:3/3][loss:0.003403]
2024-09-01 01:59:32.156 | INFO     | DPAH:train:190 - [iter:35/50][iter_time:82.24]
2024-09-01 02:06:54.177 | INFO     | DPAH:train:262 - [iter:35/50][code_length:64][mAP:0.17090][mAP_all:0.43744][best_mAP:0.18149]
2024-09-01 02:06:54.177 | INFO     | DPAH:train:263 - [iter:35/50][code_length:64][zs_mAP:0.28653][zs_mAP_all:0.29406]
2024-09-01 02:07:20.627 | INFO     | DPAH:train:187 - [epoch:1/3][loss:0.003413]
2024-09-01 02:07:47.065 | INFO     | DPAH:train:187 - [epoch:2/3][loss:0.003287]
2024-09-01 02:08:13.482 | INFO     | DPAH:train:187 - [epoch:3/3][loss:0.003159]
2024-09-01 02:08:13.483 | INFO     | DPAH:train:190 - [iter:36/50][iter_time:79.31]
2024-09-01 02:08:39.963 | INFO     | DPAH:train:187 - [epoch:1/3][loss:0.003074]
2024-09-01 02:09:06.448 | INFO     | DPAH:train:187 - [epoch:2/3][loss:0.002951]
2024-09-01 02:09:32.968 | INFO     | DPAH:train:187 - [epoch:3/3][loss:0.002834]
2024-09-01 02:09:32.969 | INFO     | DPAH:train:190 - [iter:37/50][iter_time:79.49]
2024-09-01 02:10:00.676 | INFO     | DPAH:train:187 - [epoch:1/3][loss:0.001749]
2024-09-01 02:10:28.749 | INFO     | DPAH:train:187 - [epoch:2/3][loss:0.001623]
2024-09-01 02:10:58.710 | INFO     | DPAH:train:187 - [epoch:3/3][loss:0.001495]
2024-09-01 02:10:58.710 | INFO     | DPAH:train:190 - [iter:38/50][iter_time:85.74]
2024-09-01 02:11:25.726 | INFO     | DPAH:train:187 - [epoch:1/3][loss:0.001729]
2024-09-01 02:11:53.416 | INFO     | DPAH:train:187 - [epoch:2/3][loss:0.001602]
2024-09-01 02:12:20.715 | INFO     | DPAH:train:187 - [epoch:3/3][loss:0.001488]
2024-09-01 02:12:20.715 | INFO     | DPAH:train:190 - [iter:39/50][iter_time:82.00]
2024-09-01 02:12:47.984 | INFO     | DPAH:train:187 - [epoch:1/3][loss:0.001778]
2024-09-01 02:13:15.780 | INFO     | DPAH:train:187 - [epoch:2/3][loss:0.001660]
2024-09-01 02:13:43.499 | INFO     | DPAH:train:187 - [epoch:3/3][loss:0.001546]
2024-09-01 02:13:43.500 | INFO     | DPAH:train:190 - [iter:40/50][iter_time:82.78]
2024-09-01 02:21:04.369 | INFO     | DPAH:train:262 - [iter:40/50][code_length:64][mAP:0.17090][mAP_all:0.43744][best_mAP:0.18149]
2024-09-01 02:21:04.369 | INFO     | DPAH:train:263 - [iter:40/50][code_length:64][zs_mAP:0.28653][zs_mAP_all:0.29406]
2024-09-01 02:21:30.760 | INFO     | DPAH:train:187 - [epoch:1/3][loss:0.001323]
2024-09-01 02:21:57.170 | INFO     | DPAH:train:187 - [epoch:2/3][loss:0.001203]
2024-09-01 02:22:23.427 | INFO     | DPAH:train:187 - [epoch:3/3][loss:0.001088]
2024-09-01 02:22:23.427 | INFO     | DPAH:train:190 - [iter:41/50][iter_time:79.06]
2024-09-01 02:22:49.788 | INFO     | DPAH:train:187 - [epoch:1/3][loss:0.001050]
2024-09-01 02:23:15.765 | INFO     | DPAH:train:187 - [epoch:2/3][loss:0.000933]
2024-09-01 02:23:41.851 | INFO     | DPAH:train:187 - [epoch:3/3][loss:0.000814]
2024-09-01 02:23:41.851 | INFO     | DPAH:train:190 - [iter:42/50][iter_time:78.42]
2024-09-01 02:24:09.044 | INFO     | DPAH:train:187 - [epoch:1/3][loss:0.000170]
2024-09-01 02:24:35.747 | INFO     | DPAH:train:187 - [epoch:2/3][loss:0.000046]
2024-09-01 02:25:02.559 | INFO     | DPAH:train:187 - [epoch:3/3][loss:-0.000069]
2024-09-01 02:25:02.559 | INFO     | DPAH:train:190 - [iter:43/50][iter_time:80.71]
2024-09-01 02:25:29.473 | INFO     | DPAH:train:187 - [epoch:1/3][loss:0.000606]
2024-09-01 02:25:56.097 | INFO     | DPAH:train:187 - [epoch:2/3][loss:0.000496]
2024-09-01 02:26:22.744 | INFO     | DPAH:train:187 - [epoch:3/3][loss:0.000381]
2024-09-01 02:26:22.745 | INFO     | DPAH:train:190 - [iter:44/50][iter_time:80.18]
2024-09-01 02:26:49.130 | INFO     | DPAH:train:187 - [epoch:1/3][loss:0.000137]
2024-09-01 02:27:15.467 | INFO     | DPAH:train:187 - [epoch:2/3][loss:0.000029]
2024-09-01 02:27:41.775 | INFO     | DPAH:train:187 - [epoch:3/3][loss:-0.000086]
2024-09-01 02:27:41.775 | INFO     | DPAH:train:190 - [iter:45/50][iter_time:79.03]
2024-09-01 02:35:00.836 | INFO     | DPAH:train:262 - [iter:45/50][code_length:64][mAP:0.17090][mAP_all:0.43744][best_mAP:0.18149]
2024-09-01 02:35:00.837 | INFO     | DPAH:train:263 - [iter:45/50][code_length:64][zs_mAP:0.28653][zs_mAP_all:0.29406]
2024-09-01 02:35:27.233 | INFO     | DPAH:train:187 - [epoch:1/3][loss:-0.000460]
2024-09-01 02:35:53.685 | INFO     | DPAH:train:187 - [epoch:2/3][loss:-0.000472]
2024-09-01 02:36:20.149 | INFO     | DPAH:train:187 - [epoch:3/3][loss:-0.000481]
2024-09-01 02:36:20.149 | INFO     | DPAH:train:190 - [iter:46/50][iter_time:79.31]
2024-09-01 02:43:38.563 | INFO     | DPAH:train:262 - [iter:46/50][code_length:64][mAP:0.17090][mAP_all:0.43744][best_mAP:0.18149]
2024-09-01 02:43:38.563 | INFO     | DPAH:train:263 - [iter:46/50][code_length:64][zs_mAP:0.28653][zs_mAP_all:0.29406]
2024-09-01 02:44:05.174 | INFO     | DPAH:train:187 - [epoch:1/3][loss:-0.000191]
2024-09-01 02:44:31.231 | INFO     | DPAH:train:187 - [epoch:2/3][loss:-0.000203]
2024-09-01 02:44:57.522 | INFO     | DPAH:train:187 - [epoch:3/3][loss:-0.000214]
2024-09-01 02:44:57.522 | INFO     | DPAH:train:190 - [iter:47/50][iter_time:78.96]
2024-09-01 02:52:17.581 | INFO     | DPAH:train:262 - [iter:47/50][code_length:64][mAP:0.17090][mAP_all:0.43744][best_mAP:0.18149]
2024-09-01 02:52:17.582 | INFO     | DPAH:train:263 - [iter:47/50][code_length:64][zs_mAP:0.28653][zs_mAP_all:0.29406]
2024-09-01 02:52:44.283 | INFO     | DPAH:train:187 - [epoch:1/3][loss:-0.000680]
2024-09-01 02:53:10.782 | INFO     | DPAH:train:187 - [epoch:2/3][loss:-0.000689]
2024-09-01 02:53:37.307 | INFO     | DPAH:train:187 - [epoch:3/3][loss:-0.000699]
2024-09-01 02:53:37.308 | INFO     | DPAH:train:190 - [iter:48/50][iter_time:79.73]
2024-09-01 03:00:56.840 | INFO     | DPAH:train:262 - [iter:48/50][code_length:64][mAP:0.17090][mAP_all:0.43744][best_mAP:0.18149]
2024-09-01 03:00:56.840 | INFO     | DPAH:train:263 - [iter:48/50][code_length:64][zs_mAP:0.28653][zs_mAP_all:0.29406]
2024-09-01 03:01:23.202 | INFO     | DPAH:train:187 - [epoch:1/3][loss:-0.000310]
2024-09-01 03:01:49.593 | INFO     | DPAH:train:187 - [epoch:2/3][loss:-0.000326]
2024-09-01 03:02:16.045 | INFO     | DPAH:train:187 - [epoch:3/3][loss:-0.000335]
2024-09-01 03:02:16.045 | INFO     | DPAH:train:190 - [iter:49/50][iter_time:79.20]
2024-09-01 03:09:26.989 | INFO     | DPAH:train:262 - [iter:49/50][code_length:64][mAP:0.17090][mAP_all:0.43744][best_mAP:0.18149]
2024-09-01 03:09:26.990 | INFO     | DPAH:train:263 - [iter:49/50][code_length:64][zs_mAP:0.28653][zs_mAP_all:0.29406]
2024-09-01 03:09:52.968 | INFO     | DPAH:train:187 - [epoch:1/3][loss:-0.000506]
2024-09-01 03:10:19.329 | INFO     | DPAH:train:187 - [epoch:2/3][loss:-0.000517]
2024-09-01 03:10:45.881 | INFO     | DPAH:train:187 - [epoch:3/3][loss:-0.000531]
2024-09-01 03:10:45.882 | INFO     | DPAH:train:190 - [iter:50/50][iter_time:78.89]
2024-09-01 03:17:43.126 | INFO     | DPAH:train:262 - [iter:50/50][code_length:64][mAP:0.17090][mAP_all:0.43744][best_mAP:0.18149]
2024-09-01 03:17:43.127 | INFO     | DPAH:train:263 - [iter:50/50][code_length:64][zs_mAP:0.28653][zs_mAP_all:0.29406]
2024-09-01 03:17:43.127 | INFO     | DPAH:train:266 - [Training time:10224.18]
2024-09-01 03:17:43.130 | INFO     | __main__:run:138 - [code_length:64][map:0.1815][map_all:0.4471][zs_map:0.2868][zs_map_all:0.3007]
