2024-08-29 13:10:46.921 | SUCCESS  | __main__:run:55 - Namespace(ZS=5, align_step=50, arch='dcdh', batch_size=16, cauchy_gamma=20.0, code_length=[16, 32, 64], data='nuswide', dataset='nus-widezs', device=device(type='cuda', index=0), epoch_change=11, flag='dcdh', gamma=200, gpu=0, info='nus-widezs-11-10-dcdh-08-29-16,32,64-tanh1', lambd=0.1, lambd_ch=0.1, lambd_sp=0.1, lr=0.0005, lr_step=[45], margin=0.1, max_epoch=3, max_iter=50, momen=0.9, nesterov=False, net='ResNet', num_classes=10, num_query=1000, num_samples=2000, num_workers=2, num_zs=11, optim='SGD', pretrain=True, quan_loss=False, root='/4T/dataset/NUS-WIDE', save_ckpt='checkpoints/', topk=5000, val_freq=1, wd=0.0005)
2024-08-29 13:11:19.240 | INFO     | DCDH:train:167 - [epoch:1/3][loss:1.732288]
2024-08-29 13:11:35.789 | INFO     | DCDH:train:167 - [epoch:2/3][loss:1.377870]
2024-08-29 13:11:52.896 | INFO     | DCDH:train:167 - [epoch:3/3][loss:1.249238]
2024-08-29 13:11:52.897 | INFO     | DCDH:train:170 - [iter:1/50][iter_time:62.61]
2024-08-29 13:31:08.069 | INFO     | DCDH:train:242 - [iter:1/50][code_length:16][mAP:0.81294][mAP_all:0.82164][best_mAP:0.81294]
2024-08-29 13:31:08.070 | INFO     | DCDH:train:243 - [iter:1/50][code_length:16][zs_mAP:0.40250][zs_mAP_all:0.20996]
2024-08-29 13:31:26.918 | INFO     | DCDH:train:167 - [epoch:1/3][loss:1.406131]
2024-08-29 13:31:45.298 | INFO     | DCDH:train:167 - [epoch:2/3][loss:1.244588]
2024-08-29 13:32:03.247 | INFO     | DCDH:train:167 - [epoch:3/3][loss:1.182126]
2024-08-29 13:32:03.248 | INFO     | DCDH:train:170 - [iter:2/50][iter_time:55.18]
2024-08-29 13:38:14.506 | INFO     | DCDH:train:242 - [iter:2/50][code_length:16][mAP:0.83587][mAP_all:0.84304][best_mAP:0.83587]
2024-08-29 13:38:14.507 | INFO     | DCDH:train:243 - [iter:2/50][code_length:16][zs_mAP:0.41020][zs_mAP_all:0.22208]
2024-08-29 13:38:33.338 | INFO     | DCDH:train:167 - [epoch:1/3][loss:1.243097]
2024-08-29 13:38:51.452 | INFO     | DCDH:train:167 - [epoch:2/3][loss:1.171977]
2024-08-29 13:39:08.483 | INFO     | DCDH:train:167 - [epoch:3/3][loss:1.101557]
2024-08-29 13:39:08.484 | INFO     | DCDH:train:170 - [iter:3/50][iter_time:53.98]
2024-08-29 13:45:05.979 | INFO     | DCDH:train:242 - [iter:3/50][code_length:16][mAP:0.84080][mAP_all:0.84646][best_mAP:0.84080]
2024-08-29 13:45:05.980 | INFO     | DCDH:train:243 - [iter:3/50][code_length:16][zs_mAP:0.40627][zs_mAP_all:0.23069]
2024-08-29 13:45:24.140 | INFO     | DCDH:train:167 - [epoch:1/3][loss:1.203085]
2024-08-29 13:45:42.568 | INFO     | DCDH:train:167 - [epoch:2/3][loss:1.115091]
2024-08-29 13:45:59.293 | INFO     | DCDH:train:167 - [epoch:3/3][loss:1.062837]
2024-08-29 13:45:59.294 | INFO     | DCDH:train:170 - [iter:4/50][iter_time:53.31]
2024-08-29 13:51:52.842 | INFO     | DCDH:train:242 - [iter:4/50][code_length:16][mAP:0.84436][mAP_all:0.85076][best_mAP:0.84436]
2024-08-29 13:51:52.844 | INFO     | DCDH:train:243 - [iter:4/50][code_length:16][zs_mAP:0.43637][zs_mAP_all:0.24088]
2024-08-29 13:52:10.709 | INFO     | DCDH:train:167 - [epoch:1/3][loss:1.156150]
2024-08-29 13:52:29.013 | INFO     | DCDH:train:167 - [epoch:2/3][loss:1.101616]
2024-08-29 13:52:45.801 | INFO     | DCDH:train:167 - [epoch:3/3][loss:1.046828]
2024-08-29 13:52:45.802 | INFO     | DCDH:train:170 - [iter:5/50][iter_time:52.96]
2024-08-29 13:58:40.171 | INFO     | DCDH:train:242 - [iter:5/50][code_length:16][mAP:0.85081][mAP_all:0.85628][best_mAP:0.85081]
2024-08-29 13:58:40.172 | INFO     | DCDH:train:243 - [iter:5/50][code_length:16][zs_mAP:0.43909][zs_mAP_all:0.25305]
2024-08-29 13:58:58.370 | INFO     | DCDH:train:167 - [epoch:1/3][loss:1.144037]
2024-08-29 13:59:15.929 | INFO     | DCDH:train:167 - [epoch:2/3][loss:1.058131]
2024-08-29 13:59:33.052 | INFO     | DCDH:train:167 - [epoch:3/3][loss:1.012435]
2024-08-29 13:59:33.053 | INFO     | DCDH:train:170 - [iter:6/50][iter_time:52.88]
2024-08-29 14:05:24.614 | INFO     | DCDH:train:242 - [iter:6/50][code_length:16][mAP:0.84111][mAP_all:0.84707][best_mAP:0.85081]
2024-08-29 14:05:24.615 | INFO     | DCDH:train:243 - [iter:6/50][code_length:16][zs_mAP:0.42616][zs_mAP_all:0.23986]
2024-08-29 14:05:41.748 | INFO     | DCDH:train:167 - [epoch:1/3][loss:1.133313]
2024-08-29 14:05:58.578 | INFO     | DCDH:train:167 - [epoch:2/3][loss:1.073405]
2024-08-29 14:06:16.058 | INFO     | DCDH:train:167 - [epoch:3/3][loss:1.038037]
2024-08-29 14:06:16.059 | INFO     | DCDH:train:170 - [iter:7/50][iter_time:51.44]
2024-08-29 14:12:10.235 | INFO     | DCDH:train:242 - [iter:7/50][code_length:16][mAP:0.82877][mAP_all:0.83444][best_mAP:0.85081]
2024-08-29 14:12:10.235 | INFO     | DCDH:train:243 - [iter:7/50][code_length:16][zs_mAP:0.41360][zs_mAP_all:0.22506]
2024-08-29 14:12:26.510 | INFO     | DCDH:train:167 - [epoch:1/3][loss:1.128398]
2024-08-29 14:12:43.257 | INFO     | DCDH:train:167 - [epoch:2/3][loss:1.039109]
2024-08-29 14:12:59.295 | INFO     | DCDH:train:167 - [epoch:3/3][loss:0.984296]
2024-08-29 14:12:59.296 | INFO     | DCDH:train:170 - [iter:8/50][iter_time:49.06]
2024-08-29 14:18:56.921 | INFO     | DCDH:train:242 - [iter:8/50][code_length:16][mAP:0.84490][mAP_all:0.85011][best_mAP:0.85081]
2024-08-29 14:18:56.922 | INFO     | DCDH:train:243 - [iter:8/50][code_length:16][zs_mAP:0.42830][zs_mAP_all:0.22739]
2024-08-29 14:19:12.804 | INFO     | DCDH:train:167 - [epoch:1/3][loss:1.068829]
2024-08-29 14:19:30.132 | INFO     | DCDH:train:167 - [epoch:2/3][loss:0.991131]
2024-08-29 14:19:47.450 | INFO     | DCDH:train:167 - [epoch:3/3][loss:0.973410]
2024-08-29 14:19:47.451 | INFO     | DCDH:train:170 - [iter:9/50][iter_time:50.53]
2024-08-29 14:25:45.907 | INFO     | DCDH:train:242 - [iter:9/50][code_length:16][mAP:0.84223][mAP_all:0.84754][best_mAP:0.85081]
2024-08-29 14:25:45.908 | INFO     | DCDH:train:243 - [iter:9/50][code_length:16][zs_mAP:0.42594][zs_mAP_all:0.23053]
2024-08-29 14:26:01.930 | INFO     | DCDH:train:167 - [epoch:1/3][loss:1.161976]
2024-08-29 14:26:19.128 | INFO     | DCDH:train:167 - [epoch:2/3][loss:1.080006]
2024-08-29 14:26:36.614 | INFO     | DCDH:train:167 - [epoch:3/3][loss:1.029371]
2024-08-29 14:26:36.615 | INFO     | DCDH:train:170 - [iter:10/50][iter_time:50.71]
2024-08-29 14:32:29.613 | INFO     | DCDH:train:242 - [iter:10/50][code_length:16][mAP:0.84895][mAP_all:0.85379][best_mAP:0.85081]
2024-08-29 14:32:29.614 | INFO     | DCDH:train:243 - [iter:10/50][code_length:16][zs_mAP:0.41870][zs_mAP_all:0.21955]
2024-08-29 14:32:46.054 | INFO     | DCDH:train:167 - [epoch:1/3][loss:1.051123]
2024-08-29 14:33:02.404 | INFO     | DCDH:train:167 - [epoch:2/3][loss:1.001570]
2024-08-29 14:33:19.917 | INFO     | DCDH:train:167 - [epoch:3/3][loss:0.994275]
2024-08-29 14:33:19.918 | INFO     | DCDH:train:170 - [iter:11/50][iter_time:50.30]
2024-08-29 14:39:13.334 | INFO     | DCDH:train:242 - [iter:11/50][code_length:16][mAP:0.84026][mAP_all:0.84573][best_mAP:0.85081]
2024-08-29 14:39:13.335 | INFO     | DCDH:train:243 - [iter:11/50][code_length:16][zs_mAP:0.42924][zs_mAP_all:0.23315]
2024-08-29 14:39:28.089 | INFO     | DCDH:train:167 - [epoch:1/3][loss:1.061464]
2024-08-29 14:39:42.993 | INFO     | DCDH:train:167 - [epoch:2/3][loss:1.006543]
2024-08-29 14:39:58.377 | INFO     | DCDH:train:167 - [epoch:3/3][loss:0.971217]
2024-08-29 14:39:58.378 | INFO     | DCDH:train:170 - [iter:12/50][iter_time:45.04]
2024-08-29 14:46:10.685 | INFO     | DCDH:train:242 - [iter:12/50][code_length:16][mAP:0.84939][mAP_all:0.85461][best_mAP:0.85081]
2024-08-29 14:46:10.686 | INFO     | DCDH:train:243 - [iter:12/50][code_length:16][zs_mAP:0.43857][zs_mAP_all:0.23668]
2024-08-29 14:46:25.609 | INFO     | DCDH:train:167 - [epoch:1/3][loss:1.075315]
2024-08-29 14:46:41.617 | INFO     | DCDH:train:167 - [epoch:2/3][loss:1.022154]
2024-08-29 14:46:58.186 | INFO     | DCDH:train:167 - [epoch:3/3][loss:1.004080]
2024-08-29 14:46:58.186 | INFO     | DCDH:train:170 - [iter:13/50][iter_time:47.50]
2024-08-29 14:52:52.604 | INFO     | DCDH:train:242 - [iter:13/50][code_length:16][mAP:0.85461][mAP_all:0.85983][best_mAP:0.85461]
2024-08-29 14:52:52.606 | INFO     | DCDH:train:243 - [iter:13/50][code_length:16][zs_mAP:0.44170][zs_mAP_all:0.24602]
2024-08-29 14:53:07.784 | INFO     | DCDH:train:167 - [epoch:1/3][loss:1.075293]
2024-08-29 14:53:23.281 | INFO     | DCDH:train:167 - [epoch:2/3][loss:1.046269]
2024-08-29 14:53:38.644 | INFO     | DCDH:train:167 - [epoch:3/3][loss:0.977748]
2024-08-29 14:53:38.644 | INFO     | DCDH:train:170 - [iter:14/50][iter_time:46.04]
2024-08-29 14:59:33.296 | INFO     | DCDH:train:242 - [iter:14/50][code_length:16][mAP:0.85544][mAP_all:0.85926][best_mAP:0.85544]
2024-08-29 14:59:33.297 | INFO     | DCDH:train:243 - [iter:14/50][code_length:16][zs_mAP:0.42145][zs_mAP_all:0.23647]
2024-08-29 14:59:49.525 | INFO     | DCDH:train:167 - [epoch:1/3][loss:1.036699]
2024-08-29 15:00:05.965 | INFO     | DCDH:train:167 - [epoch:2/3][loss:0.992631]
2024-08-29 15:00:22.026 | INFO     | DCDH:train:167 - [epoch:3/3][loss:0.969374]
2024-08-29 15:00:22.027 | INFO     | DCDH:train:170 - [iter:15/50][iter_time:48.73]
2024-08-29 15:06:16.158 | INFO     | DCDH:train:242 - [iter:15/50][code_length:16][mAP:0.86102][mAP_all:0.86553][best_mAP:0.86102]
2024-08-29 15:06:16.158 | INFO     | DCDH:train:243 - [iter:15/50][code_length:16][zs_mAP:0.44388][zs_mAP_all:0.23936]
2024-08-29 15:06:32.888 | INFO     | DCDH:train:167 - [epoch:1/3][loss:1.032568]
2024-08-29 15:06:49.022 | INFO     | DCDH:train:167 - [epoch:2/3][loss:0.981646]
2024-08-29 15:07:05.528 | INFO     | DCDH:train:167 - [epoch:3/3][loss:0.931694]
2024-08-29 15:07:05.529 | INFO     | DCDH:train:170 - [iter:16/50][iter_time:49.37]
2024-08-29 15:13:04.452 | INFO     | DCDH:train:242 - [iter:16/50][code_length:16][mAP:0.85886][mAP_all:0.86440][best_mAP:0.86102]
2024-08-29 15:13:04.453 | INFO     | DCDH:train:243 - [iter:16/50][code_length:16][zs_mAP:0.44562][zs_mAP_all:0.23950]
2024-08-29 15:13:21.584 | INFO     | DCDH:train:167 - [epoch:1/3][loss:1.078031]
2024-08-29 15:13:39.167 | INFO     | DCDH:train:167 - [epoch:2/3][loss:1.060139]
2024-08-29 15:13:56.205 | INFO     | DCDH:train:167 - [epoch:3/3][loss:0.976479]
2024-08-29 15:13:56.206 | INFO     | DCDH:train:170 - [iter:17/50][iter_time:51.75]
2024-08-29 15:20:12.747 | INFO     | DCDH:train:242 - [iter:17/50][code_length:16][mAP:0.85270][mAP_all:0.85827][best_mAP:0.86102]
2024-08-29 15:20:12.748 | INFO     | DCDH:train:243 - [iter:17/50][code_length:16][zs_mAP:0.44742][zs_mAP_all:0.24932]
2024-08-29 15:20:29.647 | INFO     | DCDH:train:167 - [epoch:1/3][loss:1.034131]
2024-08-29 15:20:46.558 | INFO     | DCDH:train:167 - [epoch:2/3][loss:0.996890]
2024-08-29 15:21:03.474 | INFO     | DCDH:train:167 - [epoch:3/3][loss:0.948651]
2024-08-29 15:21:03.475 | INFO     | DCDH:train:170 - [iter:18/50][iter_time:50.73]
2024-08-29 15:27:10.996 | INFO     | DCDH:train:242 - [iter:18/50][code_length:16][mAP:0.84825][mAP_all:0.85405][best_mAP:0.86102]
2024-08-29 15:27:10.997 | INFO     | DCDH:train:243 - [iter:18/50][code_length:16][zs_mAP:0.45496][zs_mAP_all:0.24512]
2024-08-29 15:27:27.967 | INFO     | DCDH:train:167 - [epoch:1/3][loss:1.026959]
2024-08-29 15:27:44.919 | INFO     | DCDH:train:167 - [epoch:2/3][loss:0.939379]
2024-08-29 15:28:02.190 | INFO     | DCDH:train:167 - [epoch:3/3][loss:0.899868]
2024-08-29 15:28:02.191 | INFO     | DCDH:train:170 - [iter:19/50][iter_time:51.19]
2024-08-29 15:34:21.352 | INFO     | DCDH:train:242 - [iter:19/50][code_length:16][mAP:0.85497][mAP_all:0.85946][best_mAP:0.86102]
2024-08-29 15:34:21.353 | INFO     | DCDH:train:243 - [iter:19/50][code_length:16][zs_mAP:0.44023][zs_mAP_all:0.23524]
2024-08-29 15:34:36.648 | INFO     | DCDH:train:167 - [epoch:1/3][loss:1.020467]
2024-08-29 15:34:51.846 | INFO     | DCDH:train:167 - [epoch:2/3][loss:0.986608]
2024-08-29 15:35:07.253 | INFO     | DCDH:train:167 - [epoch:3/3][loss:0.957462]
2024-08-29 15:35:07.254 | INFO     | DCDH:train:170 - [iter:20/50][iter_time:45.90]
2024-08-29 15:41:29.513 | INFO     | DCDH:train:242 - [iter:20/50][code_length:16][mAP:0.85325][mAP_all:0.85850][best_mAP:0.86102]
2024-08-29 15:41:29.514 | INFO     | DCDH:train:243 - [iter:20/50][code_length:16][zs_mAP:0.45796][zs_mAP_all:0.25314]
2024-08-29 15:41:46.571 | INFO     | DCDH:train:167 - [epoch:1/3][loss:1.062386]
2024-08-29 15:42:04.616 | INFO     | DCDH:train:167 - [epoch:2/3][loss:0.985725]
2024-08-29 15:42:23.164 | INFO     | DCDH:train:167 - [epoch:3/3][loss:0.963535]
2024-08-29 15:42:23.165 | INFO     | DCDH:train:170 - [iter:21/50][iter_time:53.65]
2024-08-29 15:48:38.866 | INFO     | DCDH:train:242 - [iter:21/50][code_length:16][mAP:0.85831][mAP_all:0.86366][best_mAP:0.86102]
2024-08-29 15:48:38.866 | INFO     | DCDH:train:243 - [iter:21/50][code_length:16][zs_mAP:0.43979][zs_mAP_all:0.23885]
2024-08-29 15:48:56.770 | INFO     | DCDH:train:167 - [epoch:1/3][loss:1.026160]
2024-08-29 15:49:17.039 | INFO     | DCDH:train:167 - [epoch:2/3][loss:1.005377]
2024-08-29 15:49:36.322 | INFO     | DCDH:train:167 - [epoch:3/3][loss:0.963852]
2024-08-29 15:49:36.322 | INFO     | DCDH:train:170 - [iter:22/50][iter_time:57.46]
2024-08-29 15:55:43.781 | INFO     | DCDH:train:242 - [iter:22/50][code_length:16][mAP:0.85855][mAP_all:0.86338][best_mAP:0.86102]
2024-08-29 15:55:43.781 | INFO     | DCDH:train:243 - [iter:22/50][code_length:16][zs_mAP:0.44535][zs_mAP_all:0.23606]
2024-08-29 15:56:02.380 | INFO     | DCDH:train:167 - [epoch:1/3][loss:1.025565]
2024-08-29 15:56:21.601 | INFO     | DCDH:train:167 - [epoch:2/3][loss:0.954543]
2024-08-29 15:56:40.186 | INFO     | DCDH:train:167 - [epoch:3/3][loss:0.924993]
2024-08-29 15:56:40.187 | INFO     | DCDH:train:170 - [iter:23/50][iter_time:56.41]
2024-08-29 16:02:37.298 | INFO     | DCDH:train:242 - [iter:23/50][code_length:16][mAP:0.85656][mAP_all:0.86144][best_mAP:0.86102]
2024-08-29 16:02:37.299 | INFO     | DCDH:train:243 - [iter:23/50][code_length:16][zs_mAP:0.44973][zs_mAP_all:0.23332]
2024-08-29 16:02:54.140 | INFO     | DCDH:train:167 - [epoch:1/3][loss:1.083260]
2024-08-29 16:03:13.359 | INFO     | DCDH:train:167 - [epoch:2/3][loss:1.019221]
2024-08-29 16:03:32.857 | INFO     | DCDH:train:167 - [epoch:3/3][loss:0.979771]
2024-08-29 16:03:32.858 | INFO     | DCDH:train:170 - [iter:24/50][iter_time:55.56]
2024-08-29 16:09:46.190 | INFO     | DCDH:train:242 - [iter:24/50][code_length:16][mAP:0.85553][mAP_all:0.85985][best_mAP:0.86102]
2024-08-29 16:09:46.191 | INFO     | DCDH:train:243 - [iter:24/50][code_length:16][zs_mAP:0.44929][zs_mAP_all:0.24836]
2024-08-29 16:10:02.392 | INFO     | DCDH:train:167 - [epoch:1/3][loss:1.063951]
2024-08-29 16:10:19.583 | INFO     | DCDH:train:167 - [epoch:2/3][loss:0.978801]
2024-08-29 16:10:36.010 | INFO     | DCDH:train:167 - [epoch:3/3][loss:0.914298]
2024-08-29 16:10:36.011 | INFO     | DCDH:train:170 - [iter:25/50][iter_time:49.82]
2024-08-29 16:16:39.611 | INFO     | DCDH:train:242 - [iter:25/50][code_length:16][mAP:0.85863][mAP_all:0.86278][best_mAP:0.86102]
2024-08-29 16:16:39.612 | INFO     | DCDH:train:243 - [iter:25/50][code_length:16][zs_mAP:0.44119][zs_mAP_all:0.23899]
2024-08-29 16:16:56.901 | INFO     | DCDH:train:167 - [epoch:1/3][loss:1.048496]
2024-08-29 16:17:15.867 | INFO     | DCDH:train:167 - [epoch:2/3][loss:0.998520]
2024-08-29 16:17:35.049 | INFO     | DCDH:train:167 - [epoch:3/3][loss:0.961668]
2024-08-29 16:17:35.049 | INFO     | DCDH:train:170 - [iter:26/50][iter_time:55.44]
2024-08-29 16:23:37.110 | INFO     | DCDH:train:242 - [iter:26/50][code_length:16][mAP:0.85634][mAP_all:0.86165][best_mAP:0.86102]
2024-08-29 16:23:37.110 | INFO     | DCDH:train:243 - [iter:26/50][code_length:16][zs_mAP:0.45937][zs_mAP_all:0.24869]
2024-08-29 16:23:53.612 | INFO     | DCDH:train:167 - [epoch:1/3][loss:0.991409]
2024-08-29 16:24:12.918 | INFO     | DCDH:train:167 - [epoch:2/3][loss:0.932230]
2024-08-29 16:24:32.932 | INFO     | DCDH:train:167 - [epoch:3/3][loss:0.941636]
2024-08-29 16:24:32.933 | INFO     | DCDH:train:170 - [iter:27/50][iter_time:55.82]
2024-08-29 16:30:39.779 | INFO     | DCDH:train:242 - [iter:27/50][code_length:16][mAP:0.86129][mAP_all:0.86531][best_mAP:0.86129]
2024-08-29 16:30:39.781 | INFO     | DCDH:train:243 - [iter:27/50][code_length:16][zs_mAP:0.44470][zs_mAP_all:0.24355]
2024-08-29 16:30:56.997 | INFO     | DCDH:train:167 - [epoch:1/3][loss:1.019460]
2024-08-29 16:31:14.489 | INFO     | DCDH:train:167 - [epoch:2/3][loss:0.953365]
2024-08-29 16:31:33.931 | INFO     | DCDH:train:167 - [epoch:3/3][loss:0.909919]
2024-08-29 16:31:33.932 | INFO     | DCDH:train:170 - [iter:28/50][iter_time:54.15]
2024-08-29 16:37:48.180 | INFO     | DCDH:train:242 - [iter:28/50][code_length:16][mAP:0.86385][mAP_all:0.86903][best_mAP:0.86385]
2024-08-29 16:37:48.181 | INFO     | DCDH:train:243 - [iter:28/50][code_length:16][zs_mAP:0.45782][zs_mAP_all:0.25556]
2024-08-29 16:38:05.369 | INFO     | DCDH:train:167 - [epoch:1/3][loss:1.013723]
2024-08-29 16:38:24.553 | INFO     | DCDH:train:167 - [epoch:2/3][loss:0.961120]
2024-08-29 16:38:43.530 | INFO     | DCDH:train:167 - [epoch:3/3][loss:0.913213]
2024-08-29 16:38:43.531 | INFO     | DCDH:train:170 - [iter:29/50][iter_time:55.35]
2024-08-29 16:44:47.133 | INFO     | DCDH:train:242 - [iter:29/50][code_length:16][mAP:0.86040][mAP_all:0.86429][best_mAP:0.86385]
2024-08-29 16:44:47.134 | INFO     | DCDH:train:243 - [iter:29/50][code_length:16][zs_mAP:0.43391][zs_mAP_all:0.23682]
2024-08-29 16:45:02.324 | INFO     | DCDH:train:167 - [epoch:1/3][loss:0.999501]
2024-08-29 16:45:19.631 | INFO     | DCDH:train:167 - [epoch:2/3][loss:0.960138]
2024-08-29 16:45:35.595 | INFO     | DCDH:train:167 - [epoch:3/3][loss:0.933112]
2024-08-29 16:45:35.596 | INFO     | DCDH:train:170 - [iter:30/50][iter_time:48.46]
2024-08-29 16:51:36.946 | INFO     | DCDH:train:242 - [iter:30/50][code_length:16][mAP:0.86007][mAP_all:0.86418][best_mAP:0.86385]
2024-08-29 16:51:36.947 | INFO     | DCDH:train:243 - [iter:30/50][code_length:16][zs_mAP:0.44068][zs_mAP_all:0.24043]
2024-08-29 16:51:54.153 | INFO     | DCDH:train:167 - [epoch:1/3][loss:1.015601]
2024-08-29 16:52:13.808 | INFO     | DCDH:train:167 - [epoch:2/3][loss:0.963595]
2024-08-29 16:52:33.050 | INFO     | DCDH:train:167 - [epoch:3/3][loss:0.943740]
2024-08-29 16:52:33.051 | INFO     | DCDH:train:170 - [iter:31/50][iter_time:56.10]
2024-08-29 16:58:41.495 | INFO     | DCDH:train:242 - [iter:31/50][code_length:16][mAP:0.86282][mAP_all:0.86727][best_mAP:0.86385]
2024-08-29 16:58:41.496 | INFO     | DCDH:train:243 - [iter:31/50][code_length:16][zs_mAP:0.43756][zs_mAP_all:0.23219]
2024-08-29 16:58:57.016 | INFO     | DCDH:train:167 - [epoch:1/3][loss:0.981460]
2024-08-29 16:59:16.210 | INFO     | DCDH:train:167 - [epoch:2/3][loss:0.924403]
2024-08-29 16:59:35.287 | INFO     | DCDH:train:167 - [epoch:3/3][loss:0.888667]
2024-08-29 16:59:35.288 | INFO     | DCDH:train:170 - [iter:32/50][iter_time:53.79]
2024-08-29 17:05:48.835 | INFO     | DCDH:train:242 - [iter:32/50][code_length:16][mAP:0.85981][mAP_all:0.86414][best_mAP:0.86385]
2024-08-29 17:05:48.835 | INFO     | DCDH:train:243 - [iter:32/50][code_length:16][zs_mAP:0.43486][zs_mAP_all:0.23864]
2024-08-29 17:06:06.281 | INFO     | DCDH:train:167 - [epoch:1/3][loss:1.065789]
2024-08-29 17:06:23.208 | INFO     | DCDH:train:167 - [epoch:2/3][loss:0.982503]
2024-08-29 17:06:40.425 | INFO     | DCDH:train:167 - [epoch:3/3][loss:0.971107]
2024-08-29 17:06:40.426 | INFO     | DCDH:train:170 - [iter:33/50][iter_time:51.59]
2024-08-29 17:12:44.321 | INFO     | DCDH:train:242 - [iter:33/50][code_length:16][mAP:0.86732][mAP_all:0.87322][best_mAP:0.86732]
2024-08-29 17:12:44.322 | INFO     | DCDH:train:243 - [iter:33/50][code_length:16][zs_mAP:0.45688][zs_mAP_all:0.25806]
2024-08-29 17:13:03.852 | INFO     | DCDH:train:167 - [epoch:1/3][loss:1.046277]
2024-08-29 17:13:23.297 | INFO     | DCDH:train:167 - [epoch:2/3][loss:0.977390]
2024-08-29 17:13:40.533 | INFO     | DCDH:train:167 - [epoch:3/3][loss:0.935574]
2024-08-29 17:13:40.534 | INFO     | DCDH:train:170 - [iter:34/50][iter_time:56.21]
2024-08-29 17:19:37.582 | INFO     | DCDH:train:242 - [iter:34/50][code_length:16][mAP:0.85939][mAP_all:0.86386][best_mAP:0.86732]
2024-08-29 17:19:37.583 | INFO     | DCDH:train:243 - [iter:34/50][code_length:16][zs_mAP:0.43889][zs_mAP_all:0.23150]
2024-08-29 17:19:54.501 | INFO     | DCDH:train:167 - [epoch:1/3][loss:1.025093]
2024-08-29 17:20:13.422 | INFO     | DCDH:train:167 - [epoch:2/3][loss:0.963660]
2024-08-29 17:20:31.471 | INFO     | DCDH:train:167 - [epoch:3/3][loss:0.917761]
2024-08-29 17:20:31.472 | INFO     | DCDH:train:170 - [iter:35/50][iter_time:53.89]
2024-08-29 17:26:48.675 | INFO     | DCDH:train:242 - [iter:35/50][code_length:16][mAP:0.86441][mAP_all:0.86879][best_mAP:0.86732]
2024-08-29 17:26:48.675 | INFO     | DCDH:train:243 - [iter:35/50][code_length:16][zs_mAP:0.44961][zs_mAP_all:0.24241]
2024-08-29 17:27:08.495 | INFO     | DCDH:train:167 - [epoch:1/3][loss:1.034897]
2024-08-29 17:27:26.378 | INFO     | DCDH:train:167 - [epoch:2/3][loss:1.012671]
2024-08-29 17:27:43.248 | INFO     | DCDH:train:167 - [epoch:3/3][loss:0.974929]
2024-08-29 17:27:43.249 | INFO     | DCDH:train:170 - [iter:36/50][iter_time:54.57]
2024-08-29 17:34:00.863 | INFO     | DCDH:train:242 - [iter:36/50][code_length:16][mAP:0.85821][mAP_all:0.86256][best_mAP:0.86732]
2024-08-29 17:34:00.863 | INFO     | DCDH:train:243 - [iter:36/50][code_length:16][zs_mAP:0.45142][zs_mAP_all:0.24441]
2024-08-29 17:34:18.521 | INFO     | DCDH:train:167 - [epoch:1/3][loss:0.970688]
2024-08-29 17:34:35.805 | INFO     | DCDH:train:167 - [epoch:2/3][loss:0.956185]
2024-08-29 17:34:52.954 | INFO     | DCDH:train:167 - [epoch:3/3][loss:0.884280]
2024-08-29 17:34:52.955 | INFO     | DCDH:train:170 - [iter:37/50][iter_time:52.09]
2024-08-29 17:41:10.670 | INFO     | DCDH:train:242 - [iter:37/50][code_length:16][mAP:0.86099][mAP_all:0.86502][best_mAP:0.86732]
2024-08-29 17:41:10.671 | INFO     | DCDH:train:243 - [iter:37/50][code_length:16][zs_mAP:0.43892][zs_mAP_all:0.23154]
2024-08-29 17:41:30.644 | INFO     | DCDH:train:167 - [epoch:1/3][loss:1.052693]
2024-08-29 17:41:46.930 | INFO     | DCDH:train:167 - [epoch:2/3][loss:0.991165]
2024-08-29 17:42:03.548 | INFO     | DCDH:train:167 - [epoch:3/3][loss:0.952904]
2024-08-29 17:42:03.549 | INFO     | DCDH:train:170 - [iter:38/50][iter_time:52.88]
2024-08-29 17:48:21.480 | INFO     | DCDH:train:242 - [iter:38/50][code_length:16][mAP:0.86019][mAP_all:0.86482][best_mAP:0.86732]
2024-08-29 17:48:21.480 | INFO     | DCDH:train:243 - [iter:38/50][code_length:16][zs_mAP:0.44495][zs_mAP_all:0.23127]
2024-08-29 17:48:38.523 | INFO     | DCDH:train:167 - [epoch:1/3][loss:1.030636]
2024-08-29 17:48:55.454 | INFO     | DCDH:train:167 - [epoch:2/3][loss:0.996066]
2024-08-29 17:49:12.663 | INFO     | DCDH:train:167 - [epoch:3/3][loss:0.961029]
2024-08-29 17:49:12.664 | INFO     | DCDH:train:170 - [iter:39/50][iter_time:51.18]
2024-08-29 17:55:25.588 | INFO     | DCDH:train:242 - [iter:39/50][code_length:16][mAP:0.86696][mAP_all:0.87184][best_mAP:0.86732]
2024-08-29 17:55:25.588 | INFO     | DCDH:train:243 - [iter:39/50][code_length:16][zs_mAP:0.45163][zs_mAP_all:0.23727]
2024-08-29 17:55:42.472 | INFO     | DCDH:train:167 - [epoch:1/3][loss:1.003594]
2024-08-29 17:55:59.544 | INFO     | DCDH:train:167 - [epoch:2/3][loss:0.980575]
2024-08-29 17:56:16.658 | INFO     | DCDH:train:167 - [epoch:3/3][loss:0.914939]
2024-08-29 17:56:16.659 | INFO     | DCDH:train:170 - [iter:40/50][iter_time:51.07]
2024-08-29 18:02:32.516 | INFO     | DCDH:train:242 - [iter:40/50][code_length:16][mAP:0.86783][mAP_all:0.87256][best_mAP:0.86783]
2024-08-29 18:02:32.517 | INFO     | DCDH:train:243 - [iter:40/50][code_length:16][zs_mAP:0.46779][zs_mAP_all:0.26019]
2024-08-29 18:02:49.789 | INFO     | DCDH:train:167 - [epoch:1/3][loss:1.018543]
2024-08-29 18:03:06.760 | INFO     | DCDH:train:167 - [epoch:2/3][loss:0.974918]
2024-08-29 18:03:23.907 | INFO     | DCDH:train:167 - [epoch:3/3][loss:0.930706]
2024-08-29 18:03:23.908 | INFO     | DCDH:train:170 - [iter:41/50][iter_time:51.39]
2024-08-29 18:09:36.932 | INFO     | DCDH:train:242 - [iter:41/50][code_length:16][mAP:0.86822][mAP_all:0.87360][best_mAP:0.86822]
2024-08-29 18:09:36.933 | INFO     | DCDH:train:243 - [iter:41/50][code_length:16][zs_mAP:0.45042][zs_mAP_all:0.24784]
2024-08-29 18:09:53.795 | INFO     | DCDH:train:167 - [epoch:1/3][loss:1.022643]
2024-08-29 18:10:10.816 | INFO     | DCDH:train:167 - [epoch:2/3][loss:0.950030]
2024-08-29 18:10:27.918 | INFO     | DCDH:train:167 - [epoch:3/3][loss:0.952016]
2024-08-29 18:10:27.919 | INFO     | DCDH:train:170 - [iter:42/50][iter_time:50.99]
2024-08-29 18:16:33.420 | INFO     | DCDH:train:242 - [iter:42/50][code_length:16][mAP:0.86399][mAP_all:0.86928][best_mAP:0.86822]
2024-08-29 18:16:33.421 | INFO     | DCDH:train:243 - [iter:42/50][code_length:16][zs_mAP:0.45650][zs_mAP_all:0.25325]
2024-08-29 18:16:51.000 | INFO     | DCDH:train:167 - [epoch:1/3][loss:1.006524]
2024-08-29 18:17:06.107 | INFO     | DCDH:train:167 - [epoch:2/3][loss:0.961235]
2024-08-29 18:17:21.079 | INFO     | DCDH:train:167 - [epoch:3/3][loss:0.922825]
2024-08-29 18:17:21.080 | INFO     | DCDH:train:170 - [iter:43/50][iter_time:47.66]
2024-08-29 18:23:25.638 | INFO     | DCDH:train:242 - [iter:43/50][code_length:16][mAP:0.86000][mAP_all:0.86498][best_mAP:0.86822]
2024-08-29 18:23:25.639 | INFO     | DCDH:train:243 - [iter:43/50][code_length:16][zs_mAP:0.44792][zs_mAP_all:0.25077]
2024-08-29 18:23:42.933 | INFO     | DCDH:train:167 - [epoch:1/3][loss:0.955382]
2024-08-29 18:24:00.101 | INFO     | DCDH:train:167 - [epoch:2/3][loss:0.922001]
2024-08-29 18:24:17.131 | INFO     | DCDH:train:167 - [epoch:3/3][loss:0.884174]
2024-08-29 18:24:17.132 | INFO     | DCDH:train:170 - [iter:44/50][iter_time:51.49]
2024-08-29 18:30:17.809 | INFO     | DCDH:train:242 - [iter:44/50][code_length:16][mAP:0.86353][mAP_all:0.86784][best_mAP:0.86822]
2024-08-29 18:30:17.810 | INFO     | DCDH:train:243 - [iter:44/50][code_length:16][zs_mAP:0.41837][zs_mAP_all:0.22593]
2024-08-29 18:30:34.333 | INFO     | DCDH:train:167 - [epoch:1/3][loss:0.998599]
2024-08-29 18:30:50.789 | INFO     | DCDH:train:167 - [epoch:2/3][loss:0.952909]
2024-08-29 18:31:05.746 | INFO     | DCDH:train:167 - [epoch:3/3][loss:0.902580]
2024-08-29 18:31:05.747 | INFO     | DCDH:train:170 - [iter:45/50][iter_time:47.94]
2024-08-29 18:37:07.434 | INFO     | DCDH:train:242 - [iter:45/50][code_length:16][mAP:0.86712][mAP_all:0.87116][best_mAP:0.86822]
2024-08-29 18:37:07.435 | INFO     | DCDH:train:243 - [iter:45/50][code_length:16][zs_mAP:0.43676][zs_mAP_all:0.24346]
2024-08-29 18:37:27.205 | INFO     | DCDH:train:167 - [epoch:1/3][loss:0.994906]
2024-08-29 18:37:44.516 | INFO     | DCDH:train:167 - [epoch:2/3][loss:0.992095]
2024-08-29 18:38:01.799 | INFO     | DCDH:train:167 - [epoch:3/3][loss:0.943343]
2024-08-29 18:38:01.799 | INFO     | DCDH:train:170 - [iter:46/50][iter_time:54.36]
2024-08-29 18:44:08.639 | INFO     | DCDH:train:242 - [iter:46/50][code_length:16][mAP:0.86724][mAP_all:0.87115][best_mAP:0.86822]
2024-08-29 18:44:08.640 | INFO     | DCDH:train:243 - [iter:46/50][code_length:16][zs_mAP:0.43688][zs_mAP_all:0.24112]
2024-08-29 18:44:28.094 | INFO     | DCDH:train:167 - [epoch:1/3][loss:0.987181]
2024-08-29 18:44:44.887 | INFO     | DCDH:train:167 - [epoch:2/3][loss:0.985481]
2024-08-29 18:45:01.784 | INFO     | DCDH:train:167 - [epoch:3/3][loss:0.981500]
2024-08-29 18:45:01.785 | INFO     | DCDH:train:170 - [iter:47/50][iter_time:53.14]
2024-08-29 18:51:17.575 | INFO     | DCDH:train:242 - [iter:47/50][code_length:16][mAP:0.86941][mAP_all:0.87335][best_mAP:0.86941]
2024-08-29 18:51:17.575 | INFO     | DCDH:train:243 - [iter:47/50][code_length:16][zs_mAP:0.43224][zs_mAP_all:0.23572]
2024-08-29 18:51:36.799 | INFO     | DCDH:train:167 - [epoch:1/3][loss:0.994289]
2024-08-29 18:51:53.721 | INFO     | DCDH:train:167 - [epoch:2/3][loss:1.009668]
2024-08-29 18:52:11.132 | INFO     | DCDH:train:167 - [epoch:3/3][loss:0.997068]
2024-08-29 18:52:11.133 | INFO     | DCDH:train:170 - [iter:48/50][iter_time:53.56]
2024-08-29 18:58:07.387 | INFO     | DCDH:train:242 - [iter:48/50][code_length:16][mAP:0.87327][mAP_all:0.87737][best_mAP:0.87327]
2024-08-29 18:58:07.388 | INFO     | DCDH:train:243 - [iter:48/50][code_length:16][zs_mAP:0.43339][zs_mAP_all:0.23513]
2024-08-29 18:58:26.936 | INFO     | DCDH:train:167 - [epoch:1/3][loss:0.954514]
2024-08-29 18:58:45.589 | INFO     | DCDH:train:167 - [epoch:2/3][loss:0.954664]
2024-08-29 18:59:03.087 | INFO     | DCDH:train:167 - [epoch:3/3][loss:0.955685]
2024-08-29 18:59:03.088 | INFO     | DCDH:train:170 - [iter:49/50][iter_time:55.70]
2024-08-29 19:04:58.831 | INFO     | DCDH:train:242 - [iter:49/50][code_length:16][mAP:0.87316][mAP_all:0.87673][best_mAP:0.87327]
2024-08-29 19:04:58.832 | INFO     | DCDH:train:243 - [iter:49/50][code_length:16][zs_mAP:0.43996][zs_mAP_all:0.24262]
2024-08-29 19:05:13.791 | INFO     | DCDH:train:167 - [epoch:1/3][loss:0.985567]
2024-08-29 19:05:30.953 | INFO     | DCDH:train:167 - [epoch:2/3][loss:0.984641]
2024-08-29 19:05:47.813 | INFO     | DCDH:train:167 - [epoch:3/3][loss:0.974191]
2024-08-29 19:05:47.813 | INFO     | DCDH:train:170 - [iter:50/50][iter_time:48.98]
2024-08-29 19:11:47.869 | INFO     | DCDH:train:242 - [iter:50/50][code_length:16][mAP:0.87282][mAP_all:0.87666][best_mAP:0.87327]
2024-08-29 19:11:47.870 | INFO     | DCDH:train:243 - [iter:50/50][code_length:16][zs_mAP:0.44435][zs_mAP_all:0.24576]
2024-08-29 19:11:47.870 | INFO     | DCDH:train:246 - [Training time:21657.58]
2024-08-29 19:11:47.872 | INFO     | __main__:run:138 - [code_length:16][map:0.8733][map_all:0.8774][zs_map:0.4334][zs_map_all:0.2351]
2024-08-29 19:12:05.800 | INFO     | DCDH:train:167 - [epoch:1/3][loss:1.729984]
2024-08-29 19:12:24.018 | INFO     | DCDH:train:167 - [epoch:2/3][loss:1.290957]
2024-08-29 19:12:43.360 | INFO     | DCDH:train:167 - [epoch:3/3][loss:1.187896]
2024-08-29 19:12:43.361 | INFO     | DCDH:train:170 - [iter:1/50][iter_time:54.77]
2024-08-29 19:18:37.229 | INFO     | DCDH:train:242 - [iter:1/50][code_length:32][mAP:0.83461][mAP_all:0.84242][best_mAP:0.83461]
2024-08-29 19:18:37.230 | INFO     | DCDH:train:243 - [iter:1/50][code_length:32][zs_mAP:0.45043][zs_mAP_all:0.24539]
2024-08-29 19:18:53.838 | INFO     | DCDH:train:167 - [epoch:1/3][loss:1.354398]
2024-08-29 19:19:10.497 | INFO     | DCDH:train:167 - [epoch:2/3][loss:1.222843]
2024-08-29 19:19:29.475 | INFO     | DCDH:train:167 - [epoch:3/3][loss:1.124239]
2024-08-29 19:19:29.476 | INFO     | DCDH:train:170 - [iter:2/50][iter_time:52.25]
2024-08-29 19:25:33.642 | INFO     | DCDH:train:242 - [iter:2/50][code_length:32][mAP:0.83427][mAP_all:0.84190][best_mAP:0.83461]
2024-08-29 19:25:33.643 | INFO     | DCDH:train:243 - [iter:2/50][code_length:32][zs_mAP:0.45999][zs_mAP_all:0.26467]
2024-08-29 19:25:48.408 | INFO     | DCDH:train:167 - [epoch:1/3][loss:1.342892]
2024-08-29 19:26:04.352 | INFO     | DCDH:train:167 - [epoch:2/3][loss:1.226238]
2024-08-29 19:26:21.278 | INFO     | DCDH:train:167 - [epoch:3/3][loss:1.071484]
2024-08-29 19:26:21.278 | INFO     | DCDH:train:170 - [iter:3/50][iter_time:47.64]
2024-08-29 19:32:24.819 | INFO     | DCDH:train:242 - [iter:3/50][code_length:32][mAP:0.84289][mAP_all:0.85078][best_mAP:0.84289]
2024-08-29 19:32:24.820 | INFO     | DCDH:train:243 - [iter:3/50][code_length:32][zs_mAP:0.46066][zs_mAP_all:0.26416]
2024-08-29 19:32:41.854 | INFO     | DCDH:train:167 - [epoch:1/3][loss:1.247703]
2024-08-29 19:32:59.049 | INFO     | DCDH:train:167 - [epoch:2/3][loss:1.129046]
2024-08-29 19:33:15.846 | INFO     | DCDH:train:167 - [epoch:3/3][loss:1.098098]
2024-08-29 19:33:15.847 | INFO     | DCDH:train:170 - [iter:4/50][iter_time:51.03]
2024-08-29 19:39:22.178 | INFO     | DCDH:train:242 - [iter:4/50][code_length:32][mAP:0.85372][mAP_all:0.86105][best_mAP:0.85372]
2024-08-29 19:39:22.178 | INFO     | DCDH:train:243 - [iter:4/50][code_length:32][zs_mAP:0.47748][zs_mAP_all:0.28052]
2024-08-29 19:39:39.217 | INFO     | DCDH:train:167 - [epoch:1/3][loss:1.190705]
2024-08-29 19:39:56.193 | INFO     | DCDH:train:167 - [epoch:2/3][loss:1.099421]
2024-08-29 19:40:13.193 | INFO     | DCDH:train:167 - [epoch:3/3][loss:1.065847]
2024-08-29 19:40:13.194 | INFO     | DCDH:train:170 - [iter:5/50][iter_time:51.02]
2024-08-29 19:46:20.646 | INFO     | DCDH:train:242 - [iter:5/50][code_length:32][mAP:0.84898][mAP_all:0.85492][best_mAP:0.85372]
2024-08-29 19:46:20.647 | INFO     | DCDH:train:243 - [iter:5/50][code_length:32][zs_mAP:0.47213][zs_mAP_all:0.26952]
2024-08-29 19:46:37.650 | INFO     | DCDH:train:167 - [epoch:1/3][loss:1.196832]
2024-08-29 19:46:54.787 | INFO     | DCDH:train:167 - [epoch:2/3][loss:1.089871]
2024-08-29 19:47:11.779 | INFO     | DCDH:train:167 - [epoch:3/3][loss:1.048167]
2024-08-29 19:47:11.780 | INFO     | DCDH:train:170 - [iter:6/50][iter_time:51.13]
2024-08-29 19:53:16.596 | INFO     | DCDH:train:242 - [iter:6/50][code_length:32][mAP:0.85038][mAP_all:0.85772][best_mAP:0.85372]
2024-08-29 19:53:16.596 | INFO     | DCDH:train:243 - [iter:6/50][code_length:32][zs_mAP:0.48423][zs_mAP_all:0.28738]
2024-08-29 19:53:34.069 | INFO     | DCDH:train:167 - [epoch:1/3][loss:1.144142]
2024-08-29 19:53:50.173 | INFO     | DCDH:train:167 - [epoch:2/3][loss:1.098545]
2024-08-29 19:54:07.080 | INFO     | DCDH:train:167 - [epoch:3/3][loss:1.018667]
2024-08-29 19:54:07.081 | INFO     | DCDH:train:170 - [iter:7/50][iter_time:50.48]
2024-08-29 20:00:14.798 | INFO     | DCDH:train:242 - [iter:7/50][code_length:32][mAP:0.84917][mAP_all:0.85590][best_mAP:0.85372]
2024-08-29 20:00:14.798 | INFO     | DCDH:train:243 - [iter:7/50][code_length:32][zs_mAP:0.46926][zs_mAP_all:0.27681]
2024-08-29 20:00:32.046 | INFO     | DCDH:train:167 - [epoch:1/3][loss:1.227428]
2024-08-29 20:00:49.146 | INFO     | DCDH:train:167 - [epoch:2/3][loss:1.103326]
2024-08-29 20:01:04.139 | INFO     | DCDH:train:167 - [epoch:3/3][loss:1.028162]
2024-08-29 20:01:04.140 | INFO     | DCDH:train:170 - [iter:8/50][iter_time:49.34]
2024-08-29 20:07:00.958 | INFO     | DCDH:train:242 - [iter:8/50][code_length:32][mAP:0.84946][mAP_all:0.85591][best_mAP:0.85372]
2024-08-29 20:07:00.958 | INFO     | DCDH:train:243 - [iter:8/50][code_length:32][zs_mAP:0.47826][zs_mAP_all:0.28084]
2024-08-29 20:07:18.189 | INFO     | DCDH:train:167 - [epoch:1/3][loss:1.187302]
2024-08-29 20:07:35.644 | INFO     | DCDH:train:167 - [epoch:2/3][loss:1.095109]
2024-08-29 20:07:52.507 | INFO     | DCDH:train:167 - [epoch:3/3][loss:1.031777]
2024-08-29 20:07:52.507 | INFO     | DCDH:train:170 - [iter:9/50][iter_time:51.55]
2024-08-29 20:13:56.752 | INFO     | DCDH:train:242 - [iter:9/50][code_length:32][mAP:0.85627][mAP_all:0.86333][best_mAP:0.85627]
2024-08-29 20:13:56.753 | INFO     | DCDH:train:243 - [iter:9/50][code_length:32][zs_mAP:0.48200][zs_mAP_all:0.29642]
2024-08-29 20:14:11.448 | INFO     | DCDH:train:167 - [epoch:1/3][loss:1.082867]
2024-08-29 20:14:26.261 | INFO     | DCDH:train:167 - [epoch:2/3][loss:0.997831]
2024-08-29 20:14:40.765 | INFO     | DCDH:train:167 - [epoch:3/3][loss:0.966579]
2024-08-29 20:14:40.765 | INFO     | DCDH:train:170 - [iter:10/50][iter_time:44.01]
2024-08-29 20:21:00.896 | INFO     | DCDH:train:242 - [iter:10/50][code_length:32][mAP:0.85563][mAP_all:0.86289][best_mAP:0.85627]
2024-08-29 20:21:00.896 | INFO     | DCDH:train:243 - [iter:10/50][code_length:32][zs_mAP:0.47747][zs_mAP_all:0.27887]
2024-08-29 20:21:19.952 | INFO     | DCDH:train:167 - [epoch:1/3][loss:1.147058]
2024-08-29 20:21:36.342 | INFO     | DCDH:train:167 - [epoch:2/3][loss:1.035275]
2024-08-29 20:21:53.444 | INFO     | DCDH:train:167 - [epoch:3/3][loss:1.032669]
2024-08-29 20:21:53.445 | INFO     | DCDH:train:170 - [iter:11/50][iter_time:52.55]
2024-08-29 20:28:04.845 | INFO     | DCDH:train:242 - [iter:11/50][code_length:32][mAP:0.86440][mAP_all:0.87103][best_mAP:0.86440]
2024-08-29 20:28:04.846 | INFO     | DCDH:train:243 - [iter:11/50][code_length:32][zs_mAP:0.47902][zs_mAP_all:0.29705]
2024-08-29 20:28:22.618 | INFO     | DCDH:train:167 - [epoch:1/3][loss:1.121024]
2024-08-29 20:28:40.568 | INFO     | DCDH:train:167 - [epoch:2/3][loss:1.035290]
2024-08-29 20:28:57.674 | INFO     | DCDH:train:167 - [epoch:3/3][loss:1.007195]
2024-08-29 20:28:57.674 | INFO     | DCDH:train:170 - [iter:12/50][iter_time:52.83]
2024-08-29 20:35:14.528 | INFO     | DCDH:train:242 - [iter:12/50][code_length:32][mAP:0.86172][mAP_all:0.86710][best_mAP:0.86440]
2024-08-29 20:35:14.528 | INFO     | DCDH:train:243 - [iter:12/50][code_length:32][zs_mAP:0.47179][zs_mAP_all:0.27516]
2024-08-29 20:35:32.524 | INFO     | DCDH:train:167 - [epoch:1/3][loss:1.151349]
2024-08-29 20:35:49.936 | INFO     | DCDH:train:167 - [epoch:2/3][loss:1.058287]
2024-08-29 20:36:07.516 | INFO     | DCDH:train:167 - [epoch:3/3][loss:1.026347]
2024-08-29 20:36:07.516 | INFO     | DCDH:train:170 - [iter:13/50][iter_time:52.99]
2024-08-29 20:42:11.081 | INFO     | DCDH:train:242 - [iter:13/50][code_length:32][mAP:0.86031][mAP_all:0.86489][best_mAP:0.86440]
2024-08-29 20:42:11.081 | INFO     | DCDH:train:243 - [iter:13/50][code_length:32][zs_mAP:0.44689][zs_mAP_all:0.24732]
2024-08-29 20:42:29.089 | INFO     | DCDH:train:167 - [epoch:1/3][loss:1.100434]
2024-08-29 20:42:46.032 | INFO     | DCDH:train:167 - [epoch:2/3][loss:1.016712]
2024-08-29 20:43:02.957 | INFO     | DCDH:train:167 - [epoch:3/3][loss:0.944992]
2024-08-29 20:43:02.958 | INFO     | DCDH:train:170 - [iter:14/50][iter_time:51.88]
2024-08-29 20:49:13.033 | INFO     | DCDH:train:242 - [iter:14/50][code_length:32][mAP:0.85755][mAP_all:0.86324][best_mAP:0.86440]
2024-08-29 20:49:13.033 | INFO     | DCDH:train:243 - [iter:14/50][code_length:32][zs_mAP:0.47110][zs_mAP_all:0.27363]
2024-08-29 20:49:29.429 | INFO     | DCDH:train:167 - [epoch:1/3][loss:1.095111]
2024-08-29 20:49:46.203 | INFO     | DCDH:train:167 - [epoch:2/3][loss:1.015276]
2024-08-29 20:50:02.818 | INFO     | DCDH:train:167 - [epoch:3/3][loss:0.923602]
2024-08-29 20:50:02.819 | INFO     | DCDH:train:170 - [iter:15/50][iter_time:49.78]
2024-08-29 20:56:08.162 | INFO     | DCDH:train:242 - [iter:15/50][code_length:32][mAP:0.86167][mAP_all:0.86671][best_mAP:0.86440]
2024-08-29 20:56:08.163 | INFO     | DCDH:train:243 - [iter:15/50][code_length:32][zs_mAP:0.47238][zs_mAP_all:0.27596]
2024-08-29 20:56:26.221 | INFO     | DCDH:train:167 - [epoch:1/3][loss:1.049997]
2024-08-29 20:56:43.331 | INFO     | DCDH:train:167 - [epoch:2/3][loss:0.950303]
2024-08-29 20:56:59.742 | INFO     | DCDH:train:167 - [epoch:3/3][loss:0.916264]
2024-08-29 20:56:59.743 | INFO     | DCDH:train:170 - [iter:16/50][iter_time:51.58]
2024-08-29 21:03:02.441 | INFO     | DCDH:train:242 - [iter:16/50][code_length:32][mAP:0.86321][mAP_all:0.86756][best_mAP:0.86440]
2024-08-29 21:03:02.441 | INFO     | DCDH:train:243 - [iter:16/50][code_length:32][zs_mAP:0.46918][zs_mAP_all:0.27692]
2024-08-29 21:03:20.398 | INFO     | DCDH:train:167 - [epoch:1/3][loss:1.053620]
2024-08-29 21:03:37.989 | INFO     | DCDH:train:167 - [epoch:2/3][loss:1.001359]
2024-08-29 21:03:54.730 | INFO     | DCDH:train:167 - [epoch:3/3][loss:0.937442]
2024-08-29 21:03:54.731 | INFO     | DCDH:train:170 - [iter:17/50][iter_time:52.29]
2024-08-29 21:10:06.355 | INFO     | DCDH:train:242 - [iter:17/50][code_length:32][mAP:0.85491][mAP_all:0.86099][best_mAP:0.86440]
2024-08-29 21:10:06.355 | INFO     | DCDH:train:243 - [iter:17/50][code_length:32][zs_mAP:0.47310][zs_mAP_all:0.28602]
2024-08-29 21:10:24.889 | INFO     | DCDH:train:167 - [epoch:1/3][loss:1.132648]
2024-08-29 21:10:41.859 | INFO     | DCDH:train:167 - [epoch:2/3][loss:1.061610]
2024-08-29 21:10:59.355 | INFO     | DCDH:train:167 - [epoch:3/3][loss:0.980410]
2024-08-29 21:10:59.356 | INFO     | DCDH:train:170 - [iter:18/50][iter_time:53.00]
2024-08-29 21:17:09.273 | INFO     | DCDH:train:242 - [iter:18/50][code_length:32][mAP:0.86133][mAP_all:0.86767][best_mAP:0.86440]
2024-08-29 21:17:09.274 | INFO     | DCDH:train:243 - [iter:18/50][code_length:32][zs_mAP:0.47775][zs_mAP_all:0.28882]
2024-08-29 21:17:25.614 | INFO     | DCDH:train:167 - [epoch:1/3][loss:1.104070]
2024-08-29 21:17:41.206 | INFO     | DCDH:train:167 - [epoch:2/3][loss:0.991376]
2024-08-29 21:17:57.830 | INFO     | DCDH:train:167 - [epoch:3/3][loss:0.957188]
2024-08-29 21:17:57.830 | INFO     | DCDH:train:170 - [iter:19/50][iter_time:48.56]
2024-08-29 21:23:55.320 | INFO     | DCDH:train:242 - [iter:19/50][code_length:32][mAP:0.86218][mAP_all:0.86758][best_mAP:0.86440]
2024-08-29 21:23:55.321 | INFO     | DCDH:train:243 - [iter:19/50][code_length:32][zs_mAP:0.48262][zs_mAP_all:0.27821]
2024-08-29 21:24:12.406 | INFO     | DCDH:train:167 - [epoch:1/3][loss:1.073811]
2024-08-29 21:24:28.939 | INFO     | DCDH:train:167 - [epoch:2/3][loss:1.014563]
2024-08-29 21:24:45.775 | INFO     | DCDH:train:167 - [epoch:3/3][loss:0.927853]
2024-08-29 21:24:45.776 | INFO     | DCDH:train:170 - [iter:20/50][iter_time:50.45]
2024-08-29 21:30:44.829 | INFO     | DCDH:train:242 - [iter:20/50][code_length:32][mAP:0.86881][mAP_all:0.87410][best_mAP:0.86881]
2024-08-29 21:30:44.830 | INFO     | DCDH:train:243 - [iter:20/50][code_length:32][zs_mAP:0.47236][zs_mAP_all:0.28766]
2024-08-29 21:31:02.805 | INFO     | DCDH:train:167 - [epoch:1/3][loss:1.017382]
2024-08-29 21:31:19.744 | INFO     | DCDH:train:167 - [epoch:2/3][loss:0.965144]
2024-08-29 21:31:37.102 | INFO     | DCDH:train:167 - [epoch:3/3][loss:0.963917]
2024-08-29 21:31:37.103 | INFO     | DCDH:train:170 - [iter:21/50][iter_time:52.27]
2024-08-29 21:37:37.195 | INFO     | DCDH:train:242 - [iter:21/50][code_length:32][mAP:0.86946][mAP_all:0.87453][best_mAP:0.86946]
2024-08-29 21:37:37.196 | INFO     | DCDH:train:243 - [iter:21/50][code_length:32][zs_mAP:0.47325][zs_mAP_all:0.28691]
2024-08-29 21:37:55.569 | INFO     | DCDH:train:167 - [epoch:1/3][loss:1.047470]
2024-08-29 21:38:12.528 | INFO     | DCDH:train:167 - [epoch:2/3][loss:0.970440]
2024-08-29 21:38:29.521 | INFO     | DCDH:train:167 - [epoch:3/3][loss:0.941790]
2024-08-29 21:38:29.523 | INFO     | DCDH:train:170 - [iter:22/50][iter_time:52.33]
2024-08-29 21:44:41.781 | INFO     | DCDH:train:242 - [iter:22/50][code_length:32][mAP:0.86313][mAP_all:0.86873][best_mAP:0.86946]
2024-08-29 21:44:41.781 | INFO     | DCDH:train:243 - [iter:22/50][code_length:32][zs_mAP:0.48981][zs_mAP_all:0.29671]
2024-08-29 21:44:59.732 | INFO     | DCDH:train:167 - [epoch:1/3][loss:1.053557]
2024-08-29 21:45:16.952 | INFO     | DCDH:train:167 - [epoch:2/3][loss:0.974573]
2024-08-29 21:45:34.186 | INFO     | DCDH:train:167 - [epoch:3/3][loss:0.922798]
2024-08-29 21:45:34.187 | INFO     | DCDH:train:170 - [iter:23/50][iter_time:52.41]
2024-08-29 21:51:41.831 | INFO     | DCDH:train:242 - [iter:23/50][code_length:32][mAP:0.86569][mAP_all:0.87058][best_mAP:0.86946]
2024-08-29 21:51:41.832 | INFO     | DCDH:train:243 - [iter:23/50][code_length:32][zs_mAP:0.46901][zs_mAP_all:0.27916]
2024-08-29 21:51:59.567 | INFO     | DCDH:train:167 - [epoch:1/3][loss:1.076854]
2024-08-29 21:52:17.031 | INFO     | DCDH:train:167 - [epoch:2/3][loss:1.035785]
2024-08-29 21:52:34.644 | INFO     | DCDH:train:167 - [epoch:3/3][loss:0.965044]
2024-08-29 21:52:34.645 | INFO     | DCDH:train:170 - [iter:24/50][iter_time:52.81]
2024-08-29 21:58:45.713 | INFO     | DCDH:train:242 - [iter:24/50][code_length:32][mAP:0.86653][mAP_all:0.87100][best_mAP:0.86946]
2024-08-29 21:58:45.714 | INFO     | DCDH:train:243 - [iter:24/50][code_length:32][zs_mAP:0.48475][zs_mAP_all:0.29822]
2024-08-29 21:59:01.363 | INFO     | DCDH:train:167 - [epoch:1/3][loss:1.008608]
2024-08-29 21:59:17.571 | INFO     | DCDH:train:167 - [epoch:2/3][loss:0.975469]
2024-08-29 21:59:33.628 | INFO     | DCDH:train:167 - [epoch:3/3][loss:0.914992]
2024-08-29 21:59:33.628 | INFO     | DCDH:train:170 - [iter:25/50][iter_time:47.91]
2024-08-29 22:05:46.278 | INFO     | DCDH:train:242 - [iter:25/50][code_length:32][mAP:0.86784][mAP_all:0.87261][best_mAP:0.86946]
2024-08-29 22:05:46.279 | INFO     | DCDH:train:243 - [iter:25/50][code_length:32][zs_mAP:0.47740][zs_mAP_all:0.28973]
2024-08-29 22:06:04.474 | INFO     | DCDH:train:167 - [epoch:1/3][loss:1.047987]
2024-08-29 22:06:21.584 | INFO     | DCDH:train:167 - [epoch:2/3][loss:0.962088]
2024-08-29 22:06:38.459 | INFO     | DCDH:train:167 - [epoch:3/3][loss:0.942919]
2024-08-29 22:06:38.460 | INFO     | DCDH:train:170 - [iter:26/50][iter_time:52.18]
2024-08-29 22:12:40.719 | INFO     | DCDH:train:242 - [iter:26/50][code_length:32][mAP:0.86880][mAP_all:0.87334][best_mAP:0.86946]
2024-08-29 22:12:40.719 | INFO     | DCDH:train:243 - [iter:26/50][code_length:32][zs_mAP:0.48485][zs_mAP_all:0.28990]
2024-08-29 22:12:57.688 | INFO     | DCDH:train:167 - [epoch:1/3][loss:0.999201]
2024-08-29 22:13:14.709 | INFO     | DCDH:train:167 - [epoch:2/3][loss:0.959619]
2024-08-29 22:13:31.304 | INFO     | DCDH:train:167 - [epoch:3/3][loss:0.897693]
2024-08-29 22:13:31.304 | INFO     | DCDH:train:170 - [iter:27/50][iter_time:50.58]
2024-08-29 22:19:42.828 | INFO     | DCDH:train:242 - [iter:27/50][code_length:32][mAP:0.87034][mAP_all:0.87352][best_mAP:0.87034]
2024-08-29 22:19:42.829 | INFO     | DCDH:train:243 - [iter:27/50][code_length:32][zs_mAP:0.46976][zs_mAP_all:0.27466]
2024-08-29 22:20:00.878 | INFO     | DCDH:train:167 - [epoch:1/3][loss:1.025184]
2024-08-29 22:20:17.618 | INFO     | DCDH:train:167 - [epoch:2/3][loss:0.966819]
2024-08-29 22:20:35.657 | INFO     | DCDH:train:167 - [epoch:3/3][loss:0.917458]
2024-08-29 22:20:35.658 | INFO     | DCDH:train:170 - [iter:28/50][iter_time:52.83]
2024-08-29 22:26:38.516 | INFO     | DCDH:train:242 - [iter:28/50][code_length:32][mAP:0.86845][mAP_all:0.87200][best_mAP:0.87034]
2024-08-29 22:26:38.516 | INFO     | DCDH:train:243 - [iter:28/50][code_length:32][zs_mAP:0.47723][zs_mAP_all:0.28414]
2024-08-29 22:26:56.909 | INFO     | DCDH:train:167 - [epoch:1/3][loss:1.035336]
2024-08-29 22:27:14.185 | INFO     | DCDH:train:167 - [epoch:2/3][loss:1.000271]
2024-08-29 22:27:31.429 | INFO     | DCDH:train:167 - [epoch:3/3][loss:0.944068]
2024-08-29 22:27:31.430 | INFO     | DCDH:train:170 - [iter:29/50][iter_time:52.91]
2024-08-29 22:33:38.357 | INFO     | DCDH:train:242 - [iter:29/50][code_length:32][mAP:0.87057][mAP_all:0.87484][best_mAP:0.87057]
2024-08-29 22:33:38.358 | INFO     | DCDH:train:243 - [iter:29/50][code_length:32][zs_mAP:0.48101][zs_mAP_all:0.28889]
2024-08-29 22:33:57.588 | INFO     | DCDH:train:167 - [epoch:1/3][loss:1.013406]
2024-08-29 22:34:16.988 | INFO     | DCDH:train:167 - [epoch:2/3][loss:0.942823]
2024-08-29 22:34:33.569 | INFO     | DCDH:train:167 - [epoch:3/3][loss:0.889413]
2024-08-29 22:34:33.570 | INFO     | DCDH:train:170 - [iter:30/50][iter_time:55.21]
2024-08-29 22:40:36.833 | INFO     | DCDH:train:242 - [iter:30/50][code_length:32][mAP:0.86879][mAP_all:0.87165][best_mAP:0.87057]
2024-08-29 22:40:36.834 | INFO     | DCDH:train:243 - [iter:30/50][code_length:32][zs_mAP:0.46927][zs_mAP_all:0.26109]
2024-08-29 22:40:56.451 | INFO     | DCDH:train:167 - [epoch:1/3][loss:1.054761]
2024-08-29 22:41:15.272 | INFO     | DCDH:train:167 - [epoch:2/3][loss:0.974801]
2024-08-29 22:41:33.464 | INFO     | DCDH:train:167 - [epoch:3/3][loss:0.927059]
2024-08-29 22:41:33.465 | INFO     | DCDH:train:170 - [iter:31/50][iter_time:56.63]
2024-08-29 22:47:44.314 | INFO     | DCDH:train:242 - [iter:31/50][code_length:32][mAP:0.86837][mAP_all:0.87214][best_mAP:0.87057]
2024-08-29 22:47:44.314 | INFO     | DCDH:train:243 - [iter:31/50][code_length:32][zs_mAP:0.47544][zs_mAP_all:0.27711]
2024-08-29 22:48:03.065 | INFO     | DCDH:train:167 - [epoch:1/3][loss:1.011502]
2024-08-29 22:48:21.892 | INFO     | DCDH:train:167 - [epoch:2/3][loss:0.941664]
2024-08-29 22:48:41.196 | INFO     | DCDH:train:167 - [epoch:3/3][loss:0.892801]
2024-08-29 22:48:41.197 | INFO     | DCDH:train:170 - [iter:32/50][iter_time:56.88]
2024-08-29 22:54:49.299 | INFO     | DCDH:train:242 - [iter:32/50][code_length:32][mAP:0.86580][mAP_all:0.86981][best_mAP:0.87057]
2024-08-29 22:54:49.300 | INFO     | DCDH:train:243 - [iter:32/50][code_length:32][zs_mAP:0.47389][zs_mAP_all:0.28779]
2024-08-29 22:55:07.218 | INFO     | DCDH:train:167 - [epoch:1/3][loss:1.028436]
2024-08-29 22:55:26.968 | INFO     | DCDH:train:167 - [epoch:2/3][loss:0.989064]
2024-08-29 22:55:46.026 | INFO     | DCDH:train:167 - [epoch:3/3][loss:0.935783]
2024-08-29 22:55:46.027 | INFO     | DCDH:train:170 - [iter:33/50][iter_time:56.73]
2024-08-29 23:01:59.310 | INFO     | DCDH:train:242 - [iter:33/50][code_length:32][mAP:0.86700][mAP_all:0.87102][best_mAP:0.87057]
2024-08-29 23:01:59.311 | INFO     | DCDH:train:243 - [iter:33/50][code_length:32][zs_mAP:0.46629][zs_mAP_all:0.27984]
2024-08-29 23:02:15.684 | INFO     | DCDH:train:167 - [epoch:1/3][loss:1.067275]
2024-08-29 23:02:32.763 | INFO     | DCDH:train:167 - [epoch:2/3][loss:1.031420]
2024-08-29 23:02:50.158 | INFO     | DCDH:train:167 - [epoch:3/3][loss:0.960948]
2024-08-29 23:02:50.159 | INFO     | DCDH:train:170 - [iter:34/50][iter_time:50.85]
2024-08-29 23:08:57.346 | INFO     | DCDH:train:242 - [iter:34/50][code_length:32][mAP:0.86853][mAP_all:0.87124][best_mAP:0.87057]
2024-08-29 23:08:57.346 | INFO     | DCDH:train:243 - [iter:34/50][code_length:32][zs_mAP:0.46874][zs_mAP_all:0.28114]
2024-08-29 23:09:15.294 | INFO     | DCDH:train:167 - [epoch:1/3][loss:1.030348]
2024-08-29 23:09:34.092 | INFO     | DCDH:train:167 - [epoch:2/3][loss:0.963397]
2024-08-29 23:09:53.072 | INFO     | DCDH:train:167 - [epoch:3/3][loss:0.924898]
2024-08-29 23:09:53.073 | INFO     | DCDH:train:170 - [iter:35/50][iter_time:55.73]
2024-08-29 23:16:07.868 | INFO     | DCDH:train:242 - [iter:35/50][code_length:32][mAP:0.87321][mAP_all:0.87676][best_mAP:0.87321]
2024-08-29 23:16:07.869 | INFO     | DCDH:train:243 - [iter:35/50][code_length:32][zs_mAP:0.47797][zs_mAP_all:0.28101]
2024-08-29 23:16:24.287 | INFO     | DCDH:train:167 - [epoch:1/3][loss:1.072665]
2024-08-29 23:16:41.861 | INFO     | DCDH:train:167 - [epoch:2/3][loss:0.996409]
2024-08-29 23:16:58.822 | INFO     | DCDH:train:167 - [epoch:3/3][loss:0.943917]
2024-08-29 23:16:58.823 | INFO     | DCDH:train:170 - [iter:36/50][iter_time:50.95]
2024-08-29 23:23:12.302 | INFO     | DCDH:train:242 - [iter:36/50][code_length:32][mAP:0.87034][mAP_all:0.87363][best_mAP:0.87321]
2024-08-29 23:23:12.303 | INFO     | DCDH:train:243 - [iter:36/50][code_length:32][zs_mAP:0.48682][zs_mAP_all:0.27655]
2024-08-29 23:23:30.664 | INFO     | DCDH:train:167 - [epoch:1/3][loss:1.030045]
2024-08-29 23:23:50.459 | INFO     | DCDH:train:167 - [epoch:2/3][loss:0.976713]
2024-08-29 23:24:10.195 | INFO     | DCDH:train:167 - [epoch:3/3][loss:0.903713]
2024-08-29 23:24:10.196 | INFO     | DCDH:train:170 - [iter:37/50][iter_time:57.89]
2024-08-29 23:30:10.669 | INFO     | DCDH:train:242 - [iter:37/50][code_length:32][mAP:0.87335][mAP_all:0.87668][best_mAP:0.87335]
2024-08-29 23:30:10.670 | INFO     | DCDH:train:243 - [iter:37/50][code_length:32][zs_mAP:0.47228][zs_mAP_all:0.27857]
2024-08-29 23:30:27.515 | INFO     | DCDH:train:167 - [epoch:1/3][loss:1.040287]
2024-08-29 23:30:46.768 | INFO     | DCDH:train:167 - [epoch:2/3][loss:0.983210]
2024-08-29 23:31:06.150 | INFO     | DCDH:train:167 - [epoch:3/3][loss:0.944083]
2024-08-29 23:31:06.151 | INFO     | DCDH:train:170 - [iter:38/50][iter_time:55.48]
2024-08-29 23:37:08.123 | INFO     | DCDH:train:242 - [iter:38/50][code_length:32][mAP:0.87015][mAP_all:0.87359][best_mAP:0.87335]
2024-08-29 23:37:08.124 | INFO     | DCDH:train:243 - [iter:38/50][code_length:32][zs_mAP:0.46697][zs_mAP_all:0.26166]
2024-08-29 23:37:25.814 | INFO     | DCDH:train:167 - [epoch:1/3][loss:1.017238]
2024-08-29 23:37:42.464 | INFO     | DCDH:train:167 - [epoch:2/3][loss:0.963122]
2024-08-29 23:37:59.072 | INFO     | DCDH:train:167 - [epoch:3/3][loss:0.934938]
2024-08-29 23:37:59.073 | INFO     | DCDH:train:170 - [iter:39/50][iter_time:50.95]
2024-08-29 23:44:03.062 | INFO     | DCDH:train:242 - [iter:39/50][code_length:32][mAP:0.87518][mAP_all:0.87843][best_mAP:0.87518]
2024-08-29 23:44:03.063 | INFO     | DCDH:train:243 - [iter:39/50][code_length:32][zs_mAP:0.47309][zs_mAP_all:0.28258]
2024-08-29 23:44:20.263 | INFO     | DCDH:train:167 - [epoch:1/3][loss:0.991171]
2024-08-29 23:44:37.155 | INFO     | DCDH:train:167 - [epoch:2/3][loss:0.926397]
2024-08-29 23:44:53.309 | INFO     | DCDH:train:167 - [epoch:3/3][loss:0.898375]
2024-08-29 23:44:53.309 | INFO     | DCDH:train:170 - [iter:40/50][iter_time:50.25]
2024-08-29 23:51:00.502 | INFO     | DCDH:train:242 - [iter:40/50][code_length:32][mAP:0.87269][mAP_all:0.87556][best_mAP:0.87518]
2024-08-29 23:51:00.502 | INFO     | DCDH:train:243 - [iter:40/50][code_length:32][zs_mAP:0.46318][zs_mAP_all:0.27290]
2024-08-29 23:51:18.490 | INFO     | DCDH:train:167 - [epoch:1/3][loss:1.023310]
2024-08-29 23:51:38.666 | INFO     | DCDH:train:167 - [epoch:2/3][loss:0.972445]
2024-08-29 23:51:58.050 | INFO     | DCDH:train:167 - [epoch:3/3][loss:0.909634]
2024-08-29 23:51:58.051 | INFO     | DCDH:train:170 - [iter:41/50][iter_time:57.55]
2024-08-29 23:58:04.988 | INFO     | DCDH:train:242 - [iter:41/50][code_length:32][mAP:0.87481][mAP_all:0.87929][best_mAP:0.87518]
2024-08-29 23:58:04.989 | INFO     | DCDH:train:243 - [iter:41/50][code_length:32][zs_mAP:0.46353][zs_mAP_all:0.28874]
2024-08-29 23:58:24.364 | INFO     | DCDH:train:167 - [epoch:1/3][loss:1.024809]
2024-08-29 23:58:44.996 | INFO     | DCDH:train:167 - [epoch:2/3][loss:0.958338]
2024-08-29 23:59:04.401 | INFO     | DCDH:train:167 - [epoch:3/3][loss:0.901675]
2024-08-29 23:59:04.401 | INFO     | DCDH:train:170 - [iter:42/50][iter_time:59.41]
2024-08-30 00:05:26.435 | INFO     | DCDH:train:242 - [iter:42/50][code_length:32][mAP:0.87007][mAP_all:0.87404][best_mAP:0.87518]
2024-08-30 00:05:26.435 | INFO     | DCDH:train:243 - [iter:42/50][code_length:32][zs_mAP:0.45659][zs_mAP_all:0.26609]
2024-08-30 00:05:46.079 | INFO     | DCDH:train:167 - [epoch:1/3][loss:0.951255]
2024-08-30 00:06:04.956 | INFO     | DCDH:train:167 - [epoch:2/3][loss:0.892016]
2024-08-30 00:06:19.628 | INFO     | DCDH:train:167 - [epoch:3/3][loss:0.868528]
2024-08-30 00:06:19.629 | INFO     | DCDH:train:170 - [iter:43/50][iter_time:53.19]
2024-08-30 00:12:12.128 | INFO     | DCDH:train:242 - [iter:43/50][code_length:32][mAP:0.87384][mAP_all:0.87772][best_mAP:0.87518]
2024-08-30 00:12:12.128 | INFO     | DCDH:train:243 - [iter:43/50][code_length:32][zs_mAP:0.45880][zs_mAP_all:0.28959]
2024-08-30 00:12:31.582 | INFO     | DCDH:train:167 - [epoch:1/3][loss:1.042140]
2024-08-30 00:12:50.866 | INFO     | DCDH:train:167 - [epoch:2/3][loss:0.955613]
2024-08-30 00:13:09.927 | INFO     | DCDH:train:167 - [epoch:3/3][loss:0.915730]
2024-08-30 00:13:09.928 | INFO     | DCDH:train:170 - [iter:44/50][iter_time:57.80]
2024-08-30 00:19:10.756 | INFO     | DCDH:train:242 - [iter:44/50][code_length:32][mAP:0.87038][mAP_all:0.87448][best_mAP:0.87518]
2024-08-30 00:19:10.757 | INFO     | DCDH:train:243 - [iter:44/50][code_length:32][zs_mAP:0.47192][zs_mAP_all:0.28318]
2024-08-30 00:19:25.922 | INFO     | DCDH:train:167 - [epoch:1/3][loss:1.037576]
2024-08-30 00:19:43.447 | INFO     | DCDH:train:167 - [epoch:2/3][loss:0.946397]
2024-08-30 00:20:00.686 | INFO     | DCDH:train:167 - [epoch:3/3][loss:0.907414]
2024-08-30 00:20:00.687 | INFO     | DCDH:train:170 - [iter:45/50][iter_time:49.93]
2024-08-30 00:25:58.118 | INFO     | DCDH:train:242 - [iter:45/50][code_length:32][mAP:0.87529][mAP_all:0.87935][best_mAP:0.87529]
2024-08-30 00:25:58.120 | INFO     | DCDH:train:243 - [iter:45/50][code_length:32][zs_mAP:0.48034][zs_mAP_all:0.29346]
2024-08-30 00:26:15.197 | INFO     | DCDH:train:167 - [epoch:1/3][loss:1.011603]
2024-08-30 00:26:31.574 | INFO     | DCDH:train:167 - [epoch:2/3][loss:0.974704]
2024-08-30 00:26:50.543 | INFO     | DCDH:train:167 - [epoch:3/3][loss:0.970749]
2024-08-30 00:26:50.544 | INFO     | DCDH:train:170 - [iter:46/50][iter_time:52.42]
2024-08-30 00:33:14.541 | INFO     | DCDH:train:242 - [iter:46/50][code_length:32][mAP:0.87327][mAP_all:0.87736][best_mAP:0.87529]
2024-08-30 00:33:14.542 | INFO     | DCDH:train:243 - [iter:46/50][code_length:32][zs_mAP:0.47797][zs_mAP_all:0.30168]
2024-08-30 00:33:31.042 | INFO     | DCDH:train:167 - [epoch:1/3][loss:1.024776]
2024-08-30 00:33:48.211 | INFO     | DCDH:train:167 - [epoch:2/3][loss:0.991829]
2024-08-30 00:34:06.741 | INFO     | DCDH:train:167 - [epoch:3/3][loss:0.989629]
2024-08-30 00:34:06.741 | INFO     | DCDH:train:170 - [iter:47/50][iter_time:52.20]
2024-08-30 00:40:02.768 | INFO     | DCDH:train:242 - [iter:47/50][code_length:32][mAP:0.87707][mAP_all:0.88071][best_mAP:0.87707]
2024-08-30 00:40:02.769 | INFO     | DCDH:train:243 - [iter:47/50][code_length:32][zs_mAP:0.47797][zs_mAP_all:0.29924]
2024-08-30 00:40:19.725 | INFO     | DCDH:train:167 - [epoch:1/3][loss:1.013753]
2024-08-30 00:40:36.986 | INFO     | DCDH:train:167 - [epoch:2/3][loss:0.989731]
2024-08-30 00:40:56.630 | INFO     | DCDH:train:167 - [epoch:3/3][loss:0.998023]
2024-08-30 00:40:56.630 | INFO     | DCDH:train:170 - [iter:48/50][iter_time:53.86]
2024-08-30 00:47:00.059 | INFO     | DCDH:train:242 - [iter:48/50][code_length:32][mAP:0.87630][mAP_all:0.88020][best_mAP:0.87707]
2024-08-30 00:47:00.059 | INFO     | DCDH:train:243 - [iter:48/50][code_length:32][zs_mAP:0.47294][zs_mAP_all:0.29531]
2024-08-30 00:47:15.305 | INFO     | DCDH:train:167 - [epoch:1/3][loss:0.979409]
2024-08-30 00:47:31.386 | INFO     | DCDH:train:167 - [epoch:2/3][loss:0.996039]
2024-08-30 00:47:46.323 | INFO     | DCDH:train:167 - [epoch:3/3][loss:0.973300]
2024-08-30 00:47:46.324 | INFO     | DCDH:train:170 - [iter:49/50][iter_time:46.26]
2024-08-30 00:53:54.648 | INFO     | DCDH:train:242 - [iter:49/50][code_length:32][mAP:0.87461][mAP_all:0.87814][best_mAP:0.87707]
2024-08-30 00:53:54.649 | INFO     | DCDH:train:243 - [iter:49/50][code_length:32][zs_mAP:0.47105][zs_mAP_all:0.29046]
2024-08-30 00:54:11.833 | INFO     | DCDH:train:167 - [epoch:1/3][loss:1.024124]
2024-08-30 00:54:29.062 | INFO     | DCDH:train:167 - [epoch:2/3][loss:1.012941]
2024-08-30 00:54:46.432 | INFO     | DCDH:train:167 - [epoch:3/3][loss:1.004361]
2024-08-30 00:54:46.433 | INFO     | DCDH:train:170 - [iter:50/50][iter_time:51.78]
2024-08-30 01:00:49.077 | INFO     | DCDH:train:242 - [iter:50/50][code_length:32][mAP:0.87464][mAP_all:0.87841][best_mAP:0.87707]
2024-08-30 01:00:49.077 | INFO     | DCDH:train:243 - [iter:50/50][code_length:32][zs_mAP:0.47773][zs_mAP_all:0.29892]
2024-08-30 01:00:49.078 | INFO     | DCDH:train:246 - [Training time:20940.48]
2024-08-30 01:00:49.080 | INFO     | __main__:run:138 - [code_length:32][map:0.8771][map_all:0.8807][zs_map:0.4780][zs_map_all:0.2992]
2024-08-30 01:01:04.872 | INFO     | DCDH:train:167 - [epoch:1/3][loss:2.417261]
2024-08-30 01:01:22.220 | INFO     | DCDH:train:167 - [epoch:2/3][loss:1.736008]
2024-08-30 01:01:39.746 | INFO     | DCDH:train:167 - [epoch:3/3][loss:1.503032]
2024-08-30 01:01:39.747 | INFO     | DCDH:train:170 - [iter:1/50][iter_time:50.01]
2024-08-30 01:07:41.264 | INFO     | DCDH:train:242 - [iter:1/50][code_length:64][mAP:0.84023][mAP_all:0.84933][best_mAP:0.84023]
2024-08-30 01:07:41.265 | INFO     | DCDH:train:243 - [iter:1/50][code_length:64][zs_mAP:0.47627][zs_mAP_all:0.29488]
2024-08-30 01:07:58.276 | INFO     | DCDH:train:167 - [epoch:1/3][loss:1.888830]
2024-08-30 01:08:15.375 | INFO     | DCDH:train:167 - [epoch:2/3][loss:1.550252]
2024-08-30 01:08:32.558 | INFO     | DCDH:train:167 - [epoch:3/3][loss:1.353208]
2024-08-30 01:08:32.559 | INFO     | DCDH:train:170 - [iter:2/50][iter_time:51.29]
2024-08-30 01:14:37.226 | INFO     | DCDH:train:242 - [iter:2/50][code_length:64][mAP:0.85035][mAP_all:0.86024][best_mAP:0.85035]
2024-08-30 01:14:37.227 | INFO     | DCDH:train:243 - [iter:2/50][code_length:64][zs_mAP:0.47882][zs_mAP_all:0.30233]
2024-08-30 01:14:54.550 | INFO     | DCDH:train:167 - [epoch:1/3][loss:1.748432]
2024-08-30 01:15:11.978 | INFO     | DCDH:train:167 - [epoch:2/3][loss:1.419348]
2024-08-30 01:15:29.007 | INFO     | DCDH:train:167 - [epoch:3/3][loss:1.385639]
2024-08-30 01:15:29.008 | INFO     | DCDH:train:170 - [iter:3/50][iter_time:51.78]
2024-08-30 01:21:38.863 | INFO     | DCDH:train:242 - [iter:3/50][code_length:64][mAP:0.85181][mAP_all:0.85947][best_mAP:0.85181]
2024-08-30 01:21:38.864 | INFO     | DCDH:train:243 - [iter:3/50][code_length:64][zs_mAP:0.47824][zs_mAP_all:0.29694]
2024-08-30 01:21:56.088 | INFO     | DCDH:train:167 - [epoch:1/3][loss:1.583849]
2024-08-30 01:22:13.026 | INFO     | DCDH:train:167 - [epoch:2/3][loss:1.364572]
2024-08-30 01:22:30.226 | INFO     | DCDH:train:167 - [epoch:3/3][loss:1.281260]
2024-08-30 01:22:30.227 | INFO     | DCDH:train:170 - [iter:4/50][iter_time:51.36]
2024-08-30 01:28:46.108 | INFO     | DCDH:train:242 - [iter:4/50][code_length:64][mAP:0.86297][mAP_all:0.87006][best_mAP:0.86297]
2024-08-30 01:28:46.109 | INFO     | DCDH:train:243 - [iter:4/50][code_length:64][zs_mAP:0.48174][zs_mAP_all:0.31772]
2024-08-30 01:29:03.117 | INFO     | DCDH:train:167 - [epoch:1/3][loss:1.462595]
2024-08-30 01:29:20.045 | INFO     | DCDH:train:167 - [epoch:2/3][loss:1.370846]
2024-08-30 01:29:37.191 | INFO     | DCDH:train:167 - [epoch:3/3][loss:1.280719]
2024-08-30 01:29:37.191 | INFO     | DCDH:train:170 - [iter:5/50][iter_time:51.08]
2024-08-30 01:36:05.527 | INFO     | DCDH:train:242 - [iter:5/50][code_length:64][mAP:0.86196][mAP_all:0.86931][best_mAP:0.86297]
2024-08-30 01:36:05.528 | INFO     | DCDH:train:243 - [iter:5/50][code_length:64][zs_mAP:0.46965][zs_mAP_all:0.29264]
2024-08-30 01:36:22.680 | INFO     | DCDH:train:167 - [epoch:1/3][loss:1.441350]
2024-08-30 01:36:39.105 | INFO     | DCDH:train:167 - [epoch:2/3][loss:1.317062]
2024-08-30 01:36:54.308 | INFO     | DCDH:train:167 - [epoch:3/3][loss:1.248164]
2024-08-30 01:36:54.309 | INFO     | DCDH:train:170 - [iter:6/50][iter_time:48.78]
2024-08-30 01:43:07.013 | INFO     | DCDH:train:242 - [iter:6/50][code_length:64][mAP:0.86738][mAP_all:0.87479][best_mAP:0.86738]
2024-08-30 01:43:07.014 | INFO     | DCDH:train:243 - [iter:6/50][code_length:64][zs_mAP:0.47988][zs_mAP_all:0.31013]
2024-08-30 01:43:24.166 | INFO     | DCDH:train:167 - [epoch:1/3][loss:1.421348]
2024-08-30 01:43:41.446 | INFO     | DCDH:train:167 - [epoch:2/3][loss:1.287926]
2024-08-30 01:43:58.454 | INFO     | DCDH:train:167 - [epoch:3/3][loss:1.232614]
2024-08-30 01:43:58.455 | INFO     | DCDH:train:170 - [iter:7/50][iter_time:51.44]
2024-08-30 01:50:20.481 | INFO     | DCDH:train:242 - [iter:7/50][code_length:64][mAP:0.86733][mAP_all:0.87394][best_mAP:0.86738]
2024-08-30 01:50:20.481 | INFO     | DCDH:train:243 - [iter:7/50][code_length:64][zs_mAP:0.45822][zs_mAP_all:0.28668]
2024-08-30 01:50:34.992 | INFO     | DCDH:train:167 - [epoch:1/3][loss:1.360286]
2024-08-30 01:50:50.829 | INFO     | DCDH:train:167 - [epoch:2/3][loss:1.240950]
2024-08-30 01:51:07.668 | INFO     | DCDH:train:167 - [epoch:3/3][loss:1.198654]
2024-08-30 01:51:07.669 | INFO     | DCDH:train:170 - [iter:8/50][iter_time:47.19]
2024-08-30 01:57:07.123 | INFO     | DCDH:train:242 - [iter:8/50][code_length:64][mAP:0.86735][mAP_all:0.87358][best_mAP:0.86738]
2024-08-30 01:57:07.124 | INFO     | DCDH:train:243 - [iter:8/50][code_length:64][zs_mAP:0.46584][zs_mAP_all:0.28189]
2024-08-30 01:57:23.500 | INFO     | DCDH:train:167 - [epoch:1/3][loss:1.341836]
2024-08-30 01:57:40.100 | INFO     | DCDH:train:167 - [epoch:2/3][loss:1.259699]
2024-08-30 01:57:55.188 | INFO     | DCDH:train:167 - [epoch:3/3][loss:1.210363]
2024-08-30 01:57:55.188 | INFO     | DCDH:train:170 - [iter:9/50][iter_time:48.06]
2024-08-30 02:04:03.916 | INFO     | DCDH:train:242 - [iter:9/50][code_length:64][mAP:0.86819][mAP_all:0.87377][best_mAP:0.86819]
2024-08-30 02:04:03.917 | INFO     | DCDH:train:243 - [iter:9/50][code_length:64][zs_mAP:0.47311][zs_mAP_all:0.28279]
2024-08-30 02:04:20.542 | INFO     | DCDH:train:167 - [epoch:1/3][loss:1.356255]
2024-08-30 02:04:37.409 | INFO     | DCDH:train:167 - [epoch:2/3][loss:1.218252]
2024-08-30 02:04:54.370 | INFO     | DCDH:train:167 - [epoch:3/3][loss:1.122184]
2024-08-30 02:04:54.371 | INFO     | DCDH:train:170 - [iter:10/50][iter_time:50.45]
2024-08-30 02:10:55.130 | INFO     | DCDH:train:242 - [iter:10/50][code_length:64][mAP:0.86670][mAP_all:0.87160][best_mAP:0.86819]
2024-08-30 02:10:55.130 | INFO     | DCDH:train:243 - [iter:10/50][code_length:64][zs_mAP:0.47512][zs_mAP_all:0.27369]
2024-08-30 02:11:10.544 | INFO     | DCDH:train:167 - [epoch:1/3][loss:1.293227]
2024-08-30 02:11:26.176 | INFO     | DCDH:train:167 - [epoch:2/3][loss:1.194674]
2024-08-30 02:11:41.275 | INFO     | DCDH:train:167 - [epoch:3/3][loss:1.173883]
2024-08-30 02:11:41.276 | INFO     | DCDH:train:170 - [iter:11/50][iter_time:46.14]
2024-08-30 02:17:43.773 | INFO     | DCDH:train:242 - [iter:11/50][code_length:64][mAP:0.86509][mAP_all:0.87055][best_mAP:0.86819]
2024-08-30 02:17:43.774 | INFO     | DCDH:train:243 - [iter:11/50][code_length:64][zs_mAP:0.47512][zs_mAP_all:0.28320]
2024-08-30 02:17:58.785 | INFO     | DCDH:train:167 - [epoch:1/3][loss:1.300052]
2024-08-30 02:18:13.107 | INFO     | DCDH:train:167 - [epoch:2/3][loss:1.176900]
2024-08-30 02:18:29.651 | INFO     | DCDH:train:167 - [epoch:3/3][loss:1.081947]
2024-08-30 02:18:29.651 | INFO     | DCDH:train:170 - [iter:12/50][iter_time:45.88]
2024-08-30 02:24:45.583 | INFO     | DCDH:train:242 - [iter:12/50][code_length:64][mAP:0.86327][mAP_all:0.86913][best_mAP:0.86819]
2024-08-30 02:24:45.584 | INFO     | DCDH:train:243 - [iter:12/50][code_length:64][zs_mAP:0.47666][zs_mAP_all:0.29189]
2024-08-30 02:25:02.963 | INFO     | DCDH:train:167 - [epoch:1/3][loss:1.241937]
2024-08-30 02:25:20.143 | INFO     | DCDH:train:167 - [epoch:2/3][loss:1.172562]
2024-08-30 02:25:37.069 | INFO     | DCDH:train:167 - [epoch:3/3][loss:1.155513]
2024-08-30 02:25:37.070 | INFO     | DCDH:train:170 - [iter:13/50][iter_time:51.49]
2024-08-30 02:31:36.872 | INFO     | DCDH:train:242 - [iter:13/50][code_length:64][mAP:0.86245][mAP_all:0.86779][best_mAP:0.86819]
2024-08-30 02:31:36.872 | INFO     | DCDH:train:243 - [iter:13/50][code_length:64][zs_mAP:0.47423][zs_mAP_all:0.28176]
2024-08-30 02:31:51.889 | INFO     | DCDH:train:167 - [epoch:1/3][loss:1.248258]
2024-08-30 02:32:07.757 | INFO     | DCDH:train:167 - [epoch:2/3][loss:1.160552]
2024-08-30 02:32:24.436 | INFO     | DCDH:train:167 - [epoch:3/3][loss:1.072508]
2024-08-30 02:32:24.437 | INFO     | DCDH:train:170 - [iter:14/50][iter_time:47.56]
2024-08-30 02:38:30.793 | INFO     | DCDH:train:242 - [iter:14/50][code_length:64][mAP:0.86786][mAP_all:0.87276][best_mAP:0.86819]
2024-08-30 02:38:30.793 | INFO     | DCDH:train:243 - [iter:14/50][code_length:64][zs_mAP:0.47661][zs_mAP_all:0.29947]
2024-08-30 02:38:48.578 | INFO     | DCDH:train:167 - [epoch:1/3][loss:1.262536]
2024-08-30 02:39:04.981 | INFO     | DCDH:train:167 - [epoch:2/3][loss:1.195512]
2024-08-30 02:39:22.556 | INFO     | DCDH:train:167 - [epoch:3/3][loss:1.154637]
2024-08-30 02:39:22.557 | INFO     | DCDH:train:170 - [iter:15/50][iter_time:51.76]
2024-08-30 02:45:25.046 | INFO     | DCDH:train:242 - [iter:15/50][code_length:64][mAP:0.86670][mAP_all:0.87200][best_mAP:0.86819]
2024-08-30 02:45:25.046 | INFO     | DCDH:train:243 - [iter:15/50][code_length:64][zs_mAP:0.48215][zs_mAP_all:0.29745]
2024-08-30 02:45:42.946 | INFO     | DCDH:train:167 - [epoch:1/3][loss:1.246542]
2024-08-30 02:46:00.621 | INFO     | DCDH:train:167 - [epoch:2/3][loss:1.199637]
2024-08-30 02:46:17.713 | INFO     | DCDH:train:167 - [epoch:3/3][loss:1.149896]
2024-08-30 02:46:17.713 | INFO     | DCDH:train:170 - [iter:16/50][iter_time:52.67]
2024-08-30 02:52:23.420 | INFO     | DCDH:train:242 - [iter:16/50][code_length:64][mAP:0.86633][mAP_all:0.87193][best_mAP:0.86819]
2024-08-30 02:52:23.420 | INFO     | DCDH:train:243 - [iter:16/50][code_length:64][zs_mAP:0.47684][zs_mAP_all:0.29733]
2024-08-30 02:52:40.716 | INFO     | DCDH:train:167 - [epoch:1/3][loss:1.280947]
2024-08-30 02:52:58.143 | INFO     | DCDH:train:167 - [epoch:2/3][loss:1.176091]
2024-08-30 02:53:15.715 | INFO     | DCDH:train:167 - [epoch:3/3][loss:1.130446]
2024-08-30 02:53:15.716 | INFO     | DCDH:train:170 - [iter:17/50][iter_time:52.30]
2024-08-30 02:59:22.459 | INFO     | DCDH:train:242 - [iter:17/50][code_length:64][mAP:0.87183][mAP_all:0.87598][best_mAP:0.87183]
2024-08-30 02:59:22.460 | INFO     | DCDH:train:243 - [iter:17/50][code_length:64][zs_mAP:0.47000][zs_mAP_all:0.28501]
2024-08-30 02:59:40.237 | INFO     | DCDH:train:167 - [epoch:1/3][loss:1.270192]
2024-08-30 02:59:57.127 | INFO     | DCDH:train:167 - [epoch:2/3][loss:1.175267]
2024-08-30 03:00:14.066 | INFO     | DCDH:train:167 - [epoch:3/3][loss:1.132169]
2024-08-30 03:00:14.067 | INFO     | DCDH:train:170 - [iter:18/50][iter_time:51.61]
2024-08-30 03:06:19.864 | INFO     | DCDH:train:242 - [iter:18/50][code_length:64][mAP:0.87423][mAP_all:0.87910][best_mAP:0.87423]
2024-08-30 03:06:19.865 | INFO     | DCDH:train:243 - [iter:18/50][code_length:64][zs_mAP:0.47108][zs_mAP_all:0.29754]
2024-08-30 03:06:37.364 | INFO     | DCDH:train:167 - [epoch:1/3][loss:1.242710]
2024-08-30 03:06:54.641 | INFO     | DCDH:train:167 - [epoch:2/3][loss:1.155995]
2024-08-30 03:07:11.754 | INFO     | DCDH:train:167 - [epoch:3/3][loss:1.105697]
2024-08-30 03:07:11.755 | INFO     | DCDH:train:170 - [iter:19/50][iter_time:51.89]
2024-08-30 03:13:04.946 | INFO     | DCDH:train:242 - [iter:19/50][code_length:64][mAP:0.87417][mAP_all:0.87913][best_mAP:0.87423]
2024-08-30 03:13:04.946 | INFO     | DCDH:train:243 - [iter:19/50][code_length:64][zs_mAP:0.47235][zs_mAP_all:0.29956]
2024-08-30 03:13:22.475 | INFO     | DCDH:train:167 - [epoch:1/3][loss:1.267238]
2024-08-30 03:13:39.303 | INFO     | DCDH:train:167 - [epoch:2/3][loss:1.182067]
2024-08-30 03:13:56.515 | INFO     | DCDH:train:167 - [epoch:3/3][loss:1.146382]
2024-08-30 03:13:56.516 | INFO     | DCDH:train:170 - [iter:20/50][iter_time:51.57]
2024-08-30 03:20:03.200 | INFO     | DCDH:train:242 - [iter:20/50][code_length:64][mAP:0.87129][mAP_all:0.87632][best_mAP:0.87423]
2024-08-30 03:20:03.201 | INFO     | DCDH:train:243 - [iter:20/50][code_length:64][zs_mAP:0.47930][zs_mAP_all:0.29641]
2024-08-30 03:20:20.628 | INFO     | DCDH:train:167 - [epoch:1/3][loss:1.266206]
2024-08-30 03:20:38.613 | INFO     | DCDH:train:167 - [epoch:2/3][loss:1.184319]
2024-08-30 03:20:55.590 | INFO     | DCDH:train:167 - [epoch:3/3][loss:1.141759]
2024-08-30 03:20:55.590 | INFO     | DCDH:train:170 - [iter:21/50][iter_time:52.39]
2024-08-30 03:26:54.368 | INFO     | DCDH:train:242 - [iter:21/50][code_length:64][mAP:0.87400][mAP_all:0.87853][best_mAP:0.87423]
2024-08-30 03:26:54.368 | INFO     | DCDH:train:243 - [iter:21/50][code_length:64][zs_mAP:0.47941][zs_mAP_all:0.30112]
2024-08-30 03:27:11.461 | INFO     | DCDH:train:167 - [epoch:1/3][loss:1.268610]
2024-08-30 03:27:28.630 | INFO     | DCDH:train:167 - [epoch:2/3][loss:1.160393]
2024-08-30 03:27:45.648 | INFO     | DCDH:train:167 - [epoch:3/3][loss:1.126509]
2024-08-30 03:27:45.649 | INFO     | DCDH:train:170 - [iter:22/50][iter_time:51.28]
2024-08-30 03:33:47.614 | INFO     | DCDH:train:242 - [iter:22/50][code_length:64][mAP:0.87379][mAP_all:0.87842][best_mAP:0.87423]
2024-08-30 03:33:47.614 | INFO     | DCDH:train:243 - [iter:22/50][code_length:64][zs_mAP:0.47806][zs_mAP_all:0.30117]
2024-08-30 03:34:04.202 | INFO     | DCDH:train:167 - [epoch:1/3][loss:1.248604]
2024-08-30 03:34:20.802 | INFO     | DCDH:train:167 - [epoch:2/3][loss:1.149247]
2024-08-30 03:34:37.496 | INFO     | DCDH:train:167 - [epoch:3/3][loss:1.104497]
2024-08-30 03:34:37.497 | INFO     | DCDH:train:170 - [iter:23/50][iter_time:49.88]
2024-08-30 03:40:39.539 | INFO     | DCDH:train:242 - [iter:23/50][code_length:64][mAP:0.87236][mAP_all:0.87625][best_mAP:0.87423]
2024-08-30 03:40:39.540 | INFO     | DCDH:train:243 - [iter:23/50][code_length:64][zs_mAP:0.48072][zs_mAP_all:0.29843]
2024-08-30 03:40:56.440 | INFO     | DCDH:train:167 - [epoch:1/3][loss:1.231468]
2024-08-30 03:41:12.849 | INFO     | DCDH:train:167 - [epoch:2/3][loss:1.182880]
2024-08-30 03:41:29.868 | INFO     | DCDH:train:167 - [epoch:3/3][loss:1.113503]
2024-08-30 03:41:29.869 | INFO     | DCDH:train:170 - [iter:24/50][iter_time:50.33]
2024-08-30 03:47:36.300 | INFO     | DCDH:train:242 - [iter:24/50][code_length:64][mAP:0.87294][mAP_all:0.87735][best_mAP:0.87423]
2024-08-30 03:47:36.301 | INFO     | DCDH:train:243 - [iter:24/50][code_length:64][zs_mAP:0.47233][zs_mAP_all:0.28406]
2024-08-30 03:47:52.913 | INFO     | DCDH:train:167 - [epoch:1/3][loss:1.218369]
2024-08-30 03:48:08.579 | INFO     | DCDH:train:167 - [epoch:2/3][loss:1.147654]
2024-08-30 03:48:25.182 | INFO     | DCDH:train:167 - [epoch:3/3][loss:1.117331]
2024-08-30 03:48:25.183 | INFO     | DCDH:train:170 - [iter:25/50][iter_time:48.88]
2024-08-30 03:54:37.191 | INFO     | DCDH:train:242 - [iter:25/50][code_length:64][mAP:0.87275][mAP_all:0.87716][best_mAP:0.87423]
2024-08-30 03:54:37.192 | INFO     | DCDH:train:243 - [iter:25/50][code_length:64][zs_mAP:0.48558][zs_mAP_all:0.30112]
2024-08-30 03:54:54.398 | INFO     | DCDH:train:167 - [epoch:1/3][loss:1.233861]
2024-08-30 03:55:11.481 | INFO     | DCDH:train:167 - [epoch:2/3][loss:1.154170]
2024-08-30 03:55:28.715 | INFO     | DCDH:train:167 - [epoch:3/3][loss:1.099332]
2024-08-30 03:55:28.715 | INFO     | DCDH:train:170 - [iter:26/50][iter_time:51.52]
2024-08-30 04:01:46.946 | INFO     | DCDH:train:242 - [iter:26/50][code_length:64][mAP:0.87316][mAP_all:0.87670][best_mAP:0.87423]
2024-08-30 04:01:46.947 | INFO     | DCDH:train:243 - [iter:26/50][code_length:64][zs_mAP:0.46573][zs_mAP_all:0.28347]
2024-08-30 04:02:02.163 | INFO     | DCDH:train:167 - [epoch:1/3][loss:1.250805]
2024-08-30 04:02:19.023 | INFO     | DCDH:train:167 - [epoch:2/3][loss:1.190720]
2024-08-30 04:02:34.556 | INFO     | DCDH:train:167 - [epoch:3/3][loss:1.100753]
2024-08-30 04:02:34.556 | INFO     | DCDH:train:170 - [iter:27/50][iter_time:47.61]
2024-08-30 04:08:58.016 | INFO     | DCDH:train:242 - [iter:27/50][code_length:64][mAP:0.87334][mAP_all:0.87803][best_mAP:0.87423]
2024-08-30 04:08:58.016 | INFO     | DCDH:train:243 - [iter:27/50][code_length:64][zs_mAP:0.48741][zs_mAP_all:0.29975]
2024-08-30 04:09:15.072 | INFO     | DCDH:train:167 - [epoch:1/3][loss:1.217247]
2024-08-30 04:09:32.139 | INFO     | DCDH:train:167 - [epoch:2/3][loss:1.112758]
2024-08-30 04:09:49.510 | INFO     | DCDH:train:167 - [epoch:3/3][loss:1.080627]
2024-08-30 04:09:49.511 | INFO     | DCDH:train:170 - [iter:28/50][iter_time:51.49]
2024-08-30 04:16:03.836 | INFO     | DCDH:train:242 - [iter:28/50][code_length:64][mAP:0.87157][mAP_all:0.87640][best_mAP:0.87423]
2024-08-30 04:16:03.836 | INFO     | DCDH:train:243 - [iter:28/50][code_length:64][zs_mAP:0.48710][zs_mAP_all:0.29591]
2024-08-30 04:16:20.657 | INFO     | DCDH:train:167 - [epoch:1/3][loss:1.165614]
2024-08-30 04:16:37.570 | INFO     | DCDH:train:167 - [epoch:2/3][loss:1.094510]
2024-08-30 04:16:54.370 | INFO     | DCDH:train:167 - [epoch:3/3][loss:1.125629]
2024-08-30 04:16:54.370 | INFO     | DCDH:train:170 - [iter:29/50][iter_time:50.53]
2024-08-30 04:23:05.502 | INFO     | DCDH:train:242 - [iter:29/50][code_length:64][mAP:0.87923][mAP_all:0.88369][best_mAP:0.87923]
2024-08-30 04:23:05.503 | INFO     | DCDH:train:243 - [iter:29/50][code_length:64][zs_mAP:0.48641][zs_mAP_all:0.29076]
2024-08-30 04:23:21.801 | INFO     | DCDH:train:167 - [epoch:1/3][loss:1.232839]
2024-08-30 04:23:38.511 | INFO     | DCDH:train:167 - [epoch:2/3][loss:1.131970]
2024-08-30 04:23:55.382 | INFO     | DCDH:train:167 - [epoch:3/3][loss:1.105110]
2024-08-30 04:23:55.383 | INFO     | DCDH:train:170 - [iter:30/50][iter_time:49.88]
2024-08-30 04:30:00.294 | INFO     | DCDH:train:242 - [iter:30/50][code_length:64][mAP:0.87363][mAP_all:0.87744][best_mAP:0.87923]
2024-08-30 04:30:00.295 | INFO     | DCDH:train:243 - [iter:30/50][code_length:64][zs_mAP:0.47465][zs_mAP_all:0.28023]
2024-08-30 04:30:16.404 | INFO     | DCDH:train:167 - [epoch:1/3][loss:1.218990]
2024-08-30 04:30:33.112 | INFO     | DCDH:train:167 - [epoch:2/3][loss:1.115449]
2024-08-30 04:30:48.215 | INFO     | DCDH:train:167 - [epoch:3/3][loss:1.075587]
2024-08-30 04:30:48.215 | INFO     | DCDH:train:170 - [iter:31/50][iter_time:47.92]
2024-08-30 04:36:52.813 | INFO     | DCDH:train:242 - [iter:31/50][code_length:64][mAP:0.87317][mAP_all:0.87674][best_mAP:0.87923]
2024-08-30 04:36:52.813 | INFO     | DCDH:train:243 - [iter:31/50][code_length:64][zs_mAP:0.46925][zs_mAP_all:0.27864]
2024-08-30 04:37:09.562 | INFO     | DCDH:train:167 - [epoch:1/3][loss:1.191820]
2024-08-30 04:37:26.734 | INFO     | DCDH:train:167 - [epoch:2/3][loss:1.132480]
2024-08-30 04:37:43.741 | INFO     | DCDH:train:167 - [epoch:3/3][loss:1.095421]
2024-08-30 04:37:43.742 | INFO     | DCDH:train:170 - [iter:32/50][iter_time:50.93]
2024-08-30 04:43:38.151 | INFO     | DCDH:train:242 - [iter:32/50][code_length:64][mAP:0.87813][mAP_all:0.88129][best_mAP:0.87923]
2024-08-30 04:43:38.151 | INFO     | DCDH:train:243 - [iter:32/50][code_length:64][zs_mAP:0.48078][zs_mAP_all:0.28911]
2024-08-30 04:43:55.380 | INFO     | DCDH:train:167 - [epoch:1/3][loss:1.221147]
2024-08-30 04:44:12.970 | INFO     | DCDH:train:167 - [epoch:2/3][loss:1.137846]
2024-08-30 04:44:30.485 | INFO     | DCDH:train:167 - [epoch:3/3][loss:1.114747]
2024-08-30 04:44:30.486 | INFO     | DCDH:train:170 - [iter:33/50][iter_time:52.33]
2024-08-30 04:50:57.083 | INFO     | DCDH:train:242 - [iter:33/50][code_length:64][mAP:0.87626][mAP_all:0.88093][best_mAP:0.87923]
2024-08-30 04:50:57.084 | INFO     | DCDH:train:243 - [iter:33/50][code_length:64][zs_mAP:0.47340][zs_mAP_all:0.28805]
2024-08-30 04:51:12.893 | INFO     | DCDH:train:167 - [epoch:1/3][loss:1.166361]
2024-08-30 04:51:29.361 | INFO     | DCDH:train:167 - [epoch:2/3][loss:1.131853]
2024-08-30 04:51:46.204 | INFO     | DCDH:train:167 - [epoch:3/3][loss:1.053304]
2024-08-30 04:51:46.205 | INFO     | DCDH:train:170 - [iter:34/50][iter_time:49.12]
2024-08-30 04:57:50.347 | INFO     | DCDH:train:242 - [iter:34/50][code_length:64][mAP:0.87313][mAP_all:0.87798][best_mAP:0.87923]
2024-08-30 04:57:50.348 | INFO     | DCDH:train:243 - [iter:34/50][code_length:64][zs_mAP:0.48728][zs_mAP_all:0.29991]
2024-08-30 04:58:07.107 | INFO     | DCDH:train:167 - [epoch:1/3][loss:1.164433]
2024-08-30 04:58:23.827 | INFO     | DCDH:train:167 - [epoch:2/3][loss:1.110928]
2024-08-30 04:58:40.377 | INFO     | DCDH:train:167 - [epoch:3/3][loss:1.104106]
2024-08-30 04:58:40.377 | INFO     | DCDH:train:170 - [iter:35/50][iter_time:50.03]
2024-08-30 05:05:12.444 | INFO     | DCDH:train:242 - [iter:35/50][code_length:64][mAP:0.87407][mAP_all:0.87809][best_mAP:0.87923]
2024-08-30 05:05:12.444 | INFO     | DCDH:train:243 - [iter:35/50][code_length:64][zs_mAP:0.48500][zs_mAP_all:0.29644]
2024-08-30 05:05:29.965 | INFO     | DCDH:train:167 - [epoch:1/3][loss:1.155465]
2024-08-30 05:05:47.645 | INFO     | DCDH:train:167 - [epoch:2/3][loss:1.085694]
2024-08-30 05:06:04.503 | INFO     | DCDH:train:167 - [epoch:3/3][loss:1.095952]
2024-08-30 05:06:04.504 | INFO     | DCDH:train:170 - [iter:36/50][iter_time:52.06]
2024-08-30 05:11:59.099 | INFO     | DCDH:train:242 - [iter:36/50][code_length:64][mAP:0.87680][mAP_all:0.88005][best_mAP:0.87923]
2024-08-30 05:11:59.099 | INFO     | DCDH:train:243 - [iter:36/50][code_length:64][zs_mAP:0.47550][zs_mAP_all:0.28661]
2024-08-30 05:12:16.061 | INFO     | DCDH:train:167 - [epoch:1/3][loss:1.224574]
2024-08-30 05:12:32.451 | INFO     | DCDH:train:167 - [epoch:2/3][loss:1.103698]
2024-08-30 05:12:48.748 | INFO     | DCDH:train:167 - [epoch:3/3][loss:1.065455]
2024-08-30 05:12:48.749 | INFO     | DCDH:train:170 - [iter:37/50][iter_time:49.65]
2024-08-30 05:19:10.796 | INFO     | DCDH:train:242 - [iter:37/50][code_length:64][mAP:0.87469][mAP_all:0.87819][best_mAP:0.87923]
2024-08-30 05:19:10.797 | INFO     | DCDH:train:243 - [iter:37/50][code_length:64][zs_mAP:0.47454][zs_mAP_all:0.28744]
2024-08-30 05:19:28.558 | INFO     | DCDH:train:167 - [epoch:1/3][loss:1.180844]
2024-08-30 05:19:45.741 | INFO     | DCDH:train:167 - [epoch:2/3][loss:1.061490]
2024-08-30 05:20:03.102 | INFO     | DCDH:train:167 - [epoch:3/3][loss:1.048815]
2024-08-30 05:20:03.102 | INFO     | DCDH:train:170 - [iter:38/50][iter_time:52.31]
2024-08-30 05:26:12.742 | INFO     | DCDH:train:242 - [iter:38/50][code_length:64][mAP:0.87829][mAP_all:0.88174][best_mAP:0.87923]
2024-08-30 05:26:12.743 | INFO     | DCDH:train:243 - [iter:38/50][code_length:64][zs_mAP:0.47485][zs_mAP_all:0.28899]
2024-08-30 05:26:28.543 | INFO     | DCDH:train:167 - [epoch:1/3][loss:1.253641]
2024-08-30 05:26:43.697 | INFO     | DCDH:train:167 - [epoch:2/3][loss:1.176033]
2024-08-30 05:26:58.989 | INFO     | DCDH:train:167 - [epoch:3/3][loss:1.071417]
2024-08-30 05:26:58.990 | INFO     | DCDH:train:170 - [iter:39/50][iter_time:46.25]
2024-08-30 05:33:22.994 | INFO     | DCDH:train:242 - [iter:39/50][code_length:64][mAP:0.87307][mAP_all:0.87743][best_mAP:0.87923]
2024-08-30 05:33:22.994 | INFO     | DCDH:train:243 - [iter:39/50][code_length:64][zs_mAP:0.47043][zs_mAP_all:0.28877]
2024-08-30 05:33:40.478 | INFO     | DCDH:train:167 - [epoch:1/3][loss:1.156941]
2024-08-30 05:33:57.834 | INFO     | DCDH:train:167 - [epoch:2/3][loss:1.058477]
2024-08-30 05:34:15.173 | INFO     | DCDH:train:167 - [epoch:3/3][loss:1.053146]
2024-08-30 05:34:15.174 | INFO     | DCDH:train:170 - [iter:40/50][iter_time:52.18]
2024-08-30 05:40:25.555 | INFO     | DCDH:train:242 - [iter:40/50][code_length:64][mAP:0.87259][mAP_all:0.87620][best_mAP:0.87923]
2024-08-30 05:40:25.556 | INFO     | DCDH:train:243 - [iter:40/50][code_length:64][zs_mAP:0.48061][zs_mAP_all:0.28592]
2024-08-30 05:40:42.194 | INFO     | DCDH:train:167 - [epoch:1/3][loss:1.203006]
2024-08-30 05:40:58.792 | INFO     | DCDH:train:167 - [epoch:2/3][loss:1.144441]
2024-08-30 05:41:15.529 | INFO     | DCDH:train:167 - [epoch:3/3][loss:1.089763]
2024-08-30 05:41:15.529 | INFO     | DCDH:train:170 - [iter:41/50][iter_time:49.97]
2024-08-30 05:47:23.094 | INFO     | DCDH:train:242 - [iter:41/50][code_length:64][mAP:0.87311][mAP_all:0.87654][best_mAP:0.87923]
2024-08-30 05:47:23.095 | INFO     | DCDH:train:243 - [iter:41/50][code_length:64][zs_mAP:0.47118][zs_mAP_all:0.28072]
2024-08-30 05:47:40.530 | INFO     | DCDH:train:167 - [epoch:1/3][loss:1.176856]
2024-08-30 05:47:57.880 | INFO     | DCDH:train:167 - [epoch:2/3][loss:1.103873]
2024-08-30 05:48:15.330 | INFO     | DCDH:train:167 - [epoch:3/3][loss:1.060047]
2024-08-30 05:48:15.331 | INFO     | DCDH:train:170 - [iter:42/50][iter_time:52.24]
2024-08-30 05:54:34.039 | INFO     | DCDH:train:242 - [iter:42/50][code_length:64][mAP:0.87312][mAP_all:0.87689][best_mAP:0.87923]
2024-08-30 05:54:34.039 | INFO     | DCDH:train:243 - [iter:42/50][code_length:64][zs_mAP:0.47818][zs_mAP_all:0.29150]
2024-08-30 05:54:49.778 | INFO     | DCDH:train:167 - [epoch:1/3][loss:1.191367]
2024-08-30 05:55:06.499 | INFO     | DCDH:train:167 - [epoch:2/3][loss:1.156157]
2024-08-30 05:55:22.629 | INFO     | DCDH:train:167 - [epoch:3/3][loss:1.091573]
2024-08-30 05:55:22.629 | INFO     | DCDH:train:170 - [iter:43/50][iter_time:48.59]
2024-08-30 06:01:33.674 | INFO     | DCDH:train:242 - [iter:43/50][code_length:64][mAP:0.87601][mAP_all:0.87853][best_mAP:0.87923]
2024-08-30 06:01:33.675 | INFO     | DCDH:train:243 - [iter:43/50][code_length:64][zs_mAP:0.47756][zs_mAP_all:0.28627]
2024-08-30 06:01:51.202 | INFO     | DCDH:train:167 - [epoch:1/3][loss:1.138679]
2024-08-30 06:02:08.408 | INFO     | DCDH:train:167 - [epoch:2/3][loss:1.121492]
2024-08-30 06:02:25.640 | INFO     | DCDH:train:167 - [epoch:3/3][loss:1.052256]
2024-08-30 06:02:25.641 | INFO     | DCDH:train:170 - [iter:44/50][iter_time:51.97]
2024-08-30 06:08:48.244 | INFO     | DCDH:train:242 - [iter:44/50][code_length:64][mAP:0.87376][mAP_all:0.87826][best_mAP:0.87923]
2024-08-30 06:08:48.245 | INFO     | DCDH:train:243 - [iter:44/50][code_length:64][zs_mAP:0.48198][zs_mAP_all:0.29378]
2024-08-30 06:09:03.585 | INFO     | DCDH:train:167 - [epoch:1/3][loss:1.188095]
2024-08-30 06:09:18.897 | INFO     | DCDH:train:167 - [epoch:2/3][loss:1.123077]
2024-08-30 06:09:34.141 | INFO     | DCDH:train:167 - [epoch:3/3][loss:1.097837]
2024-08-30 06:09:34.141 | INFO     | DCDH:train:170 - [iter:45/50][iter_time:45.90]
2024-08-30 06:15:38.565 | INFO     | DCDH:train:242 - [iter:45/50][code_length:64][mAP:0.87395][mAP_all:0.87859][best_mAP:0.87923]
2024-08-30 06:15:38.566 | INFO     | DCDH:train:243 - [iter:45/50][code_length:64][zs_mAP:0.48237][zs_mAP_all:0.28736]
2024-08-30 06:15:56.423 | INFO     | DCDH:train:167 - [epoch:1/3][loss:1.197865]
2024-08-30 06:16:13.898 | INFO     | DCDH:train:167 - [epoch:2/3][loss:1.164257]
2024-08-30 06:16:32.232 | INFO     | DCDH:train:167 - [epoch:3/3][loss:1.184340]
2024-08-30 06:16:32.233 | INFO     | DCDH:train:170 - [iter:46/50][iter_time:53.67]
2024-08-30 06:22:52.098 | INFO     | DCDH:train:242 - [iter:46/50][code_length:64][mAP:0.87508][mAP_all:0.87892][best_mAP:0.87923]
2024-08-30 06:22:52.098 | INFO     | DCDH:train:243 - [iter:46/50][code_length:64][zs_mAP:0.48568][zs_mAP_all:0.29489]
2024-08-30 06:23:07.331 | INFO     | DCDH:train:167 - [epoch:1/3][loss:1.142041]
2024-08-30 06:23:22.852 | INFO     | DCDH:train:167 - [epoch:2/3][loss:1.143913]
2024-08-30 06:23:38.370 | INFO     | DCDH:train:167 - [epoch:3/3][loss:1.103430]
2024-08-30 06:23:38.370 | INFO     | DCDH:train:170 - [iter:47/50][iter_time:46.27]
2024-08-30 06:29:42.959 | INFO     | DCDH:train:242 - [iter:47/50][code_length:64][mAP:0.87424][mAP_all:0.87834][best_mAP:0.87923]
2024-08-30 06:29:42.960 | INFO     | DCDH:train:243 - [iter:47/50][code_length:64][zs_mAP:0.48163][zs_mAP_all:0.29027]
2024-08-30 06:30:00.101 | INFO     | DCDH:train:167 - [epoch:1/3][loss:1.153564]
2024-08-30 06:30:17.545 | INFO     | DCDH:train:167 - [epoch:2/3][loss:1.138560]
2024-08-30 06:30:35.128 | INFO     | DCDH:train:167 - [epoch:3/3][loss:1.122607]
2024-08-30 06:30:35.128 | INFO     | DCDH:train:170 - [iter:48/50][iter_time:52.17]
2024-08-30 06:37:08.420 | INFO     | DCDH:train:242 - [iter:48/50][code_length:64][mAP:0.87536][mAP_all:0.87882][best_mAP:0.87923]
2024-08-30 06:37:08.421 | INFO     | DCDH:train:243 - [iter:48/50][code_length:64][zs_mAP:0.48254][zs_mAP_all:0.28701]
2024-08-30 06:37:22.642 | INFO     | DCDH:train:167 - [epoch:1/3][loss:1.142182]
2024-08-30 06:37:39.375 | INFO     | DCDH:train:167 - [epoch:2/3][loss:1.123314]
2024-08-30 06:37:55.675 | INFO     | DCDH:train:167 - [epoch:3/3][loss:1.130987]
2024-08-30 06:37:55.675 | INFO     | DCDH:train:170 - [iter:49/50][iter_time:47.25]
2024-08-30 06:44:01.615 | INFO     | DCDH:train:242 - [iter:49/50][code_length:64][mAP:0.87563][mAP_all:0.87938][best_mAP:0.87923]
2024-08-30 06:44:01.616 | INFO     | DCDH:train:243 - [iter:49/50][code_length:64][zs_mAP:0.48784][zs_mAP_all:0.29473]
2024-08-30 06:44:17.029 | INFO     | DCDH:train:167 - [epoch:1/3][loss:1.125712]
2024-08-30 06:44:33.109 | INFO     | DCDH:train:167 - [epoch:2/3][loss:1.124635]
2024-08-30 06:44:49.041 | INFO     | DCDH:train:167 - [epoch:3/3][loss:1.131589]
2024-08-30 06:44:49.041 | INFO     | DCDH:train:170 - [iter:50/50][iter_time:47.43]
2024-08-30 06:51:08.657 | INFO     | DCDH:train:242 - [iter:50/50][code_length:64][mAP:0.87821][mAP_all:0.88182][best_mAP:0.87923]
2024-08-30 06:51:08.658 | INFO     | DCDH:train:243 - [iter:50/50][code_length:64][zs_mAP:0.48219][zs_mAP_all:0.28570]
2024-08-30 06:51:08.658 | INFO     | DCDH:train:246 - [Training time:21018.92]
2024-08-30 06:51:08.660 | INFO     | __main__:run:138 - [code_length:64][map:0.8792][map_all:0.8837][zs_map:0.4864][zs_map_all:0.2908]
