2024-09-06 01:49:10.595 | SUCCESS  | __main__:run:55 - Namespace(dataset='cifar100zs', root='/data1/dataset/cifar100/cifar-100-python', batch_size=16, lr=0.001, wd=0.0001, optim='SGD', code_length=[96, 128, 256], max_iter=50, max_epoch=3, num_query=1000, num_samples=2000, num_workers=2, topk=1000, gpu=0, gamma=200, info='cifar100zs-25-75-csq-09-06-96,128,256-tanh1', arch='csq', net='ResNet', save_ckpt='checkpoints/', lr_step=[45], align_step=50, pretrain=True, quan_loss=False, lambd_sp=0.1, lambd_ch=0.1, lambd=0.1, momen=0.9, nesterov=False, num_classes=75, val_freq=1, cauchy_gamma=20.0, margin=0.1, num_zs=25, epoch_change=11, ZS=25, flag='csq', data='cifar100', device=device(type='cuda', index=0))
2024-09-06 01:49:33.538 | INFO     | csq:train:199 - [epoch:1/3][loss:0.770901]
2024-09-06 01:49:47.462 | INFO     | csq:train:199 - [epoch:2/3][loss:0.760898]
2024-09-06 01:50:02.323 | INFO     | csq:train:199 - [epoch:3/3][loss:0.756562]
2024-09-06 01:50:02.324 | INFO     | csq:train:202 - [iter:1/50][iter_time:46.18]
2024-09-06 01:51:19.295 | INFO     | csq:train:274 - [iter:1/50][code_length:96][mAP:0.06465][mAP_all:0.05800][best_mAP:0.06465]
2024-09-06 01:51:19.295 | INFO     | csq:train:275 - [iter:1/50][code_length:96][zs_mAP:0.13040][zs_mAP_all:0.04158]
2024-09-06 01:51:35.023 | INFO     | csq:train:199 - [epoch:1/3][loss:0.754864]
2024-09-06 01:51:50.048 | INFO     | csq:train:199 - [epoch:2/3][loss:0.751058]
2024-09-06 01:52:05.111 | INFO     | csq:train:199 - [epoch:3/3][loss:0.747923]
2024-09-06 01:52:05.112 | INFO     | csq:train:202 - [iter:2/50][iter_time:45.82]
2024-09-06 01:53:21.298 | INFO     | csq:train:274 - [iter:2/50][code_length:96][mAP:0.08478][mAP_all:0.07509][best_mAP:0.08478]
2024-09-06 01:53:21.299 | INFO     | csq:train:275 - [iter:2/50][code_length:96][zs_mAP:0.16362][zs_mAP_all:0.05356]
2024-09-06 01:53:36.497 | INFO     | csq:train:199 - [epoch:1/3][loss:0.745873]
2024-09-06 01:53:50.643 | INFO     | csq:train:199 - [epoch:2/3][loss:0.742301]
2024-09-06 01:54:05.575 | INFO     | csq:train:199 - [epoch:3/3][loss:0.738821]
2024-09-06 01:54:05.576 | INFO     | csq:train:202 - [iter:3/50][iter_time:44.28]
2024-09-06 01:55:21.975 | INFO     | csq:train:274 - [iter:3/50][code_length:96][mAP:0.10966][mAP_all:0.09665][best_mAP:0.10966]
2024-09-06 01:55:21.976 | INFO     | csq:train:275 - [iter:3/50][code_length:96][zs_mAP:0.19711][zs_mAP_all:0.06703]
2024-09-06 01:55:36.458 | INFO     | csq:train:199 - [epoch:1/3][loss:0.737715]
2024-09-06 01:55:52.745 | INFO     | csq:train:199 - [epoch:2/3][loss:0.734451]
2024-09-06 01:56:07.949 | INFO     | csq:train:199 - [epoch:3/3][loss:0.730561]
2024-09-06 01:56:07.950 | INFO     | csq:train:202 - [iter:4/50][iter_time:45.97]
2024-09-06 01:57:24.627 | INFO     | csq:train:274 - [iter:4/50][code_length:96][mAP:0.13202][mAP_all:0.11612][best_mAP:0.13202]
2024-09-06 01:57:24.628 | INFO     | csq:train:275 - [iter:4/50][code_length:96][zs_mAP:0.21904][zs_mAP_all:0.07809]
2024-09-06 01:57:40.211 | INFO     | csq:train:199 - [epoch:1/3][loss:0.729950]
2024-09-06 01:57:55.582 | INFO     | csq:train:199 - [epoch:2/3][loss:0.727498]
2024-09-06 01:58:10.852 | INFO     | csq:train:199 - [epoch:3/3][loss:0.724837]
2024-09-06 01:58:10.853 | INFO     | csq:train:202 - [iter:5/50][iter_time:46.23]
2024-09-06 01:59:26.948 | INFO     | csq:train:274 - [iter:5/50][code_length:96][mAP:0.15561][mAP_all:0.13667][best_mAP:0.15561]
2024-09-06 01:59:26.948 | INFO     | csq:train:275 - [iter:5/50][code_length:96][zs_mAP:0.25125][zs_mAP_all:0.09320]
2024-09-06 01:59:42.003 | INFO     | csq:train:199 - [epoch:1/3][loss:0.724689]
2024-09-06 01:59:57.531 | INFO     | csq:train:199 - [epoch:2/3][loss:0.720840]
2024-09-06 02:00:11.434 | INFO     | csq:train:199 - [epoch:3/3][loss:0.718590]
2024-09-06 02:00:11.435 | INFO     | csq:train:202 - [iter:6/50][iter_time:44.49]
2024-09-06 02:01:27.821 | INFO     | csq:train:274 - [iter:6/50][code_length:96][mAP:0.18088][mAP_all:0.15932][best_mAP:0.18088]
2024-09-06 02:01:27.822 | INFO     | csq:train:275 - [iter:6/50][code_length:96][zs_mAP:0.28085][zs_mAP_all:0.10577]
2024-09-06 02:01:43.841 | INFO     | csq:train:199 - [epoch:1/3][loss:0.714776]
2024-09-06 02:01:59.697 | INFO     | csq:train:199 - [epoch:2/3][loss:0.711988]
2024-09-06 02:02:15.566 | INFO     | csq:train:199 - [epoch:3/3][loss:0.707394]
2024-09-06 02:02:15.566 | INFO     | csq:train:202 - [iter:7/50][iter_time:47.74]
2024-09-06 02:03:31.763 | INFO     | csq:train:274 - [iter:7/50][code_length:96][mAP:0.21042][mAP_all:0.18643][best_mAP:0.21042]
2024-09-06 02:03:31.763 | INFO     | csq:train:275 - [iter:7/50][code_length:96][zs_mAP:0.30475][zs_mAP_all:0.11713]
2024-09-06 02:03:47.432 | INFO     | csq:train:199 - [epoch:1/3][loss:0.708214]
2024-09-06 02:04:02.878 | INFO     | csq:train:199 - [epoch:2/3][loss:0.704565]
2024-09-06 02:04:18.494 | INFO     | csq:train:199 - [epoch:3/3][loss:0.702094]
2024-09-06 02:04:18.495 | INFO     | csq:train:202 - [iter:8/50][iter_time:46.73]
2024-09-06 02:05:34.422 | INFO     | csq:train:274 - [iter:8/50][code_length:96][mAP:0.23237][mAP_all:0.20583][best_mAP:0.23237]
2024-09-06 02:05:34.423 | INFO     | csq:train:275 - [iter:8/50][code_length:96][zs_mAP:0.32289][zs_mAP_all:0.12825]
2024-09-06 02:05:49.027 | INFO     | csq:train:199 - [epoch:1/3][loss:0.702270]
2024-09-06 02:06:04.883 | INFO     | csq:train:199 - [epoch:2/3][loss:0.698152]
2024-09-06 02:06:20.408 | INFO     | csq:train:199 - [epoch:3/3][loss:0.692943]
2024-09-06 02:06:20.409 | INFO     | csq:train:202 - [iter:9/50][iter_time:45.99]
2024-09-06 02:07:36.682 | INFO     | csq:train:274 - [iter:9/50][code_length:96][mAP:0.25917][mAP_all:0.23161][best_mAP:0.25917]
2024-09-06 02:07:36.683 | INFO     | csq:train:275 - [iter:9/50][code_length:96][zs_mAP:0.34630][zs_mAP_all:0.13874]
2024-09-06 02:07:52.370 | INFO     | csq:train:199 - [epoch:1/3][loss:0.691737]
2024-09-06 02:08:08.556 | INFO     | csq:train:199 - [epoch:2/3][loss:0.687468]
2024-09-06 02:08:24.587 | INFO     | csq:train:199 - [epoch:3/3][loss:0.683509]
2024-09-06 02:08:24.588 | INFO     | csq:train:202 - [iter:10/50][iter_time:47.90]
2024-09-06 02:09:41.170 | INFO     | csq:train:274 - [iter:10/50][code_length:96][mAP:0.28622][mAP_all:0.25658][best_mAP:0.28622]
2024-09-06 02:09:41.171 | INFO     | csq:train:275 - [iter:10/50][code_length:96][zs_mAP:0.36054][zs_mAP_all:0.14383]
2024-09-06 02:09:50.823 | INFO     | csq:train:199 - [epoch:1/3][loss:0.687078]
2024-09-06 02:09:59.844 | INFO     | csq:train:199 - [epoch:2/3][loss:0.682923]
2024-09-06 02:10:09.288 | INFO     | csq:train:199 - [epoch:3/3][loss:0.676671]
2024-09-06 02:10:09.289 | INFO     | csq:train:202 - [iter:11/50][iter_time:28.12]
2024-09-06 02:11:32.037 | INFO     | csq:train:274 - [iter:11/50][code_length:96][mAP:0.31617][mAP_all:0.28588][best_mAP:0.31617]
2024-09-06 02:11:32.038 | INFO     | csq:train:275 - [iter:11/50][code_length:96][zs_mAP:0.37685][zs_mAP_all:0.15401]
2024-09-06 02:11:41.517 | INFO     | csq:train:199 - [epoch:1/3][loss:0.676896]
2024-09-06 02:11:50.446 | INFO     | csq:train:199 - [epoch:2/3][loss:0.673009]
2024-09-06 02:12:00.550 | INFO     | csq:train:199 - [epoch:3/3][loss:0.668927]
2024-09-06 02:12:00.550 | INFO     | csq:train:202 - [iter:12/50][iter_time:28.51]
2024-09-06 02:13:17.145 | INFO     | csq:train:274 - [iter:12/50][code_length:96][mAP:0.33980][mAP_all:0.30814][best_mAP:0.33980]
2024-09-06 02:13:17.146 | INFO     | csq:train:275 - [iter:12/50][code_length:96][zs_mAP:0.39218][zs_mAP_all:0.16506]
2024-09-06 02:13:32.662 | INFO     | csq:train:199 - [epoch:1/3][loss:0.673261]
2024-09-06 02:13:47.896 | INFO     | csq:train:199 - [epoch:2/3][loss:0.669500]
2024-09-06 02:14:02.561 | INFO     | csq:train:199 - [epoch:3/3][loss:0.664150]
2024-09-06 02:14:02.562 | INFO     | csq:train:202 - [iter:13/50][iter_time:45.42]
2024-09-06 02:15:18.974 | INFO     | csq:train:274 - [iter:13/50][code_length:96][mAP:0.35602][mAP_all:0.32341][best_mAP:0.35602]
2024-09-06 02:15:18.975 | INFO     | csq:train:275 - [iter:13/50][code_length:96][zs_mAP:0.39839][zs_mAP_all:0.16783]
2024-09-06 02:15:34.123 | INFO     | csq:train:199 - [epoch:1/3][loss:0.663712]
2024-09-06 02:15:49.289 | INFO     | csq:train:199 - [epoch:2/3][loss:0.662347]
2024-09-06 02:16:03.980 | INFO     | csq:train:199 - [epoch:3/3][loss:0.654695]
2024-09-06 02:16:03.980 | INFO     | csq:train:202 - [iter:14/50][iter_time:45.00]
2024-09-06 02:17:20.526 | INFO     | csq:train:274 - [iter:14/50][code_length:96][mAP:0.37628][mAP_all:0.34265][best_mAP:0.37628]
2024-09-06 02:17:20.527 | INFO     | csq:train:275 - [iter:14/50][code_length:96][zs_mAP:0.41235][zs_mAP_all:0.17634]
2024-09-06 02:17:36.759 | INFO     | csq:train:199 - [epoch:1/3][loss:0.654682]
2024-09-06 02:17:52.585 | INFO     | csq:train:199 - [epoch:2/3][loss:0.653573]
2024-09-06 02:18:08.436 | INFO     | csq:train:199 - [epoch:3/3][loss:0.647831]
2024-09-06 02:18:08.437 | INFO     | csq:train:202 - [iter:15/50][iter_time:47.91]
2024-09-06 02:19:25.245 | INFO     | csq:train:274 - [iter:15/50][code_length:96][mAP:0.40430][mAP_all:0.36964][best_mAP:0.40430]
2024-09-06 02:19:25.246 | INFO     | csq:train:275 - [iter:15/50][code_length:96][zs_mAP:0.42530][zs_mAP_all:0.18527]
2024-09-06 02:19:40.313 | INFO     | csq:train:199 - [epoch:1/3][loss:0.648589]
2024-09-06 02:19:55.747 | INFO     | csq:train:199 - [epoch:2/3][loss:0.639648]
2024-09-06 02:20:10.867 | INFO     | csq:train:199 - [epoch:3/3][loss:0.643272]
2024-09-06 02:20:10.868 | INFO     | csq:train:202 - [iter:16/50][iter_time:45.62]
2024-09-06 02:21:27.566 | INFO     | csq:train:274 - [iter:16/50][code_length:96][mAP:0.42265][mAP_all:0.38712][best_mAP:0.42265]
2024-09-06 02:21:27.566 | INFO     | csq:train:275 - [iter:16/50][code_length:96][zs_mAP:0.42924][zs_mAP_all:0.18798]
2024-09-06 02:21:42.422 | INFO     | csq:train:199 - [epoch:1/3][loss:0.642836]
2024-09-06 02:21:57.724 | INFO     | csq:train:199 - [epoch:2/3][loss:0.641687]
2024-09-06 02:22:12.807 | INFO     | csq:train:199 - [epoch:3/3][loss:0.639412]
2024-09-06 02:22:12.808 | INFO     | csq:train:202 - [iter:17/50][iter_time:45.24]
2024-09-06 02:23:30.365 | INFO     | csq:train:274 - [iter:17/50][code_length:96][mAP:0.44129][mAP_all:0.40396][best_mAP:0.44129]
2024-09-06 02:23:30.366 | INFO     | csq:train:275 - [iter:17/50][code_length:96][zs_mAP:0.43312][zs_mAP_all:0.19031]
2024-09-06 02:23:45.034 | INFO     | csq:train:199 - [epoch:1/3][loss:0.634506]
2024-09-06 02:24:00.836 | INFO     | csq:train:199 - [epoch:2/3][loss:0.629403]
2024-09-06 02:24:16.578 | INFO     | csq:train:199 - [epoch:3/3][loss:0.624872]
2024-09-06 02:24:16.579 | INFO     | csq:train:202 - [iter:18/50][iter_time:46.21]
2024-09-06 02:25:32.976 | INFO     | csq:train:274 - [iter:18/50][code_length:96][mAP:0.45462][mAP_all:0.41666][best_mAP:0.45462]
2024-09-06 02:25:32.977 | INFO     | csq:train:275 - [iter:18/50][code_length:96][zs_mAP:0.43626][zs_mAP_all:0.19423]
2024-09-06 02:25:46.353 | INFO     | csq:train:199 - [epoch:1/3][loss:0.628634]
2024-09-06 02:26:02.373 | INFO     | csq:train:199 - [epoch:2/3][loss:0.624805]
2024-09-06 02:26:17.809 | INFO     | csq:train:199 - [epoch:3/3][loss:0.618326]
2024-09-06 02:26:17.809 | INFO     | csq:train:202 - [iter:19/50][iter_time:44.83]
2024-09-06 02:27:34.022 | INFO     | csq:train:274 - [iter:19/50][code_length:96][mAP:0.46606][mAP_all:0.42779][best_mAP:0.46606]
2024-09-06 02:27:34.023 | INFO     | csq:train:275 - [iter:19/50][code_length:96][zs_mAP:0.43019][zs_mAP_all:0.19167]
2024-09-06 02:27:48.775 | INFO     | csq:train:199 - [epoch:1/3][loss:0.622173]
2024-09-06 02:28:03.805 | INFO     | csq:train:199 - [epoch:2/3][loss:0.617092]
2024-09-06 02:28:18.130 | INFO     | csq:train:199 - [epoch:3/3][loss:0.613505]
2024-09-06 02:28:18.130 | INFO     | csq:train:202 - [iter:20/50][iter_time:44.11]
2024-09-06 02:29:35.542 | INFO     | csq:train:274 - [iter:20/50][code_length:96][mAP:0.48441][mAP_all:0.44473][best_mAP:0.48441]
2024-09-06 02:29:35.543 | INFO     | csq:train:275 - [iter:20/50][code_length:96][zs_mAP:0.44197][zs_mAP_all:0.19891]
2024-09-06 02:29:50.881 | INFO     | csq:train:199 - [epoch:1/3][loss:0.616956]
2024-09-06 02:30:06.223 | INFO     | csq:train:199 - [epoch:2/3][loss:0.612247]
2024-09-06 02:30:23.056 | INFO     | csq:train:199 - [epoch:3/3][loss:0.604605]
2024-09-06 02:30:23.057 | INFO     | csq:train:202 - [iter:21/50][iter_time:47.51]
2024-09-06 02:31:39.508 | INFO     | csq:train:274 - [iter:21/50][code_length:96][mAP:0.49445][mAP_all:0.45506][best_mAP:0.49445]
2024-09-06 02:31:39.509 | INFO     | csq:train:275 - [iter:21/50][code_length:96][zs_mAP:0.44238][zs_mAP_all:0.20027]
2024-09-06 02:31:54.503 | INFO     | csq:train:199 - [epoch:1/3][loss:0.603480]
2024-09-06 02:32:09.496 | INFO     | csq:train:199 - [epoch:2/3][loss:0.597309]
2024-09-06 02:32:25.353 | INFO     | csq:train:199 - [epoch:3/3][loss:0.591597]
2024-09-06 02:32:25.354 | INFO     | csq:train:202 - [iter:22/50][iter_time:45.85]
2024-09-06 02:33:41.489 | INFO     | csq:train:274 - [iter:22/50][code_length:96][mAP:0.50677][mAP_all:0.46637][best_mAP:0.50677]
2024-09-06 02:33:41.490 | INFO     | csq:train:275 - [iter:22/50][code_length:96][zs_mAP:0.43854][zs_mAP_all:0.19860]
2024-09-06 02:33:57.871 | INFO     | csq:train:199 - [epoch:1/3][loss:0.599262]
2024-09-06 02:34:13.240 | INFO     | csq:train:199 - [epoch:2/3][loss:0.599011]
2024-09-06 02:34:28.524 | INFO     | csq:train:199 - [epoch:3/3][loss:0.590065]
2024-09-06 02:34:28.525 | INFO     | csq:train:202 - [iter:23/50][iter_time:47.03]
2024-09-06 02:35:45.466 | INFO     | csq:train:274 - [iter:23/50][code_length:96][mAP:0.51512][mAP_all:0.47464][best_mAP:0.51512]
2024-09-06 02:35:45.466 | INFO     | csq:train:275 - [iter:23/50][code_length:96][zs_mAP:0.43632][zs_mAP_all:0.19271]
2024-09-06 02:36:01.414 | INFO     | csq:train:199 - [epoch:1/3][loss:0.593004]
2024-09-06 02:36:16.319 | INFO     | csq:train:199 - [epoch:2/3][loss:0.590529]
2024-09-06 02:36:31.528 | INFO     | csq:train:199 - [epoch:3/3][loss:0.582144]
2024-09-06 02:36:31.528 | INFO     | csq:train:202 - [iter:24/50][iter_time:46.06]
2024-09-06 02:37:49.492 | INFO     | csq:train:274 - [iter:24/50][code_length:96][mAP:0.52272][mAP_all:0.48183][best_mAP:0.52272]
2024-09-06 02:37:49.493 | INFO     | csq:train:275 - [iter:24/50][code_length:96][zs_mAP:0.43293][zs_mAP_all:0.19246]
2024-09-06 02:38:05.568 | INFO     | csq:train:199 - [epoch:1/3][loss:0.591148]
2024-09-06 02:38:20.536 | INFO     | csq:train:199 - [epoch:2/3][loss:0.585789]
2024-09-06 02:38:35.934 | INFO     | csq:train:199 - [epoch:3/3][loss:0.582322]
2024-09-06 02:38:35.935 | INFO     | csq:train:202 - [iter:25/50][iter_time:46.44]
2024-09-06 02:39:52.294 | INFO     | csq:train:274 - [iter:25/50][code_length:96][mAP:0.53300][mAP_all:0.49194][best_mAP:0.53300]
2024-09-06 02:39:52.294 | INFO     | csq:train:275 - [iter:25/50][code_length:96][zs_mAP:0.44139][zs_mAP_all:0.19509]
2024-09-06 02:40:08.183 | INFO     | csq:train:199 - [epoch:1/3][loss:0.577601]
2024-09-06 02:40:24.647 | INFO     | csq:train:199 - [epoch:2/3][loss:0.569947]
2024-09-06 02:40:39.739 | INFO     | csq:train:199 - [epoch:3/3][loss:0.568361]
2024-09-06 02:40:39.740 | INFO     | csq:train:202 - [iter:26/50][iter_time:47.45]
2024-09-06 02:41:56.717 | INFO     | csq:train:274 - [iter:26/50][code_length:96][mAP:0.54360][mAP_all:0.50207][best_mAP:0.54360]
2024-09-06 02:41:56.717 | INFO     | csq:train:275 - [iter:26/50][code_length:96][zs_mAP:0.44568][zs_mAP_all:0.19390]
2024-09-06 02:42:13.087 | INFO     | csq:train:199 - [epoch:1/3][loss:0.578589]
2024-09-06 02:42:28.591 | INFO     | csq:train:199 - [epoch:2/3][loss:0.570519]
2024-09-06 02:42:43.646 | INFO     | csq:train:199 - [epoch:3/3][loss:0.563269]
2024-09-06 02:42:43.647 | INFO     | csq:train:202 - [iter:27/50][iter_time:46.93]
2024-09-06 02:44:00.233 | INFO     | csq:train:274 - [iter:27/50][code_length:96][mAP:0.55478][mAP_all:0.51402][best_mAP:0.55478]
2024-09-06 02:44:00.234 | INFO     | csq:train:275 - [iter:27/50][code_length:96][zs_mAP:0.44731][zs_mAP_all:0.19366]
2024-09-06 02:44:15.794 | INFO     | csq:train:199 - [epoch:1/3][loss:0.581272]
2024-09-06 02:44:31.218 | INFO     | csq:train:199 - [epoch:2/3][loss:0.572135]
2024-09-06 02:44:45.870 | INFO     | csq:train:199 - [epoch:3/3][loss:0.568620]
2024-09-06 02:44:45.870 | INFO     | csq:train:202 - [iter:28/50][iter_time:45.64]
2024-09-06 02:46:02.545 | INFO     | csq:train:274 - [iter:28/50][code_length:96][mAP:0.56185][mAP_all:0.52027][best_mAP:0.56185]
2024-09-06 02:46:02.546 | INFO     | csq:train:275 - [iter:28/50][code_length:96][zs_mAP:0.44349][zs_mAP_all:0.19192]
2024-09-06 02:46:18.174 | INFO     | csq:train:199 - [epoch:1/3][loss:0.564172]
2024-09-06 02:46:33.066 | INFO     | csq:train:199 - [epoch:2/3][loss:0.559589]
2024-09-06 02:46:47.683 | INFO     | csq:train:199 - [epoch:3/3][loss:0.553842]
2024-09-06 02:46:47.683 | INFO     | csq:train:202 - [iter:29/50][iter_time:45.14]
2024-09-06 02:48:04.192 | INFO     | csq:train:274 - [iter:29/50][code_length:96][mAP:0.57170][mAP_all:0.53101][best_mAP:0.57170]
2024-09-06 02:48:04.193 | INFO     | csq:train:275 - [iter:29/50][code_length:96][zs_mAP:0.44480][zs_mAP_all:0.18912]
2024-09-06 02:48:19.260 | INFO     | csq:train:199 - [epoch:1/3][loss:0.572225]
2024-09-06 02:48:33.346 | INFO     | csq:train:199 - [epoch:2/3][loss:0.555896]
2024-09-06 02:48:48.677 | INFO     | csq:train:199 - [epoch:3/3][loss:0.556486]
2024-09-06 02:48:48.678 | INFO     | csq:train:202 - [iter:30/50][iter_time:44.49]
2024-09-06 02:50:05.544 | INFO     | csq:train:274 - [iter:30/50][code_length:96][mAP:0.57761][mAP_all:0.53595][best_mAP:0.57761]
2024-09-06 02:50:05.545 | INFO     | csq:train:275 - [iter:30/50][code_length:96][zs_mAP:0.44374][zs_mAP_all:0.18654]
2024-09-06 02:50:19.877 | INFO     | csq:train:199 - [epoch:1/3][loss:0.563002]
2024-09-06 02:50:36.231 | INFO     | csq:train:199 - [epoch:2/3][loss:0.550121]
2024-09-06 02:50:51.611 | INFO     | csq:train:199 - [epoch:3/3][loss:0.541703]
2024-09-06 02:50:51.611 | INFO     | csq:train:202 - [iter:31/50][iter_time:46.07]
2024-09-06 02:52:07.615 | INFO     | csq:train:274 - [iter:31/50][code_length:96][mAP:0.59134][mAP_all:0.54955][best_mAP:0.59134]
2024-09-06 02:52:07.616 | INFO     | csq:train:275 - [iter:31/50][code_length:96][zs_mAP:0.45054][zs_mAP_all:0.18715]
2024-09-06 02:52:22.883 | INFO     | csq:train:199 - [epoch:1/3][loss:0.554949]
2024-09-06 02:52:38.572 | INFO     | csq:train:199 - [epoch:2/3][loss:0.551027]
2024-09-06 02:52:53.446 | INFO     | csq:train:199 - [epoch:3/3][loss:0.534720]
2024-09-06 02:52:53.446 | INFO     | csq:train:202 - [iter:32/50][iter_time:45.83]
2024-09-06 02:54:09.615 | INFO     | csq:train:274 - [iter:32/50][code_length:96][mAP:0.59769][mAP_all:0.55648][best_mAP:0.59769]
2024-09-06 02:54:09.616 | INFO     | csq:train:275 - [iter:32/50][code_length:96][zs_mAP:0.44415][zs_mAP_all:0.18324]
2024-09-06 02:54:26.840 | INFO     | csq:train:199 - [epoch:1/3][loss:0.552951]
2024-09-06 02:54:41.325 | INFO     | csq:train:199 - [epoch:2/3][loss:0.547037]
2024-09-06 02:54:57.941 | INFO     | csq:train:199 - [epoch:3/3][loss:0.535340]
2024-09-06 02:54:57.942 | INFO     | csq:train:202 - [iter:33/50][iter_time:48.33]
2024-09-06 02:56:14.588 | INFO     | csq:train:274 - [iter:33/50][code_length:96][mAP:0.60171][mAP_all:0.56098][best_mAP:0.60171]
2024-09-06 02:56:14.588 | INFO     | csq:train:275 - [iter:33/50][code_length:96][zs_mAP:0.44352][zs_mAP_all:0.18578]
2024-09-06 02:56:30.203 | INFO     | csq:train:199 - [epoch:1/3][loss:0.544712]
2024-09-06 02:56:45.375 | INFO     | csq:train:199 - [epoch:2/3][loss:0.533184]
2024-09-06 02:57:01.236 | INFO     | csq:train:199 - [epoch:3/3][loss:0.523558]
2024-09-06 02:57:01.236 | INFO     | csq:train:202 - [iter:34/50][iter_time:46.65]
2024-09-06 02:58:17.558 | INFO     | csq:train:274 - [iter:34/50][code_length:96][mAP:0.61071][mAP_all:0.57114][best_mAP:0.61071]
2024-09-06 02:58:17.558 | INFO     | csq:train:275 - [iter:34/50][code_length:96][zs_mAP:0.44060][zs_mAP_all:0.17872]
2024-09-06 02:58:33.534 | INFO     | csq:train:199 - [epoch:1/3][loss:0.542768]
2024-09-06 02:58:49.851 | INFO     | csq:train:199 - [epoch:2/3][loss:0.535736]
2024-09-06 02:59:05.103 | INFO     | csq:train:199 - [epoch:3/3][loss:0.522200]
2024-09-06 02:59:05.104 | INFO     | csq:train:202 - [iter:35/50][iter_time:47.55]
2024-09-06 03:00:21.297 | INFO     | csq:train:274 - [iter:35/50][code_length:96][mAP:0.61218][mAP_all:0.57340][best_mAP:0.61218]
2024-09-06 03:00:21.298 | INFO     | csq:train:275 - [iter:35/50][code_length:96][zs_mAP:0.43994][zs_mAP_all:0.17535]
2024-09-06 03:00:36.880 | INFO     | csq:train:199 - [epoch:1/3][loss:0.529457]
2024-09-06 03:00:51.506 | INFO     | csq:train:199 - [epoch:2/3][loss:0.526985]
2024-09-06 03:01:05.578 | INFO     | csq:train:199 - [epoch:3/3][loss:0.516662]
2024-09-06 03:01:05.579 | INFO     | csq:train:202 - [iter:36/50][iter_time:44.28]
2024-09-06 03:02:22.354 | INFO     | csq:train:274 - [iter:36/50][code_length:96][mAP:0.61999][mAP_all:0.57986][best_mAP:0.61999]
2024-09-06 03:02:22.355 | INFO     | csq:train:275 - [iter:36/50][code_length:96][zs_mAP:0.43763][zs_mAP_all:0.17422]
2024-09-06 03:02:37.696 | INFO     | csq:train:199 - [epoch:1/3][loss:0.524557]
2024-09-06 03:02:53.023 | INFO     | csq:train:199 - [epoch:2/3][loss:0.517891]
2024-09-06 03:03:07.754 | INFO     | csq:train:199 - [epoch:3/3][loss:0.514655]
2024-09-06 03:03:07.754 | INFO     | csq:train:202 - [iter:37/50][iter_time:45.40]
2024-09-06 03:04:24.667 | INFO     | csq:train:274 - [iter:37/50][code_length:96][mAP:0.62515][mAP_all:0.58632][best_mAP:0.62515]
2024-09-06 03:04:24.668 | INFO     | csq:train:275 - [iter:37/50][code_length:96][zs_mAP:0.44528][zs_mAP_all:0.17320]
2024-09-06 03:04:39.386 | INFO     | csq:train:199 - [epoch:1/3][loss:0.524340]
2024-09-06 03:04:55.902 | INFO     | csq:train:199 - [epoch:2/3][loss:0.519298]
2024-09-06 03:05:09.357 | INFO     | csq:train:199 - [epoch:3/3][loss:0.512375]
2024-09-06 03:05:09.357 | INFO     | csq:train:202 - [iter:38/50][iter_time:44.69]
2024-09-06 03:06:25.536 | INFO     | csq:train:274 - [iter:38/50][code_length:96][mAP:0.62868][mAP_all:0.59169][best_mAP:0.62868]
2024-09-06 03:06:25.537 | INFO     | csq:train:275 - [iter:38/50][code_length:96][zs_mAP:0.43569][zs_mAP_all:0.16842]
2024-09-06 03:06:40.707 | INFO     | csq:train:199 - [epoch:1/3][loss:0.527466]
2024-09-06 03:06:55.966 | INFO     | csq:train:199 - [epoch:2/3][loss:0.508675]
2024-09-06 03:07:09.734 | INFO     | csq:train:199 - [epoch:3/3][loss:0.509073]
2024-09-06 03:07:09.734 | INFO     | csq:train:202 - [iter:39/50][iter_time:44.20]
2024-09-06 03:08:26.531 | INFO     | csq:train:274 - [iter:39/50][code_length:96][mAP:0.63666][mAP_all:0.59751][best_mAP:0.63666]
2024-09-06 03:08:26.532 | INFO     | csq:train:275 - [iter:39/50][code_length:96][zs_mAP:0.43081][zs_mAP_all:0.16593]
2024-09-06 03:08:41.453 | INFO     | csq:train:199 - [epoch:1/3][loss:0.515496]
2024-09-06 03:08:57.562 | INFO     | csq:train:199 - [epoch:2/3][loss:0.507393]
2024-09-06 03:09:12.283 | INFO     | csq:train:199 - [epoch:3/3][loss:0.501647]
2024-09-06 03:09:12.285 | INFO     | csq:train:202 - [iter:40/50][iter_time:45.75]
2024-09-06 03:10:29.105 | INFO     | csq:train:274 - [iter:40/50][code_length:96][mAP:0.63868][mAP_all:0.60106][best_mAP:0.63868]
2024-09-06 03:10:29.105 | INFO     | csq:train:275 - [iter:40/50][code_length:96][zs_mAP:0.43172][zs_mAP_all:0.16505]
2024-09-06 03:10:43.724 | INFO     | csq:train:199 - [epoch:1/3][loss:0.509842]
2024-09-06 03:10:58.749 | INFO     | csq:train:199 - [epoch:2/3][loss:0.503912]
2024-09-06 03:11:12.724 | INFO     | csq:train:199 - [epoch:3/3][loss:0.496677]
2024-09-06 03:11:12.724 | INFO     | csq:train:202 - [iter:41/50][iter_time:43.62]
2024-09-06 03:12:28.596 | INFO     | csq:train:274 - [iter:41/50][code_length:96][mAP:0.64522][mAP_all:0.60659][best_mAP:0.64522]
2024-09-06 03:12:28.596 | INFO     | csq:train:275 - [iter:41/50][code_length:96][zs_mAP:0.43139][zs_mAP_all:0.16682]
2024-09-06 03:12:44.516 | INFO     | csq:train:199 - [epoch:1/3][loss:0.515062]
2024-09-06 03:13:01.202 | INFO     | csq:train:199 - [epoch:2/3][loss:0.505070]
2024-09-06 03:13:16.092 | INFO     | csq:train:199 - [epoch:3/3][loss:0.494740]
2024-09-06 03:13:16.093 | INFO     | csq:train:202 - [iter:42/50][iter_time:47.50]
2024-09-06 03:14:32.253 | INFO     | csq:train:274 - [iter:42/50][code_length:96][mAP:0.64590][mAP_all:0.61008][best_mAP:0.64590]
2024-09-06 03:14:32.254 | INFO     | csq:train:275 - [iter:42/50][code_length:96][zs_mAP:0.43033][zs_mAP_all:0.16062]
2024-09-06 03:14:47.570 | INFO     | csq:train:199 - [epoch:1/3][loss:0.519949]
2024-09-06 03:15:02.842 | INFO     | csq:train:199 - [epoch:2/3][loss:0.500489]
2024-09-06 03:15:18.191 | INFO     | csq:train:199 - [epoch:3/3][loss:0.483933]
2024-09-06 03:15:18.192 | INFO     | csq:train:202 - [iter:43/50][iter_time:45.94]
2024-09-06 03:16:34.954 | INFO     | csq:train:274 - [iter:43/50][code_length:96][mAP:0.65382][mAP_all:0.61744][best_mAP:0.65382]
2024-09-06 03:16:34.955 | INFO     | csq:train:275 - [iter:43/50][code_length:96][zs_mAP:0.43292][zs_mAP_all:0.16051]
2024-09-06 03:16:49.598 | INFO     | csq:train:199 - [epoch:1/3][loss:0.512069]
2024-09-06 03:17:04.193 | INFO     | csq:train:199 - [epoch:2/3][loss:0.500494]
2024-09-06 03:17:19.519 | INFO     | csq:train:199 - [epoch:3/3][loss:0.495352]
2024-09-06 03:17:19.520 | INFO     | csq:train:202 - [iter:44/50][iter_time:44.57]
2024-09-06 03:18:36.098 | INFO     | csq:train:274 - [iter:44/50][code_length:96][mAP:0.66284][mAP_all:0.62475][best_mAP:0.66284]
2024-09-06 03:18:36.099 | INFO     | csq:train:275 - [iter:44/50][code_length:96][zs_mAP:0.44841][zs_mAP_all:0.16961]
2024-09-06 03:18:51.623 | INFO     | csq:train:199 - [epoch:1/3][loss:0.496256]
2024-09-06 03:19:07.111 | INFO     | csq:train:199 - [epoch:2/3][loss:0.486526]
2024-09-06 03:19:22.561 | INFO     | csq:train:199 - [epoch:3/3][loss:0.482924]
2024-09-06 03:19:22.562 | INFO     | csq:train:202 - [iter:45/50][iter_time:46.46]
2024-09-06 03:20:38.947 | INFO     | csq:train:274 - [iter:45/50][code_length:96][mAP:0.66351][mAP_all:0.62611][best_mAP:0.66351]
2024-09-06 03:20:38.948 | INFO     | csq:train:275 - [iter:45/50][code_length:96][zs_mAP:0.43679][zs_mAP_all:0.16582]
2024-09-06 03:20:54.398 | INFO     | csq:train:199 - [epoch:1/3][loss:0.505382]
2024-09-06 03:21:08.406 | INFO     | csq:train:199 - [epoch:2/3][loss:0.501552]
2024-09-06 03:21:24.229 | INFO     | csq:train:199 - [epoch:3/3][loss:0.496447]
2024-09-06 03:21:24.230 | INFO     | csq:train:202 - [iter:46/50][iter_time:45.28]
2024-09-06 03:22:40.459 | INFO     | csq:train:274 - [iter:46/50][code_length:96][mAP:0.66968][mAP_all:0.63399][best_mAP:0.66968]
2024-09-06 03:22:40.460 | INFO     | csq:train:275 - [iter:46/50][code_length:96][zs_mAP:0.43897][zs_mAP_all:0.16340]
2024-09-06 03:22:57.423 | INFO     | csq:train:199 - [epoch:1/3][loss:0.486541]
2024-09-06 03:23:13.127 | INFO     | csq:train:199 - [epoch:2/3][loss:0.492084]
2024-09-06 03:23:29.094 | INFO     | csq:train:199 - [epoch:3/3][loss:0.485245]
2024-09-06 03:23:29.094 | INFO     | csq:train:202 - [iter:47/50][iter_time:48.63]
2024-09-06 03:24:45.199 | INFO     | csq:train:274 - [iter:47/50][code_length:96][mAP:0.67119][mAP_all:0.63384][best_mAP:0.67119]
2024-09-06 03:24:45.200 | INFO     | csq:train:275 - [iter:47/50][code_length:96][zs_mAP:0.44029][zs_mAP_all:0.16382]
2024-09-06 03:24:59.904 | INFO     | csq:train:199 - [epoch:1/3][loss:0.496591]
2024-09-06 03:25:15.308 | INFO     | csq:train:199 - [epoch:2/3][loss:0.499812]
2024-09-06 03:25:29.449 | INFO     | csq:train:199 - [epoch:3/3][loss:0.496295]
2024-09-06 03:25:29.449 | INFO     | csq:train:202 - [iter:48/50][iter_time:44.25]
2024-09-06 03:26:45.404 | INFO     | csq:train:274 - [iter:48/50][code_length:96][mAP:0.67440][mAP_all:0.63693][best_mAP:0.67440]
2024-09-06 03:26:45.404 | INFO     | csq:train:275 - [iter:48/50][code_length:96][zs_mAP:0.44025][zs_mAP_all:0.16392]
2024-09-06 03:27:02.596 | INFO     | csq:train:199 - [epoch:1/3][loss:0.487050]
2024-09-06 03:27:18.239 | INFO     | csq:train:199 - [epoch:2/3][loss:0.490676]
2024-09-06 03:27:33.813 | INFO     | csq:train:199 - [epoch:3/3][loss:0.486008]
2024-09-06 03:27:33.814 | INFO     | csq:train:202 - [iter:49/50][iter_time:48.41]
2024-09-06 03:28:50.710 | INFO     | csq:train:274 - [iter:49/50][code_length:96][mAP:0.67488][mAP_all:0.63730][best_mAP:0.67488]
2024-09-06 03:28:50.710 | INFO     | csq:train:275 - [iter:49/50][code_length:96][zs_mAP:0.43864][zs_mAP_all:0.16449]
2024-09-06 03:29:06.797 | INFO     | csq:train:199 - [epoch:1/3][loss:0.481261]
2024-09-06 03:29:21.424 | INFO     | csq:train:199 - [epoch:2/3][loss:0.487806]
2024-09-06 03:29:36.843 | INFO     | csq:train:199 - [epoch:3/3][loss:0.482796]
2024-09-06 03:29:36.843 | INFO     | csq:train:202 - [iter:50/50][iter_time:46.13]
2024-09-06 03:30:53.128 | INFO     | csq:train:274 - [iter:50/50][code_length:96][mAP:0.67522][mAP_all:0.63805][best_mAP:0.67522]
2024-09-06 03:30:53.129 | INFO     | csq:train:275 - [iter:50/50][code_length:96][zs_mAP:0.43860][zs_mAP_all:0.16318]
2024-09-06 03:30:53.129 | INFO     | csq:train:278 - [Training time:6096.99]
2024-09-06 03:30:53.133 | INFO     | __main__:run:138 - [code_length:96][map:0.6752][map_all:0.6380][zs_map:0.4386][zs_map_all:0.1632]
2024-09-06 03:31:11.264 | INFO     | csq:train:199 - [epoch:1/3][loss:0.775830]
2024-09-06 03:31:25.914 | INFO     | csq:train:199 - [epoch:2/3][loss:0.765336]
2024-09-06 03:31:42.365 | INFO     | csq:train:199 - [epoch:3/3][loss:0.762160]
2024-09-06 03:31:42.365 | INFO     | csq:train:202 - [iter:1/50][iter_time:47.08]
2024-09-06 03:32:58.567 | INFO     | csq:train:274 - [iter:1/50][code_length:128][mAP:0.06706][mAP_all:0.06001][best_mAP:0.06706]
2024-09-06 03:32:58.568 | INFO     | csq:train:275 - [iter:1/50][code_length:128][zs_mAP:0.12689][zs_mAP_all:0.04376]
2024-09-06 03:33:10.209 | INFO     | csq:train:199 - [epoch:1/3][loss:0.760175]
2024-09-06 03:33:19.362 | INFO     | csq:train:199 - [epoch:2/3][loss:0.757027]
2024-09-06 03:33:28.438 | INFO     | csq:train:199 - [epoch:3/3][loss:0.755288]
2024-09-06 03:33:28.438 | INFO     | csq:train:202 - [iter:2/50][iter_time:29.87]
2024-09-06 03:34:51.039 | INFO     | csq:train:274 - [iter:2/50][code_length:128][mAP:0.08626][mAP_all:0.07709][best_mAP:0.08626]
2024-09-06 03:34:51.040 | INFO     | csq:train:275 - [iter:2/50][code_length:128][zs_mAP:0.16049][zs_mAP_all:0.05659]
2024-09-06 03:35:00.481 | INFO     | csq:train:199 - [epoch:1/3][loss:0.752720]
2024-09-06 03:35:10.030 | INFO     | csq:train:199 - [epoch:2/3][loss:0.748842]
2024-09-06 03:35:18.577 | INFO     | csq:train:199 - [epoch:3/3][loss:0.745477]
2024-09-06 03:35:18.578 | INFO     | csq:train:202 - [iter:3/50][iter_time:27.54]
2024-09-06 03:36:35.936 | INFO     | csq:train:274 - [iter:3/50][code_length:128][mAP:0.10824][mAP_all:0.09577][best_mAP:0.10824]
2024-09-06 03:36:35.936 | INFO     | csq:train:275 - [iter:3/50][code_length:128][zs_mAP:0.19542][zs_mAP_all:0.06935]
2024-09-06 03:36:51.330 | INFO     | csq:train:199 - [epoch:1/3][loss:0.746064]
2024-09-06 03:37:06.139 | INFO     | csq:train:199 - [epoch:2/3][loss:0.743073]
2024-09-06 03:37:21.905 | INFO     | csq:train:199 - [epoch:3/3][loss:0.740610]
2024-09-06 03:37:21.906 | INFO     | csq:train:202 - [iter:4/50][iter_time:45.97]
2024-09-06 03:38:38.142 | INFO     | csq:train:274 - [iter:4/50][code_length:128][mAP:0.13268][mAP_all:0.11758][best_mAP:0.13268]
2024-09-06 03:38:38.143 | INFO     | csq:train:275 - [iter:4/50][code_length:128][zs_mAP:0.22752][zs_mAP_all:0.08379]
2024-09-06 03:38:53.429 | INFO     | csq:train:199 - [epoch:1/3][loss:0.738410]
2024-09-06 03:39:08.218 | INFO     | csq:train:199 - [epoch:2/3][loss:0.735442]
2024-09-06 03:39:23.758 | INFO     | csq:train:199 - [epoch:3/3][loss:0.732670]
2024-09-06 03:39:23.759 | INFO     | csq:train:202 - [iter:5/50][iter_time:45.62]
2024-09-06 03:40:40.135 | INFO     | csq:train:274 - [iter:5/50][code_length:128][mAP:0.15900][mAP_all:0.14065][best_mAP:0.15900]
2024-09-06 03:40:40.136 | INFO     | csq:train:275 - [iter:5/50][code_length:128][zs_mAP:0.26324][zs_mAP_all:0.10151]
2024-09-06 03:40:55.441 | INFO     | csq:train:199 - [epoch:1/3][loss:0.731736]
2024-09-06 03:41:11.526 | INFO     | csq:train:199 - [epoch:2/3][loss:0.727784]
2024-09-06 03:41:27.170 | INFO     | csq:train:199 - [epoch:3/3][loss:0.724771]
2024-09-06 03:41:27.171 | INFO     | csq:train:202 - [iter:6/50][iter_time:47.04]
2024-09-06 03:42:44.050 | INFO     | csq:train:274 - [iter:6/50][code_length:128][mAP:0.18178][mAP_all:0.16144][best_mAP:0.18178]
2024-09-06 03:42:44.051 | INFO     | csq:train:275 - [iter:6/50][code_length:128][zs_mAP:0.28630][zs_mAP_all:0.11409]
2024-09-06 03:42:59.499 | INFO     | csq:train:199 - [epoch:1/3][loss:0.725506]
2024-09-06 03:43:14.211 | INFO     | csq:train:199 - [epoch:2/3][loss:0.721115]
2024-09-06 03:43:29.341 | INFO     | csq:train:199 - [epoch:3/3][loss:0.719037]
2024-09-06 03:43:29.341 | INFO     | csq:train:202 - [iter:7/50][iter_time:45.29]
2024-09-06 03:44:45.923 | INFO     | csq:train:274 - [iter:7/50][code_length:128][mAP:0.20231][mAP_all:0.18025][best_mAP:0.20231]
2024-09-06 03:44:45.924 | INFO     | csq:train:275 - [iter:7/50][code_length:128][zs_mAP:0.31058][zs_mAP_all:0.12377]
2024-09-06 03:45:01.734 | INFO     | csq:train:199 - [epoch:1/3][loss:0.717804]
2024-09-06 03:45:16.788 | INFO     | csq:train:199 - [epoch:2/3][loss:0.715227]
2024-09-06 03:45:32.296 | INFO     | csq:train:199 - [epoch:3/3][loss:0.712378]
2024-09-06 03:45:32.296 | INFO     | csq:train:202 - [iter:8/50][iter_time:46.37]
2024-09-06 03:46:49.365 | INFO     | csq:train:274 - [iter:8/50][code_length:128][mAP:0.22946][mAP_all:0.20457][best_mAP:0.22946]
2024-09-06 03:46:49.366 | INFO     | csq:train:275 - [iter:8/50][code_length:128][zs_mAP:0.33151][zs_mAP_all:0.13763]
2024-09-06 03:47:04.637 | INFO     | csq:train:199 - [epoch:1/3][loss:0.713534]
2024-09-06 03:47:20.103 | INFO     | csq:train:199 - [epoch:2/3][loss:0.709722]
2024-09-06 03:47:34.244 | INFO     | csq:train:199 - [epoch:3/3][loss:0.708042]
2024-09-06 03:47:34.244 | INFO     | csq:train:202 - [iter:9/50][iter_time:44.88]
2024-09-06 03:48:50.854 | INFO     | csq:train:274 - [iter:9/50][code_length:128][mAP:0.25114][mAP_all:0.22501][best_mAP:0.25114]
2024-09-06 03:48:50.855 | INFO     | csq:train:275 - [iter:9/50][code_length:128][zs_mAP:0.34972][zs_mAP_all:0.14615]
2024-09-06 03:49:06.167 | INFO     | csq:train:199 - [epoch:1/3][loss:0.706139]
2024-09-06 03:49:20.707 | INFO     | csq:train:199 - [epoch:2/3][loss:0.704398]
2024-09-06 03:49:36.690 | INFO     | csq:train:199 - [epoch:3/3][loss:0.698318]
2024-09-06 03:49:36.692 | INFO     | csq:train:202 - [iter:10/50][iter_time:45.84]
2024-09-06 03:50:53.583 | INFO     | csq:train:274 - [iter:10/50][code_length:128][mAP:0.27039][mAP_all:0.24317][best_mAP:0.27039]
2024-09-06 03:50:53.584 | INFO     | csq:train:275 - [iter:10/50][code_length:128][zs_mAP:0.36646][zs_mAP_all:0.15303]
2024-09-06 03:51:09.583 | INFO     | csq:train:199 - [epoch:1/3][loss:0.700266]
2024-09-06 03:51:24.657 | INFO     | csq:train:199 - [epoch:2/3][loss:0.696439]
2024-09-06 03:51:40.127 | INFO     | csq:train:199 - [epoch:3/3][loss:0.692784]
2024-09-06 03:51:40.128 | INFO     | csq:train:202 - [iter:11/50][iter_time:46.54]
2024-09-06 03:52:56.548 | INFO     | csq:train:274 - [iter:11/50][code_length:128][mAP:0.29190][mAP_all:0.26377][best_mAP:0.29190]
2024-09-06 03:52:56.549 | INFO     | csq:train:275 - [iter:11/50][code_length:128][zs_mAP:0.38388][zs_mAP_all:0.16186]
2024-09-06 03:53:11.317 | INFO     | csq:train:199 - [epoch:1/3][loss:0.692614]
2024-09-06 03:53:27.631 | INFO     | csq:train:199 - [epoch:2/3][loss:0.690091]
2024-09-06 03:53:42.652 | INFO     | csq:train:199 - [epoch:3/3][loss:0.686466]
2024-09-06 03:53:42.653 | INFO     | csq:train:202 - [iter:12/50][iter_time:46.10]
2024-09-06 03:54:59.107 | INFO     | csq:train:274 - [iter:12/50][code_length:128][mAP:0.31267][mAP_all:0.28293][best_mAP:0.31267]
2024-09-06 03:54:59.108 | INFO     | csq:train:275 - [iter:12/50][code_length:128][zs_mAP:0.39531][zs_mAP_all:0.17091]
2024-09-06 03:55:14.182 | INFO     | csq:train:199 - [epoch:1/3][loss:0.687096]
2024-09-06 03:55:29.167 | INFO     | csq:train:199 - [epoch:2/3][loss:0.682546]
2024-09-06 03:55:44.663 | INFO     | csq:train:199 - [epoch:3/3][loss:0.678778]
2024-09-06 03:55:44.663 | INFO     | csq:train:202 - [iter:13/50][iter_time:45.55]
2024-09-06 03:57:02.201 | INFO     | csq:train:274 - [iter:13/50][code_length:128][mAP:0.33759][mAP_all:0.30639][best_mAP:0.33759]
2024-09-06 03:57:02.202 | INFO     | csq:train:275 - [iter:13/50][code_length:128][zs_mAP:0.41404][zs_mAP_all:0.17963]
2024-09-06 03:57:17.265 | INFO     | csq:train:199 - [epoch:1/3][loss:0.678614]
2024-09-06 03:57:32.859 | INFO     | csq:train:199 - [epoch:2/3][loss:0.674852]
2024-09-06 03:57:49.062 | INFO     | csq:train:199 - [epoch:3/3][loss:0.673642]
2024-09-06 03:57:49.062 | INFO     | csq:train:202 - [iter:14/50][iter_time:46.86]
2024-09-06 03:59:05.612 | INFO     | csq:train:274 - [iter:14/50][code_length:128][mAP:0.35270][mAP_all:0.32081][best_mAP:0.35270]
2024-09-06 03:59:05.613 | INFO     | csq:train:275 - [iter:14/50][code_length:128][zs_mAP:0.42199][zs_mAP_all:0.18813]
2024-09-06 03:59:22.059 | INFO     | csq:train:199 - [epoch:1/3][loss:0.674373]
2024-09-06 03:59:37.334 | INFO     | csq:train:199 - [epoch:2/3][loss:0.669666]
2024-09-06 03:59:52.455 | INFO     | csq:train:199 - [epoch:3/3][loss:0.666897]
2024-09-06 03:59:52.456 | INFO     | csq:train:202 - [iter:15/50][iter_time:46.84]
2024-09-06 04:01:08.978 | INFO     | csq:train:274 - [iter:15/50][code_length:128][mAP:0.36953][mAP_all:0.33718][best_mAP:0.36953]
2024-09-06 04:01:08.984 | INFO     | csq:train:275 - [iter:15/50][code_length:128][zs_mAP:0.43373][zs_mAP_all:0.19288]
2024-09-06 04:01:23.321 | INFO     | csq:train:199 - [epoch:1/3][loss:0.670669]
2024-09-06 04:01:38.501 | INFO     | csq:train:199 - [epoch:2/3][loss:0.663274]
2024-09-06 04:01:53.089 | INFO     | csq:train:199 - [epoch:3/3][loss:0.662583]
2024-09-06 04:01:53.089 | INFO     | csq:train:202 - [iter:16/50][iter_time:44.10]
2024-09-06 04:03:10.138 | INFO     | csq:train:274 - [iter:16/50][code_length:128][mAP:0.39150][mAP_all:0.35789][best_mAP:0.39150]
2024-09-06 04:03:10.139 | INFO     | csq:train:275 - [iter:16/50][code_length:128][zs_mAP:0.43878][zs_mAP_all:0.19435]
2024-09-06 04:03:26.070 | INFO     | csq:train:199 - [epoch:1/3][loss:0.661776]
2024-09-06 04:03:41.634 | INFO     | csq:train:199 - [epoch:2/3][loss:0.656282]
2024-09-06 04:03:57.610 | INFO     | csq:train:199 - [epoch:3/3][loss:0.652377]
2024-09-06 04:03:57.610 | INFO     | csq:train:202 - [iter:17/50][iter_time:47.47]
2024-09-06 04:05:14.677 | INFO     | csq:train:274 - [iter:17/50][code_length:128][mAP:0.41310][mAP_all:0.37748][best_mAP:0.41310]
2024-09-06 04:05:14.678 | INFO     | csq:train:275 - [iter:17/50][code_length:128][zs_mAP:0.45221][zs_mAP_all:0.20648]
2024-09-06 04:05:31.081 | INFO     | csq:train:199 - [epoch:1/3][loss:0.656986]
2024-09-06 04:05:45.428 | INFO     | csq:train:199 - [epoch:2/3][loss:0.654538]
2024-09-06 04:06:00.121 | INFO     | csq:train:199 - [epoch:3/3][loss:0.649848]
2024-09-06 04:06:00.121 | INFO     | csq:train:202 - [iter:18/50][iter_time:45.44]
2024-09-06 04:07:16.137 | INFO     | csq:train:274 - [iter:18/50][code_length:128][mAP:0.42902][mAP_all:0.39260][best_mAP:0.42902]
2024-09-06 04:07:16.138 | INFO     | csq:train:275 - [iter:18/50][code_length:128][zs_mAP:0.45869][zs_mAP_all:0.20984]
2024-09-06 04:07:31.608 | INFO     | csq:train:199 - [epoch:1/3][loss:0.649473]
2024-09-06 04:07:47.179 | INFO     | csq:train:199 - [epoch:2/3][loss:0.644615]
2024-09-06 04:08:02.084 | INFO     | csq:train:199 - [epoch:3/3][loss:0.640251]
2024-09-06 04:08:02.085 | INFO     | csq:train:202 - [iter:19/50][iter_time:45.95]
2024-09-06 04:09:18.902 | INFO     | csq:train:274 - [iter:19/50][code_length:128][mAP:0.44062][mAP_all:0.40477][best_mAP:0.44062]
2024-09-06 04:09:18.902 | INFO     | csq:train:275 - [iter:19/50][code_length:128][zs_mAP:0.46239][zs_mAP_all:0.21054]
2024-09-06 04:09:33.270 | INFO     | csq:train:199 - [epoch:1/3][loss:0.638847]
2024-09-06 04:09:49.317 | INFO     | csq:train:199 - [epoch:2/3][loss:0.635194]
2024-09-06 04:10:04.267 | INFO     | csq:train:199 - [epoch:3/3][loss:0.633281]
2024-09-06 04:10:04.267 | INFO     | csq:train:202 - [iter:20/50][iter_time:45.36]
2024-09-06 04:11:21.236 | INFO     | csq:train:274 - [iter:20/50][code_length:128][mAP:0.45593][mAP_all:0.41845][best_mAP:0.45593]
2024-09-06 04:11:21.237 | INFO     | csq:train:275 - [iter:20/50][code_length:128][zs_mAP:0.46393][zs_mAP_all:0.21390]
2024-09-06 04:11:36.409 | INFO     | csq:train:199 - [epoch:1/3][loss:0.636342]
2024-09-06 04:11:52.108 | INFO     | csq:train:199 - [epoch:2/3][loss:0.634039]
2024-09-06 04:12:07.007 | INFO     | csq:train:199 - [epoch:3/3][loss:0.626396]
2024-09-06 04:12:07.008 | INFO     | csq:train:202 - [iter:21/50][iter_time:45.77]
2024-09-06 04:13:23.988 | INFO     | csq:train:274 - [iter:21/50][code_length:128][mAP:0.46583][mAP_all:0.42741][best_mAP:0.46583]
2024-09-06 04:13:23.988 | INFO     | csq:train:275 - [iter:21/50][code_length:128][zs_mAP:0.46344][zs_mAP_all:0.21209]
2024-09-06 04:13:38.083 | INFO     | csq:train:199 - [epoch:1/3][loss:0.628673]
2024-09-06 04:13:53.456 | INFO     | csq:train:199 - [epoch:2/3][loss:0.622609]
2024-09-06 04:14:09.253 | INFO     | csq:train:199 - [epoch:3/3][loss:0.620881]
2024-09-06 04:14:09.254 | INFO     | csq:train:202 - [iter:22/50][iter_time:45.27]
2024-09-06 04:15:25.646 | INFO     | csq:train:274 - [iter:22/50][code_length:128][mAP:0.48071][mAP_all:0.44172][best_mAP:0.48071]
2024-09-06 04:15:25.647 | INFO     | csq:train:275 - [iter:22/50][code_length:128][zs_mAP:0.46305][zs_mAP_all:0.21115]
2024-09-06 04:15:40.867 | INFO     | csq:train:199 - [epoch:1/3][loss:0.629500]
2024-09-06 04:15:57.192 | INFO     | csq:train:199 - [epoch:2/3][loss:0.625003]
2024-09-06 04:16:12.999 | INFO     | csq:train:199 - [epoch:3/3][loss:0.618340]
2024-09-06 04:16:12.999 | INFO     | csq:train:202 - [iter:23/50][iter_time:47.35]
2024-09-06 04:17:29.069 | INFO     | csq:train:274 - [iter:23/50][code_length:128][mAP:0.49094][mAP_all:0.45119][best_mAP:0.49094]
2024-09-06 04:17:29.070 | INFO     | csq:train:275 - [iter:23/50][code_length:128][zs_mAP:0.47198][zs_mAP_all:0.21481]
2024-09-06 04:17:44.329 | INFO     | csq:train:199 - [epoch:1/3][loss:0.616561]
2024-09-06 04:18:00.528 | INFO     | csq:train:199 - [epoch:2/3][loss:0.614633]
2024-09-06 04:18:16.574 | INFO     | csq:train:199 - [epoch:3/3][loss:0.609318]
2024-09-06 04:18:16.575 | INFO     | csq:train:202 - [iter:24/50][iter_time:47.50]
2024-09-06 04:19:33.268 | INFO     | csq:train:274 - [iter:24/50][code_length:128][mAP:0.49949][mAP_all:0.45991][best_mAP:0.49949]
2024-09-06 04:19:33.269 | INFO     | csq:train:275 - [iter:24/50][code_length:128][zs_mAP:0.46811][zs_mAP_all:0.20918]
2024-09-06 04:19:47.917 | INFO     | csq:train:199 - [epoch:1/3][loss:0.617681]
2024-09-06 04:20:03.791 | INFO     | csq:train:199 - [epoch:2/3][loss:0.607228]
2024-09-06 04:20:19.309 | INFO     | csq:train:199 - [epoch:3/3][loss:0.607012]
2024-09-06 04:20:19.310 | INFO     | csq:train:202 - [iter:25/50][iter_time:46.04]
2024-09-06 04:21:36.603 | INFO     | csq:train:274 - [iter:25/50][code_length:128][mAP:0.51373][mAP_all:0.47342][best_mAP:0.51373]
2024-09-06 04:21:36.604 | INFO     | csq:train:275 - [iter:25/50][code_length:128][zs_mAP:0.46939][zs_mAP_all:0.21134]
2024-09-06 04:21:52.026 | INFO     | csq:train:199 - [epoch:1/3][loss:0.610774]
2024-09-06 04:22:07.042 | INFO     | csq:train:199 - [epoch:2/3][loss:0.604040]
2024-09-06 04:22:21.306 | INFO     | csq:train:199 - [epoch:3/3][loss:0.595613]
2024-09-06 04:22:21.307 | INFO     | csq:train:202 - [iter:26/50][iter_time:44.70]
2024-09-06 04:23:38.876 | INFO     | csq:train:274 - [iter:26/50][code_length:128][mAP:0.52326][mAP_all:0.48243][best_mAP:0.52326]
2024-09-06 04:23:38.877 | INFO     | csq:train:275 - [iter:26/50][code_length:128][zs_mAP:0.47437][zs_mAP_all:0.21067]
2024-09-06 04:23:53.059 | INFO     | csq:train:199 - [epoch:1/3][loss:0.602991]
2024-09-06 04:24:07.739 | INFO     | csq:train:199 - [epoch:2/3][loss:0.597740]
2024-09-06 04:24:22.788 | INFO     | csq:train:199 - [epoch:3/3][loss:0.593691]
2024-09-06 04:24:22.788 | INFO     | csq:train:202 - [iter:27/50][iter_time:43.91]
2024-09-06 04:25:39.566 | INFO     | csq:train:274 - [iter:27/50][code_length:128][mAP:0.53343][mAP_all:0.49201][best_mAP:0.53343]
2024-09-06 04:25:39.566 | INFO     | csq:train:275 - [iter:27/50][code_length:128][zs_mAP:0.47154][zs_mAP_all:0.20800]
2024-09-06 04:25:53.950 | INFO     | csq:train:199 - [epoch:1/3][loss:0.597177]
2024-09-06 04:26:08.786 | INFO     | csq:train:199 - [epoch:2/3][loss:0.589381]
2024-09-06 04:26:24.206 | INFO     | csq:train:199 - [epoch:3/3][loss:0.587843]
2024-09-06 04:26:24.206 | INFO     | csq:train:202 - [iter:28/50][iter_time:44.64]
2024-09-06 04:27:40.558 | INFO     | csq:train:274 - [iter:28/50][code_length:128][mAP:0.53913][mAP_all:0.49833][best_mAP:0.53913]
2024-09-06 04:27:40.559 | INFO     | csq:train:275 - [iter:28/50][code_length:128][zs_mAP:0.46659][zs_mAP_all:0.20418]
2024-09-06 04:27:55.989 | INFO     | csq:train:199 - [epoch:1/3][loss:0.595403]
2024-09-06 04:28:10.557 | INFO     | csq:train:199 - [epoch:2/3][loss:0.586973]
2024-09-06 04:28:26.503 | INFO     | csq:train:199 - [epoch:3/3][loss:0.579540]
2024-09-06 04:28:26.503 | INFO     | csq:train:202 - [iter:29/50][iter_time:45.94]
2024-09-06 04:29:43.308 | INFO     | csq:train:274 - [iter:29/50][code_length:128][mAP:0.54651][mAP_all:0.50526][best_mAP:0.54651]
2024-09-06 04:29:43.309 | INFO     | csq:train:275 - [iter:29/50][code_length:128][zs_mAP:0.47412][zs_mAP_all:0.20836]
2024-09-06 04:29:58.979 | INFO     | csq:train:199 - [epoch:1/3][loss:0.590762]
2024-09-06 04:30:16.161 | INFO     | csq:train:199 - [epoch:2/3][loss:0.583079]
2024-09-06 04:30:31.688 | INFO     | csq:train:199 - [epoch:3/3][loss:0.578003]
2024-09-06 04:30:31.688 | INFO     | csq:train:202 - [iter:30/50][iter_time:48.38]
2024-09-06 04:31:48.202 | INFO     | csq:train:274 - [iter:30/50][code_length:128][mAP:0.55424][mAP_all:0.51363][best_mAP:0.55424]
2024-09-06 04:31:48.203 | INFO     | csq:train:275 - [iter:30/50][code_length:128][zs_mAP:0.47063][zs_mAP_all:0.20373]
2024-09-06 04:32:02.597 | INFO     | csq:train:199 - [epoch:1/3][loss:0.580819]
2024-09-06 04:32:17.364 | INFO     | csq:train:199 - [epoch:2/3][loss:0.582800]
2024-09-06 04:32:32.011 | INFO     | csq:train:199 - [epoch:3/3][loss:0.572536]
2024-09-06 04:32:32.011 | INFO     | csq:train:202 - [iter:31/50][iter_time:43.81]
2024-09-06 04:33:48.470 | INFO     | csq:train:274 - [iter:31/50][code_length:128][mAP:0.56455][mAP_all:0.52332][best_mAP:0.56455]
2024-09-06 04:33:48.470 | INFO     | csq:train:275 - [iter:31/50][code_length:128][zs_mAP:0.46799][zs_mAP_all:0.20291]
2024-09-06 04:34:04.315 | INFO     | csq:train:199 - [epoch:1/3][loss:0.582509]
2024-09-06 04:34:19.596 | INFO     | csq:train:199 - [epoch:2/3][loss:0.577937]
2024-09-06 04:34:34.285 | INFO     | csq:train:199 - [epoch:3/3][loss:0.569393]
2024-09-06 04:34:34.285 | INFO     | csq:train:202 - [iter:32/50][iter_time:45.81]
2024-09-06 04:35:50.475 | INFO     | csq:train:274 - [iter:32/50][code_length:128][mAP:0.57037][mAP_all:0.52887][best_mAP:0.57037]
2024-09-06 04:35:50.476 | INFO     | csq:train:275 - [iter:32/50][code_length:128][zs_mAP:0.47158][zs_mAP_all:0.20246]
2024-09-06 04:36:05.400 | INFO     | csq:train:199 - [epoch:1/3][loss:0.580906]
2024-09-06 04:36:20.859 | INFO     | csq:train:199 - [epoch:2/3][loss:0.574676]
2024-09-06 04:36:35.503 | INFO     | csq:train:199 - [epoch:3/3][loss:0.570245]
2024-09-06 04:36:35.503 | INFO     | csq:train:202 - [iter:33/50][iter_time:45.03]
2024-09-06 04:37:52.451 | INFO     | csq:train:274 - [iter:33/50][code_length:128][mAP:0.58066][mAP_all:0.53878][best_mAP:0.58066]
2024-09-06 04:37:52.451 | INFO     | csq:train:275 - [iter:33/50][code_length:128][zs_mAP:0.46805][zs_mAP_all:0.19910]
2024-09-06 04:38:06.847 | INFO     | csq:train:199 - [epoch:1/3][loss:0.567795]
2024-09-06 04:38:22.254 | INFO     | csq:train:199 - [epoch:2/3][loss:0.564370]
2024-09-06 04:38:37.563 | INFO     | csq:train:199 - [epoch:3/3][loss:0.558295]
2024-09-06 04:38:37.563 | INFO     | csq:train:202 - [iter:34/50][iter_time:45.11]
2024-09-06 04:39:53.996 | INFO     | csq:train:274 - [iter:34/50][code_length:128][mAP:0.58551][mAP_all:0.54430][best_mAP:0.58551]
2024-09-06 04:39:53.997 | INFO     | csq:train:275 - [iter:34/50][code_length:128][zs_mAP:0.46308][zs_mAP_all:0.19289]
2024-09-06 04:40:08.648 | INFO     | csq:train:199 - [epoch:1/3][loss:0.570422]
2024-09-06 04:40:24.111 | INFO     | csq:train:199 - [epoch:2/3][loss:0.561002]
2024-09-06 04:40:39.873 | INFO     | csq:train:199 - [epoch:3/3][loss:0.553464]
2024-09-06 04:40:39.874 | INFO     | csq:train:202 - [iter:35/50][iter_time:45.88]
2024-09-06 04:41:55.654 | INFO     | csq:train:274 - [iter:35/50][code_length:128][mAP:0.58663][mAP_all:0.54579][best_mAP:0.58663]
2024-09-06 04:41:55.655 | INFO     | csq:train:275 - [iter:35/50][code_length:128][zs_mAP:0.46354][zs_mAP_all:0.19193]
2024-09-06 04:42:11.270 | INFO     | csq:train:199 - [epoch:1/3][loss:0.555852]
2024-09-06 04:42:27.540 | INFO     | csq:train:199 - [epoch:2/3][loss:0.554120]
2024-09-06 04:42:41.571 | INFO     | csq:train:199 - [epoch:3/3][loss:0.546404]
2024-09-06 04:42:41.572 | INFO     | csq:train:202 - [iter:36/50][iter_time:45.92]
2024-09-06 04:43:57.984 | INFO     | csq:train:274 - [iter:36/50][code_length:128][mAP:0.59787][mAP_all:0.55557][best_mAP:0.59787]
2024-09-06 04:43:57.984 | INFO     | csq:train:275 - [iter:36/50][code_length:128][zs_mAP:0.46826][zs_mAP_all:0.19744]
2024-09-06 04:44:13.570 | INFO     | csq:train:199 - [epoch:1/3][loss:0.552835]
2024-09-06 04:44:29.088 | INFO     | csq:train:199 - [epoch:2/3][loss:0.539540]
2024-09-06 04:44:44.863 | INFO     | csq:train:199 - [epoch:3/3][loss:0.540469]
2024-09-06 04:44:44.864 | INFO     | csq:train:202 - [iter:37/50][iter_time:46.88]
2024-09-06 04:46:01.671 | INFO     | csq:train:274 - [iter:37/50][code_length:128][mAP:0.60255][mAP_all:0.56153][best_mAP:0.60255]
2024-09-06 04:46:01.671 | INFO     | csq:train:275 - [iter:37/50][code_length:128][zs_mAP:0.45720][zs_mAP_all:0.19153]
2024-09-06 04:46:17.176 | INFO     | csq:train:199 - [epoch:1/3][loss:0.542349]
2024-09-06 04:46:31.367 | INFO     | csq:train:199 - [epoch:2/3][loss:0.548909]
2024-09-06 04:46:47.012 | INFO     | csq:train:199 - [epoch:3/3][loss:0.539348]
2024-09-06 04:46:47.013 | INFO     | csq:train:202 - [iter:38/50][iter_time:45.34]
2024-09-06 04:48:03.967 | INFO     | csq:train:274 - [iter:38/50][code_length:128][mAP:0.61024][mAP_all:0.56857][best_mAP:0.61024]
2024-09-06 04:48:03.968 | INFO     | csq:train:275 - [iter:38/50][code_length:128][zs_mAP:0.45779][zs_mAP_all:0.19289]
2024-09-06 04:48:20.077 | INFO     | csq:train:199 - [epoch:1/3][loss:0.551145]
2024-09-06 04:48:35.937 | INFO     | csq:train:199 - [epoch:2/3][loss:0.542405]
2024-09-06 04:48:51.127 | INFO     | csq:train:199 - [epoch:3/3][loss:0.541833]
2024-09-06 04:48:51.127 | INFO     | csq:train:202 - [iter:39/50][iter_time:47.16]
2024-09-06 04:50:08.055 | INFO     | csq:train:274 - [iter:39/50][code_length:128][mAP:0.61460][mAP_all:0.57352][best_mAP:0.61460]
2024-09-06 04:50:08.055 | INFO     | csq:train:275 - [iter:39/50][code_length:128][zs_mAP:0.45921][zs_mAP_all:0.19284]
2024-09-06 04:50:23.757 | INFO     | csq:train:199 - [epoch:1/3][loss:0.549006]
2024-09-06 04:50:38.856 | INFO     | csq:train:199 - [epoch:2/3][loss:0.540208]
2024-09-06 04:50:53.015 | INFO     | csq:train:199 - [epoch:3/3][loss:0.538482]
2024-09-06 04:50:53.015 | INFO     | csq:train:202 - [iter:40/50][iter_time:44.96]
2024-09-06 04:52:10.375 | INFO     | csq:train:274 - [iter:40/50][code_length:128][mAP:0.62289][mAP_all:0.58092][best_mAP:0.62289]
2024-09-06 04:52:10.376 | INFO     | csq:train:275 - [iter:40/50][code_length:128][zs_mAP:0.46025][zs_mAP_all:0.19102]
2024-09-06 04:52:26.093 | INFO     | csq:train:199 - [epoch:1/3][loss:0.533252]
2024-09-06 04:52:40.940 | INFO     | csq:train:199 - [epoch:2/3][loss:0.530737]
2024-09-06 04:52:56.487 | INFO     | csq:train:199 - [epoch:3/3][loss:0.519827]
2024-09-06 04:52:56.488 | INFO     | csq:train:202 - [iter:41/50][iter_time:46.11]
2024-09-06 04:54:13.464 | INFO     | csq:train:274 - [iter:41/50][code_length:128][mAP:0.62381][mAP_all:0.58305][best_mAP:0.62381]
2024-09-06 04:54:13.465 | INFO     | csq:train:275 - [iter:41/50][code_length:128][zs_mAP:0.45394][zs_mAP_all:0.18707]
2024-09-06 04:54:28.317 | INFO     | csq:train:199 - [epoch:1/3][loss:0.530480]
2024-09-06 04:54:43.750 | INFO     | csq:train:199 - [epoch:2/3][loss:0.526143]
2024-09-06 04:54:59.267 | INFO     | csq:train:199 - [epoch:3/3][loss:0.519646]
2024-09-06 04:54:59.268 | INFO     | csq:train:202 - [iter:42/50][iter_time:45.80]
2024-09-06 04:56:16.762 | INFO     | csq:train:274 - [iter:42/50][code_length:128][mAP:0.62781][mAP_all:0.58636][best_mAP:0.62781]
2024-09-06 04:56:16.763 | INFO     | csq:train:275 - [iter:42/50][code_length:128][zs_mAP:0.45295][zs_mAP_all:0.18334]
2024-09-06 04:56:26.624 | INFO     | csq:train:199 - [epoch:1/3][loss:0.534739]
2024-09-06 04:56:35.888 | INFO     | csq:train:199 - [epoch:2/3][loss:0.530811]
2024-09-06 04:56:45.018 | INFO     | csq:train:199 - [epoch:3/3][loss:0.529362]
2024-09-06 04:56:45.019 | INFO     | csq:train:202 - [iter:43/50][iter_time:28.26]
2024-09-06 04:58:08.323 | INFO     | csq:train:274 - [iter:43/50][code_length:128][mAP:0.63224][mAP_all:0.59069][best_mAP:0.63224]
2024-09-06 04:58:08.324 | INFO     | csq:train:275 - [iter:43/50][code_length:128][zs_mAP:0.44643][zs_mAP_all:0.18159]
2024-09-06 04:58:17.519 | INFO     | csq:train:199 - [epoch:1/3][loss:0.523155]
2024-09-06 04:58:26.541 | INFO     | csq:train:199 - [epoch:2/3][loss:0.514840]
2024-09-06 04:58:36.568 | INFO     | csq:train:199 - [epoch:3/3][loss:0.509829]
2024-09-06 04:58:36.569 | INFO     | csq:train:202 - [iter:44/50][iter_time:28.24]
2024-09-06 04:59:53.207 | INFO     | csq:train:274 - [iter:44/50][code_length:128][mAP:0.63939][mAP_all:0.59790][best_mAP:0.63939]
2024-09-06 04:59:53.208 | INFO     | csq:train:275 - [iter:44/50][code_length:128][zs_mAP:0.45075][zs_mAP_all:0.18194]
2024-09-06 05:00:09.399 | INFO     | csq:train:199 - [epoch:1/3][loss:0.518078]
2024-09-06 05:00:23.742 | INFO     | csq:train:199 - [epoch:2/3][loss:0.520971]
2024-09-06 05:00:38.186 | INFO     | csq:train:199 - [epoch:3/3][loss:0.510534]
2024-09-06 05:00:38.186 | INFO     | csq:train:202 - [iter:45/50][iter_time:44.98]
2024-09-06 05:01:54.653 | INFO     | csq:train:274 - [iter:45/50][code_length:128][mAP:0.64541][mAP_all:0.60475][best_mAP:0.64541]
2024-09-06 05:01:54.654 | INFO     | csq:train:275 - [iter:45/50][code_length:128][zs_mAP:0.44859][zs_mAP_all:0.18157]
2024-09-06 05:02:10.662 | INFO     | csq:train:199 - [epoch:1/3][loss:0.518504]
2024-09-06 05:02:27.579 | INFO     | csq:train:199 - [epoch:2/3][loss:0.523857]
2024-09-06 05:02:43.685 | INFO     | csq:train:199 - [epoch:3/3][loss:0.511189]
2024-09-06 05:02:43.686 | INFO     | csq:train:202 - [iter:46/50][iter_time:49.03]
2024-09-06 05:04:00.270 | INFO     | csq:train:274 - [iter:46/50][code_length:128][mAP:0.64943][mAP_all:0.60890][best_mAP:0.64943]
2024-09-06 05:04:00.270 | INFO     | csq:train:275 - [iter:46/50][code_length:128][zs_mAP:0.45399][zs_mAP_all:0.18205]
2024-09-06 05:04:14.843 | INFO     | csq:train:199 - [epoch:1/3][loss:0.519434]
2024-09-06 05:04:30.742 | INFO     | csq:train:199 - [epoch:2/3][loss:0.523424]
2024-09-06 05:04:45.464 | INFO     | csq:train:199 - [epoch:3/3][loss:0.518354]
2024-09-06 05:04:45.464 | INFO     | csq:train:202 - [iter:47/50][iter_time:45.19]
2024-09-06 05:06:01.092 | INFO     | csq:train:274 - [iter:47/50][code_length:128][mAP:0.64834][mAP_all:0.60836][best_mAP:0.64943]
2024-09-06 05:06:01.092 | INFO     | csq:train:275 - [iter:47/50][code_length:128][zs_mAP:0.44869][zs_mAP_all:0.18034]
2024-09-06 05:06:17.317 | INFO     | csq:train:199 - [epoch:1/3][loss:0.518126]
2024-09-06 05:06:32.767 | INFO     | csq:train:199 - [epoch:2/3][loss:0.514225]
2024-09-06 05:06:48.303 | INFO     | csq:train:199 - [epoch:3/3][loss:0.512918]
2024-09-06 05:06:48.304 | INFO     | csq:train:202 - [iter:48/50][iter_time:47.21]
2024-09-06 05:08:05.048 | INFO     | csq:train:274 - [iter:48/50][code_length:128][mAP:0.65493][mAP_all:0.61413][best_mAP:0.65493]
2024-09-06 05:08:05.049 | INFO     | csq:train:275 - [iter:48/50][code_length:128][zs_mAP:0.45429][zs_mAP_all:0.18509]
2024-09-06 05:08:21.458 | INFO     | csq:train:199 - [epoch:1/3][loss:0.521584]
2024-09-06 05:08:36.129 | INFO     | csq:train:199 - [epoch:2/3][loss:0.521675]
2024-09-06 05:08:52.087 | INFO     | csq:train:199 - [epoch:3/3][loss:0.520000]
2024-09-06 05:08:52.087 | INFO     | csq:train:202 - [iter:49/50][iter_time:47.04]
2024-09-06 05:10:09.638 | INFO     | csq:train:274 - [iter:49/50][code_length:128][mAP:0.65622][mAP_all:0.61536][best_mAP:0.65622]
2024-09-06 05:10:09.638 | INFO     | csq:train:275 - [iter:49/50][code_length:128][zs_mAP:0.45769][zs_mAP_all:0.18412]
2024-09-06 05:10:24.962 | INFO     | csq:train:199 - [epoch:1/3][loss:0.514932]
2024-09-06 05:10:40.707 | INFO     | csq:train:199 - [epoch:2/3][loss:0.512531]
2024-09-06 05:10:56.000 | INFO     | csq:train:199 - [epoch:3/3][loss:0.511937]
2024-09-06 05:10:56.000 | INFO     | csq:train:202 - [iter:50/50][iter_time:46.36]
2024-09-06 05:12:12.291 | INFO     | csq:train:274 - [iter:50/50][code_length:128][mAP:0.65405][mAP_all:0.61410][best_mAP:0.65622]
2024-09-06 05:12:12.291 | INFO     | csq:train:275 - [iter:50/50][code_length:128][zs_mAP:0.45851][zs_mAP_all:0.18376]
2024-09-06 05:12:12.292 | INFO     | csq:train:278 - [Training time:6077.01]
2024-09-06 05:12:12.298 | INFO     | __main__:run:138 - [code_length:128][map:0.6562][map_all:0.6154][zs_map:0.4577][zs_map_all:0.1841]
2024-09-06 05:12:30.729 | INFO     | csq:train:199 - [epoch:1/3][loss:0.778176]
2024-09-06 05:12:45.738 | INFO     | csq:train:199 - [epoch:2/3][loss:0.766355]
2024-09-06 05:13:01.384 | INFO     | csq:train:199 - [epoch:3/3][loss:0.763334]
2024-09-06 05:13:01.385 | INFO     | csq:train:202 - [iter:1/50][iter_time:45.09]
2024-09-06 05:14:17.957 | INFO     | csq:train:274 - [iter:1/50][code_length:256][mAP:0.10291][mAP_all:0.09111][best_mAP:0.10291]
2024-09-06 05:14:17.958 | INFO     | csq:train:275 - [iter:1/50][code_length:256][zs_mAP:0.18269][zs_mAP_all:0.07776]
2024-09-06 05:14:34.277 | INFO     | csq:train:199 - [epoch:1/3][loss:0.762006]
2024-09-06 05:14:49.849 | INFO     | csq:train:199 - [epoch:2/3][loss:0.760027]
2024-09-06 05:15:05.446 | INFO     | csq:train:199 - [epoch:3/3][loss:0.757632]
2024-09-06 05:15:05.447 | INFO     | csq:train:202 - [iter:2/50][iter_time:47.49]
2024-09-06 05:16:22.995 | INFO     | csq:train:274 - [iter:2/50][code_length:256][mAP:0.10397][mAP_all:0.09134][best_mAP:0.10397]
2024-09-06 05:16:22.996 | INFO     | csq:train:275 - [iter:2/50][code_length:256][zs_mAP:0.18882][zs_mAP_all:0.07905]
2024-09-06 05:16:39.746 | INFO     | csq:train:199 - [epoch:1/3][loss:0.757888]
2024-09-06 05:16:55.588 | INFO     | csq:train:199 - [epoch:2/3][loss:0.755843]
2024-09-06 05:17:11.916 | INFO     | csq:train:199 - [epoch:3/3][loss:0.753470]
2024-09-06 05:17:11.917 | INFO     | csq:train:202 - [iter:3/50][iter_time:48.92]
2024-09-06 05:18:29.327 | INFO     | csq:train:274 - [iter:3/50][code_length:256][mAP:0.12249][mAP_all:0.10775][best_mAP:0.12249]
2024-09-06 05:18:29.328 | INFO     | csq:train:275 - [iter:3/50][code_length:256][zs_mAP:0.21308][zs_mAP_all:0.08823]
2024-09-06 05:18:44.184 | INFO     | csq:train:199 - [epoch:1/3][loss:0.753110]
2024-09-06 05:18:59.721 | INFO     | csq:train:199 - [epoch:2/3][loss:0.751194]
2024-09-06 05:19:15.657 | INFO     | csq:train:199 - [epoch:3/3][loss:0.749470]
2024-09-06 05:19:15.658 | INFO     | csq:train:202 - [iter:4/50][iter_time:46.33]
2024-09-06 05:20:32.304 | INFO     | csq:train:274 - [iter:4/50][code_length:256][mAP:0.13510][mAP_all:0.11876][best_mAP:0.13510]
2024-09-06 05:20:32.304 | INFO     | csq:train:275 - [iter:4/50][code_length:256][zs_mAP:0.23701][zs_mAP_all:0.09818]
2024-09-06 05:20:47.878 | INFO     | csq:train:199 - [epoch:1/3][loss:0.747964]
2024-09-06 05:21:04.352 | INFO     | csq:train:199 - [epoch:2/3][loss:0.745629]
2024-09-06 05:21:19.432 | INFO     | csq:train:199 - [epoch:3/3][loss:0.743652]
2024-09-06 05:21:19.432 | INFO     | csq:train:202 - [iter:5/50][iter_time:47.13]
2024-09-06 05:22:35.935 | INFO     | csq:train:274 - [iter:5/50][code_length:256][mAP:0.14844][mAP_all:0.13026][best_mAP:0.14844]
2024-09-06 05:22:35.936 | INFO     | csq:train:275 - [iter:5/50][code_length:256][zs_mAP:0.24815][zs_mAP_all:0.10523]
2024-09-06 05:22:49.963 | INFO     | csq:train:199 - [epoch:1/3][loss:0.743324]
2024-09-06 05:23:04.869 | INFO     | csq:train:199 - [epoch:2/3][loss:0.741156]
2024-09-06 05:23:20.951 | INFO     | csq:train:199 - [epoch:3/3][loss:0.738832]
2024-09-06 05:23:20.952 | INFO     | csq:train:202 - [iter:6/50][iter_time:45.02]
2024-09-06 05:24:38.873 | INFO     | csq:train:274 - [iter:6/50][code_length:256][mAP:0.16642][mAP_all:0.14613][best_mAP:0.16642]
2024-09-06 05:24:38.874 | INFO     | csq:train:275 - [iter:6/50][code_length:256][zs_mAP:0.27219][zs_mAP_all:0.11569]
2024-09-06 05:24:54.375 | INFO     | csq:train:199 - [epoch:1/3][loss:0.738434]
2024-09-06 05:25:09.030 | INFO     | csq:train:199 - [epoch:2/3][loss:0.736317]
2024-09-06 05:25:23.652 | INFO     | csq:train:199 - [epoch:3/3][loss:0.734559]
2024-09-06 05:25:23.652 | INFO     | csq:train:202 - [iter:7/50][iter_time:44.78]
2024-09-06 05:26:41.351 | INFO     | csq:train:274 - [iter:7/50][code_length:256][mAP:0.18059][mAP_all:0.15822][best_mAP:0.18059]
2024-09-06 05:26:41.352 | INFO     | csq:train:275 - [iter:7/50][code_length:256][zs_mAP:0.28784][zs_mAP_all:0.12575]
2024-09-06 05:26:57.446 | INFO     | csq:train:199 - [epoch:1/3][loss:0.733170]
2024-09-06 05:27:12.843 | INFO     | csq:train:199 - [epoch:2/3][loss:0.731627]
2024-09-06 05:27:27.729 | INFO     | csq:train:199 - [epoch:3/3][loss:0.729166]
2024-09-06 05:27:27.729 | INFO     | csq:train:202 - [iter:8/50][iter_time:46.38]
2024-09-06 05:28:44.767 | INFO     | csq:train:274 - [iter:8/50][code_length:256][mAP:0.19387][mAP_all:0.17022][best_mAP:0.19387]
2024-09-06 05:28:44.768 | INFO     | csq:train:275 - [iter:8/50][code_length:256][zs_mAP:0.30350][zs_mAP_all:0.13506]
2024-09-06 05:29:00.374 | INFO     | csq:train:199 - [epoch:1/3][loss:0.729449]
2024-09-06 05:29:15.482 | INFO     | csq:train:199 - [epoch:2/3][loss:0.727456]
2024-09-06 05:29:30.380 | INFO     | csq:train:199 - [epoch:3/3][loss:0.725669]
2024-09-06 05:29:30.381 | INFO     | csq:train:202 - [iter:9/50][iter_time:45.61]
2024-09-06 05:30:47.109 | INFO     | csq:train:274 - [iter:9/50][code_length:256][mAP:0.21299][mAP_all:0.18723][best_mAP:0.21299]
2024-09-06 05:30:47.110 | INFO     | csq:train:275 - [iter:9/50][code_length:256][zs_mAP:0.32043][zs_mAP_all:0.14424]
2024-09-06 05:31:02.975 | INFO     | csq:train:199 - [epoch:1/3][loss:0.727184]
2024-09-06 05:31:18.275 | INFO     | csq:train:199 - [epoch:2/3][loss:0.724578]
2024-09-06 05:31:35.020 | INFO     | csq:train:199 - [epoch:3/3][loss:0.722877]
2024-09-06 05:31:35.020 | INFO     | csq:train:202 - [iter:10/50][iter_time:47.91]
2024-09-06 05:32:52.711 | INFO     | csq:train:274 - [iter:10/50][code_length:256][mAP:0.23040][mAP_all:0.20326][best_mAP:0.23040]
2024-09-06 05:32:52.712 | INFO     | csq:train:275 - [iter:10/50][code_length:256][zs_mAP:0.33735][zs_mAP_all:0.15346]
2024-09-06 05:33:08.389 | INFO     | csq:train:199 - [epoch:1/3][loss:0.720758]
2024-09-06 05:33:22.092 | INFO     | csq:train:199 - [epoch:2/3][loss:0.719164]
2024-09-06 05:33:37.259 | INFO     | csq:train:199 - [epoch:3/3][loss:0.716715]
2024-09-06 05:33:37.260 | INFO     | csq:train:202 - [iter:11/50][iter_time:44.55]
2024-09-06 05:34:54.227 | INFO     | csq:train:274 - [iter:11/50][code_length:256][mAP:0.24443][mAP_all:0.21628][best_mAP:0.24443]
2024-09-06 05:34:54.228 | INFO     | csq:train:275 - [iter:11/50][code_length:256][zs_mAP:0.34853][zs_mAP_all:0.15954]
2024-09-06 05:35:10.351 | INFO     | csq:train:199 - [epoch:1/3][loss:0.716278]
2024-09-06 05:35:25.951 | INFO     | csq:train:199 - [epoch:2/3][loss:0.714287]
2024-09-06 05:35:41.552 | INFO     | csq:train:199 - [epoch:3/3][loss:0.711956]
2024-09-06 05:35:41.553 | INFO     | csq:train:202 - [iter:12/50][iter_time:47.32]
2024-09-06 05:36:58.521 | INFO     | csq:train:274 - [iter:12/50][code_length:256][mAP:0.26353][mAP_all:0.23409][best_mAP:0.26353]
2024-09-06 05:36:58.522 | INFO     | csq:train:275 - [iter:12/50][code_length:256][zs_mAP:0.36351][zs_mAP_all:0.16627]
2024-09-06 05:37:14.198 | INFO     | csq:train:199 - [epoch:1/3][loss:0.712055]
2024-09-06 05:37:29.314 | INFO     | csq:train:199 - [epoch:2/3][loss:0.709130]
2024-09-06 05:37:44.382 | INFO     | csq:train:199 - [epoch:3/3][loss:0.707496]
2024-09-06 05:37:44.382 | INFO     | csq:train:202 - [iter:13/50][iter_time:45.86]
2024-09-06 05:39:01.350 | INFO     | csq:train:274 - [iter:13/50][code_length:256][mAP:0.27790][mAP_all:0.24713][best_mAP:0.27790]
2024-09-06 05:39:01.350 | INFO     | csq:train:275 - [iter:13/50][code_length:256][zs_mAP:0.37572][zs_mAP_all:0.17392]
2024-09-06 05:39:16.630 | INFO     | csq:train:199 - [epoch:1/3][loss:0.708785]
2024-09-06 05:39:32.965 | INFO     | csq:train:199 - [epoch:2/3][loss:0.706435]
2024-09-06 05:39:47.983 | INFO     | csq:train:199 - [epoch:3/3][loss:0.703841]
2024-09-06 05:39:47.983 | INFO     | csq:train:202 - [iter:14/50][iter_time:46.63]
2024-09-06 05:41:04.225 | INFO     | csq:train:274 - [iter:14/50][code_length:256][mAP:0.29683][mAP_all:0.26547][best_mAP:0.29683]
2024-09-06 05:41:04.225 | INFO     | csq:train:275 - [iter:14/50][code_length:256][zs_mAP:0.39398][zs_mAP_all:0.18174]
2024-09-06 05:41:18.356 | INFO     | csq:train:199 - [epoch:1/3][loss:0.704195]
2024-09-06 05:41:34.327 | INFO     | csq:train:199 - [epoch:2/3][loss:0.704184]
2024-09-06 05:41:48.815 | INFO     | csq:train:199 - [epoch:3/3][loss:0.701767]
2024-09-06 05:41:48.815 | INFO     | csq:train:202 - [iter:15/50][iter_time:44.59]
2024-09-06 05:43:05.139 | INFO     | csq:train:274 - [iter:15/50][code_length:256][mAP:0.31067][mAP_all:0.27869][best_mAP:0.31067]
2024-09-06 05:43:05.140 | INFO     | csq:train:275 - [iter:15/50][code_length:256][zs_mAP:0.40556][zs_mAP_all:0.18922]
2024-09-06 05:43:20.099 | INFO     | csq:train:199 - [epoch:1/3][loss:0.700837]
2024-09-06 05:43:35.479 | INFO     | csq:train:199 - [epoch:2/3][loss:0.696636]
2024-09-06 05:43:50.239 | INFO     | csq:train:199 - [epoch:3/3][loss:0.694114]
2024-09-06 05:43:50.240 | INFO     | csq:train:202 - [iter:16/50][iter_time:45.10]
2024-09-06 05:45:07.738 | INFO     | csq:train:274 - [iter:16/50][code_length:256][mAP:0.33151][mAP_all:0.29880][best_mAP:0.33151]
2024-09-06 05:45:07.739 | INFO     | csq:train:275 - [iter:16/50][code_length:256][zs_mAP:0.41584][zs_mAP_all:0.19286]
2024-09-06 05:45:22.339 | INFO     | csq:train:199 - [epoch:1/3][loss:0.695560]
2024-09-06 05:45:37.556 | INFO     | csq:train:199 - [epoch:2/3][loss:0.691039]
2024-09-06 05:45:50.891 | INFO     | csq:train:199 - [epoch:3/3][loss:0.689172]
2024-09-06 05:45:50.892 | INFO     | csq:train:202 - [iter:17/50][iter_time:43.15]
2024-09-06 05:47:08.223 | INFO     | csq:train:274 - [iter:17/50][code_length:256][mAP:0.34301][mAP_all:0.30957][best_mAP:0.34301]
2024-09-06 05:47:08.224 | INFO     | csq:train:275 - [iter:17/50][code_length:256][zs_mAP:0.42960][zs_mAP_all:0.20219]
2024-09-06 05:47:22.921 | INFO     | csq:train:199 - [epoch:1/3][loss:0.690382]
2024-09-06 05:47:37.316 | INFO     | csq:train:199 - [epoch:2/3][loss:0.687897]
2024-09-06 05:47:52.643 | INFO     | csq:train:199 - [epoch:3/3][loss:0.685690]
2024-09-06 05:47:52.643 | INFO     | csq:train:202 - [iter:18/50][iter_time:44.42]
2024-09-06 05:49:10.251 | INFO     | csq:train:274 - [iter:18/50][code_length:256][mAP:0.35719][mAP_all:0.32283][best_mAP:0.35719]
2024-09-06 05:49:10.252 | INFO     | csq:train:275 - [iter:18/50][code_length:256][zs_mAP:0.43524][zs_mAP_all:0.20547]
2024-09-06 05:49:25.871 | INFO     | csq:train:199 - [epoch:1/3][loss:0.688275]
2024-09-06 05:49:40.698 | INFO     | csq:train:199 - [epoch:2/3][loss:0.685582]
2024-09-06 05:49:55.780 | INFO     | csq:train:199 - [epoch:3/3][loss:0.683320]
2024-09-06 05:49:55.781 | INFO     | csq:train:202 - [iter:19/50][iter_time:45.53]
2024-09-06 05:51:12.200 | INFO     | csq:train:274 - [iter:19/50][code_length:256][mAP:0.37354][mAP_all:0.33803][best_mAP:0.37354]
2024-09-06 05:51:12.201 | INFO     | csq:train:275 - [iter:19/50][code_length:256][zs_mAP:0.44633][zs_mAP_all:0.21163]
2024-09-06 05:51:26.515 | INFO     | csq:train:199 - [epoch:1/3][loss:0.678698]
2024-09-06 05:51:40.241 | INFO     | csq:train:199 - [epoch:2/3][loss:0.677841]
2024-09-06 05:51:54.837 | INFO     | csq:train:199 - [epoch:3/3][loss:0.673783]
2024-09-06 05:51:54.837 | INFO     | csq:train:202 - [iter:20/50][iter_time:42.64]
2024-09-06 05:53:12.188 | INFO     | csq:train:274 - [iter:20/50][code_length:256][mAP:0.38695][mAP_all:0.35080][best_mAP:0.38695]
2024-09-06 05:53:12.188 | INFO     | csq:train:275 - [iter:20/50][code_length:256][zs_mAP:0.45097][zs_mAP_all:0.21602]
2024-09-06 05:53:26.697 | INFO     | csq:train:199 - [epoch:1/3][loss:0.676296]
2024-09-06 05:53:42.614 | INFO     | csq:train:199 - [epoch:2/3][loss:0.671688]
2024-09-06 05:53:58.906 | INFO     | csq:train:199 - [epoch:3/3][loss:0.666938]
2024-09-06 05:53:58.907 | INFO     | csq:train:202 - [iter:21/50][iter_time:46.72]
2024-09-06 05:55:15.533 | INFO     | csq:train:274 - [iter:21/50][code_length:256][mAP:0.40101][mAP_all:0.36439][best_mAP:0.40101]
2024-09-06 05:55:15.534 | INFO     | csq:train:275 - [iter:21/50][code_length:256][zs_mAP:0.45932][zs_mAP_all:0.21916]
2024-09-06 05:55:24.471 | INFO     | csq:train:199 - [epoch:1/3][loss:0.672955]
2024-09-06 05:55:33.454 | INFO     | csq:train:199 - [epoch:2/3][loss:0.667715]
2024-09-06 05:55:42.376 | INFO     | csq:train:199 - [epoch:3/3][loss:0.668576]
2024-09-06 05:55:42.376 | INFO     | csq:train:202 - [iter:22/50][iter_time:26.84]
2024-09-06 05:57:08.632 | INFO     | csq:train:274 - [iter:22/50][code_length:256][mAP:0.40868][mAP_all:0.37105][best_mAP:0.40868]
2024-09-06 05:57:08.633 | INFO     | csq:train:275 - [iter:22/50][code_length:256][zs_mAP:0.46040][zs_mAP_all:0.22015]
2024-09-06 05:57:17.480 | INFO     | csq:train:199 - [epoch:1/3][loss:0.666662]
2024-09-06 05:57:26.737 | INFO     | csq:train:199 - [epoch:2/3][loss:0.664234]
2024-09-06 05:57:35.634 | INFO     | csq:train:199 - [epoch:3/3][loss:0.663360]
2024-09-06 05:57:35.635 | INFO     | csq:train:202 - [iter:23/50][iter_time:27.00]
2024-09-06 05:59:03.791 | INFO     | csq:train:274 - [iter:23/50][code_length:256][mAP:0.41958][mAP_all:0.38206][best_mAP:0.41958]
2024-09-06 05:59:03.791 | INFO     | csq:train:275 - [iter:23/50][code_length:256][zs_mAP:0.46666][zs_mAP_all:0.22258]
2024-09-06 05:59:11.452 | INFO     | csq:train:199 - [epoch:1/3][loss:0.658002]
2024-09-06 05:59:19.193 | INFO     | csq:train:199 - [epoch:2/3][loss:0.656683]
2024-09-06 05:59:26.828 | INFO     | csq:train:199 - [epoch:3/3][loss:0.654434]
2024-09-06 05:59:26.828 | INFO     | csq:train:202 - [iter:24/50][iter_time:23.04]
2024-09-06 06:00:39.406 | INFO     | csq:train:274 - [iter:24/50][code_length:256][mAP:0.42973][mAP_all:0.39162][best_mAP:0.42973]
2024-09-06 06:00:39.406 | INFO     | csq:train:275 - [iter:24/50][code_length:256][zs_mAP:0.46992][zs_mAP_all:0.22265]
2024-09-06 06:00:55.560 | INFO     | csq:train:199 - [epoch:1/3][loss:0.653735]
2024-09-06 06:01:10.948 | INFO     | csq:train:199 - [epoch:2/3][loss:0.650857]
2024-09-06 06:01:25.536 | INFO     | csq:train:199 - [epoch:3/3][loss:0.648844]
2024-09-06 06:01:25.537 | INFO     | csq:train:202 - [iter:25/50][iter_time:46.13]
2024-09-06 06:02:42.591 | INFO     | csq:train:274 - [iter:25/50][code_length:256][mAP:0.44043][mAP_all:0.40187][best_mAP:0.44043]
2024-09-06 06:02:42.592 | INFO     | csq:train:275 - [iter:25/50][code_length:256][zs_mAP:0.47859][zs_mAP_all:0.22920]
2024-09-06 06:02:58.013 | INFO     | csq:train:199 - [epoch:1/3][loss:0.650186]
2024-09-06 06:03:13.282 | INFO     | csq:train:199 - [epoch:2/3][loss:0.646970]
2024-09-06 06:03:28.887 | INFO     | csq:train:199 - [epoch:3/3][loss:0.647825]
2024-09-06 06:03:28.887 | INFO     | csq:train:202 - [iter:26/50][iter_time:46.30]
2024-09-06 06:04:46.271 | INFO     | csq:train:274 - [iter:26/50][code_length:256][mAP:0.45244][mAP_all:0.41395][best_mAP:0.45244]
2024-09-06 06:04:46.272 | INFO     | csq:train:275 - [iter:26/50][code_length:256][zs_mAP:0.47842][zs_mAP_all:0.22815]
2024-09-06 06:05:01.644 | INFO     | csq:train:199 - [epoch:1/3][loss:0.651525]
2024-09-06 06:05:17.502 | INFO     | csq:train:199 - [epoch:2/3][loss:0.646816]
2024-09-06 06:05:33.036 | INFO     | csq:train:199 - [epoch:3/3][loss:0.644114]
2024-09-06 06:05:33.037 | INFO     | csq:train:202 - [iter:27/50][iter_time:46.76]
2024-09-06 06:06:50.737 | INFO     | csq:train:274 - [iter:27/50][code_length:256][mAP:0.46174][mAP_all:0.42197][best_mAP:0.46174]
2024-09-06 06:06:50.738 | INFO     | csq:train:275 - [iter:27/50][code_length:256][zs_mAP:0.48074][zs_mAP_all:0.22794]
2024-09-06 06:07:06.472 | INFO     | csq:train:199 - [epoch:1/3][loss:0.644430]
2024-09-06 06:07:22.598 | INFO     | csq:train:199 - [epoch:2/3][loss:0.642019]
2024-09-06 06:07:38.551 | INFO     | csq:train:199 - [epoch:3/3][loss:0.639525]
2024-09-06 06:07:38.551 | INFO     | csq:train:202 - [iter:28/50][iter_time:47.81]
2024-09-06 06:08:55.609 | INFO     | csq:train:274 - [iter:28/50][code_length:256][mAP:0.47251][mAP_all:0.43262][best_mAP:0.47251]
2024-09-06 06:08:55.610 | INFO     | csq:train:275 - [iter:28/50][code_length:256][zs_mAP:0.48342][zs_mAP_all:0.23177]
2024-09-06 06:09:10.799 | INFO     | csq:train:199 - [epoch:1/3][loss:0.637274]
2024-09-06 06:09:26.453 | INFO     | csq:train:199 - [epoch:2/3][loss:0.636960]
2024-09-06 06:09:41.392 | INFO     | csq:train:199 - [epoch:3/3][loss:0.635546]
2024-09-06 06:09:41.392 | INFO     | csq:train:202 - [iter:29/50][iter_time:45.78]
2024-09-06 06:10:58.318 | INFO     | csq:train:274 - [iter:29/50][code_length:256][mAP:0.48142][mAP_all:0.44082][best_mAP:0.48142]
2024-09-06 06:10:58.319 | INFO     | csq:train:275 - [iter:29/50][code_length:256][zs_mAP:0.48708][zs_mAP_all:0.23079]
2024-09-06 06:11:14.690 | INFO     | csq:train:199 - [epoch:1/3][loss:0.631758]
2024-09-06 06:11:30.586 | INFO     | csq:train:199 - [epoch:2/3][loss:0.629575]
2024-09-06 06:11:46.644 | INFO     | csq:train:199 - [epoch:3/3][loss:0.623757]
2024-09-06 06:11:46.644 | INFO     | csq:train:202 - [iter:30/50][iter_time:48.32]
2024-09-06 06:13:04.913 | INFO     | csq:train:274 - [iter:30/50][code_length:256][mAP:0.49143][mAP_all:0.45043][best_mAP:0.49143]
2024-09-06 06:13:04.913 | INFO     | csq:train:275 - [iter:30/50][code_length:256][zs_mAP:0.48858][zs_mAP_all:0.23467]
2024-09-06 06:13:21.087 | INFO     | csq:train:199 - [epoch:1/3][loss:0.631348]
2024-09-06 06:13:36.079 | INFO     | csq:train:199 - [epoch:2/3][loss:0.627039]
2024-09-06 06:13:51.832 | INFO     | csq:train:199 - [epoch:3/3][loss:0.623551]
2024-09-06 06:13:51.832 | INFO     | csq:train:202 - [iter:31/50][iter_time:46.92]
2024-09-06 06:15:08.868 | INFO     | csq:train:274 - [iter:31/50][code_length:256][mAP:0.49860][mAP_all:0.45649][best_mAP:0.49860]
2024-09-06 06:15:08.868 | INFO     | csq:train:275 - [iter:31/50][code_length:256][zs_mAP:0.49012][zs_mAP_all:0.23457]
2024-09-06 06:15:24.489 | INFO     | csq:train:199 - [epoch:1/3][loss:0.627979]
2024-09-06 06:15:41.532 | INFO     | csq:train:199 - [epoch:2/3][loss:0.625655]
2024-09-06 06:15:57.339 | INFO     | csq:train:199 - [epoch:3/3][loss:0.622529]
2024-09-06 06:15:57.340 | INFO     | csq:train:202 - [iter:32/50][iter_time:48.47]
2024-09-06 06:17:14.594 | INFO     | csq:train:274 - [iter:32/50][code_length:256][mAP:0.50974][mAP_all:0.46803][best_mAP:0.50974]
2024-09-06 06:17:14.595 | INFO     | csq:train:275 - [iter:32/50][code_length:256][zs_mAP:0.49142][zs_mAP_all:0.23501]
2024-09-06 06:17:30.681 | INFO     | csq:train:199 - [epoch:1/3][loss:0.625417]
2024-09-06 06:17:45.353 | INFO     | csq:train:199 - [epoch:2/3][loss:0.622303]
2024-09-06 06:18:00.409 | INFO     | csq:train:199 - [epoch:3/3][loss:0.619063]
2024-09-06 06:18:00.409 | INFO     | csq:train:202 - [iter:33/50][iter_time:45.81]
2024-09-06 06:19:22.592 | INFO     | csq:train:274 - [iter:33/50][code_length:256][mAP:0.51565][mAP_all:0.47317][best_mAP:0.51565]
2024-09-06 06:19:22.593 | INFO     | csq:train:275 - [iter:33/50][code_length:256][zs_mAP:0.48991][zs_mAP_all:0.23521]
2024-09-06 06:19:32.160 | INFO     | csq:train:199 - [epoch:1/3][loss:0.614992]
2024-09-06 06:19:41.381 | INFO     | csq:train:199 - [epoch:2/3][loss:0.615370]
2024-09-06 06:19:50.786 | INFO     | csq:train:199 - [epoch:3/3][loss:0.609108]
2024-09-06 06:19:50.787 | INFO     | csq:train:202 - [iter:34/50][iter_time:28.19]
2024-09-06 06:21:11.590 | INFO     | csq:train:274 - [iter:34/50][code_length:256][mAP:0.51752][mAP_all:0.47582][best_mAP:0.51752]
2024-09-06 06:21:11.591 | INFO     | csq:train:275 - [iter:34/50][code_length:256][zs_mAP:0.48542][zs_mAP_all:0.23021]
2024-09-06 06:21:25.554 | INFO     | csq:train:199 - [epoch:1/3][loss:0.613295]
2024-09-06 06:21:41.814 | INFO     | csq:train:199 - [epoch:2/3][loss:0.607167]
2024-09-06 06:21:56.938 | INFO     | csq:train:199 - [epoch:3/3][loss:0.607029]
2024-09-06 06:21:56.939 | INFO     | csq:train:202 - [iter:35/50][iter_time:45.35]
2024-09-06 06:23:12.596 | INFO     | csq:train:274 - [iter:35/50][code_length:256][mAP:0.52775][mAP_all:0.48432][best_mAP:0.52775]
2024-09-06 06:23:12.597 | INFO     | csq:train:275 - [iter:35/50][code_length:256][zs_mAP:0.48979][zs_mAP_all:0.23444]
2024-09-06 06:23:28.472 | INFO     | csq:train:199 - [epoch:1/3][loss:0.611171]
2024-09-06 06:23:43.240 | INFO     | csq:train:199 - [epoch:2/3][loss:0.608246]
2024-09-06 06:23:59.502 | INFO     | csq:train:199 - [epoch:3/3][loss:0.606295]
2024-09-06 06:23:59.502 | INFO     | csq:train:202 - [iter:36/50][iter_time:46.91]
2024-09-06 06:25:16.116 | INFO     | csq:train:274 - [iter:36/50][code_length:256][mAP:0.53010][mAP_all:0.48761][best_mAP:0.53010]
2024-09-06 06:25:16.116 | INFO     | csq:train:275 - [iter:36/50][code_length:256][zs_mAP:0.48884][zs_mAP_all:0.22922]
2024-09-06 06:25:31.684 | INFO     | csq:train:199 - [epoch:1/3][loss:0.610716]
2024-09-06 06:25:46.629 | INFO     | csq:train:199 - [epoch:2/3][loss:0.605649]
2024-09-06 06:26:02.561 | INFO     | csq:train:199 - [epoch:3/3][loss:0.604320]
2024-09-06 06:26:02.561 | INFO     | csq:train:202 - [iter:37/50][iter_time:46.44]
2024-09-06 06:27:19.269 | INFO     | csq:train:274 - [iter:37/50][code_length:256][mAP:0.54293][mAP_all:0.49929][best_mAP:0.54293]
2024-09-06 06:27:19.269 | INFO     | csq:train:275 - [iter:37/50][code_length:256][zs_mAP:0.49621][zs_mAP_all:0.23593]
2024-09-06 06:27:34.030 | INFO     | csq:train:199 - [epoch:1/3][loss:0.603075]
2024-09-06 06:27:49.582 | INFO     | csq:train:199 - [epoch:2/3][loss:0.598296]
2024-09-06 06:28:06.294 | INFO     | csq:train:199 - [epoch:3/3][loss:0.598906]
2024-09-06 06:28:06.295 | INFO     | csq:train:202 - [iter:38/50][iter_time:47.03]
2024-09-06 06:29:23.228 | INFO     | csq:train:274 - [iter:38/50][code_length:256][mAP:0.54930][mAP_all:0.50520][best_mAP:0.54930]
2024-09-06 06:29:23.229 | INFO     | csq:train:275 - [iter:38/50][code_length:256][zs_mAP:0.49720][zs_mAP_all:0.23339]
2024-09-06 06:29:37.542 | INFO     | csq:train:199 - [epoch:1/3][loss:0.596995]
2024-09-06 06:29:53.198 | INFO     | csq:train:199 - [epoch:2/3][loss:0.592100]
2024-09-06 06:30:08.098 | INFO     | csq:train:199 - [epoch:3/3][loss:0.588366]
2024-09-06 06:30:08.098 | INFO     | csq:train:202 - [iter:39/50][iter_time:44.87]
2024-09-06 06:31:25.628 | INFO     | csq:train:274 - [iter:39/50][code_length:256][mAP:0.55436][mAP_all:0.51069][best_mAP:0.55436]
2024-09-06 06:31:25.628 | INFO     | csq:train:275 - [iter:39/50][code_length:256][zs_mAP:0.49589][zs_mAP_all:0.23190]
2024-09-06 06:31:40.922 | INFO     | csq:train:199 - [epoch:1/3][loss:0.599498]
2024-09-06 06:31:55.570 | INFO     | csq:train:199 - [epoch:2/3][loss:0.592722]
2024-09-06 06:32:11.684 | INFO     | csq:train:199 - [epoch:3/3][loss:0.588312]
2024-09-06 06:32:11.685 | INFO     | csq:train:202 - [iter:40/50][iter_time:46.06]
2024-09-06 06:33:28.156 | INFO     | csq:train:274 - [iter:40/50][code_length:256][mAP:0.55914][mAP_all:0.51534][best_mAP:0.55914]
2024-09-06 06:33:28.156 | INFO     | csq:train:275 - [iter:40/50][code_length:256][zs_mAP:0.49342][zs_mAP_all:0.22762]
2024-09-06 06:33:42.974 | INFO     | csq:train:199 - [epoch:1/3][loss:0.595001]
2024-09-06 06:33:59.306 | INFO     | csq:train:199 - [epoch:2/3][loss:0.589959]
2024-09-06 06:34:15.436 | INFO     | csq:train:199 - [epoch:3/3][loss:0.585250]
2024-09-06 06:34:15.437 | INFO     | csq:train:202 - [iter:41/50][iter_time:47.28]
2024-09-06 06:35:32.995 | INFO     | csq:train:274 - [iter:41/50][code_length:256][mAP:0.56681][mAP_all:0.52204][best_mAP:0.56681]
2024-09-06 06:35:32.996 | INFO     | csq:train:275 - [iter:41/50][code_length:256][zs_mAP:0.49868][zs_mAP_all:0.23277]
2024-09-06 06:35:49.018 | INFO     | csq:train:199 - [epoch:1/3][loss:0.590094]
2024-09-06 06:36:03.894 | INFO     | csq:train:199 - [epoch:2/3][loss:0.587580]
2024-09-06 06:36:18.196 | INFO     | csq:train:199 - [epoch:3/3][loss:0.582214]
2024-09-06 06:36:18.196 | INFO     | csq:train:202 - [iter:42/50][iter_time:45.20]
2024-09-06 06:37:34.232 | INFO     | csq:train:274 - [iter:42/50][code_length:256][mAP:0.56670][mAP_all:0.52198][best_mAP:0.56681]
2024-09-06 06:37:34.232 | INFO     | csq:train:275 - [iter:42/50][code_length:256][zs_mAP:0.48916][zs_mAP_all:0.22793]
2024-09-06 06:37:50.627 | INFO     | csq:train:199 - [epoch:1/3][loss:0.583391]
2024-09-06 06:38:06.457 | INFO     | csq:train:199 - [epoch:2/3][loss:0.578659]
2024-09-06 06:38:21.625 | INFO     | csq:train:199 - [epoch:3/3][loss:0.573272]
2024-09-06 06:38:21.626 | INFO     | csq:train:202 - [iter:43/50][iter_time:47.39]
2024-09-06 06:39:38.364 | INFO     | csq:train:274 - [iter:43/50][code_length:256][mAP:0.57338][mAP_all:0.52901][best_mAP:0.57338]
2024-09-06 06:39:38.365 | INFO     | csq:train:275 - [iter:43/50][code_length:256][zs_mAP:0.48937][zs_mAP_all:0.22535]
2024-09-06 06:39:53.725 | INFO     | csq:train:199 - [epoch:1/3][loss:0.584127]
2024-09-06 06:40:08.641 | INFO     | csq:train:199 - [epoch:2/3][loss:0.578310]
2024-09-06 06:40:24.235 | INFO     | csq:train:199 - [epoch:3/3][loss:0.574876]
2024-09-06 06:40:24.236 | INFO     | csq:train:202 - [iter:44/50][iter_time:45.87]
2024-09-06 06:41:41.682 | INFO     | csq:train:274 - [iter:44/50][code_length:256][mAP:0.58151][mAP_all:0.53629][best_mAP:0.58151]
2024-09-06 06:41:41.683 | INFO     | csq:train:275 - [iter:44/50][code_length:256][zs_mAP:0.49777][zs_mAP_all:0.22828]
2024-09-06 06:41:56.141 | INFO     | csq:train:199 - [epoch:1/3][loss:0.572867]
2024-09-06 06:42:11.910 | INFO     | csq:train:199 - [epoch:2/3][loss:0.573062]
2024-09-06 06:42:28.010 | INFO     | csq:train:199 - [epoch:3/3][loss:0.567043]
2024-09-06 06:42:28.011 | INFO     | csq:train:202 - [iter:45/50][iter_time:46.33]
2024-09-06 06:43:45.559 | INFO     | csq:train:274 - [iter:45/50][code_length:256][mAP:0.58783][mAP_all:0.54251][best_mAP:0.58783]
2024-09-06 06:43:45.559 | INFO     | csq:train:275 - [iter:45/50][code_length:256][zs_mAP:0.49265][zs_mAP_all:0.22346]
2024-09-06 06:44:01.402 | INFO     | csq:train:199 - [epoch:1/3][loss:0.578976]
2024-09-06 06:44:16.732 | INFO     | csq:train:199 - [epoch:2/3][loss:0.579703]
2024-09-06 06:44:32.737 | INFO     | csq:train:199 - [epoch:3/3][loss:0.582315]
2024-09-06 06:44:32.737 | INFO     | csq:train:202 - [iter:46/50][iter_time:47.18]
2024-09-06 06:45:49.174 | INFO     | csq:train:274 - [iter:46/50][code_length:256][mAP:0.59054][mAP_all:0.54520][best_mAP:0.59054]
2024-09-06 06:45:49.175 | INFO     | csq:train:275 - [iter:46/50][code_length:256][zs_mAP:0.49332][zs_mAP_all:0.22407]
2024-09-06 06:46:05.320 | INFO     | csq:train:199 - [epoch:1/3][loss:0.580455]
2024-09-06 06:46:19.514 | INFO     | csq:train:199 - [epoch:2/3][loss:0.571514]
2024-09-06 06:46:34.624 | INFO     | csq:train:199 - [epoch:3/3][loss:0.571970]
2024-09-06 06:46:34.625 | INFO     | csq:train:202 - [iter:47/50][iter_time:45.45]
2024-09-06 06:47:51.754 | INFO     | csq:train:274 - [iter:47/50][code_length:256][mAP:0.59121][mAP_all:0.54613][best_mAP:0.59121]
2024-09-06 06:47:51.754 | INFO     | csq:train:275 - [iter:47/50][code_length:256][zs_mAP:0.49831][zs_mAP_all:0.22570]
2024-09-06 06:48:07.622 | INFO     | csq:train:199 - [epoch:1/3][loss:0.577265]
2024-09-06 06:48:22.978 | INFO     | csq:train:199 - [epoch:2/3][loss:0.575167]
2024-09-06 06:48:37.623 | INFO     | csq:train:199 - [epoch:3/3][loss:0.577974]
2024-09-06 06:48:37.623 | INFO     | csq:train:202 - [iter:48/50][iter_time:45.87]
2024-09-06 06:49:54.548 | INFO     | csq:train:274 - [iter:48/50][code_length:256][mAP:0.58935][mAP_all:0.54439][best_mAP:0.59121]
2024-09-06 06:49:54.549 | INFO     | csq:train:275 - [iter:48/50][code_length:256][zs_mAP:0.49128][zs_mAP_all:0.22131]
2024-09-06 06:50:09.409 | INFO     | csq:train:199 - [epoch:1/3][loss:0.578006]
2024-09-06 06:50:25.650 | INFO     | csq:train:199 - [epoch:2/3][loss:0.573557]
2024-09-06 06:50:41.139 | INFO     | csq:train:199 - [epoch:3/3][loss:0.571254]
2024-09-06 06:50:41.140 | INFO     | csq:train:202 - [iter:49/50][iter_time:46.59]
2024-09-06 06:51:58.705 | INFO     | csq:train:274 - [iter:49/50][code_length:256][mAP:0.59232][mAP_all:0.54692][best_mAP:0.59232]
2024-09-06 06:51:58.705 | INFO     | csq:train:275 - [iter:49/50][code_length:256][zs_mAP:0.49583][zs_mAP_all:0.22579]
2024-09-06 06:52:13.782 | INFO     | csq:train:199 - [epoch:1/3][loss:0.571757]
2024-09-06 06:52:28.638 | INFO     | csq:train:199 - [epoch:2/3][loss:0.569522]
2024-09-06 06:52:43.783 | INFO     | csq:train:199 - [epoch:3/3][loss:0.564788]
2024-09-06 06:52:43.783 | INFO     | csq:train:202 - [iter:50/50][iter_time:45.08]
2024-09-06 06:54:01.060 | INFO     | csq:train:274 - [iter:50/50][code_length:256][mAP:0.59271][mAP_all:0.54774][best_mAP:0.59271]
2024-09-06 06:54:01.061 | INFO     | csq:train:275 - [iter:50/50][code_length:256][zs_mAP:0.49537][zs_mAP_all:0.22377]
2024-09-06 06:54:01.061 | INFO     | csq:train:278 - [Training time:6104.76]
2024-09-06 06:54:01.063 | INFO     | __main__:run:138 - [code_length:256][map:0.5927][map_all:0.5477][zs_map:0.4954][zs_map_all:0.2238]
