2023-11-12 19:52:52.760 | SUCCESS  | __main__:run:50 - Namespace(align_step=50, arch='hashnet', batch_size=16, cauchy_gamma=20.0, code_length=[16, 32, 64], dataset='imagenetzs', device=device(type='cuda', index=1), epoch_change=11, gamma=200, gpu=1, info='imagenetzs-25-75-hashnet-11-12-16,32,64', lambd=0.1, lambd_ch=0.1, lambd_sp=0.1, lr=0.0003, lr_step=[45], margin=0.1, max_epoch=1, max_iter=50, momen=0.9, nesterov=False, net='ResNet', num_classes=75, num_query=1000, num_samples=9750, num_workers=2, num_zs=25, optim='SGD', pretrain=True, quan_loss=False, root='/2T/dataset/ImageNet/ILSVRC', save_ckpt='checkpoints/', step_continuation=15, topk=1000, val_freq=5, wd=0.0005)
2023-11-12 19:56:44.520 | INFO     | hashnet:train:131 - [iter:1/50][epoch:1/1][scale:1.000][loss:1.316507]
2023-11-12 19:56:44.521 | INFO     | hashnet:train:134 - [iter:1/50][iter_time:210.15]
2023-11-12 20:00:36.432 | INFO     | hashnet:train:131 - [iter:2/50][epoch:1/1][scale:1.414][loss:1.371177]
2023-11-12 20:00:36.432 | INFO     | hashnet:train:134 - [iter:2/50][iter_time:231.91]
2023-11-12 20:04:26.861 | INFO     | hashnet:train:131 - [iter:3/50][epoch:1/1][scale:1.732][loss:1.302776]
2023-11-12 20:04:26.862 | INFO     | hashnet:train:134 - [iter:3/50][iter_time:230.43]
2023-11-12 20:08:19.029 | INFO     | hashnet:train:131 - [iter:4/50][epoch:1/1][scale:2.000][loss:1.201894]
2023-11-12 20:08:19.029 | INFO     | hashnet:train:134 - [iter:4/50][iter_time:232.17]
2023-11-12 20:11:26.559 | INFO     | hashnet:train:131 - [iter:5/50][epoch:1/1][scale:2.236][loss:1.134074]
2023-11-12 20:11:26.560 | INFO     | hashnet:train:134 - [iter:5/50][iter_time:187.53]
2023-11-12 20:21:17.844 | INFO     | hashnet:train:209 - [iter:5/50][code_length:16][mAP:0.28967][mAP_all:0.28683][best_mAP:0.28967]
2023-11-12 20:21:17.844 | INFO     | hashnet:train:210 - [iter:5/50][code_length:16][zs_mAP:0.29724][zs_mAP_all:0.08929]
2023-11-12 20:24:20.211 | INFO     | hashnet:train:131 - [iter:6/50][epoch:1/1][scale:2.449][loss:1.102350]
2023-11-12 20:24:20.212 | INFO     | hashnet:train:134 - [iter:6/50][iter_time:182.37]
2023-11-12 20:28:45.082 | INFO     | hashnet:train:131 - [iter:7/50][epoch:1/1][scale:2.646][loss:1.081075]
2023-11-12 20:28:45.082 | INFO     | hashnet:train:134 - [iter:7/50][iter_time:264.87]
2023-11-12 20:32:47.067 | INFO     | hashnet:train:131 - [iter:8/50][epoch:1/1][scale:2.828][loss:1.066743]
2023-11-12 20:32:47.068 | INFO     | hashnet:train:134 - [iter:8/50][iter_time:241.99]
2023-11-12 20:36:43.749 | INFO     | hashnet:train:131 - [iter:9/50][epoch:1/1][scale:3.000][loss:1.056906]
2023-11-12 20:36:43.749 | INFO     | hashnet:train:134 - [iter:9/50][iter_time:236.68]
2023-11-12 20:39:22.366 | INFO     | hashnet:train:131 - [iter:10/50][epoch:1/1][scale:3.162][loss:1.048934]
2023-11-12 20:39:22.367 | INFO     | hashnet:train:134 - [iter:10/50][iter_time:158.62]
2023-11-12 20:49:13.092 | INFO     | hashnet:train:209 - [iter:10/50][code_length:16][mAP:0.34128][mAP_all:0.33795][best_mAP:0.34128]
2023-11-12 20:49:13.092 | INFO     | hashnet:train:210 - [iter:10/50][code_length:16][zs_mAP:0.29733][zs_mAP_all:0.10234]
2023-11-12 20:52:41.557 | INFO     | hashnet:train:131 - [iter:11/50][epoch:1/1][scale:3.317][loss:1.045298]
2023-11-12 20:52:41.558 | INFO     | hashnet:train:134 - [iter:11/50][iter_time:208.47]
2023-11-12 20:57:17.856 | INFO     | hashnet:train:131 - [iter:12/50][epoch:1/1][scale:3.464][loss:1.041630]
2023-11-12 20:57:17.857 | INFO     | hashnet:train:134 - [iter:12/50][iter_time:276.30]
2023-11-12 21:01:38.750 | INFO     | hashnet:train:131 - [iter:13/50][epoch:1/1][scale:3.606][loss:1.037576]
2023-11-12 21:01:38.751 | INFO     | hashnet:train:134 - [iter:13/50][iter_time:260.89]
2023-11-12 21:04:41.401 | INFO     | hashnet:train:131 - [iter:14/50][epoch:1/1][scale:3.742][loss:1.031707]
2023-11-12 21:04:41.402 | INFO     | hashnet:train:134 - [iter:14/50][iter_time:182.65]
2023-11-12 21:07:16.863 | INFO     | hashnet:train:131 - [iter:15/50][epoch:1/1][scale:3.873][loss:1.030067]
2023-11-12 21:07:16.864 | INFO     | hashnet:train:134 - [iter:15/50][iter_time:155.46]
2023-11-12 21:17:05.685 | INFO     | hashnet:train:209 - [iter:15/50][code_length:16][mAP:0.39137][mAP_all:0.38800][best_mAP:0.39137]
2023-11-12 21:17:05.686 | INFO     | hashnet:train:210 - [iter:15/50][code_length:16][zs_mAP:0.30263][zs_mAP_all:0.11391]
2023-11-12 21:20:58.120 | INFO     | hashnet:train:131 - [iter:16/50][epoch:1/1][scale:4.000][loss:1.027203]
2023-11-12 21:20:58.120 | INFO     | hashnet:train:134 - [iter:16/50][iter_time:232.43]
2023-11-12 21:25:17.473 | INFO     | hashnet:train:131 - [iter:17/50][epoch:1/1][scale:4.123][loss:1.021342]
2023-11-12 21:25:17.474 | INFO     | hashnet:train:134 - [iter:17/50][iter_time:259.35]
2023-11-12 21:28:53.440 | INFO     | hashnet:train:131 - [iter:18/50][epoch:1/1][scale:4.243][loss:1.019768]
2023-11-12 21:28:53.441 | INFO     | hashnet:train:134 - [iter:18/50][iter_time:215.97]
2023-11-12 21:31:29.503 | INFO     | hashnet:train:131 - [iter:19/50][epoch:1/1][scale:4.359][loss:1.019041]
2023-11-12 21:31:29.503 | INFO     | hashnet:train:134 - [iter:19/50][iter_time:156.06]
2023-11-12 21:34:04.066 | INFO     | hashnet:train:131 - [iter:20/50][epoch:1/1][scale:4.472][loss:1.018184]
2023-11-12 21:34:04.067 | INFO     | hashnet:train:134 - [iter:20/50][iter_time:154.56]
2023-11-12 21:44:13.869 | INFO     | hashnet:train:209 - [iter:20/50][code_length:16][mAP:0.42415][mAP_all:0.42077][best_mAP:0.42415]
2023-11-12 21:44:13.870 | INFO     | hashnet:train:210 - [iter:20/50][code_length:16][zs_mAP:0.31399][zs_mAP_all:0.14098]
2023-11-12 21:47:59.182 | INFO     | hashnet:train:131 - [iter:21/50][epoch:1/1][scale:4.583][loss:1.016673]
2023-11-12 21:47:59.183 | INFO     | hashnet:train:134 - [iter:21/50][iter_time:225.31]
2023-11-12 21:51:47.268 | INFO     | hashnet:train:131 - [iter:22/50][epoch:1/1][scale:4.690][loss:1.014370]
2023-11-12 21:51:47.268 | INFO     | hashnet:train:134 - [iter:22/50][iter_time:228.08]
2023-11-12 21:54:33.596 | INFO     | hashnet:train:131 - [iter:23/50][epoch:1/1][scale:4.796][loss:1.014400]
2023-11-12 21:54:33.597 | INFO     | hashnet:train:134 - [iter:23/50][iter_time:166.33]
2023-11-12 21:57:11.058 | INFO     | hashnet:train:131 - [iter:24/50][epoch:1/1][scale:4.899][loss:1.010310]
2023-11-12 21:57:11.059 | INFO     | hashnet:train:134 - [iter:24/50][iter_time:157.46]
2023-11-12 21:59:44.535 | INFO     | hashnet:train:131 - [iter:25/50][epoch:1/1][scale:5.000][loss:1.010174]
2023-11-12 21:59:44.536 | INFO     | hashnet:train:134 - [iter:25/50][iter_time:153.48]
2023-11-12 22:09:46.644 | INFO     | hashnet:train:209 - [iter:25/50][code_length:16][mAP:0.44350][mAP_all:0.43949][best_mAP:0.44350]
2023-11-12 22:09:46.645 | INFO     | hashnet:train:210 - [iter:25/50][code_length:16][zs_mAP:0.31606][zs_mAP_all:0.14896]
2023-11-12 22:14:06.534 | INFO     | hashnet:train:131 - [iter:26/50][epoch:1/1][scale:5.099][loss:1.006872]
2023-11-12 22:14:06.535 | INFO     | hashnet:train:134 - [iter:26/50][iter_time:259.89]
2023-11-12 22:17:13.000 | INFO     | hashnet:train:131 - [iter:27/50][epoch:1/1][scale:5.196][loss:1.004326]
2023-11-12 22:17:13.001 | INFO     | hashnet:train:134 - [iter:27/50][iter_time:186.47]
2023-11-12 22:19:49.059 | INFO     | hashnet:train:131 - [iter:28/50][epoch:1/1][scale:5.292][loss:1.003550]
2023-11-12 22:19:49.059 | INFO     | hashnet:train:134 - [iter:28/50][iter_time:156.06]
2023-11-12 22:22:21.844 | INFO     | hashnet:train:131 - [iter:29/50][epoch:1/1][scale:5.385][loss:1.000613]
2023-11-12 22:22:21.845 | INFO     | hashnet:train:134 - [iter:29/50][iter_time:152.79]
2023-11-12 22:24:56.881 | INFO     | hashnet:train:131 - [iter:30/50][epoch:1/1][scale:5.477][loss:1.000838]
2023-11-12 22:24:56.882 | INFO     | hashnet:train:134 - [iter:30/50][iter_time:155.04]
2023-11-12 22:34:54.549 | INFO     | hashnet:train:209 - [iter:30/50][code_length:16][mAP:0.45765][mAP_all:0.45274][best_mAP:0.45765]
2023-11-12 22:34:54.549 | INFO     | hashnet:train:210 - [iter:30/50][code_length:16][zs_mAP:0.32495][zs_mAP_all:0.16026]
2023-11-12 22:38:05.511 | INFO     | hashnet:train:131 - [iter:31/50][epoch:1/1][scale:5.568][loss:1.001214]
2023-11-12 22:38:05.512 | INFO     | hashnet:train:134 - [iter:31/50][iter_time:190.96]
2023-11-12 22:40:40.515 | INFO     | hashnet:train:131 - [iter:32/50][epoch:1/1][scale:5.657][loss:1.001622]
2023-11-12 22:40:40.516 | INFO     | hashnet:train:134 - [iter:32/50][iter_time:155.00]
2023-11-12 22:43:17.785 | INFO     | hashnet:train:131 - [iter:33/50][epoch:1/1][scale:5.745][loss:0.999666]
2023-11-12 22:43:17.786 | INFO     | hashnet:train:134 - [iter:33/50][iter_time:157.27]
2023-11-12 22:45:57.711 | INFO     | hashnet:train:131 - [iter:34/50][epoch:1/1][scale:5.831][loss:0.998680]
2023-11-12 22:45:57.711 | INFO     | hashnet:train:134 - [iter:34/50][iter_time:159.92]
2023-11-12 22:49:03.403 | INFO     | hashnet:train:131 - [iter:35/50][epoch:1/1][scale:5.916][loss:0.995798]
2023-11-12 22:49:03.404 | INFO     | hashnet:train:134 - [iter:35/50][iter_time:185.69]
2023-11-12 22:58:43.300 | INFO     | hashnet:train:209 - [iter:35/50][code_length:16][mAP:0.47346][mAP_all:0.46935][best_mAP:0.47346]
2023-11-12 22:58:43.301 | INFO     | hashnet:train:210 - [iter:35/50][code_length:16][zs_mAP:0.34195][zs_mAP_all:0.17301]
2023-11-12 23:02:02.463 | INFO     | hashnet:train:131 - [iter:36/50][epoch:1/1][scale:6.000][loss:0.994843]
2023-11-12 23:02:02.463 | INFO     | hashnet:train:134 - [iter:36/50][iter_time:199.16]
2023-11-12 23:11:49.241 | INFO     | hashnet:train:209 - [iter:36/50][code_length:16][mAP:0.47927][mAP_all:0.47535][best_mAP:0.47927]
2023-11-12 23:11:49.241 | INFO     | hashnet:train:210 - [iter:36/50][code_length:16][zs_mAP:0.34036][zs_mAP_all:0.17402]
2023-11-12 23:15:10.737 | INFO     | hashnet:train:131 - [iter:37/50][epoch:1/1][scale:6.083][loss:0.994551]
2023-11-12 23:15:10.738 | INFO     | hashnet:train:134 - [iter:37/50][iter_time:201.50]
2023-11-12 23:24:52.553 | INFO     | hashnet:train:209 - [iter:37/50][code_length:16][mAP:0.48203][mAP_all:0.47781][best_mAP:0.48203]
2023-11-12 23:24:52.554 | INFO     | hashnet:train:210 - [iter:37/50][code_length:16][zs_mAP:0.33154][zs_mAP_all:0.16740]
2023-11-12 23:28:14.238 | INFO     | hashnet:train:131 - [iter:38/50][epoch:1/1][scale:6.164][loss:0.991593]
2023-11-12 23:28:14.239 | INFO     | hashnet:train:134 - [iter:38/50][iter_time:201.69]
2023-11-12 23:38:10.308 | INFO     | hashnet:train:209 - [iter:38/50][code_length:16][mAP:0.48525][mAP_all:0.48104][best_mAP:0.48525]
2023-11-12 23:38:10.308 | INFO     | hashnet:train:210 - [iter:38/50][code_length:16][zs_mAP:0.33408][zs_mAP_all:0.17043]
2023-11-12 23:41:42.156 | INFO     | hashnet:train:131 - [iter:39/50][epoch:1/1][scale:6.245][loss:0.992566]
2023-11-12 23:41:42.156 | INFO     | hashnet:train:134 - [iter:39/50][iter_time:211.85]
2023-11-12 23:51:31.220 | INFO     | hashnet:train:209 - [iter:39/50][code_length:16][mAP:0.48828][mAP_all:0.48421][best_mAP:0.48828]
2023-11-12 23:51:31.221 | INFO     | hashnet:train:210 - [iter:39/50][code_length:16][zs_mAP:0.34399][zs_mAP_all:0.17462]
2023-11-12 23:54:53.955 | INFO     | hashnet:train:131 - [iter:40/50][epoch:1/1][scale:6.325][loss:0.991966]
2023-11-12 23:54:53.955 | INFO     | hashnet:train:134 - [iter:40/50][iter_time:202.73]
2023-11-13 00:04:50.496 | INFO     | hashnet:train:209 - [iter:40/50][code_length:16][mAP:0.48838][mAP_all:0.48459][best_mAP:0.48838]
2023-11-13 00:04:50.496 | INFO     | hashnet:train:210 - [iter:40/50][code_length:16][zs_mAP:0.33939][zs_mAP_all:0.17982]
2023-11-13 00:08:22.785 | INFO     | hashnet:train:131 - [iter:41/50][epoch:1/1][scale:6.403][loss:0.992182]
2023-11-13 00:08:22.787 | INFO     | hashnet:train:134 - [iter:41/50][iter_time:212.29]
2023-11-13 00:18:16.554 | INFO     | hashnet:train:209 - [iter:41/50][code_length:16][mAP:0.49028][mAP_all:0.48615][best_mAP:0.49028]
2023-11-13 00:18:16.555 | INFO     | hashnet:train:210 - [iter:41/50][code_length:16][zs_mAP:0.33476][zs_mAP_all:0.17899]
2023-11-13 00:21:55.129 | INFO     | hashnet:train:131 - [iter:42/50][epoch:1/1][scale:6.481][loss:0.991466]
2023-11-13 00:21:55.130 | INFO     | hashnet:train:134 - [iter:42/50][iter_time:218.57]
2023-11-13 00:31:43.676 | INFO     | hashnet:train:209 - [iter:42/50][code_length:16][mAP:0.49442][mAP_all:0.49050][best_mAP:0.49442]
2023-11-13 00:31:43.677 | INFO     | hashnet:train:210 - [iter:42/50][code_length:16][zs_mAP:0.33649][zs_mAP_all:0.17508]
2023-11-13 00:35:10.179 | INFO     | hashnet:train:131 - [iter:43/50][epoch:1/1][scale:6.557][loss:0.990101]
2023-11-13 00:35:10.180 | INFO     | hashnet:train:134 - [iter:43/50][iter_time:206.50]
2023-11-13 00:45:04.922 | INFO     | hashnet:train:209 - [iter:43/50][code_length:16][mAP:0.49900][mAP_all:0.49500][best_mAP:0.49900]
2023-11-13 00:45:04.923 | INFO     | hashnet:train:210 - [iter:43/50][code_length:16][zs_mAP:0.33329][zs_mAP_all:0.17126]
2023-11-13 00:48:30.504 | INFO     | hashnet:train:131 - [iter:44/50][epoch:1/1][scale:6.633][loss:0.990056]
2023-11-13 00:48:30.505 | INFO     | hashnet:train:134 - [iter:44/50][iter_time:205.58]
2023-11-13 00:58:27.716 | INFO     | hashnet:train:209 - [iter:44/50][code_length:16][mAP:0.50042][mAP_all:0.49686][best_mAP:0.50042]
2023-11-13 00:58:27.717 | INFO     | hashnet:train:210 - [iter:44/50][code_length:16][zs_mAP:0.32336][zs_mAP_all:0.17119]
2023-11-13 01:01:55.300 | INFO     | hashnet:train:131 - [iter:45/50][epoch:1/1][scale:6.708][loss:0.988760]
2023-11-13 01:01:55.301 | INFO     | hashnet:train:134 - [iter:45/50][iter_time:207.58]
2023-11-13 01:11:39.261 | INFO     | hashnet:train:209 - [iter:45/50][code_length:16][mAP:0.50314][mAP_all:0.49903][best_mAP:0.50314]
2023-11-13 01:11:39.262 | INFO     | hashnet:train:210 - [iter:45/50][code_length:16][zs_mAP:0.33577][zs_mAP_all:0.17259]
2023-11-13 01:15:13.865 | INFO     | hashnet:train:131 - [iter:46/50][epoch:1/1][scale:6.782][loss:0.987634]
2023-11-13 01:15:13.866 | INFO     | hashnet:train:134 - [iter:46/50][iter_time:214.60]
2023-11-13 01:24:59.467 | INFO     | hashnet:train:209 - [iter:46/50][code_length:16][mAP:0.50401][mAP_all:0.49999][best_mAP:0.50401]
2023-11-13 01:24:59.468 | INFO     | hashnet:train:210 - [iter:46/50][code_length:16][zs_mAP:0.33490][zs_mAP_all:0.17487]
2023-11-13 01:28:46.700 | INFO     | hashnet:train:131 - [iter:47/50][epoch:1/1][scale:6.856][loss:0.988726]
2023-11-13 01:28:46.701 | INFO     | hashnet:train:134 - [iter:47/50][iter_time:227.23]
2023-11-13 01:38:27.453 | INFO     | hashnet:train:209 - [iter:47/50][code_length:16][mAP:0.50732][mAP_all:0.50320][best_mAP:0.50732]
2023-11-13 01:38:27.453 | INFO     | hashnet:train:210 - [iter:47/50][code_length:16][zs_mAP:0.33356][zs_mAP_all:0.16898]
2023-11-13 01:42:03.394 | INFO     | hashnet:train:131 - [iter:48/50][epoch:1/1][scale:6.928][loss:0.986867]
2023-11-13 01:42:03.394 | INFO     | hashnet:train:134 - [iter:48/50][iter_time:215.94]
2023-11-13 01:51:58.022 | INFO     | hashnet:train:209 - [iter:48/50][code_length:16][mAP:0.50645][mAP_all:0.50190][best_mAP:0.50732]
2023-11-13 01:51:58.022 | INFO     | hashnet:train:210 - [iter:48/50][code_length:16][zs_mAP:0.33749][zs_mAP_all:0.17561]
2023-11-13 01:55:26.257 | INFO     | hashnet:train:131 - [iter:49/50][epoch:1/1][scale:7.000][loss:0.987027]
2023-11-13 01:55:26.257 | INFO     | hashnet:train:134 - [iter:49/50][iter_time:208.23]
2023-11-13 02:05:22.094 | INFO     | hashnet:train:209 - [iter:49/50][code_length:16][mAP:0.50976][mAP_all:0.50526][best_mAP:0.50976]
2023-11-13 02:05:22.095 | INFO     | hashnet:train:210 - [iter:49/50][code_length:16][zs_mAP:0.34034][zs_mAP_all:0.17741]
2023-11-13 02:08:46.480 | INFO     | hashnet:train:131 - [iter:50/50][epoch:1/1][scale:7.071][loss:0.987558]
2023-11-13 02:08:46.481 | INFO     | hashnet:train:134 - [iter:50/50][iter_time:204.39]
2023-11-13 02:19:07.720 | INFO     | hashnet:train:209 - [iter:50/50][code_length:16][mAP:0.50702][mAP_all:0.50301][best_mAP:0.50976]
2023-11-13 02:19:07.720 | INFO     | hashnet:train:210 - [iter:50/50][code_length:16][zs_mAP:0.33490][zs_mAP_all:0.17056]
2023-11-13 02:19:07.721 | INFO     | hashnet:train:212 - [Training time:23153.35]
2023-11-13 02:19:07.733 | INFO     | __main__:run:126 - [code_length:16][map:0.5098][map_all:0.5053][zs_map:0.3403][zs_map_all:0.1774]
2023-11-13 02:21:22.320 | INFO     | hashnet:train:131 - [iter:1/50][epoch:1/1][scale:1.000][loss:1.286660]
2023-11-13 02:21:22.321 | INFO     | hashnet:train:134 - [iter:1/50][iter_time:134.07]
2023-11-13 02:23:38.143 | INFO     | hashnet:train:131 - [iter:2/50][epoch:1/1][scale:1.414][loss:1.340059]
2023-11-13 02:23:38.144 | INFO     | hashnet:train:134 - [iter:2/50][iter_time:135.82]
2023-11-13 02:25:54.542 | INFO     | hashnet:train:131 - [iter:3/50][epoch:1/1][scale:1.732][loss:1.222411]
2023-11-13 02:25:54.543 | INFO     | hashnet:train:134 - [iter:3/50][iter_time:136.40]
2023-11-13 02:28:34.625 | INFO     | hashnet:train:131 - [iter:4/50][epoch:1/1][scale:2.000][loss:1.102586]
2023-11-13 02:28:34.626 | INFO     | hashnet:train:134 - [iter:4/50][iter_time:160.08]
2023-11-13 02:32:23.958 | INFO     | hashnet:train:131 - [iter:5/50][epoch:1/1][scale:2.236][loss:1.039477]
2023-11-13 02:32:23.958 | INFO     | hashnet:train:134 - [iter:5/50][iter_time:229.33]
2023-11-13 02:42:44.220 | INFO     | hashnet:train:209 - [iter:5/50][code_length:32][mAP:0.52206][mAP_all:0.50570][best_mAP:0.52206]
2023-11-13 02:42:44.220 | INFO     | hashnet:train:210 - [iter:5/50][code_length:32][zs_mAP:0.42594][zs_mAP_all:0.24832]
2023-11-13 02:44:53.398 | INFO     | hashnet:train:131 - [iter:6/50][epoch:1/1][scale:2.449][loss:1.004071]
2023-11-13 02:44:53.399 | INFO     | hashnet:train:134 - [iter:6/50][iter_time:129.18]
2023-11-13 02:47:08.665 | INFO     | hashnet:train:131 - [iter:7/50][epoch:1/1][scale:2.646][loss:0.983501]
2023-11-13 02:47:08.666 | INFO     | hashnet:train:134 - [iter:7/50][iter_time:135.27]
2023-11-13 02:49:24.287 | INFO     | hashnet:train:131 - [iter:8/50][epoch:1/1][scale:2.828][loss:0.967925]
2023-11-13 02:49:24.288 | INFO     | hashnet:train:134 - [iter:8/50][iter_time:135.62]
2023-11-13 02:52:30.742 | INFO     | hashnet:train:131 - [iter:9/50][epoch:1/1][scale:3.000][loss:0.955361]
2023-11-13 02:52:30.742 | INFO     | hashnet:train:134 - [iter:9/50][iter_time:186.45]
2023-11-13 02:56:38.657 | INFO     | hashnet:train:131 - [iter:10/50][epoch:1/1][scale:3.162][loss:0.945467]
2023-11-13 02:56:38.659 | INFO     | hashnet:train:134 - [iter:10/50][iter_time:247.92]
2023-11-13 03:06:54.866 | INFO     | hashnet:train:209 - [iter:10/50][code_length:32][mAP:0.63586][mAP_all:0.61731][best_mAP:0.63586]
2023-11-13 03:06:54.867 | INFO     | hashnet:train:210 - [iter:10/50][code_length:32][zs_mAP:0.45598][zs_mAP_all:0.26136]
2023-11-13 03:09:17.793 | INFO     | hashnet:train:131 - [iter:11/50][epoch:1/1][scale:3.317][loss:0.936853]
2023-11-13 03:09:17.794 | INFO     | hashnet:train:134 - [iter:11/50][iter_time:142.93]
2023-11-13 03:11:59.572 | INFO     | hashnet:train:131 - [iter:12/50][epoch:1/1][scale:3.464][loss:0.929848]
2023-11-13 03:11:59.573 | INFO     | hashnet:train:134 - [iter:12/50][iter_time:161.78]
2023-11-13 03:14:44.764 | INFO     | hashnet:train:131 - [iter:13/50][epoch:1/1][scale:3.606][loss:0.926405]
2023-11-13 03:14:44.764 | INFO     | hashnet:train:134 - [iter:13/50][iter_time:165.19]
2023-11-13 03:18:41.036 | INFO     | hashnet:train:131 - [iter:14/50][epoch:1/1][scale:3.742][loss:0.920276]
2023-11-13 03:18:41.037 | INFO     | hashnet:train:134 - [iter:14/50][iter_time:236.27]
2023-11-13 03:22:33.579 | INFO     | hashnet:train:131 - [iter:15/50][epoch:1/1][scale:3.873][loss:0.917464]
2023-11-13 03:22:33.580 | INFO     | hashnet:train:134 - [iter:15/50][iter_time:232.54]
2023-11-13 03:32:51.842 | INFO     | hashnet:train:209 - [iter:15/50][code_length:32][mAP:0.67512][mAP_all:0.65701][best_mAP:0.67512]
2023-11-13 03:32:51.843 | INFO     | hashnet:train:210 - [iter:15/50][code_length:32][zs_mAP:0.47688][zs_mAP_all:0.27580]
2023-11-13 03:35:01.707 | INFO     | hashnet:train:131 - [iter:16/50][epoch:1/1][scale:4.000][loss:0.912395]
2023-11-13 03:35:01.708 | INFO     | hashnet:train:134 - [iter:16/50][iter_time:129.87]
2023-11-13 03:37:18.538 | INFO     | hashnet:train:131 - [iter:17/50][epoch:1/1][scale:4.123][loss:0.909682]
2023-11-13 03:37:18.539 | INFO     | hashnet:train:134 - [iter:17/50][iter_time:136.83]
2023-11-13 03:40:03.455 | INFO     | hashnet:train:131 - [iter:18/50][epoch:1/1][scale:4.243][loss:0.906368]
2023-11-13 03:40:03.456 | INFO     | hashnet:train:134 - [iter:18/50][iter_time:164.92]
2023-11-13 03:44:22.785 | INFO     | hashnet:train:131 - [iter:19/50][epoch:1/1][scale:4.359][loss:0.904663]
2023-11-13 03:44:22.786 | INFO     | hashnet:train:134 - [iter:19/50][iter_time:259.33]
2023-11-13 03:48:16.923 | INFO     | hashnet:train:131 - [iter:20/50][epoch:1/1][scale:4.472][loss:0.901518]
2023-11-13 03:48:16.924 | INFO     | hashnet:train:134 - [iter:20/50][iter_time:234.14]
2023-11-13 03:58:33.212 | INFO     | hashnet:train:209 - [iter:20/50][code_length:32][mAP:0.69882][mAP_all:0.68199][best_mAP:0.69882]
2023-11-13 03:58:33.213 | INFO     | hashnet:train:210 - [iter:20/50][code_length:32][zs_mAP:0.48175][zs_mAP_all:0.28333]
2023-11-13 04:00:38.224 | INFO     | hashnet:train:131 - [iter:21/50][epoch:1/1][scale:4.583][loss:0.896652]
2023-11-13 04:00:38.225 | INFO     | hashnet:train:134 - [iter:21/50][iter_time:125.01]
2023-11-13 04:02:54.601 | INFO     | hashnet:train:131 - [iter:22/50][epoch:1/1][scale:4.690][loss:0.894348]
2023-11-13 04:02:54.602 | INFO     | hashnet:train:134 - [iter:22/50][iter_time:136.38]
2023-11-13 04:06:14.567 | INFO     | hashnet:train:131 - [iter:23/50][epoch:1/1][scale:4.796][loss:0.891474]
2023-11-13 04:06:14.568 | INFO     | hashnet:train:134 - [iter:23/50][iter_time:199.97]
2023-11-13 04:10:19.815 | INFO     | hashnet:train:131 - [iter:24/50][epoch:1/1][scale:4.899][loss:0.891371]
2023-11-13 04:10:19.816 | INFO     | hashnet:train:134 - [iter:24/50][iter_time:245.25]
2023-11-13 04:14:52.962 | INFO     | hashnet:train:131 - [iter:25/50][epoch:1/1][scale:5.000][loss:0.889432]
2023-11-13 04:14:52.963 | INFO     | hashnet:train:134 - [iter:25/50][iter_time:273.15]
2023-11-13 04:25:03.457 | INFO     | hashnet:train:209 - [iter:25/50][code_length:32][mAP:0.71891][mAP_all:0.70302][best_mAP:0.71891]
2023-11-13 04:25:03.457 | INFO     | hashnet:train:210 - [iter:25/50][code_length:32][zs_mAP:0.48760][zs_mAP_all:0.29116]
2023-11-13 04:27:38.568 | INFO     | hashnet:train:131 - [iter:26/50][epoch:1/1][scale:5.099][loss:0.889591]
2023-11-13 04:27:38.568 | INFO     | hashnet:train:134 - [iter:26/50][iter_time:155.11]
2023-11-13 04:30:30.582 | INFO     | hashnet:train:131 - [iter:27/50][epoch:1/1][scale:5.196][loss:0.886974]
2023-11-13 04:30:30.582 | INFO     | hashnet:train:134 - [iter:27/50][iter_time:172.01]
2023-11-13 04:34:38.811 | INFO     | hashnet:train:131 - [iter:28/50][epoch:1/1][scale:5.292][loss:0.885950]
2023-11-13 04:34:38.811 | INFO     | hashnet:train:134 - [iter:28/50][iter_time:248.23]
2023-11-13 04:39:05.017 | INFO     | hashnet:train:131 - [iter:29/50][epoch:1/1][scale:5.385][loss:0.884703]
2023-11-13 04:39:05.018 | INFO     | hashnet:train:134 - [iter:29/50][iter_time:266.21]
2023-11-13 04:43:31.911 | INFO     | hashnet:train:131 - [iter:30/50][epoch:1/1][scale:5.477][loss:0.883166]
2023-11-13 04:43:31.912 | INFO     | hashnet:train:134 - [iter:30/50][iter_time:266.89]
2023-11-13 04:53:17.334 | INFO     | hashnet:train:209 - [iter:30/50][code_length:32][mAP:0.73833][mAP_all:0.72276][best_mAP:0.73833]
2023-11-13 04:53:17.334 | INFO     | hashnet:train:210 - [iter:30/50][code_length:32][zs_mAP:0.48146][zs_mAP_all:0.28580]
2023-11-13 04:55:47.232 | INFO     | hashnet:train:131 - [iter:31/50][epoch:1/1][scale:5.568][loss:0.879854]
2023-11-13 04:55:47.233 | INFO     | hashnet:train:134 - [iter:31/50][iter_time:149.90]
2023-11-13 04:59:43.301 | INFO     | hashnet:train:131 - [iter:32/50][epoch:1/1][scale:5.657][loss:0.880498]
2023-11-13 04:59:43.302 | INFO     | hashnet:train:134 - [iter:32/50][iter_time:236.07]
2023-11-13 05:02:20.360 | INFO     | hashnet:train:131 - [iter:33/50][epoch:1/1][scale:5.745][loss:0.879355]
2023-11-13 05:02:20.361 | INFO     | hashnet:train:134 - [iter:33/50][iter_time:157.06]
2023-11-13 05:04:51.708 | INFO     | hashnet:train:131 - [iter:34/50][epoch:1/1][scale:5.831][loss:0.878377]
2023-11-13 05:04:51.709 | INFO     | hashnet:train:134 - [iter:34/50][iter_time:151.35]
2023-11-13 05:07:22.968 | INFO     | hashnet:train:131 - [iter:35/50][epoch:1/1][scale:5.916][loss:0.877259]
2023-11-13 05:07:22.968 | INFO     | hashnet:train:134 - [iter:35/50][iter_time:151.26]
2023-11-13 05:17:06.580 | INFO     | hashnet:train:209 - [iter:35/50][code_length:32][mAP:0.74926][mAP_all:0.73461][best_mAP:0.74926]
2023-11-13 05:17:06.581 | INFO     | hashnet:train:210 - [iter:35/50][code_length:32][zs_mAP:0.48164][zs_mAP_all:0.29225]
2023-11-13 05:19:20.577 | INFO     | hashnet:train:131 - [iter:36/50][epoch:1/1][scale:6.000][loss:0.876001]
2023-11-13 05:19:20.577 | INFO     | hashnet:train:134 - [iter:36/50][iter_time:134.00]
2023-11-13 05:29:04.125 | INFO     | hashnet:train:209 - [iter:36/50][code_length:32][mAP:0.74302][mAP_all:0.72912][best_mAP:0.74926]
2023-11-13 05:29:04.126 | INFO     | hashnet:train:210 - [iter:36/50][code_length:32][zs_mAP:0.47801][zs_mAP_all:0.28759]
2023-11-13 05:31:15.621 | INFO     | hashnet:train:131 - [iter:37/50][epoch:1/1][scale:6.083][loss:0.874040]
2023-11-13 05:31:15.622 | INFO     | hashnet:train:134 - [iter:37/50][iter_time:131.50]
2023-11-13 05:41:05.720 | INFO     | hashnet:train:209 - [iter:37/50][code_length:32][mAP:0.74533][mAP_all:0.73104][best_mAP:0.74926]
2023-11-13 05:41:05.720 | INFO     | hashnet:train:210 - [iter:37/50][code_length:32][zs_mAP:0.48317][zs_mAP_all:0.29760]
2023-11-13 05:43:17.708 | INFO     | hashnet:train:131 - [iter:38/50][epoch:1/1][scale:6.164][loss:0.873126]
2023-11-13 05:43:17.708 | INFO     | hashnet:train:134 - [iter:38/50][iter_time:131.99]
2023-11-13 05:53:10.624 | INFO     | hashnet:train:209 - [iter:38/50][code_length:32][mAP:0.74640][mAP_all:0.73290][best_mAP:0.74926]
2023-11-13 05:53:10.625 | INFO     | hashnet:train:210 - [iter:38/50][code_length:32][zs_mAP:0.47929][zs_mAP_all:0.30302]
2023-11-13 05:55:26.240 | INFO     | hashnet:train:131 - [iter:39/50][epoch:1/1][scale:6.245][loss:0.872411]
2023-11-13 05:55:26.240 | INFO     | hashnet:train:134 - [iter:39/50][iter_time:135.62]
2023-11-13 06:05:15.832 | INFO     | hashnet:train:209 - [iter:39/50][code_length:32][mAP:0.75104][mAP_all:0.73818][best_mAP:0.75104]
2023-11-13 06:05:15.833 | INFO     | hashnet:train:210 - [iter:39/50][code_length:32][zs_mAP:0.47669][zs_mAP_all:0.29759]
2023-11-13 06:07:30.111 | INFO     | hashnet:train:131 - [iter:40/50][epoch:1/1][scale:6.325][loss:0.869814]
2023-11-13 06:07:30.112 | INFO     | hashnet:train:134 - [iter:40/50][iter_time:134.28]
2023-11-13 06:17:20.781 | INFO     | hashnet:train:209 - [iter:40/50][code_length:32][mAP:0.75202][mAP_all:0.73903][best_mAP:0.75202]
2023-11-13 06:17:20.782 | INFO     | hashnet:train:210 - [iter:40/50][code_length:32][zs_mAP:0.47344][zs_mAP_all:0.29634]
2023-11-13 06:19:34.368 | INFO     | hashnet:train:131 - [iter:41/50][epoch:1/1][scale:6.403][loss:0.871434]
2023-11-13 06:19:34.368 | INFO     | hashnet:train:134 - [iter:41/50][iter_time:133.59]
2023-11-13 06:29:19.921 | INFO     | hashnet:train:209 - [iter:41/50][code_length:32][mAP:0.75640][mAP_all:0.74298][best_mAP:0.75640]
2023-11-13 06:29:19.922 | INFO     | hashnet:train:210 - [iter:41/50][code_length:32][zs_mAP:0.46998][zs_mAP_all:0.29231]
2023-11-13 06:31:34.902 | INFO     | hashnet:train:131 - [iter:42/50][epoch:1/1][scale:6.481][loss:0.869978]
2023-11-13 06:31:34.903 | INFO     | hashnet:train:134 - [iter:42/50][iter_time:134.98]
2023-11-13 06:41:29.772 | INFO     | hashnet:train:209 - [iter:42/50][code_length:32][mAP:0.75073][mAP_all:0.73860][best_mAP:0.75640]
2023-11-13 06:41:29.772 | INFO     | hashnet:train:210 - [iter:42/50][code_length:32][zs_mAP:0.47785][zs_mAP_all:0.29657]
2023-11-13 06:43:46.549 | INFO     | hashnet:train:131 - [iter:43/50][epoch:1/1][scale:6.557][loss:0.868718]
2023-11-13 06:43:46.549 | INFO     | hashnet:train:134 - [iter:43/50][iter_time:136.78]
2023-11-13 06:53:36.891 | INFO     | hashnet:train:209 - [iter:43/50][code_length:32][mAP:0.75434][mAP_all:0.74184][best_mAP:0.75640]
2023-11-13 06:53:36.892 | INFO     | hashnet:train:210 - [iter:43/50][code_length:32][zs_mAP:0.48275][zs_mAP_all:0.30095]
2023-11-13 06:55:52.977 | INFO     | hashnet:train:131 - [iter:44/50][epoch:1/1][scale:6.633][loss:0.868303]
2023-11-13 06:55:52.978 | INFO     | hashnet:train:134 - [iter:44/50][iter_time:136.09]
2023-11-13 07:05:50.028 | INFO     | hashnet:train:209 - [iter:44/50][code_length:32][mAP:0.76090][mAP_all:0.74817][best_mAP:0.76090]
2023-11-13 07:05:50.029 | INFO     | hashnet:train:210 - [iter:44/50][code_length:32][zs_mAP:0.47087][zs_mAP_all:0.30173]
2023-11-13 07:08:06.472 | INFO     | hashnet:train:131 - [iter:45/50][epoch:1/1][scale:6.708][loss:0.866153]
2023-11-13 07:08:06.472 | INFO     | hashnet:train:134 - [iter:45/50][iter_time:136.44]
2023-11-13 07:17:56.025 | INFO     | hashnet:train:209 - [iter:45/50][code_length:32][mAP:0.75985][mAP_all:0.74817][best_mAP:0.76090]
2023-11-13 07:17:56.025 | INFO     | hashnet:train:210 - [iter:45/50][code_length:32][zs_mAP:0.47451][zs_mAP_all:0.30199]
2023-11-13 07:20:20.940 | INFO     | hashnet:train:131 - [iter:46/50][epoch:1/1][scale:6.782][loss:0.865374]
2023-11-13 07:20:20.940 | INFO     | hashnet:train:134 - [iter:46/50][iter_time:144.91]
2023-11-13 07:30:06.917 | INFO     | hashnet:train:209 - [iter:46/50][code_length:32][mAP:0.75743][mAP_all:0.74519][best_mAP:0.76090]
2023-11-13 07:30:06.917 | INFO     | hashnet:train:210 - [iter:46/50][code_length:32][zs_mAP:0.46927][zs_mAP_all:0.29041]
2023-11-13 07:32:22.141 | INFO     | hashnet:train:131 - [iter:47/50][epoch:1/1][scale:6.856][loss:0.867021]
2023-11-13 07:32:22.142 | INFO     | hashnet:train:134 - [iter:47/50][iter_time:135.22]
2023-11-13 07:42:09.249 | INFO     | hashnet:train:209 - [iter:47/50][code_length:32][mAP:0.76327][mAP_all:0.75086][best_mAP:0.76327]
2023-11-13 07:42:09.250 | INFO     | hashnet:train:210 - [iter:47/50][code_length:32][zs_mAP:0.47908][zs_mAP_all:0.29995]
2023-11-13 07:44:25.642 | INFO     | hashnet:train:131 - [iter:48/50][epoch:1/1][scale:6.928][loss:0.868881]
2023-11-13 07:44:25.643 | INFO     | hashnet:train:134 - [iter:48/50][iter_time:136.39]
2023-11-13 07:54:08.642 | INFO     | hashnet:train:209 - [iter:48/50][code_length:32][mAP:0.75839][mAP_all:0.74643][best_mAP:0.76327]
2023-11-13 07:54:08.642 | INFO     | hashnet:train:210 - [iter:48/50][code_length:32][zs_mAP:0.47306][zs_mAP_all:0.29482]
2023-11-13 07:56:19.919 | INFO     | hashnet:train:131 - [iter:49/50][epoch:1/1][scale:7.000][loss:0.865065]
2023-11-13 07:56:19.919 | INFO     | hashnet:train:134 - [iter:49/50][iter_time:131.28]
2023-11-13 08:06:09.372 | INFO     | hashnet:train:209 - [iter:49/50][code_length:32][mAP:0.76057][mAP_all:0.74838][best_mAP:0.76327]
2023-11-13 08:06:09.372 | INFO     | hashnet:train:210 - [iter:49/50][code_length:32][zs_mAP:0.47570][zs_mAP_all:0.30089]
2023-11-13 08:08:55.893 | INFO     | hashnet:train:131 - [iter:50/50][epoch:1/1][scale:7.071][loss:0.863776]
2023-11-13 08:08:55.894 | INFO     | hashnet:train:134 - [iter:50/50][iter_time:166.52]
2023-11-13 08:18:54.523 | INFO     | hashnet:train:209 - [iter:50/50][code_length:32][mAP:0.75966][mAP_all:0.74735][best_mAP:0.76327]
2023-11-13 08:18:54.524 | INFO     | hashnet:train:210 - [iter:50/50][code_length:32][zs_mAP:0.46661][zs_mAP_all:0.29894]
2023-11-13 08:18:54.524 | INFO     | hashnet:train:212 - [Training time:21586.27]
2023-11-13 08:18:54.532 | INFO     | __main__:run:126 - [code_length:32][map:0.7633][map_all:0.7509][zs_map:0.4791][zs_map_all:0.3000]
2023-11-13 08:21:53.856 | INFO     | hashnet:train:131 - [iter:1/50][epoch:1/1][scale:1.000][loss:1.252735]
2023-11-13 08:21:53.857 | INFO     | hashnet:train:134 - [iter:1/50][iter_time:178.82]
2023-11-13 08:25:46.571 | INFO     | hashnet:train:131 - [iter:2/50][epoch:1/1][scale:1.414][loss:1.282417]
2023-11-13 08:25:46.572 | INFO     | hashnet:train:134 - [iter:2/50][iter_time:232.71]
2023-11-13 08:29:37.702 | INFO     | hashnet:train:131 - [iter:3/50][epoch:1/1][scale:1.732][loss:1.115205]
2023-11-13 08:29:37.703 | INFO     | hashnet:train:134 - [iter:3/50][iter_time:231.13]
2023-11-13 08:33:30.315 | INFO     | hashnet:train:131 - [iter:4/50][epoch:1/1][scale:2.000][loss:1.019335]
2023-11-13 08:33:30.316 | INFO     | hashnet:train:134 - [iter:4/50][iter_time:232.61]
2023-11-13 08:37:50.112 | INFO     | hashnet:train:131 - [iter:5/50][epoch:1/1][scale:2.236][loss:0.973288]
2023-11-13 08:37:50.113 | INFO     | hashnet:train:134 - [iter:5/50][iter_time:259.80]
2023-11-13 08:47:34.414 | INFO     | hashnet:train:209 - [iter:5/50][code_length:64][mAP:0.69354][mAP_all:0.67456][best_mAP:0.69354]
2023-11-13 08:47:34.415 | INFO     | hashnet:train:210 - [iter:5/50][code_length:64][zs_mAP:0.60730][zs_mAP_all:0.44093]
2023-11-13 08:50:23.526 | INFO     | hashnet:train:131 - [iter:6/50][epoch:1/1][scale:2.449][loss:0.945596]
2023-11-13 08:50:23.527 | INFO     | hashnet:train:134 - [iter:6/50][iter_time:169.11]
2023-11-13 08:54:39.137 | INFO     | hashnet:train:131 - [iter:7/50][epoch:1/1][scale:2.646][loss:0.925870]
2023-11-13 08:54:39.138 | INFO     | hashnet:train:134 - [iter:7/50][iter_time:255.61]
2023-11-13 08:58:58.161 | INFO     | hashnet:train:131 - [iter:8/50][epoch:1/1][scale:2.828][loss:0.909466]
2023-11-13 08:58:58.162 | INFO     | hashnet:train:134 - [iter:8/50][iter_time:259.02]
2023-11-13 09:03:03.785 | INFO     | hashnet:train:131 - [iter:9/50][epoch:1/1][scale:3.000][loss:0.898193]
2023-11-13 09:03:03.785 | INFO     | hashnet:train:134 - [iter:9/50][iter_time:245.62]
2023-11-13 09:07:00.265 | INFO     | hashnet:train:131 - [iter:10/50][epoch:1/1][scale:3.162][loss:0.887134]
2023-11-13 09:07:00.265 | INFO     | hashnet:train:134 - [iter:10/50][iter_time:236.48]
2023-11-13 09:16:44.281 | INFO     | hashnet:train:209 - [iter:10/50][code_length:64][mAP:0.78411][mAP_all:0.76549][best_mAP:0.78411]
2023-11-13 09:16:44.281 | INFO     | hashnet:train:210 - [iter:10/50][code_length:64][zs_mAP:0.61721][zs_mAP_all:0.45310]
2023-11-13 09:19:46.090 | INFO     | hashnet:train:131 - [iter:11/50][epoch:1/1][scale:3.317][loss:0.879066]
2023-11-13 09:19:46.090 | INFO     | hashnet:train:134 - [iter:11/50][iter_time:181.81]
2023-11-13 09:23:55.133 | INFO     | hashnet:train:131 - [iter:12/50][epoch:1/1][scale:3.464][loss:0.872377]
2023-11-13 09:23:55.133 | INFO     | hashnet:train:134 - [iter:12/50][iter_time:249.04]
2023-11-13 09:28:09.091 | INFO     | hashnet:train:131 - [iter:13/50][epoch:1/1][scale:3.606][loss:0.864672]
2023-11-13 09:28:09.092 | INFO     | hashnet:train:134 - [iter:13/50][iter_time:253.96]
2023-11-13 09:32:01.903 | INFO     | hashnet:train:131 - [iter:14/50][epoch:1/1][scale:3.742][loss:0.860366]
2023-11-13 09:32:01.905 | INFO     | hashnet:train:134 - [iter:14/50][iter_time:232.81]
2023-11-13 09:35:34.195 | INFO     | hashnet:train:131 - [iter:15/50][epoch:1/1][scale:3.873][loss:0.854862]
2023-11-13 09:35:34.196 | INFO     | hashnet:train:134 - [iter:15/50][iter_time:212.29]
2023-11-13 09:45:25.829 | INFO     | hashnet:train:209 - [iter:15/50][code_length:64][mAP:0.81505][mAP_all:0.79920][best_mAP:0.81505]
2023-11-13 09:45:25.830 | INFO     | hashnet:train:210 - [iter:15/50][code_length:64][zs_mAP:0.62111][zs_mAP_all:0.44636]
2023-11-13 09:48:22.380 | INFO     | hashnet:train:131 - [iter:16/50][epoch:1/1][scale:4.000][loss:0.852871]
2023-11-13 09:48:22.381 | INFO     | hashnet:train:134 - [iter:16/50][iter_time:176.55]
2023-11-13 09:52:43.698 | INFO     | hashnet:train:131 - [iter:17/50][epoch:1/1][scale:4.123][loss:0.847555]
2023-11-13 09:52:43.699 | INFO     | hashnet:train:134 - [iter:17/50][iter_time:261.32]
2023-11-13 09:56:52.861 | INFO     | hashnet:train:131 - [iter:18/50][epoch:1/1][scale:4.243][loss:0.842301]
2023-11-13 09:56:52.861 | INFO     | hashnet:train:134 - [iter:18/50][iter_time:249.16]
2023-11-13 10:00:56.959 | INFO     | hashnet:train:131 - [iter:19/50][epoch:1/1][scale:4.359][loss:0.840451]
2023-11-13 10:00:56.960 | INFO     | hashnet:train:134 - [iter:19/50][iter_time:244.10]
2023-11-13 10:04:01.953 | INFO     | hashnet:train:131 - [iter:20/50][epoch:1/1][scale:4.472][loss:0.837677]
2023-11-13 10:04:01.953 | INFO     | hashnet:train:134 - [iter:20/50][iter_time:184.99]
2023-11-13 10:13:47.297 | INFO     | hashnet:train:209 - [iter:20/50][code_length:64][mAP:0.83785][mAP_all:0.82339][best_mAP:0.83785]
2023-11-13 10:13:47.297 | INFO     | hashnet:train:210 - [iter:20/50][code_length:64][zs_mAP:0.63198][zs_mAP_all:0.44336]
2023-11-13 10:17:03.190 | INFO     | hashnet:train:131 - [iter:21/50][epoch:1/1][scale:4.583][loss:0.836258]
2023-11-13 10:17:03.191 | INFO     | hashnet:train:134 - [iter:21/50][iter_time:195.89]
2023-11-13 10:21:15.119 | INFO     | hashnet:train:131 - [iter:22/50][epoch:1/1][scale:4.690][loss:0.831605]
2023-11-13 10:21:15.120 | INFO     | hashnet:train:134 - [iter:22/50][iter_time:251.93]
2023-11-13 10:25:26.484 | INFO     | hashnet:train:131 - [iter:23/50][epoch:1/1][scale:4.796][loss:0.830068]
2023-11-13 10:25:26.484 | INFO     | hashnet:train:134 - [iter:23/50][iter_time:251.36]
2023-11-13 10:29:30.360 | INFO     | hashnet:train:131 - [iter:24/50][epoch:1/1][scale:4.899][loss:0.827403]
2023-11-13 10:29:30.361 | INFO     | hashnet:train:134 - [iter:24/50][iter_time:243.88]
2023-11-13 10:32:22.772 | INFO     | hashnet:train:131 - [iter:25/50][epoch:1/1][scale:5.000][loss:0.825323]
2023-11-13 10:32:22.773 | INFO     | hashnet:train:134 - [iter:25/50][iter_time:172.41]
2023-11-13 10:42:07.040 | INFO     | hashnet:train:209 - [iter:25/50][code_length:64][mAP:0.85277][mAP_all:0.83940][best_mAP:0.85277]
2023-11-13 10:42:07.041 | INFO     | hashnet:train:210 - [iter:25/50][code_length:64][zs_mAP:0.62976][zs_mAP_all:0.42889]
2023-11-13 10:45:27.173 | INFO     | hashnet:train:131 - [iter:26/50][epoch:1/1][scale:5.099][loss:0.824358]
2023-11-13 10:45:27.174 | INFO     | hashnet:train:134 - [iter:26/50][iter_time:200.13]
2023-11-13 10:49:38.209 | INFO     | hashnet:train:131 - [iter:27/50][epoch:1/1][scale:5.196][loss:0.822038]
2023-11-13 10:49:38.209 | INFO     | hashnet:train:134 - [iter:27/50][iter_time:251.04]
2023-11-13 10:53:47.787 | INFO     | hashnet:train:131 - [iter:28/50][epoch:1/1][scale:5.292][loss:0.820629]
2023-11-13 10:53:47.788 | INFO     | hashnet:train:134 - [iter:28/50][iter_time:249.58]
2023-11-13 10:57:46.052 | INFO     | hashnet:train:131 - [iter:29/50][epoch:1/1][scale:5.385][loss:0.818252]
2023-11-13 10:57:46.053 | INFO     | hashnet:train:134 - [iter:29/50][iter_time:238.26]
2023-11-13 11:00:23.668 | INFO     | hashnet:train:131 - [iter:30/50][epoch:1/1][scale:5.477][loss:0.817489]
2023-11-13 11:00:23.669 | INFO     | hashnet:train:134 - [iter:30/50][iter_time:157.62]
2023-11-13 11:10:07.605 | INFO     | hashnet:train:209 - [iter:30/50][code_length:64][mAP:0.85903][mAP_all:0.84571][best_mAP:0.85903]
2023-11-13 11:10:07.606 | INFO     | hashnet:train:210 - [iter:30/50][code_length:64][zs_mAP:0.61811][zs_mAP_all:0.42170]
2023-11-13 11:12:12.058 | INFO     | hashnet:train:131 - [iter:31/50][epoch:1/1][scale:5.568][loss:0.818224]
2023-11-13 11:12:12.059 | INFO     | hashnet:train:134 - [iter:31/50][iter_time:124.45]
2023-11-13 11:14:43.676 | INFO     | hashnet:train:131 - [iter:32/50][epoch:1/1][scale:5.657][loss:0.815776]
2023-11-13 11:14:43.676 | INFO     | hashnet:train:134 - [iter:32/50][iter_time:151.62]
2023-11-13 11:17:16.329 | INFO     | hashnet:train:131 - [iter:33/50][epoch:1/1][scale:5.745][loss:0.812716]
2023-11-13 11:17:16.330 | INFO     | hashnet:train:134 - [iter:33/50][iter_time:152.65]
2023-11-13 11:19:53.469 | INFO     | hashnet:train:131 - [iter:34/50][epoch:1/1][scale:5.831][loss:0.810746]
2023-11-13 11:19:53.469 | INFO     | hashnet:train:134 - [iter:34/50][iter_time:157.14]
2023-11-13 11:23:52.653 | INFO     | hashnet:train:131 - [iter:35/50][epoch:1/1][scale:5.916][loss:0.811152]
2023-11-13 11:23:52.654 | INFO     | hashnet:train:134 - [iter:35/50][iter_time:239.18]
2023-11-13 11:33:48.740 | INFO     | hashnet:train:209 - [iter:35/50][code_length:64][mAP:0.86784][mAP_all:0.85614][best_mAP:0.86784]
2023-11-13 11:33:48.741 | INFO     | hashnet:train:210 - [iter:35/50][code_length:64][zs_mAP:0.61683][zs_mAP_all:0.41395]
2023-11-13 11:36:29.500 | INFO     | hashnet:train:131 - [iter:36/50][epoch:1/1][scale:6.000][loss:0.808420]
2023-11-13 11:36:29.501 | INFO     | hashnet:train:134 - [iter:36/50][iter_time:160.76]
2023-11-13 11:46:31.707 | INFO     | hashnet:train:209 - [iter:36/50][code_length:64][mAP:0.86918][mAP_all:0.85793][best_mAP:0.86918]
2023-11-13 11:46:31.709 | INFO     | hashnet:train:210 - [iter:36/50][code_length:64][zs_mAP:0.61933][zs_mAP_all:0.41737]
2023-11-13 11:49:18.355 | INFO     | hashnet:train:131 - [iter:37/50][epoch:1/1][scale:6.083][loss:0.806866]
2023-11-13 11:49:18.356 | INFO     | hashnet:train:134 - [iter:37/50][iter_time:166.65]
2023-11-13 11:59:09.952 | INFO     | hashnet:train:209 - [iter:37/50][code_length:64][mAP:0.87123][mAP_all:0.85915][best_mAP:0.87123]
2023-11-13 11:59:09.953 | INFO     | hashnet:train:210 - [iter:37/50][code_length:64][zs_mAP:0.61770][zs_mAP_all:0.42039]
2023-11-13 12:02:09.548 | INFO     | hashnet:train:131 - [iter:38/50][epoch:1/1][scale:6.164][loss:0.809213]
2023-11-13 12:02:09.548 | INFO     | hashnet:train:134 - [iter:38/50][iter_time:179.60]
2023-11-13 12:11:54.951 | INFO     | hashnet:train:209 - [iter:38/50][code_length:64][mAP:0.86972][mAP_all:0.85816][best_mAP:0.87123]
2023-11-13 12:11:54.951 | INFO     | hashnet:train:210 - [iter:38/50][code_length:64][zs_mAP:0.61186][zs_mAP_all:0.41399]
2023-11-13 12:14:54.391 | INFO     | hashnet:train:131 - [iter:39/50][epoch:1/1][scale:6.245][loss:0.807895]
2023-11-13 12:14:54.391 | INFO     | hashnet:train:134 - [iter:39/50][iter_time:179.44]
2023-11-13 12:24:48.342 | INFO     | hashnet:train:209 - [iter:39/50][code_length:64][mAP:0.86919][mAP_all:0.85778][best_mAP:0.87123]
2023-11-13 12:24:48.343 | INFO     | hashnet:train:210 - [iter:39/50][code_length:64][zs_mAP:0.61599][zs_mAP_all:0.41837]
2023-11-13 12:27:52.335 | INFO     | hashnet:train:131 - [iter:40/50][epoch:1/1][scale:6.325][loss:0.806476]
2023-11-13 12:27:52.336 | INFO     | hashnet:train:134 - [iter:40/50][iter_time:183.99]
2023-11-13 12:37:51.128 | INFO     | hashnet:train:209 - [iter:40/50][code_length:64][mAP:0.87040][mAP_all:0.85906][best_mAP:0.87123]
2023-11-13 12:37:51.129 | INFO     | hashnet:train:210 - [iter:40/50][code_length:64][zs_mAP:0.61348][zs_mAP_all:0.41319]
2023-11-13 12:40:55.662 | INFO     | hashnet:train:131 - [iter:41/50][epoch:1/1][scale:6.403][loss:0.804749]
2023-11-13 12:40:55.663 | INFO     | hashnet:train:134 - [iter:41/50][iter_time:184.53]
2023-11-13 12:50:50.080 | INFO     | hashnet:train:209 - [iter:41/50][code_length:64][mAP:0.87049][mAP_all:0.85883][best_mAP:0.87123]
2023-11-13 12:50:50.081 | INFO     | hashnet:train:210 - [iter:41/50][code_length:64][zs_mAP:0.60774][zs_mAP_all:0.40598]
2023-11-13 12:54:05.723 | INFO     | hashnet:train:131 - [iter:42/50][epoch:1/1][scale:6.481][loss:0.803117]
2023-11-13 12:54:05.723 | INFO     | hashnet:train:134 - [iter:42/50][iter_time:195.64]
2023-11-13 13:03:56.061 | INFO     | hashnet:train:209 - [iter:42/50][code_length:64][mAP:0.87509][mAP_all:0.86402][best_mAP:0.87509]
2023-11-13 13:03:56.062 | INFO     | hashnet:train:210 - [iter:42/50][code_length:64][zs_mAP:0.61416][zs_mAP_all:0.41208]
2023-11-13 13:07:20.995 | INFO     | hashnet:train:131 - [iter:43/50][epoch:1/1][scale:6.557][loss:0.804965]
2023-11-13 13:07:20.996 | INFO     | hashnet:train:134 - [iter:43/50][iter_time:204.93]
2023-11-13 13:17:05.494 | INFO     | hashnet:train:209 - [iter:43/50][code_length:64][mAP:0.87425][mAP_all:0.86298][best_mAP:0.87509]
2023-11-13 13:17:05.495 | INFO     | hashnet:train:210 - [iter:43/50][code_length:64][zs_mAP:0.61248][zs_mAP_all:0.40797]
2023-11-13 13:20:22.779 | INFO     | hashnet:train:131 - [iter:44/50][epoch:1/1][scale:6.633][loss:0.801454]
2023-11-13 13:20:22.780 | INFO     | hashnet:train:134 - [iter:44/50][iter_time:197.28]
2023-11-13 13:30:04.961 | INFO     | hashnet:train:209 - [iter:44/50][code_length:64][mAP:0.87387][mAP_all:0.86325][best_mAP:0.87509]
2023-11-13 13:30:04.961 | INFO     | hashnet:train:210 - [iter:44/50][code_length:64][zs_mAP:0.60977][zs_mAP_all:0.40561]
2023-11-13 13:33:17.548 | INFO     | hashnet:train:131 - [iter:45/50][epoch:1/1][scale:6.708][loss:0.801282]
2023-11-13 13:33:17.548 | INFO     | hashnet:train:134 - [iter:45/50][iter_time:192.59]
2023-11-13 13:43:06.771 | INFO     | hashnet:train:209 - [iter:45/50][code_length:64][mAP:0.87475][mAP_all:0.86470][best_mAP:0.87509]
2023-11-13 13:43:06.772 | INFO     | hashnet:train:210 - [iter:45/50][code_length:64][zs_mAP:0.60358][zs_mAP_all:0.39181]
2023-11-13 13:46:05.951 | INFO     | hashnet:train:131 - [iter:46/50][epoch:1/1][scale:6.782][loss:0.801491]
2023-11-13 13:46:05.952 | INFO     | hashnet:train:134 - [iter:46/50][iter_time:179.18]
2023-11-13 13:55:57.808 | INFO     | hashnet:train:209 - [iter:46/50][code_length:64][mAP:0.87315][mAP_all:0.86206][best_mAP:0.87509]
2023-11-13 13:55:57.809 | INFO     | hashnet:train:210 - [iter:46/50][code_length:64][zs_mAP:0.60975][zs_mAP_all:0.40487]
2023-11-13 13:58:54.150 | INFO     | hashnet:train:131 - [iter:47/50][epoch:1/1][scale:6.856][loss:0.799101]
2023-11-13 13:58:54.151 | INFO     | hashnet:train:134 - [iter:47/50][iter_time:176.34]
2023-11-13 14:08:45.940 | INFO     | hashnet:train:209 - [iter:47/50][code_length:64][mAP:0.87766][mAP_all:0.86662][best_mAP:0.87766]
2023-11-13 14:08:45.941 | INFO     | hashnet:train:210 - [iter:47/50][code_length:64][zs_mAP:0.61127][zs_mAP_all:0.40429]
2023-11-13 14:11:28.366 | INFO     | hashnet:train:131 - [iter:48/50][epoch:1/1][scale:6.928][loss:0.800210]
2023-11-13 14:11:28.366 | INFO     | hashnet:train:134 - [iter:48/50][iter_time:162.43]
2023-11-13 14:21:10.799 | INFO     | hashnet:train:209 - [iter:48/50][code_length:64][mAP:0.87608][mAP_all:0.86582][best_mAP:0.87766]
2023-11-13 14:21:10.800 | INFO     | hashnet:train:210 - [iter:48/50][code_length:64][zs_mAP:0.61150][zs_mAP_all:0.40260]
2023-11-13 14:23:09.172 | INFO     | hashnet:train:131 - [iter:49/50][epoch:1/1][scale:7.000][loss:0.797327]
2023-11-13 14:23:09.173 | INFO     | hashnet:train:134 - [iter:49/50][iter_time:118.37]
2023-11-13 14:32:59.485 | INFO     | hashnet:train:209 - [iter:49/50][code_length:64][mAP:0.87675][mAP_all:0.86629][best_mAP:0.87766]
2023-11-13 14:32:59.486 | INFO     | hashnet:train:210 - [iter:49/50][code_length:64][zs_mAP:0.61085][zs_mAP_all:0.39981]
2023-11-13 14:36:11.985 | INFO     | hashnet:train:131 - [iter:50/50][epoch:1/1][scale:7.071][loss:0.800260]
2023-11-13 14:36:11.986 | INFO     | hashnet:train:134 - [iter:50/50][iter_time:192.50]
2023-11-13 14:46:06.619 | INFO     | hashnet:train:209 - [iter:50/50][code_length:64][mAP:0.87355][mAP_all:0.86296][best_mAP:0.87766]
2023-11-13 14:46:06.620 | INFO     | hashnet:train:210 - [iter:50/50][code_length:64][zs_mAP:0.61009][zs_mAP_all:0.40699]
2023-11-13 14:46:06.620 | INFO     | hashnet:train:212 - [Training time:23231.59]
2023-11-13 14:46:06.634 | INFO     | __main__:run:126 - [code_length:64][map:0.8777][map_all:0.8666][zs_map:0.6113][zs_map_all:0.4043]
