2024-08-31 09:20:51.865 | SUCCESS  | __main__:run:55 - Namespace(ZS=15, align_step=50, arch='csq', batch_size=16, cauchy_gamma=20.0, code_length=[16, 32, 64], data='coco', dataset='cocozs', device=device(type='cuda', index=2), epoch_change=11, flag='csq', gamma=200, gpu=2, info='cocozs-53-27-csq-08-31-16,32,64-tanh1', lambd=0.1, lambd_ch=0.1, lambd_sp=0.1, lr=0.001, lr_step=[45], margin=0.1, max_epoch=3, max_iter=50, momen=0.9, nesterov=False, net='ResNet', num_classes=27, num_query=1000, num_samples=2000, num_workers=2, num_zs=53, optim='SGD', pretrain=True, quan_loss=False, root='/4T/dataset/coco', save_ckpt='checkpoints/', topk=5000, val_freq=5, wd=0.0001)
2024-08-31 09:21:38.927 | INFO     | csq:train:202 - [epoch:1/3][loss:0.699730]
2024-08-31 09:22:14.421 | INFO     | csq:train:202 - [epoch:2/3][loss:0.644835]
2024-08-31 09:22:45.283 | INFO     | csq:train:202 - [epoch:3/3][loss:0.611478]
2024-08-31 09:22:45.284 | INFO     | csq:train:205 - [iter:1/50][iter_time:101.76]
2024-08-31 09:23:10.944 | INFO     | csq:train:202 - [epoch:1/3][loss:0.595346]
2024-08-31 09:23:37.385 | INFO     | csq:train:202 - [epoch:2/3][loss:0.579508]
2024-08-31 09:24:03.852 | INFO     | csq:train:202 - [epoch:3/3][loss:0.566127]
2024-08-31 09:24:03.853 | INFO     | csq:train:205 - [iter:2/50][iter_time:78.57]
2024-08-31 09:24:29.783 | INFO     | csq:train:202 - [epoch:1/3][loss:0.577744]
2024-08-31 09:24:57.167 | INFO     | csq:train:202 - [epoch:2/3][loss:0.561423]
2024-08-31 09:25:25.866 | INFO     | csq:train:202 - [epoch:3/3][loss:0.550364]
2024-08-31 09:25:25.866 | INFO     | csq:train:205 - [iter:3/50][iter_time:82.01]
2024-08-31 09:25:58.096 | INFO     | csq:train:202 - [epoch:1/3][loss:0.563939]
2024-08-31 09:26:29.712 | INFO     | csq:train:202 - [epoch:2/3][loss:0.555868]
2024-08-31 09:27:01.311 | INFO     | csq:train:202 - [epoch:3/3][loss:0.541485]
2024-08-31 09:27:01.312 | INFO     | csq:train:205 - [iter:4/50][iter_time:95.45]
2024-08-31 09:27:33.551 | INFO     | csq:train:202 - [epoch:1/3][loss:0.544563]
2024-08-31 09:28:05.920 | INFO     | csq:train:202 - [epoch:2/3][loss:0.528864]
2024-08-31 09:28:37.110 | INFO     | csq:train:202 - [epoch:3/3][loss:0.524112]
2024-08-31 09:28:37.111 | INFO     | csq:train:205 - [iter:5/50][iter_time:95.80]
2024-08-31 09:36:44.382 | INFO     | csq:train:277 - [iter:5/50][code_length:16][mAP:0.54618][mAP_all:0.75418][best_mAP:0.54618]
2024-08-31 09:36:44.382 | INFO     | csq:train:278 - [iter:5/50][code_length:16][zs_mAP:0.44921][zs_mAP_all:0.48854]
2024-08-31 09:37:16.327 | INFO     | csq:train:202 - [epoch:1/3][loss:0.540429]
2024-08-31 09:37:48.036 | INFO     | csq:train:202 - [epoch:2/3][loss:0.533022]
2024-08-31 09:38:15.904 | INFO     | csq:train:202 - [epoch:3/3][loss:0.524060]
2024-08-31 09:38:15.905 | INFO     | csq:train:205 - [iter:6/50][iter_time:91.52]
2024-08-31 09:38:42.773 | INFO     | csq:train:202 - [epoch:1/3][loss:0.529880]
2024-08-31 09:39:10.075 | INFO     | csq:train:202 - [epoch:2/3][loss:0.522640]
2024-08-31 09:39:36.604 | INFO     | csq:train:202 - [epoch:3/3][loss:0.506172]
2024-08-31 09:39:36.604 | INFO     | csq:train:205 - [iter:7/50][iter_time:80.70]
2024-08-31 09:40:03.080 | INFO     | csq:train:202 - [epoch:1/3][loss:0.527282]
2024-08-31 09:40:29.998 | INFO     | csq:train:202 - [epoch:2/3][loss:0.517313]
2024-08-31 09:40:56.625 | INFO     | csq:train:202 - [epoch:3/3][loss:0.505757]
2024-08-31 09:40:56.625 | INFO     | csq:train:205 - [iter:8/50][iter_time:80.02]
2024-08-31 09:41:24.055 | INFO     | csq:train:202 - [epoch:1/3][loss:0.527536]
2024-08-31 09:41:55.985 | INFO     | csq:train:202 - [epoch:2/3][loss:0.515031]
2024-08-31 09:42:27.978 | INFO     | csq:train:202 - [epoch:3/3][loss:0.505063]
2024-08-31 09:42:27.978 | INFO     | csq:train:205 - [iter:9/50][iter_time:91.35]
2024-08-31 09:42:59.807 | INFO     | csq:train:202 - [epoch:1/3][loss:0.526520]
2024-08-31 09:43:32.037 | INFO     | csq:train:202 - [epoch:2/3][loss:0.511136]
2024-08-31 09:44:03.594 | INFO     | csq:train:202 - [epoch:3/3][loss:0.505780]
2024-08-31 09:44:03.595 | INFO     | csq:train:205 - [iter:10/50][iter_time:95.62]
2024-08-31 09:52:11.383 | INFO     | csq:train:277 - [iter:10/50][code_length:16][mAP:0.59052][mAP_all:0.78395][best_mAP:0.59052]
2024-08-31 09:52:11.383 | INFO     | csq:train:278 - [iter:10/50][code_length:16][zs_mAP:0.49392][zs_mAP_all:0.53319]
2024-08-31 09:52:43.479 | INFO     | csq:train:202 - [epoch:1/3][loss:0.525645]
2024-08-31 09:53:17.024 | INFO     | csq:train:202 - [epoch:2/3][loss:0.512451]
2024-08-31 09:53:46.822 | INFO     | csq:train:202 - [epoch:3/3][loss:0.499550]
2024-08-31 09:53:46.823 | INFO     | csq:train:205 - [iter:11/50][iter_time:95.44]
2024-08-31 09:54:13.136 | INFO     | csq:train:202 - [epoch:1/3][loss:0.521376]
2024-08-31 09:54:39.448 | INFO     | csq:train:202 - [epoch:2/3][loss:0.505564]
2024-08-31 09:55:05.995 | INFO     | csq:train:202 - [epoch:3/3][loss:0.499355]
2024-08-31 09:55:05.995 | INFO     | csq:train:205 - [iter:12/50][iter_time:79.17]
2024-08-31 09:55:32.924 | INFO     | csq:train:202 - [epoch:1/3][loss:0.519363]
2024-08-31 09:55:59.944 | INFO     | csq:train:202 - [epoch:2/3][loss:0.503875]
2024-08-31 09:56:27.097 | INFO     | csq:train:202 - [epoch:3/3][loss:0.492342]
2024-08-31 09:56:27.098 | INFO     | csq:train:205 - [iter:13/50][iter_time:81.10]
2024-08-31 09:56:54.147 | INFO     | csq:train:202 - [epoch:1/3][loss:0.505300]
2024-08-31 09:57:23.091 | INFO     | csq:train:202 - [epoch:2/3][loss:0.500690]
2024-08-31 09:57:54.660 | INFO     | csq:train:202 - [epoch:3/3][loss:0.487997]
2024-08-31 09:57:54.661 | INFO     | csq:train:205 - [iter:14/50][iter_time:87.56]
2024-08-31 09:58:25.679 | INFO     | csq:train:202 - [epoch:1/3][loss:0.523736]
2024-08-31 09:58:56.422 | INFO     | csq:train:202 - [epoch:2/3][loss:0.513183]
2024-08-31 09:59:27.819 | INFO     | csq:train:202 - [epoch:3/3][loss:0.498042]
2024-08-31 09:59:27.820 | INFO     | csq:train:205 - [iter:15/50][iter_time:93.16]
2024-08-31 10:07:41.705 | INFO     | csq:train:277 - [iter:15/50][code_length:16][mAP:0.60550][mAP_all:0.78016][best_mAP:0.60550]
2024-08-31 10:07:41.706 | INFO     | csq:train:278 - [iter:15/50][code_length:16][zs_mAP:0.46432][zs_mAP_all:0.50027]
2024-08-31 10:08:12.269 | INFO     | csq:train:202 - [epoch:1/3][loss:0.517418]
2024-08-31 10:08:45.829 | INFO     | csq:train:202 - [epoch:2/3][loss:0.496318]
2024-08-31 10:09:16.116 | INFO     | csq:train:202 - [epoch:3/3][loss:0.496484]
2024-08-31 10:09:16.117 | INFO     | csq:train:205 - [iter:16/50][iter_time:94.41]
2024-08-31 10:09:42.908 | INFO     | csq:train:202 - [epoch:1/3][loss:0.514925]
2024-08-31 10:10:10.517 | INFO     | csq:train:202 - [epoch:2/3][loss:0.497334]
2024-08-31 10:10:38.077 | INFO     | csq:train:202 - [epoch:3/3][loss:0.489479]
2024-08-31 10:10:38.079 | INFO     | csq:train:205 - [iter:17/50][iter_time:81.96]
2024-08-31 10:11:04.806 | INFO     | csq:train:202 - [epoch:1/3][loss:0.509064]
2024-08-31 10:11:32.077 | INFO     | csq:train:202 - [epoch:2/3][loss:0.497603]
2024-08-31 10:11:59.615 | INFO     | csq:train:202 - [epoch:3/3][loss:0.486154]
2024-08-31 10:11:59.616 | INFO     | csq:train:205 - [iter:18/50][iter_time:81.54]
2024-08-31 10:12:27.166 | INFO     | csq:train:202 - [epoch:1/3][loss:0.506438]
2024-08-31 10:12:54.523 | INFO     | csq:train:202 - [epoch:2/3][loss:0.488489]
2024-08-31 10:13:25.316 | INFO     | csq:train:202 - [epoch:3/3][loss:0.488487]
2024-08-31 10:13:25.317 | INFO     | csq:train:205 - [iter:19/50][iter_time:85.70]
2024-08-31 10:13:55.713 | INFO     | csq:train:202 - [epoch:1/3][loss:0.501344]
2024-08-31 10:14:27.112 | INFO     | csq:train:202 - [epoch:2/3][loss:0.494472]
2024-08-31 10:14:57.304 | INFO     | csq:train:202 - [epoch:3/3][loss:0.478592]
2024-08-31 10:14:57.305 | INFO     | csq:train:205 - [iter:20/50][iter_time:91.99]
2024-08-31 10:23:15.443 | INFO     | csq:train:277 - [iter:20/50][code_length:16][mAP:0.61121][mAP_all:0.78090][best_mAP:0.61121]
2024-08-31 10:23:15.444 | INFO     | csq:train:278 - [iter:20/50][code_length:16][zs_mAP:0.47900][zs_mAP_all:0.51617]
2024-08-31 10:23:46.072 | INFO     | csq:train:202 - [epoch:1/3][loss:0.493306]
2024-08-31 10:24:16.984 | INFO     | csq:train:202 - [epoch:2/3][loss:0.487132]
2024-08-31 10:24:48.420 | INFO     | csq:train:202 - [epoch:3/3][loss:0.469321]
2024-08-31 10:24:48.421 | INFO     | csq:train:205 - [iter:21/50][iter_time:92.98]
2024-08-31 10:25:15.232 | INFO     | csq:train:202 - [epoch:1/3][loss:0.498351]
2024-08-31 10:25:41.449 | INFO     | csq:train:202 - [epoch:2/3][loss:0.487714]
2024-08-31 10:26:08.417 | INFO     | csq:train:202 - [epoch:3/3][loss:0.480779]
2024-08-31 10:26:08.418 | INFO     | csq:train:205 - [iter:22/50][iter_time:80.00]
2024-08-31 10:26:35.084 | INFO     | csq:train:202 - [epoch:1/3][loss:0.501786]
2024-08-31 10:27:02.278 | INFO     | csq:train:202 - [epoch:2/3][loss:0.488772]
2024-08-31 10:27:29.643 | INFO     | csq:train:202 - [epoch:3/3][loss:0.484638]
2024-08-31 10:27:29.644 | INFO     | csq:train:205 - [iter:23/50][iter_time:81.23]
2024-08-31 10:27:56.856 | INFO     | csq:train:202 - [epoch:1/3][loss:0.487422]
2024-08-31 10:28:24.319 | INFO     | csq:train:202 - [epoch:2/3][loss:0.475563]
2024-08-31 10:28:52.474 | INFO     | csq:train:202 - [epoch:3/3][loss:0.465471]
2024-08-31 10:28:52.475 | INFO     | csq:train:205 - [iter:24/50][iter_time:82.83]
2024-08-31 10:29:24.141 | INFO     | csq:train:202 - [epoch:1/3][loss:0.494988]
2024-08-31 10:29:55.770 | INFO     | csq:train:202 - [epoch:2/3][loss:0.480947]
2024-08-31 10:30:26.850 | INFO     | csq:train:202 - [epoch:3/3][loss:0.471143]
2024-08-31 10:30:26.851 | INFO     | csq:train:205 - [iter:25/50][iter_time:94.38]
2024-08-31 10:38:45.221 | INFO     | csq:train:277 - [iter:25/50][code_length:16][mAP:0.63116][mAP_all:0.79478][best_mAP:0.63116]
2024-08-31 10:38:45.221 | INFO     | csq:train:278 - [iter:25/50][code_length:16][zs_mAP:0.47216][zs_mAP_all:0.51084]
2024-08-31 10:39:16.938 | INFO     | csq:train:202 - [epoch:1/3][loss:0.494645]
2024-08-31 10:39:48.314 | INFO     | csq:train:202 - [epoch:2/3][loss:0.482135]
2024-08-31 10:40:19.966 | INFO     | csq:train:202 - [epoch:3/3][loss:0.467829]
2024-08-31 10:40:19.967 | INFO     | csq:train:205 - [iter:26/50][iter_time:94.75]
2024-08-31 10:40:47.715 | INFO     | csq:train:202 - [epoch:1/3][loss:0.492820]
2024-08-31 10:41:15.355 | INFO     | csq:train:202 - [epoch:2/3][loss:0.480285]
2024-08-31 10:41:42.960 | INFO     | csq:train:202 - [epoch:3/3][loss:0.467529]
2024-08-31 10:41:42.961 | INFO     | csq:train:205 - [iter:27/50][iter_time:82.99]
2024-08-31 10:42:10.101 | INFO     | csq:train:202 - [epoch:1/3][loss:0.494540]
2024-08-31 10:42:37.553 | INFO     | csq:train:202 - [epoch:2/3][loss:0.487113]
2024-08-31 10:43:05.242 | INFO     | csq:train:202 - [epoch:3/3][loss:0.473403]
2024-08-31 10:43:05.243 | INFO     | csq:train:205 - [iter:28/50][iter_time:82.28]
2024-08-31 10:43:32.908 | INFO     | csq:train:202 - [epoch:1/3][loss:0.478823]
2024-08-31 10:44:00.479 | INFO     | csq:train:202 - [epoch:2/3][loss:0.467349]
2024-08-31 10:44:28.386 | INFO     | csq:train:202 - [epoch:3/3][loss:0.462933]
2024-08-31 10:44:28.387 | INFO     | csq:train:205 - [iter:29/50][iter_time:83.14]
2024-08-31 10:44:59.667 | INFO     | csq:train:202 - [epoch:1/3][loss:0.487534]
2024-08-31 10:45:31.400 | INFO     | csq:train:202 - [epoch:2/3][loss:0.468513]
2024-08-31 10:46:02.168 | INFO     | csq:train:202 - [epoch:3/3][loss:0.455407]
2024-08-31 10:46:02.169 | INFO     | csq:train:205 - [iter:30/50][iter_time:93.78]
2024-08-31 10:54:22.292 | INFO     | csq:train:277 - [iter:30/50][code_length:16][mAP:0.62342][mAP_all:0.78346][best_mAP:0.63116]
2024-08-31 10:54:22.293 | INFO     | csq:train:278 - [iter:30/50][code_length:16][zs_mAP:0.47756][zs_mAP_all:0.51003]
2024-08-31 10:54:53.798 | INFO     | csq:train:202 - [epoch:1/3][loss:0.490275]
2024-08-31 10:55:24.991 | INFO     | csq:train:202 - [epoch:2/3][loss:0.477417]
2024-08-31 10:55:56.690 | INFO     | csq:train:202 - [epoch:3/3][loss:0.463764]
2024-08-31 10:55:56.691 | INFO     | csq:train:205 - [iter:31/50][iter_time:94.40]
2024-08-31 10:56:25.617 | INFO     | csq:train:202 - [epoch:1/3][loss:0.493076]
2024-08-31 10:56:53.264 | INFO     | csq:train:202 - [epoch:2/3][loss:0.489549]
2024-08-31 10:57:21.185 | INFO     | csq:train:202 - [epoch:3/3][loss:0.474888]
2024-08-31 10:57:21.186 | INFO     | csq:train:205 - [iter:32/50][iter_time:84.49]
2024-08-31 10:57:48.874 | INFO     | csq:train:202 - [epoch:1/3][loss:0.482603]
2024-08-31 10:58:16.474 | INFO     | csq:train:202 - [epoch:2/3][loss:0.470076]
2024-08-31 10:58:43.987 | INFO     | csq:train:202 - [epoch:3/3][loss:0.464048]
2024-08-31 10:58:43.988 | INFO     | csq:train:205 - [iter:33/50][iter_time:82.80]
2024-08-31 10:59:11.076 | INFO     | csq:train:202 - [epoch:1/3][loss:0.497706]
2024-08-31 10:59:39.063 | INFO     | csq:train:202 - [epoch:2/3][loss:0.477988]
2024-08-31 11:00:06.605 | INFO     | csq:train:202 - [epoch:3/3][loss:0.468457]
2024-08-31 11:00:06.606 | INFO     | csq:train:205 - [iter:34/50][iter_time:82.62]
2024-08-31 11:00:37.367 | INFO     | csq:train:202 - [epoch:1/3][loss:0.480458]
2024-08-31 11:01:08.705 | INFO     | csq:train:202 - [epoch:2/3][loss:0.462861]
2024-08-31 11:01:41.140 | INFO     | csq:train:202 - [epoch:3/3][loss:0.458079]
2024-08-31 11:01:41.141 | INFO     | csq:train:205 - [iter:35/50][iter_time:94.53]
2024-08-31 11:09:56.439 | INFO     | csq:train:277 - [iter:35/50][code_length:16][mAP:0.63314][mAP_all:0.79168][best_mAP:0.63314]
2024-08-31 11:09:56.440 | INFO     | csq:train:278 - [iter:35/50][code_length:16][zs_mAP:0.48266][zs_mAP_all:0.51467]
2024-08-31 11:10:27.762 | INFO     | csq:train:202 - [epoch:1/3][loss:0.479160]
2024-08-31 11:10:59.054 | INFO     | csq:train:202 - [epoch:2/3][loss:0.464436]
2024-08-31 11:11:30.363 | INFO     | csq:train:202 - [epoch:3/3][loss:0.463849]
2024-08-31 11:11:30.364 | INFO     | csq:train:205 - [iter:36/50][iter_time:93.92]
2024-08-31 11:11:59.965 | INFO     | csq:train:202 - [epoch:1/3][loss:0.472461]
2024-08-31 11:12:27.386 | INFO     | csq:train:202 - [epoch:2/3][loss:0.463117]
2024-08-31 11:12:53.967 | INFO     | csq:train:202 - [epoch:3/3][loss:0.460511]
2024-08-31 11:12:53.967 | INFO     | csq:train:205 - [iter:37/50][iter_time:83.60]
2024-08-31 11:13:21.219 | INFO     | csq:train:202 - [epoch:1/3][loss:0.478096]
2024-08-31 11:13:47.576 | INFO     | csq:train:202 - [epoch:2/3][loss:0.475709]
2024-08-31 11:14:13.823 | INFO     | csq:train:202 - [epoch:3/3][loss:0.464109]
2024-08-31 11:14:13.824 | INFO     | csq:train:205 - [iter:38/50][iter_time:79.86]
2024-08-31 11:14:41.407 | INFO     | csq:train:202 - [epoch:1/3][loss:0.477042]
2024-08-31 11:15:08.983 | INFO     | csq:train:202 - [epoch:2/3][loss:0.469947]
2024-08-31 11:15:36.504 | INFO     | csq:train:202 - [epoch:3/3][loss:0.471433]
2024-08-31 11:15:36.505 | INFO     | csq:train:205 - [iter:39/50][iter_time:82.68]
2024-08-31 11:16:09.934 | INFO     | csq:train:202 - [epoch:1/3][loss:0.473989]
2024-08-31 11:16:44.399 | INFO     | csq:train:202 - [epoch:2/3][loss:0.467951]
2024-08-31 11:17:16.687 | INFO     | csq:train:202 - [epoch:3/3][loss:0.456517]
2024-08-31 11:17:16.688 | INFO     | csq:train:205 - [iter:40/50][iter_time:100.18]
2024-08-31 11:25:24.414 | INFO     | csq:train:277 - [iter:40/50][code_length:16][mAP:0.63412][mAP_all:0.78818][best_mAP:0.63412]
2024-08-31 11:25:24.415 | INFO     | csq:train:278 - [iter:40/50][code_length:16][zs_mAP:0.48043][zs_mAP_all:0.51184]
2024-08-31 11:25:58.067 | INFO     | csq:train:202 - [epoch:1/3][loss:0.477918]
2024-08-31 11:26:31.079 | INFO     | csq:train:202 - [epoch:2/3][loss:0.463245]
2024-08-31 11:27:03.463 | INFO     | csq:train:202 - [epoch:3/3][loss:0.453584]
2024-08-31 11:27:03.463 | INFO     | csq:train:205 - [iter:41/50][iter_time:99.05]
2024-08-31 11:27:35.511 | INFO     | csq:train:202 - [epoch:1/3][loss:0.485937]
2024-08-31 11:28:05.140 | INFO     | csq:train:202 - [epoch:2/3][loss:0.470558]
2024-08-31 11:28:32.412 | INFO     | csq:train:202 - [epoch:3/3][loss:0.460688]
2024-08-31 11:28:32.413 | INFO     | csq:train:205 - [iter:42/50][iter_time:88.95]
2024-08-31 11:29:00.107 | INFO     | csq:train:202 - [epoch:1/3][loss:0.481601]
2024-08-31 11:29:27.521 | INFO     | csq:train:202 - [epoch:2/3][loss:0.465440]
2024-08-31 11:29:54.374 | INFO     | csq:train:202 - [epoch:3/3][loss:0.452946]
2024-08-31 11:29:54.375 | INFO     | csq:train:205 - [iter:43/50][iter_time:81.96]
2024-08-31 11:30:21.665 | INFO     | csq:train:202 - [epoch:1/3][loss:0.473973]
2024-08-31 11:30:48.984 | INFO     | csq:train:202 - [epoch:2/3][loss:0.465607]
2024-08-31 11:31:16.516 | INFO     | csq:train:202 - [epoch:3/3][loss:0.461630]
2024-08-31 11:31:16.517 | INFO     | csq:train:205 - [iter:44/50][iter_time:82.14]
2024-08-31 11:31:48.500 | INFO     | csq:train:202 - [epoch:1/3][loss:0.480719]
2024-08-31 11:32:20.315 | INFO     | csq:train:202 - [epoch:2/3][loss:0.470765]
2024-08-31 11:32:54.236 | INFO     | csq:train:202 - [epoch:3/3][loss:0.457502]
2024-08-31 11:32:54.237 | INFO     | csq:train:205 - [iter:45/50][iter_time:97.72]
2024-08-31 11:40:50.458 | INFO     | csq:train:277 - [iter:45/50][code_length:16][mAP:0.64227][mAP_all:0.79186][best_mAP:0.64227]
2024-08-31 11:40:50.459 | INFO     | csq:train:278 - [iter:45/50][code_length:16][zs_mAP:0.46468][zs_mAP_all:0.49175]
2024-08-31 11:41:17.724 | INFO     | csq:train:202 - [epoch:1/3][loss:0.470589]
2024-08-31 11:41:45.843 | INFO     | csq:train:202 - [epoch:2/3][loss:0.466490]
2024-08-31 11:42:13.497 | INFO     | csq:train:202 - [epoch:3/3][loss:0.468121]
2024-08-31 11:42:13.498 | INFO     | csq:train:205 - [iter:46/50][iter_time:83.04]
2024-08-31 11:50:03.241 | INFO     | csq:train:277 - [iter:46/50][code_length:16][mAP:0.64956][mAP_all:0.79708][best_mAP:0.64956]
2024-08-31 11:50:03.242 | INFO     | csq:train:278 - [iter:46/50][code_length:16][zs_mAP:0.46905][zs_mAP_all:0.50057]
2024-08-31 11:50:30.621 | INFO     | csq:train:202 - [epoch:1/3][loss:0.468719]
2024-08-31 11:50:58.503 | INFO     | csq:train:202 - [epoch:2/3][loss:0.468408]
2024-08-31 11:51:26.013 | INFO     | csq:train:202 - [epoch:3/3][loss:0.461711]
2024-08-31 11:51:26.014 | INFO     | csq:train:205 - [iter:47/50][iter_time:82.77]
2024-08-31 11:59:15.908 | INFO     | csq:train:277 - [iter:47/50][code_length:16][mAP:0.64638][mAP_all:0.79569][best_mAP:0.64956]
2024-08-31 11:59:15.908 | INFO     | csq:train:278 - [iter:47/50][code_length:16][zs_mAP:0.47396][zs_mAP_all:0.50581]
2024-08-31 11:59:43.585 | INFO     | csq:train:202 - [epoch:1/3][loss:0.467081]
2024-08-31 12:00:11.042 | INFO     | csq:train:202 - [epoch:2/3][loss:0.457675]
2024-08-31 12:00:38.805 | INFO     | csq:train:202 - [epoch:3/3][loss:0.458104]
2024-08-31 12:00:38.805 | INFO     | csq:train:205 - [iter:48/50][iter_time:82.90]
2024-08-31 12:08:26.724 | INFO     | csq:train:277 - [iter:48/50][code_length:16][mAP:0.64713][mAP_all:0.79485][best_mAP:0.64956]
2024-08-31 12:08:26.725 | INFO     | csq:train:278 - [iter:48/50][code_length:16][zs_mAP:0.46656][zs_mAP_all:0.49528]
2024-08-31 12:08:54.455 | INFO     | csq:train:202 - [epoch:1/3][loss:0.462105]
2024-08-31 12:09:22.633 | INFO     | csq:train:202 - [epoch:2/3][loss:0.457784]
2024-08-31 12:09:50.837 | INFO     | csq:train:202 - [epoch:3/3][loss:0.465618]
2024-08-31 12:09:50.838 | INFO     | csq:train:205 - [iter:49/50][iter_time:84.11]
2024-08-31 12:17:39.774 | INFO     | csq:train:277 - [iter:49/50][code_length:16][mAP:0.64820][mAP_all:0.79740][best_mAP:0.64956]
2024-08-31 12:17:39.775 | INFO     | csq:train:278 - [iter:49/50][code_length:16][zs_mAP:0.47973][zs_mAP_all:0.50828]
2024-08-31 12:18:07.602 | INFO     | csq:train:202 - [epoch:1/3][loss:0.466632]
2024-08-31 12:18:35.303 | INFO     | csq:train:202 - [epoch:2/3][loss:0.460157]
2024-08-31 12:19:02.908 | INFO     | csq:train:202 - [epoch:3/3][loss:0.468746]
2024-08-31 12:19:02.909 | INFO     | csq:train:205 - [iter:50/50][iter_time:83.13]
2024-08-31 12:27:02.461 | INFO     | csq:train:277 - [iter:50/50][code_length:16][mAP:0.64897][mAP_all:0.79538][best_mAP:0.64956]
2024-08-31 12:27:02.462 | INFO     | csq:train:278 - [iter:50/50][code_length:16][zs_mAP:0.46969][zs_mAP_all:0.49965]
2024-08-31 12:27:02.462 | INFO     | csq:train:281 - [Training time:11158.94]
2024-08-31 12:27:02.464 | INFO     | __main__:run:138 - [code_length:16][map:0.6496][map_all:0.7971][zs_map:0.4690][zs_map_all:0.5006]
2024-08-31 12:27:34.684 | INFO     | csq:train:202 - [epoch:1/3][loss:0.703419]
2024-08-31 12:28:05.919 | INFO     | csq:train:202 - [epoch:2/3][loss:0.656665]
2024-08-31 12:28:37.243 | INFO     | csq:train:202 - [epoch:3/3][loss:0.630172]
2024-08-31 12:28:37.245 | INFO     | csq:train:205 - [iter:1/50][iter_time:94.04]
2024-08-31 12:29:08.498 | INFO     | csq:train:202 - [epoch:1/3][loss:0.611184]
2024-08-31 12:29:37.048 | INFO     | csq:train:202 - [epoch:2/3][loss:0.590411]
2024-08-31 12:30:03.632 | INFO     | csq:train:202 - [epoch:3/3][loss:0.573877]
2024-08-31 12:30:03.633 | INFO     | csq:train:205 - [iter:2/50][iter_time:86.39]
2024-08-31 12:30:31.733 | INFO     | csq:train:202 - [epoch:1/3][loss:0.581621]
2024-08-31 12:30:57.993 | INFO     | csq:train:202 - [epoch:2/3][loss:0.573167]
2024-08-31 12:31:26.160 | INFO     | csq:train:202 - [epoch:3/3][loss:0.561741]
2024-08-31 12:31:26.161 | INFO     | csq:train:205 - [iter:3/50][iter_time:82.53]
2024-08-31 12:31:53.290 | INFO     | csq:train:202 - [epoch:1/3][loss:0.559931]
2024-08-31 12:32:21.086 | INFO     | csq:train:202 - [epoch:2/3][loss:0.551410]
2024-08-31 12:32:49.519 | INFO     | csq:train:202 - [epoch:3/3][loss:0.543610]
2024-08-31 12:32:49.520 | INFO     | csq:train:205 - [iter:4/50][iter_time:83.36]
2024-08-31 12:33:18.461 | INFO     | csq:train:202 - [epoch:1/3][loss:0.548029]
2024-08-31 12:33:51.790 | INFO     | csq:train:202 - [epoch:2/3][loss:0.542133]
2024-08-31 12:34:24.671 | INFO     | csq:train:202 - [epoch:3/3][loss:0.530009]
2024-08-31 12:34:24.671 | INFO     | csq:train:205 - [iter:5/50][iter_time:95.15]
2024-08-31 12:42:35.488 | INFO     | csq:train:277 - [iter:5/50][code_length:32][mAP:0.58158][mAP_all:0.79469][best_mAP:0.58158]
2024-08-31 12:42:35.489 | INFO     | csq:train:278 - [iter:5/50][code_length:32][zs_mAP:0.54233][zs_mAP_all:0.58380]
2024-08-31 12:43:08.246 | INFO     | csq:train:202 - [epoch:1/3][loss:0.537502]
2024-08-31 12:43:41.502 | INFO     | csq:train:202 - [epoch:2/3][loss:0.527588]
2024-08-31 12:44:14.341 | INFO     | csq:train:202 - [epoch:3/3][loss:0.525555]
2024-08-31 12:44:14.342 | INFO     | csq:train:205 - [iter:6/50][iter_time:98.85]
2024-08-31 12:44:46.847 | INFO     | csq:train:202 - [epoch:1/3][loss:0.533532]
2024-08-31 12:45:17.408 | INFO     | csq:train:202 - [epoch:2/3][loss:0.522757]
2024-08-31 12:45:45.621 | INFO     | csq:train:202 - [epoch:3/3][loss:0.516300]
2024-08-31 12:45:45.621 | INFO     | csq:train:205 - [iter:7/50][iter_time:91.28]
2024-08-31 12:46:13.895 | INFO     | csq:train:202 - [epoch:1/3][loss:0.521285]
2024-08-31 12:46:41.673 | INFO     | csq:train:202 - [epoch:2/3][loss:0.516421]
2024-08-31 12:47:09.991 | INFO     | csq:train:202 - [epoch:3/3][loss:0.512366]
2024-08-31 12:47:09.992 | INFO     | csq:train:205 - [iter:8/50][iter_time:84.37]
2024-08-31 12:47:38.640 | INFO     | csq:train:202 - [epoch:1/3][loss:0.510640]
2024-08-31 12:48:06.556 | INFO     | csq:train:202 - [epoch:2/3][loss:0.508429]
2024-08-31 12:48:33.821 | INFO     | csq:train:202 - [epoch:3/3][loss:0.505383]
2024-08-31 12:48:33.822 | INFO     | csq:train:205 - [iter:9/50][iter_time:83.83]
2024-08-31 12:49:01.521 | INFO     | csq:train:202 - [epoch:1/3][loss:0.520636]
2024-08-31 12:49:33.599 | INFO     | csq:train:202 - [epoch:2/3][loss:0.510643]
2024-08-31 12:50:04.926 | INFO     | csq:train:202 - [epoch:3/3][loss:0.503849]
2024-08-31 12:50:04.928 | INFO     | csq:train:205 - [iter:10/50][iter_time:91.11]
2024-08-31 12:58:22.367 | INFO     | csq:train:277 - [iter:10/50][code_length:32][mAP:0.61289][mAP_all:0.79973][best_mAP:0.61289]
2024-08-31 12:58:22.368 | INFO     | csq:train:278 - [iter:10/50][code_length:32][zs_mAP:0.52429][zs_mAP_all:0.56772]
2024-08-31 12:58:54.107 | INFO     | csq:train:202 - [epoch:1/3][loss:0.518542]
2024-08-31 12:59:25.988 | INFO     | csq:train:202 - [epoch:2/3][loss:0.508703]
2024-08-31 12:59:58.101 | INFO     | csq:train:202 - [epoch:3/3][loss:0.501196]
2024-08-31 12:59:58.102 | INFO     | csq:train:205 - [iter:11/50][iter_time:95.73]
2024-08-31 13:00:29.897 | INFO     | csq:train:202 - [epoch:1/3][loss:0.509873]
2024-08-31 13:01:00.558 | INFO     | csq:train:202 - [epoch:2/3][loss:0.502984]
2024-08-31 13:01:27.759 | INFO     | csq:train:202 - [epoch:3/3][loss:0.497058]
2024-08-31 13:01:27.760 | INFO     | csq:train:205 - [iter:12/50][iter_time:89.66]
2024-08-31 13:01:55.358 | INFO     | csq:train:202 - [epoch:1/3][loss:0.500869]
2024-08-31 13:02:22.805 | INFO     | csq:train:202 - [epoch:2/3][loss:0.491000]
2024-08-31 13:02:50.439 | INFO     | csq:train:202 - [epoch:3/3][loss:0.487989]
2024-08-31 13:02:50.440 | INFO     | csq:train:205 - [iter:13/50][iter_time:82.68]
2024-08-31 13:03:18.310 | INFO     | csq:train:202 - [epoch:1/3][loss:0.508372]
2024-08-31 13:03:45.432 | INFO     | csq:train:202 - [epoch:2/3][loss:0.506885]
2024-08-31 13:04:12.820 | INFO     | csq:train:202 - [epoch:3/3][loss:0.500391]
2024-08-31 13:04:12.821 | INFO     | csq:train:205 - [iter:14/50][iter_time:82.38]
2024-08-31 13:04:42.117 | INFO     | csq:train:202 - [epoch:1/3][loss:0.502558]
2024-08-31 13:05:14.507 | INFO     | csq:train:202 - [epoch:2/3][loss:0.494637]
2024-08-31 13:05:46.278 | INFO     | csq:train:202 - [epoch:3/3][loss:0.485805]
2024-08-31 13:05:46.280 | INFO     | csq:train:205 - [iter:15/50][iter_time:93.46]
2024-08-31 13:14:10.277 | INFO     | csq:train:277 - [iter:15/50][code_length:32][mAP:0.64160][mAP_all:0.80589][best_mAP:0.64160]
2024-08-31 13:14:10.278 | INFO     | csq:train:278 - [iter:15/50][code_length:32][zs_mAP:0.52653][zs_mAP_all:0.55617]
2024-08-31 13:14:41.994 | INFO     | csq:train:202 - [epoch:1/3][loss:0.504102]
2024-08-31 13:15:13.203 | INFO     | csq:train:202 - [epoch:2/3][loss:0.500835]
2024-08-31 13:15:44.465 | INFO     | csq:train:202 - [epoch:3/3][loss:0.488669]
2024-08-31 13:15:44.467 | INFO     | csq:train:205 - [iter:16/50][iter_time:94.19]
2024-08-31 13:16:16.174 | INFO     | csq:train:202 - [epoch:1/3][loss:0.500951]
2024-08-31 13:16:46.723 | INFO     | csq:train:202 - [epoch:2/3][loss:0.497148]
2024-08-31 13:17:14.295 | INFO     | csq:train:202 - [epoch:3/3][loss:0.486119]
2024-08-31 13:17:14.296 | INFO     | csq:train:205 - [iter:17/50][iter_time:89.83]
2024-08-31 13:17:42.667 | INFO     | csq:train:202 - [epoch:1/3][loss:0.493021]
2024-08-31 13:18:11.493 | INFO     | csq:train:202 - [epoch:2/3][loss:0.484638]
2024-08-31 13:18:38.664 | INFO     | csq:train:202 - [epoch:3/3][loss:0.479685]
2024-08-31 13:18:38.664 | INFO     | csq:train:205 - [iter:18/50][iter_time:84.37]
2024-08-31 13:19:04.989 | INFO     | csq:train:202 - [epoch:1/3][loss:0.495487]
2024-08-31 13:19:33.263 | INFO     | csq:train:202 - [epoch:2/3][loss:0.482034]
2024-08-31 13:20:01.647 | INFO     | csq:train:202 - [epoch:3/3][loss:0.485602]
2024-08-31 13:20:01.648 | INFO     | csq:train:205 - [iter:19/50][iter_time:82.98]
2024-08-31 13:20:31.597 | INFO     | csq:train:202 - [epoch:1/3][loss:0.487626]
2024-08-31 13:21:04.636 | INFO     | csq:train:202 - [epoch:2/3][loss:0.484784]
2024-08-31 13:21:37.834 | INFO     | csq:train:202 - [epoch:3/3][loss:0.473715]
2024-08-31 13:21:37.835 | INFO     | csq:train:205 - [iter:20/50][iter_time:96.19]
2024-08-31 13:29:54.470 | INFO     | csq:train:277 - [iter:20/50][code_length:32][mAP:0.65315][mAP_all:0.80717][best_mAP:0.65315]
2024-08-31 13:29:54.471 | INFO     | csq:train:278 - [iter:20/50][code_length:32][zs_mAP:0.51547][zs_mAP_all:0.54877]
2024-08-31 13:30:26.253 | INFO     | csq:train:202 - [epoch:1/3][loss:0.494893]
2024-08-31 13:30:58.000 | INFO     | csq:train:202 - [epoch:2/3][loss:0.487393]
2024-08-31 13:31:29.700 | INFO     | csq:train:202 - [epoch:3/3][loss:0.480650]
2024-08-31 13:31:29.701 | INFO     | csq:train:205 - [iter:21/50][iter_time:95.23]
2024-08-31 13:32:01.489 | INFO     | csq:train:202 - [epoch:1/3][loss:0.497776]
2024-08-31 13:32:32.877 | INFO     | csq:train:202 - [epoch:2/3][loss:0.488004]
2024-08-31 13:33:01.238 | INFO     | csq:train:202 - [epoch:3/3][loss:0.474746]
2024-08-31 13:33:01.238 | INFO     | csq:train:205 - [iter:22/50][iter_time:91.54]
2024-08-31 13:33:28.588 | INFO     | csq:train:202 - [epoch:1/3][loss:0.488124]
2024-08-31 13:33:55.459 | INFO     | csq:train:202 - [epoch:2/3][loss:0.479844]
2024-08-31 13:34:22.947 | INFO     | csq:train:202 - [epoch:3/3][loss:0.475234]
2024-08-31 13:34:22.948 | INFO     | csq:train:205 - [iter:23/50][iter_time:81.71]
2024-08-31 13:34:51.018 | INFO     | csq:train:202 - [epoch:1/3][loss:0.492488]
2024-08-31 13:35:18.460 | INFO     | csq:train:202 - [epoch:2/3][loss:0.478514]
2024-08-31 13:35:45.686 | INFO     | csq:train:202 - [epoch:3/3][loss:0.479943]
2024-08-31 13:35:45.687 | INFO     | csq:train:205 - [iter:24/50][iter_time:82.74]
2024-08-31 13:36:16.162 | INFO     | csq:train:202 - [epoch:1/3][loss:0.490633]
2024-08-31 13:36:48.546 | INFO     | csq:train:202 - [epoch:2/3][loss:0.485999]
2024-08-31 13:37:21.917 | INFO     | csq:train:202 - [epoch:3/3][loss:0.470992]
2024-08-31 13:37:21.919 | INFO     | csq:train:205 - [iter:25/50][iter_time:96.23]
2024-08-31 13:45:37.504 | INFO     | csq:train:277 - [iter:25/50][code_length:32][mAP:0.66384][mAP_all:0.81184][best_mAP:0.66384]
2024-08-31 13:45:37.505 | INFO     | csq:train:278 - [iter:25/50][code_length:32][zs_mAP:0.51608][zs_mAP_all:0.54785]
2024-08-31 13:46:08.962 | INFO     | csq:train:202 - [epoch:1/3][loss:0.481248]
2024-08-31 13:46:40.384 | INFO     | csq:train:202 - [epoch:2/3][loss:0.469697]
2024-08-31 13:47:11.162 | INFO     | csq:train:202 - [epoch:3/3][loss:0.467785]
2024-08-31 13:47:11.164 | INFO     | csq:train:205 - [iter:26/50][iter_time:93.66]
2024-08-31 13:47:42.652 | INFO     | csq:train:202 - [epoch:1/3][loss:0.481805]
2024-08-31 13:48:13.541 | INFO     | csq:train:202 - [epoch:2/3][loss:0.468827]
2024-08-31 13:48:41.095 | INFO     | csq:train:202 - [epoch:3/3][loss:0.466912]
2024-08-31 13:48:41.096 | INFO     | csq:train:205 - [iter:27/50][iter_time:89.93]
2024-08-31 13:49:07.762 | INFO     | csq:train:202 - [epoch:1/3][loss:0.493161]
2024-08-31 13:49:34.759 | INFO     | csq:train:202 - [epoch:2/3][loss:0.478113]
2024-08-31 13:50:02.003 | INFO     | csq:train:202 - [epoch:3/3][loss:0.475872]
2024-08-31 13:50:02.004 | INFO     | csq:train:205 - [iter:28/50][iter_time:80.91]
2024-08-31 13:50:29.085 | INFO     | csq:train:202 - [epoch:1/3][loss:0.486371]
2024-08-31 13:50:55.717 | INFO     | csq:train:202 - [epoch:2/3][loss:0.472655]
2024-08-31 13:51:22.468 | INFO     | csq:train:202 - [epoch:3/3][loss:0.469729]
2024-08-31 13:51:22.469 | INFO     | csq:train:205 - [iter:29/50][iter_time:80.46]
2024-08-31 13:51:50.666 | INFO     | csq:train:202 - [epoch:1/3][loss:0.494869]
2024-08-31 13:52:24.241 | INFO     | csq:train:202 - [epoch:2/3][loss:0.472685]
2024-08-31 13:52:57.218 | INFO     | csq:train:202 - [epoch:3/3][loss:0.469058]
2024-08-31 13:52:57.219 | INFO     | csq:train:205 - [iter:30/50][iter_time:94.75]
2024-08-31 14:01:15.915 | INFO     | csq:train:277 - [iter:30/50][code_length:32][mAP:0.66942][mAP_all:0.81416][best_mAP:0.66942]
2024-08-31 14:01:15.916 | INFO     | csq:train:278 - [iter:30/50][code_length:32][zs_mAP:0.51585][zs_mAP_all:0.54494]
2024-08-31 14:01:47.800 | INFO     | csq:train:202 - [epoch:1/3][loss:0.478697]
2024-08-31 14:02:19.519 | INFO     | csq:train:202 - [epoch:2/3][loss:0.468541]
2024-08-31 14:02:50.966 | INFO     | csq:train:202 - [epoch:3/3][loss:0.460396]
2024-08-31 14:02:50.967 | INFO     | csq:train:205 - [iter:31/50][iter_time:95.05]
2024-08-31 14:03:22.915 | INFO     | csq:train:202 - [epoch:1/3][loss:0.482562]
2024-08-31 14:03:53.827 | INFO     | csq:train:202 - [epoch:2/3][loss:0.470504]
2024-08-31 14:04:21.349 | INFO     | csq:train:202 - [epoch:3/3][loss:0.463065]
2024-08-31 14:04:21.350 | INFO     | csq:train:205 - [iter:32/50][iter_time:90.38]
2024-08-31 14:04:47.090 | INFO     | csq:train:202 - [epoch:1/3][loss:0.478123]
2024-08-31 14:05:12.403 | INFO     | csq:train:202 - [epoch:2/3][loss:0.468010]
2024-08-31 14:05:38.617 | INFO     | csq:train:202 - [epoch:3/3][loss:0.461243]
2024-08-31 14:05:38.618 | INFO     | csq:train:205 - [iter:33/50][iter_time:77.27]
2024-08-31 14:06:05.192 | INFO     | csq:train:202 - [epoch:1/3][loss:0.481328]
2024-08-31 14:06:32.920 | INFO     | csq:train:202 - [epoch:2/3][loss:0.471082]
2024-08-31 14:07:00.660 | INFO     | csq:train:202 - [epoch:3/3][loss:0.463375]
2024-08-31 14:07:00.661 | INFO     | csq:train:205 - [iter:34/50][iter_time:82.04]
2024-08-31 14:07:30.648 | INFO     | csq:train:202 - [epoch:1/3][loss:0.480343]
2024-08-31 14:08:02.178 | INFO     | csq:train:202 - [epoch:2/3][loss:0.469408]
2024-08-31 14:08:34.864 | INFO     | csq:train:202 - [epoch:3/3][loss:0.465477]
2024-08-31 14:08:34.865 | INFO     | csq:train:205 - [iter:35/50][iter_time:94.20]
2024-08-31 14:16:47.241 | INFO     | csq:train:277 - [iter:35/50][code_length:32][mAP:0.67009][mAP_all:0.81169][best_mAP:0.67009]
2024-08-31 14:16:47.242 | INFO     | csq:train:278 - [iter:35/50][code_length:32][zs_mAP:0.52123][zs_mAP_all:0.55418]
2024-08-31 14:17:18.683 | INFO     | csq:train:202 - [epoch:1/3][loss:0.474364]
2024-08-31 14:17:49.244 | INFO     | csq:train:202 - [epoch:2/3][loss:0.467519]
2024-08-31 14:18:20.455 | INFO     | csq:train:202 - [epoch:3/3][loss:0.451098]
2024-08-31 14:18:20.456 | INFO     | csq:train:205 - [iter:36/50][iter_time:93.21]
2024-08-31 14:18:52.225 | INFO     | csq:train:202 - [epoch:1/3][loss:0.467890]
2024-08-31 14:19:22.980 | INFO     | csq:train:202 - [epoch:2/3][loss:0.456654]
2024-08-31 14:19:52.485 | INFO     | csq:train:202 - [epoch:3/3][loss:0.446968]
2024-08-31 14:19:52.486 | INFO     | csq:train:205 - [iter:37/50][iter_time:92.03]
2024-08-31 14:20:19.752 | INFO     | csq:train:202 - [epoch:1/3][loss:0.467994]
2024-08-31 14:20:47.061 | INFO     | csq:train:202 - [epoch:2/3][loss:0.462145]
2024-08-31 14:21:14.743 | INFO     | csq:train:202 - [epoch:3/3][loss:0.456921]
2024-08-31 14:21:14.744 | INFO     | csq:train:205 - [iter:38/50][iter_time:82.26]
2024-08-31 14:21:42.488 | INFO     | csq:train:202 - [epoch:1/3][loss:0.480524]
2024-08-31 14:22:11.025 | INFO     | csq:train:202 - [epoch:2/3][loss:0.471605]
2024-08-31 14:22:39.453 | INFO     | csq:train:202 - [epoch:3/3][loss:0.462309]
2024-08-31 14:22:39.453 | INFO     | csq:train:205 - [iter:39/50][iter_time:84.71]
2024-08-31 14:23:10.811 | INFO     | csq:train:202 - [epoch:1/3][loss:0.468064]
2024-08-31 14:23:41.919 | INFO     | csq:train:202 - [epoch:2/3][loss:0.461053]
2024-08-31 14:24:13.430 | INFO     | csq:train:202 - [epoch:3/3][loss:0.461404]
2024-08-31 14:24:13.431 | INFO     | csq:train:205 - [iter:40/50][iter_time:93.98]
2024-08-31 14:32:27.327 | INFO     | csq:train:277 - [iter:40/50][code_length:32][mAP:0.67938][mAP_all:0.82001][best_mAP:0.67938]
2024-08-31 14:32:27.328 | INFO     | csq:train:278 - [iter:40/50][code_length:32][zs_mAP:0.51947][zs_mAP_all:0.54939]
2024-08-31 14:32:59.207 | INFO     | csq:train:202 - [epoch:1/3][loss:0.476845]
2024-08-31 14:33:30.448 | INFO     | csq:train:202 - [epoch:2/3][loss:0.459247]
2024-08-31 14:34:01.759 | INFO     | csq:train:202 - [epoch:3/3][loss:0.459855]
2024-08-31 14:34:01.760 | INFO     | csq:train:205 - [iter:41/50][iter_time:94.43]
2024-08-31 14:34:33.399 | INFO     | csq:train:202 - [epoch:1/3][loss:0.481199]
2024-08-31 14:35:04.601 | INFO     | csq:train:202 - [epoch:2/3][loss:0.463975]
2024-08-31 14:35:34.752 | INFO     | csq:train:202 - [epoch:3/3][loss:0.464165]
2024-08-31 14:35:34.753 | INFO     | csq:train:205 - [iter:42/50][iter_time:92.99]
2024-08-31 14:36:01.522 | INFO     | csq:train:202 - [epoch:1/3][loss:0.477562]
2024-08-31 14:36:29.235 | INFO     | csq:train:202 - [epoch:2/3][loss:0.465718]
2024-08-31 14:36:56.485 | INFO     | csq:train:202 - [epoch:3/3][loss:0.455842]
2024-08-31 14:36:56.486 | INFO     | csq:train:205 - [iter:43/50][iter_time:81.73]
2024-08-31 14:37:24.671 | INFO     | csq:train:202 - [epoch:1/3][loss:0.477849]
2024-08-31 14:37:51.913 | INFO     | csq:train:202 - [epoch:2/3][loss:0.459646]
2024-08-31 14:38:19.515 | INFO     | csq:train:202 - [epoch:3/3][loss:0.459784]
2024-08-31 14:38:19.516 | INFO     | csq:train:205 - [iter:44/50][iter_time:83.03]
2024-08-31 14:38:51.331 | INFO     | csq:train:202 - [epoch:1/3][loss:0.473021]
2024-08-31 14:39:22.878 | INFO     | csq:train:202 - [epoch:2/3][loss:0.466673]
2024-08-31 14:39:54.318 | INFO     | csq:train:202 - [epoch:3/3][loss:0.458195]
2024-08-31 14:39:54.320 | INFO     | csq:train:205 - [iter:45/50][iter_time:94.80]
2024-08-31 14:47:58.051 | INFO     | csq:train:277 - [iter:45/50][code_length:32][mAP:0.67996][mAP_all:0.81123][best_mAP:0.67996]
2024-08-31 14:47:58.052 | INFO     | csq:train:278 - [iter:45/50][code_length:32][zs_mAP:0.49795][zs_mAP_all:0.52946]
2024-08-31 14:48:25.810 | INFO     | csq:train:202 - [epoch:1/3][loss:0.470860]
2024-08-31 14:48:53.820 | INFO     | csq:train:202 - [epoch:2/3][loss:0.464368]
2024-08-31 14:49:21.391 | INFO     | csq:train:202 - [epoch:3/3][loss:0.456135]
2024-08-31 14:49:21.392 | INFO     | csq:train:205 - [iter:46/50][iter_time:83.34]
2024-08-31 14:57:18.447 | INFO     | csq:train:277 - [iter:46/50][code_length:32][mAP:0.67940][mAP_all:0.81243][best_mAP:0.67996]
2024-08-31 14:57:18.447 | INFO     | csq:train:278 - [iter:46/50][code_length:32][zs_mAP:0.50654][zs_mAP_all:0.54042]
2024-08-31 14:57:45.764 | INFO     | csq:train:202 - [epoch:1/3][loss:0.458132]
2024-08-31 14:58:13.582 | INFO     | csq:train:202 - [epoch:2/3][loss:0.465718]
2024-08-31 14:58:40.408 | INFO     | csq:train:202 - [epoch:3/3][loss:0.460618]
2024-08-31 14:58:40.409 | INFO     | csq:train:205 - [iter:47/50][iter_time:81.96]
2024-08-31 15:06:36.689 | INFO     | csq:train:277 - [iter:47/50][code_length:32][mAP:0.68122][mAP_all:0.81352][best_mAP:0.68122]
2024-08-31 15:06:36.689 | INFO     | csq:train:278 - [iter:47/50][code_length:32][zs_mAP:0.50623][zs_mAP_all:0.53599]
2024-08-31 15:07:03.525 | INFO     | csq:train:202 - [epoch:1/3][loss:0.467926]
2024-08-31 15:07:30.552 | INFO     | csq:train:202 - [epoch:2/3][loss:0.464330]
2024-08-31 15:07:57.831 | INFO     | csq:train:202 - [epoch:3/3][loss:0.460297]
2024-08-31 15:07:57.832 | INFO     | csq:train:205 - [iter:48/50][iter_time:81.14]
2024-08-31 15:15:50.742 | INFO     | csq:train:277 - [iter:48/50][code_length:32][mAP:0.68262][mAP_all:0.81454][best_mAP:0.68262]
2024-08-31 15:15:50.743 | INFO     | csq:train:278 - [iter:48/50][code_length:32][zs_mAP:0.50717][zs_mAP_all:0.53510]
2024-08-31 15:16:17.665 | INFO     | csq:train:202 - [epoch:1/3][loss:0.472375]
2024-08-31 15:16:44.911 | INFO     | csq:train:202 - [epoch:2/3][loss:0.464926]
2024-08-31 15:17:11.934 | INFO     | csq:train:202 - [epoch:3/3][loss:0.465005]
2024-08-31 15:17:11.935 | INFO     | csq:train:205 - [iter:49/50][iter_time:81.19]
2024-08-31 15:25:05.048 | INFO     | csq:train:277 - [iter:49/50][code_length:32][mAP:0.68150][mAP_all:0.81491][best_mAP:0.68262]
2024-08-31 15:25:05.049 | INFO     | csq:train:278 - [iter:49/50][code_length:32][zs_mAP:0.50643][zs_mAP_all:0.53842]
2024-08-31 15:25:33.340 | INFO     | csq:train:202 - [epoch:1/3][loss:0.461273]
2024-08-31 15:26:00.009 | INFO     | csq:train:202 - [epoch:2/3][loss:0.452105]
2024-08-31 15:26:27.271 | INFO     | csq:train:202 - [epoch:3/3][loss:0.454321]
2024-08-31 15:26:27.272 | INFO     | csq:train:205 - [iter:50/50][iter_time:82.22]
2024-08-31 15:34:25.441 | INFO     | csq:train:277 - [iter:50/50][code_length:32][mAP:0.68781][mAP_all:0.81907][best_mAP:0.68781]
2024-08-31 15:34:25.442 | INFO     | csq:train:278 - [iter:50/50][code_length:32][zs_mAP:0.51228][zs_mAP_all:0.53980]
2024-08-31 15:34:25.442 | INFO     | csq:train:281 - [Training time:11242.24]
2024-08-31 15:34:25.444 | INFO     | __main__:run:138 - [code_length:32][map:0.6878][map_all:0.8191][zs_map:0.5123][zs_map_all:0.5398]
2024-08-31 15:34:57.841 | INFO     | csq:train:202 - [epoch:1/3][loss:0.724017]
2024-08-31 15:35:29.057 | INFO     | csq:train:202 - [epoch:2/3][loss:0.687001]
2024-08-31 15:36:00.498 | INFO     | csq:train:202 - [epoch:3/3][loss:0.662507]
2024-08-31 15:36:00.499 | INFO     | csq:train:205 - [iter:1/50][iter_time:94.37]
2024-08-31 15:36:31.729 | INFO     | csq:train:202 - [epoch:1/3][loss:0.653261]
2024-08-31 15:37:03.301 | INFO     | csq:train:202 - [epoch:2/3][loss:0.636023]
2024-08-31 15:37:31.087 | INFO     | csq:train:202 - [epoch:3/3][loss:0.624096]
2024-08-31 15:37:31.088 | INFO     | csq:train:205 - [iter:2/50][iter_time:90.59]
2024-08-31 15:37:58.355 | INFO     | csq:train:202 - [epoch:1/3][loss:0.613716]
2024-08-31 15:38:26.169 | INFO     | csq:train:202 - [epoch:2/3][loss:0.602732]
2024-08-31 15:38:54.292 | INFO     | csq:train:202 - [epoch:3/3][loss:0.592710]
2024-08-31 15:38:54.293 | INFO     | csq:train:205 - [iter:3/50][iter_time:83.20]
2024-08-31 15:39:21.388 | INFO     | csq:train:202 - [epoch:1/3][loss:0.595406]
2024-08-31 15:39:50.033 | INFO     | csq:train:202 - [epoch:2/3][loss:0.586546]
2024-08-31 15:40:23.910 | INFO     | csq:train:202 - [epoch:3/3][loss:0.579702]
2024-08-31 15:40:23.911 | INFO     | csq:train:205 - [iter:4/50][iter_time:89.62]
2024-08-31 15:40:56.179 | INFO     | csq:train:202 - [epoch:1/3][loss:0.578152]
2024-08-31 15:41:28.106 | INFO     | csq:train:202 - [epoch:2/3][loss:0.569415]
2024-08-31 15:42:01.458 | INFO     | csq:train:202 - [epoch:3/3][loss:0.564426]
2024-08-31 15:42:01.459 | INFO     | csq:train:205 - [iter:5/50][iter_time:97.55]
2024-08-31 15:50:14.118 | INFO     | csq:train:277 - [iter:5/50][code_length:64][mAP:0.58143][mAP_all:0.80190][best_mAP:0.58143]
2024-08-31 15:50:14.119 | INFO     | csq:train:278 - [iter:5/50][code_length:64][zs_mAP:0.54784][zs_mAP_all:0.58428]
2024-08-31 15:50:45.402 | INFO     | csq:train:202 - [epoch:1/3][loss:0.564957]
2024-08-31 15:51:16.812 | INFO     | csq:train:202 - [epoch:2/3][loss:0.556646]
2024-08-31 15:51:48.137 | INFO     | csq:train:202 - [epoch:3/3][loss:0.552006]
2024-08-31 15:51:48.138 | INFO     | csq:train:205 - [iter:6/50][iter_time:94.02]
2024-08-31 15:52:20.017 | INFO     | csq:train:202 - [epoch:1/3][loss:0.550015]
2024-08-31 15:52:51.537 | INFO     | csq:train:202 - [epoch:2/3][loss:0.546587]
2024-08-31 15:53:19.470 | INFO     | csq:train:202 - [epoch:3/3][loss:0.537525]
2024-08-31 15:53:19.471 | INFO     | csq:train:205 - [iter:7/50][iter_time:91.33]
2024-08-31 15:53:46.933 | INFO     | csq:train:202 - [epoch:1/3][loss:0.547441]
2024-08-31 15:54:14.404 | INFO     | csq:train:202 - [epoch:2/3][loss:0.546284]
2024-08-31 15:54:41.508 | INFO     | csq:train:202 - [epoch:3/3][loss:0.539298]
2024-08-31 15:54:41.508 | INFO     | csq:train:205 - [iter:8/50][iter_time:82.04]
2024-08-31 15:55:08.505 | INFO     | csq:train:202 - [epoch:1/3][loss:0.542878]
2024-08-31 15:55:35.635 | INFO     | csq:train:202 - [epoch:2/3][loss:0.539097]
2024-08-31 15:56:07.511 | INFO     | csq:train:202 - [epoch:3/3][loss:0.533314]
2024-08-31 15:56:07.512 | INFO     | csq:train:205 - [iter:9/50][iter_time:86.00]
2024-08-31 15:56:41.221 | INFO     | csq:train:202 - [epoch:1/3][loss:0.531245]
2024-08-31 15:57:13.511 | INFO     | csq:train:202 - [epoch:2/3][loss:0.525145]
2024-08-31 15:57:45.799 | INFO     | csq:train:202 - [epoch:3/3][loss:0.523560]
2024-08-31 15:57:45.800 | INFO     | csq:train:205 - [iter:10/50][iter_time:98.29]
2024-08-31 16:06:00.062 | INFO     | csq:train:277 - [iter:10/50][code_length:64][mAP:0.62494][mAP_all:0.81385][best_mAP:0.62494]
2024-08-31 16:06:00.062 | INFO     | csq:train:278 - [iter:10/50][code_length:64][zs_mAP:0.55958][zs_mAP_all:0.59217]
2024-08-31 16:06:31.198 | INFO     | csq:train:202 - [epoch:1/3][loss:0.533321]
2024-08-31 16:07:02.763 | INFO     | csq:train:202 - [epoch:2/3][loss:0.526318]
2024-08-31 16:07:34.286 | INFO     | csq:train:202 - [epoch:3/3][loss:0.520446]
2024-08-31 16:07:34.287 | INFO     | csq:train:205 - [iter:11/50][iter_time:94.22]
2024-08-31 16:08:05.570 | INFO     | csq:train:202 - [epoch:1/3][loss:0.532468]
2024-08-31 16:08:35.094 | INFO     | csq:train:202 - [epoch:2/3][loss:0.527695]
2024-08-31 16:09:01.846 | INFO     | csq:train:202 - [epoch:3/3][loss:0.524494]
2024-08-31 16:09:01.847 | INFO     | csq:train:205 - [iter:12/50][iter_time:87.56]
2024-08-31 16:09:29.583 | INFO     | csq:train:202 - [epoch:1/3][loss:0.523067]
2024-08-31 16:09:57.050 | INFO     | csq:train:202 - [epoch:2/3][loss:0.516882]
2024-08-31 16:10:24.534 | INFO     | csq:train:202 - [epoch:3/3][loss:0.515878]
2024-08-31 16:10:24.535 | INFO     | csq:train:205 - [iter:13/50][iter_time:82.69]
2024-08-31 16:10:51.636 | INFO     | csq:train:202 - [epoch:1/3][loss:0.520061]
2024-08-31 16:11:21.578 | INFO     | csq:train:202 - [epoch:2/3][loss:0.512913]
2024-08-31 16:11:54.618 | INFO     | csq:train:202 - [epoch:3/3][loss:0.506021]
2024-08-31 16:11:54.618 | INFO     | csq:train:205 - [iter:14/50][iter_time:90.08]
2024-08-31 16:12:27.322 | INFO     | csq:train:202 - [epoch:1/3][loss:0.529089]
2024-08-31 16:12:59.376 | INFO     | csq:train:202 - [epoch:2/3][loss:0.514045]
2024-08-31 16:13:31.910 | INFO     | csq:train:202 - [epoch:3/3][loss:0.511435]
2024-08-31 16:13:31.911 | INFO     | csq:train:205 - [iter:15/50][iter_time:97.29]
2024-08-31 16:21:41.172 | INFO     | csq:train:277 - [iter:15/50][code_length:64][mAP:0.64946][mAP_all:0.81478][best_mAP:0.64946]
2024-08-31 16:21:41.173 | INFO     | csq:train:278 - [iter:15/50][code_length:64][zs_mAP:0.53652][zs_mAP_all:0.56921]
2024-08-31 16:22:13.147 | INFO     | csq:train:202 - [epoch:1/3][loss:0.516451]
2024-08-31 16:22:44.013 | INFO     | csq:train:202 - [epoch:2/3][loss:0.515522]
2024-08-31 16:23:15.791 | INFO     | csq:train:202 - [epoch:3/3][loss:0.507443]
2024-08-31 16:23:15.791 | INFO     | csq:train:205 - [iter:16/50][iter_time:94.62]
2024-08-31 16:23:46.363 | INFO     | csq:train:202 - [epoch:1/3][loss:0.514213]
2024-08-31 16:24:15.686 | INFO     | csq:train:202 - [epoch:2/3][loss:0.511995]
2024-08-31 16:24:42.861 | INFO     | csq:train:202 - [epoch:3/3][loss:0.507074]
2024-08-31 16:24:42.862 | INFO     | csq:train:205 - [iter:17/50][iter_time:87.07]
2024-08-31 16:25:09.922 | INFO     | csq:train:202 - [epoch:1/3][loss:0.511608]
2024-08-31 16:25:36.678 | INFO     | csq:train:202 - [epoch:2/3][loss:0.508580]
2024-08-31 16:26:03.873 | INFO     | csq:train:202 - [epoch:3/3][loss:0.507896]
2024-08-31 16:26:03.874 | INFO     | csq:train:205 - [iter:18/50][iter_time:81.01]
2024-08-31 16:26:30.052 | INFO     | csq:train:202 - [epoch:1/3][loss:0.514858]
2024-08-31 16:27:00.111 | INFO     | csq:train:202 - [epoch:2/3][loss:0.507620]
2024-08-31 16:27:32.674 | INFO     | csq:train:202 - [epoch:3/3][loss:0.502973]
2024-08-31 16:27:32.675 | INFO     | csq:train:205 - [iter:19/50][iter_time:88.80]
2024-08-31 16:28:05.765 | INFO     | csq:train:202 - [epoch:1/3][loss:0.504474]
2024-08-31 16:28:39.096 | INFO     | csq:train:202 - [epoch:2/3][loss:0.502985]
2024-08-31 16:29:12.524 | INFO     | csq:train:202 - [epoch:3/3][loss:0.499075]
2024-08-31 16:29:12.526 | INFO     | csq:train:205 - [iter:20/50][iter_time:99.85]
2024-08-31 16:37:20.665 | INFO     | csq:train:277 - [iter:20/50][code_length:64][mAP:0.66053][mAP_all:0.81592][best_mAP:0.66053]
2024-08-31 16:37:20.665 | INFO     | csq:train:278 - [iter:20/50][code_length:64][zs_mAP:0.53678][zs_mAP_all:0.57480]
2024-08-31 16:37:51.949 | INFO     | csq:train:202 - [epoch:1/3][loss:0.512596]
2024-08-31 16:38:23.526 | INFO     | csq:train:202 - [epoch:2/3][loss:0.501457]
2024-08-31 16:38:54.564 | INFO     | csq:train:202 - [epoch:3/3][loss:0.495981]
2024-08-31 16:38:54.565 | INFO     | csq:train:205 - [iter:21/50][iter_time:93.90]
2024-08-31 16:39:26.024 | INFO     | csq:train:202 - [epoch:1/3][loss:0.507461]
2024-08-31 16:39:55.724 | INFO     | csq:train:202 - [epoch:2/3][loss:0.497038]
2024-08-31 16:40:22.249 | INFO     | csq:train:202 - [epoch:3/3][loss:0.492917]
2024-08-31 16:40:22.250 | INFO     | csq:train:205 - [iter:22/50][iter_time:87.69]
2024-08-31 16:40:49.633 | INFO     | csq:train:202 - [epoch:1/3][loss:0.499347]
2024-08-31 16:41:17.155 | INFO     | csq:train:202 - [epoch:2/3][loss:0.489204]
2024-08-31 16:41:45.154 | INFO     | csq:train:202 - [epoch:3/3][loss:0.487394]
2024-08-31 16:41:45.155 | INFO     | csq:train:205 - [iter:23/50][iter_time:82.90]
2024-08-31 16:42:12.436 | INFO     | csq:train:202 - [epoch:1/3][loss:0.502053]
2024-08-31 16:42:45.240 | INFO     | csq:train:202 - [epoch:2/3][loss:0.502382]
2024-08-31 16:43:18.273 | INFO     | csq:train:202 - [epoch:3/3][loss:0.493584]
2024-08-31 16:43:18.274 | INFO     | csq:train:205 - [iter:24/50][iter_time:93.12]
2024-08-31 16:43:50.166 | INFO     | csq:train:202 - [epoch:1/3][loss:0.502357]
2024-08-31 16:44:23.524 | INFO     | csq:train:202 - [epoch:2/3][loss:0.483310]
2024-08-31 16:44:57.367 | INFO     | csq:train:202 - [epoch:3/3][loss:0.489336]
2024-08-31 16:44:57.368 | INFO     | csq:train:205 - [iter:25/50][iter_time:99.09]
2024-08-31 16:53:10.638 | INFO     | csq:train:277 - [iter:25/50][code_length:64][mAP:0.67135][mAP_all:0.81801][best_mAP:0.67135]
2024-08-31 16:53:10.639 | INFO     | csq:train:278 - [iter:25/50][code_length:64][zs_mAP:0.52574][zs_mAP_all:0.56222]
2024-08-31 16:53:42.051 | INFO     | csq:train:202 - [epoch:1/3][loss:0.497318]
2024-08-31 16:54:13.902 | INFO     | csq:train:202 - [epoch:2/3][loss:0.488700]
2024-08-31 16:54:45.581 | INFO     | csq:train:202 - [epoch:3/3][loss:0.483015]
2024-08-31 16:54:45.581 | INFO     | csq:train:205 - [iter:26/50][iter_time:94.94]
2024-08-31 16:55:16.466 | INFO     | csq:train:202 - [epoch:1/3][loss:0.496419]
2024-08-31 16:55:42.791 | INFO     | csq:train:202 - [epoch:2/3][loss:0.498494]
2024-08-31 16:56:10.259 | INFO     | csq:train:202 - [epoch:3/3][loss:0.491700]
2024-08-31 16:56:10.259 | INFO     | csq:train:205 - [iter:27/50][iter_time:84.68]
2024-08-31 16:56:37.789 | INFO     | csq:train:202 - [epoch:1/3][loss:0.505966]
2024-08-31 16:57:05.382 | INFO     | csq:train:202 - [epoch:2/3][loss:0.488435]
2024-08-31 16:57:33.120 | INFO     | csq:train:202 - [epoch:3/3][loss:0.485102]
2024-08-31 16:57:33.121 | INFO     | csq:train:205 - [iter:28/50][iter_time:82.86]
2024-08-31 16:58:03.025 | INFO     | csq:train:202 - [epoch:1/3][loss:0.491099]
2024-08-31 16:58:35.659 | INFO     | csq:train:202 - [epoch:2/3][loss:0.488350]
2024-08-31 16:59:08.096 | INFO     | csq:train:202 - [epoch:3/3][loss:0.475516]
2024-08-31 16:59:08.097 | INFO     | csq:train:205 - [iter:29/50][iter_time:94.98]
2024-08-31 16:59:41.085 | INFO     | csq:train:202 - [epoch:1/3][loss:0.493087]
2024-08-31 17:00:13.583 | INFO     | csq:train:202 - [epoch:2/3][loss:0.481912]
2024-08-31 17:00:46.778 | INFO     | csq:train:202 - [epoch:3/3][loss:0.480583]
2024-08-31 17:00:46.779 | INFO     | csq:train:205 - [iter:30/50][iter_time:98.68]
2024-08-31 17:09:00.809 | INFO     | csq:train:277 - [iter:30/50][code_length:64][mAP:0.67805][mAP_all:0.82060][best_mAP:0.67805]
2024-08-31 17:09:00.810 | INFO     | csq:train:278 - [iter:30/50][code_length:64][zs_mAP:0.53566][zs_mAP_all:0.57837]
2024-08-31 17:09:31.390 | INFO     | csq:train:202 - [epoch:1/3][loss:0.489700]
2024-08-31 17:10:02.928 | INFO     | csq:train:202 - [epoch:2/3][loss:0.481474]
2024-08-31 17:10:34.240 | INFO     | csq:train:202 - [epoch:3/3][loss:0.476865]
2024-08-31 17:10:34.241 | INFO     | csq:train:205 - [iter:31/50][iter_time:93.43]
2024-08-31 17:11:04.465 | INFO     | csq:train:202 - [epoch:1/3][loss:0.489747]
2024-08-31 17:11:31.129 | INFO     | csq:train:202 - [epoch:2/3][loss:0.485353]
2024-08-31 17:11:58.104 | INFO     | csq:train:202 - [epoch:3/3][loss:0.480821]
2024-08-31 17:11:58.105 | INFO     | csq:train:205 - [iter:32/50][iter_time:83.86]
2024-08-31 17:12:25.197 | INFO     | csq:train:202 - [epoch:1/3][loss:0.487827]
2024-08-31 17:12:52.357 | INFO     | csq:train:202 - [epoch:2/3][loss:0.480637]
2024-08-31 17:13:19.473 | INFO     | csq:train:202 - [epoch:3/3][loss:0.472698]
2024-08-31 17:13:19.474 | INFO     | csq:train:205 - [iter:33/50][iter_time:81.37]
2024-08-31 17:13:50.216 | INFO     | csq:train:202 - [epoch:1/3][loss:0.496348]
2024-08-31 17:14:22.972 | INFO     | csq:train:202 - [epoch:2/3][loss:0.482063]
2024-08-31 17:14:56.356 | INFO     | csq:train:202 - [epoch:3/3][loss:0.474482]
2024-08-31 17:14:56.357 | INFO     | csq:train:205 - [iter:34/50][iter_time:96.88]
2024-08-31 17:15:27.592 | INFO     | csq:train:202 - [epoch:1/3][loss:0.487998]
2024-08-31 17:16:01.120 | INFO     | csq:train:202 - [epoch:2/3][loss:0.482352]
2024-08-31 17:16:32.466 | INFO     | csq:train:202 - [epoch:3/3][loss:0.476223]
2024-08-31 17:16:32.467 | INFO     | csq:train:205 - [iter:35/50][iter_time:96.11]
2024-08-31 17:24:42.645 | INFO     | csq:train:277 - [iter:35/50][code_length:64][mAP:0.69034][mAP_all:0.81650][best_mAP:0.69034]
2024-08-31 17:24:42.646 | INFO     | csq:train:278 - [iter:35/50][code_length:64][zs_mAP:0.52293][zs_mAP_all:0.55279]
2024-08-31 17:25:13.863 | INFO     | csq:train:202 - [epoch:1/3][loss:0.490359]
2024-08-31 17:25:44.560 | INFO     | csq:train:202 - [epoch:2/3][loss:0.490818]
2024-08-31 17:26:15.969 | INFO     | csq:train:202 - [epoch:3/3][loss:0.474348]
2024-08-31 17:26:15.970 | INFO     | csq:train:205 - [iter:36/50][iter_time:93.32]
2024-08-31 17:26:46.419 | INFO     | csq:train:202 - [epoch:1/3][loss:0.485311]
2024-08-31 17:27:14.668 | INFO     | csq:train:202 - [epoch:2/3][loss:0.472500]
2024-08-31 17:27:41.885 | INFO     | csq:train:202 - [epoch:3/3][loss:0.469814]
2024-08-31 17:27:41.886 | INFO     | csq:train:205 - [iter:37/50][iter_time:85.92]
2024-08-31 17:28:08.752 | INFO     | csq:train:202 - [epoch:1/3][loss:0.485664]
2024-08-31 17:28:36.469 | INFO     | csq:train:202 - [epoch:2/3][loss:0.475545]
2024-08-31 17:29:04.263 | INFO     | csq:train:202 - [epoch:3/3][loss:0.469525]
2024-08-31 17:29:04.263 | INFO     | csq:train:205 - [iter:38/50][iter_time:82.38]
2024-08-31 17:29:34.994 | INFO     | csq:train:202 - [epoch:1/3][loss:0.483171]
2024-08-31 17:30:06.581 | INFO     | csq:train:202 - [epoch:2/3][loss:0.470944]
2024-08-31 17:30:39.405 | INFO     | csq:train:202 - [epoch:3/3][loss:0.465216]
2024-08-31 17:30:39.406 | INFO     | csq:train:205 - [iter:39/50][iter_time:95.14]
2024-08-31 17:31:11.694 | INFO     | csq:train:202 - [epoch:1/3][loss:0.481046]
2024-08-31 17:31:45.218 | INFO     | csq:train:202 - [epoch:2/3][loss:0.472383]
2024-08-31 17:32:19.346 | INFO     | csq:train:202 - [epoch:3/3][loss:0.468494]
2024-08-31 17:32:19.346 | INFO     | csq:train:205 - [iter:40/50][iter_time:99.94]
2024-08-31 17:40:31.847 | INFO     | csq:train:277 - [iter:40/50][code_length:64][mAP:0.68764][mAP_all:0.81867][best_mAP:0.69034]
2024-08-31 17:40:31.848 | INFO     | csq:train:278 - [iter:40/50][code_length:64][zs_mAP:0.52176][zs_mAP_all:0.55490]
2024-08-31 17:41:02.843 | INFO     | csq:train:202 - [epoch:1/3][loss:0.485564]
2024-08-31 17:41:34.571 | INFO     | csq:train:202 - [epoch:2/3][loss:0.477059]
2024-08-31 17:42:05.949 | INFO     | csq:train:202 - [epoch:3/3][loss:0.471555]
2024-08-31 17:42:05.950 | INFO     | csq:train:205 - [iter:41/50][iter_time:94.10]
2024-08-31 17:42:34.839 | INFO     | csq:train:202 - [epoch:1/3][loss:0.485613]
2024-08-31 17:43:02.244 | INFO     | csq:train:202 - [epoch:2/3][loss:0.477832]
2024-08-31 17:43:29.013 | INFO     | csq:train:202 - [epoch:3/3][loss:0.468483]
2024-08-31 17:43:29.014 | INFO     | csq:train:205 - [iter:42/50][iter_time:83.06]
2024-08-31 17:43:55.633 | INFO     | csq:train:202 - [epoch:1/3][loss:0.482784]
2024-08-31 17:44:22.464 | INFO     | csq:train:202 - [epoch:2/3][loss:0.475519]
2024-08-31 17:44:49.798 | INFO     | csq:train:202 - [epoch:3/3][loss:0.472492]
2024-08-31 17:44:49.799 | INFO     | csq:train:205 - [iter:43/50][iter_time:80.78]
2024-08-31 17:45:21.760 | INFO     | csq:train:202 - [epoch:1/3][loss:0.480583]
2024-08-31 17:45:55.484 | INFO     | csq:train:202 - [epoch:2/3][loss:0.475674]
2024-08-31 17:46:27.702 | INFO     | csq:train:202 - [epoch:3/3][loss:0.467708]
2024-08-31 17:46:27.703 | INFO     | csq:train:205 - [iter:44/50][iter_time:97.90]
2024-08-31 17:46:59.824 | INFO     | csq:train:202 - [epoch:1/3][loss:0.480781]
2024-08-31 17:47:34.423 | INFO     | csq:train:202 - [epoch:2/3][loss:0.474210]
2024-08-31 17:48:06.747 | INFO     | csq:train:202 - [epoch:3/3][loss:0.462538]
2024-08-31 17:48:06.748 | INFO     | csq:train:205 - [iter:45/50][iter_time:99.04]
2024-08-31 17:56:01.049 | INFO     | csq:train:277 - [iter:45/50][code_length:64][mAP:0.69557][mAP_all:0.82351][best_mAP:0.69557]
2024-08-31 17:56:01.050 | INFO     | csq:train:278 - [iter:45/50][code_length:64][zs_mAP:0.52189][zs_mAP_all:0.55220]
2024-08-31 17:56:26.954 | INFO     | csq:train:202 - [epoch:1/3][loss:0.481789]
2024-08-31 17:56:52.342 | INFO     | csq:train:202 - [epoch:2/3][loss:0.478135]
2024-08-31 17:57:17.773 | INFO     | csq:train:202 - [epoch:3/3][loss:0.482819]
2024-08-31 17:57:17.774 | INFO     | csq:train:205 - [iter:46/50][iter_time:76.72]
2024-08-31 18:05:13.013 | INFO     | csq:train:277 - [iter:46/50][code_length:64][mAP:0.69596][mAP_all:0.82295][best_mAP:0.69596]
2024-08-31 18:05:13.014 | INFO     | csq:train:278 - [iter:46/50][code_length:64][zs_mAP:0.52534][zs_mAP_all:0.55667]
2024-08-31 18:05:39.415 | INFO     | csq:train:202 - [epoch:1/3][loss:0.478014]
2024-08-31 18:06:06.997 | INFO     | csq:train:202 - [epoch:2/3][loss:0.472284]
2024-08-31 18:06:34.060 | INFO     | csq:train:202 - [epoch:3/3][loss:0.471461]
2024-08-31 18:06:34.062 | INFO     | csq:train:205 - [iter:47/50][iter_time:81.05]
2024-08-31 18:14:29.598 | INFO     | csq:train:277 - [iter:47/50][code_length:64][mAP:0.69757][mAP_all:0.82437][best_mAP:0.69757]
2024-08-31 18:14:29.598 | INFO     | csq:train:278 - [iter:47/50][code_length:64][zs_mAP:0.53109][zs_mAP_all:0.55920]
2024-08-31 18:14:56.509 | INFO     | csq:train:202 - [epoch:1/3][loss:0.482129]
2024-08-31 18:15:24.210 | INFO     | csq:train:202 - [epoch:2/3][loss:0.477691]
2024-08-31 18:15:50.817 | INFO     | csq:train:202 - [epoch:3/3][loss:0.481914]
2024-08-31 18:15:50.818 | INFO     | csq:train:205 - [iter:48/50][iter_time:81.22]
2024-08-31 18:23:46.159 | INFO     | csq:train:277 - [iter:48/50][code_length:64][mAP:0.69720][mAP_all:0.82296][best_mAP:0.69757]
2024-08-31 18:23:46.159 | INFO     | csq:train:278 - [iter:48/50][code_length:64][zs_mAP:0.52352][zs_mAP_all:0.55577]
2024-08-31 18:24:13.524 | INFO     | csq:train:202 - [epoch:1/3][loss:0.474452]
2024-08-31 18:24:40.693 | INFO     | csq:train:202 - [epoch:2/3][loss:0.468554]
2024-08-31 18:25:07.717 | INFO     | csq:train:202 - [epoch:3/3][loss:0.470469]
2024-08-31 18:25:07.717 | INFO     | csq:train:205 - [iter:49/50][iter_time:81.56]
2024-08-31 18:32:59.934 | INFO     | csq:train:277 - [iter:49/50][code_length:64][mAP:0.69702][mAP_all:0.82289][best_mAP:0.69757]
2024-08-31 18:32:59.935 | INFO     | csq:train:278 - [iter:49/50][code_length:64][zs_mAP:0.51832][zs_mAP_all:0.55162]
2024-08-31 18:33:27.145 | INFO     | csq:train:202 - [epoch:1/3][loss:0.469592]
2024-08-31 18:33:55.250 | INFO     | csq:train:202 - [epoch:2/3][loss:0.475323]
2024-08-31 18:34:22.612 | INFO     | csq:train:202 - [epoch:3/3][loss:0.473596]
2024-08-31 18:34:22.613 | INFO     | csq:train:205 - [iter:50/50][iter_time:82.68]
2024-08-31 18:42:24.214 | INFO     | csq:train:277 - [iter:50/50][code_length:64][mAP:0.70056][mAP_all:0.82442][best_mAP:0.70056]
2024-08-31 18:42:24.215 | INFO     | csq:train:278 - [iter:50/50][code_length:64][zs_mAP:0.52921][zs_mAP_all:0.55839]
2024-08-31 18:42:24.215 | INFO     | csq:train:281 - [Training time:11278.09]
2024-08-31 18:42:24.222 | INFO     | __main__:run:138 - [code_length:64][map:0.7006][map_all:0.8244][zs_map:0.5292][zs_map_all:0.5584]
