2023-11-15 11:47:27.508 | SUCCESS  | __main__:run:50 - Namespace(align_step=50, arch='semicon', batch_size=16, cauchy_gamma=20.0, code_length=[16, 32, 64], dataset='imagenetzs', device=device(type='cuda', index=2), epoch_change=11, gamma=200, gpu=2, info='imagenetzs-15-85-semicon-11-15-16,32,64', lambd=0.1, lambd_ch=0.1, lambd_sp=0.1, lr=0.00025, lr_step=[45], margin=0.1, max_epoch=1, max_iter=50, momen=0.91, nesterov=False, net='ResNet', num_classes=85, num_query=1000, num_samples=11050, num_workers=2, num_zs=15, optim='SGD', pretrain=True, quan_loss=False, root='/4T/ImageNet/ILSVRC', save_ckpt='checkpoints/', topk=1000, val_freq=5, wd=0.0001)
2023-11-15 11:51:07.302 | INFO     | SEMICON_train:train:97 - [epoch:1/1][cnn_loss:2.604288][hash_loss:2.385776][quan_loss:0.218511]
2023-11-15 11:51:07.309 | INFO     | SEMICON_train:train:105 - [iter:1/50][iter_time:191.56]
2023-11-15 11:53:59.254 | INFO     | SEMICON_train:train:97 - [epoch:1/1][cnn_loss:2.462541][hash_loss:2.258299][quan_loss:0.204242]
2023-11-15 11:53:59.259 | INFO     | SEMICON_train:train:105 - [iter:2/50][iter_time:171.95]
2023-11-15 11:56:51.081 | INFO     | SEMICON_train:train:97 - [epoch:1/1][cnn_loss:2.361592][hash_loss:2.171423][quan_loss:0.190169]
2023-11-15 11:56:51.086 | INFO     | SEMICON_train:train:105 - [iter:3/50][iter_time:171.83]
2023-11-15 11:59:56.983 | INFO     | SEMICON_train:train:97 - [epoch:1/1][cnn_loss:2.315642][hash_loss:2.131911][quan_loss:0.183731]
2023-11-15 11:59:56.989 | INFO     | SEMICON_train:train:105 - [iter:4/50][iter_time:185.90]
2023-11-15 12:03:17.885 | INFO     | SEMICON_train:train:97 - [epoch:1/1][cnn_loss:2.288373][hash_loss:2.108362][quan_loss:0.180011]
2023-11-15 12:03:17.892 | INFO     | SEMICON_train:train:105 - [iter:5/50][iter_time:200.90]
2023-11-15 12:13:48.391 | INFO     | SEMICON_train:train:183 - [iter:5/50][code_length:16][mAP:0.60685][mAP_all:0.59728][best_mAP:0.60685]
2023-11-15 12:13:48.391 | INFO     | SEMICON_train:train:184 - [iter:5/50][code_length:16][zs_mAP:0.37619][zs_mAP_all:0.11792]
2023-11-15 12:16:46.020 | INFO     | SEMICON_train:train:97 - [epoch:1/1][cnn_loss:2.270856][hash_loss:2.093170][quan_loss:0.177687]
2023-11-15 12:16:46.025 | INFO     | SEMICON_train:train:105 - [iter:6/50][iter_time:177.63]
2023-11-15 12:19:38.135 | INFO     | SEMICON_train:train:97 - [epoch:1/1][cnn_loss:2.257534][hash_loss:2.081329][quan_loss:0.176205]
2023-11-15 12:19:38.141 | INFO     | SEMICON_train:train:105 - [iter:7/50][iter_time:172.12]
2023-11-15 12:22:43.465 | INFO     | SEMICON_train:train:97 - [epoch:1/1][cnn_loss:2.247044][hash_loss:2.072262][quan_loss:0.174782]
2023-11-15 12:22:43.474 | INFO     | SEMICON_train:train:105 - [iter:8/50][iter_time:185.33]
2023-11-15 12:25:58.888 | INFO     | SEMICON_train:train:97 - [epoch:1/1][cnn_loss:2.240923][hash_loss:2.066809][quan_loss:0.174114]
2023-11-15 12:25:58.894 | INFO     | SEMICON_train:train:105 - [iter:9/50][iter_time:195.42]
2023-11-15 12:29:31.105 | INFO     | SEMICON_train:train:97 - [epoch:1/1][cnn_loss:2.233250][hash_loss:2.060074][quan_loss:0.173176]
2023-11-15 12:29:31.112 | INFO     | SEMICON_train:train:105 - [iter:10/50][iter_time:212.22]
2023-11-15 12:40:05.867 | INFO     | SEMICON_train:train:183 - [iter:10/50][code_length:16][mAP:0.69326][mAP_all:0.68358][best_mAP:0.69326]
2023-11-15 12:40:05.868 | INFO     | SEMICON_train:train:184 - [iter:10/50][code_length:16][zs_mAP:0.38739][zs_mAP_all:0.13271]
2023-11-15 12:43:00.277 | INFO     | SEMICON_train:train:97 - [epoch:1/1][cnn_loss:2.228408][hash_loss:2.055901][quan_loss:0.172507]
2023-11-15 12:43:00.282 | INFO     | SEMICON_train:train:105 - [iter:11/50][iter_time:174.41]
2023-11-15 12:46:03.692 | INFO     | SEMICON_train:train:97 - [epoch:1/1][cnn_loss:2.222254][hash_loss:2.050419][quan_loss:0.171835]
2023-11-15 12:46:03.698 | INFO     | SEMICON_train:train:105 - [iter:12/50][iter_time:183.42]
2023-11-15 12:49:21.303 | INFO     | SEMICON_train:train:97 - [epoch:1/1][cnn_loss:2.218077][hash_loss:2.046831][quan_loss:0.171246]
2023-11-15 12:49:21.308 | INFO     | SEMICON_train:train:105 - [iter:13/50][iter_time:197.61]
2023-11-15 12:52:49.176 | INFO     | SEMICON_train:train:97 - [epoch:1/1][cnn_loss:2.213560][hash_loss:2.042854][quan_loss:0.170706]
2023-11-15 12:52:49.185 | INFO     | SEMICON_train:train:105 - [iter:14/50][iter_time:207.88]
2023-11-15 12:56:21.740 | INFO     | SEMICON_train:train:97 - [epoch:1/1][cnn_loss:2.208462][hash_loss:2.038345][quan_loss:0.170117]
2023-11-15 12:56:21.748 | INFO     | SEMICON_train:train:105 - [iter:15/50][iter_time:212.56]
2023-11-15 13:06:49.670 | INFO     | SEMICON_train:train:183 - [iter:15/50][code_length:16][mAP:0.72740][mAP_all:0.71793][best_mAP:0.72740]
2023-11-15 13:06:49.671 | INFO     | SEMICON_train:train:184 - [iter:15/50][code_length:16][zs_mAP:0.38530][zs_mAP_all:0.14077]
2023-11-15 13:09:54.501 | INFO     | SEMICON_train:train:97 - [epoch:1/1][cnn_loss:2.204885][hash_loss:2.035336][quan_loss:0.169549]
2023-11-15 13:09:54.506 | INFO     | SEMICON_train:train:105 - [iter:16/50][iter_time:184.83]
2023-11-15 13:13:10.730 | INFO     | SEMICON_train:train:97 - [epoch:1/1][cnn_loss:2.200253][hash_loss:2.031230][quan_loss:0.169023]
2023-11-15 13:13:10.736 | INFO     | SEMICON_train:train:105 - [iter:17/50][iter_time:196.23]
2023-11-15 13:16:34.821 | INFO     | SEMICON_train:train:97 - [epoch:1/1][cnn_loss:2.199688][hash_loss:2.030770][quan_loss:0.168919]
2023-11-15 13:16:34.827 | INFO     | SEMICON_train:train:105 - [iter:18/50][iter_time:204.09]
2023-11-15 13:20:07.322 | INFO     | SEMICON_train:train:97 - [epoch:1/1][cnn_loss:2.196025][hash_loss:2.027557][quan_loss:0.168468]
2023-11-15 13:20:07.332 | INFO     | SEMICON_train:train:105 - [iter:19/50][iter_time:212.50]
2023-11-15 13:23:30.614 | INFO     | SEMICON_train:train:97 - [epoch:1/1][cnn_loss:2.192885][hash_loss:2.024750][quan_loss:0.168134]
2023-11-15 13:23:30.619 | INFO     | SEMICON_train:train:105 - [iter:20/50][iter_time:203.29]
2023-11-15 13:33:45.241 | INFO     | SEMICON_train:train:183 - [iter:20/50][code_length:16][mAP:0.76348][mAP_all:0.75425][best_mAP:0.76348]
2023-11-15 13:33:45.242 | INFO     | SEMICON_train:train:184 - [iter:20/50][code_length:16][zs_mAP:0.41349][zs_mAP_all:0.15538]
2023-11-15 13:37:00.608 | INFO     | SEMICON_train:train:97 - [epoch:1/1][cnn_loss:2.189238][hash_loss:2.021726][quan_loss:0.167512]
2023-11-15 13:37:00.614 | INFO     | SEMICON_train:train:105 - [iter:21/50][iter_time:195.37]
2023-11-15 13:40:18.620 | INFO     | SEMICON_train:train:97 - [epoch:1/1][cnn_loss:2.187839][hash_loss:2.020395][quan_loss:0.167444]
2023-11-15 13:40:18.626 | INFO     | SEMICON_train:train:105 - [iter:22/50][iter_time:198.01]
2023-11-15 13:43:50.185 | INFO     | SEMICON_train:train:97 - [epoch:1/1][cnn_loss:2.185572][hash_loss:2.018514][quan_loss:0.167059]
2023-11-15 13:43:50.190 | INFO     | SEMICON_train:train:105 - [iter:23/50][iter_time:211.56]
2023-11-15 13:47:11.828 | INFO     | SEMICON_train:train:97 - [epoch:1/1][cnn_loss:2.183194][hash_loss:2.016359][quan_loss:0.166835]
2023-11-15 13:47:11.834 | INFO     | SEMICON_train:train:105 - [iter:24/50][iter_time:201.64]
2023-11-15 13:50:22.702 | INFO     | SEMICON_train:train:97 - [epoch:1/1][cnn_loss:2.182201][hash_loss:2.015500][quan_loss:0.166702]
2023-11-15 13:50:22.707 | INFO     | SEMICON_train:train:105 - [iter:25/50][iter_time:190.87]
2023-11-15 14:00:29.321 | INFO     | SEMICON_train:train:183 - [iter:25/50][code_length:16][mAP:0.77590][mAP_all:0.76678][best_mAP:0.77590]
2023-11-15 14:00:29.322 | INFO     | SEMICON_train:train:184 - [iter:25/50][code_length:16][zs_mAP:0.40656][zs_mAP_all:0.15843]
2023-11-15 14:03:45.475 | INFO     | SEMICON_train:train:97 - [epoch:1/1][cnn_loss:2.179563][hash_loss:2.013233][quan_loss:0.166330]
2023-11-15 14:03:45.481 | INFO     | SEMICON_train:train:105 - [iter:26/50][iter_time:196.16]
2023-11-15 14:07:16.574 | INFO     | SEMICON_train:train:97 - [epoch:1/1][cnn_loss:2.178255][hash_loss:2.011976][quan_loss:0.166279]
2023-11-15 14:07:16.583 | INFO     | SEMICON_train:train:105 - [iter:27/50][iter_time:211.10]
2023-11-15 14:10:39.443 | INFO     | SEMICON_train:train:97 - [epoch:1/1][cnn_loss:2.172972][hash_loss:2.007571][quan_loss:0.165401]
2023-11-15 14:10:39.448 | INFO     | SEMICON_train:train:105 - [iter:28/50][iter_time:202.87]
2023-11-15 14:13:49.585 | INFO     | SEMICON_train:train:97 - [epoch:1/1][cnn_loss:2.173738][hash_loss:2.008296][quan_loss:0.165442]
2023-11-15 14:13:49.591 | INFO     | SEMICON_train:train:105 - [iter:29/50][iter_time:190.14]
2023-11-15 14:17:03.493 | INFO     | SEMICON_train:train:97 - [epoch:1/1][cnn_loss:2.171651][hash_loss:2.006382][quan_loss:0.165268]
2023-11-15 14:17:03.499 | INFO     | SEMICON_train:train:105 - [iter:30/50][iter_time:193.91]
2023-11-15 14:26:47.928 | INFO     | SEMICON_train:train:183 - [iter:30/50][code_length:16][mAP:0.78420][mAP_all:0.77527][best_mAP:0.78420]
2023-11-15 14:26:47.928 | INFO     | SEMICON_train:train:184 - [iter:30/50][code_length:16][zs_mAP:0.43249][zs_mAP_all:0.17788]
2023-11-15 14:29:50.382 | INFO     | SEMICON_train:train:97 - [epoch:1/1][cnn_loss:2.170236][hash_loss:2.005211][quan_loss:0.165025]
2023-11-15 14:29:50.388 | INFO     | SEMICON_train:train:105 - [iter:31/50][iter_time:182.46]
2023-11-15 14:32:54.631 | INFO     | SEMICON_train:train:97 - [epoch:1/1][cnn_loss:2.167416][hash_loss:2.002701][quan_loss:0.164715]
2023-11-15 14:32:54.637 | INFO     | SEMICON_train:train:105 - [iter:32/50][iter_time:184.25]
2023-11-15 14:36:02.730 | INFO     | SEMICON_train:train:97 - [epoch:1/1][cnn_loss:2.168122][hash_loss:2.003260][quan_loss:0.164862]
2023-11-15 14:36:02.736 | INFO     | SEMICON_train:train:105 - [iter:33/50][iter_time:188.10]
2023-11-15 14:38:53.997 | INFO     | SEMICON_train:train:97 - [epoch:1/1][cnn_loss:2.165512][hash_loss:2.001156][quan_loss:0.164356]
2023-11-15 14:38:54.002 | INFO     | SEMICON_train:train:105 - [iter:34/50][iter_time:171.27]
2023-11-15 14:41:51.436 | INFO     | SEMICON_train:train:97 - [epoch:1/1][cnn_loss:2.165120][hash_loss:2.000775][quan_loss:0.164345]
2023-11-15 14:41:51.443 | INFO     | SEMICON_train:train:105 - [iter:35/50][iter_time:177.44]
2023-11-15 14:51:40.363 | INFO     | SEMICON_train:train:183 - [iter:35/50][code_length:16][mAP:0.78701][mAP_all:0.77821][best_mAP:0.78701]
2023-11-15 14:51:40.364 | INFO     | SEMICON_train:train:184 - [iter:35/50][code_length:16][zs_mAP:0.42467][zs_mAP_all:0.17421]
2023-11-15 14:54:36.219 | INFO     | SEMICON_train:train:97 - [epoch:1/1][cnn_loss:2.161647][hash_loss:1.997752][quan_loss:0.163894]
2023-11-15 14:54:36.225 | INFO     | SEMICON_train:train:105 - [iter:36/50][iter_time:175.86]
2023-11-15 15:04:27.434 | INFO     | SEMICON_train:train:183 - [iter:36/50][code_length:16][mAP:0.79143][mAP_all:0.78231][best_mAP:0.79143]
2023-11-15 15:04:27.436 | INFO     | SEMICON_train:train:184 - [iter:36/50][code_length:16][zs_mAP:0.41708][zs_mAP_all:0.17463]
2023-11-15 15:07:26.402 | INFO     | SEMICON_train:train:97 - [epoch:1/1][cnn_loss:2.162200][hash_loss:1.998155][quan_loss:0.164045]
2023-11-15 15:07:26.410 | INFO     | SEMICON_train:train:105 - [iter:37/50][iter_time:178.97]
2023-11-15 15:17:11.621 | INFO     | SEMICON_train:train:183 - [iter:37/50][code_length:16][mAP:0.79333][mAP_all:0.78420][best_mAP:0.79333]
2023-11-15 15:17:11.622 | INFO     | SEMICON_train:train:184 - [iter:37/50][code_length:16][zs_mAP:0.43118][zs_mAP_all:0.17871]
2023-11-15 15:20:09.852 | INFO     | SEMICON_train:train:97 - [epoch:1/1][cnn_loss:2.159669][hash_loss:1.996131][quan_loss:0.163538]
2023-11-15 15:20:09.859 | INFO     | SEMICON_train:train:105 - [iter:38/50][iter_time:178.24]
2023-11-15 15:29:54.840 | INFO     | SEMICON_train:train:183 - [iter:38/50][code_length:16][mAP:0.79366][mAP_all:0.78476][best_mAP:0.79366]
2023-11-15 15:29:54.842 | INFO     | SEMICON_train:train:184 - [iter:38/50][code_length:16][zs_mAP:0.42279][zs_mAP_all:0.17667]
2023-11-15 15:32:53.873 | INFO     | SEMICON_train:train:97 - [epoch:1/1][cnn_loss:2.159359][hash_loss:1.995757][quan_loss:0.163602]
2023-11-15 15:32:53.884 | INFO     | SEMICON_train:train:105 - [iter:39/50][iter_time:179.04]
2023-11-15 15:42:39.264 | INFO     | SEMICON_train:train:183 - [iter:39/50][code_length:16][mAP:0.79483][mAP_all:0.78591][best_mAP:0.79483]
2023-11-15 15:42:39.265 | INFO     | SEMICON_train:train:184 - [iter:39/50][code_length:16][zs_mAP:0.42690][zs_mAP_all:0.17321]
2023-11-15 15:45:40.199 | INFO     | SEMICON_train:train:97 - [epoch:1/1][cnn_loss:2.158434][hash_loss:1.994960][quan_loss:0.163474]
2023-11-15 15:45:40.205 | INFO     | SEMICON_train:train:105 - [iter:40/50][iter_time:180.94]
2023-11-15 15:55:35.815 | INFO     | SEMICON_train:train:183 - [iter:40/50][code_length:16][mAP:0.78961][mAP_all:0.78045][best_mAP:0.79483]
2023-11-15 15:55:35.816 | INFO     | SEMICON_train:train:184 - [iter:40/50][code_length:16][zs_mAP:0.42305][zs_mAP_all:0.16923]
2023-11-15 15:58:39.599 | INFO     | SEMICON_train:train:97 - [epoch:1/1][cnn_loss:2.157191][hash_loss:1.993880][quan_loss:0.163312]
2023-11-15 15:58:39.604 | INFO     | SEMICON_train:train:105 - [iter:41/50][iter_time:183.79]
2023-11-15 16:08:32.448 | INFO     | SEMICON_train:train:183 - [iter:41/50][code_length:16][mAP:0.79259][mAP_all:0.78367][best_mAP:0.79483]
2023-11-15 16:08:32.449 | INFO     | SEMICON_train:train:184 - [iter:41/50][code_length:16][zs_mAP:0.40983][zs_mAP_all:0.16899]
2023-11-15 16:11:39.483 | INFO     | SEMICON_train:train:97 - [epoch:1/1][cnn_loss:2.153964][hash_loss:1.991098][quan_loss:0.162866]
2023-11-15 16:11:39.491 | INFO     | SEMICON_train:train:105 - [iter:42/50][iter_time:187.04]
2023-11-15 16:21:34.305 | INFO     | SEMICON_train:train:183 - [iter:42/50][code_length:16][mAP:0.79968][mAP_all:0.79057][best_mAP:0.79968]
2023-11-15 16:21:34.306 | INFO     | SEMICON_train:train:184 - [iter:42/50][code_length:16][zs_mAP:0.42986][zs_mAP_all:0.18103]
2023-11-15 16:24:45.176 | INFO     | SEMICON_train:train:97 - [epoch:1/1][cnn_loss:2.153062][hash_loss:1.990304][quan_loss:0.162758]
2023-11-15 16:24:45.181 | INFO     | SEMICON_train:train:105 - [iter:43/50][iter_time:190.87]
2023-11-15 16:34:44.161 | INFO     | SEMICON_train:train:183 - [iter:43/50][code_length:16][mAP:0.79743][mAP_all:0.78853][best_mAP:0.79968]
2023-11-15 16:34:44.162 | INFO     | SEMICON_train:train:184 - [iter:43/50][code_length:16][zs_mAP:0.41988][zs_mAP_all:0.16602]
2023-11-15 16:37:52.995 | INFO     | SEMICON_train:train:97 - [epoch:1/1][cnn_loss:2.152499][hash_loss:1.989918][quan_loss:0.162582]
2023-11-15 16:37:53.004 | INFO     | SEMICON_train:train:105 - [iter:44/50][iter_time:188.84]
2023-11-15 16:47:47.211 | INFO     | SEMICON_train:train:183 - [iter:44/50][code_length:16][mAP:0.79796][mAP_all:0.78867][best_mAP:0.79968]
2023-11-15 16:47:47.212 | INFO     | SEMICON_train:train:184 - [iter:44/50][code_length:16][zs_mAP:0.42138][zs_mAP_all:0.17522]
2023-11-15 16:50:59.705 | INFO     | SEMICON_train:train:97 - [epoch:1/1][cnn_loss:2.153182][hash_loss:1.990404][quan_loss:0.162778]
2023-11-15 16:50:59.712 | INFO     | SEMICON_train:train:105 - [iter:45/50][iter_time:192.50]
2023-11-15 17:00:59.144 | INFO     | SEMICON_train:train:183 - [iter:45/50][code_length:16][mAP:0.79861][mAP_all:0.78944][best_mAP:0.79968]
2023-11-15 17:00:59.145 | INFO     | SEMICON_train:train:184 - [iter:45/50][code_length:16][zs_mAP:0.42421][zs_mAP_all:0.17185]
2023-11-15 17:04:16.721 | INFO     | SEMICON_train:train:97 - [epoch:1/1][cnn_loss:2.143463][hash_loss:1.981546][quan_loss:0.161917]
2023-11-15 17:04:16.727 | INFO     | SEMICON_train:train:105 - [iter:46/50][iter_time:197.58]
2023-11-15 17:14:06.810 | INFO     | SEMICON_train:train:183 - [iter:46/50][code_length:16][mAP:0.80059][mAP_all:0.79142][best_mAP:0.80059]
2023-11-15 17:14:06.811 | INFO     | SEMICON_train:train:184 - [iter:46/50][code_length:16][zs_mAP:0.43105][zs_mAP_all:0.18210]
2023-11-15 17:17:24.651 | INFO     | SEMICON_train:train:97 - [epoch:1/1][cnn_loss:2.144397][hash_loss:1.982500][quan_loss:0.161897]
2023-11-15 17:17:24.657 | INFO     | SEMICON_train:train:105 - [iter:47/50][iter_time:197.85]
2023-11-15 17:27:22.014 | INFO     | SEMICON_train:train:183 - [iter:47/50][code_length:16][mAP:0.80700][mAP_all:0.79823][best_mAP:0.80700]
2023-11-15 17:27:22.015 | INFO     | SEMICON_train:train:184 - [iter:47/50][code_length:16][zs_mAP:0.43170][zs_mAP_all:0.18043]
2023-11-15 17:30:37.998 | INFO     | SEMICON_train:train:97 - [epoch:1/1][cnn_loss:2.145311][hash_loss:1.982980][quan_loss:0.162331]
2023-11-15 17:30:38.004 | INFO     | SEMICON_train:train:105 - [iter:48/50][iter_time:195.99]
2023-11-15 17:41:14.273 | INFO     | SEMICON_train:train:183 - [iter:48/50][code_length:16][mAP:0.80375][mAP_all:0.79533][best_mAP:0.80700]
2023-11-15 17:41:14.274 | INFO     | SEMICON_train:train:184 - [iter:48/50][code_length:16][zs_mAP:0.42971][zs_mAP_all:0.17913]
2023-11-15 17:44:36.485 | INFO     | SEMICON_train:train:97 - [epoch:1/1][cnn_loss:2.144211][hash_loss:1.982190][quan_loss:0.162021]
2023-11-15 17:44:36.492 | INFO     | SEMICON_train:train:105 - [iter:49/50][iter_time:202.22]
2023-11-15 17:54:59.308 | INFO     | SEMICON_train:train:183 - [iter:49/50][code_length:16][mAP:0.79734][mAP_all:0.78807][best_mAP:0.80700]
2023-11-15 17:54:59.309 | INFO     | SEMICON_train:train:184 - [iter:49/50][code_length:16][zs_mAP:0.43601][zs_mAP_all:0.18586]
2023-11-15 17:58:10.823 | INFO     | SEMICON_train:train:97 - [epoch:1/1][cnn_loss:2.142785][hash_loss:1.980941][quan_loss:0.161844]
2023-11-15 17:58:10.828 | INFO     | SEMICON_train:train:105 - [iter:50/50][iter_time:191.52]
2023-11-15 18:08:57.001 | INFO     | SEMICON_train:train:183 - [iter:50/50][code_length:16][mAP:0.80572][mAP_all:0.79701][best_mAP:0.80700]
2023-11-15 18:08:57.001 | INFO     | SEMICON_train:train:184 - [iter:50/50][code_length:16][zs_mAP:0.43262][zs_mAP_all:0.18172]
2023-11-15 18:08:57.001 | INFO     | SEMICON_train:train:186 - [Training time:22861.25]
2023-11-15 18:08:57.014 | INFO     | __main__:run:126 - [code_length:16][map:0.8070][map_all:0.7982][zs_map:0.4317][zs_map_all:0.1804]
2023-11-15 18:12:12.002 | INFO     | SEMICON_train:train:97 - [epoch:1/1][cnn_loss:4.904798][hash_loss:4.685444][quan_loss:0.219354]
2023-11-15 18:12:12.014 | INFO     | SEMICON_train:train:105 - [iter:1/50][iter_time:193.49]
2023-11-15 18:15:25.299 | INFO     | SEMICON_train:train:97 - [epoch:1/1][cnn_loss:4.520674][hash_loss:4.324347][quan_loss:0.196327]
2023-11-15 18:15:25.309 | INFO     | SEMICON_train:train:105 - [iter:2/50][iter_time:193.29]
2023-11-15 18:18:26.112 | INFO     | SEMICON_train:train:97 - [epoch:1/1][cnn_loss:4.234978][hash_loss:4.059344][quan_loss:0.175634]
2023-11-15 18:18:26.122 | INFO     | SEMICON_train:train:105 - [iter:3/50][iter_time:180.81]
2023-11-15 18:21:25.287 | INFO     | SEMICON_train:train:97 - [epoch:1/1][cnn_loss:4.072770][hash_loss:3.908044][quan_loss:0.164727]
2023-11-15 18:21:25.299 | INFO     | SEMICON_train:train:105 - [iter:4/50][iter_time:179.18]
2023-11-15 18:24:34.982 | INFO     | SEMICON_train:train:97 - [epoch:1/1][cnn_loss:3.962376][hash_loss:3.805014][quan_loss:0.157361]
2023-11-15 18:24:34.990 | INFO     | SEMICON_train:train:105 - [iter:5/50][iter_time:189.69]
2023-11-15 18:35:23.883 | INFO     | SEMICON_train:train:183 - [iter:5/50][code_length:32][mAP:0.73993][mAP_all:0.72882][best_mAP:0.73993]
2023-11-15 18:35:23.884 | INFO     | SEMICON_train:train:184 - [iter:5/50][code_length:32][zs_mAP:0.49827][zs_mAP_all:0.25712]
2023-11-15 18:38:40.156 | INFO     | SEMICON_train:train:97 - [epoch:1/1][cnn_loss:3.886367][hash_loss:3.733889][quan_loss:0.152477]
2023-11-15 18:38:40.166 | INFO     | SEMICON_train:train:105 - [iter:6/50][iter_time:196.28]
2023-11-15 18:41:46.926 | INFO     | SEMICON_train:train:97 - [epoch:1/1][cnn_loss:3.841394][hash_loss:3.691895][quan_loss:0.149499]
2023-11-15 18:41:46.935 | INFO     | SEMICON_train:train:105 - [iter:7/50][iter_time:186.77]
2023-11-15 18:44:39.826 | INFO     | SEMICON_train:train:97 - [epoch:1/1][cnn_loss:3.797811][hash_loss:3.651016][quan_loss:0.146795]
2023-11-15 18:44:39.836 | INFO     | SEMICON_train:train:105 - [iter:8/50][iter_time:172.90]
2023-11-15 18:47:38.147 | INFO     | SEMICON_train:train:97 - [epoch:1/1][cnn_loss:3.763747][hash_loss:3.619281][quan_loss:0.144466]
2023-11-15 18:47:38.156 | INFO     | SEMICON_train:train:105 - [iter:9/50][iter_time:178.32]
2023-11-15 18:50:52.120 | INFO     | SEMICON_train:train:97 - [epoch:1/1][cnn_loss:3.734249][hash_loss:3.591553][quan_loss:0.142696]
2023-11-15 18:50:52.136 | INFO     | SEMICON_train:train:105 - [iter:10/50][iter_time:193.98]
2023-11-15 19:01:53.116 | INFO     | SEMICON_train:train:183 - [iter:10/50][code_length:32][mAP:0.79773][mAP_all:0.78769][best_mAP:0.79773]
2023-11-15 19:01:53.117 | INFO     | SEMICON_train:train:184 - [iter:10/50][code_length:32][zs_mAP:0.51727][zs_mAP_all:0.27884]
2023-11-15 19:05:11.366 | INFO     | SEMICON_train:train:97 - [epoch:1/1][cnn_loss:3.711952][hash_loss:3.570668][quan_loss:0.141284]
2023-11-15 19:05:11.375 | INFO     | SEMICON_train:train:105 - [iter:11/50][iter_time:198.26]
2023-11-15 19:08:07.634 | INFO     | SEMICON_train:train:97 - [epoch:1/1][cnn_loss:3.698494][hash_loss:3.557929][quan_loss:0.140564]
2023-11-15 19:08:07.642 | INFO     | SEMICON_train:train:105 - [iter:12/50][iter_time:176.27]
2023-11-15 19:10:58.638 | INFO     | SEMICON_train:train:97 - [epoch:1/1][cnn_loss:3.664422][hash_loss:3.526091][quan_loss:0.138331]
2023-11-15 19:10:58.647 | INFO     | SEMICON_train:train:105 - [iter:13/50][iter_time:171.00]
2023-11-15 19:13:51.509 | INFO     | SEMICON_train:train:97 - [epoch:1/1][cnn_loss:3.656420][hash_loss:3.518631][quan_loss:0.137789]
2023-11-15 19:13:51.517 | INFO     | SEMICON_train:train:105 - [iter:14/50][iter_time:172.87]
2023-11-15 19:17:08.047 | INFO     | SEMICON_train:train:97 - [epoch:1/1][cnn_loss:3.633444][hash_loss:3.496986][quan_loss:0.136458]
2023-11-15 19:17:08.056 | INFO     | SEMICON_train:train:105 - [iter:15/50][iter_time:196.54]
2023-11-15 19:28:19.958 | INFO     | SEMICON_train:train:183 - [iter:15/50][code_length:32][mAP:0.81358][mAP_all:0.80313][best_mAP:0.81358]
2023-11-15 19:28:19.959 | INFO     | SEMICON_train:train:184 - [iter:15/50][code_length:32][zs_mAP:0.50999][zs_mAP_all:0.26731]
2023-11-15 19:31:35.911 | INFO     | SEMICON_train:train:97 - [epoch:1/1][cnn_loss:3.624924][hash_loss:3.489091][quan_loss:0.135833]
2023-11-15 19:31:35.922 | INFO     | SEMICON_train:train:105 - [iter:16/50][iter_time:195.96]
2023-11-15 19:34:28.285 | INFO     | SEMICON_train:train:97 - [epoch:1/1][cnn_loss:3.607949][hash_loss:3.473176][quan_loss:0.134773]
2023-11-15 19:34:28.293 | INFO     | SEMICON_train:train:105 - [iter:17/50][iter_time:172.37]
2023-11-15 19:37:21.551 | INFO     | SEMICON_train:train:97 - [epoch:1/1][cnn_loss:3.588474][hash_loss:3.454821][quan_loss:0.133652]
2023-11-15 19:37:21.560 | INFO     | SEMICON_train:train:105 - [iter:18/50][iter_time:173.27]
2023-11-15 19:40:13.633 | INFO     | SEMICON_train:train:97 - [epoch:1/1][cnn_loss:3.583871][hash_loss:3.450538][quan_loss:0.133332]
2023-11-15 19:40:13.641 | INFO     | SEMICON_train:train:105 - [iter:19/50][iter_time:172.08]
2023-11-15 19:43:33.910 | INFO     | SEMICON_train:train:97 - [epoch:1/1][cnn_loss:3.568639][hash_loss:3.436382][quan_loss:0.132257]
2023-11-15 19:43:33.920 | INFO     | SEMICON_train:train:105 - [iter:20/50][iter_time:200.28]
2023-11-15 19:54:10.587 | INFO     | SEMICON_train:train:183 - [iter:20/50][code_length:32][mAP:0.83061][mAP_all:0.81958][best_mAP:0.83061]
2023-11-15 19:54:10.587 | INFO     | SEMICON_train:train:184 - [iter:20/50][code_length:32][zs_mAP:0.50846][zs_mAP_all:0.26743]
2023-11-15 19:57:27.801 | INFO     | SEMICON_train:train:97 - [epoch:1/1][cnn_loss:3.553932][hash_loss:3.422570][quan_loss:0.131363]
2023-11-15 19:57:27.810 | INFO     | SEMICON_train:train:105 - [iter:21/50][iter_time:197.22]
2023-11-15 20:00:20.700 | INFO     | SEMICON_train:train:97 - [epoch:1/1][cnn_loss:3.549434][hash_loss:3.418329][quan_loss:0.131104]
2023-11-15 20:00:20.709 | INFO     | SEMICON_train:train:105 - [iter:22/50][iter_time:172.90]
2023-11-15 20:03:12.007 | INFO     | SEMICON_train:train:97 - [epoch:1/1][cnn_loss:3.534212][hash_loss:3.404090][quan_loss:0.130122]
2023-11-15 20:03:12.015 | INFO     | SEMICON_train:train:105 - [iter:23/50][iter_time:171.31]
2023-11-15 20:06:03.870 | INFO     | SEMICON_train:train:97 - [epoch:1/1][cnn_loss:3.528890][hash_loss:3.398956][quan_loss:0.129934]
2023-11-15 20:06:03.879 | INFO     | SEMICON_train:train:105 - [iter:24/50][iter_time:171.86]
2023-11-15 20:09:25.064 | INFO     | SEMICON_train:train:97 - [epoch:1/1][cnn_loss:3.518384][hash_loss:3.389261][quan_loss:0.129123]
2023-11-15 20:09:25.079 | INFO     | SEMICON_train:train:105 - [iter:25/50][iter_time:201.20]
2023-11-15 20:20:05.815 | INFO     | SEMICON_train:train:183 - [iter:25/50][code_length:32][mAP:0.83279][mAP_all:0.82179][best_mAP:0.83279]
2023-11-15 20:20:05.816 | INFO     | SEMICON_train:train:184 - [iter:25/50][code_length:32][zs_mAP:0.51096][zs_mAP_all:0.26366]
2023-11-15 20:23:22.976 | INFO     | SEMICON_train:train:97 - [epoch:1/1][cnn_loss:3.514446][hash_loss:3.385549][quan_loss:0.128897]
2023-11-15 20:23:22.986 | INFO     | SEMICON_train:train:105 - [iter:26/50][iter_time:197.17]
2023-11-15 20:26:19.372 | INFO     | SEMICON_train:train:97 - [epoch:1/1][cnn_loss:3.499502][hash_loss:3.371524][quan_loss:0.127977]
2023-11-15 20:26:19.380 | INFO     | SEMICON_train:train:105 - [iter:27/50][iter_time:176.39]
2023-11-15 20:29:12.651 | INFO     | SEMICON_train:train:97 - [epoch:1/1][cnn_loss:3.497491][hash_loss:3.369625][quan_loss:0.127866]
2023-11-15 20:29:12.659 | INFO     | SEMICON_train:train:105 - [iter:28/50][iter_time:173.28]
2023-11-15 20:32:16.677 | INFO     | SEMICON_train:train:97 - [epoch:1/1][cnn_loss:3.493186][hash_loss:3.365629][quan_loss:0.127557]
2023-11-15 20:32:16.687 | INFO     | SEMICON_train:train:105 - [iter:29/50][iter_time:184.03]
2023-11-15 20:35:23.901 | INFO     | SEMICON_train:train:97 - [epoch:1/1][cnn_loss:3.474176][hash_loss:3.347788][quan_loss:0.126388]
2023-11-15 20:35:23.910 | INFO     | SEMICON_train:train:105 - [iter:30/50][iter_time:187.22]
2023-11-15 20:45:04.693 | INFO     | SEMICON_train:train:183 - [iter:30/50][code_length:32][mAP:0.84119][mAP_all:0.82944][best_mAP:0.84119]
2023-11-15 20:45:04.694 | INFO     | SEMICON_train:train:184 - [iter:30/50][code_length:32][zs_mAP:0.50534][zs_mAP_all:0.25660]
2023-11-15 20:48:09.125 | INFO     | SEMICON_train:train:97 - [epoch:1/1][cnn_loss:3.475249][hash_loss:3.348837][quan_loss:0.126413]
2023-11-15 20:48:09.140 | INFO     | SEMICON_train:train:105 - [iter:31/50][iter_time:184.45]
2023-11-15 20:51:21.225 | INFO     | SEMICON_train:train:97 - [epoch:1/1][cnn_loss:3.466649][hash_loss:3.340663][quan_loss:0.125986]
2023-11-15 20:51:21.235 | INFO     | SEMICON_train:train:105 - [iter:32/50][iter_time:192.09]
2023-11-15 20:54:13.199 | INFO     | SEMICON_train:train:97 - [epoch:1/1][cnn_loss:3.456433][hash_loss:3.331244][quan_loss:0.125189]
2023-11-15 20:54:13.208 | INFO     | SEMICON_train:train:105 - [iter:33/50][iter_time:171.97]
2023-11-15 20:57:08.750 | INFO     | SEMICON_train:train:97 - [epoch:1/1][cnn_loss:3.453478][hash_loss:3.328470][quan_loss:0.125007]
2023-11-15 20:57:08.760 | INFO     | SEMICON_train:train:105 - [iter:34/50][iter_time:175.55]
2023-11-15 21:00:20.417 | INFO     | SEMICON_train:train:97 - [epoch:1/1][cnn_loss:3.445892][hash_loss:3.321380][quan_loss:0.124512]
2023-11-15 21:00:20.426 | INFO     | SEMICON_train:train:105 - [iter:35/50][iter_time:191.67]
2023-11-15 21:10:04.078 | INFO     | SEMICON_train:train:183 - [iter:35/50][code_length:32][mAP:0.84601][mAP_all:0.83444][best_mAP:0.84601]
2023-11-15 21:10:04.079 | INFO     | SEMICON_train:train:184 - [iter:35/50][code_length:32][zs_mAP:0.51158][zs_mAP_all:0.26336]
2023-11-15 21:13:14.733 | INFO     | SEMICON_train:train:97 - [epoch:1/1][cnn_loss:3.441016][hash_loss:3.316728][quan_loss:0.124288]
2023-11-15 21:13:14.741 | INFO     | SEMICON_train:train:105 - [iter:36/50][iter_time:190.66]
2023-11-15 21:22:58.308 | INFO     | SEMICON_train:train:183 - [iter:36/50][code_length:32][mAP:0.84413][mAP_all:0.83171][best_mAP:0.84601]
2023-11-15 21:22:58.309 | INFO     | SEMICON_train:train:184 - [iter:36/50][code_length:32][zs_mAP:0.49605][zs_mAP_all:0.25157]
2023-11-15 21:26:07.891 | INFO     | SEMICON_train:train:97 - [epoch:1/1][cnn_loss:3.431395][hash_loss:3.307796][quan_loss:0.123598]
2023-11-15 21:26:07.900 | INFO     | SEMICON_train:train:105 - [iter:37/50][iter_time:189.59]
2023-11-15 21:35:50.202 | INFO     | SEMICON_train:train:183 - [iter:37/50][code_length:32][mAP:0.84665][mAP_all:0.83470][best_mAP:0.84665]
2023-11-15 21:35:50.203 | INFO     | SEMICON_train:train:184 - [iter:37/50][code_length:32][zs_mAP:0.49447][zs_mAP_all:0.25557]
2023-11-15 21:39:00.036 | INFO     | SEMICON_train:train:97 - [epoch:1/1][cnn_loss:3.423332][hash_loss:3.300233][quan_loss:0.123099]
2023-11-15 21:39:00.053 | INFO     | SEMICON_train:train:105 - [iter:38/50][iter_time:189.85]
2023-11-15 21:48:43.961 | INFO     | SEMICON_train:train:183 - [iter:38/50][code_length:32][mAP:0.84813][mAP_all:0.83635][best_mAP:0.84813]
2023-11-15 21:48:43.962 | INFO     | SEMICON_train:train:184 - [iter:38/50][code_length:32][zs_mAP:0.50030][zs_mAP_all:0.24614]
2023-11-15 21:51:53.981 | INFO     | SEMICON_train:train:97 - [epoch:1/1][cnn_loss:3.416290][hash_loss:3.293660][quan_loss:0.122630]
2023-11-15 21:51:53.990 | INFO     | SEMICON_train:train:105 - [iter:39/50][iter_time:190.03]
2023-11-15 22:01:38.476 | INFO     | SEMICON_train:train:183 - [iter:39/50][code_length:32][mAP:0.84461][mAP_all:0.83210][best_mAP:0.84813]
2023-11-15 22:01:38.477 | INFO     | SEMICON_train:train:184 - [iter:39/50][code_length:32][zs_mAP:0.49137][zs_mAP_all:0.24459]
2023-11-15 22:04:47.716 | INFO     | SEMICON_train:train:97 - [epoch:1/1][cnn_loss:3.420335][hash_loss:3.297378][quan_loss:0.122958]
2023-11-15 22:04:47.724 | INFO     | SEMICON_train:train:105 - [iter:40/50][iter_time:189.25]
2023-11-15 22:14:30.223 | INFO     | SEMICON_train:train:183 - [iter:40/50][code_length:32][mAP:0.84827][mAP_all:0.83613][best_mAP:0.84827]
2023-11-15 22:14:30.224 | INFO     | SEMICON_train:train:184 - [iter:40/50][code_length:32][zs_mAP:0.49384][zs_mAP_all:0.25233]
2023-11-15 22:17:39.916 | INFO     | SEMICON_train:train:97 - [epoch:1/1][cnn_loss:3.409967][hash_loss:3.287670][quan_loss:0.122297]
2023-11-15 22:17:39.924 | INFO     | SEMICON_train:train:105 - [iter:41/50][iter_time:189.70]
2023-11-15 22:27:19.878 | INFO     | SEMICON_train:train:183 - [iter:41/50][code_length:32][mAP:0.84772][mAP_all:0.83527][best_mAP:0.84827]
2023-11-15 22:27:19.879 | INFO     | SEMICON_train:train:184 - [iter:41/50][code_length:32][zs_mAP:0.49104][zs_mAP_all:0.24446]
2023-11-15 22:30:29.653 | INFO     | SEMICON_train:train:97 - [epoch:1/1][cnn_loss:3.401822][hash_loss:3.280111][quan_loss:0.121711]
2023-11-15 22:30:29.662 | INFO     | SEMICON_train:train:105 - [iter:42/50][iter_time:189.78]
2023-11-15 22:40:11.326 | INFO     | SEMICON_train:train:183 - [iter:42/50][code_length:32][mAP:0.84689][mAP_all:0.83441][best_mAP:0.84827]
2023-11-15 22:40:11.327 | INFO     | SEMICON_train:train:184 - [iter:42/50][code_length:32][zs_mAP:0.50876][zs_mAP_all:0.26471]
2023-11-15 22:43:19.322 | INFO     | SEMICON_train:train:97 - [epoch:1/1][cnn_loss:3.401017][hash_loss:3.279226][quan_loss:0.121791]
2023-11-15 22:43:19.330 | INFO     | SEMICON_train:train:105 - [iter:43/50][iter_time:188.00]
2023-11-15 22:53:00.143 | INFO     | SEMICON_train:train:183 - [iter:43/50][code_length:32][mAP:0.84633][mAP_all:0.83393][best_mAP:0.84827]
2023-11-15 22:53:00.144 | INFO     | SEMICON_train:train:184 - [iter:43/50][code_length:32][zs_mAP:0.49473][zs_mAP_all:0.24564]
2023-11-15 22:56:10.268 | INFO     | SEMICON_train:train:97 - [epoch:1/1][cnn_loss:3.396492][hash_loss:3.275036][quan_loss:0.121456]
2023-11-15 22:56:10.277 | INFO     | SEMICON_train:train:105 - [iter:44/50][iter_time:190.13]
2023-11-15 23:05:51.098 | INFO     | SEMICON_train:train:183 - [iter:44/50][code_length:32][mAP:0.84552][mAP_all:0.83328][best_mAP:0.84827]
2023-11-15 23:05:51.099 | INFO     | SEMICON_train:train:184 - [iter:44/50][code_length:32][zs_mAP:0.48349][zs_mAP_all:0.22887]
2023-11-15 23:09:03.733 | INFO     | SEMICON_train:train:97 - [epoch:1/1][cnn_loss:3.393642][hash_loss:3.272417][quan_loss:0.121225]
2023-11-15 23:09:03.741 | INFO     | SEMICON_train:train:105 - [iter:45/50][iter_time:192.64]
2023-11-15 23:18:44.381 | INFO     | SEMICON_train:train:183 - [iter:45/50][code_length:32][mAP:0.84731][mAP_all:0.83483][best_mAP:0.84827]
2023-11-15 23:18:44.382 | INFO     | SEMICON_train:train:184 - [iter:45/50][code_length:32][zs_mAP:0.49207][zs_mAP_all:0.24151]
2023-11-15 23:21:53.164 | INFO     | SEMICON_train:train:97 - [epoch:1/1][cnn_loss:3.375938][hash_loss:3.255638][quan_loss:0.120299]
2023-11-15 23:21:53.177 | INFO     | SEMICON_train:train:105 - [iter:46/50][iter_time:188.79]
2023-11-15 23:31:42.156 | INFO     | SEMICON_train:train:183 - [iter:46/50][code_length:32][mAP:0.85155][mAP_all:0.83910][best_mAP:0.85155]
2023-11-15 23:31:42.157 | INFO     | SEMICON_train:train:184 - [iter:46/50][code_length:32][zs_mAP:0.49245][zs_mAP_all:0.23782]
2023-11-15 23:34:48.873 | INFO     | SEMICON_train:train:97 - [epoch:1/1][cnn_loss:3.373587][hash_loss:3.253289][quan_loss:0.120299]
2023-11-15 23:34:48.886 | INFO     | SEMICON_train:train:105 - [iter:47/50][iter_time:186.73]
2023-11-15 23:44:33.313 | INFO     | SEMICON_train:train:183 - [iter:47/50][code_length:32][mAP:0.84961][mAP_all:0.83666][best_mAP:0.85155]
2023-11-15 23:44:33.314 | INFO     | SEMICON_train:train:184 - [iter:47/50][code_length:32][zs_mAP:0.50182][zs_mAP_all:0.24753]
2023-11-15 23:47:41.052 | INFO     | SEMICON_train:train:97 - [epoch:1/1][cnn_loss:3.364489][hash_loss:3.244788][quan_loss:0.119701]
2023-11-15 23:47:41.062 | INFO     | SEMICON_train:train:105 - [iter:48/50][iter_time:187.75]
2023-11-15 23:58:20.441 | INFO     | SEMICON_train:train:183 - [iter:48/50][code_length:32][mAP:0.85106][mAP_all:0.83866][best_mAP:0.85155]
2023-11-15 23:58:20.442 | INFO     | SEMICON_train:train:184 - [iter:48/50][code_length:32][zs_mAP:0.49381][zs_mAP_all:0.24358]
2023-11-16 00:01:29.932 | INFO     | SEMICON_train:train:97 - [epoch:1/1][cnn_loss:3.364148][hash_loss:3.244435][quan_loss:0.119713]
2023-11-16 00:01:29.940 | INFO     | SEMICON_train:train:105 - [iter:49/50][iter_time:189.50]
2023-11-16 00:11:40.718 | INFO     | SEMICON_train:train:183 - [iter:49/50][code_length:32][mAP:0.85011][mAP_all:0.83734][best_mAP:0.85155]
2023-11-16 00:11:40.718 | INFO     | SEMICON_train:train:184 - [iter:49/50][code_length:32][zs_mAP:0.49276][zs_mAP_all:0.24321]
2023-11-16 00:15:06.101 | INFO     | SEMICON_train:train:97 - [epoch:1/1][cnn_loss:3.360721][hash_loss:3.241309][quan_loss:0.119412]
2023-11-16 00:15:06.111 | INFO     | SEMICON_train:train:105 - [iter:50/50][iter_time:205.39]
2023-11-16 00:25:19.886 | INFO     | SEMICON_train:train:183 - [iter:50/50][code_length:32][mAP:0.85000][mAP_all:0.83710][best_mAP:0.85155]
2023-11-16 00:25:19.886 | INFO     | SEMICON_train:train:184 - [iter:50/50][code_length:32][zs_mAP:0.49362][zs_mAP_all:0.24191]
2023-11-16 00:25:19.887 | INFO     | SEMICON_train:train:186 - [Training time:22581.36]
2023-11-16 00:25:19.898 | INFO     | __main__:run:126 - [code_length:32][map:0.8516][map_all:0.8391][zs_map:0.4924][zs_map_all:0.2378]
2023-11-16 00:28:12.287 | INFO     | SEMICON_train:train:97 - [epoch:1/1][cnn_loss:9.484842][hash_loss:9.265807][quan_loss:0.219035]
2023-11-16 00:28:12.303 | INFO     | SEMICON_train:train:105 - [iter:1/50][iter_time:171.02]
2023-11-16 00:31:06.708 | INFO     | SEMICON_train:train:97 - [epoch:1/1][cnn_loss:8.414318][hash_loss:8.226573][quan_loss:0.187745]
2023-11-16 00:31:06.725 | INFO     | SEMICON_train:train:105 - [iter:2/50][iter_time:174.42]
2023-11-16 00:34:30.372 | INFO     | SEMICON_train:train:97 - [epoch:1/1][cnn_loss:7.530844][hash_loss:7.370625][quan_loss:0.160219]
2023-11-16 00:34:30.392 | INFO     | SEMICON_train:train:105 - [iter:3/50][iter_time:203.67]
2023-11-16 00:37:55.783 | INFO     | SEMICON_train:train:97 - [epoch:1/1][cnn_loss:6.995363][hash_loss:6.849620][quan_loss:0.145743]
2023-11-16 00:37:55.807 | INFO     | SEMICON_train:train:105 - [iter:4/50][iter_time:205.41]
2023-11-16 00:41:19.938 | INFO     | SEMICON_train:train:97 - [epoch:1/1][cnn_loss:6.594227][hash_loss:6.458728][quan_loss:0.135499]
2023-11-16 00:41:19.961 | INFO     | SEMICON_train:train:105 - [iter:5/50][iter_time:204.15]
2023-11-16 00:51:41.943 | INFO     | SEMICON_train:train:183 - [iter:5/50][code_length:64][mAP:0.80849][mAP_all:0.79955][best_mAP:0.80849]
2023-11-16 00:51:41.944 | INFO     | SEMICON_train:train:184 - [iter:5/50][code_length:64][zs_mAP:0.63268][zs_mAP_all:0.39438]
2023-11-16 00:54:45.600 | INFO     | SEMICON_train:train:97 - [epoch:1/1][cnn_loss:6.276173][hash_loss:6.148210][quan_loss:0.127963]
2023-11-16 00:54:45.616 | INFO     | SEMICON_train:train:105 - [iter:6/50][iter_time:183.67]
2023-11-16 00:57:47.558 | INFO     | SEMICON_train:train:97 - [epoch:1/1][cnn_loss:5.996769][hash_loss:5.874927][quan_loss:0.121842]
2023-11-16 00:57:47.574 | INFO     | SEMICON_train:train:105 - [iter:7/50][iter_time:181.96]
2023-11-16 01:00:55.909 | INFO     | SEMICON_train:train:97 - [epoch:1/1][cnn_loss:5.804657][hash_loss:5.686665][quan_loss:0.117992]
2023-11-16 01:00:55.928 | INFO     | SEMICON_train:train:105 - [iter:8/50][iter_time:188.35]
2023-11-16 01:04:05.507 | INFO     | SEMICON_train:train:97 - [epoch:1/1][cnn_loss:5.618682][hash_loss:5.504406][quan_loss:0.114276]
2023-11-16 01:04:05.524 | INFO     | SEMICON_train:train:105 - [iter:9/50][iter_time:189.60]
2023-11-16 01:07:17.030 | INFO     | SEMICON_train:train:97 - [epoch:1/1][cnn_loss:5.482429][hash_loss:5.370587][quan_loss:0.111841]
2023-11-16 01:07:17.052 | INFO     | SEMICON_train:train:105 - [iter:10/50][iter_time:191.53]
2023-11-16 01:17:34.250 | INFO     | SEMICON_train:train:183 - [iter:10/50][code_length:64][mAP:0.84989][mAP_all:0.83859][best_mAP:0.84989]
2023-11-16 01:17:34.251 | INFO     | SEMICON_train:train:184 - [iter:10/50][code_length:64][zs_mAP:0.58773][zs_mAP_all:0.33568]
2023-11-16 01:20:47.116 | INFO     | SEMICON_train:train:97 - [epoch:1/1][cnn_loss:5.394181][hash_loss:5.283670][quan_loss:0.110511]
2023-11-16 01:20:47.136 | INFO     | SEMICON_train:train:105 - [iter:11/50][iter_time:192.88]
2023-11-16 01:24:11.400 | INFO     | SEMICON_train:train:97 - [epoch:1/1][cnn_loss:5.248297][hash_loss:5.140663][quan_loss:0.107633]
2023-11-16 01:24:11.424 | INFO     | SEMICON_train:train:105 - [iter:12/50][iter_time:204.29]
2023-11-16 01:27:36.866 | INFO     | SEMICON_train:train:97 - [epoch:1/1][cnn_loss:5.180882][hash_loss:5.074378][quan_loss:0.106503]
2023-11-16 01:27:36.888 | INFO     | SEMICON_train:train:105 - [iter:13/50][iter_time:205.46]
2023-11-16 01:31:02.068 | INFO     | SEMICON_train:train:97 - [epoch:1/1][cnn_loss:5.111005][hash_loss:5.005693][quan_loss:0.105312]
2023-11-16 01:31:02.092 | INFO     | SEMICON_train:train:105 - [iter:14/50][iter_time:205.20]
2023-11-16 01:34:13.223 | INFO     | SEMICON_train:train:97 - [epoch:1/1][cnn_loss:5.029349][hash_loss:4.925507][quan_loss:0.103842]
2023-11-16 01:34:13.244 | INFO     | SEMICON_train:train:105 - [iter:15/50][iter_time:191.15]
2023-11-16 01:43:55.074 | INFO     | SEMICON_train:train:183 - [iter:15/50][code_length:64][mAP:0.86401][mAP_all:0.85102][best_mAP:0.86401]
2023-11-16 01:43:55.076 | INFO     | SEMICON_train:train:184 - [iter:15/50][code_length:64][zs_mAP:0.55645][zs_mAP_all:0.29385]
2023-11-16 01:47:12.187 | INFO     | SEMICON_train:train:97 - [epoch:1/1][cnn_loss:4.969073][hash_loss:4.866326][quan_loss:0.102747]
2023-11-16 01:47:12.204 | INFO     | SEMICON_train:train:105 - [iter:16/50][iter_time:197.13]
2023-11-16 01:50:37.850 | INFO     | SEMICON_train:train:97 - [epoch:1/1][cnn_loss:4.889999][hash_loss:4.788832][quan_loss:0.101167]
2023-11-16 01:50:37.868 | INFO     | SEMICON_train:train:105 - [iter:17/50][iter_time:205.66]
2023-11-16 01:54:02.956 | INFO     | SEMICON_train:train:97 - [epoch:1/1][cnn_loss:4.838812][hash_loss:4.738730][quan_loss:0.100082]
2023-11-16 01:54:02.977 | INFO     | SEMICON_train:train:105 - [iter:18/50][iter_time:205.11]
2023-11-16 01:57:28.707 | INFO     | SEMICON_train:train:97 - [epoch:1/1][cnn_loss:4.794935][hash_loss:4.695472][quan_loss:0.099463]
2023-11-16 01:57:28.726 | INFO     | SEMICON_train:train:105 - [iter:19/50][iter_time:205.75]
2023-11-16 02:00:46.180 | INFO     | SEMICON_train:train:97 - [epoch:1/1][cnn_loss:4.702348][hash_loss:4.604977][quan_loss:0.097372]
2023-11-16 02:00:46.203 | INFO     | SEMICON_train:train:105 - [iter:20/50][iter_time:197.48]
2023-11-16 02:10:55.071 | INFO     | SEMICON_train:train:183 - [iter:20/50][code_length:64][mAP:0.87321][mAP_all:0.85853][best_mAP:0.87321]
2023-11-16 02:10:55.072 | INFO     | SEMICON_train:train:184 - [iter:20/50][code_length:64][zs_mAP:0.51865][zs_mAP_all:0.26333]
2023-11-16 02:14:05.146 | INFO     | SEMICON_train:train:97 - [epoch:1/1][cnn_loss:4.693582][hash_loss:4.596232][quan_loss:0.097350]
2023-11-16 02:14:05.165 | INFO     | SEMICON_train:train:105 - [iter:21/50][iter_time:190.09]
2023-11-16 02:17:20.003 | INFO     | SEMICON_train:train:97 - [epoch:1/1][cnn_loss:4.639597][hash_loss:4.543411][quan_loss:0.096186]
2023-11-16 02:17:20.028 | INFO     | SEMICON_train:train:105 - [iter:22/50][iter_time:194.86]
2023-11-16 02:20:30.143 | INFO     | SEMICON_train:train:97 - [epoch:1/1][cnn_loss:4.578452][hash_loss:4.483523][quan_loss:0.094929]
2023-11-16 02:20:30.163 | INFO     | SEMICON_train:train:105 - [iter:23/50][iter_time:190.13]
2023-11-16 02:23:47.284 | INFO     | SEMICON_train:train:97 - [epoch:1/1][cnn_loss:4.573575][hash_loss:4.478558][quan_loss:0.095017]
2023-11-16 02:23:47.301 | INFO     | SEMICON_train:train:105 - [iter:24/50][iter_time:197.14]
2023-11-16 02:26:55.305 | INFO     | SEMICON_train:train:97 - [epoch:1/1][cnn_loss:4.521970][hash_loss:4.428148][quan_loss:0.093822]
2023-11-16 02:26:55.327 | INFO     | SEMICON_train:train:105 - [iter:25/50][iter_time:188.03]
2023-11-16 02:37:23.369 | INFO     | SEMICON_train:train:183 - [iter:25/50][code_length:64][mAP:0.87061][mAP_all:0.85507][best_mAP:0.87321]
2023-11-16 02:37:23.370 | INFO     | SEMICON_train:train:184 - [iter:25/50][code_length:64][zs_mAP:0.50015][zs_mAP_all:0.23631]
2023-11-16 02:40:29.503 | INFO     | SEMICON_train:train:97 - [epoch:1/1][cnn_loss:4.525903][hash_loss:4.431786][quan_loss:0.094117]
2023-11-16 02:40:29.520 | INFO     | SEMICON_train:train:105 - [iter:26/50][iter_time:186.15]
2023-11-16 02:43:36.829 | INFO     | SEMICON_train:train:97 - [epoch:1/1][cnn_loss:4.488866][hash_loss:4.395526][quan_loss:0.093340]
2023-11-16 02:43:36.844 | INFO     | SEMICON_train:train:105 - [iter:27/50][iter_time:187.32]
2023-11-16 02:46:37.849 | INFO     | SEMICON_train:train:97 - [epoch:1/1][cnn_loss:4.445506][hash_loss:4.353061][quan_loss:0.092445]
2023-11-16 02:46:37.866 | INFO     | SEMICON_train:train:105 - [iter:28/50][iter_time:181.02]
2023-11-16 02:49:50.156 | INFO     | SEMICON_train:train:97 - [epoch:1/1][cnn_loss:4.401272][hash_loss:4.309688][quan_loss:0.091584]
2023-11-16 02:49:50.171 | INFO     | SEMICON_train:train:105 - [iter:29/50][iter_time:192.30]
2023-11-16 02:52:46.821 | INFO     | SEMICON_train:train:97 - [epoch:1/1][cnn_loss:4.343022][hash_loss:4.252797][quan_loss:0.090225]
2023-11-16 02:52:46.837 | INFO     | SEMICON_train:train:105 - [iter:30/50][iter_time:176.67]
2023-11-16 03:02:56.636 | INFO     | SEMICON_train:train:183 - [iter:30/50][code_length:64][mAP:0.86849][mAP_all:0.85306][best_mAP:0.87321]
2023-11-16 03:02:56.637 | INFO     | SEMICON_train:train:184 - [iter:30/50][code_length:64][zs_mAP:0.49109][zs_mAP_all:0.23051]
2023-11-16 03:06:02.847 | INFO     | SEMICON_train:train:97 - [epoch:1/1][cnn_loss:4.347284][hash_loss:4.256868][quan_loss:0.090417]
2023-11-16 03:06:02.862 | INFO     | SEMICON_train:train:105 - [iter:31/50][iter_time:186.22]
2023-11-16 03:09:11.737 | INFO     | SEMICON_train:train:97 - [epoch:1/1][cnn_loss:4.312147][hash_loss:4.222499][quan_loss:0.089648]
2023-11-16 03:09:11.754 | INFO     | SEMICON_train:train:105 - [iter:32/50][iter_time:188.89]
2023-11-16 03:12:22.849 | INFO     | SEMICON_train:train:97 - [epoch:1/1][cnn_loss:4.295936][hash_loss:4.206484][quan_loss:0.089452]
2023-11-16 03:12:22.873 | INFO     | SEMICON_train:train:105 - [iter:33/50][iter_time:191.12]
2023-11-16 03:15:44.478 | INFO     | SEMICON_train:train:97 - [epoch:1/1][cnn_loss:4.280032][hash_loss:4.190918][quan_loss:0.089115]
2023-11-16 03:15:44.495 | INFO     | SEMICON_train:train:105 - [iter:34/50][iter_time:201.62]
2023-11-16 03:18:54.536 | INFO     | SEMICON_train:train:97 - [epoch:1/1][cnn_loss:4.250527][hash_loss:4.162005][quan_loss:0.088522]
2023-11-16 03:18:54.551 | INFO     | SEMICON_train:train:105 - [iter:35/50][iter_time:190.06]
2023-11-16 03:28:35.439 | INFO     | SEMICON_train:train:183 - [iter:35/50][code_length:64][mAP:0.86353][mAP_all:0.84733][best_mAP:0.87321]
2023-11-16 03:28:35.440 | INFO     | SEMICON_train:train:184 - [iter:35/50][code_length:64][zs_mAP:0.47222][zs_mAP_all:0.22716]
2023-11-16 03:31:26.744 | INFO     | SEMICON_train:train:97 - [epoch:1/1][cnn_loss:4.244210][hash_loss:4.155864][quan_loss:0.088346]
2023-11-16 03:31:26.761 | INFO     | SEMICON_train:train:105 - [iter:36/50][iter_time:171.32]
2023-11-16 03:41:18.536 | INFO     | SEMICON_train:train:183 - [iter:36/50][code_length:64][mAP:0.86258][mAP_all:0.84652][best_mAP:0.87321]
2023-11-16 03:41:18.537 | INFO     | SEMICON_train:train:184 - [iter:36/50][code_length:64][zs_mAP:0.46017][zs_mAP_all:0.21359]
2023-11-16 03:44:25.261 | INFO     | SEMICON_train:train:97 - [epoch:1/1][cnn_loss:4.210859][hash_loss:4.123230][quan_loss:0.087629]
2023-11-16 03:44:25.284 | INFO     | SEMICON_train:train:105 - [iter:37/50][iter_time:186.75]
2023-11-16 03:54:19.908 | INFO     | SEMICON_train:train:183 - [iter:37/50][code_length:64][mAP:0.86375][mAP_all:0.84682][best_mAP:0.87321]
2023-11-16 03:54:19.909 | INFO     | SEMICON_train:train:184 - [iter:37/50][code_length:64][zs_mAP:0.44702][zs_mAP_all:0.21021]
2023-11-16 03:57:28.965 | INFO     | SEMICON_train:train:97 - [epoch:1/1][cnn_loss:4.229536][hash_loss:4.141287][quan_loss:0.088248]
2023-11-16 03:57:28.983 | INFO     | SEMICON_train:train:105 - [iter:38/50][iter_time:189.07]
2023-11-16 04:07:11.585 | INFO     | SEMICON_train:train:183 - [iter:38/50][code_length:64][mAP:0.85577][mAP_all:0.83847][best_mAP:0.87321]
2023-11-16 04:07:11.586 | INFO     | SEMICON_train:train:184 - [iter:38/50][code_length:64][zs_mAP:0.45152][zs_mAP_all:0.20249]
2023-11-16 04:10:04.110 | INFO     | SEMICON_train:train:97 - [epoch:1/1][cnn_loss:4.203426][hash_loss:4.115705][quan_loss:0.087721]
2023-11-16 04:10:04.127 | INFO     | SEMICON_train:train:105 - [iter:39/50][iter_time:172.54]
2023-11-16 04:19:50.628 | INFO     | SEMICON_train:train:183 - [iter:39/50][code_length:64][mAP:0.86225][mAP_all:0.84556][best_mAP:0.87321]
2023-11-16 04:19:50.629 | INFO     | SEMICON_train:train:184 - [iter:39/50][code_length:64][zs_mAP:0.46138][zs_mAP_all:0.21353]
2023-11-16 04:22:42.940 | INFO     | SEMICON_train:train:97 - [epoch:1/1][cnn_loss:4.153720][hash_loss:4.067207][quan_loss:0.086514]
2023-11-16 04:22:42.957 | INFO     | SEMICON_train:train:105 - [iter:40/50][iter_time:172.33]
2023-11-16 04:32:31.123 | INFO     | SEMICON_train:train:183 - [iter:40/50][code_length:64][mAP:0.86824][mAP_all:0.85061][best_mAP:0.87321]
2023-11-16 04:32:31.124 | INFO     | SEMICON_train:train:184 - [iter:40/50][code_length:64][zs_mAP:0.46927][zs_mAP_all:0.21120]
2023-11-16 04:35:28.490 | INFO     | SEMICON_train:train:97 - [epoch:1/1][cnn_loss:4.149150][hash_loss:4.062627][quan_loss:0.086523]
2023-11-16 04:35:28.506 | INFO     | SEMICON_train:train:105 - [iter:41/50][iter_time:177.38]
2023-11-16 04:45:10.664 | INFO     | SEMICON_train:train:183 - [iter:41/50][code_length:64][mAP:0.85952][mAP_all:0.84288][best_mAP:0.87321]
2023-11-16 04:45:10.665 | INFO     | SEMICON_train:train:184 - [iter:41/50][code_length:64][zs_mAP:0.43757][zs_mAP_all:0.19667]
2023-11-16 04:48:06.703 | INFO     | SEMICON_train:train:97 - [epoch:1/1][cnn_loss:4.124263][hash_loss:4.038301][quan_loss:0.085962]
2023-11-16 04:48:06.725 | INFO     | SEMICON_train:train:105 - [iter:42/50][iter_time:176.06]
2023-11-16 04:57:54.481 | INFO     | SEMICON_train:train:183 - [iter:42/50][code_length:64][mAP:0.86133][mAP_all:0.84493][best_mAP:0.87321]
2023-11-16 04:57:54.481 | INFO     | SEMICON_train:train:184 - [iter:42/50][code_length:64][zs_mAP:0.45974][zs_mAP_all:0.21284]
2023-11-16 05:00:45.180 | INFO     | SEMICON_train:train:97 - [epoch:1/1][cnn_loss:4.103505][hash_loss:4.018024][quan_loss:0.085481]
2023-11-16 05:00:45.195 | INFO     | SEMICON_train:train:105 - [iter:43/50][iter_time:170.71]
2023-11-16 05:10:40.601 | INFO     | SEMICON_train:train:183 - [iter:43/50][code_length:64][mAP:0.86250][mAP_all:0.84569][best_mAP:0.87321]
2023-11-16 05:10:40.601 | INFO     | SEMICON_train:train:184 - [iter:43/50][code_length:64][zs_mAP:0.45392][zs_mAP_all:0.20267]
2023-11-16 05:13:32.424 | INFO     | SEMICON_train:train:97 - [epoch:1/1][cnn_loss:4.108660][hash_loss:4.022916][quan_loss:0.085745]
2023-11-16 05:13:32.442 | INFO     | SEMICON_train:train:105 - [iter:44/50][iter_time:171.84]
2023-11-16 05:23:20.275 | INFO     | SEMICON_train:train:183 - [iter:44/50][code_length:64][mAP:0.85870][mAP_all:0.84170][best_mAP:0.87321]
2023-11-16 05:23:20.275 | INFO     | SEMICON_train:train:184 - [iter:44/50][code_length:64][zs_mAP:0.44638][zs_mAP_all:0.20217]
2023-11-16 05:26:26.645 | INFO     | SEMICON_train:train:97 - [epoch:1/1][cnn_loss:4.077121][hash_loss:3.992162][quan_loss:0.084959]
2023-11-16 05:26:26.665 | INFO     | SEMICON_train:train:105 - [iter:45/50][iter_time:186.39]
2023-11-16 05:36:10.003 | INFO     | SEMICON_train:train:183 - [iter:45/50][code_length:64][mAP:0.86343][mAP_all:0.84645][best_mAP:0.87321]
2023-11-16 05:36:10.003 | INFO     | SEMICON_train:train:184 - [iter:45/50][code_length:64][zs_mAP:0.43209][zs_mAP_all:0.19799]
2023-11-16 05:39:01.076 | INFO     | SEMICON_train:train:97 - [epoch:1/1][cnn_loss:4.025487][hash_loss:3.941687][quan_loss:0.083800]
2023-11-16 05:39:01.092 | INFO     | SEMICON_train:train:105 - [iter:46/50][iter_time:171.09]
2023-11-16 05:48:36.538 | INFO     | SEMICON_train:train:183 - [iter:46/50][code_length:64][mAP:0.86062][mAP_all:0.84407][best_mAP:0.87321]
2023-11-16 05:48:36.539 | INFO     | SEMICON_train:train:184 - [iter:46/50][code_length:64][zs_mAP:0.43928][zs_mAP_all:0.19428]
2023-11-16 05:51:21.005 | INFO     | SEMICON_train:train:97 - [epoch:1/1][cnn_loss:3.978295][hash_loss:3.895547][quan_loss:0.082748]
2023-11-16 05:51:21.020 | INFO     | SEMICON_train:train:105 - [iter:47/50][iter_time:164.48]
2023-11-16 06:00:50.421 | INFO     | SEMICON_train:train:183 - [iter:47/50][code_length:64][mAP:0.86476][mAP_all:0.84795][best_mAP:0.87321]
2023-11-16 06:00:50.421 | INFO     | SEMICON_train:train:184 - [iter:47/50][code_length:64][zs_mAP:0.44447][zs_mAP_all:0.20993]
2023-11-16 06:03:40.810 | INFO     | SEMICON_train:train:97 - [epoch:1/1][cnn_loss:3.947142][hash_loss:3.865245][quan_loss:0.081897]
2023-11-16 06:03:40.825 | INFO     | SEMICON_train:train:105 - [iter:48/50][iter_time:170.40]
2023-11-16 06:13:04.787 | INFO     | SEMICON_train:train:183 - [iter:48/50][code_length:64][mAP:0.86479][mAP_all:0.84799][best_mAP:0.87321]
2023-11-16 06:13:04.788 | INFO     | SEMICON_train:train:184 - [iter:48/50][code_length:64][zs_mAP:0.45214][zs_mAP_all:0.21349]
2023-11-16 06:15:49.634 | INFO     | SEMICON_train:train:97 - [epoch:1/1][cnn_loss:3.970324][hash_loss:3.887744][quan_loss:0.082580]
2023-11-16 06:15:49.648 | INFO     | SEMICON_train:train:105 - [iter:49/50][iter_time:164.86]
2023-11-16 06:25:21.226 | INFO     | SEMICON_train:train:183 - [iter:49/50][code_length:64][mAP:0.86578][mAP_all:0.84898][best_mAP:0.87321]
2023-11-16 06:25:21.226 | INFO     | SEMICON_train:train:184 - [iter:49/50][code_length:64][zs_mAP:0.43774][zs_mAP_all:0.21057]
2023-11-16 06:28:06.231 | INFO     | SEMICON_train:train:97 - [epoch:1/1][cnn_loss:3.973230][hash_loss:3.890662][quan_loss:0.082568]
2023-11-16 06:28:06.246 | INFO     | SEMICON_train:train:105 - [iter:50/50][iter_time:165.02]
2023-11-16 06:37:33.520 | INFO     | SEMICON_train:train:183 - [iter:50/50][code_length:64][mAP:0.86533][mAP_all:0.84795][best_mAP:0.87321]
2023-11-16 06:37:33.521 | INFO     | SEMICON_train:train:184 - [iter:50/50][code_length:64][zs_mAP:0.44118][zs_mAP_all:0.19319]
2023-11-16 06:37:33.521 | INFO     | SEMICON_train:train:186 - [Training time:22332.24]
2023-11-16 06:37:33.529 | INFO     | __main__:run:126 - [code_length:64][map:0.8732][map_all:0.8585][zs_map:0.5187][zs_map_all:0.2633]
