2024-08-26 09:44:38.043 | SUCCESS  | __main__:run:54 - Namespace(ZS=15, align_step=50, arch='psldh', batch_size=16, cauchy_gamma=20.0, code_length=[16, 32, 64], data='coco', dataset='cocozs', device=device(type='cuda', index=2), epoch_change=11, flag='psldh', gamma=200, gpu=2, info='cocozs-53-27-psldh-08-26-16,32,64-tanh1', lambd=0.1, lambd_ch=0.1, lambd_sp=0.1, lr=0.001, lr_step=[45], margin=0.1, max_epoch=3, max_iter=50, momen=0.9, nesterov=False, net='ResNet50', num_classes=27, num_query=1000, num_samples=2000, num_workers=2, num_zs=53, optim='SGD', pretrain=True, quan_loss=False, root='/4T/dataset/coco', save_ckpt='checkpoints/', topk=5000, val_freq=5, wd=0.0001)
2024-08-26 09:45:17.209 | INFO     | psldh:train:164 - [epoch:1/3][loss:0.144246][loss_e:0.142714][loss_r:0.153185]
2024-08-26 09:45:44.497 | INFO     | psldh:train:164 - [epoch:2/3][loss:0.133163][loss_e:0.131927][loss_r:0.123614]
2024-08-26 09:46:12.572 | INFO     | psldh:train:164 - [epoch:3/3][loss:0.126450][loss_e:0.125372][loss_r:0.107781]
2024-08-26 09:46:12.574 | INFO     | psldh:train:169 - [iter:1/50][iter_time:83.37]
2024-08-26 09:46:40.805 | INFO     | psldh:train:164 - [epoch:1/3][loss:0.126052][loss_e:0.125053][loss_r:0.099857]
2024-08-26 09:47:08.700 | INFO     | psldh:train:164 - [epoch:2/3][loss:0.122136][loss_e:0.121244][loss_r:0.089175]
2024-08-26 09:47:35.908 | INFO     | psldh:train:164 - [epoch:3/3][loss:0.119616][loss_e:0.118791][loss_r:0.082522]
2024-08-26 09:47:35.909 | INFO     | psldh:train:169 - [iter:2/50][iter_time:83.33]
2024-08-26 09:48:02.941 | INFO     | psldh:train:164 - [epoch:1/3][loss:0.120438][loss_e:0.119653][loss_r:0.078523]
2024-08-26 09:48:30.085 | INFO     | psldh:train:164 - [epoch:2/3][loss:0.118043][loss_e:0.117324][loss_r:0.071941]
2024-08-26 09:48:57.902 | INFO     | psldh:train:164 - [epoch:3/3][loss:0.115248][loss_e:0.114566][loss_r:0.068216]
2024-08-26 09:48:57.903 | INFO     | psldh:train:169 - [iter:3/50][iter_time:81.99]
2024-08-26 09:49:25.164 | INFO     | psldh:train:164 - [epoch:1/3][loss:0.119266][loss_e:0.118567][loss_r:0.069862]
2024-08-26 09:49:52.299 | INFO     | psldh:train:164 - [epoch:2/3][loss:0.116476][loss_e:0.115832][loss_r:0.064399]
2024-08-26 09:50:19.811 | INFO     | psldh:train:164 - [epoch:3/3][loss:0.116236][loss_e:0.115606][loss_r:0.063074]
2024-08-26 09:50:19.812 | INFO     | psldh:train:169 - [iter:4/50][iter_time:81.91]
2024-08-26 09:50:46.530 | INFO     | psldh:train:164 - [epoch:1/3][loss:0.118180][loss_e:0.117541][loss_r:0.063817]
2024-08-26 09:51:14.375 | INFO     | psldh:train:164 - [epoch:2/3][loss:0.116308][loss_e:0.115692][loss_r:0.061593]
2024-08-26 09:51:41.750 | INFO     | psldh:train:164 - [epoch:3/3][loss:0.113973][loss_e:0.113378][loss_r:0.059430]
2024-08-26 09:51:41.751 | INFO     | psldh:train:169 - [iter:5/50][iter_time:81.94]
2024-08-26 09:59:01.741 | INFO     | psldh:train:239 - [iter:5/50][code_length:16][mAP:0.56978][mAP_all:0.76853][best_mAP:0.56978]
2024-08-26 09:59:01.741 | INFO     | psldh:train:240 - [iter:5/50][code_length:16][zs_mAP:0.51714][zs_mAP_all:0.54125]
2024-08-26 09:59:28.932 | INFO     | psldh:train:164 - [epoch:1/3][loss:0.116931][loss_e:0.116340][loss_r:0.059138]
2024-08-26 09:59:56.685 | INFO     | psldh:train:164 - [epoch:2/3][loss:0.114165][loss_e:0.113594][loss_r:0.057168]
2024-08-26 10:00:24.298 | INFO     | psldh:train:164 - [epoch:3/3][loss:0.112874][loss_e:0.112321][loss_r:0.055213]
2024-08-26 10:00:24.299 | INFO     | psldh:train:169 - [iter:6/50][iter_time:82.56]
2024-08-26 10:00:52.072 | INFO     | psldh:train:164 - [epoch:1/3][loss:0.116836][loss_e:0.116267][loss_r:0.056893]
2024-08-26 10:01:19.202 | INFO     | psldh:train:164 - [epoch:2/3][loss:0.114384][loss_e:0.113840][loss_r:0.054401]
2024-08-26 10:01:46.604 | INFO     | psldh:train:164 - [epoch:3/3][loss:0.112932][loss_e:0.112385][loss_r:0.054626]
2024-08-26 10:01:46.605 | INFO     | psldh:train:169 - [iter:7/50][iter_time:82.31]
2024-08-26 10:02:14.393 | INFO     | psldh:train:164 - [epoch:1/3][loss:0.114235][loss_e:0.113711][loss_r:0.052402]
2024-08-26 10:02:42.340 | INFO     | psldh:train:164 - [epoch:2/3][loss:0.112849][loss_e:0.112339][loss_r:0.051017]
2024-08-26 10:03:09.283 | INFO     | psldh:train:164 - [epoch:3/3][loss:0.110621][loss_e:0.110132][loss_r:0.048930]
2024-08-26 10:03:09.284 | INFO     | psldh:train:169 - [iter:8/50][iter_time:82.68]
2024-08-26 10:03:36.458 | INFO     | psldh:train:164 - [epoch:1/3][loss:0.116064][loss_e:0.115534][loss_r:0.052998]
2024-08-26 10:04:04.039 | INFO     | psldh:train:164 - [epoch:2/3][loss:0.113551][loss_e:0.113050][loss_r:0.050094]
2024-08-26 10:04:32.469 | INFO     | psldh:train:164 - [epoch:3/3][loss:0.111760][loss_e:0.111270][loss_r:0.048968]
2024-08-26 10:04:32.469 | INFO     | psldh:train:169 - [iter:9/50][iter_time:83.19]
2024-08-26 10:04:59.375 | INFO     | psldh:train:164 - [epoch:1/3][loss:0.114784][loss_e:0.114292][loss_r:0.049236]
2024-08-26 10:05:26.803 | INFO     | psldh:train:164 - [epoch:2/3][loss:0.111683][loss_e:0.111193][loss_r:0.049040]
2024-08-26 10:05:54.220 | INFO     | psldh:train:164 - [epoch:3/3][loss:0.110769][loss_e:0.110296][loss_r:0.047282]
2024-08-26 10:05:54.221 | INFO     | psldh:train:169 - [iter:10/50][iter_time:81.75]
2024-08-26 10:13:13.487 | INFO     | psldh:train:239 - [iter:10/50][code_length:16][mAP:0.59159][mAP_all:0.76773][best_mAP:0.59159]
2024-08-26 10:13:13.489 | INFO     | psldh:train:240 - [iter:10/50][code_length:16][zs_mAP:0.49356][zs_mAP_all:0.52081]
2024-08-26 10:13:40.866 | INFO     | psldh:train:164 - [epoch:1/3][loss:0.114286][loss_e:0.113803][loss_r:0.048255]
2024-08-26 10:14:08.757 | INFO     | psldh:train:164 - [epoch:2/3][loss:0.112041][loss_e:0.111560][loss_r:0.048097]
2024-08-26 10:14:36.592 | INFO     | psldh:train:164 - [epoch:3/3][loss:0.110705][loss_e:0.110232][loss_r:0.047258]
2024-08-26 10:14:36.593 | INFO     | psldh:train:169 - [iter:11/50][iter_time:83.10]
2024-08-26 10:15:03.601 | INFO     | psldh:train:164 - [epoch:1/3][loss:0.113136][loss_e:0.112668][loss_r:0.046802]
2024-08-26 10:15:31.380 | INFO     | psldh:train:164 - [epoch:2/3][loss:0.111874][loss_e:0.111408][loss_r:0.046658]
2024-08-26 10:15:58.894 | INFO     | psldh:train:164 - [epoch:3/3][loss:0.109254][loss_e:0.108807][loss_r:0.044709]
2024-08-26 10:15:58.895 | INFO     | psldh:train:169 - [iter:12/50][iter_time:82.30]
2024-08-26 10:16:27.010 | INFO     | psldh:train:164 - [epoch:1/3][loss:0.113561][loss_e:0.113108][loss_r:0.045283]
2024-08-26 10:16:55.214 | INFO     | psldh:train:164 - [epoch:2/3][loss:0.112200][loss_e:0.111742][loss_r:0.045773]
2024-08-26 10:17:22.227 | INFO     | psldh:train:164 - [epoch:3/3][loss:0.109848][loss_e:0.109401][loss_r:0.044703]
2024-08-26 10:17:22.228 | INFO     | psldh:train:169 - [iter:13/50][iter_time:83.33]
2024-08-26 10:17:49.267 | INFO     | psldh:train:164 - [epoch:1/3][loss:0.113058][loss_e:0.112624][loss_r:0.043434]
2024-08-26 10:18:16.837 | INFO     | psldh:train:164 - [epoch:2/3][loss:0.111296][loss_e:0.110866][loss_r:0.042981]
2024-08-26 10:18:44.784 | INFO     | psldh:train:164 - [epoch:3/3][loss:0.109854][loss_e:0.109438][loss_r:0.041520]
2024-08-26 10:18:44.784 | INFO     | psldh:train:169 - [iter:14/50][iter_time:82.56]
2024-08-26 10:19:12.241 | INFO     | psldh:train:164 - [epoch:1/3][loss:0.113485][loss_e:0.113036][loss_r:0.044935]
2024-08-26 10:19:39.586 | INFO     | psldh:train:164 - [epoch:2/3][loss:0.111451][loss_e:0.111008][loss_r:0.044254]
2024-08-26 10:20:06.669 | INFO     | psldh:train:164 - [epoch:3/3][loss:0.109116][loss_e:0.108706][loss_r:0.040950]
2024-08-26 10:20:06.670 | INFO     | psldh:train:169 - [iter:15/50][iter_time:81.89]
2024-08-26 10:27:25.683 | INFO     | psldh:train:239 - [iter:15/50][code_length:16][mAP:0.59796][mAP_all:0.78025][best_mAP:0.59796]
2024-08-26 10:27:25.684 | INFO     | psldh:train:240 - [iter:15/50][code_length:16][zs_mAP:0.50736][zs_mAP_all:0.52431]
2024-08-26 10:27:53.371 | INFO     | psldh:train:164 - [epoch:1/3][loss:0.115062][loss_e:0.114639][loss_r:0.042365]
2024-08-26 10:28:20.489 | INFO     | psldh:train:164 - [epoch:2/3][loss:0.111727][loss_e:0.111299][loss_r:0.042771]
2024-08-26 10:28:47.992 | INFO     | psldh:train:164 - [epoch:3/3][loss:0.108602][loss_e:0.108198][loss_r:0.040466]
2024-08-26 10:28:47.993 | INFO     | psldh:train:169 - [iter:16/50][iter_time:82.31]
2024-08-26 10:29:15.857 | INFO     | psldh:train:164 - [epoch:1/3][loss:0.112815][loss_e:0.112370][loss_r:0.044456]
2024-08-26 10:29:43.570 | INFO     | psldh:train:164 - [epoch:2/3][loss:0.109624][loss_e:0.109205][loss_r:0.041897]
2024-08-26 10:30:11.527 | INFO     | psldh:train:164 - [epoch:3/3][loss:0.108553][loss_e:0.108158][loss_r:0.039485]
2024-08-26 10:30:11.528 | INFO     | psldh:train:169 - [iter:17/50][iter_time:83.53]
2024-08-26 10:30:39.910 | INFO     | psldh:train:164 - [epoch:1/3][loss:0.112686][loss_e:0.112281][loss_r:0.040570]
2024-08-26 10:31:07.506 | INFO     | psldh:train:164 - [epoch:2/3][loss:0.110942][loss_e:0.110539][loss_r:0.040302]
2024-08-26 10:31:34.656 | INFO     | psldh:train:164 - [epoch:3/3][loss:0.108688][loss_e:0.108289][loss_r:0.039882]
2024-08-26 10:31:34.656 | INFO     | psldh:train:169 - [iter:18/50][iter_time:83.13]
2024-08-26 10:32:01.644 | INFO     | psldh:train:164 - [epoch:1/3][loss:0.112868][loss_e:0.112446][loss_r:0.042182]
2024-08-26 10:32:28.425 | INFO     | psldh:train:164 - [epoch:2/3][loss:0.111793][loss_e:0.111387][loss_r:0.040604]
2024-08-26 10:32:55.789 | INFO     | psldh:train:164 - [epoch:3/3][loss:0.109807][loss_e:0.109407][loss_r:0.040015]
2024-08-26 10:32:55.790 | INFO     | psldh:train:169 - [iter:19/50][iter_time:81.13]
2024-08-26 10:33:22.789 | INFO     | psldh:train:164 - [epoch:1/3][loss:0.112761][loss_e:0.112357][loss_r:0.040453]
2024-08-26 10:33:49.651 | INFO     | psldh:train:164 - [epoch:2/3][loss:0.110950][loss_e:0.110555][loss_r:0.039491]
2024-08-26 10:34:17.471 | INFO     | psldh:train:164 - [epoch:3/3][loss:0.109731][loss_e:0.109342][loss_r:0.038918]
2024-08-26 10:34:17.472 | INFO     | psldh:train:169 - [iter:20/50][iter_time:81.68]
2024-08-26 10:41:36.287 | INFO     | psldh:train:239 - [iter:20/50][code_length:16][mAP:0.61001][mAP_all:0.77483][best_mAP:0.61001]
2024-08-26 10:41:36.288 | INFO     | psldh:train:240 - [iter:20/50][code_length:16][zs_mAP:0.49932][zs_mAP_all:0.52207]
2024-08-26 10:42:03.755 | INFO     | psldh:train:164 - [epoch:1/3][loss:0.112750][loss_e:0.112350][loss_r:0.040062]
2024-08-26 10:42:30.396 | INFO     | psldh:train:164 - [epoch:2/3][loss:0.110874][loss_e:0.110482][loss_r:0.039264]
2024-08-26 10:42:57.184 | INFO     | psldh:train:164 - [epoch:3/3][loss:0.108972][loss_e:0.108592][loss_r:0.038040]
2024-08-26 10:42:57.184 | INFO     | psldh:train:169 - [iter:21/50][iter_time:80.90]
2024-08-26 10:43:24.999 | INFO     | psldh:train:164 - [epoch:1/3][loss:0.112195][loss_e:0.111803][loss_r:0.039188]
2024-08-26 10:43:51.711 | INFO     | psldh:train:164 - [epoch:2/3][loss:0.109723][loss_e:0.109332][loss_r:0.039077]
2024-08-26 10:44:18.865 | INFO     | psldh:train:164 - [epoch:3/3][loss:0.108603][loss_e:0.108208][loss_r:0.039501]
2024-08-26 10:44:18.865 | INFO     | psldh:train:169 - [iter:22/50][iter_time:81.68]
2024-08-26 10:44:46.812 | INFO     | psldh:train:164 - [epoch:1/3][loss:0.113870][loss_e:0.113474][loss_r:0.039570]
2024-08-26 10:45:14.067 | INFO     | psldh:train:164 - [epoch:2/3][loss:0.110746][loss_e:0.110362][loss_r:0.038372]
2024-08-26 10:45:41.808 | INFO     | psldh:train:164 - [epoch:3/3][loss:0.109483][loss_e:0.109106][loss_r:0.037647]
2024-08-26 10:45:41.808 | INFO     | psldh:train:169 - [iter:23/50][iter_time:82.94]
2024-08-26 10:46:10.195 | INFO     | psldh:train:164 - [epoch:1/3][loss:0.111600][loss_e:0.111224][loss_r:0.037615]
2024-08-26 10:46:37.912 | INFO     | psldh:train:164 - [epoch:2/3][loss:0.110489][loss_e:0.110107][loss_r:0.038236]
2024-08-26 10:47:04.547 | INFO     | psldh:train:164 - [epoch:3/3][loss:0.108744][loss_e:0.108366][loss_r:0.037758]
2024-08-26 10:47:04.548 | INFO     | psldh:train:169 - [iter:24/50][iter_time:82.74]
2024-08-26 10:47:32.228 | INFO     | psldh:train:164 - [epoch:1/3][loss:0.111531][loss_e:0.111140][loss_r:0.039097]
2024-08-26 10:47:59.608 | INFO     | psldh:train:164 - [epoch:2/3][loss:0.109004][loss_e:0.108634][loss_r:0.037029]
2024-08-26 10:48:27.265 | INFO     | psldh:train:164 - [epoch:3/3][loss:0.107905][loss_e:0.107538][loss_r:0.036698]
2024-08-26 10:48:27.265 | INFO     | psldh:train:169 - [iter:25/50][iter_time:82.72]
2024-08-26 10:55:46.605 | INFO     | psldh:train:239 - [iter:25/50][code_length:16][mAP:0.61356][mAP_all:0.78076][best_mAP:0.61356]
2024-08-26 10:55:46.606 | INFO     | psldh:train:240 - [iter:25/50][code_length:16][zs_mAP:0.50338][zs_mAP_all:0.52694]
2024-08-26 10:56:14.395 | INFO     | psldh:train:164 - [epoch:1/3][loss:0.110957][loss_e:0.110583][loss_r:0.037439]
2024-08-26 10:56:41.960 | INFO     | psldh:train:164 - [epoch:2/3][loss:0.109078][loss_e:0.108710][loss_r:0.036821]
2024-08-26 10:57:09.280 | INFO     | psldh:train:164 - [epoch:3/3][loss:0.108112][loss_e:0.107737][loss_r:0.037499]
2024-08-26 10:57:09.281 | INFO     | psldh:train:169 - [iter:26/50][iter_time:82.67]
2024-08-26 10:57:36.606 | INFO     | psldh:train:164 - [epoch:1/3][loss:0.110262][loss_e:0.109892][loss_r:0.037051]
2024-08-26 10:58:04.792 | INFO     | psldh:train:164 - [epoch:2/3][loss:0.109144][loss_e:0.108788][loss_r:0.035608]
2024-08-26 10:58:32.505 | INFO     | psldh:train:164 - [epoch:3/3][loss:0.107723][loss_e:0.107360][loss_r:0.036323]
2024-08-26 10:58:32.505 | INFO     | psldh:train:169 - [iter:27/50][iter_time:83.22]
2024-08-26 10:59:00.072 | INFO     | psldh:train:164 - [epoch:1/3][loss:0.114003][loss_e:0.113620][loss_r:0.038359]
2024-08-26 10:59:27.736 | INFO     | psldh:train:164 - [epoch:2/3][loss:0.110996][loss_e:0.110615][loss_r:0.038064]
2024-08-26 10:59:54.492 | INFO     | psldh:train:164 - [epoch:3/3][loss:0.110048][loss_e:0.109670][loss_r:0.037835]
2024-08-26 10:59:54.493 | INFO     | psldh:train:169 - [iter:28/50][iter_time:81.99]
2024-08-26 11:00:22.002 | INFO     | psldh:train:164 - [epoch:1/3][loss:0.111019][loss_e:0.110646][loss_r:0.037317]
2024-08-26 11:00:50.274 | INFO     | psldh:train:164 - [epoch:2/3][loss:0.108439][loss_e:0.108078][loss_r:0.036033]
2024-08-26 11:01:17.862 | INFO     | psldh:train:164 - [epoch:3/3][loss:0.107401][loss_e:0.107051][loss_r:0.035032]
2024-08-26 11:01:17.863 | INFO     | psldh:train:169 - [iter:29/50][iter_time:83.37]
2024-08-26 11:01:46.121 | INFO     | psldh:train:164 - [epoch:1/3][loss:0.111649][loss_e:0.111278][loss_r:0.037071]
2024-08-26 11:02:13.093 | INFO     | psldh:train:164 - [epoch:2/3][loss:0.108931][loss_e:0.108570][loss_r:0.036122]
2024-08-26 11:02:40.604 | INFO     | psldh:train:164 - [epoch:3/3][loss:0.107222][loss_e:0.106869][loss_r:0.035297]
2024-08-26 11:02:40.605 | INFO     | psldh:train:169 - [iter:30/50][iter_time:82.74]
2024-08-26 11:10:01.207 | INFO     | psldh:train:239 - [iter:30/50][code_length:16][mAP:0.61323][mAP_all:0.77610][best_mAP:0.61356]
2024-08-26 11:10:01.208 | INFO     | psldh:train:240 - [iter:30/50][code_length:16][zs_mAP:0.48181][zs_mAP_all:0.51174]
2024-08-26 11:10:29.225 | INFO     | psldh:train:164 - [epoch:1/3][loss:0.112708][loss_e:0.112336][loss_r:0.037199]
2024-08-26 11:10:56.776 | INFO     | psldh:train:164 - [epoch:2/3][loss:0.110333][loss_e:0.109968][loss_r:0.036550]
2024-08-26 11:11:24.008 | INFO     | psldh:train:164 - [epoch:3/3][loss:0.108912][loss_e:0.108554][loss_r:0.035831]
2024-08-26 11:11:24.009 | INFO     | psldh:train:169 - [iter:31/50][iter_time:82.80]
2024-08-26 11:11:52.080 | INFO     | psldh:train:164 - [epoch:1/3][loss:0.110386][loss_e:0.110035][loss_r:0.035116]
2024-08-26 11:12:20.380 | INFO     | psldh:train:164 - [epoch:2/3][loss:0.108481][loss_e:0.108138][loss_r:0.034275]
2024-08-26 11:12:47.168 | INFO     | psldh:train:164 - [epoch:3/3][loss:0.106912][loss_e:0.106564][loss_r:0.034755]
2024-08-26 11:12:47.168 | INFO     | psldh:train:169 - [iter:32/50][iter_time:83.16]
2024-08-26 11:13:14.176 | INFO     | psldh:train:164 - [epoch:1/3][loss:0.111254][loss_e:0.110894][loss_r:0.036050]
2024-08-26 11:13:41.493 | INFO     | psldh:train:164 - [epoch:2/3][loss:0.110033][loss_e:0.109687][loss_r:0.034580]
2024-08-26 11:14:08.675 | INFO     | psldh:train:164 - [epoch:3/3][loss:0.108329][loss_e:0.107980][loss_r:0.034964]
2024-08-26 11:14:08.676 | INFO     | psldh:train:169 - [iter:33/50][iter_time:81.51]
2024-08-26 11:14:36.153 | INFO     | psldh:train:164 - [epoch:1/3][loss:0.112431][loss_e:0.112058][loss_r:0.037329]
2024-08-26 11:15:03.085 | INFO     | psldh:train:164 - [epoch:2/3][loss:0.109539][loss_e:0.109188][loss_r:0.035168]
2024-08-26 11:15:30.631 | INFO     | psldh:train:164 - [epoch:3/3][loss:0.107724][loss_e:0.107375][loss_r:0.034904]
2024-08-26 11:15:30.632 | INFO     | psldh:train:169 - [iter:34/50][iter_time:81.96]
2024-08-26 11:15:57.404 | INFO     | psldh:train:164 - [epoch:1/3][loss:0.112646][loss_e:0.112297][loss_r:0.034855]
2024-08-26 11:16:24.499 | INFO     | psldh:train:164 - [epoch:2/3][loss:0.109663][loss_e:0.109315][loss_r:0.034721]
2024-08-26 11:16:51.326 | INFO     | psldh:train:164 - [epoch:3/3][loss:0.107799][loss_e:0.107461][loss_r:0.033778]
2024-08-26 11:16:51.327 | INFO     | psldh:train:169 - [iter:35/50][iter_time:80.69]
2024-08-26 11:24:09.816 | INFO     | psldh:train:239 - [iter:35/50][code_length:16][mAP:0.61337][mAP_all:0.77681][best_mAP:0.61356]
2024-08-26 11:24:09.817 | INFO     | psldh:train:240 - [iter:35/50][code_length:16][zs_mAP:0.50727][zs_mAP_all:0.52684]
2024-08-26 11:24:37.415 | INFO     | psldh:train:164 - [epoch:1/3][loss:0.111515][loss_e:0.111178][loss_r:0.033776]
2024-08-26 11:25:04.257 | INFO     | psldh:train:164 - [epoch:2/3][loss:0.108768][loss_e:0.108425][loss_r:0.034322]
2024-08-26 11:25:30.526 | INFO     | psldh:train:164 - [epoch:3/3][loss:0.109002][loss_e:0.108672][loss_r:0.032986]
2024-08-26 11:25:30.527 | INFO     | psldh:train:169 - [iter:36/50][iter_time:80.71]
2024-08-26 11:25:57.688 | INFO     | psldh:train:164 - [epoch:1/3][loss:0.110276][loss_e:0.109922][loss_r:0.035323]
2024-08-26 11:26:25.042 | INFO     | psldh:train:164 - [epoch:2/3][loss:0.108174][loss_e:0.107839][loss_r:0.033515]
2024-08-26 11:26:52.448 | INFO     | psldh:train:164 - [epoch:3/3][loss:0.107949][loss_e:0.107615][loss_r:0.033434]
2024-08-26 11:26:52.448 | INFO     | psldh:train:169 - [iter:37/50][iter_time:81.92]
2024-08-26 11:27:19.560 | INFO     | psldh:train:164 - [epoch:1/3][loss:0.112804][loss_e:0.112454][loss_r:0.034988]
2024-08-26 11:27:46.081 | INFO     | psldh:train:164 - [epoch:2/3][loss:0.109685][loss_e:0.109341][loss_r:0.034355]
2024-08-26 11:28:13.009 | INFO     | psldh:train:164 - [epoch:3/3][loss:0.108201][loss_e:0.107867][loss_r:0.033432]
2024-08-26 11:28:13.010 | INFO     | psldh:train:169 - [iter:38/50][iter_time:80.56]
2024-08-26 11:28:39.927 | INFO     | psldh:train:164 - [epoch:1/3][loss:0.111179][loss_e:0.110818][loss_r:0.036064]
2024-08-26 11:29:07.056 | INFO     | psldh:train:164 - [epoch:2/3][loss:0.107995][loss_e:0.107651][loss_r:0.034376]
2024-08-26 11:29:34.265 | INFO     | psldh:train:164 - [epoch:3/3][loss:0.107416][loss_e:0.107081][loss_r:0.033530]
2024-08-26 11:29:34.265 | INFO     | psldh:train:169 - [iter:39/50][iter_time:81.26]
2024-08-26 11:30:02.142 | INFO     | psldh:train:164 - [epoch:1/3][loss:0.112238][loss_e:0.111891][loss_r:0.034665]
2024-08-26 11:30:29.335 | INFO     | psldh:train:164 - [epoch:2/3][loss:0.109361][loss_e:0.109033][loss_r:0.032786]
2024-08-26 11:30:56.693 | INFO     | psldh:train:164 - [epoch:3/3][loss:0.108143][loss_e:0.107809][loss_r:0.033444]
2024-08-26 11:30:56.694 | INFO     | psldh:train:169 - [iter:40/50][iter_time:82.43]
2024-08-26 11:38:15.948 | INFO     | psldh:train:239 - [iter:40/50][code_length:16][mAP:0.61900][mAP_all:0.77410][best_mAP:0.61900]
2024-08-26 11:38:15.949 | INFO     | psldh:train:240 - [iter:40/50][code_length:16][zs_mAP:0.48199][zs_mAP_all:0.51063]
2024-08-26 11:38:43.159 | INFO     | psldh:train:164 - [epoch:1/3][loss:0.109986][loss_e:0.109652][loss_r:0.033446]
2024-08-26 11:39:10.392 | INFO     | psldh:train:164 - [epoch:2/3][loss:0.108220][loss_e:0.107884][loss_r:0.033585]
2024-08-26 11:39:37.571 | INFO     | psldh:train:164 - [epoch:3/3][loss:0.107098][loss_e:0.106773][loss_r:0.032426]
2024-08-26 11:39:37.571 | INFO     | psldh:train:169 - [iter:41/50][iter_time:81.62]
2024-08-26 11:40:04.785 | INFO     | psldh:train:164 - [epoch:1/3][loss:0.110290][loss_e:0.109957][loss_r:0.033297]
2024-08-26 11:40:31.884 | INFO     | psldh:train:164 - [epoch:2/3][loss:0.108721][loss_e:0.108384][loss_r:0.033638]
2024-08-26 11:40:59.050 | INFO     | psldh:train:164 - [epoch:3/3][loss:0.107334][loss_e:0.107012][loss_r:0.032209]
2024-08-26 11:40:59.051 | INFO     | psldh:train:169 - [iter:42/50][iter_time:81.48]
2024-08-26 11:41:26.317 | INFO     | psldh:train:164 - [epoch:1/3][loss:0.110050][loss_e:0.109735][loss_r:0.031531]
2024-08-26 11:41:53.778 | INFO     | psldh:train:164 - [epoch:2/3][loss:0.109201][loss_e:0.108874][loss_r:0.032741]
2024-08-26 11:42:21.011 | INFO     | psldh:train:164 - [epoch:3/3][loss:0.106994][loss_e:0.106670][loss_r:0.032420]
2024-08-26 11:42:21.011 | INFO     | psldh:train:169 - [iter:43/50][iter_time:81.96]
2024-08-26 11:42:47.825 | INFO     | psldh:train:164 - [epoch:1/3][loss:0.111371][loss_e:0.111033][loss_r:0.033806]
2024-08-26 11:43:14.713 | INFO     | psldh:train:164 - [epoch:2/3][loss:0.108017][loss_e:0.107681][loss_r:0.033599]
2024-08-26 11:43:41.619 | INFO     | psldh:train:164 - [epoch:3/3][loss:0.106891][loss_e:0.106568][loss_r:0.032305]
2024-08-26 11:43:41.620 | INFO     | psldh:train:169 - [iter:44/50][iter_time:80.61]
2024-08-26 11:44:08.832 | INFO     | psldh:train:164 - [epoch:1/3][loss:0.110847][loss_e:0.110501][loss_r:0.034567]
2024-08-26 11:44:35.953 | INFO     | psldh:train:164 - [epoch:2/3][loss:0.107878][loss_e:0.107556][loss_r:0.032216]
2024-08-26 11:45:02.956 | INFO     | psldh:train:164 - [epoch:3/3][loss:0.106799][loss_e:0.106462][loss_r:0.033749]
2024-08-26 11:45:02.957 | INFO     | psldh:train:169 - [iter:45/50][iter_time:81.34]
2024-08-26 11:52:23.217 | INFO     | psldh:train:239 - [iter:45/50][code_length:16][mAP:0.61879][mAP_all:0.77966][best_mAP:0.61900]
2024-08-26 11:52:23.218 | INFO     | psldh:train:240 - [iter:45/50][code_length:16][zs_mAP:0.49608][zs_mAP_all:0.51392]
2024-08-26 11:52:50.536 | INFO     | psldh:train:164 - [epoch:1/3][loss:0.110468][loss_e:0.110140][loss_r:0.032804]
2024-08-26 11:53:17.915 | INFO     | psldh:train:164 - [epoch:2/3][loss:0.109742][loss_e:0.109407][loss_r:0.033525]
2024-08-26 11:53:46.041 | INFO     | psldh:train:164 - [epoch:3/3][loss:0.108781][loss_e:0.108452][loss_r:0.032867]
2024-08-26 11:53:46.042 | INFO     | psldh:train:169 - [iter:46/50][iter_time:82.82]
2024-08-26 12:01:03.908 | INFO     | psldh:train:239 - [iter:46/50][code_length:16][mAP:0.63051][mAP_all:0.78542][best_mAP:0.63051]
2024-08-26 12:01:03.908 | INFO     | psldh:train:240 - [iter:46/50][code_length:16][zs_mAP:0.50277][zs_mAP_all:0.52005]
2024-08-26 12:01:31.163 | INFO     | psldh:train:164 - [epoch:1/3][loss:0.109618][loss_e:0.109294][loss_r:0.032447]
2024-08-26 12:01:58.445 | INFO     | psldh:train:164 - [epoch:2/3][loss:0.108852][loss_e:0.108526][loss_r:0.032645]
2024-08-26 12:02:25.659 | INFO     | psldh:train:164 - [epoch:3/3][loss:0.108489][loss_e:0.108166][loss_r:0.032278]
2024-08-26 12:02:25.660 | INFO     | psldh:train:169 - [iter:47/50][iter_time:81.75]
2024-08-26 12:09:44.745 | INFO     | psldh:train:239 - [iter:47/50][code_length:16][mAP:0.63332][mAP_all:0.78592][best_mAP:0.63332]
2024-08-26 12:09:44.746 | INFO     | psldh:train:240 - [iter:47/50][code_length:16][zs_mAP:0.49573][zs_mAP_all:0.51725]
2024-08-26 12:10:12.855 | INFO     | psldh:train:164 - [epoch:1/3][loss:0.109937][loss_e:0.109608][loss_r:0.032892]
2024-08-26 12:10:39.526 | INFO     | psldh:train:164 - [epoch:2/3][loss:0.109058][loss_e:0.108714][loss_r:0.034356]
2024-08-26 12:11:07.172 | INFO     | psldh:train:164 - [epoch:3/3][loss:0.109241][loss_e:0.108912][loss_r:0.032878]
2024-08-26 12:11:07.173 | INFO     | psldh:train:169 - [iter:48/50][iter_time:82.43]
2024-08-26 12:18:24.570 | INFO     | psldh:train:239 - [iter:48/50][code_length:16][mAP:0.63639][mAP_all:0.78802][best_mAP:0.63639]
2024-08-26 12:18:24.571 | INFO     | psldh:train:240 - [iter:48/50][code_length:16][zs_mAP:0.49849][zs_mAP_all:0.51592]
2024-08-26 12:18:51.871 | INFO     | psldh:train:164 - [epoch:1/3][loss:0.108655][loss_e:0.108344][loss_r:0.031063]
2024-08-26 12:19:19.664 | INFO     | psldh:train:164 - [epoch:2/3][loss:0.107627][loss_e:0.107307][loss_r:0.032031]
2024-08-26 12:19:47.826 | INFO     | psldh:train:164 - [epoch:3/3][loss:0.107117][loss_e:0.106792][loss_r:0.032452]
2024-08-26 12:19:47.827 | INFO     | psldh:train:169 - [iter:49/50][iter_time:83.26]
2024-08-26 12:27:04.655 | INFO     | psldh:train:239 - [iter:49/50][code_length:16][mAP:0.63627][mAP_all:0.78900][best_mAP:0.63639]
2024-08-26 12:27:04.655 | INFO     | psldh:train:240 - [iter:49/50][code_length:16][zs_mAP:0.50072][zs_mAP_all:0.52360]
2024-08-26 12:27:31.584 | INFO     | psldh:train:164 - [epoch:1/3][loss:0.109448][loss_e:0.109112][loss_r:0.033658]
2024-08-26 12:27:58.858 | INFO     | psldh:train:164 - [epoch:2/3][loss:0.108046][loss_e:0.107720][loss_r:0.032549]
2024-08-26 12:28:26.225 | INFO     | psldh:train:164 - [epoch:3/3][loss:0.108099][loss_e:0.107778][loss_r:0.032156]
2024-08-26 12:28:26.225 | INFO     | psldh:train:169 - [iter:50/50][iter_time:81.57]
2024-08-26 12:35:45.462 | INFO     | psldh:train:239 - [iter:50/50][code_length:16][mAP:0.64143][mAP_all:0.78974][best_mAP:0.64143]
2024-08-26 12:35:45.463 | INFO     | psldh:train:240 - [iter:50/50][code_length:16][zs_mAP:0.50528][zs_mAP_all:0.52457]
2024-08-26 12:35:45.464 | INFO     | psldh:train:243 - [Training time:10256.26]
2024-08-26 12:35:45.467 | INFO     | __main__:run:123 - [code_length:16][map:0.6414][map_all:0.7897][zs_map:0.5053][zs_map_all:0.5246]
2024-08-26 12:36:13.698 | INFO     | psldh:train:164 - [epoch:1/3][loss:0.163077][loss_e:0.159918][loss_r:0.315946]
2024-08-26 12:36:41.211 | INFO     | psldh:train:164 - [epoch:2/3][loss:0.140731][loss_e:0.138050][loss_r:0.268120]
2024-08-26 12:37:08.940 | INFO     | psldh:train:164 - [epoch:3/3][loss:0.128748][loss_e:0.126493][loss_r:0.225513]
2024-08-26 12:37:08.940 | INFO     | psldh:train:169 - [iter:1/50][iter_time:82.24]
2024-08-26 12:37:36.398 | INFO     | psldh:train:164 - [epoch:1/3][loss:0.126620][loss_e:0.124660][loss_r:0.195930]
2024-08-26 12:38:04.456 | INFO     | psldh:train:164 - [epoch:2/3][loss:0.119727][loss_e:0.117913][loss_r:0.181475]
2024-08-26 12:38:31.583 | INFO     | psldh:train:164 - [epoch:3/3][loss:0.116833][loss_e:0.115115][loss_r:0.171776]
2024-08-26 12:38:31.584 | INFO     | psldh:train:169 - [iter:2/50][iter_time:82.64]
2024-08-26 12:38:59.545 | INFO     | psldh:train:164 - [epoch:1/3][loss:0.120058][loss_e:0.118374][loss_r:0.168461]
2024-08-26 12:39:26.850 | INFO     | psldh:train:164 - [epoch:2/3][loss:0.113895][loss_e:0.112302][loss_r:0.159315]
2024-08-26 12:39:54.326 | INFO     | psldh:train:164 - [epoch:3/3][loss:0.111149][loss_e:0.109627][loss_r:0.152241]
2024-08-26 12:39:54.327 | INFO     | psldh:train:169 - [iter:3/50][iter_time:82.74]
2024-08-26 12:40:22.484 | INFO     | psldh:train:164 - [epoch:1/3][loss:0.117664][loss_e:0.116177][loss_r:0.148713]
2024-08-26 12:40:49.483 | INFO     | psldh:train:164 - [epoch:2/3][loss:0.112978][loss_e:0.111537][loss_r:0.144135]
2024-08-26 12:41:18.305 | INFO     | psldh:train:164 - [epoch:3/3][loss:0.109037][loss_e:0.107636][loss_r:0.140027]
2024-08-26 12:41:18.306 | INFO     | psldh:train:169 - [iter:4/50][iter_time:83.98]
2024-08-26 12:41:46.024 | INFO     | psldh:train:164 - [epoch:1/3][loss:0.116414][loss_e:0.115018][loss_r:0.139520]
2024-08-26 12:42:13.123 | INFO     | psldh:train:164 - [epoch:2/3][loss:0.110180][loss_e:0.108873][loss_r:0.130727]
2024-08-26 12:42:40.051 | INFO     | psldh:train:164 - [epoch:3/3][loss:0.107500][loss_e:0.106198][loss_r:0.130227]
2024-08-26 12:42:40.052 | INFO     | psldh:train:169 - [iter:5/50][iter_time:81.75]
2024-08-26 12:49:58.271 | INFO     | psldh:train:239 - [iter:5/50][code_length:32][mAP:0.61025][mAP_all:0.77827][best_mAP:0.61025]
2024-08-26 12:49:58.272 | INFO     | psldh:train:240 - [iter:5/50][code_length:32][zs_mAP:0.51104][zs_mAP_all:0.53733]
2024-08-26 12:50:25.669 | INFO     | psldh:train:164 - [epoch:1/3][loss:0.114996][loss_e:0.113687][loss_r:0.130906]
2024-08-26 12:50:52.674 | INFO     | psldh:train:164 - [epoch:2/3][loss:0.110444][loss_e:0.109199][loss_r:0.124464]
2024-08-26 12:51:20.009 | INFO     | psldh:train:164 - [epoch:3/3][loss:0.106475][loss_e:0.105251][loss_r:0.122396]
2024-08-26 12:51:20.010 | INFO     | psldh:train:169 - [iter:6/50][iter_time:81.74]
2024-08-26 12:51:46.516 | INFO     | psldh:train:164 - [epoch:1/3][loss:0.115317][loss_e:0.114087][loss_r:0.122966]
2024-08-26 12:52:13.869 | INFO     | psldh:train:164 - [epoch:2/3][loss:0.109239][loss_e:0.108044][loss_r:0.119473]
2024-08-26 12:52:41.094 | INFO     | psldh:train:164 - [epoch:3/3][loss:0.106301][loss_e:0.105135][loss_r:0.116619]
2024-08-26 12:52:41.094 | INFO     | psldh:train:169 - [iter:7/50][iter_time:81.08]
2024-08-26 12:53:08.295 | INFO     | psldh:train:164 - [epoch:1/3][loss:0.113867][loss_e:0.112660][loss_r:0.120698]
2024-08-26 12:53:35.832 | INFO     | psldh:train:164 - [epoch:2/3][loss:0.110046][loss_e:0.108881][loss_r:0.116448]
2024-08-26 12:54:04.430 | INFO     | psldh:train:164 - [epoch:3/3][loss:0.104934][loss_e:0.103812][loss_r:0.112205]
2024-08-26 12:54:04.431 | INFO     | psldh:train:169 - [iter:8/50][iter_time:83.34]
2024-08-26 12:54:31.784 | INFO     | psldh:train:164 - [epoch:1/3][loss:0.114231][loss_e:0.113099][loss_r:0.113161]
2024-08-26 12:54:59.107 | INFO     | psldh:train:164 - [epoch:2/3][loss:0.107952][loss_e:0.106841][loss_r:0.111020]
2024-08-26 12:55:27.101 | INFO     | psldh:train:164 - [epoch:3/3][loss:0.104595][loss_e:0.103501][loss_r:0.109403]
2024-08-26 12:55:27.102 | INFO     | psldh:train:169 - [iter:9/50][iter_time:82.67]
2024-08-26 12:55:53.902 | INFO     | psldh:train:164 - [epoch:1/3][loss:0.110645][loss_e:0.109513][loss_r:0.113185]
2024-08-26 12:56:21.318 | INFO     | psldh:train:164 - [epoch:2/3][loss:0.105041][loss_e:0.103983][loss_r:0.105815]
2024-08-26 12:56:48.384 | INFO     | psldh:train:164 - [epoch:3/3][loss:0.102616][loss_e:0.101574][loss_r:0.104269]
2024-08-26 12:56:48.385 | INFO     | psldh:train:169 - [iter:10/50][iter_time:81.28]
2024-08-26 13:04:07.159 | INFO     | psldh:train:239 - [iter:10/50][code_length:32][mAP:0.62118][mAP_all:0.77925][best_mAP:0.62118]
2024-08-26 13:04:07.160 | INFO     | psldh:train:240 - [iter:10/50][code_length:32][zs_mAP:0.49105][zs_mAP_all:0.53821]
2024-08-26 13:04:34.332 | INFO     | psldh:train:164 - [epoch:1/3][loss:0.112387][loss_e:0.111289][loss_r:0.109861]
2024-08-26 13:05:01.976 | INFO     | psldh:train:164 - [epoch:2/3][loss:0.106863][loss_e:0.105802][loss_r:0.106110]
2024-08-26 13:05:29.870 | INFO     | psldh:train:164 - [epoch:3/3][loss:0.104889][loss_e:0.103835][loss_r:0.105306]
2024-08-26 13:05:29.871 | INFO     | psldh:train:169 - [iter:11/50][iter_time:82.71]
2024-08-26 13:05:57.617 | INFO     | psldh:train:164 - [epoch:1/3][loss:0.111903][loss_e:0.110820][loss_r:0.108345]
2024-08-26 13:06:24.591 | INFO     | psldh:train:164 - [epoch:2/3][loss:0.108589][loss_e:0.107538][loss_r:0.105195]
2024-08-26 13:06:51.936 | INFO     | psldh:train:164 - [epoch:3/3][loss:0.103690][loss_e:0.102649][loss_r:0.104157]
2024-08-26 13:06:51.937 | INFO     | psldh:train:169 - [iter:12/50][iter_time:82.07]
2024-08-26 13:07:19.739 | INFO     | psldh:train:164 - [epoch:1/3][loss:0.111347][loss_e:0.110314][loss_r:0.103282]
2024-08-26 13:07:47.619 | INFO     | psldh:train:164 - [epoch:2/3][loss:0.105712][loss_e:0.104727][loss_r:0.098489]
2024-08-26 13:08:14.626 | INFO     | psldh:train:164 - [epoch:3/3][loss:0.101412][loss_e:0.100446][loss_r:0.096604]
2024-08-26 13:08:14.627 | INFO     | psldh:train:169 - [iter:13/50][iter_time:82.69]
2024-08-26 13:08:42.264 | INFO     | psldh:train:164 - [epoch:1/3][loss:0.110817][loss_e:0.109821][loss_r:0.099567]
2024-08-26 13:09:10.241 | INFO     | psldh:train:164 - [epoch:2/3][loss:0.105085][loss_e:0.104106][loss_r:0.097920]
2024-08-26 13:09:37.409 | INFO     | psldh:train:164 - [epoch:3/3][loss:0.103090][loss_e:0.102110][loss_r:0.097973]
2024-08-26 13:09:37.410 | INFO     | psldh:train:169 - [iter:14/50][iter_time:82.78]
2024-08-26 13:10:04.552 | INFO     | psldh:train:164 - [epoch:1/3][loss:0.110762][loss_e:0.109780][loss_r:0.098219]
2024-08-26 13:10:31.305 | INFO     | psldh:train:164 - [epoch:2/3][loss:0.104525][loss_e:0.103579][loss_r:0.094617]
2024-08-26 13:10:58.679 | INFO     | psldh:train:164 - [epoch:3/3][loss:0.101394][loss_e:0.100458][loss_r:0.093616]
2024-08-26 13:10:58.680 | INFO     | psldh:train:169 - [iter:15/50][iter_time:81.27]
2024-08-26 13:18:16.903 | INFO     | psldh:train:239 - [iter:15/50][code_length:32][mAP:0.62005][mAP_all:0.77912][best_mAP:0.62118]
2024-08-26 13:18:16.903 | INFO     | psldh:train:240 - [iter:15/50][code_length:32][zs_mAP:0.50809][zs_mAP_all:0.54685]
2024-08-26 13:18:44.901 | INFO     | psldh:train:164 - [epoch:1/3][loss:0.108246][loss_e:0.107253][loss_r:0.099343]
2024-08-26 13:19:12.013 | INFO     | psldh:train:164 - [epoch:2/3][loss:0.105568][loss_e:0.104557][loss_r:0.101090]
2024-08-26 13:19:39.045 | INFO     | psldh:train:164 - [epoch:3/3][loss:0.102981][loss_e:0.102016][loss_r:0.096513]
2024-08-26 13:19:39.046 | INFO     | psldh:train:169 - [iter:16/50][iter_time:82.14]
2024-08-26 13:20:05.964 | INFO     | psldh:train:164 - [epoch:1/3][loss:0.111367][loss_e:0.110353][loss_r:0.101380]
2024-08-26 13:20:33.507 | INFO     | psldh:train:164 - [epoch:2/3][loss:0.105139][loss_e:0.104177][loss_r:0.096297]
2024-08-26 13:21:01.025 | INFO     | psldh:train:164 - [epoch:3/3][loss:0.101957][loss_e:0.101029][loss_r:0.092873]
2024-08-26 13:21:01.026 | INFO     | psldh:train:169 - [iter:17/50][iter_time:81.98]
2024-08-26 13:21:28.131 | INFO     | psldh:train:164 - [epoch:1/3][loss:0.111171][loss_e:0.110196][loss_r:0.097408]
2024-08-26 13:21:55.164 | INFO     | psldh:train:164 - [epoch:2/3][loss:0.106897][loss_e:0.105960][loss_r:0.093737]
2024-08-26 13:22:21.528 | INFO     | psldh:train:164 - [epoch:3/3][loss:0.105448][loss_e:0.104487][loss_r:0.096093]
2024-08-26 13:22:21.529 | INFO     | psldh:train:169 - [iter:18/50][iter_time:80.50]
2024-08-26 13:22:48.822 | INFO     | psldh:train:164 - [epoch:1/3][loss:0.108573][loss_e:0.107619][loss_r:0.095428]
2024-08-26 13:23:16.298 | INFO     | psldh:train:164 - [epoch:2/3][loss:0.103597][loss_e:0.102656][loss_r:0.094112]
2024-08-26 13:23:43.674 | INFO     | psldh:train:164 - [epoch:3/3][loss:0.099971][loss_e:0.099063][loss_r:0.090815]
2024-08-26 13:23:43.675 | INFO     | psldh:train:169 - [iter:19/50][iter_time:82.15]
2024-08-26 13:24:10.879 | INFO     | psldh:train:164 - [epoch:1/3][loss:0.109738][loss_e:0.108804][loss_r:0.093423]
2024-08-26 13:24:38.687 | INFO     | psldh:train:164 - [epoch:2/3][loss:0.105576][loss_e:0.104667][loss_r:0.090857]
2024-08-26 13:25:05.303 | INFO     | psldh:train:164 - [epoch:3/3][loss:0.101859][loss_e:0.100952][loss_r:0.090717]
2024-08-26 13:25:05.304 | INFO     | psldh:train:169 - [iter:20/50][iter_time:81.63]
2024-08-26 13:32:24.628 | INFO     | psldh:train:239 - [iter:20/50][code_length:32][mAP:0.62516][mAP_all:0.78652][best_mAP:0.62516]
2024-08-26 13:32:24.629 | INFO     | psldh:train:240 - [iter:20/50][code_length:32][zs_mAP:0.50198][zs_mAP_all:0.54070]
2024-08-26 13:32:52.195 | INFO     | psldh:train:164 - [epoch:1/3][loss:0.112075][loss_e:0.111148][loss_r:0.092686]
2024-08-26 13:33:18.914 | INFO     | psldh:train:164 - [epoch:2/3][loss:0.104405][loss_e:0.103503][loss_r:0.090259]
2024-08-26 13:33:44.184 | INFO     | psldh:train:164 - [epoch:3/3][loss:0.102695][loss_e:0.101802][loss_r:0.089295]
2024-08-26 13:33:44.185 | INFO     | psldh:train:169 - [iter:21/50][iter_time:79.56]
2024-08-26 13:34:09.901 | INFO     | psldh:train:164 - [epoch:1/3][loss:0.109481][loss_e:0.108557][loss_r:0.092411]
2024-08-26 13:34:37.001 | INFO     | psldh:train:164 - [epoch:2/3][loss:0.106309][loss_e:0.105408][loss_r:0.090059]
2024-08-26 13:35:04.625 | INFO     | psldh:train:164 - [epoch:3/3][loss:0.102214][loss_e:0.101298][loss_r:0.091585]
2024-08-26 13:35:04.625 | INFO     | psldh:train:169 - [iter:22/50][iter_time:80.44]
2024-08-26 13:35:32.054 | INFO     | psldh:train:164 - [epoch:1/3][loss:0.107841][loss_e:0.106911][loss_r:0.093043]
2024-08-26 13:35:59.828 | INFO     | psldh:train:164 - [epoch:2/3][loss:0.103562][loss_e:0.102674][loss_r:0.088797]
2024-08-26 13:36:28.049 | INFO     | psldh:train:164 - [epoch:3/3][loss:0.099077][loss_e:0.098215][loss_r:0.086139]
2024-08-26 13:36:28.049 | INFO     | psldh:train:169 - [iter:23/50][iter_time:83.42]
2024-08-26 13:36:55.430 | INFO     | psldh:train:164 - [epoch:1/3][loss:0.110462][loss_e:0.109562][loss_r:0.089966]
2024-08-26 13:37:22.499 | INFO     | psldh:train:164 - [epoch:2/3][loss:0.105046][loss_e:0.104175][loss_r:0.087102]
2024-08-26 13:37:49.960 | INFO     | psldh:train:164 - [epoch:3/3][loss:0.103632][loss_e:0.102737][loss_r:0.089444]
2024-08-26 13:37:49.960 | INFO     | psldh:train:169 - [iter:24/50][iter_time:81.91]
2024-08-26 13:38:17.483 | INFO     | psldh:train:164 - [epoch:1/3][loss:0.109545][loss_e:0.108609][loss_r:0.093562]
2024-08-26 13:38:44.626 | INFO     | psldh:train:164 - [epoch:2/3][loss:0.104977][loss_e:0.104082][loss_r:0.089454]
2024-08-26 13:39:12.591 | INFO     | psldh:train:164 - [epoch:3/3][loss:0.100774][loss_e:0.099903][loss_r:0.087171]
2024-08-26 13:39:12.592 | INFO     | psldh:train:169 - [iter:25/50][iter_time:82.63]
2024-08-26 13:46:31.113 | INFO     | psldh:train:239 - [iter:25/50][code_length:32][mAP:0.63897][mAP_all:0.78952][best_mAP:0.63897]
2024-08-26 13:46:31.114 | INFO     | psldh:train:240 - [iter:25/50][code_length:32][zs_mAP:0.51019][zs_mAP_all:0.54209]
2024-08-26 13:46:58.825 | INFO     | psldh:train:164 - [epoch:1/3][loss:0.108772][loss_e:0.107879][loss_r:0.089301]
2024-08-26 13:47:26.519 | INFO     | psldh:train:164 - [epoch:2/3][loss:0.105213][loss_e:0.104306][loss_r:0.090694]
2024-08-26 13:47:54.304 | INFO     | psldh:train:164 - [epoch:3/3][loss:0.101512][loss_e:0.100654][loss_r:0.085778]
2024-08-26 13:47:54.305 | INFO     | psldh:train:169 - [iter:26/50][iter_time:83.19]
2024-08-26 13:48:22.379 | INFO     | psldh:train:164 - [epoch:1/3][loss:0.109288][loss_e:0.108399][loss_r:0.088922]
2024-08-26 13:48:50.607 | INFO     | psldh:train:164 - [epoch:2/3][loss:0.103121][loss_e:0.102256][loss_r:0.086556]
2024-08-26 13:49:18.757 | INFO     | psldh:train:164 - [epoch:3/3][loss:0.100811][loss_e:0.099974][loss_r:0.083763]
2024-08-26 13:49:18.758 | INFO     | psldh:train:169 - [iter:27/50][iter_time:84.45]
2024-08-26 13:49:45.516 | INFO     | psldh:train:164 - [epoch:1/3][loss:0.106791][loss_e:0.105910][loss_r:0.088139]
2024-08-26 13:50:12.753 | INFO     | psldh:train:164 - [epoch:2/3][loss:0.103216][loss_e:0.102349][loss_r:0.086646]
2024-08-26 13:50:40.463 | INFO     | psldh:train:164 - [epoch:3/3][loss:0.098160][loss_e:0.097329][loss_r:0.083099]
2024-08-26 13:50:40.464 | INFO     | psldh:train:169 - [iter:28/50][iter_time:81.71]
2024-08-26 13:51:08.077 | INFO     | psldh:train:164 - [epoch:1/3][loss:0.105469][loss_e:0.104579][loss_r:0.089062]
2024-08-26 13:51:36.735 | INFO     | psldh:train:164 - [epoch:2/3][loss:0.103685][loss_e:0.102802][loss_r:0.088303]
2024-08-26 13:52:04.698 | INFO     | psldh:train:164 - [epoch:3/3][loss:0.101657][loss_e:0.100810][loss_r:0.084743]
2024-08-26 13:52:04.698 | INFO     | psldh:train:169 - [iter:29/50][iter_time:84.23]
2024-08-26 13:52:31.243 | INFO     | psldh:train:164 - [epoch:1/3][loss:0.107947][loss_e:0.107077][loss_r:0.087014]
2024-08-26 13:52:57.869 | INFO     | psldh:train:164 - [epoch:2/3][loss:0.103114][loss_e:0.102246][loss_r:0.086802]
2024-08-26 13:53:25.547 | INFO     | psldh:train:164 - [epoch:3/3][loss:0.100002][loss_e:0.099155][loss_r:0.084625]
2024-08-26 13:53:25.548 | INFO     | psldh:train:169 - [iter:30/50][iter_time:80.85]
2024-08-26 14:00:48.363 | INFO     | psldh:train:239 - [iter:30/50][code_length:32][mAP:0.63952][mAP_all:0.78126][best_mAP:0.63952]
2024-08-26 14:00:48.365 | INFO     | psldh:train:240 - [iter:30/50][code_length:32][zs_mAP:0.49151][zs_mAP_all:0.53333]
2024-08-26 14:01:15.598 | INFO     | psldh:train:164 - [epoch:1/3][loss:0.108960][loss_e:0.108080][loss_r:0.088020]
2024-08-26 14:01:43.674 | INFO     | psldh:train:164 - [epoch:2/3][loss:0.102797][loss_e:0.101954][loss_r:0.084318]
2024-08-26 14:02:11.486 | INFO     | psldh:train:164 - [epoch:3/3][loss:0.100028][loss_e:0.099179][loss_r:0.084933]
2024-08-26 14:02:11.487 | INFO     | psldh:train:169 - [iter:31/50][iter_time:83.12]
2024-08-26 14:02:38.069 | INFO     | psldh:train:164 - [epoch:1/3][loss:0.106689][loss_e:0.105813][loss_r:0.087550]
2024-08-26 14:03:05.669 | INFO     | psldh:train:164 - [epoch:2/3][loss:0.101164][loss_e:0.100312][loss_r:0.085158]
2024-08-26 14:03:34.398 | INFO     | psldh:train:164 - [epoch:3/3][loss:0.097869][loss_e:0.097056][loss_r:0.081298]
2024-08-26 14:03:34.399 | INFO     | psldh:train:169 - [iter:32/50][iter_time:82.91]
2024-08-26 14:04:01.780 | INFO     | psldh:train:164 - [epoch:1/3][loss:0.109789][loss_e:0.108911][loss_r:0.087764]
2024-08-26 14:04:29.376 | INFO     | psldh:train:164 - [epoch:2/3][loss:0.104759][loss_e:0.103933][loss_r:0.082665]
2024-08-26 14:04:57.254 | INFO     | psldh:train:164 - [epoch:3/3][loss:0.101158][loss_e:0.100322][loss_r:0.083671]
2024-08-26 14:04:57.255 | INFO     | psldh:train:169 - [iter:33/50][iter_time:82.86]
2024-08-26 14:05:25.336 | INFO     | psldh:train:164 - [epoch:1/3][loss:0.109149][loss_e:0.108311][loss_r:0.083778]
2024-08-26 14:05:53.820 | INFO     | psldh:train:164 - [epoch:2/3][loss:0.103883][loss_e:0.103062][loss_r:0.082049]
2024-08-26 14:06:21.788 | INFO     | psldh:train:164 - [epoch:3/3][loss:0.098400][loss_e:0.097577][loss_r:0.082260]
2024-08-26 14:06:21.789 | INFO     | psldh:train:169 - [iter:34/50][iter_time:84.53]
2024-08-26 14:06:49.861 | INFO     | psldh:train:164 - [epoch:1/3][loss:0.109341][loss_e:0.108477][loss_r:0.086383]
2024-08-26 14:07:17.311 | INFO     | psldh:train:164 - [epoch:2/3][loss:0.105169][loss_e:0.104320][loss_r:0.084869]
2024-08-26 14:07:44.697 | INFO     | psldh:train:164 - [epoch:3/3][loss:0.101942][loss_e:0.101129][loss_r:0.081335]
2024-08-26 14:07:44.697 | INFO     | psldh:train:169 - [iter:35/50][iter_time:82.91]
2024-08-26 14:15:05.649 | INFO     | psldh:train:239 - [iter:35/50][code_length:32][mAP:0.64030][mAP_all:0.78951][best_mAP:0.64030]
2024-08-26 14:15:05.651 | INFO     | psldh:train:240 - [iter:35/50][code_length:32][zs_mAP:0.50374][zs_mAP_all:0.54991]
2024-08-26 14:15:33.347 | INFO     | psldh:train:164 - [epoch:1/3][loss:0.108335][loss_e:0.107487][loss_r:0.084761]
2024-08-26 14:16:01.166 | INFO     | psldh:train:164 - [epoch:2/3][loss:0.101343][loss_e:0.100528][loss_r:0.081519]
2024-08-26 14:16:28.219 | INFO     | psldh:train:164 - [epoch:3/3][loss:0.099167][loss_e:0.098358][loss_r:0.080949]
2024-08-26 14:16:28.219 | INFO     | psldh:train:169 - [iter:36/50][iter_time:82.57]
2024-08-26 14:16:55.435 | INFO     | psldh:train:164 - [epoch:1/3][loss:0.108631][loss_e:0.107809][loss_r:0.082176]
2024-08-26 14:17:22.652 | INFO     | psldh:train:164 - [epoch:2/3][loss:0.104317][loss_e:0.103471][loss_r:0.084583]
2024-08-26 14:17:50.143 | INFO     | psldh:train:164 - [epoch:3/3][loss:0.101346][loss_e:0.100506][loss_r:0.083994]
2024-08-26 14:17:50.144 | INFO     | psldh:train:169 - [iter:37/50][iter_time:81.92]
2024-08-26 14:18:17.786 | INFO     | psldh:train:164 - [epoch:1/3][loss:0.107053][loss_e:0.106226][loss_r:0.082777]
2024-08-26 14:18:44.907 | INFO     | psldh:train:164 - [epoch:2/3][loss:0.102338][loss_e:0.101521][loss_r:0.081719]
2024-08-26 14:19:13.049 | INFO     | psldh:train:164 - [epoch:3/3][loss:0.099191][loss_e:0.098377][loss_r:0.081444]
2024-08-26 14:19:13.050 | INFO     | psldh:train:169 - [iter:38/50][iter_time:82.91]
2024-08-26 14:19:40.431 | INFO     | psldh:train:164 - [epoch:1/3][loss:0.107932][loss_e:0.107123][loss_r:0.080898]
2024-08-26 14:20:07.950 | INFO     | psldh:train:164 - [epoch:2/3][loss:0.101804][loss_e:0.101009][loss_r:0.079475]
2024-08-26 14:20:35.390 | INFO     | psldh:train:164 - [epoch:3/3][loss:0.099694][loss_e:0.098913][loss_r:0.078080]
2024-08-26 14:20:35.391 | INFO     | psldh:train:169 - [iter:39/50][iter_time:82.34]
2024-08-26 14:21:03.334 | INFO     | psldh:train:164 - [epoch:1/3][loss:0.104047][loss_e:0.103265][loss_r:0.078264]
2024-08-26 14:21:32.306 | INFO     | psldh:train:164 - [epoch:2/3][loss:0.100532][loss_e:0.099771][loss_r:0.076086]
2024-08-26 14:22:01.055 | INFO     | psldh:train:164 - [epoch:3/3][loss:0.100016][loss_e:0.099234][loss_r:0.078250]
2024-08-26 14:22:01.056 | INFO     | psldh:train:169 - [iter:40/50][iter_time:85.66]
2024-08-26 14:29:42.321 | INFO     | psldh:train:239 - [iter:40/50][code_length:32][mAP:0.64546][mAP_all:0.79797][best_mAP:0.64546]
2024-08-26 14:29:42.322 | INFO     | psldh:train:240 - [iter:40/50][code_length:32][zs_mAP:0.51137][zs_mAP_all:0.54594]
2024-08-26 14:30:10.324 | INFO     | psldh:train:164 - [epoch:1/3][loss:0.106421][loss_e:0.105622][loss_r:0.079951]
2024-08-26 14:30:39.572 | INFO     | psldh:train:164 - [epoch:2/3][loss:0.102811][loss_e:0.102003][loss_r:0.080875]
2024-08-26 14:31:08.686 | INFO     | psldh:train:164 - [epoch:3/3][loss:0.100608][loss_e:0.099822][loss_r:0.078543]
2024-08-26 14:31:08.687 | INFO     | psldh:train:169 - [iter:41/50][iter_time:86.37]
2024-08-26 14:31:36.980 | INFO     | psldh:train:164 - [epoch:1/3][loss:0.105791][loss_e:0.104994][loss_r:0.079687]
2024-08-26 14:32:05.195 | INFO     | psldh:train:164 - [epoch:2/3][loss:0.101757][loss_e:0.100969][loss_r:0.078779]
2024-08-26 14:32:34.337 | INFO     | psldh:train:164 - [epoch:3/3][loss:0.100419][loss_e:0.099629][loss_r:0.079010]
2024-08-26 14:32:34.338 | INFO     | psldh:train:169 - [iter:42/50][iter_time:85.65]
2024-08-26 14:33:03.474 | INFO     | psldh:train:164 - [epoch:1/3][loss:0.105841][loss_e:0.105043][loss_r:0.079743]
2024-08-26 14:33:32.490 | INFO     | psldh:train:164 - [epoch:2/3][loss:0.102789][loss_e:0.102023][loss_r:0.076611]
2024-08-26 14:34:00.280 | INFO     | psldh:train:164 - [epoch:3/3][loss:0.098517][loss_e:0.097744][loss_r:0.077372]
2024-08-26 14:34:00.280 | INFO     | psldh:train:169 - [iter:43/50][iter_time:85.94]
2024-08-26 14:34:29.376 | INFO     | psldh:train:164 - [epoch:1/3][loss:0.106920][loss_e:0.106123][loss_r:0.079747]
2024-08-26 14:34:58.904 | INFO     | psldh:train:164 - [epoch:2/3][loss:0.103639][loss_e:0.102827][loss_r:0.081158]
2024-08-26 14:35:28.064 | INFO     | psldh:train:164 - [epoch:3/3][loss:0.098226][loss_e:0.097448][loss_r:0.077834]
2024-08-26 14:35:28.065 | INFO     | psldh:train:169 - [iter:44/50][iter_time:87.78]
2024-08-26 14:35:56.753 | INFO     | psldh:train:164 - [epoch:1/3][loss:0.104673][loss_e:0.103882][loss_r:0.079066]
2024-08-26 14:36:26.006 | INFO     | psldh:train:164 - [epoch:2/3][loss:0.100414][loss_e:0.099628][loss_r:0.078645]
2024-08-26 14:36:55.535 | INFO     | psldh:train:164 - [epoch:3/3][loss:0.096633][loss_e:0.095869][loss_r:0.076451]
2024-08-26 14:36:55.536 | INFO     | psldh:train:169 - [iter:45/50][iter_time:87.47]
2024-08-26 14:44:41.129 | INFO     | psldh:train:239 - [iter:45/50][code_length:32][mAP:0.64491][mAP_all:0.78341][best_mAP:0.64546]
2024-08-26 14:44:41.130 | INFO     | psldh:train:240 - [iter:45/50][code_length:32][zs_mAP:0.49194][zs_mAP_all:0.52846]
2024-08-26 14:45:09.506 | INFO     | psldh:train:164 - [epoch:1/3][loss:0.106062][loss_e:0.105263][loss_r:0.079972]
2024-08-26 14:45:37.783 | INFO     | psldh:train:164 - [epoch:2/3][loss:0.104879][loss_e:0.104078][loss_r:0.080115]
2024-08-26 14:46:06.526 | INFO     | psldh:train:164 - [epoch:3/3][loss:0.103391][loss_e:0.102621][loss_r:0.076995]
2024-08-26 14:46:06.527 | INFO     | psldh:train:169 - [iter:46/50][iter_time:85.40]
2024-08-26 14:53:47.614 | INFO     | psldh:train:239 - [iter:46/50][code_length:32][mAP:0.65983][mAP_all:0.79138][best_mAP:0.65983]
2024-08-26 14:53:47.616 | INFO     | psldh:train:240 - [iter:46/50][code_length:32][zs_mAP:0.48834][zs_mAP_all:0.52640]
2024-08-26 14:54:15.300 | INFO     | psldh:train:164 - [epoch:1/3][loss:0.104710][loss_e:0.103915][loss_r:0.079472]
2024-08-26 14:54:42.543 | INFO     | psldh:train:164 - [epoch:2/3][loss:0.103161][loss_e:0.102387][loss_r:0.077376]
2024-08-26 14:55:09.803 | INFO     | psldh:train:164 - [epoch:3/3][loss:0.100768][loss_e:0.099978][loss_r:0.078966]
2024-08-26 14:55:09.804 | INFO     | psldh:train:169 - [iter:47/50][iter_time:82.19]
2024-08-26 15:02:30.221 | INFO     | psldh:train:239 - [iter:47/50][code_length:32][mAP:0.66764][mAP_all:0.79721][best_mAP:0.66764]
2024-08-26 15:02:30.222 | INFO     | psldh:train:240 - [iter:47/50][code_length:32][zs_mAP:0.48594][zs_mAP_all:0.52593]
2024-08-26 15:02:58.705 | INFO     | psldh:train:164 - [epoch:1/3][loss:0.102553][loss_e:0.101771][loss_r:0.078192]
2024-08-26 15:03:26.340 | INFO     | psldh:train:164 - [epoch:2/3][loss:0.101709][loss_e:0.100939][loss_r:0.077008]
2024-08-26 15:03:53.739 | INFO     | psldh:train:164 - [epoch:3/3][loss:0.100935][loss_e:0.100156][loss_r:0.077987]
2024-08-26 15:03:53.740 | INFO     | psldh:train:169 - [iter:48/50][iter_time:83.52]
2024-08-26 15:11:13.437 | INFO     | psldh:train:239 - [iter:48/50][code_length:32][mAP:0.66727][mAP_all:0.79724][best_mAP:0.66764]
2024-08-26 15:11:13.437 | INFO     | psldh:train:240 - [iter:48/50][code_length:32][zs_mAP:0.48529][zs_mAP_all:0.52884]
2024-08-26 15:11:41.813 | INFO     | psldh:train:164 - [epoch:1/3][loss:0.101296][loss_e:0.100514][loss_r:0.078137]
2024-08-26 15:12:09.996 | INFO     | psldh:train:164 - [epoch:2/3][loss:0.100776][loss_e:0.100005][loss_r:0.077103]
2024-08-26 15:12:37.874 | INFO     | psldh:train:164 - [epoch:3/3][loss:0.100095][loss_e:0.099303][loss_r:0.079183]
2024-08-26 15:12:37.875 | INFO     | psldh:train:169 - [iter:49/50][iter_time:84.44]
2024-08-26 15:19:58.932 | INFO     | psldh:train:239 - [iter:49/50][code_length:32][mAP:0.67190][mAP_all:0.80050][best_mAP:0.67190]
2024-08-26 15:19:58.933 | INFO     | psldh:train:240 - [iter:49/50][code_length:32][zs_mAP:0.48669][zs_mAP_all:0.53413]
2024-08-26 15:20:26.905 | INFO     | psldh:train:164 - [epoch:1/3][loss:0.099976][loss_e:0.099205][loss_r:0.077094]
2024-08-26 15:20:54.720 | INFO     | psldh:train:164 - [epoch:2/3][loss:0.097698][loss_e:0.096954][loss_r:0.074357]
2024-08-26 15:21:23.125 | INFO     | psldh:train:164 - [epoch:3/3][loss:0.098500][loss_e:0.097760][loss_r:0.074000]
2024-08-26 15:21:23.125 | INFO     | psldh:train:169 - [iter:50/50][iter_time:84.19]
2024-08-26 15:28:44.961 | INFO     | psldh:train:239 - [iter:50/50][code_length:32][mAP:0.67492][mAP_all:0.80381][best_mAP:0.67492]
2024-08-26 15:28:44.962 | INFO     | psldh:train:240 - [iter:50/50][code_length:32][zs_mAP:0.49571][zs_mAP_all:0.54061]
2024-08-26 15:28:44.963 | INFO     | psldh:train:243 - [Training time:10378.27]
2024-08-26 15:28:44.967 | INFO     | __main__:run:123 - [code_length:32][map:0.6749][map_all:0.8038][zs_map:0.4957][zs_map_all:0.5406]
2024-08-26 15:29:14.015 | INFO     | psldh:train:164 - [epoch:1/3][loss:0.202784][loss_e:0.195889][loss_r:0.689471]
2024-08-26 15:29:41.739 | INFO     | psldh:train:164 - [epoch:2/3][loss:0.164266][loss_e:0.158745][loss_r:0.552090]
2024-08-26 15:30:10.426 | INFO     | psldh:train:164 - [epoch:3/3][loss:0.146504][loss_e:0.141583][loss_r:0.492056]
2024-08-26 15:30:10.427 | INFO     | psldh:train:169 - [iter:1/50][iter_time:84.43]
2024-08-26 15:30:39.788 | INFO     | psldh:train:164 - [epoch:1/3][loss:0.151160][loss_e:0.146844][loss_r:0.431555]
2024-08-26 15:31:09.332 | INFO     | psldh:train:164 - [epoch:2/3][loss:0.141727][loss_e:0.137654][loss_r:0.407295]
2024-08-26 15:31:38.413 | INFO     | psldh:train:164 - [epoch:3/3][loss:0.133944][loss_e:0.130091][loss_r:0.385274]
2024-08-26 15:31:38.414 | INFO     | psldh:train:169 - [iter:2/50][iter_time:87.99]
2024-08-26 15:32:06.509 | INFO     | psldh:train:164 - [epoch:1/3][loss:0.149642][loss_e:0.146026][loss_r:0.361545]
2024-08-26 15:32:35.276 | INFO     | psldh:train:164 - [epoch:2/3][loss:0.138172][loss_e:0.134621][loss_r:0.355031]
2024-08-26 15:33:03.098 | INFO     | psldh:train:164 - [epoch:3/3][loss:0.133357][loss_e:0.129786][loss_r:0.357141]
2024-08-26 15:33:03.099 | INFO     | psldh:train:169 - [iter:3/50][iter_time:84.68]
2024-08-26 15:33:31.004 | INFO     | psldh:train:164 - [epoch:1/3][loss:0.141776][loss_e:0.138369][loss_r:0.340698]
2024-08-26 15:34:00.004 | INFO     | psldh:train:164 - [epoch:2/3][loss:0.135083][loss_e:0.131740][loss_r:0.334333]
2024-08-26 15:34:28.479 | INFO     | psldh:train:164 - [epoch:3/3][loss:0.128239][loss_e:0.124958][loss_r:0.328077]
2024-08-26 15:34:28.480 | INFO     | psldh:train:169 - [iter:4/50][iter_time:85.38]
2024-08-26 15:34:56.915 | INFO     | psldh:train:164 - [epoch:1/3][loss:0.141528][loss_e:0.138322][loss_r:0.320558]
2024-08-26 15:35:25.327 | INFO     | psldh:train:164 - [epoch:2/3][loss:0.133915][loss_e:0.130848][loss_r:0.306711]
2024-08-26 15:35:52.572 | INFO     | psldh:train:164 - [epoch:3/3][loss:0.127166][loss_e:0.124160][loss_r:0.300659]
2024-08-26 15:35:52.573 | INFO     | psldh:train:169 - [iter:5/50][iter_time:84.09]
2024-08-26 15:43:23.936 | INFO     | psldh:train:239 - [iter:5/50][code_length:64][mAP:0.59238][mAP_all:0.76993][best_mAP:0.59238]
2024-08-26 15:43:23.937 | INFO     | psldh:train:240 - [iter:5/50][code_length:64][zs_mAP:0.50574][zs_mAP_all:0.54526]
2024-08-26 15:43:51.085 | INFO     | psldh:train:164 - [epoch:1/3][loss:0.138480][loss_e:0.135486][loss_r:0.299443]
2024-08-26 15:44:18.550 | INFO     | psldh:train:164 - [epoch:2/3][loss:0.131179][loss_e:0.128287][loss_r:0.289144]
2024-08-26 15:44:45.591 | INFO     | psldh:train:164 - [epoch:3/3][loss:0.124923][loss_e:0.122056][loss_r:0.286670]
2024-08-26 15:44:45.592 | INFO     | psldh:train:169 - [iter:6/50][iter_time:81.65]
2024-08-26 15:45:14.152 | INFO     | psldh:train:164 - [epoch:1/3][loss:0.138369][loss_e:0.135481][loss_r:0.288722]
2024-08-26 15:45:41.293 | INFO     | psldh:train:164 - [epoch:2/3][loss:0.130965][loss_e:0.128193][loss_r:0.277154]
2024-08-26 15:46:09.321 | INFO     | psldh:train:164 - [epoch:3/3][loss:0.123527][loss_e:0.120765][loss_r:0.276245]
2024-08-26 15:46:09.322 | INFO     | psldh:train:169 - [iter:7/50][iter_time:83.73]
2024-08-26 15:46:37.189 | INFO     | psldh:train:164 - [epoch:1/3][loss:0.136911][loss_e:0.134161][loss_r:0.274994]
2024-08-26 15:47:05.494 | INFO     | psldh:train:164 - [epoch:2/3][loss:0.126352][loss_e:0.123709][loss_r:0.264283]
2024-08-26 15:47:33.529 | INFO     | psldh:train:164 - [epoch:3/3][loss:0.121530][loss_e:0.118838][loss_r:0.269184]
2024-08-26 15:47:33.529 | INFO     | psldh:train:169 - [iter:8/50][iter_time:84.21]
2024-08-26 15:48:01.184 | INFO     | psldh:train:164 - [epoch:1/3][loss:0.135721][loss_e:0.133045][loss_r:0.267579]
2024-08-26 15:48:28.790 | INFO     | psldh:train:164 - [epoch:2/3][loss:0.127456][loss_e:0.124810][loss_r:0.264565]
2024-08-26 15:48:57.096 | INFO     | psldh:train:164 - [epoch:3/3][loss:0.122729][loss_e:0.120073][loss_r:0.265553]
2024-08-26 15:48:57.096 | INFO     | psldh:train:169 - [iter:9/50][iter_time:83.57]
2024-08-26 15:49:25.360 | INFO     | psldh:train:164 - [epoch:1/3][loss:0.142620][loss_e:0.139990][loss_r:0.263018]
2024-08-26 15:49:54.573 | INFO     | psldh:train:164 - [epoch:2/3][loss:0.130742][loss_e:0.128209][loss_r:0.253254]
2024-08-26 15:50:22.541 | INFO     | psldh:train:164 - [epoch:3/3][loss:0.124702][loss_e:0.122147][loss_r:0.255438]
2024-08-26 15:50:22.541 | INFO     | psldh:train:169 - [iter:10/50][iter_time:85.44]
2024-08-26 15:58:05.044 | INFO     | psldh:train:239 - [iter:10/50][code_length:64][mAP:0.60801][mAP_all:0.78632][best_mAP:0.60801]
2024-08-26 15:58:05.045 | INFO     | psldh:train:240 - [iter:10/50][code_length:64][zs_mAP:0.51599][zs_mAP_all:0.55848]
2024-08-26 15:58:34.658 | INFO     | psldh:train:164 - [epoch:1/3][loss:0.135372][loss_e:0.132824][loss_r:0.254803]
2024-08-26 15:59:01.558 | INFO     | psldh:train:164 - [epoch:2/3][loss:0.129956][loss_e:0.127407][loss_r:0.254936]
2024-08-26 15:59:28.837 | INFO     | psldh:train:164 - [epoch:3/3][loss:0.122673][loss_e:0.120134][loss_r:0.253934]
2024-08-26 15:59:28.838 | INFO     | psldh:train:169 - [iter:11/50][iter_time:83.79]
2024-08-26 15:59:56.766 | INFO     | psldh:train:164 - [epoch:1/3][loss:0.134200][loss_e:0.131636][loss_r:0.256408]
2024-08-26 16:00:26.913 | INFO     | psldh:train:164 - [epoch:2/3][loss:0.127042][loss_e:0.124617][loss_r:0.242592]
2024-08-26 16:00:56.144 | INFO     | psldh:train:164 - [epoch:3/3][loss:0.119370][loss_e:0.116984][loss_r:0.238634]
2024-08-26 16:00:56.145 | INFO     | psldh:train:169 - [iter:12/50][iter_time:87.31]
2024-08-26 16:01:24.563 | INFO     | psldh:train:164 - [epoch:1/3][loss:0.138930][loss_e:0.136526][loss_r:0.240411]
2024-08-26 16:01:52.758 | INFO     | psldh:train:164 - [epoch:2/3][loss:0.130414][loss_e:0.128036][loss_r:0.237824]
2024-08-26 16:02:20.198 | INFO     | psldh:train:164 - [epoch:3/3][loss:0.125500][loss_e:0.123093][loss_r:0.240684]
2024-08-26 16:02:20.199 | INFO     | psldh:train:169 - [iter:13/50][iter_time:84.05]
2024-08-26 16:02:47.223 | INFO     | psldh:train:164 - [epoch:1/3][loss:0.136131][loss_e:0.133719][loss_r:0.241271]
2024-08-26 16:03:15.961 | INFO     | psldh:train:164 - [epoch:2/3][loss:0.127158][loss_e:0.124842][loss_r:0.231539]
2024-08-26 16:03:43.978 | INFO     | psldh:train:164 - [epoch:3/3][loss:0.120621][loss_e:0.118337][loss_r:0.228409]
2024-08-26 16:03:43.979 | INFO     | psldh:train:169 - [iter:14/50][iter_time:83.78]
2024-08-26 16:04:11.073 | INFO     | psldh:train:164 - [epoch:1/3][loss:0.135672][loss_e:0.133318][loss_r:0.235361]
2024-08-26 16:04:39.292 | INFO     | psldh:train:164 - [epoch:2/3][loss:0.126268][loss_e:0.124004][loss_r:0.226333]
2024-08-26 16:05:07.395 | INFO     | psldh:train:164 - [epoch:3/3][loss:0.121453][loss_e:0.119138][loss_r:0.231517]
2024-08-26 16:05:07.396 | INFO     | psldh:train:169 - [iter:15/50][iter_time:83.42]
2024-08-26 16:12:26.371 | INFO     | psldh:train:239 - [iter:15/50][code_length:64][mAP:0.60433][mAP_all:0.78580][best_mAP:0.60801]
2024-08-26 16:12:26.371 | INFO     | psldh:train:240 - [iter:15/50][code_length:64][zs_mAP:0.51275][zs_mAP_all:0.56125]
2024-08-26 16:12:54.695 | INFO     | psldh:train:164 - [epoch:1/3][loss:0.137177][loss_e:0.134908][loss_r:0.226877]
2024-08-26 16:13:21.535 | INFO     | psldh:train:164 - [epoch:2/3][loss:0.127055][loss_e:0.124837][loss_r:0.221817]
2024-08-26 16:13:49.112 | INFO     | psldh:train:164 - [epoch:3/3][loss:0.121632][loss_e:0.119414][loss_r:0.221779]
2024-08-26 16:13:49.113 | INFO     | psldh:train:169 - [iter:16/50][iter_time:82.74]
2024-08-26 16:14:17.113 | INFO     | psldh:train:164 - [epoch:1/3][loss:0.131399][loss_e:0.129112][loss_r:0.228650]
2024-08-26 16:14:45.112 | INFO     | psldh:train:164 - [epoch:2/3][loss:0.124961][loss_e:0.122769][loss_r:0.219171]
2024-08-26 16:15:12.835 | INFO     | psldh:train:164 - [epoch:3/3][loss:0.120494][loss_e:0.118278][loss_r:0.221663]
2024-08-26 16:15:12.836 | INFO     | psldh:train:169 - [iter:17/50][iter_time:83.72]
2024-08-26 16:15:40.613 | INFO     | psldh:train:164 - [epoch:1/3][loss:0.133485][loss_e:0.131261][loss_r:0.222313]
2024-08-26 16:16:08.031 | INFO     | psldh:train:164 - [epoch:2/3][loss:0.122806][loss_e:0.120603][loss_r:0.220328]
2024-08-26 16:16:35.752 | INFO     | psldh:train:164 - [epoch:3/3][loss:0.116669][loss_e:0.114435][loss_r:0.223355]
2024-08-26 16:16:35.752 | INFO     | psldh:train:169 - [iter:18/50][iter_time:82.92]
2024-08-26 16:17:03.334 | INFO     | psldh:train:164 - [epoch:1/3][loss:0.132771][loss_e:0.130595][loss_r:0.217603]
2024-08-26 16:17:31.330 | INFO     | psldh:train:164 - [epoch:2/3][loss:0.127169][loss_e:0.125057][loss_r:0.211284]
2024-08-26 16:17:59.893 | INFO     | psldh:train:164 - [epoch:3/3][loss:0.119303][loss_e:0.117120][loss_r:0.218324]
2024-08-26 16:17:59.894 | INFO     | psldh:train:169 - [iter:19/50][iter_time:84.14]
2024-08-26 16:18:27.280 | INFO     | psldh:train:164 - [epoch:1/3][loss:0.134011][loss_e:0.131810][loss_r:0.220182]
2024-08-26 16:18:55.479 | INFO     | psldh:train:164 - [epoch:2/3][loss:0.123056][loss_e:0.120987][loss_r:0.206896]
2024-08-26 16:19:23.768 | INFO     | psldh:train:164 - [epoch:3/3][loss:0.119784][loss_e:0.117653][loss_r:0.213093]
2024-08-26 16:19:23.768 | INFO     | psldh:train:169 - [iter:20/50][iter_time:83.87]
2024-08-26 16:26:45.011 | INFO     | psldh:train:239 - [iter:20/50][code_length:64][mAP:0.61974][mAP_all:0.79115][best_mAP:0.61974]
2024-08-26 16:26:45.012 | INFO     | psldh:train:240 - [iter:20/50][code_length:64][zs_mAP:0.51534][zs_mAP_all:0.56098]
2024-08-26 16:27:12.529 | INFO     | psldh:train:164 - [epoch:1/3][loss:0.133261][loss_e:0.131106][loss_r:0.215525]
2024-08-26 16:27:40.322 | INFO     | psldh:train:164 - [epoch:2/3][loss:0.125606][loss_e:0.123531][loss_r:0.207533]
2024-08-26 16:28:08.276 | INFO     | psldh:train:164 - [epoch:3/3][loss:0.121967][loss_e:0.119843][loss_r:0.212483]
2024-08-26 16:28:08.277 | INFO     | psldh:train:169 - [iter:21/50][iter_time:83.26]
2024-08-26 16:28:37.451 | INFO     | psldh:train:164 - [epoch:1/3][loss:0.133155][loss_e:0.131032][loss_r:0.212335]
2024-08-26 16:29:06.067 | INFO     | psldh:train:164 - [epoch:2/3][loss:0.124137][loss_e:0.122059][loss_r:0.207762]
2024-08-26 16:29:34.487 | INFO     | psldh:train:164 - [epoch:3/3][loss:0.120969][loss_e:0.118910][loss_r:0.205904]
2024-08-26 16:29:34.488 | INFO     | psldh:train:169 - [iter:22/50][iter_time:86.21]
2024-08-26 16:30:01.998 | INFO     | psldh:train:164 - [epoch:1/3][loss:0.135259][loss_e:0.133250][loss_r:0.200916]
2024-08-26 16:30:30.711 | INFO     | psldh:train:164 - [epoch:2/3][loss:0.125462][loss_e:0.123433][loss_r:0.202955]
2024-08-26 16:30:59.480 | INFO     | psldh:train:164 - [epoch:3/3][loss:0.118910][loss_e:0.116886][loss_r:0.202361]
2024-08-26 16:30:59.481 | INFO     | psldh:train:169 - [iter:23/50][iter_time:84.99]
2024-08-26 16:31:28.448 | INFO     | psldh:train:164 - [epoch:1/3][loss:0.130666][loss_e:0.128684][loss_r:0.198227]
2024-08-26 16:31:56.149 | INFO     | psldh:train:164 - [epoch:2/3][loss:0.121614][loss_e:0.119588][loss_r:0.202578]
2024-08-26 16:32:25.140 | INFO     | psldh:train:164 - [epoch:3/3][loss:0.115379][loss_e:0.113370][loss_r:0.200917]
2024-08-26 16:32:25.141 | INFO     | psldh:train:169 - [iter:24/50][iter_time:85.66]
2024-08-26 16:32:53.979 | INFO     | psldh:train:164 - [epoch:1/3][loss:0.133537][loss_e:0.131513][loss_r:0.202377]
2024-08-26 16:33:22.468 | INFO     | psldh:train:164 - [epoch:2/3][loss:0.126286][loss_e:0.124328][loss_r:0.195798]
2024-08-26 16:33:52.421 | INFO     | psldh:train:164 - [epoch:3/3][loss:0.118601][loss_e:0.116674][loss_r:0.192659]
2024-08-26 16:33:52.421 | INFO     | psldh:train:169 - [iter:25/50][iter_time:87.28]
2024-08-26 16:41:38.658 | INFO     | psldh:train:239 - [iter:25/50][code_length:64][mAP:0.62322][mAP_all:0.78708][best_mAP:0.62322]
2024-08-26 16:41:38.659 | INFO     | psldh:train:240 - [iter:25/50][code_length:64][zs_mAP:0.50347][zs_mAP_all:0.54875]
2024-08-26 16:42:08.634 | INFO     | psldh:train:164 - [epoch:1/3][loss:0.132996][loss_e:0.130923][loss_r:0.207264]
2024-08-26 16:42:36.601 | INFO     | psldh:train:164 - [epoch:2/3][loss:0.124432][loss_e:0.122421][loss_r:0.201069]
2024-08-26 16:43:05.814 | INFO     | psldh:train:164 - [epoch:3/3][loss:0.117214][loss_e:0.115239][loss_r:0.197431]
2024-08-26 16:43:05.815 | INFO     | psldh:train:169 - [iter:26/50][iter_time:87.16]
2024-08-26 16:43:36.200 | INFO     | psldh:train:164 - [epoch:1/3][loss:0.127873][loss_e:0.125810][loss_r:0.206285]
2024-08-26 16:44:05.054 | INFO     | psldh:train:164 - [epoch:2/3][loss:0.122820][loss_e:0.120804][loss_r:0.201641]
2024-08-26 16:44:34.249 | INFO     | psldh:train:164 - [epoch:3/3][loss:0.118451][loss_e:0.116446][loss_r:0.200559]
2024-08-26 16:44:34.249 | INFO     | psldh:train:169 - [iter:27/50][iter_time:88.43]
2024-08-26 16:45:03.545 | INFO     | psldh:train:164 - [epoch:1/3][loss:0.134790][loss_e:0.132788][loss_r:0.200141]
2024-08-26 16:45:31.965 | INFO     | psldh:train:164 - [epoch:2/3][loss:0.122985][loss_e:0.121048][loss_r:0.193771]
2024-08-26 16:45:59.481 | INFO     | psldh:train:164 - [epoch:3/3][loss:0.118930][loss_e:0.116906][loss_r:0.202449]
2024-08-26 16:45:59.482 | INFO     | psldh:train:169 - [iter:28/50][iter_time:85.23]
2024-08-26 16:46:29.626 | INFO     | psldh:train:164 - [epoch:1/3][loss:0.135056][loss_e:0.132994][loss_r:0.206247]
2024-08-26 16:46:58.580 | INFO     | psldh:train:164 - [epoch:2/3][loss:0.126517][loss_e:0.124518][loss_r:0.199852]
2024-08-26 16:47:28.200 | INFO     | psldh:train:164 - [epoch:3/3][loss:0.121745][loss_e:0.119784][loss_r:0.196117]
2024-08-26 16:47:28.200 | INFO     | psldh:train:169 - [iter:29/50][iter_time:88.72]
2024-08-26 16:47:57.187 | INFO     | psldh:train:164 - [epoch:1/3][loss:0.127165][loss_e:0.125204][loss_r:0.196092]
2024-08-26 16:48:26.471 | INFO     | psldh:train:164 - [epoch:2/3][loss:0.120384][loss_e:0.118483][loss_r:0.190114]
2024-08-26 16:48:55.247 | INFO     | psldh:train:164 - [epoch:3/3][loss:0.114464][loss_e:0.112537][loss_r:0.192651]
2024-08-26 16:48:55.248 | INFO     | psldh:train:169 - [iter:30/50][iter_time:87.05]
2024-08-26 16:56:44.398 | INFO     | psldh:train:239 - [iter:30/50][code_length:64][mAP:0.62067][mAP_all:0.78475][best_mAP:0.62322]
2024-08-26 16:56:44.399 | INFO     | psldh:train:240 - [iter:30/50][code_length:64][zs_mAP:0.51098][zs_mAP_all:0.56333]
2024-08-26 16:57:12.686 | INFO     | psldh:train:164 - [epoch:1/3][loss:0.131663][loss_e:0.129720][loss_r:0.194333]
2024-08-26 16:57:41.863 | INFO     | psldh:train:164 - [epoch:2/3][loss:0.122545][loss_e:0.120658][loss_r:0.188747]
2024-08-26 16:58:10.385 | INFO     | psldh:train:164 - [epoch:3/3][loss:0.118875][loss_e:0.117026][loss_r:0.184858]
2024-08-26 16:58:10.386 | INFO     | psldh:train:169 - [iter:31/50][iter_time:85.99]
2024-08-26 16:58:37.856 | INFO     | psldh:train:164 - [epoch:1/3][loss:0.130113][loss_e:0.128189][loss_r:0.192425]
2024-08-26 16:59:06.602 | INFO     | psldh:train:164 - [epoch:2/3][loss:0.121875][loss_e:0.119949][loss_r:0.192628]
2024-08-26 16:59:34.673 | INFO     | psldh:train:164 - [epoch:3/3][loss:0.114849][loss_e:0.112940][loss_r:0.190924]
2024-08-26 16:59:34.674 | INFO     | psldh:train:169 - [iter:32/50][iter_time:84.29]
2024-08-26 17:00:03.492 | INFO     | psldh:train:164 - [epoch:1/3][loss:0.131949][loss_e:0.130003][loss_r:0.194611]
2024-08-26 17:00:32.861 | INFO     | psldh:train:164 - [epoch:2/3][loss:0.122557][loss_e:0.120695][loss_r:0.186177]
2024-08-26 17:01:02.042 | INFO     | psldh:train:164 - [epoch:3/3][loss:0.115518][loss_e:0.113562][loss_r:0.195584]
2024-08-26 17:01:02.043 | INFO     | psldh:train:169 - [iter:33/50][iter_time:87.37]
2024-08-26 17:01:29.903 | INFO     | psldh:train:164 - [epoch:1/3][loss:0.127977][loss_e:0.126028][loss_r:0.194965]
2024-08-26 17:01:58.249 | INFO     | psldh:train:164 - [epoch:2/3][loss:0.118716][loss_e:0.116805][loss_r:0.191037]
2024-08-26 17:02:26.467 | INFO     | psldh:train:164 - [epoch:3/3][loss:0.110242][loss_e:0.108352][loss_r:0.189009]
2024-08-26 17:02:26.468 | INFO     | psldh:train:169 - [iter:34/50][iter_time:84.42]
2024-08-26 17:02:54.882 | INFO     | psldh:train:164 - [epoch:1/3][loss:0.130796][loss_e:0.128865][loss_r:0.193134]
2024-08-26 17:03:23.114 | INFO     | psldh:train:164 - [epoch:2/3][loss:0.121690][loss_e:0.119862][loss_r:0.182877]
2024-08-26 17:03:51.295 | INFO     | psldh:train:164 - [epoch:3/3][loss:0.115769][loss_e:0.113960][loss_r:0.180902]
2024-08-26 17:03:51.296 | INFO     | psldh:train:169 - [iter:35/50][iter_time:84.83]
2024-08-26 17:11:38.486 | INFO     | psldh:train:239 - [iter:35/50][code_length:64][mAP:0.63513][mAP_all:0.79637][best_mAP:0.63513]
2024-08-26 17:11:38.487 | INFO     | psldh:train:240 - [iter:35/50][code_length:64][zs_mAP:0.52839][zs_mAP_all:0.56759]
2024-08-26 17:12:06.583 | INFO     | psldh:train:164 - [epoch:1/3][loss:0.131700][loss_e:0.129789][loss_r:0.191176]
2024-08-26 17:12:34.354 | INFO     | psldh:train:164 - [epoch:2/3][loss:0.125210][loss_e:0.123304][loss_r:0.190629]
2024-08-26 17:13:01.531 | INFO     | psldh:train:164 - [epoch:3/3][loss:0.119880][loss_e:0.118025][loss_r:0.185560]
2024-08-26 17:13:01.532 | INFO     | psldh:train:169 - [iter:36/50][iter_time:83.04]
2024-08-26 17:13:30.265 | INFO     | psldh:train:164 - [epoch:1/3][loss:0.133262][loss_e:0.131346][loss_r:0.191598]
2024-08-26 17:13:58.261 | INFO     | psldh:train:164 - [epoch:2/3][loss:0.123491][loss_e:0.121656][loss_r:0.183483]
2024-08-26 17:14:26.771 | INFO     | psldh:train:164 - [epoch:3/3][loss:0.118821][loss_e:0.116939][loss_r:0.188179]
2024-08-26 17:14:26.772 | INFO     | psldh:train:169 - [iter:37/50][iter_time:85.24]
2024-08-26 17:14:55.776 | INFO     | psldh:train:164 - [epoch:1/3][loss:0.131663][loss_e:0.129817][loss_r:0.184595]
2024-08-26 17:15:24.452 | INFO     | psldh:train:164 - [epoch:2/3][loss:0.124347][loss_e:0.122505][loss_r:0.184170]
2024-08-26 17:15:53.426 | INFO     | psldh:train:164 - [epoch:3/3][loss:0.120786][loss_e:0.118876][loss_r:0.191015]
2024-08-26 17:15:53.427 | INFO     | psldh:train:169 - [iter:38/50][iter_time:86.66]
2024-08-26 17:16:20.849 | INFO     | psldh:train:164 - [epoch:1/3][loss:0.130381][loss_e:0.128413][loss_r:0.196878]
2024-08-26 17:16:49.694 | INFO     | psldh:train:164 - [epoch:2/3][loss:0.122935][loss_e:0.121037][loss_r:0.189834]
2024-08-26 17:17:18.466 | INFO     | psldh:train:164 - [epoch:3/3][loss:0.118688][loss_e:0.116791][loss_r:0.189743]
2024-08-26 17:17:18.467 | INFO     | psldh:train:169 - [iter:39/50][iter_time:85.04]
2024-08-26 17:17:47.828 | INFO     | psldh:train:164 - [epoch:1/3][loss:0.132213][loss_e:0.130233][loss_r:0.198014]
2024-08-26 17:18:15.196 | INFO     | psldh:train:164 - [epoch:2/3][loss:0.120754][loss_e:0.118851][loss_r:0.190302]
2024-08-26 17:18:43.648 | INFO     | psldh:train:164 - [epoch:3/3][loss:0.117161][loss_e:0.115263][loss_r:0.189805]
2024-08-26 17:18:43.649 | INFO     | psldh:train:169 - [iter:40/50][iter_time:85.18]
2024-08-26 17:26:29.566 | INFO     | psldh:train:239 - [iter:40/50][code_length:64][mAP:0.63684][mAP_all:0.79066][best_mAP:0.63684]
2024-08-26 17:26:29.567 | INFO     | psldh:train:240 - [iter:40/50][code_length:64][zs_mAP:0.51724][zs_mAP_all:0.55890]
2024-08-26 17:26:57.837 | INFO     | psldh:train:164 - [epoch:1/3][loss:0.130749][loss_e:0.128888][loss_r:0.186072]
2024-08-26 17:27:25.842 | INFO     | psldh:train:164 - [epoch:2/3][loss:0.121421][loss_e:0.119584][loss_r:0.183726]
2024-08-26 17:27:53.830 | INFO     | psldh:train:164 - [epoch:3/3][loss:0.115387][loss_e:0.113522][loss_r:0.186504]
2024-08-26 17:27:53.831 | INFO     | psldh:train:169 - [iter:41/50][iter_time:84.26]
2024-08-26 17:28:21.568 | INFO     | psldh:train:164 - [epoch:1/3][loss:0.132007][loss_e:0.130090][loss_r:0.191714]
2024-08-26 17:28:49.891 | INFO     | psldh:train:164 - [epoch:2/3][loss:0.123440][loss_e:0.121600][loss_r:0.183964]
2024-08-26 17:29:17.586 | INFO     | psldh:train:164 - [epoch:3/3][loss:0.118809][loss_e:0.116969][loss_r:0.184018]
2024-08-26 17:29:17.587 | INFO     | psldh:train:169 - [iter:42/50][iter_time:83.76]
2024-08-26 17:29:45.381 | INFO     | psldh:train:164 - [epoch:1/3][loss:0.126698][loss_e:0.124800][loss_r:0.189808]
2024-08-26 17:30:12.438 | INFO     | psldh:train:164 - [epoch:2/3][loss:0.117421][loss_e:0.115547][loss_r:0.187427]
2024-08-26 17:30:41.390 | INFO     | psldh:train:164 - [epoch:3/3][loss:0.114039][loss_e:0.112148][loss_r:0.189111]
2024-08-26 17:30:41.391 | INFO     | psldh:train:169 - [iter:43/50][iter_time:83.80]
2024-08-26 17:31:10.793 | INFO     | psldh:train:164 - [epoch:1/3][loss:0.129486][loss_e:0.127563][loss_r:0.192276]
2024-08-26 17:31:40.119 | INFO     | psldh:train:164 - [epoch:2/3][loss:0.122087][loss_e:0.120301][loss_r:0.178590]
2024-08-26 17:32:08.315 | INFO     | psldh:train:164 - [epoch:3/3][loss:0.116126][loss_e:0.114270][loss_r:0.185581]
2024-08-26 17:32:08.316 | INFO     | psldh:train:169 - [iter:44/50][iter_time:86.92]
2024-08-26 17:32:37.828 | INFO     | psldh:train:164 - [epoch:1/3][loss:0.129265][loss_e:0.127433][loss_r:0.183221]
2024-08-26 17:33:06.480 | INFO     | psldh:train:164 - [epoch:2/3][loss:0.121048][loss_e:0.119299][loss_r:0.174877]
2024-08-26 17:33:35.088 | INFO     | psldh:train:164 - [epoch:3/3][loss:0.113048][loss_e:0.111307][loss_r:0.174137]
2024-08-26 17:33:35.089 | INFO     | psldh:train:169 - [iter:45/50][iter_time:86.77]
2024-08-26 17:41:03.104 | INFO     | psldh:train:239 - [iter:45/50][code_length:64][mAP:0.63738][mAP_all:0.79033][best_mAP:0.63738]
2024-08-26 17:41:03.105 | INFO     | psldh:train:240 - [iter:45/50][code_length:64][zs_mAP:0.52872][zs_mAP_all:0.56539]
2024-08-26 17:41:30.640 | INFO     | psldh:train:164 - [epoch:1/3][loss:0.128964][loss_e:0.127104][loss_r:0.185925]
2024-08-26 17:41:58.299 | INFO     | psldh:train:164 - [epoch:2/3][loss:0.124179][loss_e:0.122364][loss_r:0.181524]
2024-08-26 17:42:25.702 | INFO     | psldh:train:164 - [epoch:3/3][loss:0.124169][loss_e:0.122311][loss_r:0.185777]
2024-08-26 17:42:25.703 | INFO     | psldh:train:169 - [iter:46/50][iter_time:82.60]
2024-08-26 17:49:52.221 | INFO     | psldh:train:239 - [iter:46/50][code_length:64][mAP:0.65814][mAP_all:0.80612][best_mAP:0.65814]
2024-08-26 17:49:52.222 | INFO     | psldh:train:240 - [iter:46/50][code_length:64][zs_mAP:0.53001][zs_mAP_all:0.57159]
2024-08-26 17:50:19.939 | INFO     | psldh:train:164 - [epoch:1/3][loss:0.119332][loss_e:0.117565][loss_r:0.176644]
2024-08-26 17:50:47.743 | INFO     | psldh:train:164 - [epoch:2/3][loss:0.119102][loss_e:0.117331][loss_r:0.177120]
2024-08-26 17:51:15.936 | INFO     | psldh:train:164 - [epoch:3/3][loss:0.118913][loss_e:0.117124][loss_r:0.178933]
2024-08-26 17:51:15.936 | INFO     | psldh:train:169 - [iter:47/50][iter_time:83.71]
2024-08-26 17:58:53.720 | INFO     | psldh:train:239 - [iter:47/50][code_length:64][mAP:0.66340][mAP_all:0.80845][best_mAP:0.66340]
2024-08-26 17:58:53.721 | INFO     | psldh:train:240 - [iter:47/50][code_length:64][zs_mAP:0.53517][zs_mAP_all:0.57478]
2024-08-26 17:59:21.908 | INFO     | psldh:train:164 - [epoch:1/3][loss:0.120826][loss_e:0.119046][loss_r:0.177966]
2024-08-26 17:59:51.152 | INFO     | psldh:train:164 - [epoch:2/3][loss:0.118043][loss_e:0.116237][loss_r:0.180534]
2024-08-26 18:00:19.367 | INFO     | psldh:train:164 - [epoch:3/3][loss:0.117146][loss_e:0.115338][loss_r:0.180793]
2024-08-26 18:00:19.368 | INFO     | psldh:train:169 - [iter:48/50][iter_time:85.65]
2024-08-26 18:08:04.310 | INFO     | psldh:train:239 - [iter:48/50][code_length:64][mAP:0.66588][mAP_all:0.80990][best_mAP:0.66588]
2024-08-26 18:08:04.312 | INFO     | psldh:train:240 - [iter:48/50][code_length:64][zs_mAP:0.53713][zs_mAP_all:0.57790]
2024-08-26 18:08:32.376 | INFO     | psldh:train:164 - [epoch:1/3][loss:0.121141][loss_e:0.119313][loss_r:0.182797]
2024-08-26 18:09:00.926 | INFO     | psldh:train:164 - [epoch:2/3][loss:0.120112][loss_e:0.118339][loss_r:0.177235]
2024-08-26 18:09:28.807 | INFO     | psldh:train:164 - [epoch:3/3][loss:0.117132][loss_e:0.115341][loss_r:0.179138]
2024-08-26 18:09:28.808 | INFO     | psldh:train:169 - [iter:49/50][iter_time:84.50]
2024-08-26 18:17:14.867 | INFO     | psldh:train:239 - [iter:49/50][code_length:64][mAP:0.66879][mAP_all:0.81261][best_mAP:0.66879]
2024-08-26 18:17:14.868 | INFO     | psldh:train:240 - [iter:49/50][code_length:64][zs_mAP:0.53758][zs_mAP_all:0.58092]
2024-08-26 18:17:43.950 | INFO     | psldh:train:164 - [epoch:1/3][loss:0.116939][loss_e:0.115187][loss_r:0.175178]
2024-08-26 18:18:11.959 | INFO     | psldh:train:164 - [epoch:2/3][loss:0.116524][loss_e:0.114759][loss_r:0.176488]
2024-08-26 18:18:41.208 | INFO     | psldh:train:164 - [epoch:3/3][loss:0.116392][loss_e:0.114597][loss_r:0.179549]
2024-08-26 18:18:41.209 | INFO     | psldh:train:169 - [iter:50/50][iter_time:86.34]
2024-08-26 18:26:29.053 | INFO     | psldh:train:239 - [iter:50/50][code_length:64][mAP:0.67442][mAP_all:0.81210][best_mAP:0.67442]
2024-08-26 18:26:29.054 | INFO     | psldh:train:240 - [iter:50/50][code_length:64][zs_mAP:0.53577][zs_mAP_all:0.58119]
2024-08-26 18:26:29.055 | INFO     | psldh:train:243 - [Training time:10663.06]
2024-08-26 18:26:29.058 | INFO     | __main__:run:123 - [code_length:64][map:0.6744][map_all:0.8121][zs_map:0.5358][zs_map_all:0.5812]
