2024-09-21 11:43:11.652 | SUCCESS  | __main__:run:55 - Namespace(dataset='imagenetzs', root='/data1/dataset/ImageNet/ILSVRC', batch_size=16, lr=0.00025, wd=0.0001, optim='SGD', code_length=[16, 32, 64], max_iter=50, max_epoch=1, num_query=1000, num_samples=9750, num_workers=2, topk=1000, gpu=0, gamma=200, info='imagenetzs-25-75-dah-09-21-16,32,64-wocls', arch='dah', net='ResNet', save_ckpt='checkpoints/', lr_step=[45], align_step=50, pretrain=True, quan_loss=False, lambd_sp=0.1, lambd_ch=0.1, lambd=0.1, momen=0.91, nesterov=False, num_classes=75, val_freq=5, cauchy_gamma=20.0, margin=0.1, num_zs=25, epoch_change=11, ZS=25, flag='dah', data='imagenetzs', device=device(type='cuda', index=0))
2024-09-21 11:45:24.915 | INFO     | DAHNet_train:train:103 - [epoch:1/1][cnn_loss:2.966733][hash_loss:2.717952][quan_loss:0.248781][cls_loss:4.378128]
2024-09-21 11:45:24.918 | INFO     | DAHNet_train:train:111 - [iter:1/50][iter_time:123.85]
2024-09-21 11:47:25.904 | INFO     | DAHNet_train:train:103 - [epoch:1/1][cnn_loss:2.743681][hash_loss:2.520362][quan_loss:0.223319][cls_loss:4.376274]
2024-09-21 11:47:25.908 | INFO     | DAHNet_train:train:111 - [iter:2/50][iter_time:120.99]
2024-09-21 11:49:29.409 | INFO     | DAHNet_train:train:103 - [epoch:1/1][cnn_loss:2.589671][hash_loss:2.388666][quan_loss:0.201006][cls_loss:4.378530]
2024-09-21 11:49:29.412 | INFO     | DAHNet_train:train:111 - [iter:3/50][iter_time:123.50]
2024-09-21 11:51:30.718 | INFO     | DAHNet_train:train:103 - [epoch:1/1][cnn_loss:2.530124][hash_loss:2.337505][quan_loss:0.192619][cls_loss:4.378744]
2024-09-21 11:51:30.722 | INFO     | DAHNet_train:train:111 - [iter:4/50][iter_time:121.31]
2024-09-21 11:53:34.190 | INFO     | DAHNet_train:train:103 - [epoch:1/1][cnn_loss:2.498844][hash_loss:2.310244][quan_loss:0.188599][cls_loss:4.377293]
2024-09-21 11:53:34.194 | INFO     | DAHNet_train:train:111 - [iter:5/50][iter_time:123.47]
2024-09-21 12:01:09.090 | INFO     | DAHNet_train:train:189 - [iter:5/50][code_length:16][mAP:0.76605][mAP_all:0.74954][best_mAP:0.76605]
2024-09-21 12:01:09.091 | INFO     | DAHNet_train:train:190 - [iter:5/50][code_length:16][zs_mAP:0.28768][zs_mAP_all:0.14180]
2024-09-21 12:03:12.545 | INFO     | DAHNet_train:train:103 - [epoch:1/1][cnn_loss:2.484397][hash_loss:2.297940][quan_loss:0.186457][cls_loss:4.377374]
2024-09-21 12:03:12.548 | INFO     | DAHNet_train:train:111 - [iter:6/50][iter_time:123.46]
2024-09-21 12:05:14.912 | INFO     | DAHNet_train:train:103 - [epoch:1/1][cnn_loss:2.470810][hash_loss:2.286032][quan_loss:0.184777][cls_loss:4.377284]
2024-09-21 12:05:14.915 | INFO     | DAHNet_train:train:111 - [iter:7/50][iter_time:122.37]
2024-09-21 12:07:17.674 | INFO     | DAHNet_train:train:103 - [epoch:1/1][cnn_loss:2.462295][hash_loss:2.278465][quan_loss:0.183830][cls_loss:4.375595]
2024-09-21 12:07:17.678 | INFO     | DAHNet_train:train:111 - [iter:8/50][iter_time:122.76]
2024-09-21 12:09:18.811 | INFO     | DAHNet_train:train:103 - [epoch:1/1][cnn_loss:2.450468][hash_loss:2.268151][quan_loss:0.182317][cls_loss:4.376689]
2024-09-21 12:09:18.815 | INFO     | DAHNet_train:train:111 - [iter:9/50][iter_time:121.14]
2024-09-21 12:11:20.900 | INFO     | DAHNet_train:train:103 - [epoch:1/1][cnn_loss:2.445648][hash_loss:2.263696][quan_loss:0.181952][cls_loss:4.373678]
2024-09-21 12:11:20.904 | INFO     | DAHNet_train:train:111 - [iter:10/50][iter_time:122.09]
2024-09-21 12:18:55.773 | INFO     | DAHNet_train:train:189 - [iter:10/50][code_length:16][mAP:0.80605][mAP_all:0.79106][best_mAP:0.80605]
2024-09-21 12:18:55.774 | INFO     | DAHNet_train:train:190 - [iter:10/50][code_length:16][zs_mAP:0.28850][zs_mAP_all:0.15426]
2024-09-21 12:20:58.721 | INFO     | DAHNet_train:train:103 - [epoch:1/1][cnn_loss:2.438960][hash_loss:2.257634][quan_loss:0.181325][cls_loss:4.373250]
2024-09-21 12:20:58.725 | INFO     | DAHNet_train:train:111 - [iter:11/50][iter_time:122.95]
2024-09-21 12:23:00.547 | INFO     | DAHNet_train:train:103 - [epoch:1/1][cnn_loss:2.431893][hash_loss:2.251365][quan_loss:0.180527][cls_loss:4.371651]
2024-09-21 12:23:00.550 | INFO     | DAHNet_train:train:111 - [iter:12/50][iter_time:121.83]
2024-09-21 12:25:02.074 | INFO     | DAHNet_train:train:103 - [epoch:1/1][cnn_loss:2.424610][hash_loss:2.245002][quan_loss:0.179607][cls_loss:4.370911]
2024-09-21 12:25:02.078 | INFO     | DAHNet_train:train:111 - [iter:13/50][iter_time:121.53]
2024-09-21 12:27:04.266 | INFO     | DAHNet_train:train:103 - [epoch:1/1][cnn_loss:2.419550][hash_loss:2.240305][quan_loss:0.179245][cls_loss:4.368976]
2024-09-21 12:27:04.269 | INFO     | DAHNet_train:train:111 - [iter:14/50][iter_time:122.19]
2024-09-21 12:29:06.101 | INFO     | DAHNet_train:train:103 - [epoch:1/1][cnn_loss:2.414446][hash_loss:2.235841][quan_loss:0.178605][cls_loss:4.367261]
2024-09-21 12:29:06.105 | INFO     | DAHNet_train:train:111 - [iter:15/50][iter_time:121.84]
2024-09-21 12:36:39.960 | INFO     | DAHNet_train:train:189 - [iter:15/50][code_length:16][mAP:0.83266][mAP_all:0.81746][best_mAP:0.83266]
2024-09-21 12:36:39.961 | INFO     | DAHNet_train:train:190 - [iter:15/50][code_length:16][zs_mAP:0.28565][zs_mAP_all:0.15437]
2024-09-21 12:38:42.402 | INFO     | DAHNet_train:train:103 - [epoch:1/1][cnn_loss:2.409398][hash_loss:2.231310][quan_loss:0.178089][cls_loss:4.367666]
2024-09-21 12:38:42.405 | INFO     | DAHNet_train:train:111 - [iter:16/50][iter_time:122.44]
2024-09-21 12:40:45.685 | INFO     | DAHNet_train:train:103 - [epoch:1/1][cnn_loss:2.408161][hash_loss:2.229951][quan_loss:0.178211][cls_loss:4.365244]
2024-09-21 12:40:45.689 | INFO     | DAHNet_train:train:111 - [iter:17/50][iter_time:123.28]
2024-09-21 12:42:47.431 | INFO     | DAHNet_train:train:103 - [epoch:1/1][cnn_loss:2.404556][hash_loss:2.226900][quan_loss:0.177656][cls_loss:4.364627]
2024-09-21 12:42:47.435 | INFO     | DAHNet_train:train:111 - [iter:18/50][iter_time:121.75]
2024-09-21 12:44:47.785 | INFO     | DAHNet_train:train:103 - [epoch:1/1][cnn_loss:2.399884][hash_loss:2.222804][quan_loss:0.177080][cls_loss:4.365622]
2024-09-21 12:44:47.788 | INFO     | DAHNet_train:train:111 - [iter:19/50][iter_time:120.35]
2024-09-21 12:46:49.662 | INFO     | DAHNet_train:train:103 - [epoch:1/1][cnn_loss:2.395971][hash_loss:2.219447][quan_loss:0.176524][cls_loss:4.362962]
2024-09-21 12:46:49.666 | INFO     | DAHNet_train:train:111 - [iter:20/50][iter_time:121.88]
2024-09-21 12:54:22.378 | INFO     | DAHNet_train:train:189 - [iter:20/50][code_length:16][mAP:0.84542][mAP_all:0.82933][best_mAP:0.84542]
2024-09-21 12:54:22.379 | INFO     | DAHNet_train:train:190 - [iter:20/50][code_length:16][zs_mAP:0.30679][zs_mAP_all:0.17774]
2024-09-21 12:56:23.988 | INFO     | DAHNet_train:train:103 - [epoch:1/1][cnn_loss:2.393198][hash_loss:2.217006][quan_loss:0.176192][cls_loss:4.361726]
2024-09-21 12:56:23.992 | INFO     | DAHNet_train:train:111 - [iter:21/50][iter_time:121.61]
2024-09-21 12:58:25.252 | INFO     | DAHNet_train:train:103 - [epoch:1/1][cnn_loss:2.389828][hash_loss:2.214044][quan_loss:0.175784][cls_loss:4.362026]
2024-09-21 12:58:25.255 | INFO     | DAHNet_train:train:111 - [iter:22/50][iter_time:121.26]
2024-09-21 13:00:28.115 | INFO     | DAHNet_train:train:103 - [epoch:1/1][cnn_loss:2.386313][hash_loss:2.211023][quan_loss:0.175291][cls_loss:4.362302]
2024-09-21 13:00:28.118 | INFO     | DAHNet_train:train:111 - [iter:23/50][iter_time:122.86]
2024-09-21 13:02:30.707 | INFO     | DAHNet_train:train:103 - [epoch:1/1][cnn_loss:2.384170][hash_loss:2.209155][quan_loss:0.175015][cls_loss:4.359936]
2024-09-21 13:02:30.711 | INFO     | DAHNet_train:train:111 - [iter:24/50][iter_time:122.59]
2024-09-21 13:04:33.989 | INFO     | DAHNet_train:train:103 - [epoch:1/1][cnn_loss:2.381812][hash_loss:2.206953][quan_loss:0.174859][cls_loss:4.359989]
2024-09-21 13:04:33.992 | INFO     | DAHNet_train:train:111 - [iter:25/50][iter_time:123.28]
2024-09-21 13:12:08.663 | INFO     | DAHNet_train:train:189 - [iter:25/50][code_length:16][mAP:0.84795][mAP_all:0.83200][best_mAP:0.84795]
2024-09-21 13:12:08.664 | INFO     | DAHNet_train:train:190 - [iter:25/50][code_length:16][zs_mAP:0.30702][zs_mAP_all:0.16594]
2024-09-21 13:14:11.986 | INFO     | DAHNet_train:train:103 - [epoch:1/1][cnn_loss:2.378377][hash_loss:2.204143][quan_loss:0.174235][cls_loss:4.360044]
2024-09-21 13:14:11.989 | INFO     | DAHNet_train:train:111 - [iter:26/50][iter_time:123.33]
2024-09-21 13:16:14.602 | INFO     | DAHNet_train:train:103 - [epoch:1/1][cnn_loss:2.378057][hash_loss:2.203699][quan_loss:0.174359][cls_loss:4.359866]
2024-09-21 13:16:14.605 | INFO     | DAHNet_train:train:111 - [iter:27/50][iter_time:122.62]
2024-09-21 13:18:17.014 | INFO     | DAHNet_train:train:103 - [epoch:1/1][cnn_loss:2.377538][hash_loss:2.203293][quan_loss:0.174246][cls_loss:4.359876]
2024-09-21 13:18:17.017 | INFO     | DAHNet_train:train:111 - [iter:28/50][iter_time:122.41]
2024-09-21 13:20:19.796 | INFO     | DAHNet_train:train:103 - [epoch:1/1][cnn_loss:2.372720][hash_loss:2.199140][quan_loss:0.173580][cls_loss:4.360455]
2024-09-21 13:20:19.800 | INFO     | DAHNet_train:train:111 - [iter:29/50][iter_time:122.78]
2024-09-21 13:22:21.400 | INFO     | DAHNet_train:train:103 - [epoch:1/1][cnn_loss:2.369809][hash_loss:2.196682][quan_loss:0.173126][cls_loss:4.358545]
2024-09-21 13:22:21.403 | INFO     | DAHNet_train:train:111 - [iter:30/50][iter_time:121.60]
2024-09-21 13:29:51.598 | INFO     | DAHNet_train:train:189 - [iter:30/50][code_length:16][mAP:0.86268][mAP_all:0.84799][best_mAP:0.86268]
2024-09-21 13:29:51.599 | INFO     | DAHNet_train:train:190 - [iter:30/50][code_length:16][zs_mAP:0.30924][zs_mAP_all:0.16935]
2024-09-21 13:31:55.417 | INFO     | DAHNet_train:train:103 - [epoch:1/1][cnn_loss:2.369142][hash_loss:2.195959][quan_loss:0.173183][cls_loss:4.357809]
2024-09-21 13:31:55.421 | INFO     | DAHNet_train:train:111 - [iter:31/50][iter_time:123.82]
2024-09-21 13:33:58.728 | INFO     | DAHNet_train:train:103 - [epoch:1/1][cnn_loss:2.368076][hash_loss:2.195083][quan_loss:0.172993][cls_loss:4.358774]
2024-09-21 13:33:58.731 | INFO     | DAHNet_train:train:111 - [iter:32/50][iter_time:123.31]
2024-09-21 13:36:02.432 | INFO     | DAHNet_train:train:103 - [epoch:1/1][cnn_loss:2.365762][hash_loss:2.193044][quan_loss:0.172718][cls_loss:4.358020]
2024-09-21 13:36:02.435 | INFO     | DAHNet_train:train:111 - [iter:33/50][iter_time:123.70]
2024-09-21 13:38:06.141 | INFO     | DAHNet_train:train:103 - [epoch:1/1][cnn_loss:2.362309][hash_loss:2.190163][quan_loss:0.172146][cls_loss:4.357526]
2024-09-21 13:38:06.145 | INFO     | DAHNet_train:train:111 - [iter:34/50][iter_time:123.71]
2024-09-21 13:40:11.844 | INFO     | DAHNet_train:train:103 - [epoch:1/1][cnn_loss:2.362767][hash_loss:2.190434][quan_loss:0.172333][cls_loss:4.356778]
2024-09-21 13:40:11.847 | INFO     | DAHNet_train:train:111 - [iter:35/50][iter_time:125.70]
2024-09-21 13:47:45.243 | INFO     | DAHNet_train:train:189 - [iter:35/50][code_length:16][mAP:0.86411][mAP_all:0.84953][best_mAP:0.86411]
2024-09-21 13:47:45.243 | INFO     | DAHNet_train:train:190 - [iter:35/50][code_length:16][zs_mAP:0.30085][zs_mAP_all:0.16890]
2024-09-21 13:49:50.177 | INFO     | DAHNet_train:train:103 - [epoch:1/1][cnn_loss:2.361060][hash_loss:2.188890][quan_loss:0.172169][cls_loss:4.355862]
2024-09-21 13:49:50.180 | INFO     | DAHNet_train:train:111 - [iter:36/50][iter_time:124.94]
2024-09-21 13:51:53.388 | INFO     | DAHNet_train:train:103 - [epoch:1/1][cnn_loss:2.359271][hash_loss:2.187424][quan_loss:0.171846][cls_loss:4.355358]
2024-09-21 13:51:53.391 | INFO     | DAHNet_train:train:111 - [iter:37/50][iter_time:123.21]
2024-09-21 13:53:54.879 | INFO     | DAHNet_train:train:103 - [epoch:1/1][cnn_loss:2.359165][hash_loss:2.187293][quan_loss:0.171872][cls_loss:4.356665]
2024-09-21 13:53:54.882 | INFO     | DAHNet_train:train:111 - [iter:38/50][iter_time:121.49]
2024-09-21 13:55:57.701 | INFO     | DAHNet_train:train:103 - [epoch:1/1][cnn_loss:2.357467][hash_loss:2.185773][quan_loss:0.171694][cls_loss:4.355893]
2024-09-21 13:55:57.704 | INFO     | DAHNet_train:train:111 - [iter:39/50][iter_time:122.82]
2024-09-21 13:58:01.898 | INFO     | DAHNet_train:train:103 - [epoch:1/1][cnn_loss:2.356178][hash_loss:2.184712][quan_loss:0.171466][cls_loss:4.355024]
2024-09-21 13:58:01.902 | INFO     | DAHNet_train:train:111 - [iter:40/50][iter_time:124.20]
2024-09-21 14:05:33.828 | INFO     | DAHNet_train:train:189 - [iter:40/50][code_length:16][mAP:0.86577][mAP_all:0.85145][best_mAP:0.86577]
2024-09-21 14:05:33.829 | INFO     | DAHNet_train:train:190 - [iter:40/50][code_length:16][zs_mAP:0.29769][zs_mAP_all:0.16425]
2024-09-21 14:07:34.995 | INFO     | DAHNet_train:train:103 - [epoch:1/1][cnn_loss:2.354480][hash_loss:2.183308][quan_loss:0.171172][cls_loss:4.354040]
2024-09-21 14:07:34.998 | INFO     | DAHNet_train:train:111 - [iter:41/50][iter_time:121.17]
2024-09-21 14:09:35.397 | INFO     | DAHNet_train:train:103 - [epoch:1/1][cnn_loss:2.352162][hash_loss:2.181226][quan_loss:0.170936][cls_loss:4.353994]
2024-09-21 14:09:35.401 | INFO     | DAHNet_train:train:111 - [iter:42/50][iter_time:120.40]
2024-09-21 14:11:37.912 | INFO     | DAHNet_train:train:103 - [epoch:1/1][cnn_loss:2.353177][hash_loss:2.182122][quan_loss:0.171055][cls_loss:4.354693]
2024-09-21 14:11:37.915 | INFO     | DAHNet_train:train:111 - [iter:43/50][iter_time:122.51]
2024-09-21 14:13:41.665 | INFO     | DAHNet_train:train:103 - [epoch:1/1][cnn_loss:2.351079][hash_loss:2.180271][quan_loss:0.170808][cls_loss:4.355838]
2024-09-21 14:13:41.668 | INFO     | DAHNet_train:train:111 - [iter:44/50][iter_time:123.75]
2024-09-21 14:15:44.347 | INFO     | DAHNet_train:train:103 - [epoch:1/1][cnn_loss:2.347778][hash_loss:2.177500][quan_loss:0.170277][cls_loss:4.354008]
2024-09-21 14:15:44.351 | INFO     | DAHNet_train:train:111 - [iter:45/50][iter_time:122.68]
2024-09-21 14:23:15.235 | INFO     | DAHNet_train:train:189 - [iter:45/50][code_length:16][mAP:0.86471][mAP_all:0.84951][best_mAP:0.86577]
2024-09-21 14:23:15.236 | INFO     | DAHNet_train:train:190 - [iter:45/50][code_length:16][zs_mAP:0.29394][zs_mAP_all:0.16748]
2024-09-21 14:25:21.397 | INFO     | DAHNet_train:train:103 - [epoch:1/1][cnn_loss:2.338839][hash_loss:2.168610][quan_loss:0.170228][cls_loss:4.353705]
2024-09-21 14:25:21.400 | INFO     | DAHNet_train:train:111 - [iter:46/50][iter_time:126.16]
2024-09-21 14:32:54.263 | INFO     | DAHNet_train:train:189 - [iter:46/50][code_length:16][mAP:0.86891][mAP_all:0.85482][best_mAP:0.86891]
2024-09-21 14:32:54.264 | INFO     | DAHNet_train:train:190 - [iter:46/50][code_length:16][zs_mAP:0.30432][zs_mAP_all:0.16988]
2024-09-21 14:34:54.975 | INFO     | DAHNet_train:train:103 - [epoch:1/1][cnn_loss:2.337695][hash_loss:2.167919][quan_loss:0.169777][cls_loss:4.354581]
2024-09-21 14:34:54.978 | INFO     | DAHNet_train:train:111 - [iter:47/50][iter_time:120.71]
2024-09-21 14:42:25.396 | INFO     | DAHNet_train:train:189 - [iter:47/50][code_length:16][mAP:0.87605][mAP_all:0.86230][best_mAP:0.87605]
2024-09-21 14:42:25.397 | INFO     | DAHNet_train:train:190 - [iter:47/50][code_length:16][zs_mAP:0.30586][zs_mAP_all:0.17434]
2024-09-21 14:44:30.256 | INFO     | DAHNet_train:train:103 - [epoch:1/1][cnn_loss:2.339627][hash_loss:2.169598][quan_loss:0.170028][cls_loss:4.354303]
2024-09-21 14:44:30.259 | INFO     | DAHNet_train:train:111 - [iter:48/50][iter_time:124.86]
2024-09-21 14:52:00.516 | INFO     | DAHNet_train:train:189 - [iter:48/50][code_length:16][mAP:0.87231][mAP_all:0.85867][best_mAP:0.87605]
2024-09-21 14:52:00.516 | INFO     | DAHNet_train:train:190 - [iter:48/50][code_length:16][zs_mAP:0.31392][zs_mAP_all:0.18167]
2024-09-21 14:54:02.394 | INFO     | DAHNet_train:train:103 - [epoch:1/1][cnn_loss:2.339119][hash_loss:2.169071][quan_loss:0.170048][cls_loss:4.354679]
2024-09-21 14:54:02.397 | INFO     | DAHNet_train:train:111 - [iter:49/50][iter_time:121.88]
2024-09-21 15:01:33.548 | INFO     | DAHNet_train:train:189 - [iter:49/50][code_length:16][mAP:0.87263][mAP_all:0.85706][best_mAP:0.87605]
2024-09-21 15:01:33.548 | INFO     | DAHNet_train:train:190 - [iter:49/50][code_length:16][zs_mAP:0.30761][zs_mAP_all:0.17782]
2024-09-21 15:03:35.217 | INFO     | DAHNet_train:train:103 - [epoch:1/1][cnn_loss:2.340019][hash_loss:2.169675][quan_loss:0.170344][cls_loss:4.354510]
2024-09-21 15:03:35.220 | INFO     | DAHNet_train:train:111 - [iter:50/50][iter_time:121.67]
2024-09-21 15:11:09.062 | INFO     | DAHNet_train:train:189 - [iter:50/50][code_length:16][mAP:0.87222][mAP_all:0.85765][best_mAP:0.87605]
2024-09-21 15:11:09.062 | INFO     | DAHNet_train:train:190 - [iter:50/50][code_length:16][zs_mAP:0.30735][zs_mAP_all:0.17596]
2024-09-21 15:11:09.063 | INFO     | DAHNet_train:train:192 - [Training time:12468.00]
2024-09-21 15:11:09.070 | INFO     | __main__:run:138 - [code_length:16][map:0.8761][map_all:0.8623][zs_map:0.3059][zs_map_all:0.1743]
2024-09-21 15:13:14.146 | INFO     | DAHNet_train:train:103 - [epoch:1/1][cnn_loss:5.593831][hash_loss:5.345685][quan_loss:0.248146][cls_loss:4.372280]
2024-09-21 15:13:14.151 | INFO     | DAHNet_train:train:111 - [iter:1/50][iter_time:123.81]
2024-09-21 15:15:15.790 | INFO     | DAHNet_train:train:103 - [epoch:1/1][cnn_loss:4.899972][hash_loss:4.693285][quan_loss:0.206687][cls_loss:4.369001]
2024-09-21 15:15:15.795 | INFO     | DAHNet_train:train:111 - [iter:2/50][iter_time:121.64]
2024-09-21 15:17:16.123 | INFO     | DAHNet_train:train:103 - [epoch:1/1][cnn_loss:4.380736][hash_loss:4.209544][quan_loss:0.171191][cls_loss:4.371034]
2024-09-21 15:17:16.128 | INFO     | DAHNet_train:train:111 - [iter:3/50][iter_time:120.33]
2024-09-21 15:19:15.486 | INFO     | DAHNet_train:train:103 - [epoch:1/1][cnn_loss:4.163953][hash_loss:4.006333][quan_loss:0.157620][cls_loss:4.372747]
2024-09-21 15:19:15.492 | INFO     | DAHNet_train:train:111 - [iter:4/50][iter_time:119.36]
2024-09-21 15:21:15.753 | INFO     | DAHNet_train:train:103 - [epoch:1/1][cnn_loss:4.055878][hash_loss:3.904750][quan_loss:0.151128][cls_loss:4.371606]
2024-09-21 15:21:15.759 | INFO     | DAHNet_train:train:111 - [iter:5/50][iter_time:120.27]
2024-09-21 15:28:47.889 | INFO     | DAHNet_train:train:189 - [iter:5/50][code_length:32][mAP:0.85897][mAP_all:0.84289][best_mAP:0.85897]
2024-09-21 15:28:47.890 | INFO     | DAHNet_train:train:190 - [iter:5/50][code_length:32][zs_mAP:0.47991][zs_mAP_all:0.30182]
2024-09-21 15:30:51.605 | INFO     | DAHNet_train:train:103 - [epoch:1/1][cnn_loss:3.991538][hash_loss:3.844208][quan_loss:0.147330][cls_loss:4.368627]
2024-09-21 15:30:51.611 | INFO     | DAHNet_train:train:111 - [iter:6/50][iter_time:123.72]
2024-09-21 15:32:54.161 | INFO     | DAHNet_train:train:103 - [epoch:1/1][cnn_loss:3.944478][hash_loss:3.800169][quan_loss:0.144309][cls_loss:4.368915]
2024-09-21 15:32:54.166 | INFO     | DAHNet_train:train:111 - [iter:7/50][iter_time:122.56]
2024-09-21 15:34:56.117 | INFO     | DAHNet_train:train:103 - [epoch:1/1][cnn_loss:3.902817][hash_loss:3.760924][quan_loss:0.141893][cls_loss:4.370096]
2024-09-21 15:34:56.123 | INFO     | DAHNet_train:train:111 - [iter:8/50][iter_time:121.96]
2024-09-21 15:37:01.383 | INFO     | DAHNet_train:train:103 - [epoch:1/1][cnn_loss:3.862471][hash_loss:3.722732][quan_loss:0.139739][cls_loss:4.368800]
2024-09-21 15:37:01.388 | INFO     | DAHNet_train:train:111 - [iter:9/50][iter_time:125.26]
2024-09-21 15:39:08.040 | INFO     | DAHNet_train:train:103 - [epoch:1/1][cnn_loss:3.842071][hash_loss:3.703381][quan_loss:0.138691][cls_loss:4.368594]
2024-09-21 15:39:08.045 | INFO     | DAHNet_train:train:111 - [iter:10/50][iter_time:126.66]
2024-09-21 15:46:41.097 | INFO     | DAHNet_train:train:189 - [iter:10/50][code_length:32][mAP:0.88018][mAP_all:0.86278][best_mAP:0.88018]
2024-09-21 15:46:41.098 | INFO     | DAHNet_train:train:190 - [iter:10/50][code_length:32][zs_mAP:0.44814][zs_mAP_all:0.27387]
2024-09-21 15:48:43.469 | INFO     | DAHNet_train:train:103 - [epoch:1/1][cnn_loss:3.818960][hash_loss:3.681531][quan_loss:0.137429][cls_loss:4.365835]
2024-09-21 15:48:43.475 | INFO     | DAHNet_train:train:111 - [iter:11/50][iter_time:122.38]
2024-09-21 15:50:43.137 | INFO     | DAHNet_train:train:103 - [epoch:1/1][cnn_loss:3.781495][hash_loss:3.646304][quan_loss:0.135191][cls_loss:4.363471]
2024-09-21 15:50:43.143 | INFO     | DAHNet_train:train:111 - [iter:12/50][iter_time:119.67]
2024-09-21 15:52:41.699 | INFO     | DAHNet_train:train:103 - [epoch:1/1][cnn_loss:3.769827][hash_loss:3.635202][quan_loss:0.134625][cls_loss:4.363086]
2024-09-21 15:52:41.705 | INFO     | DAHNet_train:train:111 - [iter:13/50][iter_time:118.56]
2024-09-21 15:54:39.945 | INFO     | DAHNet_train:train:103 - [epoch:1/1][cnn_loss:3.751844][hash_loss:3.618301][quan_loss:0.133543][cls_loss:4.360782]
2024-09-21 15:54:39.950 | INFO     | DAHNet_train:train:111 - [iter:14/50][iter_time:118.25]
2024-09-21 15:56:37.810 | INFO     | DAHNet_train:train:103 - [epoch:1/1][cnn_loss:3.733068][hash_loss:3.600672][quan_loss:0.132396][cls_loss:4.359675]
2024-09-21 15:56:37.815 | INFO     | DAHNet_train:train:111 - [iter:15/50][iter_time:117.87]
2024-09-21 16:04:35.005 | INFO     | DAHNet_train:train:189 - [iter:15/50][code_length:32][mAP:0.89245][mAP_all:0.87406][best_mAP:0.89245]
2024-09-21 16:04:35.005 | INFO     | DAHNet_train:train:190 - [iter:15/50][code_length:32][zs_mAP:0.42427][zs_mAP_all:0.24555]
2024-09-21 16:06:36.124 | INFO     | DAHNet_train:train:103 - [epoch:1/1][cnn_loss:3.719177][hash_loss:3.587549][quan_loss:0.131628][cls_loss:4.361001]
2024-09-21 16:06:36.130 | INFO     | DAHNet_train:train:111 - [iter:16/50][iter_time:121.12]
2024-09-21 16:08:36.392 | INFO     | DAHNet_train:train:103 - [epoch:1/1][cnn_loss:3.699406][hash_loss:3.569047][quan_loss:0.130360][cls_loss:4.358776]
2024-09-21 16:08:36.398 | INFO     | DAHNet_train:train:111 - [iter:17/50][iter_time:120.27]
2024-09-21 16:10:36.104 | INFO     | DAHNet_train:train:103 - [epoch:1/1][cnn_loss:3.686059][hash_loss:3.556540][quan_loss:0.129520][cls_loss:4.357919]
2024-09-21 16:10:36.109 | INFO     | DAHNet_train:train:111 - [iter:18/50][iter_time:119.71]
2024-09-21 16:12:36.343 | INFO     | DAHNet_train:train:103 - [epoch:1/1][cnn_loss:3.665476][hash_loss:3.537150][quan_loss:0.128326][cls_loss:4.356366]
2024-09-21 16:12:36.348 | INFO     | DAHNet_train:train:111 - [iter:19/50][iter_time:120.24]
2024-09-21 16:14:36.651 | INFO     | DAHNet_train:train:103 - [epoch:1/1][cnn_loss:3.663893][hash_loss:3.535621][quan_loss:0.128272][cls_loss:4.357598]
2024-09-21 16:14:36.657 | INFO     | DAHNet_train:train:111 - [iter:20/50][iter_time:120.31]
2024-09-21 16:22:27.238 | INFO     | DAHNet_train:train:189 - [iter:20/50][code_length:32][mAP:0.89574][mAP_all:0.87680][best_mAP:0.89574]
2024-09-21 16:22:27.239 | INFO     | DAHNet_train:train:190 - [iter:20/50][code_length:32][zs_mAP:0.41657][zs_mAP_all:0.23409]
2024-09-21 16:24:27.235 | INFO     | DAHNet_train:train:103 - [epoch:1/1][cnn_loss:3.646734][hash_loss:3.519497][quan_loss:0.127238][cls_loss:4.355815]
2024-09-21 16:24:27.240 | INFO     | DAHNet_train:train:111 - [iter:21/50][iter_time:120.00]
2024-09-21 16:26:24.845 | INFO     | DAHNet_train:train:103 - [epoch:1/1][cnn_loss:3.648162][hash_loss:3.520722][quan_loss:0.127440][cls_loss:4.355445]
2024-09-21 16:26:24.850 | INFO     | DAHNet_train:train:111 - [iter:22/50][iter_time:117.61]
2024-09-21 16:28:23.642 | INFO     | DAHNet_train:train:103 - [epoch:1/1][cnn_loss:3.630424][hash_loss:3.504058][quan_loss:0.126366][cls_loss:4.355354]
2024-09-21 16:28:23.647 | INFO     | DAHNet_train:train:111 - [iter:23/50][iter_time:118.80]
2024-09-21 16:30:22.816 | INFO     | DAHNet_train:train:103 - [epoch:1/1][cnn_loss:3.625520][hash_loss:3.499547][quan_loss:0.125972][cls_loss:4.352432]
2024-09-21 16:30:22.822 | INFO     | DAHNet_train:train:111 - [iter:24/50][iter_time:119.17]
2024-09-21 16:32:24.627 | INFO     | DAHNet_train:train:103 - [epoch:1/1][cnn_loss:3.615020][hash_loss:3.489583][quan_loss:0.125437][cls_loss:4.352383]
2024-09-21 16:32:24.633 | INFO     | DAHNet_train:train:111 - [iter:25/50][iter_time:121.81]
2024-09-21 16:40:23.139 | INFO     | DAHNet_train:train:189 - [iter:25/50][code_length:32][mAP:0.89487][mAP_all:0.87534][best_mAP:0.89574]
2024-09-21 16:40:23.140 | INFO     | DAHNet_train:train:190 - [iter:25/50][code_length:32][zs_mAP:0.40260][zs_mAP_all:0.22165]
2024-09-21 16:42:23.192 | INFO     | DAHNet_train:train:103 - [epoch:1/1][cnn_loss:3.604874][hash_loss:3.480042][quan_loss:0.124832][cls_loss:4.352100]
2024-09-21 16:42:23.197 | INFO     | DAHNet_train:train:111 - [iter:26/50][iter_time:120.06]
2024-09-21 16:44:23.594 | INFO     | DAHNet_train:train:103 - [epoch:1/1][cnn_loss:3.595700][hash_loss:3.471421][quan_loss:0.124279][cls_loss:4.352906]
2024-09-21 16:44:23.600 | INFO     | DAHNet_train:train:111 - [iter:27/50][iter_time:120.40]
2024-09-21 16:46:22.101 | INFO     | DAHNet_train:train:103 - [epoch:1/1][cnn_loss:3.586467][hash_loss:3.462654][quan_loss:0.123813][cls_loss:4.351742]
2024-09-21 16:46:22.106 | INFO     | DAHNet_train:train:111 - [iter:28/50][iter_time:118.51]
2024-09-21 16:48:19.767 | INFO     | DAHNet_train:train:103 - [epoch:1/1][cnn_loss:3.586115][hash_loss:3.462380][quan_loss:0.123735][cls_loss:4.353184]
2024-09-21 16:48:19.773 | INFO     | DAHNet_train:train:111 - [iter:29/50][iter_time:117.67]
2024-09-21 16:50:18.419 | INFO     | DAHNet_train:train:103 - [epoch:1/1][cnn_loss:3.570224][hash_loss:3.447405][quan_loss:0.122819][cls_loss:4.349999]
2024-09-21 16:50:18.424 | INFO     | DAHNet_train:train:111 - [iter:30/50][iter_time:118.65]
2024-09-21 16:58:13.734 | INFO     | DAHNet_train:train:189 - [iter:30/50][code_length:32][mAP:0.89921][mAP_all:0.87888][best_mAP:0.89921]
2024-09-21 16:58:13.734 | INFO     | DAHNet_train:train:190 - [iter:30/50][code_length:32][zs_mAP:0.40159][zs_mAP_all:0.22111]
2024-09-21 17:00:13.836 | INFO     | DAHNet_train:train:103 - [epoch:1/1][cnn_loss:3.565933][hash_loss:3.443346][quan_loss:0.122587][cls_loss:4.350042]
2024-09-21 17:00:13.841 | INFO     | DAHNet_train:train:111 - [iter:31/50][iter_time:120.11]
2024-09-21 17:02:14.150 | INFO     | DAHNet_train:train:103 - [epoch:1/1][cnn_loss:3.554853][hash_loss:3.432970][quan_loss:0.121883][cls_loss:4.349056]
2024-09-21 17:02:14.155 | INFO     | DAHNet_train:train:111 - [iter:32/50][iter_time:120.31]
2024-09-21 17:04:14.704 | INFO     | DAHNet_train:train:103 - [epoch:1/1][cnn_loss:3.545765][hash_loss:3.424524][quan_loss:0.121242][cls_loss:4.347862]
2024-09-21 17:04:14.709 | INFO     | DAHNet_train:train:111 - [iter:33/50][iter_time:120.55]
2024-09-21 17:06:15.249 | INFO     | DAHNet_train:train:103 - [epoch:1/1][cnn_loss:3.552865][hash_loss:3.431084][quan_loss:0.121780][cls_loss:4.348715]
2024-09-21 17:06:15.254 | INFO     | DAHNet_train:train:111 - [iter:34/50][iter_time:120.55]
2024-09-21 17:08:14.686 | INFO     | DAHNet_train:train:103 - [epoch:1/1][cnn_loss:3.538323][hash_loss:3.417378][quan_loss:0.120945][cls_loss:4.348113]
2024-09-21 17:08:14.691 | INFO     | DAHNet_train:train:111 - [iter:35/50][iter_time:119.44]
2024-09-21 17:16:02.201 | INFO     | DAHNet_train:train:189 - [iter:35/50][code_length:32][mAP:0.90078][mAP_all:0.88061][best_mAP:0.90078]
2024-09-21 17:16:02.201 | INFO     | DAHNet_train:train:190 - [iter:35/50][code_length:32][zs_mAP:0.40034][zs_mAP_all:0.21790]
2024-09-21 17:18:01.092 | INFO     | DAHNet_train:train:103 - [epoch:1/1][cnn_loss:3.527880][hash_loss:3.407587][quan_loss:0.120293][cls_loss:4.348257]
2024-09-21 17:18:01.098 | INFO     | DAHNet_train:train:111 - [iter:36/50][iter_time:118.90]
2024-09-21 17:19:58.997 | INFO     | DAHNet_train:train:103 - [epoch:1/1][cnn_loss:3.520217][hash_loss:3.400303][quan_loss:0.119914][cls_loss:4.348145]
2024-09-21 17:19:59.003 | INFO     | DAHNet_train:train:111 - [iter:37/50][iter_time:117.90]
2024-09-21 17:21:58.871 | INFO     | DAHNet_train:train:103 - [epoch:1/1][cnn_loss:3.522187][hash_loss:3.402105][quan_loss:0.120082][cls_loss:4.347271]
2024-09-21 17:21:58.876 | INFO     | DAHNet_train:train:111 - [iter:38/50][iter_time:119.87]
2024-09-21 17:23:57.070 | INFO     | DAHNet_train:train:103 - [epoch:1/1][cnn_loss:3.512374][hash_loss:3.392923][quan_loss:0.119451][cls_loss:4.347984]
2024-09-21 17:23:57.075 | INFO     | DAHNet_train:train:111 - [iter:39/50][iter_time:118.20]
2024-09-21 17:25:56.402 | INFO     | DAHNet_train:train:103 - [epoch:1/1][cnn_loss:3.507092][hash_loss:3.388000][quan_loss:0.119093][cls_loss:4.347364]
2024-09-21 17:25:56.407 | INFO     | DAHNet_train:train:111 - [iter:40/50][iter_time:119.33]
2024-09-21 17:33:49.828 | INFO     | DAHNet_train:train:189 - [iter:40/50][code_length:32][mAP:0.90066][mAP_all:0.87906][best_mAP:0.90078]
2024-09-21 17:33:49.829 | INFO     | DAHNet_train:train:190 - [iter:40/50][code_length:32][zs_mAP:0.38736][zs_mAP_all:0.21341]
2024-09-21 17:35:49.781 | INFO     | DAHNet_train:train:103 - [epoch:1/1][cnn_loss:3.499008][hash_loss:3.380376][quan_loss:0.118632][cls_loss:4.347443]
2024-09-21 17:35:49.786 | INFO     | DAHNet_train:train:111 - [iter:41/50][iter_time:119.96]
2024-09-21 17:37:48.159 | INFO     | DAHNet_train:train:103 - [epoch:1/1][cnn_loss:3.497111][hash_loss:3.378554][quan_loss:0.118557][cls_loss:4.346055]
2024-09-21 17:37:48.164 | INFO     | DAHNet_train:train:111 - [iter:42/50][iter_time:118.38]
2024-09-21 17:39:48.018 | INFO     | DAHNet_train:train:103 - [epoch:1/1][cnn_loss:3.494289][hash_loss:3.375870][quan_loss:0.118419][cls_loss:4.346304]
2024-09-21 17:39:48.024 | INFO     | DAHNet_train:train:111 - [iter:43/50][iter_time:119.86]
2024-09-21 17:41:45.823 | INFO     | DAHNet_train:train:103 - [epoch:1/1][cnn_loss:3.487122][hash_loss:3.369190][quan_loss:0.117933][cls_loss:4.347016]
2024-09-21 17:41:45.828 | INFO     | DAHNet_train:train:111 - [iter:44/50][iter_time:117.80]
2024-09-21 17:43:45.977 | INFO     | DAHNet_train:train:103 - [epoch:1/1][cnn_loss:3.485403][hash_loss:3.367566][quan_loss:0.117838][cls_loss:4.346757]
2024-09-21 17:43:45.983 | INFO     | DAHNet_train:train:111 - [iter:45/50][iter_time:120.15]
2024-09-21 17:51:37.611 | INFO     | DAHNet_train:train:189 - [iter:45/50][code_length:32][mAP:0.90208][mAP_all:0.88220][best_mAP:0.90208]
2024-09-21 17:51:37.611 | INFO     | DAHNet_train:train:190 - [iter:45/50][code_length:32][zs_mAP:0.37284][zs_mAP_all:0.20374]
2024-09-21 17:53:35.860 | INFO     | DAHNet_train:train:103 - [epoch:1/1][cnn_loss:3.454401][hash_loss:3.337887][quan_loss:0.116514][cls_loss:4.345852]
2024-09-21 17:53:35.866 | INFO     | DAHNet_train:train:111 - [iter:46/50][iter_time:118.25]
2024-09-21 18:01:34.747 | INFO     | DAHNet_train:train:189 - [iter:46/50][code_length:32][mAP:0.90335][mAP_all:0.88203][best_mAP:0.90335]
2024-09-21 18:01:34.748 | INFO     | DAHNet_train:train:190 - [iter:46/50][code_length:32][zs_mAP:0.37913][zs_mAP_all:0.20380]
2024-09-21 18:03:34.041 | INFO     | DAHNet_train:train:103 - [epoch:1/1][cnn_loss:3.465780][hash_loss:3.348748][quan_loss:0.117032][cls_loss:4.345192]
2024-09-21 18:03:34.046 | INFO     | DAHNet_train:train:111 - [iter:47/50][iter_time:119.30]
2024-09-21 18:11:13.009 | INFO     | DAHNet_train:train:189 - [iter:47/50][code_length:32][mAP:0.90281][mAP_all:0.88178][best_mAP:0.90335]
2024-09-21 18:11:13.010 | INFO     | DAHNet_train:train:190 - [iter:47/50][code_length:32][zs_mAP:0.37162][zs_mAP_all:0.19955]
2024-09-21 18:13:11.504 | INFO     | DAHNet_train:train:103 - [epoch:1/1][cnn_loss:3.456762][hash_loss:3.340122][quan_loss:0.116640][cls_loss:4.344069]
2024-09-21 18:13:11.509 | INFO     | DAHNet_train:train:111 - [iter:48/50][iter_time:118.50]
2024-09-21 18:20:59.066 | INFO     | DAHNet_train:train:189 - [iter:48/50][code_length:32][mAP:0.90531][mAP_all:0.88431][best_mAP:0.90531]
2024-09-21 18:20:59.067 | INFO     | DAHNet_train:train:190 - [iter:48/50][code_length:32][zs_mAP:0.38068][zs_mAP_all:0.20406]
2024-09-21 18:22:58.234 | INFO     | DAHNet_train:train:103 - [epoch:1/1][cnn_loss:3.451648][hash_loss:3.335390][quan_loss:0.116258][cls_loss:4.345181]
2024-09-21 18:22:58.239 | INFO     | DAHNet_train:train:111 - [iter:49/50][iter_time:119.17]
2024-09-21 18:30:51.427 | INFO     | DAHNet_train:train:189 - [iter:49/50][code_length:32][mAP:0.90227][mAP_all:0.88161][best_mAP:0.90531]
2024-09-21 18:30:51.428 | INFO     | DAHNet_train:train:190 - [iter:49/50][code_length:32][zs_mAP:0.37970][zs_mAP_all:0.20351]
2024-09-21 18:32:49.787 | INFO     | DAHNet_train:train:103 - [epoch:1/1][cnn_loss:3.450031][hash_loss:3.333788][quan_loss:0.116243][cls_loss:4.345536]
2024-09-21 18:32:49.792 | INFO     | DAHNet_train:train:111 - [iter:50/50][iter_time:118.36]
2024-09-21 18:40:33.385 | INFO     | DAHNet_train:train:189 - [iter:50/50][code_length:32][mAP:0.90254][mAP_all:0.88040][best_mAP:0.90531]
2024-09-21 18:40:33.386 | INFO     | DAHNet_train:train:190 - [iter:50/50][code_length:32][zs_mAP:0.37916][zs_mAP_all:0.20767]
2024-09-21 18:40:33.386 | INFO     | DAHNet_train:train:192 - [Training time:12563.04]
2024-09-21 18:40:33.396 | INFO     | __main__:run:138 - [code_length:32][map:0.9053][map_all:0.8843][zs_map:0.3807][zs_map_all:0.2041]
2024-09-21 18:42:34.436 | INFO     | DAHNet_train:train:103 - [epoch:1/1][cnn_loss:10.818865][hash_loss:10.568990][quan_loss:0.249875][cls_loss:4.378679]
2024-09-21 18:42:34.445 | INFO     | DAHNet_train:train:111 - [iter:1/50][iter_time:119.81]
2024-09-21 18:44:33.182 | INFO     | DAHNet_train:train:103 - [epoch:1/1][cnn_loss:8.705420][hash_loss:8.515109][quan_loss:0.190310][cls_loss:4.379003]
2024-09-21 18:44:33.191 | INFO     | DAHNet_train:train:111 - [iter:2/50][iter_time:118.75]
2024-09-21 18:46:32.893 | INFO     | DAHNet_train:train:103 - [epoch:1/1][cnn_loss:7.130094][hash_loss:6.983197][quan_loss:0.146897][cls_loss:4.382069]
2024-09-21 18:46:32.902 | INFO     | DAHNet_train:train:111 - [iter:3/50][iter_time:119.71]
2024-09-21 18:48:33.184 | INFO     | DAHNet_train:train:103 - [epoch:1/1][cnn_loss:6.318123][hash_loss:6.189534][quan_loss:0.128589][cls_loss:4.381145]
2024-09-21 18:48:33.193 | INFO     | DAHNet_train:train:111 - [iter:4/50][iter_time:120.29]
2024-09-21 18:50:32.333 | INFO     | DAHNet_train:train:103 - [epoch:1/1][cnn_loss:5.808172][hash_loss:5.690007][quan_loss:0.118165][cls_loss:4.382204]
2024-09-21 18:50:32.342 | INFO     | DAHNet_train:train:111 - [iter:5/50][iter_time:119.15]
2024-09-21 18:58:29.870 | INFO     | DAHNet_train:train:189 - [iter:5/50][code_length:64][mAP:0.89251][mAP_all:0.87815][best_mAP:0.89251]
2024-09-21 18:58:29.871 | INFO     | DAHNet_train:train:190 - [iter:5/50][code_length:64][zs_mAP:0.54269][zs_mAP_all:0.35435]
2024-09-21 19:00:30.431 | INFO     | DAHNet_train:train:103 - [epoch:1/1][cnn_loss:5.505492][hash_loss:5.392543][quan_loss:0.112948][cls_loss:4.381619]
2024-09-21 19:00:30.441 | INFO     | DAHNet_train:train:111 - [iter:6/50][iter_time:120.57]
2024-09-21 19:02:29.354 | INFO     | DAHNet_train:train:103 - [epoch:1/1][cnn_loss:5.279374][hash_loss:5.170188][quan_loss:0.109186][cls_loss:4.382728]
2024-09-21 19:02:29.362 | INFO     | DAHNet_train:train:111 - [iter:7/50][iter_time:118.92]
2024-09-21 19:04:27.922 | INFO     | DAHNet_train:train:103 - [epoch:1/1][cnn_loss:5.060281][hash_loss:4.955384][quan_loss:0.104897][cls_loss:4.380199]
2024-09-21 19:04:27.934 | INFO     | DAHNet_train:train:111 - [iter:8/50][iter_time:118.57]
2024-09-21 19:06:27.803 | INFO     | DAHNet_train:train:103 - [epoch:1/1][cnn_loss:4.935084][hash_loss:4.831853][quan_loss:0.103232][cls_loss:4.378406]
2024-09-21 19:06:27.815 | INFO     | DAHNet_train:train:111 - [iter:9/50][iter_time:119.88]
2024-09-21 19:08:27.061 | INFO     | DAHNet_train:train:103 - [epoch:1/1][cnn_loss:4.842428][hash_loss:4.740808][quan_loss:0.101620][cls_loss:4.374943]
2024-09-21 19:08:27.070 | INFO     | DAHNet_train:train:111 - [iter:10/50][iter_time:119.25]
2024-09-21 19:16:10.229 | INFO     | DAHNet_train:train:189 - [iter:10/50][code_length:64][mAP:0.89751][mAP_all:0.87835][best_mAP:0.89751]
2024-09-21 19:16:10.230 | INFO     | DAHNet_train:train:190 - [iter:10/50][code_length:64][zs_mAP:0.46906][zs_mAP_all:0.28507]
2024-09-21 19:18:09.307 | INFO     | DAHNet_train:train:103 - [epoch:1/1][cnn_loss:4.709949][hash_loss:4.610653][quan_loss:0.099295][cls_loss:4.371746]
2024-09-21 19:18:09.317 | INFO     | DAHNet_train:train:111 - [iter:11/50][iter_time:119.09]
2024-09-21 19:20:07.013 | INFO     | DAHNet_train:train:103 - [epoch:1/1][cnn_loss:4.645839][hash_loss:4.547701][quan_loss:0.098138][cls_loss:4.372985]
2024-09-21 19:20:07.022 | INFO     | DAHNet_train:train:111 - [iter:12/50][iter_time:117.70]
2024-09-21 19:22:06.064 | INFO     | DAHNet_train:train:103 - [epoch:1/1][cnn_loss:4.563649][hash_loss:4.467047][quan_loss:0.096602][cls_loss:4.369045]
2024-09-21 19:22:06.073 | INFO     | DAHNet_train:train:111 - [iter:13/50][iter_time:119.05]
2024-09-21 19:24:04.239 | INFO     | DAHNet_train:train:103 - [epoch:1/1][cnn_loss:4.501290][hash_loss:4.405674][quan_loss:0.095617][cls_loss:4.368167]
2024-09-21 19:24:04.248 | INFO     | DAHNet_train:train:111 - [iter:14/50][iter_time:118.18]
2024-09-21 19:26:04.515 | INFO     | DAHNet_train:train:103 - [epoch:1/1][cnn_loss:4.445685][hash_loss:4.351017][quan_loss:0.094668][cls_loss:4.370330]
2024-09-21 19:26:04.523 | INFO     | DAHNet_train:train:111 - [iter:15/50][iter_time:120.28]
2024-09-21 19:33:45.665 | INFO     | DAHNet_train:train:189 - [iter:15/50][code_length:64][mAP:0.89861][mAP_all:0.87588][best_mAP:0.89861]
2024-09-21 19:33:45.666 | INFO     | DAHNet_train:train:190 - [iter:15/50][code_length:64][zs_mAP:0.43557][zs_mAP_all:0.25666]
2024-09-21 19:35:44.750 | INFO     | DAHNet_train:train:103 - [epoch:1/1][cnn_loss:4.381848][hash_loss:4.288404][quan_loss:0.093445][cls_loss:4.368854]
2024-09-21 19:35:44.759 | INFO     | DAHNet_train:train:111 - [iter:16/50][iter_time:119.09]
2024-09-21 19:37:42.989 | INFO     | DAHNet_train:train:103 - [epoch:1/1][cnn_loss:4.301856][hash_loss:4.209967][quan_loss:0.091889][cls_loss:4.366958]
2024-09-21 19:37:42.997 | INFO     | DAHNet_train:train:111 - [iter:17/50][iter_time:118.24]
2024-09-21 19:39:41.278 | INFO     | DAHNet_train:train:103 - [epoch:1/1][cnn_loss:4.326017][hash_loss:4.233153][quan_loss:0.092864][cls_loss:4.366823]
2024-09-21 19:39:41.287 | INFO     | DAHNet_train:train:111 - [iter:18/50][iter_time:118.29]
2024-09-21 19:41:41.502 | INFO     | DAHNet_train:train:103 - [epoch:1/1][cnn_loss:4.253560][hash_loss:4.162286][quan_loss:0.091274][cls_loss:4.365296]
2024-09-21 19:41:41.510 | INFO     | DAHNet_train:train:111 - [iter:19/50][iter_time:120.22]
2024-09-21 19:43:38.805 | INFO     | DAHNet_train:train:103 - [epoch:1/1][cnn_loss:4.227193][hash_loss:4.136387][quan_loss:0.090806][cls_loss:4.365537]
2024-09-21 19:43:38.815 | INFO     | DAHNet_train:train:111 - [iter:20/50][iter_time:117.30]
2024-09-21 19:51:24.966 | INFO     | DAHNet_train:train:189 - [iter:20/50][code_length:64][mAP:0.89713][mAP_all:0.87389][best_mAP:0.89861]
2024-09-21 19:51:24.966 | INFO     | DAHNet_train:train:190 - [iter:20/50][code_length:64][zs_mAP:0.42269][zs_mAP_all:0.24628]
2024-09-21 19:53:25.382 | INFO     | DAHNet_train:train:103 - [epoch:1/1][cnn_loss:4.183307][hash_loss:4.093381][quan_loss:0.089926][cls_loss:4.365134]
2024-09-21 19:53:25.392 | INFO     | DAHNet_train:train:111 - [iter:21/50][iter_time:120.43]
2024-09-21 19:55:23.723 | INFO     | DAHNet_train:train:103 - [epoch:1/1][cnn_loss:4.153695][hash_loss:4.064514][quan_loss:0.089181][cls_loss:4.361703]
2024-09-21 19:55:23.732 | INFO     | DAHNet_train:train:111 - [iter:22/50][iter_time:118.34]
2024-09-21 19:57:22.743 | INFO     | DAHNet_train:train:103 - [epoch:1/1][cnn_loss:4.134106][hash_loss:4.045176][quan_loss:0.088930][cls_loss:4.362423]
2024-09-21 19:57:22.751 | INFO     | DAHNet_train:train:111 - [iter:23/50][iter_time:119.02]
2024-09-21 19:59:21.625 | INFO     | DAHNet_train:train:103 - [epoch:1/1][cnn_loss:4.086197][hash_loss:3.998214][quan_loss:0.087983][cls_loss:4.363161]
2024-09-21 19:59:21.635 | INFO     | DAHNet_train:train:111 - [iter:24/50][iter_time:118.88]
2024-09-21 20:01:20.489 | INFO     | DAHNet_train:train:103 - [epoch:1/1][cnn_loss:4.081755][hash_loss:3.993971][quan_loss:0.087784][cls_loss:4.361627]
2024-09-21 20:01:20.497 | INFO     | DAHNet_train:train:111 - [iter:25/50][iter_time:118.86]
2024-09-21 20:09:07.180 | INFO     | DAHNet_train:train:189 - [iter:25/50][code_length:64][mAP:0.89315][mAP_all:0.86812][best_mAP:0.89861]
2024-09-21 20:09:07.180 | INFO     | DAHNet_train:train:190 - [iter:25/50][code_length:64][zs_mAP:0.38409][zs_mAP_all:0.22043]
2024-09-21 20:11:04.417 | INFO     | DAHNet_train:train:103 - [epoch:1/1][cnn_loss:4.039074][hash_loss:3.952011][quan_loss:0.087063][cls_loss:4.360941]
2024-09-21 20:11:04.426 | INFO     | DAHNet_train:train:111 - [iter:26/50][iter_time:117.25]
2024-09-21 20:13:03.209 | INFO     | DAHNet_train:train:103 - [epoch:1/1][cnn_loss:4.055606][hash_loss:3.968002][quan_loss:0.087604][cls_loss:4.359454]
2024-09-21 20:13:03.218 | INFO     | DAHNet_train:train:111 - [iter:27/50][iter_time:118.79]
2024-09-21 20:15:01.561 | INFO     | DAHNet_train:train:103 - [epoch:1/1][cnn_loss:4.012352][hash_loss:3.925795][quan_loss:0.086557][cls_loss:4.356941]
2024-09-21 20:15:01.569 | INFO     | DAHNet_train:train:111 - [iter:28/50][iter_time:118.35]
2024-09-21 20:17:00.952 | INFO     | DAHNet_train:train:103 - [epoch:1/1][cnn_loss:3.950505][hash_loss:3.865208][quan_loss:0.085297][cls_loss:4.357377]
2024-09-21 20:17:00.961 | INFO     | DAHNet_train:train:111 - [iter:29/50][iter_time:119.39]
2024-09-21 20:18:59.293 | INFO     | DAHNet_train:train:103 - [epoch:1/1][cnn_loss:3.950456][hash_loss:3.865235][quan_loss:0.085222][cls_loss:4.355131]
2024-09-21 20:18:59.303 | INFO     | DAHNet_train:train:111 - [iter:30/50][iter_time:118.34]
2024-09-21 20:26:41.935 | INFO     | DAHNet_train:train:189 - [iter:30/50][code_length:64][mAP:0.89089][mAP_all:0.86549][best_mAP:0.89861]
2024-09-21 20:26:41.935 | INFO     | DAHNet_train:train:190 - [iter:30/50][code_length:64][zs_mAP:0.36653][zs_mAP_all:0.19584]
2024-09-21 20:28:40.927 | INFO     | DAHNet_train:train:103 - [epoch:1/1][cnn_loss:3.943268][hash_loss:3.857995][quan_loss:0.085274][cls_loss:4.354077]
2024-09-21 20:28:40.935 | INFO     | DAHNet_train:train:111 - [iter:31/50][iter_time:119.00]
2024-09-21 20:30:38.440 | INFO     | DAHNet_train:train:103 - [epoch:1/1][cnn_loss:3.888081][hash_loss:3.803942][quan_loss:0.084139][cls_loss:4.354710]
2024-09-21 20:30:38.448 | INFO     | DAHNet_train:train:111 - [iter:32/50][iter_time:117.51]
2024-09-21 20:32:36.103 | INFO     | DAHNet_train:train:103 - [epoch:1/1][cnn_loss:3.888468][hash_loss:3.804201][quan_loss:0.084267][cls_loss:4.354674]
2024-09-21 20:32:36.111 | INFO     | DAHNet_train:train:111 - [iter:33/50][iter_time:117.66]
2024-09-21 20:34:33.820 | INFO     | DAHNet_train:train:103 - [epoch:1/1][cnn_loss:3.854064][hash_loss:3.770655][quan_loss:0.083408][cls_loss:4.353776]
2024-09-21 20:34:33.829 | INFO     | DAHNet_train:train:111 - [iter:34/50][iter_time:117.72]
2024-09-21 20:36:33.249 | INFO     | DAHNet_train:train:103 - [epoch:1/1][cnn_loss:3.887329][hash_loss:3.803068][quan_loss:0.084261][cls_loss:4.352190]
2024-09-21 20:36:33.259 | INFO     | DAHNet_train:train:111 - [iter:35/50][iter_time:119.43]
2024-09-21 20:44:34.351 | INFO     | DAHNet_train:train:189 - [iter:35/50][code_length:64][mAP:0.88663][mAP_all:0.85961][best_mAP:0.89861]
2024-09-21 20:44:34.352 | INFO     | DAHNet_train:train:190 - [iter:35/50][code_length:64][zs_mAP:0.34782][zs_mAP_all:0.18556]
2024-09-21 20:46:33.888 | INFO     | DAHNet_train:train:103 - [epoch:1/1][cnn_loss:3.862765][hash_loss:3.778979][quan_loss:0.083786][cls_loss:4.352959]
2024-09-21 20:46:33.897 | INFO     | DAHNet_train:train:111 - [iter:36/50][iter_time:119.54]
2024-09-21 20:48:31.492 | INFO     | DAHNet_train:train:103 - [epoch:1/1][cnn_loss:3.816587][hash_loss:3.733773][quan_loss:0.082814][cls_loss:4.351817]
2024-09-21 20:48:31.500 | INFO     | DAHNet_train:train:111 - [iter:37/50][iter_time:117.60]
2024-09-21 20:50:31.764 | INFO     | DAHNet_train:train:103 - [epoch:1/1][cnn_loss:3.800094][hash_loss:3.717484][quan_loss:0.082610][cls_loss:4.350832]
2024-09-21 20:50:31.772 | INFO     | DAHNet_train:train:111 - [iter:38/50][iter_time:120.27]
2024-09-21 20:52:30.990 | INFO     | DAHNet_train:train:103 - [epoch:1/1][cnn_loss:3.760869][hash_loss:3.679399][quan_loss:0.081469][cls_loss:4.349097]
2024-09-21 20:52:31.000 | INFO     | DAHNet_train:train:111 - [iter:39/50][iter_time:119.23]
2024-09-21 20:54:27.762 | INFO     | DAHNet_train:train:103 - [epoch:1/1][cnn_loss:3.773860][hash_loss:3.691831][quan_loss:0.082030][cls_loss:4.348709]
2024-09-21 20:54:27.770 | INFO     | DAHNet_train:train:111 - [iter:40/50][iter_time:116.77]
2024-09-21 21:02:29.163 | INFO     | DAHNet_train:train:189 - [iter:40/50][code_length:64][mAP:0.87953][mAP_all:0.85245][best_mAP:0.89861]
2024-09-21 21:02:29.163 | INFO     | DAHNet_train:train:190 - [iter:40/50][code_length:64][zs_mAP:0.34030][zs_mAP_all:0.17962]
2024-09-21 21:04:28.344 | INFO     | DAHNet_train:train:103 - [epoch:1/1][cnn_loss:3.843236][hash_loss:3.759514][quan_loss:0.083722][cls_loss:4.347034]
2024-09-21 21:04:28.355 | INFO     | DAHNet_train:train:111 - [iter:41/50][iter_time:119.19]
2024-09-21 21:06:25.910 | INFO     | DAHNet_train:train:103 - [epoch:1/1][cnn_loss:3.754734][hash_loss:3.673165][quan_loss:0.081569][cls_loss:4.348046]
2024-09-21 21:06:25.919 | INFO     | DAHNet_train:train:111 - [iter:42/50][iter_time:117.56]
2024-09-21 21:08:24.637 | INFO     | DAHNet_train:train:103 - [epoch:1/1][cnn_loss:3.764630][hash_loss:3.682774][quan_loss:0.081856][cls_loss:4.348261]
2024-09-21 21:08:24.646 | INFO     | DAHNet_train:train:111 - [iter:43/50][iter_time:118.73]
2024-09-21 21:10:23.077 | INFO     | DAHNet_train:train:103 - [epoch:1/1][cnn_loss:3.763303][hash_loss:3.681494][quan_loss:0.081809][cls_loss:4.347659]
2024-09-21 21:10:23.086 | INFO     | DAHNet_train:train:111 - [iter:44/50][iter_time:118.44]
2024-09-21 21:12:22.093 | INFO     | DAHNet_train:train:103 - [epoch:1/1][cnn_loss:3.719180][hash_loss:3.638313][quan_loss:0.080867][cls_loss:4.346628]
2024-09-21 21:12:22.101 | INFO     | DAHNet_train:train:111 - [iter:45/50][iter_time:119.02]
2024-09-21 21:20:08.670 | INFO     | DAHNet_train:train:189 - [iter:45/50][code_length:64][mAP:0.88274][mAP_all:0.85516][best_mAP:0.89861]
2024-09-21 21:20:08.670 | INFO     | DAHNet_train:train:190 - [iter:45/50][code_length:64][zs_mAP:0.34401][zs_mAP_all:0.18493]
2024-09-21 21:22:09.218 | INFO     | DAHNet_train:train:103 - [epoch:1/1][cnn_loss:3.621513][hash_loss:3.542623][quan_loss:0.078890][cls_loss:4.345943]
2024-09-21 21:22:09.227 | INFO     | DAHNet_train:train:111 - [iter:46/50][iter_time:120.56]
2024-09-21 21:30:14.334 | INFO     | DAHNet_train:train:189 - [iter:46/50][code_length:64][mAP:0.88789][mAP_all:0.86147][best_mAP:0.89861]
2024-09-21 21:30:14.335 | INFO     | DAHNet_train:train:190 - [iter:46/50][code_length:64][zs_mAP:0.34065][zs_mAP_all:0.18201]
2024-09-21 21:32:11.273 | INFO     | DAHNet_train:train:103 - [epoch:1/1][cnn_loss:3.590872][hash_loss:3.512950][quan_loss:0.077922][cls_loss:4.345569]
2024-09-21 21:32:11.282 | INFO     | DAHNet_train:train:111 - [iter:47/50][iter_time:116.95]
2024-09-21 21:39:51.079 | INFO     | DAHNet_train:train:189 - [iter:47/50][code_length:64][mAP:0.89197][mAP_all:0.86380][best_mAP:0.89861]
2024-09-21 21:39:51.079 | INFO     | DAHNet_train:train:190 - [iter:47/50][code_length:64][zs_mAP:0.35111][zs_mAP_all:0.18381]
2024-09-21 21:41:49.561 | INFO     | DAHNet_train:train:103 - [epoch:1/1][cnn_loss:3.595989][hash_loss:3.517773][quan_loss:0.078216][cls_loss:4.346100]
2024-09-21 21:41:49.570 | INFO     | DAHNet_train:train:111 - [iter:48/50][iter_time:118.49]
2024-09-21 21:49:45.314 | INFO     | DAHNet_train:train:189 - [iter:48/50][code_length:64][mAP:0.88771][mAP_all:0.86034][best_mAP:0.89861]
2024-09-21 21:49:45.315 | INFO     | DAHNet_train:train:190 - [iter:48/50][code_length:64][zs_mAP:0.34865][zs_mAP_all:0.18408]
2024-09-21 21:51:44.669 | INFO     | DAHNet_train:train:103 - [epoch:1/1][cnn_loss:3.539744][hash_loss:3.462938][quan_loss:0.076806][cls_loss:4.345914]
2024-09-21 21:51:44.678 | INFO     | DAHNet_train:train:111 - [iter:49/50][iter_time:119.36]
2024-09-21 21:59:28.975 | INFO     | DAHNet_train:train:189 - [iter:49/50][code_length:64][mAP:0.89025][mAP_all:0.86333][best_mAP:0.89861]
2024-09-21 21:59:28.976 | INFO     | DAHNet_train:train:190 - [iter:49/50][code_length:64][zs_mAP:0.34850][zs_mAP_all:0.19313]
2024-09-21 22:01:31.767 | INFO     | DAHNet_train:train:103 - [epoch:1/1][cnn_loss:3.545745][hash_loss:3.468786][quan_loss:0.076958][cls_loss:4.346441]
2024-09-21 22:01:31.777 | INFO     | DAHNet_train:train:111 - [iter:50/50][iter_time:122.80]
2024-09-21 22:09:23.331 | INFO     | DAHNet_train:train:189 - [iter:50/50][code_length:64][mAP:0.89044][mAP_all:0.86302][best_mAP:0.89861]
2024-09-21 22:09:23.332 | INFO     | DAHNet_train:train:190 - [iter:50/50][code_length:64][zs_mAP:0.34021][zs_mAP_all:0.18617]
2024-09-21 22:09:23.332 | INFO     | DAHNet_train:train:192 - [Training time:12528.69]
2024-09-21 22:09:23.342 | INFO     | __main__:run:138 - [code_length:64][map:0.8986][map_all:0.8759][zs_map:0.4356][zs_map_all:0.2567]
