2024-09-25 20:17:22.837 | SUCCESS  | __main__:run:55 - Namespace(ZS=15, align_step=50, arch='dah', batch_size=16, cauchy_gamma=20.0, code_length=[16, 32, 64], data='coco', dataset='cocozs', device=device(type='cuda', index=1), epoch_change=11, flag='dah', gamma=200, gpu=1, info='cocozs-53-27-dah-09-25-16,32,64-wocls', lambd=0.1, lambd_ch=0.1, lambd_sp=0.1, lr=0.00025, lr_step=[45], margin=0.1, max_epoch=3, max_iter=50, momen=0.91, nesterov=False, net='ResNet', num_classes=27, num_query=1000, num_samples=2000, num_workers=2, num_zs=53, optim='SGD', pretrain=True, quan_loss=False, root='/4T/dataset/coco', save_ckpt='checkpoints/', topk=5000, val_freq=5, wd=0.0001)
2024-09-25 20:18:31.052 | INFO     | DAHNet_train:train:115 - [epoch:1/3][cnn_loss:30.228660][hash_loss:30.181626][quan_loss:0.047034][cls_loss:5.664176]
2024-09-25 20:19:20.522 | INFO     | DAHNet_train:train:115 - [epoch:2/3][cnn_loss:30.108056][hash_loss:30.061549][quan_loss:0.046507][cls_loss:5.660991]
2024-09-25 20:20:09.080 | INFO     | DAHNet_train:train:115 - [epoch:3/3][cnn_loss:30.074729][hash_loss:30.028346][quan_loss:0.046382][cls_loss:5.664995]
2024-09-25 20:20:09.102 | INFO     | DAHNet_train:train:123 - [iter:1/50][iter_time:150.89]
2024-09-25 20:21:02.555 | INFO     | DAHNet_train:train:115 - [epoch:1/3][cnn_loss:24.871686][hash_loss:24.826747][quan_loss:0.044939][cls_loss:5.729986]
2024-09-25 20:21:54.153 | INFO     | DAHNet_train:train:115 - [epoch:2/3][cnn_loss:23.391636][hash_loss:23.347630][quan_loss:0.044007][cls_loss:5.737244]
2024-09-25 20:22:48.175 | INFO     | DAHNet_train:train:115 - [epoch:3/3][cnn_loss:22.813806][hash_loss:22.769971][quan_loss:0.043835][cls_loss:5.739321]
2024-09-25 20:22:48.195 | INFO     | DAHNet_train:train:123 - [iter:2/50][iter_time:159.09]
2024-09-25 20:23:42.772 | INFO     | DAHNet_train:train:115 - [epoch:1/3][cnn_loss:22.353161][hash_loss:22.307037][quan_loss:0.046123][cls_loss:5.630832]
2024-09-25 20:24:30.949 | INFO     | DAHNet_train:train:115 - [epoch:2/3][cnn_loss:21.539456][hash_loss:21.494349][quan_loss:0.045107][cls_loss:5.629326]
2024-09-25 20:25:22.325 | INFO     | DAHNet_train:train:115 - [epoch:3/3][cnn_loss:20.875317][hash_loss:20.831685][quan_loss:0.043631][cls_loss:5.632872]
2024-09-25 20:25:22.342 | INFO     | DAHNet_train:train:123 - [iter:3/50][iter_time:154.15]
2024-09-25 20:26:16.220 | INFO     | DAHNet_train:train:115 - [epoch:1/3][cnn_loss:22.008543][hash_loss:21.961860][quan_loss:0.046682][cls_loss:5.630948]
2024-09-25 20:27:05.275 | INFO     | DAHNet_train:train:115 - [epoch:2/3][cnn_loss:21.221570][hash_loss:21.176335][quan_loss:0.045235][cls_loss:5.636502]
2024-09-25 20:27:58.008 | INFO     | DAHNet_train:train:115 - [epoch:3/3][cnn_loss:20.758209][hash_loss:20.713904][quan_loss:0.044305][cls_loss:5.637798]
2024-09-25 20:27:58.030 | INFO     | DAHNet_train:train:123 - [iter:4/50][iter_time:155.69]
2024-09-25 20:28:54.377 | INFO     | DAHNet_train:train:115 - [epoch:1/3][cnn_loss:21.765216][hash_loss:21.719675][quan_loss:0.045541][cls_loss:5.789661]
2024-09-25 20:29:46.374 | INFO     | DAHNet_train:train:115 - [epoch:2/3][cnn_loss:21.186388][hash_loss:21.141682][quan_loss:0.044707][cls_loss:5.796117]
2024-09-25 20:30:36.298 | INFO     | DAHNet_train:train:115 - [epoch:3/3][cnn_loss:20.752540][hash_loss:20.708850][quan_loss:0.043691][cls_loss:5.798907]
2024-09-25 20:30:36.325 | INFO     | DAHNet_train:train:123 - [iter:5/50][iter_time:158.29]
2024-09-25 20:35:20.650 | INFO     | DAHNet_train:train:199 - [iter:5/50][code_length:16][mAP:0.69391][mAP_all:0.66243][best_mAP:0.69391]
2024-09-25 20:35:20.651 | INFO     | DAHNet_train:train:200 - [iter:5/50][code_length:16][zs_mAP:0.43207][zs_mAP_all:0.45245]
2024-09-25 20:36:14.243 | INFO     | DAHNet_train:train:115 - [epoch:1/3][cnn_loss:22.037708][hash_loss:21.991665][quan_loss:0.046043][cls_loss:5.640897]
2024-09-25 20:37:02.594 | INFO     | DAHNet_train:train:115 - [epoch:2/3][cnn_loss:21.260428][hash_loss:21.215548][quan_loss:0.044879][cls_loss:5.643552]
2024-09-25 20:37:52.153 | INFO     | DAHNet_train:train:115 - [epoch:3/3][cnn_loss:20.486725][hash_loss:20.443068][quan_loss:0.043656][cls_loss:5.644438]
2024-09-25 20:37:52.176 | INFO     | DAHNet_train:train:123 - [iter:6/50][iter_time:151.52]
2024-09-25 20:38:40.369 | INFO     | DAHNet_train:train:115 - [epoch:1/3][cnn_loss:21.771741][hash_loss:21.725403][quan_loss:0.046338][cls_loss:5.705357]
2024-09-25 20:39:34.187 | INFO     | DAHNet_train:train:115 - [epoch:2/3][cnn_loss:21.156688][hash_loss:21.111722][quan_loss:0.044966][cls_loss:5.707571]
2024-09-25 20:40:27.988 | INFO     | DAHNet_train:train:115 - [epoch:3/3][cnn_loss:20.391720][hash_loss:20.348829][quan_loss:0.042892][cls_loss:5.710393]
2024-09-25 20:40:28.015 | INFO     | DAHNet_train:train:123 - [iter:7/50][iter_time:155.84]
2024-09-25 20:41:21.515 | INFO     | DAHNet_train:train:115 - [epoch:1/3][cnn_loss:21.265788][hash_loss:21.220101][quan_loss:0.045687][cls_loss:5.622923]
2024-09-25 20:42:10.908 | INFO     | DAHNet_train:train:115 - [epoch:2/3][cnn_loss:20.743430][hash_loss:20.698763][quan_loss:0.044667][cls_loss:5.631881]
2024-09-25 20:42:58.810 | INFO     | DAHNet_train:train:115 - [epoch:3/3][cnn_loss:20.461443][hash_loss:20.417563][quan_loss:0.043880][cls_loss:5.637651]
2024-09-25 20:42:58.837 | INFO     | DAHNet_train:train:123 - [iter:8/50][iter_time:150.82]
2024-09-25 20:43:49.448 | INFO     | DAHNet_train:train:115 - [epoch:1/3][cnn_loss:21.023255][hash_loss:20.977796][quan_loss:0.045458][cls_loss:5.625186]
2024-09-25 20:44:39.170 | INFO     | DAHNet_train:train:115 - [epoch:2/3][cnn_loss:20.274765][hash_loss:20.231043][quan_loss:0.043722][cls_loss:5.622876]
2024-09-25 20:45:32.595 | INFO     | DAHNet_train:train:115 - [epoch:3/3][cnn_loss:20.064162][hash_loss:20.020662][quan_loss:0.043500][cls_loss:5.624180]
2024-09-25 20:45:32.620 | INFO     | DAHNet_train:train:123 - [iter:9/50][iter_time:153.78]
2024-09-25 20:46:28.918 | INFO     | DAHNet_train:train:115 - [epoch:1/3][cnn_loss:21.038854][hash_loss:20.994876][quan_loss:0.043978][cls_loss:5.701187]
2024-09-25 20:47:19.770 | INFO     | DAHNet_train:train:115 - [epoch:2/3][cnn_loss:20.216812][hash_loss:20.173957][quan_loss:0.042855][cls_loss:5.700621]
2024-09-25 20:48:08.509 | INFO     | DAHNet_train:train:115 - [epoch:3/3][cnn_loss:20.120749][hash_loss:20.078021][quan_loss:0.042727][cls_loss:5.712692]
2024-09-25 20:48:08.527 | INFO     | DAHNet_train:train:123 - [iter:10/50][iter_time:155.91]
2024-09-25 20:52:44.614 | INFO     | DAHNet_train:train:199 - [iter:10/50][code_length:16][mAP:0.70487][mAP_all:0.69637][best_mAP:0.70487]
2024-09-25 20:52:44.615 | INFO     | DAHNet_train:train:200 - [iter:10/50][code_length:16][zs_mAP:0.46286][zs_mAP_all:0.46417]
2024-09-25 20:53:34.289 | INFO     | DAHNet_train:train:115 - [epoch:1/3][cnn_loss:21.604533][hash_loss:21.559762][quan_loss:0.044771][cls_loss:5.856108]
2024-09-25 20:54:26.205 | INFO     | DAHNet_train:train:115 - [epoch:2/3][cnn_loss:20.857013][hash_loss:20.814094][quan_loss:0.042919][cls_loss:5.856619]
2024-09-25 20:55:14.974 | INFO     | DAHNet_train:train:115 - [epoch:3/3][cnn_loss:20.493509][hash_loss:20.451257][quan_loss:0.042253][cls_loss:5.866866]
2024-09-25 20:55:15.000 | INFO     | DAHNet_train:train:123 - [iter:11/50][iter_time:150.38]
2024-09-25 20:56:04.810 | INFO     | DAHNet_train:train:115 - [epoch:1/3][cnn_loss:20.811680][hash_loss:20.767398][quan_loss:0.044283][cls_loss:5.727245]
2024-09-25 20:56:57.563 | INFO     | DAHNet_train:train:115 - [epoch:2/3][cnn_loss:20.072430][hash_loss:20.030211][quan_loss:0.042219][cls_loss:5.721844]
2024-09-25 20:57:52.994 | INFO     | DAHNet_train:train:115 - [epoch:3/3][cnn_loss:19.842349][hash_loss:19.800344][quan_loss:0.042005][cls_loss:5.734443]
2024-09-25 20:57:53.013 | INFO     | DAHNet_train:train:123 - [iter:12/50][iter_time:158.01]
2024-09-25 20:58:46.259 | INFO     | DAHNet_train:train:115 - [epoch:1/3][cnn_loss:21.513997][hash_loss:21.468512][quan_loss:0.045485][cls_loss:5.716603]
2024-09-25 20:59:36.254 | INFO     | DAHNet_train:train:115 - [epoch:2/3][cnn_loss:20.561063][hash_loss:20.517514][quan_loss:0.043548][cls_loss:5.725141]
2024-09-25 21:00:25.551 | INFO     | DAHNet_train:train:115 - [epoch:3/3][cnn_loss:20.292510][hash_loss:20.249865][quan_loss:0.042645][cls_loss:5.734781]
2024-09-25 21:00:25.577 | INFO     | DAHNet_train:train:123 - [iter:13/50][iter_time:152.56]
2024-09-25 21:01:16.800 | INFO     | DAHNet_train:train:115 - [epoch:1/3][cnn_loss:20.956551][hash_loss:20.912447][quan_loss:0.044104][cls_loss:5.752264]
2024-09-25 21:02:03.474 | INFO     | DAHNet_train:train:115 - [epoch:2/3][cnn_loss:20.422260][hash_loss:20.379385][quan_loss:0.042875][cls_loss:5.754917]
2024-09-25 21:02:55.569 | INFO     | DAHNet_train:train:115 - [epoch:3/3][cnn_loss:19.707447][hash_loss:19.665606][quan_loss:0.041841][cls_loss:5.743516]
2024-09-25 21:02:55.596 | INFO     | DAHNet_train:train:123 - [iter:14/50][iter_time:150.02]
2024-09-25 21:03:50.754 | INFO     | DAHNet_train:train:115 - [epoch:1/3][cnn_loss:20.634183][hash_loss:20.589964][quan_loss:0.044219][cls_loss:5.643945]
2024-09-25 21:04:40.759 | INFO     | DAHNet_train:train:115 - [epoch:2/3][cnn_loss:20.010007][hash_loss:19.966879][quan_loss:0.043127][cls_loss:5.647551]
2024-09-25 21:05:31.333 | INFO     | DAHNet_train:train:115 - [epoch:3/3][cnn_loss:19.837131][hash_loss:19.794713][quan_loss:0.042418][cls_loss:5.640477]
2024-09-25 21:05:31.351 | INFO     | DAHNet_train:train:123 - [iter:15/50][iter_time:155.75]
2024-09-25 21:10:12.634 | INFO     | DAHNet_train:train:199 - [iter:15/50][code_length:16][mAP:0.70880][mAP_all:0.70218][best_mAP:0.70880]
2024-09-25 21:10:12.636 | INFO     | DAHNet_train:train:200 - [iter:15/50][code_length:16][zs_mAP:0.44662][zs_mAP_all:0.46335]
2024-09-25 21:11:05.456 | INFO     | DAHNet_train:train:115 - [epoch:1/3][cnn_loss:21.416221][hash_loss:21.371309][quan_loss:0.044913][cls_loss:5.670678]
2024-09-25 21:11:57.155 | INFO     | DAHNet_train:train:115 - [epoch:2/3][cnn_loss:20.547902][hash_loss:20.504735][quan_loss:0.043167][cls_loss:5.663486]
2024-09-25 21:12:48.645 | INFO     | DAHNet_train:train:115 - [epoch:3/3][cnn_loss:19.863642][hash_loss:19.821630][quan_loss:0.042012][cls_loss:5.668126]
2024-09-25 21:12:48.667 | INFO     | DAHNet_train:train:123 - [iter:16/50][iter_time:156.03]
2024-09-25 21:13:37.861 | INFO     | DAHNet_train:train:115 - [epoch:1/3][cnn_loss:21.121815][hash_loss:21.077091][quan_loss:0.044723][cls_loss:5.764717]
2024-09-25 21:14:29.418 | INFO     | DAHNet_train:train:115 - [epoch:2/3][cnn_loss:20.257859][hash_loss:20.215282][quan_loss:0.042576][cls_loss:5.765566]
2024-09-25 21:15:24.174 | INFO     | DAHNet_train:train:115 - [epoch:3/3][cnn_loss:19.789405][hash_loss:19.747404][quan_loss:0.042001][cls_loss:5.770766]
2024-09-25 21:15:24.187 | INFO     | DAHNet_train:train:123 - [iter:17/50][iter_time:155.52]
2024-09-25 21:16:17.669 | INFO     | DAHNet_train:train:115 - [epoch:1/3][cnn_loss:20.246243][hash_loss:20.202113][quan_loss:0.044130][cls_loss:5.645786]
2024-09-25 21:17:08.623 | INFO     | DAHNet_train:train:115 - [epoch:2/3][cnn_loss:19.618611][hash_loss:19.576208][quan_loss:0.042403][cls_loss:5.638419]
2024-09-25 21:17:58.943 | INFO     | DAHNet_train:train:115 - [epoch:3/3][cnn_loss:19.116054][hash_loss:19.074133][quan_loss:0.041921][cls_loss:5.641390]
2024-09-25 21:17:58.961 | INFO     | DAHNet_train:train:123 - [iter:18/50][iter_time:154.77]
2024-09-25 21:18:50.663 | INFO     | DAHNet_train:train:115 - [epoch:1/3][cnn_loss:20.734142][hash_loss:20.690415][quan_loss:0.043727][cls_loss:5.622048]
2024-09-25 21:19:37.802 | INFO     | DAHNet_train:train:115 - [epoch:2/3][cnn_loss:19.950743][hash_loss:19.907878][quan_loss:0.042864][cls_loss:5.626137]
2024-09-25 21:20:30.741 | INFO     | DAHNet_train:train:115 - [epoch:3/3][cnn_loss:19.466367][hash_loss:19.424754][quan_loss:0.041612][cls_loss:5.628901]
2024-09-25 21:20:30.767 | INFO     | DAHNet_train:train:123 - [iter:19/50][iter_time:151.81]
2024-09-25 21:21:27.530 | INFO     | DAHNet_train:train:115 - [epoch:1/3][cnn_loss:20.710255][hash_loss:20.665987][quan_loss:0.044268][cls_loss:5.654837]
2024-09-25 21:22:17.236 | INFO     | DAHNet_train:train:115 - [epoch:2/3][cnn_loss:20.168323][hash_loss:20.125058][quan_loss:0.043265][cls_loss:5.652545]
2024-09-25 21:23:06.598 | INFO     | DAHNet_train:train:115 - [epoch:3/3][cnn_loss:19.807700][hash_loss:19.765272][quan_loss:0.042428][cls_loss:5.644519]
2024-09-25 21:23:06.612 | INFO     | DAHNet_train:train:123 - [iter:20/50][iter_time:155.84]
2024-09-25 21:27:47.001 | INFO     | DAHNet_train:train:199 - [iter:20/50][code_length:16][mAP:0.72671][mAP_all:0.68032][best_mAP:0.72671]
2024-09-25 21:27:47.002 | INFO     | DAHNet_train:train:200 - [iter:20/50][code_length:16][zs_mAP:0.43680][zs_mAP_all:0.46910]
2024-09-25 21:28:38.630 | INFO     | DAHNet_train:train:115 - [epoch:1/3][cnn_loss:20.557925][hash_loss:20.515329][quan_loss:0.042596][cls_loss:5.680293]
2024-09-25 21:29:28.719 | INFO     | DAHNet_train:train:115 - [epoch:2/3][cnn_loss:20.056796][hash_loss:20.015044][quan_loss:0.041751][cls_loss:5.691595]
2024-09-25 21:30:19.757 | INFO     | DAHNet_train:train:115 - [epoch:3/3][cnn_loss:19.430384][hash_loss:19.389870][quan_loss:0.040514][cls_loss:5.682413]
2024-09-25 21:30:19.768 | INFO     | DAHNet_train:train:123 - [iter:21/50][iter_time:152.76]
2024-09-25 21:31:07.752 | INFO     | DAHNet_train:train:115 - [epoch:1/3][cnn_loss:20.465748][hash_loss:20.422532][quan_loss:0.043216][cls_loss:5.650565]
2024-09-25 21:32:01.062 | INFO     | DAHNet_train:train:115 - [epoch:2/3][cnn_loss:20.143706][hash_loss:20.101479][quan_loss:0.042227][cls_loss:5.652808]
2024-09-25 21:32:56.994 | INFO     | DAHNet_train:train:115 - [epoch:3/3][cnn_loss:19.192187][hash_loss:19.151205][quan_loss:0.040982][cls_loss:5.664447]
2024-09-25 21:32:57.016 | INFO     | DAHNet_train:train:123 - [iter:22/50][iter_time:157.25]
2024-09-25 21:33:48.612 | INFO     | DAHNet_train:train:115 - [epoch:1/3][cnn_loss:21.244595][hash_loss:21.201505][quan_loss:0.043090][cls_loss:5.886018]
2024-09-25 21:34:37.785 | INFO     | DAHNet_train:train:115 - [epoch:2/3][cnn_loss:20.721531][hash_loss:20.679616][quan_loss:0.041915][cls_loss:5.876650]
2024-09-25 21:35:27.597 | INFO     | DAHNet_train:train:115 - [epoch:3/3][cnn_loss:20.025215][hash_loss:19.983996][quan_loss:0.041218][cls_loss:5.890405]
2024-09-25 21:35:27.618 | INFO     | DAHNet_train:train:123 - [iter:23/50][iter_time:150.60]
2024-09-25 21:36:19.117 | INFO     | DAHNet_train:train:115 - [epoch:1/3][cnn_loss:21.030899][hash_loss:20.988234][quan_loss:0.042665][cls_loss:5.780858]
2024-09-25 21:37:06.197 | INFO     | DAHNet_train:train:115 - [epoch:2/3][cnn_loss:20.455581][hash_loss:20.413769][quan_loss:0.041812][cls_loss:5.768797]
2024-09-25 21:37:59.997 | INFO     | DAHNet_train:train:115 - [epoch:3/3][cnn_loss:19.896606][hash_loss:19.855894][quan_loss:0.040712][cls_loss:5.785545]
2024-09-25 21:38:00.018 | INFO     | DAHNet_train:train:123 - [iter:24/50][iter_time:152.40]
2024-09-25 21:38:53.151 | INFO     | DAHNet_train:train:115 - [epoch:1/3][cnn_loss:21.109324][hash_loss:21.064911][quan_loss:0.044414][cls_loss:5.653143]
2024-09-25 21:39:42.440 | INFO     | DAHNet_train:train:115 - [epoch:2/3][cnn_loss:20.458743][hash_loss:20.415857][quan_loss:0.042886][cls_loss:5.659565]
2024-09-25 21:40:31.244 | INFO     | DAHNet_train:train:115 - [epoch:3/3][cnn_loss:19.743121][hash_loss:19.701275][quan_loss:0.041846][cls_loss:5.660896]
2024-09-25 21:40:31.266 | INFO     | DAHNet_train:train:123 - [iter:25/50][iter_time:151.25]
2024-09-25 21:45:15.938 | INFO     | DAHNet_train:train:199 - [iter:25/50][code_length:16][mAP:0.71525][mAP_all:0.67996][best_mAP:0.72671]
2024-09-25 21:45:15.939 | INFO     | DAHNet_train:train:200 - [iter:25/50][code_length:16][zs_mAP:0.43064][zs_mAP_all:0.45221]
2024-09-25 21:46:05.525 | INFO     | DAHNet_train:train:115 - [epoch:1/3][cnn_loss:20.559374][hash_loss:20.516707][quan_loss:0.042667][cls_loss:5.772132]
2024-09-25 21:46:54.202 | INFO     | DAHNet_train:train:115 - [epoch:2/3][cnn_loss:19.594848][hash_loss:19.553404][quan_loss:0.041444][cls_loss:5.765984]
2024-09-25 21:47:42.394 | INFO     | DAHNet_train:train:115 - [epoch:3/3][cnn_loss:19.479440][hash_loss:19.438586][quan_loss:0.040853][cls_loss:5.770688]
2024-09-25 21:47:42.415 | INFO     | DAHNet_train:train:123 - [iter:26/50][iter_time:146.48]
2024-09-25 21:48:32.282 | INFO     | DAHNet_train:train:115 - [epoch:1/3][cnn_loss:20.282727][hash_loss:20.240288][quan_loss:0.042440][cls_loss:5.708556]
2024-09-25 21:49:26.772 | INFO     | DAHNet_train:train:115 - [epoch:2/3][cnn_loss:19.709973][hash_loss:19.668775][quan_loss:0.041198][cls_loss:5.710158]
2024-09-25 21:50:22.477 | INFO     | DAHNet_train:train:115 - [epoch:3/3][cnn_loss:18.961071][hash_loss:18.921298][quan_loss:0.039773][cls_loss:5.700678]
2024-09-25 21:50:22.499 | INFO     | DAHNet_train:train:123 - [iter:27/50][iter_time:160.08]
2024-09-25 21:51:14.143 | INFO     | DAHNet_train:train:115 - [epoch:1/3][cnn_loss:19.904789][hash_loss:19.862453][quan_loss:0.042336][cls_loss:5.654189]
2024-09-25 21:52:03.272 | INFO     | DAHNet_train:train:115 - [epoch:2/3][cnn_loss:19.298853][hash_loss:19.257278][quan_loss:0.041575][cls_loss:5.652976]
2024-09-25 21:52:53.663 | INFO     | DAHNet_train:train:115 - [epoch:3/3][cnn_loss:18.931318][hash_loss:18.890524][quan_loss:0.040795][cls_loss:5.645577]
2024-09-25 21:52:53.688 | INFO     | DAHNet_train:train:123 - [iter:28/50][iter_time:151.19]
2024-09-25 21:53:44.847 | INFO     | DAHNet_train:train:115 - [epoch:1/3][cnn_loss:20.852543][hash_loss:20.809202][quan_loss:0.043341][cls_loss:5.774887]
2024-09-25 21:54:35.264 | INFO     | DAHNet_train:train:115 - [epoch:2/3][cnn_loss:20.122017][hash_loss:20.080006][quan_loss:0.042011][cls_loss:5.774167]
2024-09-25 21:55:28.276 | INFO     | DAHNet_train:train:115 - [epoch:3/3][cnn_loss:19.770127][hash_loss:19.728801][quan_loss:0.041327][cls_loss:5.765166]
2024-09-25 21:55:28.288 | INFO     | DAHNet_train:train:123 - [iter:29/50][iter_time:154.60]
2024-09-25 21:56:22.842 | INFO     | DAHNet_train:train:115 - [epoch:1/3][cnn_loss:20.634633][hash_loss:20.591320][quan_loss:0.043313][cls_loss:5.700185]
2024-09-25 21:57:13.143 | INFO     | DAHNet_train:train:115 - [epoch:2/3][cnn_loss:19.951875][hash_loss:19.909615][quan_loss:0.042259][cls_loss:5.690741]
2024-09-25 21:58:02.886 | INFO     | DAHNet_train:train:115 - [epoch:3/3][cnn_loss:19.477094][hash_loss:19.435767][quan_loss:0.041327][cls_loss:5.688188]
2024-09-25 21:58:02.910 | INFO     | DAHNet_train:train:123 - [iter:30/50][iter_time:154.62]
2024-09-25 22:02:46.682 | INFO     | DAHNet_train:train:199 - [iter:30/50][code_length:16][mAP:0.71356][mAP_all:0.73174][best_mAP:0.72671]
2024-09-25 22:02:46.683 | INFO     | DAHNet_train:train:200 - [iter:30/50][code_length:16][zs_mAP:0.44841][zs_mAP_all:0.48195]
2024-09-25 22:03:37.410 | INFO     | DAHNet_train:train:115 - [epoch:1/3][cnn_loss:20.657888][hash_loss:20.615528][quan_loss:0.042360][cls_loss:5.814950]
2024-09-25 22:04:28.293 | INFO     | DAHNet_train:train:115 - [epoch:2/3][cnn_loss:19.894154][hash_loss:19.853345][quan_loss:0.040809][cls_loss:5.815053]
2024-09-25 22:05:18.907 | INFO     | DAHNet_train:train:115 - [epoch:3/3][cnn_loss:19.419578][hash_loss:19.379593][quan_loss:0.039986][cls_loss:5.819705]
2024-09-25 22:05:18.921 | INFO     | DAHNet_train:train:123 - [iter:31/50][iter_time:152.24]
2024-09-25 22:06:08.342 | INFO     | DAHNet_train:train:115 - [epoch:1/3][cnn_loss:20.447256][hash_loss:20.404391][quan_loss:0.042865][cls_loss:5.695934]
2024-09-25 22:07:00.609 | INFO     | DAHNet_train:train:115 - [epoch:2/3][cnn_loss:20.098413][hash_loss:20.056342][quan_loss:0.042070][cls_loss:5.688578]
2024-09-25 22:07:55.058 | INFO     | DAHNet_train:train:115 - [epoch:3/3][cnn_loss:19.464090][hash_loss:19.422905][quan_loss:0.041184][cls_loss:5.691297]
2024-09-25 22:07:55.068 | INFO     | DAHNet_train:train:123 - [iter:32/50][iter_time:156.15]
2024-09-25 22:08:45.480 | INFO     | DAHNet_train:train:115 - [epoch:1/3][cnn_loss:20.528001][hash_loss:20.485487][quan_loss:0.042514][cls_loss:5.780209]
2024-09-25 22:09:35.530 | INFO     | DAHNet_train:train:115 - [epoch:2/3][cnn_loss:19.958543][hash_loss:19.917257][quan_loss:0.041286][cls_loss:5.789417]
2024-09-25 22:10:24.518 | INFO     | DAHNet_train:train:115 - [epoch:3/3][cnn_loss:19.569193][hash_loss:19.528563][quan_loss:0.040630][cls_loss:5.791131]
2024-09-25 22:10:24.536 | INFO     | DAHNet_train:train:123 - [iter:33/50][iter_time:149.47]
2024-09-25 22:11:14.251 | INFO     | DAHNet_train:train:115 - [epoch:1/3][cnn_loss:19.915609][hash_loss:19.873170][quan_loss:0.042439][cls_loss:5.673194]
2024-09-25 22:12:03.242 | INFO     | DAHNet_train:train:115 - [epoch:2/3][cnn_loss:19.533187][hash_loss:19.491798][quan_loss:0.041389][cls_loss:5.670760]
2024-09-25 22:12:58.338 | INFO     | DAHNet_train:train:115 - [epoch:3/3][cnn_loss:18.751069][hash_loss:18.711063][quan_loss:0.040006][cls_loss:5.675900]
2024-09-25 22:12:58.361 | INFO     | DAHNet_train:train:123 - [iter:34/50][iter_time:153.82]
2024-09-25 22:13:52.418 | INFO     | DAHNet_train:train:115 - [epoch:1/3][cnn_loss:20.766715][hash_loss:20.724606][quan_loss:0.042109][cls_loss:5.775716]
2024-09-25 22:14:43.053 | INFO     | DAHNet_train:train:115 - [epoch:2/3][cnn_loss:20.128084][hash_loss:20.086849][quan_loss:0.041235][cls_loss:5.778228]
2024-09-25 22:15:32.744 | INFO     | DAHNet_train:train:115 - [epoch:3/3][cnn_loss:19.389312][hash_loss:19.349791][quan_loss:0.039521][cls_loss:5.767783]
2024-09-25 22:15:32.768 | INFO     | DAHNet_train:train:123 - [iter:35/50][iter_time:154.41]
2024-09-25 22:20:17.563 | INFO     | DAHNet_train:train:199 - [iter:35/50][code_length:16][mAP:0.72665][mAP_all:0.73975][best_mAP:0.72671]
2024-09-25 22:20:17.563 | INFO     | DAHNet_train:train:200 - [iter:35/50][code_length:16][zs_mAP:0.45103][zs_mAP_all:0.47762]
2024-09-25 22:21:07.386 | INFO     | DAHNet_train:train:115 - [epoch:1/3][cnn_loss:20.388359][hash_loss:20.346077][quan_loss:0.042282][cls_loss:5.664439]
2024-09-25 22:21:55.943 | INFO     | DAHNet_train:train:115 - [epoch:2/3][cnn_loss:19.385617][hash_loss:19.344977][quan_loss:0.040640][cls_loss:5.653823]
2024-09-25 22:22:43.689 | INFO     | DAHNet_train:train:115 - [epoch:3/3][cnn_loss:19.405247][hash_loss:19.364140][quan_loss:0.041107][cls_loss:5.654940]
2024-09-25 22:22:43.703 | INFO     | DAHNet_train:train:123 - [iter:36/50][iter_time:146.14]
2024-09-25 22:23:31.593 | INFO     | DAHNet_train:train:115 - [epoch:1/3][cnn_loss:20.526333][hash_loss:20.484766][quan_loss:0.041567][cls_loss:5.816635]
2024-09-25 22:24:24.567 | INFO     | DAHNet_train:train:115 - [epoch:2/3][cnn_loss:19.777029][hash_loss:19.736216][quan_loss:0.040813][cls_loss:5.819887]
2024-09-25 22:25:17.752 | INFO     | DAHNet_train:train:115 - [epoch:3/3][cnn_loss:19.710501][hash_loss:19.669766][quan_loss:0.040736][cls_loss:5.812213]
2024-09-25 22:25:17.770 | INFO     | DAHNet_train:train:123 - [iter:37/50][iter_time:154.07]
2024-09-25 22:26:06.834 | INFO     | DAHNet_train:train:115 - [epoch:1/3][cnn_loss:20.049413][hash_loss:20.006252][quan_loss:0.043161][cls_loss:5.583760]
2024-09-25 22:26:57.384 | INFO     | DAHNet_train:train:115 - [epoch:2/3][cnn_loss:19.160262][hash_loss:19.119013][quan_loss:0.041250][cls_loss:5.572980]
2024-09-25 22:27:48.097 | INFO     | DAHNet_train:train:115 - [epoch:3/3][cnn_loss:18.600838][hash_loss:18.561087][quan_loss:0.039751][cls_loss:5.579127]
2024-09-25 22:27:48.112 | INFO     | DAHNet_train:train:123 - [iter:38/50][iter_time:150.34]
2024-09-25 22:28:38.206 | INFO     | DAHNet_train:train:115 - [epoch:1/3][cnn_loss:20.272016][hash_loss:20.228874][quan_loss:0.043142][cls_loss:5.601309]
2024-09-25 22:29:25.771 | INFO     | DAHNet_train:train:115 - [epoch:2/3][cnn_loss:19.653854][hash_loss:19.612277][quan_loss:0.041577][cls_loss:5.583756]
2024-09-25 22:30:19.959 | INFO     | DAHNet_train:train:115 - [epoch:3/3][cnn_loss:19.108989][hash_loss:19.068569][quan_loss:0.040420][cls_loss:5.589453]
2024-09-25 22:30:19.979 | INFO     | DAHNet_train:train:123 - [iter:39/50][iter_time:151.87]
2024-09-25 22:31:13.769 | INFO     | DAHNet_train:train:115 - [epoch:1/3][cnn_loss:20.254488][hash_loss:20.212409][quan_loss:0.042079][cls_loss:5.674136]
2024-09-25 22:32:03.008 | INFO     | DAHNet_train:train:115 - [epoch:2/3][cnn_loss:19.326918][hash_loss:19.286451][quan_loss:0.040467][cls_loss:5.685779]
2024-09-25 22:32:53.649 | INFO     | DAHNet_train:train:115 - [epoch:3/3][cnn_loss:19.060536][hash_loss:19.020378][quan_loss:0.040158][cls_loss:5.681811]
2024-09-25 22:32:53.675 | INFO     | DAHNet_train:train:123 - [iter:40/50][iter_time:153.70]
2024-09-25 22:37:31.732 | INFO     | DAHNet_train:train:199 - [iter:40/50][code_length:16][mAP:0.72814][mAP_all:0.71613][best_mAP:0.72814]
2024-09-25 22:37:31.733 | INFO     | DAHNet_train:train:200 - [iter:40/50][code_length:16][zs_mAP:0.42360][zs_mAP_all:0.45383]
2024-09-25 22:38:22.153 | INFO     | DAHNet_train:train:115 - [epoch:1/3][cnn_loss:20.117178][hash_loss:20.075754][quan_loss:0.041424][cls_loss:5.703954]
2024-09-25 22:39:12.612 | INFO     | DAHNet_train:train:115 - [epoch:2/3][cnn_loss:19.456566][hash_loss:19.415959][quan_loss:0.040607][cls_loss:5.710585]
2024-09-25 22:40:01.552 | INFO     | DAHNet_train:train:115 - [epoch:3/3][cnn_loss:19.178845][hash_loss:19.138876][quan_loss:0.039969][cls_loss:5.709462]
2024-09-25 22:40:01.575 | INFO     | DAHNet_train:train:123 - [iter:41/50][iter_time:149.84]
2024-09-25 22:40:50.356 | INFO     | DAHNet_train:train:115 - [epoch:1/3][cnn_loss:19.756283][hash_loss:19.714440][quan_loss:0.041843][cls_loss:5.589130]
2024-09-25 22:41:40.650 | INFO     | DAHNet_train:train:115 - [epoch:2/3][cnn_loss:19.329958][hash_loss:19.289098][quan_loss:0.040860][cls_loss:5.587899]
2024-09-25 22:42:34.825 | INFO     | DAHNet_train:train:115 - [epoch:3/3][cnn_loss:18.727512][hash_loss:18.687487][quan_loss:0.040024][cls_loss:5.594220]
2024-09-25 22:42:34.840 | INFO     | DAHNet_train:train:123 - [iter:42/50][iter_time:153.27]
2024-09-25 22:43:25.370 | INFO     | DAHNet_train:train:115 - [epoch:1/3][cnn_loss:20.136885][hash_loss:20.094865][quan_loss:0.042020][cls_loss:5.696222]
2024-09-25 22:44:15.438 | INFO     | DAHNet_train:train:115 - [epoch:2/3][cnn_loss:19.426891][hash_loss:19.386258][quan_loss:0.040633][cls_loss:5.697678]
2024-09-25 22:45:05.612 | INFO     | DAHNet_train:train:115 - [epoch:3/3][cnn_loss:19.300974][hash_loss:19.260642][quan_loss:0.040332][cls_loss:5.707247]
2024-09-25 22:45:05.638 | INFO     | DAHNet_train:train:123 - [iter:43/50][iter_time:150.80]
2024-09-25 22:45:56.272 | INFO     | DAHNet_train:train:115 - [epoch:1/3][cnn_loss:20.195371][hash_loss:20.153635][quan_loss:0.041736][cls_loss:5.696408]
2024-09-25 22:46:45.232 | INFO     | DAHNet_train:train:115 - [epoch:2/3][cnn_loss:19.847730][hash_loss:19.806473][quan_loss:0.041256][cls_loss:5.684441]
2024-09-25 22:47:38.868 | INFO     | DAHNet_train:train:115 - [epoch:3/3][cnn_loss:19.312678][hash_loss:19.272495][quan_loss:0.040183][cls_loss:5.690352]
2024-09-25 22:47:38.881 | INFO     | DAHNet_train:train:123 - [iter:44/50][iter_time:153.24]
2024-09-25 22:48:33.937 | INFO     | DAHNet_train:train:115 - [epoch:1/3][cnn_loss:20.185865][hash_loss:20.143721][quan_loss:0.042144][cls_loss:5.726164]
2024-09-25 22:49:21.345 | INFO     | DAHNet_train:train:115 - [epoch:2/3][cnn_loss:19.775851][hash_loss:19.734269][quan_loss:0.041582][cls_loss:5.723160]
2024-09-25 22:50:11.920 | INFO     | DAHNet_train:train:115 - [epoch:3/3][cnn_loss:19.009396][hash_loss:18.969507][quan_loss:0.039889][cls_loss:5.720062]
2024-09-25 22:50:11.946 | INFO     | DAHNet_train:train:123 - [iter:45/50][iter_time:153.07]
2024-09-25 22:54:54.974 | INFO     | DAHNet_train:train:199 - [iter:45/50][code_length:16][mAP:0.73444][mAP_all:0.69878][best_mAP:0.73444]
2024-09-25 22:54:54.975 | INFO     | DAHNet_train:train:200 - [iter:45/50][code_length:16][zs_mAP:0.42652][zs_mAP_all:0.45633]
2024-09-25 22:55:44.611 | INFO     | DAHNet_train:train:115 - [epoch:1/3][cnn_loss:20.244192][hash_loss:20.202195][quan_loss:0.041997][cls_loss:5.662839]
2024-09-25 22:56:33.075 | INFO     | DAHNet_train:train:115 - [epoch:2/3][cnn_loss:19.554684][hash_loss:19.514025][quan_loss:0.040658][cls_loss:5.652521]
2024-09-25 22:57:21.959 | INFO     | DAHNet_train:train:115 - [epoch:3/3][cnn_loss:19.530876][hash_loss:19.490169][quan_loss:0.040706][cls_loss:5.656022]
2024-09-25 22:57:21.978 | INFO     | DAHNet_train:train:123 - [iter:46/50][iter_time:147.00]
2024-09-25 23:02:12.949 | INFO     | DAHNet_train:train:199 - [iter:46/50][code_length:16][mAP:0.73862][mAP_all:0.70800][best_mAP:0.73862]
2024-09-25 23:02:12.950 | INFO     | DAHNet_train:train:200 - [iter:46/50][code_length:16][zs_mAP:0.42590][zs_mAP_all:0.45600]
2024-09-25 23:03:01.494 | INFO     | DAHNet_train:train:115 - [epoch:1/3][cnn_loss:19.051613][hash_loss:19.010566][quan_loss:0.041047][cls_loss:5.599466]
2024-09-25 23:03:50.329 | INFO     | DAHNet_train:train:115 - [epoch:2/3][cnn_loss:18.672381][hash_loss:18.632503][quan_loss:0.039878][cls_loss:5.597960]
2024-09-25 23:04:39.019 | INFO     | DAHNet_train:train:115 - [epoch:3/3][cnn_loss:18.586136][hash_loss:18.546407][quan_loss:0.039728][cls_loss:5.596332]
2024-09-25 23:04:39.040 | INFO     | DAHNet_train:train:123 - [iter:47/50][iter_time:146.09]
2024-09-25 23:09:39.825 | INFO     | DAHNet_train:train:199 - [iter:47/50][code_length:16][mAP:0.74310][mAP_all:0.72517][best_mAP:0.74310]
2024-09-25 23:09:39.825 | INFO     | DAHNet_train:train:200 - [iter:47/50][code_length:16][zs_mAP:0.43559][zs_mAP_all:0.46566]
2024-09-25 23:10:28.927 | INFO     | DAHNet_train:train:115 - [epoch:1/3][cnn_loss:18.899183][hash_loss:18.859053][quan_loss:0.040130][cls_loss:5.525020]
2024-09-25 23:11:22.905 | INFO     | DAHNet_train:train:115 - [epoch:2/3][cnn_loss:18.691987][hash_loss:18.652067][quan_loss:0.039920][cls_loss:5.526234]
2024-09-25 23:12:14.777 | INFO     | DAHNet_train:train:115 - [epoch:3/3][cnn_loss:18.607394][hash_loss:18.567737][quan_loss:0.039657][cls_loss:5.530957]
2024-09-25 23:12:14.798 | INFO     | DAHNet_train:train:123 - [iter:48/50][iter_time:154.97]
2024-09-25 23:16:56.413 | INFO     | DAHNet_train:train:199 - [iter:48/50][code_length:16][mAP:0.74730][mAP_all:0.73164][best_mAP:0.74730]
2024-09-25 23:16:56.414 | INFO     | DAHNet_train:train:200 - [iter:48/50][code_length:16][zs_mAP:0.44374][zs_mAP_all:0.47443]
2024-09-25 23:17:51.112 | INFO     | DAHNet_train:train:115 - [epoch:1/3][cnn_loss:19.026926][hash_loss:18.987484][quan_loss:0.039442][cls_loss:5.673549]
2024-09-25 23:18:40.115 | INFO     | DAHNet_train:train:115 - [epoch:2/3][cnn_loss:19.060896][hash_loss:19.021188][quan_loss:0.039708][cls_loss:5.672037]
2024-09-25 23:19:29.573 | INFO     | DAHNet_train:train:115 - [epoch:3/3][cnn_loss:18.812701][hash_loss:18.773771][quan_loss:0.038930][cls_loss:5.677128]
2024-09-25 23:19:29.598 | INFO     | DAHNet_train:train:123 - [iter:49/50][iter_time:153.18]
2024-09-25 23:24:11.495 | INFO     | DAHNet_train:train:199 - [iter:49/50][code_length:16][mAP:0.74627][mAP_all:0.73311][best_mAP:0.74730]
2024-09-25 23:24:11.496 | INFO     | DAHNet_train:train:200 - [iter:49/50][code_length:16][zs_mAP:0.44128][zs_mAP_all:0.47299]
2024-09-25 23:24:59.704 | INFO     | DAHNet_train:train:115 - [epoch:1/3][cnn_loss:18.987365][hash_loss:18.947749][quan_loss:0.039616][cls_loss:5.571040]
2024-09-25 23:25:47.756 | INFO     | DAHNet_train:train:115 - [epoch:2/3][cnn_loss:18.904675][hash_loss:18.865279][quan_loss:0.039397][cls_loss:5.575911]
2024-09-25 23:26:35.953 | INFO     | DAHNet_train:train:115 - [epoch:3/3][cnn_loss:18.792258][hash_loss:18.753082][quan_loss:0.039175][cls_loss:5.575076]
2024-09-25 23:26:35.968 | INFO     | DAHNet_train:train:123 - [iter:50/50][iter_time:144.47]
2024-09-25 23:31:26.507 | INFO     | DAHNet_train:train:199 - [iter:50/50][code_length:16][mAP:0.74587][mAP_all:0.73565][best_mAP:0.74730]
2024-09-25 23:31:26.508 | INFO     | DAHNet_train:train:200 - [iter:50/50][code_length:16][zs_mAP:0.44673][zs_mAP_all:0.47593]
2024-09-25 23:31:26.509 | INFO     | DAHNet_train:train:202 - [Training time:11628.30]
2024-09-25 23:31:26.513 | INFO     | __main__:run:138 - [code_length:16][map:0.7473][map_all:0.7316][zs_map:0.4437][zs_map_all:0.4744]
2024-09-25 23:32:18.110 | INFO     | DAHNet_train:train:115 - [epoch:1/3][cnn_loss:61.853050][hash_loss:61.805365][quan_loss:0.047685][cls_loss:5.712087]
2024-09-25 23:33:06.714 | INFO     | DAHNet_train:train:115 - [epoch:2/3][cnn_loss:61.738544][hash_loss:61.691236][quan_loss:0.047308][cls_loss:5.705193]
2024-09-25 23:33:55.200 | INFO     | DAHNet_train:train:115 - [epoch:3/3][cnn_loss:61.704122][hash_loss:61.656955][quan_loss:0.047167][cls_loss:5.706211]
2024-09-25 23:33:55.224 | INFO     | DAHNet_train:train:123 - [iter:1/50][iter_time:146.45]
2024-09-25 23:34:50.755 | INFO     | DAHNet_train:train:115 - [epoch:1/3][cnn_loss:50.149629][hash_loss:50.092408][quan_loss:0.057220][cls_loss:5.602254]
2024-09-25 23:35:45.461 | INFO     | DAHNet_train:train:115 - [epoch:2/3][cnn_loss:46.639073][hash_loss:46.583100][quan_loss:0.055973][cls_loss:5.593166]
2024-09-25 23:36:35.734 | INFO     | DAHNet_train:train:115 - [epoch:3/3][cnn_loss:45.831216][hash_loss:45.774211][quan_loss:0.057005][cls_loss:5.590486]
2024-09-25 23:36:35.758 | INFO     | DAHNet_train:train:123 - [iter:2/50][iter_time:160.53]
2024-09-25 23:37:24.580 | INFO     | DAHNet_train:train:115 - [epoch:1/3][cnn_loss:44.980527][hash_loss:44.922862][quan_loss:0.057665][cls_loss:5.620327]
2024-09-25 23:38:13.088 | INFO     | DAHNet_train:train:115 - [epoch:2/3][cnn_loss:43.020523][hash_loss:42.964187][quan_loss:0.056336][cls_loss:5.620296]
2024-09-25 23:39:02.957 | INFO     | DAHNet_train:train:115 - [epoch:3/3][cnn_loss:41.789266][hash_loss:41.734228][quan_loss:0.055038][cls_loss:5.621910]
2024-09-25 23:39:02.978 | INFO     | DAHNet_train:train:123 - [iter:3/50][iter_time:147.22]
2024-09-25 23:39:53.505 | INFO     | DAHNet_train:train:115 - [epoch:1/3][cnn_loss:44.679169][hash_loss:44.621038][quan_loss:0.058131][cls_loss:5.697616]
2024-09-25 23:40:48.203 | INFO     | DAHNet_train:train:115 - [epoch:2/3][cnn_loss:43.966611][hash_loss:43.908498][quan_loss:0.058113][cls_loss:5.698643]
2024-09-25 23:41:40.024 | INFO     | DAHNet_train:train:115 - [epoch:3/3][cnn_loss:43.186941][hash_loss:43.130168][quan_loss:0.056772][cls_loss:5.692873]
2024-09-25 23:41:40.038 | INFO     | DAHNet_train:train:123 - [iter:4/50][iter_time:157.06]
2024-09-25 23:42:30.956 | INFO     | DAHNet_train:train:115 - [epoch:1/3][cnn_loss:44.517638][hash_loss:44.458806][quan_loss:0.058833][cls_loss:5.608896]
2024-09-25 23:43:20.619 | INFO     | DAHNet_train:train:115 - [epoch:2/3][cnn_loss:43.138667][hash_loss:43.081256][quan_loss:0.057410][cls_loss:5.604507]
2024-09-25 23:44:09.022 | INFO     | DAHNet_train:train:115 - [epoch:3/3][cnn_loss:41.986135][hash_loss:41.929701][quan_loss:0.056434][cls_loss:5.611018]
2024-09-25 23:44:09.037 | INFO     | DAHNet_train:train:123 - [iter:5/50][iter_time:149.00]
2024-09-25 23:48:58.675 | INFO     | DAHNet_train:train:199 - [iter:5/50][code_length:32][mAP:0.69646][mAP_all:0.61388][best_mAP:0.69646]
2024-09-25 23:48:58.676 | INFO     | DAHNet_train:train:200 - [iter:5/50][code_length:32][zs_mAP:0.47940][zs_mAP_all:0.49056]
2024-09-25 23:49:48.761 | INFO     | DAHNet_train:train:115 - [epoch:1/3][cnn_loss:43.920659][hash_loss:43.860530][quan_loss:0.060129][cls_loss:5.611244]
2024-09-25 23:50:37.225 | INFO     | DAHNet_train:train:115 - [epoch:2/3][cnn_loss:42.191406][hash_loss:42.133523][quan_loss:0.057883][cls_loss:5.598471]
2024-09-25 23:51:24.927 | INFO     | DAHNet_train:train:115 - [epoch:3/3][cnn_loss:41.261257][hash_loss:41.204176][quan_loss:0.057080][cls_loss:5.599969]
2024-09-25 23:51:24.941 | INFO     | DAHNet_train:train:123 - [iter:6/50][iter_time:146.27]
2024-09-25 23:52:12.869 | INFO     | DAHNet_train:train:115 - [epoch:1/3][cnn_loss:42.434924][hash_loss:42.376245][quan_loss:0.058678][cls_loss:5.606087]
2024-09-25 23:52:55.534 | INFO     | DAHNet_train:train:115 - [epoch:2/3][cnn_loss:41.586804][hash_loss:41.529337][quan_loss:0.057467][cls_loss:5.613809]
2024-09-25 23:53:37.877 | INFO     | DAHNet_train:train:115 - [epoch:3/3][cnn_loss:40.145156][hash_loss:40.089139][quan_loss:0.056018][cls_loss:5.614332]
2024-09-25 23:53:37.895 | INFO     | DAHNet_train:train:123 - [iter:7/50][iter_time:132.95]
2024-09-25 23:54:20.372 | INFO     | DAHNet_train:train:115 - [epoch:1/3][cnn_loss:42.512561][hash_loss:42.454225][quan_loss:0.058336][cls_loss:5.488718]
2024-09-25 23:55:02.026 | INFO     | DAHNet_train:train:115 - [epoch:2/3][cnn_loss:41.583065][hash_loss:41.525546][quan_loss:0.057519][cls_loss:5.494265]
2024-09-25 23:55:43.617 | INFO     | DAHNet_train:train:115 - [epoch:3/3][cnn_loss:40.366611][hash_loss:40.309967][quan_loss:0.056644][cls_loss:5.492060]
2024-09-25 23:55:43.630 | INFO     | DAHNet_train:train:123 - [iter:8/50][iter_time:125.73]
2024-09-25 23:56:28.178 | INFO     | DAHNet_train:train:115 - [epoch:1/3][cnn_loss:41.452589][hash_loss:41.393416][quan_loss:0.059173][cls_loss:5.536820]
2024-09-25 23:57:10.522 | INFO     | DAHNet_train:train:115 - [epoch:2/3][cnn_loss:40.201253][hash_loss:40.144506][quan_loss:0.056747][cls_loss:5.540715]
2024-09-25 23:57:52.952 | INFO     | DAHNet_train:train:115 - [epoch:3/3][cnn_loss:39.170515][hash_loss:39.114289][quan_loss:0.056226][cls_loss:5.538302]
2024-09-25 23:57:52.968 | INFO     | DAHNet_train:train:123 - [iter:9/50][iter_time:129.34]
2024-09-25 23:58:35.785 | INFO     | DAHNet_train:train:115 - [epoch:1/3][cnn_loss:42.959575][hash_loss:42.902777][quan_loss:0.056798][cls_loss:5.635328]
2024-09-25 23:59:17.515 | INFO     | DAHNet_train:train:115 - [epoch:2/3][cnn_loss:41.567788][hash_loss:41.512278][quan_loss:0.055509][cls_loss:5.629739]
2024-09-26 00:00:00.650 | INFO     | DAHNet_train:train:115 - [epoch:3/3][cnn_loss:41.182272][hash_loss:41.126987][quan_loss:0.055285][cls_loss:5.636990]
2024-09-26 00:00:00.667 | INFO     | DAHNet_train:train:123 - [iter:10/50][iter_time:127.70]
2024-09-26 00:03:24.143 | INFO     | DAHNet_train:train:199 - [iter:10/50][code_length:32][mAP:0.70421][mAP_all:0.60634][best_mAP:0.70421]
2024-09-26 00:03:24.144 | INFO     | DAHNet_train:train:200 - [iter:10/50][code_length:32][zs_mAP:0.44608][zs_mAP_all:0.45826]
2024-09-26 00:04:05.913 | INFO     | DAHNet_train:train:115 - [epoch:1/3][cnn_loss:43.869731][hash_loss:43.813046][quan_loss:0.056684][cls_loss:5.703075]
2024-09-26 00:04:49.368 | INFO     | DAHNet_train:train:115 - [epoch:2/3][cnn_loss:42.231238][hash_loss:42.175567][quan_loss:0.055671][cls_loss:5.701945]
2024-09-26 00:05:31.639 | INFO     | DAHNet_train:train:115 - [epoch:3/3][cnn_loss:41.746908][hash_loss:41.692108][quan_loss:0.054800][cls_loss:5.700450]
2024-09-26 00:05:31.655 | INFO     | DAHNet_train:train:123 - [iter:11/50][iter_time:127.51]
2024-09-26 00:06:14.256 | INFO     | DAHNet_train:train:115 - [epoch:1/3][cnn_loss:42.305791][hash_loss:42.248966][quan_loss:0.056825][cls_loss:5.622340]
2024-09-26 00:06:56.921 | INFO     | DAHNet_train:train:115 - [epoch:2/3][cnn_loss:40.982530][hash_loss:40.927035][quan_loss:0.055494][cls_loss:5.626442]
2024-09-26 00:07:38.307 | INFO     | DAHNet_train:train:115 - [epoch:3/3][cnn_loss:40.155389][hash_loss:40.100776][quan_loss:0.054614][cls_loss:5.614155]
2024-09-26 00:07:38.325 | INFO     | DAHNet_train:train:123 - [iter:12/50][iter_time:126.67]
2024-09-26 00:08:21.643 | INFO     | DAHNet_train:train:115 - [epoch:1/3][cnn_loss:42.735310][hash_loss:42.678999][quan_loss:0.056311][cls_loss:5.694713]
2024-09-26 00:09:04.842 | INFO     | DAHNet_train:train:115 - [epoch:2/3][cnn_loss:41.588381][hash_loss:41.533304][quan_loss:0.055078][cls_loss:5.702758]
2024-09-26 00:09:47.776 | INFO     | DAHNet_train:train:115 - [epoch:3/3][cnn_loss:41.357213][hash_loss:41.302049][quan_loss:0.055165][cls_loss:5.702236]
2024-09-26 00:09:47.796 | INFO     | DAHNet_train:train:123 - [iter:13/50][iter_time:129.47]
2024-09-26 00:10:30.301 | INFO     | DAHNet_train:train:115 - [epoch:1/3][cnn_loss:42.639165][hash_loss:42.581886][quan_loss:0.057279][cls_loss:5.720594]
2024-09-26 00:11:12.347 | INFO     | DAHNet_train:train:115 - [epoch:2/3][cnn_loss:41.962611][hash_loss:41.906438][quan_loss:0.056173][cls_loss:5.717314]
2024-09-26 00:11:53.932 | INFO     | DAHNet_train:train:115 - [epoch:3/3][cnn_loss:41.158733][hash_loss:41.103535][quan_loss:0.055198][cls_loss:5.719420]
2024-09-26 00:11:53.949 | INFO     | DAHNet_train:train:123 - [iter:14/50][iter_time:126.15]
2024-09-26 00:12:37.360 | INFO     | DAHNet_train:train:115 - [epoch:1/3][cnn_loss:42.310752][hash_loss:42.254063][quan_loss:0.056689][cls_loss:5.700389]
2024-09-26 00:13:19.605 | INFO     | DAHNet_train:train:115 - [epoch:2/3][cnn_loss:41.041020][hash_loss:40.985682][quan_loss:0.055339][cls_loss:5.689802]
2024-09-26 00:14:02.209 | INFO     | DAHNet_train:train:115 - [epoch:3/3][cnn_loss:40.419936][hash_loss:40.365213][quan_loss:0.054723][cls_loss:5.684772]
2024-09-26 00:14:02.229 | INFO     | DAHNet_train:train:123 - [iter:15/50][iter_time:128.28]
2024-09-26 00:17:28.398 | INFO     | DAHNet_train:train:199 - [iter:15/50][code_length:32][mAP:0.72795][mAP_all:0.63409][best_mAP:0.72795]
2024-09-26 00:17:28.399 | INFO     | DAHNet_train:train:200 - [iter:15/50][code_length:32][zs_mAP:0.46281][zs_mAP_all:0.47619]
2024-09-26 00:18:10.826 | INFO     | DAHNet_train:train:115 - [epoch:1/3][cnn_loss:42.121580][hash_loss:42.063214][quan_loss:0.058366][cls_loss:5.542331]
2024-09-26 00:18:53.383 | INFO     | DAHNet_train:train:115 - [epoch:2/3][cnn_loss:40.558622][hash_loss:40.501601][quan_loss:0.057021][cls_loss:5.546480]
2024-09-26 00:19:34.844 | INFO     | DAHNet_train:train:115 - [epoch:3/3][cnn_loss:39.770230][hash_loss:39.714801][quan_loss:0.055428][cls_loss:5.538695]
2024-09-26 00:19:34.864 | INFO     | DAHNet_train:train:123 - [iter:16/50][iter_time:126.46]
2024-09-26 00:20:17.633 | INFO     | DAHNet_train:train:115 - [epoch:1/3][cnn_loss:42.183869][hash_loss:42.128055][quan_loss:0.055814][cls_loss:5.697622]
2024-09-26 00:21:01.084 | INFO     | DAHNet_train:train:115 - [epoch:2/3][cnn_loss:41.310754][hash_loss:41.255881][quan_loss:0.054873][cls_loss:5.706327]
2024-09-26 00:21:43.968 | INFO     | DAHNet_train:train:115 - [epoch:3/3][cnn_loss:39.993410][hash_loss:39.940098][quan_loss:0.053312][cls_loss:5.708954]
2024-09-26 00:21:43.988 | INFO     | DAHNet_train:train:123 - [iter:17/50][iter_time:129.12]
2024-09-26 00:22:26.710 | INFO     | DAHNet_train:train:115 - [epoch:1/3][cnn_loss:42.408799][hash_loss:42.352368][quan_loss:0.056431][cls_loss:5.674123]
2024-09-26 00:23:09.337 | INFO     | DAHNet_train:train:115 - [epoch:2/3][cnn_loss:40.138724][hash_loss:40.083877][quan_loss:0.054846][cls_loss:5.671620]
2024-09-26 00:23:50.305 | INFO     | DAHNet_train:train:115 - [epoch:3/3][cnn_loss:39.745105][hash_loss:39.691686][quan_loss:0.053420][cls_loss:5.671953]
2024-09-26 00:23:50.317 | INFO     | DAHNet_train:train:123 - [iter:18/50][iter_time:126.33]
2024-09-26 00:24:34.700 | INFO     | DAHNet_train:train:115 - [epoch:1/3][cnn_loss:41.367761][hash_loss:41.312440][quan_loss:0.055321][cls_loss:5.558159]
2024-09-26 00:25:17.771 | INFO     | DAHNet_train:train:115 - [epoch:2/3][cnn_loss:40.004152][hash_loss:39.950193][quan_loss:0.053959][cls_loss:5.560994]
2024-09-26 00:26:00.871 | INFO     | DAHNet_train:train:115 - [epoch:3/3][cnn_loss:39.392712][hash_loss:39.339000][quan_loss:0.053711][cls_loss:5.548430]
2024-09-26 00:26:00.884 | INFO     | DAHNet_train:train:123 - [iter:19/50][iter_time:130.57]
2024-09-26 00:26:43.761 | INFO     | DAHNet_train:train:115 - [epoch:1/3][cnn_loss:40.964839][hash_loss:40.909000][quan_loss:0.055839][cls_loss:5.684121]
2024-09-26 00:27:24.837 | INFO     | DAHNet_train:train:115 - [epoch:2/3][cnn_loss:39.790987][hash_loss:39.737042][quan_loss:0.053945][cls_loss:5.682286]
2024-09-26 00:28:07.197 | INFO     | DAHNet_train:train:115 - [epoch:3/3][cnn_loss:39.436713][hash_loss:39.383345][quan_loss:0.053368][cls_loss:5.673500]
2024-09-26 00:28:07.215 | INFO     | DAHNet_train:train:123 - [iter:20/50][iter_time:126.33]
2024-09-26 00:31:32.931 | INFO     | DAHNet_train:train:199 - [iter:20/50][code_length:32][mAP:0.70985][mAP_all:0.64198][best_mAP:0.72795]
2024-09-26 00:31:32.932 | INFO     | DAHNet_train:train:200 - [iter:20/50][code_length:32][zs_mAP:0.45968][zs_mAP_all:0.47544]
2024-09-26 00:32:14.787 | INFO     | DAHNet_train:train:115 - [epoch:1/3][cnn_loss:42.249646][hash_loss:42.195077][quan_loss:0.054569][cls_loss:5.695130]
2024-09-26 00:32:58.911 | INFO     | DAHNet_train:train:115 - [epoch:2/3][cnn_loss:40.635004][hash_loss:40.581732][quan_loss:0.053273][cls_loss:5.689136]
2024-09-26 00:33:40.829 | INFO     | DAHNet_train:train:115 - [epoch:3/3][cnn_loss:40.477858][hash_loss:40.424606][quan_loss:0.053252][cls_loss:5.695499]
2024-09-26 00:33:40.847 | INFO     | DAHNet_train:train:123 - [iter:21/50][iter_time:127.91]
2024-09-26 00:34:23.493 | INFO     | DAHNet_train:train:115 - [epoch:1/3][cnn_loss:41.085967][hash_loss:41.030619][quan_loss:0.055348][cls_loss:5.615795]
2024-09-26 00:35:06.399 | INFO     | DAHNet_train:train:115 - [epoch:2/3][cnn_loss:39.888295][hash_loss:39.833979][quan_loss:0.054316][cls_loss:5.614769]
2024-09-26 00:35:47.718 | INFO     | DAHNet_train:train:115 - [epoch:3/3][cnn_loss:39.543797][hash_loss:39.490051][quan_loss:0.053747][cls_loss:5.606021]
2024-09-26 00:35:47.730 | INFO     | DAHNet_train:train:123 - [iter:22/50][iter_time:126.88]
2024-09-26 00:36:29.807 | INFO     | DAHNet_train:train:115 - [epoch:1/3][cnn_loss:40.344359][hash_loss:40.289449][quan_loss:0.054910][cls_loss:5.537267]
2024-09-26 00:37:13.363 | INFO     | DAHNet_train:train:115 - [epoch:2/3][cnn_loss:39.508404][hash_loss:39.453884][quan_loss:0.054520][cls_loss:5.552600]
2024-09-26 00:37:55.849 | INFO     | DAHNet_train:train:115 - [epoch:3/3][cnn_loss:38.496764][hash_loss:38.444034][quan_loss:0.052729][cls_loss:5.546242]
2024-09-26 00:37:55.862 | INFO     | DAHNet_train:train:123 - [iter:23/50][iter_time:128.13]
2024-09-26 00:38:38.835 | INFO     | DAHNet_train:train:115 - [epoch:1/3][cnn_loss:40.742894][hash_loss:40.688324][quan_loss:0.054570][cls_loss:5.592631]
2024-09-26 00:39:21.710 | INFO     | DAHNet_train:train:115 - [epoch:2/3][cnn_loss:39.421933][hash_loss:39.368491][quan_loss:0.053442][cls_loss:5.595496]
2024-09-26 00:40:03.022 | INFO     | DAHNet_train:train:115 - [epoch:3/3][cnn_loss:38.693657][hash_loss:38.640779][quan_loss:0.052877][cls_loss:5.593961]
2024-09-26 00:40:03.042 | INFO     | DAHNet_train:train:123 - [iter:24/50][iter_time:127.18]
2024-09-26 00:40:46.790 | INFO     | DAHNet_train:train:115 - [epoch:1/3][cnn_loss:41.597034][hash_loss:41.542235][quan_loss:0.054800][cls_loss:5.626975]
2024-09-26 00:41:29.991 | INFO     | DAHNet_train:train:115 - [epoch:2/3][cnn_loss:40.389585][hash_loss:40.335848][quan_loss:0.053736][cls_loss:5.628571]
2024-09-26 00:42:12.515 | INFO     | DAHNet_train:train:115 - [epoch:3/3][cnn_loss:39.338725][hash_loss:39.285718][quan_loss:0.053008][cls_loss:5.624073]
2024-09-26 00:42:12.533 | INFO     | DAHNet_train:train:123 - [iter:25/50][iter_time:129.49]
2024-09-26 00:45:34.815 | INFO     | DAHNet_train:train:199 - [iter:25/50][code_length:32][mAP:0.74186][mAP_all:0.63998][best_mAP:0.74186]
2024-09-26 00:45:34.817 | INFO     | DAHNet_train:train:200 - [iter:25/50][code_length:32][zs_mAP:0.47215][zs_mAP_all:0.48297]
2024-09-26 00:46:17.495 | INFO     | DAHNet_train:train:115 - [epoch:1/3][cnn_loss:41.192022][hash_loss:41.136905][quan_loss:0.055116][cls_loss:5.555835]
2024-09-26 00:47:00.007 | INFO     | DAHNet_train:train:115 - [epoch:2/3][cnn_loss:40.013643][hash_loss:39.959492][quan_loss:0.054151][cls_loss:5.566693]
2024-09-26 00:47:42.238 | INFO     | DAHNet_train:train:115 - [epoch:3/3][cnn_loss:38.234263][hash_loss:38.182572][quan_loss:0.051691][cls_loss:5.554253]
2024-09-26 00:47:42.257 | INFO     | DAHNet_train:train:123 - [iter:26/50][iter_time:127.44]
2024-09-26 00:48:23.979 | INFO     | DAHNet_train:train:115 - [epoch:1/3][cnn_loss:41.085195][hash_loss:41.031206][quan_loss:0.053989][cls_loss:5.641480]
2024-09-26 00:49:07.424 | INFO     | DAHNet_train:train:115 - [epoch:2/3][cnn_loss:39.363490][hash_loss:39.311457][quan_loss:0.052033][cls_loss:5.653898]
2024-09-26 00:49:49.882 | INFO     | DAHNet_train:train:115 - [epoch:3/3][cnn_loss:38.830874][hash_loss:38.779714][quan_loss:0.051160][cls_loss:5.646617]
2024-09-26 00:49:49.903 | INFO     | DAHNet_train:train:123 - [iter:27/50][iter_time:127.65]
2024-09-26 00:50:32.425 | INFO     | DAHNet_train:train:115 - [epoch:1/3][cnn_loss:40.166661][hash_loss:40.112174][quan_loss:0.054487][cls_loss:5.514177]
2024-09-26 00:51:14.965 | INFO     | DAHNet_train:train:115 - [epoch:2/3][cnn_loss:39.323773][hash_loss:39.270439][quan_loss:0.053333][cls_loss:5.510499]
2024-09-26 00:51:55.965 | INFO     | DAHNet_train:train:115 - [epoch:3/3][cnn_loss:38.469408][hash_loss:38.417153][quan_loss:0.052256][cls_loss:5.504508]
2024-09-26 00:51:55.985 | INFO     | DAHNet_train:train:123 - [iter:28/50][iter_time:126.08]
2024-09-26 00:52:37.959 | INFO     | DAHNet_train:train:115 - [epoch:1/3][cnn_loss:40.846624][hash_loss:40.792921][quan_loss:0.053703][cls_loss:5.607356]
2024-09-26 00:53:21.839 | INFO     | DAHNet_train:train:115 - [epoch:2/3][cnn_loss:39.232700][hash_loss:39.180758][quan_loss:0.051942][cls_loss:5.596583]
2024-09-26 00:54:03.989 | INFO     | DAHNet_train:train:115 - [epoch:3/3][cnn_loss:38.665671][hash_loss:38.614298][quan_loss:0.051374][cls_loss:5.598278]
2024-09-26 00:54:04.005 | INFO     | DAHNet_train:train:123 - [iter:29/50][iter_time:128.02]
2024-09-26 00:54:46.492 | INFO     | DAHNet_train:train:115 - [epoch:1/3][cnn_loss:40.729049][hash_loss:40.675032][quan_loss:0.054017][cls_loss:5.553178]
2024-09-26 00:55:28.956 | INFO     | DAHNet_train:train:115 - [epoch:2/3][cnn_loss:39.872915][hash_loss:39.820260][quan_loss:0.052655][cls_loss:5.548617]
2024-09-26 00:56:09.570 | INFO     | DAHNet_train:train:115 - [epoch:3/3][cnn_loss:38.810883][hash_loss:38.759427][quan_loss:0.051456][cls_loss:5.545027]
2024-09-26 00:56:09.590 | INFO     | DAHNet_train:train:123 - [iter:30/50][iter_time:125.59]
2024-09-26 00:59:38.631 | INFO     | DAHNet_train:train:199 - [iter:30/50][code_length:32][mAP:0.73822][mAP_all:0.62542][best_mAP:0.74186]
2024-09-26 00:59:38.632 | INFO     | DAHNet_train:train:200 - [iter:30/50][code_length:32][zs_mAP:0.46828][zs_mAP_all:0.47544]
2024-09-26 01:00:20.415 | INFO     | DAHNet_train:train:115 - [epoch:1/3][cnn_loss:39.763885][hash_loss:39.711120][quan_loss:0.052766][cls_loss:5.577172]
2024-09-26 01:01:02.970 | INFO     | DAHNet_train:train:115 - [epoch:2/3][cnn_loss:38.529755][hash_loss:38.477874][quan_loss:0.051881][cls_loss:5.578151]
2024-09-26 01:01:46.193 | INFO     | DAHNet_train:train:115 - [epoch:3/3][cnn_loss:37.897788][hash_loss:37.846812][quan_loss:0.050976][cls_loss:5.580470]
2024-09-26 01:01:46.209 | INFO     | DAHNet_train:train:123 - [iter:31/50][iter_time:127.58]
2024-09-26 01:02:28.876 | INFO     | DAHNet_train:train:115 - [epoch:1/3][cnn_loss:40.956297][hash_loss:40.902915][quan_loss:0.053382][cls_loss:5.572102]
2024-09-26 01:03:11.478 | INFO     | DAHNet_train:train:115 - [epoch:2/3][cnn_loss:39.781743][hash_loss:39.730049][quan_loss:0.051694][cls_loss:5.567944]
2024-09-26 01:03:53.970 | INFO     | DAHNet_train:train:115 - [epoch:3/3][cnn_loss:38.240358][hash_loss:38.190177][quan_loss:0.050180][cls_loss:5.576270]
2024-09-26 01:03:53.990 | INFO     | DAHNet_train:train:123 - [iter:32/50][iter_time:127.78]
2024-09-26 01:04:35.693 | INFO     | DAHNet_train:train:115 - [epoch:1/3][cnn_loss:40.490844][hash_loss:40.437532][quan_loss:0.053312][cls_loss:5.615548]
2024-09-26 01:05:19.804 | INFO     | DAHNet_train:train:115 - [epoch:2/3][cnn_loss:39.019270][hash_loss:38.967539][quan_loss:0.051731][cls_loss:5.618122]
2024-09-26 01:06:02.539 | INFO     | DAHNet_train:train:115 - [epoch:3/3][cnn_loss:38.120174][hash_loss:38.069045][quan_loss:0.051129][cls_loss:5.620408]
2024-09-26 01:06:02.559 | INFO     | DAHNet_train:train:123 - [iter:33/50][iter_time:128.57]
2024-09-26 01:06:45.209 | INFO     | DAHNet_train:train:115 - [epoch:1/3][cnn_loss:41.679295][hash_loss:41.626461][quan_loss:0.052834][cls_loss:5.681708]
2024-09-26 01:07:27.954 | INFO     | DAHNet_train:train:115 - [epoch:2/3][cnn_loss:40.245375][hash_loss:40.193940][quan_loss:0.051435][cls_loss:5.671656]
2024-09-26 01:08:09.562 | INFO     | DAHNet_train:train:115 - [epoch:3/3][cnn_loss:39.133186][hash_loss:39.082673][quan_loss:0.050513][cls_loss:5.685190]
2024-09-26 01:08:09.580 | INFO     | DAHNet_train:train:123 - [iter:34/50][iter_time:127.02]
2024-09-26 01:08:53.573 | INFO     | DAHNet_train:train:115 - [epoch:1/3][cnn_loss:40.542183][hash_loss:40.489043][quan_loss:0.053140][cls_loss:5.608375]
2024-09-26 01:09:36.700 | INFO     | DAHNet_train:train:115 - [epoch:2/3][cnn_loss:38.792641][hash_loss:38.741075][quan_loss:0.051567][cls_loss:5.604652]
2024-09-26 01:10:19.090 | INFO     | DAHNet_train:train:115 - [epoch:3/3][cnn_loss:38.409835][hash_loss:38.358523][quan_loss:0.051312][cls_loss:5.607083]
2024-09-26 01:10:19.110 | INFO     | DAHNet_train:train:123 - [iter:35/50][iter_time:129.53]
2024-09-26 01:13:39.813 | INFO     | DAHNet_train:train:199 - [iter:35/50][code_length:32][mAP:0.74031][mAP_all:0.63447][best_mAP:0.74186]
2024-09-26 01:13:39.814 | INFO     | DAHNet_train:train:200 - [iter:35/50][code_length:32][zs_mAP:0.47890][zs_mAP_all:0.49117]
2024-09-26 01:14:22.257 | INFO     | DAHNet_train:train:115 - [epoch:1/3][cnn_loss:40.582416][hash_loss:40.530890][quan_loss:0.051526][cls_loss:5.732038]
2024-09-26 01:15:04.842 | INFO     | DAHNet_train:train:115 - [epoch:2/3][cnn_loss:39.460844][hash_loss:39.409879][quan_loss:0.050965][cls_loss:5.721362]
2024-09-26 01:15:47.264 | INFO     | DAHNet_train:train:115 - [epoch:3/3][cnn_loss:38.753312][hash_loss:38.703685][quan_loss:0.049627][cls_loss:5.715966]
2024-09-26 01:15:47.285 | INFO     | DAHNet_train:train:123 - [iter:36/50][iter_time:127.47]
2024-09-26 01:16:29.520 | INFO     | DAHNet_train:train:115 - [epoch:1/3][cnn_loss:40.019227][hash_loss:39.966529][quan_loss:0.052697][cls_loss:5.550315]
2024-09-26 01:17:12.617 | INFO     | DAHNet_train:train:115 - [epoch:2/3][cnn_loss:39.412022][hash_loss:39.360161][quan_loss:0.051861][cls_loss:5.545321]
2024-09-26 01:17:55.890 | INFO     | DAHNet_train:train:115 - [epoch:3/3][cnn_loss:38.221351][hash_loss:38.170460][quan_loss:0.050892][cls_loss:5.536784]
2024-09-26 01:17:55.903 | INFO     | DAHNet_train:train:123 - [iter:37/50][iter_time:128.62]
2024-09-26 01:18:38.456 | INFO     | DAHNet_train:train:115 - [epoch:1/3][cnn_loss:40.600550][hash_loss:40.546895][quan_loss:0.053655][cls_loss:5.615781]
2024-09-26 01:19:21.062 | INFO     | DAHNet_train:train:115 - [epoch:2/3][cnn_loss:39.145818][hash_loss:39.094196][quan_loss:0.051622][cls_loss:5.614349]
2024-09-26 01:20:03.229 | INFO     | DAHNet_train:train:115 - [epoch:3/3][cnn_loss:38.162732][hash_loss:38.111967][quan_loss:0.050765][cls_loss:5.596754]
2024-09-26 01:20:03.241 | INFO     | DAHNet_train:train:123 - [iter:38/50][iter_time:127.34]
2024-09-26 01:20:44.603 | INFO     | DAHNet_train:train:115 - [epoch:1/3][cnn_loss:40.599613][hash_loss:40.547350][quan_loss:0.052263][cls_loss:5.572434]
2024-09-26 01:21:29.028 | INFO     | DAHNet_train:train:115 - [epoch:2/3][cnn_loss:39.178711][hash_loss:39.127673][quan_loss:0.051039][cls_loss:5.575980]
2024-09-26 01:22:12.192 | INFO     | DAHNet_train:train:115 - [epoch:3/3][cnn_loss:38.185842][hash_loss:38.135479][quan_loss:0.050363][cls_loss:5.574145]
2024-09-26 01:22:12.211 | INFO     | DAHNet_train:train:123 - [iter:39/50][iter_time:128.97]
2024-09-26 01:22:54.910 | INFO     | DAHNet_train:train:115 - [epoch:1/3][cnn_loss:39.815245][hash_loss:39.762584][quan_loss:0.052661][cls_loss:5.607809]
2024-09-26 01:23:37.570 | INFO     | DAHNet_train:train:115 - [epoch:2/3][cnn_loss:38.427079][hash_loss:38.375770][quan_loss:0.051308][cls_loss:5.600697]
2024-09-26 01:24:18.659 | INFO     | DAHNet_train:train:115 - [epoch:3/3][cnn_loss:38.113286][hash_loss:38.062715][quan_loss:0.050571][cls_loss:5.606728]
2024-09-26 01:24:18.681 | INFO     | DAHNet_train:train:123 - [iter:40/50][iter_time:126.47]
2024-09-26 01:27:49.747 | INFO     | DAHNet_train:train:199 - [iter:40/50][code_length:32][mAP:0.74987][mAP_all:0.65473][best_mAP:0.74987]
2024-09-26 01:27:49.748 | INFO     | DAHNet_train:train:200 - [iter:40/50][code_length:32][zs_mAP:0.47212][zs_mAP_all:0.48917]
2024-09-26 01:28:31.479 | INFO     | DAHNet_train:train:115 - [epoch:1/3][cnn_loss:41.574166][hash_loss:41.522009][quan_loss:0.052157][cls_loss:5.737167]
2024-09-26 01:29:14.418 | INFO     | DAHNet_train:train:115 - [epoch:2/3][cnn_loss:39.377742][hash_loss:39.328352][quan_loss:0.049390][cls_loss:5.718073]
2024-09-26 01:29:57.741 | INFO     | DAHNet_train:train:115 - [epoch:3/3][cnn_loss:38.667265][hash_loss:38.617718][quan_loss:0.049547][cls_loss:5.719642]
2024-09-26 01:29:57.759 | INFO     | DAHNet_train:train:123 - [iter:41/50][iter_time:128.01]
2024-09-26 01:30:40.343 | INFO     | DAHNet_train:train:115 - [epoch:1/3][cnn_loss:40.354880][hash_loss:40.302526][quan_loss:0.052353][cls_loss:5.605179]
2024-09-26 01:31:22.885 | INFO     | DAHNet_train:train:115 - [epoch:2/3][cnn_loss:38.960122][hash_loss:38.908733][quan_loss:0.051388][cls_loss:5.616072]
2024-09-26 01:32:05.552 | INFO     | DAHNet_train:train:115 - [epoch:3/3][cnn_loss:37.905081][hash_loss:37.855193][quan_loss:0.049888][cls_loss:5.618934]
2024-09-26 01:32:05.565 | INFO     | DAHNet_train:train:123 - [iter:42/50][iter_time:127.81]
2024-09-26 01:32:47.307 | INFO     | DAHNet_train:train:115 - [epoch:1/3][cnn_loss:40.088198][hash_loss:40.035310][quan_loss:0.052889][cls_loss:5.655331]
2024-09-26 01:33:31.075 | INFO     | DAHNet_train:train:115 - [epoch:2/3][cnn_loss:38.782343][hash_loss:38.731164][quan_loss:0.051179][cls_loss:5.665703]
2024-09-26 01:34:13.487 | INFO     | DAHNet_train:train:115 - [epoch:3/3][cnn_loss:37.728210][hash_loss:37.678004][quan_loss:0.050206][cls_loss:5.656953]
2024-09-26 01:34:13.506 | INFO     | DAHNet_train:train:123 - [iter:43/50][iter_time:127.94]
2024-09-26 01:34:56.104 | INFO     | DAHNet_train:train:115 - [epoch:1/3][cnn_loss:38.460021][hash_loss:38.409390][quan_loss:0.050631][cls_loss:5.530374]
2024-09-26 01:35:38.601 | INFO     | DAHNet_train:train:115 - [epoch:2/3][cnn_loss:37.747287][hash_loss:37.696998][quan_loss:0.050289][cls_loss:5.526075]
2024-09-26 01:36:20.181 | INFO     | DAHNet_train:train:115 - [epoch:3/3][cnn_loss:36.560723][hash_loss:36.511739][quan_loss:0.048984][cls_loss:5.523758]
2024-09-26 01:36:20.194 | INFO     | DAHNet_train:train:123 - [iter:44/50][iter_time:126.69]
2024-09-26 01:37:03.276 | INFO     | DAHNet_train:train:115 - [epoch:1/3][cnn_loss:39.695643][hash_loss:39.643402][quan_loss:0.052241][cls_loss:5.572772]
2024-09-26 01:37:46.640 | INFO     | DAHNet_train:train:115 - [epoch:2/3][cnn_loss:38.267712][hash_loss:38.216931][quan_loss:0.050781][cls_loss:5.570502]
2024-09-26 01:38:29.092 | INFO     | DAHNet_train:train:115 - [epoch:3/3][cnn_loss:37.799416][hash_loss:37.749040][quan_loss:0.050376][cls_loss:5.572119]
2024-09-26 01:38:29.112 | INFO     | DAHNet_train:train:123 - [iter:45/50][iter_time:128.92]
2024-09-26 01:41:51.970 | INFO     | DAHNet_train:train:199 - [iter:45/50][code_length:32][mAP:0.74212][mAP_all:0.66093][best_mAP:0.74987]
2024-09-26 01:41:51.971 | INFO     | DAHNet_train:train:200 - [iter:45/50][code_length:32][zs_mAP:0.48019][zs_mAP_all:0.48982]
2024-09-26 01:42:33.933 | INFO     | DAHNet_train:train:115 - [epoch:1/3][cnn_loss:40.095496][hash_loss:40.043866][quan_loss:0.051629][cls_loss:5.534088]
2024-09-26 01:43:16.103 | INFO     | DAHNet_train:train:115 - [epoch:2/3][cnn_loss:39.082805][hash_loss:39.032143][quan_loss:0.050661][cls_loss:5.530457]
2024-09-26 01:43:58.801 | INFO     | DAHNet_train:train:115 - [epoch:3/3][cnn_loss:38.369967][hash_loss:38.319913][quan_loss:0.050054][cls_loss:5.537380]
2024-09-26 01:43:58.817 | INFO     | DAHNet_train:train:123 - [iter:46/50][iter_time:126.85]
2024-09-26 01:47:25.051 | INFO     | DAHNet_train:train:199 - [iter:46/50][code_length:32][mAP:0.76387][mAP_all:0.65950][best_mAP:0.76387]
2024-09-26 01:47:25.052 | INFO     | DAHNet_train:train:200 - [iter:46/50][code_length:32][zs_mAP:0.49835][zs_mAP_all:0.51013]
2024-09-26 01:48:08.102 | INFO     | DAHNet_train:train:115 - [epoch:1/3][cnn_loss:37.864409][hash_loss:37.814436][quan_loss:0.049973][cls_loss:5.534632]
2024-09-26 01:48:50.075 | INFO     | DAHNet_train:train:115 - [epoch:2/3][cnn_loss:37.705369][hash_loss:37.655489][quan_loss:0.049880][cls_loss:5.536255]
2024-09-26 01:49:33.319 | INFO     | DAHNet_train:train:115 - [epoch:3/3][cnn_loss:37.387903][hash_loss:37.338680][quan_loss:0.049222][cls_loss:5.541278]
2024-09-26 01:49:33.333 | INFO     | DAHNet_train:train:123 - [iter:47/50][iter_time:128.28]
2024-09-26 01:52:58.089 | INFO     | DAHNet_train:train:199 - [iter:47/50][code_length:32][mAP:0.76830][mAP_all:0.66424][best_mAP:0.76830]
2024-09-26 01:52:58.090 | INFO     | DAHNet_train:train:200 - [iter:47/50][code_length:32][zs_mAP:0.48901][zs_mAP_all:0.50012]
2024-09-26 01:53:40.857 | INFO     | DAHNet_train:train:115 - [epoch:1/3][cnn_loss:38.587540][hash_loss:38.537296][quan_loss:0.050244][cls_loss:5.583162]
2024-09-26 01:54:24.521 | INFO     | DAHNet_train:train:115 - [epoch:2/3][cnn_loss:38.356949][hash_loss:38.306795][quan_loss:0.050153][cls_loss:5.582810]
2024-09-26 01:55:06.849 | INFO     | DAHNet_train:train:115 - [epoch:3/3][cnn_loss:38.110393][hash_loss:38.061097][quan_loss:0.049296][cls_loss:5.585828]
2024-09-26 01:55:06.869 | INFO     | DAHNet_train:train:123 - [iter:48/50][iter_time:128.78]
2024-09-26 01:58:30.767 | INFO     | DAHNet_train:train:199 - [iter:48/50][code_length:32][mAP:0.76912][mAP_all:0.66842][best_mAP:0.76912]
2024-09-26 01:58:30.768 | INFO     | DAHNet_train:train:200 - [iter:48/50][code_length:32][zs_mAP:0.49204][zs_mAP_all:0.50466]
2024-09-26 01:59:13.566 | INFO     | DAHNet_train:train:115 - [epoch:1/3][cnn_loss:38.029228][hash_loss:37.980003][quan_loss:0.049226][cls_loss:5.638112]
2024-09-26 01:59:56.018 | INFO     | DAHNet_train:train:115 - [epoch:2/3][cnn_loss:37.612671][hash_loss:37.563382][quan_loss:0.049289][cls_loss:5.643280]
2024-09-26 02:00:38.611 | INFO     | DAHNet_train:train:115 - [epoch:3/3][cnn_loss:37.649387][hash_loss:37.600551][quan_loss:0.048836][cls_loss:5.631229]
2024-09-26 02:00:38.632 | INFO     | DAHNet_train:train:123 - [iter:49/50][iter_time:127.86]
2024-09-26 02:04:08.233 | INFO     | DAHNet_train:train:199 - [iter:49/50][code_length:32][mAP:0.77204][mAP_all:0.66003][best_mAP:0.77204]
2024-09-26 02:04:08.234 | INFO     | DAHNet_train:train:200 - [iter:49/50][code_length:32][zs_mAP:0.48558][zs_mAP_all:0.49666]
2024-09-26 02:04:50.894 | INFO     | DAHNet_train:train:115 - [epoch:1/3][cnn_loss:38.092067][hash_loss:38.043066][quan_loss:0.049001][cls_loss:5.512631]
2024-09-26 02:05:32.005 | INFO     | DAHNet_train:train:115 - [epoch:2/3][cnn_loss:37.724435][hash_loss:37.675769][quan_loss:0.048666][cls_loss:5.513367]
2024-09-26 02:06:15.359 | INFO     | DAHNet_train:train:115 - [epoch:3/3][cnn_loss:37.000562][hash_loss:36.953112][quan_loss:0.047450][cls_loss:5.509275]
2024-09-26 02:06:15.376 | INFO     | DAHNet_train:train:123 - [iter:50/50][iter_time:127.14]
2024-09-26 02:09:37.159 | INFO     | DAHNet_train:train:199 - [iter:50/50][code_length:32][mAP:0.77384][mAP_all:0.66787][best_mAP:0.77384]
2024-09-26 02:09:37.160 | INFO     | DAHNet_train:train:200 - [iter:50/50][code_length:32][zs_mAP:0.48851][zs_mAP_all:0.49923]
2024-09-26 02:09:37.160 | INFO     | DAHNet_train:train:202 - [Training time:9488.39]
2024-09-26 02:09:37.164 | INFO     | __main__:run:138 - [code_length:32][map:0.7738][map_all:0.6679][zs_map:0.4885][zs_map_all:0.4992]
2024-09-26 02:10:21.860 | INFO     | DAHNet_train:train:115 - [epoch:1/3][cnn_loss:122.356788][hash_loss:122.308961][quan_loss:0.047826][cls_loss:5.644723]
2024-09-26 02:11:05.998 | INFO     | DAHNet_train:train:115 - [epoch:2/3][cnn_loss:122.224705][hash_loss:122.177293][quan_loss:0.047412][cls_loss:5.643458]
2024-09-26 02:11:48.351 | INFO     | DAHNet_train:train:115 - [epoch:3/3][cnn_loss:122.181172][hash_loss:122.133901][quan_loss:0.047272][cls_loss:5.643108]
2024-09-26 02:11:48.371 | INFO     | DAHNet_train:train:123 - [iter:1/50][iter_time:129.33]
2024-09-26 02:12:31.100 | INFO     | DAHNet_train:train:115 - [epoch:1/3][cnn_loss:100.188682][hash_loss:100.127839][quan_loss:0.060844][cls_loss:5.655001]
2024-09-26 02:13:13.747 | INFO     | DAHNet_train:train:115 - [epoch:2/3][cnn_loss:96.556308][hash_loss:96.489106][quan_loss:0.067202][cls_loss:5.666874]
2024-09-26 02:13:54.505 | INFO     | DAHNet_train:train:115 - [epoch:3/3][cnn_loss:95.138214][hash_loss:95.070157][quan_loss:0.068058][cls_loss:5.671732]
2024-09-26 02:13:54.525 | INFO     | DAHNet_train:train:123 - [iter:2/50][iter_time:126.15]
2024-09-26 02:14:38.066 | INFO     | DAHNet_train:train:115 - [epoch:1/3][cnn_loss:91.995090][hash_loss:91.925509][quan_loss:0.069582][cls_loss:5.468168]
2024-09-26 02:15:20.834 | INFO     | DAHNet_train:train:115 - [epoch:2/3][cnn_loss:90.258736][hash_loss:90.190153][quan_loss:0.068582][cls_loss:5.481978]
2024-09-26 02:16:03.551 | INFO     | DAHNet_train:train:115 - [epoch:3/3][cnn_loss:89.583963][hash_loss:89.514266][quan_loss:0.069697][cls_loss:5.484904]
2024-09-26 02:16:03.569 | INFO     | DAHNet_train:train:123 - [iter:3/50][iter_time:129.04]
2024-09-26 02:16:46.260 | INFO     | DAHNet_train:train:115 - [epoch:1/3][cnn_loss:90.678111][hash_loss:90.609616][quan_loss:0.068495][cls_loss:5.527779]
2024-09-26 02:17:28.468 | INFO     | DAHNet_train:train:115 - [epoch:2/3][cnn_loss:88.966477][hash_loss:88.898943][quan_loss:0.067534][cls_loss:5.527087]
2024-09-26 02:18:10.284 | INFO     | DAHNet_train:train:115 - [epoch:3/3][cnn_loss:87.002674][hash_loss:86.936027][quan_loss:0.066647][cls_loss:5.530501]
2024-09-26 02:18:10.308 | INFO     | DAHNet_train:train:123 - [iter:4/50][iter_time:126.74]
2024-09-26 02:18:53.960 | INFO     | DAHNet_train:train:115 - [epoch:1/3][cnn_loss:92.510926][hash_loss:92.441833][quan_loss:0.069093][cls_loss:5.643451]
2024-09-26 02:19:36.665 | INFO     | DAHNet_train:train:115 - [epoch:2/3][cnn_loss:89.372252][hash_loss:89.304336][quan_loss:0.067916][cls_loss:5.639524]
2024-09-26 02:20:19.548 | INFO     | DAHNet_train:train:115 - [epoch:3/3][cnn_loss:88.807567][hash_loss:88.740583][quan_loss:0.066984][cls_loss:5.641102]
2024-09-26 02:20:19.574 | INFO     | DAHNet_train:train:123 - [iter:5/50][iter_time:129.27]
2024-09-26 02:23:45.280 | INFO     | DAHNet_train:train:199 - [iter:5/50][code_length:64][mAP:0.63510][mAP_all:0.44313][best_mAP:0.63510]
2024-09-26 02:23:45.281 | INFO     | DAHNet_train:train:200 - [iter:5/50][code_length:64][zs_mAP:0.41965][zs_mAP_all:0.42126]
2024-09-26 02:24:28.031 | INFO     | DAHNet_train:train:115 - [epoch:1/3][cnn_loss:91.316830][hash_loss:91.246704][quan_loss:0.070126][cls_loss:5.527611]
2024-09-26 02:25:10.655 | INFO     | DAHNet_train:train:115 - [epoch:2/3][cnn_loss:89.171658][hash_loss:89.103194][quan_loss:0.068464][cls_loss:5.521268]
2024-09-26 02:25:52.095 | INFO     | DAHNet_train:train:115 - [epoch:3/3][cnn_loss:88.187023][hash_loss:88.120229][quan_loss:0.066793][cls_loss:5.519447]
2024-09-26 02:25:52.118 | INFO     | DAHNet_train:train:123 - [iter:6/50][iter_time:126.84]
2024-09-26 02:26:35.403 | INFO     | DAHNet_train:train:115 - [epoch:1/3][cnn_loss:89.793176][hash_loss:89.725193][quan_loss:0.067983][cls_loss:5.564480]
2024-09-26 02:27:18.691 | INFO     | DAHNet_train:train:115 - [epoch:2/3][cnn_loss:88.541409][hash_loss:88.474223][quan_loss:0.067187][cls_loss:5.559928]
2024-09-26 02:28:01.324 | INFO     | DAHNet_train:train:115 - [epoch:3/3][cnn_loss:87.077717][hash_loss:87.011346][quan_loss:0.066372][cls_loss:5.563567]
2024-09-26 02:28:01.344 | INFO     | DAHNet_train:train:123 - [iter:7/50][iter_time:129.23]
2024-09-26 02:28:44.011 | INFO     | DAHNet_train:train:115 - [epoch:1/3][cnn_loss:89.349111][hash_loss:89.282164][quan_loss:0.066947][cls_loss:5.621621]
2024-09-26 02:29:26.650 | INFO     | DAHNet_train:train:115 - [epoch:2/3][cnn_loss:87.234792][hash_loss:87.169178][quan_loss:0.065614][cls_loss:5.620109]
2024-09-26 02:30:07.591 | INFO     | DAHNet_train:train:115 - [epoch:3/3][cnn_loss:85.491776][hash_loss:85.427360][quan_loss:0.064416][cls_loss:5.609919]
2024-09-26 02:30:07.608 | INFO     | DAHNet_train:train:123 - [iter:8/50][iter_time:126.26]
2024-09-26 02:30:51.400 | INFO     | DAHNet_train:train:115 - [epoch:1/3][cnn_loss:89.295625][hash_loss:89.229585][quan_loss:0.066039][cls_loss:5.611504]
2024-09-26 02:31:34.089 | INFO     | DAHNet_train:train:115 - [epoch:2/3][cnn_loss:87.178967][hash_loss:87.113342][quan_loss:0.065625][cls_loss:5.604569]
2024-09-26 02:32:16.628 | INFO     | DAHNet_train:train:115 - [epoch:3/3][cnn_loss:85.608275][hash_loss:85.543652][quan_loss:0.064622][cls_loss:5.602813]
2024-09-26 02:32:16.653 | INFO     | DAHNet_train:train:123 - [iter:9/50][iter_time:129.04]
2024-09-26 02:32:59.387 | INFO     | DAHNet_train:train:115 - [epoch:1/3][cnn_loss:89.298630][hash_loss:89.233272][quan_loss:0.065359][cls_loss:5.633002]
2024-09-26 02:33:40.990 | INFO     | DAHNet_train:train:115 - [epoch:2/3][cnn_loss:86.206914][hash_loss:86.143332][quan_loss:0.063582][cls_loss:5.640243]
2024-09-26 02:34:24.186 | INFO     | DAHNet_train:train:115 - [epoch:3/3][cnn_loss:86.266747][hash_loss:86.202894][quan_loss:0.063853][cls_loss:5.648375]
2024-09-26 02:34:24.208 | INFO     | DAHNet_train:train:123 - [iter:10/50][iter_time:127.55]
2024-09-26 02:37:52.794 | INFO     | DAHNet_train:train:199 - [iter:10/50][code_length:64][mAP:0.69974][mAP_all:0.55029][best_mAP:0.69974]
2024-09-26 02:37:52.795 | INFO     | DAHNet_train:train:200 - [iter:10/50][code_length:64][zs_mAP:0.45583][zs_mAP_all:0.45821]
2024-09-26 02:38:35.934 | INFO     | DAHNet_train:train:115 - [epoch:1/3][cnn_loss:87.759186][hash_loss:87.693029][quan_loss:0.066157][cls_loss:5.574103]
2024-09-26 02:39:19.757 | INFO     | DAHNet_train:train:115 - [epoch:2/3][cnn_loss:86.077481][hash_loss:86.012041][quan_loss:0.065440][cls_loss:5.580753]
2024-09-26 02:40:02.190 | INFO     | DAHNet_train:train:115 - [epoch:3/3][cnn_loss:85.143878][hash_loss:85.079322][quan_loss:0.064556][cls_loss:5.580623]
2024-09-26 02:40:02.210 | INFO     | DAHNet_train:train:123 - [iter:11/50][iter_time:129.42]
2024-09-26 02:40:45.117 | INFO     | DAHNet_train:train:115 - [epoch:1/3][cnn_loss:87.983738][hash_loss:87.917350][quan_loss:0.066388][cls_loss:5.503519]
2024-09-26 02:41:27.581 | INFO     | DAHNet_train:train:115 - [epoch:2/3][cnn_loss:86.701317][hash_loss:86.635986][quan_loss:0.065331][cls_loss:5.501887]
2024-09-26 02:42:08.910 | INFO     | DAHNet_train:train:115 - [epoch:3/3][cnn_loss:86.022023][hash_loss:85.956907][quan_loss:0.065116][cls_loss:5.518034]
2024-09-26 02:42:08.936 | INFO     | DAHNet_train:train:123 - [iter:12/50][iter_time:126.73]
2024-09-26 02:42:53.015 | INFO     | DAHNet_train:train:115 - [epoch:1/3][cnn_loss:88.929921][hash_loss:88.865381][quan_loss:0.064540][cls_loss:5.678195]
2024-09-26 02:43:35.905 | INFO     | DAHNet_train:train:115 - [epoch:2/3][cnn_loss:86.715996][hash_loss:86.652866][quan_loss:0.063130][cls_loss:5.680537]
2024-09-26 02:44:18.418 | INFO     | DAHNet_train:train:115 - [epoch:3/3][cnn_loss:85.150067][hash_loss:85.088030][quan_loss:0.062037][cls_loss:5.686028]
2024-09-26 02:44:18.443 | INFO     | DAHNet_train:train:123 - [iter:13/50][iter_time:129.51]
2024-09-26 02:45:01.577 | INFO     | DAHNet_train:train:115 - [epoch:1/3][cnn_loss:89.601243][hash_loss:89.534748][quan_loss:0.066496][cls_loss:5.625124]
2024-09-26 02:45:43.375 | INFO     | DAHNet_train:train:115 - [epoch:2/3][cnn_loss:86.854658][hash_loss:86.789047][quan_loss:0.065611][cls_loss:5.635670]
2024-09-26 02:46:24.807 | INFO     | DAHNet_train:train:115 - [epoch:3/3][cnn_loss:85.243411][hash_loss:85.179392][quan_loss:0.064019][cls_loss:5.627061]
2024-09-26 02:46:24.832 | INFO     | DAHNet_train:train:123 - [iter:14/50][iter_time:126.39]
2024-09-26 02:47:08.653 | INFO     | DAHNet_train:train:115 - [epoch:1/3][cnn_loss:88.328625][hash_loss:88.263870][quan_loss:0.064755][cls_loss:5.644369]
2024-09-26 02:47:51.054 | INFO     | DAHNet_train:train:115 - [epoch:2/3][cnn_loss:85.726184][hash_loss:85.662932][quan_loss:0.063252][cls_loss:5.654945]
2024-09-26 02:48:33.513 | INFO     | DAHNet_train:train:115 - [epoch:3/3][cnn_loss:83.690358][hash_loss:83.627871][quan_loss:0.062487][cls_loss:5.646444]
2024-09-26 02:48:33.532 | INFO     | DAHNet_train:train:123 - [iter:15/50][iter_time:128.70]
2024-09-26 02:52:02.863 | INFO     | DAHNet_train:train:199 - [iter:15/50][code_length:64][mAP:0.71585][mAP_all:0.56311][best_mAP:0.71585]
2024-09-26 02:52:02.864 | INFO     | DAHNet_train:train:200 - [iter:15/50][code_length:64][zs_mAP:0.46916][zs_mAP_all:0.47471]
2024-09-26 02:52:44.931 | INFO     | DAHNet_train:train:115 - [epoch:1/3][cnn_loss:87.852746][hash_loss:87.788271][quan_loss:0.064474][cls_loss:5.638699]
2024-09-26 02:53:26.925 | INFO     | DAHNet_train:train:115 - [epoch:2/3][cnn_loss:84.887269][hash_loss:84.824197][quan_loss:0.063072][cls_loss:5.642655]
2024-09-26 02:54:07.729 | INFO     | DAHNet_train:train:115 - [epoch:3/3][cnn_loss:84.945747][hash_loss:84.883014][quan_loss:0.062733][cls_loss:5.638009]
2024-09-26 02:54:07.754 | INFO     | DAHNet_train:train:123 - [iter:16/50][iter_time:124.89]
2024-09-26 02:54:50.782 | INFO     | DAHNet_train:train:115 - [epoch:1/3][cnn_loss:83.869597][hash_loss:83.806047][quan_loss:0.063550][cls_loss:5.575872]
2024-09-26 02:55:34.647 | INFO     | DAHNet_train:train:115 - [epoch:2/3][cnn_loss:82.900902][hash_loss:82.838222][quan_loss:0.062681][cls_loss:5.584790]
2024-09-26 02:56:17.005 | INFO     | DAHNet_train:train:115 - [epoch:3/3][cnn_loss:80.885064][hash_loss:80.823228][quan_loss:0.061836][cls_loss:5.581843]
2024-09-26 02:56:17.025 | INFO     | DAHNet_train:train:123 - [iter:17/50][iter_time:129.27]
2024-09-26 02:56:59.795 | INFO     | DAHNet_train:train:115 - [epoch:1/3][cnn_loss:90.440686][hash_loss:90.376083][quan_loss:0.064604][cls_loss:5.608186]
2024-09-26 02:57:42.426 | INFO     | DAHNet_train:train:115 - [epoch:2/3][cnn_loss:87.152487][hash_loss:87.089549][quan_loss:0.062938][cls_loss:5.615173]
2024-09-26 02:58:23.446 | INFO     | DAHNet_train:train:115 - [epoch:3/3][cnn_loss:86.043430][hash_loss:85.980558][quan_loss:0.062873][cls_loss:5.610429]
2024-09-26 02:58:23.472 | INFO     | DAHNet_train:train:123 - [iter:18/50][iter_time:126.45]
2024-09-26 02:59:07.511 | INFO     | DAHNet_train:train:115 - [epoch:1/3][cnn_loss:85.619173][hash_loss:85.555282][quan_loss:0.063892][cls_loss:5.532408]
2024-09-26 02:59:50.443 | INFO     | DAHNet_train:train:115 - [epoch:2/3][cnn_loss:83.434882][hash_loss:83.372015][quan_loss:0.062867][cls_loss:5.531872]
2024-09-26 03:00:33.022 | INFO     | DAHNet_train:train:115 - [epoch:3/3][cnn_loss:83.599005][hash_loss:83.536311][quan_loss:0.062694][cls_loss:5.530915]
2024-09-26 03:00:33.045 | INFO     | DAHNet_train:train:123 - [iter:19/50][iter_time:129.57]
2024-09-26 03:01:15.613 | INFO     | DAHNet_train:train:115 - [epoch:1/3][cnn_loss:84.576836][hash_loss:84.514022][quan_loss:0.062813][cls_loss:5.580938]
2024-09-26 03:01:57.046 | INFO     | DAHNet_train:train:115 - [epoch:2/3][cnn_loss:81.279389][hash_loss:81.217620][quan_loss:0.061769][cls_loss:5.578373]
2024-09-26 03:02:40.053 | INFO     | DAHNet_train:train:115 - [epoch:3/3][cnn_loss:80.843284][hash_loss:80.782151][quan_loss:0.061132][cls_loss:5.580336]
2024-09-26 03:02:40.081 | INFO     | DAHNet_train:train:123 - [iter:20/50][iter_time:127.04]
2024-09-26 03:06:06.959 | INFO     | DAHNet_train:train:199 - [iter:20/50][code_length:64][mAP:0.70993][mAP_all:0.54974][best_mAP:0.71585]
2024-09-26 03:06:06.960 | INFO     | DAHNet_train:train:200 - [iter:20/50][code_length:64][zs_mAP:0.45910][zs_mAP_all:0.46499]
2024-09-26 03:06:49.718 | INFO     | DAHNet_train:train:115 - [epoch:1/3][cnn_loss:86.951656][hash_loss:86.888201][quan_loss:0.063455][cls_loss:5.639618]
2024-09-26 03:07:33.348 | INFO     | DAHNet_train:train:115 - [epoch:2/3][cnn_loss:84.203470][hash_loss:84.141297][quan_loss:0.062173][cls_loss:5.643412]
2024-09-26 03:08:15.888 | INFO     | DAHNet_train:train:115 - [epoch:3/3][cnn_loss:83.495968][hash_loss:83.434428][quan_loss:0.061540][cls_loss:5.640812]
2024-09-26 03:08:15.911 | INFO     | DAHNet_train:train:123 - [iter:21/50][iter_time:128.95]
2024-09-26 03:08:58.347 | INFO     | DAHNet_train:train:115 - [epoch:1/3][cnn_loss:84.968588][hash_loss:84.905308][quan_loss:0.063280][cls_loss:5.557148]
2024-09-26 03:09:40.662 | INFO     | DAHNet_train:train:115 - [epoch:2/3][cnn_loss:83.887124][hash_loss:83.824340][quan_loss:0.062784][cls_loss:5.550607]
2024-09-26 03:10:21.846 | INFO     | DAHNet_train:train:115 - [epoch:3/3][cnn_loss:81.366684][hash_loss:81.304896][quan_loss:0.061788][cls_loss:5.554416]
2024-09-26 03:10:21.863 | INFO     | DAHNet_train:train:123 - [iter:22/50][iter_time:125.95]
2024-09-26 03:11:06.020 | INFO     | DAHNet_train:train:115 - [epoch:1/3][cnn_loss:84.354384][hash_loss:84.290909][quan_loss:0.063475][cls_loss:5.463097]
2024-09-26 03:11:49.422 | INFO     | DAHNet_train:train:115 - [epoch:2/3][cnn_loss:82.245905][hash_loss:82.183791][quan_loss:0.062114][cls_loss:5.467670]
2024-09-26 03:12:31.658 | INFO     | DAHNet_train:train:115 - [epoch:3/3][cnn_loss:81.650497][hash_loss:81.588609][quan_loss:0.061888][cls_loss:5.478220]
2024-09-26 03:12:31.684 | INFO     | DAHNet_train:train:123 - [iter:23/50][iter_time:129.82]
2024-09-26 03:13:14.292 | INFO     | DAHNet_train:train:115 - [epoch:1/3][cnn_loss:86.702723][hash_loss:86.639665][quan_loss:0.063058][cls_loss:5.612715]
2024-09-26 03:13:56.908 | INFO     | DAHNet_train:train:115 - [epoch:2/3][cnn_loss:83.761582][hash_loss:83.700028][quan_loss:0.061554][cls_loss:5.607971]
2024-09-26 03:14:38.774 | INFO     | DAHNet_train:train:115 - [epoch:3/3][cnn_loss:83.570108][hash_loss:83.508332][quan_loss:0.061776][cls_loss:5.615314]
2024-09-26 03:14:38.793 | INFO     | DAHNet_train:train:123 - [iter:24/50][iter_time:127.11]
2024-09-26 03:15:22.278 | INFO     | DAHNet_train:train:115 - [epoch:1/3][cnn_loss:87.545896][hash_loss:87.482999][quan_loss:0.062897][cls_loss:5.651493]
2024-09-26 03:16:04.774 | INFO     | DAHNet_train:train:115 - [epoch:2/3][cnn_loss:85.840578][hash_loss:85.778327][quan_loss:0.062251][cls_loss:5.651680]
2024-09-26 03:16:47.328 | INFO     | DAHNet_train:train:115 - [epoch:3/3][cnn_loss:84.183622][hash_loss:84.122561][quan_loss:0.061061][cls_loss:5.657060]
2024-09-26 03:16:47.352 | INFO     | DAHNet_train:train:123 - [iter:25/50][iter_time:128.56]
2024-09-26 03:20:13.766 | INFO     | DAHNet_train:train:199 - [iter:25/50][code_length:64][mAP:0.70509][mAP_all:0.57804][best_mAP:0.71585]
2024-09-26 03:20:13.767 | INFO     | DAHNet_train:train:200 - [iter:25/50][code_length:64][zs_mAP:0.44605][zs_mAP_all:0.45304]
2024-09-26 03:20:56.460 | INFO     | DAHNet_train:train:115 - [epoch:1/3][cnn_loss:84.533937][hash_loss:84.470154][quan_loss:0.063783][cls_loss:5.493913]
2024-09-26 03:21:39.237 | INFO     | DAHNet_train:train:115 - [epoch:2/3][cnn_loss:81.520108][hash_loss:81.458070][quan_loss:0.062038][cls_loss:5.494184]
2024-09-26 03:22:20.658 | INFO     | DAHNet_train:train:115 - [epoch:3/3][cnn_loss:80.386506][hash_loss:80.324873][quan_loss:0.061634][cls_loss:5.490465]
2024-09-26 03:22:20.683 | INFO     | DAHNet_train:train:123 - [iter:26/50][iter_time:126.92]
2024-09-26 03:23:03.583 | INFO     | DAHNet_train:train:115 - [epoch:1/3][cnn_loss:86.555807][hash_loss:86.492935][quan_loss:0.062872][cls_loss:5.636399]
2024-09-26 03:23:46.726 | INFO     | DAHNet_train:train:115 - [epoch:2/3][cnn_loss:85.154049][hash_loss:85.092250][quan_loss:0.061799][cls_loss:5.629489]
2024-09-26 03:24:29.156 | INFO     | DAHNet_train:train:115 - [epoch:3/3][cnn_loss:83.749662][hash_loss:83.688752][quan_loss:0.060910][cls_loss:5.632958]
2024-09-26 03:24:29.182 | INFO     | DAHNet_train:train:123 - [iter:27/50][iter_time:128.50]
2024-09-26 03:25:12.172 | INFO     | DAHNet_train:train:115 - [epoch:1/3][cnn_loss:82.957950][hash_loss:82.895584][quan_loss:0.062366][cls_loss:5.519376]
2024-09-26 03:25:55.035 | INFO     | DAHNet_train:train:115 - [epoch:2/3][cnn_loss:81.237181][hash_loss:81.175869][quan_loss:0.061312][cls_loss:5.527889]
2024-09-26 03:26:35.904 | INFO     | DAHNet_train:train:115 - [epoch:3/3][cnn_loss:80.675785][hash_loss:80.614435][quan_loss:0.061350][cls_loss:5.521967]
2024-09-26 03:26:35.924 | INFO     | DAHNet_train:train:123 - [iter:28/50][iter_time:126.74]
2024-09-26 03:27:19.719 | INFO     | DAHNet_train:train:115 - [epoch:1/3][cnn_loss:84.102291][hash_loss:84.039489][quan_loss:0.062802][cls_loss:5.571972]
2024-09-26 03:28:02.306 | INFO     | DAHNet_train:train:115 - [epoch:2/3][cnn_loss:82.311601][hash_loss:82.249830][quan_loss:0.061772][cls_loss:5.578031]
2024-09-26 03:28:44.300 | INFO     | DAHNet_train:train:115 - [epoch:3/3][cnn_loss:80.816016][hash_loss:80.755154][quan_loss:0.060863][cls_loss:5.572208]
2024-09-26 03:28:44.326 | INFO     | DAHNet_train:train:123 - [iter:29/50][iter_time:128.40]
2024-09-26 03:29:26.816 | INFO     | DAHNet_train:train:115 - [epoch:1/3][cnn_loss:84.832928][hash_loss:84.771274][quan_loss:0.061654][cls_loss:5.568939]
2024-09-26 03:30:09.006 | INFO     | DAHNet_train:train:115 - [epoch:2/3][cnn_loss:83.828651][hash_loss:83.767299][quan_loss:0.061352][cls_loss:5.568908]
2024-09-26 03:30:51.213 | INFO     | DAHNet_train:train:115 - [epoch:3/3][cnn_loss:81.712868][hash_loss:81.652442][quan_loss:0.060426][cls_loss:5.583462]
2024-09-26 03:30:51.238 | INFO     | DAHNet_train:train:123 - [iter:30/50][iter_time:126.91]
2024-09-26 03:34:21.572 | INFO     | DAHNet_train:train:199 - [iter:30/50][code_length:64][mAP:0.73311][mAP_all:0.60565][best_mAP:0.73311]
2024-09-26 03:34:21.573 | INFO     | DAHNet_train:train:200 - [iter:30/50][code_length:64][zs_mAP:0.46712][zs_mAP_all:0.47188]
2024-09-26 03:35:03.833 | INFO     | DAHNet_train:train:115 - [epoch:1/3][cnn_loss:85.531801][hash_loss:85.471539][quan_loss:0.060262][cls_loss:5.718921]
2024-09-26 03:35:47.822 | INFO     | DAHNet_train:train:115 - [epoch:2/3][cnn_loss:83.327205][hash_loss:83.267696][quan_loss:0.059509][cls_loss:5.719870]
2024-09-26 03:36:30.364 | INFO     | DAHNet_train:train:115 - [epoch:3/3][cnn_loss:82.707006][hash_loss:82.648613][quan_loss:0.058393][cls_loss:5.718073]
2024-09-26 03:36:30.388 | INFO     | DAHNet_train:train:123 - [iter:31/50][iter_time:128.81]
2024-09-26 03:37:12.970 | INFO     | DAHNet_train:train:115 - [epoch:1/3][cnn_loss:82.524051][hash_loss:82.463205][quan_loss:0.060846][cls_loss:5.619734]
2024-09-26 03:37:55.765 | INFO     | DAHNet_train:train:115 - [epoch:2/3][cnn_loss:79.936319][hash_loss:79.876523][quan_loss:0.059796][cls_loss:5.610029]
2024-09-26 03:38:37.027 | INFO     | DAHNet_train:train:115 - [epoch:3/3][cnn_loss:79.593281][hash_loss:79.533787][quan_loss:0.059495][cls_loss:5.622662]
2024-09-26 03:38:37.051 | INFO     | DAHNet_train:train:123 - [iter:32/50][iter_time:126.66]
2024-09-26 03:39:20.721 | INFO     | DAHNet_train:train:115 - [epoch:1/3][cnn_loss:83.650242][hash_loss:83.588870][quan_loss:0.061373][cls_loss:5.595286]
2024-09-26 03:40:03.586 | INFO     | DAHNet_train:train:115 - [epoch:2/3][cnn_loss:82.127106][hash_loss:82.066355][quan_loss:0.060751][cls_loss:5.595935]
2024-09-26 03:40:45.935 | INFO     | DAHNet_train:train:115 - [epoch:3/3][cnn_loss:81.016185][hash_loss:80.956522][quan_loss:0.059663][cls_loss:5.596005]
2024-09-26 03:40:45.959 | INFO     | DAHNet_train:train:123 - [iter:33/50][iter_time:128.91]
2024-09-26 03:41:28.832 | INFO     | DAHNet_train:train:115 - [epoch:1/3][cnn_loss:83.589152][hash_loss:83.526881][quan_loss:0.062272][cls_loss:5.569168]
2024-09-26 03:42:11.396 | INFO     | DAHNet_train:train:115 - [epoch:2/3][cnn_loss:81.020202][hash_loss:80.959529][quan_loss:0.060673][cls_loss:5.563966]
2024-09-26 03:42:53.070 | INFO     | DAHNet_train:train:115 - [epoch:3/3][cnn_loss:79.796699][hash_loss:79.736412][quan_loss:0.060287][cls_loss:5.559729]
2024-09-26 03:42:53.092 | INFO     | DAHNet_train:train:123 - [iter:34/50][iter_time:127.13]
2024-09-26 03:43:37.275 | INFO     | DAHNet_train:train:115 - [epoch:1/3][cnn_loss:85.420134][hash_loss:85.359651][quan_loss:0.060483][cls_loss:5.680440]
2024-09-26 03:44:19.679 | INFO     | DAHNet_train:train:115 - [epoch:2/3][cnn_loss:82.541148][hash_loss:82.482018][quan_loss:0.059130][cls_loss:5.686416]
2024-09-26 03:45:02.176 | INFO     | DAHNet_train:train:115 - [epoch:3/3][cnn_loss:83.176180][hash_loss:83.116781][quan_loss:0.059399][cls_loss:5.691535]
2024-09-26 03:45:02.201 | INFO     | DAHNet_train:train:123 - [iter:35/50][iter_time:129.11]
2024-09-26 03:48:28.615 | INFO     | DAHNet_train:train:199 - [iter:35/50][code_length:64][mAP:0.72643][mAP_all:0.59872][best_mAP:0.73311]
2024-09-26 03:48:28.615 | INFO     | DAHNet_train:train:200 - [iter:35/50][code_length:64][zs_mAP:0.46308][zs_mAP_all:0.47270]
2024-09-26 03:49:11.271 | INFO     | DAHNet_train:train:115 - [epoch:1/3][cnn_loss:85.762074][hash_loss:85.701248][quan_loss:0.060826][cls_loss:5.703881]
2024-09-26 03:49:53.784 | INFO     | DAHNet_train:train:115 - [epoch:2/3][cnn_loss:83.957663][hash_loss:83.897794][quan_loss:0.059870][cls_loss:5.707065]
2024-09-26 03:50:34.928 | INFO     | DAHNet_train:train:115 - [epoch:3/3][cnn_loss:81.878547][hash_loss:81.819426][quan_loss:0.059121][cls_loss:5.706174]
2024-09-26 03:50:34.947 | INFO     | DAHNet_train:train:123 - [iter:36/50][iter_time:126.33]
2024-09-26 03:51:17.975 | INFO     | DAHNet_train:train:115 - [epoch:1/3][cnn_loss:85.137202][hash_loss:85.076119][quan_loss:0.061083][cls_loss:5.672476]
2024-09-26 03:52:01.370 | INFO     | DAHNet_train:train:115 - [epoch:2/3][cnn_loss:83.075728][hash_loss:83.015764][quan_loss:0.059965][cls_loss:5.668237]
2024-09-26 03:52:43.952 | INFO     | DAHNet_train:train:115 - [epoch:3/3][cnn_loss:81.611736][hash_loss:81.553160][quan_loss:0.058576][cls_loss:5.675233]
2024-09-26 03:52:43.972 | INFO     | DAHNet_train:train:123 - [iter:37/50][iter_time:129.02]
2024-09-26 03:53:26.800 | INFO     | DAHNet_train:train:115 - [epoch:1/3][cnn_loss:82.086731][hash_loss:82.026331][quan_loss:0.060401][cls_loss:5.545677]
2024-09-26 03:54:09.425 | INFO     | DAHNet_train:train:115 - [epoch:2/3][cnn_loss:78.871040][hash_loss:78.811827][quan_loss:0.059213][cls_loss:5.545759]
2024-09-26 03:54:50.554 | INFO     | DAHNet_train:train:115 - [epoch:3/3][cnn_loss:79.293193][hash_loss:79.233772][quan_loss:0.059421][cls_loss:5.544047]
2024-09-26 03:54:50.574 | INFO     | DAHNet_train:train:123 - [iter:38/50][iter_time:126.60]
2024-09-26 03:55:33.826 | INFO     | DAHNet_train:train:115 - [epoch:1/3][cnn_loss:84.152894][hash_loss:84.093122][quan_loss:0.059772][cls_loss:5.692575]
2024-09-26 03:56:16.391 | INFO     | DAHNet_train:train:115 - [epoch:2/3][cnn_loss:82.775415][hash_loss:82.715842][quan_loss:0.059574][cls_loss:5.685439]
2024-09-26 03:56:58.952 | INFO     | DAHNet_train:train:115 - [epoch:3/3][cnn_loss:80.275427][hash_loss:80.217514][quan_loss:0.057914][cls_loss:5.686544]
2024-09-26 03:56:58.975 | INFO     | DAHNet_train:train:123 - [iter:39/50][iter_time:128.40]
2024-09-26 03:57:41.685 | INFO     | DAHNet_train:train:115 - [epoch:1/3][cnn_loss:83.493449][hash_loss:83.432486][quan_loss:0.060962][cls_loss:5.532961]
2024-09-26 03:58:23.099 | INFO     | DAHNet_train:train:115 - [epoch:2/3][cnn_loss:80.844330][hash_loss:80.784961][quan_loss:0.059369][cls_loss:5.530258]
2024-09-26 03:59:05.794 | INFO     | DAHNet_train:train:115 - [epoch:3/3][cnn_loss:79.922115][hash_loss:79.863830][quan_loss:0.058286][cls_loss:5.538231]
2024-09-26 03:59:05.820 | INFO     | DAHNet_train:train:123 - [iter:40/50][iter_time:126.84]
2024-09-26 04:02:35.877 | INFO     | DAHNet_train:train:199 - [iter:40/50][code_length:64][mAP:0.73694][mAP_all:0.59879][best_mAP:0.73694]
2024-09-26 04:02:35.878 | INFO     | DAHNet_train:train:200 - [iter:40/50][code_length:64][zs_mAP:0.47453][zs_mAP_all:0.47731]
2024-09-26 04:03:17.666 | INFO     | DAHNet_train:train:115 - [epoch:1/3][cnn_loss:84.273820][hash_loss:84.214008][quan_loss:0.059812][cls_loss:5.606220]
2024-09-26 04:04:01.855 | INFO     | DAHNet_train:train:115 - [epoch:2/3][cnn_loss:81.585607][hash_loss:81.526680][quan_loss:0.058927][cls_loss:5.605064]
2024-09-26 04:04:44.443 | INFO     | DAHNet_train:train:115 - [epoch:3/3][cnn_loss:80.084220][hash_loss:80.026237][quan_loss:0.057983][cls_loss:5.598226]
2024-09-26 04:04:44.463 | INFO     | DAHNet_train:train:123 - [iter:41/50][iter_time:128.58]
2024-09-26 04:05:27.097 | INFO     | DAHNet_train:train:115 - [epoch:1/3][cnn_loss:82.611128][hash_loss:82.551328][quan_loss:0.059801][cls_loss:5.597131]
2024-09-26 04:06:09.649 | INFO     | DAHNet_train:train:115 - [epoch:2/3][cnn_loss:80.301430][hash_loss:80.242564][quan_loss:0.058866][cls_loss:5.602261]
2024-09-26 04:06:51.581 | INFO     | DAHNet_train:train:115 - [epoch:3/3][cnn_loss:78.735313][hash_loss:78.677629][quan_loss:0.057684][cls_loss:5.606083]
2024-09-26 04:06:51.601 | INFO     | DAHNet_train:train:123 - [iter:42/50][iter_time:127.14]
2024-09-26 04:07:35.080 | INFO     | DAHNet_train:train:115 - [epoch:1/3][cnn_loss:80.310098][hash_loss:80.250839][quan_loss:0.059259][cls_loss:5.575275]
2024-09-26 04:08:17.840 | INFO     | DAHNet_train:train:115 - [epoch:2/3][cnn_loss:78.689744][hash_loss:78.631173][quan_loss:0.058571][cls_loss:5.574876]
2024-09-26 04:09:00.236 | INFO     | DAHNet_train:train:115 - [epoch:3/3][cnn_loss:77.252836][hash_loss:77.195062][quan_loss:0.057774][cls_loss:5.576308]
2024-09-26 04:09:00.260 | INFO     | DAHNet_train:train:123 - [iter:43/50][iter_time:128.66]
2024-09-26 04:09:42.934 | INFO     | DAHNet_train:train:115 - [epoch:1/3][cnn_loss:81.608691][hash_loss:81.549841][quan_loss:0.058851][cls_loss:5.637673]
2024-09-26 04:10:25.566 | INFO     | DAHNet_train:train:115 - [epoch:2/3][cnn_loss:80.152100][hash_loss:80.094018][quan_loss:0.058082][cls_loss:5.642441]
2024-09-26 04:11:08.420 | INFO     | DAHNet_train:train:115 - [epoch:3/3][cnn_loss:79.030751][hash_loss:78.973523][quan_loss:0.057229][cls_loss:5.651217]
2024-09-26 04:11:08.445 | INFO     | DAHNet_train:train:123 - [iter:44/50][iter_time:128.18]
2024-09-26 04:11:52.227 | INFO     | DAHNet_train:train:115 - [epoch:1/3][cnn_loss:83.190750][hash_loss:83.131344][quan_loss:0.059405][cls_loss:5.584517]
2024-09-26 04:12:34.988 | INFO     | DAHNet_train:train:115 - [epoch:2/3][cnn_loss:79.985288][hash_loss:79.927087][quan_loss:0.058200][cls_loss:5.585691]
2024-09-26 04:13:17.492 | INFO     | DAHNet_train:train:115 - [epoch:3/3][cnn_loss:79.774472][hash_loss:79.716246][quan_loss:0.058226][cls_loss:5.585858]
2024-09-26 04:13:17.511 | INFO     | DAHNet_train:train:123 - [iter:45/50][iter_time:129.07]
2024-09-26 04:16:42.141 | INFO     | DAHNet_train:train:199 - [iter:45/50][code_length:64][mAP:0.73341][mAP_all:0.59456][best_mAP:0.73694]
2024-09-26 04:16:42.142 | INFO     | DAHNet_train:train:200 - [iter:45/50][code_length:64][zs_mAP:0.48690][zs_mAP_all:0.49167]
2024-09-26 04:17:24.732 | INFO     | DAHNet_train:train:115 - [epoch:1/3][cnn_loss:84.701546][hash_loss:84.643082][quan_loss:0.058463][cls_loss:5.686123]
2024-09-26 04:18:07.100 | INFO     | DAHNet_train:train:115 - [epoch:2/3][cnn_loss:82.783361][hash_loss:82.725773][quan_loss:0.057588][cls_loss:5.689436]
2024-09-26 04:18:48.052 | INFO     | DAHNet_train:train:115 - [epoch:3/3][cnn_loss:82.612517][hash_loss:82.555161][quan_loss:0.057356][cls_loss:5.683316]
2024-09-26 04:18:48.077 | INFO     | DAHNet_train:train:123 - [iter:46/50][iter_time:125.93]
2024-09-26 04:22:19.812 | INFO     | DAHNet_train:train:199 - [iter:46/50][code_length:64][mAP:0.74789][mAP_all:0.61191][best_mAP:0.74789]
2024-09-26 04:22:19.813 | INFO     | DAHNet_train:train:200 - [iter:46/50][code_length:64][zs_mAP:0.48393][zs_mAP_all:0.49007]
2024-09-26 04:23:01.373 | INFO     | DAHNet_train:train:115 - [epoch:1/3][cnn_loss:80.262430][hash_loss:80.204260][quan_loss:0.058170][cls_loss:5.602912]
2024-09-26 04:23:44.346 | INFO     | DAHNet_train:train:115 - [epoch:2/3][cnn_loss:78.292099][hash_loss:78.234550][quan_loss:0.057549][cls_loss:5.600468]
2024-09-26 04:24:27.348 | INFO     | DAHNet_train:train:115 - [epoch:3/3][cnn_loss:78.058539][hash_loss:78.001502][quan_loss:0.057037][cls_loss:5.606617]
2024-09-26 04:24:27.374 | INFO     | DAHNet_train:train:123 - [iter:47/50][iter_time:127.56]
2024-09-26 04:27:48.754 | INFO     | DAHNet_train:train:199 - [iter:47/50][code_length:64][mAP:0.75957][mAP_all:0.61243][best_mAP:0.75957]
2024-09-26 04:27:48.755 | INFO     | DAHNet_train:train:200 - [iter:47/50][code_length:64][zs_mAP:0.49211][zs_mAP_all:0.49592]
2024-09-26 04:28:32.716 | INFO     | DAHNet_train:train:115 - [epoch:1/3][cnn_loss:79.032640][hash_loss:78.975585][quan_loss:0.057056][cls_loss:5.662663]
2024-09-26 04:29:15.230 | INFO     | DAHNet_train:train:115 - [epoch:2/3][cnn_loss:77.730310][hash_loss:77.674076][quan_loss:0.056235][cls_loss:5.666842]
2024-09-26 04:29:57.857 | INFO     | DAHNet_train:train:115 - [epoch:3/3][cnn_loss:76.875969][hash_loss:76.820150][quan_loss:0.055818][cls_loss:5.662251]
2024-09-26 04:29:57.883 | INFO     | DAHNet_train:train:123 - [iter:48/50][iter_time:129.13]
2024-09-26 04:33:28.455 | INFO     | DAHNet_train:train:199 - [iter:48/50][code_length:64][mAP:0.75851][mAP_all:0.62276][best_mAP:0.75957]
2024-09-26 04:33:28.455 | INFO     | DAHNet_train:train:200 - [iter:48/50][code_length:64][zs_mAP:0.49047][zs_mAP_all:0.49484]
2024-09-26 04:34:11.177 | INFO     | DAHNet_train:train:115 - [epoch:1/3][cnn_loss:81.018998][hash_loss:80.962694][quan_loss:0.056305][cls_loss:5.633454]
2024-09-26 04:34:53.875 | INFO     | DAHNet_train:train:115 - [epoch:2/3][cnn_loss:79.482000][hash_loss:79.426309][quan_loss:0.055691][cls_loss:5.644313]
2024-09-26 04:35:35.720 | INFO     | DAHNet_train:train:115 - [epoch:3/3][cnn_loss:78.767623][hash_loss:78.712348][quan_loss:0.055275][cls_loss:5.643428]
2024-09-26 04:35:35.746 | INFO     | DAHNet_train:train:123 - [iter:49/50][iter_time:127.29]
2024-09-26 04:39:04.651 | INFO     | DAHNet_train:train:199 - [iter:49/50][code_length:64][mAP:0.75585][mAP_all:0.61919][best_mAP:0.75957]
2024-09-26 04:39:04.652 | INFO     | DAHNet_train:train:200 - [iter:49/50][code_length:64][zs_mAP:0.47984][zs_mAP_all:0.48587]
2024-09-26 04:39:46.457 | INFO     | DAHNet_train:train:115 - [epoch:1/3][cnn_loss:78.523229][hash_loss:78.465152][quan_loss:0.058077][cls_loss:5.513449]
2024-09-26 04:40:30.110 | INFO     | DAHNet_train:train:115 - [epoch:2/3][cnn_loss:77.124228][hash_loss:77.066518][quan_loss:0.057710][cls_loss:5.509402]
2024-09-26 04:41:13.517 | INFO     | DAHNet_train:train:115 - [epoch:3/3][cnn_loss:76.330072][hash_loss:76.272796][quan_loss:0.057276][cls_loss:5.512118]
2024-09-26 04:41:13.537 | INFO     | DAHNet_train:train:123 - [iter:50/50][iter_time:128.88]
2024-09-26 04:44:36.883 | INFO     | DAHNet_train:train:199 - [iter:50/50][code_length:64][mAP:0.76387][mAP_all:0.62138][best_mAP:0.76387]
2024-09-26 04:44:36.885 | INFO     | DAHNet_train:train:200 - [iter:50/50][code_length:64][zs_mAP:0.49071][zs_mAP_all:0.49434]
2024-09-26 04:44:36.885 | INFO     | DAHNet_train:train:202 - [Training time:9297.84]
2024-09-26 04:44:36.890 | INFO     | __main__:run:138 - [code_length:64][map:0.7639][map_all:0.6214][zs_map:0.4907][zs_map_all:0.4943]
