2024-08-24 18:42:30.955 | SUCCESS  | __main__:run:54 - Namespace(ZS=5, align_step=50, arch='semicon', batch_size=16, cauchy_gamma=20.0, code_length=[16, 32, 64], data='flickr25k', dataset='flickr25kzs', device=device(type='cuda', index=1), epoch_change=11, flag='semicon', gamma=200, gpu=1, info='flickr25kzs-6-32-semicon-08-24-16,32,64-tanh1', lambd=0.1, lambd_ch=0.1, lambd_sp=0.1, lr=0.0005, lr_step=[45], margin=0.1, max_epoch=3, max_iter=50, momen=0.91, nesterov=False, net='ResNet', num_classes=32, num_query=1000, num_samples=2000, num_workers=2, num_zs=6, optim='SGD', pretrain=True, quan_loss=False, root='/4T/dataset/flickr25k', save_ckpt='checkpoints/', topk=5000, val_freq=5, wd=0.0001)
2024-08-24 18:43:48.645 | INFO     | SEMICON_train:train:102 - [epoch:1/3][cnn_loss:199.464561][hash_loss:199.334508][quan_loss:0.130052]
2024-08-24 18:44:41.679 | INFO     | SEMICON_train:train:102 - [epoch:2/3][cnn_loss:199.380553][hash_loss:199.250941][quan_loss:0.129612]
2024-08-24 18:45:31.535 | INFO     | SEMICON_train:train:102 - [epoch:3/3][cnn_loss:199.362332][hash_loss:199.232896][quan_loss:0.129436]
2024-08-24 18:45:31.544 | INFO     | SEMICON_train:train:110 - [iter:1/50][iter_time:162.08]
2024-08-24 18:46:21.831 | INFO     | SEMICON_train:train:102 - [epoch:1/3][cnn_loss:170.860067][hash_loss:170.644374][quan_loss:0.215692]
2024-08-24 18:47:11.779 | INFO     | SEMICON_train:train:102 - [epoch:2/3][cnn_loss:168.900432][hash_loss:168.674273][quan_loss:0.226159]
2024-08-24 18:48:02.165 | INFO     | SEMICON_train:train:102 - [epoch:3/3][cnn_loss:167.699154][hash_loss:167.477190][quan_loss:0.221964]
2024-08-24 18:48:02.170 | INFO     | SEMICON_train:train:110 - [iter:2/50][iter_time:150.63]
2024-08-24 18:48:54.228 | INFO     | SEMICON_train:train:102 - [epoch:1/3][cnn_loss:166.639539][hash_loss:166.410378][quan_loss:0.229161]
2024-08-24 18:49:43.985 | INFO     | SEMICON_train:train:102 - [epoch:2/3][cnn_loss:170.429036][hash_loss:170.195244][quan_loss:0.233792]
2024-08-24 18:50:34.535 | INFO     | SEMICON_train:train:102 - [epoch:3/3][cnn_loss:169.163297][hash_loss:168.933605][quan_loss:0.229691]
2024-08-24 18:50:34.545 | INFO     | SEMICON_train:train:110 - [iter:3/50][iter_time:152.37]
2024-08-24 18:51:24.315 | INFO     | SEMICON_train:train:102 - [epoch:1/3][cnn_loss:163.769405][hash_loss:163.543243][quan_loss:0.226161]
2024-08-24 18:52:13.678 | INFO     | SEMICON_train:train:102 - [epoch:2/3][cnn_loss:163.429271][hash_loss:163.204879][quan_loss:0.224393]
2024-08-24 18:53:02.413 | INFO     | SEMICON_train:train:102 - [epoch:3/3][cnn_loss:162.749329][hash_loss:162.525176][quan_loss:0.224153]
2024-08-24 18:53:02.420 | INFO     | SEMICON_train:train:110 - [iter:4/50][iter_time:147.87]
2024-08-24 18:53:52.997 | INFO     | SEMICON_train:train:102 - [epoch:1/3][cnn_loss:163.711561][hash_loss:163.484954][quan_loss:0.226608]
2024-08-24 18:54:42.283 | INFO     | SEMICON_train:train:102 - [epoch:2/3][cnn_loss:165.093869][hash_loss:164.863828][quan_loss:0.230041]
2024-08-24 18:55:33.151 | INFO     | SEMICON_train:train:102 - [epoch:3/3][cnn_loss:162.213844][hash_loss:161.987893][quan_loss:0.225952]
2024-08-24 18:55:33.162 | INFO     | SEMICON_train:train:110 - [iter:5/50][iter_time:150.74]
2024-08-24 18:55:47.178 | INFO     | SEMICON_train:train:188 - [iter:5/50][code_length:16][mAP:0.81035][mAP_all:0.66217][best_mAP:0.81035]
2024-08-24 18:55:47.179 | INFO     | SEMICON_train:train:189 - [iter:5/50][code_length:16][zs_mAP:0.40508][zs_mAP_all:0.33978]
2024-08-24 18:56:37.227 | INFO     | SEMICON_train:train:102 - [epoch:1/3][cnn_loss:163.903430][hash_loss:163.679021][quan_loss:0.224409]
2024-08-24 18:57:26.358 | INFO     | SEMICON_train:train:102 - [epoch:2/3][cnn_loss:161.856796][hash_loss:161.637106][quan_loss:0.219690]
2024-08-24 18:58:15.010 | INFO     | SEMICON_train:train:102 - [epoch:3/3][cnn_loss:163.352546][hash_loss:163.127773][quan_loss:0.224772]
2024-08-24 18:58:15.018 | INFO     | SEMICON_train:train:110 - [iter:6/50][iter_time:147.84]
2024-08-24 18:59:05.258 | INFO     | SEMICON_train:train:102 - [epoch:1/3][cnn_loss:162.701209][hash_loss:162.471778][quan_loss:0.229432]
2024-08-24 18:59:54.658 | INFO     | SEMICON_train:train:102 - [epoch:2/3][cnn_loss:160.394996][hash_loss:160.170006][quan_loss:0.224990]
2024-08-24 19:00:43.727 | INFO     | SEMICON_train:train:102 - [epoch:3/3][cnn_loss:159.429747][hash_loss:159.207366][quan_loss:0.222381]
2024-08-24 19:00:43.735 | INFO     | SEMICON_train:train:110 - [iter:7/50][iter_time:148.72]
2024-08-24 19:01:33.445 | INFO     | SEMICON_train:train:102 - [epoch:1/3][cnn_loss:163.671708][hash_loss:163.451142][quan_loss:0.220566]
2024-08-24 19:02:23.083 | INFO     | SEMICON_train:train:102 - [epoch:2/3][cnn_loss:162.871888][hash_loss:162.647106][quan_loss:0.224782]
2024-08-24 19:03:11.425 | INFO     | SEMICON_train:train:102 - [epoch:3/3][cnn_loss:161.539467][hash_loss:161.315517][quan_loss:0.223950]
2024-08-24 19:03:11.431 | INFO     | SEMICON_train:train:110 - [iter:8/50][iter_time:147.70]
2024-08-24 19:03:49.440 | INFO     | SEMICON_train:train:102 - [epoch:1/3][cnn_loss:162.594442][hash_loss:162.379309][quan_loss:0.215134]
2024-08-24 19:04:29.290 | INFO     | SEMICON_train:train:102 - [epoch:2/3][cnn_loss:161.335975][hash_loss:161.119230][quan_loss:0.216745]
2024-08-24 19:05:11.371 | INFO     | SEMICON_train:train:102 - [epoch:3/3][cnn_loss:161.841413][hash_loss:161.624256][quan_loss:0.217157]
2024-08-24 19:05:11.377 | INFO     | SEMICON_train:train:110 - [iter:9/50][iter_time:119.95]
2024-08-24 19:05:52.521 | INFO     | SEMICON_train:train:102 - [epoch:1/3][cnn_loss:158.053334][hash_loss:157.836346][quan_loss:0.216988]
2024-08-24 19:06:33.430 | INFO     | SEMICON_train:train:102 - [epoch:2/3][cnn_loss:159.215581][hash_loss:158.996008][quan_loss:0.219574]
2024-08-24 19:07:15.868 | INFO     | SEMICON_train:train:102 - [epoch:3/3][cnn_loss:156.458550][hash_loss:156.249127][quan_loss:0.209423]
2024-08-24 19:07:15.876 | INFO     | SEMICON_train:train:110 - [iter:10/50][iter_time:124.50]
2024-08-24 19:07:30.096 | INFO     | SEMICON_train:train:188 - [iter:10/50][code_length:16][mAP:0.83010][mAP_all:0.70407][best_mAP:0.83010]
2024-08-24 19:07:30.098 | INFO     | SEMICON_train:train:189 - [iter:10/50][code_length:16][zs_mAP:0.39893][zs_mAP_all:0.30959]
2024-08-24 19:08:11.557 | INFO     | SEMICON_train:train:102 - [epoch:1/3][cnn_loss:158.897811][hash_loss:158.681498][quan_loss:0.216313]
2024-08-24 19:08:54.712 | INFO     | SEMICON_train:train:102 - [epoch:2/3][cnn_loss:158.785675][hash_loss:158.567474][quan_loss:0.218201]
2024-08-24 19:09:37.479 | INFO     | SEMICON_train:train:102 - [epoch:3/3][cnn_loss:158.430719][hash_loss:158.212931][quan_loss:0.217789]
2024-08-24 19:09:37.484 | INFO     | SEMICON_train:train:110 - [iter:11/50][iter_time:127.39]
2024-08-24 19:10:18.326 | INFO     | SEMICON_train:train:102 - [epoch:1/3][cnn_loss:161.210103][hash_loss:161.002069][quan_loss:0.208034]
2024-08-24 19:10:58.979 | INFO     | SEMICON_train:train:102 - [epoch:2/3][cnn_loss:161.716380][hash_loss:161.508623][quan_loss:0.207757]
2024-08-24 19:11:41.103 | INFO     | SEMICON_train:train:102 - [epoch:3/3][cnn_loss:161.608337][hash_loss:161.399027][quan_loss:0.209310]
2024-08-24 19:11:41.115 | INFO     | SEMICON_train:train:110 - [iter:12/50][iter_time:123.63]
2024-08-24 19:12:22.737 | INFO     | SEMICON_train:train:102 - [epoch:1/3][cnn_loss:160.090538][hash_loss:159.874436][quan_loss:0.216102]
2024-08-24 19:13:05.326 | INFO     | SEMICON_train:train:102 - [epoch:2/3][cnn_loss:161.672857][hash_loss:161.450627][quan_loss:0.222229]
2024-08-24 19:13:55.080 | INFO     | SEMICON_train:train:102 - [epoch:3/3][cnn_loss:162.078349][hash_loss:161.855317][quan_loss:0.223031]
2024-08-24 19:13:55.088 | INFO     | SEMICON_train:train:110 - [iter:13/50][iter_time:133.97]
2024-08-24 19:14:47.214 | INFO     | SEMICON_train:train:102 - [epoch:1/3][cnn_loss:160.371000][hash_loss:160.153492][quan_loss:0.217508]
2024-08-24 19:15:37.082 | INFO     | SEMICON_train:train:102 - [epoch:2/3][cnn_loss:158.658866][hash_loss:158.442885][quan_loss:0.215980]
2024-08-24 19:16:27.213 | INFO     | SEMICON_train:train:102 - [epoch:3/3][cnn_loss:159.467425][hash_loss:159.249447][quan_loss:0.217978]
2024-08-24 19:16:27.221 | INFO     | SEMICON_train:train:110 - [iter:14/50][iter_time:152.13]
2024-08-24 19:17:16.852 | INFO     | SEMICON_train:train:102 - [epoch:1/3][cnn_loss:159.327730][hash_loss:159.105022][quan_loss:0.222708]
2024-08-24 19:18:06.498 | INFO     | SEMICON_train:train:102 - [epoch:2/3][cnn_loss:157.768170][hash_loss:157.546963][quan_loss:0.221207]
2024-08-24 19:18:58.118 | INFO     | SEMICON_train:train:102 - [epoch:3/3][cnn_loss:157.687020][hash_loss:157.466537][quan_loss:0.220482]
2024-08-24 19:18:58.125 | INFO     | SEMICON_train:train:110 - [iter:15/50][iter_time:150.90]
2024-08-24 19:19:12.504 | INFO     | SEMICON_train:train:188 - [iter:15/50][code_length:16][mAP:0.82233][mAP_all:0.68066][best_mAP:0.83010]
2024-08-24 19:19:12.504 | INFO     | SEMICON_train:train:189 - [iter:15/50][code_length:16][zs_mAP:0.39806][zs_mAP_all:0.32029]
2024-08-24 19:20:04.936 | INFO     | SEMICON_train:train:102 - [epoch:1/3][cnn_loss:162.479808][hash_loss:162.264793][quan_loss:0.215014]
2024-08-24 19:20:55.902 | INFO     | SEMICON_train:train:102 - [epoch:2/3][cnn_loss:161.959374][hash_loss:161.745880][quan_loss:0.213494]
2024-08-24 19:21:47.420 | INFO     | SEMICON_train:train:102 - [epoch:3/3][cnn_loss:162.323821][hash_loss:162.109471][quan_loss:0.214350]
2024-08-24 19:21:47.426 | INFO     | SEMICON_train:train:110 - [iter:16/50][iter_time:154.92]
2024-08-24 19:22:36.975 | INFO     | SEMICON_train:train:102 - [epoch:1/3][cnn_loss:155.663115][hash_loss:155.448019][quan_loss:0.215097]
2024-08-24 19:23:27.524 | INFO     | SEMICON_train:train:102 - [epoch:2/3][cnn_loss:157.526941][hash_loss:157.309707][quan_loss:0.217234]
2024-08-24 19:24:17.922 | INFO     | SEMICON_train:train:102 - [epoch:3/3][cnn_loss:154.663242][hash_loss:154.450263][quan_loss:0.212979]
2024-08-24 19:24:17.929 | INFO     | SEMICON_train:train:110 - [iter:17/50][iter_time:150.50]
2024-08-24 19:25:08.753 | INFO     | SEMICON_train:train:102 - [epoch:1/3][cnn_loss:158.377813][hash_loss:158.167703][quan_loss:0.210110]
2024-08-24 19:25:58.275 | INFO     | SEMICON_train:train:102 - [epoch:2/3][cnn_loss:155.594554][hash_loss:155.387611][quan_loss:0.206943]
2024-08-24 19:26:47.740 | INFO     | SEMICON_train:train:102 - [epoch:3/3][cnn_loss:155.607763][hash_loss:155.399702][quan_loss:0.208062]
2024-08-24 19:26:47.746 | INFO     | SEMICON_train:train:110 - [iter:18/50][iter_time:149.82]
2024-08-24 19:27:37.219 | INFO     | SEMICON_train:train:102 - [epoch:1/3][cnn_loss:159.252781][hash_loss:159.043742][quan_loss:0.209038]
2024-08-24 19:28:27.274 | INFO     | SEMICON_train:train:102 - [epoch:2/3][cnn_loss:158.488006][hash_loss:158.279789][quan_loss:0.208216]
2024-08-24 19:29:17.033 | INFO     | SEMICON_train:train:102 - [epoch:3/3][cnn_loss:159.592841][hash_loss:159.384500][quan_loss:0.208342]
2024-08-24 19:29:17.043 | INFO     | SEMICON_train:train:110 - [iter:19/50][iter_time:149.30]
2024-08-24 19:30:07.644 | INFO     | SEMICON_train:train:102 - [epoch:1/3][cnn_loss:158.884373][hash_loss:158.676434][quan_loss:0.207939]
2024-08-24 19:30:59.302 | INFO     | SEMICON_train:train:102 - [epoch:2/3][cnn_loss:159.358658][hash_loss:159.148123][quan_loss:0.210536]
2024-08-24 19:31:50.306 | INFO     | SEMICON_train:train:102 - [epoch:3/3][cnn_loss:159.577375][hash_loss:159.365850][quan_loss:0.211525]
2024-08-24 19:31:50.311 | INFO     | SEMICON_train:train:110 - [iter:20/50][iter_time:153.27]
2024-08-24 19:32:04.257 | INFO     | SEMICON_train:train:188 - [iter:20/50][code_length:16][mAP:0.81632][mAP_all:0.67229][best_mAP:0.83010]
2024-08-24 19:32:04.258 | INFO     | SEMICON_train:train:189 - [iter:20/50][code_length:16][zs_mAP:0.41092][zs_mAP_all:0.29829]
2024-08-24 19:32:54.081 | INFO     | SEMICON_train:train:102 - [epoch:1/3][cnn_loss:156.186320][hash_loss:155.975306][quan_loss:0.211014]
2024-08-24 19:33:42.841 | INFO     | SEMICON_train:train:102 - [epoch:2/3][cnn_loss:155.167435][hash_loss:154.958332][quan_loss:0.209103]
2024-08-24 19:34:32.480 | INFO     | SEMICON_train:train:102 - [epoch:3/3][cnn_loss:156.933429][hash_loss:156.721029][quan_loss:0.212399]
2024-08-24 19:34:32.489 | INFO     | SEMICON_train:train:110 - [iter:21/50][iter_time:148.23]
2024-08-24 19:35:22.075 | INFO     | SEMICON_train:train:102 - [epoch:1/3][cnn_loss:158.373129][hash_loss:158.158562][quan_loss:0.214568]
2024-08-24 19:36:13.263 | INFO     | SEMICON_train:train:102 - [epoch:2/3][cnn_loss:156.505206][hash_loss:156.293335][quan_loss:0.211871]
2024-08-24 19:37:04.485 | INFO     | SEMICON_train:train:102 - [epoch:3/3][cnn_loss:157.749501][hash_loss:157.536964][quan_loss:0.212537]
2024-08-24 19:37:04.491 | INFO     | SEMICON_train:train:110 - [iter:22/50][iter_time:152.00]
2024-08-24 19:37:53.239 | INFO     | SEMICON_train:train:102 - [epoch:1/3][cnn_loss:160.579026][hash_loss:160.364383][quan_loss:0.214643]
2024-08-24 19:38:42.191 | INFO     | SEMICON_train:train:102 - [epoch:2/3][cnn_loss:160.748097][hash_loss:160.530955][quan_loss:0.217142]
2024-08-24 19:39:31.616 | INFO     | SEMICON_train:train:102 - [epoch:3/3][cnn_loss:161.292810][hash_loss:161.076798][quan_loss:0.216012]
2024-08-24 19:39:31.626 | INFO     | SEMICON_train:train:110 - [iter:23/50][iter_time:147.13]
2024-08-24 19:40:19.969 | INFO     | SEMICON_train:train:102 - [epoch:1/3][cnn_loss:155.660559][hash_loss:155.444059][quan_loss:0.216500]
2024-08-24 19:41:09.052 | INFO     | SEMICON_train:train:102 - [epoch:2/3][cnn_loss:157.021422][hash_loss:156.804321][quan_loss:0.217101]
2024-08-24 19:41:57.388 | INFO     | SEMICON_train:train:102 - [epoch:3/3][cnn_loss:156.237064][hash_loss:156.023229][quan_loss:0.213836]
2024-08-24 19:41:57.395 | INFO     | SEMICON_train:train:110 - [iter:24/50][iter_time:145.77]
2024-08-24 19:42:46.631 | INFO     | SEMICON_train:train:102 - [epoch:1/3][cnn_loss:155.189515][hash_loss:154.974874][quan_loss:0.214641]
2024-08-24 19:43:36.329 | INFO     | SEMICON_train:train:102 - [epoch:2/3][cnn_loss:153.695128][hash_loss:153.481484][quan_loss:0.213643]
2024-08-24 19:44:26.670 | INFO     | SEMICON_train:train:102 - [epoch:3/3][cnn_loss:154.305250][hash_loss:154.090089][quan_loss:0.215161]
2024-08-24 19:44:26.678 | INFO     | SEMICON_train:train:110 - [iter:25/50][iter_time:149.28]
2024-08-24 19:44:42.393 | INFO     | SEMICON_train:train:188 - [iter:25/50][code_length:16][mAP:0.83703][mAP_all:0.69061][best_mAP:0.83703]
2024-08-24 19:44:42.394 | INFO     | SEMICON_train:train:189 - [iter:25/50][code_length:16][zs_mAP:0.40847][zs_mAP_all:0.33167]
2024-08-24 19:45:31.572 | INFO     | SEMICON_train:train:102 - [epoch:1/3][cnn_loss:157.003449][hash_loss:156.794402][quan_loss:0.209046]
2024-08-24 19:46:20.091 | INFO     | SEMICON_train:train:102 - [epoch:2/3][cnn_loss:157.264630][hash_loss:157.055730][quan_loss:0.208900]
2024-08-24 19:47:09.669 | INFO     | SEMICON_train:train:102 - [epoch:3/3][cnn_loss:157.479293][hash_loss:157.269782][quan_loss:0.209511]
2024-08-24 19:47:09.676 | INFO     | SEMICON_train:train:110 - [iter:26/50][iter_time:147.28]
2024-08-24 19:47:53.953 | INFO     | SEMICON_train:train:102 - [epoch:1/3][cnn_loss:155.143243][hash_loss:154.937781][quan_loss:0.205463]
2024-08-24 19:48:29.987 | INFO     | SEMICON_train:train:102 - [epoch:2/3][cnn_loss:155.962405][hash_loss:155.756706][quan_loss:0.205700]
2024-08-24 19:49:11.863 | INFO     | SEMICON_train:train:102 - [epoch:3/3][cnn_loss:158.074033][hash_loss:157.864543][quan_loss:0.209490]
2024-08-24 19:49:11.868 | INFO     | SEMICON_train:train:110 - [iter:27/50][iter_time:122.19]
2024-08-24 19:49:54.735 | INFO     | SEMICON_train:train:102 - [epoch:1/3][cnn_loss:153.705514][hash_loss:153.491596][quan_loss:0.213918]
2024-08-24 19:50:36.446 | INFO     | SEMICON_train:train:102 - [epoch:2/3][cnn_loss:152.594206][hash_loss:152.381544][quan_loss:0.212663]
2024-08-24 19:51:18.996 | INFO     | SEMICON_train:train:102 - [epoch:3/3][cnn_loss:153.614520][hash_loss:153.400400][quan_loss:0.214120]
2024-08-24 19:51:19.002 | INFO     | SEMICON_train:train:110 - [iter:28/50][iter_time:127.13]
2024-08-24 19:51:59.818 | INFO     | SEMICON_train:train:102 - [epoch:1/3][cnn_loss:149.707912][hash_loss:149.498643][quan_loss:0.209269]
2024-08-24 19:52:41.380 | INFO     | SEMICON_train:train:102 - [epoch:2/3][cnn_loss:150.415032][hash_loss:150.203656][quan_loss:0.211376]
2024-08-24 19:53:23.802 | INFO     | SEMICON_train:train:102 - [epoch:3/3][cnn_loss:151.305793][hash_loss:151.093491][quan_loss:0.212302]
2024-08-24 19:53:23.809 | INFO     | SEMICON_train:train:110 - [iter:29/50][iter_time:124.81]
2024-08-24 19:54:05.894 | INFO     | SEMICON_train:train:102 - [epoch:1/3][cnn_loss:152.534253][hash_loss:152.326520][quan_loss:0.207734]
2024-08-24 19:54:47.144 | INFO     | SEMICON_train:train:102 - [epoch:2/3][cnn_loss:152.139509][hash_loss:151.933462][quan_loss:0.206047]
2024-08-24 19:55:30.039 | INFO     | SEMICON_train:train:102 - [epoch:3/3][cnn_loss:153.073300][hash_loss:152.863786][quan_loss:0.209514]
2024-08-24 19:55:30.047 | INFO     | SEMICON_train:train:110 - [iter:30/50][iter_time:126.24]
2024-08-24 19:55:42.732 | INFO     | SEMICON_train:train:188 - [iter:30/50][code_length:16][mAP:0.81962][mAP_all:0.66541][best_mAP:0.83703]
2024-08-24 19:55:42.733 | INFO     | SEMICON_train:train:189 - [iter:30/50][code_length:16][zs_mAP:0.40219][zs_mAP_all:0.31202]
2024-08-24 19:56:27.424 | INFO     | SEMICON_train:train:102 - [epoch:1/3][cnn_loss:157.531016][hash_loss:157.320401][quan_loss:0.210615]
2024-08-24 19:57:09.714 | INFO     | SEMICON_train:train:102 - [epoch:2/3][cnn_loss:157.613263][hash_loss:157.402149][quan_loss:0.211114]
2024-08-24 19:57:58.111 | INFO     | SEMICON_train:train:102 - [epoch:3/3][cnn_loss:155.299578][hash_loss:155.090052][quan_loss:0.209526]
2024-08-24 19:57:58.118 | INFO     | SEMICON_train:train:110 - [iter:31/50][iter_time:135.39]
2024-08-24 19:58:49.481 | INFO     | SEMICON_train:train:102 - [epoch:1/3][cnn_loss:153.010505][hash_loss:152.800477][quan_loss:0.210028]
2024-08-24 19:59:41.029 | INFO     | SEMICON_train:train:102 - [epoch:2/3][cnn_loss:151.919618][hash_loss:151.709418][quan_loss:0.210200]
2024-08-24 20:00:28.559 | INFO     | SEMICON_train:train:102 - [epoch:3/3][cnn_loss:152.978836][hash_loss:152.767632][quan_loss:0.211204]
2024-08-24 20:00:28.569 | INFO     | SEMICON_train:train:110 - [iter:32/50][iter_time:150.45]
2024-08-24 20:01:19.004 | INFO     | SEMICON_train:train:102 - [epoch:1/3][cnn_loss:150.709422][hash_loss:150.499062][quan_loss:0.210360]
2024-08-24 20:02:06.693 | INFO     | SEMICON_train:train:102 - [epoch:2/3][cnn_loss:151.317215][hash_loss:151.107251][quan_loss:0.209964]
2024-08-24 20:02:55.535 | INFO     | SEMICON_train:train:102 - [epoch:3/3][cnn_loss:151.528237][hash_loss:151.316996][quan_loss:0.211241]
2024-08-24 20:02:55.543 | INFO     | SEMICON_train:train:110 - [iter:33/50][iter_time:146.97]
2024-08-24 20:03:45.257 | INFO     | SEMICON_train:train:102 - [epoch:1/3][cnn_loss:157.025049][hash_loss:156.811845][quan_loss:0.213204]
2024-08-24 20:04:35.007 | INFO     | SEMICON_train:train:102 - [epoch:2/3][cnn_loss:154.015232][hash_loss:153.806599][quan_loss:0.208633]
2024-08-24 20:05:23.538 | INFO     | SEMICON_train:train:102 - [epoch:3/3][cnn_loss:154.039365][hash_loss:153.830437][quan_loss:0.208929]
2024-08-24 20:05:23.547 | INFO     | SEMICON_train:train:110 - [iter:34/50][iter_time:148.00]
2024-08-24 20:06:12.863 | INFO     | SEMICON_train:train:102 - [epoch:1/3][cnn_loss:151.395113][hash_loss:151.183675][quan_loss:0.211438]
2024-08-24 20:06:59.488 | INFO     | SEMICON_train:train:102 - [epoch:2/3][cnn_loss:150.282375][hash_loss:150.072907][quan_loss:0.209468]
2024-08-24 20:07:51.356 | INFO     | SEMICON_train:train:102 - [epoch:3/3][cnn_loss:151.507163][hash_loss:151.292850][quan_loss:0.214312]
2024-08-24 20:07:51.365 | INFO     | SEMICON_train:train:110 - [iter:35/50][iter_time:147.82]
2024-08-24 20:08:05.282 | INFO     | SEMICON_train:train:188 - [iter:35/50][code_length:16][mAP:0.83588][mAP_all:0.70952][best_mAP:0.83703]
2024-08-24 20:08:05.283 | INFO     | SEMICON_train:train:189 - [iter:35/50][code_length:16][zs_mAP:0.40271][zs_mAP_all:0.31090]
2024-08-24 20:08:53.953 | INFO     | SEMICON_train:train:102 - [epoch:1/3][cnn_loss:158.179167][hash_loss:157.969493][quan_loss:0.209673]
2024-08-24 20:09:43.473 | INFO     | SEMICON_train:train:102 - [epoch:2/3][cnn_loss:156.622185][hash_loss:156.413994][quan_loss:0.208190]
2024-08-24 20:10:32.770 | INFO     | SEMICON_train:train:102 - [epoch:3/3][cnn_loss:156.571361][hash_loss:156.365041][quan_loss:0.206320]
2024-08-24 20:10:32.777 | INFO     | SEMICON_train:train:110 - [iter:36/50][iter_time:147.49]
2024-08-24 20:10:46.503 | INFO     | SEMICON_train:train:188 - [iter:36/50][code_length:16][mAP:0.83538][mAP_all:0.70743][best_mAP:0.83703]
2024-08-24 20:10:46.504 | INFO     | SEMICON_train:train:189 - [iter:36/50][code_length:16][zs_mAP:0.40656][zs_mAP_all:0.29368]
2024-08-24 20:11:38.779 | INFO     | SEMICON_train:train:102 - [epoch:1/3][cnn_loss:154.163424][hash_loss:153.955993][quan_loss:0.207432]
2024-08-24 20:12:27.715 | INFO     | SEMICON_train:train:102 - [epoch:2/3][cnn_loss:153.889968][hash_loss:153.683109][quan_loss:0.206859]
2024-08-24 20:13:20.753 | INFO     | SEMICON_train:train:102 - [epoch:3/3][cnn_loss:155.173411][hash_loss:154.966383][quan_loss:0.207028]
2024-08-24 20:13:20.759 | INFO     | SEMICON_train:train:110 - [iter:37/50][iter_time:154.25]
2024-08-24 20:13:35.512 | INFO     | SEMICON_train:train:188 - [iter:37/50][code_length:16][mAP:0.82891][mAP_all:0.71960][best_mAP:0.83703]
2024-08-24 20:13:35.512 | INFO     | SEMICON_train:train:189 - [iter:37/50][code_length:16][zs_mAP:0.39872][zs_mAP_all:0.29669]
2024-08-24 20:14:26.043 | INFO     | SEMICON_train:train:102 - [epoch:1/3][cnn_loss:152.384783][hash_loss:152.174906][quan_loss:0.209877]
2024-08-24 20:15:15.177 | INFO     | SEMICON_train:train:102 - [epoch:2/3][cnn_loss:154.117829][hash_loss:153.904306][quan_loss:0.213523]
2024-08-24 20:16:05.323 | INFO     | SEMICON_train:train:102 - [epoch:3/3][cnn_loss:152.243902][hash_loss:152.034925][quan_loss:0.208977]
2024-08-24 20:16:05.332 | INFO     | SEMICON_train:train:110 - [iter:38/50][iter_time:149.82]
2024-08-24 20:16:21.844 | INFO     | SEMICON_train:train:188 - [iter:38/50][code_length:16][mAP:0.82708][mAP_all:0.71117][best_mAP:0.83703]
2024-08-24 20:16:21.845 | INFO     | SEMICON_train:train:189 - [iter:38/50][code_length:16][zs_mAP:0.40669][zs_mAP_all:0.29224]
2024-08-24 20:17:11.983 | INFO     | SEMICON_train:train:102 - [epoch:1/3][cnn_loss:158.149033][hash_loss:157.942525][quan_loss:0.206508]
2024-08-24 20:18:01.837 | INFO     | SEMICON_train:train:102 - [epoch:2/3][cnn_loss:157.661021][hash_loss:157.454735][quan_loss:0.206286]
2024-08-24 20:18:51.184 | INFO     | SEMICON_train:train:102 - [epoch:3/3][cnn_loss:158.704982][hash_loss:158.496508][quan_loss:0.208474]
2024-08-24 20:18:51.190 | INFO     | SEMICON_train:train:110 - [iter:39/50][iter_time:149.35]
2024-08-24 20:19:05.415 | INFO     | SEMICON_train:train:188 - [iter:39/50][code_length:16][mAP:0.83151][mAP_all:0.70555][best_mAP:0.83703]
2024-08-24 20:19:05.416 | INFO     | SEMICON_train:train:189 - [iter:39/50][code_length:16][zs_mAP:0.41188][zs_mAP_all:0.29142]
2024-08-24 20:20:01.101 | INFO     | SEMICON_train:train:102 - [epoch:1/3][cnn_loss:154.204335][hash_loss:153.993312][quan_loss:0.211023]
2024-08-24 20:20:58.179 | INFO     | SEMICON_train:train:102 - [epoch:2/3][cnn_loss:152.349905][hash_loss:152.139877][quan_loss:0.210028]
2024-08-24 20:21:57.355 | INFO     | SEMICON_train:train:102 - [epoch:3/3][cnn_loss:151.800743][hash_loss:151.593951][quan_loss:0.206792]
2024-08-24 20:21:57.361 | INFO     | SEMICON_train:train:110 - [iter:40/50][iter_time:171.94]
2024-08-24 20:22:10.617 | INFO     | SEMICON_train:train:188 - [iter:40/50][code_length:16][mAP:0.83304][mAP_all:0.70637][best_mAP:0.83703]
2024-08-24 20:22:10.617 | INFO     | SEMICON_train:train:189 - [iter:40/50][code_length:16][zs_mAP:0.39720][zs_mAP_all:0.31477]
2024-08-24 20:23:03.209 | INFO     | SEMICON_train:train:102 - [epoch:1/3][cnn_loss:153.373530][hash_loss:153.165604][quan_loss:0.207925]
2024-08-24 20:23:54.128 | INFO     | SEMICON_train:train:102 - [epoch:2/3][cnn_loss:150.992848][hash_loss:150.788627][quan_loss:0.204221]
2024-08-24 20:24:45.064 | INFO     | SEMICON_train:train:102 - [epoch:3/3][cnn_loss:151.439891][hash_loss:151.234846][quan_loss:0.205044]
2024-08-24 20:24:45.071 | INFO     | SEMICON_train:train:110 - [iter:41/50][iter_time:154.45]
2024-08-24 20:24:58.463 | INFO     | SEMICON_train:train:188 - [iter:41/50][code_length:16][mAP:0.83648][mAP_all:0.70831][best_mAP:0.83703]
2024-08-24 20:24:58.464 | INFO     | SEMICON_train:train:189 - [iter:41/50][code_length:16][zs_mAP:0.40500][zs_mAP_all:0.31031]
2024-08-24 20:25:48.267 | INFO     | SEMICON_train:train:102 - [epoch:1/3][cnn_loss:150.336376][hash_loss:150.132006][quan_loss:0.204370]
2024-08-24 20:26:37.916 | INFO     | SEMICON_train:train:102 - [epoch:2/3][cnn_loss:151.549201][hash_loss:151.341140][quan_loss:0.208061]
2024-08-24 20:27:37.343 | INFO     | SEMICON_train:train:102 - [epoch:3/3][cnn_loss:152.033860][hash_loss:151.823759][quan_loss:0.210101]
2024-08-24 20:27:37.353 | INFO     | SEMICON_train:train:110 - [iter:42/50][iter_time:158.89]
2024-08-24 20:27:53.181 | INFO     | SEMICON_train:train:188 - [iter:42/50][code_length:16][mAP:0.82893][mAP_all:0.70019][best_mAP:0.83703]
2024-08-24 20:27:53.182 | INFO     | SEMICON_train:train:189 - [iter:42/50][code_length:16][zs_mAP:0.40917][zs_mAP_all:0.29341]
2024-08-24 20:29:05.017 | INFO     | SEMICON_train:train:102 - [epoch:1/3][cnn_loss:151.671142][hash_loss:151.462596][quan_loss:0.208546]
2024-08-24 20:30:18.467 | INFO     | SEMICON_train:train:102 - [epoch:2/3][cnn_loss:151.198485][hash_loss:150.992291][quan_loss:0.206195]
2024-08-24 20:31:28.150 | INFO     | SEMICON_train:train:102 - [epoch:3/3][cnn_loss:149.494358][hash_loss:149.289657][quan_loss:0.204701]
2024-08-24 20:31:28.161 | INFO     | SEMICON_train:train:110 - [iter:43/50][iter_time:214.98]
2024-08-24 20:31:45.303 | INFO     | SEMICON_train:train:188 - [iter:43/50][code_length:16][mAP:0.83305][mAP_all:0.71908][best_mAP:0.83703]
2024-08-24 20:31:45.303 | INFO     | SEMICON_train:train:189 - [iter:43/50][code_length:16][zs_mAP:0.41041][zs_mAP_all:0.28394]
2024-08-24 20:32:34.513 | INFO     | SEMICON_train:train:102 - [epoch:1/3][cnn_loss:155.987305][hash_loss:155.779766][quan_loss:0.207539]
2024-08-24 20:33:29.311 | INFO     | SEMICON_train:train:102 - [epoch:2/3][cnn_loss:153.250057][hash_loss:153.045532][quan_loss:0.204525]
2024-08-24 20:34:27.562 | INFO     | SEMICON_train:train:102 - [epoch:3/3][cnn_loss:153.658331][hash_loss:153.454620][quan_loss:0.203711]
2024-08-24 20:34:27.568 | INFO     | SEMICON_train:train:110 - [iter:44/50][iter_time:162.26]
2024-08-24 20:34:42.141 | INFO     | SEMICON_train:train:188 - [iter:44/50][code_length:16][mAP:0.83427][mAP_all:0.71030][best_mAP:0.83703]
2024-08-24 20:34:42.142 | INFO     | SEMICON_train:train:189 - [iter:44/50][code_length:16][zs_mAP:0.40855][zs_mAP_all:0.30160]
2024-08-24 20:35:43.036 | INFO     | SEMICON_train:train:102 - [epoch:1/3][cnn_loss:156.302418][hash_loss:156.095426][quan_loss:0.206992]
2024-08-24 20:36:43.515 | INFO     | SEMICON_train:train:102 - [epoch:2/3][cnn_loss:153.439087][hash_loss:153.235933][quan_loss:0.203154]
2024-08-24 20:37:42.370 | INFO     | SEMICON_train:train:102 - [epoch:3/3][cnn_loss:153.788148][hash_loss:153.584923][quan_loss:0.203225]
2024-08-24 20:37:42.379 | INFO     | SEMICON_train:train:110 - [iter:45/50][iter_time:180.24]
2024-08-24 20:37:57.145 | INFO     | SEMICON_train:train:188 - [iter:45/50][code_length:16][mAP:0.83067][mAP_all:0.71497][best_mAP:0.83703]
2024-08-24 20:37:57.146 | INFO     | SEMICON_train:train:189 - [iter:45/50][code_length:16][zs_mAP:0.40423][zs_mAP_all:0.32320]
2024-08-24 20:38:54.685 | INFO     | SEMICON_train:train:102 - [epoch:1/3][cnn_loss:152.288728][hash_loss:152.086510][quan_loss:0.202218]
2024-08-24 20:39:53.937 | INFO     | SEMICON_train:train:102 - [epoch:2/3][cnn_loss:152.047656][hash_loss:151.846869][quan_loss:0.200787]
2024-08-24 20:40:53.048 | INFO     | SEMICON_train:train:102 - [epoch:3/3][cnn_loss:153.579442][hash_loss:153.376426][quan_loss:0.203017]
2024-08-24 20:40:53.054 | INFO     | SEMICON_train:train:110 - [iter:46/50][iter_time:175.91]
2024-08-24 20:41:08.525 | INFO     | SEMICON_train:train:188 - [iter:46/50][code_length:16][mAP:0.83882][mAP_all:0.71695][best_mAP:0.83882]
2024-08-24 20:41:08.527 | INFO     | SEMICON_train:train:189 - [iter:46/50][code_length:16][zs_mAP:0.40087][zs_mAP_all:0.30165]
2024-08-24 20:42:06.752 | INFO     | SEMICON_train:train:102 - [epoch:1/3][cnn_loss:150.123427][hash_loss:149.918648][quan_loss:0.204778]
2024-08-24 20:43:03.830 | INFO     | SEMICON_train:train:102 - [epoch:2/3][cnn_loss:149.676280][hash_loss:149.472720][quan_loss:0.203559]
2024-08-24 20:44:14.274 | INFO     | SEMICON_train:train:102 - [epoch:3/3][cnn_loss:150.209767][hash_loss:150.005141][quan_loss:0.204626]
2024-08-24 20:44:14.284 | INFO     | SEMICON_train:train:110 - [iter:47/50][iter_time:185.76]
2024-08-24 20:44:30.837 | INFO     | SEMICON_train:train:188 - [iter:47/50][code_length:16][mAP:0.84182][mAP_all:0.72162][best_mAP:0.84182]
2024-08-24 20:44:30.838 | INFO     | SEMICON_train:train:189 - [iter:47/50][code_length:16][zs_mAP:0.40102][zs_mAP_all:0.29371]
2024-08-24 20:45:39.721 | INFO     | SEMICON_train:train:102 - [epoch:1/3][cnn_loss:148.884557][hash_loss:148.684114][quan_loss:0.200443]
2024-08-24 20:46:47.161 | INFO     | SEMICON_train:train:102 - [epoch:2/3][cnn_loss:147.951492][hash_loss:147.752865][quan_loss:0.198627]
2024-08-24 20:47:58.145 | INFO     | SEMICON_train:train:102 - [epoch:3/3][cnn_loss:146.873526][hash_loss:146.676393][quan_loss:0.197133]
2024-08-24 20:47:58.156 | INFO     | SEMICON_train:train:110 - [iter:48/50][iter_time:207.32]
2024-08-24 20:48:14.369 | INFO     | SEMICON_train:train:188 - [iter:48/50][code_length:16][mAP:0.84324][mAP_all:0.72791][best_mAP:0.84324]
2024-08-24 20:48:14.370 | INFO     | SEMICON_train:train:189 - [iter:48/50][code_length:16][zs_mAP:0.40036][zs_mAP_all:0.28615]
2024-08-24 20:49:21.463 | INFO     | SEMICON_train:train:102 - [epoch:1/3][cnn_loss:153.135403][hash_loss:152.934799][quan_loss:0.200603]
2024-08-24 20:50:32.083 | INFO     | SEMICON_train:train:102 - [epoch:2/3][cnn_loss:152.985202][hash_loss:152.783716][quan_loss:0.201485]
2024-08-24 20:51:36.344 | INFO     | SEMICON_train:train:102 - [epoch:3/3][cnn_loss:152.378358][hash_loss:152.178001][quan_loss:0.200358]
2024-08-24 20:51:36.352 | INFO     | SEMICON_train:train:110 - [iter:49/50][iter_time:201.98]
2024-08-24 20:51:52.279 | INFO     | SEMICON_train:train:188 - [iter:49/50][code_length:16][mAP:0.84381][mAP_all:0.72380][best_mAP:0.84381]
2024-08-24 20:51:52.280 | INFO     | SEMICON_train:train:189 - [iter:49/50][code_length:16][zs_mAP:0.39775][zs_mAP_all:0.29260]
2024-08-24 20:52:52.236 | INFO     | SEMICON_train:train:102 - [epoch:1/3][cnn_loss:149.412714][hash_loss:149.212771][quan_loss:0.199942]
2024-08-24 20:53:50.817 | INFO     | SEMICON_train:train:102 - [epoch:2/3][cnn_loss:149.675009][hash_loss:149.475347][quan_loss:0.199663]
2024-08-24 20:54:51.719 | INFO     | SEMICON_train:train:102 - [epoch:3/3][cnn_loss:149.230192][hash_loss:149.029947][quan_loss:0.200245]
2024-08-24 20:54:51.726 | INFO     | SEMICON_train:train:110 - [iter:50/50][iter_time:179.45]
2024-08-24 20:55:07.117 | INFO     | SEMICON_train:train:188 - [iter:50/50][code_length:16][mAP:0.84185][mAP_all:0.72872][best_mAP:0.84381]
2024-08-24 20:55:07.118 | INFO     | SEMICON_train:train:189 - [iter:50/50][code_length:16][zs_mAP:0.40038][zs_mAP_all:0.28259]
2024-08-24 20:55:07.118 | INFO     | SEMICON_train:train:191 - [Training time:7937.65]
2024-08-24 20:55:07.124 | INFO     | __main__:run:123 - [code_length:16][map:0.8438][map_all:0.7238][zs_map:0.3978][zs_map_all:0.2926]
2024-08-24 20:56:10.428 | INFO     | SEMICON_train:train:102 - [epoch:1/3][cnn_loss:391.930585][hash_loss:391.800592][quan_loss:0.129994]
2024-08-24 20:57:13.309 | INFO     | SEMICON_train:train:102 - [epoch:2/3][cnn_loss:391.780946][hash_loss:391.650692][quan_loss:0.130253]
2024-08-24 20:58:18.558 | INFO     | SEMICON_train:train:102 - [epoch:3/3][cnn_loss:391.743192][hash_loss:391.612812][quan_loss:0.130378]
2024-08-24 20:58:18.569 | INFO     | SEMICON_train:train:110 - [iter:1/50][iter_time:189.44]
2024-08-24 20:59:19.855 | INFO     | SEMICON_train:train:102 - [epoch:1/3][cnn_loss:346.140910][hash_loss:345.918748][quan_loss:0.222161]
2024-08-24 21:00:20.164 | INFO     | SEMICON_train:train:102 - [epoch:2/3][cnn_loss:348.796122][hash_loss:348.564587][quan_loss:0.231535]
2024-08-24 21:01:20.401 | INFO     | SEMICON_train:train:102 - [epoch:3/3][cnn_loss:347.362984][hash_loss:347.131758][quan_loss:0.231225]
2024-08-24 21:01:20.411 | INFO     | SEMICON_train:train:110 - [iter:2/50][iter_time:181.84]
2024-08-24 21:02:20.326 | INFO     | SEMICON_train:train:102 - [epoch:1/3][cnn_loss:350.096603][hash_loss:349.854525][quan_loss:0.242079]
2024-08-24 21:03:23.124 | INFO     | SEMICON_train:train:102 - [epoch:2/3][cnn_loss:345.030957][hash_loss:344.791883][quan_loss:0.239073]
2024-08-24 21:04:25.647 | INFO     | SEMICON_train:train:102 - [epoch:3/3][cnn_loss:344.850656][hash_loss:344.610078][quan_loss:0.240580]
2024-08-24 21:04:25.658 | INFO     | SEMICON_train:train:110 - [iter:3/50][iter_time:185.25]
2024-08-24 21:05:28.685 | INFO     | SEMICON_train:train:102 - [epoch:1/3][cnn_loss:339.412725][hash_loss:339.171272][quan_loss:0.241452]
2024-08-24 21:06:34.525 | INFO     | SEMICON_train:train:102 - [epoch:2/3][cnn_loss:335.855749][hash_loss:335.618379][quan_loss:0.237371]
2024-08-24 21:07:37.851 | INFO     | SEMICON_train:train:102 - [epoch:3/3][cnn_loss:335.010813][hash_loss:334.772898][quan_loss:0.237915]
2024-08-24 21:07:37.863 | INFO     | SEMICON_train:train:110 - [iter:4/50][iter_time:192.21]
2024-08-24 21:08:49.061 | INFO     | SEMICON_train:train:102 - [epoch:1/3][cnn_loss:344.498258][hash_loss:344.259419][quan_loss:0.238841]
2024-08-24 21:09:58.750 | INFO     | SEMICON_train:train:102 - [epoch:2/3][cnn_loss:340.252686][hash_loss:340.015988][quan_loss:0.236698]
2024-08-24 21:11:09.327 | INFO     | SEMICON_train:train:102 - [epoch:3/3][cnn_loss:345.308991][hash_loss:345.068818][quan_loss:0.240174]
2024-08-24 21:11:09.340 | INFO     | SEMICON_train:train:110 - [iter:5/50][iter_time:211.48]
2024-08-24 21:11:26.450 | INFO     | SEMICON_train:train:188 - [iter:5/50][code_length:32][mAP:0.81152][mAP_all:0.59722][best_mAP:0.81152]
2024-08-24 21:11:26.451 | INFO     | SEMICON_train:train:189 - [iter:5/50][code_length:32][zs_mAP:0.39034][zs_mAP_all:0.34486]
2024-08-24 21:12:33.960 | INFO     | SEMICON_train:train:102 - [epoch:1/3][cnn_loss:341.286802][hash_loss:341.054265][quan_loss:0.232537]
2024-08-24 21:13:39.593 | INFO     | SEMICON_train:train:102 - [epoch:2/3][cnn_loss:337.056538][hash_loss:336.825249][quan_loss:0.231289]
2024-08-24 21:14:44.731 | INFO     | SEMICON_train:train:102 - [epoch:3/3][cnn_loss:336.279909][hash_loss:336.050901][quan_loss:0.229008]
2024-08-24 21:14:44.745 | INFO     | SEMICON_train:train:110 - [iter:6/50][iter_time:198.29]
2024-08-24 21:15:46.778 | INFO     | SEMICON_train:train:102 - [epoch:1/3][cnn_loss:329.310324][hash_loss:329.081700][quan_loss:0.228624]
2024-08-24 21:16:44.572 | INFO     | SEMICON_train:train:102 - [epoch:2/3][cnn_loss:328.719102][hash_loss:328.489992][quan_loss:0.229111]
2024-08-24 21:17:45.477 | INFO     | SEMICON_train:train:102 - [epoch:3/3][cnn_loss:329.789143][hash_loss:329.557572][quan_loss:0.231572]
2024-08-24 21:17:45.493 | INFO     | SEMICON_train:train:110 - [iter:7/50][iter_time:180.75]
2024-08-24 21:18:44.476 | INFO     | SEMICON_train:train:102 - [epoch:1/3][cnn_loss:324.365838][hash_loss:324.134994][quan_loss:0.230843]
2024-08-24 21:19:45.535 | INFO     | SEMICON_train:train:102 - [epoch:2/3][cnn_loss:323.552860][hash_loss:323.322807][quan_loss:0.230054]
2024-08-24 21:20:46.267 | INFO     | SEMICON_train:train:102 - [epoch:3/3][cnn_loss:323.587058][hash_loss:323.356412][quan_loss:0.230646]
2024-08-24 21:20:46.275 | INFO     | SEMICON_train:train:110 - [iter:8/50][iter_time:180.78]
2024-08-24 21:21:50.938 | INFO     | SEMICON_train:train:102 - [epoch:1/3][cnn_loss:327.495837][hash_loss:327.268942][quan_loss:0.226896]
2024-08-24 21:22:56.624 | INFO     | SEMICON_train:train:102 - [epoch:2/3][cnn_loss:324.852887][hash_loss:324.627522][quan_loss:0.225364]
2024-08-24 21:23:56.125 | INFO     | SEMICON_train:train:102 - [epoch:3/3][cnn_loss:325.872057][hash_loss:325.647027][quan_loss:0.225032]
2024-08-24 21:23:56.140 | INFO     | SEMICON_train:train:110 - [iter:9/50][iter_time:189.86]
2024-08-24 21:24:56.094 | INFO     | SEMICON_train:train:102 - [epoch:1/3][cnn_loss:317.658395][hash_loss:317.432941][quan_loss:0.225454]
2024-08-24 21:25:44.869 | INFO     | SEMICON_train:train:102 - [epoch:2/3][cnn_loss:318.557369][hash_loss:318.331719][quan_loss:0.225651]
2024-08-24 21:26:42.469 | INFO     | SEMICON_train:train:102 - [epoch:3/3][cnn_loss:319.665786][hash_loss:319.437484][quan_loss:0.228303]
2024-08-24 21:26:42.482 | INFO     | SEMICON_train:train:110 - [iter:10/50][iter_time:166.34]
2024-08-24 21:26:58.627 | INFO     | SEMICON_train:train:188 - [iter:10/50][code_length:32][mAP:0.81539][mAP_all:0.64288][best_mAP:0.81539]
2024-08-24 21:26:58.628 | INFO     | SEMICON_train:train:189 - [iter:10/50][code_length:32][zs_mAP:0.40454][zs_mAP_all:0.31554]
2024-08-24 21:27:56.430 | INFO     | SEMICON_train:train:102 - [epoch:1/3][cnn_loss:316.058991][hash_loss:315.841447][quan_loss:0.217543]
2024-08-24 21:28:55.348 | INFO     | SEMICON_train:train:102 - [epoch:2/3][cnn_loss:318.110706][hash_loss:317.891297][quan_loss:0.219408]
2024-08-24 21:29:56.004 | INFO     | SEMICON_train:train:102 - [epoch:3/3][cnn_loss:317.810052][hash_loss:317.589716][quan_loss:0.220337]
2024-08-24 21:29:56.016 | INFO     | SEMICON_train:train:110 - [iter:11/50][iter_time:177.39]
2024-08-24 21:30:54.959 | INFO     | SEMICON_train:train:102 - [epoch:1/3][cnn_loss:317.047422][hash_loss:316.818925][quan_loss:0.228498]
2024-08-24 21:31:53.847 | INFO     | SEMICON_train:train:102 - [epoch:2/3][cnn_loss:316.989885][hash_loss:316.762425][quan_loss:0.227461]
2024-08-24 21:32:52.037 | INFO     | SEMICON_train:train:102 - [epoch:3/3][cnn_loss:317.096520][hash_loss:316.868849][quan_loss:0.227673]
2024-08-24 21:32:52.049 | INFO     | SEMICON_train:train:110 - [iter:12/50][iter_time:176.03]
2024-08-24 21:33:50.546 | INFO     | SEMICON_train:train:102 - [epoch:1/3][cnn_loss:317.249198][hash_loss:317.023044][quan_loss:0.226155]
2024-08-24 21:34:50.348 | INFO     | SEMICON_train:train:102 - [epoch:2/3][cnn_loss:316.374544][hash_loss:316.148331][quan_loss:0.226212]
2024-08-24 21:35:54.300 | INFO     | SEMICON_train:train:102 - [epoch:3/3][cnn_loss:316.784695][hash_loss:316.560332][quan_loss:0.224363]
2024-08-24 21:35:54.311 | INFO     | SEMICON_train:train:110 - [iter:13/50][iter_time:182.26]
2024-08-24 21:37:07.932 | INFO     | SEMICON_train:train:102 - [epoch:1/3][cnn_loss:325.671406][hash_loss:325.447765][quan_loss:0.223639]
2024-08-24 21:38:11.708 | INFO     | SEMICON_train:train:102 - [epoch:2/3][cnn_loss:323.748046][hash_loss:323.524019][quan_loss:0.224028]
2024-08-24 21:39:12.509 | INFO     | SEMICON_train:train:102 - [epoch:3/3][cnn_loss:328.588972][hash_loss:328.363467][quan_loss:0.225505]
2024-08-24 21:39:12.521 | INFO     | SEMICON_train:train:110 - [iter:14/50][iter_time:198.21]
2024-08-24 21:40:14.293 | INFO     | SEMICON_train:train:102 - [epoch:1/3][cnn_loss:323.349742][hash_loss:323.127245][quan_loss:0.222495]
2024-08-24 21:41:16.865 | INFO     | SEMICON_train:train:102 - [epoch:2/3][cnn_loss:330.568957][hash_loss:330.342266][quan_loss:0.226693]
2024-08-24 21:42:19.049 | INFO     | SEMICON_train:train:102 - [epoch:3/3][cnn_loss:322.572984][hash_loss:322.351693][quan_loss:0.221292]
2024-08-24 21:42:19.065 | INFO     | SEMICON_train:train:110 - [iter:15/50][iter_time:186.54]
2024-08-24 21:42:34.325 | INFO     | SEMICON_train:train:188 - [iter:15/50][code_length:32][mAP:0.81660][mAP_all:0.66498][best_mAP:0.81660]
2024-08-24 21:42:34.326 | INFO     | SEMICON_train:train:189 - [iter:15/50][code_length:32][zs_mAP:0.40126][zs_mAP_all:0.34493]
2024-08-24 21:43:36.851 | INFO     | SEMICON_train:train:102 - [epoch:1/3][cnn_loss:320.156105][hash_loss:319.936072][quan_loss:0.220032]
2024-08-24 21:44:38.711 | INFO     | SEMICON_train:train:102 - [epoch:2/3][cnn_loss:319.815925][hash_loss:319.593893][quan_loss:0.222031]
2024-08-24 21:45:39.729 | INFO     | SEMICON_train:train:102 - [epoch:3/3][cnn_loss:313.811149][hash_loss:313.591638][quan_loss:0.219510]
2024-08-24 21:45:39.744 | INFO     | SEMICON_train:train:110 - [iter:16/50][iter_time:185.42]
2024-08-24 21:46:38.990 | INFO     | SEMICON_train:train:102 - [epoch:1/3][cnn_loss:321.877392][hash_loss:321.656714][quan_loss:0.220677]
2024-08-24 21:47:40.754 | INFO     | SEMICON_train:train:102 - [epoch:2/3][cnn_loss:317.124171][hash_loss:316.905199][quan_loss:0.218972]
2024-08-24 21:48:40.833 | INFO     | SEMICON_train:train:102 - [epoch:3/3][cnn_loss:320.088790][hash_loss:319.869439][quan_loss:0.219350]
2024-08-24 21:48:40.846 | INFO     | SEMICON_train:train:110 - [iter:17/50][iter_time:181.10]
2024-08-24 21:49:43.303 | INFO     | SEMICON_train:train:102 - [epoch:1/3][cnn_loss:319.524017][hash_loss:319.298687][quan_loss:0.225331]
2024-08-24 21:50:42.986 | INFO     | SEMICON_train:train:102 - [epoch:2/3][cnn_loss:318.133927][hash_loss:317.908782][quan_loss:0.225145]
2024-08-24 21:51:46.548 | INFO     | SEMICON_train:train:102 - [epoch:3/3][cnn_loss:315.502068][hash_loss:315.279059][quan_loss:0.223010]
2024-08-24 21:51:46.561 | INFO     | SEMICON_train:train:110 - [iter:18/50][iter_time:185.71]
2024-08-24 21:52:55.569 | INFO     | SEMICON_train:train:102 - [epoch:1/3][cnn_loss:321.022028][hash_loss:320.798226][quan_loss:0.223802]
2024-08-24 21:54:02.161 | INFO     | SEMICON_train:train:102 - [epoch:2/3][cnn_loss:321.398617][hash_loss:321.173459][quan_loss:0.225160]
2024-08-24 21:55:09.449 | INFO     | SEMICON_train:train:102 - [epoch:3/3][cnn_loss:321.183175][hash_loss:320.958286][quan_loss:0.224888]
2024-08-24 21:55:09.465 | INFO     | SEMICON_train:train:110 - [iter:19/50][iter_time:202.90]
2024-08-24 21:56:15.132 | INFO     | SEMICON_train:train:102 - [epoch:1/3][cnn_loss:327.400516][hash_loss:327.182095][quan_loss:0.218422]
2024-08-24 21:57:19.296 | INFO     | SEMICON_train:train:102 - [epoch:2/3][cnn_loss:324.924044][hash_loss:324.707388][quan_loss:0.216655]
2024-08-24 21:58:24.790 | INFO     | SEMICON_train:train:102 - [epoch:3/3][cnn_loss:322.965717][hash_loss:322.750084][quan_loss:0.215633]
2024-08-24 21:58:24.802 | INFO     | SEMICON_train:train:110 - [iter:20/50][iter_time:195.34]
2024-08-24 21:58:44.655 | INFO     | SEMICON_train:train:188 - [iter:20/50][code_length:32][mAP:0.81140][mAP_all:0.64917][best_mAP:0.81660]
2024-08-24 21:58:44.656 | INFO     | SEMICON_train:train:189 - [iter:20/50][code_length:32][zs_mAP:0.41244][zs_mAP_all:0.33632]
2024-08-24 21:59:54.646 | INFO     | SEMICON_train:train:102 - [epoch:1/3][cnn_loss:319.997717][hash_loss:319.776207][quan_loss:0.221510]
2024-08-24 22:01:02.766 | INFO     | SEMICON_train:train:102 - [epoch:2/3][cnn_loss:318.449770][hash_loss:318.229969][quan_loss:0.219802]
2024-08-24 22:02:03.429 | INFO     | SEMICON_train:train:102 - [epoch:3/3][cnn_loss:319.037732][hash_loss:318.819253][quan_loss:0.218478]
2024-08-24 22:02:03.441 | INFO     | SEMICON_train:train:110 - [iter:21/50][iter_time:198.79]
2024-08-24 22:03:03.926 | INFO     | SEMICON_train:train:102 - [epoch:1/3][cnn_loss:315.230229][hash_loss:315.011651][quan_loss:0.218578]
2024-08-24 22:04:04.067 | INFO     | SEMICON_train:train:102 - [epoch:2/3][cnn_loss:314.012508][hash_loss:313.793412][quan_loss:0.219096]
2024-08-24 22:05:04.296 | INFO     | SEMICON_train:train:102 - [epoch:3/3][cnn_loss:312.718720][hash_loss:312.501214][quan_loss:0.217506]
2024-08-24 22:05:04.305 | INFO     | SEMICON_train:train:110 - [iter:22/50][iter_time:180.86]
2024-08-24 22:06:02.752 | INFO     | SEMICON_train:train:102 - [epoch:1/3][cnn_loss:310.869450][hash_loss:310.651156][quan_loss:0.218294]
2024-08-24 22:07:01.558 | INFO     | SEMICON_train:train:102 - [epoch:2/3][cnn_loss:310.918102][hash_loss:310.698590][quan_loss:0.219512]
2024-08-24 22:08:00.413 | INFO     | SEMICON_train:train:102 - [epoch:3/3][cnn_loss:310.453642][hash_loss:310.233937][quan_loss:0.219707]
2024-08-24 22:08:00.432 | INFO     | SEMICON_train:train:110 - [iter:23/50][iter_time:176.13]
2024-08-24 22:08:57.289 | INFO     | SEMICON_train:train:102 - [epoch:1/3][cnn_loss:319.072319][hash_loss:318.853545][quan_loss:0.218774]
2024-08-24 22:09:57.246 | INFO     | SEMICON_train:train:102 - [epoch:2/3][cnn_loss:318.212275][hash_loss:317.993150][quan_loss:0.219126]
2024-08-24 22:10:58.280 | INFO     | SEMICON_train:train:102 - [epoch:3/3][cnn_loss:316.941550][hash_loss:316.723056][quan_loss:0.218495]
2024-08-24 22:10:58.291 | INFO     | SEMICON_train:train:110 - [iter:24/50][iter_time:177.86]
2024-08-24 22:11:59.007 | INFO     | SEMICON_train:train:102 - [epoch:1/3][cnn_loss:308.997249][hash_loss:308.780098][quan_loss:0.217152]
2024-08-24 22:13:02.647 | INFO     | SEMICON_train:train:102 - [epoch:2/3][cnn_loss:305.137467][hash_loss:304.922392][quan_loss:0.215077]
2024-08-24 22:14:02.601 | INFO     | SEMICON_train:train:102 - [epoch:3/3][cnn_loss:304.244699][hash_loss:304.029901][quan_loss:0.214799]
2024-08-24 22:14:02.614 | INFO     | SEMICON_train:train:110 - [iter:25/50][iter_time:184.32]
2024-08-24 22:14:18.660 | INFO     | SEMICON_train:train:188 - [iter:25/50][code_length:32][mAP:0.82590][mAP_all:0.67567][best_mAP:0.82590]
2024-08-24 22:14:18.661 | INFO     | SEMICON_train:train:189 - [iter:25/50][code_length:32][zs_mAP:0.40962][zs_mAP_all:0.29487]
2024-08-24 22:15:18.877 | INFO     | SEMICON_train:train:102 - [epoch:1/3][cnn_loss:317.349992][hash_loss:317.134716][quan_loss:0.215277]
2024-08-24 22:16:20.917 | INFO     | SEMICON_train:train:102 - [epoch:2/3][cnn_loss:315.344554][hash_loss:315.130558][quan_loss:0.213997]
2024-08-24 22:17:27.353 | INFO     | SEMICON_train:train:102 - [epoch:3/3][cnn_loss:317.625834][hash_loss:317.412311][quan_loss:0.213522]
2024-08-24 22:17:27.363 | INFO     | SEMICON_train:train:110 - [iter:26/50][iter_time:188.70]
2024-08-24 22:18:12.972 | INFO     | SEMICON_train:train:102 - [epoch:1/3][cnn_loss:309.397600][hash_loss:309.182572][quan_loss:0.215028]
2024-08-24 22:19:09.886 | INFO     | SEMICON_train:train:102 - [epoch:2/3][cnn_loss:306.137434][hash_loss:305.923866][quan_loss:0.213566]
2024-08-24 22:20:10.014 | INFO     | SEMICON_train:train:102 - [epoch:3/3][cnn_loss:307.431131][hash_loss:307.216729][quan_loss:0.214403]
2024-08-24 22:20:10.028 | INFO     | SEMICON_train:train:110 - [iter:27/50][iter_time:162.66]
2024-08-24 22:21:06.948 | INFO     | SEMICON_train:train:102 - [epoch:1/3][cnn_loss:312.475658][hash_loss:312.260087][quan_loss:0.215570]
2024-08-24 22:22:04.841 | INFO     | SEMICON_train:train:102 - [epoch:2/3][cnn_loss:310.656892][hash_loss:310.441025][quan_loss:0.215865]
2024-08-24 22:23:05.413 | INFO     | SEMICON_train:train:102 - [epoch:3/3][cnn_loss:310.009665][hash_loss:309.791682][quan_loss:0.217982]
2024-08-24 22:23:05.429 | INFO     | SEMICON_train:train:110 - [iter:28/50][iter_time:175.40]
2024-08-24 22:24:03.821 | INFO     | SEMICON_train:train:102 - [epoch:1/3][cnn_loss:306.917551][hash_loss:306.701713][quan_loss:0.215840]
2024-08-24 22:25:02.228 | INFO     | SEMICON_train:train:102 - [epoch:2/3][cnn_loss:303.877096][hash_loss:303.663313][quan_loss:0.213783]
2024-08-24 22:25:58.895 | INFO     | SEMICON_train:train:102 - [epoch:3/3][cnn_loss:306.744108][hash_loss:306.529870][quan_loss:0.214239]
2024-08-24 22:25:58.911 | INFO     | SEMICON_train:train:110 - [iter:29/50][iter_time:173.48]
2024-08-24 22:26:57.438 | INFO     | SEMICON_train:train:102 - [epoch:1/3][cnn_loss:311.569600][hash_loss:311.355894][quan_loss:0.213708]
2024-08-24 22:27:58.515 | INFO     | SEMICON_train:train:102 - [epoch:2/3][cnn_loss:305.969552][hash_loss:305.761124][quan_loss:0.208427]
2024-08-24 22:29:01.660 | INFO     | SEMICON_train:train:102 - [epoch:3/3][cnn_loss:310.147955][hash_loss:309.934181][quan_loss:0.213773]
2024-08-24 22:29:01.672 | INFO     | SEMICON_train:train:110 - [iter:30/50][iter_time:182.76]
2024-08-24 22:29:18.640 | INFO     | SEMICON_train:train:188 - [iter:30/50][code_length:32][mAP:0.83389][mAP_all:0.69490][best_mAP:0.83389]
2024-08-24 22:29:18.642 | INFO     | SEMICON_train:train:189 - [iter:30/50][code_length:32][zs_mAP:0.40885][zs_mAP_all:0.29400]
2024-08-24 22:30:23.363 | INFO     | SEMICON_train:train:102 - [epoch:1/3][cnn_loss:306.579482][hash_loss:306.363815][quan_loss:0.215667]
2024-08-24 22:31:26.694 | INFO     | SEMICON_train:train:102 - [epoch:2/3][cnn_loss:304.655479][hash_loss:304.439466][quan_loss:0.216014]
2024-08-24 22:32:25.980 | INFO     | SEMICON_train:train:102 - [epoch:3/3][cnn_loss:306.244979][hash_loss:306.029399][quan_loss:0.215580]
2024-08-24 22:32:25.993 | INFO     | SEMICON_train:train:110 - [iter:31/50][iter_time:187.35]
2024-08-24 22:33:27.435 | INFO     | SEMICON_train:train:102 - [epoch:1/3][cnn_loss:312.914978][hash_loss:312.706343][quan_loss:0.208635]
2024-08-24 22:34:31.873 | INFO     | SEMICON_train:train:102 - [epoch:2/3][cnn_loss:315.454491][hash_loss:315.244779][quan_loss:0.209710]
2024-08-24 22:35:32.510 | INFO     | SEMICON_train:train:102 - [epoch:3/3][cnn_loss:311.583759][hash_loss:311.375801][quan_loss:0.207957]
2024-08-24 22:35:32.524 | INFO     | SEMICON_train:train:110 - [iter:32/50][iter_time:186.53]
2024-08-24 22:36:34.376 | INFO     | SEMICON_train:train:102 - [epoch:1/3][cnn_loss:307.592319][hash_loss:307.384494][quan_loss:0.207824]
2024-08-24 22:37:37.685 | INFO     | SEMICON_train:train:102 - [epoch:2/3][cnn_loss:310.996293][hash_loss:310.788093][quan_loss:0.208198]
2024-08-24 22:38:40.335 | INFO     | SEMICON_train:train:102 - [epoch:3/3][cnn_loss:309.133599][hash_loss:308.926079][quan_loss:0.207521]
2024-08-24 22:38:40.356 | INFO     | SEMICON_train:train:110 - [iter:33/50][iter_time:187.83]
2024-08-24 22:39:49.190 | INFO     | SEMICON_train:train:102 - [epoch:1/3][cnn_loss:318.236201][hash_loss:318.022714][quan_loss:0.213487]
2024-08-24 22:40:58.077 | INFO     | SEMICON_train:train:102 - [epoch:2/3][cnn_loss:316.009887][hash_loss:315.796675][quan_loss:0.213213]
2024-08-24 22:42:04.632 | INFO     | SEMICON_train:train:102 - [epoch:3/3][cnn_loss:314.408666][hash_loss:314.196894][quan_loss:0.211772]
2024-08-24 22:42:04.642 | INFO     | SEMICON_train:train:110 - [iter:34/50][iter_time:204.29]
2024-08-24 22:43:14.497 | INFO     | SEMICON_train:train:102 - [epoch:1/3][cnn_loss:304.909293][hash_loss:304.692248][quan_loss:0.217045]
2024-08-24 22:44:22.990 | INFO     | SEMICON_train:train:102 - [epoch:2/3][cnn_loss:297.932385][hash_loss:297.722930][quan_loss:0.209455]
2024-08-24 22:45:34.715 | INFO     | SEMICON_train:train:102 - [epoch:3/3][cnn_loss:299.269068][hash_loss:299.061470][quan_loss:0.207597]
2024-08-24 22:45:34.728 | INFO     | SEMICON_train:train:110 - [iter:35/50][iter_time:210.09]
2024-08-24 22:45:53.659 | INFO     | SEMICON_train:train:188 - [iter:35/50][code_length:32][mAP:0.84355][mAP_all:0.71787][best_mAP:0.84355]
2024-08-24 22:45:53.661 | INFO     | SEMICON_train:train:189 - [iter:35/50][code_length:32][zs_mAP:0.41094][zs_mAP_all:0.30431]
2024-08-24 22:47:01.934 | INFO     | SEMICON_train:train:102 - [epoch:1/3][cnn_loss:307.998775][hash_loss:307.795911][quan_loss:0.202865]
2024-08-24 22:48:12.292 | INFO     | SEMICON_train:train:102 - [epoch:2/3][cnn_loss:309.306053][hash_loss:309.101223][quan_loss:0.204829]
2024-08-24 22:49:14.836 | INFO     | SEMICON_train:train:102 - [epoch:3/3][cnn_loss:304.936175][hash_loss:304.733571][quan_loss:0.202605]
2024-08-24 22:49:14.846 | INFO     | SEMICON_train:train:110 - [iter:36/50][iter_time:201.18]
2024-08-24 22:49:30.353 | INFO     | SEMICON_train:train:188 - [iter:36/50][code_length:32][mAP:0.85029][mAP_all:0.72781][best_mAP:0.85029]
2024-08-24 22:49:30.354 | INFO     | SEMICON_train:train:189 - [iter:36/50][code_length:32][zs_mAP:0.41093][zs_mAP_all:0.30556]
2024-08-24 22:50:32.549 | INFO     | SEMICON_train:train:102 - [epoch:1/3][cnn_loss:308.245928][hash_loss:308.041076][quan_loss:0.204853]
2024-08-24 22:51:32.626 | INFO     | SEMICON_train:train:102 - [epoch:2/3][cnn_loss:306.444154][hash_loss:306.237974][quan_loss:0.206180]
2024-08-24 22:52:34.020 | INFO     | SEMICON_train:train:102 - [epoch:3/3][cnn_loss:307.686933][hash_loss:307.480483][quan_loss:0.206450]
2024-08-24 22:52:34.034 | INFO     | SEMICON_train:train:110 - [iter:37/50][iter_time:183.68]
2024-08-24 22:52:49.256 | INFO     | SEMICON_train:train:188 - [iter:37/50][code_length:32][mAP:0.84428][mAP_all:0.71907][best_mAP:0.85029]
2024-08-24 22:52:49.257 | INFO     | SEMICON_train:train:189 - [iter:37/50][code_length:32][zs_mAP:0.41518][zs_mAP_all:0.31830]
2024-08-24 22:53:47.763 | INFO     | SEMICON_train:train:102 - [epoch:1/3][cnn_loss:304.117658][hash_loss:303.907461][quan_loss:0.210197]
2024-08-24 22:54:47.185 | INFO     | SEMICON_train:train:102 - [epoch:2/3][cnn_loss:300.146575][hash_loss:299.939403][quan_loss:0.207172]
2024-08-24 22:55:49.604 | INFO     | SEMICON_train:train:102 - [epoch:3/3][cnn_loss:302.580435][hash_loss:302.371603][quan_loss:0.208833]
2024-08-24 22:55:49.620 | INFO     | SEMICON_train:train:110 - [iter:38/50][iter_time:180.36]
2024-08-24 22:56:06.261 | INFO     | SEMICON_train:train:188 - [iter:38/50][code_length:32][mAP:0.83474][mAP_all:0.71910][best_mAP:0.85029]
2024-08-24 22:56:06.262 | INFO     | SEMICON_train:train:189 - [iter:38/50][code_length:32][zs_mAP:0.40319][zs_mAP_all:0.31790]
2024-08-24 22:57:06.728 | INFO     | SEMICON_train:train:102 - [epoch:1/3][cnn_loss:302.257451][hash_loss:302.052631][quan_loss:0.204820]
2024-08-24 22:58:08.186 | INFO     | SEMICON_train:train:102 - [epoch:2/3][cnn_loss:300.805930][hash_loss:300.601009][quan_loss:0.204920]
2024-08-24 22:59:10.628 | INFO     | SEMICON_train:train:102 - [epoch:3/3][cnn_loss:300.309680][hash_loss:300.105663][quan_loss:0.204016]
2024-08-24 22:59:10.642 | INFO     | SEMICON_train:train:110 - [iter:39/50][iter_time:184.38]
2024-08-24 22:59:27.146 | INFO     | SEMICON_train:train:188 - [iter:39/50][code_length:32][mAP:0.83829][mAP_all:0.72216][best_mAP:0.85029]
2024-08-24 22:59:27.147 | INFO     | SEMICON_train:train:189 - [iter:39/50][code_length:32][zs_mAP:0.40909][zs_mAP_all:0.30924]
2024-08-24 23:00:29.707 | INFO     | SEMICON_train:train:102 - [epoch:1/3][cnn_loss:307.840312][hash_loss:307.639294][quan_loss:0.201017]
2024-08-24 23:01:29.459 | INFO     | SEMICON_train:train:102 - [epoch:2/3][cnn_loss:311.097500][hash_loss:310.894790][quan_loss:0.202711]
2024-08-24 23:02:29.943 | INFO     | SEMICON_train:train:102 - [epoch:3/3][cnn_loss:309.291020][hash_loss:309.088249][quan_loss:0.202772]
2024-08-24 23:02:29.953 | INFO     | SEMICON_train:train:110 - [iter:40/50][iter_time:182.81]
2024-08-24 23:02:45.527 | INFO     | SEMICON_train:train:188 - [iter:40/50][code_length:32][mAP:0.84354][mAP_all:0.72935][best_mAP:0.85029]
2024-08-24 23:02:45.528 | INFO     | SEMICON_train:train:189 - [iter:40/50][code_length:32][zs_mAP:0.41182][zs_mAP_all:0.32198]
2024-08-24 23:03:49.105 | INFO     | SEMICON_train:train:102 - [epoch:1/3][cnn_loss:305.840168][hash_loss:305.633664][quan_loss:0.206504]
2024-08-24 23:04:46.556 | INFO     | SEMICON_train:train:102 - [epoch:2/3][cnn_loss:303.028315][hash_loss:302.821963][quan_loss:0.206353]
2024-08-24 23:05:47.741 | INFO     | SEMICON_train:train:102 - [epoch:3/3][cnn_loss:306.578002][hash_loss:306.370097][quan_loss:0.207906]
2024-08-24 23:05:47.754 | INFO     | SEMICON_train:train:110 - [iter:41/50][iter_time:182.23]
2024-08-24 23:06:08.265 | INFO     | SEMICON_train:train:188 - [iter:41/50][code_length:32][mAP:0.85052][mAP_all:0.73358][best_mAP:0.85052]
2024-08-24 23:06:08.267 | INFO     | SEMICON_train:train:189 - [iter:41/50][code_length:32][zs_mAP:0.40498][zs_mAP_all:0.29392]
2024-08-24 23:07:13.761 | INFO     | SEMICON_train:train:102 - [epoch:1/3][cnn_loss:311.100536][hash_loss:310.900042][quan_loss:0.200493]
2024-08-24 23:08:23.376 | INFO     | SEMICON_train:train:102 - [epoch:2/3][cnn_loss:310.430028][hash_loss:310.230079][quan_loss:0.199949]
2024-08-24 23:09:29.033 | INFO     | SEMICON_train:train:102 - [epoch:3/3][cnn_loss:310.692118][hash_loss:310.493183][quan_loss:0.198934]
2024-08-24 23:09:29.042 | INFO     | SEMICON_train:train:110 - [iter:42/50][iter_time:200.78]
2024-08-24 23:09:48.562 | INFO     | SEMICON_train:train:188 - [iter:42/50][code_length:32][mAP:0.83973][mAP_all:0.72460][best_mAP:0.85052]
2024-08-24 23:09:48.564 | INFO     | SEMICON_train:train:189 - [iter:42/50][code_length:32][zs_mAP:0.40959][zs_mAP_all:0.29301]
2024-08-24 23:10:31.675 | INFO     | SEMICON_train:train:102 - [epoch:1/3][cnn_loss:300.772886][hash_loss:300.567224][quan_loss:0.205662]
2024-08-24 23:11:26.112 | INFO     | SEMICON_train:train:102 - [epoch:2/3][cnn_loss:300.176913][hash_loss:299.971645][quan_loss:0.205269]
2024-08-24 23:12:21.843 | INFO     | SEMICON_train:train:102 - [epoch:3/3][cnn_loss:301.289235][hash_loss:301.082712][quan_loss:0.206524]
2024-08-24 23:12:21.856 | INFO     | SEMICON_train:train:110 - [iter:43/50][iter_time:153.29]
2024-08-24 23:12:37.266 | INFO     | SEMICON_train:train:188 - [iter:43/50][code_length:32][mAP:0.84956][mAP_all:0.72450][best_mAP:0.85052]
2024-08-24 23:12:37.267 | INFO     | SEMICON_train:train:189 - [iter:43/50][code_length:32][zs_mAP:0.42106][zs_mAP_all:0.32595]
2024-08-24 23:13:32.272 | INFO     | SEMICON_train:train:102 - [epoch:1/3][cnn_loss:300.333079][hash_loss:300.126944][quan_loss:0.206134]
2024-08-24 23:14:31.093 | INFO     | SEMICON_train:train:102 - [epoch:2/3][cnn_loss:294.367785][hash_loss:294.167070][quan_loss:0.200715]
2024-08-24 23:15:28.805 | INFO     | SEMICON_train:train:102 - [epoch:3/3][cnn_loss:292.941966][hash_loss:292.742539][quan_loss:0.199428]
2024-08-24 23:15:28.821 | INFO     | SEMICON_train:train:110 - [iter:44/50][iter_time:171.55]
2024-08-24 23:15:44.236 | INFO     | SEMICON_train:train:188 - [iter:44/50][code_length:32][mAP:0.84583][mAP_all:0.73438][best_mAP:0.85052]
2024-08-24 23:15:44.237 | INFO     | SEMICON_train:train:189 - [iter:44/50][code_length:32][zs_mAP:0.41317][zs_mAP_all:0.29431]
2024-08-24 23:16:43.509 | INFO     | SEMICON_train:train:102 - [epoch:1/3][cnn_loss:302.997078][hash_loss:302.790600][quan_loss:0.206476]
2024-08-24 23:17:46.067 | INFO     | SEMICON_train:train:102 - [epoch:2/3][cnn_loss:301.225136][hash_loss:301.018784][quan_loss:0.206354]
2024-08-24 23:18:48.977 | INFO     | SEMICON_train:train:102 - [epoch:3/3][cnn_loss:298.904057][hash_loss:298.696727][quan_loss:0.207330]
2024-08-24 23:18:48.986 | INFO     | SEMICON_train:train:110 - [iter:45/50][iter_time:184.75]
2024-08-24 23:19:04.864 | INFO     | SEMICON_train:train:188 - [iter:45/50][code_length:32][mAP:0.85062][mAP_all:0.73625][best_mAP:0.85062]
2024-08-24 23:19:04.864 | INFO     | SEMICON_train:train:189 - [iter:45/50][code_length:32][zs_mAP:0.40723][zs_mAP_all:0.30494]
2024-08-24 23:20:05.557 | INFO     | SEMICON_train:train:102 - [epoch:1/3][cnn_loss:301.656938][hash_loss:301.455669][quan_loss:0.201270]
2024-08-24 23:21:04.957 | INFO     | SEMICON_train:train:102 - [epoch:2/3][cnn_loss:302.026050][hash_loss:301.824109][quan_loss:0.201941]
2024-08-24 23:22:04.672 | INFO     | SEMICON_train:train:102 - [epoch:3/3][cnn_loss:298.565884][hash_loss:298.366087][quan_loss:0.199797]
2024-08-24 23:22:04.683 | INFO     | SEMICON_train:train:110 - [iter:46/50][iter_time:179.82]
2024-08-24 23:22:21.744 | INFO     | SEMICON_train:train:188 - [iter:46/50][code_length:32][mAP:0.85254][mAP_all:0.74334][best_mAP:0.85254]
2024-08-24 23:22:21.744 | INFO     | SEMICON_train:train:189 - [iter:46/50][code_length:32][zs_mAP:0.40935][zs_mAP_all:0.29012]
2024-08-24 23:23:23.965 | INFO     | SEMICON_train:train:102 - [epoch:1/3][cnn_loss:300.429218][hash_loss:300.228463][quan_loss:0.200754]
2024-08-24 23:24:24.557 | INFO     | SEMICON_train:train:102 - [epoch:2/3][cnn_loss:302.108529][hash_loss:301.906415][quan_loss:0.202113]
2024-08-24 23:25:24.916 | INFO     | SEMICON_train:train:102 - [epoch:3/3][cnn_loss:300.374147][hash_loss:300.173875][quan_loss:0.200272]
2024-08-24 23:25:24.928 | INFO     | SEMICON_train:train:110 - [iter:47/50][iter_time:183.18]
2024-08-24 23:25:41.176 | INFO     | SEMICON_train:train:188 - [iter:47/50][code_length:32][mAP:0.85674][mAP_all:0.74664][best_mAP:0.85674]
2024-08-24 23:25:41.178 | INFO     | SEMICON_train:train:189 - [iter:47/50][code_length:32][zs_mAP:0.41094][zs_mAP_all:0.29065]
2024-08-24 23:26:42.360 | INFO     | SEMICON_train:train:102 - [epoch:1/3][cnn_loss:293.697280][hash_loss:293.496298][quan_loss:0.200984]
2024-08-24 23:27:45.558 | INFO     | SEMICON_train:train:102 - [epoch:2/3][cnn_loss:294.648160][hash_loss:294.446091][quan_loss:0.202070]
2024-08-24 23:28:48.981 | INFO     | SEMICON_train:train:102 - [epoch:3/3][cnn_loss:291.083256][hash_loss:290.883769][quan_loss:0.199487]
2024-08-24 23:28:48.992 | INFO     | SEMICON_train:train:110 - [iter:48/50][iter_time:187.81]
2024-08-24 23:29:03.499 | INFO     | SEMICON_train:train:188 - [iter:48/50][code_length:32][mAP:0.85405][mAP_all:0.74054][best_mAP:0.85674]
2024-08-24 23:29:03.500 | INFO     | SEMICON_train:train:189 - [iter:48/50][code_length:32][zs_mAP:0.41128][zs_mAP_all:0.29931]
2024-08-24 23:30:14.686 | INFO     | SEMICON_train:train:102 - [epoch:1/3][cnn_loss:297.138721][hash_loss:296.939322][quan_loss:0.199398]
2024-08-24 23:31:20.461 | INFO     | SEMICON_train:train:102 - [epoch:2/3][cnn_loss:296.275143][hash_loss:296.075982][quan_loss:0.199160]
2024-08-24 23:32:28.774 | INFO     | SEMICON_train:train:102 - [epoch:3/3][cnn_loss:293.258373][hash_loss:293.060415][quan_loss:0.197957]
2024-08-24 23:32:28.791 | INFO     | SEMICON_train:train:110 - [iter:49/50][iter_time:205.29]
2024-08-24 23:32:44.418 | INFO     | SEMICON_train:train:188 - [iter:49/50][code_length:32][mAP:0.85392][mAP_all:0.73804][best_mAP:0.85674]
2024-08-24 23:32:44.419 | INFO     | SEMICON_train:train:189 - [iter:49/50][code_length:32][zs_mAP:0.40859][zs_mAP_all:0.29959]
2024-08-24 23:33:55.242 | INFO     | SEMICON_train:train:102 - [epoch:1/3][cnn_loss:301.490014][hash_loss:301.286598][quan_loss:0.203415]
2024-08-24 23:35:04.191 | INFO     | SEMICON_train:train:102 - [epoch:2/3][cnn_loss:298.732522][hash_loss:298.530483][quan_loss:0.202041]
2024-08-24 23:36:11.965 | INFO     | SEMICON_train:train:102 - [epoch:3/3][cnn_loss:299.859995][hash_loss:299.658191][quan_loss:0.201805]
2024-08-24 23:36:11.976 | INFO     | SEMICON_train:train:110 - [iter:50/50][iter_time:207.56]
2024-08-24 23:36:26.670 | INFO     | SEMICON_train:train:188 - [iter:50/50][code_length:32][mAP:0.85585][mAP_all:0.73711][best_mAP:0.85674]
2024-08-24 23:36:26.671 | INFO     | SEMICON_train:train:189 - [iter:50/50][code_length:32][zs_mAP:0.41225][zs_mAP_all:0.30627]
2024-08-24 23:36:26.672 | INFO     | SEMICON_train:train:191 - [Training time:9677.55]
2024-08-24 23:36:26.680 | INFO     | __main__:run:123 - [code_length:32][map:0.8567][map_all:0.7466][zs_map:0.4109][zs_map_all:0.2906]
2024-08-24 23:37:32.595 | INFO     | SEMICON_train:train:102 - [epoch:1/3][cnn_loss:793.891196][hash_loss:793.758507][quan_loss:0.132689]
2024-08-24 23:38:35.431 | INFO     | SEMICON_train:train:102 - [epoch:2/3][cnn_loss:793.469300][hash_loss:793.333933][quan_loss:0.135367]
2024-08-24 23:39:35.365 | INFO     | SEMICON_train:train:102 - [epoch:3/3][cnn_loss:793.349450][hash_loss:793.212716][quan_loss:0.136734]
2024-08-24 23:39:35.387 | INFO     | SEMICON_train:train:110 - [iter:1/50][iter_time:186.78]
2024-08-24 23:40:34.324 | INFO     | SEMICON_train:train:102 - [epoch:1/3][cnn_loss:698.118484][hash_loss:697.893767][quan_loss:0.224718]
2024-08-24 23:41:32.238 | INFO     | SEMICON_train:train:102 - [epoch:2/3][cnn_loss:692.687617][hash_loss:692.452726][quan_loss:0.234894]
2024-08-24 23:42:31.484 | INFO     | SEMICON_train:train:102 - [epoch:3/3][cnn_loss:680.965492][hash_loss:680.734912][quan_loss:0.230582]
2024-08-24 23:42:31.501 | INFO     | SEMICON_train:train:110 - [iter:2/50][iter_time:176.11]
2024-08-24 23:43:29.501 | INFO     | SEMICON_train:train:102 - [epoch:1/3][cnn_loss:683.382019][hash_loss:683.144507][quan_loss:0.237514]
2024-08-24 23:44:29.815 | INFO     | SEMICON_train:train:102 - [epoch:2/3][cnn_loss:668.361943][hash_loss:668.129864][quan_loss:0.232080]
2024-08-24 23:45:33.478 | INFO     | SEMICON_train:train:102 - [epoch:3/3][cnn_loss:670.968541][hash_loss:670.737317][quan_loss:0.231226]
2024-08-24 23:45:33.496 | INFO     | SEMICON_train:train:110 - [iter:3/50][iter_time:182.00]
2024-08-24 23:46:33.604 | INFO     | SEMICON_train:train:102 - [epoch:1/3][cnn_loss:677.487714][hash_loss:677.252692][quan_loss:0.235020]
2024-08-24 23:47:31.985 | INFO     | SEMICON_train:train:102 - [epoch:2/3][cnn_loss:673.781278][hash_loss:673.548456][quan_loss:0.232820]
2024-08-24 23:48:32.129 | INFO     | SEMICON_train:train:102 - [epoch:3/3][cnn_loss:673.131797][hash_loss:672.898255][quan_loss:0.233542]
2024-08-24 23:48:32.147 | INFO     | SEMICON_train:train:110 - [iter:4/50][iter_time:178.65]
2024-08-24 23:49:34.258 | INFO     | SEMICON_train:train:102 - [epoch:1/3][cnn_loss:659.036939][hash_loss:658.801957][quan_loss:0.234981]
2024-08-24 23:50:36.350 | INFO     | SEMICON_train:train:102 - [epoch:2/3][cnn_loss:657.791245][hash_loss:657.557766][quan_loss:0.233479]
2024-08-24 23:51:46.604 | INFO     | SEMICON_train:train:102 - [epoch:3/3][cnn_loss:662.125415][hash_loss:661.889486][quan_loss:0.235929]
2024-08-24 23:51:46.623 | INFO     | SEMICON_train:train:110 - [iter:5/50][iter_time:194.48]
2024-08-24 23:52:01.006 | INFO     | SEMICON_train:train:188 - [iter:5/50][code_length:64][mAP:0.82142][mAP_all:0.61696][best_mAP:0.82142]
2024-08-24 23:52:01.007 | INFO     | SEMICON_train:train:189 - [iter:5/50][code_length:64][zs_mAP:0.40204][zs_mAP_all:0.33585]
2024-08-24 23:53:09.929 | INFO     | SEMICON_train:train:102 - [epoch:1/3][cnn_loss:661.786455][hash_loss:661.554098][quan_loss:0.232357]
2024-08-24 23:54:22.386 | INFO     | SEMICON_train:train:102 - [epoch:2/3][cnn_loss:667.273708][hash_loss:667.038833][quan_loss:0.234876]
2024-08-24 23:55:33.184 | INFO     | SEMICON_train:train:102 - [epoch:3/3][cnn_loss:663.045736][hash_loss:662.811544][quan_loss:0.234190]
2024-08-24 23:55:33.201 | INFO     | SEMICON_train:train:110 - [iter:6/50][iter_time:212.19]
2024-08-24 23:56:41.759 | INFO     | SEMICON_train:train:102 - [epoch:1/3][cnn_loss:649.152918][hash_loss:648.918703][quan_loss:0.234217]
2024-08-24 23:57:48.900 | INFO     | SEMICON_train:train:102 - [epoch:2/3][cnn_loss:646.107953][hash_loss:645.874548][quan_loss:0.233407]
2024-08-24 23:58:57.212 | INFO     | SEMICON_train:train:102 - [epoch:3/3][cnn_loss:645.749381][hash_loss:645.516196][quan_loss:0.233185]
2024-08-24 23:58:57.231 | INFO     | SEMICON_train:train:110 - [iter:7/50][iter_time:204.03]
2024-08-25 00:00:00.100 | INFO     | SEMICON_train:train:102 - [epoch:1/3][cnn_loss:629.617146][hash_loss:629.386345][quan_loss:0.230803]
2024-08-25 00:00:58.503 | INFO     | SEMICON_train:train:102 - [epoch:2/3][cnn_loss:633.987710][hash_loss:633.754238][quan_loss:0.233468]
2024-08-25 00:01:55.467 | INFO     | SEMICON_train:train:102 - [epoch:3/3][cnn_loss:632.404023][hash_loss:632.171964][quan_loss:0.232057]
2024-08-25 00:01:55.489 | INFO     | SEMICON_train:train:110 - [iter:8/50][iter_time:178.26]
2024-08-25 00:02:44.797 | INFO     | SEMICON_train:train:102 - [epoch:1/3][cnn_loss:650.438063][hash_loss:650.212483][quan_loss:0.225579]
2024-08-25 00:03:36.891 | INFO     | SEMICON_train:train:102 - [epoch:2/3][cnn_loss:644.122776][hash_loss:643.899539][quan_loss:0.223237]
2024-08-25 00:04:35.381 | INFO     | SEMICON_train:train:102 - [epoch:3/3][cnn_loss:645.335599][hash_loss:645.112380][quan_loss:0.223219]
2024-08-25 00:04:35.400 | INFO     | SEMICON_train:train:110 - [iter:9/50][iter_time:159.91]
2024-08-25 00:05:35.229 | INFO     | SEMICON_train:train:102 - [epoch:1/3][cnn_loss:656.999601][hash_loss:656.773786][quan_loss:0.225815]
2024-08-25 00:06:33.659 | INFO     | SEMICON_train:train:102 - [epoch:2/3][cnn_loss:654.440223][hash_loss:654.213049][quan_loss:0.227175]
2024-08-25 00:07:34.206 | INFO     | SEMICON_train:train:102 - [epoch:3/3][cnn_loss:656.785154][hash_loss:656.557705][quan_loss:0.227449]
2024-08-25 00:07:34.231 | INFO     | SEMICON_train:train:110 - [iter:10/50][iter_time:178.83]
2024-08-25 00:07:48.821 | INFO     | SEMICON_train:train:188 - [iter:10/50][code_length:64][mAP:0.82940][mAP_all:0.62004][best_mAP:0.82940]
2024-08-25 00:07:48.822 | INFO     | SEMICON_train:train:189 - [iter:10/50][code_length:64][zs_mAP:0.39880][zs_mAP_all:0.32192]
2024-08-25 00:08:49.887 | INFO     | SEMICON_train:train:102 - [epoch:1/3][cnn_loss:634.596239][hash_loss:634.369022][quan_loss:0.227217]
2024-08-25 00:09:49.236 | INFO     | SEMICON_train:train:102 - [epoch:2/3][cnn_loss:636.231225][hash_loss:636.004917][quan_loss:0.226306]
2024-08-25 00:10:49.553 | INFO     | SEMICON_train:train:102 - [epoch:3/3][cnn_loss:636.683991][hash_loss:636.456856][quan_loss:0.227132]
2024-08-25 00:10:49.572 | INFO     | SEMICON_train:train:110 - [iter:11/50][iter_time:180.75]
2024-08-25 00:11:49.903 | INFO     | SEMICON_train:train:102 - [epoch:1/3][cnn_loss:652.628506][hash_loss:652.405344][quan_loss:0.223162]
2024-08-25 00:12:47.323 | INFO     | SEMICON_train:train:102 - [epoch:2/3][cnn_loss:649.116015][hash_loss:648.896829][quan_loss:0.219186]
2024-08-25 00:13:46.016 | INFO     | SEMICON_train:train:102 - [epoch:3/3][cnn_loss:650.260631][hash_loss:650.039580][quan_loss:0.221052]
2024-08-25 00:13:46.036 | INFO     | SEMICON_train:train:110 - [iter:12/50][iter_time:176.46]
2024-08-25 00:14:44.741 | INFO     | SEMICON_train:train:102 - [epoch:1/3][cnn_loss:625.548320][hash_loss:625.328849][quan_loss:0.219470]
2024-08-25 00:15:47.122 | INFO     | SEMICON_train:train:102 - [epoch:2/3][cnn_loss:622.951319][hash_loss:622.734841][quan_loss:0.216477]
2024-08-25 00:16:55.088 | INFO     | SEMICON_train:train:102 - [epoch:3/3][cnn_loss:623.103260][hash_loss:622.886384][quan_loss:0.216877]
2024-08-25 00:16:55.111 | INFO     | SEMICON_train:train:110 - [iter:13/50][iter_time:189.07]
2024-08-25 00:18:03.324 | INFO     | SEMICON_train:train:102 - [epoch:1/3][cnn_loss:641.705477][hash_loss:641.488195][quan_loss:0.217280]
2024-08-25 00:19:11.056 | INFO     | SEMICON_train:train:102 - [epoch:2/3][cnn_loss:644.952612][hash_loss:644.734194][quan_loss:0.218418]
2024-08-25 00:20:17.124 | INFO     | SEMICON_train:train:102 - [epoch:3/3][cnn_loss:640.440729][hash_loss:640.223856][quan_loss:0.216871]
2024-08-25 00:20:17.142 | INFO     | SEMICON_train:train:110 - [iter:14/50][iter_time:202.03]
2024-08-25 00:21:25.645 | INFO     | SEMICON_train:train:102 - [epoch:1/3][cnn_loss:627.246408][hash_loss:627.025936][quan_loss:0.220473]
2024-08-25 00:22:35.479 | INFO     | SEMICON_train:train:102 - [epoch:2/3][cnn_loss:632.017598][hash_loss:631.796230][quan_loss:0.221370]
2024-08-25 00:23:47.548 | INFO     | SEMICON_train:train:102 - [epoch:3/3][cnn_loss:626.718187][hash_loss:626.498706][quan_loss:0.219481]
2024-08-25 00:23:47.569 | INFO     | SEMICON_train:train:110 - [iter:15/50][iter_time:210.43]
2024-08-25 00:24:02.167 | INFO     | SEMICON_train:train:188 - [iter:15/50][code_length:64][mAP:0.83408][mAP_all:0.66833][best_mAP:0.83408]
2024-08-25 00:24:02.168 | INFO     | SEMICON_train:train:189 - [iter:15/50][code_length:64][zs_mAP:0.39693][zs_mAP_all:0.30350]
2024-08-25 00:25:04.485 | INFO     | SEMICON_train:train:102 - [epoch:1/3][cnn_loss:611.723286][hash_loss:611.505373][quan_loss:0.217917]
2024-08-25 00:26:03.790 | INFO     | SEMICON_train:train:102 - [epoch:2/3][cnn_loss:607.187404][hash_loss:606.969785][quan_loss:0.217622]
2024-08-25 00:27:02.441 | INFO     | SEMICON_train:train:102 - [epoch:3/3][cnn_loss:614.186436][hash_loss:613.967122][quan_loss:0.219314]
2024-08-25 00:27:02.462 | INFO     | SEMICON_train:train:110 - [iter:16/50][iter_time:180.29]
2024-08-25 00:28:08.421 | INFO     | SEMICON_train:train:102 - [epoch:1/3][cnn_loss:622.839082][hash_loss:622.620790][quan_loss:0.218291]
2024-08-25 00:29:17.870 | INFO     | SEMICON_train:train:102 - [epoch:2/3][cnn_loss:615.612128][hash_loss:615.396386][quan_loss:0.215745]
2024-08-25 00:30:26.729 | INFO     | SEMICON_train:train:102 - [epoch:3/3][cnn_loss:619.972708][hash_loss:619.756691][quan_loss:0.216015]
2024-08-25 00:30:26.746 | INFO     | SEMICON_train:train:110 - [iter:17/50][iter_time:204.28]
2024-08-25 00:31:34.732 | INFO     | SEMICON_train:train:102 - [epoch:1/3][cnn_loss:635.236603][hash_loss:635.019002][quan_loss:0.217600]
2024-08-25 00:32:43.241 | INFO     | SEMICON_train:train:102 - [epoch:2/3][cnn_loss:631.830344][hash_loss:631.613195][quan_loss:0.217148]
2024-08-25 00:33:47.169 | INFO     | SEMICON_train:train:102 - [epoch:3/3][cnn_loss:631.481173][hash_loss:631.263128][quan_loss:0.218045]
2024-08-25 00:33:47.195 | INFO     | SEMICON_train:train:110 - [iter:18/50][iter_time:200.45]
2024-08-25 00:34:55.752 | INFO     | SEMICON_train:train:102 - [epoch:1/3][cnn_loss:613.341344][hash_loss:613.126031][quan_loss:0.215315]
2024-08-25 00:36:02.766 | INFO     | SEMICON_train:train:102 - [epoch:2/3][cnn_loss:616.610098][hash_loss:616.393636][quan_loss:0.216461]
2024-08-25 00:37:08.921 | INFO     | SEMICON_train:train:102 - [epoch:3/3][cnn_loss:617.602772][hash_loss:617.386118][quan_loss:0.216654]
2024-08-25 00:37:08.941 | INFO     | SEMICON_train:train:110 - [iter:19/50][iter_time:201.75]
2024-08-25 00:38:06.504 | INFO     | SEMICON_train:train:102 - [epoch:1/3][cnn_loss:617.511724][hash_loss:617.292014][quan_loss:0.219713]
2024-08-25 00:39:05.392 | INFO     | SEMICON_train:train:102 - [epoch:2/3][cnn_loss:610.372119][hash_loss:610.154666][quan_loss:0.217453]
2024-08-25 00:40:06.583 | INFO     | SEMICON_train:train:102 - [epoch:3/3][cnn_loss:616.694710][hash_loss:616.475339][quan_loss:0.219375]
2024-08-25 00:40:06.604 | INFO     | SEMICON_train:train:110 - [iter:20/50][iter_time:177.66]
2024-08-25 00:40:21.189 | INFO     | SEMICON_train:train:188 - [iter:20/50][code_length:64][mAP:0.83163][mAP_all:0.67162][best_mAP:0.83408]
2024-08-25 00:40:21.190 | INFO     | SEMICON_train:train:189 - [iter:20/50][code_length:64][zs_mAP:0.40293][zs_mAP_all:0.31356]
2024-08-25 00:41:28.208 | INFO     | SEMICON_train:train:102 - [epoch:1/3][cnn_loss:603.266123][hash_loss:603.048943][quan_loss:0.217179]
2024-08-25 00:42:35.359 | INFO     | SEMICON_train:train:102 - [epoch:2/3][cnn_loss:593.195737][hash_loss:592.982901][quan_loss:0.212837]
2024-08-25 00:43:43.213 | INFO     | SEMICON_train:train:102 - [epoch:3/3][cnn_loss:592.811625][hash_loss:592.598115][quan_loss:0.213511]
2024-08-25 00:43:43.236 | INFO     | SEMICON_train:train:110 - [iter:21/50][iter_time:202.05]
2024-08-25 00:44:51.425 | INFO     | SEMICON_train:train:102 - [epoch:1/3][cnn_loss:622.361440][hash_loss:622.151083][quan_loss:0.210357]
2024-08-25 00:45:59.955 | INFO     | SEMICON_train:train:102 - [epoch:2/3][cnn_loss:624.788847][hash_loss:624.576466][quan_loss:0.212379]
2024-08-25 00:47:07.527 | INFO     | SEMICON_train:train:102 - [epoch:3/3][cnn_loss:618.965192][hash_loss:618.753616][quan_loss:0.211577]
2024-08-25 00:47:07.547 | INFO     | SEMICON_train:train:110 - [iter:22/50][iter_time:204.31]
2024-08-25 00:48:16.765 | INFO     | SEMICON_train:train:102 - [epoch:1/3][cnn_loss:629.854262][hash_loss:629.644433][quan_loss:0.209830]
2024-08-25 00:49:28.742 | INFO     | SEMICON_train:train:102 - [epoch:2/3][cnn_loss:628.057604][hash_loss:627.849420][quan_loss:0.208184]
2024-08-25 00:50:30.348 | INFO     | SEMICON_train:train:102 - [epoch:3/3][cnn_loss:623.555695][hash_loss:623.348247][quan_loss:0.207448]
2024-08-25 00:50:30.378 | INFO     | SEMICON_train:train:110 - [iter:23/50][iter_time:202.83]
2024-08-25 00:51:29.389 | INFO     | SEMICON_train:train:102 - [epoch:1/3][cnn_loss:612.265372][hash_loss:612.053505][quan_loss:0.211866]
2024-08-25 00:52:26.119 | INFO     | SEMICON_train:train:102 - [epoch:2/3][cnn_loss:611.007860][hash_loss:610.796546][quan_loss:0.211314]
2024-08-25 00:53:14.583 | INFO     | SEMICON_train:train:102 - [epoch:3/3][cnn_loss:604.257838][hash_loss:604.050270][quan_loss:0.207567]
2024-08-25 00:53:14.600 | INFO     | SEMICON_train:train:110 - [iter:24/50][iter_time:164.22]
2024-08-25 00:54:12.917 | INFO     | SEMICON_train:train:102 - [epoch:1/3][cnn_loss:609.001500][hash_loss:608.792666][quan_loss:0.208832]
2024-08-25 00:55:13.497 | INFO     | SEMICON_train:train:102 - [epoch:2/3][cnn_loss:613.803280][hash_loss:613.593125][quan_loss:0.210156]
2024-08-25 00:56:13.471 | INFO     | SEMICON_train:train:102 - [epoch:3/3][cnn_loss:616.273787][hash_loss:616.062344][quan_loss:0.211443]
2024-08-25 00:56:13.490 | INFO     | SEMICON_train:train:110 - [iter:25/50][iter_time:178.89]
2024-08-25 00:56:27.562 | INFO     | SEMICON_train:train:188 - [iter:25/50][code_length:64][mAP:0.85100][mAP_all:0.69559][best_mAP:0.85100]
2024-08-25 00:56:27.564 | INFO     | SEMICON_train:train:189 - [iter:25/50][code_length:64][zs_mAP:0.40561][zs_mAP_all:0.31452]
2024-08-25 00:57:24.466 | INFO     | SEMICON_train:train:102 - [epoch:1/3][cnn_loss:618.724657][hash_loss:618.511490][quan_loss:0.213166]
2024-08-25 00:58:19.876 | INFO     | SEMICON_train:train:102 - [epoch:2/3][cnn_loss:618.225482][hash_loss:618.014630][quan_loss:0.210852]
2024-08-25 00:59:15.354 | INFO     | SEMICON_train:train:102 - [epoch:3/3][cnn_loss:617.557035][hash_loss:617.344259][quan_loss:0.212779]
2024-08-25 00:59:15.372 | INFO     | SEMICON_train:train:110 - [iter:26/50][iter_time:167.81]
2024-08-25 01:00:15.899 | INFO     | SEMICON_train:train:102 - [epoch:1/3][cnn_loss:603.311407][hash_loss:603.100784][quan_loss:0.210621]
2024-08-25 01:01:14.768 | INFO     | SEMICON_train:train:102 - [epoch:2/3][cnn_loss:608.964459][hash_loss:608.753854][quan_loss:0.210603]
2024-08-25 01:02:13.551 | INFO     | SEMICON_train:train:102 - [epoch:3/3][cnn_loss:600.084904][hash_loss:599.878272][quan_loss:0.206634]
2024-08-25 01:02:13.573 | INFO     | SEMICON_train:train:110 - [iter:27/50][iter_time:178.20]
2024-08-25 01:03:14.098 | INFO     | SEMICON_train:train:102 - [epoch:1/3][cnn_loss:628.058478][hash_loss:627.850037][quan_loss:0.208439]
2024-08-25 01:04:13.923 | INFO     | SEMICON_train:train:102 - [epoch:2/3][cnn_loss:621.500764][hash_loss:621.293241][quan_loss:0.207522]
2024-08-25 01:05:18.519 | INFO     | SEMICON_train:train:102 - [epoch:3/3][cnn_loss:621.310485][hash_loss:621.103890][quan_loss:0.206597]
2024-08-25 01:05:18.539 | INFO     | SEMICON_train:train:110 - [iter:28/50][iter_time:184.97]
2024-08-25 01:06:16.791 | INFO     | SEMICON_train:train:102 - [epoch:1/3][cnn_loss:617.914274][hash_loss:617.707571][quan_loss:0.206702]
2024-08-25 01:07:16.989 | INFO     | SEMICON_train:train:102 - [epoch:2/3][cnn_loss:606.159251][hash_loss:605.952885][quan_loss:0.206367]
2024-08-25 01:08:18.728 | INFO     | SEMICON_train:train:102 - [epoch:3/3][cnn_loss:610.131821][hash_loss:609.924935][quan_loss:0.206886]
2024-08-25 01:08:18.747 | INFO     | SEMICON_train:train:110 - [iter:29/50][iter_time:180.21]
2024-08-25 01:09:19.651 | INFO     | SEMICON_train:train:102 - [epoch:1/3][cnn_loss:621.277716][hash_loss:621.072106][quan_loss:0.205610]
2024-08-25 01:10:20.101 | INFO     | SEMICON_train:train:102 - [epoch:2/3][cnn_loss:620.335686][hash_loss:620.130115][quan_loss:0.205569]
2024-08-25 01:11:19.157 | INFO     | SEMICON_train:train:102 - [epoch:3/3][cnn_loss:617.432261][hash_loss:617.228614][quan_loss:0.203647]
2024-08-25 01:11:19.176 | INFO     | SEMICON_train:train:110 - [iter:30/50][iter_time:180.43]
2024-08-25 01:11:33.574 | INFO     | SEMICON_train:train:188 - [iter:30/50][code_length:64][mAP:0.81950][mAP_all:0.65834][best_mAP:0.85100]
2024-08-25 01:11:33.574 | INFO     | SEMICON_train:train:189 - [iter:30/50][code_length:64][zs_mAP:0.40604][zs_mAP_all:0.33835]
2024-08-25 01:12:34.535 | INFO     | SEMICON_train:train:102 - [epoch:1/3][cnn_loss:616.953116][hash_loss:616.742773][quan_loss:0.210343]
2024-08-25 01:13:34.344 | INFO     | SEMICON_train:train:102 - [epoch:2/3][cnn_loss:617.259970][hash_loss:617.048672][quan_loss:0.211299]
2024-08-25 01:14:36.551 | INFO     | SEMICON_train:train:102 - [epoch:3/3][cnn_loss:609.129105][hash_loss:608.921643][quan_loss:0.207461]
2024-08-25 01:14:36.572 | INFO     | SEMICON_train:train:110 - [iter:31/50][iter_time:183.00]
2024-08-25 01:15:37.471 | INFO     | SEMICON_train:train:102 - [epoch:1/3][cnn_loss:621.681240][hash_loss:621.474278][quan_loss:0.206959]
2024-08-25 01:16:45.190 | INFO     | SEMICON_train:train:102 - [epoch:2/3][cnn_loss:620.570521][hash_loss:620.364824][quan_loss:0.205698]
2024-08-25 01:17:54.990 | INFO     | SEMICON_train:train:102 - [epoch:3/3][cnn_loss:625.325190][hash_loss:625.117051][quan_loss:0.208139]
2024-08-25 01:17:55.009 | INFO     | SEMICON_train:train:110 - [iter:32/50][iter_time:198.44]
2024-08-25 01:19:03.568 | INFO     | SEMICON_train:train:102 - [epoch:1/3][cnn_loss:612.008375][hash_loss:611.799050][quan_loss:0.209324]
2024-08-25 01:20:14.968 | INFO     | SEMICON_train:train:102 - [epoch:2/3][cnn_loss:610.107992][hash_loss:609.897972][quan_loss:0.210018]
2024-08-25 01:21:27.472 | INFO     | SEMICON_train:train:102 - [epoch:3/3][cnn_loss:606.612265][hash_loss:606.403680][quan_loss:0.208585]
2024-08-25 01:21:27.492 | INFO     | SEMICON_train:train:110 - [iter:33/50][iter_time:212.48]
2024-08-25 01:22:39.453 | INFO     | SEMICON_train:train:102 - [epoch:1/3][cnn_loss:589.625163][hash_loss:589.416139][quan_loss:0.209025]
2024-08-25 01:23:47.984 | INFO     | SEMICON_train:train:102 - [epoch:2/3][cnn_loss:597.206648][hash_loss:596.995986][quan_loss:0.210663]
2024-08-25 01:24:56.993 | INFO     | SEMICON_train:train:102 - [epoch:3/3][cnn_loss:591.758821][hash_loss:591.549367][quan_loss:0.209455]
2024-08-25 01:24:57.014 | INFO     | SEMICON_train:train:110 - [iter:34/50][iter_time:209.52]
2024-08-25 01:26:01.237 | INFO     | SEMICON_train:train:102 - [epoch:1/3][cnn_loss:588.438963][hash_loss:588.231617][quan_loss:0.207345]
2024-08-25 01:26:58.719 | INFO     | SEMICON_train:train:102 - [epoch:2/3][cnn_loss:581.153456][hash_loss:580.947953][quan_loss:0.205503]
2024-08-25 01:27:57.703 | INFO     | SEMICON_train:train:102 - [epoch:3/3][cnn_loss:580.576347][hash_loss:580.370800][quan_loss:0.205542]
2024-08-25 01:27:57.726 | INFO     | SEMICON_train:train:110 - [iter:35/50][iter_time:180.71]
2024-08-25 01:28:13.312 | INFO     | SEMICON_train:train:188 - [iter:35/50][code_length:64][mAP:0.85649][mAP_all:0.71238][best_mAP:0.85649]
2024-08-25 01:28:13.313 | INFO     | SEMICON_train:train:189 - [iter:35/50][code_length:64][zs_mAP:0.40614][zs_mAP_all:0.29089]
2024-08-25 01:29:12.045 | INFO     | SEMICON_train:train:102 - [epoch:1/3][cnn_loss:620.207188][hash_loss:620.003156][quan_loss:0.204031]
2024-08-25 01:30:16.697 | INFO     | SEMICON_train:train:102 - [epoch:2/3][cnn_loss:612.545706][hash_loss:612.342896][quan_loss:0.202811]
2024-08-25 01:31:16.917 | INFO     | SEMICON_train:train:102 - [epoch:3/3][cnn_loss:621.560047][hash_loss:621.354858][quan_loss:0.205189]
2024-08-25 01:31:16.938 | INFO     | SEMICON_train:train:110 - [iter:36/50][iter_time:183.62]
2024-08-25 01:31:31.387 | INFO     | SEMICON_train:train:188 - [iter:36/50][code_length:64][mAP:0.84832][mAP_all:0.70773][best_mAP:0.85649]
2024-08-25 01:31:31.388 | INFO     | SEMICON_train:train:189 - [iter:36/50][code_length:64][zs_mAP:0.40617][zs_mAP_all:0.30683]
2024-08-25 01:32:35.046 | INFO     | SEMICON_train:train:102 - [epoch:1/3][cnn_loss:604.733183][hash_loss:604.522353][quan_loss:0.210831]
2024-08-25 01:33:37.759 | INFO     | SEMICON_train:train:102 - [epoch:2/3][cnn_loss:599.529249][hash_loss:599.319607][quan_loss:0.209641]
2024-08-25 01:34:39.415 | INFO     | SEMICON_train:train:102 - [epoch:3/3][cnn_loss:593.722575][hash_loss:593.515722][quan_loss:0.206855]
2024-08-25 01:34:39.439 | INFO     | SEMICON_train:train:110 - [iter:37/50][iter_time:188.05]
2024-08-25 01:34:54.192 | INFO     | SEMICON_train:train:188 - [iter:37/50][code_length:64][mAP:0.84735][mAP_all:0.70907][best_mAP:0.85649]
2024-08-25 01:34:54.193 | INFO     | SEMICON_train:train:189 - [iter:37/50][code_length:64][zs_mAP:0.40759][zs_mAP_all:0.30638]
2024-08-25 01:35:54.280 | INFO     | SEMICON_train:train:102 - [epoch:1/3][cnn_loss:601.423707][hash_loss:601.216558][quan_loss:0.207149]
2024-08-25 01:36:55.239 | INFO     | SEMICON_train:train:102 - [epoch:2/3][cnn_loss:592.384031][hash_loss:592.181668][quan_loss:0.202362]
2024-08-25 01:37:55.927 | INFO     | SEMICON_train:train:102 - [epoch:3/3][cnn_loss:594.351654][hash_loss:594.148670][quan_loss:0.202986]
2024-08-25 01:37:55.952 | INFO     | SEMICON_train:train:110 - [iter:38/50][iter_time:181.76]
2024-08-25 01:38:10.816 | INFO     | SEMICON_train:train:188 - [iter:38/50][code_length:64][mAP:0.85617][mAP_all:0.71063][best_mAP:0.85649]
2024-08-25 01:38:10.817 | INFO     | SEMICON_train:train:189 - [iter:38/50][code_length:64][zs_mAP:0.40952][zs_mAP_all:0.30412]
2024-08-25 01:39:12.965 | INFO     | SEMICON_train:train:102 - [epoch:1/3][cnn_loss:583.170321][hash_loss:582.965024][quan_loss:0.205297]
2024-08-25 01:40:16.240 | INFO     | SEMICON_train:train:102 - [epoch:2/3][cnn_loss:585.631915][hash_loss:585.424702][quan_loss:0.207213]
2024-08-25 01:41:23.040 | INFO     | SEMICON_train:train:102 - [epoch:3/3][cnn_loss:582.951048][hash_loss:582.744519][quan_loss:0.206529]
2024-08-25 01:41:23.060 | INFO     | SEMICON_train:train:110 - [iter:39/50][iter_time:192.24]
2024-08-25 01:41:37.838 | INFO     | SEMICON_train:train:188 - [iter:39/50][code_length:64][mAP:0.85252][mAP_all:0.71882][best_mAP:0.85649]
2024-08-25 01:41:37.839 | INFO     | SEMICON_train:train:189 - [iter:39/50][code_length:64][zs_mAP:0.40858][zs_mAP_all:0.31856]
2024-08-25 01:42:46.765 | INFO     | SEMICON_train:train:102 - [epoch:1/3][cnn_loss:611.307175][hash_loss:611.100421][quan_loss:0.206754]
2024-08-25 01:43:53.488 | INFO     | SEMICON_train:train:102 - [epoch:2/3][cnn_loss:611.090928][hash_loss:610.883880][quan_loss:0.207050]
2024-08-25 01:44:44.101 | INFO     | SEMICON_train:train:102 - [epoch:3/3][cnn_loss:605.524707][hash_loss:605.320759][quan_loss:0.203947]
2024-08-25 01:44:44.120 | INFO     | SEMICON_train:train:110 - [iter:40/50][iter_time:186.28]
2024-08-25 01:44:56.907 | INFO     | SEMICON_train:train:188 - [iter:40/50][code_length:64][mAP:0.85946][mAP_all:0.71076][best_mAP:0.85946]
2024-08-25 01:44:56.908 | INFO     | SEMICON_train:train:189 - [iter:40/50][code_length:64][zs_mAP:0.41404][zs_mAP_all:0.31035]
2024-08-25 01:45:52.440 | INFO     | SEMICON_train:train:102 - [epoch:1/3][cnn_loss:599.031739][hash_loss:598.822747][quan_loss:0.208993]
2024-08-25 01:46:49.970 | INFO     | SEMICON_train:train:102 - [epoch:2/3][cnn_loss:594.949690][hash_loss:594.743409][quan_loss:0.206281]
2024-08-25 01:47:50.508 | INFO     | SEMICON_train:train:102 - [epoch:3/3][cnn_loss:593.595113][hash_loss:593.387609][quan_loss:0.207504]
2024-08-25 01:47:50.526 | INFO     | SEMICON_train:train:110 - [iter:41/50][iter_time:173.62]
2024-08-25 01:48:03.854 | INFO     | SEMICON_train:train:188 - [iter:41/50][code_length:64][mAP:0.85136][mAP_all:0.72154][best_mAP:0.85946]
2024-08-25 01:48:03.855 | INFO     | SEMICON_train:train:189 - [iter:41/50][code_length:64][zs_mAP:0.41230][zs_mAP_all:0.30596]
2024-08-25 01:49:00.623 | INFO     | SEMICON_train:train:102 - [epoch:1/3][cnn_loss:616.752242][hash_loss:616.547979][quan_loss:0.204264]
2024-08-25 01:49:58.766 | INFO     | SEMICON_train:train:102 - [epoch:2/3][cnn_loss:607.235515][hash_loss:607.034748][quan_loss:0.200770]
2024-08-25 01:50:54.929 | INFO     | SEMICON_train:train:102 - [epoch:3/3][cnn_loss:605.209986][hash_loss:605.012292][quan_loss:0.197693]
2024-08-25 01:50:54.951 | INFO     | SEMICON_train:train:110 - [iter:42/50][iter_time:171.10]
2024-08-25 01:51:09.570 | INFO     | SEMICON_train:train:188 - [iter:42/50][code_length:64][mAP:0.85632][mAP_all:0.71682][best_mAP:0.85946]
2024-08-25 01:51:09.570 | INFO     | SEMICON_train:train:189 - [iter:42/50][code_length:64][zs_mAP:0.40406][zs_mAP_all:0.29986]
2024-08-25 01:52:06.160 | INFO     | SEMICON_train:train:102 - [epoch:1/3][cnn_loss:600.198106][hash_loss:599.998401][quan_loss:0.199705]
2024-08-25 01:53:04.758 | INFO     | SEMICON_train:train:102 - [epoch:2/3][cnn_loss:594.519516][hash_loss:594.321025][quan_loss:0.198490]
2024-08-25 01:54:04.180 | INFO     | SEMICON_train:train:102 - [epoch:3/3][cnn_loss:598.678377][hash_loss:598.478637][quan_loss:0.199743]
2024-08-25 01:54:04.202 | INFO     | SEMICON_train:train:110 - [iter:43/50][iter_time:174.63]
2024-08-25 01:54:18.831 | INFO     | SEMICON_train:train:188 - [iter:43/50][code_length:64][mAP:0.85429][mAP_all:0.73400][best_mAP:0.85946]
2024-08-25 01:54:18.832 | INFO     | SEMICON_train:train:189 - [iter:43/50][code_length:64][zs_mAP:0.40721][zs_mAP_all:0.30882]
2024-08-25 01:55:17.124 | INFO     | SEMICON_train:train:102 - [epoch:1/3][cnn_loss:605.822119][hash_loss:605.620163][quan_loss:0.201956]
2024-08-25 01:56:18.623 | INFO     | SEMICON_train:train:102 - [epoch:2/3][cnn_loss:599.351178][hash_loss:599.149935][quan_loss:0.201244]
2024-08-25 01:57:18.127 | INFO     | SEMICON_train:train:102 - [epoch:3/3][cnn_loss:598.243369][hash_loss:598.043210][quan_loss:0.200159]
2024-08-25 01:57:18.148 | INFO     | SEMICON_train:train:110 - [iter:44/50][iter_time:179.32]
2024-08-25 01:57:33.092 | INFO     | SEMICON_train:train:188 - [iter:44/50][code_length:64][mAP:0.85489][mAP_all:0.72729][best_mAP:0.85946]
2024-08-25 01:57:33.093 | INFO     | SEMICON_train:train:189 - [iter:44/50][code_length:64][zs_mAP:0.41623][zs_mAP_all:0.29364]
2024-08-25 01:58:34.544 | INFO     | SEMICON_train:train:102 - [epoch:1/3][cnn_loss:604.173951][hash_loss:603.972667][quan_loss:0.201285]
2024-08-25 01:59:35.255 | INFO     | SEMICON_train:train:102 - [epoch:2/3][cnn_loss:603.159102][hash_loss:602.959340][quan_loss:0.199766]
2024-08-25 02:00:38.130 | INFO     | SEMICON_train:train:102 - [epoch:3/3][cnn_loss:601.896743][hash_loss:601.698014][quan_loss:0.198728]
2024-08-25 02:00:38.153 | INFO     | SEMICON_train:train:110 - [iter:45/50][iter_time:185.06]
2024-08-25 02:00:53.048 | INFO     | SEMICON_train:train:188 - [iter:45/50][code_length:64][mAP:0.85071][mAP_all:0.73541][best_mAP:0.85946]
2024-08-25 02:00:53.049 | INFO     | SEMICON_train:train:189 - [iter:45/50][code_length:64][zs_mAP:0.40952][zs_mAP_all:0.31015]
2024-08-25 02:01:54.616 | INFO     | SEMICON_train:train:102 - [epoch:1/3][cnn_loss:590.232823][hash_loss:590.033108][quan_loss:0.199715]
2024-08-25 02:02:57.826 | INFO     | SEMICON_train:train:102 - [epoch:2/3][cnn_loss:580.820221][hash_loss:580.623326][quan_loss:0.196896]
2024-08-25 02:04:05.217 | INFO     | SEMICON_train:train:102 - [epoch:3/3][cnn_loss:581.087226][hash_loss:580.890387][quan_loss:0.196839]
2024-08-25 02:04:05.235 | INFO     | SEMICON_train:train:110 - [iter:46/50][iter_time:192.19]
2024-08-25 02:04:20.657 | INFO     | SEMICON_train:train:188 - [iter:46/50][code_length:64][mAP:0.86821][mAP_all:0.75252][best_mAP:0.86821]
2024-08-25 02:04:20.658 | INFO     | SEMICON_train:train:189 - [iter:46/50][code_length:64][zs_mAP:0.41198][zs_mAP_all:0.28832]
2024-08-25 02:05:27.407 | INFO     | SEMICON_train:train:102 - [epoch:1/3][cnn_loss:581.277512][hash_loss:581.084554][quan_loss:0.192956]
2024-08-25 02:06:33.872 | INFO     | SEMICON_train:train:102 - [epoch:2/3][cnn_loss:586.573632][hash_loss:586.379110][quan_loss:0.194521]
2024-08-25 02:07:44.535 | INFO     | SEMICON_train:train:102 - [epoch:3/3][cnn_loss:580.254404][hash_loss:580.061077][quan_loss:0.193329]
2024-08-25 02:07:44.552 | INFO     | SEMICON_train:train:110 - [iter:47/50][iter_time:203.89]
2024-08-25 02:07:58.327 | INFO     | SEMICON_train:train:188 - [iter:47/50][code_length:64][mAP:0.86634][mAP_all:0.74986][best_mAP:0.86821]
2024-08-25 02:07:58.328 | INFO     | SEMICON_train:train:189 - [iter:47/50][code_length:64][zs_mAP:0.41130][zs_mAP_all:0.28665]
2024-08-25 02:09:06.379 | INFO     | SEMICON_train:train:102 - [epoch:1/3][cnn_loss:608.569681][hash_loss:608.375325][quan_loss:0.194356]
2024-08-25 02:10:15.636 | INFO     | SEMICON_train:train:102 - [epoch:2/3][cnn_loss:611.505776][hash_loss:611.310268][quan_loss:0.195509]
2024-08-25 02:11:21.738 | INFO     | SEMICON_train:train:102 - [epoch:3/3][cnn_loss:611.058667][hash_loss:610.863521][quan_loss:0.195148]
2024-08-25 02:11:21.757 | INFO     | SEMICON_train:train:110 - [iter:48/50][iter_time:203.43]
2024-08-25 02:11:36.645 | INFO     | SEMICON_train:train:188 - [iter:48/50][code_length:64][mAP:0.86717][mAP_all:0.75285][best_mAP:0.86821]
2024-08-25 02:11:36.646 | INFO     | SEMICON_train:train:189 - [iter:48/50][code_length:64][zs_mAP:0.41390][zs_mAP_all:0.28961]
2024-08-25 02:12:38.927 | INFO     | SEMICON_train:train:102 - [epoch:1/3][cnn_loss:600.485544][hash_loss:600.289424][quan_loss:0.196119]
2024-08-25 02:13:37.727 | INFO     | SEMICON_train:train:102 - [epoch:2/3][cnn_loss:591.672372][hash_loss:591.478537][quan_loss:0.193833]
2024-08-25 02:14:35.619 | INFO     | SEMICON_train:train:102 - [epoch:3/3][cnn_loss:597.396456][hash_loss:597.201468][quan_loss:0.194991]
2024-08-25 02:14:35.639 | INFO     | SEMICON_train:train:110 - [iter:49/50][iter_time:178.99]
2024-08-25 02:14:50.769 | INFO     | SEMICON_train:train:188 - [iter:49/50][code_length:64][mAP:0.86199][mAP_all:0.75286][best_mAP:0.86821]
2024-08-25 02:14:50.770 | INFO     | SEMICON_train:train:189 - [iter:49/50][code_length:64][zs_mAP:0.41192][zs_mAP_all:0.29622]
2024-08-25 02:15:51.713 | INFO     | SEMICON_train:train:102 - [epoch:1/3][cnn_loss:580.166162][hash_loss:579.965410][quan_loss:0.200753]
2024-08-25 02:16:57.235 | INFO     | SEMICON_train:train:102 - [epoch:2/3][cnn_loss:574.178190][hash_loss:573.979068][quan_loss:0.199123]
2024-08-25 02:18:00.037 | INFO     | SEMICON_train:train:102 - [epoch:3/3][cnn_loss:583.056667][hash_loss:582.855082][quan_loss:0.201585]
2024-08-25 02:18:00.064 | INFO     | SEMICON_train:train:110 - [iter:50/50][iter_time:189.29]
2024-08-25 02:18:14.760 | INFO     | SEMICON_train:train:188 - [iter:50/50][code_length:64][mAP:0.86470][mAP_all:0.74484][best_mAP:0.86821]
2024-08-25 02:18:14.760 | INFO     | SEMICON_train:train:189 - [iter:50/50][code_length:64][zs_mAP:0.41100][zs_mAP_all:0.28362]
2024-08-25 02:18:14.761 | INFO     | SEMICON_train:train:191 - [Training time:9706.16]
2024-08-25 02:18:14.765 | INFO     | __main__:run:123 - [code_length:64][map:0.8682][map_all:0.7525][zs_map:0.4120][zs_map_all:0.2883]
