2023-11-14 12:32:54.785 | SUCCESS  | __main__:run:50 - Namespace(align_step=50, arch='hashnet', batch_size=16, cauchy_gamma=20.0, code_length=[16, 32, 64], dataset='imagenetzs', device=device(type='cuda', index=0), epoch_change=11, gamma=200, gpu=0, info='imagenetzs-15-85-hashnet-11-14-16,32,64', lambd=0.1, lambd_ch=0.1, lambd_sp=0.1, lr=0.0003, lr_step=[45], margin=0.1, max_epoch=1, max_iter=50, momen=0.9, nesterov=False, net='ResNet', num_classes=85, num_query=1000, num_samples=11050, num_workers=2, num_zs=15, optim='SGD', pretrain=True, quan_loss=False, root='/4T/ImageNet/ILSVRC', save_ckpt='checkpoints/', step_continuation=15, topk=1000, val_freq=5, wd=0.0005)
2023-11-14 12:35:48.466 | INFO     | hashnet:train:131 - [iter:1/50][epoch:1/1][scale:1.000][loss:1.311994]
2023-11-14 12:35:48.467 | INFO     | hashnet:train:134 - [iter:1/50][iter_time:147.80]
2023-11-14 12:38:37.284 | INFO     | hashnet:train:131 - [iter:2/50][epoch:1/1][scale:1.414][loss:1.369086]
2023-11-14 12:38:37.285 | INFO     | hashnet:train:134 - [iter:2/50][iter_time:168.82]
2023-11-14 12:41:25.716 | INFO     | hashnet:train:131 - [iter:3/50][epoch:1/1][scale:1.732][loss:1.292618]
2023-11-14 12:41:25.717 | INFO     | hashnet:train:134 - [iter:3/50][iter_time:168.43]
2023-11-14 12:44:16.486 | INFO     | hashnet:train:131 - [iter:4/50][epoch:1/1][scale:2.000][loss:1.195591]
2023-11-14 12:44:16.487 | INFO     | hashnet:train:134 - [iter:4/50][iter_time:170.77]
2023-11-14 12:47:06.341 | INFO     | hashnet:train:131 - [iter:5/50][epoch:1/1][scale:2.236][loss:1.137153]
2023-11-14 12:47:06.342 | INFO     | hashnet:train:134 - [iter:5/50][iter_time:169.85]
2023-11-14 12:57:15.175 | INFO     | hashnet:train:209 - [iter:5/50][code_length:16][mAP:0.25888][mAP_all:0.25629][best_mAP:0.25888]
2023-11-14 12:57:15.176 | INFO     | hashnet:train:210 - [iter:5/50][code_length:16][zs_mAP:0.37968][zs_mAP_all:0.09781]
2023-11-14 12:59:40.315 | INFO     | hashnet:train:131 - [iter:6/50][epoch:1/1][scale:2.449][loss:1.105368]
2023-11-14 12:59:40.316 | INFO     | hashnet:train:134 - [iter:6/50][iter_time:145.14]
2023-11-14 13:02:18.426 | INFO     | hashnet:train:131 - [iter:7/50][epoch:1/1][scale:2.646][loss:1.087633]
2023-11-14 13:02:18.427 | INFO     | hashnet:train:134 - [iter:7/50][iter_time:158.11]
2023-11-14 13:05:07.711 | INFO     | hashnet:train:131 - [iter:8/50][epoch:1/1][scale:2.828][loss:1.072239]
2023-11-14 13:05:07.712 | INFO     | hashnet:train:134 - [iter:8/50][iter_time:169.29]
2023-11-14 13:07:57.600 | INFO     | hashnet:train:131 - [iter:9/50][epoch:1/1][scale:3.000][loss:1.061167]
2023-11-14 13:07:57.601 | INFO     | hashnet:train:134 - [iter:9/50][iter_time:169.89]
2023-11-14 13:10:46.809 | INFO     | hashnet:train:131 - [iter:10/50][epoch:1/1][scale:3.162][loss:1.054875]
2023-11-14 13:10:46.809 | INFO     | hashnet:train:134 - [iter:10/50][iter_time:169.21]
2023-11-14 13:21:07.585 | INFO     | hashnet:train:209 - [iter:10/50][code_length:16][mAP:0.33346][mAP_all:0.33128][best_mAP:0.33346]
2023-11-14 13:21:07.585 | INFO     | hashnet:train:210 - [iter:10/50][code_length:16][zs_mAP:0.38123][zs_mAP_all:0.11568]
2023-11-14 13:23:36.947 | INFO     | hashnet:train:131 - [iter:11/50][epoch:1/1][scale:3.317][loss:1.048248]
2023-11-14 13:23:36.948 | INFO     | hashnet:train:134 - [iter:11/50][iter_time:149.36]
2023-11-14 13:26:14.789 | INFO     | hashnet:train:131 - [iter:12/50][epoch:1/1][scale:3.464][loss:1.044719]
2023-11-14 13:26:14.790 | INFO     | hashnet:train:134 - [iter:12/50][iter_time:157.84]
2023-11-14 13:28:53.027 | INFO     | hashnet:train:131 - [iter:13/50][epoch:1/1][scale:3.606][loss:1.038661]
2023-11-14 13:28:53.028 | INFO     | hashnet:train:134 - [iter:13/50][iter_time:158.24]
2023-11-14 13:31:42.802 | INFO     | hashnet:train:131 - [iter:14/50][epoch:1/1][scale:3.742][loss:1.033845]
2023-11-14 13:31:42.803 | INFO     | hashnet:train:134 - [iter:14/50][iter_time:169.77]
2023-11-14 13:34:33.913 | INFO     | hashnet:train:131 - [iter:15/50][epoch:1/1][scale:3.873][loss:1.030827]
2023-11-14 13:34:33.914 | INFO     | hashnet:train:134 - [iter:15/50][iter_time:171.11]
2023-11-14 13:45:11.856 | INFO     | hashnet:train:209 - [iter:15/50][code_length:16][mAP:0.38403][mAP_all:0.38141][best_mAP:0.38403]
2023-11-14 13:45:11.857 | INFO     | hashnet:train:210 - [iter:15/50][code_length:16][zs_mAP:0.38955][zs_mAP_all:0.15195]
2023-11-14 13:47:47.747 | INFO     | hashnet:train:131 - [iter:16/50][epoch:1/1][scale:4.000][loss:1.028851]
2023-11-14 13:47:47.748 | INFO     | hashnet:train:134 - [iter:16/50][iter_time:155.89]
2023-11-14 13:50:26.494 | INFO     | hashnet:train:131 - [iter:17/50][epoch:1/1][scale:4.123][loss:1.027306]
2023-11-14 13:50:26.494 | INFO     | hashnet:train:134 - [iter:17/50][iter_time:158.75]
2023-11-14 13:53:04.892 | INFO     | hashnet:train:131 - [iter:18/50][epoch:1/1][scale:4.243][loss:1.025646]
2023-11-14 13:53:04.893 | INFO     | hashnet:train:134 - [iter:18/50][iter_time:158.40]
2023-11-14 13:55:43.719 | INFO     | hashnet:train:131 - [iter:19/50][epoch:1/1][scale:4.359][loss:1.022626]
2023-11-14 13:55:43.720 | INFO     | hashnet:train:134 - [iter:19/50][iter_time:158.83]
2023-11-14 13:58:33.019 | INFO     | hashnet:train:131 - [iter:20/50][epoch:1/1][scale:4.472][loss:1.021370]
2023-11-14 13:58:33.020 | INFO     | hashnet:train:134 - [iter:20/50][iter_time:169.30]
2023-11-14 14:08:40.109 | INFO     | hashnet:train:209 - [iter:20/50][code_length:16][mAP:0.41090][mAP_all:0.40756][best_mAP:0.41090]
2023-11-14 14:08:40.110 | INFO     | hashnet:train:210 - [iter:20/50][code_length:16][zs_mAP:0.41345][zs_mAP_all:0.16514]
2023-11-14 14:11:21.719 | INFO     | hashnet:train:131 - [iter:21/50][epoch:1/1][scale:4.583][loss:1.018551]
2023-11-14 14:11:21.720 | INFO     | hashnet:train:134 - [iter:21/50][iter_time:161.61]
2023-11-14 14:13:56.470 | INFO     | hashnet:train:131 - [iter:22/50][epoch:1/1][scale:4.690][loss:1.017671]
2023-11-14 14:13:56.471 | INFO     | hashnet:train:134 - [iter:22/50][iter_time:154.75]
2023-11-14 14:16:32.221 | INFO     | hashnet:train:131 - [iter:23/50][epoch:1/1][scale:4.796][loss:1.017181]
2023-11-14 14:16:32.222 | INFO     | hashnet:train:134 - [iter:23/50][iter_time:155.75]
2023-11-14 14:19:07.710 | INFO     | hashnet:train:131 - [iter:24/50][epoch:1/1][scale:4.899][loss:1.016092]
2023-11-14 14:19:07.711 | INFO     | hashnet:train:134 - [iter:24/50][iter_time:155.49]
2023-11-14 14:21:44.377 | INFO     | hashnet:train:131 - [iter:25/50][epoch:1/1][scale:5.000][loss:1.014714]
2023-11-14 14:21:44.377 | INFO     | hashnet:train:134 - [iter:25/50][iter_time:156.67]
2023-11-14 14:31:36.460 | INFO     | hashnet:train:209 - [iter:25/50][code_length:16][mAP:0.42951][mAP_all:0.42743][best_mAP:0.42951]
2023-11-14 14:31:36.461 | INFO     | hashnet:train:210 - [iter:25/50][code_length:16][zs_mAP:0.41790][zs_mAP_all:0.17164]
2023-11-14 14:34:22.428 | INFO     | hashnet:train:131 - [iter:26/50][epoch:1/1][scale:5.099][loss:1.013494]
2023-11-14 14:34:22.428 | INFO     | hashnet:train:134 - [iter:26/50][iter_time:165.97]
2023-11-14 14:37:06.153 | INFO     | hashnet:train:131 - [iter:27/50][epoch:1/1][scale:5.196][loss:1.010649]
2023-11-14 14:37:06.153 | INFO     | hashnet:train:134 - [iter:27/50][iter_time:163.72]
2023-11-14 14:39:41.825 | INFO     | hashnet:train:131 - [iter:28/50][epoch:1/1][scale:5.292][loss:1.010303]
2023-11-14 14:39:41.826 | INFO     | hashnet:train:134 - [iter:28/50][iter_time:155.67]
2023-11-14 14:42:15.912 | INFO     | hashnet:train:131 - [iter:29/50][epoch:1/1][scale:5.385][loss:1.009619]
2023-11-14 14:42:15.913 | INFO     | hashnet:train:134 - [iter:29/50][iter_time:154.09]
2023-11-14 14:44:50.409 | INFO     | hashnet:train:131 - [iter:30/50][epoch:1/1][scale:5.477][loss:1.008950]
2023-11-14 14:44:50.409 | INFO     | hashnet:train:134 - [iter:30/50][iter_time:154.50]
2023-11-14 14:55:01.506 | INFO     | hashnet:train:209 - [iter:30/50][code_length:16][mAP:0.45094][mAP_all:0.44762][best_mAP:0.45094]
2023-11-14 14:55:01.508 | INFO     | hashnet:train:210 - [iter:30/50][code_length:16][zs_mAP:0.41955][zs_mAP_all:0.16707]
2023-11-14 14:57:44.051 | INFO     | hashnet:train:131 - [iter:31/50][epoch:1/1][scale:5.568][loss:1.009712]
2023-11-14 14:57:44.052 | INFO     | hashnet:train:134 - [iter:31/50][iter_time:162.54]
2023-11-14 15:00:36.383 | INFO     | hashnet:train:131 - [iter:32/50][epoch:1/1][scale:5.657][loss:1.007217]
2023-11-14 15:00:36.384 | INFO     | hashnet:train:134 - [iter:32/50][iter_time:172.33]
2023-11-14 15:03:20.782 | INFO     | hashnet:train:131 - [iter:33/50][epoch:1/1][scale:5.745][loss:1.005579]
2023-11-14 15:03:20.783 | INFO     | hashnet:train:134 - [iter:33/50][iter_time:164.40]
2023-11-14 15:05:55.687 | INFO     | hashnet:train:131 - [iter:34/50][epoch:1/1][scale:5.831][loss:1.003897]
2023-11-14 15:05:55.688 | INFO     | hashnet:train:134 - [iter:34/50][iter_time:154.90]
2023-11-14 15:08:32.986 | INFO     | hashnet:train:131 - [iter:35/50][epoch:1/1][scale:5.916][loss:1.004946]
2023-11-14 15:08:32.987 | INFO     | hashnet:train:134 - [iter:35/50][iter_time:157.30]
2023-11-14 15:18:46.222 | INFO     | hashnet:train:209 - [iter:35/50][code_length:16][mAP:0.46661][mAP_all:0.46422][best_mAP:0.46661]
2023-11-14 15:18:46.224 | INFO     | hashnet:train:210 - [iter:35/50][code_length:16][zs_mAP:0.42233][zs_mAP_all:0.18367]
2023-11-14 15:21:27.675 | INFO     | hashnet:train:131 - [iter:36/50][epoch:1/1][scale:6.000][loss:1.002907]
2023-11-14 15:21:27.676 | INFO     | hashnet:train:134 - [iter:36/50][iter_time:161.45]
2023-11-14 15:31:31.166 | INFO     | hashnet:train:209 - [iter:36/50][code_length:16][mAP:0.46796][mAP_all:0.46525][best_mAP:0.46796]
2023-11-14 15:31:31.167 | INFO     | hashnet:train:210 - [iter:36/50][code_length:16][zs_mAP:0.42767][zs_mAP_all:0.19368]
2023-11-14 15:33:55.543 | INFO     | hashnet:train:131 - [iter:37/50][epoch:1/1][scale:6.083][loss:1.002013]
2023-11-14 15:33:55.544 | INFO     | hashnet:train:134 - [iter:37/50][iter_time:144.38]
2023-11-14 15:43:47.056 | INFO     | hashnet:train:209 - [iter:37/50][code_length:16][mAP:0.47527][mAP_all:0.47280][best_mAP:0.47527]
2023-11-14 15:43:47.057 | INFO     | hashnet:train:210 - [iter:37/50][code_length:16][zs_mAP:0.43388][zs_mAP_all:0.18788]
2023-11-14 15:46:04.307 | INFO     | hashnet:train:131 - [iter:38/50][epoch:1/1][scale:6.164][loss:1.001414]
2023-11-14 15:46:04.308 | INFO     | hashnet:train:134 - [iter:38/50][iter_time:137.25]
2023-11-14 15:56:03.196 | INFO     | hashnet:train:209 - [iter:38/50][code_length:16][mAP:0.47723][mAP_all:0.47461][best_mAP:0.47723]
2023-11-14 15:56:03.197 | INFO     | hashnet:train:210 - [iter:38/50][code_length:16][zs_mAP:0.42956][zs_mAP_all:0.19347]
2023-11-14 15:58:24.833 | INFO     | hashnet:train:131 - [iter:39/50][epoch:1/1][scale:6.245][loss:1.002083]
2023-11-14 15:58:24.834 | INFO     | hashnet:train:134 - [iter:39/50][iter_time:141.64]
2023-11-14 16:08:25.025 | INFO     | hashnet:train:209 - [iter:39/50][code_length:16][mAP:0.47861][mAP_all:0.47634][best_mAP:0.47861]
2023-11-14 16:08:25.026 | INFO     | hashnet:train:210 - [iter:39/50][code_length:16][zs_mAP:0.43170][zs_mAP_all:0.20387]
2023-11-14 16:10:45.697 | INFO     | hashnet:train:131 - [iter:40/50][epoch:1/1][scale:6.325][loss:1.004331]
2023-11-14 16:10:45.698 | INFO     | hashnet:train:134 - [iter:40/50][iter_time:140.67]
2023-11-14 16:20:55.355 | INFO     | hashnet:train:209 - [iter:40/50][code_length:16][mAP:0.48035][mAP_all:0.47819][best_mAP:0.48035]
2023-11-14 16:20:55.356 | INFO     | hashnet:train:210 - [iter:40/50][code_length:16][zs_mAP:0.43516][zs_mAP_all:0.20321]
2023-11-14 16:23:21.244 | INFO     | hashnet:train:131 - [iter:41/50][epoch:1/1][scale:6.403][loss:0.999901]
2023-11-14 16:23:21.245 | INFO     | hashnet:train:134 - [iter:41/50][iter_time:145.89]
2023-11-14 16:33:16.252 | INFO     | hashnet:train:209 - [iter:41/50][code_length:16][mAP:0.48218][mAP_all:0.48009][best_mAP:0.48218]
2023-11-14 16:33:16.253 | INFO     | hashnet:train:210 - [iter:41/50][code_length:16][zs_mAP:0.42825][zs_mAP_all:0.19929]
2023-11-14 16:35:39.842 | INFO     | hashnet:train:131 - [iter:42/50][epoch:1/1][scale:6.481][loss:1.000764]
2023-11-14 16:35:39.843 | INFO     | hashnet:train:134 - [iter:42/50][iter_time:143.59]
2023-11-14 16:45:42.776 | INFO     | hashnet:train:209 - [iter:42/50][code_length:16][mAP:0.48333][mAP_all:0.48098][best_mAP:0.48333]
2023-11-14 16:45:42.776 | INFO     | hashnet:train:210 - [iter:42/50][code_length:16][zs_mAP:0.42358][zs_mAP_all:0.18668]
2023-11-14 16:48:06.423 | INFO     | hashnet:train:131 - [iter:43/50][epoch:1/1][scale:6.557][loss:1.000282]
2023-11-14 16:48:06.424 | INFO     | hashnet:train:134 - [iter:43/50][iter_time:143.65]
2023-11-14 16:58:05.577 | INFO     | hashnet:train:209 - [iter:43/50][code_length:16][mAP:0.48574][mAP_all:0.48329][best_mAP:0.48574]
2023-11-14 16:58:05.578 | INFO     | hashnet:train:210 - [iter:43/50][code_length:16][zs_mAP:0.43257][zs_mAP_all:0.19673]
2023-11-14 17:00:31.295 | INFO     | hashnet:train:131 - [iter:44/50][epoch:1/1][scale:6.633][loss:0.998931]
2023-11-14 17:00:31.295 | INFO     | hashnet:train:134 - [iter:44/50][iter_time:145.72]
2023-11-14 17:10:23.064 | INFO     | hashnet:train:209 - [iter:44/50][code_length:16][mAP:0.48611][mAP_all:0.48398][best_mAP:0.48611]
2023-11-14 17:10:23.065 | INFO     | hashnet:train:210 - [iter:44/50][code_length:16][zs_mAP:0.41875][zs_mAP_all:0.19182]
2023-11-14 17:12:46.837 | INFO     | hashnet:train:131 - [iter:45/50][epoch:1/1][scale:6.708][loss:0.998977]
2023-11-14 17:12:46.838 | INFO     | hashnet:train:134 - [iter:45/50][iter_time:143.77]
2023-11-14 17:22:42.669 | INFO     | hashnet:train:209 - [iter:45/50][code_length:16][mAP:0.48670][mAP_all:0.48419][best_mAP:0.48670]
2023-11-14 17:22:42.670 | INFO     | hashnet:train:210 - [iter:45/50][code_length:16][zs_mAP:0.41890][zs_mAP_all:0.19485]
2023-11-14 17:25:06.573 | INFO     | hashnet:train:131 - [iter:46/50][epoch:1/1][scale:6.782][loss:0.996811]
2023-11-14 17:25:06.575 | INFO     | hashnet:train:134 - [iter:46/50][iter_time:143.90]
2023-11-14 17:35:00.731 | INFO     | hashnet:train:209 - [iter:46/50][code_length:16][mAP:0.48361][mAP_all:0.48152][best_mAP:0.48670]
2023-11-14 17:35:00.732 | INFO     | hashnet:train:210 - [iter:46/50][code_length:16][zs_mAP:0.42469][zs_mAP_all:0.19545]
2023-11-14 17:37:24.471 | INFO     | hashnet:train:131 - [iter:47/50][epoch:1/1][scale:6.856][loss:0.996500]
2023-11-14 17:37:24.472 | INFO     | hashnet:train:134 - [iter:47/50][iter_time:143.74]
2023-11-14 17:47:16.926 | INFO     | hashnet:train:209 - [iter:47/50][code_length:16][mAP:0.48877][mAP_all:0.48620][best_mAP:0.48877]
2023-11-14 17:47:16.927 | INFO     | hashnet:train:210 - [iter:47/50][code_length:16][zs_mAP:0.42019][zs_mAP_all:0.18619]
2023-11-14 17:49:43.835 | INFO     | hashnet:train:131 - [iter:48/50][epoch:1/1][scale:6.928][loss:0.995247]
2023-11-14 17:49:43.836 | INFO     | hashnet:train:134 - [iter:48/50][iter_time:146.91]
2023-11-14 17:59:45.840 | INFO     | hashnet:train:209 - [iter:48/50][code_length:16][mAP:0.49150][mAP_all:0.48939][best_mAP:0.49150]
2023-11-14 17:59:45.841 | INFO     | hashnet:train:210 - [iter:48/50][code_length:16][zs_mAP:0.42307][zs_mAP_all:0.18893]
2023-11-14 18:02:17.010 | INFO     | hashnet:train:131 - [iter:49/50][epoch:1/1][scale:7.000][loss:0.996213]
2023-11-14 18:02:17.011 | INFO     | hashnet:train:134 - [iter:49/50][iter_time:151.17]
2023-11-14 18:12:18.156 | INFO     | hashnet:train:209 - [iter:49/50][code_length:16][mAP:0.49145][mAP_all:0.48910][best_mAP:0.49150]
2023-11-14 18:12:18.157 | INFO     | hashnet:train:210 - [iter:49/50][code_length:16][zs_mAP:0.42377][zs_mAP_all:0.18386]
2023-11-14 18:14:49.317 | INFO     | hashnet:train:131 - [iter:50/50][epoch:1/1][scale:7.071][loss:0.994744]
2023-11-14 18:14:49.318 | INFO     | hashnet:train:134 - [iter:50/50][iter_time:151.16]
2023-11-14 18:24:38.197 | INFO     | hashnet:train:209 - [iter:50/50][code_length:16][mAP:0.49000][mAP_all:0.48784][best_mAP:0.49150]
2023-11-14 18:24:38.198 | INFO     | hashnet:train:210 - [iter:50/50][code_length:16][zs_mAP:0.42579][zs_mAP_all:0.19367]
2023-11-14 18:24:38.198 | INFO     | hashnet:train:212 - [Training time:21077.53]
2023-11-14 18:24:38.207 | INFO     | __main__:run:126 - [code_length:16][map:0.4915][map_all:0.4894][zs_map:0.4231][zs_map_all:0.1889]
2023-11-14 18:27:10.687 | INFO     | hashnet:train:131 - [iter:1/50][epoch:1/1][scale:1.000][loss:1.281909]
2023-11-14 18:27:10.688 | INFO     | hashnet:train:134 - [iter:1/50][iter_time:151.90]
2023-11-14 18:29:45.948 | INFO     | hashnet:train:131 - [iter:2/50][epoch:1/1][scale:1.414][loss:1.345678]
2023-11-14 18:29:45.949 | INFO     | hashnet:train:134 - [iter:2/50][iter_time:155.26]
2023-11-14 18:32:19.869 | INFO     | hashnet:train:131 - [iter:3/50][epoch:1/1][scale:1.732][loss:1.222617]
2023-11-14 18:32:19.870 | INFO     | hashnet:train:134 - [iter:3/50][iter_time:153.92]
2023-11-14 18:34:54.107 | INFO     | hashnet:train:131 - [iter:4/50][epoch:1/1][scale:2.000][loss:1.099231]
2023-11-14 18:34:54.108 | INFO     | hashnet:train:134 - [iter:4/50][iter_time:154.24]
2023-11-14 18:37:32.690 | INFO     | hashnet:train:131 - [iter:5/50][epoch:1/1][scale:2.236][loss:1.042156]
2023-11-14 18:37:32.691 | INFO     | hashnet:train:134 - [iter:5/50][iter_time:158.58]
2023-11-14 18:47:36.601 | INFO     | hashnet:train:209 - [iter:5/50][code_length:32][mAP:0.47751][mAP_all:0.46951][best_mAP:0.47751]
2023-11-14 18:47:36.602 | INFO     | hashnet:train:210 - [iter:5/50][code_length:32][zs_mAP:0.52892][zs_mAP_all:0.28059]
2023-11-14 18:50:02.171 | INFO     | hashnet:train:131 - [iter:6/50][epoch:1/1][scale:2.449][loss:1.011646]
2023-11-14 18:50:02.171 | INFO     | hashnet:train:134 - [iter:6/50][iter_time:145.57]
2023-11-14 18:52:52.928 | INFO     | hashnet:train:131 - [iter:7/50][epoch:1/1][scale:2.646][loss:0.988754]
2023-11-14 18:52:52.929 | INFO     | hashnet:train:134 - [iter:7/50][iter_time:170.76]
2023-11-14 18:55:45.208 | INFO     | hashnet:train:131 - [iter:8/50][epoch:1/1][scale:2.828][loss:0.973555]
2023-11-14 18:55:45.209 | INFO     | hashnet:train:134 - [iter:8/50][iter_time:172.28]
2023-11-14 18:58:36.859 | INFO     | hashnet:train:131 - [iter:9/50][epoch:1/1][scale:3.000][loss:0.962732]
2023-11-14 18:58:36.860 | INFO     | hashnet:train:134 - [iter:9/50][iter_time:171.65]
2023-11-14 19:01:28.755 | INFO     | hashnet:train:131 - [iter:10/50][epoch:1/1][scale:3.162][loss:0.954573]
2023-11-14 19:01:28.756 | INFO     | hashnet:train:134 - [iter:10/50][iter_time:171.90]
2023-11-14 19:11:44.814 | INFO     | hashnet:train:209 - [iter:10/50][code_length:32][mAP:0.58580][mAP_all:0.57665][best_mAP:0.58580]
2023-11-14 19:11:44.814 | INFO     | hashnet:train:210 - [iter:10/50][code_length:32][zs_mAP:0.52651][zs_mAP_all:0.27943]
2023-11-14 19:14:05.701 | INFO     | hashnet:train:131 - [iter:11/50][epoch:1/1][scale:3.317][loss:0.947557]
2023-11-14 19:14:05.702 | INFO     | hashnet:train:134 - [iter:11/50][iter_time:140.89]
2023-11-14 19:16:41.876 | INFO     | hashnet:train:131 - [iter:12/50][epoch:1/1][scale:3.464][loss:0.940998]
2023-11-14 19:16:41.877 | INFO     | hashnet:train:134 - [iter:12/50][iter_time:156.17]
2023-11-14 19:19:31.929 | INFO     | hashnet:train:131 - [iter:13/50][epoch:1/1][scale:3.606][loss:0.933225]
2023-11-14 19:19:31.930 | INFO     | hashnet:train:134 - [iter:13/50][iter_time:170.05]
2023-11-14 19:22:22.676 | INFO     | hashnet:train:131 - [iter:14/50][epoch:1/1][scale:3.742][loss:0.929816]
2023-11-14 19:22:22.677 | INFO     | hashnet:train:134 - [iter:14/50][iter_time:170.75]
2023-11-14 19:25:12.954 | INFO     | hashnet:train:131 - [iter:15/50][epoch:1/1][scale:3.873][loss:0.925459]
2023-11-14 19:25:12.955 | INFO     | hashnet:train:134 - [iter:15/50][iter_time:170.28]
2023-11-14 19:35:32.886 | INFO     | hashnet:train:209 - [iter:15/50][code_length:32][mAP:0.64453][mAP_all:0.63566][best_mAP:0.64453]
2023-11-14 19:35:32.887 | INFO     | hashnet:train:210 - [iter:15/50][code_length:32][zs_mAP:0.53861][zs_mAP_all:0.27505]
2023-11-14 19:37:51.862 | INFO     | hashnet:train:131 - [iter:16/50][epoch:1/1][scale:4.000][loss:0.920873]
2023-11-14 19:37:51.863 | INFO     | hashnet:train:134 - [iter:16/50][iter_time:138.98]
2023-11-14 19:40:26.653 | INFO     | hashnet:train:131 - [iter:17/50][epoch:1/1][scale:4.123][loss:0.917590]
2023-11-14 19:40:26.653 | INFO     | hashnet:train:134 - [iter:17/50][iter_time:154.79]
2023-11-14 19:43:03.477 | INFO     | hashnet:train:131 - [iter:18/50][epoch:1/1][scale:4.243][loss:0.915116]
2023-11-14 19:43:03.478 | INFO     | hashnet:train:134 - [iter:18/50][iter_time:156.82]
2023-11-14 19:45:53.954 | INFO     | hashnet:train:131 - [iter:19/50][epoch:1/1][scale:4.359][loss:0.910985]
2023-11-14 19:45:53.955 | INFO     | hashnet:train:134 - [iter:19/50][iter_time:170.48]
2023-11-14 19:48:45.746 | INFO     | hashnet:train:131 - [iter:20/50][epoch:1/1][scale:4.472][loss:0.909883]
2023-11-14 19:48:45.747 | INFO     | hashnet:train:134 - [iter:20/50][iter_time:171.79]
2023-11-14 19:59:10.400 | INFO     | hashnet:train:209 - [iter:20/50][code_length:32][mAP:0.67991][mAP_all:0.67123][best_mAP:0.67991]
2023-11-14 19:59:10.401 | INFO     | hashnet:train:210 - [iter:20/50][code_length:32][zs_mAP:0.55203][zs_mAP_all:0.30120]
2023-11-14 20:01:29.226 | INFO     | hashnet:train:131 - [iter:21/50][epoch:1/1][scale:4.583][loss:0.908500]
2023-11-14 20:01:29.227 | INFO     | hashnet:train:134 - [iter:21/50][iter_time:138.83]
2023-11-14 20:04:05.496 | INFO     | hashnet:train:131 - [iter:22/50][epoch:1/1][scale:4.690][loss:0.904891]
2023-11-14 20:04:05.497 | INFO     | hashnet:train:134 - [iter:22/50][iter_time:156.27]
2023-11-14 20:06:40.425 | INFO     | hashnet:train:131 - [iter:23/50][epoch:1/1][scale:4.796][loss:0.902521]
2023-11-14 20:06:40.426 | INFO     | hashnet:train:134 - [iter:23/50][iter_time:154.93]
2023-11-14 20:09:16.783 | INFO     | hashnet:train:131 - [iter:24/50][epoch:1/1][scale:4.899][loss:0.899627]
2023-11-14 20:09:16.784 | INFO     | hashnet:train:134 - [iter:24/50][iter_time:156.36]
2023-11-14 20:12:05.209 | INFO     | hashnet:train:131 - [iter:25/50][epoch:1/1][scale:5.000][loss:0.898622]
2023-11-14 20:12:05.210 | INFO     | hashnet:train:134 - [iter:25/50][iter_time:168.43]
2023-11-14 20:22:36.641 | INFO     | hashnet:train:209 - [iter:25/50][code_length:32][mAP:0.70154][mAP_all:0.69325][best_mAP:0.70154]
2023-11-14 20:22:36.642 | INFO     | hashnet:train:210 - [iter:25/50][code_length:32][zs_mAP:0.55857][zs_mAP_all:0.29382]
2023-11-14 20:25:04.533 | INFO     | hashnet:train:131 - [iter:26/50][epoch:1/1][scale:5.099][loss:0.896606]
2023-11-14 20:25:04.534 | INFO     | hashnet:train:134 - [iter:26/50][iter_time:147.89]
2023-11-14 20:27:40.004 | INFO     | hashnet:train:131 - [iter:27/50][epoch:1/1][scale:5.196][loss:0.895190]
2023-11-14 20:27:40.005 | INFO     | hashnet:train:134 - [iter:27/50][iter_time:155.47]
2023-11-14 20:30:15.409 | INFO     | hashnet:train:131 - [iter:28/50][epoch:1/1][scale:5.292][loss:0.893857]
2023-11-14 20:30:15.409 | INFO     | hashnet:train:134 - [iter:28/50][iter_time:155.40]
2023-11-14 20:32:51.010 | INFO     | hashnet:train:131 - [iter:29/50][epoch:1/1][scale:5.385][loss:0.891574]
2023-11-14 20:32:51.011 | INFO     | hashnet:train:134 - [iter:29/50][iter_time:155.60]
2023-11-14 20:35:27.499 | INFO     | hashnet:train:131 - [iter:30/50][epoch:1/1][scale:5.477][loss:0.891920]
2023-11-14 20:35:27.501 | INFO     | hashnet:train:134 - [iter:30/50][iter_time:156.49]
2023-11-14 20:45:53.806 | INFO     | hashnet:train:209 - [iter:30/50][code_length:32][mAP:0.72256][mAP_all:0.71405][best_mAP:0.72256]
2023-11-14 20:45:53.806 | INFO     | hashnet:train:210 - [iter:30/50][code_length:32][zs_mAP:0.57404][zs_mAP_all:0.31757]
2023-11-14 20:48:25.417 | INFO     | hashnet:train:131 - [iter:31/50][epoch:1/1][scale:5.568][loss:0.889410]
2023-11-14 20:48:25.418 | INFO     | hashnet:train:134 - [iter:31/50][iter_time:151.61]
2023-11-14 20:51:12.167 | INFO     | hashnet:train:131 - [iter:32/50][epoch:1/1][scale:5.657][loss:0.886499]
2023-11-14 20:51:12.168 | INFO     | hashnet:train:134 - [iter:32/50][iter_time:166.75]
2023-11-14 20:53:50.512 | INFO     | hashnet:train:131 - [iter:33/50][epoch:1/1][scale:5.745][loss:0.884689]
2023-11-14 20:53:50.513 | INFO     | hashnet:train:134 - [iter:33/50][iter_time:158.35]
2023-11-14 20:56:28.775 | INFO     | hashnet:train:131 - [iter:34/50][epoch:1/1][scale:5.831][loss:0.883380]
2023-11-14 20:56:28.776 | INFO     | hashnet:train:134 - [iter:34/50][iter_time:158.26]
2023-11-14 20:59:05.142 | INFO     | hashnet:train:131 - [iter:35/50][epoch:1/1][scale:5.916][loss:0.884384]
2023-11-14 20:59:05.145 | INFO     | hashnet:train:134 - [iter:35/50][iter_time:156.37]
2023-11-14 21:09:13.574 | INFO     | hashnet:train:209 - [iter:35/50][code_length:32][mAP:0.73131][mAP_all:0.72327][best_mAP:0.73131]
2023-11-14 21:09:13.575 | INFO     | hashnet:train:210 - [iter:35/50][code_length:32][zs_mAP:0.56748][zs_mAP_all:0.31081]
2023-11-14 21:11:45.342 | INFO     | hashnet:train:131 - [iter:36/50][epoch:1/1][scale:6.000][loss:0.882143]
2023-11-14 21:11:45.343 | INFO     | hashnet:train:134 - [iter:36/50][iter_time:151.77]
2023-11-14 21:22:04.177 | INFO     | hashnet:train:209 - [iter:36/50][code_length:32][mAP:0.73347][mAP_all:0.72554][best_mAP:0.73347]
2023-11-14 21:22:04.178 | INFO     | hashnet:train:210 - [iter:36/50][code_length:32][zs_mAP:0.57242][zs_mAP_all:0.32608]
2023-11-14 21:24:19.776 | INFO     | hashnet:train:131 - [iter:37/50][epoch:1/1][scale:6.083][loss:0.881857]
2023-11-14 21:24:19.777 | INFO     | hashnet:train:134 - [iter:37/50][iter_time:135.60]
2023-11-14 21:34:48.147 | INFO     | hashnet:train:209 - [iter:37/50][code_length:32][mAP:0.73788][mAP_all:0.73002][best_mAP:0.73788]
2023-11-14 21:34:48.148 | INFO     | hashnet:train:210 - [iter:37/50][code_length:32][zs_mAP:0.57101][zs_mAP_all:0.32215]
2023-11-14 21:37:24.529 | INFO     | hashnet:train:131 - [iter:38/50][epoch:1/1][scale:6.164][loss:0.880659]
2023-11-14 21:37:24.530 | INFO     | hashnet:train:134 - [iter:38/50][iter_time:156.38]
2023-11-14 21:47:33.008 | INFO     | hashnet:train:209 - [iter:38/50][code_length:32][mAP:0.74110][mAP_all:0.73313][best_mAP:0.74110]
2023-11-14 21:47:33.009 | INFO     | hashnet:train:210 - [iter:38/50][code_length:32][zs_mAP:0.56438][zs_mAP_all:0.31699]
2023-11-14 21:49:53.678 | INFO     | hashnet:train:131 - [iter:39/50][epoch:1/1][scale:6.245][loss:0.878190]
2023-11-14 21:49:53.679 | INFO     | hashnet:train:134 - [iter:39/50][iter_time:140.67]
2023-11-14 22:00:00.889 | INFO     | hashnet:train:209 - [iter:39/50][code_length:32][mAP:0.74185][mAP_all:0.73417][best_mAP:0.74185]
2023-11-14 22:00:00.891 | INFO     | hashnet:train:210 - [iter:39/50][code_length:32][zs_mAP:0.58042][zs_mAP_all:0.32160]
2023-11-14 22:02:19.915 | INFO     | hashnet:train:131 - [iter:40/50][epoch:1/1][scale:6.325][loss:0.878083]
2023-11-14 22:02:19.916 | INFO     | hashnet:train:134 - [iter:40/50][iter_time:139.03]
2023-11-14 22:12:24.969 | INFO     | hashnet:train:209 - [iter:40/50][code_length:32][mAP:0.74550][mAP_all:0.73791][best_mAP:0.74550]
2023-11-14 22:12:24.970 | INFO     | hashnet:train:210 - [iter:40/50][code_length:32][zs_mAP:0.57350][zs_mAP_all:0.33333]
2023-11-14 22:14:48.246 | INFO     | hashnet:train:131 - [iter:41/50][epoch:1/1][scale:6.403][loss:0.875630]
2023-11-14 22:14:48.246 | INFO     | hashnet:train:134 - [iter:41/50][iter_time:143.28]
2023-11-14 22:24:52.071 | INFO     | hashnet:train:209 - [iter:41/50][code_length:32][mAP:0.74499][mAP_all:0.73730][best_mAP:0.74550]
2023-11-14 22:24:52.072 | INFO     | hashnet:train:210 - [iter:41/50][code_length:32][zs_mAP:0.57007][zs_mAP_all:0.32735]
2023-11-14 22:27:16.160 | INFO     | hashnet:train:131 - [iter:42/50][epoch:1/1][scale:6.481][loss:0.875992]
2023-11-14 22:27:16.161 | INFO     | hashnet:train:134 - [iter:42/50][iter_time:144.09]
2023-11-14 22:37:22.352 | INFO     | hashnet:train:209 - [iter:42/50][code_length:32][mAP:0.74509][mAP_all:0.73767][best_mAP:0.74550]
2023-11-14 22:37:22.353 | INFO     | hashnet:train:210 - [iter:42/50][code_length:32][zs_mAP:0.56985][zs_mAP_all:0.33010]
2023-11-14 22:39:47.286 | INFO     | hashnet:train:131 - [iter:43/50][epoch:1/1][scale:6.557][loss:0.873776]
2023-11-14 22:39:47.287 | INFO     | hashnet:train:134 - [iter:43/50][iter_time:144.93]
2023-11-14 22:49:53.485 | INFO     | hashnet:train:209 - [iter:43/50][code_length:32][mAP:0.74968][mAP_all:0.74207][best_mAP:0.74968]
2023-11-14 22:49:53.486 | INFO     | hashnet:train:210 - [iter:43/50][code_length:32][zs_mAP:0.57913][zs_mAP_all:0.33216]
2023-11-14 22:52:21.447 | INFO     | hashnet:train:131 - [iter:44/50][epoch:1/1][scale:6.633][loss:0.874122]
2023-11-14 22:52:21.448 | INFO     | hashnet:train:134 - [iter:44/50][iter_time:147.96]
2023-11-14 23:02:28.718 | INFO     | hashnet:train:209 - [iter:44/50][code_length:32][mAP:0.75211][mAP_all:0.74484][best_mAP:0.75211]
2023-11-14 23:02:28.719 | INFO     | hashnet:train:210 - [iter:44/50][code_length:32][zs_mAP:0.57334][zs_mAP_all:0.32867]
2023-11-14 23:04:54.273 | INFO     | hashnet:train:131 - [iter:45/50][epoch:1/1][scale:6.708][loss:0.875269]
2023-11-14 23:04:54.273 | INFO     | hashnet:train:134 - [iter:45/50][iter_time:145.55]
2023-11-14 23:15:04.935 | INFO     | hashnet:train:209 - [iter:45/50][code_length:32][mAP:0.75820][mAP_all:0.75055][best_mAP:0.75820]
2023-11-14 23:15:04.936 | INFO     | hashnet:train:210 - [iter:45/50][code_length:32][zs_mAP:0.57475][zs_mAP_all:0.32257]
2023-11-14 23:17:32.264 | INFO     | hashnet:train:131 - [iter:46/50][epoch:1/1][scale:6.782][loss:0.874442]
2023-11-14 23:17:32.265 | INFO     | hashnet:train:134 - [iter:46/50][iter_time:147.33]
2023-11-14 23:27:28.817 | INFO     | hashnet:train:209 - [iter:46/50][code_length:32][mAP:0.75603][mAP_all:0.74852][best_mAP:0.75820]
2023-11-14 23:27:28.818 | INFO     | hashnet:train:210 - [iter:46/50][code_length:32][zs_mAP:0.57731][zs_mAP_all:0.33952]
2023-11-14 23:29:58.694 | INFO     | hashnet:train:131 - [iter:47/50][epoch:1/1][scale:6.856][loss:0.872322]
2023-11-14 23:29:58.696 | INFO     | hashnet:train:134 - [iter:47/50][iter_time:149.88]
2023-11-14 23:39:55.909 | INFO     | hashnet:train:209 - [iter:47/50][code_length:32][mAP:0.75383][mAP_all:0.74629][best_mAP:0.75820]
2023-11-14 23:39:55.910 | INFO     | hashnet:train:210 - [iter:47/50][code_length:32][zs_mAP:0.57568][zs_mAP_all:0.33409]
2023-11-14 23:42:24.689 | INFO     | hashnet:train:131 - [iter:48/50][epoch:1/1][scale:6.928][loss:0.871757]
2023-11-14 23:42:24.691 | INFO     | hashnet:train:134 - [iter:48/50][iter_time:148.78]
2023-11-14 23:52:23.150 | INFO     | hashnet:train:209 - [iter:48/50][code_length:32][mAP:0.75399][mAP_all:0.74663][best_mAP:0.75820]
2023-11-14 23:52:23.151 | INFO     | hashnet:train:210 - [iter:48/50][code_length:32][zs_mAP:0.57853][zs_mAP_all:0.33544]
2023-11-14 23:54:51.960 | INFO     | hashnet:train:131 - [iter:49/50][epoch:1/1][scale:7.000][loss:0.871141]
2023-11-14 23:54:51.961 | INFO     | hashnet:train:134 - [iter:49/50][iter_time:148.81]
2023-11-15 00:04:50.964 | INFO     | hashnet:train:209 - [iter:49/50][code_length:32][mAP:0.75711][mAP_all:0.74950][best_mAP:0.75820]
2023-11-15 00:04:50.964 | INFO     | hashnet:train:210 - [iter:49/50][code_length:32][zs_mAP:0.57733][zs_mAP_all:0.32909]
2023-11-15 00:07:17.207 | INFO     | hashnet:train:131 - [iter:50/50][epoch:1/1][scale:7.071][loss:0.869131]
2023-11-15 00:07:17.208 | INFO     | hashnet:train:134 - [iter:50/50][iter_time:146.24]
2023-11-15 00:17:15.891 | INFO     | hashnet:train:209 - [iter:50/50][code_length:32][mAP:0.75455][mAP_all:0.74731][best_mAP:0.75820]
2023-11-15 00:17:15.891 | INFO     | hashnet:train:210 - [iter:50/50][code_length:32][zs_mAP:0.58396][zs_mAP_all:0.34209]
2023-11-15 00:17:15.891 | INFO     | hashnet:train:212 - [Training time:21157.11]
2023-11-15 00:17:15.900 | INFO     | __main__:run:126 - [code_length:32][map:0.7582][map_all:0.7505][zs_map:0.5748][zs_map_all:0.3226]
2023-11-15 00:19:38.680 | INFO     | hashnet:train:131 - [iter:1/50][epoch:1/1][scale:1.000][loss:1.254280]
2023-11-15 00:19:38.681 | INFO     | hashnet:train:134 - [iter:1/50][iter_time:142.21]
2023-11-15 00:22:13.622 | INFO     | hashnet:train:131 - [iter:2/50][epoch:1/1][scale:1.414][loss:1.265224]
2023-11-15 00:22:13.623 | INFO     | hashnet:train:134 - [iter:2/50][iter_time:154.94]
2023-11-15 00:24:53.755 | INFO     | hashnet:train:131 - [iter:3/50][epoch:1/1][scale:1.732][loss:1.100513]
2023-11-15 00:24:53.756 | INFO     | hashnet:train:134 - [iter:3/50][iter_time:160.13]
2023-11-15 00:27:47.366 | INFO     | hashnet:train:131 - [iter:4/50][epoch:1/1][scale:2.000][loss:1.017848]
2023-11-15 00:27:47.367 | INFO     | hashnet:train:134 - [iter:4/50][iter_time:173.61]
2023-11-15 00:30:28.084 | INFO     | hashnet:train:131 - [iter:5/50][epoch:1/1][scale:2.236][loss:0.972973]
2023-11-15 00:30:28.085 | INFO     | hashnet:train:134 - [iter:5/50][iter_time:160.72]
2023-11-15 00:40:18.269 | INFO     | hashnet:train:209 - [iter:5/50][code_length:64][mAP:0.68183][mAP_all:0.67159][best_mAP:0.68183]
2023-11-15 00:40:18.270 | INFO     | hashnet:train:210 - [iter:5/50][code_length:64][zs_mAP:0.70341][zs_mAP_all:0.46631]
2023-11-15 00:42:49.160 | INFO     | hashnet:train:131 - [iter:6/50][epoch:1/1][scale:2.449][loss:0.945120]
2023-11-15 00:42:49.160 | INFO     | hashnet:train:134 - [iter:6/50][iter_time:150.89]
2023-11-15 00:45:27.141 | INFO     | hashnet:train:131 - [iter:7/50][epoch:1/1][scale:2.646][loss:0.923626]
2023-11-15 00:45:27.142 | INFO     | hashnet:train:134 - [iter:7/50][iter_time:157.98]
2023-11-15 00:48:04.482 | INFO     | hashnet:train:131 - [iter:8/50][epoch:1/1][scale:2.828][loss:0.909077]
2023-11-15 00:48:04.483 | INFO     | hashnet:train:134 - [iter:8/50][iter_time:157.34]
2023-11-15 00:50:39.444 | INFO     | hashnet:train:131 - [iter:9/50][epoch:1/1][scale:3.000][loss:0.898444]
2023-11-15 00:50:39.445 | INFO     | hashnet:train:134 - [iter:9/50][iter_time:154.96]
2023-11-15 00:53:20.652 | INFO     | hashnet:train:131 - [iter:10/50][epoch:1/1][scale:3.162][loss:0.891994]
2023-11-15 00:53:20.653 | INFO     | hashnet:train:134 - [iter:10/50][iter_time:161.21]
2023-11-15 01:03:28.070 | INFO     | hashnet:train:209 - [iter:10/50][code_length:64][mAP:0.75509][mAP_all:0.74489][best_mAP:0.75509]
2023-11-15 01:03:28.072 | INFO     | hashnet:train:210 - [iter:10/50][code_length:64][zs_mAP:0.70473][zs_mAP_all:0.46188]
2023-11-15 01:05:52.806 | INFO     | hashnet:train:131 - [iter:11/50][epoch:1/1][scale:3.317][loss:0.881848]
2023-11-15 01:05:52.807 | INFO     | hashnet:train:134 - [iter:11/50][iter_time:144.73]
2023-11-15 01:08:44.429 | INFO     | hashnet:train:131 - [iter:12/50][epoch:1/1][scale:3.464][loss:0.878405]
2023-11-15 01:08:44.430 | INFO     | hashnet:train:134 - [iter:12/50][iter_time:171.62]
2023-11-15 01:11:33.871 | INFO     | hashnet:train:131 - [iter:13/50][epoch:1/1][scale:3.606][loss:0.873044]
2023-11-15 01:11:33.873 | INFO     | hashnet:train:134 - [iter:13/50][iter_time:169.44]
2023-11-15 01:14:23.875 | INFO     | hashnet:train:131 - [iter:14/50][epoch:1/1][scale:3.742][loss:0.869633]
2023-11-15 01:14:23.876 | INFO     | hashnet:train:134 - [iter:14/50][iter_time:170.00]
2023-11-15 01:17:12.507 | INFO     | hashnet:train:131 - [iter:15/50][epoch:1/1][scale:3.873][loss:0.862350]
2023-11-15 01:17:12.508 | INFO     | hashnet:train:134 - [iter:15/50][iter_time:168.63]
2023-11-15 01:27:25.581 | INFO     | hashnet:train:209 - [iter:15/50][code_length:64][mAP:0.79775][mAP_all:0.78743][best_mAP:0.79775]
2023-11-15 01:27:25.583 | INFO     | hashnet:train:210 - [iter:15/50][code_length:64][zs_mAP:0.70935][zs_mAP_all:0.47481]
2023-11-15 01:29:44.758 | INFO     | hashnet:train:131 - [iter:16/50][epoch:1/1][scale:4.000][loss:0.860123]
2023-11-15 01:29:44.759 | INFO     | hashnet:train:134 - [iter:16/50][iter_time:139.18]
2023-11-15 01:32:21.080 | INFO     | hashnet:train:131 - [iter:17/50][epoch:1/1][scale:4.123][loss:0.854167]
2023-11-15 01:32:21.081 | INFO     | hashnet:train:134 - [iter:17/50][iter_time:156.32]
2023-11-15 01:35:11.982 | INFO     | hashnet:train:131 - [iter:18/50][epoch:1/1][scale:4.243][loss:0.851699]
2023-11-15 01:35:11.983 | INFO     | hashnet:train:134 - [iter:18/50][iter_time:170.90]
2023-11-15 01:38:04.912 | INFO     | hashnet:train:131 - [iter:19/50][epoch:1/1][scale:4.359][loss:0.849510]
2023-11-15 01:38:04.913 | INFO     | hashnet:train:134 - [iter:19/50][iter_time:172.93]
2023-11-15 01:40:54.690 | INFO     | hashnet:train:131 - [iter:20/50][epoch:1/1][scale:4.472][loss:0.846448]
2023-11-15 01:40:54.691 | INFO     | hashnet:train:134 - [iter:20/50][iter_time:169.78]
2023-11-15 01:50:59.511 | INFO     | hashnet:train:209 - [iter:20/50][code_length:64][mAP:0.82162][mAP_all:0.81119][best_mAP:0.82162]
2023-11-15 01:50:59.512 | INFO     | hashnet:train:210 - [iter:20/50][code_length:64][zs_mAP:0.71726][zs_mAP_all:0.48162]
2023-11-15 01:53:13.140 | INFO     | hashnet:train:131 - [iter:21/50][epoch:1/1][scale:4.583][loss:0.840680]
2023-11-15 01:53:13.140 | INFO     | hashnet:train:134 - [iter:21/50][iter_time:133.63]
2023-11-15 01:55:47.104 | INFO     | hashnet:train:131 - [iter:22/50][epoch:1/1][scale:4.690][loss:0.838397]
2023-11-15 01:55:47.104 | INFO     | hashnet:train:134 - [iter:22/50][iter_time:153.96]
2023-11-15 01:58:24.024 | INFO     | hashnet:train:131 - [iter:23/50][epoch:1/1][scale:4.796][loss:0.835283]
2023-11-15 01:58:24.024 | INFO     | hashnet:train:134 - [iter:23/50][iter_time:156.92]
2023-11-15 02:01:13.571 | INFO     | hashnet:train:131 - [iter:24/50][epoch:1/1][scale:4.899][loss:0.832473]
2023-11-15 02:01:13.572 | INFO     | hashnet:train:134 - [iter:24/50][iter_time:169.55]
2023-11-15 02:04:06.617 | INFO     | hashnet:train:131 - [iter:25/50][epoch:1/1][scale:5.000][loss:0.831921]
2023-11-15 02:04:06.618 | INFO     | hashnet:train:134 - [iter:25/50][iter_time:173.04]
2023-11-15 02:14:17.188 | INFO     | hashnet:train:209 - [iter:25/50][code_length:64][mAP:0.84047][mAP_all:0.83042][best_mAP:0.84047]
2023-11-15 02:14:17.189 | INFO     | hashnet:train:210 - [iter:25/50][code_length:64][zs_mAP:0.72497][zs_mAP_all:0.48009]
2023-11-15 02:16:30.998 | INFO     | hashnet:train:131 - [iter:26/50][epoch:1/1][scale:5.099][loss:0.827888]
2023-11-15 02:16:30.999 | INFO     | hashnet:train:134 - [iter:26/50][iter_time:133.81]
2023-11-15 02:18:58.846 | INFO     | hashnet:train:131 - [iter:27/50][epoch:1/1][scale:5.196][loss:0.827682]
2023-11-15 02:18:58.847 | INFO     | hashnet:train:134 - [iter:27/50][iter_time:147.85]
2023-11-15 02:21:35.245 | INFO     | hashnet:train:131 - [iter:28/50][epoch:1/1][scale:5.292][loss:0.825960]
2023-11-15 02:21:35.246 | INFO     | hashnet:train:134 - [iter:28/50][iter_time:156.40]
2023-11-15 02:24:12.266 | INFO     | hashnet:train:131 - [iter:29/50][epoch:1/1][scale:5.385][loss:0.826209]
2023-11-15 02:24:12.266 | INFO     | hashnet:train:134 - [iter:29/50][iter_time:157.02]
2023-11-15 02:26:58.233 | INFO     | hashnet:train:131 - [iter:30/50][epoch:1/1][scale:5.477][loss:0.826713]
2023-11-15 02:26:58.233 | INFO     | hashnet:train:134 - [iter:30/50][iter_time:165.97]
2023-11-15 02:37:17.970 | INFO     | hashnet:train:209 - [iter:30/50][code_length:64][mAP:0.85126][mAP_all:0.84146][best_mAP:0.85126]
2023-11-15 02:37:17.971 | INFO     | hashnet:train:210 - [iter:30/50][code_length:64][zs_mAP:0.71023][zs_mAP_all:0.46263]
2023-11-15 02:39:56.103 | INFO     | hashnet:train:131 - [iter:31/50][epoch:1/1][scale:5.568][loss:0.824342]
2023-11-15 02:39:56.104 | INFO     | hashnet:train:134 - [iter:31/50][iter_time:158.13]
2023-11-15 02:42:19.215 | INFO     | hashnet:train:131 - [iter:32/50][epoch:1/1][scale:5.657][loss:0.821404]
2023-11-15 02:42:19.216 | INFO     | hashnet:train:134 - [iter:32/50][iter_time:143.11]
2023-11-15 02:44:56.969 | INFO     | hashnet:train:131 - [iter:33/50][epoch:1/1][scale:5.745][loss:0.819478]
2023-11-15 02:44:56.970 | INFO     | hashnet:train:134 - [iter:33/50][iter_time:157.75]
2023-11-15 02:47:32.515 | INFO     | hashnet:train:131 - [iter:34/50][epoch:1/1][scale:5.831][loss:0.818831]
2023-11-15 02:47:32.515 | INFO     | hashnet:train:134 - [iter:34/50][iter_time:155.54]
2023-11-15 02:50:11.527 | INFO     | hashnet:train:131 - [iter:35/50][epoch:1/1][scale:5.916][loss:0.817756]
2023-11-15 02:50:11.528 | INFO     | hashnet:train:134 - [iter:35/50][iter_time:159.01]
2023-11-15 03:00:22.654 | INFO     | hashnet:train:209 - [iter:35/50][code_length:64][mAP:0.85749][mAP_all:0.84807][best_mAP:0.85749]
2023-11-15 03:00:22.655 | INFO     | hashnet:train:210 - [iter:35/50][code_length:64][zs_mAP:0.70947][zs_mAP_all:0.45567]
2023-11-15 03:02:58.582 | INFO     | hashnet:train:131 - [iter:36/50][epoch:1/1][scale:6.000][loss:0.814948]
2023-11-15 03:02:58.582 | INFO     | hashnet:train:134 - [iter:36/50][iter_time:155.93]
2023-11-15 03:12:59.867 | INFO     | hashnet:train:209 - [iter:36/50][code_length:64][mAP:0.85779][mAP_all:0.84825][best_mAP:0.85779]
2023-11-15 03:12:59.867 | INFO     | hashnet:train:210 - [iter:36/50][code_length:64][zs_mAP:0.71695][zs_mAP_all:0.45268]
2023-11-15 03:15:15.346 | INFO     | hashnet:train:131 - [iter:37/50][epoch:1/1][scale:6.083][loss:0.816079]
2023-11-15 03:15:15.347 | INFO     | hashnet:train:134 - [iter:37/50][iter_time:135.48]
2023-11-15 03:25:32.663 | INFO     | hashnet:train:209 - [iter:37/50][code_length:64][mAP:0.85976][mAP_all:0.85068][best_mAP:0.85976]
2023-11-15 03:25:32.664 | INFO     | hashnet:train:210 - [iter:37/50][code_length:64][zs_mAP:0.71649][zs_mAP_all:0.45111]
2023-11-15 03:28:07.860 | INFO     | hashnet:train:131 - [iter:38/50][epoch:1/1][scale:6.164][loss:0.812562]
2023-11-15 03:28:07.861 | INFO     | hashnet:train:134 - [iter:38/50][iter_time:155.20]
2023-11-15 03:37:57.352 | INFO     | hashnet:train:209 - [iter:38/50][code_length:64][mAP:0.85791][mAP_all:0.84809][best_mAP:0.85976]
2023-11-15 03:37:57.353 | INFO     | hashnet:train:210 - [iter:38/50][code_length:64][zs_mAP:0.70616][zs_mAP_all:0.45661]
2023-11-15 03:40:14.681 | INFO     | hashnet:train:131 - [iter:39/50][epoch:1/1][scale:6.245][loss:0.812068]
2023-11-15 03:40:14.681 | INFO     | hashnet:train:134 - [iter:39/50][iter_time:137.33]
2023-11-15 03:50:35.179 | INFO     | hashnet:train:209 - [iter:39/50][code_length:64][mAP:0.85908][mAP_all:0.85008][best_mAP:0.85976]
2023-11-15 03:50:35.179 | INFO     | hashnet:train:210 - [iter:39/50][code_length:64][zs_mAP:0.71809][zs_mAP_all:0.45975]
2023-11-15 03:53:12.917 | INFO     | hashnet:train:131 - [iter:40/50][epoch:1/1][scale:6.325][loss:0.813595]
2023-11-15 03:53:12.918 | INFO     | hashnet:train:134 - [iter:40/50][iter_time:157.74]
2023-11-15 04:03:03.016 | INFO     | hashnet:train:209 - [iter:40/50][code_length:64][mAP:0.86174][mAP_all:0.85251][best_mAP:0.86174]
2023-11-15 04:03:03.017 | INFO     | hashnet:train:210 - [iter:40/50][code_length:64][zs_mAP:0.71331][zs_mAP_all:0.45598]
2023-11-15 04:05:23.738 | INFO     | hashnet:train:131 - [iter:41/50][epoch:1/1][scale:6.403][loss:0.811250]
2023-11-15 04:05:23.739 | INFO     | hashnet:train:134 - [iter:41/50][iter_time:140.72]
2023-11-15 04:15:13.232 | INFO     | hashnet:train:209 - [iter:41/50][code_length:64][mAP:0.86107][mAP_all:0.85175][best_mAP:0.86174]
2023-11-15 04:15:13.232 | INFO     | hashnet:train:210 - [iter:41/50][code_length:64][zs_mAP:0.70998][zs_mAP_all:0.45769]
2023-11-15 04:17:30.116 | INFO     | hashnet:train:131 - [iter:42/50][epoch:1/1][scale:6.481][loss:0.809963]
2023-11-15 04:17:30.117 | INFO     | hashnet:train:134 - [iter:42/50][iter_time:136.88]
2023-11-15 04:27:29.792 | INFO     | hashnet:train:209 - [iter:42/50][code_length:64][mAP:0.86236][mAP_all:0.85315][best_mAP:0.86236]
2023-11-15 04:27:29.793 | INFO     | hashnet:train:210 - [iter:42/50][code_length:64][zs_mAP:0.71321][zs_mAP_all:0.44988]
2023-11-15 04:29:44.900 | INFO     | hashnet:train:131 - [iter:43/50][epoch:1/1][scale:6.557][loss:0.808600]
2023-11-15 04:29:44.900 | INFO     | hashnet:train:134 - [iter:43/50][iter_time:135.11]
2023-11-15 04:39:33.020 | INFO     | hashnet:train:209 - [iter:43/50][code_length:64][mAP:0.85962][mAP_all:0.85076][best_mAP:0.86236]
2023-11-15 04:39:33.020 | INFO     | hashnet:train:210 - [iter:43/50][code_length:64][zs_mAP:0.71919][zs_mAP_all:0.45425]
2023-11-15 04:41:49.082 | INFO     | hashnet:train:131 - [iter:44/50][epoch:1/1][scale:6.633][loss:0.806610]
2023-11-15 04:41:49.082 | INFO     | hashnet:train:134 - [iter:44/50][iter_time:136.06]
2023-11-15 04:51:40.737 | INFO     | hashnet:train:209 - [iter:44/50][code_length:64][mAP:0.86174][mAP_all:0.85235][best_mAP:0.86236]
2023-11-15 04:51:40.737 | INFO     | hashnet:train:210 - [iter:44/50][code_length:64][zs_mAP:0.71747][zs_mAP_all:0.45886]
2023-11-15 04:53:58.084 | INFO     | hashnet:train:131 - [iter:45/50][epoch:1/1][scale:6.708][loss:0.806695]
2023-11-15 04:53:58.085 | INFO     | hashnet:train:134 - [iter:45/50][iter_time:137.35]
2023-11-15 05:03:54.120 | INFO     | hashnet:train:209 - [iter:45/50][code_length:64][mAP:0.86207][mAP_all:0.85329][best_mAP:0.86236]
2023-11-15 05:03:54.121 | INFO     | hashnet:train:210 - [iter:45/50][code_length:64][zs_mAP:0.71458][zs_mAP_all:0.45326]
2023-11-15 05:06:10.727 | INFO     | hashnet:train:131 - [iter:46/50][epoch:1/1][scale:6.782][loss:0.805182]
2023-11-15 05:06:10.728 | INFO     | hashnet:train:134 - [iter:46/50][iter_time:136.61]
2023-11-15 05:16:11.642 | INFO     | hashnet:train:209 - [iter:46/50][code_length:64][mAP:0.86471][mAP_all:0.85542][best_mAP:0.86471]
2023-11-15 05:16:11.643 | INFO     | hashnet:train:210 - [iter:46/50][code_length:64][zs_mAP:0.70680][zs_mAP_all:0.44939]
2023-11-15 05:18:28.701 | INFO     | hashnet:train:131 - [iter:47/50][epoch:1/1][scale:6.856][loss:0.806067]
2023-11-15 05:18:28.701 | INFO     | hashnet:train:134 - [iter:47/50][iter_time:137.06]
2023-11-15 05:28:30.633 | INFO     | hashnet:train:209 - [iter:47/50][code_length:64][mAP:0.86160][mAP_all:0.85241][best_mAP:0.86471]
2023-11-15 05:28:30.633 | INFO     | hashnet:train:210 - [iter:47/50][code_length:64][zs_mAP:0.70905][zs_mAP_all:0.44180]
2023-11-15 05:30:47.390 | INFO     | hashnet:train:131 - [iter:48/50][epoch:1/1][scale:6.928][loss:0.804903]
2023-11-15 05:30:47.391 | INFO     | hashnet:train:134 - [iter:48/50][iter_time:136.76]
2023-11-15 05:40:50.418 | INFO     | hashnet:train:209 - [iter:48/50][code_length:64][mAP:0.86493][mAP_all:0.85572][best_mAP:0.86493]
2023-11-15 05:40:50.419 | INFO     | hashnet:train:210 - [iter:48/50][code_length:64][zs_mAP:0.71181][zs_mAP_all:0.44835]
2023-11-15 05:43:06.705 | INFO     | hashnet:train:131 - [iter:49/50][epoch:1/1][scale:7.000][loss:0.804842]
2023-11-15 05:43:06.706 | INFO     | hashnet:train:134 - [iter:49/50][iter_time:136.29]
2023-11-15 05:53:04.475 | INFO     | hashnet:train:209 - [iter:49/50][code_length:64][mAP:0.86331][mAP_all:0.85396][best_mAP:0.86493]
2023-11-15 05:53:04.475 | INFO     | hashnet:train:210 - [iter:49/50][code_length:64][zs_mAP:0.71314][zs_mAP_all:0.45783]
2023-11-15 05:55:19.525 | INFO     | hashnet:train:131 - [iter:50/50][epoch:1/1][scale:7.071][loss:0.805881]
2023-11-15 05:55:19.525 | INFO     | hashnet:train:134 - [iter:50/50][iter_time:135.05]
2023-11-15 06:05:15.484 | INFO     | hashnet:train:209 - [iter:50/50][code_length:64][mAP:0.86409][mAP_all:0.85501][best_mAP:0.86493]
2023-11-15 06:05:15.485 | INFO     | hashnet:train:210 - [iter:50/50][code_length:64][zs_mAP:0.71760][zs_mAP_all:0.45396]
2023-11-15 06:05:15.485 | INFO     | hashnet:train:212 - [Training time:20879.02]
2023-11-15 06:05:15.490 | INFO     | __main__:run:126 - [code_length:64][map:0.8649][map_all:0.8557][zs_map:0.7118][zs_map_all:0.4483]
