2023-11-15 11:34:18.043 | SUCCESS  | __main__:run:50 - Namespace(align_step=50, arch='a2net', batch_size=16, cauchy_gamma=20.0, code_length=[16, 32, 64], dataset='imagenetzs', device=device(type='cuda', index=0), epoch_change=11, gamma=200, gpu=0, info='imagenetzs-25-75-a2net-11-15-16,32,64', lambd=0.1, lambd_ch=0.1, lambd_sp=0.1, lr=0.0001, lr_step=[45], margin=0.1, max_epoch=1, max_iter=50, momen=0.9, nesterov=False, net='ResNet', num_classes=75, num_query=1000, num_samples=9750, num_workers=2, num_zs=25, optim='SGD', pretrain=True, quan_loss=False, root='/4T/ImageNet/ILSVRC', save_ckpt='checkpoints/', topk=1000, val_freq=5, wd=0.0001)
2023-11-15 11:37:09.966 | INFO     | A_2_Net:train:105 - [epoch:1/1][cnn_loss:2.9684][hash_loss:2.7178][quan_loss:0.2506][reconstruction_loss:0.0000][decorrelation_loss:0.0612]
2023-11-15 11:37:09.974 | INFO     | A_2_Net:train:113 - [iter:1/50][iter_time:144.75]
2023-11-15 11:39:35.481 | INFO     | A_2_Net:train:105 - [epoch:1/1][cnn_loss:2.7690][hash_loss:2.5356][quan_loss:0.2334][reconstruction_loss:0.0000][decorrelation_loss:0.0616]
2023-11-15 11:39:35.487 | INFO     | A_2_Net:train:113 - [iter:2/50][iter_time:145.51]
2023-11-15 11:42:02.214 | INFO     | A_2_Net:train:105 - [epoch:1/1][cnn_loss:2.5790][hash_loss:2.3735][quan_loss:0.2056][reconstruction_loss:0.0000][decorrelation_loss:0.0600]
2023-11-15 11:42:02.219 | INFO     | A_2_Net:train:113 - [iter:3/50][iter_time:146.73]
2023-11-15 11:44:29.256 | INFO     | A_2_Net:train:105 - [epoch:1/1][cnn_loss:2.5135][hash_loss:2.3190][quan_loss:0.1946][reconstruction_loss:0.0000][decorrelation_loss:0.0589]
2023-11-15 11:44:29.263 | INFO     | A_2_Net:train:113 - [iter:4/50][iter_time:147.04]
2023-11-15 11:46:56.475 | INFO     | A_2_Net:train:105 - [epoch:1/1][cnn_loss:2.4824][hash_loss:2.2924][quan_loss:0.1900][reconstruction_loss:0.0000][decorrelation_loss:0.0585]
2023-11-15 11:46:56.480 | INFO     | A_2_Net:train:113 - [iter:5/50][iter_time:147.22]
2023-11-15 11:57:30.113 | INFO     | A_2_Net:train:191 - [iter:5/50][code_length:16][mAP:0.75681][mAP_all:0.74069][best_mAP:0.75681]
2023-11-15 11:57:30.113 | INFO     | A_2_Net:train:192 - [iter:5/50][code_length:16][zs_mAP:0.36970][zs_mAP_all:0.20047]
2023-11-15 12:00:07.788 | INFO     | A_2_Net:train:105 - [epoch:1/1][cnn_loss:2.4728][hash_loss:2.2846][quan_loss:0.1882][reconstruction_loss:0.0000][decorrelation_loss:0.0582]
2023-11-15 12:00:07.793 | INFO     | A_2_Net:train:113 - [iter:6/50][iter_time:157.68]
2023-11-15 12:02:51.855 | INFO     | A_2_Net:train:105 - [epoch:1/1][cnn_loss:2.4613][hash_loss:2.2748][quan_loss:0.1865][reconstruction_loss:0.0000][decorrelation_loss:0.0581]
2023-11-15 12:02:51.865 | INFO     | A_2_Net:train:113 - [iter:7/50][iter_time:164.07]
2023-11-15 12:05:31.380 | INFO     | A_2_Net:train:105 - [epoch:1/1][cnn_loss:2.4582][hash_loss:2.2724][quan_loss:0.1858][reconstruction_loss:0.0000][decorrelation_loss:0.0580]
2023-11-15 12:05:31.385 | INFO     | A_2_Net:train:113 - [iter:8/50][iter_time:159.52]
2023-11-15 12:08:08.825 | INFO     | A_2_Net:train:105 - [epoch:1/1][cnn_loss:2.4499][hash_loss:2.2652][quan_loss:0.1847][reconstruction_loss:0.0000][decorrelation_loss:0.0579]
2023-11-15 12:08:08.831 | INFO     | A_2_Net:train:113 - [iter:9/50][iter_time:157.45]
2023-11-15 12:10:47.224 | INFO     | A_2_Net:train:105 - [epoch:1/1][cnn_loss:2.4451][hash_loss:2.2610][quan_loss:0.1842][reconstruction_loss:0.0000][decorrelation_loss:0.0578]
2023-11-15 12:10:47.230 | INFO     | A_2_Net:train:113 - [iter:10/50][iter_time:158.40]
2023-11-15 12:21:06.619 | INFO     | A_2_Net:train:191 - [iter:10/50][code_length:16][mAP:0.79553][mAP_all:0.77887][best_mAP:0.79553]
2023-11-15 12:21:06.620 | INFO     | A_2_Net:train:192 - [iter:10/50][code_length:16][zs_mAP:0.37944][zs_mAP_all:0.21766]
2023-11-15 12:23:46.456 | INFO     | A_2_Net:train:105 - [epoch:1/1][cnn_loss:2.4426][hash_loss:2.2589][quan_loss:0.1837][reconstruction_loss:0.0000][decorrelation_loss:0.0578]
2023-11-15 12:23:46.461 | INFO     | A_2_Net:train:113 - [iter:11/50][iter_time:159.84]
2023-11-15 12:26:30.264 | INFO     | A_2_Net:train:105 - [epoch:1/1][cnn_loss:2.4357][hash_loss:2.2528][quan_loss:0.1829][reconstruction_loss:0.0000][decorrelation_loss:0.0578]
2023-11-15 12:26:30.271 | INFO     | A_2_Net:train:113 - [iter:12/50][iter_time:163.81]
2023-11-15 12:29:22.651 | INFO     | A_2_Net:train:105 - [epoch:1/1][cnn_loss:2.4344][hash_loss:2.2517][quan_loss:0.1827][reconstruction_loss:0.0000][decorrelation_loss:0.0577]
2023-11-15 12:29:22.657 | INFO     | A_2_Net:train:113 - [iter:13/50][iter_time:172.39]
2023-11-15 12:32:03.233 | INFO     | A_2_Net:train:105 - [epoch:1/1][cnn_loss:2.4325][hash_loss:2.2504][quan_loss:0.1821][reconstruction_loss:0.0000][decorrelation_loss:0.0577]
2023-11-15 12:32:03.238 | INFO     | A_2_Net:train:113 - [iter:14/50][iter_time:160.58]
2023-11-15 12:34:43.770 | INFO     | A_2_Net:train:105 - [epoch:1/1][cnn_loss:2.4269][hash_loss:2.2453][quan_loss:0.1816][reconstruction_loss:0.0000][decorrelation_loss:0.0576]
2023-11-15 12:34:43.775 | INFO     | A_2_Net:train:113 - [iter:15/50][iter_time:160.54]
2023-11-15 12:44:39.896 | INFO     | A_2_Net:train:191 - [iter:15/50][code_length:16][mAP:0.82297][mAP_all:0.80579][best_mAP:0.82297]
2023-11-15 12:44:39.897 | INFO     | A_2_Net:train:192 - [iter:15/50][code_length:16][zs_mAP:0.36882][zs_mAP_all:0.20655]
2023-11-15 12:47:22.030 | INFO     | A_2_Net:train:105 - [epoch:1/1][cnn_loss:2.4245][hash_loss:2.2434][quan_loss:0.1811][reconstruction_loss:0.0000][decorrelation_loss:0.0576]
2023-11-15 12:47:22.035 | INFO     | A_2_Net:train:113 - [iter:16/50][iter_time:162.14]
2023-11-15 12:50:03.601 | INFO     | A_2_Net:train:105 - [epoch:1/1][cnn_loss:2.4173][hash_loss:2.2369][quan_loss:0.1804][reconstruction_loss:0.0000][decorrelation_loss:0.0576]
2023-11-15 12:50:03.605 | INFO     | A_2_Net:train:113 - [iter:17/50][iter_time:161.57]
2023-11-15 12:52:57.373 | INFO     | A_2_Net:train:105 - [epoch:1/1][cnn_loss:2.4191][hash_loss:2.2384][quan_loss:0.1807][reconstruction_loss:0.0000][decorrelation_loss:0.0576]
2023-11-15 12:52:57.380 | INFO     | A_2_Net:train:113 - [iter:18/50][iter_time:173.77]
2023-11-15 12:55:50.391 | INFO     | A_2_Net:train:105 - [epoch:1/1][cnn_loss:2.4187][hash_loss:2.2383][quan_loss:0.1804][reconstruction_loss:0.0000][decorrelation_loss:0.0576]
2023-11-15 12:55:50.396 | INFO     | A_2_Net:train:113 - [iter:19/50][iter_time:173.02]
2023-11-15 12:58:34.950 | INFO     | A_2_Net:train:105 - [epoch:1/1][cnn_loss:2.4160][hash_loss:2.2359][quan_loss:0.1801][reconstruction_loss:0.0000][decorrelation_loss:0.0575]
2023-11-15 12:58:34.956 | INFO     | A_2_Net:train:113 - [iter:20/50][iter_time:164.56]
2023-11-15 13:08:21.151 | INFO     | A_2_Net:train:191 - [iter:20/50][code_length:16][mAP:0.83235][mAP_all:0.81702][best_mAP:0.83235]
2023-11-15 13:08:21.152 | INFO     | A_2_Net:train:192 - [iter:20/50][code_length:16][zs_mAP:0.36456][zs_mAP_all:0.21017]
2023-11-15 13:10:59.801 | INFO     | A_2_Net:train:105 - [epoch:1/1][cnn_loss:2.4152][hash_loss:2.2353][quan_loss:0.1799][reconstruction_loss:0.0000][decorrelation_loss:0.0575]
2023-11-15 13:10:59.807 | INFO     | A_2_Net:train:113 - [iter:21/50][iter_time:158.65]
2023-11-15 13:13:40.624 | INFO     | A_2_Net:train:105 - [epoch:1/1][cnn_loss:2.4099][hash_loss:2.2304][quan_loss:0.1794][reconstruction_loss:0.0000][decorrelation_loss:0.0575]
2023-11-15 13:13:40.632 | INFO     | A_2_Net:train:113 - [iter:22/50][iter_time:160.83]
2023-11-15 13:16:30.179 | INFO     | A_2_Net:train:105 - [epoch:1/1][cnn_loss:2.4065][hash_loss:2.2276][quan_loss:0.1789][reconstruction_loss:0.0000][decorrelation_loss:0.0575]
2023-11-15 13:16:30.185 | INFO     | A_2_Net:train:113 - [iter:23/50][iter_time:169.55]
2023-11-15 13:19:21.439 | INFO     | A_2_Net:train:105 - [epoch:1/1][cnn_loss:2.4087][hash_loss:2.2296][quan_loss:0.1791][reconstruction_loss:0.0000][decorrelation_loss:0.0575]
2023-11-15 13:19:21.445 | INFO     | A_2_Net:train:113 - [iter:24/50][iter_time:171.26]
2023-11-15 13:22:14.444 | INFO     | A_2_Net:train:105 - [epoch:1/1][cnn_loss:2.4070][hash_loss:2.2281][quan_loss:0.1790][reconstruction_loss:0.0000][decorrelation_loss:0.0575]
2023-11-15 13:22:14.450 | INFO     | A_2_Net:train:113 - [iter:25/50][iter_time:173.00]
2023-11-15 13:32:03.825 | INFO     | A_2_Net:train:191 - [iter:25/50][code_length:16][mAP:0.84492][mAP_all:0.82855][best_mAP:0.84492]
2023-11-15 13:32:03.826 | INFO     | A_2_Net:train:192 - [iter:25/50][code_length:16][zs_mAP:0.34987][zs_mAP_all:0.21024]
2023-11-15 13:34:32.920 | INFO     | A_2_Net:train:105 - [epoch:1/1][cnn_loss:2.4869][hash_loss:2.2268][quan_loss:0.1784][reconstruction_loss:0.0000][decorrelation_loss:0.0574]
2023-11-15 13:34:32.925 | INFO     | A_2_Net:train:113 - [iter:26/50][iter_time:149.10]
2023-11-15 13:37:13.956 | INFO     | A_2_Net:train:105 - [epoch:1/1][cnn_loss:2.4811][hash_loss:2.2223][quan_loss:0.1781][reconstruction_loss:0.0000][decorrelation_loss:0.0574]
2023-11-15 13:37:13.961 | INFO     | A_2_Net:train:113 - [iter:27/50][iter_time:161.04]
2023-11-15 13:39:56.551 | INFO     | A_2_Net:train:105 - [epoch:1/1][cnn_loss:2.4765][hash_loss:2.2188][quan_loss:0.1775][reconstruction_loss:0.0000][decorrelation_loss:0.0574]
2023-11-15 13:39:56.557 | INFO     | A_2_Net:train:113 - [iter:28/50][iter_time:162.60]
2023-11-15 13:42:49.406 | INFO     | A_2_Net:train:105 - [epoch:1/1][cnn_loss:2.4758][hash_loss:2.2187][quan_loss:0.1776][reconstruction_loss:0.0000][decorrelation_loss:0.0574]
2023-11-15 13:42:49.415 | INFO     | A_2_Net:train:113 - [iter:29/50][iter_time:172.86]
2023-11-15 13:45:42.604 | INFO     | A_2_Net:train:105 - [epoch:1/1][cnn_loss:2.4705][hash_loss:2.2146][quan_loss:0.1770][reconstruction_loss:0.0000][decorrelation_loss:0.0574]
2023-11-15 13:45:42.610 | INFO     | A_2_Net:train:113 - [iter:30/50][iter_time:173.19]
2023-11-15 13:55:50.573 | INFO     | A_2_Net:train:191 - [iter:30/50][code_length:16][mAP:0.84732][mAP_all:0.83159][best_mAP:0.84732]
2023-11-15 13:55:50.574 | INFO     | A_2_Net:train:192 - [iter:30/50][code_length:16][zs_mAP:0.36475][zs_mAP_all:0.21173]
2023-11-15 13:58:15.398 | INFO     | A_2_Net:train:105 - [epoch:1/1][cnn_loss:2.4681][hash_loss:2.2129][quan_loss:0.1768][reconstruction_loss:0.0000][decorrelation_loss:0.0574]
2023-11-15 13:58:15.403 | INFO     | A_2_Net:train:113 - [iter:31/50][iter_time:144.83]
2023-11-15 14:00:40.945 | INFO     | A_2_Net:train:105 - [epoch:1/1][cnn_loss:2.4668][hash_loss:2.2122][quan_loss:0.1768][reconstruction_loss:0.0000][decorrelation_loss:0.0574]
2023-11-15 14:00:40.956 | INFO     | A_2_Net:train:113 - [iter:32/50][iter_time:145.55]
2023-11-15 14:03:22.433 | INFO     | A_2_Net:train:105 - [epoch:1/1][cnn_loss:2.4630][hash_loss:2.2094][quan_loss:0.1763][reconstruction_loss:0.0000][decorrelation_loss:0.0573]
2023-11-15 14:03:22.439 | INFO     | A_2_Net:train:113 - [iter:33/50][iter_time:161.48]
2023-11-15 14:06:15.932 | INFO     | A_2_Net:train:105 - [epoch:1/1][cnn_loss:2.4646][hash_loss:2.2112][quan_loss:0.1767][reconstruction_loss:0.0000][decorrelation_loss:0.0574]
2023-11-15 14:06:15.937 | INFO     | A_2_Net:train:113 - [iter:34/50][iter_time:173.50]
2023-11-15 14:09:10.031 | INFO     | A_2_Net:train:105 - [epoch:1/1][cnn_loss:2.4592][hash_loss:2.2069][quan_loss:0.1761][reconstruction_loss:0.0000][decorrelation_loss:0.0573]
2023-11-15 14:09:10.039 | INFO     | A_2_Net:train:113 - [iter:35/50][iter_time:174.10]
2023-11-15 14:19:51.383 | INFO     | A_2_Net:train:191 - [iter:35/50][code_length:16][mAP:0.85212][mAP_all:0.83718][best_mAP:0.85212]
2023-11-15 14:19:51.384 | INFO     | A_2_Net:train:192 - [iter:35/50][code_length:16][zs_mAP:0.35580][zs_mAP_all:0.21421]
2023-11-15 14:22:18.116 | INFO     | A_2_Net:train:105 - [epoch:1/1][cnn_loss:2.4578][hash_loss:2.2061][quan_loss:0.1759][reconstruction_loss:0.0185][decorrelation_loss:0.0573]
2023-11-15 14:22:18.122 | INFO     | A_2_Net:train:113 - [iter:36/50][iter_time:146.74]
2023-11-15 14:32:28.682 | INFO     | A_2_Net:train:191 - [iter:36/50][code_length:16][mAP:0.85340][mAP_all:0.83767][best_mAP:0.85340]
2023-11-15 14:32:28.683 | INFO     | A_2_Net:train:192 - [iter:36/50][code_length:16][zs_mAP:0.37069][zs_mAP_all:0.22162]
2023-11-15 14:35:08.728 | INFO     | A_2_Net:train:105 - [epoch:1/1][cnn_loss:2.4552][hash_loss:2.2042][quan_loss:0.1756][reconstruction_loss:0.0181][decorrelation_loss:0.0573]
2023-11-15 14:35:08.735 | INFO     | A_2_Net:train:113 - [iter:37/50][iter_time:160.05]
2023-11-15 14:45:34.999 | INFO     | A_2_Net:train:191 - [iter:37/50][code_length:16][mAP:0.85401][mAP_all:0.83831][best_mAP:0.85401]
2023-11-15 14:45:35.000 | INFO     | A_2_Net:train:192 - [iter:37/50][code_length:16][zs_mAP:0.35928][zs_mAP_all:0.20722]
2023-11-15 14:47:58.750 | INFO     | A_2_Net:train:105 - [epoch:1/1][cnn_loss:2.4553][hash_loss:2.2045][quan_loss:0.1758][reconstruction_loss:0.0178][decorrelation_loss:0.0573]
2023-11-15 14:47:58.755 | INFO     | A_2_Net:train:113 - [iter:38/50][iter_time:143.75]
2023-11-15 14:58:03.505 | INFO     | A_2_Net:train:191 - [iter:38/50][code_length:16][mAP:0.86098][mAP_all:0.84550][best_mAP:0.86098]
2023-11-15 14:58:03.505 | INFO     | A_2_Net:train:192 - [iter:38/50][code_length:16][zs_mAP:0.36532][zs_mAP_all:0.22335]
2023-11-15 15:00:26.554 | INFO     | A_2_Net:train:105 - [epoch:1/1][cnn_loss:2.4509][hash_loss:2.2010][quan_loss:0.1752][reconstruction_loss:0.0175][decorrelation_loss:0.0573]
2023-11-15 15:00:26.559 | INFO     | A_2_Net:train:113 - [iter:39/50][iter_time:143.05]
2023-11-15 15:10:32.205 | INFO     | A_2_Net:train:191 - [iter:39/50][code_length:16][mAP:0.85387][mAP_all:0.83879][best_mAP:0.86098]
2023-11-15 15:10:32.206 | INFO     | A_2_Net:train:192 - [iter:39/50][code_length:16][zs_mAP:0.36857][zs_mAP_all:0.21482]
2023-11-15 15:12:56.134 | INFO     | A_2_Net:train:105 - [epoch:1/1][cnn_loss:2.4520][hash_loss:2.2022][quan_loss:0.1753][reconstruction_loss:0.0172][decorrelation_loss:0.0573]
2023-11-15 15:12:56.139 | INFO     | A_2_Net:train:113 - [iter:40/50][iter_time:143.93]
2023-11-15 15:22:54.689 | INFO     | A_2_Net:train:191 - [iter:40/50][code_length:16][mAP:0.85455][mAP_all:0.83838][best_mAP:0.86098]
2023-11-15 15:22:54.690 | INFO     | A_2_Net:train:192 - [iter:40/50][code_length:16][zs_mAP:0.36489][zs_mAP_all:0.21890]
2023-11-15 15:25:19.206 | INFO     | A_2_Net:train:105 - [epoch:1/1][cnn_loss:2.4473][hash_loss:2.1984][quan_loss:0.1748][reconstruction_loss:0.0168][decorrelation_loss:0.0572]
2023-11-15 15:25:19.211 | INFO     | A_2_Net:train:113 - [iter:41/50][iter_time:144.52]
2023-11-15 15:35:27.997 | INFO     | A_2_Net:train:191 - [iter:41/50][code_length:16][mAP:0.84957][mAP_all:0.83633][best_mAP:0.86098]
2023-11-15 15:35:27.998 | INFO     | A_2_Net:train:192 - [iter:41/50][code_length:16][zs_mAP:0.35396][zs_mAP_all:0.20452]
2023-11-15 15:37:51.780 | INFO     | A_2_Net:train:105 - [epoch:1/1][cnn_loss:2.4484][hash_loss:2.1996][quan_loss:0.1750][reconstruction_loss:0.0165][decorrelation_loss:0.0573]
2023-11-15 15:37:51.785 | INFO     | A_2_Net:train:113 - [iter:42/50][iter_time:143.79]
2023-11-15 15:47:55.602 | INFO     | A_2_Net:train:191 - [iter:42/50][code_length:16][mAP:0.85752][mAP_all:0.84237][best_mAP:0.86098]
2023-11-15 15:47:55.603 | INFO     | A_2_Net:train:192 - [iter:42/50][code_length:16][zs_mAP:0.34726][zs_mAP_all:0.20378]
2023-11-15 15:50:18.947 | INFO     | A_2_Net:train:105 - [epoch:1/1][cnn_loss:2.4457][hash_loss:2.1977][quan_loss:0.1745][reconstruction_loss:0.0163][decorrelation_loss:0.0572]
2023-11-15 15:50:18.952 | INFO     | A_2_Net:train:113 - [iter:43/50][iter_time:143.35]
2023-11-15 16:00:22.526 | INFO     | A_2_Net:train:191 - [iter:43/50][code_length:16][mAP:0.85570][mAP_all:0.83983][best_mAP:0.86098]
2023-11-15 16:00:22.527 | INFO     | A_2_Net:train:192 - [iter:43/50][code_length:16][zs_mAP:0.35579][zs_mAP_all:0.20333]
2023-11-15 16:02:45.789 | INFO     | A_2_Net:train:105 - [epoch:1/1][cnn_loss:2.4416][hash_loss:2.1942][quan_loss:0.1741][reconstruction_loss:0.0161][decorrelation_loss:0.0572]
2023-11-15 16:02:45.794 | INFO     | A_2_Net:train:113 - [iter:44/50][iter_time:143.27]
2023-11-15 16:12:49.398 | INFO     | A_2_Net:train:191 - [iter:44/50][code_length:16][mAP:0.85989][mAP_all:0.84518][best_mAP:0.86098]
2023-11-15 16:12:49.399 | INFO     | A_2_Net:train:192 - [iter:44/50][code_length:16][zs_mAP:0.35045][zs_mAP_all:0.20975]
2023-11-15 16:15:11.684 | INFO     | A_2_Net:train:105 - [epoch:1/1][cnn_loss:2.4403][hash_loss:2.1935][quan_loss:0.1738][reconstruction_loss:0.0159][decorrelation_loss:0.0572]
2023-11-15 16:15:11.689 | INFO     | A_2_Net:train:113 - [iter:45/50][iter_time:142.29]
2023-11-15 16:25:16.298 | INFO     | A_2_Net:train:191 - [iter:45/50][code_length:16][mAP:0.85566][mAP_all:0.84081][best_mAP:0.86098]
2023-11-15 16:25:16.298 | INFO     | A_2_Net:train:192 - [iter:45/50][code_length:16][zs_mAP:0.35913][zs_mAP_all:0.21453]
2023-11-15 16:27:40.037 | INFO     | A_2_Net:train:105 - [epoch:1/1][cnn_loss:2.4338][hash_loss:2.1874][quan_loss:0.1735][reconstruction_loss:0.0158][decorrelation_loss:0.0572]
2023-11-15 16:27:40.042 | INFO     | A_2_Net:train:113 - [iter:46/50][iter_time:143.74]
2023-11-15 16:37:37.624 | INFO     | A_2_Net:train:191 - [iter:46/50][code_length:16][mAP:0.86312][mAP_all:0.84717][best_mAP:0.86312]
2023-11-15 16:37:37.625 | INFO     | A_2_Net:train:192 - [iter:46/50][code_length:16][zs_mAP:0.35511][zs_mAP_all:0.21057]
2023-11-15 16:40:04.898 | INFO     | A_2_Net:train:105 - [epoch:1/1][cnn_loss:2.4348][hash_loss:2.1879][quan_loss:0.1739][reconstruction_loss:0.0158][decorrelation_loss:0.0572]
2023-11-15 16:40:04.903 | INFO     | A_2_Net:train:113 - [iter:47/50][iter_time:147.28]
2023-11-15 16:49:57.166 | INFO     | A_2_Net:train:191 - [iter:47/50][code_length:16][mAP:0.86098][mAP_all:0.84544][best_mAP:0.86312]
2023-11-15 16:49:57.166 | INFO     | A_2_Net:train:192 - [iter:47/50][code_length:16][zs_mAP:0.36090][zs_mAP_all:0.21555]
2023-11-15 16:52:29.297 | INFO     | A_2_Net:train:105 - [epoch:1/1][cnn_loss:2.4323][hash_loss:2.1856][quan_loss:0.1736][reconstruction_loss:0.0157][decorrelation_loss:0.0572]
2023-11-15 16:52:29.303 | INFO     | A_2_Net:train:113 - [iter:48/50][iter_time:152.14]
2023-11-15 17:02:17.282 | INFO     | A_2_Net:train:191 - [iter:48/50][code_length:16][mAP:0.85879][mAP_all:0.84373][best_mAP:0.86312]
2023-11-15 17:02:17.283 | INFO     | A_2_Net:train:192 - [iter:48/50][code_length:16][zs_mAP:0.35372][zs_mAP_all:0.21051]
2023-11-15 17:04:56.565 | INFO     | A_2_Net:train:105 - [epoch:1/1][cnn_loss:2.4347][hash_loss:2.1877][quan_loss:0.1740][reconstruction_loss:0.0157][decorrelation_loss:0.0573]
2023-11-15 17:04:56.570 | INFO     | A_2_Net:train:113 - [iter:49/50][iter_time:159.29]
2023-11-15 17:14:42.088 | INFO     | A_2_Net:train:191 - [iter:49/50][code_length:16][mAP:0.86002][mAP_all:0.84516][best_mAP:0.86312]
2023-11-15 17:14:42.089 | INFO     | A_2_Net:train:192 - [iter:49/50][code_length:16][zs_mAP:0.35670][zs_mAP_all:0.21324]
2023-11-15 17:17:26.284 | INFO     | A_2_Net:train:105 - [epoch:1/1][cnn_loss:2.4331][hash_loss:2.1865][quan_loss:0.1736][reconstruction_loss:0.0157][decorrelation_loss:0.0572]
2023-11-15 17:17:26.289 | INFO     | A_2_Net:train:113 - [iter:50/50][iter_time:164.20]
2023-11-15 17:27:12.244 | INFO     | A_2_Net:train:191 - [iter:50/50][code_length:16][mAP:0.86219][mAP_all:0.84779][best_mAP:0.86312]
2023-11-15 17:27:12.244 | INFO     | A_2_Net:train:192 - [iter:50/50][code_length:16][zs_mAP:0.35957][zs_mAP_all:0.21281]
2023-11-15 17:27:12.244 | INFO     | A_2_Net:train:194 - [Training time:21147.02]
2023-11-15 17:27:12.254 | INFO     | __main__:run:126 - [code_length:16][map:0.8631][map_all:0.8472][zs_map:0.3551][zs_map_all:0.2106]
2023-11-15 17:30:37.803 | INFO     | A_2_Net:train:105 - [epoch:1/1][cnn_loss:5.5690][hash_loss:5.3207][quan_loss:0.2483][reconstruction_loss:0.0000][decorrelation_loss:0.0153]
2023-11-15 17:30:37.813 | INFO     | A_2_Net:train:113 - [iter:1/50][iter_time:203.45]
2023-11-15 17:33:42.969 | INFO     | A_2_Net:train:105 - [epoch:1/1][cnn_loss:5.0490][hash_loss:4.8307][quan_loss:0.2183][reconstruction_loss:0.0000][decorrelation_loss:0.0149]
2023-11-15 17:33:42.981 | INFO     | A_2_Net:train:113 - [iter:2/50][iter_time:185.17]
2023-11-15 17:36:48.372 | INFO     | A_2_Net:train:105 - [epoch:1/1][cnn_loss:4.5403][hash_loss:4.3569][quan_loss:0.1834][reconstruction_loss:0.0000][decorrelation_loss:0.0140]
2023-11-15 17:36:48.384 | INFO     | A_2_Net:train:113 - [iter:3/50][iter_time:185.40]
2023-11-15 17:40:01.509 | INFO     | A_2_Net:train:105 - [epoch:1/1][cnn_loss:4.2914][hash_loss:4.1247][quan_loss:0.1668][reconstruction_loss:0.0000][decorrelation_loss:0.0133]
2023-11-15 17:40:01.519 | INFO     | A_2_Net:train:113 - [iter:4/50][iter_time:193.14]
2023-11-15 17:43:28.178 | INFO     | A_2_Net:train:105 - [epoch:1/1][cnn_loss:4.1396][hash_loss:3.9822][quan_loss:0.1574][reconstruction_loss:0.0000][decorrelation_loss:0.0129]
2023-11-15 17:43:28.191 | INFO     | A_2_Net:train:113 - [iter:5/50][iter_time:206.67]
2023-11-15 17:53:20.886 | INFO     | A_2_Net:train:191 - [iter:5/50][code_length:32][mAP:0.84896][mAP_all:0.83429][best_mAP:0.84896]
2023-11-15 17:53:20.887 | INFO     | A_2_Net:train:192 - [iter:5/50][code_length:32][zs_mAP:0.56716][zs_mAP_all:0.38546]
2023-11-15 17:56:31.898 | INFO     | A_2_Net:train:105 - [epoch:1/1][cnn_loss:4.0548][hash_loss:3.9027][quan_loss:0.1520][reconstruction_loss:0.0000][decorrelation_loss:0.0126]
2023-11-15 17:56:31.911 | INFO     | A_2_Net:train:113 - [iter:6/50][iter_time:191.02]
2023-11-15 17:59:43.575 | INFO     | A_2_Net:train:105 - [epoch:1/1][cnn_loss:4.0050][hash_loss:3.8559][quan_loss:0.1491][reconstruction_loss:0.0000][decorrelation_loss:0.0124]
2023-11-15 17:59:43.587 | INFO     | A_2_Net:train:113 - [iter:7/50][iter_time:191.68]
2023-11-15 18:02:51.815 | INFO     | A_2_Net:train:105 - [epoch:1/1][cnn_loss:3.9630][hash_loss:3.8164][quan_loss:0.1465][reconstruction_loss:0.0000][decorrelation_loss:0.0123]
2023-11-15 18:02:51.829 | INFO     | A_2_Net:train:113 - [iter:8/50][iter_time:188.24]
2023-11-15 18:06:12.522 | INFO     | A_2_Net:train:105 - [epoch:1/1][cnn_loss:3.9309][hash_loss:3.7865][quan_loss:0.1444][reconstruction_loss:0.0000][decorrelation_loss:0.0122]
2023-11-15 18:06:12.534 | INFO     | A_2_Net:train:113 - [iter:9/50][iter_time:200.70]
2023-11-15 18:09:34.442 | INFO     | A_2_Net:train:105 - [epoch:1/1][cnn_loss:3.9073][hash_loss:3.7643][quan_loss:0.1430][reconstruction_loss:0.0000][decorrelation_loss:0.0121]
2023-11-15 18:09:34.453 | INFO     | A_2_Net:train:113 - [iter:10/50][iter_time:201.92]
2023-11-15 18:20:07.686 | INFO     | A_2_Net:train:191 - [iter:10/50][code_length:32][mAP:0.86674][mAP_all:0.85348][best_mAP:0.86674]
2023-11-15 18:20:07.687 | INFO     | A_2_Net:train:192 - [iter:10/50][code_length:32][zs_mAP:0.56148][zs_mAP_all:0.37341]
2023-11-15 18:23:22.428 | INFO     | A_2_Net:train:105 - [epoch:1/1][cnn_loss:3.8807][hash_loss:3.7392][quan_loss:0.1415][reconstruction_loss:0.0000][decorrelation_loss:0.0121]
2023-11-15 18:23:22.441 | INFO     | A_2_Net:train:113 - [iter:11/50][iter_time:194.75]
2023-11-15 18:26:31.745 | INFO     | A_2_Net:train:105 - [epoch:1/1][cnn_loss:3.8621][hash_loss:3.7218][quan_loss:0.1403][reconstruction_loss:0.0000][decorrelation_loss:0.0120]
2023-11-15 18:26:31.757 | INFO     | A_2_Net:train:113 - [iter:12/50][iter_time:189.32]
2023-11-15 18:29:48.953 | INFO     | A_2_Net:train:105 - [epoch:1/1][cnn_loss:3.8414][hash_loss:3.7022][quan_loss:0.1391][reconstruction_loss:0.0000][decorrelation_loss:0.0120]
2023-11-15 18:29:48.966 | INFO     | A_2_Net:train:113 - [iter:13/50][iter_time:197.21]
2023-11-15 18:33:08.076 | INFO     | A_2_Net:train:105 - [epoch:1/1][cnn_loss:3.8209][hash_loss:3.6830][quan_loss:0.1379][reconstruction_loss:0.0000][decorrelation_loss:0.0120]
2023-11-15 18:33:08.088 | INFO     | A_2_Net:train:113 - [iter:14/50][iter_time:199.12]
2023-11-15 18:36:32.960 | INFO     | A_2_Net:train:105 - [epoch:1/1][cnn_loss:3.8137][hash_loss:3.6763][quan_loss:0.1374][reconstruction_loss:0.0000][decorrelation_loss:0.0119]
2023-11-15 18:36:32.973 | INFO     | A_2_Net:train:113 - [iter:15/50][iter_time:204.88]
2023-11-15 18:46:48.409 | INFO     | A_2_Net:train:191 - [iter:15/50][code_length:32][mAP:0.87898][mAP_all:0.86485][best_mAP:0.87898]
2023-11-15 18:46:48.410 | INFO     | A_2_Net:train:192 - [iter:15/50][code_length:32][zs_mAP:0.54576][zs_mAP_all:0.35676]
2023-11-15 18:50:09.964 | INFO     | A_2_Net:train:105 - [epoch:1/1][cnn_loss:3.8013][hash_loss:3.6645][quan_loss:0.1368][reconstruction_loss:0.0000][decorrelation_loss:0.0119]
2023-11-15 18:50:09.976 | INFO     | A_2_Net:train:113 - [iter:16/50][iter_time:201.56]
2023-11-15 18:53:26.149 | INFO     | A_2_Net:train:105 - [epoch:1/1][cnn_loss:3.7861][hash_loss:3.6503][quan_loss:0.1359][reconstruction_loss:0.0000][decorrelation_loss:0.0119]
2023-11-15 18:53:26.161 | INFO     | A_2_Net:train:113 - [iter:17/50][iter_time:196.18]
2023-11-15 18:56:49.504 | INFO     | A_2_Net:train:105 - [epoch:1/1][cnn_loss:3.7766][hash_loss:3.6413][quan_loss:0.1353][reconstruction_loss:0.0000][decorrelation_loss:0.0119]
2023-11-15 18:56:49.516 | INFO     | A_2_Net:train:113 - [iter:18/50][iter_time:203.35]
2023-11-15 19:00:11.678 | INFO     | A_2_Net:train:105 - [epoch:1/1][cnn_loss:3.7559][hash_loss:3.6216][quan_loss:0.1343][reconstruction_loss:0.0000][decorrelation_loss:0.0119]
2023-11-15 19:00:11.690 | INFO     | A_2_Net:train:113 - [iter:19/50][iter_time:202.17]
2023-11-15 19:03:36.678 | INFO     | A_2_Net:train:105 - [epoch:1/1][cnn_loss:3.7485][hash_loss:3.6148][quan_loss:0.1337][reconstruction_loss:0.0000][decorrelation_loss:0.0119]
2023-11-15 19:03:36.691 | INFO     | A_2_Net:train:113 - [iter:20/50][iter_time:205.00]
2023-11-15 19:13:40.263 | INFO     | A_2_Net:train:191 - [iter:20/50][code_length:32][mAP:0.88962][mAP_all:0.87517][best_mAP:0.88962]
2023-11-15 19:13:40.264 | INFO     | A_2_Net:train:192 - [iter:20/50][code_length:32][zs_mAP:0.53096][zs_mAP_all:0.34466]
2023-11-15 19:17:03.146 | INFO     | A_2_Net:train:105 - [epoch:1/1][cnn_loss:3.7381][hash_loss:3.6049][quan_loss:0.1332][reconstruction_loss:0.0000][decorrelation_loss:0.0119]
2023-11-15 19:17:03.159 | INFO     | A_2_Net:train:113 - [iter:21/50][iter_time:202.89]
2023-11-15 19:20:22.907 | INFO     | A_2_Net:train:105 - [epoch:1/1][cnn_loss:3.7242][hash_loss:3.5919][quan_loss:0.1323][reconstruction_loss:0.0000][decorrelation_loss:0.0118]
2023-11-15 19:20:22.920 | INFO     | A_2_Net:train:113 - [iter:22/50][iter_time:199.76]
2023-11-15 19:23:45.235 | INFO     | A_2_Net:train:105 - [epoch:1/1][cnn_loss:3.7082][hash_loss:3.5767][quan_loss:0.1315][reconstruction_loss:0.0000][decorrelation_loss:0.0118]
2023-11-15 19:23:45.248 | INFO     | A_2_Net:train:113 - [iter:23/50][iter_time:202.33]
2023-11-15 19:27:07.046 | INFO     | A_2_Net:train:105 - [epoch:1/1][cnn_loss:3.6998][hash_loss:3.5686][quan_loss:0.1311][reconstruction_loss:0.0000][decorrelation_loss:0.0118]
2023-11-15 19:27:07.058 | INFO     | A_2_Net:train:113 - [iter:24/50][iter_time:201.81]
2023-11-15 19:30:36.539 | INFO     | A_2_Net:train:105 - [epoch:1/1][cnn_loss:3.6886][hash_loss:3.5582][quan_loss:0.1304][reconstruction_loss:0.0000][decorrelation_loss:0.0118]
2023-11-15 19:30:36.551 | INFO     | A_2_Net:train:113 - [iter:25/50][iter_time:209.49]
2023-11-15 19:40:28.050 | INFO     | A_2_Net:train:191 - [iter:25/50][code_length:32][mAP:0.89370][mAP_all:0.87925][best_mAP:0.89370]
2023-11-15 19:40:28.052 | INFO     | A_2_Net:train:192 - [iter:25/50][code_length:32][zs_mAP:0.50421][zs_mAP_all:0.32347]
2023-11-15 19:43:55.021 | INFO     | A_2_Net:train:105 - [epoch:1/1][cnn_loss:3.7159][hash_loss:3.5497][quan_loss:0.1303][reconstruction_loss:0.0000][decorrelation_loss:0.0118]
2023-11-15 19:43:55.034 | INFO     | A_2_Net:train:113 - [iter:26/50][iter_time:206.98]
2023-11-15 19:47:14.386 | INFO     | A_2_Net:train:105 - [epoch:1/1][cnn_loss:3.7070][hash_loss:3.5425][quan_loss:0.1300][reconstruction_loss:0.0000][decorrelation_loss:0.0119]
2023-11-15 19:47:14.399 | INFO     | A_2_Net:train:113 - [iter:27/50][iter_time:199.36]
2023-11-15 19:50:32.232 | INFO     | A_2_Net:train:105 - [epoch:1/1][cnn_loss:3.6975][hash_loss:3.5342][quan_loss:0.1293][reconstruction_loss:0.0000][decorrelation_loss:0.0118]
2023-11-15 19:50:32.245 | INFO     | A_2_Net:train:113 - [iter:28/50][iter_time:197.85]
2023-11-15 19:53:48.772 | INFO     | A_2_Net:train:105 - [epoch:1/1][cnn_loss:3.6807][hash_loss:3.5188][quan_loss:0.1283][reconstruction_loss:0.0000][decorrelation_loss:0.0118]
2023-11-15 19:53:48.785 | INFO     | A_2_Net:train:113 - [iter:29/50][iter_time:196.54]
2023-11-15 19:57:14.625 | INFO     | A_2_Net:train:105 - [epoch:1/1][cnn_loss:3.6726][hash_loss:3.5119][quan_loss:0.1278][reconstruction_loss:0.0000][decorrelation_loss:0.0118]
2023-11-15 19:57:14.639 | INFO     | A_2_Net:train:113 - [iter:30/50][iter_time:205.85]
2023-11-15 20:07:12.569 | INFO     | A_2_Net:train:191 - [iter:30/50][code_length:32][mAP:0.89445][mAP_all:0.87932][best_mAP:0.89445]
2023-11-15 20:07:12.570 | INFO     | A_2_Net:train:192 - [iter:30/50][code_length:32][zs_mAP:0.49719][zs_mAP_all:0.32227]
2023-11-15 20:10:39.909 | INFO     | A_2_Net:train:105 - [epoch:1/1][cnn_loss:3.6632][hash_loss:3.5032][quan_loss:0.1274][reconstruction_loss:0.0000][decorrelation_loss:0.0118]
2023-11-15 20:10:39.921 | INFO     | A_2_Net:train:113 - [iter:31/50][iter_time:207.35]
2023-11-15 20:13:55.637 | INFO     | A_2_Net:train:105 - [epoch:1/1][cnn_loss:3.6499][hash_loss:3.4912][quan_loss:0.1265][reconstruction_loss:0.0000][decorrelation_loss:0.0118]
2023-11-15 20:13:55.650 | INFO     | A_2_Net:train:113 - [iter:32/50][iter_time:195.73]
2023-11-15 20:17:12.405 | INFO     | A_2_Net:train:105 - [epoch:1/1][cnn_loss:3.6554][hash_loss:3.4968][quan_loss:0.1269][reconstruction_loss:0.0000][decorrelation_loss:0.0118]
2023-11-15 20:17:12.417 | INFO     | A_2_Net:train:113 - [iter:33/50][iter_time:196.77]
2023-11-15 20:20:31.175 | INFO     | A_2_Net:train:105 - [epoch:1/1][cnn_loss:3.6469][hash_loss:3.4888][quan_loss:0.1265][reconstruction_loss:0.0000][decorrelation_loss:0.0118]
2023-11-15 20:20:31.186 | INFO     | A_2_Net:train:113 - [iter:34/50][iter_time:198.77]
2023-11-15 20:23:54.569 | INFO     | A_2_Net:train:105 - [epoch:1/1][cnn_loss:3.6364][hash_loss:3.4797][quan_loss:0.1257][reconstruction_loss:0.0000][decorrelation_loss:0.0117]
2023-11-15 20:23:54.581 | INFO     | A_2_Net:train:113 - [iter:35/50][iter_time:203.39]
2023-11-15 20:34:32.449 | INFO     | A_2_Net:train:191 - [iter:35/50][code_length:32][mAP:0.89827][mAP_all:0.88237][best_mAP:0.89827]
2023-11-15 20:34:32.450 | INFO     | A_2_Net:train:192 - [iter:35/50][code_length:32][zs_mAP:0.50172][zs_mAP_all:0.33202]
2023-11-15 20:37:42.964 | INFO     | A_2_Net:train:105 - [epoch:1/1][cnn_loss:3.6305][hash_loss:3.4744][quan_loss:0.1254][reconstruction_loss:0.0190][decorrelation_loss:0.0117]
2023-11-15 20:37:42.976 | INFO     | A_2_Net:train:113 - [iter:36/50][iter_time:190.52]
2023-11-15 20:47:48.224 | INFO     | A_2_Net:train:191 - [iter:36/50][code_length:32][mAP:0.89823][mAP_all:0.88214][best_mAP:0.89827]
2023-11-15 20:47:48.224 | INFO     | A_2_Net:train:192 - [iter:36/50][code_length:32][zs_mAP:0.48959][zs_mAP_all:0.31537]
2023-11-15 20:51:10.304 | INFO     | A_2_Net:train:105 - [epoch:1/1][cnn_loss:3.6279][hash_loss:3.4722][quan_loss:0.1252][reconstruction_loss:0.0188][decorrelation_loss:0.0117]
2023-11-15 20:51:10.316 | INFO     | A_2_Net:train:113 - [iter:37/50][iter_time:202.09]
2023-11-15 21:01:38.255 | INFO     | A_2_Net:train:191 - [iter:37/50][code_length:32][mAP:0.89745][mAP_all:0.88182][best_mAP:0.89827]
2023-11-15 21:01:38.256 | INFO     | A_2_Net:train:192 - [iter:37/50][code_length:32][zs_mAP:0.49120][zs_mAP_all:0.30742]
2023-11-15 21:04:43.676 | INFO     | A_2_Net:train:105 - [epoch:1/1][cnn_loss:3.6168][hash_loss:3.4618][quan_loss:0.1246][reconstruction_loss:0.0186][decorrelation_loss:0.0117]
2023-11-15 21:04:43.688 | INFO     | A_2_Net:train:113 - [iter:38/50][iter_time:185.43]
2023-11-15 21:14:51.623 | INFO     | A_2_Net:train:191 - [iter:38/50][code_length:32][mAP:0.90008][mAP_all:0.88451][best_mAP:0.90008]
2023-11-15 21:14:51.623 | INFO     | A_2_Net:train:192 - [iter:38/50][code_length:32][zs_mAP:0.47960][zs_mAP_all:0.30360]
2023-11-15 21:17:57.166 | INFO     | A_2_Net:train:105 - [epoch:1/1][cnn_loss:3.6020][hash_loss:3.4481][quan_loss:0.1236][reconstruction_loss:0.0186][decorrelation_loss:0.0117]
2023-11-15 21:17:57.178 | INFO     | A_2_Net:train:113 - [iter:39/50][iter_time:185.55]
2023-11-15 21:28:04.452 | INFO     | A_2_Net:train:191 - [iter:39/50][code_length:32][mAP:0.90189][mAP_all:0.88553][best_mAP:0.90189]
2023-11-15 21:28:04.453 | INFO     | A_2_Net:train:192 - [iter:39/50][code_length:32][zs_mAP:0.48804][zs_mAP_all:0.30887]
2023-11-15 21:31:11.185 | INFO     | A_2_Net:train:105 - [epoch:1/1][cnn_loss:3.6066][hash_loss:3.4527][quan_loss:0.1239][reconstruction_loss:0.0183][decorrelation_loss:0.0117]
2023-11-15 21:31:11.193 | INFO     | A_2_Net:train:113 - [iter:40/50][iter_time:186.74]
2023-11-15 21:41:16.348 | INFO     | A_2_Net:train:191 - [iter:40/50][code_length:32][mAP:0.89857][mAP_all:0.88157][best_mAP:0.90189]
2023-11-15 21:41:16.348 | INFO     | A_2_Net:train:192 - [iter:40/50][code_length:32][zs_mAP:0.48012][zs_mAP_all:0.31079]
2023-11-15 21:44:22.025 | INFO     | A_2_Net:train:105 - [epoch:1/1][cnn_loss:3.5973][hash_loss:3.4440][quan_loss:0.1236][reconstruction_loss:0.0180][decorrelation_loss:0.0117]
2023-11-15 21:44:22.037 | INFO     | A_2_Net:train:113 - [iter:41/50][iter_time:185.69]
2023-11-15 21:54:30.994 | INFO     | A_2_Net:train:191 - [iter:41/50][code_length:32][mAP:0.90218][mAP_all:0.88563][best_mAP:0.90218]
2023-11-15 21:54:30.996 | INFO     | A_2_Net:train:192 - [iter:41/50][code_length:32][zs_mAP:0.47042][zs_mAP_all:0.30416]
2023-11-15 21:57:35.816 | INFO     | A_2_Net:train:105 - [epoch:1/1][cnn_loss:3.5854][hash_loss:3.4335][quan_loss:0.1225][reconstruction_loss:0.0177][decorrelation_loss:0.0117]
2023-11-15 21:57:35.828 | INFO     | A_2_Net:train:113 - [iter:42/50][iter_time:184.83]
2023-11-15 22:07:48.828 | INFO     | A_2_Net:train:191 - [iter:42/50][code_length:32][mAP:0.90347][mAP_all:0.88721][best_mAP:0.90347]
2023-11-15 22:07:48.828 | INFO     | A_2_Net:train:192 - [iter:42/50][code_length:32][zs_mAP:0.48723][zs_mAP_all:0.31774]
2023-11-15 22:10:51.498 | INFO     | A_2_Net:train:105 - [epoch:1/1][cnn_loss:3.5870][hash_loss:3.4349][quan_loss:0.1228][reconstruction_loss:0.0176][decorrelation_loss:0.0117]
2023-11-15 22:10:51.509 | INFO     | A_2_Net:train:113 - [iter:43/50][iter_time:182.68]
2023-11-15 22:21:04.705 | INFO     | A_2_Net:train:191 - [iter:43/50][code_length:32][mAP:0.90463][mAP_all:0.88843][best_mAP:0.90463]
2023-11-15 22:21:04.706 | INFO     | A_2_Net:train:192 - [iter:43/50][code_length:32][zs_mAP:0.47512][zs_mAP_all:0.30947]
2023-11-15 22:24:11.245 | INFO     | A_2_Net:train:105 - [epoch:1/1][cnn_loss:3.5828][hash_loss:3.4311][quan_loss:0.1226][reconstruction_loss:0.0174][decorrelation_loss:0.0117]
2023-11-15 22:24:11.253 | INFO     | A_2_Net:train:113 - [iter:44/50][iter_time:186.55]
2023-11-15 22:34:21.253 | INFO     | A_2_Net:train:191 - [iter:44/50][code_length:32][mAP:0.90295][mAP_all:0.88657][best_mAP:0.90463]
2023-11-15 22:34:21.254 | INFO     | A_2_Net:train:192 - [iter:44/50][code_length:32][zs_mAP:0.47452][zs_mAP_all:0.30378]
2023-11-15 22:37:26.968 | INFO     | A_2_Net:train:105 - [epoch:1/1][cnn_loss:3.5666][hash_loss:3.4157][quan_loss:0.1217][reconstruction_loss:0.0175][decorrelation_loss:0.0117]
2023-11-15 22:37:26.980 | INFO     | A_2_Net:train:113 - [iter:45/50][iter_time:185.73]
2023-11-15 22:47:34.535 | INFO     | A_2_Net:train:191 - [iter:45/50][code_length:32][mAP:0.90408][mAP_all:0.88769][best_mAP:0.90463]
2023-11-15 22:47:34.536 | INFO     | A_2_Net:train:192 - [iter:45/50][code_length:32][zs_mAP:0.47049][zs_mAP_all:0.30218]
2023-11-15 22:50:39.803 | INFO     | A_2_Net:train:105 - [epoch:1/1][cnn_loss:3.5643][hash_loss:3.4135][quan_loss:0.1217][reconstruction_loss:0.0174][decorrelation_loss:0.0117]
2023-11-15 22:50:39.815 | INFO     | A_2_Net:train:113 - [iter:46/50][iter_time:185.28]
2023-11-15 23:00:46.180 | INFO     | A_2_Net:train:191 - [iter:46/50][code_length:32][mAP:0.90347][mAP_all:0.88742][best_mAP:0.90463]
2023-11-15 23:00:46.181 | INFO     | A_2_Net:train:192 - [iter:46/50][code_length:32][zs_mAP:0.47104][zs_mAP_all:0.29769]
2023-11-15 23:03:50.848 | INFO     | A_2_Net:train:105 - [epoch:1/1][cnn_loss:3.5541][hash_loss:3.4038][quan_loss:0.1213][reconstruction_loss:0.0174][decorrelation_loss:0.0117]
2023-11-15 23:03:50.860 | INFO     | A_2_Net:train:113 - [iter:47/50][iter_time:184.68]
2023-11-15 23:13:57.725 | INFO     | A_2_Net:train:191 - [iter:47/50][code_length:32][mAP:0.90165][mAP_all:0.88652][best_mAP:0.90463]
2023-11-15 23:13:57.726 | INFO     | A_2_Net:train:192 - [iter:47/50][code_length:32][zs_mAP:0.47156][zs_mAP_all:0.29873]
2023-11-15 23:17:03.052 | INFO     | A_2_Net:train:105 - [epoch:1/1][cnn_loss:3.5629][hash_loss:3.4119][quan_loss:0.1219][reconstruction_loss:0.0175][decorrelation_loss:0.0117]
2023-11-15 23:17:03.064 | INFO     | A_2_Net:train:113 - [iter:48/50][iter_time:185.34]
2023-11-15 23:27:07.950 | INFO     | A_2_Net:train:191 - [iter:48/50][code_length:32][mAP:0.90438][mAP_all:0.88746][best_mAP:0.90463]
2023-11-15 23:27:07.951 | INFO     | A_2_Net:train:192 - [iter:48/50][code_length:32][zs_mAP:0.47845][zs_mAP_all:0.30277]
2023-11-15 23:30:12.247 | INFO     | A_2_Net:train:105 - [epoch:1/1][cnn_loss:3.5605][hash_loss:3.4096][quan_loss:0.1217][reconstruction_loss:0.0175][decorrelation_loss:0.0117]
2023-11-15 23:30:12.259 | INFO     | A_2_Net:train:113 - [iter:49/50][iter_time:184.31]
2023-11-15 23:40:17.741 | INFO     | A_2_Net:train:191 - [iter:49/50][code_length:32][mAP:0.90545][mAP_all:0.88889][best_mAP:0.90545]
2023-11-15 23:40:17.742 | INFO     | A_2_Net:train:192 - [iter:49/50][code_length:32][zs_mAP:0.47369][zs_mAP_all:0.29729]
2023-11-15 23:43:22.132 | INFO     | A_2_Net:train:105 - [epoch:1/1][cnn_loss:3.5664][hash_loss:3.4151][quan_loss:0.1221][reconstruction_loss:0.0175][decorrelation_loss:0.0117]
2023-11-15 23:43:22.144 | INFO     | A_2_Net:train:113 - [iter:50/50][iter_time:184.40]
2023-11-15 23:53:25.510 | INFO     | A_2_Net:train:191 - [iter:50/50][code_length:32][mAP:0.90454][mAP_all:0.88818][best_mAP:0.90545]
2023-11-15 23:53:25.511 | INFO     | A_2_Net:train:192 - [iter:50/50][code_length:32][zs_mAP:0.47187][zs_mAP_all:0.29968]
2023-11-15 23:53:25.511 | INFO     | A_2_Net:train:194 - [Training time:23171.15]
2023-11-15 23:53:25.518 | INFO     | __main__:run:126 - [code_length:32][map:0.9054][map_all:0.8889][zs_map:0.4737][zs_map_all:0.2973]
2023-11-15 23:58:11.071 | INFO     | A_2_Net:train:105 - [epoch:1/1][cnn_loss:10.7252][hash_loss:10.4774][quan_loss:0.2478][reconstruction_loss:0.0000][decorrelation_loss:0.0038]
2023-11-15 23:58:11.089 | INFO     | A_2_Net:train:113 - [iter:1/50][iter_time:282.77]
2023-11-16 00:02:48.476 | INFO     | A_2_Net:train:105 - [epoch:1/1][cnn_loss:9.3667][hash_loss:9.1605][quan_loss:0.2062][reconstruction_loss:0.0000][decorrelation_loss:0.0036]
2023-11-16 00:02:48.495 | INFO     | A_2_Net:train:113 - [iter:2/50][iter_time:277.41]
2023-11-16 00:07:14.803 | INFO     | A_2_Net:train:105 - [epoch:1/1][cnn_loss:7.9892][hash_loss:7.8228][quan_loss:0.1663][reconstruction_loss:0.0000][decorrelation_loss:0.0034]
2023-11-16 00:07:14.822 | INFO     | A_2_Net:train:113 - [iter:3/50][iter_time:266.33]
2023-11-16 00:11:55.448 | INFO     | A_2_Net:train:105 - [epoch:1/1][cnn_loss:6.9662][hash_loss:6.8253][quan_loss:0.1409][reconstruction_loss:0.0000][decorrelation_loss:0.0035]
2023-11-16 00:11:55.469 | INFO     | A_2_Net:train:113 - [iter:4/50][iter_time:280.65]
2023-11-16 00:16:45.143 | INFO     | A_2_Net:train:105 - [epoch:1/1][cnn_loss:6.2867][hash_loss:6.1596][quan_loss:0.1271][reconstruction_loss:0.0000][decorrelation_loss:0.0038]
2023-11-16 00:16:45.163 | INFO     | A_2_Net:train:113 - [iter:5/50][iter_time:289.69]
2023-11-16 00:30:15.371 | INFO     | A_2_Net:train:191 - [iter:5/50][code_length:64][mAP:0.87179][mAP_all:0.85746][best_mAP:0.87179]
2023-11-16 00:30:15.372 | INFO     | A_2_Net:train:192 - [iter:5/50][code_length:64][zs_mAP:0.62241][zs_mAP_all:0.43391]
2023-11-16 00:35:03.102 | INFO     | A_2_Net:train:105 - [epoch:1/1][cnn_loss:5.7448][hash_loss:5.6272][quan_loss:0.1176][reconstruction_loss:0.0000][decorrelation_loss:0.0042]
2023-11-16 00:35:03.123 | INFO     | A_2_Net:train:113 - [iter:6/50][iter_time:287.75]
2023-11-16 00:39:56.578 | INFO     | A_2_Net:train:105 - [epoch:1/1][cnn_loss:5.3494][hash_loss:5.2378][quan_loss:0.1116][reconstruction_loss:0.0000][decorrelation_loss:0.0046]
2023-11-16 00:39:56.599 | INFO     | A_2_Net:train:113 - [iter:7/50][iter_time:293.48]
2023-11-16 00:44:42.433 | INFO     | A_2_Net:train:105 - [epoch:1/1][cnn_loss:5.1111][hash_loss:5.0019][quan_loss:0.1092][reconstruction_loss:0.0000][decorrelation_loss:0.0049]
2023-11-16 00:44:42.453 | INFO     | A_2_Net:train:113 - [iter:8/50][iter_time:285.85]
2023-11-16 00:49:13.355 | INFO     | A_2_Net:train:105 - [epoch:1/1][cnn_loss:4.8577][hash_loss:4.7526][quan_loss:0.1051][reconstruction_loss:0.0000][decorrelation_loss:0.0051]
2023-11-16 00:49:13.375 | INFO     | A_2_Net:train:113 - [iter:9/50][iter_time:270.92]
2023-11-16 00:53:45.874 | INFO     | A_2_Net:train:105 - [epoch:1/1][cnn_loss:4.7592][hash_loss:4.6549][quan_loss:0.1043][reconstruction_loss:0.0000][decorrelation_loss:0.0052]
2023-11-16 00:53:45.894 | INFO     | A_2_Net:train:113 - [iter:10/50][iter_time:272.52]
2023-11-16 01:07:23.041 | INFO     | A_2_Net:train:191 - [iter:10/50][code_length:64][mAP:0.89514][mAP_all:0.87572][best_mAP:0.89514]
2023-11-16 01:07:23.042 | INFO     | A_2_Net:train:192 - [iter:10/50][code_length:64][zs_mAP:0.56009][zs_mAP_all:0.37424]
2023-11-16 01:11:57.578 | INFO     | A_2_Net:train:105 - [epoch:1/1][cnn_loss:4.6374][hash_loss:4.5349][quan_loss:0.1025][reconstruction_loss:0.0000][decorrelation_loss:0.0053]
2023-11-16 01:11:57.596 | INFO     | A_2_Net:train:113 - [iter:11/50][iter_time:274.55]
2023-11-16 01:16:23.495 | INFO     | A_2_Net:train:105 - [epoch:1/1][cnn_loss:4.5427][hash_loss:4.4419][quan_loss:0.1008][reconstruction_loss:0.0000][decorrelation_loss:0.0054]
2023-11-16 01:16:23.512 | INFO     | A_2_Net:train:113 - [iter:12/50][iter_time:265.92]
2023-11-16 01:21:03.696 | INFO     | A_2_Net:train:105 - [epoch:1/1][cnn_loss:4.3945][hash_loss:4.2967][quan_loss:0.0977][reconstruction_loss:0.0000][decorrelation_loss:0.0055]
2023-11-16 01:21:03.722 | INFO     | A_2_Net:train:113 - [iter:13/50][iter_time:280.21]
2023-11-16 01:25:56.137 | INFO     | A_2_Net:train:105 - [epoch:1/1][cnn_loss:4.3075][hash_loss:4.2113][quan_loss:0.0962][reconstruction_loss:0.0000][decorrelation_loss:0.0056]
2023-11-16 01:25:56.158 | INFO     | A_2_Net:train:113 - [iter:14/50][iter_time:292.44]
2023-11-16 01:30:48.957 | INFO     | A_2_Net:train:105 - [epoch:1/1][cnn_loss:4.2473][hash_loss:4.1520][quan_loss:0.0952][reconstruction_loss:0.0000][decorrelation_loss:0.0056]
2023-11-16 01:30:48.977 | INFO     | A_2_Net:train:113 - [iter:15/50][iter_time:292.82]
2023-11-16 01:44:22.723 | INFO     | A_2_Net:train:191 - [iter:15/50][code_length:64][mAP:0.90091][mAP_all:0.87746][best_mAP:0.90091]
2023-11-16 01:44:22.724 | INFO     | A_2_Net:train:192 - [iter:15/50][code_length:64][zs_mAP:0.49787][zs_mAP_all:0.31751]
2023-11-16 01:49:14.388 | INFO     | A_2_Net:train:105 - [epoch:1/1][cnn_loss:4.1618][hash_loss:4.0682][quan_loss:0.0937][reconstruction_loss:0.0000][decorrelation_loss:0.0057]
2023-11-16 01:49:14.410 | INFO     | A_2_Net:train:113 - [iter:16/50][iter_time:291.69]
2023-11-16 01:54:08.467 | INFO     | A_2_Net:train:105 - [epoch:1/1][cnn_loss:4.1368][hash_loss:4.0435][quan_loss:0.0933][reconstruction_loss:0.0000][decorrelation_loss:0.0057]
2023-11-16 01:54:08.489 | INFO     | A_2_Net:train:113 - [iter:17/50][iter_time:294.08]
2023-11-16 01:59:01.331 | INFO     | A_2_Net:train:105 - [epoch:1/1][cnn_loss:4.0606][hash_loss:3.9686][quan_loss:0.0921][reconstruction_loss:0.0000][decorrelation_loss:0.0058]
2023-11-16 01:59:01.351 | INFO     | A_2_Net:train:113 - [iter:18/50][iter_time:292.86]
2023-11-16 02:03:33.163 | INFO     | A_2_Net:train:105 - [epoch:1/1][cnn_loss:4.0315][hash_loss:3.9400][quan_loss:0.0916][reconstruction_loss:0.0000][decorrelation_loss:0.0057]
2023-11-16 02:03:33.181 | INFO     | A_2_Net:train:113 - [iter:19/50][iter_time:271.83]
2023-11-16 02:07:59.339 | INFO     | A_2_Net:train:105 - [epoch:1/1][cnn_loss:3.9813][hash_loss:3.8908][quan_loss:0.0905][reconstruction_loss:0.0000][decorrelation_loss:0.0057]
2023-11-16 02:07:59.358 | INFO     | A_2_Net:train:113 - [iter:20/50][iter_time:266.18]
2023-11-16 02:21:33.371 | INFO     | A_2_Net:train:191 - [iter:20/50][code_length:64][mAP:0.90110][mAP_all:0.87833][best_mAP:0.90110]
2023-11-16 02:21:33.372 | INFO     | A_2_Net:train:192 - [iter:20/50][code_length:64][zs_mAP:0.47401][zs_mAP_all:0.29715]
2023-11-16 02:26:14.160 | INFO     | A_2_Net:train:105 - [epoch:1/1][cnn_loss:3.9302][hash_loss:3.8408][quan_loss:0.0894][reconstruction_loss:0.0000][decorrelation_loss:0.0058]
2023-11-16 02:26:14.184 | INFO     | A_2_Net:train:113 - [iter:21/50][iter_time:280.81]
2023-11-16 02:30:43.455 | INFO     | A_2_Net:train:105 - [epoch:1/1][cnn_loss:3.8829][hash_loss:3.7943][quan_loss:0.0886][reconstruction_loss:0.0000][decorrelation_loss:0.0058]
2023-11-16 02:30:43.473 | INFO     | A_2_Net:train:113 - [iter:22/50][iter_time:269.29]
2023-11-16 02:35:17.345 | INFO     | A_2_Net:train:105 - [epoch:1/1][cnn_loss:3.8828][hash_loss:3.7941][quan_loss:0.0887][reconstruction_loss:0.0000][decorrelation_loss:0.0058]
2023-11-16 02:35:17.365 | INFO     | A_2_Net:train:113 - [iter:23/50][iter_time:273.89]
2023-11-16 02:39:53.067 | INFO     | A_2_Net:train:105 - [epoch:1/1][cnn_loss:3.7945][hash_loss:3.7077][quan_loss:0.0868][reconstruction_loss:0.0000][decorrelation_loss:0.0058]
2023-11-16 02:39:53.087 | INFO     | A_2_Net:train:113 - [iter:24/50][iter_time:275.72]
2023-11-16 02:44:30.129 | INFO     | A_2_Net:train:105 - [epoch:1/1][cnn_loss:3.8643][hash_loss:3.7760][quan_loss:0.0883][reconstruction_loss:0.0000][decorrelation_loss:0.0058]
2023-11-16 02:44:30.149 | INFO     | A_2_Net:train:113 - [iter:25/50][iter_time:277.06]
2023-11-16 02:58:03.167 | INFO     | A_2_Net:train:191 - [iter:25/50][code_length:64][mAP:0.90322][mAP_all:0.87900][best_mAP:0.90322]
2023-11-16 02:58:03.168 | INFO     | A_2_Net:train:192 - [iter:25/50][code_length:64][zs_mAP:0.43826][zs_mAP_all:0.26649]
2023-11-16 03:02:38.496 | INFO     | A_2_Net:train:105 - [epoch:1/1][cnn_loss:3.8803][hash_loss:3.7073][quan_loss:0.0863][reconstruction_loss:0.0000][decorrelation_loss:0.0058]
2023-11-16 03:02:38.514 | INFO     | A_2_Net:train:113 - [iter:26/50][iter_time:275.35]
2023-11-16 03:07:15.296 | INFO     | A_2_Net:train:105 - [epoch:1/1][cnn_loss:3.8437][hash_loss:3.6764][quan_loss:0.0859][reconstruction_loss:0.0000][decorrelation_loss:0.0057]
2023-11-16 03:07:15.315 | INFO     | A_2_Net:train:113 - [iter:27/50][iter_time:276.80]
2023-11-16 03:11:57.280 | INFO     | A_2_Net:train:105 - [epoch:1/1][cnn_loss:3.8133][hash_loss:3.6486][quan_loss:0.0852][reconstruction_loss:0.0000][decorrelation_loss:0.0058]
2023-11-16 03:11:57.300 | INFO     | A_2_Net:train:113 - [iter:28/50][iter_time:281.98]
2023-11-16 03:16:46.294 | INFO     | A_2_Net:train:105 - [epoch:1/1][cnn_loss:3.7490][hash_loss:3.5886][quan_loss:0.0838][reconstruction_loss:0.0000][decorrelation_loss:0.0058]
2023-11-16 03:16:46.313 | INFO     | A_2_Net:train:113 - [iter:29/50][iter_time:289.01]
2023-11-16 03:21:20.930 | INFO     | A_2_Net:train:105 - [epoch:1/1][cnn_loss:3.7635][hash_loss:3.6037][quan_loss:0.0843][reconstruction_loss:0.0000][decorrelation_loss:0.0058]
2023-11-16 03:21:20.949 | INFO     | A_2_Net:train:113 - [iter:30/50][iter_time:274.64]
2023-11-16 03:34:47.777 | INFO     | A_2_Net:train:191 - [iter:30/50][code_length:64][mAP:0.90224][mAP_all:0.87871][best_mAP:0.90322]
2023-11-16 03:34:47.777 | INFO     | A_2_Net:train:192 - [iter:30/50][code_length:64][zs_mAP:0.42256][zs_mAP_all:0.24646]
2023-11-16 03:39:17.300 | INFO     | A_2_Net:train:105 - [epoch:1/1][cnn_loss:3.7195][hash_loss:3.5613][quan_loss:0.0835][reconstruction_loss:0.0000][decorrelation_loss:0.0058]
2023-11-16 03:39:17.319 | INFO     | A_2_Net:train:113 - [iter:31/50][iter_time:269.54]
2023-11-16 03:43:56.415 | INFO     | A_2_Net:train:105 - [epoch:1/1][cnn_loss:3.6768][hash_loss:3.5217][quan_loss:0.0825][reconstruction_loss:0.0000][decorrelation_loss:0.0058]
2023-11-16 03:43:56.434 | INFO     | A_2_Net:train:113 - [iter:32/50][iter_time:279.12]
2023-11-16 03:48:25.436 | INFO     | A_2_Net:train:105 - [epoch:1/1][cnn_loss:3.6836][hash_loss:3.5291][quan_loss:0.0828][reconstruction_loss:0.0000][decorrelation_loss:0.0058]
2023-11-16 03:48:25.454 | INFO     | A_2_Net:train:113 - [iter:33/50][iter_time:269.02]
2023-11-16 03:52:57.881 | INFO     | A_2_Net:train:105 - [epoch:1/1][cnn_loss:3.6810][hash_loss:3.5264][quan_loss:0.0830][reconstruction_loss:0.0000][decorrelation_loss:0.0059]
2023-11-16 03:52:57.899 | INFO     | A_2_Net:train:113 - [iter:34/50][iter_time:272.44]
2023-11-16 03:57:38.798 | INFO     | A_2_Net:train:105 - [epoch:1/1][cnn_loss:3.6594][hash_loss:3.5079][quan_loss:0.0825][reconstruction_loss:0.0000][decorrelation_loss:0.0058]
2023-11-16 03:57:38.818 | INFO     | A_2_Net:train:113 - [iter:35/50][iter_time:280.92]
2023-11-16 04:11:06.783 | INFO     | A_2_Net:train:191 - [iter:35/50][code_length:64][mAP:0.90198][mAP_all:0.87755][best_mAP:0.90322]
2023-11-16 04:11:06.784 | INFO     | A_2_Net:train:192 - [iter:35/50][code_length:64][zs_mAP:0.41928][zs_mAP_all:0.25590]
2023-11-16 04:15:33.675 | INFO     | A_2_Net:train:105 - [epoch:1/1][cnn_loss:3.6287][hash_loss:3.4774][quan_loss:0.0818][reconstruction_loss:0.0636][decorrelation_loss:0.0059]
2023-11-16 04:15:33.698 | INFO     | A_2_Net:train:113 - [iter:36/50][iter_time:266.91]
2023-11-16 04:29:02.793 | INFO     | A_2_Net:train:191 - [iter:36/50][code_length:64][mAP:0.89887][mAP_all:0.87425][best_mAP:0.90322]
2023-11-16 04:29:02.793 | INFO     | A_2_Net:train:192 - [iter:36/50][code_length:64][zs_mAP:0.42269][zs_mAP_all:0.25134]
2023-11-16 04:33:39.439 | INFO     | A_2_Net:train:105 - [epoch:1/1][cnn_loss:3.6122][hash_loss:3.4617][quan_loss:0.0817][reconstruction_loss:0.0630][decorrelation_loss:0.0059]
2023-11-16 04:33:39.459 | INFO     | A_2_Net:train:113 - [iter:37/50][iter_time:276.67]
2023-11-16 04:47:08.847 | INFO     | A_2_Net:train:191 - [iter:37/50][code_length:64][mAP:0.89977][mAP_all:0.87461][best_mAP:0.90322]
2023-11-16 04:47:08.848 | INFO     | A_2_Net:train:192 - [iter:37/50][code_length:64][zs_mAP:0.42355][zs_mAP_all:0.25389]
2023-11-16 04:51:39.714 | INFO     | A_2_Net:train:105 - [epoch:1/1][cnn_loss:3.5761][hash_loss:3.4271][quan_loss:0.0807][reconstruction_loss:0.0623][decorrelation_loss:0.0059]
2023-11-16 04:51:39.733 | INFO     | A_2_Net:train:113 - [iter:38/50][iter_time:270.89]
2023-11-16 05:05:11.504 | INFO     | A_2_Net:train:191 - [iter:38/50][code_length:64][mAP:0.90469][mAP_all:0.87959][best_mAP:0.90469]
2023-11-16 05:05:11.504 | INFO     | A_2_Net:train:192 - [iter:38/50][code_length:64][zs_mAP:0.40830][zs_mAP_all:0.23919]
2023-11-16 05:09:44.419 | INFO     | A_2_Net:train:105 - [epoch:1/1][cnn_loss:3.5932][hash_loss:3.4451][quan_loss:0.0813][reconstruction_loss:0.0609][decorrelation_loss:0.0059]
2023-11-16 05:09:44.438 | INFO     | A_2_Net:train:113 - [iter:39/50][iter_time:272.93]
2023-11-16 05:23:12.547 | INFO     | A_2_Net:train:191 - [iter:39/50][code_length:64][mAP:0.90239][mAP_all:0.87654][best_mAP:0.90469]
2023-11-16 05:23:12.548 | INFO     | A_2_Net:train:192 - [iter:39/50][code_length:64][zs_mAP:0.41954][zs_mAP_all:0.25161]
2023-11-16 05:27:50.100 | INFO     | A_2_Net:train:105 - [epoch:1/1][cnn_loss:3.5605][hash_loss:3.4142][quan_loss:0.0807][reconstruction_loss:0.0597][decorrelation_loss:0.0059]
2023-11-16 05:27:50.119 | INFO     | A_2_Net:train:113 - [iter:40/50][iter_time:277.57]
2023-11-16 05:41:17.417 | INFO     | A_2_Net:train:191 - [iter:40/50][code_length:64][mAP:0.89865][mAP_all:0.87318][best_mAP:0.90469]
2023-11-16 05:41:17.418 | INFO     | A_2_Net:train:192 - [iter:40/50][code_length:64][zs_mAP:0.41719][zs_mAP_all:0.24576]
2023-11-16 05:45:43.512 | INFO     | A_2_Net:train:105 - [epoch:1/1][cnn_loss:3.5599][hash_loss:3.4141][quan_loss:0.0808][reconstruction_loss:0.0591][decorrelation_loss:0.0059]
2023-11-16 05:45:43.530 | INFO     | A_2_Net:train:113 - [iter:41/50][iter_time:266.11]
2023-11-16 05:59:09.612 | INFO     | A_2_Net:train:191 - [iter:41/50][code_length:64][mAP:0.89921][mAP_all:0.87409][best_mAP:0.90469]
2023-11-16 05:59:09.612 | INFO     | A_2_Net:train:192 - [iter:41/50][code_length:64][zs_mAP:0.42134][zs_mAP_all:0.25727]
2023-11-16 06:03:36.314 | INFO     | A_2_Net:train:105 - [epoch:1/1][cnn_loss:3.5882][hash_loss:3.4434][quan_loss:0.0813][reconstruction_loss:0.0576][decorrelation_loss:0.0059]
2023-11-16 06:03:36.332 | INFO     | A_2_Net:train:113 - [iter:42/50][iter_time:266.72]
2023-11-16 06:17:01.788 | INFO     | A_2_Net:train:191 - [iter:42/50][code_length:64][mAP:0.89986][mAP_all:0.87457][best_mAP:0.90469]
2023-11-16 06:17:01.789 | INFO     | A_2_Net:train:192 - [iter:42/50][code_length:64][zs_mAP:0.41300][zs_mAP_all:0.24420]
2023-11-16 06:21:26.567 | INFO     | A_2_Net:train:105 - [epoch:1/1][cnn_loss:3.5670][hash_loss:3.4229][quan_loss:0.0809][reconstruction_loss:0.0573][decorrelation_loss:0.0059]
2023-11-16 06:21:26.586 | INFO     | A_2_Net:train:113 - [iter:43/50][iter_time:264.80]
2023-11-16 06:34:51.875 | INFO     | A_2_Net:train:191 - [iter:43/50][code_length:64][mAP:0.90023][mAP_all:0.87401][best_mAP:0.90469]
2023-11-16 06:34:51.875 | INFO     | A_2_Net:train:192 - [iter:43/50][code_length:64][zs_mAP:0.41762][zs_mAP_all:0.25471]
2023-11-16 06:39:15.321 | INFO     | A_2_Net:train:105 - [epoch:1/1][cnn_loss:3.5657][hash_loss:3.4225][quan_loss:0.0808][reconstruction_loss:0.0565][decorrelation_loss:0.0059]
2023-11-16 06:39:15.340 | INFO     | A_2_Net:train:113 - [iter:44/50][iter_time:263.46]
2023-11-16 06:52:38.433 | INFO     | A_2_Net:train:191 - [iter:44/50][code_length:64][mAP:0.89729][mAP_all:0.87330][best_mAP:0.90469]
2023-11-16 06:52:38.434 | INFO     | A_2_Net:train:192 - [iter:44/50][code_length:64][zs_mAP:0.40262][zs_mAP_all:0.23950]
2023-11-16 06:57:00.376 | INFO     | A_2_Net:train:105 - [epoch:1/1][cnn_loss:3.5112][hash_loss:3.3700][quan_loss:0.0796][reconstruction_loss:0.0557][decorrelation_loss:0.0059]
2023-11-16 06:57:00.394 | INFO     | A_2_Net:train:113 - [iter:45/50][iter_time:261.96]
2023-11-16 07:10:22.687 | INFO     | A_2_Net:train:191 - [iter:45/50][code_length:64][mAP:0.89938][mAP_all:0.87478][best_mAP:0.90469]
2023-11-16 07:10:22.688 | INFO     | A_2_Net:train:192 - [iter:45/50][code_length:64][zs_mAP:0.40742][zs_mAP_all:0.24386]
2023-11-16 07:14:44.352 | INFO     | A_2_Net:train:105 - [epoch:1/1][cnn_loss:3.4617][hash_loss:3.3211][quan_loss:0.0787][reconstruction_loss:0.0559][decorrelation_loss:0.0059]
2023-11-16 07:14:44.369 | INFO     | A_2_Net:train:113 - [iter:46/50][iter_time:261.68]
2023-11-16 07:28:06.442 | INFO     | A_2_Net:train:191 - [iter:46/50][code_length:64][mAP:0.90297][mAP_all:0.87839][best_mAP:0.90469]
2023-11-16 07:28:06.443 | INFO     | A_2_Net:train:192 - [iter:46/50][code_length:64][zs_mAP:0.41243][zs_mAP_all:0.24493]
2023-11-16 07:32:29.560 | INFO     | A_2_Net:train:105 - [epoch:1/1][cnn_loss:3.4217][hash_loss:3.2834][quan_loss:0.0779][reconstruction_loss:0.0544][decorrelation_loss:0.0060]
2023-11-16 07:32:29.577 | INFO     | A_2_Net:train:113 - [iter:47/50][iter_time:263.13]
2023-11-16 07:45:50.333 | INFO     | A_2_Net:train:191 - [iter:47/50][code_length:64][mAP:0.90337][mAP_all:0.87871][best_mAP:0.90469]
2023-11-16 07:45:50.334 | INFO     | A_2_Net:train:192 - [iter:47/50][code_length:64][zs_mAP:0.41027][zs_mAP_all:0.24483]
2023-11-16 07:50:12.138 | INFO     | A_2_Net:train:105 - [epoch:1/1][cnn_loss:3.4066][hash_loss:3.2691][quan_loss:0.0775][reconstruction_loss:0.0541][decorrelation_loss:0.0059]
2023-11-16 07:50:12.157 | INFO     | A_2_Net:train:113 - [iter:48/50][iter_time:261.82]
2023-11-16 08:03:35.170 | INFO     | A_2_Net:train:191 - [iter:48/50][code_length:64][mAP:0.90415][mAP_all:0.87942][best_mAP:0.90469]
2023-11-16 08:03:35.171 | INFO     | A_2_Net:train:192 - [iter:48/50][code_length:64][zs_mAP:0.41153][zs_mAP_all:0.24416]
2023-11-16 08:07:57.082 | INFO     | A_2_Net:train:105 - [epoch:1/1][cnn_loss:3.3754][hash_loss:3.2377][quan_loss:0.0768][reconstruction_loss:0.0548][decorrelation_loss:0.0059]
2023-11-16 08:07:57.100 | INFO     | A_2_Net:train:113 - [iter:49/50][iter_time:261.93]
2023-11-16 08:21:23.935 | INFO     | A_2_Net:train:191 - [iter:49/50][code_length:64][mAP:0.90548][mAP_all:0.88072][best_mAP:0.90548]
2023-11-16 08:21:23.936 | INFO     | A_2_Net:train:192 - [iter:49/50][code_length:64][zs_mAP:0.40886][zs_mAP_all:0.24190]
2023-11-16 08:25:47.474 | INFO     | A_2_Net:train:105 - [epoch:1/1][cnn_loss:3.3747][hash_loss:3.2385][quan_loss:0.0768][reconstruction_loss:0.0535][decorrelation_loss:0.0060]
2023-11-16 08:25:47.496 | INFO     | A_2_Net:train:113 - [iter:50/50][iter_time:263.56]
2023-11-16 08:39:10.254 | INFO     | A_2_Net:train:191 - [iter:50/50][code_length:64][mAP:0.90480][mAP_all:0.88003][best_mAP:0.90548]
2023-11-16 08:39:10.255 | INFO     | A_2_Net:train:192 - [iter:50/50][code_length:64][zs_mAP:0.40663][zs_mAP_all:0.23663]
2023-11-16 08:39:10.255 | INFO     | A_2_Net:train:194 - [Training time:31541.93]
2023-11-16 08:39:10.259 | INFO     | __main__:run:126 - [code_length:64][map:0.9055][map_all:0.8807][zs_map:0.4089][zs_map_all:0.2419]
