2024-09-21 00:44:35.050 | SUCCESS  | __main__:run:55 - Namespace(dataset='imagenetzs', root='/data1/dataset/ImageNet/ILSVRC', batch_size=16, lr=0.00025, wd=0.0001, optim='SGD', code_length=[16, 32, 64], max_iter=50, max_epoch=1, num_query=1000, num_samples=11050, num_workers=2, topk=1000, gpu=0, gamma=200, info='imagenetzs-15-85-dah-09-21-16,32,64-wocls', arch='dah', net='ResNet', save_ckpt='checkpoints/', lr_step=[45], align_step=50, pretrain=True, quan_loss=False, lambd_sp=0.1, lambd_ch=0.1, lambd=0.1, momen=0.91, nesterov=False, num_classes=85, val_freq=5, cauchy_gamma=20.0, margin=0.1, num_zs=15, epoch_change=11, ZS=15, flag='dah', data='imagenetzs', device=device(type='cuda', index=0))
2024-09-21 00:47:07.997 | INFO     | DAHNet_train:train:103 - [epoch:1/1][cnn_loss:2.624252][hash_loss:2.403749][quan_loss:0.220503][cls_loss:4.488139]
2024-09-21 00:47:08.004 | INFO     | DAHNet_train:train:111 - [iter:1/50][iter_time:143.51]
2024-09-21 00:49:30.835 | INFO     | DAHNet_train:train:103 - [epoch:1/1][cnn_loss:2.447469][hash_loss:2.246716][quan_loss:0.200753][cls_loss:4.488737]
2024-09-21 00:49:30.844 | INFO     | DAHNet_train:train:111 - [iter:2/50][iter_time:142.84]
2024-09-21 00:51:52.420 | INFO     | DAHNet_train:train:103 - [epoch:1/1][cnn_loss:2.324686][hash_loss:2.141415][quan_loss:0.183271][cls_loss:4.487974]
2024-09-21 00:51:52.427 | INFO     | DAHNet_train:train:111 - [iter:3/50][iter_time:141.58]
2024-09-21 00:54:13.287 | INFO     | DAHNet_train:train:103 - [epoch:1/1][cnn_loss:2.275986][hash_loss:2.099703][quan_loss:0.176283][cls_loss:4.487792]
2024-09-21 00:54:13.294 | INFO     | DAHNet_train:train:111 - [iter:4/50][iter_time:140.87]
2024-09-21 00:56:29.360 | INFO     | DAHNet_train:train:103 - [epoch:1/1][cnn_loss:2.251781][hash_loss:2.078708][quan_loss:0.173073][cls_loss:4.488937]
2024-09-21 00:56:29.367 | INFO     | DAHNet_train:train:111 - [iter:5/50][iter_time:136.07]
2024-09-21 01:04:05.195 | INFO     | DAHNet_train:train:189 - [iter:5/50][code_length:16][mAP:0.72194][mAP_all:0.71321][best_mAP:0.72194]
2024-09-21 01:04:05.196 | INFO     | DAHNet_train:train:190 - [iter:5/50][code_length:16][zs_mAP:0.40865][zs_mAP_all:0.16270]
2024-09-21 01:06:20.366 | INFO     | DAHNet_train:train:103 - [epoch:1/1][cnn_loss:2.241433][hash_loss:2.069579][quan_loss:0.171853][cls_loss:4.487275]
2024-09-21 01:06:20.373 | INFO     | DAHNet_train:train:111 - [iter:6/50][iter_time:135.18]
2024-09-21 01:08:31.606 | INFO     | DAHNet_train:train:103 - [epoch:1/1][cnn_loss:2.227835][hash_loss:2.057714][quan_loss:0.170121][cls_loss:4.489120]
2024-09-21 01:08:31.613 | INFO     | DAHNet_train:train:111 - [iter:7/50][iter_time:131.24]
2024-09-21 01:10:43.944 | INFO     | DAHNet_train:train:103 - [epoch:1/1][cnn_loss:2.220737][hash_loss:2.051433][quan_loss:0.169304][cls_loss:4.488573]
2024-09-21 01:10:43.951 | INFO     | DAHNet_train:train:111 - [iter:8/50][iter_time:132.34]
2024-09-21 01:12:55.795 | INFO     | DAHNet_train:train:103 - [epoch:1/1][cnn_loss:2.213168][hash_loss:2.044790][quan_loss:0.168378][cls_loss:4.487879]
2024-09-21 01:12:55.802 | INFO     | DAHNet_train:train:111 - [iter:9/50][iter_time:131.85]
2024-09-21 01:15:06.780 | INFO     | DAHNet_train:train:103 - [epoch:1/1][cnn_loss:2.206345][hash_loss:2.038516][quan_loss:0.167829][cls_loss:4.486396]
2024-09-21 01:15:06.787 | INFO     | DAHNet_train:train:111 - [iter:10/50][iter_time:130.98]
2024-09-21 01:22:53.970 | INFO     | DAHNet_train:train:189 - [iter:10/50][code_length:16][mAP:0.77843][mAP_all:0.76998][best_mAP:0.77843]
2024-09-21 01:22:53.971 | INFO     | DAHNet_train:train:190 - [iter:10/50][code_length:16][zs_mAP:0.39233][zs_mAP_all:0.16947]
2024-09-21 01:25:07.287 | INFO     | DAHNet_train:train:103 - [epoch:1/1][cnn_loss:2.200532][hash_loss:2.033500][quan_loss:0.167032][cls_loss:4.484460]
2024-09-21 01:25:07.294 | INFO     | DAHNet_train:train:111 - [iter:11/50][iter_time:133.32]
2024-09-21 01:27:20.147 | INFO     | DAHNet_train:train:103 - [epoch:1/1][cnn_loss:2.195819][hash_loss:2.029121][quan_loss:0.166698][cls_loss:4.484341]
2024-09-21 01:27:20.154 | INFO     | DAHNet_train:train:111 - [iter:12/50][iter_time:132.86]
2024-09-21 01:29:34.367 | INFO     | DAHNet_train:train:103 - [epoch:1/1][cnn_loss:2.193320][hash_loss:2.026763][quan_loss:0.166556][cls_loss:4.483310]
2024-09-21 01:29:34.374 | INFO     | DAHNet_train:train:111 - [iter:13/50][iter_time:134.22]
2024-09-21 01:31:45.408 | INFO     | DAHNet_train:train:103 - [epoch:1/1][cnn_loss:2.186901][hash_loss:2.021131][quan_loss:0.165770][cls_loss:4.483099]
2024-09-21 01:31:45.415 | INFO     | DAHNet_train:train:111 - [iter:14/50][iter_time:131.04]
2024-09-21 01:33:56.893 | INFO     | DAHNet_train:train:103 - [epoch:1/1][cnn_loss:2.183099][hash_loss:2.017681][quan_loss:0.165419][cls_loss:4.481101]
2024-09-21 01:33:56.900 | INFO     | DAHNet_train:train:111 - [iter:15/50][iter_time:131.48]
2024-09-21 01:41:40.718 | INFO     | DAHNet_train:train:189 - [iter:15/50][code_length:16][mAP:0.80016][mAP_all:0.79084][best_mAP:0.80016]
2024-09-21 01:41:40.718 | INFO     | DAHNet_train:train:190 - [iter:15/50][code_length:16][zs_mAP:0.41031][zs_mAP_all:0.18768]
2024-09-21 01:43:54.968 | INFO     | DAHNet_train:train:103 - [epoch:1/1][cnn_loss:2.180449][hash_loss:2.015281][quan_loss:0.165168][cls_loss:4.481781]
2024-09-21 01:43:54.975 | INFO     | DAHNet_train:train:111 - [iter:16/50][iter_time:134.26]
2024-09-21 01:46:06.285 | INFO     | DAHNet_train:train:103 - [epoch:1/1][cnn_loss:2.175371][hash_loss:2.011005][quan_loss:0.164365][cls_loss:4.478340]
2024-09-21 01:46:06.292 | INFO     | DAHNet_train:train:111 - [iter:17/50][iter_time:131.32]
2024-09-21 01:48:17.722 | INFO     | DAHNet_train:train:103 - [epoch:1/1][cnn_loss:2.171977][hash_loss:2.007853][quan_loss:0.164124][cls_loss:4.479420]
2024-09-21 01:48:17.729 | INFO     | DAHNet_train:train:111 - [iter:18/50][iter_time:131.44]
2024-09-21 01:50:29.198 | INFO     | DAHNet_train:train:103 - [epoch:1/1][cnn_loss:2.170707][hash_loss:2.006758][quan_loss:0.163950][cls_loss:4.479394]
2024-09-21 01:50:29.205 | INFO     | DAHNet_train:train:111 - [iter:19/50][iter_time:131.48]
2024-09-21 01:52:40.868 | INFO     | DAHNet_train:train:103 - [epoch:1/1][cnn_loss:2.166999][hash_loss:2.003418][quan_loss:0.163581][cls_loss:4.477787]
2024-09-21 01:52:40.875 | INFO     | DAHNet_train:train:111 - [iter:20/50][iter_time:131.67]
2024-09-21 02:00:25.342 | INFO     | DAHNet_train:train:189 - [iter:20/50][code_length:16][mAP:0.82025][mAP_all:0.81103][best_mAP:0.82025]
2024-09-21 02:00:25.343 | INFO     | DAHNet_train:train:190 - [iter:20/50][code_length:16][zs_mAP:0.42022][zs_mAP_all:0.19335]
2024-09-21 02:02:39.668 | INFO     | DAHNet_train:train:103 - [epoch:1/1][cnn_loss:2.165103][hash_loss:2.001882][quan_loss:0.163221][cls_loss:4.478557]
2024-09-21 02:02:39.675 | INFO     | DAHNet_train:train:111 - [iter:21/50][iter_time:134.33]
2024-09-21 02:04:50.897 | INFO     | DAHNet_train:train:103 - [epoch:1/1][cnn_loss:2.162517][hash_loss:1.999538][quan_loss:0.162979][cls_loss:4.477482]
2024-09-21 02:04:50.904 | INFO     | DAHNet_train:train:111 - [iter:22/50][iter_time:131.23]
2024-09-21 02:07:03.484 | INFO     | DAHNet_train:train:103 - [epoch:1/1][cnn_loss:2.158769][hash_loss:1.996395][quan_loss:0.162374][cls_loss:4.477888]
2024-09-21 02:07:03.491 | INFO     | DAHNet_train:train:111 - [iter:23/50][iter_time:132.59]
2024-09-21 02:09:15.987 | INFO     | DAHNet_train:train:103 - [epoch:1/1][cnn_loss:2.158332][hash_loss:1.995883][quan_loss:0.162449][cls_loss:4.475749]
2024-09-21 02:09:15.994 | INFO     | DAHNet_train:train:111 - [iter:24/50][iter_time:132.50]
2024-09-21 02:11:29.278 | INFO     | DAHNet_train:train:103 - [epoch:1/1][cnn_loss:2.158253][hash_loss:1.995821][quan_loss:0.162432][cls_loss:4.475054]
2024-09-21 02:11:29.287 | INFO     | DAHNet_train:train:111 - [iter:25/50][iter_time:133.29]
2024-09-21 02:19:19.062 | INFO     | DAHNet_train:train:189 - [iter:25/50][code_length:16][mAP:0.82671][mAP_all:0.81739][best_mAP:0.82671]
2024-09-21 02:19:19.063 | INFO     | DAHNet_train:train:190 - [iter:25/50][code_length:16][zs_mAP:0.40348][zs_mAP_all:0.18791]
2024-09-21 02:21:32.124 | INFO     | DAHNet_train:train:103 - [epoch:1/1][cnn_loss:2.153977][hash_loss:1.992097][quan_loss:0.161880][cls_loss:4.475577]
2024-09-21 02:21:32.128 | INFO     | DAHNet_train:train:111 - [iter:26/50][iter_time:133.06]
2024-09-21 02:23:42.981 | INFO     | DAHNet_train:train:103 - [epoch:1/1][cnn_loss:2.152051][hash_loss:1.990483][quan_loss:0.161567][cls_loss:4.474576]
2024-09-21 02:23:42.988 | INFO     | DAHNet_train:train:111 - [iter:27/50][iter_time:130.86]
2024-09-21 02:25:54.806 | INFO     | DAHNet_train:train:103 - [epoch:1/1][cnn_loss:2.151410][hash_loss:1.989872][quan_loss:0.161538][cls_loss:4.474154]
2024-09-21 02:25:54.813 | INFO     | DAHNet_train:train:111 - [iter:28/50][iter_time:131.82]
2024-09-21 02:28:07.253 | INFO     | DAHNet_train:train:103 - [epoch:1/1][cnn_loss:2.147823][hash_loss:1.986798][quan_loss:0.161025][cls_loss:4.475072]
2024-09-21 02:28:07.260 | INFO     | DAHNet_train:train:111 - [iter:29/50][iter_time:132.45]
2024-09-21 02:30:18.879 | INFO     | DAHNet_train:train:103 - [epoch:1/1][cnn_loss:2.148067][hash_loss:1.986975][quan_loss:0.161092][cls_loss:4.474785]
2024-09-21 02:30:18.885 | INFO     | DAHNet_train:train:111 - [iter:30/50][iter_time:131.63]
2024-09-21 02:37:56.697 | INFO     | DAHNet_train:train:189 - [iter:30/50][code_length:16][mAP:0.83829][mAP_all:0.82979][best_mAP:0.83829]
2024-09-21 02:37:56.698 | INFO     | DAHNet_train:train:190 - [iter:30/50][code_length:16][zs_mAP:0.42822][zs_mAP_all:0.21267]
2024-09-21 02:40:10.294 | INFO     | DAHNet_train:train:103 - [epoch:1/1][cnn_loss:2.147994][hash_loss:1.986976][quan_loss:0.161018][cls_loss:4.473391]
2024-09-21 02:40:10.301 | INFO     | DAHNet_train:train:111 - [iter:31/50][iter_time:133.60]
2024-09-21 02:42:22.106 | INFO     | DAHNet_train:train:103 - [epoch:1/1][cnn_loss:2.145565][hash_loss:1.984765][quan_loss:0.160800][cls_loss:4.473430]
2024-09-21 02:42:22.113 | INFO     | DAHNet_train:train:111 - [iter:32/50][iter_time:131.81]
2024-09-21 02:44:32.985 | INFO     | DAHNet_train:train:103 - [epoch:1/1][cnn_loss:2.143480][hash_loss:1.983072][quan_loss:0.160408][cls_loss:4.474560]
2024-09-21 02:44:32.992 | INFO     | DAHNet_train:train:111 - [iter:33/50][iter_time:130.88]
2024-09-21 02:46:43.578 | INFO     | DAHNet_train:train:103 - [epoch:1/1][cnn_loss:2.140475][hash_loss:1.980444][quan_loss:0.160031][cls_loss:4.472745]
2024-09-21 02:46:43.585 | INFO     | DAHNet_train:train:111 - [iter:34/50][iter_time:130.59]
2024-09-21 02:48:56.398 | INFO     | DAHNet_train:train:103 - [epoch:1/1][cnn_loss:2.140907][hash_loss:1.980692][quan_loss:0.160215][cls_loss:4.473120]
2024-09-21 02:48:56.407 | INFO     | DAHNet_train:train:111 - [iter:35/50][iter_time:132.82]
2024-09-21 02:56:35.634 | INFO     | DAHNet_train:train:189 - [iter:35/50][code_length:16][mAP:0.84147][mAP_all:0.83247][best_mAP:0.84147]
2024-09-21 02:56:35.634 | INFO     | DAHNet_train:train:190 - [iter:35/50][code_length:16][zs_mAP:0.39505][zs_mAP_all:0.18430]
2024-09-21 02:58:47.092 | INFO     | DAHNet_train:train:103 - [epoch:1/1][cnn_loss:2.139871][hash_loss:1.979899][quan_loss:0.159972][cls_loss:4.471472]
2024-09-21 02:58:47.099 | INFO     | DAHNet_train:train:111 - [iter:36/50][iter_time:131.46]
2024-09-21 03:00:57.924 | INFO     | DAHNet_train:train:103 - [epoch:1/1][cnn_loss:2.138585][hash_loss:1.978776][quan_loss:0.159808][cls_loss:4.471955]
2024-09-21 03:00:57.931 | INFO     | DAHNet_train:train:111 - [iter:37/50][iter_time:130.83]
2024-09-21 03:03:09.645 | INFO     | DAHNet_train:train:103 - [epoch:1/1][cnn_loss:2.137091][hash_loss:1.977517][quan_loss:0.159574][cls_loss:4.471190]
2024-09-21 03:03:09.652 | INFO     | DAHNet_train:train:111 - [iter:38/50][iter_time:131.72]
2024-09-21 03:05:21.591 | INFO     | DAHNet_train:train:103 - [epoch:1/1][cnn_loss:2.135638][hash_loss:1.976166][quan_loss:0.159472][cls_loss:4.472010]
2024-09-21 03:05:21.598 | INFO     | DAHNet_train:train:111 - [iter:39/50][iter_time:131.95]
2024-09-21 03:07:33.788 | INFO     | DAHNet_train:train:103 - [epoch:1/1][cnn_loss:2.134971][hash_loss:1.975622][quan_loss:0.159349][cls_loss:4.472133]
2024-09-21 03:07:33.795 | INFO     | DAHNet_train:train:111 - [iter:40/50][iter_time:132.20]
2024-09-21 03:15:16.176 | INFO     | DAHNet_train:train:189 - [iter:40/50][code_length:16][mAP:0.84176][mAP_all:0.83276][best_mAP:0.84176]
2024-09-21 03:15:16.176 | INFO     | DAHNet_train:train:190 - [iter:40/50][code_length:16][zs_mAP:0.39324][zs_mAP_all:0.19277]
2024-09-21 03:17:30.542 | INFO     | DAHNet_train:train:103 - [epoch:1/1][cnn_loss:2.134290][hash_loss:1.975113][quan_loss:0.159177][cls_loss:4.470658]
2024-09-21 03:17:30.549 | INFO     | DAHNet_train:train:111 - [iter:41/50][iter_time:134.37]
2024-09-21 03:19:42.838 | INFO     | DAHNet_train:train:103 - [epoch:1/1][cnn_loss:2.132676][hash_loss:1.973754][quan_loss:0.158923][cls_loss:4.470354]
2024-09-21 03:19:42.845 | INFO     | DAHNet_train:train:111 - [iter:42/50][iter_time:132.30]
2024-09-21 03:21:54.565 | INFO     | DAHNet_train:train:103 - [epoch:1/1][cnn_loss:2.132598][hash_loss:1.973571][quan_loss:0.159027][cls_loss:4.470121]
2024-09-21 03:21:54.572 | INFO     | DAHNet_train:train:111 - [iter:43/50][iter_time:131.73]
2024-09-21 03:24:05.517 | INFO     | DAHNet_train:train:103 - [epoch:1/1][cnn_loss:2.131112][hash_loss:1.972314][quan_loss:0.158798][cls_loss:4.469877]
2024-09-21 03:24:05.524 | INFO     | DAHNet_train:train:111 - [iter:44/50][iter_time:130.95]
2024-09-21 03:26:16.657 | INFO     | DAHNet_train:train:103 - [epoch:1/1][cnn_loss:2.128538][hash_loss:1.970094][quan_loss:0.158443][cls_loss:4.470469]
2024-09-21 03:26:16.666 | INFO     | DAHNet_train:train:111 - [iter:45/50][iter_time:131.14]
2024-09-21 03:34:00.471 | INFO     | DAHNet_train:train:189 - [iter:45/50][code_length:16][mAP:0.84895][mAP_all:0.84036][best_mAP:0.84895]
2024-09-21 03:34:00.472 | INFO     | DAHNet_train:train:190 - [iter:45/50][code_length:16][zs_mAP:0.40336][zs_mAP_all:0.19164]
2024-09-21 03:36:13.688 | INFO     | DAHNet_train:train:103 - [epoch:1/1][cnn_loss:2.122893][hash_loss:1.964489][quan_loss:0.158404][cls_loss:4.469381]
2024-09-21 03:36:13.695 | INFO     | DAHNet_train:train:111 - [iter:46/50][iter_time:133.22]
2024-09-21 03:43:51.284 | INFO     | DAHNet_train:train:189 - [iter:46/50][code_length:16][mAP:0.85199][mAP_all:0.84352][best_mAP:0.85199]
2024-09-21 03:43:51.285 | INFO     | DAHNet_train:train:190 - [iter:46/50][code_length:16][zs_mAP:0.39885][zs_mAP_all:0.19290]
2024-09-21 03:46:03.817 | INFO     | DAHNet_train:train:103 - [epoch:1/1][cnn_loss:2.122417][hash_loss:1.964170][quan_loss:0.158248][cls_loss:4.470517]
2024-09-21 03:46:03.826 | INFO     | DAHNet_train:train:111 - [iter:47/50][iter_time:132.54]
2024-09-21 03:54:00.385 | INFO     | DAHNet_train:train:189 - [iter:47/50][code_length:16][mAP:0.85079][mAP_all:0.84219][best_mAP:0.85199]
2024-09-21 03:54:00.385 | INFO     | DAHNet_train:train:190 - [iter:47/50][code_length:16][zs_mAP:0.40366][zs_mAP_all:0.19394]
2024-09-21 03:56:11.588 | INFO     | DAHNet_train:train:103 - [epoch:1/1][cnn_loss:2.122573][hash_loss:1.964180][quan_loss:0.158393][cls_loss:4.469560]
2024-09-21 03:56:11.595 | INFO     | DAHNet_train:train:111 - [iter:48/50][iter_time:131.21]
2024-09-21 04:04:01.484 | INFO     | DAHNet_train:train:189 - [iter:48/50][code_length:16][mAP:0.85332][mAP_all:0.84467][best_mAP:0.85332]
2024-09-21 04:04:01.485 | INFO     | DAHNet_train:train:190 - [iter:48/50][code_length:16][zs_mAP:0.40714][zs_mAP_all:0.19154]
2024-09-21 04:06:15.023 | INFO     | DAHNet_train:train:103 - [epoch:1/1][cnn_loss:2.123812][hash_loss:1.965116][quan_loss:0.158696][cls_loss:4.469944]
2024-09-21 04:06:15.030 | INFO     | DAHNet_train:train:111 - [iter:49/50][iter_time:133.55]
2024-09-21 04:14:13.276 | INFO     | DAHNet_train:train:189 - [iter:49/50][code_length:16][mAP:0.85405][mAP_all:0.84598][best_mAP:0.85405]
2024-09-21 04:14:13.277 | INFO     | DAHNet_train:train:190 - [iter:49/50][code_length:16][zs_mAP:0.40606][zs_mAP_all:0.19441]
2024-09-21 04:16:27.351 | INFO     | DAHNet_train:train:103 - [epoch:1/1][cnn_loss:2.122315][hash_loss:1.964079][quan_loss:0.158236][cls_loss:4.469166]
2024-09-21 04:16:27.357 | INFO     | DAHNet_train:train:111 - [iter:50/50][iter_time:134.08]
2024-09-21 04:24:07.021 | INFO     | DAHNet_train:train:189 - [iter:50/50][code_length:16][mAP:0.85401][mAP_all:0.84568][best_mAP:0.85405]
2024-09-21 04:24:07.021 | INFO     | DAHNet_train:train:190 - [iter:50/50][code_length:16][zs_mAP:0.40434][zs_mAP_all:0.19604]
2024-09-21 04:24:07.021 | INFO     | DAHNet_train:train:192 - [Training time:13162.52]
2024-09-21 04:24:07.031 | INFO     | __main__:run:138 - [code_length:16][map:0.8540][map_all:0.8460][zs_map:0.4061][zs_map_all:0.1944]
2024-09-21 04:26:19.846 | INFO     | DAHNet_train:train:103 - [epoch:1/1][cnn_loss:4.941775][hash_loss:4.722279][quan_loss:0.219496][cls_loss:4.496620]
2024-09-21 04:26:19.855 | INFO     | DAHNet_train:train:111 - [iter:1/50][iter_time:131.61]
2024-09-21 04:28:31.110 | INFO     | DAHNet_train:train:103 - [epoch:1/1][cnn_loss:4.397318][hash_loss:4.210908][quan_loss:0.186410][cls_loss:4.496485]
2024-09-21 04:28:31.119 | INFO     | DAHNet_train:train:111 - [iter:2/50][iter_time:131.26]
2024-09-21 04:30:43.376 | INFO     | DAHNet_train:train:103 - [epoch:1/1][cnn_loss:4.004900][hash_loss:3.846232][quan_loss:0.158668][cls_loss:4.496439]
2024-09-21 04:30:43.385 | INFO     | DAHNet_train:train:111 - [iter:3/50][iter_time:132.27]
2024-09-21 04:32:55.476 | INFO     | DAHNet_train:train:103 - [epoch:1/1][cnn_loss:3.842745][hash_loss:3.694752][quan_loss:0.147993][cls_loss:4.496279]
2024-09-21 04:32:55.484 | INFO     | DAHNet_train:train:111 - [iter:4/50][iter_time:132.10]
2024-09-21 04:35:06.958 | INFO     | DAHNet_train:train:103 - [epoch:1/1][cnn_loss:3.759517][hash_loss:3.616813][quan_loss:0.142704][cls_loss:4.499724]
2024-09-21 04:35:06.967 | INFO     | DAHNet_train:train:111 - [iter:5/50][iter_time:131.48]
2024-09-21 04:42:29.773 | INFO     | DAHNet_train:train:189 - [iter:5/50][code_length:32][mAP:0.84077][mAP_all:0.83118][best_mAP:0.84077]
2024-09-21 04:42:29.773 | INFO     | DAHNet_train:train:190 - [iter:5/50][code_length:32][zs_mAP:0.54715][zs_mAP_all:0.28097]
2024-09-21 04:44:42.198 | INFO     | DAHNet_train:train:103 - [epoch:1/1][cnn_loss:3.712230][hash_loss:3.572511][quan_loss:0.139719][cls_loss:4.499586]
2024-09-21 04:44:42.208 | INFO     | DAHNet_train:train:111 - [iter:6/50][iter_time:132.43]
2024-09-21 04:46:54.776 | INFO     | DAHNet_train:train:103 - [epoch:1/1][cnn_loss:3.670279][hash_loss:3.533246][quan_loss:0.137034][cls_loss:4.498172]
2024-09-21 04:46:54.785 | INFO     | DAHNet_train:train:111 - [iter:7/50][iter_time:132.58]
2024-09-21 04:49:06.993 | INFO     | DAHNet_train:train:103 - [epoch:1/1][cnn_loss:3.647162][hash_loss:3.511353][quan_loss:0.135809][cls_loss:4.498217]
2024-09-21 04:49:07.002 | INFO     | DAHNet_train:train:111 - [iter:8/50][iter_time:132.22]
2024-09-21 04:51:19.434 | INFO     | DAHNet_train:train:103 - [epoch:1/1][cnn_loss:3.619008][hash_loss:3.484727][quan_loss:0.134280][cls_loss:4.497405]
2024-09-21 04:51:19.443 | INFO     | DAHNet_train:train:111 - [iter:9/50][iter_time:132.44]
2024-09-21 04:53:31.482 | INFO     | DAHNet_train:train:103 - [epoch:1/1][cnn_loss:3.589294][hash_loss:3.456882][quan_loss:0.132412][cls_loss:4.496389]
2024-09-21 04:53:31.491 | INFO     | DAHNet_train:train:111 - [iter:10/50][iter_time:132.05]
2024-09-21 05:01:15.813 | INFO     | DAHNet_train:train:189 - [iter:10/50][code_length:32][mAP:0.86863][mAP_all:0.85842][best_mAP:0.86863]
2024-09-21 05:01:15.813 | INFO     | DAHNet_train:train:190 - [iter:10/50][code_length:32][zs_mAP:0.52096][zs_mAP_all:0.26234]
2024-09-21 05:03:28.556 | INFO     | DAHNet_train:train:103 - [epoch:1/1][cnn_loss:3.574524][hash_loss:3.442927][quan_loss:0.131597][cls_loss:4.494960]
2024-09-21 05:03:28.565 | INFO     | DAHNet_train:train:111 - [iter:11/50][iter_time:132.75]
2024-09-21 05:05:40.700 | INFO     | DAHNet_train:train:103 - [epoch:1/1][cnn_loss:3.554295][hash_loss:3.423933][quan_loss:0.130362][cls_loss:4.492973]
2024-09-21 05:05:40.709 | INFO     | DAHNet_train:train:111 - [iter:12/50][iter_time:132.14]
2024-09-21 05:07:52.306 | INFO     | DAHNet_train:train:103 - [epoch:1/1][cnn_loss:3.540889][hash_loss:3.411342][quan_loss:0.129547][cls_loss:4.492875]
2024-09-21 05:07:52.315 | INFO     | DAHNet_train:train:111 - [iter:13/50][iter_time:131.61]
2024-09-21 05:10:04.439 | INFO     | DAHNet_train:train:103 - [epoch:1/1][cnn_loss:3.528111][hash_loss:3.399347][quan_loss:0.128764][cls_loss:4.493126]
2024-09-21 05:10:04.447 | INFO     | DAHNet_train:train:111 - [iter:14/50][iter_time:132.13]
2024-09-21 05:12:17.191 | INFO     | DAHNet_train:train:103 - [epoch:1/1][cnn_loss:3.511080][hash_loss:3.383340][quan_loss:0.127739][cls_loss:4.492070]
2024-09-21 05:12:17.200 | INFO     | DAHNet_train:train:111 - [iter:15/50][iter_time:132.75]
2024-09-21 05:19:52.529 | INFO     | DAHNet_train:train:189 - [iter:15/50][code_length:32][mAP:0.88169][mAP_all:0.87151][best_mAP:0.88169]
2024-09-21 05:19:52.529 | INFO     | DAHNet_train:train:190 - [iter:15/50][code_length:32][zs_mAP:0.52315][zs_mAP_all:0.24954]
2024-09-21 05:22:04.714 | INFO     | DAHNet_train:train:103 - [epoch:1/1][cnn_loss:3.488398][hash_loss:3.362125][quan_loss:0.126273][cls_loss:4.490615]
2024-09-21 05:22:04.723 | INFO     | DAHNet_train:train:111 - [iter:16/50][iter_time:132.19]
2024-09-21 05:24:16.850 | INFO     | DAHNet_train:train:103 - [epoch:1/1][cnn_loss:3.485375][hash_loss:3.359291][quan_loss:0.126084][cls_loss:4.489880]
2024-09-21 05:24:16.859 | INFO     | DAHNet_train:train:111 - [iter:17/50][iter_time:132.14]
2024-09-21 05:26:30.616 | INFO     | DAHNet_train:train:103 - [epoch:1/1][cnn_loss:3.470149][hash_loss:3.345026][quan_loss:0.125123][cls_loss:4.490220]
2024-09-21 05:26:30.623 | INFO     | DAHNet_train:train:111 - [iter:18/50][iter_time:133.76]
2024-09-21 05:28:43.909 | INFO     | DAHNet_train:train:103 - [epoch:1/1][cnn_loss:3.458527][hash_loss:3.334026][quan_loss:0.124501][cls_loss:4.489220]
2024-09-21 05:28:43.918 | INFO     | DAHNet_train:train:111 - [iter:19/50][iter_time:133.30]
2024-09-21 05:30:55.925 | INFO     | DAHNet_train:train:103 - [epoch:1/1][cnn_loss:3.448652][hash_loss:3.324812][quan_loss:0.123840][cls_loss:4.487917]
2024-09-21 05:30:55.934 | INFO     | DAHNet_train:train:111 - [iter:20/50][iter_time:132.02]
2024-09-21 05:38:24.802 | INFO     | DAHNet_train:train:189 - [iter:20/50][code_length:32][mAP:0.88502][mAP_all:0.87374][best_mAP:0.88502]
2024-09-21 05:38:24.802 | INFO     | DAHNet_train:train:190 - [iter:20/50][code_length:32][zs_mAP:0.50447][zs_mAP_all:0.24432]
2024-09-21 05:40:38.094 | INFO     | DAHNet_train:train:103 - [epoch:1/1][cnn_loss:3.442782][hash_loss:3.319383][quan_loss:0.123400][cls_loss:4.489928]
2024-09-21 05:40:38.103 | INFO     | DAHNet_train:train:111 - [iter:21/50][iter_time:133.30]
2024-09-21 05:42:51.720 | INFO     | DAHNet_train:train:103 - [epoch:1/1][cnn_loss:3.438150][hash_loss:3.314886][quan_loss:0.123265][cls_loss:4.487085]
2024-09-21 05:42:51.728 | INFO     | DAHNet_train:train:111 - [iter:22/50][iter_time:133.63]
2024-09-21 05:45:04.306 | INFO     | DAHNet_train:train:103 - [epoch:1/1][cnn_loss:3.433248][hash_loss:3.310404][quan_loss:0.122844][cls_loss:4.486796]
2024-09-21 05:45:04.315 | INFO     | DAHNet_train:train:111 - [iter:23/50][iter_time:132.59]
2024-09-21 05:47:17.768 | INFO     | DAHNet_train:train:103 - [epoch:1/1][cnn_loss:3.421332][hash_loss:3.299143][quan_loss:0.122189][cls_loss:4.486745]
2024-09-21 05:47:17.777 | INFO     | DAHNet_train:train:111 - [iter:24/50][iter_time:133.46]
2024-09-21 05:49:29.423 | INFO     | DAHNet_train:train:103 - [epoch:1/1][cnn_loss:3.417145][hash_loss:3.295183][quan_loss:0.121962][cls_loss:4.487742]
2024-09-21 05:49:29.432 | INFO     | DAHNet_train:train:111 - [iter:25/50][iter_time:131.66]
2024-09-21 05:57:12.359 | INFO     | DAHNet_train:train:189 - [iter:25/50][code_length:32][mAP:0.88736][mAP_all:0.87628][best_mAP:0.88736]
2024-09-21 05:57:12.360 | INFO     | DAHNet_train:train:190 - [iter:25/50][code_length:32][zs_mAP:0.49685][zs_mAP_all:0.23824]
2024-09-21 05:59:25.926 | INFO     | DAHNet_train:train:103 - [epoch:1/1][cnn_loss:3.404676][hash_loss:3.283503][quan_loss:0.121173][cls_loss:4.486625]
2024-09-21 05:59:25.935 | INFO     | DAHNet_train:train:111 - [iter:26/50][iter_time:133.58]
2024-09-21 06:01:38.654 | INFO     | DAHNet_train:train:103 - [epoch:1/1][cnn_loss:3.401452][hash_loss:3.280533][quan_loss:0.120919][cls_loss:4.486235]
2024-09-21 06:01:38.663 | INFO     | DAHNet_train:train:111 - [iter:27/50][iter_time:132.73]
2024-09-21 06:03:50.683 | INFO     | DAHNet_train:train:103 - [epoch:1/1][cnn_loss:3.392262][hash_loss:3.271917][quan_loss:0.120344][cls_loss:4.487489]
2024-09-21 06:03:50.691 | INFO     | DAHNet_train:train:111 - [iter:28/50][iter_time:132.03]
2024-09-21 06:06:03.486 | INFO     | DAHNet_train:train:103 - [epoch:1/1][cnn_loss:3.392413][hash_loss:3.271957][quan_loss:0.120457][cls_loss:4.486722]
2024-09-21 06:06:03.494 | INFO     | DAHNet_train:train:111 - [iter:29/50][iter_time:132.80]
2024-09-21 06:08:17.076 | INFO     | DAHNet_train:train:103 - [epoch:1/1][cnn_loss:3.378302][hash_loss:3.258778][quan_loss:0.119524][cls_loss:4.486588]
2024-09-21 06:08:17.085 | INFO     | DAHNet_train:train:111 - [iter:30/50][iter_time:133.59]
2024-09-21 06:16:02.060 | INFO     | DAHNet_train:train:189 - [iter:30/50][code_length:32][mAP:0.88853][mAP_all:0.87711][best_mAP:0.88853]
2024-09-21 06:16:02.061 | INFO     | DAHNet_train:train:190 - [iter:30/50][code_length:32][zs_mAP:0.48550][zs_mAP_all:0.22119]
2024-09-21 06:18:17.290 | INFO     | DAHNet_train:train:103 - [epoch:1/1][cnn_loss:3.377084][hash_loss:3.257692][quan_loss:0.119392][cls_loss:4.484970]
2024-09-21 06:18:17.299 | INFO     | DAHNet_train:train:111 - [iter:31/50][iter_time:135.24]
2024-09-21 06:20:29.848 | INFO     | DAHNet_train:train:103 - [epoch:1/1][cnn_loss:3.368854][hash_loss:3.249898][quan_loss:0.118955][cls_loss:4.485348]
2024-09-21 06:20:29.857 | INFO     | DAHNet_train:train:111 - [iter:32/50][iter_time:132.56]
2024-09-21 06:22:42.511 | INFO     | DAHNet_train:train:103 - [epoch:1/1][cnn_loss:3.367702][hash_loss:3.248830][quan_loss:0.118873][cls_loss:4.485794]
2024-09-21 06:22:42.520 | INFO     | DAHNet_train:train:111 - [iter:33/50][iter_time:132.66]
2024-09-21 06:24:54.015 | INFO     | DAHNet_train:train:103 - [epoch:1/1][cnn_loss:3.354542][hash_loss:3.236490][quan_loss:0.118052][cls_loss:4.486403]
2024-09-21 06:24:54.024 | INFO     | DAHNet_train:train:111 - [iter:34/50][iter_time:131.50]
2024-09-21 06:27:07.060 | INFO     | DAHNet_train:train:103 - [epoch:1/1][cnn_loss:3.352568][hash_loss:3.234605][quan_loss:0.117964][cls_loss:4.485857]
2024-09-21 06:27:07.069 | INFO     | DAHNet_train:train:111 - [iter:35/50][iter_time:133.04]
2024-09-21 06:35:13.929 | INFO     | DAHNet_train:train:189 - [iter:35/50][code_length:32][mAP:0.89238][mAP_all:0.88194][best_mAP:0.89238]
2024-09-21 06:35:13.929 | INFO     | DAHNet_train:train:190 - [iter:35/50][code_length:32][zs_mAP:0.49924][zs_mAP_all:0.23176]
2024-09-21 06:37:26.781 | INFO     | DAHNet_train:train:103 - [epoch:1/1][cnn_loss:3.356834][hash_loss:3.238582][quan_loss:0.118251][cls_loss:4.485554]
2024-09-21 06:37:26.789 | INFO     | DAHNet_train:train:111 - [iter:36/50][iter_time:132.86]
2024-09-21 06:39:38.503 | INFO     | DAHNet_train:train:103 - [epoch:1/1][cnn_loss:3.346974][hash_loss:3.229385][quan_loss:0.117589][cls_loss:4.483102]
2024-09-21 06:39:38.512 | INFO     | DAHNet_train:train:111 - [iter:37/50][iter_time:131.72]
2024-09-21 06:41:49.750 | INFO     | DAHNet_train:train:103 - [epoch:1/1][cnn_loss:3.340075][hash_loss:3.222959][quan_loss:0.117116][cls_loss:4.483583]
2024-09-21 06:41:49.758 | INFO     | DAHNet_train:train:111 - [iter:38/50][iter_time:131.25]
2024-09-21 06:44:02.953 | INFO     | DAHNet_train:train:103 - [epoch:1/1][cnn_loss:3.334040][hash_loss:3.217255][quan_loss:0.116785][cls_loss:4.483845]
2024-09-21 06:44:02.962 | INFO     | DAHNet_train:train:111 - [iter:39/50][iter_time:133.20]
2024-09-21 06:46:14.778 | INFO     | DAHNet_train:train:103 - [epoch:1/1][cnn_loss:3.332056][hash_loss:3.215324][quan_loss:0.116733][cls_loss:4.483966]
2024-09-21 06:46:14.787 | INFO     | DAHNet_train:train:111 - [iter:40/50][iter_time:131.82]
2024-09-21 06:53:55.271 | INFO     | DAHNet_train:train:189 - [iter:40/50][code_length:32][mAP:0.89217][mAP_all:0.88176][best_mAP:0.89238]
2024-09-21 06:53:55.272 | INFO     | DAHNet_train:train:190 - [iter:40/50][code_length:32][zs_mAP:0.47553][zs_mAP_all:0.21343]
2024-09-21 06:56:08.900 | INFO     | DAHNet_train:train:103 - [epoch:1/1][cnn_loss:3.320395][hash_loss:3.204457][quan_loss:0.115938][cls_loss:4.484035]
2024-09-21 06:56:08.909 | INFO     | DAHNet_train:train:111 - [iter:41/50][iter_time:133.64]
2024-09-21 06:58:21.750 | INFO     | DAHNet_train:train:103 - [epoch:1/1][cnn_loss:3.320661][hash_loss:3.204712][quan_loss:0.115950][cls_loss:4.482803]
2024-09-21 06:58:21.759 | INFO     | DAHNet_train:train:111 - [iter:42/50][iter_time:132.85]
2024-09-21 07:00:33.747 | INFO     | DAHNet_train:train:103 - [epoch:1/1][cnn_loss:3.318716][hash_loss:3.202771][quan_loss:0.115945][cls_loss:4.482480]
2024-09-21 07:00:33.756 | INFO     | DAHNet_train:train:111 - [iter:43/50][iter_time:132.00]
2024-09-21 07:02:45.495 | INFO     | DAHNet_train:train:103 - [epoch:1/1][cnn_loss:3.317373][hash_loss:3.201616][quan_loss:0.115757][cls_loss:4.482404]
2024-09-21 07:02:45.504 | INFO     | DAHNet_train:train:111 - [iter:44/50][iter_time:131.75]
2024-09-21 07:04:58.193 | INFO     | DAHNet_train:train:103 - [epoch:1/1][cnn_loss:3.313568][hash_loss:3.198067][quan_loss:0.115501][cls_loss:4.482730]
2024-09-21 07:04:58.202 | INFO     | DAHNet_train:train:111 - [iter:45/50][iter_time:132.70]
2024-09-21 07:12:26.348 | INFO     | DAHNet_train:train:189 - [iter:45/50][code_length:32][mAP:0.89203][mAP_all:0.88228][best_mAP:0.89238]
2024-09-21 07:12:26.349 | INFO     | DAHNet_train:train:190 - [iter:45/50][code_length:32][zs_mAP:0.47480][zs_mAP_all:0.20627]
2024-09-21 07:14:39.209 | INFO     | DAHNet_train:train:103 - [epoch:1/1][cnn_loss:3.295257][hash_loss:3.180604][quan_loss:0.114653][cls_loss:4.482956]
2024-09-21 07:14:39.218 | INFO     | DAHNet_train:train:111 - [iter:46/50][iter_time:132.87]
2024-09-21 07:22:12.928 | INFO     | DAHNet_train:train:189 - [iter:46/50][code_length:32][mAP:0.89242][mAP_all:0.88149][best_mAP:0.89242]
2024-09-21 07:22:12.929 | INFO     | DAHNet_train:train:190 - [iter:46/50][code_length:32][zs_mAP:0.47148][zs_mAP_all:0.21451]
2024-09-21 07:24:25.007 | INFO     | DAHNet_train:train:103 - [epoch:1/1][cnn_loss:3.283234][hash_loss:3.169130][quan_loss:0.114104][cls_loss:4.482785]
2024-09-21 07:24:25.016 | INFO     | DAHNet_train:train:111 - [iter:47/50][iter_time:132.09]
2024-09-21 07:32:08.526 | INFO     | DAHNet_train:train:189 - [iter:47/50][code_length:32][mAP:0.89284][mAP_all:0.88203][best_mAP:0.89284]
2024-09-21 07:32:08.527 | INFO     | DAHNet_train:train:190 - [iter:47/50][code_length:32][zs_mAP:0.47170][zs_mAP_all:0.21640]
2024-09-21 07:34:21.503 | INFO     | DAHNet_train:train:103 - [epoch:1/1][cnn_loss:3.295661][hash_loss:3.180817][quan_loss:0.114844][cls_loss:4.482524]
2024-09-21 07:34:21.512 | INFO     | DAHNet_train:train:111 - [iter:48/50][iter_time:132.99]
2024-09-21 07:42:04.058 | INFO     | DAHNet_train:train:189 - [iter:48/50][code_length:32][mAP:0.89345][mAP_all:0.88316][best_mAP:0.89345]
2024-09-21 07:42:04.059 | INFO     | DAHNet_train:train:190 - [iter:48/50][code_length:32][zs_mAP:0.47173][zs_mAP_all:0.21213]
2024-09-21 07:44:18.747 | INFO     | DAHNet_train:train:103 - [epoch:1/1][cnn_loss:3.289150][hash_loss:3.174695][quan_loss:0.114455][cls_loss:4.481963]
2024-09-21 07:44:18.756 | INFO     | DAHNet_train:train:111 - [iter:49/50][iter_time:134.70]
2024-09-21 07:51:48.991 | INFO     | DAHNet_train:train:189 - [iter:49/50][code_length:32][mAP:0.89662][mAP_all:0.88636][best_mAP:0.89662]
2024-09-21 07:51:48.992 | INFO     | DAHNet_train:train:190 - [iter:49/50][code_length:32][zs_mAP:0.46761][zs_mAP_all:0.20055]
2024-09-21 07:54:01.217 | INFO     | DAHNet_train:train:103 - [epoch:1/1][cnn_loss:3.295263][hash_loss:3.180288][quan_loss:0.114976][cls_loss:4.481951]
2024-09-21 07:54:01.226 | INFO     | DAHNet_train:train:111 - [iter:50/50][iter_time:132.23]
2024-09-21 08:01:57.310 | INFO     | DAHNet_train:train:189 - [iter:50/50][code_length:32][mAP:0.89477][mAP_all:0.88456][best_mAP:0.89662]
2024-09-21 08:01:57.311 | INFO     | DAHNet_train:train:190 - [iter:50/50][code_length:32][zs_mAP:0.46693][zs_mAP_all:0.20502]
2024-09-21 08:01:57.311 | INFO     | DAHNet_train:train:192 - [Training time:13069.06]
2024-09-21 08:01:57.322 | INFO     | __main__:run:138 - [code_length:32][map:0.8966][map_all:0.8864][zs_map:0.4676][zs_map_all:0.2006]
2024-09-21 08:04:11.280 | INFO     | DAHNet_train:train:103 - [epoch:1/1][cnn_loss:9.550442][hash_loss:9.330261][quan_loss:0.220181][cls_loss:4.498587]
2024-09-21 08:04:11.291 | INFO     | DAHNet_train:train:111 - [iter:1/50][iter_time:132.78]
2024-09-21 08:06:24.742 | INFO     | DAHNet_train:train:103 - [epoch:1/1][cnn_loss:7.890377][hash_loss:7.717892][quan_loss:0.172485][cls_loss:4.500223]
2024-09-21 08:06:24.755 | INFO     | DAHNet_train:train:111 - [iter:2/50][iter_time:133.46]
2024-09-21 08:08:36.999 | INFO     | DAHNet_train:train:103 - [epoch:1/1][cnn_loss:6.660584][hash_loss:6.522840][quan_loss:0.137743][cls_loss:4.503324]
2024-09-21 08:08:37.011 | INFO     | DAHNet_train:train:111 - [iter:3/50][iter_time:132.26]
2024-09-21 08:10:49.964 | INFO     | DAHNet_train:train:103 - [epoch:1/1][cnn_loss:5.990922][hash_loss:5.869166][quan_loss:0.121756][cls_loss:4.504797]
2024-09-21 08:10:49.976 | INFO     | DAHNet_train:train:111 - [iter:4/50][iter_time:132.96]
2024-09-21 08:13:02.435 | INFO     | DAHNet_train:train:103 - [epoch:1/1][cnn_loss:5.593367][hash_loss:5.480144][quan_loss:0.113223][cls_loss:4.504336]
2024-09-21 08:13:02.446 | INFO     | DAHNet_train:train:111 - [iter:5/50][iter_time:132.47]
2024-09-21 08:20:51.910 | INFO     | DAHNet_train:train:189 - [iter:5/50][code_length:64][mAP:0.87636][mAP_all:0.86695][best_mAP:0.87636]
2024-09-21 08:20:51.911 | INFO     | DAHNet_train:train:190 - [iter:5/50][code_length:64][zs_mAP:0.63694][zs_mAP_all:0.39717]
2024-09-21 08:23:03.492 | INFO     | DAHNet_train:train:103 - [epoch:1/1][cnn_loss:5.366411][hash_loss:5.257591][quan_loss:0.108820][cls_loss:4.504288]
2024-09-21 08:23:03.504 | INFO     | DAHNet_train:train:111 - [iter:6/50][iter_time:131.59]
2024-09-21 08:25:15.041 | INFO     | DAHNet_train:train:103 - [epoch:1/1][cnn_loss:5.160273][hash_loss:5.055821][quan_loss:0.104452][cls_loss:4.502754]
2024-09-21 08:25:15.053 | INFO     | DAHNet_train:train:111 - [iter:7/50][iter_time:131.55]
2024-09-21 08:27:26.502 | INFO     | DAHNet_train:train:103 - [epoch:1/1][cnn_loss:5.015072][hash_loss:4.913268][quan_loss:0.101804][cls_loss:4.502115]
2024-09-21 08:27:26.514 | INFO     | DAHNet_train:train:111 - [iter:8/50][iter_time:131.46]
2024-09-21 08:29:38.554 | INFO     | DAHNet_train:train:103 - [epoch:1/1][cnn_loss:4.906650][hash_loss:4.806943][quan_loss:0.099707][cls_loss:4.501928]
2024-09-21 08:29:38.566 | INFO     | DAHNet_train:train:111 - [iter:9/50][iter_time:132.05]
2024-09-21 08:31:51.669 | INFO     | DAHNet_train:train:103 - [epoch:1/1][cnn_loss:4.780813][hash_loss:4.683747][quan_loss:0.097067][cls_loss:4.499734]
2024-09-21 08:31:51.681 | INFO     | DAHNet_train:train:111 - [iter:10/50][iter_time:133.11]
2024-09-21 08:39:37.884 | INFO     | DAHNet_train:train:189 - [iter:10/50][code_length:64][mAP:0.88901][mAP_all:0.87859][best_mAP:0.88901]
2024-09-21 08:39:37.885 | INFO     | DAHNet_train:train:190 - [iter:10/50][code_length:64][zs_mAP:0.59302][zs_mAP_all:0.33450]
2024-09-21 08:41:51.584 | INFO     | DAHNet_train:train:103 - [epoch:1/1][cnn_loss:4.707525][hash_loss:4.611888][quan_loss:0.095636][cls_loss:4.498845]
2024-09-21 08:41:51.596 | INFO     | DAHNet_train:train:111 - [iter:11/50][iter_time:133.71]
2024-09-21 08:44:04.511 | INFO     | DAHNet_train:train:103 - [epoch:1/1][cnn_loss:4.692736][hash_loss:4.597012][quan_loss:0.095725][cls_loss:4.499871]
2024-09-21 08:44:04.523 | INFO     | DAHNet_train:train:111 - [iter:12/50][iter_time:132.93]
2024-09-21 08:46:17.263 | INFO     | DAHNet_train:train:103 - [epoch:1/1][cnn_loss:4.601855][hash_loss:4.508067][quan_loss:0.093788][cls_loss:4.498580]
2024-09-21 08:46:17.274 | INFO     | DAHNet_train:train:111 - [iter:13/50][iter_time:132.75]
2024-09-21 08:48:29.993 | INFO     | DAHNet_train:train:103 - [epoch:1/1][cnn_loss:4.546104][hash_loss:4.453341][quan_loss:0.092763][cls_loss:4.497275]
2024-09-21 08:48:30.005 | INFO     | DAHNet_train:train:111 - [iter:14/50][iter_time:132.73]
2024-09-21 08:50:41.953 | INFO     | DAHNet_train:train:103 - [epoch:1/1][cnn_loss:4.485876][hash_loss:4.394268][quan_loss:0.091608][cls_loss:4.497050]
2024-09-21 08:50:41.964 | INFO     | DAHNet_train:train:111 - [iter:15/50][iter_time:131.96]
2024-09-21 08:58:26.201 | INFO     | DAHNet_train:train:189 - [iter:15/50][code_length:64][mAP:0.88808][mAP_all:0.87654][best_mAP:0.88901]
2024-09-21 08:58:26.202 | INFO     | DAHNet_train:train:190 - [iter:15/50][code_length:64][zs_mAP:0.55959][zs_mAP_all:0.29138]
2024-09-21 09:00:38.583 | INFO     | DAHNet_train:train:103 - [epoch:1/1][cnn_loss:4.475870][hash_loss:4.384267][quan_loss:0.091603][cls_loss:4.496674]
2024-09-21 09:00:38.595 | INFO     | DAHNet_train:train:111 - [iter:16/50][iter_time:132.39]
2024-09-21 09:02:51.243 | INFO     | DAHNet_train:train:103 - [epoch:1/1][cnn_loss:4.391996][hash_loss:4.302355][quan_loss:0.089641][cls_loss:4.495472]
2024-09-21 09:02:51.255 | INFO     | DAHNet_train:train:111 - [iter:17/50][iter_time:132.66]
2024-09-21 09:05:05.181 | INFO     | DAHNet_train:train:103 - [epoch:1/1][cnn_loss:4.364494][hash_loss:4.275468][quan_loss:0.089026][cls_loss:4.496674]
2024-09-21 09:05:05.193 | INFO     | DAHNet_train:train:111 - [iter:18/50][iter_time:133.94]
2024-09-21 09:07:17.364 | INFO     | DAHNet_train:train:103 - [epoch:1/1][cnn_loss:4.323752][hash_loss:4.235561][quan_loss:0.088191][cls_loss:4.493620]
2024-09-21 09:07:17.376 | INFO     | DAHNet_train:train:111 - [iter:19/50][iter_time:132.18]
2024-09-21 09:09:31.002 | INFO     | DAHNet_train:train:103 - [epoch:1/1][cnn_loss:4.333402][hash_loss:4.244804][quan_loss:0.088599][cls_loss:4.493123]
2024-09-21 09:09:31.013 | INFO     | DAHNet_train:train:111 - [iter:20/50][iter_time:133.64]
2024-09-21 09:17:20.201 | INFO     | DAHNet_train:train:189 - [iter:20/50][code_length:64][mAP:0.88915][mAP_all:0.87702][best_mAP:0.88915]
2024-09-21 09:17:20.202 | INFO     | DAHNet_train:train:190 - [iter:20/50][code_length:64][zs_mAP:0.52840][zs_mAP_all:0.27077]
2024-09-21 09:19:34.577 | INFO     | DAHNet_train:train:103 - [epoch:1/1][cnn_loss:4.297513][hash_loss:4.209751][quan_loss:0.087762][cls_loss:4.495220]
2024-09-21 09:19:34.589 | INFO     | DAHNet_train:train:111 - [iter:21/50][iter_time:134.39]
2024-09-21 09:21:48.165 | INFO     | DAHNet_train:train:103 - [epoch:1/1][cnn_loss:4.259236][hash_loss:4.172242][quan_loss:0.086993][cls_loss:4.494298]
2024-09-21 09:21:48.177 | INFO     | DAHNet_train:train:111 - [iter:22/50][iter_time:133.59]
2024-09-21 09:24:00.889 | INFO     | DAHNet_train:train:103 - [epoch:1/1][cnn_loss:4.236145][hash_loss:4.149620][quan_loss:0.086525][cls_loss:4.491378]
2024-09-21 09:24:00.901 | INFO     | DAHNet_train:train:111 - [iter:23/50][iter_time:132.72]
2024-09-21 09:26:12.935 | INFO     | DAHNet_train:train:103 - [epoch:1/1][cnn_loss:4.191859][hash_loss:4.106293][quan_loss:0.085566][cls_loss:4.492105]
2024-09-21 09:26:12.947 | INFO     | DAHNet_train:train:111 - [iter:24/50][iter_time:132.05]
2024-09-21 09:28:25.577 | INFO     | DAHNet_train:train:103 - [epoch:1/1][cnn_loss:4.152561][hash_loss:4.068027][quan_loss:0.084534][cls_loss:4.490805]
2024-09-21 09:28:25.589 | INFO     | DAHNet_train:train:111 - [iter:25/50][iter_time:132.64]
2024-09-21 09:36:04.857 | INFO     | DAHNet_train:train:189 - [iter:25/50][code_length:64][mAP:0.88319][mAP_all:0.87107][best_mAP:0.88915]
2024-09-21 09:36:04.857 | INFO     | DAHNet_train:train:190 - [iter:25/50][code_length:64][zs_mAP:0.52039][zs_mAP_all:0.26104]
2024-09-21 09:38:17.657 | INFO     | DAHNet_train:train:103 - [epoch:1/1][cnn_loss:4.155653][hash_loss:4.070935][quan_loss:0.084719][cls_loss:4.492135]
2024-09-21 09:38:17.669 | INFO     | DAHNet_train:train:111 - [iter:26/50][iter_time:132.81]
2024-09-21 09:40:32.733 | INFO     | DAHNet_train:train:103 - [epoch:1/1][cnn_loss:4.129436][hash_loss:4.045231][quan_loss:0.084205][cls_loss:4.489854]
2024-09-21 09:40:32.745 | INFO     | DAHNet_train:train:111 - [iter:27/50][iter_time:135.08]
2024-09-21 09:42:50.379 | INFO     | DAHNet_train:train:103 - [epoch:1/1][cnn_loss:4.116936][hash_loss:4.032962][quan_loss:0.083974][cls_loss:4.489608]
2024-09-21 09:42:50.390 | INFO     | DAHNet_train:train:111 - [iter:28/50][iter_time:137.65]
2024-09-21 09:45:04.803 | INFO     | DAHNet_train:train:103 - [epoch:1/1][cnn_loss:4.062728][hash_loss:3.980098][quan_loss:0.082630][cls_loss:4.489022]
2024-09-21 09:45:04.815 | INFO     | DAHNet_train:train:111 - [iter:29/50][iter_time:134.42]
2024-09-21 09:47:18.448 | INFO     | DAHNet_train:train:103 - [epoch:1/1][cnn_loss:4.066933][hash_loss:3.984010][quan_loss:0.082923][cls_loss:4.486974]
2024-09-21 09:47:18.460 | INFO     | DAHNet_train:train:111 - [iter:30/50][iter_time:133.64]
2024-09-21 09:55:04.131 | INFO     | DAHNet_train:train:189 - [iter:30/50][code_length:64][mAP:0.88694][mAP_all:0.87328][best_mAP:0.88915]
2024-09-21 09:55:04.131 | INFO     | DAHNet_train:train:190 - [iter:30/50][code_length:64][zs_mAP:0.47916][zs_mAP_all:0.22732]
2024-09-21 09:57:17.796 | INFO     | DAHNet_train:train:103 - [epoch:1/1][cnn_loss:4.056923][hash_loss:3.974129][quan_loss:0.082794][cls_loss:4.488401]
2024-09-21 09:57:17.808 | INFO     | DAHNet_train:train:111 - [iter:31/50][iter_time:133.68]
2024-09-21 09:59:30.101 | INFO     | DAHNet_train:train:103 - [epoch:1/1][cnn_loss:4.047042][hash_loss:3.964420][quan_loss:0.082622][cls_loss:4.487739]
2024-09-21 09:59:30.113 | INFO     | DAHNet_train:train:111 - [iter:32/50][iter_time:132.31]
2024-09-21 10:01:43.948 | INFO     | DAHNet_train:train:103 - [epoch:1/1][cnn_loss:4.026528][hash_loss:3.944385][quan_loss:0.082143][cls_loss:4.486214]
2024-09-21 10:01:43.960 | INFO     | DAHNet_train:train:111 - [iter:33/50][iter_time:133.85]
2024-09-21 10:04:02.487 | INFO     | DAHNet_train:train:103 - [epoch:1/1][cnn_loss:4.017451][hash_loss:3.935508][quan_loss:0.081944][cls_loss:4.486662]
2024-09-21 10:04:02.498 | INFO     | DAHNet_train:train:111 - [iter:34/50][iter_time:138.54]
2024-09-21 10:06:21.331 | INFO     | DAHNet_train:train:103 - [epoch:1/1][cnn_loss:3.999304][hash_loss:3.917876][quan_loss:0.081428][cls_loss:4.485969]
2024-09-21 10:06:21.341 | INFO     | DAHNet_train:train:111 - [iter:35/50][iter_time:138.84]
2024-09-21 10:13:49.299 | INFO     | DAHNet_train:train:189 - [iter:35/50][code_length:64][mAP:0.88158][mAP_all:0.86781][best_mAP:0.88915]
2024-09-21 10:13:49.300 | INFO     | DAHNet_train:train:190 - [iter:35/50][code_length:64][zs_mAP:0.48491][zs_mAP_all:0.24002]
2024-09-21 10:16:12.270 | INFO     | DAHNet_train:train:103 - [epoch:1/1][cnn_loss:3.977995][hash_loss:3.896819][quan_loss:0.081176][cls_loss:4.485174]
2024-09-21 10:16:12.282 | INFO     | DAHNet_train:train:111 - [iter:36/50][iter_time:142.98]
2024-09-21 10:18:34.733 | INFO     | DAHNet_train:train:103 - [epoch:1/1][cnn_loss:3.957708][hash_loss:3.877129][quan_loss:0.080579][cls_loss:4.486416]
2024-09-21 10:18:34.742 | INFO     | DAHNet_train:train:111 - [iter:37/50][iter_time:142.46]
2024-09-21 10:20:56.072 | INFO     | DAHNet_train:train:103 - [epoch:1/1][cnn_loss:3.947082][hash_loss:3.866680][quan_loss:0.080403][cls_loss:4.485457]
2024-09-21 10:20:56.084 | INFO     | DAHNet_train:train:111 - [iter:38/50][iter_time:141.34]
2024-09-21 10:23:17.985 | INFO     | DAHNet_train:train:103 - [epoch:1/1][cnn_loss:3.953742][hash_loss:3.873138][quan_loss:0.080604][cls_loss:4.484264]
2024-09-21 10:23:17.997 | INFO     | DAHNet_train:train:111 - [iter:39/50][iter_time:141.91]
2024-09-21 10:25:37.775 | INFO     | DAHNet_train:train:103 - [epoch:1/1][cnn_loss:3.960438][hash_loss:3.879560][quan_loss:0.080878][cls_loss:4.484667]
2024-09-21 10:25:37.787 | INFO     | DAHNet_train:train:111 - [iter:40/50][iter_time:139.79]
2024-09-21 10:33:14.742 | INFO     | DAHNet_train:train:189 - [iter:40/50][code_length:64][mAP:0.88446][mAP_all:0.86975][best_mAP:0.88915]
2024-09-21 10:33:14.743 | INFO     | DAHNet_train:train:190 - [iter:40/50][code_length:64][zs_mAP:0.45853][zs_mAP_all:0.20544]
2024-09-21 10:35:36.952 | INFO     | DAHNet_train:train:103 - [epoch:1/1][cnn_loss:3.926150][hash_loss:3.846131][quan_loss:0.080018][cls_loss:4.482939]
2024-09-21 10:35:36.964 | INFO     | DAHNet_train:train:111 - [iter:41/50][iter_time:142.22]
2024-09-21 10:37:57.783 | INFO     | DAHNet_train:train:103 - [epoch:1/1][cnn_loss:3.903973][hash_loss:3.824480][quan_loss:0.079493][cls_loss:4.481340]
2024-09-21 10:37:57.795 | INFO     | DAHNet_train:train:111 - [iter:42/50][iter_time:140.83]
2024-09-21 10:40:19.548 | INFO     | DAHNet_train:train:103 - [epoch:1/1][cnn_loss:3.880666][hash_loss:3.801623][quan_loss:0.079043][cls_loss:4.482463]
2024-09-21 10:40:19.560 | INFO     | DAHNet_train:train:111 - [iter:43/50][iter_time:141.76]
2024-09-21 10:42:42.053 | INFO     | DAHNet_train:train:103 - [epoch:1/1][cnn_loss:3.874124][hash_loss:3.795216][quan_loss:0.078908][cls_loss:4.483488]
2024-09-21 10:42:42.063 | INFO     | DAHNet_train:train:111 - [iter:44/50][iter_time:142.50]
2024-09-21 10:45:05.352 | INFO     | DAHNet_train:train:103 - [epoch:1/1][cnn_loss:3.869649][hash_loss:3.790787][quan_loss:0.078862][cls_loss:4.483258]
2024-09-21 10:45:05.364 | INFO     | DAHNet_train:train:111 - [iter:45/50][iter_time:143.30]
2024-09-21 10:52:40.288 | INFO     | DAHNet_train:train:189 - [iter:45/50][code_length:64][mAP:0.87354][mAP_all:0.85899][best_mAP:0.88915]
2024-09-21 10:52:40.289 | INFO     | DAHNet_train:train:190 - [iter:45/50][code_length:64][zs_mAP:0.45559][zs_mAP_all:0.21390]
2024-09-21 10:54:58.498 | INFO     | DAHNet_train:train:103 - [epoch:1/1][cnn_loss:3.790313][hash_loss:3.713294][quan_loss:0.077019][cls_loss:4.482552]
2024-09-21 10:54:58.509 | INFO     | DAHNet_train:train:111 - [iter:46/50][iter_time:138.22]
2024-09-21 11:02:29.301 | INFO     | DAHNet_train:train:189 - [iter:46/50][code_length:64][mAP:0.88125][mAP_all:0.86699][best_mAP:0.88915]
2024-09-21 11:02:29.302 | INFO     | DAHNet_train:train:190 - [iter:46/50][code_length:64][zs_mAP:0.45864][zs_mAP_all:0.21375]
2024-09-21 11:04:48.653 | INFO     | DAHNet_train:train:103 - [epoch:1/1][cnn_loss:3.794219][hash_loss:3.717261][quan_loss:0.076958][cls_loss:4.482094]
2024-09-21 11:04:48.665 | INFO     | DAHNet_train:train:111 - [iter:47/50][iter_time:139.36]
2024-09-21 11:12:22.126 | INFO     | DAHNet_train:train:189 - [iter:47/50][code_length:64][mAP:0.88330][mAP_all:0.86868][best_mAP:0.88915]
2024-09-21 11:12:22.127 | INFO     | DAHNet_train:train:190 - [iter:47/50][code_length:64][zs_mAP:0.45242][zs_mAP_all:0.20420]
2024-09-21 11:14:40.088 | INFO     | DAHNet_train:train:103 - [epoch:1/1][cnn_loss:3.740513][hash_loss:3.664701][quan_loss:0.075812][cls_loss:4.481277]
2024-09-21 11:14:40.100 | INFO     | DAHNet_train:train:111 - [iter:48/50][iter_time:137.97]
2024-09-21 11:22:11.205 | INFO     | DAHNet_train:train:189 - [iter:48/50][code_length:64][mAP:0.88393][mAP_all:0.86932][best_mAP:0.88915]
2024-09-21 11:22:11.206 | INFO     | DAHNet_train:train:190 - [iter:48/50][code_length:64][zs_mAP:0.45060][zs_mAP_all:0.20013]
2024-09-21 11:24:29.516 | INFO     | DAHNet_train:train:103 - [epoch:1/1][cnn_loss:3.743479][hash_loss:3.667626][quan_loss:0.075853][cls_loss:4.482162]
2024-09-21 11:24:29.532 | INFO     | DAHNet_train:train:111 - [iter:49/50][iter_time:138.33]
2024-09-21 11:32:09.322 | INFO     | DAHNet_train:train:189 - [iter:49/50][code_length:64][mAP:0.88188][mAP_all:0.86711][best_mAP:0.88915]
2024-09-21 11:32:09.323 | INFO     | DAHNet_train:train:190 - [iter:49/50][code_length:64][zs_mAP:0.45056][zs_mAP_all:0.21560]
2024-09-21 11:34:27.577 | INFO     | DAHNet_train:train:103 - [epoch:1/1][cnn_loss:3.747802][hash_loss:3.671911][quan_loss:0.075891][cls_loss:4.481563]
2024-09-21 11:34:27.592 | INFO     | DAHNet_train:train:111 - [iter:50/50][iter_time:138.27]
2024-09-21 11:42:07.039 | INFO     | DAHNet_train:train:189 - [iter:50/50][code_length:64][mAP:0.88496][mAP_all:0.87073][best_mAP:0.88915]
2024-09-21 11:42:07.040 | INFO     | DAHNet_train:train:190 - [iter:50/50][code_length:64][zs_mAP:0.46142][zs_mAP_all:0.20843]
2024-09-21 11:42:07.040 | INFO     | DAHNet_train:train:192 - [Training time:13208.52]
2024-09-21 11:42:07.060 | INFO     | __main__:run:138 - [code_length:64][map:0.8891][map_all:0.8770][zs_map:0.5284][zs_map_all:0.2708]
