2024-09-02 01:51:01.283 | SUCCESS  | __main__:run:55 - Namespace(ZS=15, align_step=50, arch='baseline', batch_size=16, cauchy_gamma=20.0, code_length=[16, 32, 64], data='coco', dataset='cocozs', device=device(type='cuda', index=2), epoch_change=11, flag='adsh', gamma=200, gpu=2, info='cocozs-53-27-baseline-09-02-16,32,64-tanh1', lambd=0.1, lambd_ch=0.1, lambd_sp=0.1, lr=0.0001, lr_step=[45], margin=0.1, max_epoch=3, max_iter=50, momen=0.9, nesterov=False, net='resnet50', num_classes=27, num_query=1000, num_samples=2000, num_workers=2, num_zs=53, optim='SGD', pretrain=True, quan_loss=False, root='/4T/dataset/coco', save_ckpt='checkpoints/', topk=5000, val_freq=5, wd=0.0001)
2024-09-02 01:51:38.354 | INFO     | adsh:train:144 - [epoch:1/3][cnn_loss:30.028417][hash_loss:29.980763][quan_loss:0.047654]
2024-09-02 01:52:06.781 | INFO     | adsh:train:144 - [epoch:2/3][cnn_loss:29.863127][hash_loss:29.816152][quan_loss:0.046974]
2024-09-02 01:52:33.914 | INFO     | adsh:train:144 - [epoch:3/3][cnn_loss:29.811592][hash_loss:29.764753][quan_loss:0.046838]
2024-09-02 01:52:33.938 | INFO     | adsh:train:155 - [iter:1/50][loss:38.885075][iter_time:82.79]
2024-09-02 01:53:01.216 | INFO     | adsh:train:144 - [epoch:1/3][cnn_loss:24.710615][hash_loss:24.666220][quan_loss:0.044395]
2024-09-02 01:53:27.656 | INFO     | adsh:train:144 - [epoch:2/3][cnn_loss:23.148932][hash_loss:23.106582][quan_loss:0.042350]
2024-09-02 01:53:54.180 | INFO     | adsh:train:144 - [epoch:3/3][cnn_loss:22.877956][hash_loss:22.834810][quan_loss:0.043146]
2024-09-02 01:53:54.204 | INFO     | adsh:train:155 - [iter:2/50][loss:29.009758][iter_time:80.27]
2024-09-02 01:54:20.965 | INFO     | adsh:train:144 - [epoch:1/3][cnn_loss:21.993371][hash_loss:21.949693][quan_loss:0.043678]
2024-09-02 01:54:47.386 | INFO     | adsh:train:144 - [epoch:2/3][cnn_loss:21.547684][hash_loss:21.503547][quan_loss:0.044137]
2024-09-02 01:55:14.015 | INFO     | adsh:train:144 - [epoch:3/3][cnn_loss:20.695324][hash_loss:20.653257][quan_loss:0.042067]
2024-09-02 01:55:14.039 | INFO     | adsh:train:155 - [iter:3/50][loss:27.245836][iter_time:79.83]
2024-09-02 01:55:42.285 | INFO     | adsh:train:144 - [epoch:1/3][cnn_loss:22.050574][hash_loss:22.006980][quan_loss:0.043595]
2024-09-02 01:56:08.757 | INFO     | adsh:train:144 - [epoch:2/3][cnn_loss:21.403815][hash_loss:21.360559][quan_loss:0.043256]
2024-09-02 01:56:35.960 | INFO     | adsh:train:144 - [epoch:3/3][cnn_loss:20.805860][hash_loss:20.764051][quan_loss:0.041809]
2024-09-02 01:56:35.984 | INFO     | adsh:train:155 - [iter:4/50][loss:27.586702][iter_time:81.94]
2024-09-02 01:57:03.174 | INFO     | adsh:train:144 - [epoch:1/3][cnn_loss:21.260806][hash_loss:21.216991][quan_loss:0.043815]
2024-09-02 01:57:29.390 | INFO     | adsh:train:144 - [epoch:2/3][cnn_loss:20.369666][hash_loss:20.326914][quan_loss:0.042752]
2024-09-02 01:57:56.014 | INFO     | adsh:train:144 - [epoch:3/3][cnn_loss:20.074209][hash_loss:20.032128][quan_loss:0.042081]
2024-09-02 01:57:56.039 | INFO     | adsh:train:155 - [iter:5/50][loss:26.638826][iter_time:80.05]
2024-09-02 02:01:05.093 | INFO     | adsh:train:227 - [iter:5/50][code_length:16][mAP:0.70451][mAP_all:0.70186][best_mAP:0.70451]
2024-09-02 02:01:05.094 | INFO     | adsh:train:228 - [iter:5/50][code_length:16][zs_mAP:0.44362][zs_mAP_all:0.46950]
2024-09-02 02:01:33.040 | INFO     | adsh:train:144 - [epoch:1/3][cnn_loss:21.314382][hash_loss:21.271460][quan_loss:0.042921]
2024-09-02 02:01:59.822 | INFO     | adsh:train:144 - [epoch:2/3][cnn_loss:20.823583][hash_loss:20.780703][quan_loss:0.042879]
2024-09-02 02:02:25.980 | INFO     | adsh:train:144 - [epoch:3/3][cnn_loss:20.402826][hash_loss:20.361058][quan_loss:0.041768]
2024-09-02 02:02:26.004 | INFO     | adsh:train:155 - [iter:6/50][loss:27.078560][iter_time:80.91]
2024-09-02 02:02:52.372 | INFO     | adsh:train:144 - [epoch:1/3][cnn_loss:20.660291][hash_loss:20.616106][quan_loss:0.044185]
2024-09-02 02:03:18.417 | INFO     | adsh:train:144 - [epoch:2/3][cnn_loss:19.957866][hash_loss:19.915235][quan_loss:0.042631]
2024-09-02 02:03:45.099 | INFO     | adsh:train:144 - [epoch:3/3][cnn_loss:19.691754][hash_loss:19.649841][quan_loss:0.041913]
2024-09-02 02:03:45.123 | INFO     | adsh:train:155 - [iter:7/50][loss:26.162457][iter_time:79.12]
2024-09-02 02:04:11.793 | INFO     | adsh:train:144 - [epoch:1/3][cnn_loss:20.229833][hash_loss:20.185726][quan_loss:0.044107]
2024-09-02 02:04:38.718 | INFO     | adsh:train:144 - [epoch:2/3][cnn_loss:19.480369][hash_loss:19.437794][quan_loss:0.042575]
2024-09-02 02:05:06.127 | INFO     | adsh:train:144 - [epoch:3/3][cnn_loss:19.097266][hash_loss:19.055842][quan_loss:0.041424]
2024-09-02 02:05:06.151 | INFO     | adsh:train:155 - [iter:8/50][loss:25.401899][iter_time:81.03]
2024-09-02 02:05:32.418 | INFO     | adsh:train:144 - [epoch:1/3][cnn_loss:20.449333][hash_loss:20.406495][quan_loss:0.042838]
2024-09-02 02:05:59.431 | INFO     | adsh:train:144 - [epoch:2/3][cnn_loss:19.922772][hash_loss:19.880429][quan_loss:0.042343]
2024-09-02 02:06:26.465 | INFO     | adsh:train:144 - [epoch:3/3][cnn_loss:19.595096][hash_loss:19.553465][quan_loss:0.041631]
2024-09-02 02:06:26.489 | INFO     | adsh:train:155 - [iter:9/50][loss:26.066883][iter_time:80.34]
2024-09-02 02:06:53.672 | INFO     | adsh:train:144 - [epoch:1/3][cnn_loss:20.173777][hash_loss:20.129933][quan_loss:0.043844]
2024-09-02 02:07:21.115 | INFO     | adsh:train:144 - [epoch:2/3][cnn_loss:19.699050][hash_loss:19.655823][quan_loss:0.043227]
2024-09-02 02:07:47.530 | INFO     | adsh:train:144 - [epoch:3/3][cnn_loss:19.159682][hash_loss:19.117403][quan_loss:0.042279]
2024-09-02 02:07:47.554 | INFO     | adsh:train:155 - [iter:10/50][loss:25.493263][iter_time:81.06]
2024-09-02 02:10:55.157 | INFO     | adsh:train:227 - [iter:10/50][code_length:16][mAP:0.72650][mAP_all:0.68086][best_mAP:0.72650]
2024-09-02 02:10:55.158 | INFO     | adsh:train:228 - [iter:10/50][code_length:16][zs_mAP:0.41695][zs_mAP_all:0.44547]
2024-09-02 02:11:22.613 | INFO     | adsh:train:144 - [epoch:1/3][cnn_loss:20.750454][hash_loss:20.706738][quan_loss:0.043716]
2024-09-02 02:11:49.677 | INFO     | adsh:train:144 - [epoch:2/3][cnn_loss:20.285251][hash_loss:20.242241][quan_loss:0.043010]
2024-09-02 02:12:16.107 | INFO     | adsh:train:144 - [epoch:3/3][cnn_loss:19.526222][hash_loss:19.484529][quan_loss:0.041693]
2024-09-02 02:12:16.131 | INFO     | adsh:train:155 - [iter:11/50][loss:25.970232][iter_time:80.97]
2024-09-02 02:12:43.199 | INFO     | adsh:train:144 - [epoch:1/3][cnn_loss:20.381201][hash_loss:20.338343][quan_loss:0.042858]
2024-09-02 02:13:09.449 | INFO     | adsh:train:144 - [epoch:2/3][cnn_loss:20.013885][hash_loss:19.972171][quan_loss:0.041714]
2024-09-02 02:13:35.883 | INFO     | adsh:train:144 - [epoch:3/3][cnn_loss:19.901925][hash_loss:19.860269][quan_loss:0.041657]
2024-09-02 02:13:35.907 | INFO     | adsh:train:155 - [iter:12/50][loss:26.484072][iter_time:79.78]
2024-09-02 02:14:03.374 | INFO     | adsh:train:144 - [epoch:1/3][cnn_loss:20.759038][hash_loss:20.715311][quan_loss:0.043727]
2024-09-02 02:14:30.063 | INFO     | adsh:train:144 - [epoch:2/3][cnn_loss:20.156612][hash_loss:20.114302][quan_loss:0.042310]
2024-09-02 02:14:57.051 | INFO     | adsh:train:144 - [epoch:3/3][cnn_loss:19.662387][hash_loss:19.620797][quan_loss:0.041589]
2024-09-02 02:14:57.075 | INFO     | adsh:train:155 - [iter:13/50][loss:26.145966][iter_time:81.17]
2024-09-02 02:15:24.015 | INFO     | adsh:train:144 - [epoch:1/3][cnn_loss:20.136843][hash_loss:20.094100][quan_loss:0.042742]
2024-09-02 02:15:51.065 | INFO     | adsh:train:144 - [epoch:2/3][cnn_loss:19.708396][hash_loss:19.666018][quan_loss:0.042377]
2024-09-02 02:16:18.105 | INFO     | adsh:train:144 - [epoch:3/3][cnn_loss:19.084462][hash_loss:19.043415][quan_loss:0.041047]
2024-09-02 02:16:18.129 | INFO     | adsh:train:155 - [iter:14/50][loss:25.398354][iter_time:81.05]
2024-09-02 02:16:45.848 | INFO     | adsh:train:144 - [epoch:1/3][cnn_loss:20.894714][hash_loss:20.852062][quan_loss:0.042653]
2024-09-02 02:17:13.286 | INFO     | adsh:train:144 - [epoch:2/3][cnn_loss:20.379324][hash_loss:20.337654][quan_loss:0.041670]
2024-09-02 02:17:41.210 | INFO     | adsh:train:144 - [epoch:3/3][cnn_loss:19.839244][hash_loss:19.798464][quan_loss:0.040780]
2024-09-02 02:17:41.234 | INFO     | adsh:train:155 - [iter:15/50][loss:26.409870][iter_time:83.10]
2024-09-02 02:20:50.133 | INFO     | adsh:train:227 - [iter:15/50][code_length:16][mAP:0.72391][mAP_all:0.68299][best_mAP:0.72650]
2024-09-02 02:20:50.134 | INFO     | adsh:train:228 - [iter:15/50][code_length:16][zs_mAP:0.42181][zs_mAP_all:0.45316]
2024-09-02 02:21:18.159 | INFO     | adsh:train:144 - [epoch:1/3][cnn_loss:20.179616][hash_loss:20.137209][quan_loss:0.042407]
2024-09-02 02:21:44.110 | INFO     | adsh:train:144 - [epoch:2/3][cnn_loss:19.400837][hash_loss:19.359925][quan_loss:0.040912]
2024-09-02 02:22:11.749 | INFO     | adsh:train:144 - [epoch:3/3][cnn_loss:19.300487][hash_loss:19.259873][quan_loss:0.040614]
2024-09-02 02:22:11.773 | INFO     | adsh:train:155 - [iter:16/50][loss:25.683388][iter_time:81.64]
2024-09-02 02:22:40.031 | INFO     | adsh:train:144 - [epoch:1/3][cnn_loss:20.636832][hash_loss:20.594220][quan_loss:0.042612]
2024-09-02 02:23:07.430 | INFO     | adsh:train:144 - [epoch:2/3][cnn_loss:19.886250][hash_loss:19.844757][quan_loss:0.041494]
2024-09-02 02:23:34.255 | INFO     | adsh:train:144 - [epoch:3/3][cnn_loss:19.301064][hash_loss:19.260976][quan_loss:0.040088]
2024-09-02 02:23:34.279 | INFO     | adsh:train:155 - [iter:17/50][loss:25.684156][iter_time:82.51]
2024-09-02 02:24:00.775 | INFO     | adsh:train:144 - [epoch:1/3][cnn_loss:20.294603][hash_loss:20.252962][quan_loss:0.041641]
2024-09-02 02:24:27.093 | INFO     | adsh:train:144 - [epoch:2/3][cnn_loss:19.944589][hash_loss:19.903524][quan_loss:0.041064]
2024-09-02 02:24:54.204 | INFO     | adsh:train:144 - [epoch:3/3][cnn_loss:19.709950][hash_loss:19.669755][quan_loss:0.040195]
2024-09-02 02:24:54.228 | INFO     | adsh:train:155 - [iter:18/50][loss:26.240519][iter_time:79.95]
2024-09-02 02:25:20.780 | INFO     | adsh:train:144 - [epoch:1/3][cnn_loss:20.289344][hash_loss:20.246997][quan_loss:0.042347]
2024-09-02 02:25:47.731 | INFO     | adsh:train:144 - [epoch:2/3][cnn_loss:19.532565][hash_loss:19.492034][quan_loss:0.040531]
2024-09-02 02:26:15.414 | INFO     | adsh:train:144 - [epoch:3/3][cnn_loss:19.226070][hash_loss:19.185792][quan_loss:0.040279]
2024-09-02 02:26:15.438 | INFO     | adsh:train:155 - [iter:19/50][loss:25.601219][iter_time:81.21]
2024-09-02 02:26:42.785 | INFO     | adsh:train:144 - [epoch:1/3][cnn_loss:20.450196][hash_loss:20.407323][quan_loss:0.042872]
2024-09-02 02:27:09.552 | INFO     | adsh:train:144 - [epoch:2/3][cnn_loss:19.866273][hash_loss:19.824987][quan_loss:0.041286]
2024-09-02 02:27:36.754 | INFO     | adsh:train:144 - [epoch:3/3][cnn_loss:19.211631][hash_loss:19.170951][quan_loss:0.040680]
2024-09-02 02:27:36.777 | INFO     | adsh:train:155 - [iter:20/50][loss:25.581388][iter_time:81.34]
2024-09-02 02:30:45.747 | INFO     | adsh:train:227 - [iter:20/50][code_length:16][mAP:0.73195][mAP_all:0.68252][best_mAP:0.73195]
2024-09-02 02:30:45.748 | INFO     | adsh:train:228 - [iter:20/50][code_length:16][zs_mAP:0.44261][zs_mAP_all:0.47549]
2024-09-02 02:31:12.861 | INFO     | adsh:train:144 - [epoch:1/3][cnn_loss:20.118140][hash_loss:20.076359][quan_loss:0.041781]
2024-09-02 02:31:39.041 | INFO     | adsh:train:144 - [epoch:2/3][cnn_loss:19.432824][hash_loss:19.392585][quan_loss:0.040239]
2024-09-02 02:32:06.473 | INFO     | adsh:train:144 - [epoch:3/3][cnn_loss:18.890973][hash_loss:18.851296][quan_loss:0.039677]
2024-09-02 02:32:06.497 | INFO     | adsh:train:155 - [iter:21/50][loss:25.149372][iter_time:80.75]
2024-09-02 02:32:34.143 | INFO     | adsh:train:144 - [epoch:1/3][cnn_loss:19.829812][hash_loss:19.788805][quan_loss:0.041007]
2024-09-02 02:33:02.205 | INFO     | adsh:train:144 - [epoch:2/3][cnn_loss:19.624090][hash_loss:19.583061][quan_loss:0.041028]
2024-09-02 02:33:29.712 | INFO     | adsh:train:144 - [epoch:3/3][cnn_loss:19.044042][hash_loss:19.004385][quan_loss:0.039657]
2024-09-02 02:33:29.738 | INFO     | adsh:train:155 - [iter:22/50][loss:25.360424][iter_time:83.24]
2024-09-02 02:33:56.398 | INFO     | adsh:train:144 - [epoch:1/3][cnn_loss:19.330804][hash_loss:19.289892][quan_loss:0.040912]
2024-09-02 02:34:23.181 | INFO     | adsh:train:144 - [epoch:2/3][cnn_loss:18.688371][hash_loss:18.648287][quan_loss:0.040083]
2024-09-02 02:34:49.469 | INFO     | adsh:train:144 - [epoch:3/3][cnn_loss:18.684617][hash_loss:18.644982][quan_loss:0.039636]
2024-09-02 02:34:49.493 | INFO     | adsh:train:155 - [iter:23/50][loss:24.876997][iter_time:79.75]
2024-09-02 02:35:16.053 | INFO     | adsh:train:144 - [epoch:1/3][cnn_loss:19.967649][hash_loss:19.926032][quan_loss:0.041617]
2024-09-02 02:35:42.892 | INFO     | adsh:train:144 - [epoch:2/3][cnn_loss:19.375960][hash_loss:19.335312][quan_loss:0.040648]
2024-09-02 02:36:09.999 | INFO     | adsh:train:144 - [epoch:3/3][cnn_loss:18.953113][hash_loss:18.913201][quan_loss:0.039911]
2024-09-02 02:36:10.023 | INFO     | adsh:train:155 - [iter:24/50][loss:25.227102][iter_time:80.53]
2024-09-02 02:36:36.490 | INFO     | adsh:train:144 - [epoch:1/3][cnn_loss:19.958314][hash_loss:19.916806][quan_loss:0.041508]
2024-09-02 02:37:03.412 | INFO     | adsh:train:144 - [epoch:2/3][cnn_loss:19.234823][hash_loss:19.194858][quan_loss:0.039965]
2024-09-02 02:37:29.980 | INFO     | adsh:train:144 - [epoch:3/3][cnn_loss:18.996283][hash_loss:18.956292][quan_loss:0.039991]
2024-09-02 02:37:30.004 | INFO     | adsh:train:155 - [iter:25/50][loss:25.285593][iter_time:79.98]
2024-09-02 02:40:36.375 | INFO     | adsh:train:227 - [iter:25/50][code_length:16][mAP:0.73502][mAP_all:0.66781][best_mAP:0.73502]
2024-09-02 02:40:36.376 | INFO     | adsh:train:228 - [iter:25/50][code_length:16][zs_mAP:0.42313][zs_mAP_all:0.45480]
2024-09-02 02:41:03.181 | INFO     | adsh:train:144 - [epoch:1/3][cnn_loss:19.839972][hash_loss:19.798160][quan_loss:0.041812]
2024-09-02 02:41:29.549 | INFO     | adsh:train:144 - [epoch:2/3][cnn_loss:19.342299][hash_loss:19.301270][quan_loss:0.041030]
2024-09-02 02:41:56.716 | INFO     | adsh:train:144 - [epoch:3/3][cnn_loss:19.039272][hash_loss:18.998970][quan_loss:0.040303]
2024-09-02 02:41:56.740 | INFO     | adsh:train:155 - [iter:26/50][loss:25.347515][iter_time:80.36]
2024-09-02 02:42:24.277 | INFO     | adsh:train:144 - [epoch:1/3][cnn_loss:19.804350][hash_loss:19.762676][quan_loss:0.041675]
2024-09-02 02:42:51.164 | INFO     | adsh:train:144 - [epoch:2/3][cnn_loss:19.064995][hash_loss:19.024945][quan_loss:0.040049]
2024-09-02 02:43:18.264 | INFO     | adsh:train:144 - [epoch:3/3][cnn_loss:18.901026][hash_loss:18.861271][quan_loss:0.039755]
2024-09-02 02:43:18.288 | INFO     | adsh:train:155 - [iter:27/50][loss:25.154314][iter_time:81.55]
2024-09-02 02:43:44.429 | INFO     | adsh:train:144 - [epoch:1/3][cnn_loss:19.960100][hash_loss:19.919682][quan_loss:0.040418]
2024-09-02 02:44:10.644 | INFO     | adsh:train:144 - [epoch:2/3][cnn_loss:19.126169][hash_loss:19.087193][quan_loss:0.038977]
2024-09-02 02:44:37.286 | INFO     | adsh:train:144 - [epoch:3/3][cnn_loss:18.818551][hash_loss:18.779756][quan_loss:0.038795]
2024-09-02 02:44:37.310 | INFO     | adsh:train:155 - [iter:28/50][loss:25.061478][iter_time:79.02]
2024-09-02 02:45:03.208 | INFO     | adsh:train:144 - [epoch:1/3][cnn_loss:19.809371][hash_loss:19.767714][quan_loss:0.041657]
2024-09-02 02:45:29.157 | INFO     | adsh:train:144 - [epoch:2/3][cnn_loss:19.148736][hash_loss:19.108259][quan_loss:0.040477]
2024-09-02 02:45:56.385 | INFO     | adsh:train:144 - [epoch:3/3][cnn_loss:18.819316][hash_loss:18.779384][quan_loss:0.039932]
2024-09-02 02:45:56.410 | INFO     | adsh:train:155 - [iter:29/50][loss:25.052738][iter_time:79.10]
2024-09-02 02:46:22.716 | INFO     | adsh:train:144 - [epoch:1/3][cnn_loss:19.910143][hash_loss:19.868953][quan_loss:0.041190]
2024-09-02 02:46:48.700 | INFO     | adsh:train:144 - [epoch:2/3][cnn_loss:19.476431][hash_loss:19.435625][quan_loss:0.040806]
2024-09-02 02:47:15.709 | INFO     | adsh:train:144 - [epoch:3/3][cnn_loss:18.969778][hash_loss:18.929870][quan_loss:0.039909]
2024-09-02 02:47:15.733 | INFO     | adsh:train:155 - [iter:30/50][loss:25.262197][iter_time:79.32]
2024-09-02 02:50:23.698 | INFO     | adsh:train:227 - [iter:30/50][code_length:16][mAP:0.73755][mAP_all:0.67622][best_mAP:0.73755]
2024-09-02 02:50:23.699 | INFO     | adsh:train:228 - [iter:30/50][code_length:16][zs_mAP:0.43607][zs_mAP_all:0.46796]
2024-09-02 02:50:50.125 | INFO     | adsh:train:144 - [epoch:1/3][cnn_loss:19.789744][hash_loss:19.748327][quan_loss:0.041417]
2024-09-02 02:51:17.444 | INFO     | adsh:train:144 - [epoch:2/3][cnn_loss:19.519092][hash_loss:19.478376][quan_loss:0.040716]
2024-09-02 02:51:44.363 | INFO     | adsh:train:144 - [epoch:3/3][cnn_loss:19.135248][hash_loss:19.094964][quan_loss:0.040284]
2024-09-02 02:51:44.387 | INFO     | adsh:train:155 - [iter:31/50][loss:25.477924][iter_time:80.69]
2024-09-02 02:52:12.233 | INFO     | adsh:train:144 - [epoch:1/3][cnn_loss:19.313847][hash_loss:19.272573][quan_loss:0.041274]
2024-09-02 02:52:38.511 | INFO     | adsh:train:144 - [epoch:2/3][cnn_loss:18.571320][hash_loss:18.531721][quan_loss:0.039598]
2024-09-02 02:53:04.749 | INFO     | adsh:train:144 - [epoch:3/3][cnn_loss:18.415928][hash_loss:18.376503][quan_loss:0.039425]
2024-09-02 02:53:04.773 | INFO     | adsh:train:155 - [iter:32/50][loss:24.523048][iter_time:80.39]
2024-09-02 02:53:31.424 | INFO     | adsh:train:144 - [epoch:1/3][cnn_loss:19.809742][hash_loss:19.768614][quan_loss:0.041128]
2024-09-02 02:53:58.309 | INFO     | adsh:train:144 - [epoch:2/3][cnn_loss:18.964381][hash_loss:18.924305][quan_loss:0.040076]
2024-09-02 02:54:25.227 | INFO     | adsh:train:144 - [epoch:3/3][cnn_loss:18.645148][hash_loss:18.605745][quan_loss:0.039404]
2024-09-02 02:54:25.251 | INFO     | adsh:train:155 - [iter:33/50][loss:24.828144][iter_time:80.48]
2024-09-02 02:54:52.232 | INFO     | adsh:train:144 - [epoch:1/3][cnn_loss:19.884749][hash_loss:19.843606][quan_loss:0.041143]
2024-09-02 02:55:19.215 | INFO     | adsh:train:144 - [epoch:2/3][cnn_loss:19.119013][hash_loss:19.079582][quan_loss:0.039431]
2024-09-02 02:55:46.245 | INFO     | adsh:train:144 - [epoch:3/3][cnn_loss:18.986594][hash_loss:18.947291][quan_loss:0.039303]
2024-09-02 02:55:46.269 | INFO     | adsh:train:155 - [iter:34/50][loss:25.282515][iter_time:81.02]
2024-09-02 02:56:13.366 | INFO     | adsh:train:144 - [epoch:1/3][cnn_loss:19.502838][hash_loss:19.461623][quan_loss:0.041215]
2024-09-02 02:56:40.798 | INFO     | adsh:train:144 - [epoch:2/3][cnn_loss:19.043096][hash_loss:19.002882][quan_loss:0.040214]
2024-09-02 02:57:07.387 | INFO     | adsh:train:144 - [epoch:3/3][cnn_loss:18.558412][hash_loss:18.519041][quan_loss:0.039371]
2024-09-02 02:57:07.414 | INFO     | adsh:train:155 - [iter:35/50][loss:24.700752][iter_time:81.14]
2024-09-02 03:00:15.197 | INFO     | adsh:train:227 - [iter:35/50][code_length:16][mAP:0.73991][mAP_all:0.67533][best_mAP:0.73991]
2024-09-02 03:00:15.198 | INFO     | adsh:train:228 - [iter:35/50][code_length:16][zs_mAP:0.42557][zs_mAP_all:0.45532]
2024-09-02 03:00:42.905 | INFO     | adsh:train:144 - [epoch:1/3][cnn_loss:19.471607][hash_loss:19.431361][quan_loss:0.040246]
2024-09-02 03:01:09.220 | INFO     | adsh:train:144 - [epoch:2/3][cnn_loss:19.141950][hash_loss:19.102020][quan_loss:0.039930]
2024-09-02 03:01:35.627 | INFO     | adsh:train:144 - [epoch:3/3][cnn_loss:18.633333][hash_loss:18.594569][quan_loss:0.038764]
2024-09-02 03:01:35.652 | INFO     | adsh:train:155 - [iter:36/50][loss:24.812799][iter_time:80.45]
2024-09-02 03:04:40.498 | INFO     | adsh:train:227 - [iter:36/50][code_length:16][mAP:0.74070][mAP_all:0.68664][best_mAP:0.74070]
2024-09-02 03:04:40.499 | INFO     | adsh:train:228 - [iter:36/50][code_length:16][zs_mAP:0.43758][zs_mAP_all:0.46439]
2024-09-02 03:05:07.443 | INFO     | adsh:train:144 - [epoch:1/3][cnn_loss:19.674730][hash_loss:19.633748][quan_loss:0.040982]
2024-09-02 03:05:33.462 | INFO     | adsh:train:144 - [epoch:2/3][cnn_loss:18.921285][hash_loss:18.881263][quan_loss:0.040022]
2024-09-02 03:06:00.527 | INFO     | adsh:train:144 - [epoch:3/3][cnn_loss:18.781739][hash_loss:18.742267][quan_loss:0.039473]
2024-09-02 03:06:00.551 | INFO     | adsh:train:155 - [iter:37/50][loss:25.003363][iter_time:80.05]
2024-09-02 03:09:07.764 | INFO     | adsh:train:227 - [iter:37/50][code_length:16][mAP:0.73333][mAP_all:0.65817][best_mAP:0.74070]
2024-09-02 03:09:07.765 | INFO     | adsh:train:228 - [iter:37/50][code_length:16][zs_mAP:0.42457][zs_mAP_all:0.45527]
2024-09-02 03:09:34.270 | INFO     | adsh:train:144 - [epoch:1/3][cnn_loss:19.682846][hash_loss:19.642720][quan_loss:0.040126]
2024-09-02 03:10:00.686 | INFO     | adsh:train:144 - [epoch:2/3][cnn_loss:19.159558][hash_loss:19.120371][quan_loss:0.039187]
2024-09-02 03:10:27.010 | INFO     | adsh:train:144 - [epoch:3/3][cnn_loss:18.571464][hash_loss:18.533288][quan_loss:0.038177]
2024-09-02 03:10:27.036 | INFO     | adsh:train:155 - [iter:38/50][loss:24.728624][iter_time:79.27]
2024-09-02 03:13:32.432 | INFO     | adsh:train:227 - [iter:38/50][code_length:16][mAP:0.73008][mAP_all:0.69835][best_mAP:0.74070]
2024-09-02 03:13:32.432 | INFO     | adsh:train:228 - [iter:38/50][code_length:16][zs_mAP:0.42175][zs_mAP_all:0.45379]
2024-09-02 03:13:59.121 | INFO     | adsh:train:144 - [epoch:1/3][cnn_loss:19.299499][hash_loss:19.258623][quan_loss:0.040876]
2024-09-02 03:14:26.445 | INFO     | adsh:train:144 - [epoch:2/3][cnn_loss:18.979164][hash_loss:18.939356][quan_loss:0.039808]
2024-09-02 03:14:53.398 | INFO     | adsh:train:144 - [epoch:3/3][cnn_loss:18.549417][hash_loss:18.510110][quan_loss:0.039307]
2024-09-02 03:14:53.422 | INFO     | adsh:train:155 - [iter:39/50][loss:24.701069][iter_time:80.99]
2024-09-02 03:18:00.151 | INFO     | adsh:train:227 - [iter:39/50][code_length:16][mAP:0.73862][mAP_all:0.67874][best_mAP:0.74070]
2024-09-02 03:18:00.152 | INFO     | adsh:train:228 - [iter:39/50][code_length:16][zs_mAP:0.42296][zs_mAP_all:0.45382]
2024-09-02 03:18:27.280 | INFO     | adsh:train:144 - [epoch:1/3][cnn_loss:19.382569][hash_loss:19.342193][quan_loss:0.040376]
2024-09-02 03:18:53.689 | INFO     | adsh:train:144 - [epoch:2/3][cnn_loss:19.014751][hash_loss:18.975410][quan_loss:0.039341]
2024-09-02 03:19:19.596 | INFO     | adsh:train:144 - [epoch:3/3][cnn_loss:18.497903][hash_loss:18.459096][quan_loss:0.038807]
2024-09-02 03:19:19.621 | INFO     | adsh:train:155 - [iter:40/50][loss:24.641798][iter_time:79.47]
2024-09-02 03:22:26.450 | INFO     | adsh:train:227 - [iter:40/50][code_length:16][mAP:0.73808][mAP_all:0.68123][best_mAP:0.74070]
2024-09-02 03:22:26.451 | INFO     | adsh:train:228 - [iter:40/50][code_length:16][zs_mAP:0.42069][zs_mAP_all:0.45081]
2024-09-02 03:22:52.291 | INFO     | adsh:train:144 - [epoch:1/3][cnn_loss:19.737012][hash_loss:19.696603][quan_loss:0.040409]
2024-09-02 03:23:18.546 | INFO     | adsh:train:144 - [epoch:2/3][cnn_loss:19.280900][hash_loss:19.241229][quan_loss:0.039671]
2024-09-02 03:23:44.808 | INFO     | adsh:train:144 - [epoch:3/3][cnn_loss:18.860211][hash_loss:18.821278][quan_loss:0.038932]
2024-09-02 03:23:44.833 | INFO     | adsh:train:155 - [iter:41/50][loss:25.115871][iter_time:78.38]
2024-09-02 03:26:51.512 | INFO     | adsh:train:227 - [iter:41/50][code_length:16][mAP:0.73931][mAP_all:0.69980][best_mAP:0.74070]
2024-09-02 03:26:51.513 | INFO     | adsh:train:228 - [iter:41/50][code_length:16][zs_mAP:0.42959][zs_mAP_all:0.46154]
2024-09-02 03:27:18.571 | INFO     | adsh:train:144 - [epoch:1/3][cnn_loss:19.426646][hash_loss:19.386292][quan_loss:0.040354]
2024-09-02 03:27:44.528 | INFO     | adsh:train:144 - [epoch:2/3][cnn_loss:18.886178][hash_loss:18.847079][quan_loss:0.039099]
2024-09-02 03:28:10.654 | INFO     | adsh:train:144 - [epoch:3/3][cnn_loss:18.284743][hash_loss:18.246515][quan_loss:0.038227]
2024-09-02 03:28:10.679 | INFO     | adsh:train:155 - [iter:42/50][loss:24.349648][iter_time:79.17]
2024-09-02 03:31:17.428 | INFO     | adsh:train:227 - [iter:42/50][code_length:16][mAP:0.74432][mAP_all:0.68337][best_mAP:0.74432]
2024-09-02 03:31:17.429 | INFO     | adsh:train:228 - [iter:42/50][code_length:16][zs_mAP:0.41498][zs_mAP_all:0.44385]
2024-09-02 03:31:44.707 | INFO     | adsh:train:144 - [epoch:1/3][cnn_loss:20.249173][hash_loss:20.208677][quan_loss:0.040496]
2024-09-02 03:32:10.901 | INFO     | adsh:train:144 - [epoch:2/3][cnn_loss:19.472529][hash_loss:19.433068][quan_loss:0.039461]
2024-09-02 03:32:37.023 | INFO     | adsh:train:144 - [epoch:3/3][cnn_loss:19.314122][hash_loss:19.274757][quan_loss:0.039364]
2024-09-02 03:32:37.046 | INFO     | adsh:train:155 - [iter:43/50][loss:25.721331][iter_time:79.62]
2024-09-02 03:35:41.379 | INFO     | adsh:train:227 - [iter:43/50][code_length:16][mAP:0.73368][mAP_all:0.65367][best_mAP:0.74432]
2024-09-02 03:35:41.380 | INFO     | adsh:train:228 - [iter:43/50][code_length:16][zs_mAP:0.39954][zs_mAP_all:0.42543]
2024-09-02 03:36:07.609 | INFO     | adsh:train:144 - [epoch:1/3][cnn_loss:19.258771][hash_loss:19.218770][quan_loss:0.040001]
2024-09-02 03:36:34.458 | INFO     | adsh:train:144 - [epoch:2/3][cnn_loss:18.763915][hash_loss:18.724595][quan_loss:0.039320]
2024-09-02 03:37:01.591 | INFO     | adsh:train:144 - [epoch:3/3][cnn_loss:18.553225][hash_loss:18.514511][quan_loss:0.038714]
2024-09-02 03:37:01.614 | INFO     | adsh:train:155 - [iter:44/50][loss:24.708557][iter_time:80.23]
2024-09-02 03:40:09.874 | INFO     | adsh:train:227 - [iter:44/50][code_length:16][mAP:0.74268][mAP_all:0.68808][best_mAP:0.74432]
2024-09-02 03:40:09.875 | INFO     | adsh:train:228 - [iter:44/50][code_length:16][zs_mAP:0.42336][zs_mAP_all:0.45008]
2024-09-02 03:40:36.838 | INFO     | adsh:train:144 - [epoch:1/3][cnn_loss:19.140691][hash_loss:19.100897][quan_loss:0.039794]
2024-09-02 03:41:03.877 | INFO     | adsh:train:144 - [epoch:2/3][cnn_loss:18.605353][hash_loss:18.565980][quan_loss:0.039373]
2024-09-02 03:41:30.556 | INFO     | adsh:train:144 - [epoch:3/3][cnn_loss:18.162346][hash_loss:18.123823][quan_loss:0.038523]
2024-09-02 03:41:30.581 | INFO     | adsh:train:155 - [iter:45/50][loss:24.184921][iter_time:80.71]
2024-09-02 03:44:37.138 | INFO     | adsh:train:227 - [iter:45/50][code_length:16][mAP:0.74052][mAP_all:0.67862][best_mAP:0.74432]
2024-09-02 03:44:37.139 | INFO     | adsh:train:228 - [iter:45/50][code_length:16][zs_mAP:0.41420][zs_mAP_all:0.44502]
2024-09-02 03:45:03.963 | INFO     | adsh:train:144 - [epoch:1/3][cnn_loss:19.357960][hash_loss:19.318711][quan_loss:0.039248]
2024-09-02 03:45:30.732 | INFO     | adsh:train:144 - [epoch:2/3][cnn_loss:18.954200][hash_loss:18.915478][quan_loss:0.038722]
2024-09-02 03:45:57.065 | INFO     | adsh:train:144 - [epoch:3/3][cnn_loss:18.958279][hash_loss:18.919606][quan_loss:0.038673]
2024-09-02 03:45:57.089 | INFO     | adsh:train:155 - [iter:46/50][loss:25.251169][iter_time:79.95]
2024-09-02 03:49:04.008 | INFO     | adsh:train:227 - [iter:46/50][code_length:16][mAP:0.74530][mAP_all:0.68173][best_mAP:0.74530]
2024-09-02 03:49:04.010 | INFO     | adsh:train:228 - [iter:46/50][code_length:16][zs_mAP:0.41294][zs_mAP_all:0.44594]
2024-09-02 03:49:31.826 | INFO     | adsh:train:144 - [epoch:1/3][cnn_loss:19.349648][hash_loss:19.308907][quan_loss:0.040740]
2024-09-02 03:49:59.833 | INFO     | adsh:train:144 - [epoch:2/3][cnn_loss:18.954406][hash_loss:18.914260][quan_loss:0.040146]
2024-09-02 03:50:26.997 | INFO     | adsh:train:144 - [epoch:3/3][cnn_loss:18.773646][hash_loss:18.733804][quan_loss:0.039842]
2024-09-02 03:50:27.021 | INFO     | adsh:train:155 - [iter:47/50][loss:24.987679][iter_time:83.01]
2024-09-02 03:53:32.849 | INFO     | adsh:train:227 - [iter:47/50][code_length:16][mAP:0.74997][mAP_all:0.67432][best_mAP:0.74997]
2024-09-02 03:53:32.850 | INFO     | adsh:train:228 - [iter:47/50][code_length:16][zs_mAP:0.41192][zs_mAP_all:0.44379]
2024-09-02 03:53:59.834 | INFO     | adsh:train:144 - [epoch:1/3][cnn_loss:19.096284][hash_loss:19.056389][quan_loss:0.039895]
2024-09-02 03:54:26.138 | INFO     | adsh:train:144 - [epoch:2/3][cnn_loss:19.245424][hash_loss:19.204894][quan_loss:0.040530]
2024-09-02 03:54:53.573 | INFO     | adsh:train:144 - [epoch:3/3][cnn_loss:18.967781][hash_loss:18.927983][quan_loss:0.039798]
2024-09-02 03:54:53.598 | INFO     | adsh:train:155 - [iter:48/50][loss:25.248005][iter_time:80.75]
2024-09-02 03:58:00.458 | INFO     | adsh:train:227 - [iter:48/50][code_length:16][mAP:0.75124][mAP_all:0.66679][best_mAP:0.75124]
2024-09-02 03:58:00.459 | INFO     | adsh:train:228 - [iter:48/50][code_length:16][zs_mAP:0.41149][zs_mAP_all:0.44189]
2024-09-02 03:58:27.492 | INFO     | adsh:train:144 - [epoch:1/3][cnn_loss:18.966734][hash_loss:18.927021][quan_loss:0.039712]
2024-09-02 03:58:54.292 | INFO     | adsh:train:144 - [epoch:2/3][cnn_loss:18.961608][hash_loss:18.921806][quan_loss:0.039802]
2024-09-02 03:59:21.369 | INFO     | adsh:train:144 - [epoch:3/3][cnn_loss:18.759093][hash_loss:18.719821][quan_loss:0.039272]
2024-09-02 03:59:21.393 | INFO     | adsh:train:155 - [iter:49/50][loss:24.964642][iter_time:80.93]
2024-09-02 04:02:28.777 | INFO     | adsh:train:227 - [iter:49/50][code_length:16][mAP:0.74942][mAP_all:0.68219][best_mAP:0.75124]
2024-09-02 04:02:28.778 | INFO     | adsh:train:228 - [iter:49/50][code_length:16][zs_mAP:0.41072][zs_mAP_all:0.44378]
2024-09-02 04:02:56.466 | INFO     | adsh:train:144 - [epoch:1/3][cnn_loss:18.655521][hash_loss:18.616495][quan_loss:0.039026]
2024-09-02 04:03:23.231 | INFO     | adsh:train:144 - [epoch:2/3][cnn_loss:18.525144][hash_loss:18.486326][quan_loss:0.038819]
2024-09-02 04:03:49.516 | INFO     | adsh:train:144 - [epoch:3/3][cnn_loss:18.610317][hash_loss:18.571365][quan_loss:0.038952]
2024-09-02 04:03:49.543 | INFO     | adsh:train:155 - [iter:50/50][loss:24.765318][iter_time:80.76]
2024-09-02 04:06:56.835 | INFO     | adsh:train:227 - [iter:50/50][code_length:16][mAP:0.75120][mAP_all:0.67774][best_mAP:0.75124]
2024-09-02 04:06:56.835 | INFO     | adsh:train:228 - [iter:50/50][code_length:16][zs_mAP:0.41803][zs_mAP_all:0.44782]
2024-09-02 04:06:56.836 | INFO     | adsh:train:230 - [Training time:8145.69]
2024-09-02 04:06:56.838 | INFO     | __main__:run:138 - [code_length:16][map:0.7512][map_all:0.6668][zs_map:0.4115][zs_map_all:0.4419]
2024-09-02 04:07:24.640 | INFO     | adsh:train:144 - [epoch:1/3][cnn_loss:61.119383][hash_loss:61.070833][quan_loss:0.048550]
2024-09-02 04:07:51.678 | INFO     | adsh:train:144 - [epoch:2/3][cnn_loss:60.966775][hash_loss:60.918870][quan_loss:0.047905]
2024-09-02 04:08:18.070 | INFO     | adsh:train:144 - [epoch:3/3][cnn_loss:60.916097][hash_loss:60.868312][quan_loss:0.047785]
2024-09-02 04:08:18.115 | INFO     | adsh:train:155 - [iter:1/50][loss:156.444229][iter_time:80.67]
2024-09-02 04:08:44.348 | INFO     | adsh:train:144 - [epoch:1/3][cnn_loss:48.030895][hash_loss:47.985847][quan_loss:0.045048]
2024-09-02 04:09:11.412 | INFO     | adsh:train:144 - [epoch:2/3][cnn_loss:43.732539][hash_loss:43.688867][quan_loss:0.043671]
2024-09-02 04:09:38.408 | INFO     | adsh:train:144 - [epoch:3/3][cnn_loss:42.101648][hash_loss:42.058977][quan_loss:0.042671]
2024-09-02 04:09:38.452 | INFO     | adsh:train:155 - [iter:2/50][loss:106.962959][iter_time:80.34]
2024-09-02 04:10:04.569 | INFO     | adsh:train:144 - [epoch:1/3][cnn_loss:42.352802][hash_loss:42.307299][quan_loss:0.045504]
2024-09-02 04:10:31.055 | INFO     | adsh:train:144 - [epoch:2/3][cnn_loss:40.596489][hash_loss:40.551964][quan_loss:0.044525]
2024-09-02 04:10:57.677 | INFO     | adsh:train:144 - [epoch:3/3][cnn_loss:39.174415][hash_loss:39.130793][quan_loss:0.043622]
2024-09-02 04:10:57.722 | INFO     | adsh:train:155 - [iter:3/50][loss:103.443710][iter_time:79.27]
2024-09-02 04:11:24.607 | INFO     | adsh:train:144 - [epoch:1/3][cnn_loss:41.223762][hash_loss:41.176987][quan_loss:0.046775]
2024-09-02 04:11:51.158 | INFO     | adsh:train:144 - [epoch:2/3][cnn_loss:39.940505][hash_loss:39.894708][quan_loss:0.045797]
2024-09-02 04:12:17.571 | INFO     | adsh:train:144 - [epoch:3/3][cnn_loss:38.928939][hash_loss:38.883542][quan_loss:0.045397]
2024-09-02 04:12:17.615 | INFO     | adsh:train:155 - [iter:4/50][loss:103.157921][iter_time:79.89]
2024-09-02 04:12:44.333 | INFO     | adsh:train:144 - [epoch:1/3][cnn_loss:41.503202][hash_loss:41.456864][quan_loss:0.046338]
2024-09-02 04:13:11.093 | INFO     | adsh:train:144 - [epoch:2/3][cnn_loss:40.015649][hash_loss:39.970152][quan_loss:0.045497]
2024-09-02 04:13:38.094 | INFO     | adsh:train:144 - [epoch:3/3][cnn_loss:38.580765][hash_loss:38.536650][quan_loss:0.044115]
2024-09-02 04:13:38.138 | INFO     | adsh:train:155 - [iter:5/50][loss:102.238853][iter_time:80.52]
2024-09-02 04:16:45.027 | INFO     | adsh:train:227 - [iter:5/50][code_length:32][mAP:0.74464][mAP_all:0.68312][best_mAP:0.74464]
2024-09-02 04:16:45.027 | INFO     | adsh:train:228 - [iter:5/50][code_length:32][zs_mAP:0.46392][zs_mAP_all:0.47390]
2024-09-02 04:17:13.105 | INFO     | adsh:train:144 - [epoch:1/3][cnn_loss:41.590318][hash_loss:41.543740][quan_loss:0.046579]
2024-09-02 04:17:40.236 | INFO     | adsh:train:144 - [epoch:2/3][cnn_loss:40.300769][hash_loss:40.255290][quan_loss:0.045480]
2024-09-02 04:18:06.894 | INFO     | adsh:train:144 - [epoch:3/3][cnn_loss:38.560730][hash_loss:38.516641][quan_loss:0.044088]
2024-09-02 04:18:06.939 | INFO     | adsh:train:155 - [iter:6/50][loss:102.300369][iter_time:81.91]
2024-09-02 04:18:33.225 | INFO     | adsh:train:144 - [epoch:1/3][cnn_loss:39.923107][hash_loss:39.875637][quan_loss:0.047470]
2024-09-02 04:19:00.033 | INFO     | adsh:train:144 - [epoch:2/3][cnn_loss:38.545787][hash_loss:38.500154][quan_loss:0.045633]
2024-09-02 04:19:26.256 | INFO     | adsh:train:144 - [epoch:3/3][cnn_loss:37.600123][hash_loss:37.555141][quan_loss:0.044982]
2024-09-02 04:19:26.300 | INFO     | adsh:train:155 - [iter:7/50][loss:99.725212][iter_time:79.36]
2024-09-02 04:19:53.554 | INFO     | adsh:train:144 - [epoch:1/3][cnn_loss:40.094972][hash_loss:40.048617][quan_loss:0.046355]
2024-09-02 04:20:21.128 | INFO     | adsh:train:144 - [epoch:2/3][cnn_loss:38.487171][hash_loss:38.442205][quan_loss:0.044966]
2024-09-02 04:20:47.758 | INFO     | adsh:train:144 - [epoch:3/3][cnn_loss:37.846879][hash_loss:37.802088][quan_loss:0.044791]
2024-09-02 04:20:47.803 | INFO     | adsh:train:155 - [iter:8/50][loss:100.440132][iter_time:81.50]
2024-09-02 04:21:15.339 | INFO     | adsh:train:144 - [epoch:1/3][cnn_loss:39.915640][hash_loss:39.868400][quan_loss:0.047241]
2024-09-02 04:21:42.702 | INFO     | adsh:train:144 - [epoch:2/3][cnn_loss:38.637415][hash_loss:38.590879][quan_loss:0.046536]
2024-09-02 04:22:10.091 | INFO     | adsh:train:144 - [epoch:3/3][cnn_loss:37.373811][hash_loss:37.328603][quan_loss:0.045207]
2024-09-02 04:22:10.136 | INFO     | adsh:train:155 - [iter:9/50][loss:99.318031][iter_time:82.33]
2024-09-02 04:22:36.585 | INFO     | adsh:train:144 - [epoch:1/3][cnn_loss:39.566178][hash_loss:39.518689][quan_loss:0.047490]
2024-09-02 04:23:03.579 | INFO     | adsh:train:144 - [epoch:2/3][cnn_loss:37.996568][hash_loss:37.950820][quan_loss:0.045748]
2024-09-02 04:23:29.951 | INFO     | adsh:train:144 - [epoch:3/3][cnn_loss:36.836697][hash_loss:36.792125][quan_loss:0.044572]
2024-09-02 04:23:29.995 | INFO     | adsh:train:155 - [iter:10/50][loss:97.860817][iter_time:79.86]
2024-09-02 04:26:37.377 | INFO     | adsh:train:227 - [iter:10/50][code_length:32][mAP:0.76931][mAP_all:0.68894][best_mAP:0.76931]
2024-09-02 04:26:37.378 | INFO     | adsh:train:228 - [iter:10/50][code_length:32][zs_mAP:0.47087][zs_mAP_all:0.48421]
2024-09-02 04:27:04.754 | INFO     | adsh:train:144 - [epoch:1/3][cnn_loss:40.286728][hash_loss:40.240719][quan_loss:0.046009]
2024-09-02 04:27:32.589 | INFO     | adsh:train:144 - [epoch:2/3][cnn_loss:38.492034][hash_loss:38.447583][quan_loss:0.044451]
2024-09-02 04:27:58.242 | INFO     | adsh:train:144 - [epoch:3/3][cnn_loss:38.166750][hash_loss:38.122901][quan_loss:0.043849]
2024-09-02 04:27:58.287 | INFO     | adsh:train:155 - [iter:11/50][loss:101.394943][iter_time:80.91]
2024-09-02 04:28:24.487 | INFO     | adsh:train:144 - [epoch:1/3][cnn_loss:39.458751][hash_loss:39.411453][quan_loss:0.047298]
2024-09-02 04:28:51.571 | INFO     | adsh:train:144 - [epoch:2/3][cnn_loss:37.787872][hash_loss:37.742558][quan_loss:0.045314]
2024-09-02 04:29:17.944 | INFO     | adsh:train:144 - [epoch:3/3][cnn_loss:36.917760][hash_loss:36.873215][quan_loss:0.044545]
2024-09-02 04:29:17.988 | INFO     | adsh:train:155 - [iter:12/50][loss:98.106667][iter_time:79.70]
2024-09-02 04:29:44.132 | INFO     | adsh:train:144 - [epoch:1/3][cnn_loss:39.567626][hash_loss:39.521813][quan_loss:0.045813]
2024-09-02 04:30:10.491 | INFO     | adsh:train:144 - [epoch:2/3][cnn_loss:37.399090][hash_loss:37.354767][quan_loss:0.044323]
2024-09-02 04:30:37.302 | INFO     | adsh:train:144 - [epoch:3/3][cnn_loss:36.556164][hash_loss:36.512946][quan_loss:0.043218]
2024-09-02 04:30:37.351 | INFO     | adsh:train:155 - [iter:13/50][loss:97.186363][iter_time:79.36]
2024-09-02 04:31:04.669 | INFO     | adsh:train:144 - [epoch:1/3][cnn_loss:40.755331][hash_loss:40.709286][quan_loss:0.046045]
2024-09-02 04:31:31.021 | INFO     | adsh:train:144 - [epoch:2/3][cnn_loss:38.989446][hash_loss:38.944903][quan_loss:0.044543]
2024-09-02 04:31:57.400 | INFO     | adsh:train:144 - [epoch:3/3][cnn_loss:37.998319][hash_loss:37.954784][quan_loss:0.043535]
2024-09-02 04:31:57.446 | INFO     | adsh:train:155 - [iter:14/50][loss:100.987671][iter_time:80.09]
2024-09-02 04:32:24.564 | INFO     | adsh:train:144 - [epoch:1/3][cnn_loss:40.363664][hash_loss:40.316332][quan_loss:0.047332]
2024-09-02 04:32:51.370 | INFO     | adsh:train:144 - [epoch:2/3][cnn_loss:37.850677][hash_loss:37.805787][quan_loss:0.044890]
2024-09-02 04:33:18.475 | INFO     | adsh:train:144 - [epoch:3/3][cnn_loss:37.586861][hash_loss:37.542272][quan_loss:0.044589]
2024-09-02 04:33:18.520 | INFO     | adsh:train:155 - [iter:15/50][loss:99.889816][iter_time:81.07]
2024-09-02 04:36:28.096 | INFO     | adsh:train:227 - [iter:15/50][code_length:32][mAP:0.76246][mAP_all:0.69180][best_mAP:0.76931]
2024-09-02 04:36:28.097 | INFO     | adsh:train:228 - [iter:15/50][code_length:32][zs_mAP:0.48372][zs_mAP_all:0.50039]
2024-09-02 04:36:55.461 | INFO     | adsh:train:144 - [epoch:1/3][cnn_loss:39.914905][hash_loss:39.868547][quan_loss:0.046358]
2024-09-02 04:37:22.149 | INFO     | adsh:train:144 - [epoch:2/3][cnn_loss:38.201942][hash_loss:38.157398][quan_loss:0.044544]
2024-09-02 04:37:49.169 | INFO     | adsh:train:144 - [epoch:3/3][cnn_loss:37.572486][hash_loss:37.528682][quan_loss:0.043804]
2024-09-02 04:37:49.215 | INFO     | adsh:train:155 - [iter:16/50][loss:99.830055][iter_time:81.12]
2024-09-02 04:38:15.883 | INFO     | adsh:train:144 - [epoch:1/3][cnn_loss:38.534830][hash_loss:38.488463][quan_loss:0.046367]
2024-09-02 04:38:43.832 | INFO     | adsh:train:144 - [epoch:2/3][cnn_loss:37.307303][hash_loss:37.262742][quan_loss:0.044561]
2024-09-02 04:39:11.210 | INFO     | adsh:train:144 - [epoch:3/3][cnn_loss:36.473579][hash_loss:36.429752][quan_loss:0.043826]
2024-09-02 04:39:11.255 | INFO     | adsh:train:155 - [iter:17/50][loss:96.967499][iter_time:82.04]
2024-09-02 04:39:38.262 | INFO     | adsh:train:144 - [epoch:1/3][cnn_loss:39.281467][hash_loss:39.235939][quan_loss:0.045529]
2024-09-02 04:40:05.492 | INFO     | adsh:train:144 - [epoch:2/3][cnn_loss:37.790121][hash_loss:37.746011][quan_loss:0.044110]
2024-09-02 04:40:32.597 | INFO     | adsh:train:144 - [epoch:3/3][cnn_loss:37.177869][hash_loss:37.134719][quan_loss:0.043150]
2024-09-02 04:40:32.641 | INFO     | adsh:train:155 - [iter:18/50][loss:98.915291][iter_time:81.39]
2024-09-02 04:40:59.781 | INFO     | adsh:train:144 - [epoch:1/3][cnn_loss:38.960651][hash_loss:38.914389][quan_loss:0.046263]
2024-09-02 04:41:26.912 | INFO     | adsh:train:144 - [epoch:2/3][cnn_loss:37.880686][hash_loss:37.835495][quan_loss:0.045191]
2024-09-02 04:41:54.437 | INFO     | adsh:train:144 - [epoch:3/3][cnn_loss:36.878069][hash_loss:36.834330][quan_loss:0.043739]
2024-09-02 04:41:54.482 | INFO     | adsh:train:155 - [iter:19/50][loss:98.076111][iter_time:81.84]
2024-09-02 04:42:22.008 | INFO     | adsh:train:144 - [epoch:1/3][cnn_loss:38.424283][hash_loss:38.379792][quan_loss:0.044491]
2024-09-02 04:42:48.963 | INFO     | adsh:train:144 - [epoch:2/3][cnn_loss:37.170520][hash_loss:37.127302][quan_loss:0.043218]
2024-09-02 04:43:16.222 | INFO     | adsh:train:144 - [epoch:3/3][cnn_loss:36.094350][hash_loss:36.051854][quan_loss:0.042495]
2024-09-02 04:43:16.268 | INFO     | adsh:train:155 - [iter:20/50][loss:95.946526][iter_time:81.79]
2024-09-02 04:46:23.548 | INFO     | adsh:train:227 - [iter:20/50][code_length:32][mAP:0.77430][mAP_all:0.70682][best_mAP:0.77430]
2024-09-02 04:46:23.549 | INFO     | adsh:train:228 - [iter:20/50][code_length:32][zs_mAP:0.50884][zs_mAP_all:0.51865]
2024-09-02 04:46:50.354 | INFO     | adsh:train:144 - [epoch:1/3][cnn_loss:39.162334][hash_loss:39.117239][quan_loss:0.045095]
2024-09-02 04:47:16.524 | INFO     | adsh:train:144 - [epoch:2/3][cnn_loss:37.830478][hash_loss:37.786141][quan_loss:0.044337]
2024-09-02 04:47:43.041 | INFO     | adsh:train:144 - [epoch:3/3][cnn_loss:36.679595][hash_loss:36.636343][quan_loss:0.043251]
2024-09-02 04:47:43.086 | INFO     | adsh:train:155 - [iter:21/50][loss:97.523575][iter_time:79.54]
2024-09-02 04:48:09.725 | INFO     | adsh:train:144 - [epoch:1/3][cnn_loss:38.598951][hash_loss:38.553559][quan_loss:0.045392]
2024-09-02 04:48:35.950 | INFO     | adsh:train:144 - [epoch:2/3][cnn_loss:36.777682][hash_loss:36.733611][quan_loss:0.044071]
2024-09-02 04:49:02.459 | INFO     | adsh:train:144 - [epoch:3/3][cnn_loss:36.310328][hash_loss:36.267163][quan_loss:0.043166]
2024-09-02 04:49:02.504 | INFO     | adsh:train:155 - [iter:22/50][loss:96.549034][iter_time:79.42]
2024-09-02 04:49:28.726 | INFO     | adsh:train:144 - [epoch:1/3][cnn_loss:38.047625][hash_loss:38.001665][quan_loss:0.045960]
2024-09-02 04:49:55.723 | INFO     | adsh:train:144 - [epoch:2/3][cnn_loss:37.028749][hash_loss:36.984170][quan_loss:0.044578]
2024-09-02 04:50:22.703 | INFO     | adsh:train:144 - [epoch:3/3][cnn_loss:35.713568][hash_loss:35.669990][quan_loss:0.043579]
2024-09-02 04:50:22.748 | INFO     | adsh:train:155 - [iter:23/50][loss:94.887436][iter_time:80.24]
2024-09-02 04:50:49.922 | INFO     | adsh:train:144 - [epoch:1/3][cnn_loss:39.221386][hash_loss:39.175927][quan_loss:0.045459]
2024-09-02 04:51:16.735 | INFO     | adsh:train:144 - [epoch:2/3][cnn_loss:37.960933][hash_loss:37.916827][quan_loss:0.044106]
2024-09-02 04:51:44.017 | INFO     | adsh:train:144 - [epoch:3/3][cnn_loss:37.497112][hash_loss:37.453241][quan_loss:0.043871]
2024-09-02 04:51:44.062 | INFO     | adsh:train:155 - [iter:24/50][loss:99.605270][iter_time:81.31]
2024-09-02 04:52:11.230 | INFO     | adsh:train:144 - [epoch:1/3][cnn_loss:37.747519][hash_loss:37.703447][quan_loss:0.044073]
2024-09-02 04:52:37.571 | INFO     | adsh:train:144 - [epoch:2/3][cnn_loss:37.021123][hash_loss:36.977693][quan_loss:0.043430]
2024-09-02 04:53:04.386 | INFO     | adsh:train:144 - [epoch:3/3][cnn_loss:35.990590][hash_loss:35.948274][quan_loss:0.042316]
2024-09-02 04:53:04.430 | INFO     | adsh:train:155 - [iter:25/50][loss:95.596581][iter_time:80.37]
2024-09-02 04:56:11.006 | INFO     | adsh:train:227 - [iter:25/50][code_length:32][mAP:0.77345][mAP_all:0.70334][best_mAP:0.77430]
2024-09-02 04:56:11.007 | INFO     | adsh:train:228 - [iter:25/50][code_length:32][zs_mAP:0.49620][zs_mAP_all:0.51245]
2024-09-02 04:56:38.257 | INFO     | adsh:train:144 - [epoch:1/3][cnn_loss:38.798939][hash_loss:38.752849][quan_loss:0.046090]
2024-09-02 04:57:04.476 | INFO     | adsh:train:144 - [epoch:2/3][cnn_loss:36.377598][hash_loss:36.333664][quan_loss:0.043933]
2024-09-02 04:57:30.952 | INFO     | adsh:train:144 - [epoch:3/3][cnn_loss:35.858484][hash_loss:35.815107][quan_loss:0.043376]
2024-09-02 04:57:30.997 | INFO     | adsh:train:155 - [iter:26/50][loss:95.307434][iter_time:79.99]
2024-09-02 04:57:58.439 | INFO     | adsh:train:144 - [epoch:1/3][cnn_loss:38.095956][hash_loss:38.050906][quan_loss:0.045050]
2024-09-02 04:58:25.203 | INFO     | adsh:train:144 - [epoch:2/3][cnn_loss:36.405598][hash_loss:36.362818][quan_loss:0.042780]
2024-09-02 04:58:52.130 | INFO     | adsh:train:144 - [epoch:3/3][cnn_loss:36.073713][hash_loss:36.031458][quan_loss:0.042255]
2024-09-02 04:58:52.175 | INFO     | adsh:train:155 - [iter:27/50][loss:95.866356][iter_time:81.18]
2024-09-02 04:59:19.017 | INFO     | adsh:train:144 - [epoch:1/3][cnn_loss:38.191864][hash_loss:38.147474][quan_loss:0.044390]
2024-09-02 04:59:45.201 | INFO     | adsh:train:144 - [epoch:2/3][cnn_loss:36.791563][hash_loss:36.748420][quan_loss:0.043143]
2024-09-02 05:00:11.961 | INFO     | adsh:train:144 - [epoch:3/3][cnn_loss:36.099353][hash_loss:36.057013][quan_loss:0.042340]
2024-09-02 05:00:12.007 | INFO     | adsh:train:155 - [iter:28/50][loss:96.015671][iter_time:79.83]
2024-09-02 05:00:38.558 | INFO     | adsh:train:144 - [epoch:1/3][cnn_loss:38.285363][hash_loss:38.240860][quan_loss:0.044503]
2024-09-02 05:01:05.082 | INFO     | adsh:train:144 - [epoch:2/3][cnn_loss:37.115290][hash_loss:37.071854][quan_loss:0.043436]
2024-09-02 05:01:31.445 | INFO     | adsh:train:144 - [epoch:3/3][cnn_loss:36.353461][hash_loss:36.310807][quan_loss:0.042654]
2024-09-02 05:01:31.490 | INFO     | adsh:train:155 - [iter:29/50][loss:96.695061][iter_time:79.48]
2024-09-02 05:01:58.325 | INFO     | adsh:train:144 - [epoch:1/3][cnn_loss:38.201888][hash_loss:38.158445][quan_loss:0.043442]
2024-09-02 05:02:25.462 | INFO     | adsh:train:144 - [epoch:2/3][cnn_loss:36.873346][hash_loss:36.831313][quan_loss:0.042033]
2024-09-02 05:02:51.748 | INFO     | adsh:train:144 - [epoch:3/3][cnn_loss:35.506935][hash_loss:35.465880][quan_loss:0.041054]
2024-09-02 05:02:51.794 | INFO     | adsh:train:155 - [iter:30/50][loss:94.445770][iter_time:80.30]
2024-09-02 05:05:56.393 | INFO     | adsh:train:227 - [iter:30/50][code_length:32][mAP:0.77548][mAP_all:0.70015][best_mAP:0.77548]
2024-09-02 05:05:56.394 | INFO     | adsh:train:228 - [iter:30/50][code_length:32][zs_mAP:0.50151][zs_mAP_all:0.51748]
2024-09-02 05:06:23.566 | INFO     | adsh:train:144 - [epoch:1/3][cnn_loss:38.807057][hash_loss:38.762785][quan_loss:0.044272]
2024-09-02 05:06:51.655 | INFO     | adsh:train:144 - [epoch:2/3][cnn_loss:37.673461][hash_loss:37.630755][quan_loss:0.042706]
2024-09-02 05:07:19.228 | INFO     | adsh:train:144 - [epoch:3/3][cnn_loss:36.440389][hash_loss:36.399026][quan_loss:0.041363]
2024-09-02 05:07:19.272 | INFO     | adsh:train:155 - [iter:31/50][loss:96.968025][iter_time:82.88]
2024-09-02 05:07:46.667 | INFO     | adsh:train:144 - [epoch:1/3][cnn_loss:38.498054][hash_loss:38.453249][quan_loss:0.044805]
2024-09-02 05:08:13.347 | INFO     | adsh:train:144 - [epoch:2/3][cnn_loss:36.942557][hash_loss:36.899254][quan_loss:0.043303]
2024-09-02 05:08:39.892 | INFO     | adsh:train:144 - [epoch:3/3][cnn_loss:36.180001][hash_loss:36.137452][quan_loss:0.042549]
2024-09-02 05:08:39.937 | INFO     | adsh:train:155 - [iter:32/50][loss:96.233459][iter_time:80.66]
2024-09-02 05:09:07.203 | INFO     | adsh:train:144 - [epoch:1/3][cnn_loss:37.435483][hash_loss:37.392200][quan_loss:0.043283]
2024-09-02 05:09:35.065 | INFO     | adsh:train:144 - [epoch:2/3][cnn_loss:36.305772][hash_loss:36.263356][quan_loss:0.042416]
2024-09-02 05:10:01.813 | INFO     | adsh:train:144 - [epoch:3/3][cnn_loss:35.465626][hash_loss:35.423973][quan_loss:0.041653]
2024-09-02 05:10:01.857 | INFO     | adsh:train:155 - [iter:33/50][loss:94.314743][iter_time:81.92]
2024-09-02 05:10:28.008 | INFO     | adsh:train:144 - [epoch:1/3][cnn_loss:36.617305][hash_loss:36.571948][quan_loss:0.045357]
2024-09-02 05:10:54.286 | INFO     | adsh:train:144 - [epoch:2/3][cnn_loss:34.993243][hash_loss:34.949583][quan_loss:0.043660]
2024-09-02 05:11:21.259 | INFO     | adsh:train:144 - [epoch:3/3][cnn_loss:33.723845][hash_loss:33.682298][quan_loss:0.041547]
2024-09-02 05:11:21.304 | INFO     | adsh:train:155 - [iter:34/50][loss:89.677795][iter_time:79.45]
2024-09-02 05:11:48.769 | INFO     | adsh:train:144 - [epoch:1/3][cnn_loss:37.470778][hash_loss:37.426516][quan_loss:0.044262]
2024-09-02 05:12:15.016 | INFO     | adsh:train:144 - [epoch:2/3][cnn_loss:36.526227][hash_loss:36.483205][quan_loss:0.043022]
2024-09-02 05:12:43.301 | INFO     | adsh:train:144 - [epoch:3/3][cnn_loss:35.363870][hash_loss:35.321702][quan_loss:0.042168]
2024-09-02 05:12:43.346 | INFO     | adsh:train:155 - [iter:35/50][loss:94.039742][iter_time:82.04]
2024-09-02 05:15:50.931 | INFO     | adsh:train:227 - [iter:35/50][code_length:32][mAP:0.77664][mAP_all:0.71413][best_mAP:0.77664]
2024-09-02 05:15:50.933 | INFO     | adsh:train:228 - [iter:35/50][code_length:32][zs_mAP:0.50308][zs_mAP_all:0.51754]
2024-09-02 05:16:18.088 | INFO     | adsh:train:144 - [epoch:1/3][cnn_loss:38.978036][hash_loss:38.934043][quan_loss:0.043993]
2024-09-02 05:16:44.390 | INFO     | adsh:train:144 - [epoch:2/3][cnn_loss:37.579662][hash_loss:37.536949][quan_loss:0.042713]
2024-09-02 05:17:10.462 | INFO     | adsh:train:144 - [epoch:3/3][cnn_loss:36.772204][hash_loss:36.730116][quan_loss:0.042088]
2024-09-02 05:17:10.507 | INFO     | adsh:train:155 - [iter:36/50][loss:97.757195][iter_time:79.57]
2024-09-02 05:20:16.653 | INFO     | adsh:train:227 - [iter:36/50][code_length:32][mAP:0.77161][mAP_all:0.69792][best_mAP:0.77664]
2024-09-02 05:20:16.653 | INFO     | adsh:train:228 - [iter:36/50][code_length:32][zs_mAP:0.48186][zs_mAP_all:0.49090]
2024-09-02 05:20:42.144 | INFO     | adsh:train:144 - [epoch:1/3][cnn_loss:38.147295][hash_loss:38.102612][quan_loss:0.044684]
2024-09-02 05:21:08.539 | INFO     | adsh:train:144 - [epoch:2/3][cnn_loss:36.987271][hash_loss:36.944257][quan_loss:0.043013]
2024-09-02 05:21:34.965 | INFO     | adsh:train:144 - [epoch:3/3][cnn_loss:36.050956][hash_loss:36.008989][quan_loss:0.041967]
2024-09-02 05:21:35.010 | INFO     | adsh:train:155 - [iter:37/50][loss:95.820602][iter_time:78.36]
2024-09-02 05:24:42.315 | INFO     | adsh:train:227 - [iter:37/50][code_length:32][mAP:0.77632][mAP_all:0.69953][best_mAP:0.77664]
2024-09-02 05:24:42.315 | INFO     | adsh:train:228 - [iter:37/50][code_length:32][zs_mAP:0.49492][zs_mAP_all:0.51001]
2024-09-02 05:25:09.659 | INFO     | adsh:train:144 - [epoch:1/3][cnn_loss:38.142218][hash_loss:38.098515][quan_loss:0.043703]
2024-09-02 05:25:35.505 | INFO     | adsh:train:144 - [epoch:2/3][cnn_loss:37.090568][hash_loss:37.047949][quan_loss:0.042619]
2024-09-02 05:26:02.217 | INFO     | adsh:train:144 - [epoch:3/3][cnn_loss:36.481743][hash_loss:36.440008][quan_loss:0.041734]
2024-09-02 05:26:02.263 | INFO     | adsh:train:155 - [iter:38/50][loss:97.058128][iter_time:79.95]
2024-09-02 05:29:07.458 | INFO     | adsh:train:227 - [iter:38/50][code_length:32][mAP:0.77184][mAP_all:0.68418][best_mAP:0.77664]
2024-09-02 05:29:07.458 | INFO     | adsh:train:228 - [iter:38/50][code_length:32][zs_mAP:0.50024][zs_mAP_all:0.51623]
2024-09-02 05:29:33.913 | INFO     | adsh:train:144 - [epoch:1/3][cnn_loss:38.132097][hash_loss:38.087337][quan_loss:0.044760]
2024-09-02 05:30:00.245 | INFO     | adsh:train:144 - [epoch:2/3][cnn_loss:36.343616][hash_loss:36.300613][quan_loss:0.043003]
2024-09-02 05:30:26.717 | INFO     | adsh:train:144 - [epoch:3/3][cnn_loss:35.891077][hash_loss:35.848863][quan_loss:0.042213]
2024-09-02 05:30:26.764 | INFO     | adsh:train:155 - [iter:39/50][loss:95.526428][iter_time:79.31]
2024-09-02 05:33:32.095 | INFO     | adsh:train:227 - [iter:39/50][code_length:32][mAP:0.77581][mAP_all:0.69328][best_mAP:0.77664]
2024-09-02 05:33:32.096 | INFO     | adsh:train:228 - [iter:39/50][code_length:32][zs_mAP:0.49217][zs_mAP_all:0.50748]
2024-09-02 05:33:59.247 | INFO     | adsh:train:144 - [epoch:1/3][cnn_loss:38.234088][hash_loss:38.190722][quan_loss:0.043366]
2024-09-02 05:34:26.266 | INFO     | adsh:train:144 - [epoch:2/3][cnn_loss:37.137783][hash_loss:37.095857][quan_loss:0.041926]
2024-09-02 05:34:53.188 | INFO     | adsh:train:144 - [epoch:3/3][cnn_loss:35.986890][hash_loss:35.946084][quan_loss:0.040806]
2024-09-02 05:34:53.234 | INFO     | adsh:train:155 - [iter:40/50][loss:95.728256][iter_time:81.14]
2024-09-02 05:38:00.296 | INFO     | adsh:train:227 - [iter:40/50][code_length:32][mAP:0.78544][mAP_all:0.69427][best_mAP:0.78544]
2024-09-02 05:38:00.297 | INFO     | adsh:train:228 - [iter:40/50][code_length:32][zs_mAP:0.49512][zs_mAP_all:0.51181]
2024-09-02 05:38:26.601 | INFO     | adsh:train:144 - [epoch:1/3][cnn_loss:37.321250][hash_loss:37.277754][quan_loss:0.043495]
2024-09-02 05:38:52.883 | INFO     | adsh:train:144 - [epoch:2/3][cnn_loss:36.175671][hash_loss:36.133399][quan_loss:0.042272]
2024-09-02 05:39:19.273 | INFO     | adsh:train:144 - [epoch:3/3][cnn_loss:35.124382][hash_loss:35.083046][quan_loss:0.041336]
2024-09-02 05:39:19.318 | INFO     | adsh:train:155 - [iter:41/50][loss:93.433487][iter_time:79.02]
2024-09-02 05:42:26.114 | INFO     | adsh:train:227 - [iter:41/50][code_length:32][mAP:0.77867][mAP_all:0.68885][best_mAP:0.78544]
2024-09-02 05:42:26.115 | INFO     | adsh:train:228 - [iter:41/50][code_length:32][zs_mAP:0.47130][zs_mAP_all:0.49787]
2024-09-02 05:42:52.638 | INFO     | adsh:train:144 - [epoch:1/3][cnn_loss:38.389938][hash_loss:38.345561][quan_loss:0.044376]
2024-09-02 05:43:19.870 | INFO     | adsh:train:144 - [epoch:2/3][cnn_loss:36.790265][hash_loss:36.747357][quan_loss:0.042908]
2024-09-02 05:43:46.288 | INFO     | adsh:train:144 - [epoch:3/3][cnn_loss:35.486391][hash_loss:35.444863][quan_loss:0.041528]
2024-09-02 05:43:46.333 | INFO     | adsh:train:155 - [iter:42/50][loss:94.422081][iter_time:80.22]
2024-09-02 05:46:54.301 | INFO     | adsh:train:227 - [iter:42/50][code_length:32][mAP:0.77868][mAP_all:0.68630][best_mAP:0.78544]
2024-09-02 05:46:54.301 | INFO     | adsh:train:228 - [iter:42/50][code_length:32][zs_mAP:0.49408][zs_mAP_all:0.50601]
2024-09-02 05:47:21.515 | INFO     | adsh:train:144 - [epoch:1/3][cnn_loss:36.228091][hash_loss:36.184521][quan_loss:0.043569]
2024-09-02 05:47:49.366 | INFO     | adsh:train:144 - [epoch:2/3][cnn_loss:34.965583][hash_loss:34.923587][quan_loss:0.041996]
2024-09-02 05:48:17.327 | INFO     | adsh:train:144 - [epoch:3/3][cnn_loss:34.236845][hash_loss:34.195556][quan_loss:0.041290]
2024-09-02 05:48:17.373 | INFO     | adsh:train:155 - [iter:43/50][loss:91.031044][iter_time:83.07]
2024-09-02 05:51:24.984 | INFO     | adsh:train:227 - [iter:43/50][code_length:32][mAP:0.78044][mAP_all:0.70334][best_mAP:0.78544]
2024-09-02 05:51:24.984 | INFO     | adsh:train:228 - [iter:43/50][code_length:32][zs_mAP:0.49346][zs_mAP_all:0.50849]
2024-09-02 05:51:51.374 | INFO     | adsh:train:144 - [epoch:1/3][cnn_loss:36.529899][hash_loss:36.487075][quan_loss:0.042823]
2024-09-02 05:52:18.023 | INFO     | adsh:train:144 - [epoch:2/3][cnn_loss:35.158844][hash_loss:35.117640][quan_loss:0.041204]
2024-09-02 05:52:44.914 | INFO     | adsh:train:144 - [epoch:3/3][cnn_loss:34.481151][hash_loss:34.440491][quan_loss:0.040660]
2024-09-02 05:52:44.960 | INFO     | adsh:train:155 - [iter:44/50][loss:91.630951][iter_time:79.98]
2024-09-02 05:55:48.368 | INFO     | adsh:train:227 - [iter:44/50][code_length:32][mAP:0.77811][mAP_all:0.68389][best_mAP:0.78544]
2024-09-02 05:55:48.369 | INFO     | adsh:train:228 - [iter:44/50][code_length:32][zs_mAP:0.50827][zs_mAP_all:0.52080]
2024-09-02 05:56:16.315 | INFO     | adsh:train:144 - [epoch:1/3][cnn_loss:38.289554][hash_loss:38.245254][quan_loss:0.044300]
2024-09-02 05:56:42.584 | INFO     | adsh:train:144 - [epoch:2/3][cnn_loss:36.592983][hash_loss:36.550540][quan_loss:0.042443]
2024-09-02 05:57:08.867 | INFO     | adsh:train:144 - [epoch:3/3][cnn_loss:35.580299][hash_loss:35.538693][quan_loss:0.041606]
2024-09-02 05:57:08.912 | INFO     | adsh:train:155 - [iter:45/50][loss:94.570137][iter_time:80.54]
2024-09-02 06:00:15.612 | INFO     | adsh:train:227 - [iter:45/50][code_length:32][mAP:0.77009][mAP_all:0.68123][best_mAP:0.78544]
2024-09-02 06:00:15.613 | INFO     | adsh:train:228 - [iter:45/50][code_length:32][zs_mAP:0.49785][zs_mAP_all:0.51358]
2024-09-02 06:00:43.176 | INFO     | adsh:train:144 - [epoch:1/3][cnn_loss:37.758847][hash_loss:37.715154][quan_loss:0.043693]
2024-09-02 06:01:10.051 | INFO     | adsh:train:144 - [epoch:2/3][cnn_loss:36.601279][hash_loss:36.558687][quan_loss:0.042592]
2024-09-02 06:01:36.346 | INFO     | adsh:train:144 - [epoch:3/3][cnn_loss:36.735137][hash_loss:36.692542][quan_loss:0.042596]
2024-09-02 06:01:36.391 | INFO     | adsh:train:155 - [iter:46/50][loss:97.704460][iter_time:80.78]
2024-09-02 06:04:42.977 | INFO     | adsh:train:227 - [iter:46/50][code_length:32][mAP:0.78650][mAP_all:0.71595][best_mAP:0.78650]
2024-09-02 06:04:42.978 | INFO     | adsh:train:228 - [iter:46/50][code_length:32][zs_mAP:0.50941][zs_mAP_all:0.52766]
2024-09-02 06:05:10.319 | INFO     | adsh:train:144 - [epoch:1/3][cnn_loss:36.243098][hash_loss:36.200857][quan_loss:0.042240]
2024-09-02 06:05:36.627 | INFO     | adsh:train:144 - [epoch:2/3][cnn_loss:36.032785][hash_loss:35.990766][quan_loss:0.042019]
2024-09-02 06:06:03.715 | INFO     | adsh:train:144 - [epoch:3/3][cnn_loss:35.519164][hash_loss:35.477768][quan_loss:0.041396]
2024-09-02 06:06:03.761 | INFO     | adsh:train:155 - [iter:47/50][loss:94.457214][iter_time:80.78]
2024-09-02 06:09:10.573 | INFO     | adsh:train:227 - [iter:47/50][code_length:32][mAP:0.78998][mAP_all:0.71103][best_mAP:0.78998]
2024-09-02 06:09:10.574 | INFO     | adsh:train:228 - [iter:47/50][code_length:32][zs_mAP:0.50680][zs_mAP_all:0.52196]
2024-09-02 06:09:36.853 | INFO     | adsh:train:144 - [epoch:1/3][cnn_loss:36.398687][hash_loss:36.356648][quan_loss:0.042039]
2024-09-02 06:10:03.378 | INFO     | adsh:train:144 - [epoch:2/3][cnn_loss:35.550804][hash_loss:35.509341][quan_loss:0.041463]
2024-09-02 06:10:29.961 | INFO     | adsh:train:144 - [epoch:3/3][cnn_loss:35.432458][hash_loss:35.390827][quan_loss:0.041631]
2024-09-02 06:10:30.006 | INFO     | adsh:train:155 - [iter:48/50][loss:94.226456][iter_time:79.43]
2024-09-02 06:13:37.912 | INFO     | adsh:train:227 - [iter:48/50][code_length:32][mAP:0.79568][mAP_all:0.70910][best_mAP:0.79568]
2024-09-02 06:13:37.913 | INFO     | adsh:train:228 - [iter:48/50][code_length:32][zs_mAP:0.51295][zs_mAP_all:0.52811]
2024-09-02 06:14:04.121 | INFO     | adsh:train:144 - [epoch:1/3][cnn_loss:37.829863][hash_loss:37.788100][quan_loss:0.041763]
2024-09-02 06:14:31.537 | INFO     | adsh:train:144 - [epoch:2/3][cnn_loss:37.244744][hash_loss:37.203580][quan_loss:0.041164]
2024-09-02 06:14:58.840 | INFO     | adsh:train:144 - [epoch:3/3][cnn_loss:36.698339][hash_loss:36.657575][quan_loss:0.040764]
2024-09-02 06:14:58.887 | INFO     | adsh:train:155 - [iter:49/50][loss:97.605659][iter_time:80.97]
2024-09-02 06:18:05.493 | INFO     | adsh:train:227 - [iter:49/50][code_length:32][mAP:0.79324][mAP_all:0.70807][best_mAP:0.79568]
2024-09-02 06:18:05.494 | INFO     | adsh:train:228 - [iter:49/50][code_length:32][zs_mAP:0.50452][zs_mAP_all:0.52280]
2024-09-02 06:18:31.904 | INFO     | adsh:train:144 - [epoch:1/3][cnn_loss:35.684940][hash_loss:35.643645][quan_loss:0.041295]
2024-09-02 06:18:58.721 | INFO     | adsh:train:144 - [epoch:2/3][cnn_loss:35.350770][hash_loss:35.309708][quan_loss:0.041062]
2024-09-02 06:19:26.568 | INFO     | adsh:train:144 - [epoch:3/3][cnn_loss:34.836981][hash_loss:34.796464][quan_loss:0.040517]
2024-09-02 06:19:26.613 | INFO     | adsh:train:155 - [iter:50/50][loss:92.697121][iter_time:81.12]
2024-09-02 06:22:34.310 | INFO     | adsh:train:227 - [iter:50/50][code_length:32][mAP:0.79668][mAP_all:0.71337][best_mAP:0.79668]
2024-09-02 06:22:34.312 | INFO     | adsh:train:228 - [iter:50/50][code_length:32][zs_mAP:0.50945][zs_mAP_all:0.52736]
2024-09-02 06:22:34.312 | INFO     | adsh:train:230 - [Training time:8136.87]
2024-09-02 06:22:34.315 | INFO     | __main__:run:138 - [code_length:32][map:0.7967][map_all:0.7134][zs_map:0.5095][zs_map_all:0.5274]
2024-09-02 06:23:01.629 | INFO     | adsh:train:144 - [epoch:1/3][cnn_loss:124.012221][hash_loss:123.963828][quan_loss:0.048392]
2024-09-02 06:23:28.020 | INFO     | adsh:train:144 - [epoch:2/3][cnn_loss:123.863975][hash_loss:123.816138][quan_loss:0.047837]
2024-09-02 06:23:54.677 | INFO     | adsh:train:144 - [epoch:3/3][cnn_loss:123.807672][hash_loss:123.760005][quan_loss:0.047667]
2024-09-02 06:23:54.777 | INFO     | adsh:train:155 - [iter:1/50][loss:623.048706][iter_time:79.86]
2024-09-02 06:24:21.111 | INFO     | adsh:train:144 - [epoch:1/3][cnn_loss:98.126878][hash_loss:98.078717][quan_loss:0.048161]
2024-09-02 06:24:47.198 | INFO     | adsh:train:144 - [epoch:2/3][cnn_loss:90.688891][hash_loss:90.637182][quan_loss:0.051708]
2024-09-02 06:25:13.553 | INFO     | adsh:train:144 - [epoch:3/3][cnn_loss:88.040608][hash_loss:87.988740][quan_loss:0.051869]
2024-09-02 06:25:13.652 | INFO     | adsh:train:155 - [iter:2/50][loss:450.871857][iter_time:78.88]
2024-09-02 06:25:39.844 | INFO     | adsh:train:144 - [epoch:1/3][cnn_loss:85.662512][hash_loss:85.608656][quan_loss:0.053856]
2024-09-02 06:26:06.970 | INFO     | adsh:train:144 - [epoch:2/3][cnn_loss:81.145817][hash_loss:81.093769][quan_loss:0.052048]
2024-09-02 06:26:33.603 | INFO     | adsh:train:144 - [epoch:3/3][cnn_loss:79.467153][hash_loss:79.415204][quan_loss:0.051949]
2024-09-02 06:26:33.702 | INFO     | adsh:train:155 - [iter:3/50][loss:419.364410][iter_time:80.05]
2024-09-02 06:26:59.828 | INFO     | adsh:train:144 - [epoch:1/3][cnn_loss:83.220406][hash_loss:83.166915][quan_loss:0.053490]
2024-09-02 06:27:26.087 | INFO     | adsh:train:144 - [epoch:2/3][cnn_loss:80.125614][hash_loss:80.073903][quan_loss:0.051711]
2024-09-02 06:27:52.543 | INFO     | adsh:train:144 - [epoch:3/3][cnn_loss:78.558456][hash_loss:78.507484][quan_loss:0.050971]
2024-09-02 06:27:52.642 | INFO     | adsh:train:155 - [iter:4/50][loss:415.611755][iter_time:78.94]
2024-09-02 06:28:20.141 | INFO     | adsh:train:144 - [epoch:1/3][cnn_loss:84.151638][hash_loss:84.097695][quan_loss:0.053943]
2024-09-02 06:28:47.447 | INFO     | adsh:train:144 - [epoch:2/3][cnn_loss:79.197346][hash_loss:79.145789][quan_loss:0.051557]
2024-09-02 06:29:14.565 | INFO     | adsh:train:144 - [epoch:3/3][cnn_loss:78.669897][hash_loss:78.619076][quan_loss:0.050821]
2024-09-02 06:29:14.663 | INFO     | adsh:train:155 - [iter:5/50][loss:416.867432][iter_time:82.02]
2024-09-02 06:32:22.981 | INFO     | adsh:train:227 - [iter:5/50][code_length:64][mAP:0.72844][mAP_all:0.60904][best_mAP:0.72844]
2024-09-02 06:32:22.982 | INFO     | adsh:train:228 - [iter:5/50][code_length:64][zs_mAP:0.47906][zs_mAP_all:0.48564]
2024-09-02 06:32:50.298 | INFO     | adsh:train:144 - [epoch:1/3][cnn_loss:84.683229][hash_loss:84.629479][quan_loss:0.053749]
2024-09-02 06:33:17.192 | INFO     | adsh:train:144 - [epoch:2/3][cnn_loss:80.714936][hash_loss:80.663173][quan_loss:0.051763]
2024-09-02 06:33:44.384 | INFO     | adsh:train:144 - [epoch:3/3][cnn_loss:79.149987][hash_loss:79.099097][quan_loss:0.050890]
2024-09-02 06:33:44.483 | INFO     | adsh:train:155 - [iter:6/50][loss:419.451385][iter_time:81.50]
2024-09-02 06:34:11.746 | INFO     | adsh:train:144 - [epoch:1/3][cnn_loss:83.960343][hash_loss:83.906997][quan_loss:0.053347]
2024-09-02 06:34:38.748 | INFO     | adsh:train:144 - [epoch:2/3][cnn_loss:79.822248][hash_loss:79.770614][quan_loss:0.051635]
2024-09-02 06:35:05.376 | INFO     | adsh:train:144 - [epoch:3/3][cnn_loss:78.587157][hash_loss:78.535994][quan_loss:0.051163]
2024-09-02 06:35:05.475 | INFO     | adsh:train:155 - [iter:7/50][loss:417.145386][iter_time:80.99]
2024-09-02 06:35:33.330 | INFO     | adsh:train:144 - [epoch:1/3][cnn_loss:79.427505][hash_loss:79.375165][quan_loss:0.052340]
2024-09-02 06:36:00.219 | INFO     | adsh:train:144 - [epoch:2/3][cnn_loss:77.830689][hash_loss:77.779446][quan_loss:0.051243]
2024-09-02 06:36:27.686 | INFO     | adsh:train:144 - [epoch:3/3][cnn_loss:75.585986][hash_loss:75.535537][quan_loss:0.050448]
2024-09-02 06:36:27.787 | INFO     | adsh:train:155 - [iter:8/50][loss:400.943146][iter_time:82.31]
2024-09-02 06:36:54.459 | INFO     | adsh:train:144 - [epoch:1/3][cnn_loss:82.358347][hash_loss:82.305502][quan_loss:0.052845]
2024-09-02 06:37:20.894 | INFO     | adsh:train:144 - [epoch:2/3][cnn_loss:79.222418][hash_loss:79.171646][quan_loss:0.050773]
2024-09-02 06:37:47.003 | INFO     | adsh:train:144 - [epoch:3/3][cnn_loss:76.230888][hash_loss:76.181291][quan_loss:0.049597]
2024-09-02 06:37:47.102 | INFO     | adsh:train:155 - [iter:9/50][loss:404.643677][iter_time:79.31]
2024-09-02 06:38:13.412 | INFO     | adsh:train:144 - [epoch:1/3][cnn_loss:81.726238][hash_loss:81.673124][quan_loss:0.053114]
2024-09-02 06:38:40.114 | INFO     | adsh:train:144 - [epoch:2/3][cnn_loss:77.513812][hash_loss:77.462810][quan_loss:0.051002]
2024-09-02 06:39:07.886 | INFO     | adsh:train:144 - [epoch:3/3][cnn_loss:75.842698][hash_loss:75.792472][quan_loss:0.050226]
2024-09-02 06:39:07.984 | INFO     | adsh:train:155 - [iter:10/50][loss:402.780060][iter_time:80.88]
2024-09-02 06:42:13.618 | INFO     | adsh:train:227 - [iter:10/50][code_length:64][mAP:0.76225][mAP_all:0.62971][best_mAP:0.76225]
2024-09-02 06:42:13.619 | INFO     | adsh:train:228 - [iter:10/50][code_length:64][zs_mAP:0.47147][zs_mAP_all:0.48166]
2024-09-02 06:42:39.984 | INFO     | adsh:train:144 - [epoch:1/3][cnn_loss:82.136747][hash_loss:82.083162][quan_loss:0.053584]
2024-09-02 06:43:06.587 | INFO     | adsh:train:144 - [epoch:2/3][cnn_loss:78.640149][hash_loss:78.588269][quan_loss:0.051880]
2024-09-02 06:43:33.322 | INFO     | adsh:train:144 - [epoch:3/3][cnn_loss:76.319381][hash_loss:76.269483][quan_loss:0.049898]
2024-09-02 06:43:33.421 | INFO     | adsh:train:155 - [iter:11/50][loss:405.154816][iter_time:79.80]
2024-09-02 06:44:00.885 | INFO     | adsh:train:144 - [epoch:1/3][cnn_loss:78.318817][hash_loss:78.265813][quan_loss:0.053004]
2024-09-02 06:44:27.524 | INFO     | adsh:train:144 - [epoch:2/3][cnn_loss:74.433687][hash_loss:74.382021][quan_loss:0.051666]
2024-09-02 06:44:53.772 | INFO     | adsh:train:144 - [epoch:3/3][cnn_loss:73.055136][hash_loss:73.004647][quan_loss:0.050488]
2024-09-02 06:44:53.871 | INFO     | adsh:train:155 - [iter:12/50][loss:387.674133][iter_time:80.45]
2024-09-02 06:45:21.138 | INFO     | adsh:train:144 - [epoch:1/3][cnn_loss:81.469233][hash_loss:81.416213][quan_loss:0.053019]
2024-09-02 06:45:47.539 | INFO     | adsh:train:144 - [epoch:2/3][cnn_loss:78.273556][hash_loss:78.222568][quan_loss:0.050987]
2024-09-02 06:46:14.783 | INFO     | adsh:train:144 - [epoch:3/3][cnn_loss:75.470322][hash_loss:75.420641][quan_loss:0.049681]
2024-09-02 06:46:14.881 | INFO     | adsh:train:155 - [iter:13/50][loss:400.575989][iter_time:81.01]
2024-09-02 06:46:41.926 | INFO     | adsh:train:144 - [epoch:1/3][cnn_loss:82.202522][hash_loss:82.150519][quan_loss:0.052003]
2024-09-02 06:47:09.588 | INFO     | adsh:train:144 - [epoch:2/3][cnn_loss:78.350632][hash_loss:78.300311][quan_loss:0.050322]
2024-09-02 06:47:36.766 | INFO     | adsh:train:144 - [epoch:3/3][cnn_loss:76.686585][hash_loss:76.637279][quan_loss:0.049306]
2024-09-02 06:47:36.864 | INFO     | adsh:train:155 - [iter:14/50][loss:407.329468][iter_time:81.98]
2024-09-02 06:48:03.427 | INFO     | adsh:train:144 - [epoch:1/3][cnn_loss:81.240064][hash_loss:81.186846][quan_loss:0.053218]
2024-09-02 06:48:30.887 | INFO     | adsh:train:144 - [epoch:2/3][cnn_loss:77.472723][hash_loss:77.421425][quan_loss:0.051298]
2024-09-02 06:48:59.133 | INFO     | adsh:train:144 - [epoch:3/3][cnn_loss:74.994771][hash_loss:74.944653][quan_loss:0.050118]
2024-09-02 06:48:59.231 | INFO     | adsh:train:155 - [iter:15/50][loss:398.093384][iter_time:82.37]
2024-09-02 06:52:06.273 | INFO     | adsh:train:227 - [iter:15/50][code_length:64][mAP:0.77039][mAP_all:0.64235][best_mAP:0.77039]
2024-09-02 06:52:06.274 | INFO     | adsh:train:228 - [iter:15/50][code_length:64][zs_mAP:0.49011][zs_mAP_all:0.49950]
2024-09-02 06:52:33.901 | INFO     | adsh:train:144 - [epoch:1/3][cnn_loss:78.283665][hash_loss:78.231240][quan_loss:0.052425]
2024-09-02 06:53:01.837 | INFO     | adsh:train:144 - [epoch:2/3][cnn_loss:75.921783][hash_loss:75.870704][quan_loss:0.051079]
2024-09-02 06:53:29.260 | INFO     | adsh:train:144 - [epoch:3/3][cnn_loss:73.549711][hash_loss:73.500121][quan_loss:0.049590]
2024-09-02 06:53:29.359 | INFO     | adsh:train:155 - [iter:16/50][loss:390.150116][iter_time:83.08]
2024-09-02 06:53:56.267 | INFO     | adsh:train:144 - [epoch:1/3][cnn_loss:80.783474][hash_loss:80.731375][quan_loss:0.052099]
2024-09-02 06:54:23.260 | INFO     | adsh:train:144 - [epoch:2/3][cnn_loss:76.891204][hash_loss:76.841240][quan_loss:0.049965]
2024-09-02 06:54:50.229 | INFO     | adsh:train:144 - [epoch:3/3][cnn_loss:75.922146][hash_loss:75.872943][quan_loss:0.049203]
2024-09-02 06:54:50.327 | INFO     | adsh:train:155 - [iter:17/50][loss:403.129059][iter_time:80.97]
2024-09-02 06:55:17.650 | INFO     | adsh:train:144 - [epoch:1/3][cnn_loss:79.317711][hash_loss:79.265193][quan_loss:0.052519]
2024-09-02 06:55:44.422 | INFO     | adsh:train:144 - [epoch:2/3][cnn_loss:76.781756][hash_loss:76.731057][quan_loss:0.050699]
2024-09-02 06:56:10.799 | INFO     | adsh:train:144 - [epoch:3/3][cnn_loss:74.141362][hash_loss:74.091868][quan_loss:0.049494]
2024-09-02 06:56:10.898 | INFO     | adsh:train:155 - [iter:18/50][loss:393.520599][iter_time:80.57]
2024-09-02 06:56:37.812 | INFO     | adsh:train:144 - [epoch:1/3][cnn_loss:77.901642][hash_loss:77.850228][quan_loss:0.051414]
2024-09-02 06:57:04.229 | INFO     | adsh:train:144 - [epoch:2/3][cnn_loss:76.386967][hash_loss:76.336503][quan_loss:0.050464]
2024-09-02 06:57:31.613 | INFO     | adsh:train:144 - [epoch:3/3][cnn_loss:73.846592][hash_loss:73.797646][quan_loss:0.048946]
2024-09-02 06:57:31.711 | INFO     | adsh:train:155 - [iter:19/50][loss:391.269775][iter_time:80.81]
2024-09-02 06:57:58.692 | INFO     | adsh:train:144 - [epoch:1/3][cnn_loss:79.009698][hash_loss:78.958826][quan_loss:0.050872]
2024-09-02 06:58:26.637 | INFO     | adsh:train:144 - [epoch:2/3][cnn_loss:77.281054][hash_loss:77.230856][quan_loss:0.050198]
2024-09-02 06:58:54.178 | INFO     | adsh:train:144 - [epoch:3/3][cnn_loss:74.874757][hash_loss:74.825926][quan_loss:0.048831]
2024-09-02 06:58:54.277 | INFO     | adsh:train:155 - [iter:20/50][loss:397.149719][iter_time:82.56]
2024-09-02 07:02:01.918 | INFO     | adsh:train:227 - [iter:20/50][code_length:64][mAP:0.76709][mAP_all:0.65611][best_mAP:0.77039]
2024-09-02 07:02:01.919 | INFO     | adsh:train:228 - [iter:20/50][code_length:64][zs_mAP:0.49869][zs_mAP_all:0.50446]
2024-09-02 07:02:28.549 | INFO     | adsh:train:144 - [epoch:1/3][cnn_loss:79.594235][hash_loss:79.542598][quan_loss:0.051638]
2024-09-02 07:02:55.204 | INFO     | adsh:train:144 - [epoch:2/3][cnn_loss:77.550964][hash_loss:77.500650][quan_loss:0.050314]
2024-09-02 07:03:21.968 | INFO     | adsh:train:144 - [epoch:3/3][cnn_loss:77.182515][hash_loss:77.132307][quan_loss:0.050208]
2024-09-02 07:03:22.068 | INFO     | adsh:train:155 - [iter:21/50][loss:409.830750][iter_time:80.15]
2024-09-02 07:03:48.873 | INFO     | adsh:train:144 - [epoch:1/3][cnn_loss:81.343804][hash_loss:81.291537][quan_loss:0.052267]
2024-09-02 07:04:16.000 | INFO     | adsh:train:144 - [epoch:2/3][cnn_loss:77.902202][hash_loss:77.851371][quan_loss:0.050831]
2024-09-02 07:04:42.808 | INFO     | adsh:train:144 - [epoch:3/3][cnn_loss:75.319538][hash_loss:75.270429][quan_loss:0.049108]
2024-09-02 07:04:42.906 | INFO     | adsh:train:155 - [iter:22/50][loss:399.864899][iter_time:80.84]
2024-09-02 07:05:10.651 | INFO     | adsh:train:144 - [epoch:1/3][cnn_loss:77.059018][hash_loss:77.007630][quan_loss:0.051388]
2024-09-02 07:05:37.764 | INFO     | adsh:train:144 - [epoch:2/3][cnn_loss:74.693882][hash_loss:74.643620][quan_loss:0.050262]
2024-09-02 07:06:05.165 | INFO     | adsh:train:144 - [epoch:3/3][cnn_loss:73.411453][hash_loss:73.361972][quan_loss:0.049482]
2024-09-02 07:06:05.264 | INFO     | adsh:train:155 - [iter:23/50][loss:389.393829][iter_time:82.36]
2024-09-02 07:06:32.332 | INFO     | adsh:train:144 - [epoch:1/3][cnn_loss:79.993028][hash_loss:79.940925][quan_loss:0.052103]
2024-09-02 07:06:59.443 | INFO     | adsh:train:144 - [epoch:2/3][cnn_loss:76.437403][hash_loss:76.386900][quan_loss:0.050502]
2024-09-02 07:07:26.303 | INFO     | adsh:train:144 - [epoch:3/3][cnn_loss:74.670410][hash_loss:74.620914][quan_loss:0.049496]
2024-09-02 07:07:26.402 | INFO     | adsh:train:155 - [iter:24/50][loss:396.464508][iter_time:81.14]
2024-09-02 07:07:52.801 | INFO     | adsh:train:144 - [epoch:1/3][cnn_loss:75.795322][hash_loss:75.744176][quan_loss:0.051145]
2024-09-02 07:08:19.667 | INFO     | adsh:train:144 - [epoch:2/3][cnn_loss:73.542848][hash_loss:73.492426][quan_loss:0.050422]
2024-09-02 07:08:46.458 | INFO     | adsh:train:144 - [epoch:3/3][cnn_loss:71.206015][hash_loss:71.156984][quan_loss:0.049031]
2024-09-02 07:08:46.557 | INFO     | adsh:train:155 - [iter:25/50][loss:377.748596][iter_time:80.15]
2024-09-02 07:11:52.587 | INFO     | adsh:train:227 - [iter:25/50][code_length:64][mAP:0.76828][mAP_all:0.64702][best_mAP:0.77039]
2024-09-02 07:11:52.588 | INFO     | adsh:train:228 - [iter:25/50][code_length:64][zs_mAP:0.49549][zs_mAP_all:0.50313]
2024-09-02 07:12:18.915 | INFO     | adsh:train:144 - [epoch:1/3][cnn_loss:80.526170][hash_loss:80.475569][quan_loss:0.050602]
2024-09-02 07:12:45.147 | INFO     | adsh:train:144 - [epoch:2/3][cnn_loss:77.821475][hash_loss:77.772179][quan_loss:0.049296]
2024-09-02 07:13:11.875 | INFO     | adsh:train:144 - [epoch:3/3][cnn_loss:74.925409][hash_loss:74.877394][quan_loss:0.048015]
2024-09-02 07:13:11.974 | INFO     | adsh:train:155 - [iter:26/50][loss:397.584717][iter_time:79.39]
2024-09-02 07:13:39.174 | INFO     | adsh:train:144 - [epoch:1/3][cnn_loss:79.151518][hash_loss:79.101082][quan_loss:0.050436]
2024-09-02 07:14:07.179 | INFO     | adsh:train:144 - [epoch:2/3][cnn_loss:77.309663][hash_loss:77.260230][quan_loss:0.049433]
2024-09-02 07:14:34.166 | INFO     | adsh:train:144 - [epoch:3/3][cnn_loss:75.658498][hash_loss:75.610244][quan_loss:0.048253]
2024-09-02 07:14:34.265 | INFO     | adsh:train:155 - [iter:27/50][loss:401.697113][iter_time:82.29]
2024-09-02 07:15:01.382 | INFO     | adsh:train:144 - [epoch:1/3][cnn_loss:80.259782][hash_loss:80.208456][quan_loss:0.051326]
2024-09-02 07:15:28.125 | INFO     | adsh:train:144 - [epoch:2/3][cnn_loss:76.684377][hash_loss:76.634839][quan_loss:0.049538]
2024-09-02 07:15:54.811 | INFO     | adsh:train:144 - [epoch:3/3][cnn_loss:76.269165][hash_loss:76.220290][quan_loss:0.048875]
2024-09-02 07:15:54.910 | INFO     | adsh:train:155 - [iter:28/50][loss:404.966156][iter_time:80.65]
2024-09-02 07:16:21.972 | INFO     | adsh:train:144 - [epoch:1/3][cnn_loss:78.064249][hash_loss:78.013743][quan_loss:0.050507]
2024-09-02 07:16:49.570 | INFO     | adsh:train:144 - [epoch:2/3][cnn_loss:74.668616][hash_loss:74.619524][quan_loss:0.049092]
2024-09-02 07:17:17.370 | INFO     | adsh:train:144 - [epoch:3/3][cnn_loss:72.315609][hash_loss:72.267786][quan_loss:0.047823]
2024-09-02 07:17:17.469 | INFO     | adsh:train:155 - [iter:29/50][loss:383.994659][iter_time:82.56]
2024-09-02 07:17:44.635 | INFO     | adsh:train:144 - [epoch:1/3][cnn_loss:78.897496][hash_loss:78.848011][quan_loss:0.049485]
2024-09-02 07:18:11.904 | INFO     | adsh:train:144 - [epoch:2/3][cnn_loss:76.070912][hash_loss:76.022502][quan_loss:0.048409]
2024-09-02 07:18:39.304 | INFO     | adsh:train:144 - [epoch:3/3][cnn_loss:73.110020][hash_loss:73.063208][quan_loss:0.046812]
2024-09-02 07:18:39.403 | INFO     | adsh:train:155 - [iter:30/50][loss:387.873657][iter_time:81.93]
2024-09-02 07:21:46.645 | INFO     | adsh:train:227 - [iter:30/50][code_length:64][mAP:0.77280][mAP_all:0.67226][best_mAP:0.77280]
2024-09-02 07:21:46.646 | INFO     | adsh:train:228 - [iter:30/50][code_length:64][zs_mAP:0.48126][zs_mAP_all:0.49148]
2024-09-02 07:22:14.811 | INFO     | adsh:train:144 - [epoch:1/3][cnn_loss:81.926008][hash_loss:81.874907][quan_loss:0.051101]
2024-09-02 07:22:42.078 | INFO     | adsh:train:144 - [epoch:2/3][cnn_loss:80.590382][hash_loss:80.539868][quan_loss:0.050514]
2024-09-02 07:23:09.338 | INFO     | adsh:train:144 - [epoch:3/3][cnn_loss:77.859990][hash_loss:77.811215][quan_loss:0.048775]
2024-09-02 07:23:09.438 | INFO     | adsh:train:155 - [iter:31/50][loss:412.954681][iter_time:82.79]
2024-09-02 07:23:36.638 | INFO     | adsh:train:144 - [epoch:1/3][cnn_loss:80.554945][hash_loss:80.504906][quan_loss:0.050039]
2024-09-02 07:24:04.268 | INFO     | adsh:train:144 - [epoch:2/3][cnn_loss:78.353753][hash_loss:78.304656][quan_loss:0.049097]
2024-09-02 07:24:32.502 | INFO     | adsh:train:144 - [epoch:3/3][cnn_loss:76.374297][hash_loss:76.326319][quan_loss:0.047978]
2024-09-02 07:24:32.601 | INFO     | adsh:train:155 - [iter:32/50][loss:405.570709][iter_time:83.16]
2024-09-02 07:24:59.744 | INFO     | adsh:train:144 - [epoch:1/3][cnn_loss:76.638234][hash_loss:76.586459][quan_loss:0.051775]
2024-09-02 07:25:26.639 | INFO     | adsh:train:144 - [epoch:2/3][cnn_loss:73.838168][hash_loss:73.787865][quan_loss:0.050303]
2024-09-02 07:25:53.869 | INFO     | adsh:train:144 - [epoch:3/3][cnn_loss:71.858819][hash_loss:71.809438][quan_loss:0.049381]
2024-09-02 07:25:53.968 | INFO     | adsh:train:155 - [iter:33/50][loss:380.961426][iter_time:81.37]
2024-09-02 07:26:20.504 | INFO     | adsh:train:144 - [epoch:1/3][cnn_loss:82.004437][hash_loss:81.953419][quan_loss:0.051018]
2024-09-02 07:26:47.656 | INFO     | adsh:train:144 - [epoch:2/3][cnn_loss:79.030280][hash_loss:78.981025][quan_loss:0.049255]
2024-09-02 07:27:14.939 | INFO     | adsh:train:144 - [epoch:3/3][cnn_loss:78.344737][hash_loss:78.295978][quan_loss:0.048759]
2024-09-02 07:27:15.037 | INFO     | adsh:train:155 - [iter:34/50][loss:415.667053][iter_time:81.07]
2024-09-02 07:27:41.205 | INFO     | adsh:train:144 - [epoch:1/3][cnn_loss:76.884878][hash_loss:76.834687][quan_loss:0.050191]
2024-09-02 07:28:09.194 | INFO     | adsh:train:144 - [epoch:2/3][cnn_loss:73.876636][hash_loss:73.828080][quan_loss:0.048557]
2024-09-02 07:28:36.382 | INFO     | adsh:train:144 - [epoch:3/3][cnn_loss:72.569476][hash_loss:72.521659][quan_loss:0.047817]
2024-09-02 07:28:36.480 | INFO     | adsh:train:155 - [iter:35/50][loss:385.289154][iter_time:81.44]
2024-09-02 07:31:44.112 | INFO     | adsh:train:227 - [iter:35/50][code_length:64][mAP:0.77190][mAP_all:0.66115][best_mAP:0.77280]
2024-09-02 07:31:44.113 | INFO     | adsh:train:228 - [iter:35/50][code_length:64][zs_mAP:0.49416][zs_mAP_all:0.50113]
2024-09-02 07:32:10.830 | INFO     | adsh:train:144 - [epoch:1/3][cnn_loss:75.898438][hash_loss:75.847764][quan_loss:0.050675]
2024-09-02 07:32:36.999 | INFO     | adsh:train:144 - [epoch:2/3][cnn_loss:72.690488][hash_loss:72.641441][quan_loss:0.049048]
2024-09-02 07:33:03.286 | INFO     | adsh:train:144 - [epoch:3/3][cnn_loss:72.096120][hash_loss:72.047800][quan_loss:0.048320]
2024-09-02 07:33:03.384 | INFO     | adsh:train:155 - [iter:36/50][loss:382.430908][iter_time:79.27]
2024-09-02 07:36:17.386 | INFO     | adsh:train:227 - [iter:36/50][code_length:64][mAP:0.77470][mAP_all:0.65311][best_mAP:0.77470]
2024-09-02 07:36:17.387 | INFO     | adsh:train:228 - [iter:36/50][code_length:64][zs_mAP:0.49910][zs_mAP_all:0.51061]
2024-09-02 07:36:43.714 | INFO     | adsh:train:144 - [epoch:1/3][cnn_loss:76.006796][hash_loss:75.956029][quan_loss:0.050766]
2024-09-02 07:37:10.728 | INFO     | adsh:train:144 - [epoch:2/3][cnn_loss:72.789438][hash_loss:72.740394][quan_loss:0.049045]
2024-09-02 07:37:38.592 | INFO     | adsh:train:144 - [epoch:3/3][cnn_loss:71.286190][hash_loss:71.238190][quan_loss:0.048000]
2024-09-02 07:37:38.690 | INFO     | adsh:train:155 - [iter:37/50][loss:378.619873][iter_time:81.30]
2024-09-02 07:40:44.288 | INFO     | adsh:train:227 - [iter:37/50][code_length:64][mAP:0.77972][mAP_all:0.65287][best_mAP:0.77972]
2024-09-02 07:40:44.289 | INFO     | adsh:train:228 - [iter:37/50][code_length:64][zs_mAP:0.49739][zs_mAP_all:0.50824]
2024-09-02 07:41:11.760 | INFO     | adsh:train:144 - [epoch:1/3][cnn_loss:75.453363][hash_loss:75.403349][quan_loss:0.050014]
2024-09-02 07:41:38.725 | INFO     | adsh:train:144 - [epoch:2/3][cnn_loss:74.152100][hash_loss:74.102912][quan_loss:0.049189]
2024-09-02 07:42:06.126 | INFO     | adsh:train:144 - [epoch:3/3][cnn_loss:70.430920][hash_loss:70.383157][quan_loss:0.047763]
2024-09-02 07:42:06.223 | INFO     | adsh:train:155 - [iter:38/50][loss:373.756104][iter_time:81.93]
2024-09-02 07:45:14.170 | INFO     | adsh:train:227 - [iter:38/50][code_length:64][mAP:0.77774][mAP_all:0.65782][best_mAP:0.77972]
2024-09-02 07:45:14.171 | INFO     | adsh:train:228 - [iter:38/50][code_length:64][zs_mAP:0.47205][zs_mAP_all:0.48489]
2024-09-02 07:45:41.299 | INFO     | adsh:train:144 - [epoch:1/3][cnn_loss:78.362941][hash_loss:78.313569][quan_loss:0.049371]
2024-09-02 07:46:09.012 | INFO     | adsh:train:144 - [epoch:2/3][cnn_loss:76.045935][hash_loss:75.997645][quan_loss:0.048290]
2024-09-02 07:46:35.240 | INFO     | adsh:train:144 - [epoch:3/3][cnn_loss:73.336239][hash_loss:73.289712][quan_loss:0.046527]
2024-09-02 07:46:35.340 | INFO     | adsh:train:155 - [iter:39/50][loss:389.239197][iter_time:81.17]
2024-09-02 07:49:41.436 | INFO     | adsh:train:227 - [iter:39/50][code_length:64][mAP:0.77862][mAP_all:0.66510][best_mAP:0.77972]
2024-09-02 07:49:41.436 | INFO     | adsh:train:228 - [iter:39/50][code_length:64][zs_mAP:0.48821][zs_mAP_all:0.49801]
2024-09-02 07:50:08.253 | INFO     | adsh:train:144 - [epoch:1/3][cnn_loss:77.386607][hash_loss:77.336991][quan_loss:0.049616]
2024-09-02 07:50:34.825 | INFO     | adsh:train:144 - [epoch:2/3][cnn_loss:74.921606][hash_loss:74.873312][quan_loss:0.048294]
2024-09-02 07:51:01.868 | INFO     | adsh:train:144 - [epoch:3/3][cnn_loss:72.181720][hash_loss:72.134647][quan_loss:0.047073]
2024-09-02 07:51:01.968 | INFO     | adsh:train:155 - [iter:40/50][loss:383.147034][iter_time:80.53]
2024-09-02 07:54:08.606 | INFO     | adsh:train:227 - [iter:40/50][code_length:64][mAP:0.77894][mAP_all:0.66459][best_mAP:0.77972]
2024-09-02 07:54:08.606 | INFO     | adsh:train:228 - [iter:40/50][code_length:64][zs_mAP:0.48650][zs_mAP_all:0.50170]
2024-09-02 07:54:35.673 | INFO     | adsh:train:144 - [epoch:1/3][cnn_loss:79.662111][hash_loss:79.612266][quan_loss:0.049846]
2024-09-02 07:55:03.072 | INFO     | adsh:train:144 - [epoch:2/3][cnn_loss:75.151458][hash_loss:75.103189][quan_loss:0.048268]
2024-09-02 07:55:30.083 | INFO     | adsh:train:144 - [epoch:3/3][cnn_loss:73.526569][hash_loss:73.479656][quan_loss:0.046913]
2024-09-02 07:55:30.181 | INFO     | adsh:train:155 - [iter:41/50][loss:390.449249][iter_time:81.57]
2024-09-02 07:58:36.997 | INFO     | adsh:train:227 - [iter:41/50][code_length:64][mAP:0.78012][mAP_all:0.66106][best_mAP:0.78012]
2024-09-02 07:58:36.998 | INFO     | adsh:train:228 - [iter:41/50][code_length:64][zs_mAP:0.47042][zs_mAP_all:0.48152]
2024-09-02 07:59:03.833 | INFO     | adsh:train:144 - [epoch:1/3][cnn_loss:79.992455][hash_loss:79.941915][quan_loss:0.050540]
2024-09-02 07:59:29.927 | INFO     | adsh:train:144 - [epoch:2/3][cnn_loss:77.086611][hash_loss:77.037335][quan_loss:0.049277]
2024-09-02 07:59:56.196 | INFO     | adsh:train:144 - [epoch:3/3][cnn_loss:75.037048][hash_loss:74.988670][quan_loss:0.048378]
2024-09-02 07:59:56.295 | INFO     | adsh:train:155 - [iter:42/50][loss:398.354797][iter_time:79.30]
2024-09-02 08:03:03.561 | INFO     | adsh:train:227 - [iter:42/50][code_length:64][mAP:0.78157][mAP_all:0.65813][best_mAP:0.78157]
2024-09-02 08:03:03.562 | INFO     | adsh:train:228 - [iter:42/50][code_length:64][zs_mAP:0.47525][zs_mAP_all:0.48374]
2024-09-02 08:03:29.855 | INFO     | adsh:train:144 - [epoch:1/3][cnn_loss:77.242481][hash_loss:77.192640][quan_loss:0.049840]
2024-09-02 08:03:55.884 | INFO     | adsh:train:144 - [epoch:2/3][cnn_loss:74.484153][hash_loss:74.436066][quan_loss:0.048086]
2024-09-02 08:04:22.571 | INFO     | adsh:train:144 - [epoch:3/3][cnn_loss:72.865802][hash_loss:72.818439][quan_loss:0.047363]
2024-09-02 08:04:22.669 | INFO     | adsh:train:155 - [iter:43/50][loss:386.586975][iter_time:79.11]
2024-09-02 08:07:29.935 | INFO     | adsh:train:227 - [iter:43/50][code_length:64][mAP:0.77078][mAP_all:0.66313][best_mAP:0.78157]
2024-09-02 08:07:29.936 | INFO     | adsh:train:228 - [iter:43/50][code_length:64][zs_mAP:0.49428][zs_mAP_all:0.49904]
2024-09-02 08:07:56.240 | INFO     | adsh:train:144 - [epoch:1/3][cnn_loss:77.873187][hash_loss:77.824011][quan_loss:0.049175]
2024-09-02 08:08:22.619 | INFO     | adsh:train:144 - [epoch:2/3][cnn_loss:74.587032][hash_loss:74.540605][quan_loss:0.046427]
2024-09-02 08:08:49.297 | INFO     | adsh:train:144 - [epoch:3/3][cnn_loss:72.796149][hash_loss:72.750020][quan_loss:0.046129]
2024-09-02 08:08:49.395 | INFO     | adsh:train:155 - [iter:44/50][loss:386.517303][iter_time:79.46]
2024-09-02 08:11:55.749 | INFO     | adsh:train:227 - [iter:44/50][code_length:64][mAP:0.77634][mAP_all:0.66488][best_mAP:0.78157]
2024-09-02 08:11:55.750 | INFO     | adsh:train:228 - [iter:44/50][code_length:64][zs_mAP:0.50388][zs_mAP_all:0.50877]
2024-09-02 08:12:22.367 | INFO     | adsh:train:144 - [epoch:1/3][cnn_loss:75.785351][hash_loss:75.736670][quan_loss:0.048681]
2024-09-02 08:12:49.750 | INFO     | adsh:train:144 - [epoch:2/3][cnn_loss:74.399644][hash_loss:74.351580][quan_loss:0.048064]
2024-09-02 08:13:17.209 | INFO     | adsh:train:144 - [epoch:3/3][cnn_loss:71.593387][hash_loss:71.547455][quan_loss:0.045932]
2024-09-02 08:13:17.307 | INFO     | adsh:train:155 - [iter:45/50][loss:379.614624][iter_time:81.56]
2024-09-02 08:16:24.383 | INFO     | adsh:train:227 - [iter:45/50][code_length:64][mAP:0.77241][mAP_all:0.67496][best_mAP:0.78157]
2024-09-02 08:16:24.384 | INFO     | adsh:train:228 - [iter:45/50][code_length:64][zs_mAP:0.49981][zs_mAP_all:0.51219]
2024-09-02 08:16:50.976 | INFO     | adsh:train:144 - [epoch:1/3][cnn_loss:76.499078][hash_loss:76.450122][quan_loss:0.048955]
2024-09-02 08:17:17.873 | INFO     | adsh:train:144 - [epoch:2/3][cnn_loss:74.518708][hash_loss:74.470459][quan_loss:0.048250]
2024-09-02 08:17:44.312 | INFO     | adsh:train:144 - [epoch:3/3][cnn_loss:74.388836][hash_loss:74.340746][quan_loss:0.048090]
2024-09-02 08:17:44.411 | INFO     | adsh:train:155 - [iter:46/50][loss:394.130768][iter_time:80.03]
2024-09-02 08:20:50.962 | INFO     | adsh:train:227 - [iter:46/50][code_length:64][mAP:0.79078][mAP_all:0.68205][best_mAP:0.79078]
2024-09-02 08:20:50.963 | INFO     | adsh:train:228 - [iter:46/50][code_length:64][zs_mAP:0.51163][zs_mAP_all:0.51905]
2024-09-02 08:21:17.993 | INFO     | adsh:train:144 - [epoch:1/3][cnn_loss:75.201309][hash_loss:75.151527][quan_loss:0.049782]
2024-09-02 08:21:44.576 | INFO     | adsh:train:144 - [epoch:2/3][cnn_loss:74.395284][hash_loss:74.345769][quan_loss:0.049515]
2024-09-02 08:22:10.976 | INFO     | adsh:train:144 - [epoch:3/3][cnn_loss:73.804208][hash_loss:73.755417][quan_loss:0.048791]
2024-09-02 08:22:11.076 | INFO     | adsh:train:155 - [iter:47/50][loss:391.594818][iter_time:80.11]
2024-09-02 08:25:18.313 | INFO     | adsh:train:227 - [iter:47/50][code_length:64][mAP:0.79316][mAP_all:0.67430][best_mAP:0.79316]
2024-09-02 08:25:18.315 | INFO     | adsh:train:228 - [iter:47/50][code_length:64][zs_mAP:0.50845][zs_mAP_all:0.51651]
2024-09-02 08:25:45.105 | INFO     | adsh:train:144 - [epoch:1/3][cnn_loss:73.270445][hash_loss:73.222125][quan_loss:0.048320]
2024-09-02 08:26:12.373 | INFO     | adsh:train:144 - [epoch:2/3][cnn_loss:72.287136][hash_loss:72.239408][quan_loss:0.047727]
2024-09-02 08:26:39.163 | INFO     | adsh:train:144 - [epoch:3/3][cnn_loss:73.243821][hash_loss:73.195892][quan_loss:0.047930]
2024-09-02 08:26:39.261 | INFO     | adsh:train:155 - [iter:48/50][loss:388.342529][iter_time:80.95]
2024-09-02 08:29:44.620 | INFO     | adsh:train:227 - [iter:48/50][code_length:64][mAP:0.79591][mAP_all:0.68013][best_mAP:0.79591]
2024-09-02 08:29:44.621 | INFO     | adsh:train:228 - [iter:48/50][code_length:64][zs_mAP:0.50938][zs_mAP_all:0.51896]
2024-09-02 08:30:12.632 | INFO     | adsh:train:144 - [epoch:1/3][cnn_loss:73.918851][hash_loss:73.870896][quan_loss:0.047955]
2024-09-02 08:30:39.350 | INFO     | adsh:train:144 - [epoch:2/3][cnn_loss:74.067299][hash_loss:74.019322][quan_loss:0.047977]
2024-09-02 08:31:05.868 | INFO     | adsh:train:144 - [epoch:3/3][cnn_loss:73.105567][hash_loss:73.058017][quan_loss:0.047550]
2024-09-02 08:31:05.968 | INFO     | adsh:train:155 - [iter:49/50][loss:387.868256][iter_time:81.35]
2024-09-02 08:34:13.334 | INFO     | adsh:train:227 - [iter:49/50][code_length:64][mAP:0.79981][mAP_all:0.68322][best_mAP:0.79981]
2024-09-02 08:34:13.335 | INFO     | adsh:train:228 - [iter:49/50][code_length:64][zs_mAP:0.51590][zs_mAP_all:0.52160]
2024-09-02 08:34:39.944 | INFO     | adsh:train:144 - [epoch:1/3][cnn_loss:73.430479][hash_loss:73.383542][quan_loss:0.046936]
2024-09-02 08:35:06.296 | INFO     | adsh:train:144 - [epoch:2/3][cnn_loss:73.183419][hash_loss:73.136406][quan_loss:0.047013]
2024-09-02 08:35:32.522 | INFO     | adsh:train:144 - [epoch:3/3][cnn_loss:72.591314][hash_loss:72.544684][quan_loss:0.046631]
2024-09-02 08:35:32.621 | INFO     | adsh:train:155 - [iter:50/50][loss:384.583252][iter_time:79.29]
2024-09-02 08:38:38.801 | INFO     | adsh:train:227 - [iter:50/50][code_length:64][mAP:0.79485][mAP_all:0.68832][best_mAP:0.79981]
2024-09-02 08:38:38.801 | INFO     | adsh:train:228 - [iter:50/50][code_length:64][zs_mAP:0.51824][zs_mAP_all:0.52134]
2024-09-02 08:38:38.801 | INFO     | adsh:train:230 - [Training time:8163.89]
2024-09-02 08:38:38.803 | INFO     | __main__:run:138 - [code_length:64][map:0.7998][map_all:0.6832][zs_map:0.5159][zs_map_all:0.5216]
