2023-11-15 22:32:11.517 | SUCCESS  | __main__:run:50 - Namespace(align_step=50, arch='center', batch_size=16, cauchy_gamma=20.0, code_length=[16, 32, 64], dataset='imagenetzs', device=device(type='cuda', index=3), epoch_change=11, gamma=200, gpu=3, info='imagenetzs-25-75-center-11-15-16,32,64', lambd=0.1, lambd_ch=0.1, lambd_sp=0.1, lr=1e-05, lr_step=[45], margin=0.1, max_epoch=1, max_iter=50, momen=0.9, nesterov=False, net='ResNet50', num_classes=75, num_query=1000, num_samples=9750, num_workers=2, num_zs=25, optim='RMSprop', pretrain=True, quan_loss=False, root='/2T/dataset/ImageNet/ILSVRC', save_ckpt='checkpoints/', topk=1000, val_freq=5, wd=1e-05)
2023-11-15 22:32:27.855 | SUCCESS  | __main__:run:50 - Namespace(align_step=50, arch='center', batch_size=16, cauchy_gamma=20.0, code_length=[16, 32, 64], dataset='imagenetzs', device=device(type='cuda', index=3), epoch_change=11, gamma=200, gpu=3, info='imagenetzs-25-75-center-11-15-16,32,64', lambd=0.1, lambd_ch=0.1, lambd_sp=0.1, lr=1e-05, lr_step=[45], margin=0.1, max_epoch=1, max_iter=50, momen=0.9, nesterov=False, net='ResNet50', num_classes=75, num_query=1000, num_samples=9750, num_workers=2, num_zs=25, optim='RMSprop', pretrain=True, quan_loss=False, root='/2T/dataset/ImageNet/ILSVRC', save_ckpt='checkpoints/', topk=1000, val_freq=5, wd=1e-05)
2023-11-15 22:34:25.518 | INFO     | center:train:235 - [epoch:1/1][loss:0.476662][pair_loss:0.000000]
2023-11-15 22:34:25.519 | INFO     | center:train:238 - [iter:1/50][iter_time:48.83]
2023-11-15 22:35:10.378 | INFO     | center:train:235 - [epoch:1/1][loss:0.391664][pair_loss:0.000000]
2023-11-15 22:35:10.379 | INFO     | center:train:238 - [iter:2/50][iter_time:44.86]
2023-11-15 22:35:55.649 | INFO     | center:train:235 - [epoch:1/1][loss:0.379406][pair_loss:0.000000]
2023-11-15 22:35:55.649 | INFO     | center:train:238 - [iter:3/50][iter_time:45.27]
2023-11-15 22:36:41.294 | INFO     | center:train:235 - [epoch:1/1][loss:0.368757][pair_loss:0.000000]
2023-11-15 22:36:41.294 | INFO     | center:train:238 - [iter:4/50][iter_time:45.64]
2023-11-15 22:37:27.219 | INFO     | center:train:235 - [epoch:1/1][loss:0.365880][pair_loss:0.000000]
2023-11-15 22:37:27.220 | INFO     | center:train:238 - [iter:5/50][iter_time:45.93]
2023-11-15 22:47:18.767 | INFO     | center:train:309 - [iter:5/50][code_length:16][mAP:0.73154][mAP_all:0.72199][best_mAP:0.73154]
2023-11-15 22:47:18.768 | INFO     | center:train:310 - [iter:5/50][code_length:16][zs_mAP:0.21407][zs_mAP_all:0.09120]
2023-11-15 22:48:04.448 | INFO     | center:train:235 - [epoch:1/1][loss:0.361152][pair_loss:0.000000]
2023-11-15 22:48:04.449 | INFO     | center:train:238 - [iter:6/50][iter_time:45.68]
2023-11-15 22:48:48.195 | INFO     | center:train:235 - [epoch:1/1][loss:0.350759][pair_loss:0.000000]
2023-11-15 22:48:48.196 | INFO     | center:train:238 - [iter:7/50][iter_time:43.75]
2023-11-15 22:49:32.950 | INFO     | center:train:235 - [epoch:1/1][loss:0.349450][pair_loss:0.000000]
2023-11-15 22:49:32.950 | INFO     | center:train:238 - [iter:8/50][iter_time:44.75]
2023-11-15 22:50:20.378 | INFO     | center:train:235 - [epoch:1/1][loss:0.343282][pair_loss:0.000000]
2023-11-15 22:50:20.379 | INFO     | center:train:238 - [iter:9/50][iter_time:47.43]
2023-11-15 22:51:06.860 | INFO     | center:train:235 - [epoch:1/1][loss:0.341507][pair_loss:0.000000]
2023-11-15 22:51:06.861 | INFO     | center:train:238 - [iter:10/50][iter_time:46.48]
2023-11-15 23:01:16.490 | INFO     | center:train:309 - [iter:10/50][code_length:16][mAP:0.75144][mAP_all:0.74502][best_mAP:0.75144]
2023-11-15 23:01:16.491 | INFO     | center:train:310 - [iter:10/50][code_length:16][zs_mAP:0.22090][zs_mAP_all:0.08342]
2023-11-15 23:01:59.841 | INFO     | center:train:235 - [epoch:1/1][loss:0.334721][pair_loss:0.000000]
2023-11-15 23:01:59.842 | INFO     | center:train:238 - [iter:11/50][iter_time:43.35]
2023-11-15 23:02:43.578 | INFO     | center:train:235 - [epoch:1/1][loss:1.297443][pair_loss:0.961544]
2023-11-15 23:02:43.579 | INFO     | center:train:238 - [iter:12/50][iter_time:43.74]
2023-11-15 23:03:27.199 | INFO     | center:train:235 - [epoch:1/1][loss:1.295644][pair_loss:0.961362]
2023-11-15 23:03:27.199 | INFO     | center:train:238 - [iter:13/50][iter_time:43.62]
2023-11-15 23:04:11.873 | INFO     | center:train:235 - [epoch:1/1][loss:1.294676][pair_loss:0.960757]
2023-11-15 23:04:11.874 | INFO     | center:train:238 - [iter:14/50][iter_time:44.67]
2023-11-15 23:04:57.646 | INFO     | center:train:235 - [epoch:1/1][loss:1.289636][pair_loss:0.961024]
2023-11-15 23:04:57.647 | INFO     | center:train:238 - [iter:15/50][iter_time:45.77]
2023-11-15 23:15:04.686 | INFO     | center:train:309 - [iter:15/50][code_length:16][mAP:0.74606][mAP_all:0.74088][best_mAP:0.75144]
2023-11-15 23:15:04.687 | INFO     | center:train:310 - [iter:15/50][code_length:16][zs_mAP:0.19801][zs_mAP_all:0.08284]
2023-11-15 23:15:50.068 | INFO     | center:train:235 - [epoch:1/1][loss:1.286064][pair_loss:0.960827]
2023-11-15 23:15:50.069 | INFO     | center:train:238 - [iter:16/50][iter_time:45.38]
2023-11-15 23:16:36.444 | INFO     | center:train:235 - [epoch:1/1][loss:1.283384][pair_loss:0.960352]
2023-11-15 23:16:36.444 | INFO     | center:train:238 - [iter:17/50][iter_time:46.38]
2023-11-15 23:17:22.321 | INFO     | center:train:235 - [epoch:1/1][loss:1.283270][pair_loss:0.960669]
2023-11-15 23:17:22.322 | INFO     | center:train:238 - [iter:18/50][iter_time:45.88]
2023-11-15 23:18:08.850 | INFO     | center:train:235 - [epoch:1/1][loss:1.282938][pair_loss:0.960865]
2023-11-15 23:18:08.851 | INFO     | center:train:238 - [iter:19/50][iter_time:46.53]
2023-11-15 23:18:56.240 | INFO     | center:train:235 - [epoch:1/1][loss:1.278457][pair_loss:0.960477]
2023-11-15 23:18:56.241 | INFO     | center:train:238 - [iter:20/50][iter_time:47.39]
2023-11-15 23:28:55.749 | INFO     | center:train:309 - [iter:20/50][code_length:16][mAP:0.71261][mAP_all:0.70701][best_mAP:0.75144]
2023-11-15 23:28:55.750 | INFO     | center:train:310 - [iter:20/50][code_length:16][zs_mAP:0.19060][zs_mAP_all:0.07121]
2023-11-15 23:29:43.222 | INFO     | center:train:235 - [epoch:1/1][loss:1.280626][pair_loss:0.960466]
2023-11-15 23:29:43.223 | INFO     | center:train:238 - [iter:21/50][iter_time:47.47]
2023-11-15 23:30:31.136 | INFO     | center:train:235 - [epoch:1/1][loss:1.275614][pair_loss:0.960536]
2023-11-15 23:30:31.137 | INFO     | center:train:238 - [iter:22/50][iter_time:47.91]
2023-11-15 23:31:19.318 | INFO     | center:train:235 - [epoch:1/1][loss:1.279201][pair_loss:0.960454]
2023-11-15 23:31:19.319 | INFO     | center:train:238 - [iter:23/50][iter_time:48.18]
2023-11-15 23:32:07.596 | INFO     | center:train:235 - [epoch:1/1][loss:1.277455][pair_loss:0.960124]
2023-11-15 23:32:07.597 | INFO     | center:train:238 - [iter:24/50][iter_time:48.28]
2023-11-15 23:32:55.117 | INFO     | center:train:235 - [epoch:1/1][loss:1.274976][pair_loss:0.960257]
2023-11-15 23:32:55.118 | INFO     | center:train:238 - [iter:25/50][iter_time:47.52]
2023-11-15 23:43:10.627 | INFO     | center:train:309 - [iter:25/50][code_length:16][mAP:0.73620][mAP_all:0.73161][best_mAP:0.75144]
2023-11-15 23:43:10.628 | INFO     | center:train:310 - [iter:25/50][code_length:16][zs_mAP:0.19228][zs_mAP_all:0.07465]
2023-11-15 23:43:55.035 | INFO     | center:train:235 - [epoch:1/1][loss:1.274648][pair_loss:0.960096]
2023-11-15 23:43:55.035 | INFO     | center:train:238 - [iter:26/50][iter_time:44.41]
2023-11-15 23:44:39.250 | INFO     | center:train:235 - [epoch:1/1][loss:1.272450][pair_loss:0.959993]
2023-11-15 23:44:39.251 | INFO     | center:train:238 - [iter:27/50][iter_time:44.22]
2023-11-15 23:45:23.031 | INFO     | center:train:235 - [epoch:1/1][loss:1.272608][pair_loss:0.960151]
2023-11-15 23:45:23.032 | INFO     | center:train:238 - [iter:28/50][iter_time:43.78]
2023-11-15 23:46:07.443 | INFO     | center:train:235 - [epoch:1/1][loss:1.269829][pair_loss:0.959754]
2023-11-15 23:46:07.444 | INFO     | center:train:238 - [iter:29/50][iter_time:44.41]
2023-11-15 23:46:53.798 | INFO     | center:train:235 - [epoch:1/1][loss:1.268782][pair_loss:0.959807]
2023-11-15 23:46:53.798 | INFO     | center:train:238 - [iter:30/50][iter_time:46.35]
2023-11-15 23:56:39.695 | INFO     | center:train:309 - [iter:30/50][code_length:16][mAP:0.71620][mAP_all:0.71103][best_mAP:0.75144]
2023-11-15 23:56:39.696 | INFO     | center:train:310 - [iter:30/50][code_length:16][zs_mAP:0.19242][zs_mAP_all:0.07505]
2023-11-15 23:57:25.480 | INFO     | center:train:235 - [epoch:1/1][loss:1.269217][pair_loss:0.959882]
2023-11-15 23:57:25.481 | INFO     | center:train:238 - [iter:31/50][iter_time:45.78]
2023-11-15 23:58:11.246 | INFO     | center:train:235 - [epoch:1/1][loss:1.270846][pair_loss:0.959743]
2023-11-15 23:58:11.247 | INFO     | center:train:238 - [iter:32/50][iter_time:45.77]
2023-11-15 23:58:57.492 | INFO     | center:train:235 - [epoch:1/1][loss:1.268296][pair_loss:0.959762]
2023-11-15 23:58:57.493 | INFO     | center:train:238 - [iter:33/50][iter_time:46.25]
2023-11-15 23:59:43.051 | INFO     | center:train:235 - [epoch:1/1][loss:1.264830][pair_loss:0.959708]
2023-11-15 23:59:43.052 | INFO     | center:train:238 - [iter:34/50][iter_time:45.56]
2023-11-16 00:00:28.423 | INFO     | center:train:235 - [epoch:1/1][loss:1.268760][pair_loss:0.960024]
2023-11-16 00:00:28.424 | INFO     | center:train:238 - [iter:35/50][iter_time:45.37]
2023-11-16 00:10:53.949 | INFO     | center:train:309 - [iter:35/50][code_length:16][mAP:0.71828][mAP_all:0.71427][best_mAP:0.75144]
2023-11-16 00:10:53.950 | INFO     | center:train:310 - [iter:35/50][code_length:16][zs_mAP:0.18444][zs_mAP_all:0.06956]
2023-11-16 00:11:40.532 | INFO     | center:train:235 - [epoch:1/1][loss:1.264420][pair_loss:0.959733]
2023-11-16 00:11:40.533 | INFO     | center:train:238 - [iter:36/50][iter_time:46.58]
2023-11-16 00:21:50.099 | INFO     | center:train:309 - [iter:36/50][code_length:16][mAP:0.72469][mAP_all:0.72044][best_mAP:0.75144]
2023-11-16 00:21:50.100 | INFO     | center:train:310 - [iter:36/50][code_length:16][zs_mAP:0.17937][zs_mAP_all:0.06899]
2023-11-16 00:22:34.459 | INFO     | center:train:235 - [epoch:1/1][loss:1.263661][pair_loss:0.959707]
2023-11-16 00:22:34.460 | INFO     | center:train:238 - [iter:37/50][iter_time:44.36]
2023-11-16 00:33:06.658 | INFO     | center:train:309 - [iter:37/50][code_length:16][mAP:0.71704][mAP_all:0.71172][best_mAP:0.75144]
2023-11-16 00:33:06.659 | INFO     | center:train:310 - [iter:37/50][code_length:16][zs_mAP:0.18832][zs_mAP_all:0.06737]
2023-11-16 00:33:52.230 | INFO     | center:train:235 - [epoch:1/1][loss:1.261344][pair_loss:0.959327]
2023-11-16 00:33:52.231 | INFO     | center:train:238 - [iter:38/50][iter_time:45.57]
2023-11-16 00:43:46.639 | INFO     | center:train:309 - [iter:38/50][code_length:16][mAP:0.72691][mAP_all:0.72173][best_mAP:0.75144]
2023-11-16 00:43:46.640 | INFO     | center:train:310 - [iter:38/50][code_length:16][zs_mAP:0.18122][zs_mAP_all:0.06868]
2023-11-16 00:44:30.992 | INFO     | center:train:235 - [epoch:1/1][loss:1.263441][pair_loss:0.959315]
2023-11-16 00:44:30.993 | INFO     | center:train:238 - [iter:39/50][iter_time:44.35]
2023-11-16 00:54:31.022 | INFO     | center:train:309 - [iter:39/50][code_length:16][mAP:0.72569][mAP_all:0.72084][best_mAP:0.75144]
2023-11-16 00:54:31.023 | INFO     | center:train:310 - [iter:39/50][code_length:16][zs_mAP:0.19307][zs_mAP_all:0.07046]
2023-11-16 00:55:15.641 | INFO     | center:train:235 - [epoch:1/1][loss:1.260843][pair_loss:0.959373]
2023-11-16 00:55:15.642 | INFO     | center:train:238 - [iter:40/50][iter_time:44.62]
2023-11-16 01:05:03.932 | INFO     | center:train:309 - [iter:40/50][code_length:16][mAP:0.71222][mAP_all:0.70741][best_mAP:0.75144]
2023-11-16 01:05:03.933 | INFO     | center:train:310 - [iter:40/50][code_length:16][zs_mAP:0.18861][zs_mAP_all:0.06580]
2023-11-16 01:05:50.982 | INFO     | center:train:235 - [epoch:1/1][loss:1.260248][pair_loss:0.959535]
2023-11-16 01:05:50.983 | INFO     | center:train:238 - [iter:41/50][iter_time:47.05]
2023-11-16 01:15:26.852 | INFO     | center:train:309 - [iter:41/50][code_length:16][mAP:0.72106][mAP_all:0.71605][best_mAP:0.75144]
2023-11-16 01:15:26.852 | INFO     | center:train:310 - [iter:41/50][code_length:16][zs_mAP:0.19200][zs_mAP_all:0.06355]
2023-11-16 01:16:11.439 | INFO     | center:train:235 - [epoch:1/1][loss:1.261903][pair_loss:0.959460]
2023-11-16 01:16:11.439 | INFO     | center:train:238 - [iter:42/50][iter_time:44.59]
2023-11-16 01:26:02.064 | INFO     | center:train:309 - [iter:42/50][code_length:16][mAP:0.72455][mAP_all:0.71998][best_mAP:0.75144]
2023-11-16 01:26:02.065 | INFO     | center:train:310 - [iter:42/50][code_length:16][zs_mAP:0.18232][zs_mAP_all:0.06563]
2023-11-16 01:26:49.082 | INFO     | center:train:235 - [epoch:1/1][loss:1.262757][pair_loss:0.959506]
2023-11-16 01:26:49.082 | INFO     | center:train:238 - [iter:43/50][iter_time:47.02]
2023-11-16 01:38:46.009 | INFO     | center:train:309 - [iter:43/50][code_length:16][mAP:0.72253][mAP_all:0.71851][best_mAP:0.75144]
2023-11-16 01:38:46.010 | INFO     | center:train:310 - [iter:43/50][code_length:16][zs_mAP:0.18524][zs_mAP_all:0.06939]
2023-11-16 01:39:32.902 | INFO     | center:train:235 - [epoch:1/1][loss:1.261312][pair_loss:0.959352]
2023-11-16 01:39:32.903 | INFO     | center:train:238 - [iter:44/50][iter_time:46.89]
2023-11-16 01:50:58.145 | INFO     | center:train:309 - [iter:44/50][code_length:16][mAP:0.73707][mAP_all:0.73167][best_mAP:0.75144]
2023-11-16 01:50:58.146 | INFO     | center:train:310 - [iter:44/50][code_length:16][zs_mAP:0.18848][zs_mAP_all:0.06481]
2023-11-16 01:51:45.015 | INFO     | center:train:235 - [epoch:1/1][loss:1.261330][pair_loss:0.959125]
2023-11-16 01:51:45.016 | INFO     | center:train:238 - [iter:45/50][iter_time:46.87]
2023-11-16 02:03:34.409 | INFO     | center:train:309 - [iter:45/50][code_length:16][mAP:0.72084][mAP_all:0.71588][best_mAP:0.75144]
2023-11-16 02:03:34.410 | INFO     | center:train:310 - [iter:45/50][code_length:16][zs_mAP:0.19128][zs_mAP_all:0.06874]
2023-11-16 02:04:23.610 | INFO     | center:train:235 - [epoch:1/1][loss:1.247662][pair_loss:0.958420]
2023-11-16 02:04:23.611 | INFO     | center:train:238 - [iter:46/50][iter_time:49.20]
2023-11-16 02:15:56.054 | INFO     | center:train:309 - [iter:46/50][code_length:16][mAP:0.75526][mAP_all:0.75025][best_mAP:0.75526]
2023-11-16 02:15:56.055 | INFO     | center:train:310 - [iter:46/50][code_length:16][zs_mAP:0.19536][zs_mAP_all:0.06903]
2023-11-16 02:16:44.005 | INFO     | center:train:235 - [epoch:1/1][loss:1.235831][pair_loss:0.957966]
2023-11-16 02:16:44.005 | INFO     | center:train:238 - [iter:47/50][iter_time:47.95]
2023-11-16 02:28:26.837 | INFO     | center:train:309 - [iter:47/50][code_length:16][mAP:0.76166][mAP_all:0.75746][best_mAP:0.76166]
2023-11-16 02:28:26.838 | INFO     | center:train:310 - [iter:47/50][code_length:16][zs_mAP:0.20154][zs_mAP_all:0.07476]
2023-11-16 02:29:16.217 | INFO     | center:train:235 - [epoch:1/1][loss:1.234615][pair_loss:0.957708]
2023-11-16 02:29:16.218 | INFO     | center:train:238 - [iter:48/50][iter_time:49.38]
2023-11-16 02:40:57.820 | INFO     | center:train:309 - [iter:48/50][code_length:16][mAP:0.76931][mAP_all:0.76586][best_mAP:0.76931]
2023-11-16 02:40:57.821 | INFO     | center:train:310 - [iter:48/50][code_length:16][zs_mAP:0.20376][zs_mAP_all:0.07156]
2023-11-16 02:41:45.037 | INFO     | center:train:235 - [epoch:1/1][loss:1.232627][pair_loss:0.957480]
2023-11-16 02:41:45.037 | INFO     | center:train:238 - [iter:49/50][iter_time:47.22]
2023-11-16 02:53:17.917 | INFO     | center:train:309 - [iter:49/50][code_length:16][mAP:0.77062][mAP_all:0.76716][best_mAP:0.77062]
2023-11-16 02:53:17.918 | INFO     | center:train:310 - [iter:49/50][code_length:16][zs_mAP:0.20399][zs_mAP_all:0.07511]
2023-11-16 02:54:05.291 | INFO     | center:train:235 - [epoch:1/1][loss:1.231764][pair_loss:0.957558]
2023-11-16 02:54:05.292 | INFO     | center:train:238 - [iter:50/50][iter_time:47.37]
2023-11-16 03:05:58.960 | INFO     | center:train:309 - [iter:50/50][code_length:16][mAP:0.77178][mAP_all:0.76838][best_mAP:0.77178]
2023-11-16 03:05:58.961 | INFO     | center:train:310 - [iter:50/50][code_length:16][zs_mAP:0.20499][zs_mAP_all:0.07963]
2023-11-16 03:05:58.961 | INFO     | center:train:313 - [Training time:16342.27]
2023-11-16 03:05:58.975 | INFO     | __main__:run:126 - [code_length:16][map:0.7718][map_all:0.7684][zs_map:0.2050][zs_map_all:0.0796]
2023-11-16 03:07:19.557 | INFO     | center:train:235 - [epoch:1/1][loss:0.359396][pair_loss:0.000000]
2023-11-16 03:07:19.557 | INFO     | center:train:238 - [iter:1/50][iter_time:47.46]
2023-11-16 03:08:06.700 | INFO     | center:train:235 - [epoch:1/1][loss:0.265763][pair_loss:0.000000]
2023-11-16 03:08:06.701 | INFO     | center:train:238 - [iter:2/50][iter_time:47.14]
2023-11-16 03:08:53.989 | INFO     | center:train:235 - [epoch:1/1][loss:0.250487][pair_loss:0.000000]
2023-11-16 03:08:53.989 | INFO     | center:train:238 - [iter:3/50][iter_time:47.29]
2023-11-16 03:09:40.728 | INFO     | center:train:235 - [epoch:1/1][loss:0.239532][pair_loss:0.000000]
2023-11-16 03:09:40.729 | INFO     | center:train:238 - [iter:4/50][iter_time:46.74]
2023-11-16 03:10:27.300 | INFO     | center:train:235 - [epoch:1/1][loss:0.229190][pair_loss:0.000000]
2023-11-16 03:10:27.301 | INFO     | center:train:238 - [iter:5/50][iter_time:46.57]
2023-11-16 03:22:01.528 | INFO     | center:train:309 - [iter:5/50][code_length:32][mAP:0.80454][mAP_all:0.79047][best_mAP:0.80454]
2023-11-16 03:22:01.529 | INFO     | center:train:310 - [iter:5/50][code_length:32][zs_mAP:0.27236][zs_mAP_all:0.15996]
2023-11-16 03:22:50.420 | INFO     | center:train:235 - [epoch:1/1][loss:0.224983][pair_loss:0.000000]
2023-11-16 03:22:50.420 | INFO     | center:train:238 - [iter:6/50][iter_time:48.89]
2023-11-16 03:23:39.242 | INFO     | center:train:235 - [epoch:1/1][loss:0.213908][pair_loss:0.000000]
2023-11-16 03:23:39.249 | INFO     | center:train:238 - [iter:7/50][iter_time:48.83]
2023-11-16 03:24:28.859 | INFO     | center:train:235 - [epoch:1/1][loss:0.210607][pair_loss:0.000000]
2023-11-16 03:24:28.859 | INFO     | center:train:238 - [iter:8/50][iter_time:49.61]
2023-11-16 03:25:17.511 | INFO     | center:train:235 - [epoch:1/1][loss:0.206821][pair_loss:0.000000]
2023-11-16 03:25:17.511 | INFO     | center:train:238 - [iter:9/50][iter_time:48.65]
2023-11-16 03:26:06.331 | INFO     | center:train:235 - [epoch:1/1][loss:0.203124][pair_loss:0.000000]
2023-11-16 03:26:06.331 | INFO     | center:train:238 - [iter:10/50][iter_time:48.82]
2023-11-16 03:37:51.194 | INFO     | center:train:309 - [iter:10/50][code_length:32][mAP:0.77911][mAP_all:0.76878][best_mAP:0.80454]
2023-11-16 03:37:51.194 | INFO     | center:train:310 - [iter:10/50][code_length:32][zs_mAP:0.24250][zs_mAP_all:0.13215]
2023-11-16 03:38:38.503 | INFO     | center:train:235 - [epoch:1/1][loss:0.202657][pair_loss:0.000000]
2023-11-16 03:38:38.504 | INFO     | center:train:238 - [iter:11/50][iter_time:47.31]
2023-11-16 03:39:26.223 | INFO     | center:train:235 - [epoch:1/1][loss:1.156849][pair_loss:0.960073]
2023-11-16 03:39:26.223 | INFO     | center:train:238 - [iter:12/50][iter_time:47.72]
2023-11-16 03:40:13.784 | INFO     | center:train:235 - [epoch:1/1][loss:1.154488][pair_loss:0.960284]
2023-11-16 03:40:13.784 | INFO     | center:train:238 - [iter:13/50][iter_time:47.56]
2023-11-16 03:41:00.173 | INFO     | center:train:235 - [epoch:1/1][loss:1.151042][pair_loss:0.959970]
2023-11-16 03:41:00.174 | INFO     | center:train:238 - [iter:14/50][iter_time:46.39]
2023-11-16 03:41:47.379 | INFO     | center:train:235 - [epoch:1/1][loss:1.149935][pair_loss:0.960037]
2023-11-16 03:41:47.380 | INFO     | center:train:238 - [iter:15/50][iter_time:47.21]
2023-11-16 03:53:37.423 | INFO     | center:train:309 - [iter:15/50][code_length:32][mAP:0.79457][mAP_all:0.78411][best_mAP:0.80454]
2023-11-16 03:53:37.424 | INFO     | center:train:310 - [iter:15/50][code_length:32][zs_mAP:0.23882][zs_mAP_all:0.13212]
2023-11-16 03:54:25.791 | INFO     | center:train:235 - [epoch:1/1][loss:1.143416][pair_loss:0.959613]
2023-11-16 03:54:25.792 | INFO     | center:train:238 - [iter:16/50][iter_time:48.37]
2023-11-16 03:55:14.783 | INFO     | center:train:235 - [epoch:1/1][loss:1.147081][pair_loss:0.959970]
2023-11-16 03:55:14.784 | INFO     | center:train:238 - [iter:17/50][iter_time:48.99]
2023-11-16 03:56:03.812 | INFO     | center:train:235 - [epoch:1/1][loss:1.142003][pair_loss:0.959575]
2023-11-16 03:56:03.813 | INFO     | center:train:238 - [iter:18/50][iter_time:49.03]
2023-11-16 03:56:51.131 | INFO     | center:train:235 - [epoch:1/1][loss:1.139916][pair_loss:0.959419]
2023-11-16 03:56:51.131 | INFO     | center:train:238 - [iter:19/50][iter_time:47.32]
2023-11-16 03:57:35.770 | INFO     | center:train:235 - [epoch:1/1][loss:1.145588][pair_loss:0.959572]
2023-11-16 03:57:35.771 | INFO     | center:train:238 - [iter:20/50][iter_time:44.64]
2023-11-16 04:09:09.756 | INFO     | center:train:309 - [iter:20/50][code_length:32][mAP:0.78428][mAP_all:0.77544][best_mAP:0.80454]
2023-11-16 04:09:09.757 | INFO     | center:train:310 - [iter:20/50][code_length:32][zs_mAP:0.23717][zs_mAP_all:0.12563]
2023-11-16 04:09:58.034 | INFO     | center:train:235 - [epoch:1/1][loss:1.135131][pair_loss:0.959398]
2023-11-16 04:09:58.034 | INFO     | center:train:238 - [iter:21/50][iter_time:48.28]
2023-11-16 04:10:46.209 | INFO     | center:train:235 - [epoch:1/1][loss:1.138565][pair_loss:0.959672]
2023-11-16 04:10:46.210 | INFO     | center:train:238 - [iter:22/50][iter_time:48.18]
2023-11-16 04:11:33.537 | INFO     | center:train:235 - [epoch:1/1][loss:1.131920][pair_loss:0.958998]
2023-11-16 04:11:33.537 | INFO     | center:train:238 - [iter:23/50][iter_time:47.33]
2023-11-16 04:12:20.377 | INFO     | center:train:235 - [epoch:1/1][loss:1.132905][pair_loss:0.959267]
2023-11-16 04:12:20.380 | INFO     | center:train:238 - [iter:24/50][iter_time:46.84]
2023-11-16 04:13:07.707 | INFO     | center:train:235 - [epoch:1/1][loss:1.133042][pair_loss:0.959151]
2023-11-16 04:13:07.707 | INFO     | center:train:238 - [iter:25/50][iter_time:47.33]
2023-11-16 04:24:58.557 | INFO     | center:train:309 - [iter:25/50][code_length:32][mAP:0.76421][mAP_all:0.75617][best_mAP:0.80454]
2023-11-16 04:24:58.558 | INFO     | center:train:310 - [iter:25/50][code_length:32][zs_mAP:0.23605][zs_mAP_all:0.11816]
2023-11-16 04:25:46.340 | INFO     | center:train:235 - [epoch:1/1][loss:1.128817][pair_loss:0.958901]
2023-11-16 04:25:46.340 | INFO     | center:train:238 - [iter:26/50][iter_time:47.78]
2023-11-16 04:26:34.285 | INFO     | center:train:235 - [epoch:1/1][loss:1.131801][pair_loss:0.959142]
2023-11-16 04:26:34.286 | INFO     | center:train:238 - [iter:27/50][iter_time:47.94]
2023-11-16 04:27:20.961 | INFO     | center:train:235 - [epoch:1/1][loss:1.126277][pair_loss:0.958745]
2023-11-16 04:27:20.962 | INFO     | center:train:238 - [iter:28/50][iter_time:46.68]
2023-11-16 04:28:08.507 | INFO     | center:train:235 - [epoch:1/1][loss:1.125325][pair_loss:0.958778]
2023-11-16 04:28:08.508 | INFO     | center:train:238 - [iter:29/50][iter_time:47.55]
2023-11-16 04:28:55.754 | INFO     | center:train:235 - [epoch:1/1][loss:1.128104][pair_loss:0.958819]
2023-11-16 04:28:55.755 | INFO     | center:train:238 - [iter:30/50][iter_time:47.25]
2023-11-16 04:40:32.489 | INFO     | center:train:309 - [iter:30/50][code_length:32][mAP:0.77920][mAP_all:0.76979][best_mAP:0.80454]
2023-11-16 04:40:32.489 | INFO     | center:train:310 - [iter:30/50][code_length:32][zs_mAP:0.23223][zs_mAP_all:0.11695]
2023-11-16 04:41:19.483 | INFO     | center:train:235 - [epoch:1/1][loss:1.122989][pair_loss:0.958737]
2023-11-16 04:41:19.484 | INFO     | center:train:238 - [iter:31/50][iter_time:46.99]
2023-11-16 04:42:06.753 | INFO     | center:train:235 - [epoch:1/1][loss:1.123613][pair_loss:0.958826]
2023-11-16 04:42:06.753 | INFO     | center:train:238 - [iter:32/50][iter_time:47.27]
2023-11-16 04:42:54.186 | INFO     | center:train:235 - [epoch:1/1][loss:1.121579][pair_loss:0.958653]
2023-11-16 04:42:54.187 | INFO     | center:train:238 - [iter:33/50][iter_time:47.43]
2023-11-16 04:43:42.091 | INFO     | center:train:235 - [epoch:1/1][loss:1.120395][pair_loss:0.958556]
2023-11-16 04:43:42.092 | INFO     | center:train:238 - [iter:34/50][iter_time:47.90]
2023-11-16 04:44:31.218 | INFO     | center:train:235 - [epoch:1/1][loss:1.127690][pair_loss:0.959226]
2023-11-16 04:44:31.219 | INFO     | center:train:238 - [iter:35/50][iter_time:49.13]
2023-11-16 04:56:17.528 | INFO     | center:train:309 - [iter:35/50][code_length:32][mAP:0.75582][mAP_all:0.74824][best_mAP:0.80454]
2023-11-16 04:56:17.529 | INFO     | center:train:310 - [iter:35/50][code_length:32][zs_mAP:0.20609][zs_mAP_all:0.11181]
2023-11-16 04:57:04.734 | INFO     | center:train:235 - [epoch:1/1][loss:1.118331][pair_loss:0.958560]
2023-11-16 04:57:04.735 | INFO     | center:train:238 - [iter:36/50][iter_time:47.21]
2023-11-16 05:08:36.204 | INFO     | center:train:309 - [iter:36/50][code_length:32][mAP:0.75880][mAP_all:0.75014][best_mAP:0.80454]
2023-11-16 05:08:36.205 | INFO     | center:train:310 - [iter:36/50][code_length:32][zs_mAP:0.20996][zs_mAP_all:0.11128]
2023-11-16 05:09:22.799 | INFO     | center:train:235 - [epoch:1/1][loss:1.121850][pair_loss:0.958452]
2023-11-16 05:09:22.799 | INFO     | center:train:238 - [iter:37/50][iter_time:46.59]
2023-11-16 05:21:17.795 | INFO     | center:train:309 - [iter:37/50][code_length:32][mAP:0.76462][mAP_all:0.75600][best_mAP:0.80454]
2023-11-16 05:21:17.796 | INFO     | center:train:310 - [iter:37/50][code_length:32][zs_mAP:0.21978][zs_mAP_all:0.11741]
2023-11-16 05:22:05.330 | INFO     | center:train:235 - [epoch:1/1][loss:1.118588][pair_loss:0.958406]
2023-11-16 05:22:05.331 | INFO     | center:train:238 - [iter:38/50][iter_time:47.53]
2023-11-16 05:33:40.213 | INFO     | center:train:309 - [iter:38/50][code_length:32][mAP:0.76390][mAP_all:0.75487][best_mAP:0.80454]
2023-11-16 05:33:40.214 | INFO     | center:train:310 - [iter:38/50][code_length:32][zs_mAP:0.22244][zs_mAP_all:0.11364]
2023-11-16 05:34:27.681 | INFO     | center:train:235 - [epoch:1/1][loss:1.118466][pair_loss:0.958489]
2023-11-16 05:34:27.682 | INFO     | center:train:238 - [iter:39/50][iter_time:47.47]
2023-11-16 05:46:26.060 | INFO     | center:train:309 - [iter:39/50][code_length:32][mAP:0.75908][mAP_all:0.75153][best_mAP:0.80454]
2023-11-16 05:46:26.061 | INFO     | center:train:310 - [iter:39/50][code_length:32][zs_mAP:0.21284][zs_mAP_all:0.11331]
2023-11-16 05:47:12.771 | INFO     | center:train:235 - [epoch:1/1][loss:1.119600][pair_loss:0.958627]
2023-11-16 05:47:12.773 | INFO     | center:train:238 - [iter:40/50][iter_time:46.71]
2023-11-16 05:58:51.407 | INFO     | center:train:309 - [iter:40/50][code_length:32][mAP:0.75762][mAP_all:0.74947][best_mAP:0.80454]
2023-11-16 05:58:51.408 | INFO     | center:train:310 - [iter:40/50][code_length:32][zs_mAP:0.22979][zs_mAP_all:0.10832]
2023-11-16 05:59:39.245 | INFO     | center:train:235 - [epoch:1/1][loss:1.119373][pair_loss:0.958340]
2023-11-16 05:59:39.246 | INFO     | center:train:238 - [iter:41/50][iter_time:47.84]
2023-11-16 06:11:26.428 | INFO     | center:train:309 - [iter:41/50][code_length:32][mAP:0.77132][mAP_all:0.76438][best_mAP:0.80454]
2023-11-16 06:11:26.429 | INFO     | center:train:310 - [iter:41/50][code_length:32][zs_mAP:0.22123][zs_mAP_all:0.11833]
2023-11-16 06:12:15.335 | INFO     | center:train:235 - [epoch:1/1][loss:1.120073][pair_loss:0.958597]
2023-11-16 06:12:15.336 | INFO     | center:train:238 - [iter:42/50][iter_time:48.91]
2023-11-16 06:23:51.988 | INFO     | center:train:309 - [iter:42/50][code_length:32][mAP:0.77690][mAP_all:0.76919][best_mAP:0.80454]
2023-11-16 06:23:51.989 | INFO     | center:train:310 - [iter:42/50][code_length:32][zs_mAP:0.23339][zs_mAP_all:0.11648]
2023-11-16 06:24:40.189 | INFO     | center:train:235 - [epoch:1/1][loss:1.114702][pair_loss:0.958438]
2023-11-16 06:24:40.189 | INFO     | center:train:238 - [iter:43/50][iter_time:48.20]
2023-11-16 06:36:09.998 | INFO     | center:train:309 - [iter:43/50][code_length:32][mAP:0.76006][mAP_all:0.75263][best_mAP:0.80454]
2023-11-16 06:36:09.999 | INFO     | center:train:310 - [iter:43/50][code_length:32][zs_mAP:0.20966][zs_mAP_all:0.10505]
2023-11-16 06:36:56.678 | INFO     | center:train:235 - [epoch:1/1][loss:1.113798][pair_loss:0.958035]
2023-11-16 06:36:56.678 | INFO     | center:train:238 - [iter:44/50][iter_time:46.68]
2023-11-16 06:48:18.351 | INFO     | center:train:309 - [iter:44/50][code_length:32][mAP:0.75593][mAP_all:0.74922][best_mAP:0.80454]
2023-11-16 06:48:18.353 | INFO     | center:train:310 - [iter:44/50][code_length:32][zs_mAP:0.21941][zs_mAP_all:0.11622]
2023-11-16 06:49:05.259 | INFO     | center:train:235 - [epoch:1/1][loss:1.113425][pair_loss:0.958342]
2023-11-16 06:49:05.260 | INFO     | center:train:238 - [iter:45/50][iter_time:46.91]
2023-11-16 07:00:28.061 | INFO     | center:train:309 - [iter:45/50][code_length:32][mAP:0.77503][mAP_all:0.76850][best_mAP:0.80454]
2023-11-16 07:00:28.062 | INFO     | center:train:310 - [iter:45/50][code_length:32][zs_mAP:0.22297][zs_mAP_all:0.11156]
2023-11-16 07:01:15.215 | INFO     | center:train:235 - [epoch:1/1][loss:1.096529][pair_loss:0.957215]
2023-11-16 07:01:15.216 | INFO     | center:train:238 - [iter:46/50][iter_time:47.15]
2023-11-16 07:12:32.108 | INFO     | center:train:309 - [iter:46/50][code_length:32][mAP:0.79429][mAP_all:0.78867][best_mAP:0.80454]
2023-11-16 07:12:32.109 | INFO     | center:train:310 - [iter:46/50][code_length:32][zs_mAP:0.23217][zs_mAP_all:0.11871]
2023-11-16 07:13:19.271 | INFO     | center:train:235 - [epoch:1/1][loss:1.084686][pair_loss:0.956916]
2023-11-16 07:13:19.272 | INFO     | center:train:238 - [iter:47/50][iter_time:47.16]
2023-11-16 07:24:39.404 | INFO     | center:train:309 - [iter:47/50][code_length:32][mAP:0.79748][mAP_all:0.79218][best_mAP:0.80454]
2023-11-16 07:24:39.405 | INFO     | center:train:310 - [iter:47/50][code_length:32][zs_mAP:0.23495][zs_mAP_all:0.12879]
2023-11-16 07:25:25.995 | INFO     | center:train:235 - [epoch:1/1][loss:1.084247][pair_loss:0.956893]
2023-11-16 07:25:25.996 | INFO     | center:train:238 - [iter:48/50][iter_time:46.59]
2023-11-16 07:36:48.360 | INFO     | center:train:309 - [iter:48/50][code_length:32][mAP:0.80473][mAP_all:0.79897][best_mAP:0.80473]
2023-11-16 07:36:48.361 | INFO     | center:train:310 - [iter:48/50][code_length:32][zs_mAP:0.23979][zs_mAP_all:0.13203]
2023-11-16 07:37:36.094 | INFO     | center:train:235 - [epoch:1/1][loss:1.082356][pair_loss:0.956498]
2023-11-16 07:37:36.095 | INFO     | center:train:238 - [iter:49/50][iter_time:47.73]
2023-11-16 07:49:01.217 | INFO     | center:train:309 - [iter:49/50][code_length:32][mAP:0.80419][mAP_all:0.79925][best_mAP:0.80473]
2023-11-16 07:49:01.218 | INFO     | center:train:310 - [iter:49/50][code_length:32][zs_mAP:0.23752][zs_mAP_all:0.12607]
2023-11-16 07:49:48.986 | INFO     | center:train:235 - [epoch:1/1][loss:1.082078][pair_loss:0.956687]
2023-11-16 07:49:48.987 | INFO     | center:train:238 - [iter:50/50][iter_time:47.77]
2023-11-16 08:01:09.620 | INFO     | center:train:309 - [iter:50/50][code_length:32][mAP:0.80505][mAP_all:0.80074][best_mAP:0.80505]
2023-11-16 08:01:09.621 | INFO     | center:train:310 - [iter:50/50][code_length:32][zs_mAP:0.23508][zs_mAP_all:0.12509]
2023-11-16 08:01:09.621 | INFO     | center:train:313 - [Training time:17677.53]
2023-11-16 08:01:09.637 | INFO     | __main__:run:126 - [code_length:32][map:0.8050][map_all:0.8007][zs_map:0.2351][zs_map_all:0.1251]
2023-11-16 08:04:59.181 | INFO     | center:train:235 - [epoch:1/1][loss:0.289109][pair_loss:0.000000]
2023-11-16 08:04:59.181 | INFO     | center:train:238 - [iter:1/50][iter_time:46.29]
2023-11-16 08:05:46.280 | INFO     | center:train:235 - [epoch:1/1][loss:0.196234][pair_loss:0.000000]
2023-11-16 08:05:46.280 | INFO     | center:train:238 - [iter:2/50][iter_time:47.10]
2023-11-16 08:06:33.374 | INFO     | center:train:235 - [epoch:1/1][loss:0.179856][pair_loss:0.000000]
2023-11-16 08:06:33.375 | INFO     | center:train:238 - [iter:3/50][iter_time:47.09]
2023-11-16 08:07:19.623 | INFO     | center:train:235 - [epoch:1/1][loss:0.176852][pair_loss:0.000000]
2023-11-16 08:07:19.623 | INFO     | center:train:238 - [iter:4/50][iter_time:46.25]
2023-11-16 08:08:06.551 | INFO     | center:train:235 - [epoch:1/1][loss:0.164750][pair_loss:0.000000]
2023-11-16 08:08:06.552 | INFO     | center:train:238 - [iter:5/50][iter_time:46.93]
2023-11-16 08:19:28.377 | INFO     | center:train:309 - [iter:5/50][code_length:64][mAP:0.81701][mAP_all:0.79341][best_mAP:0.81701]
2023-11-16 08:19:28.377 | INFO     | center:train:310 - [iter:5/50][code_length:64][zs_mAP:0.35952][zs_mAP_all:0.21597]
2023-11-16 08:20:15.235 | INFO     | center:train:235 - [epoch:1/1][loss:0.157514][pair_loss:0.000000]
2023-11-16 08:20:15.236 | INFO     | center:train:238 - [iter:6/50][iter_time:46.86]
2023-11-16 08:21:02.049 | INFO     | center:train:235 - [epoch:1/1][loss:0.151457][pair_loss:0.000000]
2023-11-16 08:21:02.050 | INFO     | center:train:238 - [iter:7/50][iter_time:46.81]
2023-11-16 08:21:48.932 | INFO     | center:train:235 - [epoch:1/1][loss:0.147599][pair_loss:0.000000]
2023-11-16 08:21:48.932 | INFO     | center:train:238 - [iter:8/50][iter_time:46.88]
2023-11-16 08:22:34.990 | INFO     | center:train:235 - [epoch:1/1][loss:0.146444][pair_loss:0.000000]
2023-11-16 08:22:34.990 | INFO     | center:train:238 - [iter:9/50][iter_time:46.06]
2023-11-16 08:23:21.488 | INFO     | center:train:235 - [epoch:1/1][loss:0.138902][pair_loss:0.000000]
2023-11-16 08:23:21.489 | INFO     | center:train:238 - [iter:10/50][iter_time:46.50]
2023-11-16 08:34:41.060 | INFO     | center:train:309 - [iter:10/50][code_length:64][mAP:0.80917][mAP_all:0.78715][best_mAP:0.81701]
2023-11-16 08:34:41.061 | INFO     | center:train:310 - [iter:10/50][code_length:64][zs_mAP:0.33160][zs_mAP_all:0.19857]
2023-11-16 08:35:27.620 | INFO     | center:train:235 - [epoch:1/1][loss:0.140247][pair_loss:0.000000]
2023-11-16 08:35:27.621 | INFO     | center:train:238 - [iter:11/50][iter_time:46.56]
2023-11-16 08:36:14.332 | INFO     | center:train:235 - [epoch:1/1][loss:1.093056][pair_loss:0.960889]
2023-11-16 08:36:14.333 | INFO     | center:train:238 - [iter:12/50][iter_time:46.71]
2023-11-16 08:37:01.191 | INFO     | center:train:235 - [epoch:1/1][loss:1.089611][pair_loss:0.960597]
2023-11-16 08:37:01.191 | INFO     | center:train:238 - [iter:13/50][iter_time:46.86]
2023-11-16 08:37:47.679 | INFO     | center:train:235 - [epoch:1/1][loss:1.089174][pair_loss:0.960631]
2023-11-16 08:37:47.680 | INFO     | center:train:238 - [iter:14/50][iter_time:46.49]
2023-11-16 08:38:34.732 | INFO     | center:train:235 - [epoch:1/1][loss:1.085054][pair_loss:0.960487]
2023-11-16 08:38:34.733 | INFO     | center:train:238 - [iter:15/50][iter_time:47.05]
2023-11-16 08:49:55.547 | INFO     | center:train:309 - [iter:15/50][code_length:64][mAP:0.82142][mAP_all:0.80291][best_mAP:0.82142]
2023-11-16 08:49:55.548 | INFO     | center:train:310 - [iter:15/50][code_length:64][zs_mAP:0.31845][zs_mAP_all:0.18312]
2023-11-16 08:50:42.500 | INFO     | center:train:235 - [epoch:1/1][loss:1.079821][pair_loss:0.960361]
2023-11-16 08:50:42.501 | INFO     | center:train:238 - [iter:16/50][iter_time:46.95]
2023-11-16 08:51:29.659 | INFO     | center:train:235 - [epoch:1/1][loss:1.080753][pair_loss:0.960278]
2023-11-16 08:51:29.660 | INFO     | center:train:238 - [iter:17/50][iter_time:47.16]
2023-11-16 08:52:16.482 | INFO     | center:train:235 - [epoch:1/1][loss:1.081299][pair_loss:0.960197]
2023-11-16 08:52:16.483 | INFO     | center:train:238 - [iter:18/50][iter_time:46.82]
2023-11-16 08:53:03.398 | INFO     | center:train:235 - [epoch:1/1][loss:1.082090][pair_loss:0.960136]
2023-11-16 08:53:03.399 | INFO     | center:train:238 - [iter:19/50][iter_time:46.92]
2023-11-16 08:53:49.829 | INFO     | center:train:235 - [epoch:1/1][loss:1.074668][pair_loss:0.959994]
2023-11-16 08:53:49.829 | INFO     | center:train:238 - [iter:20/50][iter_time:46.43]
2023-11-16 09:05:09.229 | INFO     | center:train:309 - [iter:20/50][code_length:64][mAP:0.80693][mAP_all:0.78706][best_mAP:0.82142]
2023-11-16 09:05:09.230 | INFO     | center:train:310 - [iter:20/50][code_length:64][zs_mAP:0.29334][zs_mAP_all:0.17111]
2023-11-16 09:05:55.852 | INFO     | center:train:235 - [epoch:1/1][loss:1.071547][pair_loss:0.959953]
2023-11-16 09:05:55.852 | INFO     | center:train:238 - [iter:21/50][iter_time:46.62]
2023-11-16 09:06:42.287 | INFO     | center:train:235 - [epoch:1/1][loss:1.075971][pair_loss:0.960005]
2023-11-16 09:06:42.287 | INFO     | center:train:238 - [iter:22/50][iter_time:46.44]
2023-11-16 09:07:29.279 | INFO     | center:train:235 - [epoch:1/1][loss:1.073095][pair_loss:0.959909]
2023-11-16 09:07:29.283 | INFO     | center:train:238 - [iter:23/50][iter_time:47.00]
2023-11-16 09:08:16.256 | INFO     | center:train:235 - [epoch:1/1][loss:1.073246][pair_loss:0.959807]
2023-11-16 09:08:16.257 | INFO     | center:train:238 - [iter:24/50][iter_time:46.97]
2023-11-16 09:09:03.639 | INFO     | center:train:235 - [epoch:1/1][loss:1.070578][pair_loss:0.959758]
2023-11-16 09:09:03.640 | INFO     | center:train:238 - [iter:25/50][iter_time:47.38]
2023-11-16 09:20:22.494 | INFO     | center:train:309 - [iter:25/50][code_length:64][mAP:0.79582][mAP_all:0.77786][best_mAP:0.82142]
2023-11-16 09:20:22.495 | INFO     | center:train:310 - [iter:25/50][code_length:64][zs_mAP:0.29801][zs_mAP_all:0.16280]
2023-11-16 09:21:09.264 | INFO     | center:train:235 - [epoch:1/1][loss:1.066388][pair_loss:0.959393]
2023-11-16 09:21:09.265 | INFO     | center:train:238 - [iter:26/50][iter_time:46.77]
2023-11-16 09:21:56.279 | INFO     | center:train:235 - [epoch:1/1][loss:1.066049][pair_loss:0.959654]
2023-11-16 09:21:56.280 | INFO     | center:train:238 - [iter:27/50][iter_time:47.02]
2023-11-16 09:22:42.900 | INFO     | center:train:235 - [epoch:1/1][loss:1.062432][pair_loss:0.959428]
2023-11-16 09:22:42.901 | INFO     | center:train:238 - [iter:28/50][iter_time:46.62]
2023-11-16 09:23:29.820 | INFO     | center:train:235 - [epoch:1/1][loss:1.064364][pair_loss:0.959459]
2023-11-16 09:23:29.821 | INFO     | center:train:238 - [iter:29/50][iter_time:46.92]
2023-11-16 09:24:16.693 | INFO     | center:train:235 - [epoch:1/1][loss:1.059402][pair_loss:0.959130]
2023-11-16 09:24:16.697 | INFO     | center:train:238 - [iter:30/50][iter_time:46.87]
2023-11-16 09:35:35.737 | INFO     | center:train:309 - [iter:30/50][code_length:64][mAP:0.81107][mAP_all:0.79312][best_mAP:0.82142]
2023-11-16 09:35:35.738 | INFO     | center:train:310 - [iter:30/50][code_length:64][zs_mAP:0.30141][zs_mAP_all:0.17105]
2023-11-16 09:36:22.792 | INFO     | center:train:235 - [epoch:1/1][loss:1.060050][pair_loss:0.959289]
2023-11-16 09:36:22.792 | INFO     | center:train:238 - [iter:31/50][iter_time:47.05]
2023-11-16 09:37:09.632 | INFO     | center:train:235 - [epoch:1/1][loss:1.061255][pair_loss:0.959387]
2023-11-16 09:37:09.632 | INFO     | center:train:238 - [iter:32/50][iter_time:46.84]
2023-11-16 09:37:56.350 | INFO     | center:train:235 - [epoch:1/1][loss:1.060465][pair_loss:0.959372]
2023-11-16 09:37:56.351 | INFO     | center:train:238 - [iter:33/50][iter_time:46.72]
2023-11-16 09:38:42.912 | INFO     | center:train:235 - [epoch:1/1][loss:1.056007][pair_loss:0.959228]
2023-11-16 09:38:42.913 | INFO     | center:train:238 - [iter:34/50][iter_time:46.56]
2023-11-16 09:39:29.672 | INFO     | center:train:235 - [epoch:1/1][loss:1.059825][pair_loss:0.959193]
2023-11-16 09:39:29.673 | INFO     | center:train:238 - [iter:35/50][iter_time:46.76]
2023-11-16 09:50:50.023 | INFO     | center:train:309 - [iter:35/50][code_length:64][mAP:0.80108][mAP_all:0.78346][best_mAP:0.82142]
2023-11-16 09:50:50.024 | INFO     | center:train:310 - [iter:35/50][code_length:64][zs_mAP:0.27830][zs_mAP_all:0.15063]
2023-11-16 09:51:37.617 | INFO     | center:train:235 - [epoch:1/1][loss:1.061436][pair_loss:0.959417]
2023-11-16 09:51:37.618 | INFO     | center:train:238 - [iter:36/50][iter_time:47.59]
2023-11-16 10:02:59.317 | INFO     | center:train:309 - [iter:36/50][code_length:64][mAP:0.79087][mAP_all:0.77437][best_mAP:0.82142]
2023-11-16 10:02:59.318 | INFO     | center:train:310 - [iter:36/50][code_length:64][zs_mAP:0.29518][zs_mAP_all:0.16103]
2023-11-16 10:03:44.863 | INFO     | center:train:235 - [epoch:1/1][loss:1.060367][pair_loss:0.959347]
2023-11-16 10:03:44.864 | INFO     | center:train:238 - [iter:37/50][iter_time:45.55]
2023-11-16 10:15:06.903 | INFO     | center:train:309 - [iter:37/50][code_length:64][mAP:0.79354][mAP_all:0.77474][best_mAP:0.82142]
2023-11-16 10:15:06.904 | INFO     | center:train:310 - [iter:37/50][code_length:64][zs_mAP:0.29265][zs_mAP_all:0.16164]
2023-11-16 10:15:53.576 | INFO     | center:train:235 - [epoch:1/1][loss:1.053657][pair_loss:0.958985]
2023-11-16 10:15:53.577 | INFO     | center:train:238 - [iter:38/50][iter_time:46.67]
2023-11-16 10:27:13.643 | INFO     | center:train:309 - [iter:38/50][code_length:64][mAP:0.80026][mAP_all:0.78099][best_mAP:0.82142]
2023-11-16 10:27:13.643 | INFO     | center:train:310 - [iter:38/50][code_length:64][zs_mAP:0.28081][zs_mAP_all:0.15585]
2023-11-16 10:28:00.501 | INFO     | center:train:235 - [epoch:1/1][loss:1.054038][pair_loss:0.958978]
2023-11-16 10:28:00.502 | INFO     | center:train:238 - [iter:39/50][iter_time:46.86]
2023-11-16 10:39:20.474 | INFO     | center:train:309 - [iter:39/50][code_length:64][mAP:0.80893][mAP_all:0.79070][best_mAP:0.82142]
2023-11-16 10:39:20.475 | INFO     | center:train:310 - [iter:39/50][code_length:64][zs_mAP:0.28165][zs_mAP_all:0.15956]
2023-11-16 10:40:07.015 | INFO     | center:train:235 - [epoch:1/1][loss:1.056991][pair_loss:0.959153]
2023-11-16 10:40:07.016 | INFO     | center:train:238 - [iter:40/50][iter_time:46.54]
2023-11-16 10:51:29.896 | INFO     | center:train:309 - [iter:40/50][code_length:64][mAP:0.79546][mAP_all:0.77801][best_mAP:0.82142]
2023-11-16 10:51:29.897 | INFO     | center:train:310 - [iter:40/50][code_length:64][zs_mAP:0.28661][zs_mAP_all:0.15724]
2023-11-16 10:52:16.159 | INFO     | center:train:235 - [epoch:1/1][loss:1.050283][pair_loss:0.958904]
2023-11-16 10:52:16.160 | INFO     | center:train:238 - [iter:41/50][iter_time:46.26]
2023-11-16 11:03:36.925 | INFO     | center:train:309 - [iter:41/50][code_length:64][mAP:0.79569][mAP_all:0.77882][best_mAP:0.82142]
2023-11-16 11:03:36.926 | INFO     | center:train:310 - [iter:41/50][code_length:64][zs_mAP:0.29226][zs_mAP_all:0.16078]
2023-11-16 11:04:23.287 | INFO     | center:train:235 - [epoch:1/1][loss:1.050696][pair_loss:0.958907]
2023-11-16 11:04:23.287 | INFO     | center:train:238 - [iter:42/50][iter_time:46.36]
2023-11-16 11:15:41.976 | INFO     | center:train:309 - [iter:42/50][code_length:64][mAP:0.79964][mAP_all:0.78233][best_mAP:0.82142]
2023-11-16 11:15:41.977 | INFO     | center:train:310 - [iter:42/50][code_length:64][zs_mAP:0.27810][zs_mAP_all:0.15984]
2023-11-16 11:16:28.627 | INFO     | center:train:235 - [epoch:1/1][loss:1.050071][pair_loss:0.958739]
2023-11-16 11:16:28.628 | INFO     | center:train:238 - [iter:43/50][iter_time:46.65]
2023-11-16 11:27:46.607 | INFO     | center:train:309 - [iter:43/50][code_length:64][mAP:0.79683][mAP_all:0.77888][best_mAP:0.82142]
2023-11-16 11:27:46.608 | INFO     | center:train:310 - [iter:43/50][code_length:64][zs_mAP:0.29532][zs_mAP_all:0.17184]
2023-11-16 11:28:33.757 | INFO     | center:train:235 - [epoch:1/1][loss:1.050520][pair_loss:0.958849]
2023-11-16 11:28:33.758 | INFO     | center:train:238 - [iter:44/50][iter_time:47.15]
2023-11-16 11:39:56.421 | INFO     | center:train:309 - [iter:44/50][code_length:64][mAP:0.80116][mAP_all:0.78440][best_mAP:0.82142]
2023-11-16 11:39:56.422 | INFO     | center:train:310 - [iter:44/50][code_length:64][zs_mAP:0.29497][zs_mAP_all:0.17318]
2023-11-16 11:40:43.324 | INFO     | center:train:235 - [epoch:1/1][loss:1.049685][pair_loss:0.958794]
2023-11-16 11:40:43.325 | INFO     | center:train:238 - [iter:45/50][iter_time:46.90]
2023-11-16 11:52:08.624 | INFO     | center:train:309 - [iter:45/50][code_length:64][mAP:0.80349][mAP_all:0.78575][best_mAP:0.82142]
2023-11-16 11:52:08.625 | INFO     | center:train:310 - [iter:45/50][code_length:64][zs_mAP:0.29204][zs_mAP_all:0.16342]
2023-11-16 11:52:55.963 | INFO     | center:train:235 - [epoch:1/1][loss:1.032604][pair_loss:0.957876]
2023-11-16 11:52:55.964 | INFO     | center:train:238 - [iter:46/50][iter_time:47.34]
2023-11-16 12:04:13.075 | INFO     | center:train:309 - [iter:46/50][code_length:64][mAP:0.82523][mAP_all:0.80975][best_mAP:0.82523]
2023-11-16 12:04:13.076 | INFO     | center:train:310 - [iter:46/50][code_length:64][zs_mAP:0.29533][zs_mAP_all:0.16781]
2023-11-16 12:05:00.003 | INFO     | center:train:235 - [epoch:1/1][loss:1.022382][pair_loss:0.957495]
2023-11-16 12:05:00.004 | INFO     | center:train:238 - [iter:47/50][iter_time:46.93]
2023-11-16 12:16:18.948 | INFO     | center:train:309 - [iter:47/50][code_length:64][mAP:0.82975][mAP_all:0.81452][best_mAP:0.82975]
2023-11-16 12:16:18.950 | INFO     | center:train:310 - [iter:47/50][code_length:64][zs_mAP:0.29558][zs_mAP_all:0.17706]
2023-11-16 12:17:06.253 | INFO     | center:train:235 - [epoch:1/1][loss:1.018753][pair_loss:0.957300]
2023-11-16 12:17:06.254 | INFO     | center:train:238 - [iter:48/50][iter_time:47.30]
2023-11-16 12:28:30.792 | INFO     | center:train:309 - [iter:48/50][code_length:64][mAP:0.83339][mAP_all:0.81934][best_mAP:0.83339]
2023-11-16 12:28:30.794 | INFO     | center:train:310 - [iter:48/50][code_length:64][zs_mAP:0.30653][zs_mAP_all:0.18187]
2023-11-16 12:29:18.955 | INFO     | center:train:235 - [epoch:1/1][loss:1.015229][pair_loss:0.956972]
2023-11-16 12:29:18.956 | INFO     | center:train:238 - [iter:49/50][iter_time:48.16]
2023-11-16 12:40:45.418 | INFO     | center:train:309 - [iter:49/50][code_length:64][mAP:0.83375][mAP_all:0.81837][best_mAP:0.83375]
2023-11-16 12:40:45.419 | INFO     | center:train:310 - [iter:49/50][code_length:64][zs_mAP:0.29621][zs_mAP_all:0.17437]
2023-11-16 12:41:31.712 | INFO     | center:train:235 - [epoch:1/1][loss:1.015785][pair_loss:0.957136]
2023-11-16 12:41:31.712 | INFO     | center:train:238 - [iter:50/50][iter_time:46.29]
2023-11-16 12:52:51.112 | INFO     | center:train:309 - [iter:50/50][code_length:64][mAP:0.83627][mAP_all:0.82382][best_mAP:0.83627]
2023-11-16 12:52:51.113 | INFO     | center:train:310 - [iter:50/50][code_length:64][zs_mAP:0.29571][zs_mAP_all:0.17681]
2023-11-16 12:52:51.113 | INFO     | center:train:313 - [Training time:17318.22]
2023-11-16 12:52:51.124 | INFO     | __main__:run:126 - [code_length:64][map:0.8363][map_all:0.8238][zs_map:0.2957][zs_map_all:0.1768]
