2023-11-20 21:05:27.943 | SUCCESS  | __main__:run:50 - Namespace(align_step=50, arch='csq', batch_size=16, cauchy_gamma=20.0, code_length=[16, 32, 64], dataset='nus-widezs', device=device(type='cuda', index=0), epoch_change=11, gamma=200, gpu=0, info='nus-widezs-16-5-csq-11-20-16,32,64', lambd=0.1, lambd_ch=0.1, lambd_sp=0.1, lr=0.001, lr_step=[45], margin=0.1, max_epoch=3, max_iter=50, momen=0.9, nesterov=False, net='ResNet', num_classes=5, num_query=1000, num_samples=2000, num_workers=2, num_zs=16, optim='SGD', pretrain=True, quan_loss=False, root='/2T/dataset/NUS-WIDE', save_ckpt='checkpoints/', topk=5000, val_freq=1, wd=0.0001)
2023-11-20 21:06:10.256 | SUCCESS  | __main__:run:50 - Namespace(align_step=50, arch='csq', batch_size=16, cauchy_gamma=20.0, code_length=[16, 32, 64], dataset='nus-widezs', device=device(type='cuda', index=0), epoch_change=11, gamma=200, gpu=0, info='nus-widezs-16-5-csq-11-20-16,32,64', lambd=0.1, lambd_ch=0.1, lambd_sp=0.1, lr=0.001, lr_step=[45], margin=0.1, max_epoch=3, max_iter=50, momen=0.9, nesterov=False, net='ResNet', num_classes=5, num_query=1000, num_samples=2000, num_workers=2, num_zs=16, optim='SGD', pretrain=True, quan_loss=False, root='/2T/dataset/NUS-WIDE', save_ckpt='checkpoints/', topk=5000, val_freq=1, wd=0.0001)
2023-11-20 21:06:57.775 | INFO     | csq:train:203 - [epoch:1/3][loss:0.482411]
2023-11-20 21:07:16.337 | INFO     | csq:train:203 - [epoch:2/3][loss:0.341548]
2023-11-20 21:07:34.360 | INFO     | csq:train:203 - [epoch:3/3][loss:0.303803]
2023-11-20 21:07:34.361 | INFO     | csq:train:206 - [iter:1/50][iter_time:57.31]
2023-11-20 21:13:34.707 | INFO     | csq:train:278 - [iter:1/50][code_length:16][mAP:0.89435][mAP_all:0.89372][best_mAP:0.89435]
2023-11-20 21:13:34.707 | INFO     | csq:train:279 - [iter:1/50][code_length:16][zs_mAP:0.36423][zs_mAP_all:0.17110]
2023-11-20 21:13:53.554 | INFO     | csq:train:203 - [epoch:1/3][loss:0.314755]
2023-11-20 21:14:10.321 | INFO     | csq:train:203 - [epoch:2/3][loss:0.297585]
2023-11-20 21:14:27.899 | INFO     | csq:train:203 - [epoch:3/3][loss:0.281597]
2023-11-20 21:14:27.900 | INFO     | csq:train:206 - [iter:2/50][iter_time:53.19]
2023-11-20 21:20:28.352 | INFO     | csq:train:278 - [iter:2/50][code_length:16][mAP:0.90586][mAP_all:0.90256][best_mAP:0.90586]
2023-11-20 21:20:28.353 | INFO     | csq:train:279 - [iter:2/50][code_length:16][zs_mAP:0.38222][zs_mAP_all:0.16765]
2023-11-20 21:20:43.172 | INFO     | csq:train:203 - [epoch:1/3][loss:0.292375]
2023-11-20 21:20:59.304 | INFO     | csq:train:203 - [epoch:2/3][loss:0.280190]
2023-11-20 21:21:15.422 | INFO     | csq:train:203 - [epoch:3/3][loss:0.272182]
2023-11-20 21:21:15.423 | INFO     | csq:train:206 - [iter:3/50][iter_time:47.07]
2023-11-20 21:27:22.584 | INFO     | csq:train:278 - [iter:3/50][code_length:16][mAP:0.91149][mAP_all:0.90636][best_mAP:0.91149]
2023-11-20 21:27:22.585 | INFO     | csq:train:279 - [iter:3/50][code_length:16][zs_mAP:0.40141][zs_mAP_all:0.16423]
2023-11-20 21:27:37.216 | INFO     | csq:train:203 - [epoch:1/3][loss:0.295035]
2023-11-20 21:27:53.123 | INFO     | csq:train:203 - [epoch:2/3][loss:0.278295]
2023-11-20 21:28:10.179 | INFO     | csq:train:203 - [epoch:3/3][loss:0.279816]
2023-11-20 21:28:10.180 | INFO     | csq:train:206 - [iter:4/50][iter_time:47.59]
2023-11-20 21:34:08.072 | INFO     | csq:train:278 - [iter:4/50][code_length:16][mAP:0.91356][mAP_all:0.90686][best_mAP:0.91356]
2023-11-20 21:34:08.073 | INFO     | csq:train:279 - [iter:4/50][code_length:16][zs_mAP:0.39531][zs_mAP_all:0.19107]
2023-11-20 21:34:25.073 | INFO     | csq:train:203 - [epoch:1/3][loss:0.282887]
2023-11-20 21:34:41.732 | INFO     | csq:train:203 - [epoch:2/3][loss:0.269624]
2023-11-20 21:34:59.163 | INFO     | csq:train:203 - [epoch:3/3][loss:0.261961]
2023-11-20 21:34:59.163 | INFO     | csq:train:206 - [iter:5/50][iter_time:51.09]
2023-11-20 21:41:00.595 | INFO     | csq:train:278 - [iter:5/50][code_length:16][mAP:0.91929][mAP_all:0.91325][best_mAP:0.91929]
2023-11-20 21:41:00.596 | INFO     | csq:train:279 - [iter:5/50][code_length:16][zs_mAP:0.39450][zs_mAP_all:0.19437]
2023-11-20 21:41:17.307 | INFO     | csq:train:203 - [epoch:1/3][loss:0.282343]
2023-11-20 21:41:34.651 | INFO     | csq:train:203 - [epoch:2/3][loss:0.275291]
2023-11-20 21:41:52.203 | INFO     | csq:train:203 - [epoch:3/3][loss:0.261584]
2023-11-20 21:41:52.204 | INFO     | csq:train:206 - [iter:6/50][iter_time:51.61]
2023-11-20 21:47:50.638 | INFO     | csq:train:278 - [iter:6/50][code_length:16][mAP:0.91401][mAP_all:0.91049][best_mAP:0.91929]
2023-11-20 21:47:50.638 | INFO     | csq:train:279 - [iter:6/50][code_length:16][zs_mAP:0.36536][zs_mAP_all:0.19787]
2023-11-20 21:48:07.289 | INFO     | csq:train:203 - [epoch:1/3][loss:0.280957]
2023-11-20 21:48:24.047 | INFO     | csq:train:203 - [epoch:2/3][loss:0.269705]
2023-11-20 21:48:40.841 | INFO     | csq:train:203 - [epoch:3/3][loss:0.255959]
2023-11-20 21:48:40.842 | INFO     | csq:train:206 - [iter:7/50][iter_time:50.20]
2023-11-20 21:54:41.117 | INFO     | csq:train:278 - [iter:7/50][code_length:16][mAP:0.91795][mAP_all:0.91225][best_mAP:0.91929]
2023-11-20 21:54:41.118 | INFO     | csq:train:279 - [iter:7/50][code_length:16][zs_mAP:0.36786][zs_mAP_all:0.19798]
2023-11-20 21:54:57.620 | INFO     | csq:train:203 - [epoch:1/3][loss:0.288304]
2023-11-20 21:55:14.356 | INFO     | csq:train:203 - [epoch:2/3][loss:0.266893]
2023-11-20 21:55:32.397 | INFO     | csq:train:203 - [epoch:3/3][loss:0.270106]
2023-11-20 21:55:32.398 | INFO     | csq:train:206 - [iter:8/50][iter_time:51.28]
2023-11-20 22:01:31.637 | INFO     | csq:train:278 - [iter:8/50][code_length:16][mAP:0.91711][mAP_all:0.91190][best_mAP:0.91929]
2023-11-20 22:01:31.638 | INFO     | csq:train:279 - [iter:8/50][code_length:16][zs_mAP:0.35591][zs_mAP_all:0.18871]
2023-11-20 22:01:46.812 | INFO     | csq:train:203 - [epoch:1/3][loss:0.269778]
2023-11-20 22:02:03.170 | INFO     | csq:train:203 - [epoch:2/3][loss:0.270879]
2023-11-20 22:02:19.012 | INFO     | csq:train:203 - [epoch:3/3][loss:0.259785]
2023-11-20 22:02:19.013 | INFO     | csq:train:206 - [iter:9/50][iter_time:47.38]
2023-11-20 22:08:19.965 | INFO     | csq:train:278 - [iter:9/50][code_length:16][mAP:0.91545][mAP_all:0.91459][best_mAP:0.91929]
2023-11-20 22:08:19.965 | INFO     | csq:train:279 - [iter:9/50][code_length:16][zs_mAP:0.32936][zs_mAP_all:0.18996]
2023-11-20 22:08:36.174 | INFO     | csq:train:203 - [epoch:1/3][loss:0.282675]
2023-11-20 22:08:53.099 | INFO     | csq:train:203 - [epoch:2/3][loss:0.267441]
2023-11-20 22:09:06.841 | INFO     | csq:train:203 - [epoch:3/3][loss:0.259431]
2023-11-20 22:09:06.842 | INFO     | csq:train:206 - [iter:10/50][iter_time:46.88]
2023-11-20 22:15:11.500 | INFO     | csq:train:278 - [iter:10/50][code_length:16][mAP:0.92120][mAP_all:0.91779][best_mAP:0.92120]
2023-11-20 22:15:11.501 | INFO     | csq:train:279 - [iter:10/50][code_length:16][zs_mAP:0.35321][zs_mAP_all:0.19976]
2023-11-20 22:15:28.536 | INFO     | csq:train:203 - [epoch:1/3][loss:0.263461]
2023-11-20 22:15:45.153 | INFO     | csq:train:203 - [epoch:2/3][loss:0.262401]
2023-11-20 22:16:01.803 | INFO     | csq:train:203 - [epoch:3/3][loss:0.252909]
2023-11-20 22:16:01.803 | INFO     | csq:train:206 - [iter:11/50][iter_time:50.30]
2023-11-20 22:22:06.675 | INFO     | csq:train:278 - [iter:11/50][code_length:16][mAP:0.91736][mAP_all:0.91361][best_mAP:0.92120]
2023-11-20 22:22:06.675 | INFO     | csq:train:279 - [iter:11/50][code_length:16][zs_mAP:0.37033][zs_mAP_all:0.20645]
2023-11-20 22:22:21.178 | INFO     | csq:train:203 - [epoch:1/3][loss:0.278785]
2023-11-20 22:22:35.825 | INFO     | csq:train:203 - [epoch:2/3][loss:0.257070]
2023-11-20 22:22:51.130 | INFO     | csq:train:203 - [epoch:3/3][loss:0.257155]
2023-11-20 22:22:51.131 | INFO     | csq:train:206 - [iter:12/50][iter_time:44.46]
2023-11-20 22:29:04.860 | INFO     | csq:train:278 - [iter:12/50][code_length:16][mAP:0.91752][mAP_all:0.91243][best_mAP:0.92120]
2023-11-20 22:29:04.860 | INFO     | csq:train:279 - [iter:12/50][code_length:16][zs_mAP:0.34666][zs_mAP_all:0.18839]
2023-11-20 22:29:21.175 | INFO     | csq:train:203 - [epoch:1/3][loss:0.269227]
2023-11-20 22:29:38.113 | INFO     | csq:train:203 - [epoch:2/3][loss:0.259904]
2023-11-20 22:29:54.629 | INFO     | csq:train:203 - [epoch:3/3][loss:0.255006]
2023-11-20 22:29:54.630 | INFO     | csq:train:206 - [iter:13/50][iter_time:49.77]
2023-11-20 22:35:53.952 | INFO     | csq:train:278 - [iter:13/50][code_length:16][mAP:0.92091][mAP_all:0.91795][best_mAP:0.92120]
2023-11-20 22:35:53.953 | INFO     | csq:train:279 - [iter:13/50][code_length:16][zs_mAP:0.33694][zs_mAP_all:0.18023]
2023-11-20 22:36:09.084 | INFO     | csq:train:203 - [epoch:1/3][loss:0.271516]
2023-11-20 22:36:25.820 | INFO     | csq:train:203 - [epoch:2/3][loss:0.265754]
2023-11-20 22:36:43.511 | INFO     | csq:train:203 - [epoch:3/3][loss:0.253028]
2023-11-20 22:36:43.511 | INFO     | csq:train:206 - [iter:14/50][iter_time:49.56]
2023-11-20 22:42:49.373 | INFO     | csq:train:278 - [iter:14/50][code_length:16][mAP:0.92108][mAP_all:0.91753][best_mAP:0.92120]
2023-11-20 22:42:49.373 | INFO     | csq:train:279 - [iter:14/50][code_length:16][zs_mAP:0.32491][zs_mAP_all:0.17145]
2023-11-20 22:43:05.971 | INFO     | csq:train:203 - [epoch:1/3][loss:0.281258]
2023-11-20 22:43:22.945 | INFO     | csq:train:203 - [epoch:2/3][loss:0.267875]
2023-11-20 22:43:39.601 | INFO     | csq:train:203 - [epoch:3/3][loss:0.260979]
2023-11-20 22:43:39.601 | INFO     | csq:train:206 - [iter:15/50][iter_time:50.23]
2023-11-20 22:49:34.080 | INFO     | csq:train:278 - [iter:15/50][code_length:16][mAP:0.92336][mAP_all:0.91966][best_mAP:0.92336]
2023-11-20 22:49:34.080 | INFO     | csq:train:279 - [iter:15/50][code_length:16][zs_mAP:0.35556][zs_mAP_all:0.18013]
2023-11-20 22:49:50.291 | INFO     | csq:train:203 - [epoch:1/3][loss:0.274092]
2023-11-20 22:50:07.015 | INFO     | csq:train:203 - [epoch:2/3][loss:0.270821]
2023-11-20 22:50:24.083 | INFO     | csq:train:203 - [epoch:3/3][loss:0.257286]
2023-11-20 22:50:24.083 | INFO     | csq:train:206 - [iter:16/50][iter_time:50.00]
2023-11-20 22:56:24.436 | INFO     | csq:train:278 - [iter:16/50][code_length:16][mAP:0.92270][mAP_all:0.91789][best_mAP:0.92336]
2023-11-20 22:56:24.436 | INFO     | csq:train:279 - [iter:16/50][code_length:16][zs_mAP:0.35075][zs_mAP_all:0.19086]
2023-11-20 22:56:39.923 | INFO     | csq:train:203 - [epoch:1/3][loss:0.270265]
2023-11-20 22:56:55.670 | INFO     | csq:train:203 - [epoch:2/3][loss:0.263471]
2023-11-20 22:57:12.631 | INFO     | csq:train:203 - [epoch:3/3][loss:0.251615]
2023-11-20 22:57:12.632 | INFO     | csq:train:206 - [iter:17/50][iter_time:48.20]
2023-11-20 23:03:16.225 | INFO     | csq:train:278 - [iter:17/50][code_length:16][mAP:0.92315][mAP_all:0.92225][best_mAP:0.92336]
2023-11-20 23:03:16.225 | INFO     | csq:train:279 - [iter:17/50][code_length:16][zs_mAP:0.35695][zs_mAP_all:0.20141]
2023-11-20 23:03:33.232 | INFO     | csq:train:203 - [epoch:1/3][loss:0.272700]
2023-11-20 23:03:51.968 | INFO     | csq:train:203 - [epoch:2/3][loss:0.257084]
2023-11-20 23:04:09.531 | INFO     | csq:train:203 - [epoch:3/3][loss:0.257656]
2023-11-20 23:04:09.532 | INFO     | csq:train:206 - [iter:18/50][iter_time:53.31]
2023-11-20 23:10:14.280 | INFO     | csq:train:278 - [iter:18/50][code_length:16][mAP:0.91993][mAP_all:0.92102][best_mAP:0.92336]
2023-11-20 23:10:14.280 | INFO     | csq:train:279 - [iter:18/50][code_length:16][zs_mAP:0.34012][zs_mAP_all:0.19221]
2023-11-20 23:10:30.073 | INFO     | csq:train:203 - [epoch:1/3][loss:0.278639]
2023-11-20 23:10:46.955 | INFO     | csq:train:203 - [epoch:2/3][loss:0.259276]
2023-11-20 23:11:03.525 | INFO     | csq:train:203 - [epoch:3/3][loss:0.255754]
2023-11-20 23:11:03.526 | INFO     | csq:train:206 - [iter:19/50][iter_time:49.25]
2023-11-20 23:17:07.908 | INFO     | csq:train:278 - [iter:19/50][code_length:16][mAP:0.92068][mAP_all:0.91779][best_mAP:0.92336]
2023-11-20 23:17:07.908 | INFO     | csq:train:279 - [iter:19/50][code_length:16][zs_mAP:0.33299][zs_mAP_all:0.16998]
2023-11-20 23:17:24.162 | INFO     | csq:train:203 - [epoch:1/3][loss:0.269414]
2023-11-20 23:17:40.807 | INFO     | csq:train:203 - [epoch:2/3][loss:0.259488]
2023-11-20 23:17:58.006 | INFO     | csq:train:203 - [epoch:3/3][loss:0.249520]
2023-11-20 23:17:58.007 | INFO     | csq:train:206 - [iter:20/50][iter_time:50.10]
2023-11-20 23:23:59.781 | INFO     | csq:train:278 - [iter:20/50][code_length:16][mAP:0.92130][mAP_all:0.91680][best_mAP:0.92336]
2023-11-20 23:23:59.782 | INFO     | csq:train:279 - [iter:20/50][code_length:16][zs_mAP:0.34337][zs_mAP_all:0.17153]
2023-11-20 23:24:15.440 | INFO     | csq:train:203 - [epoch:1/3][loss:0.267100]
2023-11-20 23:24:32.296 | INFO     | csq:train:203 - [epoch:2/3][loss:0.255768]
2023-11-20 23:24:49.022 | INFO     | csq:train:203 - [epoch:3/3][loss:0.246234]
2023-11-20 23:24:49.022 | INFO     | csq:train:206 - [iter:21/50][iter_time:49.24]
2023-11-20 23:30:47.529 | INFO     | csq:train:278 - [iter:21/50][code_length:16][mAP:0.92187][mAP_all:0.92025][best_mAP:0.92336]
2023-11-20 23:30:47.530 | INFO     | csq:train:279 - [iter:21/50][code_length:16][zs_mAP:0.33833][zs_mAP_all:0.18805]
2023-11-20 23:31:03.743 | INFO     | csq:train:203 - [epoch:1/3][loss:0.252811]
2023-11-20 23:31:20.850 | INFO     | csq:train:203 - [epoch:2/3][loss:0.240456]
2023-11-20 23:31:37.804 | INFO     | csq:train:203 - [epoch:3/3][loss:0.232826]
2023-11-20 23:31:37.805 | INFO     | csq:train:206 - [iter:22/50][iter_time:50.28]
2023-11-20 23:37:35.321 | INFO     | csq:train:278 - [iter:22/50][code_length:16][mAP:0.92104][mAP_all:0.91970][best_mAP:0.92336]
2023-11-20 23:37:35.321 | INFO     | csq:train:279 - [iter:22/50][code_length:16][zs_mAP:0.32615][zs_mAP_all:0.18188]
2023-11-20 23:37:55.361 | INFO     | csq:train:203 - [epoch:1/3][loss:0.271166]
2023-11-20 23:38:11.996 | INFO     | csq:train:203 - [epoch:2/3][loss:0.255044]
2023-11-20 23:38:29.164 | INFO     | csq:train:203 - [epoch:3/3][loss:0.257422]
2023-11-20 23:38:29.165 | INFO     | csq:train:206 - [iter:23/50][iter_time:53.84]
2023-11-20 23:44:30.098 | INFO     | csq:train:278 - [iter:23/50][code_length:16][mAP:0.92772][mAP_all:0.92575][best_mAP:0.92772]
2023-11-20 23:44:30.099 | INFO     | csq:train:279 - [iter:23/50][code_length:16][zs_mAP:0.32080][zs_mAP_all:0.17311]
2023-11-20 23:44:57.003 | INFO     | csq:train:203 - [epoch:1/3][loss:0.250784]
2023-11-20 23:45:14.362 | INFO     | csq:train:203 - [epoch:2/3][loss:0.245384]
2023-11-20 23:45:32.818 | INFO     | csq:train:203 - [epoch:3/3][loss:0.236476]
2023-11-20 23:45:32.819 | INFO     | csq:train:206 - [iter:24/50][iter_time:62.72]
2023-11-20 23:51:30.231 | INFO     | csq:train:278 - [iter:24/50][code_length:16][mAP:0.92393][mAP_all:0.92340][best_mAP:0.92772]
2023-11-20 23:51:30.232 | INFO     | csq:train:279 - [iter:24/50][code_length:16][zs_mAP:0.31274][zs_mAP_all:0.16992]
2023-11-20 23:51:59.158 | INFO     | csq:train:203 - [epoch:1/3][loss:0.273790]
2023-11-20 23:52:23.555 | INFO     | csq:train:203 - [epoch:2/3][loss:0.251977]
2023-11-20 23:52:40.384 | INFO     | csq:train:203 - [epoch:3/3][loss:0.251107]
2023-11-20 23:52:40.385 | INFO     | csq:train:206 - [iter:25/50][iter_time:70.15]
2023-11-20 23:58:37.874 | INFO     | csq:train:278 - [iter:25/50][code_length:16][mAP:0.92153][mAP_all:0.91908][best_mAP:0.92772]
2023-11-20 23:58:37.874 | INFO     | csq:train:279 - [iter:25/50][code_length:16][zs_mAP:0.32866][zs_mAP_all:0.17178]
2023-11-20 23:59:05.491 | INFO     | csq:train:203 - [epoch:1/3][loss:0.251054]
2023-11-20 23:59:32.544 | INFO     | csq:train:203 - [epoch:2/3][loss:0.246314]
2023-11-20 23:59:52.033 | INFO     | csq:train:203 - [epoch:3/3][loss:0.241157]
2023-11-20 23:59:52.034 | INFO     | csq:train:206 - [iter:26/50][iter_time:74.16]
2023-11-21 00:06:07.267 | INFO     | csq:train:278 - [iter:26/50][code_length:16][mAP:0.92217][mAP_all:0.91897][best_mAP:0.92772]
2023-11-21 00:06:07.268 | INFO     | csq:train:279 - [iter:26/50][code_length:16][zs_mAP:0.31909][zs_mAP_all:0.16396]
2023-11-21 00:06:34.502 | INFO     | csq:train:203 - [epoch:1/3][loss:0.247318]
2023-11-21 00:06:54.650 | INFO     | csq:train:203 - [epoch:2/3][loss:0.245016]
2023-11-21 00:07:12.503 | INFO     | csq:train:203 - [epoch:3/3][loss:0.236158]
2023-11-21 00:07:12.504 | INFO     | csq:train:206 - [iter:27/50][iter_time:65.24]
2023-11-21 00:13:17.247 | INFO     | csq:train:278 - [iter:27/50][code_length:16][mAP:0.92690][mAP_all:0.92365][best_mAP:0.92772]
2023-11-21 00:13:17.248 | INFO     | csq:train:279 - [iter:27/50][code_length:16][zs_mAP:0.34165][zs_mAP_all:0.17656]
2023-11-21 00:13:42.705 | INFO     | csq:train:203 - [epoch:1/3][loss:0.253101]
2023-11-21 00:14:01.860 | INFO     | csq:train:203 - [epoch:2/3][loss:0.251419]
2023-11-21 00:14:18.409 | INFO     | csq:train:203 - [epoch:3/3][loss:0.245666]
2023-11-21 00:14:18.410 | INFO     | csq:train:206 - [iter:28/50][iter_time:61.16]
2023-11-21 00:20:14.933 | INFO     | csq:train:278 - [iter:28/50][code_length:16][mAP:0.92416][mAP_all:0.92307][best_mAP:0.92772]
2023-11-21 00:20:14.934 | INFO     | csq:train:279 - [iter:28/50][code_length:16][zs_mAP:0.32531][zs_mAP_all:0.17687]
2023-11-21 00:20:41.800 | INFO     | csq:train:203 - [epoch:1/3][loss:0.260157]
2023-11-21 00:21:09.632 | INFO     | csq:train:203 - [epoch:2/3][loss:0.252052]
2023-11-21 00:21:31.008 | INFO     | csq:train:203 - [epoch:3/3][loss:0.245791]
2023-11-21 00:21:31.009 | INFO     | csq:train:206 - [iter:29/50][iter_time:76.08]
2023-11-21 00:27:44.640 | INFO     | csq:train:278 - [iter:29/50][code_length:16][mAP:0.91960][mAP_all:0.91812][best_mAP:0.92772]
2023-11-21 00:27:44.641 | INFO     | csq:train:279 - [iter:29/50][code_length:16][zs_mAP:0.31307][zs_mAP_all:0.17593]
2023-11-21 00:28:15.931 | INFO     | csq:train:203 - [epoch:1/3][loss:0.263890]
2023-11-21 00:28:46.223 | INFO     | csq:train:203 - [epoch:2/3][loss:0.240923]
2023-11-21 00:29:03.488 | INFO     | csq:train:203 - [epoch:3/3][loss:0.240851]
2023-11-21 00:29:03.489 | INFO     | csq:train:206 - [iter:30/50][iter_time:78.85]
2023-11-21 00:35:05.600 | INFO     | csq:train:278 - [iter:30/50][code_length:16][mAP:0.91971][mAP_all:0.91918][best_mAP:0.92772]
2023-11-21 00:35:05.601 | INFO     | csq:train:279 - [iter:30/50][code_length:16][zs_mAP:0.32183][zs_mAP_all:0.18219]
2023-11-21 00:35:20.154 | INFO     | csq:train:203 - [epoch:1/3][loss:0.257253]
2023-11-21 00:35:35.267 | INFO     | csq:train:203 - [epoch:2/3][loss:0.243497]
2023-11-21 00:35:50.507 | INFO     | csq:train:203 - [epoch:3/3][loss:0.238222]
2023-11-21 00:35:50.508 | INFO     | csq:train:206 - [iter:31/50][iter_time:44.91]
2023-11-21 00:41:50.142 | INFO     | csq:train:278 - [iter:31/50][code_length:16][mAP:0.91916][mAP_all:0.91994][best_mAP:0.92772]
2023-11-21 00:41:50.143 | INFO     | csq:train:279 - [iter:31/50][code_length:16][zs_mAP:0.31508][zs_mAP_all:0.17159]
2023-11-21 00:42:05.704 | INFO     | csq:train:203 - [epoch:1/3][loss:0.266262]
2023-11-21 00:42:34.532 | INFO     | csq:train:203 - [epoch:2/3][loss:0.260061]
2023-11-21 00:43:07.780 | INFO     | csq:train:203 - [epoch:3/3][loss:0.245740]
2023-11-21 00:43:07.780 | INFO     | csq:train:206 - [iter:32/50][iter_time:77.64]
2023-11-21 00:49:03.677 | INFO     | csq:train:278 - [iter:32/50][code_length:16][mAP:0.92156][mAP_all:0.92154][best_mAP:0.92772]
2023-11-21 00:49:03.678 | INFO     | csq:train:279 - [iter:32/50][code_length:16][zs_mAP:0.34285][zs_mAP_all:0.17820]
2023-11-21 00:49:18.670 | INFO     | csq:train:203 - [epoch:1/3][loss:0.254155]
2023-11-21 00:49:37.372 | INFO     | csq:train:203 - [epoch:2/3][loss:0.237716]
2023-11-21 00:50:07.826 | INFO     | csq:train:203 - [epoch:3/3][loss:0.241199]
2023-11-21 00:50:07.826 | INFO     | csq:train:206 - [iter:33/50][iter_time:64.15]
2023-11-21 00:56:01.704 | INFO     | csq:train:278 - [iter:33/50][code_length:16][mAP:0.92378][mAP_all:0.92313][best_mAP:0.92772]
2023-11-21 00:56:01.705 | INFO     | csq:train:279 - [iter:33/50][code_length:16][zs_mAP:0.34319][zs_mAP_all:0.18406]
2023-11-21 00:56:18.666 | INFO     | csq:train:203 - [epoch:1/3][loss:0.256894]
2023-11-21 00:56:35.930 | INFO     | csq:train:203 - [epoch:2/3][loss:0.247714]
2023-11-21 00:56:51.777 | INFO     | csq:train:203 - [epoch:3/3][loss:0.237004]
2023-11-21 00:56:51.777 | INFO     | csq:train:206 - [iter:34/50][iter_time:50.07]
2023-11-21 01:02:55.752 | INFO     | csq:train:278 - [iter:34/50][code_length:16][mAP:0.92318][mAP_all:0.92197][best_mAP:0.92772]
2023-11-21 01:02:55.753 | INFO     | csq:train:279 - [iter:34/50][code_length:16][zs_mAP:0.34479][zs_mAP_all:0.17317]
2023-11-21 01:03:10.900 | INFO     | csq:train:203 - [epoch:1/3][loss:0.242153]
2023-11-21 01:03:27.991 | INFO     | csq:train:203 - [epoch:2/3][loss:0.242714]
2023-11-21 01:03:44.366 | INFO     | csq:train:203 - [epoch:3/3][loss:0.234877]
2023-11-21 01:03:44.367 | INFO     | csq:train:206 - [iter:35/50][iter_time:48.61]
2023-11-21 01:09:42.962 | INFO     | csq:train:278 - [iter:35/50][code_length:16][mAP:0.92278][mAP_all:0.92144][best_mAP:0.92772]
2023-11-21 01:09:42.963 | INFO     | csq:train:279 - [iter:35/50][code_length:16][zs_mAP:0.32500][zs_mAP_all:0.16747]
2023-11-21 01:10:00.730 | INFO     | csq:train:203 - [epoch:1/3][loss:0.258418]
2023-11-21 01:10:17.628 | INFO     | csq:train:203 - [epoch:2/3][loss:0.244805]
2023-11-21 01:10:36.038 | INFO     | csq:train:203 - [epoch:3/3][loss:0.231381]
2023-11-21 01:10:36.039 | INFO     | csq:train:206 - [iter:36/50][iter_time:53.08]
2023-11-21 01:16:35.554 | INFO     | csq:train:278 - [iter:36/50][code_length:16][mAP:0.92228][mAP_all:0.91955][best_mAP:0.92772]
2023-11-21 01:16:35.555 | INFO     | csq:train:279 - [iter:36/50][code_length:16][zs_mAP:0.32598][zs_mAP_all:0.15771]
2023-11-21 01:16:49.538 | INFO     | csq:train:203 - [epoch:1/3][loss:0.245357]
2023-11-21 01:17:03.348 | INFO     | csq:train:203 - [epoch:2/3][loss:0.236776]
2023-11-21 01:17:17.298 | INFO     | csq:train:203 - [epoch:3/3][loss:0.238076]
2023-11-21 01:17:17.299 | INFO     | csq:train:206 - [iter:37/50][iter_time:41.74]
2023-11-21 01:23:36.541 | INFO     | csq:train:278 - [iter:37/50][code_length:16][mAP:0.92516][mAP_all:0.92331][best_mAP:0.92772]
2023-11-21 01:23:36.542 | INFO     | csq:train:279 - [iter:37/50][code_length:16][zs_mAP:0.31504][zs_mAP_all:0.17389]
2023-11-21 01:23:50.446 | INFO     | csq:train:203 - [epoch:1/3][loss:0.240712]
2023-11-21 01:24:04.218 | INFO     | csq:train:203 - [epoch:2/3][loss:0.232647]
2023-11-21 01:24:17.963 | INFO     | csq:train:203 - [epoch:3/3][loss:0.226532]
2023-11-21 01:24:17.964 | INFO     | csq:train:206 - [iter:38/50][iter_time:41.42]
2023-11-21 01:30:37.190 | INFO     | csq:train:278 - [iter:38/50][code_length:16][mAP:0.92415][mAP_all:0.92292][best_mAP:0.92772]
2023-11-21 01:30:37.191 | INFO     | csq:train:279 - [iter:38/50][code_length:16][zs_mAP:0.34018][zs_mAP_all:0.17361]
2023-11-21 01:30:51.312 | INFO     | csq:train:203 - [epoch:1/3][loss:0.251713]
2023-11-21 01:31:05.200 | INFO     | csq:train:203 - [epoch:2/3][loss:0.239088]
2023-11-21 01:31:26.603 | INFO     | csq:train:203 - [epoch:3/3][loss:0.228806]
2023-11-21 01:31:26.603 | INFO     | csq:train:206 - [iter:39/50][iter_time:49.41]
2023-11-21 01:37:43.779 | INFO     | csq:train:278 - [iter:39/50][code_length:16][mAP:0.92609][mAP_all:0.92586][best_mAP:0.92772]
2023-11-21 01:37:43.780 | INFO     | csq:train:279 - [iter:39/50][code_length:16][zs_mAP:0.30581][zs_mAP_all:0.17004]
2023-11-21 01:38:00.189 | INFO     | csq:train:203 - [epoch:1/3][loss:0.241342]
2023-11-21 01:38:24.005 | INFO     | csq:train:203 - [epoch:2/3][loss:0.237138]
2023-11-21 01:38:48.982 | INFO     | csq:train:203 - [epoch:3/3][loss:0.225715]
2023-11-21 01:38:48.983 | INFO     | csq:train:206 - [iter:40/50][iter_time:65.20]
2023-11-21 01:45:09.067 | INFO     | csq:train:278 - [iter:40/50][code_length:16][mAP:0.92272][mAP_all:0.92298][best_mAP:0.92772]
2023-11-21 01:45:09.069 | INFO     | csq:train:279 - [iter:40/50][code_length:16][zs_mAP:0.32160][zs_mAP_all:0.18520]
2023-11-21 01:45:33.074 | INFO     | csq:train:203 - [epoch:1/3][loss:0.256331]
2023-11-21 01:45:53.931 | INFO     | csq:train:203 - [epoch:2/3][loss:0.242059]
2023-11-21 01:46:16.022 | INFO     | csq:train:203 - [epoch:3/3][loss:0.234317]
2023-11-21 01:46:16.024 | INFO     | csq:train:206 - [iter:41/50][iter_time:66.95]
2023-11-21 01:52:35.125 | INFO     | csq:train:278 - [iter:41/50][code_length:16][mAP:0.92392][mAP_all:0.92363][best_mAP:0.92772]
2023-11-21 01:52:35.126 | INFO     | csq:train:279 - [iter:41/50][code_length:16][zs_mAP:0.34511][zs_mAP_all:0.17607]
2023-11-21 01:52:56.487 | INFO     | csq:train:203 - [epoch:1/3][loss:0.243111]
2023-11-21 01:53:20.699 | INFO     | csq:train:203 - [epoch:2/3][loss:0.240173]
2023-11-21 01:53:45.240 | INFO     | csq:train:203 - [epoch:3/3][loss:0.224093]
2023-11-21 01:53:45.241 | INFO     | csq:train:206 - [iter:42/50][iter_time:70.11]
2023-11-21 02:00:02.830 | INFO     | csq:train:278 - [iter:42/50][code_length:16][mAP:0.92322][mAP_all:0.92167][best_mAP:0.92772]
2023-11-21 02:00:02.831 | INFO     | csq:train:279 - [iter:42/50][code_length:16][zs_mAP:0.34046][zs_mAP_all:0.18670]
2023-11-21 02:00:26.308 | INFO     | csq:train:203 - [epoch:1/3][loss:0.243510]
2023-11-21 02:00:46.176 | INFO     | csq:train:203 - [epoch:2/3][loss:0.235589]
2023-11-21 02:01:02.940 | INFO     | csq:train:203 - [epoch:3/3][loss:0.236174]
2023-11-21 02:01:02.941 | INFO     | csq:train:206 - [iter:43/50][iter_time:60.11]
2023-11-21 02:07:23.496 | INFO     | csq:train:278 - [iter:43/50][code_length:16][mAP:0.91993][mAP_all:0.91894][best_mAP:0.92772]
2023-11-21 02:07:23.497 | INFO     | csq:train:279 - [iter:43/50][code_length:16][zs_mAP:0.32164][zs_mAP_all:0.16166]
2023-11-21 02:07:43.119 | INFO     | csq:train:203 - [epoch:1/3][loss:0.250060]
2023-11-21 02:08:03.133 | INFO     | csq:train:203 - [epoch:2/3][loss:0.247706]
2023-11-21 02:08:20.116 | INFO     | csq:train:203 - [epoch:3/3][loss:0.238610]
2023-11-21 02:08:20.117 | INFO     | csq:train:206 - [iter:44/50][iter_time:56.62]
2023-11-21 02:14:31.459 | INFO     | csq:train:278 - [iter:44/50][code_length:16][mAP:0.92957][mAP_all:0.92605][best_mAP:0.92957]
2023-11-21 02:14:31.460 | INFO     | csq:train:279 - [iter:44/50][code_length:16][zs_mAP:0.32639][zs_mAP_all:0.17103]
2023-11-21 02:14:50.322 | INFO     | csq:train:203 - [epoch:1/3][loss:0.252787]
2023-11-21 02:15:08.488 | INFO     | csq:train:203 - [epoch:2/3][loss:0.246081]
2023-11-21 02:15:24.698 | INFO     | csq:train:203 - [epoch:3/3][loss:0.231398]
2023-11-21 02:15:24.699 | INFO     | csq:train:206 - [iter:45/50][iter_time:53.24]
2023-11-21 02:21:42.797 | INFO     | csq:train:278 - [iter:45/50][code_length:16][mAP:0.92738][mAP_all:0.92574][best_mAP:0.92957]
2023-11-21 02:21:42.798 | INFO     | csq:train:279 - [iter:45/50][code_length:16][zs_mAP:0.34324][zs_mAP_all:0.17700]
2023-11-21 02:22:03.331 | INFO     | csq:train:203 - [epoch:1/3][loss:0.243427]
2023-11-21 02:22:24.220 | INFO     | csq:train:203 - [epoch:2/3][loss:0.245226]
2023-11-21 02:22:38.431 | INFO     | csq:train:203 - [epoch:3/3][loss:0.238532]
2023-11-21 02:22:38.432 | INFO     | csq:train:206 - [iter:46/50][iter_time:55.63]
2023-11-21 02:28:56.249 | INFO     | csq:train:278 - [iter:46/50][code_length:16][mAP:0.92555][mAP_all:0.92453][best_mAP:0.92957]
2023-11-21 02:28:56.250 | INFO     | csq:train:279 - [iter:46/50][code_length:16][zs_mAP:0.34310][zs_mAP_all:0.17417]
2023-11-21 02:29:18.812 | INFO     | csq:train:203 - [epoch:1/3][loss:0.246598]
2023-11-21 02:29:37.598 | INFO     | csq:train:203 - [epoch:2/3][loss:0.246262]
2023-11-21 02:29:55.103 | INFO     | csq:train:203 - [epoch:3/3][loss:0.247808]
2023-11-21 02:29:55.104 | INFO     | csq:train:206 - [iter:47/50][iter_time:58.85]
2023-11-21 02:36:12.572 | INFO     | csq:train:278 - [iter:47/50][code_length:16][mAP:0.92784][mAP_all:0.92686][best_mAP:0.92957]
2023-11-21 02:36:12.573 | INFO     | csq:train:279 - [iter:47/50][code_length:16][zs_mAP:0.33535][zs_mAP_all:0.17854]
2023-11-21 02:36:27.407 | INFO     | csq:train:203 - [epoch:1/3][loss:0.253499]
2023-11-21 02:36:45.766 | INFO     | csq:train:203 - [epoch:2/3][loss:0.245721]
2023-11-21 02:37:00.609 | INFO     | csq:train:203 - [epoch:3/3][loss:0.246269]
2023-11-21 02:37:00.610 | INFO     | csq:train:206 - [iter:48/50][iter_time:48.04]
2023-11-21 02:43:20.733 | INFO     | csq:train:278 - [iter:48/50][code_length:16][mAP:0.92578][mAP_all:0.92491][best_mAP:0.92957]
2023-11-21 02:43:20.734 | INFO     | csq:train:279 - [iter:48/50][code_length:16][zs_mAP:0.33284][zs_mAP_all:0.17559]
2023-11-21 02:43:40.895 | INFO     | csq:train:203 - [epoch:1/3][loss:0.249385]
2023-11-21 02:43:57.327 | INFO     | csq:train:203 - [epoch:2/3][loss:0.251970]
2023-11-21 02:44:13.425 | INFO     | csq:train:203 - [epoch:3/3][loss:0.247381]
2023-11-21 02:44:13.426 | INFO     | csq:train:206 - [iter:49/50][iter_time:52.69]
2023-11-21 02:50:25.337 | INFO     | csq:train:278 - [iter:49/50][code_length:16][mAP:0.92635][mAP_all:0.92629][best_mAP:0.92957]
2023-11-21 02:50:25.338 | INFO     | csq:train:279 - [iter:49/50][code_length:16][zs_mAP:0.33155][zs_mAP_all:0.18170]
2023-11-21 02:50:47.122 | INFO     | csq:train:203 - [epoch:1/3][loss:0.243842]
2023-11-21 02:51:04.821 | INFO     | csq:train:203 - [epoch:2/3][loss:0.240000]
2023-11-21 02:51:21.259 | INFO     | csq:train:203 - [epoch:3/3][loss:0.238865]
2023-11-21 02:51:21.259 | INFO     | csq:train:206 - [iter:50/50][iter_time:55.92]
2023-11-21 02:57:42.029 | INFO     | csq:train:278 - [iter:50/50][code_length:16][mAP:0.92706][mAP_all:0.92714][best_mAP:0.92957]
2023-11-21 02:57:42.030 | INFO     | csq:train:279 - [iter:50/50][code_length:16][zs_mAP:0.32526][zs_mAP_all:0.17599]
2023-11-21 02:57:42.030 | INFO     | csq:train:282 - [Training time:21064.98]
2023-11-21 02:57:42.034 | INFO     | __main__:run:126 - [code_length:16][map:0.9296][map_all:0.9261][zs_map:0.3264][zs_map_all:0.1710]
2023-11-21 02:58:03.619 | INFO     | csq:train:203 - [epoch:1/3][loss:0.532517]
2023-11-21 02:58:20.528 | INFO     | csq:train:203 - [epoch:2/3][loss:0.401155]
2023-11-21 02:58:37.799 | INFO     | csq:train:203 - [epoch:3/3][loss:0.337644]
2023-11-21 02:58:37.800 | INFO     | csq:train:206 - [iter:1/50][iter_time:55.21]
2023-11-21 03:04:49.017 | INFO     | csq:train:278 - [iter:1/50][code_length:32][mAP:0.88016][mAP_all:0.87238][best_mAP:0.88016]
2023-11-21 03:04:49.018 | INFO     | csq:train:279 - [iter:1/50][code_length:32][zs_mAP:0.38387][zs_mAP_all:0.18800]
2023-11-21 03:05:10.745 | INFO     | csq:train:203 - [epoch:1/3][loss:0.342574]
2023-11-21 03:05:26.611 | INFO     | csq:train:203 - [epoch:2/3][loss:0.330558]
2023-11-21 03:05:43.714 | INFO     | csq:train:203 - [epoch:3/3][loss:0.314293]
2023-11-21 03:05:43.715 | INFO     | csq:train:206 - [iter:2/50][iter_time:54.70]
2023-11-21 03:12:02.858 | INFO     | csq:train:278 - [iter:2/50][code_length:32][mAP:0.91157][mAP_all:0.89903][best_mAP:0.91157]
2023-11-21 03:12:02.859 | INFO     | csq:train:279 - [iter:2/50][code_length:32][zs_mAP:0.38548][zs_mAP_all:0.19654]
2023-11-21 03:12:23.457 | INFO     | csq:train:203 - [epoch:1/3][loss:0.299445]
2023-11-21 03:12:41.318 | INFO     | csq:train:203 - [epoch:2/3][loss:0.291166]
2023-11-21 03:12:59.599 | INFO     | csq:train:203 - [epoch:3/3][loss:0.287870]
2023-11-21 03:12:59.600 | INFO     | csq:train:206 - [iter:3/50][iter_time:56.74]
2023-11-21 03:19:16.438 | INFO     | csq:train:278 - [iter:3/50][code_length:32][mAP:0.91492][mAP_all:0.90099][best_mAP:0.91492]
2023-11-21 03:19:16.439 | INFO     | csq:train:279 - [iter:3/50][code_length:32][zs_mAP:0.38400][zs_mAP_all:0.18431]
2023-11-21 03:19:37.112 | INFO     | csq:train:203 - [epoch:1/3][loss:0.303665]
2023-11-21 03:19:55.337 | INFO     | csq:train:203 - [epoch:2/3][loss:0.292198]
2023-11-21 03:20:12.057 | INFO     | csq:train:203 - [epoch:3/3][loss:0.286819]
2023-11-21 03:20:12.058 | INFO     | csq:train:206 - [iter:4/50][iter_time:55.62]
2023-11-21 03:26:35.238 | INFO     | csq:train:278 - [iter:4/50][code_length:32][mAP:0.91913][mAP_all:0.90701][best_mAP:0.91913]
2023-11-21 03:26:35.239 | INFO     | csq:train:279 - [iter:4/50][code_length:32][zs_mAP:0.39010][zs_mAP_all:0.20128]
2023-11-21 03:26:56.150 | INFO     | csq:train:203 - [epoch:1/3][loss:0.288071]
2023-11-21 03:27:13.387 | INFO     | csq:train:203 - [epoch:2/3][loss:0.278637]
2023-11-21 03:27:29.932 | INFO     | csq:train:203 - [epoch:3/3][loss:0.274740]
2023-11-21 03:27:29.933 | INFO     | csq:train:206 - [iter:5/50][iter_time:54.69]
2023-11-21 03:33:45.431 | INFO     | csq:train:278 - [iter:5/50][code_length:32][mAP:0.92111][mAP_all:0.91062][best_mAP:0.92111]
2023-11-21 03:33:45.431 | INFO     | csq:train:279 - [iter:5/50][code_length:32][zs_mAP:0.39211][zs_mAP_all:0.20395]
2023-11-21 03:34:05.730 | INFO     | csq:train:203 - [epoch:1/3][loss:0.293500]
2023-11-21 03:34:22.241 | INFO     | csq:train:203 - [epoch:2/3][loss:0.289156]
2023-11-21 03:34:37.342 | INFO     | csq:train:203 - [epoch:3/3][loss:0.277578]
2023-11-21 03:34:37.343 | INFO     | csq:train:206 - [iter:6/50][iter_time:51.91]
2023-11-21 03:41:00.643 | INFO     | csq:train:278 - [iter:6/50][code_length:32][mAP:0.92179][mAP_all:0.91076][best_mAP:0.92179]
2023-11-21 03:41:00.644 | INFO     | csq:train:279 - [iter:6/50][code_length:32][zs_mAP:0.39982][zs_mAP_all:0.22290]
2023-11-21 03:41:20.041 | INFO     | csq:train:203 - [epoch:1/3][loss:0.291571]
2023-11-21 03:41:38.033 | INFO     | csq:train:203 - [epoch:2/3][loss:0.283906]
2023-11-21 03:41:53.876 | INFO     | csq:train:203 - [epoch:3/3][loss:0.272515]
2023-11-21 03:41:53.877 | INFO     | csq:train:206 - [iter:7/50][iter_time:53.23]
2023-11-21 03:48:06.729 | INFO     | csq:train:278 - [iter:7/50][code_length:32][mAP:0.92122][mAP_all:0.91113][best_mAP:0.92179]
2023-11-21 03:48:06.729 | INFO     | csq:train:279 - [iter:7/50][code_length:32][zs_mAP:0.39362][zs_mAP_all:0.21152]
2023-11-21 03:48:27.697 | INFO     | csq:train:203 - [epoch:1/3][loss:0.288628]
2023-11-21 03:48:46.448 | INFO     | csq:train:203 - [epoch:2/3][loss:0.279203]
2023-11-21 03:49:04.398 | INFO     | csq:train:203 - [epoch:3/3][loss:0.275722]
2023-11-21 03:49:04.399 | INFO     | csq:train:206 - [iter:8/50][iter_time:57.67]
2023-11-21 03:55:29.668 | INFO     | csq:train:278 - [iter:8/50][code_length:32][mAP:0.92373][mAP_all:0.91381][best_mAP:0.92373]
2023-11-21 03:55:29.669 | INFO     | csq:train:279 - [iter:8/50][code_length:32][zs_mAP:0.40012][zs_mAP_all:0.24471]
2023-11-21 03:55:46.591 | INFO     | csq:train:203 - [epoch:1/3][loss:0.286471]
2023-11-21 03:56:03.350 | INFO     | csq:train:203 - [epoch:2/3][loss:0.280841]
2023-11-21 03:56:16.583 | INFO     | csq:train:203 - [epoch:3/3][loss:0.271640]
2023-11-21 03:56:16.583 | INFO     | csq:train:206 - [iter:9/50][iter_time:46.91]
2023-11-21 04:02:35.414 | INFO     | csq:train:278 - [iter:9/50][code_length:32][mAP:0.92187][mAP_all:0.91184][best_mAP:0.92373]
2023-11-21 04:02:35.414 | INFO     | csq:train:279 - [iter:9/50][code_length:32][zs_mAP:0.37359][zs_mAP_all:0.23026]
2023-11-21 04:02:52.666 | INFO     | csq:train:203 - [epoch:1/3][loss:0.264905]
2023-11-21 04:03:09.490 | INFO     | csq:train:203 - [epoch:2/3][loss:0.255184]
2023-11-21 04:03:26.205 | INFO     | csq:train:203 - [epoch:3/3][loss:0.254153]
2023-11-21 04:03:26.206 | INFO     | csq:train:206 - [iter:10/50][iter_time:50.79]
2023-11-21 04:09:49.244 | INFO     | csq:train:278 - [iter:10/50][code_length:32][mAP:0.92412][mAP_all:0.91226][best_mAP:0.92412]
2023-11-21 04:09:49.245 | INFO     | csq:train:279 - [iter:10/50][code_length:32][zs_mAP:0.38267][zs_mAP_all:0.23270]
2023-11-21 04:10:05.337 | INFO     | csq:train:203 - [epoch:1/3][loss:0.282279]
2023-11-21 04:10:22.084 | INFO     | csq:train:203 - [epoch:2/3][loss:0.270971]
2023-11-21 04:10:38.371 | INFO     | csq:train:203 - [epoch:3/3][loss:0.261645]
2023-11-21 04:10:38.371 | INFO     | csq:train:206 - [iter:11/50][iter_time:49.13]
2023-11-21 04:17:01.014 | INFO     | csq:train:278 - [iter:11/50][code_length:32][mAP:0.92419][mAP_all:0.91586][best_mAP:0.92419]
2023-11-21 04:17:01.015 | INFO     | csq:train:279 - [iter:11/50][code_length:32][zs_mAP:0.39089][zs_mAP_all:0.23805]
2023-11-21 04:17:18.366 | INFO     | csq:train:203 - [epoch:1/3][loss:0.287490]
2023-11-21 04:17:34.086 | INFO     | csq:train:203 - [epoch:2/3][loss:0.276208]
2023-11-21 04:17:50.483 | INFO     | csq:train:203 - [epoch:3/3][loss:0.270612]
2023-11-21 04:17:50.484 | INFO     | csq:train:206 - [iter:12/50][iter_time:49.47]
2023-11-21 04:24:02.456 | INFO     | csq:train:278 - [iter:12/50][code_length:32][mAP:0.92668][mAP_all:0.91732][best_mAP:0.92668]
2023-11-21 04:24:02.457 | INFO     | csq:train:279 - [iter:12/50][code_length:32][zs_mAP:0.38588][zs_mAP_all:0.23486]
2023-11-21 04:24:20.167 | INFO     | csq:train:203 - [epoch:1/3][loss:0.271542]
2023-11-21 04:24:36.291 | INFO     | csq:train:203 - [epoch:2/3][loss:0.268679]
2023-11-21 04:24:53.039 | INFO     | csq:train:203 - [epoch:3/3][loss:0.265281]
2023-11-21 04:24:53.040 | INFO     | csq:train:206 - [iter:13/50][iter_time:50.58]
2023-11-21 04:31:17.811 | INFO     | csq:train:278 - [iter:13/50][code_length:32][mAP:0.92727][mAP_all:0.91600][best_mAP:0.92727]
2023-11-21 04:31:17.812 | INFO     | csq:train:279 - [iter:13/50][code_length:32][zs_mAP:0.36883][zs_mAP_all:0.22863]
2023-11-21 04:31:35.516 | INFO     | csq:train:203 - [epoch:1/3][loss:0.292574]
2023-11-21 04:31:50.857 | INFO     | csq:train:203 - [epoch:2/3][loss:0.279245]
2023-11-21 04:32:07.154 | INFO     | csq:train:203 - [epoch:3/3][loss:0.273591]
2023-11-21 04:32:07.154 | INFO     | csq:train:206 - [iter:14/50][iter_time:49.34]
2023-11-21 04:38:12.183 | INFO     | csq:train:278 - [iter:14/50][code_length:32][mAP:0.92672][mAP_all:0.91733][best_mAP:0.92727]
2023-11-21 04:38:12.183 | INFO     | csq:train:279 - [iter:14/50][code_length:32][zs_mAP:0.37059][zs_mAP_all:0.23308]
2023-11-21 04:38:29.218 | INFO     | csq:train:203 - [epoch:1/3][loss:0.282255]
2023-11-21 04:38:46.927 | INFO     | csq:train:203 - [epoch:2/3][loss:0.268540]
2023-11-21 04:39:05.032 | INFO     | csq:train:203 - [epoch:3/3][loss:0.263393]
2023-11-21 04:39:05.033 | INFO     | csq:train:206 - [iter:15/50][iter_time:52.85]
2023-11-21 04:45:27.792 | INFO     | csq:train:278 - [iter:15/50][code_length:32][mAP:0.92403][mAP_all:0.91763][best_mAP:0.92727]
2023-11-21 04:45:27.793 | INFO     | csq:train:279 - [iter:15/50][code_length:32][zs_mAP:0.35322][zs_mAP_all:0.21849]
2023-11-21 04:45:42.714 | INFO     | csq:train:203 - [epoch:1/3][loss:0.272280]
2023-11-21 04:46:00.294 | INFO     | csq:train:203 - [epoch:2/3][loss:0.270886]
2023-11-21 04:46:17.751 | INFO     | csq:train:203 - [epoch:3/3][loss:0.268975]
2023-11-21 04:46:17.751 | INFO     | csq:train:206 - [iter:16/50][iter_time:49.96]
2023-11-21 04:52:33.808 | INFO     | csq:train:278 - [iter:16/50][code_length:32][mAP:0.92373][mAP_all:0.91761][best_mAP:0.92727]
2023-11-21 04:52:33.809 | INFO     | csq:train:279 - [iter:16/50][code_length:32][zs_mAP:0.33382][zs_mAP_all:0.20127]
2023-11-21 04:52:52.509 | INFO     | csq:train:203 - [epoch:1/3][loss:0.270475]
2023-11-21 04:53:09.203 | INFO     | csq:train:203 - [epoch:2/3][loss:0.267329]
2023-11-21 04:53:24.776 | INFO     | csq:train:203 - [epoch:3/3][loss:0.253606]
2023-11-21 04:53:24.777 | INFO     | csq:train:206 - [iter:17/50][iter_time:50.97]
2023-11-21 04:59:48.696 | INFO     | csq:train:278 - [iter:17/50][code_length:32][mAP:0.92744][mAP_all:0.91913][best_mAP:0.92744]
2023-11-21 04:59:48.697 | INFO     | csq:train:279 - [iter:17/50][code_length:32][zs_mAP:0.36806][zs_mAP_all:0.22740]
2023-11-21 05:00:06.430 | INFO     | csq:train:203 - [epoch:1/3][loss:0.269779]
2023-11-21 05:00:24.394 | INFO     | csq:train:203 - [epoch:2/3][loss:0.268843]
2023-11-21 05:00:42.462 | INFO     | csq:train:203 - [epoch:3/3][loss:0.264102]
2023-11-21 05:00:42.462 | INFO     | csq:train:206 - [iter:18/50][iter_time:53.76]
2023-11-21 05:07:02.903 | INFO     | csq:train:278 - [iter:18/50][code_length:32][mAP:0.92479][mAP_all:0.91835][best_mAP:0.92744]
2023-11-21 05:07:02.904 | INFO     | csq:train:279 - [iter:18/50][code_length:32][zs_mAP:0.34148][zs_mAP_all:0.21288]
2023-11-21 05:07:18.735 | INFO     | csq:train:203 - [epoch:1/3][loss:0.269448]
2023-11-21 05:07:34.805 | INFO     | csq:train:203 - [epoch:2/3][loss:0.257680]
2023-11-21 05:07:51.379 | INFO     | csq:train:203 - [epoch:3/3][loss:0.253738]
2023-11-21 05:07:51.380 | INFO     | csq:train:206 - [iter:19/50][iter_time:48.48]
2023-11-21 05:14:14.422 | INFO     | csq:train:278 - [iter:19/50][code_length:32][mAP:0.92629][mAP_all:0.91821][best_mAP:0.92744]
2023-11-21 05:14:14.423 | INFO     | csq:train:279 - [iter:19/50][code_length:32][zs_mAP:0.36807][zs_mAP_all:0.22825]
2023-11-21 05:14:31.066 | INFO     | csq:train:203 - [epoch:1/3][loss:0.267659]
2023-11-21 05:14:47.891 | INFO     | csq:train:203 - [epoch:2/3][loss:0.263923]
2023-11-21 05:15:03.303 | INFO     | csq:train:203 - [epoch:3/3][loss:0.261257]
2023-11-21 05:15:03.304 | INFO     | csq:train:206 - [iter:20/50][iter_time:48.88]
2023-11-21 05:21:21.743 | INFO     | csq:train:278 - [iter:20/50][code_length:32][mAP:0.93008][mAP_all:0.92443][best_mAP:0.93008]
2023-11-21 05:21:21.744 | INFO     | csq:train:279 - [iter:20/50][code_length:32][zs_mAP:0.36154][zs_mAP_all:0.21286]
2023-11-21 05:21:39.022 | INFO     | csq:train:203 - [epoch:1/3][loss:0.269260]
2023-11-21 05:21:55.837 | INFO     | csq:train:203 - [epoch:2/3][loss:0.260053]
2023-11-21 05:22:12.227 | INFO     | csq:train:203 - [epoch:3/3][loss:0.257823]
2023-11-21 05:22:12.228 | INFO     | csq:train:206 - [iter:21/50][iter_time:50.48]
2023-11-21 05:28:31.602 | INFO     | csq:train:278 - [iter:21/50][code_length:32][mAP:0.92620][mAP_all:0.91709][best_mAP:0.93008]
2023-11-21 05:28:31.602 | INFO     | csq:train:279 - [iter:21/50][code_length:32][zs_mAP:0.38104][zs_mAP_all:0.22264]
2023-11-21 05:28:47.207 | INFO     | csq:train:203 - [epoch:1/3][loss:0.268067]
2023-11-21 05:29:01.042 | INFO     | csq:train:203 - [epoch:2/3][loss:0.256871]
2023-11-21 05:29:14.846 | INFO     | csq:train:203 - [epoch:3/3][loss:0.258323]
2023-11-21 05:29:14.847 | INFO     | csq:train:206 - [iter:22/50][iter_time:43.24]
2023-11-21 05:35:37.108 | INFO     | csq:train:278 - [iter:22/50][code_length:32][mAP:0.92870][mAP_all:0.92389][best_mAP:0.93008]
2023-11-21 05:35:37.108 | INFO     | csq:train:279 - [iter:22/50][code_length:32][zs_mAP:0.36864][zs_mAP_all:0.21844]
2023-11-21 05:35:54.247 | INFO     | csq:train:203 - [epoch:1/3][loss:0.275100]
2023-11-21 05:36:11.276 | INFO     | csq:train:203 - [epoch:2/3][loss:0.262987]
2023-11-21 05:36:29.631 | INFO     | csq:train:203 - [epoch:3/3][loss:0.257436]
2023-11-21 05:36:29.632 | INFO     | csq:train:206 - [iter:23/50][iter_time:52.52]
2023-11-21 05:42:48.914 | INFO     | csq:train:278 - [iter:23/50][code_length:32][mAP:0.92641][mAP_all:0.92157][best_mAP:0.93008]
2023-11-21 05:42:48.915 | INFO     | csq:train:279 - [iter:23/50][code_length:32][zs_mAP:0.35059][zs_mAP_all:0.20569]
2023-11-21 05:43:03.425 | INFO     | csq:train:203 - [epoch:1/3][loss:0.260072]
2023-11-21 05:43:19.370 | INFO     | csq:train:203 - [epoch:2/3][loss:0.245226]
2023-11-21 05:43:36.919 | INFO     | csq:train:203 - [epoch:3/3][loss:0.241914]
2023-11-21 05:43:36.920 | INFO     | csq:train:206 - [iter:24/50][iter_time:48.00]
2023-11-21 05:49:51.313 | INFO     | csq:train:278 - [iter:24/50][code_length:32][mAP:0.92635][mAP_all:0.92189][best_mAP:0.93008]
2023-11-21 05:49:51.313 | INFO     | csq:train:279 - [iter:24/50][code_length:32][zs_mAP:0.35387][zs_mAP_all:0.20403]
2023-11-21 05:50:07.237 | INFO     | csq:train:203 - [epoch:1/3][loss:0.266347]
2023-11-21 05:50:24.346 | INFO     | csq:train:203 - [epoch:2/3][loss:0.259021]
2023-11-21 05:50:40.290 | INFO     | csq:train:203 - [epoch:3/3][loss:0.256736]
2023-11-21 05:50:40.291 | INFO     | csq:train:206 - [iter:25/50][iter_time:48.98]
2023-11-21 05:56:54.545 | INFO     | csq:train:278 - [iter:25/50][code_length:32][mAP:0.92745][mAP_all:0.92157][best_mAP:0.93008]
2023-11-21 05:56:54.546 | INFO     | csq:train:279 - [iter:25/50][code_length:32][zs_mAP:0.35819][zs_mAP_all:0.20281]
2023-11-21 05:57:08.058 | INFO     | csq:train:203 - [epoch:1/3][loss:0.264763]
2023-11-21 05:57:22.731 | INFO     | csq:train:203 - [epoch:2/3][loss:0.247962]
2023-11-21 05:57:37.654 | INFO     | csq:train:203 - [epoch:3/3][loss:0.250290]
2023-11-21 05:57:37.654 | INFO     | csq:train:206 - [iter:26/50][iter_time:43.11]
2023-11-21 06:03:29.434 | INFO     | csq:train:278 - [iter:26/50][code_length:32][mAP:0.92499][mAP_all:0.91996][best_mAP:0.93008]
2023-11-21 06:03:29.434 | INFO     | csq:train:279 - [iter:26/50][code_length:32][zs_mAP:0.35646][zs_mAP_all:0.20399]
2023-11-21 06:03:42.407 | INFO     | csq:train:203 - [epoch:1/3][loss:0.272135]
2023-11-21 06:03:55.230 | INFO     | csq:train:203 - [epoch:2/3][loss:0.258977]
2023-11-21 06:04:08.072 | INFO     | csq:train:203 - [epoch:3/3][loss:0.260337]
2023-11-21 06:04:08.072 | INFO     | csq:train:206 - [iter:27/50][iter_time:38.64]
2023-11-21 06:09:57.072 | INFO     | csq:train:278 - [iter:27/50][code_length:32][mAP:0.92740][mAP_all:0.92268][best_mAP:0.93008]
2023-11-21 06:09:57.073 | INFO     | csq:train:279 - [iter:27/50][code_length:32][zs_mAP:0.33670][zs_mAP_all:0.19603]
2023-11-21 06:10:10.668 | INFO     | csq:train:203 - [epoch:1/3][loss:0.264749]
2023-11-21 06:10:24.520 | INFO     | csq:train:203 - [epoch:2/3][loss:0.255873]
2023-11-21 06:10:38.715 | INFO     | csq:train:203 - [epoch:3/3][loss:0.253832]
2023-11-21 06:10:38.715 | INFO     | csq:train:206 - [iter:28/50][iter_time:41.64]
2023-11-21 06:16:28.988 | INFO     | csq:train:278 - [iter:28/50][code_length:32][mAP:0.92496][mAP_all:0.92186][best_mAP:0.93008]
2023-11-21 06:16:28.989 | INFO     | csq:train:279 - [iter:28/50][code_length:32][zs_mAP:0.31393][zs_mAP_all:0.18568]
2023-11-21 06:16:43.253 | INFO     | csq:train:203 - [epoch:1/3][loss:0.268877]
2023-11-21 06:16:57.144 | INFO     | csq:train:203 - [epoch:2/3][loss:0.255683]
2023-11-21 06:17:11.278 | INFO     | csq:train:203 - [epoch:3/3][loss:0.251018]
2023-11-21 06:17:11.279 | INFO     | csq:train:206 - [iter:29/50][iter_time:42.29]
2023-11-21 06:23:04.141 | INFO     | csq:train:278 - [iter:29/50][code_length:32][mAP:0.92779][mAP_all:0.92550][best_mAP:0.93008]
2023-11-21 06:23:04.142 | INFO     | csq:train:279 - [iter:29/50][code_length:32][zs_mAP:0.33586][zs_mAP_all:0.19810]
2023-11-21 06:23:16.893 | INFO     | csq:train:203 - [epoch:1/3][loss:0.264468]
2023-11-21 06:23:29.544 | INFO     | csq:train:203 - [epoch:2/3][loss:0.254508]
2023-11-21 06:23:42.238 | INFO     | csq:train:203 - [epoch:3/3][loss:0.249320]
2023-11-21 06:23:42.239 | INFO     | csq:train:206 - [iter:30/50][iter_time:38.10]
2023-11-21 06:29:26.548 | INFO     | csq:train:278 - [iter:30/50][code_length:32][mAP:0.92742][mAP_all:0.92465][best_mAP:0.93008]
2023-11-21 06:29:26.549 | INFO     | csq:train:279 - [iter:30/50][code_length:32][zs_mAP:0.32374][zs_mAP_all:0.18743]
2023-11-21 06:29:39.848 | INFO     | csq:train:203 - [epoch:1/3][loss:0.267400]
2023-11-21 06:29:53.810 | INFO     | csq:train:203 - [epoch:2/3][loss:0.259500]
2023-11-21 06:30:08.735 | INFO     | csq:train:203 - [epoch:3/3][loss:0.249224]
2023-11-21 06:30:08.737 | INFO     | csq:train:206 - [iter:31/50][iter_time:42.19]
2023-11-21 06:35:56.848 | INFO     | csq:train:278 - [iter:31/50][code_length:32][mAP:0.92733][mAP_all:0.92258][best_mAP:0.93008]
2023-11-21 06:35:56.849 | INFO     | csq:train:279 - [iter:31/50][code_length:32][zs_mAP:0.33132][zs_mAP_all:0.18656]
2023-11-21 06:36:11.353 | INFO     | csq:train:203 - [epoch:1/3][loss:0.264414]
2023-11-21 06:36:25.909 | INFO     | csq:train:203 - [epoch:2/3][loss:0.263688]
2023-11-21 06:36:40.569 | INFO     | csq:train:203 - [epoch:3/3][loss:0.256929]
2023-11-21 06:36:40.570 | INFO     | csq:train:206 - [iter:32/50][iter_time:43.72]
2023-11-21 06:42:31.200 | INFO     | csq:train:278 - [iter:32/50][code_length:32][mAP:0.92757][mAP_all:0.92185][best_mAP:0.93008]
2023-11-21 06:42:31.201 | INFO     | csq:train:279 - [iter:32/50][code_length:32][zs_mAP:0.32330][zs_mAP_all:0.18922]
2023-11-21 06:42:45.800 | INFO     | csq:train:203 - [epoch:1/3][loss:0.266774]
2023-11-21 06:43:00.235 | INFO     | csq:train:203 - [epoch:2/3][loss:0.254044]
2023-11-21 06:43:14.669 | INFO     | csq:train:203 - [epoch:3/3][loss:0.244377]
2023-11-21 06:43:14.670 | INFO     | csq:train:206 - [iter:33/50][iter_time:43.47]
2023-11-21 06:49:03.538 | INFO     | csq:train:278 - [iter:33/50][code_length:32][mAP:0.92740][mAP_all:0.92145][best_mAP:0.93008]
2023-11-21 06:49:03.539 | INFO     | csq:train:279 - [iter:33/50][code_length:32][zs_mAP:0.31406][zs_mAP_all:0.18583]
2023-11-21 06:49:17.971 | INFO     | csq:train:203 - [epoch:1/3][loss:0.249545]
2023-11-21 06:49:32.442 | INFO     | csq:train:203 - [epoch:2/3][loss:0.245127]
2023-11-21 06:49:46.962 | INFO     | csq:train:203 - [epoch:3/3][loss:0.233178]
2023-11-21 06:49:46.963 | INFO     | csq:train:206 - [iter:34/50][iter_time:43.42]
2023-11-21 06:55:34.410 | INFO     | csq:train:278 - [iter:34/50][code_length:32][mAP:0.92420][mAP_all:0.92041][best_mAP:0.93008]
2023-11-21 06:55:34.411 | INFO     | csq:train:279 - [iter:34/50][code_length:32][zs_mAP:0.31376][zs_mAP_all:0.18486]
2023-11-21 06:55:47.663 | INFO     | csq:train:203 - [epoch:1/3][loss:0.259609]
2023-11-21 06:56:00.856 | INFO     | csq:train:203 - [epoch:2/3][loss:0.253521]
2023-11-21 06:56:14.043 | INFO     | csq:train:203 - [epoch:3/3][loss:0.253788]
2023-11-21 06:56:14.043 | INFO     | csq:train:206 - [iter:35/50][iter_time:39.63]
2023-11-21 07:01:59.247 | INFO     | csq:train:278 - [iter:35/50][code_length:32][mAP:0.92865][mAP_all:0.92641][best_mAP:0.93008]
2023-11-21 07:01:59.248 | INFO     | csq:train:279 - [iter:35/50][code_length:32][zs_mAP:0.30983][zs_mAP_all:0.17826]
2023-11-21 07:02:12.622 | INFO     | csq:train:203 - [epoch:1/3][loss:0.266849]
2023-11-21 07:02:26.248 | INFO     | csq:train:203 - [epoch:2/3][loss:0.261412]
2023-11-21 07:02:39.792 | INFO     | csq:train:203 - [epoch:3/3][loss:0.251239]
2023-11-21 07:02:39.793 | INFO     | csq:train:206 - [iter:36/50][iter_time:40.54]
2023-11-21 07:08:27.153 | INFO     | csq:train:278 - [iter:36/50][code_length:32][mAP:0.92675][mAP_all:0.92431][best_mAP:0.93008]
2023-11-21 07:08:27.153 | INFO     | csq:train:279 - [iter:36/50][code_length:32][zs_mAP:0.31823][zs_mAP_all:0.18787]
2023-11-21 07:08:40.411 | INFO     | csq:train:203 - [epoch:1/3][loss:0.252182]
2023-11-21 07:08:53.664 | INFO     | csq:train:203 - [epoch:2/3][loss:0.245319]
2023-11-21 07:09:07.015 | INFO     | csq:train:203 - [epoch:3/3][loss:0.237451]
2023-11-21 07:09:07.016 | INFO     | csq:train:206 - [iter:37/50][iter_time:39.86]
2023-11-21 07:14:54.983 | INFO     | csq:train:278 - [iter:37/50][code_length:32][mAP:0.92874][mAP_all:0.92527][best_mAP:0.93008]
2023-11-21 07:14:54.983 | INFO     | csq:train:279 - [iter:37/50][code_length:32][zs_mAP:0.32764][zs_mAP_all:0.18954]
2023-11-21 07:15:08.463 | INFO     | csq:train:203 - [epoch:1/3][loss:0.260679]
2023-11-21 07:15:22.373 | INFO     | csq:train:203 - [epoch:2/3][loss:0.252115]
2023-11-21 07:15:37.014 | INFO     | csq:train:203 - [epoch:3/3][loss:0.245654]
2023-11-21 07:15:37.015 | INFO     | csq:train:206 - [iter:38/50][iter_time:42.03]
2023-11-21 07:21:29.888 | INFO     | csq:train:278 - [iter:38/50][code_length:32][mAP:0.92851][mAP_all:0.92202][best_mAP:0.93008]
2023-11-21 07:21:29.888 | INFO     | csq:train:279 - [iter:38/50][code_length:32][zs_mAP:0.33024][zs_mAP_all:0.19395]
2023-11-21 07:21:44.471 | INFO     | csq:train:203 - [epoch:1/3][loss:0.243418]
2023-11-21 07:21:58.934 | INFO     | csq:train:203 - [epoch:2/3][loss:0.243310]
2023-11-21 07:22:13.310 | INFO     | csq:train:203 - [epoch:3/3][loss:0.234304]
2023-11-21 07:22:13.311 | INFO     | csq:train:206 - [iter:39/50][iter_time:43.42]
2023-11-21 07:28:00.768 | INFO     | csq:train:278 - [iter:39/50][code_length:32][mAP:0.92802][mAP_all:0.92524][best_mAP:0.93008]
2023-11-21 07:28:00.769 | INFO     | csq:train:279 - [iter:39/50][code_length:32][zs_mAP:0.31576][zs_mAP_all:0.18854]
2023-11-21 07:28:14.647 | INFO     | csq:train:203 - [epoch:1/3][loss:0.256226]
2023-11-21 07:28:28.914 | INFO     | csq:train:203 - [epoch:2/3][loss:0.244793]
2023-11-21 07:28:43.072 | INFO     | csq:train:203 - [epoch:3/3][loss:0.244416]
2023-11-21 07:28:43.072 | INFO     | csq:train:206 - [iter:40/50][iter_time:42.30]
2023-11-21 07:34:24.702 | INFO     | csq:train:278 - [iter:40/50][code_length:32][mAP:0.92607][mAP_all:0.92500][best_mAP:0.93008]
2023-11-21 07:34:24.703 | INFO     | csq:train:279 - [iter:40/50][code_length:32][zs_mAP:0.31834][zs_mAP_all:0.19196]
2023-11-21 07:34:39.115 | INFO     | csq:train:203 - [epoch:1/3][loss:0.257954]
2023-11-21 07:34:53.673 | INFO     | csq:train:203 - [epoch:2/3][loss:0.248866]
2023-11-21 07:35:08.246 | INFO     | csq:train:203 - [epoch:3/3][loss:0.242567]
2023-11-21 07:35:08.247 | INFO     | csq:train:206 - [iter:41/50][iter_time:43.54]
2023-11-21 07:40:54.749 | INFO     | csq:train:278 - [iter:41/50][code_length:32][mAP:0.92776][mAP_all:0.92579][best_mAP:0.93008]
2023-11-21 07:40:54.750 | INFO     | csq:train:279 - [iter:41/50][code_length:32][zs_mAP:0.32359][zs_mAP_all:0.19111]
2023-11-21 07:41:08.106 | INFO     | csq:train:203 - [epoch:1/3][loss:0.265275]
2023-11-21 07:41:21.365 | INFO     | csq:train:203 - [epoch:2/3][loss:0.255694]
2023-11-21 07:41:34.656 | INFO     | csq:train:203 - [epoch:3/3][loss:0.252787]
2023-11-21 07:41:34.657 | INFO     | csq:train:206 - [iter:42/50][iter_time:39.91]
2023-11-21 07:47:21.887 | INFO     | csq:train:278 - [iter:42/50][code_length:32][mAP:0.92775][mAP_all:0.92485][best_mAP:0.93008]
2023-11-21 07:47:21.888 | INFO     | csq:train:279 - [iter:42/50][code_length:32][zs_mAP:0.33532][zs_mAP_all:0.19876]
2023-11-21 07:47:35.101 | INFO     | csq:train:203 - [epoch:1/3][loss:0.251859]
2023-11-21 07:47:48.082 | INFO     | csq:train:203 - [epoch:2/3][loss:0.241786]
2023-11-21 07:48:01.013 | INFO     | csq:train:203 - [epoch:3/3][loss:0.246049]
2023-11-21 07:48:01.013 | INFO     | csq:train:206 - [iter:43/50][iter_time:39.13]
2023-11-21 07:53:52.302 | INFO     | csq:train:278 - [iter:43/50][code_length:32][mAP:0.92866][mAP_all:0.92877][best_mAP:0.93008]
2023-11-21 07:53:52.303 | INFO     | csq:train:279 - [iter:43/50][code_length:32][zs_mAP:0.30600][zs_mAP_all:0.18025]
2023-11-21 07:54:06.778 | INFO     | csq:train:203 - [epoch:1/3][loss:0.254026]
2023-11-21 07:54:21.168 | INFO     | csq:train:203 - [epoch:2/3][loss:0.255223]
2023-11-21 07:54:35.835 | INFO     | csq:train:203 - [epoch:3/3][loss:0.240928]
2023-11-21 07:54:35.836 | INFO     | csq:train:206 - [iter:44/50][iter_time:43.53]
2023-11-21 08:00:28.043 | INFO     | csq:train:278 - [iter:44/50][code_length:32][mAP:0.92754][mAP_all:0.92491][best_mAP:0.93008]
2023-11-21 08:00:28.043 | INFO     | csq:train:279 - [iter:44/50][code_length:32][zs_mAP:0.34125][zs_mAP_all:0.19756]
2023-11-21 08:00:42.086 | INFO     | csq:train:203 - [epoch:1/3][loss:0.248107]
2023-11-21 08:00:56.569 | INFO     | csq:train:203 - [epoch:2/3][loss:0.241455]
2023-11-21 08:01:10.818 | INFO     | csq:train:203 - [epoch:3/3][loss:0.236684]
2023-11-21 08:01:10.819 | INFO     | csq:train:206 - [iter:45/50][iter_time:42.78]
2023-11-21 08:07:00.629 | INFO     | csq:train:278 - [iter:45/50][code_length:32][mAP:0.92768][mAP_all:0.92333][best_mAP:0.93008]
2023-11-21 08:07:00.630 | INFO     | csq:train:279 - [iter:45/50][code_length:32][zs_mAP:0.32594][zs_mAP_all:0.19391]
2023-11-21 08:07:14.284 | INFO     | csq:train:203 - [epoch:1/3][loss:0.268691]
2023-11-21 08:07:27.676 | INFO     | csq:train:203 - [epoch:2/3][loss:0.261985]
2023-11-21 08:07:41.117 | INFO     | csq:train:203 - [epoch:3/3][loss:0.256352]
2023-11-21 08:07:41.118 | INFO     | csq:train:206 - [iter:46/50][iter_time:40.49]
2023-11-21 08:13:30.878 | INFO     | csq:train:278 - [iter:46/50][code_length:32][mAP:0.92676][mAP_all:0.92314][best_mAP:0.93008]
2023-11-21 08:13:30.878 | INFO     | csq:train:279 - [iter:46/50][code_length:32][zs_mAP:0.31625][zs_mAP_all:0.18725]
2023-11-21 08:13:44.226 | INFO     | csq:train:203 - [epoch:1/3][loss:0.240388]
2023-11-21 08:13:57.087 | INFO     | csq:train:203 - [epoch:2/3][loss:0.243006]
2023-11-21 08:14:10.981 | INFO     | csq:train:203 - [epoch:3/3][loss:0.241002]
2023-11-21 08:14:10.981 | INFO     | csq:train:206 - [iter:47/50][iter_time:40.10]
2023-11-21 08:20:02.193 | INFO     | csq:train:278 - [iter:47/50][code_length:32][mAP:0.92728][mAP_all:0.92489][best_mAP:0.93008]
2023-11-21 08:20:02.194 | INFO     | csq:train:279 - [iter:47/50][code_length:32][zs_mAP:0.32687][zs_mAP_all:0.19655]
2023-11-21 08:20:15.761 | INFO     | csq:train:203 - [epoch:1/3][loss:0.256658]
2023-11-21 08:20:29.275 | INFO     | csq:train:203 - [epoch:2/3][loss:0.252059]
2023-11-21 08:20:42.769 | INFO     | csq:train:203 - [epoch:3/3][loss:0.252715]
2023-11-21 08:20:42.770 | INFO     | csq:train:206 - [iter:48/50][iter_time:40.58]
2023-11-21 08:26:32.324 | INFO     | csq:train:278 - [iter:48/50][code_length:32][mAP:0.92864][mAP_all:0.92579][best_mAP:0.93008]
2023-11-21 08:26:32.324 | INFO     | csq:train:279 - [iter:48/50][code_length:32][zs_mAP:0.32693][zs_mAP_all:0.19416]
2023-11-21 08:26:45.711 | INFO     | csq:train:203 - [epoch:1/3][loss:0.256228]
2023-11-21 08:26:58.842 | INFO     | csq:train:203 - [epoch:2/3][loss:0.250723]
2023-11-21 08:27:11.971 | INFO     | csq:train:203 - [epoch:3/3][loss:0.251522]
2023-11-21 08:27:11.971 | INFO     | csq:train:206 - [iter:49/50][iter_time:39.65]
2023-11-21 08:32:58.979 | INFO     | csq:train:278 - [iter:49/50][code_length:32][mAP:0.92760][mAP_all:0.92507][best_mAP:0.93008]
2023-11-21 08:32:58.979 | INFO     | csq:train:279 - [iter:49/50][code_length:32][zs_mAP:0.32286][zs_mAP_all:0.19066]
2023-11-21 08:33:12.242 | INFO     | csq:train:203 - [epoch:1/3][loss:0.257636]
2023-11-21 08:33:25.431 | INFO     | csq:train:203 - [epoch:2/3][loss:0.251086]
2023-11-21 08:33:38.748 | INFO     | csq:train:203 - [epoch:3/3][loss:0.248224]
2023-11-21 08:33:38.749 | INFO     | csq:train:206 - [iter:50/50][iter_time:39.77]
2023-11-21 08:39:23.999 | INFO     | csq:train:278 - [iter:50/50][code_length:32][mAP:0.92900][mAP_all:0.92582][best_mAP:0.93008]
2023-11-21 08:39:24.000 | INFO     | csq:train:279 - [iter:50/50][code_length:32][zs_mAP:0.32366][zs_mAP_all:0.19313]
2023-11-21 08:39:24.000 | INFO     | csq:train:282 - [Training time:20501.41]
2023-11-21 08:39:24.009 | INFO     | __main__:run:126 - [code_length:32][map:0.9301][map_all:0.9244][zs_map:0.3615][zs_map_all:0.2129]
2023-11-21 08:39:37.914 | INFO     | csq:train:203 - [epoch:1/3][loss:0.584210]
2023-11-21 08:39:51.823 | INFO     | csq:train:203 - [epoch:2/3][loss:0.465711]
2023-11-21 08:40:05.483 | INFO     | csq:train:203 - [epoch:3/3][loss:0.393166]
2023-11-21 08:40:05.484 | INFO     | csq:train:206 - [iter:1/50][iter_time:41.00]
2023-11-21 08:45:52.241 | INFO     | csq:train:278 - [iter:1/50][code_length:64][mAP:0.88336][mAP_all:0.86807][best_mAP:0.88336]
2023-11-21 08:45:52.241 | INFO     | csq:train:279 - [iter:1/50][code_length:64][zs_mAP:0.42480][zs_mAP_all:0.22656]
2023-11-21 08:46:05.414 | INFO     | csq:train:203 - [epoch:1/3][loss:0.354348]
2023-11-21 08:46:18.751 | INFO     | csq:train:203 - [epoch:2/3][loss:0.331797]
2023-11-21 08:46:32.220 | INFO     | csq:train:203 - [epoch:3/3][loss:0.312672]
2023-11-21 08:46:32.221 | INFO     | csq:train:206 - [iter:2/50][iter_time:39.98]
2023-11-21 08:52:21.149 | INFO     | csq:train:278 - [iter:2/50][code_length:64][mAP:0.90831][mAP_all:0.89189][best_mAP:0.90831]
2023-11-21 08:52:21.149 | INFO     | csq:train:279 - [iter:2/50][code_length:64][zs_mAP:0.41865][zs_mAP_all:0.22175]
2023-11-21 08:52:34.637 | INFO     | csq:train:203 - [epoch:1/3][loss:0.309169]
2023-11-21 08:52:48.135 | INFO     | csq:train:203 - [epoch:2/3][loss:0.307058]
2023-11-21 08:53:02.528 | INFO     | csq:train:203 - [epoch:3/3][loss:0.296993]
2023-11-21 08:53:02.529 | INFO     | csq:train:206 - [iter:3/50][iter_time:41.38]
2023-11-21 08:58:50.512 | INFO     | csq:train:278 - [iter:3/50][code_length:64][mAP:0.91646][mAP_all:0.89958][best_mAP:0.91646]
2023-11-21 08:58:50.512 | INFO     | csq:train:279 - [iter:3/50][code_length:64][zs_mAP:0.41681][zs_mAP_all:0.23545]
2023-11-21 08:59:04.986 | INFO     | csq:train:203 - [epoch:1/3][loss:0.310999]
2023-11-21 08:59:19.536 | INFO     | csq:train:203 - [epoch:2/3][loss:0.301212]
2023-11-21 08:59:34.111 | INFO     | csq:train:203 - [epoch:3/3][loss:0.295257]
2023-11-21 08:59:34.112 | INFO     | csq:train:206 - [iter:4/50][iter_time:43.60]
2023-11-21 09:05:24.272 | INFO     | csq:train:278 - [iter:4/50][code_length:64][mAP:0.91791][mAP_all:0.90251][best_mAP:0.91791]
2023-11-21 09:05:24.272 | INFO     | csq:train:279 - [iter:4/50][code_length:64][zs_mAP:0.41673][zs_mAP_all:0.24668]
2023-11-21 09:05:38.556 | INFO     | csq:train:203 - [epoch:1/3][loss:0.296065]
2023-11-21 09:05:52.937 | INFO     | csq:train:203 - [epoch:2/3][loss:0.295959]
2023-11-21 09:06:07.399 | INFO     | csq:train:203 - [epoch:3/3][loss:0.284653]
2023-11-21 09:06:07.399 | INFO     | csq:train:206 - [iter:5/50][iter_time:43.13]
2023-11-21 09:11:56.084 | INFO     | csq:train:278 - [iter:5/50][code_length:64][mAP:0.92219][mAP_all:0.90270][best_mAP:0.92219]
2023-11-21 09:11:56.085 | INFO     | csq:train:279 - [iter:5/50][code_length:64][zs_mAP:0.41915][zs_mAP_all:0.24980]
2023-11-21 09:12:09.493 | INFO     | csq:train:203 - [epoch:1/3][loss:0.301796]
2023-11-21 09:12:22.824 | INFO     | csq:train:203 - [epoch:2/3][loss:0.293224]
2023-11-21 09:12:36.125 | INFO     | csq:train:203 - [epoch:3/3][loss:0.291605]
2023-11-21 09:12:36.126 | INFO     | csq:train:206 - [iter:6/50][iter_time:40.04]
2023-11-21 09:18:26.655 | INFO     | csq:train:278 - [iter:6/50][code_length:64][mAP:0.92362][mAP_all:0.90981][best_mAP:0.92362]
2023-11-21 09:18:26.656 | INFO     | csq:train:279 - [iter:6/50][code_length:64][zs_mAP:0.42632][zs_mAP_all:0.25481]
2023-11-21 09:18:41.088 | INFO     | csq:train:203 - [epoch:1/3][loss:0.292560]
2023-11-21 09:18:55.094 | INFO     | csq:train:203 - [epoch:2/3][loss:0.283530]
2023-11-21 09:19:08.977 | INFO     | csq:train:203 - [epoch:3/3][loss:0.283654]
2023-11-21 09:19:08.977 | INFO     | csq:train:206 - [iter:7/50][iter_time:42.32]
2023-11-21 09:24:55.821 | INFO     | csq:train:278 - [iter:7/50][code_length:64][mAP:0.92360][mAP_all:0.90936][best_mAP:0.92362]
2023-11-21 09:24:55.821 | INFO     | csq:train:279 - [iter:7/50][code_length:64][zs_mAP:0.40408][zs_mAP_all:0.25125]
2023-11-21 09:25:10.193 | INFO     | csq:train:203 - [epoch:1/3][loss:0.281607]
2023-11-21 09:25:24.653 | INFO     | csq:train:203 - [epoch:2/3][loss:0.275848]
2023-11-21 09:25:38.789 | INFO     | csq:train:203 - [epoch:3/3][loss:0.280467]
2023-11-21 09:25:38.790 | INFO     | csq:train:206 - [iter:8/50][iter_time:42.97]
2023-11-21 09:31:28.773 | INFO     | csq:train:278 - [iter:8/50][code_length:64][mAP:0.92356][mAP_all:0.91006][best_mAP:0.92362]
2023-11-21 09:31:28.773 | INFO     | csq:train:279 - [iter:8/50][code_length:64][zs_mAP:0.41496][zs_mAP_all:0.27170]
2023-11-21 09:31:42.291 | INFO     | csq:train:203 - [epoch:1/3][loss:0.287735]
2023-11-21 09:31:55.921 | INFO     | csq:train:203 - [epoch:2/3][loss:0.285718]
2023-11-21 09:32:10.754 | INFO     | csq:train:203 - [epoch:3/3][loss:0.271146]
2023-11-21 09:32:10.755 | INFO     | csq:train:206 - [iter:9/50][iter_time:41.98]
2023-11-21 09:37:58.157 | INFO     | csq:train:278 - [iter:9/50][code_length:64][mAP:0.92288][mAP_all:0.91031][best_mAP:0.92362]
2023-11-21 09:37:58.157 | INFO     | csq:train:279 - [iter:9/50][code_length:64][zs_mAP:0.40648][zs_mAP_all:0.25397]
2023-11-21 09:38:11.689 | INFO     | csq:train:203 - [epoch:1/3][loss:0.273692]
2023-11-21 09:38:26.204 | INFO     | csq:train:203 - [epoch:2/3][loss:0.270512]
2023-11-21 09:38:40.653 | INFO     | csq:train:203 - [epoch:3/3][loss:0.266257]
2023-11-21 09:38:40.654 | INFO     | csq:train:206 - [iter:10/50][iter_time:42.50]
2023-11-21 09:44:27.258 | INFO     | csq:train:278 - [iter:10/50][code_length:64][mAP:0.92428][mAP_all:0.90870][best_mAP:0.92428]
2023-11-21 09:44:27.258 | INFO     | csq:train:279 - [iter:10/50][code_length:64][zs_mAP:0.42028][zs_mAP_all:0.26698]
2023-11-21 09:44:40.996 | INFO     | csq:train:203 - [epoch:1/3][loss:0.268925]
2023-11-21 09:44:55.117 | INFO     | csq:train:203 - [epoch:2/3][loss:0.267211]
2023-11-21 09:45:09.635 | INFO     | csq:train:203 - [epoch:3/3][loss:0.253774]
2023-11-21 09:45:09.635 | INFO     | csq:train:206 - [iter:11/50][iter_time:42.38]
2023-11-21 09:50:55.949 | INFO     | csq:train:278 - [iter:11/50][code_length:64][mAP:0.92633][mAP_all:0.91468][best_mAP:0.92633]
2023-11-21 09:50:55.950 | INFO     | csq:train:279 - [iter:11/50][code_length:64][zs_mAP:0.41673][zs_mAP_all:0.26762]
2023-11-21 09:51:09.256 | INFO     | csq:train:203 - [epoch:1/3][loss:0.284412]
2023-11-21 09:51:22.459 | INFO     | csq:train:203 - [epoch:2/3][loss:0.277183]
2023-11-21 09:51:35.636 | INFO     | csq:train:203 - [epoch:3/3][loss:0.267879]
2023-11-21 09:51:35.637 | INFO     | csq:train:206 - [iter:12/50][iter_time:39.69]
2023-11-21 09:57:23.589 | INFO     | csq:train:278 - [iter:12/50][code_length:64][mAP:0.92555][mAP_all:0.91308][best_mAP:0.92633]
2023-11-21 09:57:23.590 | INFO     | csq:train:279 - [iter:12/50][code_length:64][zs_mAP:0.41530][zs_mAP_all:0.25390]
2023-11-21 09:57:37.871 | INFO     | csq:train:203 - [epoch:1/3][loss:0.286181]
2023-11-21 09:57:52.043 | INFO     | csq:train:203 - [epoch:2/3][loss:0.277588]
2023-11-21 09:58:05.581 | INFO     | csq:train:203 - [epoch:3/3][loss:0.269953]
2023-11-21 09:58:05.582 | INFO     | csq:train:206 - [iter:13/50][iter_time:41.99]
2023-11-21 10:03:52.237 | INFO     | csq:train:278 - [iter:13/50][code_length:64][mAP:0.92682][mAP_all:0.91463][best_mAP:0.92682]
2023-11-21 10:03:52.238 | INFO     | csq:train:279 - [iter:13/50][code_length:64][zs_mAP:0.41772][zs_mAP_all:0.26485]
2023-11-21 10:04:06.021 | INFO     | csq:train:203 - [epoch:1/3][loss:0.275885]
2023-11-21 10:04:19.868 | INFO     | csq:train:203 - [epoch:2/3][loss:0.273185]
2023-11-21 10:04:34.024 | INFO     | csq:train:203 - [epoch:3/3][loss:0.267520]
2023-11-21 10:04:34.025 | INFO     | csq:train:206 - [iter:14/50][iter_time:41.79]
2023-11-21 10:10:22.989 | INFO     | csq:train:278 - [iter:14/50][code_length:64][mAP:0.92584][mAP_all:0.91510][best_mAP:0.92682]
2023-11-21 10:10:22.990 | INFO     | csq:train:279 - [iter:14/50][code_length:64][zs_mAP:0.41068][zs_mAP_all:0.25026]
2023-11-21 10:10:36.837 | INFO     | csq:train:203 - [epoch:1/3][loss:0.273513]
2023-11-21 10:10:51.303 | INFO     | csq:train:203 - [epoch:2/3][loss:0.264613]
2023-11-21 10:11:05.455 | INFO     | csq:train:203 - [epoch:3/3][loss:0.262770]
2023-11-21 10:11:05.456 | INFO     | csq:train:206 - [iter:15/50][iter_time:42.47]
2023-11-21 10:16:54.369 | INFO     | csq:train:278 - [iter:15/50][code_length:64][mAP:0.92675][mAP_all:0.91220][best_mAP:0.92682]
2023-11-21 10:16:54.370 | INFO     | csq:train:279 - [iter:15/50][code_length:64][zs_mAP:0.40133][zs_mAP_all:0.24518]
2023-11-21 10:17:07.440 | INFO     | csq:train:203 - [epoch:1/3][loss:0.275205]
2023-11-21 10:17:20.623 | INFO     | csq:train:203 - [epoch:2/3][loss:0.269703]
2023-11-21 10:17:34.656 | INFO     | csq:train:203 - [epoch:3/3][loss:0.261195]
2023-11-21 10:17:34.657 | INFO     | csq:train:206 - [iter:16/50][iter_time:40.29]
2023-11-21 10:23:21.908 | INFO     | csq:train:278 - [iter:16/50][code_length:64][mAP:0.92814][mAP_all:0.91474][best_mAP:0.92814]
2023-11-21 10:23:21.909 | INFO     | csq:train:279 - [iter:16/50][code_length:64][zs_mAP:0.39720][zs_mAP_all:0.23536]
2023-11-21 10:23:34.720 | INFO     | csq:train:203 - [epoch:1/3][loss:0.279308]
2023-11-21 10:23:47.418 | INFO     | csq:train:203 - [epoch:2/3][loss:0.268880]
2023-11-21 10:24:01.468 | INFO     | csq:train:203 - [epoch:3/3][loss:0.261270]
2023-11-21 10:24:01.469 | INFO     | csq:train:206 - [iter:17/50][iter_time:39.56]
2023-11-21 10:29:48.996 | INFO     | csq:train:278 - [iter:17/50][code_length:64][mAP:0.92597][mAP_all:0.91619][best_mAP:0.92814]
2023-11-21 10:29:48.997 | INFO     | csq:train:279 - [iter:17/50][code_length:64][zs_mAP:0.38676][zs_mAP_all:0.24555]
2023-11-21 10:30:03.074 | INFO     | csq:train:203 - [epoch:1/3][loss:0.273431]
2023-11-21 10:30:17.253 | INFO     | csq:train:203 - [epoch:2/3][loss:0.264720]
2023-11-21 10:30:31.055 | INFO     | csq:train:203 - [epoch:3/3][loss:0.266384]
2023-11-21 10:30:31.055 | INFO     | csq:train:206 - [iter:18/50][iter_time:42.06]
2023-11-21 10:36:15.809 | INFO     | csq:train:278 - [iter:18/50][code_length:64][mAP:0.92415][mAP_all:0.91311][best_mAP:0.92814]
2023-11-21 10:36:15.810 | INFO     | csq:train:279 - [iter:18/50][code_length:64][zs_mAP:0.39449][zs_mAP_all:0.25284]
2023-11-21 10:36:28.885 | INFO     | csq:train:203 - [epoch:1/3][loss:0.269866]
2023-11-21 10:36:41.782 | INFO     | csq:train:203 - [epoch:2/3][loss:0.259849]
2023-11-21 10:36:56.018 | INFO     | csq:train:203 - [epoch:3/3][loss:0.253594]
2023-11-21 10:36:56.018 | INFO     | csq:train:206 - [iter:19/50][iter_time:40.21]
2023-11-21 10:42:45.912 | INFO     | csq:train:278 - [iter:19/50][code_length:64][mAP:0.92444][mAP_all:0.91255][best_mAP:0.92814]
2023-11-21 10:42:45.913 | INFO     | csq:train:279 - [iter:19/50][code_length:64][zs_mAP:0.36748][zs_mAP_all:0.23271]
2023-11-21 10:42:58.853 | INFO     | csq:train:203 - [epoch:1/3][loss:0.279391]
2023-11-21 10:43:13.031 | INFO     | csq:train:203 - [epoch:2/3][loss:0.271799]
2023-11-21 10:43:26.192 | INFO     | csq:train:203 - [epoch:3/3][loss:0.265998]
2023-11-21 10:43:26.193 | INFO     | csq:train:206 - [iter:20/50][iter_time:40.28]
2023-11-21 10:49:15.255 | INFO     | csq:train:278 - [iter:20/50][code_length:64][mAP:0.92622][mAP_all:0.91682][best_mAP:0.92814]
2023-11-21 10:49:15.256 | INFO     | csq:train:279 - [iter:20/50][code_length:64][zs_mAP:0.34586][zs_mAP_all:0.22198]
2023-11-21 10:49:29.373 | INFO     | csq:train:203 - [epoch:1/3][loss:0.269831]
2023-11-21 10:49:43.401 | INFO     | csq:train:203 - [epoch:2/3][loss:0.263368]
2023-11-21 10:49:57.806 | INFO     | csq:train:203 - [epoch:3/3][loss:0.262226]
2023-11-21 10:49:57.807 | INFO     | csq:train:206 - [iter:21/50][iter_time:42.55]
2023-11-21 10:55:51.517 | INFO     | csq:train:278 - [iter:21/50][code_length:64][mAP:0.93018][mAP_all:0.91975][best_mAP:0.93018]
2023-11-21 10:55:51.518 | INFO     | csq:train:279 - [iter:21/50][code_length:64][zs_mAP:0.37683][zs_mAP_all:0.24775]
2023-11-21 10:56:04.740 | INFO     | csq:train:203 - [epoch:1/3][loss:0.272266]
2023-11-21 10:56:18.223 | INFO     | csq:train:203 - [epoch:2/3][loss:0.266264]
2023-11-21 10:56:31.168 | INFO     | csq:train:203 - [epoch:3/3][loss:0.251074]
2023-11-21 10:56:31.169 | INFO     | csq:train:206 - [iter:22/50][iter_time:39.65]
2023-11-21 11:02:17.258 | INFO     | csq:train:278 - [iter:22/50][code_length:64][mAP:0.93260][mAP_all:0.92457][best_mAP:0.93260]
2023-11-21 11:02:17.259 | INFO     | csq:train:279 - [iter:22/50][code_length:64][zs_mAP:0.37443][zs_mAP_all:0.24687]
2023-11-21 11:02:31.428 | INFO     | csq:train:203 - [epoch:1/3][loss:0.273234]
2023-11-21 11:02:45.617 | INFO     | csq:train:203 - [epoch:2/3][loss:0.261504]
2023-11-21 11:02:59.525 | INFO     | csq:train:203 - [epoch:3/3][loss:0.256437]
2023-11-21 11:02:59.527 | INFO     | csq:train:206 - [iter:23/50][iter_time:42.27]
2023-11-21 11:08:47.011 | INFO     | csq:train:278 - [iter:23/50][code_length:64][mAP:0.92985][mAP_all:0.92197][best_mAP:0.93260]
2023-11-21 11:08:47.012 | INFO     | csq:train:279 - [iter:23/50][code_length:64][zs_mAP:0.38410][zs_mAP_all:0.25417]
2023-11-21 11:09:00.923 | INFO     | csq:train:203 - [epoch:1/3][loss:0.264823]
2023-11-21 11:09:14.923 | INFO     | csq:train:203 - [epoch:2/3][loss:0.259413]
2023-11-21 11:09:28.729 | INFO     | csq:train:203 - [epoch:3/3][loss:0.253013]
2023-11-21 11:09:28.730 | INFO     | csq:train:206 - [iter:24/50][iter_time:41.72]
2023-11-21 11:15:14.399 | INFO     | csq:train:278 - [iter:24/50][code_length:64][mAP:0.93120][mAP_all:0.92272][best_mAP:0.93260]
2023-11-21 11:15:14.400 | INFO     | csq:train:279 - [iter:24/50][code_length:64][zs_mAP:0.38007][zs_mAP_all:0.25179]
2023-11-21 11:15:29.037 | INFO     | csq:train:203 - [epoch:1/3][loss:0.261106]
2023-11-21 11:15:43.642 | INFO     | csq:train:203 - [epoch:2/3][loss:0.252294]
2023-11-21 11:15:58.273 | INFO     | csq:train:203 - [epoch:3/3][loss:0.247804]
2023-11-21 11:15:58.274 | INFO     | csq:train:206 - [iter:25/50][iter_time:43.87]
2023-11-21 11:21:40.936 | INFO     | csq:train:278 - [iter:25/50][code_length:64][mAP:0.93127][mAP_all:0.92268][best_mAP:0.93260]
2023-11-21 11:21:40.936 | INFO     | csq:train:279 - [iter:25/50][code_length:64][zs_mAP:0.37367][zs_mAP_all:0.24014]
2023-11-21 11:21:54.435 | INFO     | csq:train:203 - [epoch:1/3][loss:0.276513]
2023-11-21 11:22:07.811 | INFO     | csq:train:203 - [epoch:2/3][loss:0.265946]
2023-11-21 11:22:21.150 | INFO     | csq:train:203 - [epoch:3/3][loss:0.261887]
2023-11-21 11:22:21.151 | INFO     | csq:train:206 - [iter:26/50][iter_time:40.21]
2023-11-21 11:28:01.294 | INFO     | csq:train:278 - [iter:26/50][code_length:64][mAP:0.92514][mAP_all:0.91608][best_mAP:0.93260]
2023-11-21 11:28:01.294 | INFO     | csq:train:279 - [iter:26/50][code_length:64][zs_mAP:0.35755][zs_mAP_all:0.22798]
2023-11-21 11:28:15.087 | INFO     | csq:train:203 - [epoch:1/3][loss:0.274619]
2023-11-21 11:28:29.517 | INFO     | csq:train:203 - [epoch:2/3][loss:0.260158]
2023-11-21 11:28:44.096 | INFO     | csq:train:203 - [epoch:3/3][loss:0.252761]
2023-11-21 11:28:44.097 | INFO     | csq:train:206 - [iter:27/50][iter_time:42.80]
2023-11-21 11:34:29.448 | INFO     | csq:train:278 - [iter:27/50][code_length:64][mAP:0.92831][mAP_all:0.91926][best_mAP:0.93260]
2023-11-21 11:34:29.448 | INFO     | csq:train:279 - [iter:27/50][code_length:64][zs_mAP:0.36381][zs_mAP_all:0.24148]
2023-11-21 11:34:42.538 | INFO     | csq:train:203 - [epoch:1/3][loss:0.262438]
2023-11-21 11:34:56.059 | INFO     | csq:train:203 - [epoch:2/3][loss:0.259607]
2023-11-21 11:35:09.624 | INFO     | csq:train:203 - [epoch:3/3][loss:0.250281]
2023-11-21 11:35:09.625 | INFO     | csq:train:206 - [iter:28/50][iter_time:40.18]
2023-11-21 11:40:51.241 | INFO     | csq:train:278 - [iter:28/50][code_length:64][mAP:0.92686][mAP_all:0.92171][best_mAP:0.93260]
2023-11-21 11:40:51.242 | INFO     | csq:train:279 - [iter:28/50][code_length:64][zs_mAP:0.36039][zs_mAP_all:0.23595]
2023-11-21 11:41:05.207 | INFO     | csq:train:203 - [epoch:1/3][loss:0.267063]
2023-11-21 11:41:18.737 | INFO     | csq:train:203 - [epoch:2/3][loss:0.256200]
2023-11-21 11:41:32.238 | INFO     | csq:train:203 - [epoch:3/3][loss:0.247098]
2023-11-21 11:41:32.239 | INFO     | csq:train:206 - [iter:29/50][iter_time:41.00]
2023-11-21 11:47:16.671 | INFO     | csq:train:278 - [iter:29/50][code_length:64][mAP:0.92636][mAP_all:0.92045][best_mAP:0.93260]
2023-11-21 11:47:16.672 | INFO     | csq:train:279 - [iter:29/50][code_length:64][zs_mAP:0.36420][zs_mAP_all:0.23982]
2023-11-21 11:47:30.537 | INFO     | csq:train:203 - [epoch:1/3][loss:0.272799]
2023-11-21 11:47:45.083 | INFO     | csq:train:203 - [epoch:2/3][loss:0.265311]
2023-11-21 11:47:59.630 | INFO     | csq:train:203 - [epoch:3/3][loss:0.259761]
2023-11-21 11:47:59.630 | INFO     | csq:train:206 - [iter:30/50][iter_time:42.96]
2023-11-21 11:53:40.903 | INFO     | csq:train:278 - [iter:30/50][code_length:64][mAP:0.92906][mAP_all:0.92448][best_mAP:0.93260]
2023-11-21 11:53:40.904 | INFO     | csq:train:279 - [iter:30/50][code_length:64][zs_mAP:0.35400][zs_mAP_all:0.22946]
2023-11-21 11:53:55.540 | INFO     | csq:train:203 - [epoch:1/3][loss:0.269622]
2023-11-21 11:54:10.213 | INFO     | csq:train:203 - [epoch:2/3][loss:0.252430]
2023-11-21 11:54:24.185 | INFO     | csq:train:203 - [epoch:3/3][loss:0.252639]
2023-11-21 11:54:24.186 | INFO     | csq:train:206 - [iter:31/50][iter_time:43.28]
2023-11-21 12:00:04.138 | INFO     | csq:train:278 - [iter:31/50][code_length:64][mAP:0.92711][mAP_all:0.92280][best_mAP:0.93260]
2023-11-21 12:00:04.139 | INFO     | csq:train:279 - [iter:31/50][code_length:64][zs_mAP:0.34320][zs_mAP_all:0.22958]
2023-11-21 12:00:18.235 | INFO     | csq:train:203 - [epoch:1/3][loss:0.267647]
2023-11-21 12:00:32.449 | INFO     | csq:train:203 - [epoch:2/3][loss:0.253230]
2023-11-21 12:00:46.753 | INFO     | csq:train:203 - [epoch:3/3][loss:0.258291]
2023-11-21 12:00:46.754 | INFO     | csq:train:206 - [iter:32/50][iter_time:42.62]
2023-11-21 12:06:20.384 | INFO     | csq:train:278 - [iter:32/50][code_length:64][mAP:0.92664][mAP_all:0.92296][best_mAP:0.93260]
2023-11-21 12:06:20.384 | INFO     | csq:train:279 - [iter:32/50][code_length:64][zs_mAP:0.33650][zs_mAP_all:0.21897]
2023-11-21 12:06:34.600 | INFO     | csq:train:203 - [epoch:1/3][loss:0.264826]
2023-11-21 12:06:48.960 | INFO     | csq:train:203 - [epoch:2/3][loss:0.248758]
2023-11-21 12:07:03.088 | INFO     | csq:train:203 - [epoch:3/3][loss:0.243459]
2023-11-21 12:07:03.089 | INFO     | csq:train:206 - [iter:33/50][iter_time:42.70]
2023-11-21 12:12:34.143 | INFO     | csq:train:278 - [iter:33/50][code_length:64][mAP:0.92764][mAP_all:0.92143][best_mAP:0.93260]
2023-11-21 12:12:34.143 | INFO     | csq:train:279 - [iter:33/50][code_length:64][zs_mAP:0.34549][zs_mAP_all:0.21651]
2023-11-21 12:12:48.282 | INFO     | csq:train:203 - [epoch:1/3][loss:0.272226]
2023-11-21 12:13:02.427 | INFO     | csq:train:203 - [epoch:2/3][loss:0.263480]
2023-11-21 12:13:16.582 | INFO     | csq:train:203 - [epoch:3/3][loss:0.252298]
2023-11-21 12:13:16.583 | INFO     | csq:train:206 - [iter:34/50][iter_time:42.44]
2023-11-21 12:18:47.968 | INFO     | csq:train:278 - [iter:34/50][code_length:64][mAP:0.92858][mAP_all:0.92295][best_mAP:0.93260]
2023-11-21 12:18:47.969 | INFO     | csq:train:279 - [iter:34/50][code_length:64][zs_mAP:0.34128][zs_mAP_all:0.21770]
2023-11-21 12:19:02.031 | INFO     | csq:train:203 - [epoch:1/3][loss:0.255639]
2023-11-21 12:19:16.248 | INFO     | csq:train:203 - [epoch:2/3][loss:0.244467]
2023-11-21 12:19:30.365 | INFO     | csq:train:203 - [epoch:3/3][loss:0.246162]
2023-11-21 12:19:30.366 | INFO     | csq:train:206 - [iter:35/50][iter_time:42.40]
2023-11-21 12:25:00.972 | INFO     | csq:train:278 - [iter:35/50][code_length:64][mAP:0.92863][mAP_all:0.92555][best_mAP:0.93260]
2023-11-21 12:25:00.972 | INFO     | csq:train:279 - [iter:35/50][code_length:64][zs_mAP:0.34778][zs_mAP_all:0.22853]
2023-11-21 12:25:15.090 | INFO     | csq:train:203 - [epoch:1/3][loss:0.255751]
2023-11-21 12:25:29.218 | INFO     | csq:train:203 - [epoch:2/3][loss:0.244445]
2023-11-21 12:25:43.277 | INFO     | csq:train:203 - [epoch:3/3][loss:0.236133]
2023-11-21 12:25:43.278 | INFO     | csq:train:206 - [iter:36/50][iter_time:42.31]
2023-11-21 12:31:15.149 | INFO     | csq:train:278 - [iter:36/50][code_length:64][mAP:0.92846][mAP_all:0.92414][best_mAP:0.93260]
2023-11-21 12:31:15.150 | INFO     | csq:train:279 - [iter:36/50][code_length:64][zs_mAP:0.35749][zs_mAP_all:0.22866]
2023-11-21 12:31:29.416 | INFO     | csq:train:203 - [epoch:1/3][loss:0.260216]
2023-11-21 12:31:43.636 | INFO     | csq:train:203 - [epoch:2/3][loss:0.251542]
2023-11-21 12:31:57.885 | INFO     | csq:train:203 - [epoch:3/3][loss:0.245094]
2023-11-21 12:31:57.886 | INFO     | csq:train:206 - [iter:37/50][iter_time:42.74]
2023-11-21 12:37:28.134 | INFO     | csq:train:278 - [iter:37/50][code_length:64][mAP:0.92928][mAP_all:0.92461][best_mAP:0.93260]
2023-11-21 12:37:28.135 | INFO     | csq:train:279 - [iter:37/50][code_length:64][zs_mAP:0.35531][zs_mAP_all:0.23992]
2023-11-21 12:37:41.014 | INFO     | csq:train:203 - [epoch:1/3][loss:0.261660]
2023-11-21 12:37:55.583 | INFO     | csq:train:203 - [epoch:2/3][loss:0.245712]
2023-11-21 12:38:09.873 | INFO     | csq:train:203 - [epoch:3/3][loss:0.240775]
2023-11-21 12:38:09.873 | INFO     | csq:train:206 - [iter:38/50][iter_time:41.74]
2023-11-21 12:43:39.623 | INFO     | csq:train:278 - [iter:38/50][code_length:64][mAP:0.93070][mAP_all:0.92693][best_mAP:0.93260]
2023-11-21 12:43:39.623 | INFO     | csq:train:279 - [iter:38/50][code_length:64][zs_mAP:0.35644][zs_mAP_all:0.22550]
2023-11-21 12:43:53.569 | INFO     | csq:train:203 - [epoch:1/3][loss:0.272641]
2023-11-21 12:44:07.616 | INFO     | csq:train:203 - [epoch:2/3][loss:0.261350]
2023-11-21 12:44:21.715 | INFO     | csq:train:203 - [epoch:3/3][loss:0.254098]
2023-11-21 12:44:21.716 | INFO     | csq:train:206 - [iter:39/50][iter_time:42.09]
2023-11-21 12:49:54.816 | INFO     | csq:train:278 - [iter:39/50][code_length:64][mAP:0.92757][mAP_all:0.92341][best_mAP:0.93260]
2023-11-21 12:49:54.816 | INFO     | csq:train:279 - [iter:39/50][code_length:64][zs_mAP:0.36054][zs_mAP_all:0.23906]
2023-11-21 12:50:09.024 | INFO     | csq:train:203 - [epoch:1/3][loss:0.272543]
2023-11-21 12:50:23.656 | INFO     | csq:train:203 - [epoch:2/3][loss:0.258979]
2023-11-21 12:50:37.713 | INFO     | csq:train:203 - [epoch:3/3][loss:0.261798]
2023-11-21 12:50:37.713 | INFO     | csq:train:206 - [iter:40/50][iter_time:42.90]
2023-11-21 12:56:13.605 | INFO     | csq:train:278 - [iter:40/50][code_length:64][mAP:0.93088][mAP_all:0.92542][best_mAP:0.93260]
2023-11-21 12:56:13.605 | INFO     | csq:train:279 - [iter:40/50][code_length:64][zs_mAP:0.36756][zs_mAP_all:0.24481]
2023-11-21 12:56:28.105 | INFO     | csq:train:203 - [epoch:1/3][loss:0.265274]
2023-11-21 12:56:42.601 | INFO     | csq:train:203 - [epoch:2/3][loss:0.255757]
2023-11-21 12:56:57.396 | INFO     | csq:train:203 - [epoch:3/3][loss:0.250866]
2023-11-21 12:56:57.397 | INFO     | csq:train:206 - [iter:41/50][iter_time:43.79]
2023-11-21 13:02:36.406 | INFO     | csq:train:278 - [iter:41/50][code_length:64][mAP:0.93002][mAP_all:0.92659][best_mAP:0.93260]
2023-11-21 13:02:36.406 | INFO     | csq:train:279 - [iter:41/50][code_length:64][zs_mAP:0.34149][zs_mAP_all:0.22259]
2023-11-21 13:02:50.088 | INFO     | csq:train:203 - [epoch:1/3][loss:0.254181]
2023-11-21 13:03:03.717 | INFO     | csq:train:203 - [epoch:2/3][loss:0.247956]
2023-11-21 13:03:17.214 | INFO     | csq:train:203 - [epoch:3/3][loss:0.248305]
2023-11-21 13:03:17.215 | INFO     | csq:train:206 - [iter:42/50][iter_time:40.81]
2023-11-21 13:09:03.176 | INFO     | csq:train:278 - [iter:42/50][code_length:64][mAP:0.93045][mAP_all:0.92314][best_mAP:0.93260]
2023-11-21 13:09:03.177 | INFO     | csq:train:279 - [iter:42/50][code_length:64][zs_mAP:0.35312][zs_mAP_all:0.22388]
2023-11-21 13:09:16.675 | INFO     | csq:train:203 - [epoch:1/3][loss:0.264550]
2023-11-21 13:09:30.099 | INFO     | csq:train:203 - [epoch:2/3][loss:0.257551]
2023-11-21 13:09:43.551 | INFO     | csq:train:203 - [epoch:3/3][loss:0.253872]
2023-11-21 13:09:43.551 | INFO     | csq:train:206 - [iter:43/50][iter_time:40.37]
2023-11-21 13:15:25.009 | INFO     | csq:train:278 - [iter:43/50][code_length:64][mAP:0.92764][mAP_all:0.92249][best_mAP:0.93260]
2023-11-21 13:15:25.010 | INFO     | csq:train:279 - [iter:43/50][code_length:64][zs_mAP:0.34710][zs_mAP_all:0.22229]
2023-11-21 13:15:38.760 | INFO     | csq:train:203 - [epoch:1/3][loss:0.254892]
2023-11-21 13:15:52.606 | INFO     | csq:train:203 - [epoch:2/3][loss:0.250585]
2023-11-21 13:16:06.764 | INFO     | csq:train:203 - [epoch:3/3][loss:0.250523]
2023-11-21 13:16:06.765 | INFO     | csq:train:206 - [iter:44/50][iter_time:41.75]
2023-11-21 13:21:57.301 | INFO     | csq:train:278 - [iter:44/50][code_length:64][mAP:0.92916][mAP_all:0.92357][best_mAP:0.93260]
2023-11-21 13:21:57.302 | INFO     | csq:train:279 - [iter:44/50][code_length:64][zs_mAP:0.37318][zs_mAP_all:0.24018]
2023-11-21 13:22:12.246 | INFO     | csq:train:203 - [epoch:1/3][loss:0.261650]
2023-11-21 13:22:26.868 | INFO     | csq:train:203 - [epoch:2/3][loss:0.247737]
2023-11-21 13:22:41.384 | INFO     | csq:train:203 - [epoch:3/3][loss:0.242708]
2023-11-21 13:22:41.385 | INFO     | csq:train:206 - [iter:45/50][iter_time:44.08]
2023-11-21 13:28:25.396 | INFO     | csq:train:278 - [iter:45/50][code_length:64][mAP:0.92722][mAP_all:0.92381][best_mAP:0.93260]
2023-11-21 13:28:25.397 | INFO     | csq:train:279 - [iter:45/50][code_length:64][zs_mAP:0.36362][zs_mAP_all:0.22563]
2023-11-21 13:28:39.601 | INFO     | csq:train:203 - [epoch:1/3][loss:0.261251]
2023-11-21 13:28:53.101 | INFO     | csq:train:203 - [epoch:2/3][loss:0.263406]
2023-11-21 13:29:06.565 | INFO     | csq:train:203 - [epoch:3/3][loss:0.261399]
2023-11-21 13:29:06.566 | INFO     | csq:train:206 - [iter:46/50][iter_time:41.17]
2023-11-21 13:34:50.463 | INFO     | csq:train:278 - [iter:46/50][code_length:64][mAP:0.92841][mAP_all:0.92465][best_mAP:0.93260]
2023-11-21 13:34:50.464 | INFO     | csq:train:279 - [iter:46/50][code_length:64][zs_mAP:0.35887][zs_mAP_all:0.22976]
2023-11-21 13:35:03.992 | INFO     | csq:train:203 - [epoch:1/3][loss:0.258801]
2023-11-21 13:35:17.476 | INFO     | csq:train:203 - [epoch:2/3][loss:0.267528]
2023-11-21 13:35:31.907 | INFO     | csq:train:203 - [epoch:3/3][loss:0.259000]
2023-11-21 13:35:31.907 | INFO     | csq:train:206 - [iter:47/50][iter_time:41.44]
2023-11-21 13:41:18.418 | INFO     | csq:train:278 - [iter:47/50][code_length:64][mAP:0.92908][mAP_all:0.92506][best_mAP:0.93260]
2023-11-21 13:41:18.418 | INFO     | csq:train:279 - [iter:47/50][code_length:64][zs_mAP:0.35830][zs_mAP_all:0.22959]
2023-11-21 13:41:32.438 | INFO     | csq:train:203 - [epoch:1/3][loss:0.252369]
2023-11-21 13:41:45.833 | INFO     | csq:train:203 - [epoch:2/3][loss:0.255332]
2023-11-21 13:41:59.543 | INFO     | csq:train:203 - [epoch:3/3][loss:0.255982]
2023-11-21 13:41:59.543 | INFO     | csq:train:206 - [iter:48/50][iter_time:41.12]
2023-11-21 13:47:46.780 | INFO     | csq:train:278 - [iter:48/50][code_length:64][mAP:0.93012][mAP_all:0.92619][best_mAP:0.93260]
2023-11-21 13:47:46.780 | INFO     | csq:train:279 - [iter:48/50][code_length:64][zs_mAP:0.36997][zs_mAP_all:0.23299]
2023-11-21 13:48:00.251 | INFO     | csq:train:203 - [epoch:1/3][loss:0.266995]
2023-11-21 13:48:13.688 | INFO     | csq:train:203 - [epoch:2/3][loss:0.256781]
2023-11-21 13:48:27.059 | INFO     | csq:train:203 - [epoch:3/3][loss:0.259611]
2023-11-21 13:48:27.060 | INFO     | csq:train:206 - [iter:49/50][iter_time:40.28]
2023-11-21 13:54:12.651 | INFO     | csq:train:278 - [iter:49/50][code_length:64][mAP:0.92687][mAP_all:0.92366][best_mAP:0.93260]
2023-11-21 13:54:12.652 | INFO     | csq:train:279 - [iter:49/50][code_length:64][zs_mAP:0.35776][zs_mAP_all:0.22312]
2023-11-21 13:54:26.193 | INFO     | csq:train:203 - [epoch:1/3][loss:0.259292]
2023-11-21 13:54:39.538 | INFO     | csq:train:203 - [epoch:2/3][loss:0.250952]
2023-11-21 13:54:52.891 | INFO     | csq:train:203 - [epoch:3/3][loss:0.254393]
2023-11-21 13:54:52.892 | INFO     | csq:train:206 - [iter:50/50][iter_time:40.24]
2023-11-21 14:00:37.806 | INFO     | csq:train:278 - [iter:50/50][code_length:64][mAP:0.92851][mAP_all:0.92503][best_mAP:0.93260]
2023-11-21 14:00:37.806 | INFO     | csq:train:279 - [iter:50/50][code_length:64][zs_mAP:0.35501][zs_mAP_all:0.23472]
2023-11-21 14:00:37.806 | INFO     | csq:train:282 - [Training time:19273.32]
2023-11-21 14:00:37.817 | INFO     | __main__:run:126 - [code_length:64][map:0.9326][map_all:0.9246][zs_map:0.3744][zs_map_all:0.2469]
