2023-11-08 11:57:36.234 | SUCCESS  | __main__:run:50 - Namespace(align_step=50, arch='fish', batch_size=16, cauchy_gamma=20.0, code_length=[16, 32, 64], dataset='cifar100zs', device=device(type='cuda', index=0), epoch_change=11, gamma=200, gpu=0, info='cifar100zs-5-95-fish-11-08-16,32,64', lambd=0.1, lambd_ch=0.1, lambd_sp=0.1, lr=0.01, lr_step=[5, 15, 35], margin=0.1, max_epoch=3, max_iter=50, momen=0.9, nesterov=False, net='ResNet50', num_classes=95, num_query=1000, num_samples=2000, num_workers=2, num_zs=5, optim='SGD', pretrain=True, quan_loss=False, root='/home/xsl/datasets/cifar-100-python', save_ckpt='checkpoints/', topk=1000, val_freq=1, wd=1e-05)
2023-11-08 11:58:51.223 | INFO     | fish:train:90 - [epoch:1/3][loss:10.2734]
2023-11-08 11:59:21.310 | INFO     | fish:train:90 - [epoch:2/3][loss:9.4895]
2023-11-08 11:59:51.746 | INFO     | fish:train:90 - [epoch:3/3][loss:9.0241]
2023-11-08 11:59:51.746 | INFO     | fish:train:93 - [iter:1/50][iter_time:89.53]
2023-11-08 12:00:24.054 | INFO     | fish:train:171 - [iter:1/50][code_length:16][mAP:0.03177][mAP_all:0.02434][best_mAP:0.03177]
2023-11-08 12:00:24.054 | INFO     | fish:train:172 - [iter:1/50][code_length:16][zs_mAP:0.42469][zs_mAP_all:0.39773]
2023-11-08 12:00:54.241 | INFO     | fish:train:90 - [epoch:1/3][loss:8.9267]
2023-11-08 12:01:24.981 | INFO     | fish:train:90 - [epoch:2/3][loss:8.4293]
2023-11-08 12:01:55.785 | INFO     | fish:train:90 - [epoch:3/3][loss:8.0181]
2023-11-08 12:01:55.785 | INFO     | fish:train:93 - [iter:2/50][iter_time:91.73]
2023-11-08 12:02:28.382 | INFO     | fish:train:171 - [iter:2/50][code_length:16][mAP:0.03233][mAP_all:0.02518][best_mAP:0.03233]
2023-11-08 12:02:28.383 | INFO     | fish:train:172 - [iter:2/50][code_length:16][zs_mAP:0.47835][zs_mAP_all:0.40707]
2023-11-08 12:02:58.908 | INFO     | fish:train:90 - [epoch:1/3][loss:8.0395]
2023-11-08 12:03:29.539 | INFO     | fish:train:90 - [epoch:2/3][loss:7.6517]
2023-11-08 12:04:00.204 | INFO     | fish:train:90 - [epoch:3/3][loss:7.2203]
2023-11-08 12:04:00.205 | INFO     | fish:train:93 - [iter:3/50][iter_time:91.82]
2023-11-08 12:04:32.898 | INFO     | fish:train:171 - [iter:3/50][code_length:16][mAP:0.05702][mAP_all:0.04399][best_mAP:0.05702]
2023-11-08 12:04:32.899 | INFO     | fish:train:172 - [iter:3/50][code_length:16][zs_mAP:0.43348][zs_mAP_all:0.39833]
2023-11-08 12:05:03.465 | INFO     | fish:train:90 - [epoch:1/3][loss:7.3985]
2023-11-08 12:05:34.079 | INFO     | fish:train:90 - [epoch:2/3][loss:6.9265]
2023-11-08 12:06:04.780 | INFO     | fish:train:90 - [epoch:3/3][loss:6.6160]
2023-11-08 12:06:04.781 | INFO     | fish:train:93 - [iter:4/50][iter_time:91.88]
2023-11-08 12:06:37.666 | INFO     | fish:train:171 - [iter:4/50][code_length:16][mAP:0.08560][mAP_all:0.07325][best_mAP:0.08560]
2023-11-08 12:06:37.666 | INFO     | fish:train:172 - [iter:4/50][code_length:16][zs_mAP:0.48500][zs_mAP_all:0.41465]
2023-11-08 12:07:08.287 | INFO     | fish:train:90 - [epoch:1/3][loss:7.2545]
2023-11-08 12:07:38.944 | INFO     | fish:train:90 - [epoch:2/3][loss:6.7102]
2023-11-08 12:08:09.985 | INFO     | fish:train:90 - [epoch:3/3][loss:6.5396]
2023-11-08 12:08:09.985 | INFO     | fish:train:93 - [iter:5/50][iter_time:92.32]
2023-11-08 12:08:42.955 | INFO     | fish:train:171 - [iter:5/50][code_length:16][mAP:0.09515][mAP_all:0.08058][best_mAP:0.09515]
2023-11-08 12:08:42.955 | INFO     | fish:train:172 - [iter:5/50][code_length:16][zs_mAP:0.47134][zs_mAP_all:0.40550]
2023-11-08 12:09:13.578 | INFO     | fish:train:90 - [epoch:1/3][loss:6.3700]
2023-11-08 12:09:44.444 | INFO     | fish:train:90 - [epoch:2/3][loss:5.8868]
2023-11-08 12:10:15.228 | INFO     | fish:train:90 - [epoch:3/3][loss:5.5011]
2023-11-08 12:10:15.228 | INFO     | fish:train:93 - [iter:6/50][iter_time:92.27]
2023-11-08 12:10:48.417 | INFO     | fish:train:171 - [iter:6/50][code_length:16][mAP:0.20115][mAP_all:0.19074][best_mAP:0.20115]
2023-11-08 12:10:48.418 | INFO     | fish:train:172 - [iter:6/50][code_length:16][zs_mAP:0.49203][zs_mAP_all:0.40730]
2023-11-08 12:11:18.898 | INFO     | fish:train:90 - [epoch:1/3][loss:5.6943]
2023-11-08 12:11:49.646 | INFO     | fish:train:90 - [epoch:2/3][loss:5.4918]
2023-11-08 12:12:20.469 | INFO     | fish:train:90 - [epoch:3/3][loss:5.2127]
2023-11-08 12:12:20.469 | INFO     | fish:train:93 - [iter:7/50][iter_time:92.05]
2023-11-08 12:12:53.628 | INFO     | fish:train:171 - [iter:7/50][code_length:16][mAP:0.22660][mAP_all:0.21470][best_mAP:0.22660]
2023-11-08 12:12:53.629 | INFO     | fish:train:172 - [iter:7/50][code_length:16][zs_mAP:0.57270][zs_mAP_all:0.50775]
2023-11-08 12:13:24.321 | INFO     | fish:train:90 - [epoch:1/3][loss:5.5281]
2023-11-08 12:13:55.117 | INFO     | fish:train:90 - [epoch:2/3][loss:5.3181]
2023-11-08 12:14:25.770 | INFO     | fish:train:90 - [epoch:3/3][loss:5.0577]
2023-11-08 12:14:25.771 | INFO     | fish:train:93 - [iter:8/50][iter_time:92.14]
2023-11-08 12:14:59.038 | INFO     | fish:train:171 - [iter:8/50][code_length:16][mAP:0.25243][mAP_all:0.24090][best_mAP:0.25243]
2023-11-08 12:14:59.039 | INFO     | fish:train:172 - [iter:8/50][code_length:16][zs_mAP:0.57322][zs_mAP_all:0.48519]
2023-11-08 12:15:29.660 | INFO     | fish:train:90 - [epoch:1/3][loss:5.4023]
2023-11-08 12:16:00.556 | INFO     | fish:train:90 - [epoch:2/3][loss:5.0722]
2023-11-08 12:16:31.456 | INFO     | fish:train:90 - [epoch:3/3][loss:4.8770]
2023-11-08 12:16:31.457 | INFO     | fish:train:93 - [iter:9/50][iter_time:92.42]
2023-11-08 12:17:04.742 | INFO     | fish:train:171 - [iter:9/50][code_length:16][mAP:0.26063][mAP_all:0.25165][best_mAP:0.26063]
2023-11-08 12:17:04.743 | INFO     | fish:train:172 - [iter:9/50][code_length:16][zs_mAP:0.53003][zs_mAP_all:0.42856]
2023-11-08 12:17:35.077 | INFO     | fish:train:90 - [epoch:1/3][loss:5.2794]
2023-11-08 12:18:05.638 | INFO     | fish:train:90 - [epoch:2/3][loss:4.9116]
2023-11-08 12:18:36.225 | INFO     | fish:train:90 - [epoch:3/3][loss:4.7330]
2023-11-08 12:18:36.226 | INFO     | fish:train:93 - [iter:10/50][iter_time:91.48]
2023-11-08 12:19:09.578 | INFO     | fish:train:171 - [iter:10/50][code_length:16][mAP:0.29022][mAP_all:0.27749][best_mAP:0.29022]
2023-11-08 12:19:09.578 | INFO     | fish:train:172 - [iter:10/50][code_length:16][zs_mAP:0.53943][zs_mAP_all:0.45806]
2023-11-08 12:19:39.967 | INFO     | fish:train:90 - [epoch:1/3][loss:5.1816]
2023-11-08 12:20:10.613 | INFO     | fish:train:90 - [epoch:2/3][loss:4.7821]
2023-11-08 12:20:41.266 | INFO     | fish:train:90 - [epoch:3/3][loss:4.5839]
2023-11-08 12:20:41.267 | INFO     | fish:train:93 - [iter:11/50][iter_time:91.69]
2023-11-08 12:21:14.612 | INFO     | fish:train:171 - [iter:11/50][code_length:16][mAP:0.30438][mAP_all:0.29435][best_mAP:0.30438]
2023-11-08 12:21:14.613 | INFO     | fish:train:172 - [iter:11/50][code_length:16][zs_mAP:0.54938][zs_mAP_all:0.43915]
2023-11-08 12:21:44.826 | INFO     | fish:train:90 - [epoch:1/3][loss:5.0056]
2023-11-08 12:22:15.424 | INFO     | fish:train:90 - [epoch:2/3][loss:4.6013]
2023-11-08 12:22:46.006 | INFO     | fish:train:90 - [epoch:3/3][loss:4.3158]
2023-11-08 12:22:46.007 | INFO     | fish:train:93 - [iter:12/50][iter_time:91.39]
2023-11-08 12:23:19.612 | INFO     | fish:train:171 - [iter:12/50][code_length:16][mAP:0.34193][mAP_all:0.32877][best_mAP:0.34193]
2023-11-08 12:23:19.613 | INFO     | fish:train:172 - [iter:12/50][code_length:16][zs_mAP:0.62099][zs_mAP_all:0.50698]
2023-11-08 12:23:50.233 | INFO     | fish:train:90 - [epoch:1/3][loss:4.7859]
2023-11-08 12:24:20.892 | INFO     | fish:train:90 - [epoch:2/3][loss:4.4393]
2023-11-08 12:24:51.539 | INFO     | fish:train:90 - [epoch:3/3][loss:4.2677]
2023-11-08 12:24:51.540 | INFO     | fish:train:93 - [iter:13/50][iter_time:91.93]
2023-11-08 12:25:25.070 | INFO     | fish:train:171 - [iter:13/50][code_length:16][mAP:0.34290][mAP_all:0.33342][best_mAP:0.34290]
2023-11-08 12:25:25.070 | INFO     | fish:train:172 - [iter:13/50][code_length:16][zs_mAP:0.55962][zs_mAP_all:0.42927]
2023-11-08 12:25:55.321 | INFO     | fish:train:90 - [epoch:1/3][loss:4.8936]
2023-11-08 12:26:25.784 | INFO     | fish:train:90 - [epoch:2/3][loss:4.3817]
2023-11-08 12:26:56.393 | INFO     | fish:train:90 - [epoch:3/3][loss:4.2578]
2023-11-08 12:26:56.394 | INFO     | fish:train:93 - [iter:14/50][iter_time:91.32]
2023-11-08 12:27:29.925 | INFO     | fish:train:171 - [iter:14/50][code_length:16][mAP:0.35621][mAP_all:0.34232][best_mAP:0.35621]
2023-11-08 12:27:29.925 | INFO     | fish:train:172 - [iter:14/50][code_length:16][zs_mAP:0.59451][zs_mAP_all:0.50395]
2023-11-08 12:28:00.200 | INFO     | fish:train:90 - [epoch:1/3][loss:4.7053]
2023-11-08 12:28:30.747 | INFO     | fish:train:90 - [epoch:2/3][loss:4.5196]
2023-11-08 12:29:01.386 | INFO     | fish:train:90 - [epoch:3/3][loss:4.1732]
2023-11-08 12:29:01.387 | INFO     | fish:train:93 - [iter:15/50][iter_time:91.46]
2023-11-08 12:29:34.943 | INFO     | fish:train:171 - [iter:15/50][code_length:16][mAP:0.38849][mAP_all:0.37672][best_mAP:0.38849]
2023-11-08 12:29:34.943 | INFO     | fish:train:172 - [iter:15/50][code_length:16][zs_mAP:0.58935][zs_mAP_all:0.46328]
2023-11-08 12:30:05.230 | INFO     | fish:train:90 - [epoch:1/3][loss:4.5913]
2023-11-08 12:30:35.934 | INFO     | fish:train:90 - [epoch:2/3][loss:4.3522]
2023-11-08 12:31:06.854 | INFO     | fish:train:90 - [epoch:3/3][loss:4.2360]
2023-11-08 12:31:06.854 | INFO     | fish:train:93 - [iter:16/50][iter_time:91.91]
2023-11-08 12:31:40.472 | INFO     | fish:train:171 - [iter:16/50][code_length:16][mAP:0.41824][mAP_all:0.40613][best_mAP:0.41824]
2023-11-08 12:31:40.472 | INFO     | fish:train:172 - [iter:16/50][code_length:16][zs_mAP:0.59884][zs_mAP_all:0.44931]
2023-11-08 12:32:10.801 | INFO     | fish:train:90 - [epoch:1/3][loss:4.3494]
2023-11-08 12:32:41.337 | INFO     | fish:train:90 - [epoch:2/3][loss:4.2687]
2023-11-08 12:33:11.911 | INFO     | fish:train:90 - [epoch:3/3][loss:4.1531]
2023-11-08 12:33:11.911 | INFO     | fish:train:93 - [iter:17/50][iter_time:91.44]
2023-11-08 12:33:45.470 | INFO     | fish:train:171 - [iter:17/50][code_length:16][mAP:0.43117][mAP_all:0.42025][best_mAP:0.43117]
2023-11-08 12:33:45.470 | INFO     | fish:train:172 - [iter:17/50][code_length:16][zs_mAP:0.60825][zs_mAP_all:0.47401]
2023-11-08 12:34:15.940 | INFO     | fish:train:90 - [epoch:1/3][loss:4.3590]
2023-11-08 12:34:46.559 | INFO     | fish:train:90 - [epoch:2/3][loss:4.3094]
2023-11-08 12:35:17.249 | INFO     | fish:train:90 - [epoch:3/3][loss:4.2509]
2023-11-08 12:35:17.250 | INFO     | fish:train:93 - [iter:18/50][iter_time:91.78]
2023-11-08 12:35:50.968 | INFO     | fish:train:171 - [iter:18/50][code_length:16][mAP:0.43466][mAP_all:0.42203][best_mAP:0.43466]
2023-11-08 12:35:50.969 | INFO     | fish:train:172 - [iter:18/50][code_length:16][zs_mAP:0.61243][zs_mAP_all:0.45647]
2023-11-08 12:36:21.312 | INFO     | fish:train:90 - [epoch:1/3][loss:4.3138]
2023-11-08 12:36:51.869 | INFO     | fish:train:90 - [epoch:2/3][loss:4.2112]
2023-11-08 12:37:22.460 | INFO     | fish:train:90 - [epoch:3/3][loss:4.1585]
2023-11-08 12:37:22.461 | INFO     | fish:train:93 - [iter:19/50][iter_time:91.49]
2023-11-08 12:37:56.069 | INFO     | fish:train:171 - [iter:19/50][code_length:16][mAP:0.43765][mAP_all:0.42512][best_mAP:0.43765]
2023-11-08 12:37:56.069 | INFO     | fish:train:172 - [iter:19/50][code_length:16][zs_mAP:0.61543][zs_mAP_all:0.43946]
2023-11-08 12:38:26.615 | INFO     | fish:train:90 - [epoch:1/3][loss:4.3381]
2023-11-08 12:38:57.341 | INFO     | fish:train:90 - [epoch:2/3][loss:4.2999]
2023-11-08 12:39:28.166 | INFO     | fish:train:90 - [epoch:3/3][loss:4.2050]
2023-11-08 12:39:28.166 | INFO     | fish:train:93 - [iter:20/50][iter_time:92.10]
2023-11-08 12:40:01.743 | INFO     | fish:train:171 - [iter:20/50][code_length:16][mAP:0.44328][mAP_all:0.43151][best_mAP:0.44328]
2023-11-08 12:40:01.744 | INFO     | fish:train:172 - [iter:20/50][code_length:16][zs_mAP:0.60043][zs_mAP_all:0.44375]
2023-11-08 12:40:32.109 | INFO     | fish:train:90 - [epoch:1/3][loss:4.4065]
2023-11-08 12:41:02.760 | INFO     | fish:train:90 - [epoch:2/3][loss:4.1339]
2023-11-08 12:41:33.390 | INFO     | fish:train:90 - [epoch:3/3][loss:4.0700]
2023-11-08 12:41:33.391 | INFO     | fish:train:93 - [iter:21/50][iter_time:91.65]
2023-11-08 12:42:07.146 | INFO     | fish:train:171 - [iter:21/50][code_length:16][mAP:0.44388][mAP_all:0.43173][best_mAP:0.44388]
2023-11-08 12:42:07.146 | INFO     | fish:train:172 - [iter:21/50][code_length:16][zs_mAP:0.57784][zs_mAP_all:0.44119]
2023-11-08 12:42:37.390 | INFO     | fish:train:90 - [epoch:1/3][loss:4.2446]
2023-11-08 12:43:08.010 | INFO     | fish:train:90 - [epoch:2/3][loss:4.1449]
2023-11-08 12:43:38.667 | INFO     | fish:train:90 - [epoch:3/3][loss:4.0525]
2023-11-08 12:43:38.667 | INFO     | fish:train:93 - [iter:22/50][iter_time:91.52]
2023-11-08 12:44:12.370 | INFO     | fish:train:171 - [iter:22/50][code_length:16][mAP:0.45047][mAP_all:0.43797][best_mAP:0.45047]
2023-11-08 12:44:12.371 | INFO     | fish:train:172 - [iter:22/50][code_length:16][zs_mAP:0.62379][zs_mAP_all:0.47066]
2023-11-08 12:44:42.765 | INFO     | fish:train:90 - [epoch:1/3][loss:4.2201]
2023-11-08 12:45:13.413 | INFO     | fish:train:90 - [epoch:2/3][loss:4.0795]
2023-11-08 12:45:44.085 | INFO     | fish:train:90 - [epoch:3/3][loss:3.9952]
2023-11-08 12:45:44.086 | INFO     | fish:train:93 - [iter:23/50][iter_time:91.71]
2023-11-08 12:46:17.880 | INFO     | fish:train:171 - [iter:23/50][code_length:16][mAP:0.45176][mAP_all:0.43854][best_mAP:0.45176]
2023-11-08 12:46:17.881 | INFO     | fish:train:172 - [iter:23/50][code_length:16][zs_mAP:0.61851][zs_mAP_all:0.46415]
2023-11-08 12:46:48.486 | INFO     | fish:train:90 - [epoch:1/3][loss:4.1904]
2023-11-08 12:47:19.375 | INFO     | fish:train:90 - [epoch:2/3][loss:4.2055]
2023-11-08 12:47:50.064 | INFO     | fish:train:90 - [epoch:3/3][loss:4.0234]
2023-11-08 12:47:50.065 | INFO     | fish:train:93 - [iter:24/50][iter_time:92.18]
2023-11-08 12:48:23.805 | INFO     | fish:train:171 - [iter:24/50][code_length:16][mAP:0.45933][mAP_all:0.44613][best_mAP:0.45933]
2023-11-08 12:48:23.805 | INFO     | fish:train:172 - [iter:24/50][code_length:16][zs_mAP:0.59324][zs_mAP_all:0.44823]
2023-11-08 12:48:54.156 | INFO     | fish:train:90 - [epoch:1/3][loss:4.1206]
2023-11-08 12:49:24.533 | INFO     | fish:train:90 - [epoch:2/3][loss:4.0817]
2023-11-08 12:49:55.223 | INFO     | fish:train:90 - [epoch:3/3][loss:3.9338]
2023-11-08 12:49:55.223 | INFO     | fish:train:93 - [iter:25/50][iter_time:91.42]
2023-11-08 12:50:28.978 | INFO     | fish:train:171 - [iter:25/50][code_length:16][mAP:0.46367][mAP_all:0.45197][best_mAP:0.46367]
2023-11-08 12:50:28.978 | INFO     | fish:train:172 - [iter:25/50][code_length:16][zs_mAP:0.58867][zs_mAP_all:0.45426]
2023-11-08 12:50:59.333 | INFO     | fish:train:90 - [epoch:1/3][loss:4.0257]
2023-11-08 12:51:30.041 | INFO     | fish:train:90 - [epoch:2/3][loss:4.0764]
2023-11-08 12:52:00.726 | INFO     | fish:train:90 - [epoch:3/3][loss:3.9400]
2023-11-08 12:52:00.727 | INFO     | fish:train:93 - [iter:26/50][iter_time:91.75]
2023-11-08 12:52:34.548 | INFO     | fish:train:171 - [iter:26/50][code_length:16][mAP:0.46667][mAP_all:0.45447][best_mAP:0.46667]
2023-11-08 12:52:34.548 | INFO     | fish:train:172 - [iter:26/50][code_length:16][zs_mAP:0.60093][zs_mAP_all:0.45812]
2023-11-08 12:53:04.804 | INFO     | fish:train:90 - [epoch:1/3][loss:4.0950]
2023-11-08 12:53:35.415 | INFO     | fish:train:90 - [epoch:2/3][loss:4.0610]
2023-11-08 12:54:06.037 | INFO     | fish:train:90 - [epoch:3/3][loss:3.8838]
2023-11-08 12:54:06.038 | INFO     | fish:train:93 - [iter:27/50][iter_time:91.49]
2023-11-08 12:54:39.845 | INFO     | fish:train:171 - [iter:27/50][code_length:16][mAP:0.47253][mAP_all:0.46089][best_mAP:0.47253]
2023-11-08 12:54:39.845 | INFO     | fish:train:172 - [iter:27/50][code_length:16][zs_mAP:0.60552][zs_mAP_all:0.44728]
2023-11-08 12:55:10.231 | INFO     | fish:train:90 - [epoch:1/3][loss:4.2858]
2023-11-08 12:55:40.852 | INFO     | fish:train:90 - [epoch:2/3][loss:4.0054]
2023-11-08 12:56:11.521 | INFO     | fish:train:90 - [epoch:3/3][loss:3.8777]
2023-11-08 12:56:11.522 | INFO     | fish:train:93 - [iter:28/50][iter_time:91.68]
2023-11-08 12:56:45.303 | INFO     | fish:train:171 - [iter:28/50][code_length:16][mAP:0.47955][mAP_all:0.46824][best_mAP:0.47955]
2023-11-08 12:56:45.303 | INFO     | fish:train:172 - [iter:28/50][code_length:16][zs_mAP:0.60560][zs_mAP_all:0.45032]
2023-11-08 12:57:15.571 | INFO     | fish:train:90 - [epoch:1/3][loss:4.0353]
2023-11-08 12:57:46.181 | INFO     | fish:train:90 - [epoch:2/3][loss:3.9018]
2023-11-08 12:58:16.818 | INFO     | fish:train:90 - [epoch:3/3][loss:3.8953]
2023-11-08 12:58:16.818 | INFO     | fish:train:93 - [iter:29/50][iter_time:91.51]
2023-11-08 12:58:50.221 | INFO     | fish:train:171 - [iter:29/50][code_length:16][mAP:0.47534][mAP_all:0.46376][best_mAP:0.47955]
2023-11-08 12:58:50.222 | INFO     | fish:train:172 - [iter:29/50][code_length:16][zs_mAP:0.60037][zs_mAP_all:0.45074]
2023-11-08 12:59:20.518 | INFO     | fish:train:90 - [epoch:1/3][loss:4.1449]
2023-11-08 12:59:51.142 | INFO     | fish:train:90 - [epoch:2/3][loss:3.9101]
2023-11-08 13:00:21.808 | INFO     | fish:train:90 - [epoch:3/3][loss:3.8483]
2023-11-08 13:00:21.809 | INFO     | fish:train:93 - [iter:30/50][iter_time:91.59]
2023-11-08 13:00:55.602 | INFO     | fish:train:171 - [iter:30/50][code_length:16][mAP:0.48217][mAP_all:0.47042][best_mAP:0.48217]
2023-11-08 13:00:55.603 | INFO     | fish:train:172 - [iter:30/50][code_length:16][zs_mAP:0.58994][zs_mAP_all:0.45151]
2023-11-08 13:01:26.129 | INFO     | fish:train:90 - [epoch:1/3][loss:4.0423]
2023-11-08 13:01:56.843 | INFO     | fish:train:90 - [epoch:2/3][loss:3.9657]
2023-11-08 13:02:27.416 | INFO     | fish:train:90 - [epoch:3/3][loss:3.9627]
2023-11-08 13:02:27.417 | INFO     | fish:train:93 - [iter:31/50][iter_time:91.81]
2023-11-08 13:03:00.651 | INFO     | fish:train:171 - [iter:31/50][code_length:16][mAP:0.48165][mAP_all:0.47059][best_mAP:0.48217]
2023-11-08 13:03:00.651 | INFO     | fish:train:172 - [iter:31/50][code_length:16][zs_mAP:0.60384][zs_mAP_all:0.44487]
2023-11-08 13:03:31.025 | INFO     | fish:train:90 - [epoch:1/3][loss:3.9917]
2023-11-08 13:04:01.619 | INFO     | fish:train:90 - [epoch:2/3][loss:3.9656]
2023-11-08 13:04:32.292 | INFO     | fish:train:90 - [epoch:3/3][loss:3.9722]
2023-11-08 13:04:32.293 | INFO     | fish:train:93 - [iter:32/50][iter_time:91.64]
2023-11-08 13:05:05.970 | INFO     | fish:train:171 - [iter:32/50][code_length:16][mAP:0.48520][mAP_all:0.47331][best_mAP:0.48520]
2023-11-08 13:05:05.970 | INFO     | fish:train:172 - [iter:32/50][code_length:16][zs_mAP:0.59589][zs_mAP_all:0.44436]
2023-11-08 13:05:36.295 | INFO     | fish:train:90 - [epoch:1/3][loss:3.9237]
2023-11-08 13:06:07.137 | INFO     | fish:train:90 - [epoch:2/3][loss:3.8991]
2023-11-08 13:06:37.792 | INFO     | fish:train:90 - [epoch:3/3][loss:3.8339]
2023-11-08 13:06:37.793 | INFO     | fish:train:93 - [iter:33/50][iter_time:91.82]
2023-11-08 13:07:11.637 | INFO     | fish:train:171 - [iter:33/50][code_length:16][mAP:0.49109][mAP_all:0.47837][best_mAP:0.49109]
2023-11-08 13:07:11.637 | INFO     | fish:train:172 - [iter:33/50][code_length:16][zs_mAP:0.59993][zs_mAP_all:0.47249]
2023-11-08 13:07:41.954 | INFO     | fish:train:90 - [epoch:1/3][loss:4.0091]
2023-11-08 13:08:12.599 | INFO     | fish:train:90 - [epoch:2/3][loss:3.9567]
2023-11-08 13:08:43.249 | INFO     | fish:train:90 - [epoch:3/3][loss:3.8495]
2023-11-08 13:08:43.250 | INFO     | fish:train:93 - [iter:34/50][iter_time:91.61]
2023-11-08 13:09:17.048 | INFO     | fish:train:171 - [iter:34/50][code_length:16][mAP:0.49368][mAP_all:0.48147][best_mAP:0.49368]
2023-11-08 13:09:17.049 | INFO     | fish:train:172 - [iter:34/50][code_length:16][zs_mAP:0.59907][zs_mAP_all:0.44448]
2023-11-08 13:09:47.404 | INFO     | fish:train:90 - [epoch:1/3][loss:3.9992]
2023-11-08 13:10:18.215 | INFO     | fish:train:90 - [epoch:2/3][loss:3.8680]
2023-11-08 13:10:48.931 | INFO     | fish:train:90 - [epoch:3/3][loss:3.7478]
2023-11-08 13:10:48.932 | INFO     | fish:train:93 - [iter:35/50][iter_time:91.88]
2023-11-08 13:11:22.347 | INFO     | fish:train:171 - [iter:35/50][code_length:16][mAP:0.49284][mAP_all:0.48061][best_mAP:0.49368]
2023-11-08 13:11:22.347 | INFO     | fish:train:172 - [iter:35/50][code_length:16][zs_mAP:0.61373][zs_mAP_all:0.45691]
2023-11-08 13:11:52.633 | INFO     | fish:train:90 - [epoch:1/3][loss:3.9876]
2023-11-08 13:12:23.249 | INFO     | fish:train:90 - [epoch:2/3][loss:3.9773]
2023-11-08 13:12:53.918 | INFO     | fish:train:90 - [epoch:3/3][loss:4.0095]
2023-11-08 13:12:53.918 | INFO     | fish:train:93 - [iter:36/50][iter_time:91.57]
2023-11-08 13:13:27.304 | INFO     | fish:train:171 - [iter:36/50][code_length:16][mAP:0.49325][mAP_all:0.48213][best_mAP:0.49368]
2023-11-08 13:13:27.305 | INFO     | fish:train:172 - [iter:36/50][code_length:16][zs_mAP:0.59223][zs_mAP_all:0.44364]
2023-11-08 13:13:57.726 | INFO     | fish:train:90 - [epoch:1/3][loss:3.9943]
2023-11-08 13:14:28.400 | INFO     | fish:train:90 - [epoch:2/3][loss:4.0084]
2023-11-08 13:14:59.088 | INFO     | fish:train:90 - [epoch:3/3][loss:4.1178]
2023-11-08 13:14:59.088 | INFO     | fish:train:93 - [iter:37/50][iter_time:91.78]
2023-11-08 13:15:32.440 | INFO     | fish:train:171 - [iter:37/50][code_length:16][mAP:0.48947][mAP_all:0.47740][best_mAP:0.49368]
2023-11-08 13:15:32.441 | INFO     | fish:train:172 - [iter:37/50][code_length:16][zs_mAP:0.62385][zs_mAP_all:0.47260]
2023-11-08 13:16:03.120 | INFO     | fish:train:90 - [epoch:1/3][loss:4.0466]
2023-11-08 13:16:34.065 | INFO     | fish:train:90 - [epoch:2/3][loss:4.0037]
2023-11-08 13:17:05.022 | INFO     | fish:train:90 - [epoch:3/3][loss:3.9418]
2023-11-08 13:17:05.022 | INFO     | fish:train:93 - [iter:38/50][iter_time:92.58]
2023-11-08 13:17:38.866 | INFO     | fish:train:171 - [iter:38/50][code_length:16][mAP:0.49638][mAP_all:0.48353][best_mAP:0.49638]
2023-11-08 13:17:38.866 | INFO     | fish:train:172 - [iter:38/50][code_length:16][zs_mAP:0.61766][zs_mAP_all:0.46606]
2023-11-08 13:18:09.221 | INFO     | fish:train:90 - [epoch:1/3][loss:3.8645]
2023-11-08 13:18:39.867 | INFO     | fish:train:90 - [epoch:2/3][loss:3.7601]
2023-11-08 13:19:10.687 | INFO     | fish:train:90 - [epoch:3/3][loss:3.8084]
2023-11-08 13:19:10.687 | INFO     | fish:train:93 - [iter:39/50][iter_time:91.82]
2023-11-08 13:19:43.954 | INFO     | fish:train:171 - [iter:39/50][code_length:16][mAP:0.49322][mAP_all:0.48049][best_mAP:0.49638]
2023-11-08 13:19:43.955 | INFO     | fish:train:172 - [iter:39/50][code_length:16][zs_mAP:0.60730][zs_mAP_all:0.43475]
2023-11-08 13:20:14.602 | INFO     | fish:train:90 - [epoch:1/3][loss:3.8749]
2023-11-08 13:20:45.267 | INFO     | fish:train:90 - [epoch:2/3][loss:3.7542]
2023-11-08 13:21:15.888 | INFO     | fish:train:90 - [epoch:3/3][loss:3.8304]
2023-11-08 13:21:15.888 | INFO     | fish:train:93 - [iter:40/50][iter_time:91.93]
2023-11-08 13:21:49.613 | INFO     | fish:train:171 - [iter:40/50][code_length:16][mAP:0.49881][mAP_all:0.48596][best_mAP:0.49881]
2023-11-08 13:21:49.613 | INFO     | fish:train:172 - [iter:40/50][code_length:16][zs_mAP:0.60808][zs_mAP_all:0.44129]
2023-11-08 13:22:20.187 | INFO     | fish:train:90 - [epoch:1/3][loss:4.0111]
2023-11-08 13:22:50.993 | INFO     | fish:train:90 - [epoch:2/3][loss:3.9254]
2023-11-08 13:23:21.957 | INFO     | fish:train:90 - [epoch:3/3][loss:3.8965]
2023-11-08 13:23:21.957 | INFO     | fish:train:93 - [iter:41/50][iter_time:92.34]
2023-11-08 13:23:55.780 | INFO     | fish:train:171 - [iter:41/50][code_length:16][mAP:0.50011][mAP_all:0.48800][best_mAP:0.50011]
2023-11-08 13:23:55.780 | INFO     | fish:train:172 - [iter:41/50][code_length:16][zs_mAP:0.62127][zs_mAP_all:0.43829]
2023-11-08 13:24:26.214 | INFO     | fish:train:90 - [epoch:1/3][loss:3.8658]
2023-11-08 13:24:56.876 | INFO     | fish:train:90 - [epoch:2/3][loss:3.9317]
2023-11-08 13:25:27.532 | INFO     | fish:train:90 - [epoch:3/3][loss:4.0168]
2023-11-08 13:25:27.533 | INFO     | fish:train:93 - [iter:42/50][iter_time:91.75]
2023-11-08 13:26:01.321 | INFO     | fish:train:171 - [iter:42/50][code_length:16][mAP:0.50178][mAP_all:0.49027][best_mAP:0.50178]
2023-11-08 13:26:01.322 | INFO     | fish:train:172 - [iter:42/50][code_length:16][zs_mAP:0.61857][zs_mAP_all:0.44090]
2023-11-08 13:26:31.674 | INFO     | fish:train:90 - [epoch:1/3][loss:3.9858]
2023-11-08 13:27:02.348 | INFO     | fish:train:90 - [epoch:2/3][loss:3.9196]
2023-11-08 13:27:33.066 | INFO     | fish:train:90 - [epoch:3/3][loss:3.9028]
2023-11-08 13:27:33.067 | INFO     | fish:train:93 - [iter:43/50][iter_time:91.74]
2023-11-08 13:28:06.364 | INFO     | fish:train:171 - [iter:43/50][code_length:16][mAP:0.50056][mAP_all:0.48936][best_mAP:0.50178]
2023-11-08 13:28:06.365 | INFO     | fish:train:172 - [iter:43/50][code_length:16][zs_mAP:0.61327][zs_mAP_all:0.43119]
2023-11-08 13:28:36.679 | INFO     | fish:train:90 - [epoch:1/3][loss:3.9151]
2023-11-08 13:29:07.478 | INFO     | fish:train:90 - [epoch:2/3][loss:3.8067]
2023-11-08 13:29:38.453 | INFO     | fish:train:90 - [epoch:3/3][loss:3.9176]
2023-11-08 13:29:38.454 | INFO     | fish:train:93 - [iter:44/50][iter_time:92.09]
2023-11-08 13:30:12.329 | INFO     | fish:train:171 - [iter:44/50][code_length:16][mAP:0.50265][mAP_all:0.49116][best_mAP:0.50265]
2023-11-08 13:30:12.329 | INFO     | fish:train:172 - [iter:44/50][code_length:16][zs_mAP:0.60497][zs_mAP_all:0.43666]
2023-11-08 13:30:42.661 | INFO     | fish:train:90 - [epoch:1/3][loss:3.8683]
2023-11-08 13:31:13.303 | INFO     | fish:train:90 - [epoch:2/3][loss:3.8365]
2023-11-08 13:31:43.989 | INFO     | fish:train:90 - [epoch:3/3][loss:3.8039]
2023-11-08 13:31:43.990 | INFO     | fish:train:93 - [iter:45/50][iter_time:91.66]
2023-11-08 13:32:17.372 | INFO     | fish:train:171 - [iter:45/50][code_length:16][mAP:0.49965][mAP_all:0.48791][best_mAP:0.50265]
2023-11-08 13:32:17.372 | INFO     | fish:train:172 - [iter:45/50][code_length:16][zs_mAP:0.60502][zs_mAP_all:0.42741]
2023-11-08 13:32:47.838 | INFO     | fish:train:90 - [epoch:1/3][loss:3.8595]
2023-11-08 13:33:18.490 | INFO     | fish:train:90 - [epoch:2/3][loss:3.9448]
2023-11-08 13:33:49.276 | INFO     | fish:train:90 - [epoch:3/3][loss:3.8432]
2023-11-08 13:33:49.276 | INFO     | fish:train:93 - [iter:46/50][iter_time:91.90]
2023-11-08 13:34:22.981 | INFO     | fish:train:171 - [iter:46/50][code_length:16][mAP:0.50360][mAP_all:0.49094][best_mAP:0.50360]
2023-11-08 13:34:22.981 | INFO     | fish:train:172 - [iter:46/50][code_length:16][zs_mAP:0.63009][zs_mAP_all:0.45245]
2023-11-08 13:34:53.253 | INFO     | fish:train:90 - [epoch:1/3][loss:3.8574]
2023-11-08 13:35:23.823 | INFO     | fish:train:90 - [epoch:2/3][loss:3.9155]
2023-11-08 13:35:54.447 | INFO     | fish:train:90 - [epoch:3/3][loss:3.7184]
2023-11-08 13:35:54.448 | INFO     | fish:train:93 - [iter:47/50][iter_time:91.47]
2023-11-08 13:36:27.869 | INFO     | fish:train:171 - [iter:47/50][code_length:16][mAP:0.50175][mAP_all:0.49039][best_mAP:0.50360]
2023-11-08 13:36:27.870 | INFO     | fish:train:172 - [iter:47/50][code_length:16][zs_mAP:0.59773][zs_mAP_all:0.44239]
2023-11-08 13:36:58.238 | INFO     | fish:train:90 - [epoch:1/3][loss:3.9656]
2023-11-08 13:37:28.858 | INFO     | fish:train:90 - [epoch:2/3][loss:3.8917]
2023-11-08 13:37:59.506 | INFO     | fish:train:90 - [epoch:3/3][loss:3.8991]
2023-11-08 13:37:59.507 | INFO     | fish:train:93 - [iter:48/50][iter_time:91.64]
2023-11-08 13:38:33.365 | INFO     | fish:train:171 - [iter:48/50][code_length:16][mAP:0.50372][mAP_all:0.49191][best_mAP:0.50372]
2023-11-08 13:38:33.365 | INFO     | fish:train:172 - [iter:48/50][code_length:16][zs_mAP:0.61770][zs_mAP_all:0.42564]
2023-11-08 13:39:03.644 | INFO     | fish:train:90 - [epoch:1/3][loss:3.7297]
2023-11-08 13:39:34.261 | INFO     | fish:train:90 - [epoch:2/3][loss:3.8805]
2023-11-08 13:40:04.860 | INFO     | fish:train:90 - [epoch:3/3][loss:3.9454]
2023-11-08 13:40:04.860 | INFO     | fish:train:93 - [iter:49/50][iter_time:91.49]
2023-11-08 13:40:38.642 | INFO     | fish:train:171 - [iter:49/50][code_length:16][mAP:0.50550][mAP_all:0.49367][best_mAP:0.50550]
2023-11-08 13:40:38.643 | INFO     | fish:train:172 - [iter:49/50][code_length:16][zs_mAP:0.60809][zs_mAP_all:0.43196]
2023-11-08 13:41:08.888 | INFO     | fish:train:90 - [epoch:1/3][loss:3.8725]
2023-11-08 13:41:39.364 | INFO     | fish:train:90 - [epoch:2/3][loss:3.9177]
2023-11-08 13:42:09.912 | INFO     | fish:train:90 - [epoch:3/3][loss:3.8185]
2023-11-08 13:42:09.912 | INFO     | fish:train:93 - [iter:50/50][iter_time:91.27]
2023-11-08 13:42:43.265 | INFO     | fish:train:171 - [iter:50/50][code_length:16][mAP:0.50383][mAP_all:0.49232][best_mAP:0.50550]
2023-11-08 13:42:43.265 | INFO     | fish:train:172 - [iter:50/50][code_length:16][zs_mAP:0.60416][zs_mAP_all:0.41189]
2023-11-08 13:42:43.265 | INFO     | fish:train:177 - [Training time:6295.00]
2023-11-08 13:42:43.269 | INFO     | __main__:run:126 - [code_length:16][map:0.5055][map_all:0.4937][zs_map:0.6081][zs_map_all:0.4320]
2023-11-08 13:43:47.328 | INFO     | fish:train:90 - [epoch:1/3][loss:10.2563]
2023-11-08 13:44:17.553 | INFO     | fish:train:90 - [epoch:2/3][loss:9.5323]
2023-11-08 13:44:47.903 | INFO     | fish:train:90 - [epoch:3/3][loss:9.1806]
2023-11-08 13:44:47.903 | INFO     | fish:train:93 - [iter:1/50][iter_time:89.42]
2023-11-08 13:45:20.523 | INFO     | fish:train:171 - [iter:1/50][code_length:32][mAP:0.03984][mAP_all:0.02085][best_mAP:0.03984]
2023-11-08 13:45:20.523 | INFO     | fish:train:172 - [iter:1/50][code_length:32][zs_mAP:0.44725][zs_mAP_all:0.45994]
2023-11-08 13:45:51.122 | INFO     | fish:train:90 - [epoch:1/3][loss:9.0811]
2023-11-08 13:46:21.954 | INFO     | fish:train:90 - [epoch:2/3][loss:8.7395]
2023-11-08 13:46:52.560 | INFO     | fish:train:90 - [epoch:3/3][loss:8.4354]
2023-11-08 13:46:52.561 | INFO     | fish:train:93 - [iter:2/50][iter_time:92.04]
2023-11-08 13:47:25.307 | INFO     | fish:train:171 - [iter:2/50][code_length:32][mAP:0.04684][mAP_all:0.02730][best_mAP:0.04684]
2023-11-08 13:47:25.307 | INFO     | fish:train:172 - [iter:2/50][code_length:32][zs_mAP:0.49196][zs_mAP_all:0.47845]
2023-11-08 13:47:55.615 | INFO     | fish:train:90 - [epoch:1/3][loss:8.3871]
2023-11-08 13:48:26.155 | INFO     | fish:train:90 - [epoch:2/3][loss:7.9282]
2023-11-08 13:48:56.951 | INFO     | fish:train:90 - [epoch:3/3][loss:7.7281]
2023-11-08 13:48:56.952 | INFO     | fish:train:93 - [iter:3/50][iter_time:91.64]
2023-11-08 13:49:29.859 | INFO     | fish:train:171 - [iter:3/50][code_length:32][mAP:0.08662][mAP_all:0.05837][best_mAP:0.08662]
2023-11-08 13:49:29.860 | INFO     | fish:train:172 - [iter:3/50][code_length:32][zs_mAP:0.54982][zs_mAP_all:0.51419]
2023-11-08 13:50:00.339 | INFO     | fish:train:90 - [epoch:1/3][loss:7.9213]
2023-11-08 13:50:31.137 | INFO     | fish:train:90 - [epoch:2/3][loss:7.4373]
2023-11-08 13:51:01.810 | INFO     | fish:train:90 - [epoch:3/3][loss:7.2402]
2023-11-08 13:51:01.811 | INFO     | fish:train:93 - [iter:4/50][iter_time:91.95]
2023-11-08 13:51:34.681 | INFO     | fish:train:171 - [iter:4/50][code_length:32][mAP:0.09866][mAP_all:0.06963][best_mAP:0.09866]
2023-11-08 13:51:34.682 | INFO     | fish:train:172 - [iter:4/50][code_length:32][zs_mAP:0.51690][zs_mAP_all:0.48820]
2023-11-08 13:52:05.117 | INFO     | fish:train:90 - [epoch:1/3][loss:7.4117]
2023-11-08 13:52:35.798 | INFO     | fish:train:90 - [epoch:2/3][loss:6.9615]
2023-11-08 13:53:06.513 | INFO     | fish:train:90 - [epoch:3/3][loss:6.7131]
2023-11-08 13:53:06.514 | INFO     | fish:train:93 - [iter:5/50][iter_time:91.83]
2023-11-08 13:53:39.512 | INFO     | fish:train:171 - [iter:5/50][code_length:32][mAP:0.11019][mAP_all:0.08230][best_mAP:0.11019]
2023-11-08 13:53:39.513 | INFO     | fish:train:172 - [iter:5/50][code_length:32][zs_mAP:0.57425][zs_mAP_all:0.53364]
2023-11-08 13:54:09.850 | INFO     | fish:train:90 - [epoch:1/3][loss:6.7850]
2023-11-08 13:54:40.480 | INFO     | fish:train:90 - [epoch:2/3][loss:6.2100]
2023-11-08 13:55:11.149 | INFO     | fish:train:90 - [epoch:3/3][loss:6.0298]
2023-11-08 13:55:11.150 | INFO     | fish:train:93 - [iter:6/50][iter_time:91.64]
2023-11-08 13:55:44.359 | INFO     | fish:train:171 - [iter:6/50][code_length:32][mAP:0.20854][mAP_all:0.18093][best_mAP:0.20854]
2023-11-08 13:55:44.359 | INFO     | fish:train:172 - [iter:6/50][code_length:32][zs_mAP:0.63559][zs_mAP_all:0.54068]
2023-11-08 13:56:14.788 | INFO     | fish:train:90 - [epoch:1/3][loss:6.1271]
2023-11-08 13:56:45.621 | INFO     | fish:train:90 - [epoch:2/3][loss:5.9261]
2023-11-08 13:57:16.462 | INFO     | fish:train:90 - [epoch:3/3][loss:5.6299]
2023-11-08 13:57:16.463 | INFO     | fish:train:93 - [iter:7/50][iter_time:92.10]
2023-11-08 13:57:49.661 | INFO     | fish:train:171 - [iter:7/50][code_length:32][mAP:0.23947][mAP_all:0.21318][best_mAP:0.23947]
2023-11-08 13:57:49.662 | INFO     | fish:train:172 - [iter:7/50][code_length:32][zs_mAP:0.62717][zs_mAP_all:0.50700]
2023-11-08 13:58:20.021 | INFO     | fish:train:90 - [epoch:1/3][loss:5.8809]
2023-11-08 13:58:50.873 | INFO     | fish:train:90 - [epoch:2/3][loss:5.5592]
2023-11-08 13:59:21.760 | INFO     | fish:train:90 - [epoch:3/3][loss:5.4382]
2023-11-08 13:59:21.760 | INFO     | fish:train:93 - [iter:8/50][iter_time:92.10]
2023-11-08 13:59:54.937 | INFO     | fish:train:171 - [iter:8/50][code_length:32][mAP:0.25656][mAP_all:0.23120][best_mAP:0.25656]
2023-11-08 13:59:54.938 | INFO     | fish:train:172 - [iter:8/50][code_length:32][zs_mAP:0.66145][zs_mAP_all:0.55860]
2023-11-08 14:00:25.611 | INFO     | fish:train:90 - [epoch:1/3][loss:5.6141]
2023-11-08 14:00:56.524 | INFO     | fish:train:90 - [epoch:2/3][loss:5.2551]
2023-11-08 14:01:27.447 | INFO     | fish:train:90 - [epoch:3/3][loss:5.2100]
2023-11-08 14:01:27.448 | INFO     | fish:train:93 - [iter:9/50][iter_time:92.51]
2023-11-08 14:02:00.829 | INFO     | fish:train:171 - [iter:9/50][code_length:32][mAP:0.27212][mAP_all:0.24482][best_mAP:0.27212]
2023-11-08 14:02:00.829 | INFO     | fish:train:172 - [iter:9/50][code_length:32][zs_mAP:0.69490][zs_mAP_all:0.56456]
2023-11-08 14:02:31.385 | INFO     | fish:train:90 - [epoch:1/3][loss:5.6546]
2023-11-08 14:03:02.015 | INFO     | fish:train:90 - [epoch:2/3][loss:5.3820]
2023-11-08 14:03:32.664 | INFO     | fish:train:90 - [epoch:3/3][loss:5.1598]
2023-11-08 14:03:32.665 | INFO     | fish:train:93 - [iter:10/50][iter_time:91.84]
2023-11-08 14:04:06.083 | INFO     | fish:train:171 - [iter:10/50][code_length:32][mAP:0.28978][mAP_all:0.25810][best_mAP:0.28978]
2023-11-08 14:04:06.084 | INFO     | fish:train:172 - [iter:10/50][code_length:32][zs_mAP:0.73964][zs_mAP_all:0.61756]
2023-11-08 14:04:36.698 | INFO     | fish:train:90 - [epoch:1/3][loss:5.3457]
2023-11-08 14:05:07.507 | INFO     | fish:train:90 - [epoch:2/3][loss:5.0277]
2023-11-08 14:05:38.309 | INFO     | fish:train:90 - [epoch:3/3][loss:4.7859]
2023-11-08 14:05:38.310 | INFO     | fish:train:93 - [iter:11/50][iter_time:92.23]
2023-11-08 14:06:11.771 | INFO     | fish:train:171 - [iter:11/50][code_length:32][mAP:0.31271][mAP_all:0.28581][best_mAP:0.31271]
2023-11-08 14:06:11.772 | INFO     | fish:train:172 - [iter:11/50][code_length:32][zs_mAP:0.69788][zs_mAP_all:0.58528]
2023-11-08 14:06:42.018 | INFO     | fish:train:90 - [epoch:1/3][loss:5.2770]
2023-11-08 14:07:12.476 | INFO     | fish:train:90 - [epoch:2/3][loss:4.9290]
2023-11-08 14:07:43.101 | INFO     | fish:train:90 - [epoch:3/3][loss:4.7769]
2023-11-08 14:07:43.102 | INFO     | fish:train:93 - [iter:12/50][iter_time:91.33]
2023-11-08 14:08:16.528 | INFO     | fish:train:171 - [iter:12/50][code_length:32][mAP:0.33253][mAP_all:0.30432][best_mAP:0.33253]
2023-11-08 14:08:16.529 | INFO     | fish:train:172 - [iter:12/50][code_length:32][zs_mAP:0.72366][zs_mAP_all:0.59300]
2023-11-08 14:08:46.856 | INFO     | fish:train:90 - [epoch:1/3][loss:5.2227]
2023-11-08 14:09:17.633 | INFO     | fish:train:90 - [epoch:2/3][loss:4.9414]
2023-11-08 14:09:48.554 | INFO     | fish:train:90 - [epoch:3/3][loss:4.5520]
2023-11-08 14:09:48.554 | INFO     | fish:train:93 - [iter:13/50][iter_time:92.03]
2023-11-08 14:10:21.471 | INFO     | fish:train:171 - [iter:13/50][code_length:32][mAP:0.32944][mAP_all:0.30620][best_mAP:0.33253]
2023-11-08 14:10:21.472 | INFO     | fish:train:172 - [iter:13/50][code_length:32][zs_mAP:0.70766][zs_mAP_all:0.58844]
2023-11-08 14:10:51.880 | INFO     | fish:train:90 - [epoch:1/3][loss:5.1981]
2023-11-08 14:11:22.568 | INFO     | fish:train:90 - [epoch:2/3][loss:4.7489]
2023-11-08 14:11:53.369 | INFO     | fish:train:90 - [epoch:3/3][loss:4.5865]
2023-11-08 14:11:53.370 | INFO     | fish:train:93 - [iter:14/50][iter_time:91.90]
2023-11-08 14:12:26.788 | INFO     | fish:train:171 - [iter:14/50][code_length:32][mAP:0.37365][mAP_all:0.34748][best_mAP:0.37365]
2023-11-08 14:12:26.789 | INFO     | fish:train:172 - [iter:14/50][code_length:32][zs_mAP:0.70574][zs_mAP_all:0.58829]
2023-11-08 14:12:57.190 | INFO     | fish:train:90 - [epoch:1/3][loss:5.0671]
2023-11-08 14:13:27.837 | INFO     | fish:train:90 - [epoch:2/3][loss:4.6540]
2023-11-08 14:13:58.475 | INFO     | fish:train:90 - [epoch:3/3][loss:4.4643]
2023-11-08 14:13:58.475 | INFO     | fish:train:93 - [iter:15/50][iter_time:91.69]
2023-11-08 14:14:32.029 | INFO     | fish:train:171 - [iter:15/50][code_length:32][mAP:0.37967][mAP_all:0.35491][best_mAP:0.37967]
2023-11-08 14:14:32.030 | INFO     | fish:train:172 - [iter:15/50][code_length:32][zs_mAP:0.69868][zs_mAP_all:0.51589]
2023-11-08 14:15:02.269 | INFO     | fish:train:90 - [epoch:1/3][loss:4.9548]
2023-11-08 14:15:32.826 | INFO     | fish:train:90 - [epoch:2/3][loss:4.7527]
2023-11-08 14:16:03.453 | INFO     | fish:train:90 - [epoch:3/3][loss:4.6743]
2023-11-08 14:16:03.453 | INFO     | fish:train:93 - [iter:16/50][iter_time:91.42]
2023-11-08 14:16:37.116 | INFO     | fish:train:171 - [iter:16/50][code_length:32][mAP:0.41129][mAP_all:0.38606][best_mAP:0.41129]
2023-11-08 14:16:37.116 | INFO     | fish:train:172 - [iter:16/50][code_length:32][zs_mAP:0.71665][zs_mAP_all:0.55989]
2023-11-08 14:17:07.529 | INFO     | fish:train:90 - [epoch:1/3][loss:4.6958]
2023-11-08 14:17:38.204 | INFO     | fish:train:90 - [epoch:2/3][loss:4.5141]
2023-11-08 14:18:08.838 | INFO     | fish:train:90 - [epoch:3/3][loss:4.5589]
2023-11-08 14:18:08.839 | INFO     | fish:train:93 - [iter:17/50][iter_time:91.72]
2023-11-08 14:18:42.537 | INFO     | fish:train:171 - [iter:17/50][code_length:32][mAP:0.41964][mAP_all:0.39476][best_mAP:0.41964]
2023-11-08 14:18:42.537 | INFO     | fish:train:172 - [iter:17/50][code_length:32][zs_mAP:0.74148][zs_mAP_all:0.57556]
2023-11-08 14:19:12.879 | INFO     | fish:train:90 - [epoch:1/3][loss:4.6506]
2023-11-08 14:19:43.616 | INFO     | fish:train:90 - [epoch:2/3][loss:4.6404]
2023-11-08 14:20:14.396 | INFO     | fish:train:90 - [epoch:3/3][loss:4.4117]
2023-11-08 14:20:14.396 | INFO     | fish:train:93 - [iter:18/50][iter_time:91.86]
2023-11-08 14:20:48.094 | INFO     | fish:train:171 - [iter:18/50][code_length:32][mAP:0.42398][mAP_all:0.39964][best_mAP:0.42398]
2023-11-08 14:20:48.094 | INFO     | fish:train:172 - [iter:18/50][code_length:32][zs_mAP:0.73415][zs_mAP_all:0.57724]
2023-11-08 14:21:18.510 | INFO     | fish:train:90 - [epoch:1/3][loss:4.5575]
2023-11-08 14:21:49.193 | INFO     | fish:train:90 - [epoch:2/3][loss:4.4375]
2023-11-08 14:22:19.875 | INFO     | fish:train:90 - [epoch:3/3][loss:4.3834]
2023-11-08 14:22:19.875 | INFO     | fish:train:93 - [iter:19/50][iter_time:91.78]
2023-11-08 14:22:53.624 | INFO     | fish:train:171 - [iter:19/50][code_length:32][mAP:0.42852][mAP_all:0.40345][best_mAP:0.42852]
2023-11-08 14:22:53.624 | INFO     | fish:train:172 - [iter:19/50][code_length:32][zs_mAP:0.73488][zs_mAP_all:0.56566]
2023-11-08 14:23:23.935 | INFO     | fish:train:90 - [epoch:1/3][loss:4.6143]
2023-11-08 14:23:54.556 | INFO     | fish:train:90 - [epoch:2/3][loss:4.4293]
2023-11-08 14:24:25.178 | INFO     | fish:train:90 - [epoch:3/3][loss:4.4026]
2023-11-08 14:24:25.178 | INFO     | fish:train:93 - [iter:20/50][iter_time:91.55]
2023-11-08 14:24:58.758 | INFO     | fish:train:171 - [iter:20/50][code_length:32][mAP:0.43595][mAP_all:0.41142][best_mAP:0.43595]
2023-11-08 14:24:58.759 | INFO     | fish:train:172 - [iter:20/50][code_length:32][zs_mAP:0.73372][zs_mAP_all:0.56272]
2023-11-08 14:25:29.123 | INFO     | fish:train:90 - [epoch:1/3][loss:4.6144]
2023-11-08 14:25:59.766 | INFO     | fish:train:90 - [epoch:2/3][loss:4.4103]
2023-11-08 14:26:30.419 | INFO     | fish:train:90 - [epoch:3/3][loss:4.3948]
2023-11-08 14:26:30.420 | INFO     | fish:train:93 - [iter:21/50][iter_time:91.66]
2023-11-08 14:27:04.127 | INFO     | fish:train:171 - [iter:21/50][code_length:32][mAP:0.44565][mAP_all:0.42056][best_mAP:0.44565]
2023-11-08 14:27:04.128 | INFO     | fish:train:172 - [iter:21/50][code_length:32][zs_mAP:0.72220][zs_mAP_all:0.56273]
2023-11-08 14:27:34.463 | INFO     | fish:train:90 - [epoch:1/3][loss:4.4234]
2023-11-08 14:28:05.084 | INFO     | fish:train:90 - [epoch:2/3][loss:4.3288]
2023-11-08 14:28:35.714 | INFO     | fish:train:90 - [epoch:3/3][loss:4.2207]
2023-11-08 14:28:35.715 | INFO     | fish:train:93 - [iter:22/50][iter_time:91.59]
2023-11-08 14:29:09.417 | INFO     | fish:train:171 - [iter:22/50][code_length:32][mAP:0.44697][mAP_all:0.42261][best_mAP:0.44697]
2023-11-08 14:29:09.417 | INFO     | fish:train:172 - [iter:22/50][code_length:32][zs_mAP:0.73531][zs_mAP_all:0.55308]
2023-11-08 14:29:39.691 | INFO     | fish:train:90 - [epoch:1/3][loss:4.3696]
2023-11-08 14:30:10.388 | INFO     | fish:train:90 - [epoch:2/3][loss:4.2654]
2023-11-08 14:30:41.133 | INFO     | fish:train:90 - [epoch:3/3][loss:4.1379]
2023-11-08 14:30:41.134 | INFO     | fish:train:93 - [iter:23/50][iter_time:91.72]
2023-11-08 14:31:14.877 | INFO     | fish:train:171 - [iter:23/50][code_length:32][mAP:0.45506][mAP_all:0.42941][best_mAP:0.45506]
2023-11-08 14:31:14.877 | INFO     | fish:train:172 - [iter:23/50][code_length:32][zs_mAP:0.74146][zs_mAP_all:0.56235]
2023-11-08 14:31:45.264 | INFO     | fish:train:90 - [epoch:1/3][loss:4.2963]
2023-11-08 14:32:15.912 | INFO     | fish:train:90 - [epoch:2/3][loss:4.4059]
2023-11-08 14:32:46.601 | INFO     | fish:train:90 - [epoch:3/3][loss:4.2434]
2023-11-08 14:32:46.601 | INFO     | fish:train:93 - [iter:24/50][iter_time:91.72]
2023-11-08 14:33:19.856 | INFO     | fish:train:171 - [iter:24/50][code_length:32][mAP:0.45419][mAP_all:0.42971][best_mAP:0.45506]
2023-11-08 14:33:19.857 | INFO     | fish:train:172 - [iter:24/50][code_length:32][zs_mAP:0.74440][zs_mAP_all:0.56090]
2023-11-08 14:33:50.381 | INFO     | fish:train:90 - [epoch:1/3][loss:4.4144]
2023-11-08 14:34:21.230 | INFO     | fish:train:90 - [epoch:2/3][loss:4.3904]
2023-11-08 14:34:51.913 | INFO     | fish:train:90 - [epoch:3/3][loss:4.2562]
2023-11-08 14:34:51.913 | INFO     | fish:train:93 - [iter:25/50][iter_time:92.06]
2023-11-08 14:35:25.545 | INFO     | fish:train:171 - [iter:25/50][code_length:32][mAP:0.45814][mAP_all:0.43507][best_mAP:0.45814]
2023-11-08 14:35:25.545 | INFO     | fish:train:172 - [iter:25/50][code_length:32][zs_mAP:0.73664][zs_mAP_all:0.54608]
2023-11-08 14:35:55.916 | INFO     | fish:train:90 - [epoch:1/3][loss:4.3952]
2023-11-08 14:36:26.569 | INFO     | fish:train:90 - [epoch:2/3][loss:4.3511]
2023-11-08 14:36:57.208 | INFO     | fish:train:90 - [epoch:3/3][loss:4.3056]
2023-11-08 14:36:57.208 | INFO     | fish:train:93 - [iter:26/50][iter_time:91.66]
2023-11-08 14:37:30.814 | INFO     | fish:train:171 - [iter:26/50][code_length:32][mAP:0.46389][mAP_all:0.43775][best_mAP:0.46389]
2023-11-08 14:37:30.815 | INFO     | fish:train:172 - [iter:26/50][code_length:32][zs_mAP:0.74715][zs_mAP_all:0.57087]
2023-11-08 14:38:01.195 | INFO     | fish:train:90 - [epoch:1/3][loss:4.1654]
2023-11-08 14:38:31.820 | INFO     | fish:train:90 - [epoch:2/3][loss:4.0872]
2023-11-08 14:39:02.484 | INFO     | fish:train:90 - [epoch:3/3][loss:4.0074]
2023-11-08 14:39:02.485 | INFO     | fish:train:93 - [iter:27/50][iter_time:91.67]
2023-11-08 14:39:36.264 | INFO     | fish:train:171 - [iter:27/50][code_length:32][mAP:0.47056][mAP_all:0.44684][best_mAP:0.47056]
2023-11-08 14:39:36.264 | INFO     | fish:train:172 - [iter:27/50][code_length:32][zs_mAP:0.72395][zs_mAP_all:0.55754]
2023-11-08 14:40:06.650 | INFO     | fish:train:90 - [epoch:1/3][loss:4.3924]
2023-11-08 14:40:37.372 | INFO     | fish:train:90 - [epoch:2/3][loss:4.1696]
2023-11-08 14:41:08.110 | INFO     | fish:train:90 - [epoch:3/3][loss:4.1277]
2023-11-08 14:41:08.111 | INFO     | fish:train:93 - [iter:28/50][iter_time:91.85]
2023-11-08 14:41:41.485 | INFO     | fish:train:171 - [iter:28/50][code_length:32][mAP:0.46969][mAP_all:0.44547][best_mAP:0.47056]
2023-11-08 14:41:41.486 | INFO     | fish:train:172 - [iter:28/50][code_length:32][zs_mAP:0.73028][zs_mAP_all:0.56915]
2023-11-08 14:42:11.877 | INFO     | fish:train:90 - [epoch:1/3][loss:4.3636]
2023-11-08 14:42:42.543 | INFO     | fish:train:90 - [epoch:2/3][loss:4.1722]
2023-11-08 14:43:13.237 | INFO     | fish:train:90 - [epoch:3/3][loss:4.1922]
2023-11-08 14:43:13.237 | INFO     | fish:train:93 - [iter:29/50][iter_time:91.75]
2023-11-08 14:43:46.582 | INFO     | fish:train:171 - [iter:29/50][code_length:32][mAP:0.46831][mAP_all:0.44562][best_mAP:0.47056]
2023-11-08 14:43:46.583 | INFO     | fish:train:172 - [iter:29/50][code_length:32][zs_mAP:0.73042][zs_mAP_all:0.56491]
2023-11-08 14:44:17.021 | INFO     | fish:train:90 - [epoch:1/3][loss:4.3767]
2023-11-08 14:44:47.691 | INFO     | fish:train:90 - [epoch:2/3][loss:4.2881]
2023-11-08 14:45:18.372 | INFO     | fish:train:90 - [epoch:3/3][loss:4.2739]
2023-11-08 14:45:18.372 | INFO     | fish:train:93 - [iter:30/50][iter_time:91.79]
2023-11-08 14:45:52.196 | INFO     | fish:train:171 - [iter:30/50][code_length:32][mAP:0.47553][mAP_all:0.45208][best_mAP:0.47553]
2023-11-08 14:45:52.196 | INFO     | fish:train:172 - [iter:30/50][code_length:32][zs_mAP:0.72870][zs_mAP_all:0.55959]
2023-11-08 14:46:22.849 | INFO     | fish:train:90 - [epoch:1/3][loss:4.2012]
2023-11-08 14:46:53.780 | INFO     | fish:train:90 - [epoch:2/3][loss:4.1783]
2023-11-08 14:47:24.613 | INFO     | fish:train:90 - [epoch:3/3][loss:3.9874]
2023-11-08 14:47:24.613 | INFO     | fish:train:93 - [iter:31/50][iter_time:92.42]
2023-11-08 14:47:58.283 | INFO     | fish:train:171 - [iter:31/50][code_length:32][mAP:0.47963][mAP_all:0.45560][best_mAP:0.47963]
2023-11-08 14:47:58.284 | INFO     | fish:train:172 - [iter:31/50][code_length:32][zs_mAP:0.74749][zs_mAP_all:0.56511]
2023-11-08 14:48:28.739 | INFO     | fish:train:90 - [epoch:1/3][loss:4.4494]
2023-11-08 14:48:59.336 | INFO     | fish:train:90 - [epoch:2/3][loss:4.3140]
2023-11-08 14:49:29.997 | INFO     | fish:train:90 - [epoch:3/3][loss:4.0979]
2023-11-08 14:49:29.997 | INFO     | fish:train:93 - [iter:32/50][iter_time:91.71]
2023-11-08 14:50:03.185 | INFO     | fish:train:171 - [iter:32/50][code_length:32][mAP:0.47551][mAP_all:0.45361][best_mAP:0.47963]
2023-11-08 14:50:03.185 | INFO     | fish:train:172 - [iter:32/50][code_length:32][zs_mAP:0.72021][zs_mAP_all:0.57460]
2023-11-08 14:50:33.691 | INFO     | fish:train:90 - [epoch:1/3][loss:4.1260]
2023-11-08 14:51:04.285 | INFO     | fish:train:90 - [epoch:2/3][loss:4.1123]
2023-11-08 14:51:34.961 | INFO     | fish:train:90 - [epoch:3/3][loss:4.0335]
2023-11-08 14:51:34.961 | INFO     | fish:train:93 - [iter:33/50][iter_time:91.78]
2023-11-08 14:52:08.613 | INFO     | fish:train:171 - [iter:33/50][code_length:32][mAP:0.48645][mAP_all:0.46351][best_mAP:0.48645]
2023-11-08 14:52:08.613 | INFO     | fish:train:172 - [iter:33/50][code_length:32][zs_mAP:0.72455][zs_mAP_all:0.56269]
2023-11-08 14:52:38.971 | INFO     | fish:train:90 - [epoch:1/3][loss:4.2655]
2023-11-08 14:53:09.658 | INFO     | fish:train:90 - [epoch:2/3][loss:4.0469]
2023-11-08 14:53:40.517 | INFO     | fish:train:90 - [epoch:3/3][loss:4.0519]
2023-11-08 14:53:40.518 | INFO     | fish:train:93 - [iter:34/50][iter_time:91.90]
2023-11-08 14:54:14.354 | INFO     | fish:train:171 - [iter:34/50][code_length:32][mAP:0.48867][mAP_all:0.46524][best_mAP:0.48867]
2023-11-08 14:54:14.354 | INFO     | fish:train:172 - [iter:34/50][code_length:32][zs_mAP:0.74509][zs_mAP_all:0.56199]
2023-11-08 14:54:44.739 | INFO     | fish:train:90 - [epoch:1/3][loss:4.2510]
2023-11-08 14:55:15.459 | INFO     | fish:train:90 - [epoch:2/3][loss:4.1289]
2023-11-08 14:55:46.142 | INFO     | fish:train:90 - [epoch:3/3][loss:3.9044]
2023-11-08 14:55:46.143 | INFO     | fish:train:93 - [iter:35/50][iter_time:91.79]
2023-11-08 14:56:19.988 | INFO     | fish:train:171 - [iter:35/50][code_length:32][mAP:0.49379][mAP_all:0.47182][best_mAP:0.49379]
2023-11-08 14:56:19.989 | INFO     | fish:train:172 - [iter:35/50][code_length:32][zs_mAP:0.74939][zs_mAP_all:0.54702]
2023-11-08 14:56:50.350 | INFO     | fish:train:90 - [epoch:1/3][loss:4.2754]
2023-11-08 14:57:21.281 | INFO     | fish:train:90 - [epoch:2/3][loss:4.1517]
2023-11-08 14:57:52.238 | INFO     | fish:train:90 - [epoch:3/3][loss:4.1531]
2023-11-08 14:57:52.239 | INFO     | fish:train:93 - [iter:36/50][iter_time:92.25]
2023-11-08 14:58:25.956 | INFO     | fish:train:171 - [iter:36/50][code_length:32][mAP:0.49715][mAP_all:0.47503][best_mAP:0.49715]
2023-11-08 14:58:25.956 | INFO     | fish:train:172 - [iter:36/50][code_length:32][zs_mAP:0.74011][zs_mAP_all:0.54010]
2023-11-08 14:58:56.298 | INFO     | fish:train:90 - [epoch:1/3][loss:4.1002]
2023-11-08 14:59:26.918 | INFO     | fish:train:90 - [epoch:2/3][loss:4.1592]
2023-11-08 14:59:57.534 | INFO     | fish:train:90 - [epoch:3/3][loss:4.2772]
2023-11-08 14:59:57.535 | INFO     | fish:train:93 - [iter:37/50][iter_time:91.58]
2023-11-08 15:00:30.912 | INFO     | fish:train:171 - [iter:37/50][code_length:32][mAP:0.49412][mAP_all:0.47228][best_mAP:0.49715]
2023-11-08 15:00:30.913 | INFO     | fish:train:172 - [iter:37/50][code_length:32][zs_mAP:0.74216][zs_mAP_all:0.54817]
2023-11-08 15:01:01.310 | INFO     | fish:train:90 - [epoch:1/3][loss:4.1867]
2023-11-08 15:01:31.950 | INFO     | fish:train:90 - [epoch:2/3][loss:4.0747]
2023-11-08 15:02:02.598 | INFO     | fish:train:90 - [epoch:3/3][loss:4.1125]
2023-11-08 15:02:02.598 | INFO     | fish:train:93 - [iter:38/50][iter_time:91.69]
2023-11-08 15:02:36.000 | INFO     | fish:train:171 - [iter:38/50][code_length:32][mAP:0.49583][mAP_all:0.47350][best_mAP:0.49715]
2023-11-08 15:02:36.000 | INFO     | fish:train:172 - [iter:38/50][code_length:32][zs_mAP:0.73980][zs_mAP_all:0.52910]
2023-11-08 15:03:06.413 | INFO     | fish:train:90 - [epoch:1/3][loss:4.2966]
2023-11-08 15:03:37.123 | INFO     | fish:train:90 - [epoch:2/3][loss:4.2935]
2023-11-08 15:04:07.809 | INFO     | fish:train:90 - [epoch:3/3][loss:4.1767]
2023-11-08 15:04:07.809 | INFO     | fish:train:93 - [iter:39/50][iter_time:91.81]
2023-11-08 15:04:41.144 | INFO     | fish:train:171 - [iter:39/50][code_length:32][mAP:0.49410][mAP_all:0.47112][best_mAP:0.49715]
2023-11-08 15:04:41.145 | INFO     | fish:train:172 - [iter:39/50][code_length:32][zs_mAP:0.74534][zs_mAP_all:0.55039]
2023-11-08 15:05:11.556 | INFO     | fish:train:90 - [epoch:1/3][loss:4.1190]
2023-11-08 15:05:42.182 | INFO     | fish:train:90 - [epoch:2/3][loss:4.0491]
2023-11-08 15:06:12.846 | INFO     | fish:train:90 - [epoch:3/3][loss:3.9698]
2023-11-08 15:06:12.847 | INFO     | fish:train:93 - [iter:40/50][iter_time:91.70]
2023-11-08 15:06:46.683 | INFO     | fish:train:171 - [iter:40/50][code_length:32][mAP:0.50003][mAP_all:0.47735][best_mAP:0.50003]
2023-11-08 15:06:46.683 | INFO     | fish:train:172 - [iter:40/50][code_length:32][zs_mAP:0.74308][zs_mAP_all:0.55210]
2023-11-08 15:07:17.035 | INFO     | fish:train:90 - [epoch:1/3][loss:4.1860]
2023-11-08 15:07:47.669 | INFO     | fish:train:90 - [epoch:2/3][loss:4.1069]
2023-11-08 15:08:18.334 | INFO     | fish:train:90 - [epoch:3/3][loss:4.1215]
2023-11-08 15:08:18.334 | INFO     | fish:train:93 - [iter:41/50][iter_time:91.65]
2023-11-08 15:08:52.201 | INFO     | fish:train:171 - [iter:41/50][code_length:32][mAP:0.50026][mAP_all:0.47651][best_mAP:0.50026]
2023-11-08 15:08:52.201 | INFO     | fish:train:172 - [iter:41/50][code_length:32][zs_mAP:0.73830][zs_mAP_all:0.55395]
2023-11-08 15:09:22.846 | INFO     | fish:train:90 - [epoch:1/3][loss:4.1466]
2023-11-08 15:09:53.688 | INFO     | fish:train:90 - [epoch:2/3][loss:4.0638]
2023-11-08 15:10:24.331 | INFO     | fish:train:90 - [epoch:3/3][loss:4.1285]
2023-11-08 15:10:24.331 | INFO     | fish:train:93 - [iter:42/50][iter_time:92.13]
2023-11-08 15:10:57.681 | INFO     | fish:train:171 - [iter:42/50][code_length:32][mAP:0.49926][mAP_all:0.47568][best_mAP:0.50026]
2023-11-08 15:10:57.682 | INFO     | fish:train:172 - [iter:42/50][code_length:32][zs_mAP:0.74405][zs_mAP_all:0.55784]
2023-11-08 15:11:28.112 | INFO     | fish:train:90 - [epoch:1/3][loss:4.1477]
2023-11-08 15:11:58.665 | INFO     | fish:train:90 - [epoch:2/3][loss:4.0370]
2023-11-08 15:12:29.276 | INFO     | fish:train:90 - [epoch:3/3][loss:3.9815]
2023-11-08 15:12:29.276 | INFO     | fish:train:93 - [iter:43/50][iter_time:91.59]
2023-11-08 15:13:02.613 | INFO     | fish:train:171 - [iter:43/50][code_length:32][mAP:0.49811][mAP_all:0.47644][best_mAP:0.50026]
2023-11-08 15:13:02.614 | INFO     | fish:train:172 - [iter:43/50][code_length:32][zs_mAP:0.73542][zs_mAP_all:0.53516]
2023-11-08 15:13:33.007 | INFO     | fish:train:90 - [epoch:1/3][loss:3.9470]
2023-11-08 15:14:03.684 | INFO     | fish:train:90 - [epoch:2/3][loss:4.0857]
2023-11-08 15:14:34.318 | INFO     | fish:train:90 - [epoch:3/3][loss:4.0240]
2023-11-08 15:14:34.318 | INFO     | fish:train:93 - [iter:44/50][iter_time:91.70]
2023-11-08 15:15:07.717 | INFO     | fish:train:171 - [iter:44/50][code_length:32][mAP:0.49848][mAP_all:0.47664][best_mAP:0.50026]
2023-11-08 15:15:07.717 | INFO     | fish:train:172 - [iter:44/50][code_length:32][zs_mAP:0.73299][zs_mAP_all:0.55481]
2023-11-08 15:15:37.994 | INFO     | fish:train:90 - [epoch:1/3][loss:3.9845]
2023-11-08 15:16:08.663 | INFO     | fish:train:90 - [epoch:2/3][loss:4.0593]
2023-11-08 15:16:39.372 | INFO     | fish:train:90 - [epoch:3/3][loss:4.1359]
2023-11-08 15:16:39.373 | INFO     | fish:train:93 - [iter:45/50][iter_time:91.66]
2023-11-08 15:17:13.222 | INFO     | fish:train:171 - [iter:45/50][code_length:32][mAP:0.50032][mAP_all:0.47707][best_mAP:0.50032]
2023-11-08 15:17:13.222 | INFO     | fish:train:172 - [iter:45/50][code_length:32][zs_mAP:0.74123][zs_mAP_all:0.54592]
2023-11-08 15:17:43.846 | INFO     | fish:train:90 - [epoch:1/3][loss:4.1203]
2023-11-08 15:18:14.729 | INFO     | fish:train:90 - [epoch:2/3][loss:4.1685]
2023-11-08 15:18:45.416 | INFO     | fish:train:90 - [epoch:3/3][loss:4.1232]
2023-11-08 15:18:45.417 | INFO     | fish:train:93 - [iter:46/50][iter_time:92.19]
2023-11-08 15:19:18.800 | INFO     | fish:train:171 - [iter:46/50][code_length:32][mAP:0.49585][mAP_all:0.47390][best_mAP:0.50032]
2023-11-08 15:19:18.801 | INFO     | fish:train:172 - [iter:46/50][code_length:32][zs_mAP:0.74021][zs_mAP_all:0.55742]
2023-11-08 15:19:49.250 | INFO     | fish:train:90 - [epoch:1/3][loss:4.1235]
2023-11-08 15:20:19.960 | INFO     | fish:train:90 - [epoch:2/3][loss:4.1738]
2023-11-08 15:20:50.643 | INFO     | fish:train:90 - [epoch:3/3][loss:4.0703]
2023-11-08 15:20:50.643 | INFO     | fish:train:93 - [iter:47/50][iter_time:91.84]
2023-11-08 15:21:24.340 | INFO     | fish:train:171 - [iter:47/50][code_length:32][mAP:0.50137][mAP_all:0.47935][best_mAP:0.50137]
2023-11-08 15:21:24.341 | INFO     | fish:train:172 - [iter:47/50][code_length:32][zs_mAP:0.72652][zs_mAP_all:0.55803]
2023-11-08 15:21:55.000 | INFO     | fish:train:90 - [epoch:1/3][loss:4.0849]
2023-11-08 15:22:25.827 | INFO     | fish:train:90 - [epoch:2/3][loss:3.9562]
2023-11-08 15:22:56.519 | INFO     | fish:train:90 - [epoch:3/3][loss:4.0384]
2023-11-08 15:22:56.520 | INFO     | fish:train:93 - [iter:48/50][iter_time:92.18]
2023-11-08 15:23:29.694 | INFO     | fish:train:171 - [iter:48/50][code_length:32][mAP:0.50023][mAP_all:0.47926][best_mAP:0.50137]
2023-11-08 15:23:29.694 | INFO     | fish:train:172 - [iter:48/50][code_length:32][zs_mAP:0.71896][zs_mAP_all:0.54562]
2023-11-08 15:23:59.960 | INFO     | fish:train:90 - [epoch:1/3][loss:4.0041]
2023-11-08 15:24:30.601 | INFO     | fish:train:90 - [epoch:2/3][loss:3.9920]
2023-11-08 15:25:01.623 | INFO     | fish:train:90 - [epoch:3/3][loss:3.9934]
2023-11-08 15:25:01.624 | INFO     | fish:train:93 - [iter:49/50][iter_time:91.93]
2023-11-08 15:25:36.397 | INFO     | fish:train:171 - [iter:49/50][code_length:32][mAP:0.50227][mAP_all:0.48103][best_mAP:0.50227]
2023-11-08 15:25:36.398 | INFO     | fish:train:172 - [iter:49/50][code_length:32][zs_mAP:0.72689][zs_mAP_all:0.55741]
2023-11-08 15:26:07.174 | INFO     | fish:train:90 - [epoch:1/3][loss:4.0672]
2023-11-08 15:26:38.775 | INFO     | fish:train:90 - [epoch:2/3][loss:3.9959]
2023-11-08 15:27:09.730 | INFO     | fish:train:90 - [epoch:3/3][loss:4.0927]
2023-11-08 15:27:09.730 | INFO     | fish:train:93 - [iter:50/50][iter_time:93.33]
2023-11-08 15:27:43.743 | INFO     | fish:train:171 - [iter:50/50][code_length:32][mAP:0.50270][mAP_all:0.48051][best_mAP:0.50270]
2023-11-08 15:27:43.744 | INFO     | fish:train:172 - [iter:50/50][code_length:32][zs_mAP:0.73645][zs_mAP_all:0.52932]
2023-11-08 15:27:43.744 | INFO     | fish:train:177 - [Training time:6300.12]
2023-11-08 15:27:43.745 | INFO     | __main__:run:126 - [code_length:32][map:0.5027][map_all:0.4805][zs_map:0.7364][zs_map_all:0.5293]
2023-11-08 15:28:48.217 | INFO     | fish:train:90 - [epoch:1/3][loss:10.2485]
2023-11-08 15:29:19.241 | INFO     | fish:train:90 - [epoch:2/3][loss:9.5001]
2023-11-08 15:29:51.108 | INFO     | fish:train:90 - [epoch:3/3][loss:9.0545]
2023-11-08 15:29:51.109 | INFO     | fish:train:93 - [iter:1/50][iter_time:92.29]
2023-11-08 15:30:24.370 | INFO     | fish:train:171 - [iter:1/50][code_length:64][mAP:0.04765][mAP_all:0.01507][best_mAP:0.04765]
2023-11-08 15:30:24.371 | INFO     | fish:train:172 - [iter:1/50][code_length:64][zs_mAP:0.52611][zs_mAP_all:0.53473]
2023-11-08 15:30:54.994 | INFO     | fish:train:90 - [epoch:1/3][loss:8.8188]
2023-11-08 15:31:25.872 | INFO     | fish:train:90 - [epoch:2/3][loss:8.3521]
2023-11-08 15:31:56.697 | INFO     | fish:train:90 - [epoch:3/3][loss:8.0208]
2023-11-08 15:31:56.697 | INFO     | fish:train:93 - [iter:2/50][iter_time:92.33]
2023-11-08 15:32:30.061 | INFO     | fish:train:171 - [iter:2/50][code_length:64][mAP:0.08081][mAP_all:0.04096][best_mAP:0.08081]
2023-11-08 15:32:30.061 | INFO     | fish:train:172 - [iter:2/50][code_length:64][zs_mAP:0.53146][zs_mAP_all:0.53869]
2023-11-08 15:33:00.605 | INFO     | fish:train:90 - [epoch:1/3][loss:8.0158]
2023-11-08 15:33:31.273 | INFO     | fish:train:90 - [epoch:2/3][loss:7.5005]
2023-11-08 15:34:02.163 | INFO     | fish:train:90 - [epoch:3/3][loss:7.1685]
2023-11-08 15:34:02.164 | INFO     | fish:train:93 - [iter:3/50][iter_time:92.10]
2023-11-08 15:34:35.583 | INFO     | fish:train:171 - [iter:3/50][code_length:64][mAP:0.13442][mAP_all:0.08595][best_mAP:0.13442]
2023-11-08 15:34:35.583 | INFO     | fish:train:172 - [iter:3/50][code_length:64][zs_mAP:0.61123][zs_mAP_all:0.59716]
2023-11-08 15:35:06.384 | INFO     | fish:train:90 - [epoch:1/3][loss:7.5179]
2023-11-08 15:35:37.398 | INFO     | fish:train:90 - [epoch:2/3][loss:7.0084]
2023-11-08 15:36:08.432 | INFO     | fish:train:90 - [epoch:3/3][loss:6.7026]
2023-11-08 15:36:08.432 | INFO     | fish:train:93 - [iter:4/50][iter_time:92.85]
2023-11-08 15:36:41.922 | INFO     | fish:train:171 - [iter:4/50][code_length:64][mAP:0.14739][mAP_all:0.09926][best_mAP:0.14739]
2023-11-08 15:36:41.922 | INFO     | fish:train:172 - [iter:4/50][code_length:64][zs_mAP:0.57173][zs_mAP_all:0.55386]
2023-11-08 15:37:12.679 | INFO     | fish:train:90 - [epoch:1/3][loss:7.1059]
2023-11-08 15:37:43.662 | INFO     | fish:train:90 - [epoch:2/3][loss:6.4972]
2023-11-08 15:38:14.483 | INFO     | fish:train:90 - [epoch:3/3][loss:6.3308]
2023-11-08 15:38:14.484 | INFO     | fish:train:93 - [iter:5/50][iter_time:92.56]
2023-11-08 15:38:48.094 | INFO     | fish:train:171 - [iter:5/50][code_length:64][mAP:0.18960][mAP_all:0.13642][best_mAP:0.18960]
2023-11-08 15:38:48.095 | INFO     | fish:train:172 - [iter:5/50][code_length:64][zs_mAP:0.63774][zs_mAP_all:0.59747]
2023-11-08 15:39:18.538 | INFO     | fish:train:90 - [epoch:1/3][loss:6.3542]
2023-11-08 15:39:49.283 | INFO     | fish:train:90 - [epoch:2/3][loss:5.8282]
2023-11-08 15:40:20.059 | INFO     | fish:train:90 - [epoch:3/3][loss:5.5325]
2023-11-08 15:40:20.059 | INFO     | fish:train:93 - [iter:6/50][iter_time:91.96]
2023-11-08 15:40:53.887 | INFO     | fish:train:171 - [iter:6/50][code_length:64][mAP:0.31024][mAP_all:0.26538][best_mAP:0.31024]
2023-11-08 15:40:53.887 | INFO     | fish:train:172 - [iter:6/50][code_length:64][zs_mAP:0.69489][zs_mAP_all:0.61604]
2023-11-08 15:41:24.343 | INFO     | fish:train:90 - [epoch:1/3][loss:5.6477]
2023-11-08 15:41:55.093 | INFO     | fish:train:90 - [epoch:2/3][loss:5.3855]
2023-11-08 15:42:25.828 | INFO     | fish:train:90 - [epoch:3/3][loss:5.3512]
2023-11-08 15:42:25.828 | INFO     | fish:train:93 - [iter:7/50][iter_time:91.94]
2023-11-08 15:42:59.645 | INFO     | fish:train:171 - [iter:7/50][code_length:64][mAP:0.32389][mAP_all:0.28312][best_mAP:0.32389]
2023-11-08 15:42:59.645 | INFO     | fish:train:172 - [iter:7/50][code_length:64][zs_mAP:0.71134][zs_mAP_all:0.62635]
2023-11-08 15:43:30.048 | INFO     | fish:train:90 - [epoch:1/3][loss:5.4202]
2023-11-08 15:44:00.690 | INFO     | fish:train:90 - [epoch:2/3][loss:5.2207]
2023-11-08 15:44:31.582 | INFO     | fish:train:90 - [epoch:3/3][loss:5.0110]
2023-11-08 15:44:31.582 | INFO     | fish:train:93 - [iter:8/50][iter_time:91.94]
2023-11-08 15:45:06.324 | INFO     | fish:train:171 - [iter:8/50][code_length:64][mAP:0.35362][mAP_all:0.30804][best_mAP:0.35362]
2023-11-08 15:45:06.324 | INFO     | fish:train:172 - [iter:8/50][code_length:64][zs_mAP:0.71940][zs_mAP_all:0.61488]
2023-11-08 15:45:36.812 | INFO     | fish:train:90 - [epoch:1/3][loss:5.3151]
2023-11-08 15:46:08.341 | INFO     | fish:train:90 - [epoch:2/3][loss:4.9994]
2023-11-08 15:46:39.253 | INFO     | fish:train:90 - [epoch:3/3][loss:4.7676]
2023-11-08 15:46:39.253 | INFO     | fish:train:93 - [iter:9/50][iter_time:92.93]
2023-11-08 15:47:13.325 | INFO     | fish:train:171 - [iter:9/50][code_length:64][mAP:0.37496][mAP_all:0.33432][best_mAP:0.37496]
2023-11-08 15:47:13.325 | INFO     | fish:train:172 - [iter:9/50][code_length:64][zs_mAP:0.72821][zs_mAP_all:0.59648]
2023-11-08 15:47:43.858 | INFO     | fish:train:90 - [epoch:1/3][loss:5.2770]
2023-11-08 15:48:15.035 | INFO     | fish:train:90 - [epoch:2/3][loss:4.8817]
2023-11-08 15:48:46.005 | INFO     | fish:train:90 - [epoch:3/3][loss:4.6835]
2023-11-08 15:48:46.005 | INFO     | fish:train:93 - [iter:10/50][iter_time:92.68]
2023-11-08 15:49:19.825 | INFO     | fish:train:171 - [iter:10/50][code_length:64][mAP:0.38390][mAP_all:0.34192][best_mAP:0.38390]
2023-11-08 15:49:19.826 | INFO     | fish:train:172 - [iter:10/50][code_length:64][zs_mAP:0.72366][zs_mAP_all:0.63000]
2023-11-08 15:49:50.409 | INFO     | fish:train:90 - [epoch:1/3][loss:5.0785]
2023-11-08 15:50:21.018 | INFO     | fish:train:90 - [epoch:2/3][loss:4.7908]
2023-11-08 15:50:51.665 | INFO     | fish:train:90 - [epoch:3/3][loss:4.5585]
2023-11-08 15:50:51.665 | INFO     | fish:train:93 - [iter:11/50][iter_time:91.84]
2023-11-08 15:51:25.505 | INFO     | fish:train:171 - [iter:11/50][code_length:64][mAP:0.40297][mAP_all:0.36240][best_mAP:0.40297]
2023-11-08 15:51:25.506 | INFO     | fish:train:172 - [iter:11/50][code_length:64][zs_mAP:0.74547][zs_mAP_all:0.61953]
2023-11-08 15:51:55.979 | INFO     | fish:train:90 - [epoch:1/3][loss:5.0273]
2023-11-08 15:52:26.864 | INFO     | fish:train:90 - [epoch:2/3][loss:4.7547]
2023-11-08 15:52:57.817 | INFO     | fish:train:90 - [epoch:3/3][loss:4.4624]
2023-11-08 15:52:57.817 | INFO     | fish:train:93 - [iter:12/50][iter_time:92.31]
2023-11-08 15:53:31.900 | INFO     | fish:train:171 - [iter:12/50][code_length:64][mAP:0.42758][mAP_all:0.38448][best_mAP:0.42758]
2023-11-08 15:53:31.900 | INFO     | fish:train:172 - [iter:12/50][code_length:64][zs_mAP:0.77150][zs_mAP_all:0.62140]
2023-11-08 15:54:02.227 | INFO     | fish:train:90 - [epoch:1/3][loss:4.9414]
2023-11-08 15:54:32.890 | INFO     | fish:train:90 - [epoch:2/3][loss:4.5662]
2023-11-08 15:55:03.565 | INFO     | fish:train:90 - [epoch:3/3][loss:4.4722]
2023-11-08 15:55:03.566 | INFO     | fish:train:93 - [iter:13/50][iter_time:91.67]
2023-11-08 15:55:37.181 | INFO     | fish:train:171 - [iter:13/50][code_length:64][mAP:0.42425][mAP_all:0.38416][best_mAP:0.42758]
2023-11-08 15:55:37.181 | INFO     | fish:train:172 - [iter:13/50][code_length:64][zs_mAP:0.75680][zs_mAP_all:0.60971]
2023-11-08 15:56:07.651 | INFO     | fish:train:90 - [epoch:1/3][loss:4.8738]
2023-11-08 15:56:38.378 | INFO     | fish:train:90 - [epoch:2/3][loss:4.5361]
2023-11-08 15:57:09.161 | INFO     | fish:train:90 - [epoch:3/3][loss:4.3059]
2023-11-08 15:57:09.161 | INFO     | fish:train:93 - [iter:14/50][iter_time:91.98]
2023-11-08 15:57:43.327 | INFO     | fish:train:171 - [iter:14/50][code_length:64][mAP:0.46627][mAP_all:0.42178][best_mAP:0.46627]
2023-11-08 15:57:43.327 | INFO     | fish:train:172 - [iter:14/50][code_length:64][zs_mAP:0.76115][zs_mAP_all:0.58898]
2023-11-08 15:58:13.928 | INFO     | fish:train:90 - [epoch:1/3][loss:4.8424]
2023-11-08 15:58:44.646 | INFO     | fish:train:90 - [epoch:2/3][loss:4.4498]
2023-11-08 15:59:15.427 | INFO     | fish:train:90 - [epoch:3/3][loss:4.2068]
2023-11-08 15:59:15.427 | INFO     | fish:train:93 - [iter:15/50][iter_time:92.10]
2023-11-08 15:59:49.605 | INFO     | fish:train:171 - [iter:15/50][code_length:64][mAP:0.48002][mAP_all:0.42867][best_mAP:0.48002]
2023-11-08 15:59:49.606 | INFO     | fish:train:172 - [iter:15/50][code_length:64][zs_mAP:0.80263][zs_mAP_all:0.63683]
2023-11-08 16:00:20.278 | INFO     | fish:train:90 - [epoch:1/3][loss:4.6366]
2023-11-08 16:00:51.258 | INFO     | fish:train:90 - [epoch:2/3][loss:4.3681]
2023-11-08 16:01:22.236 | INFO     | fish:train:90 - [epoch:3/3][loss:4.4210]
2023-11-08 16:01:22.236 | INFO     | fish:train:93 - [iter:16/50][iter_time:92.63]
2023-11-08 16:01:56.542 | INFO     | fish:train:171 - [iter:16/50][code_length:64][mAP:0.50206][mAP_all:0.45594][best_mAP:0.50206]
2023-11-08 16:01:56.542 | INFO     | fish:train:172 - [iter:16/50][code_length:64][zs_mAP:0.79797][zs_mAP_all:0.62072]
2023-11-08 16:02:27.149 | INFO     | fish:train:90 - [epoch:1/3][loss:4.3554]
2023-11-08 16:02:57.806 | INFO     | fish:train:90 - [epoch:2/3][loss:4.2957]
2023-11-08 16:03:28.538 | INFO     | fish:train:90 - [epoch:3/3][loss:4.2198]
2023-11-08 16:03:28.539 | INFO     | fish:train:93 - [iter:17/50][iter_time:92.00]
2023-11-08 16:04:02.791 | INFO     | fish:train:171 - [iter:17/50][code_length:64][mAP:0.51001][mAP_all:0.46723][best_mAP:0.51001]
2023-11-08 16:04:02.791 | INFO     | fish:train:172 - [iter:17/50][code_length:64][zs_mAP:0.77432][zs_mAP_all:0.58947]
2023-11-08 16:04:33.311 | INFO     | fish:train:90 - [epoch:1/3][loss:4.3328]
2023-11-08 16:05:04.156 | INFO     | fish:train:90 - [epoch:2/3][loss:4.3209]
2023-11-08 16:05:35.152 | INFO     | fish:train:90 - [epoch:3/3][loss:4.2015]
2023-11-08 16:05:35.152 | INFO     | fish:train:93 - [iter:18/50][iter_time:92.36]
2023-11-08 16:06:09.726 | INFO     | fish:train:171 - [iter:18/50][code_length:64][mAP:0.51490][mAP_all:0.47197][best_mAP:0.51490]
2023-11-08 16:06:09.727 | INFO     | fish:train:172 - [iter:18/50][code_length:64][zs_mAP:0.78586][zs_mAP_all:0.59636]
2023-11-08 16:06:40.517 | INFO     | fish:train:90 - [epoch:1/3][loss:4.3036]
2023-11-08 16:07:11.556 | INFO     | fish:train:90 - [epoch:2/3][loss:4.2335]
2023-11-08 16:07:42.649 | INFO     | fish:train:90 - [epoch:3/3][loss:4.1930]
2023-11-08 16:07:42.649 | INFO     | fish:train:93 - [iter:19/50][iter_time:92.92]
2023-11-08 16:08:17.175 | INFO     | fish:train:171 - [iter:19/50][code_length:64][mAP:0.51584][mAP_all:0.47529][best_mAP:0.51584]
2023-11-08 16:08:17.175 | INFO     | fish:train:172 - [iter:19/50][code_length:64][zs_mAP:0.78483][zs_mAP_all:0.59721]
2023-11-08 16:08:47.751 | INFO     | fish:train:90 - [epoch:1/3][loss:4.3079]
2023-11-08 16:09:18.430 | INFO     | fish:train:90 - [epoch:2/3][loss:4.1753]
2023-11-08 16:09:49.117 | INFO     | fish:train:90 - [epoch:3/3][loss:4.1476]
2023-11-08 16:09:49.117 | INFO     | fish:train:93 - [iter:20/50][iter_time:91.94]
2023-11-08 16:10:23.269 | INFO     | fish:train:171 - [iter:20/50][code_length:64][mAP:0.52120][mAP_all:0.47849][best_mAP:0.52120]
2023-11-08 16:10:23.269 | INFO     | fish:train:172 - [iter:20/50][code_length:64][zs_mAP:0.78905][zs_mAP_all:0.59979]
2023-11-08 16:10:53.927 | INFO     | fish:train:90 - [epoch:1/3][loss:4.3025]
2023-11-08 16:11:24.747 | INFO     | fish:train:90 - [epoch:2/3][loss:4.2195]
2023-11-08 16:11:55.618 | INFO     | fish:train:90 - [epoch:3/3][loss:4.1594]
2023-11-08 16:11:55.619 | INFO     | fish:train:93 - [iter:21/50][iter_time:92.35]
2023-11-08 16:12:29.806 | INFO     | fish:train:171 - [iter:21/50][code_length:64][mAP:0.52606][mAP_all:0.48436][best_mAP:0.52606]
2023-11-08 16:12:29.806 | INFO     | fish:train:172 - [iter:21/50][code_length:64][zs_mAP:0.79606][zs_mAP_all:0.60843]
2023-11-08 16:13:00.340 | INFO     | fish:train:90 - [epoch:1/3][loss:4.3128]
2023-11-08 16:13:31.032 | INFO     | fish:train:90 - [epoch:2/3][loss:4.2225]
2023-11-08 16:14:01.720 | INFO     | fish:train:90 - [epoch:3/3][loss:4.1354]
2023-11-08 16:14:01.720 | INFO     | fish:train:93 - [iter:22/50][iter_time:91.91]
2023-11-08 16:14:35.916 | INFO     | fish:train:171 - [iter:22/50][code_length:64][mAP:0.53105][mAP_all:0.48894][best_mAP:0.53105]
2023-11-08 16:14:35.916 | INFO     | fish:train:172 - [iter:22/50][code_length:64][zs_mAP:0.80630][zs_mAP_all:0.61173]
2023-11-08 16:15:06.213 | INFO     | fish:train:90 - [epoch:1/3][loss:4.4455]
2023-11-08 16:15:36.799 | INFO     | fish:train:90 - [epoch:2/3][loss:4.1797]
2023-11-08 16:16:07.442 | INFO     | fish:train:90 - [epoch:3/3][loss:4.1382]
2023-11-08 16:16:07.443 | INFO     | fish:train:93 - [iter:23/50][iter_time:91.53]
2023-11-08 16:16:41.155 | INFO     | fish:train:171 - [iter:23/50][code_length:64][mAP:0.52835][mAP_all:0.48743][best_mAP:0.53105]
2023-11-08 16:16:41.156 | INFO     | fish:train:172 - [iter:23/50][code_length:64][zs_mAP:0.79359][zs_mAP_all:0.60011]
2023-11-08 16:17:11.507 | INFO     | fish:train:90 - [epoch:1/3][loss:4.1783]
2023-11-08 16:17:42.118 | INFO     | fish:train:90 - [epoch:2/3][loss:3.9976]
2023-11-08 16:18:12.794 | INFO     | fish:train:90 - [epoch:3/3][loss:4.0526]
2023-11-08 16:18:12.794 | INFO     | fish:train:93 - [iter:24/50][iter_time:91.64]
2023-11-08 16:18:46.964 | INFO     | fish:train:171 - [iter:24/50][code_length:64][mAP:0.53613][mAP_all:0.49404][best_mAP:0.53613]
2023-11-08 16:18:46.964 | INFO     | fish:train:172 - [iter:24/50][code_length:64][zs_mAP:0.80363][zs_mAP_all:0.60981]
2023-11-08 16:19:17.326 | INFO     | fish:train:90 - [epoch:1/3][loss:4.2468]
2023-11-08 16:19:47.887 | INFO     | fish:train:90 - [epoch:2/3][loss:4.1000]
2023-11-08 16:20:18.469 | INFO     | fish:train:90 - [epoch:3/3][loss:4.0956]
2023-11-08 16:20:18.469 | INFO     | fish:train:93 - [iter:25/50][iter_time:91.50]
2023-11-08 16:20:52.643 | INFO     | fish:train:171 - [iter:25/50][code_length:64][mAP:0.53788][mAP_all:0.49672][best_mAP:0.53788]
2023-11-08 16:20:52.643 | INFO     | fish:train:172 - [iter:25/50][code_length:64][zs_mAP:0.79987][zs_mAP_all:0.59650]
2023-11-08 16:21:22.911 | INFO     | fish:train:90 - [epoch:1/3][loss:4.0367]
2023-11-08 16:21:53.512 | INFO     | fish:train:90 - [epoch:2/3][loss:3.9952]
2023-11-08 16:22:24.168 | INFO     | fish:train:90 - [epoch:3/3][loss:4.0349]
2023-11-08 16:22:24.168 | INFO     | fish:train:93 - [iter:26/50][iter_time:91.53]
2023-11-08 16:22:57.881 | INFO     | fish:train:171 - [iter:26/50][code_length:64][mAP:0.53679][mAP_all:0.49326][best_mAP:0.53788]
2023-11-08 16:22:57.882 | INFO     | fish:train:172 - [iter:26/50][code_length:64][zs_mAP:0.79764][zs_mAP_all:0.61773]
2023-11-08 16:23:28.498 | INFO     | fish:train:90 - [epoch:1/3][loss:4.3418]
2023-11-08 16:23:59.426 | INFO     | fish:train:90 - [epoch:2/3][loss:4.1403]
2023-11-08 16:24:30.411 | INFO     | fish:train:90 - [epoch:3/3][loss:4.0669]
2023-11-08 16:24:30.412 | INFO     | fish:train:93 - [iter:27/50][iter_time:92.53]
2023-11-08 16:25:04.655 | INFO     | fish:train:171 - [iter:27/50][code_length:64][mAP:0.53863][mAP_all:0.49691][best_mAP:0.53863]
2023-11-08 16:25:04.655 | INFO     | fish:train:172 - [iter:27/50][code_length:64][zs_mAP:0.77897][zs_mAP_all:0.57881]
2023-11-08 16:25:35.027 | INFO     | fish:train:90 - [epoch:1/3][loss:4.2092]
2023-11-08 16:26:05.626 | INFO     | fish:train:90 - [epoch:2/3][loss:4.1291]
2023-11-08 16:26:36.290 | INFO     | fish:train:90 - [epoch:3/3][loss:3.8699]
2023-11-08 16:26:36.290 | INFO     | fish:train:93 - [iter:28/50][iter_time:91.63]
2023-11-08 16:27:10.519 | INFO     | fish:train:171 - [iter:28/50][code_length:64][mAP:0.54664][mAP_all:0.50660][best_mAP:0.54664]
2023-11-08 16:27:10.519 | INFO     | fish:train:172 - [iter:28/50][code_length:64][zs_mAP:0.79406][zs_mAP_all:0.59859]
2023-11-08 16:27:40.786 | INFO     | fish:train:90 - [epoch:1/3][loss:4.1050]
2023-11-08 16:28:11.382 | INFO     | fish:train:90 - [epoch:2/3][loss:3.9551]
2023-11-08 16:28:42.281 | INFO     | fish:train:90 - [epoch:3/3][loss:3.9017]
2023-11-08 16:28:42.281 | INFO     | fish:train:93 - [iter:29/50][iter_time:91.76]
2023-11-08 16:29:16.394 | INFO     | fish:train:171 - [iter:29/50][code_length:64][mAP:0.55020][mAP_all:0.50710][best_mAP:0.55020]
2023-11-08 16:29:16.395 | INFO     | fish:train:172 - [iter:29/50][code_length:64][zs_mAP:0.80413][zs_mAP_all:0.59750]
2023-11-08 16:29:47.275 | INFO     | fish:train:90 - [epoch:1/3][loss:4.1678]
2023-11-08 16:30:17.869 | INFO     | fish:train:90 - [epoch:2/3][loss:4.0860]
2023-11-08 16:30:49.133 | INFO     | fish:train:90 - [epoch:3/3][loss:4.0155]
2023-11-08 16:30:49.133 | INFO     | fish:train:93 - [iter:30/50][iter_time:92.74]
2023-11-08 16:31:25.405 | INFO     | fish:train:171 - [iter:30/50][code_length:64][mAP:0.55113][mAP_all:0.50936][best_mAP:0.55113]
2023-11-08 16:31:25.405 | INFO     | fish:train:172 - [iter:30/50][code_length:64][zs_mAP:0.79728][zs_mAP_all:0.60625]
2023-11-08 16:31:56.595 | INFO     | fish:train:90 - [epoch:1/3][loss:4.1256]
2023-11-08 16:32:27.922 | INFO     | fish:train:90 - [epoch:2/3][loss:4.0199]
2023-11-08 16:32:58.901 | INFO     | fish:train:90 - [epoch:3/3][loss:4.0067]
2023-11-08 16:32:58.901 | INFO     | fish:train:93 - [iter:31/50][iter_time:93.50]
2023-11-08 16:33:32.711 | INFO     | fish:train:171 - [iter:31/50][code_length:64][mAP:0.54922][mAP_all:0.50836][best_mAP:0.55113]
2023-11-08 16:33:32.712 | INFO     | fish:train:172 - [iter:31/50][code_length:64][zs_mAP:0.79671][zs_mAP_all:0.58778]
2023-11-08 16:34:03.619 | INFO     | fish:train:90 - [epoch:1/3][loss:4.1441]
2023-11-08 16:34:34.854 | INFO     | fish:train:90 - [epoch:2/3][loss:4.0042]
2023-11-08 16:35:06.175 | INFO     | fish:train:90 - [epoch:3/3][loss:3.9306]
2023-11-08 16:35:06.175 | INFO     | fish:train:93 - [iter:32/50][iter_time:93.46]
2023-11-08 16:35:40.726 | INFO     | fish:train:171 - [iter:32/50][code_length:64][mAP:0.56067][mAP_all:0.52175][best_mAP:0.56067]
2023-11-08 16:35:40.726 | INFO     | fish:train:172 - [iter:32/50][code_length:64][zs_mAP:0.78291][zs_mAP_all:0.56130]
2023-11-08 16:36:11.607 | INFO     | fish:train:90 - [epoch:1/3][loss:4.1139]
2023-11-08 16:36:42.560 | INFO     | fish:train:90 - [epoch:2/3][loss:3.9552]
2023-11-08 16:37:13.622 | INFO     | fish:train:90 - [epoch:3/3][loss:3.9650]
2023-11-08 16:37:13.622 | INFO     | fish:train:93 - [iter:33/50][iter_time:92.90]
2023-11-08 16:37:48.229 | INFO     | fish:train:171 - [iter:33/50][code_length:64][mAP:0.56979][mAP_all:0.52645][best_mAP:0.56979]
2023-11-08 16:37:48.230 | INFO     | fish:train:172 - [iter:33/50][code_length:64][zs_mAP:0.80492][zs_mAP_all:0.58204]
2023-11-08 16:38:19.065 | INFO     | fish:train:90 - [epoch:1/3][loss:3.9238]
2023-11-08 16:38:50.080 | INFO     | fish:train:90 - [epoch:2/3][loss:3.7996]
2023-11-08 16:39:21.368 | INFO     | fish:train:90 - [epoch:3/3][loss:3.8036]
2023-11-08 16:39:21.368 | INFO     | fish:train:93 - [iter:34/50][iter_time:93.14]
2023-11-08 16:39:55.580 | INFO     | fish:train:171 - [iter:34/50][code_length:64][mAP:0.56092][mAP_all:0.52097][best_mAP:0.56979]
2023-11-08 16:39:55.581 | INFO     | fish:train:172 - [iter:34/50][code_length:64][zs_mAP:0.79200][zs_mAP_all:0.57358]
2023-11-08 16:40:26.396 | INFO     | fish:train:90 - [epoch:1/3][loss:4.0648]
2023-11-08 16:40:57.611 | INFO     | fish:train:90 - [epoch:2/3][loss:3.9763]
2023-11-08 16:41:28.814 | INFO     | fish:train:90 - [epoch:3/3][loss:3.8217]
2023-11-08 16:41:28.815 | INFO     | fish:train:93 - [iter:35/50][iter_time:93.23]
2023-11-08 16:42:03.571 | INFO     | fish:train:171 - [iter:35/50][code_length:64][mAP:0.57037][mAP_all:0.53111][best_mAP:0.57037]
2023-11-08 16:42:03.572 | INFO     | fish:train:172 - [iter:35/50][code_length:64][zs_mAP:0.79338][zs_mAP_all:0.57750]
2023-11-08 16:42:34.861 | INFO     | fish:train:90 - [epoch:1/3][loss:4.0154]
2023-11-08 16:43:06.341 | INFO     | fish:train:90 - [epoch:2/3][loss:3.9538]
2023-11-08 16:43:37.441 | INFO     | fish:train:90 - [epoch:3/3][loss:3.9229]
2023-11-08 16:43:37.442 | INFO     | fish:train:93 - [iter:36/50][iter_time:93.87]
2023-11-08 16:44:11.643 | INFO     | fish:train:171 - [iter:36/50][code_length:64][mAP:0.56299][mAP_all:0.52509][best_mAP:0.57037]
2023-11-08 16:44:11.644 | INFO     | fish:train:172 - [iter:36/50][code_length:64][zs_mAP:0.79408][zs_mAP_all:0.57496]
2023-11-08 16:44:42.194 | INFO     | fish:train:90 - [epoch:1/3][loss:4.0259]
2023-11-08 16:45:12.846 | INFO     | fish:train:90 - [epoch:2/3][loss:4.1470]
2023-11-08 16:45:43.533 | INFO     | fish:train:90 - [epoch:3/3][loss:4.0803]
2023-11-08 16:45:43.533 | INFO     | fish:train:93 - [iter:37/50][iter_time:91.89]
2023-11-08 16:46:17.877 | INFO     | fish:train:171 - [iter:37/50][code_length:64][mAP:0.57006][mAP_all:0.53019][best_mAP:0.57037]
2023-11-08 16:46:17.877 | INFO     | fish:train:172 - [iter:37/50][code_length:64][zs_mAP:0.79571][zs_mAP_all:0.58451]
2023-11-08 16:46:48.905 | INFO     | fish:train:90 - [epoch:1/3][loss:3.8930]
2023-11-08 16:47:20.122 | INFO     | fish:train:90 - [epoch:2/3][loss:3.8638]
2023-11-08 16:47:51.326 | INFO     | fish:train:90 - [epoch:3/3][loss:3.8827]
2023-11-08 16:47:51.326 | INFO     | fish:train:93 - [iter:38/50][iter_time:93.45]
2023-11-08 16:48:25.929 | INFO     | fish:train:171 - [iter:38/50][code_length:64][mAP:0.57633][mAP_all:0.53601][best_mAP:0.57633]
2023-11-08 16:48:25.929 | INFO     | fish:train:172 - [iter:38/50][code_length:64][zs_mAP:0.80217][zs_mAP_all:0.58003]
2023-11-08 16:48:56.789 | INFO     | fish:train:90 - [epoch:1/3][loss:3.9387]
2023-11-08 16:49:27.700 | INFO     | fish:train:90 - [epoch:2/3][loss:3.7883]
2023-11-08 16:49:58.723 | INFO     | fish:train:90 - [epoch:3/3][loss:3.8932]
2023-11-08 16:49:58.723 | INFO     | fish:train:93 - [iter:39/50][iter_time:92.79]
2023-11-08 16:50:32.547 | INFO     | fish:train:171 - [iter:39/50][code_length:64][mAP:0.57485][mAP_all:0.53665][best_mAP:0.57633]
2023-11-08 16:50:32.548 | INFO     | fish:train:172 - [iter:39/50][code_length:64][zs_mAP:0.79196][zs_mAP_all:0.57531]
2023-11-08 16:51:03.770 | INFO     | fish:train:90 - [epoch:1/3][loss:4.0024]
2023-11-08 16:51:34.964 | INFO     | fish:train:90 - [epoch:2/3][loss:4.0599]
2023-11-08 16:52:05.824 | INFO     | fish:train:90 - [epoch:3/3][loss:3.8484]
2023-11-08 16:52:05.825 | INFO     | fish:train:93 - [iter:40/50][iter_time:93.28]
2023-11-08 16:52:40.312 | INFO     | fish:train:171 - [iter:40/50][code_length:64][mAP:0.57239][mAP_all:0.53312][best_mAP:0.57633]
2023-11-08 16:52:40.313 | INFO     | fish:train:172 - [iter:40/50][code_length:64][zs_mAP:0.79666][zs_mAP_all:0.58497]
2023-11-08 16:53:12.089 | INFO     | fish:train:90 - [epoch:1/3][loss:3.8446]
2023-11-08 16:53:44.241 | INFO     | fish:train:90 - [epoch:2/3][loss:3.9407]
2023-11-08 16:54:15.975 | INFO     | fish:train:90 - [epoch:3/3][loss:3.8691]
2023-11-08 16:54:15.975 | INFO     | fish:train:93 - [iter:41/50][iter_time:95.66]
2023-11-08 16:54:50.189 | INFO     | fish:train:171 - [iter:41/50][code_length:64][mAP:0.57529][mAP_all:0.53591][best_mAP:0.57633]
2023-11-08 16:54:50.190 | INFO     | fish:train:172 - [iter:41/50][code_length:64][zs_mAP:0.80004][zs_mAP_all:0.58695]
2023-11-08 16:55:21.527 | INFO     | fish:train:90 - [epoch:1/3][loss:3.9289]
2023-11-08 16:55:52.420 | INFO     | fish:train:90 - [epoch:2/3][loss:3.8334]
2023-11-08 16:56:23.906 | INFO     | fish:train:90 - [epoch:3/3][loss:3.8733]
2023-11-08 16:56:23.906 | INFO     | fish:train:93 - [iter:42/50][iter_time:93.72]
2023-11-08 16:56:58.282 | INFO     | fish:train:171 - [iter:42/50][code_length:64][mAP:0.57605][mAP_all:0.53758][best_mAP:0.57633]
2023-11-08 16:56:58.282 | INFO     | fish:train:172 - [iter:42/50][code_length:64][zs_mAP:0.79234][zs_mAP_all:0.57462]
2023-11-08 16:57:29.218 | INFO     | fish:train:90 - [epoch:1/3][loss:3.8995]
2023-11-08 16:58:00.286 | INFO     | fish:train:90 - [epoch:2/3][loss:3.9860]
2023-11-08 16:58:31.843 | INFO     | fish:train:90 - [epoch:3/3][loss:3.9916]
2023-11-08 16:58:31.844 | INFO     | fish:train:93 - [iter:43/50][iter_time:93.56]
2023-11-08 16:59:06.134 | INFO     | fish:train:171 - [iter:43/50][code_length:64][mAP:0.57583][mAP_all:0.53417][best_mAP:0.57633]
2023-11-08 16:59:06.135 | INFO     | fish:train:172 - [iter:43/50][code_length:64][zs_mAP:0.80559][zs_mAP_all:0.59890]
2023-11-08 16:59:37.041 | INFO     | fish:train:90 - [epoch:1/3][loss:3.7926]
2023-11-08 17:00:08.886 | INFO     | fish:train:90 - [epoch:2/3][loss:3.9384]
2023-11-08 17:00:39.901 | INFO     | fish:train:90 - [epoch:3/3][loss:3.9248]
2023-11-08 17:00:39.902 | INFO     | fish:train:93 - [iter:44/50][iter_time:93.77]
2023-11-08 17:01:14.047 | INFO     | fish:train:171 - [iter:44/50][code_length:64][mAP:0.57486][mAP_all:0.53622][best_mAP:0.57633]
2023-11-08 17:01:14.047 | INFO     | fish:train:172 - [iter:44/50][code_length:64][zs_mAP:0.79339][zs_mAP_all:0.57507]
2023-11-08 17:01:45.243 | INFO     | fish:train:90 - [epoch:1/3][loss:3.9759]
2023-11-08 17:02:16.384 | INFO     | fish:train:90 - [epoch:2/3][loss:3.9886]
2023-11-08 17:02:47.976 | INFO     | fish:train:90 - [epoch:3/3][loss:3.9969]
2023-11-08 17:02:47.976 | INFO     | fish:train:93 - [iter:45/50][iter_time:93.93]
2023-11-08 17:03:22.408 | INFO     | fish:train:171 - [iter:45/50][code_length:64][mAP:0.57326][mAP_all:0.53460][best_mAP:0.57633]
2023-11-08 17:03:22.409 | INFO     | fish:train:172 - [iter:45/50][code_length:64][zs_mAP:0.80105][zs_mAP_all:0.58205]
2023-11-08 17:03:53.412 | INFO     | fish:train:90 - [epoch:1/3][loss:3.8081]
2023-11-08 17:04:24.452 | INFO     | fish:train:90 - [epoch:2/3][loss:3.8145]
2023-11-08 17:04:56.034 | INFO     | fish:train:90 - [epoch:3/3][loss:3.7702]
2023-11-08 17:04:56.034 | INFO     | fish:train:93 - [iter:46/50][iter_time:93.63]
2023-11-08 17:05:30.627 | INFO     | fish:train:171 - [iter:46/50][code_length:64][mAP:0.58299][mAP_all:0.54201][best_mAP:0.58299]
2023-11-08 17:05:30.627 | INFO     | fish:train:172 - [iter:46/50][code_length:64][zs_mAP:0.81086][zs_mAP_all:0.58406]
2023-11-08 17:06:01.123 | INFO     | fish:train:90 - [epoch:1/3][loss:3.9838]
2023-11-08 17:06:32.209 | INFO     | fish:train:90 - [epoch:2/3][loss:3.9979]
2023-11-08 17:07:03.273 | INFO     | fish:train:90 - [epoch:3/3][loss:4.0897]
2023-11-08 17:07:03.273 | INFO     | fish:train:93 - [iter:47/50][iter_time:92.65]
2023-11-08 17:07:38.006 | INFO     | fish:train:171 - [iter:47/50][code_length:64][mAP:0.57268][mAP_all:0.53321][best_mAP:0.58299]
2023-11-08 17:07:38.007 | INFO     | fish:train:172 - [iter:47/50][code_length:64][zs_mAP:0.78662][zs_mAP_all:0.58254]
2023-11-08 17:08:09.406 | INFO     | fish:train:90 - [epoch:1/3][loss:4.0049]
2023-11-08 17:08:40.358 | INFO     | fish:train:90 - [epoch:2/3][loss:4.0399]
2023-11-08 17:09:11.215 | INFO     | fish:train:90 - [epoch:3/3][loss:3.9739]
2023-11-08 17:09:11.216 | INFO     | fish:train:93 - [iter:48/50][iter_time:93.21]
2023-11-08 17:09:45.172 | INFO     | fish:train:171 - [iter:48/50][code_length:64][mAP:0.57566][mAP_all:0.53685][best_mAP:0.58299]
2023-11-08 17:09:45.173 | INFO     | fish:train:172 - [iter:48/50][code_length:64][zs_mAP:0.79617][zs_mAP_all:0.58164]
2023-11-08 17:10:15.880 | INFO     | fish:train:90 - [epoch:1/3][loss:3.8163]
2023-11-08 17:10:46.706 | INFO     | fish:train:90 - [epoch:2/3][loss:3.8916]
2023-11-08 17:11:17.839 | INFO     | fish:train:90 - [epoch:3/3][loss:3.7660]
2023-11-08 17:11:17.839 | INFO     | fish:train:93 - [iter:49/50][iter_time:92.67]
2023-11-08 17:11:51.769 | INFO     | fish:train:171 - [iter:49/50][code_length:64][mAP:0.57977][mAP_all:0.54027][best_mAP:0.58299]
2023-11-08 17:11:51.769 | INFO     | fish:train:172 - [iter:49/50][code_length:64][zs_mAP:0.80592][zs_mAP_all:0.58341]
2023-11-08 17:12:22.392 | INFO     | fish:train:90 - [epoch:1/3][loss:4.0221]
2023-11-08 17:12:53.190 | INFO     | fish:train:90 - [epoch:2/3][loss:3.9321]
2023-11-08 17:13:24.077 | INFO     | fish:train:90 - [epoch:3/3][loss:3.8831]
2023-11-08 17:13:24.078 | INFO     | fish:train:93 - [iter:50/50][iter_time:92.31]
2023-11-08 17:13:58.606 | INFO     | fish:train:171 - [iter:50/50][code_length:64][mAP:0.57493][mAP_all:0.53587][best_mAP:0.58299]
2023-11-08 17:13:58.606 | INFO     | fish:train:172 - [iter:50/50][code_length:64][zs_mAP:0.79218][zs_mAP_all:0.58481]
2023-11-08 17:13:58.607 | INFO     | fish:train:177 - [Training time:6374.50]
2023-11-08 17:13:58.608 | INFO     | __main__:run:126 - [code_length:64][map:0.5830][map_all:0.5420][zs_map:0.8109][zs_map_all:0.5841]
