2023-11-14 12:27:16.576 | SUCCESS  | __main__:run:50 - Namespace(align_step=50, arch='ortho', batch_size=16, cauchy_gamma=20.0, code_length=[16, 32, 64], dataset='imagenetzs', device=device(type='cuda', index=1), epoch_change=11, gamma=200, gpu=1, info='imagenetzs-15-85-ortho-11-14-16,32,64', lambd=0.1, lambd_ch=0.1, lambd_sp=0.1, lr=0.0001, lr_step=[45], margin=0.1, max_epoch=1, max_iter=50, momen=0.9, nesterov=False, net='ResNet50', num_classes=85, num_query=1000, num_samples=11050, num_workers=2, num_zs=15, optim='SGD', pretrain=True, quan_loss=False, root='/2T/dataset/ImageNet/ILSVRC', save_ckpt='checkpoints/', topk=1000, val_freq=5, wd=0.0005)
2023-11-14 12:32:07.403 | INFO     | ortho:train:225 - [epoch:1/1][loss:3.423666]
2023-11-14 12:32:07.404 | INFO     | ortho:train:228 - [iter:1/50][iter_time:268.27]
2023-11-14 12:36:21.802 | INFO     | ortho:train:225 - [epoch:1/1][loss:2.444724]
2023-11-14 12:36:21.802 | INFO     | ortho:train:228 - [iter:2/50][iter_time:254.40]
2023-11-14 12:39:21.046 | INFO     | ortho:train:225 - [epoch:1/1][loss:2.261973]
2023-11-14 12:39:21.047 | INFO     | ortho:train:228 - [iter:3/50][iter_time:179.24]
2023-11-14 12:42:18.940 | INFO     | ortho:train:225 - [epoch:1/1][loss:2.110377]
2023-11-14 12:42:18.940 | INFO     | ortho:train:228 - [iter:4/50][iter_time:177.89]
2023-11-14 12:44:45.631 | INFO     | ortho:train:225 - [epoch:1/1][loss:2.034576]
2023-11-14 12:44:45.632 | INFO     | ortho:train:228 - [iter:5/50][iter_time:146.69]
2023-11-14 12:54:36.055 | INFO     | ortho:train:299 - [iter:5/50][code_length:16][mAP:0.83131][mAP_all:0.82350][best_mAP:0.83131]
2023-11-14 12:54:36.055 | INFO     | ortho:train:300 - [iter:5/50][code_length:16][zs_mAP:0.45523][zs_mAP_all:0.23681]
2023-11-14 12:59:09.562 | INFO     | ortho:train:225 - [epoch:1/1][loss:1.951595]
2023-11-14 12:59:09.563 | INFO     | ortho:train:228 - [iter:6/50][iter_time:273.51]
2023-11-14 13:02:49.365 | INFO     | ortho:train:225 - [epoch:1/1][loss:1.868406]
2023-11-14 13:02:49.366 | INFO     | ortho:train:228 - [iter:7/50][iter_time:219.80]
2023-11-14 13:05:44.378 | INFO     | ortho:train:225 - [epoch:1/1][loss:1.822360]
2023-11-14 13:05:44.378 | INFO     | ortho:train:228 - [iter:8/50][iter_time:175.01]
2023-11-14 13:08:37.363 | INFO     | ortho:train:225 - [epoch:1/1][loss:1.770753]
2023-11-14 13:08:37.363 | INFO     | ortho:train:228 - [iter:9/50][iter_time:172.98]
2023-11-14 13:11:16.005 | INFO     | ortho:train:225 - [epoch:1/1][loss:1.778132]
2023-11-14 13:11:16.005 | INFO     | ortho:train:228 - [iter:10/50][iter_time:158.64]
2023-11-14 13:21:27.311 | INFO     | ortho:train:299 - [iter:10/50][code_length:16][mAP:0.85694][mAP_all:0.84995][best_mAP:0.85694]
2023-11-14 13:21:27.312 | INFO     | ortho:train:300 - [iter:10/50][code_length:16][zs_mAP:0.43176][zs_mAP_all:0.23334]
2023-11-14 13:25:37.581 | INFO     | ortho:train:225 - [epoch:1/1][loss:1.718191]
2023-11-14 13:25:37.581 | INFO     | ortho:train:228 - [iter:11/50][iter_time:250.27]
2023-11-14 13:28:30.786 | INFO     | ortho:train:225 - [epoch:1/1][loss:1.692124]
2023-11-14 13:28:30.787 | INFO     | ortho:train:228 - [iter:12/50][iter_time:173.21]
2023-11-14 13:31:21.336 | INFO     | ortho:train:225 - [epoch:1/1][loss:1.669275]
2023-11-14 13:31:21.337 | INFO     | ortho:train:228 - [iter:13/50][iter_time:170.55]
2023-11-14 13:34:12.233 | INFO     | ortho:train:225 - [epoch:1/1][loss:1.602323]
2023-11-14 13:34:12.234 | INFO     | ortho:train:228 - [iter:14/50][iter_time:170.90]
2023-11-14 13:37:16.926 | INFO     | ortho:train:225 - [epoch:1/1][loss:1.601965]
2023-11-14 13:37:16.927 | INFO     | ortho:train:228 - [iter:15/50][iter_time:184.69]
2023-11-14 13:47:10.162 | INFO     | ortho:train:299 - [iter:15/50][code_length:16][mAP:0.86325][mAP_all:0.85656][best_mAP:0.86325]
2023-11-14 13:47:10.163 | INFO     | ortho:train:300 - [iter:15/50][code_length:16][zs_mAP:0.44258][zs_mAP_all:0.25654]
2023-11-14 13:50:08.873 | INFO     | ortho:train:225 - [epoch:1/1][loss:1.588348]
2023-11-14 13:50:08.874 | INFO     | ortho:train:228 - [iter:16/50][iter_time:178.71]
2023-11-14 13:52:59.407 | INFO     | ortho:train:225 - [epoch:1/1][loss:1.575191]
2023-11-14 13:52:59.407 | INFO     | ortho:train:228 - [iter:17/50][iter_time:170.53]
2023-11-14 13:55:48.727 | INFO     | ortho:train:225 - [epoch:1/1][loss:1.560767]
2023-11-14 13:55:48.727 | INFO     | ortho:train:228 - [iter:18/50][iter_time:169.32]
2023-11-14 13:58:41.571 | INFO     | ortho:train:225 - [epoch:1/1][loss:1.516989]
2023-11-14 13:58:41.572 | INFO     | ortho:train:228 - [iter:19/50][iter_time:172.84]
2023-11-14 14:03:22.774 | INFO     | ortho:train:225 - [epoch:1/1][loss:1.524222]
2023-11-14 14:03:22.774 | INFO     | ortho:train:228 - [iter:20/50][iter_time:281.20]
2023-11-14 14:13:21.730 | INFO     | ortho:train:299 - [iter:20/50][code_length:16][mAP:0.87216][mAP_all:0.86576][best_mAP:0.87216]
2023-11-14 14:13:21.731 | INFO     | ortho:train:300 - [iter:20/50][code_length:16][zs_mAP:0.41087][zs_mAP_all:0.22715]
2023-11-14 14:16:14.698 | INFO     | ortho:train:225 - [epoch:1/1][loss:1.497186]
2023-11-14 14:16:14.699 | INFO     | ortho:train:228 - [iter:21/50][iter_time:172.97]
2023-11-14 14:19:08.896 | INFO     | ortho:train:225 - [epoch:1/1][loss:1.475116]
2023-11-14 14:19:08.897 | INFO     | ortho:train:228 - [iter:22/50][iter_time:174.20]
2023-11-14 14:22:04.045 | INFO     | ortho:train:225 - [epoch:1/1][loss:1.469542]
2023-11-14 14:22:04.046 | INFO     | ortho:train:228 - [iter:23/50][iter_time:175.15]
2023-11-14 14:26:15.755 | INFO     | ortho:train:225 - [epoch:1/1][loss:1.438469]
2023-11-14 14:26:15.756 | INFO     | ortho:train:228 - [iter:24/50][iter_time:251.71]
2023-11-14 14:31:14.742 | INFO     | ortho:train:225 - [epoch:1/1][loss:1.438694]
2023-11-14 14:31:14.743 | INFO     | ortho:train:228 - [iter:25/50][iter_time:298.99]
2023-11-14 14:40:59.085 | INFO     | ortho:train:299 - [iter:25/50][code_length:16][mAP:0.87220][mAP_all:0.86640][best_mAP:0.87220]
2023-11-14 14:40:59.087 | INFO     | ortho:train:300 - [iter:25/50][code_length:16][zs_mAP:0.42052][zs_mAP_all:0.23721]
2023-11-14 14:43:43.520 | INFO     | ortho:train:225 - [epoch:1/1][loss:1.412099]
2023-11-14 14:43:43.521 | INFO     | ortho:train:228 - [iter:26/50][iter_time:164.43]
2023-11-14 14:46:37.733 | INFO     | ortho:train:225 - [epoch:1/1][loss:1.424281]
2023-11-14 14:46:37.734 | INFO     | ortho:train:228 - [iter:27/50][iter_time:174.21]
2023-11-14 14:50:12.087 | INFO     | ortho:train:225 - [epoch:1/1][loss:1.411804]
2023-11-14 14:50:12.088 | INFO     | ortho:train:228 - [iter:28/50][iter_time:214.35]
2023-11-14 14:54:41.242 | INFO     | ortho:train:225 - [epoch:1/1][loss:1.391865]
2023-11-14 14:54:41.243 | INFO     | ortho:train:228 - [iter:29/50][iter_time:269.16]
2023-11-14 14:59:00.226 | INFO     | ortho:train:225 - [epoch:1/1][loss:1.403596]
2023-11-14 14:59:00.227 | INFO     | ortho:train:228 - [iter:30/50][iter_time:258.98]
2023-11-14 15:09:16.678 | INFO     | ortho:train:299 - [iter:30/50][code_length:16][mAP:0.87110][mAP_all:0.86516][best_mAP:0.87220]
2023-11-14 15:09:16.679 | INFO     | ortho:train:300 - [iter:30/50][code_length:16][zs_mAP:0.40946][zs_mAP_all:0.23284]
2023-11-14 15:11:55.722 | INFO     | ortho:train:225 - [epoch:1/1][loss:1.383780]
2023-11-14 15:11:55.722 | INFO     | ortho:train:228 - [iter:31/50][iter_time:159.04]
2023-11-14 15:14:55.674 | INFO     | ortho:train:225 - [epoch:1/1][loss:1.367762]
2023-11-14 15:14:55.675 | INFO     | ortho:train:228 - [iter:32/50][iter_time:179.95]
2023-11-14 15:18:51.515 | INFO     | ortho:train:225 - [epoch:1/1][loss:1.337943]
2023-11-14 15:18:51.516 | INFO     | ortho:train:228 - [iter:33/50][iter_time:235.84]
2023-11-14 15:22:07.553 | INFO     | ortho:train:225 - [epoch:1/1][loss:1.366486]
2023-11-14 15:22:07.554 | INFO     | ortho:train:228 - [iter:34/50][iter_time:196.04]
2023-11-14 15:24:59.196 | INFO     | ortho:train:225 - [epoch:1/1][loss:1.326662]
2023-11-14 15:24:59.197 | INFO     | ortho:train:228 - [iter:35/50][iter_time:171.64]
2023-11-14 15:34:51.151 | INFO     | ortho:train:299 - [iter:35/50][code_length:16][mAP:0.87753][mAP_all:0.87165][best_mAP:0.87753]
2023-11-14 15:34:51.152 | INFO     | ortho:train:300 - [iter:35/50][code_length:16][zs_mAP:0.39549][zs_mAP_all:0.22437]
2023-11-14 15:37:25.101 | INFO     | ortho:train:225 - [epoch:1/1][loss:1.330022]
2023-11-14 15:37:25.102 | INFO     | ortho:train:228 - [iter:36/50][iter_time:153.95]
2023-11-14 15:47:15.159 | INFO     | ortho:train:299 - [iter:36/50][code_length:16][mAP:0.87227][mAP_all:0.86718][best_mAP:0.87753]
2023-11-14 15:47:15.160 | INFO     | ortho:train:300 - [iter:36/50][code_length:16][zs_mAP:0.41645][zs_mAP_all:0.24612]
2023-11-14 15:49:47.888 | INFO     | ortho:train:225 - [epoch:1/1][loss:1.336331]
2023-11-14 15:49:47.889 | INFO     | ortho:train:228 - [iter:37/50][iter_time:152.73]
2023-11-14 15:59:40.434 | INFO     | ortho:train:299 - [iter:37/50][code_length:16][mAP:0.87365][mAP_all:0.86794][best_mAP:0.87753]
2023-11-14 15:59:40.434 | INFO     | ortho:train:300 - [iter:37/50][code_length:16][zs_mAP:0.41623][zs_mAP_all:0.25750]
2023-11-14 16:02:15.973 | INFO     | ortho:train:225 - [epoch:1/1][loss:1.319111]
2023-11-14 16:02:15.974 | INFO     | ortho:train:228 - [iter:38/50][iter_time:155.54]
2023-11-14 16:12:08.263 | INFO     | ortho:train:299 - [iter:38/50][code_length:16][mAP:0.87196][mAP_all:0.86640][best_mAP:0.87753]
2023-11-14 16:12:08.263 | INFO     | ortho:train:300 - [iter:38/50][code_length:16][zs_mAP:0.41502][zs_mAP_all:0.23893]
2023-11-14 16:14:45.616 | INFO     | ortho:train:225 - [epoch:1/1][loss:1.318321]
2023-11-14 16:14:45.617 | INFO     | ortho:train:228 - [iter:39/50][iter_time:157.35]
2023-11-14 16:24:40.080 | INFO     | ortho:train:299 - [iter:39/50][code_length:16][mAP:0.87331][mAP_all:0.86752][best_mAP:0.87753]
2023-11-14 16:24:40.081 | INFO     | ortho:train:300 - [iter:39/50][code_length:16][zs_mAP:0.41293][zs_mAP_all:0.23975]
2023-11-14 16:27:20.371 | INFO     | ortho:train:225 - [epoch:1/1][loss:1.285827]
2023-11-14 16:27:20.372 | INFO     | ortho:train:228 - [iter:40/50][iter_time:160.29]
2023-11-14 16:37:16.683 | INFO     | ortho:train:299 - [iter:40/50][code_length:16][mAP:0.87318][mAP_all:0.86786][best_mAP:0.87753]
2023-11-14 16:37:16.683 | INFO     | ortho:train:300 - [iter:40/50][code_length:16][zs_mAP:0.41389][zs_mAP_all:0.25106]
2023-11-14 16:40:06.229 | INFO     | ortho:train:225 - [epoch:1/1][loss:1.284694]
2023-11-14 16:40:06.230 | INFO     | ortho:train:228 - [iter:41/50][iter_time:169.55]
2023-11-14 16:50:04.774 | INFO     | ortho:train:299 - [iter:41/50][code_length:16][mAP:0.87548][mAP_all:0.87093][best_mAP:0.87753]
2023-11-14 16:50:04.775 | INFO     | ortho:train:300 - [iter:41/50][code_length:16][zs_mAP:0.39005][zs_mAP_all:0.22670]
2023-11-14 16:52:57.730 | INFO     | ortho:train:225 - [epoch:1/1][loss:1.272386]
2023-11-14 16:52:57.730 | INFO     | ortho:train:228 - [iter:42/50][iter_time:172.96]
2023-11-14 17:02:53.975 | INFO     | ortho:train:299 - [iter:42/50][code_length:16][mAP:0.87063][mAP_all:0.86554][best_mAP:0.87753]
2023-11-14 17:02:53.976 | INFO     | ortho:train:300 - [iter:42/50][code_length:16][zs_mAP:0.40579][zs_mAP_all:0.23060]
2023-11-14 17:05:48.963 | INFO     | ortho:train:225 - [epoch:1/1][loss:1.285094]
2023-11-14 17:05:48.963 | INFO     | ortho:train:228 - [iter:43/50][iter_time:174.99]
2023-11-14 17:15:40.450 | INFO     | ortho:train:299 - [iter:43/50][code_length:16][mAP:0.87238][mAP_all:0.86773][best_mAP:0.87753]
2023-11-14 17:15:40.450 | INFO     | ortho:train:300 - [iter:43/50][code_length:16][zs_mAP:0.40868][zs_mAP_all:0.24493]
2023-11-14 17:18:31.017 | INFO     | ortho:train:225 - [epoch:1/1][loss:1.278042]
2023-11-14 17:18:31.017 | INFO     | ortho:train:228 - [iter:44/50][iter_time:170.57]
2023-11-14 17:28:25.647 | INFO     | ortho:train:299 - [iter:44/50][code_length:16][mAP:0.87311][mAP_all:0.86843][best_mAP:0.87753]
2023-11-14 17:28:25.647 | INFO     | ortho:train:300 - [iter:44/50][code_length:16][zs_mAP:0.39477][zs_mAP_all:0.22028]
2023-11-14 17:31:07.609 | INFO     | ortho:train:225 - [epoch:1/1][loss:1.283941]
2023-11-14 17:31:07.610 | INFO     | ortho:train:228 - [iter:45/50][iter_time:161.96]
2023-11-14 17:41:05.977 | INFO     | ortho:train:299 - [iter:45/50][code_length:16][mAP:0.87824][mAP_all:0.87303][best_mAP:0.87824]
2023-11-14 17:41:05.978 | INFO     | ortho:train:300 - [iter:45/50][code_length:16][zs_mAP:0.40824][zs_mAP_all:0.24331]
2023-11-14 17:43:44.672 | INFO     | ortho:train:225 - [epoch:1/1][loss:1.250381]
2023-11-14 17:43:44.673 | INFO     | ortho:train:228 - [iter:46/50][iter_time:158.69]
2023-11-14 17:53:45.787 | INFO     | ortho:train:299 - [iter:46/50][code_length:16][mAP:0.87872][mAP_all:0.87459][best_mAP:0.87872]
2023-11-14 17:53:45.787 | INFO     | ortho:train:300 - [iter:46/50][code_length:16][zs_mAP:0.40263][zs_mAP_all:0.23424]
2023-11-14 17:56:20.866 | INFO     | ortho:train:225 - [epoch:1/1][loss:1.223718]
2023-11-14 17:56:20.867 | INFO     | ortho:train:228 - [iter:47/50][iter_time:155.08]
2023-11-14 18:06:17.007 | INFO     | ortho:train:299 - [iter:47/50][code_length:16][mAP:0.88144][mAP_all:0.87712][best_mAP:0.88144]
2023-11-14 18:06:17.008 | INFO     | ortho:train:300 - [iter:47/50][code_length:16][zs_mAP:0.42052][zs_mAP_all:0.25383]
2023-11-14 18:08:46.171 | INFO     | ortho:train:225 - [epoch:1/1][loss:1.194769]
2023-11-14 18:08:46.172 | INFO     | ortho:train:228 - [iter:48/50][iter_time:149.16]
2023-11-14 18:18:41.452 | INFO     | ortho:train:299 - [iter:48/50][code_length:16][mAP:0.88086][mAP_all:0.87624][best_mAP:0.88144]
2023-11-14 18:18:41.452 | INFO     | ortho:train:300 - [iter:48/50][code_length:16][zs_mAP:0.41657][zs_mAP_all:0.24681]
2023-11-14 18:21:09.342 | INFO     | ortho:train:225 - [epoch:1/1][loss:1.219247]
2023-11-14 18:21:09.343 | INFO     | ortho:train:228 - [iter:49/50][iter_time:147.89]
2023-11-14 18:31:11.362 | INFO     | ortho:train:299 - [iter:49/50][code_length:16][mAP:0.87873][mAP_all:0.87370][best_mAP:0.88144]
2023-11-14 18:31:11.363 | INFO     | ortho:train:300 - [iter:49/50][code_length:16][zs_mAP:0.40651][zs_mAP_all:0.23343]
2023-11-14 18:35:03.015 | INFO     | ortho:train:225 - [epoch:1/1][loss:1.212292]
2023-11-14 18:35:03.016 | INFO     | ortho:train:228 - [iter:50/50][iter_time:231.65]
2023-11-14 18:44:48.501 | INFO     | ortho:train:299 - [iter:50/50][code_length:16][mAP:0.88172][mAP_all:0.87738][best_mAP:0.88172]
2023-11-14 18:44:48.503 | INFO     | ortho:train:300 - [iter:50/50][code_length:16][zs_mAP:0.41288][zs_mAP_all:0.25103]
2023-11-14 18:44:48.503 | INFO     | ortho:train:302 - [Training time:22629.37]
2023-11-14 18:44:48.514 | INFO     | __main__:run:126 - [code_length:16][map:0.8817][map_all:0.8774][zs_map:0.4129][zs_map_all:0.2510]
2023-11-14 18:49:30.544 | INFO     | ortho:train:225 - [epoch:1/1][loss:3.125618]
2023-11-14 18:49:30.544 | INFO     | ortho:train:228 - [iter:1/50][iter_time:281.29]
2023-11-14 18:54:29.369 | INFO     | ortho:train:225 - [epoch:1/1][loss:2.077665]
2023-11-14 18:54:29.369 | INFO     | ortho:train:228 - [iter:2/50][iter_time:298.82]
2023-11-14 18:59:42.119 | INFO     | ortho:train:225 - [epoch:1/1][loss:1.857728]
2023-11-14 18:59:42.120 | INFO     | ortho:train:228 - [iter:3/50][iter_time:312.75]
2023-11-14 19:05:05.403 | INFO     | ortho:train:225 - [epoch:1/1][loss:1.695586]
2023-11-14 19:05:05.404 | INFO     | ortho:train:228 - [iter:4/50][iter_time:323.28]
2023-11-14 19:07:44.702 | INFO     | ortho:train:225 - [epoch:1/1][loss:1.626797]
2023-11-14 19:07:44.703 | INFO     | ortho:train:228 - [iter:5/50][iter_time:159.30]
2023-11-14 19:17:32.330 | INFO     | ortho:train:299 - [iter:5/50][code_length:32][mAP:0.88538][mAP_all:0.87737][best_mAP:0.88538]
2023-11-14 19:17:32.331 | INFO     | ortho:train:300 - [iter:5/50][code_length:32][zs_mAP:0.62813][zs_mAP_all:0.39644]
2023-11-14 19:22:06.541 | INFO     | ortho:train:225 - [epoch:1/1][loss:1.573432]
2023-11-14 19:22:06.542 | INFO     | ortho:train:228 - [iter:6/50][iter_time:274.21]
2023-11-14 19:26:32.203 | INFO     | ortho:train:225 - [epoch:1/1][loss:1.533247]
2023-11-14 19:26:32.204 | INFO     | ortho:train:228 - [iter:7/50][iter_time:265.66]
2023-11-14 19:31:03.015 | INFO     | ortho:train:225 - [epoch:1/1][loss:1.453254]
2023-11-14 19:31:03.016 | INFO     | ortho:train:228 - [iter:8/50][iter_time:270.81]
2023-11-14 19:35:28.980 | INFO     | ortho:train:225 - [epoch:1/1][loss:1.426017]
2023-11-14 19:35:28.980 | INFO     | ortho:train:228 - [iter:9/50][iter_time:265.96]
2023-11-14 19:38:22.674 | INFO     | ortho:train:225 - [epoch:1/1][loss:1.387982]
2023-11-14 19:38:22.675 | INFO     | ortho:train:228 - [iter:10/50][iter_time:173.69]
2023-11-14 19:48:11.537 | INFO     | ortho:train:299 - [iter:10/50][code_length:32][mAP:0.89459][mAP_all:0.88712][best_mAP:0.89459]
2023-11-14 19:48:11.538 | INFO     | ortho:train:300 - [iter:10/50][code_length:32][zs_mAP:0.59254][zs_mAP_all:0.37035]
2023-11-14 19:52:39.417 | INFO     | ortho:train:225 - [epoch:1/1][loss:1.327043]
2023-11-14 19:52:39.418 | INFO     | ortho:train:228 - [iter:11/50][iter_time:267.88]
2023-11-14 19:57:05.928 | INFO     | ortho:train:225 - [epoch:1/1][loss:1.317414]
2023-11-14 19:57:05.928 | INFO     | ortho:train:228 - [iter:12/50][iter_time:266.51]
2023-11-14 20:01:31.331 | INFO     | ortho:train:225 - [epoch:1/1][loss:1.316296]
2023-11-14 20:01:31.332 | INFO     | ortho:train:228 - [iter:13/50][iter_time:265.40]
2023-11-14 20:05:59.254 | INFO     | ortho:train:225 - [epoch:1/1][loss:1.274773]
2023-11-14 20:05:59.255 | INFO     | ortho:train:228 - [iter:14/50][iter_time:267.92]
2023-11-14 20:09:16.680 | INFO     | ortho:train:225 - [epoch:1/1][loss:1.241471]
2023-11-14 20:09:16.681 | INFO     | ortho:train:228 - [iter:15/50][iter_time:197.43]
2023-11-14 20:19:03.275 | INFO     | ortho:train:299 - [iter:15/50][code_length:32][mAP:0.89864][mAP_all:0.89165][best_mAP:0.89864]
2023-11-14 20:19:03.277 | INFO     | ortho:train:300 - [iter:15/50][code_length:32][zs_mAP:0.55975][zs_mAP_all:0.35485]
2023-11-14 20:23:06.659 | INFO     | ortho:train:225 - [epoch:1/1][loss:1.231619]
2023-11-14 20:23:06.661 | INFO     | ortho:train:228 - [iter:16/50][iter_time:243.38]
2023-11-14 20:27:41.218 | INFO     | ortho:train:225 - [epoch:1/1][loss:1.258535]
2023-11-14 20:27:41.220 | INFO     | ortho:train:228 - [iter:17/50][iter_time:274.56]
2023-11-14 20:32:20.981 | INFO     | ortho:train:225 - [epoch:1/1][loss:1.185841]
2023-11-14 20:32:20.981 | INFO     | ortho:train:228 - [iter:18/50][iter_time:279.76]
2023-11-14 20:36:38.334 | INFO     | ortho:train:225 - [epoch:1/1][loss:1.177497]
2023-11-14 20:36:38.336 | INFO     | ortho:train:228 - [iter:19/50][iter_time:257.35]
2023-11-14 20:39:28.855 | INFO     | ortho:train:225 - [epoch:1/1][loss:1.130907]
2023-11-14 20:39:28.856 | INFO     | ortho:train:228 - [iter:20/50][iter_time:170.52]
2023-11-14 20:49:34.564 | INFO     | ortho:train:299 - [iter:20/50][code_length:32][mAP:0.89837][mAP_all:0.89235][best_mAP:0.89864]
2023-11-14 20:49:34.564 | INFO     | ortho:train:300 - [iter:20/50][code_length:32][zs_mAP:0.54080][zs_mAP_all:0.35710]
2023-11-14 20:53:46.963 | INFO     | ortho:train:225 - [epoch:1/1][loss:1.143301]
2023-11-14 20:53:46.964 | INFO     | ortho:train:228 - [iter:21/50][iter_time:252.40]
2023-11-14 20:58:30.028 | INFO     | ortho:train:225 - [epoch:1/1][loss:1.139290]
2023-11-14 20:58:30.029 | INFO     | ortho:train:228 - [iter:22/50][iter_time:283.06]
2023-11-14 21:03:18.250 | INFO     | ortho:train:225 - [epoch:1/1][loss:1.110952]
2023-11-14 21:03:18.251 | INFO     | ortho:train:228 - [iter:23/50][iter_time:288.22]
2023-11-14 21:07:52.559 | INFO     | ortho:train:225 - [epoch:1/1][loss:1.089182]
2023-11-14 21:07:52.560 | INFO     | ortho:train:228 - [iter:24/50][iter_time:274.31]
2023-11-14 21:10:35.343 | INFO     | ortho:train:225 - [epoch:1/1][loss:1.084446]
2023-11-14 21:10:35.344 | INFO     | ortho:train:228 - [iter:25/50][iter_time:162.78]
2023-11-14 21:20:20.378 | INFO     | ortho:train:299 - [iter:25/50][code_length:32][mAP:0.90269][mAP_all:0.89647][best_mAP:0.90269]
2023-11-14 21:20:20.379 | INFO     | ortho:train:300 - [iter:25/50][code_length:32][zs_mAP:0.54273][zs_mAP_all:0.34569]
2023-11-14 21:24:49.039 | INFO     | ortho:train:225 - [epoch:1/1][loss:1.088195]
2023-11-14 21:24:49.040 | INFO     | ortho:train:228 - [iter:26/50][iter_time:268.66]
2023-11-14 21:29:56.044 | INFO     | ortho:train:225 - [epoch:1/1][loss:1.066592]
2023-11-14 21:29:56.045 | INFO     | ortho:train:228 - [iter:27/50][iter_time:307.00]
2023-11-14 21:34:34.432 | INFO     | ortho:train:225 - [epoch:1/1][loss:1.060940]
2023-11-14 21:34:34.433 | INFO     | ortho:train:228 - [iter:28/50][iter_time:278.39]
2023-11-14 21:38:36.875 | INFO     | ortho:train:225 - [epoch:1/1][loss:1.043981]
2023-11-14 21:38:36.876 | INFO     | ortho:train:228 - [iter:29/50][iter_time:242.44]
2023-11-14 21:41:17.948 | INFO     | ortho:train:225 - [epoch:1/1][loss:1.016480]
2023-11-14 21:41:17.949 | INFO     | ortho:train:228 - [iter:30/50][iter_time:161.07]
2023-11-14 21:51:04.612 | INFO     | ortho:train:299 - [iter:30/50][code_length:32][mAP:0.90005][mAP_all:0.89395][best_mAP:0.90269]
2023-11-14 21:51:04.613 | INFO     | ortho:train:300 - [iter:30/50][code_length:32][zs_mAP:0.54379][zs_mAP_all:0.35774]
2023-11-14 21:55:18.578 | INFO     | ortho:train:225 - [epoch:1/1][loss:1.049935]
2023-11-14 21:55:18.579 | INFO     | ortho:train:228 - [iter:31/50][iter_time:253.97]
2023-11-14 21:57:54.824 | INFO     | ortho:train:225 - [epoch:1/1][loss:1.008915]
2023-11-14 21:57:54.825 | INFO     | ortho:train:228 - [iter:32/50][iter_time:156.25]
2023-11-14 22:00:41.751 | INFO     | ortho:train:225 - [epoch:1/1][loss:1.003320]
2023-11-14 22:00:41.751 | INFO     | ortho:train:228 - [iter:33/50][iter_time:166.93]
2023-11-14 22:03:13.287 | INFO     | ortho:train:225 - [epoch:1/1][loss:0.994806]
2023-11-14 22:03:13.288 | INFO     | ortho:train:228 - [iter:34/50][iter_time:151.54]
2023-11-14 22:05:21.572 | INFO     | ortho:train:225 - [epoch:1/1][loss:0.992653]
2023-11-14 22:05:21.573 | INFO     | ortho:train:228 - [iter:35/50][iter_time:128.29]
2023-11-14 22:15:07.935 | INFO     | ortho:train:299 - [iter:35/50][code_length:32][mAP:0.89924][mAP_all:0.89431][best_mAP:0.90269]
2023-11-14 22:15:07.935 | INFO     | ortho:train:300 - [iter:35/50][code_length:32][zs_mAP:0.53582][zs_mAP_all:0.35597]
2023-11-14 22:17:14.064 | INFO     | ortho:train:225 - [epoch:1/1][loss:0.996764]
2023-11-14 22:17:14.064 | INFO     | ortho:train:228 - [iter:36/50][iter_time:126.13]
2023-11-14 22:27:08.112 | INFO     | ortho:train:299 - [iter:36/50][code_length:32][mAP:0.90079][mAP_all:0.89539][best_mAP:0.90269]
2023-11-14 22:27:08.113 | INFO     | ortho:train:300 - [iter:36/50][code_length:32][zs_mAP:0.52522][zs_mAP_all:0.35282]
2023-11-14 22:29:16.255 | INFO     | ortho:train:225 - [epoch:1/1][loss:0.996515]
2023-11-14 22:29:16.256 | INFO     | ortho:train:228 - [iter:37/50][iter_time:128.14]
2023-11-14 22:39:05.840 | INFO     | ortho:train:299 - [iter:37/50][code_length:32][mAP:0.90235][mAP_all:0.89569][best_mAP:0.90269]
2023-11-14 22:39:05.841 | INFO     | ortho:train:300 - [iter:37/50][code_length:32][zs_mAP:0.52842][zs_mAP_all:0.35170]
2023-11-14 22:41:12.882 | INFO     | ortho:train:225 - [epoch:1/1][loss:0.962500]
2023-11-14 22:41:12.883 | INFO     | ortho:train:228 - [iter:38/50][iter_time:127.04]
2023-11-14 22:50:58.062 | INFO     | ortho:train:299 - [iter:38/50][code_length:32][mAP:0.89925][mAP_all:0.89356][best_mAP:0.90269]
2023-11-14 22:50:58.062 | INFO     | ortho:train:300 - [iter:38/50][code_length:32][zs_mAP:0.52960][zs_mAP_all:0.35583]
2023-11-14 22:53:08.127 | INFO     | ortho:train:225 - [epoch:1/1][loss:0.967788]
2023-11-14 22:53:08.128 | INFO     | ortho:train:228 - [iter:39/50][iter_time:130.07]
2023-11-14 23:02:56.720 | INFO     | ortho:train:299 - [iter:39/50][code_length:32][mAP:0.90125][mAP_all:0.89563][best_mAP:0.90269]
2023-11-14 23:02:56.721 | INFO     | ortho:train:300 - [iter:39/50][code_length:32][zs_mAP:0.52419][zs_mAP_all:0.36272]
2023-11-14 23:05:11.126 | INFO     | ortho:train:225 - [epoch:1/1][loss:0.946609]
2023-11-14 23:05:11.127 | INFO     | ortho:train:228 - [iter:40/50][iter_time:134.41]
2023-11-14 23:15:00.335 | INFO     | ortho:train:299 - [iter:40/50][code_length:32][mAP:0.89982][mAP_all:0.89373][best_mAP:0.90269]
2023-11-14 23:15:00.335 | INFO     | ortho:train:300 - [iter:40/50][code_length:32][zs_mAP:0.51272][zs_mAP_all:0.33832]
2023-11-14 23:17:12.469 | INFO     | ortho:train:225 - [epoch:1/1][loss:0.946239]
2023-11-14 23:17:12.470 | INFO     | ortho:train:228 - [iter:41/50][iter_time:132.13]
2023-11-14 23:26:58.608 | INFO     | ortho:train:299 - [iter:41/50][code_length:32][mAP:0.90089][mAP_all:0.89506][best_mAP:0.90269]
2023-11-14 23:26:58.609 | INFO     | ortho:train:300 - [iter:41/50][code_length:32][zs_mAP:0.50413][zs_mAP_all:0.32648]
2023-11-14 23:29:13.533 | INFO     | ortho:train:225 - [epoch:1/1][loss:0.919289]
2023-11-14 23:29:13.534 | INFO     | ortho:train:228 - [iter:42/50][iter_time:134.93]
2023-11-14 23:39:04.554 | INFO     | ortho:train:299 - [iter:42/50][code_length:32][mAP:0.89623][mAP_all:0.89136][best_mAP:0.90269]
2023-11-14 23:39:04.554 | INFO     | ortho:train:300 - [iter:42/50][code_length:32][zs_mAP:0.50797][zs_mAP_all:0.33413]
2023-11-14 23:41:22.389 | INFO     | ortho:train:225 - [epoch:1/1][loss:0.928865]
2023-11-14 23:41:22.390 | INFO     | ortho:train:228 - [iter:43/50][iter_time:137.84]
2023-11-14 23:51:10.696 | INFO     | ortho:train:299 - [iter:43/50][code_length:32][mAP:0.89837][mAP_all:0.89276][best_mAP:0.90269]
2023-11-14 23:51:10.697 | INFO     | ortho:train:300 - [iter:43/50][code_length:32][zs_mAP:0.51549][zs_mAP_all:0.34553]
2023-11-14 23:53:35.540 | INFO     | ortho:train:225 - [epoch:1/1][loss:0.944110]
2023-11-14 23:53:35.541 | INFO     | ortho:train:228 - [iter:44/50][iter_time:144.84]
2023-11-15 00:03:18.668 | INFO     | ortho:train:299 - [iter:44/50][code_length:32][mAP:0.89900][mAP_all:0.89408][best_mAP:0.90269]
2023-11-15 00:03:18.669 | INFO     | ortho:train:300 - [iter:44/50][code_length:32][zs_mAP:0.50906][zs_mAP_all:0.33363]
2023-11-15 00:05:44.799 | INFO     | ortho:train:225 - [epoch:1/1][loss:0.947713]
2023-11-15 00:05:44.800 | INFO     | ortho:train:228 - [iter:45/50][iter_time:146.13]
2023-11-15 00:15:27.547 | INFO     | ortho:train:299 - [iter:45/50][code_length:32][mAP:0.90072][mAP_all:0.89551][best_mAP:0.90269]
2023-11-15 00:15:27.548 | INFO     | ortho:train:300 - [iter:45/50][code_length:32][zs_mAP:0.52217][zs_mAP_all:0.34765]
2023-11-15 00:17:57.050 | INFO     | ortho:train:225 - [epoch:1/1][loss:0.884603]
2023-11-15 00:17:57.051 | INFO     | ortho:train:228 - [iter:46/50][iter_time:149.50]
2023-11-15 00:27:42.024 | INFO     | ortho:train:299 - [iter:46/50][code_length:32][mAP:0.89920][mAP_all:0.89390][best_mAP:0.90269]
2023-11-15 00:27:42.025 | INFO     | ortho:train:300 - [iter:46/50][code_length:32][zs_mAP:0.51742][zs_mAP_all:0.34538]
2023-11-15 00:30:19.523 | INFO     | ortho:train:225 - [epoch:1/1][loss:0.892530]
2023-11-15 00:30:19.523 | INFO     | ortho:train:228 - [iter:47/50][iter_time:157.50]
2023-11-15 00:40:04.294 | INFO     | ortho:train:299 - [iter:47/50][code_length:32][mAP:0.90089][mAP_all:0.89578][best_mAP:0.90269]
2023-11-15 00:40:04.294 | INFO     | ortho:train:300 - [iter:47/50][code_length:32][zs_mAP:0.50941][zs_mAP_all:0.33835]
2023-11-15 00:42:56.660 | INFO     | ortho:train:225 - [epoch:1/1][loss:0.878571]
2023-11-15 00:42:56.660 | INFO     | ortho:train:228 - [iter:48/50][iter_time:172.37]
2023-11-15 00:52:43.352 | INFO     | ortho:train:299 - [iter:48/50][code_length:32][mAP:0.90286][mAP_all:0.89831][best_mAP:0.90286]
2023-11-15 00:52:43.353 | INFO     | ortho:train:300 - [iter:48/50][code_length:32][zs_mAP:0.51297][zs_mAP_all:0.34613]
2023-11-15 00:55:26.447 | INFO     | ortho:train:225 - [epoch:1/1][loss:0.872565]
2023-11-15 00:55:26.447 | INFO     | ortho:train:228 - [iter:49/50][iter_time:163.09]
2023-11-15 01:05:18.381 | INFO     | ortho:train:299 - [iter:49/50][code_length:32][mAP:0.90230][mAP_all:0.89763][best_mAP:0.90286]
2023-11-15 01:05:18.382 | INFO     | ortho:train:300 - [iter:49/50][code_length:32][zs_mAP:0.52029][zs_mAP_all:0.34490]
2023-11-15 01:09:36.699 | INFO     | ortho:train:225 - [epoch:1/1][loss:0.863701]
2023-11-15 01:09:36.699 | INFO     | ortho:train:228 - [iter:50/50][iter_time:258.32]
2023-11-15 01:19:34.610 | INFO     | ortho:train:299 - [iter:50/50][code_length:32][mAP:0.90344][mAP_all:0.89767][best_mAP:0.90344]
2023-11-15 01:19:34.611 | INFO     | ortho:train:300 - [iter:50/50][code_length:32][zs_mAP:0.50669][zs_mAP_all:0.34820]
2023-11-15 01:19:34.611 | INFO     | ortho:train:302 - [Training time:23685.35]
2023-11-15 01:19:34.616 | INFO     | __main__:run:126 - [code_length:32][map:0.9034][map_all:0.8977][zs_map:0.5067][zs_map_all:0.3482]
2023-11-15 01:23:22.526 | INFO     | ortho:train:225 - [epoch:1/1][loss:3.266101]
2023-11-15 01:23:22.527 | INFO     | ortho:train:228 - [iter:1/50][iter_time:227.32]
2023-11-15 01:28:04.155 | INFO     | ortho:train:225 - [epoch:1/1][loss:2.011722]
2023-11-15 01:28:04.155 | INFO     | ortho:train:228 - [iter:2/50][iter_time:281.63]
2023-11-15 01:32:56.294 | INFO     | ortho:train:225 - [epoch:1/1][loss:1.759043]
2023-11-15 01:32:56.295 | INFO     | ortho:train:228 - [iter:3/50][iter_time:292.14]
2023-11-15 01:37:43.869 | INFO     | ortho:train:225 - [epoch:1/1][loss:1.631267]
2023-11-15 01:37:43.870 | INFO     | ortho:train:228 - [iter:4/50][iter_time:287.57]
2023-11-15 01:42:31.826 | INFO     | ortho:train:225 - [epoch:1/1][loss:1.527808]
2023-11-15 01:42:31.827 | INFO     | ortho:train:228 - [iter:5/50][iter_time:287.96]
2023-11-15 01:52:12.733 | INFO     | ortho:train:299 - [iter:5/50][code_length:64][mAP:0.89902][mAP_all:0.89065][best_mAP:0.89902]
2023-11-15 01:52:12.733 | INFO     | ortho:train:300 - [iter:5/50][code_length:64][zs_mAP:0.70249][zs_mAP_all:0.45363]
2023-11-15 01:57:19.063 | INFO     | ortho:train:225 - [epoch:1/1][loss:1.430701]
2023-11-15 01:57:19.064 | INFO     | ortho:train:228 - [iter:6/50][iter_time:306.33]
2023-11-15 02:02:30.666 | INFO     | ortho:train:225 - [epoch:1/1][loss:1.384892]
2023-11-15 02:02:30.667 | INFO     | ortho:train:228 - [iter:7/50][iter_time:311.60]
2023-11-15 02:07:44.980 | INFO     | ortho:train:225 - [epoch:1/1][loss:1.336086]
2023-11-15 02:07:44.981 | INFO     | ortho:train:228 - [iter:8/50][iter_time:314.31]
2023-11-15 02:12:50.060 | INFO     | ortho:train:225 - [epoch:1/1][loss:1.292239]
2023-11-15 02:12:50.060 | INFO     | ortho:train:228 - [iter:9/50][iter_time:305.08]
2023-11-15 02:15:26.506 | INFO     | ortho:train:225 - [epoch:1/1][loss:1.269413]
2023-11-15 02:15:26.507 | INFO     | ortho:train:228 - [iter:10/50][iter_time:156.45]
2023-11-15 02:25:34.787 | INFO     | ortho:train:299 - [iter:10/50][code_length:64][mAP:0.90956][mAP_all:0.90196][best_mAP:0.90956]
2023-11-15 02:25:34.788 | INFO     | ortho:train:300 - [iter:10/50][code_length:64][zs_mAP:0.66939][zs_mAP_all:0.44244]
2023-11-15 02:30:15.430 | INFO     | ortho:train:225 - [epoch:1/1][loss:1.227487]
2023-11-15 02:30:15.431 | INFO     | ortho:train:228 - [iter:11/50][iter_time:280.64]
2023-11-15 02:34:52.827 | INFO     | ortho:train:225 - [epoch:1/1][loss:1.203310]
2023-11-15 02:34:52.827 | INFO     | ortho:train:228 - [iter:12/50][iter_time:277.40]
2023-11-15 02:39:27.494 | INFO     | ortho:train:225 - [epoch:1/1][loss:1.176250]
2023-11-15 02:39:27.495 | INFO     | ortho:train:228 - [iter:13/50][iter_time:274.67]
2023-11-15 02:44:17.186 | INFO     | ortho:train:225 - [epoch:1/1][loss:1.145705]
2023-11-15 02:44:17.187 | INFO     | ortho:train:228 - [iter:14/50][iter_time:289.69]
2023-11-15 02:46:43.484 | INFO     | ortho:train:225 - [epoch:1/1][loss:1.131240]
2023-11-15 02:46:43.485 | INFO     | ortho:train:228 - [iter:15/50][iter_time:146.30]
2023-11-15 02:56:45.435 | INFO     | ortho:train:299 - [iter:15/50][code_length:64][mAP:0.90911][mAP_all:0.90276][best_mAP:0.90956]
2023-11-15 02:56:45.436 | INFO     | ortho:train:300 - [iter:15/50][code_length:64][zs_mAP:0.65403][zs_mAP_all:0.43074]
2023-11-15 03:01:11.066 | INFO     | ortho:train:225 - [epoch:1/1][loss:1.103658]
2023-11-15 03:01:11.067 | INFO     | ortho:train:228 - [iter:16/50][iter_time:265.63]
2023-11-15 03:05:36.271 | INFO     | ortho:train:225 - [epoch:1/1][loss:1.089862]
2023-11-15 03:05:36.273 | INFO     | ortho:train:228 - [iter:17/50][iter_time:265.21]
2023-11-15 03:09:56.600 | INFO     | ortho:train:225 - [epoch:1/1][loss:1.051900]
2023-11-15 03:09:56.601 | INFO     | ortho:train:228 - [iter:18/50][iter_time:260.33]
2023-11-15 03:14:34.887 | INFO     | ortho:train:225 - [epoch:1/1][loss:1.040830]
2023-11-15 03:14:34.889 | INFO     | ortho:train:228 - [iter:19/50][iter_time:278.29]
2023-11-15 03:17:46.875 | INFO     | ortho:train:225 - [epoch:1/1][loss:1.000253]
2023-11-15 03:17:46.876 | INFO     | ortho:train:228 - [iter:20/50][iter_time:191.99]
2023-11-15 03:27:54.293 | INFO     | ortho:train:299 - [iter:20/50][code_length:64][mAP:0.91262][mAP_all:0.90643][best_mAP:0.91262]
2023-11-15 03:27:54.294 | INFO     | ortho:train:300 - [iter:20/50][code_length:64][zs_mAP:0.63873][zs_mAP_all:0.43377]
2023-11-15 03:32:15.912 | INFO     | ortho:train:225 - [epoch:1/1][loss:1.035096]
2023-11-15 03:32:15.913 | INFO     | ortho:train:228 - [iter:21/50][iter_time:261.62]
2023-11-15 03:36:54.608 | INFO     | ortho:train:225 - [epoch:1/1][loss:0.986399]
2023-11-15 03:36:54.609 | INFO     | ortho:train:228 - [iter:22/50][iter_time:278.70]
2023-11-15 03:41:38.041 | INFO     | ortho:train:225 - [epoch:1/1][loss:0.989208]
2023-11-15 03:41:38.042 | INFO     | ortho:train:228 - [iter:23/50][iter_time:283.43]
2023-11-15 03:46:46.099 | INFO     | ortho:train:225 - [epoch:1/1][loss:0.978112]
2023-11-15 03:46:46.100 | INFO     | ortho:train:228 - [iter:24/50][iter_time:308.06]
2023-11-15 03:49:31.339 | INFO     | ortho:train:225 - [epoch:1/1][loss:0.976530]
2023-11-15 03:49:31.340 | INFO     | ortho:train:228 - [iter:25/50][iter_time:165.24]
2023-11-15 03:59:20.839 | INFO     | ortho:train:299 - [iter:25/50][code_length:64][mAP:0.91289][mAP_all:0.90765][best_mAP:0.91289]
2023-11-15 03:59:20.840 | INFO     | ortho:train:300 - [iter:25/50][code_length:64][zs_mAP:0.62696][zs_mAP_all:0.42883]
2023-11-15 04:04:16.095 | INFO     | ortho:train:225 - [epoch:1/1][loss:0.939338]
2023-11-15 04:04:16.095 | INFO     | ortho:train:228 - [iter:26/50][iter_time:295.26]
2023-11-15 04:09:31.928 | INFO     | ortho:train:225 - [epoch:1/1][loss:0.921023]
2023-11-15 04:09:31.928 | INFO     | ortho:train:228 - [iter:27/50][iter_time:315.83]
2023-11-15 04:14:30.627 | INFO     | ortho:train:225 - [epoch:1/1][loss:0.932692]
2023-11-15 04:14:30.628 | INFO     | ortho:train:228 - [iter:28/50][iter_time:298.70]
2023-11-15 04:18:43.858 | INFO     | ortho:train:225 - [epoch:1/1][loss:0.916480]
2023-11-15 04:18:43.858 | INFO     | ortho:train:228 - [iter:29/50][iter_time:253.23]
2023-11-15 04:20:53.976 | INFO     | ortho:train:225 - [epoch:1/1][loss:0.924050]
2023-11-15 04:20:53.977 | INFO     | ortho:train:228 - [iter:30/50][iter_time:130.12]
2023-11-15 04:30:49.870 | INFO     | ortho:train:299 - [iter:30/50][code_length:64][mAP:0.91468][mAP_all:0.90897][best_mAP:0.91468]
2023-11-15 04:30:49.871 | INFO     | ortho:train:300 - [iter:30/50][code_length:64][zs_mAP:0.59936][zs_mAP_all:0.40446]
2023-11-15 04:33:56.598 | INFO     | ortho:train:225 - [epoch:1/1][loss:0.922114]
2023-11-15 04:33:56.599 | INFO     | ortho:train:228 - [iter:31/50][iter_time:186.73]
2023-11-15 04:36:48.105 | INFO     | ortho:train:225 - [epoch:1/1][loss:0.883196]
2023-11-15 04:36:48.106 | INFO     | ortho:train:228 - [iter:32/50][iter_time:171.51]
2023-11-15 04:39:38.376 | INFO     | ortho:train:225 - [epoch:1/1][loss:0.906172]
2023-11-15 04:39:38.376 | INFO     | ortho:train:228 - [iter:33/50][iter_time:170.27]
2023-11-15 04:42:32.196 | INFO     | ortho:train:225 - [epoch:1/1][loss:0.873626]
2023-11-15 04:42:32.196 | INFO     | ortho:train:228 - [iter:34/50][iter_time:173.82]
2023-11-15 04:45:26.079 | INFO     | ortho:train:225 - [epoch:1/1][loss:0.886007]
2023-11-15 04:45:26.080 | INFO     | ortho:train:228 - [iter:35/50][iter_time:173.88]
2023-11-15 04:55:10.501 | INFO     | ortho:train:299 - [iter:35/50][code_length:64][mAP:0.90984][mAP_all:0.90520][best_mAP:0.91468]
2023-11-15 04:55:10.501 | INFO     | ortho:train:300 - [iter:35/50][code_length:64][zs_mAP:0.60740][zs_mAP_all:0.42875]
2023-11-15 04:57:52.481 | INFO     | ortho:train:225 - [epoch:1/1][loss:0.869090]
2023-11-15 04:57:52.482 | INFO     | ortho:train:228 - [iter:36/50][iter_time:161.98]
2023-11-15 05:07:33.402 | INFO     | ortho:train:299 - [iter:36/50][code_length:64][mAP:0.90979][mAP_all:0.90429][best_mAP:0.91468]
2023-11-15 05:07:33.403 | INFO     | ortho:train:300 - [iter:36/50][code_length:64][zs_mAP:0.60509][zs_mAP_all:0.42465]
2023-11-15 05:09:59.676 | INFO     | ortho:train:225 - [epoch:1/1][loss:0.860940]
2023-11-15 05:09:59.677 | INFO     | ortho:train:228 - [iter:37/50][iter_time:146.27]
2023-11-15 05:19:43.271 | INFO     | ortho:train:299 - [iter:37/50][code_length:64][mAP:0.91002][mAP_all:0.90489][best_mAP:0.91468]
2023-11-15 05:19:43.272 | INFO     | ortho:train:300 - [iter:37/50][code_length:64][zs_mAP:0.60429][zs_mAP_all:0.42696]
2023-11-15 05:22:12.227 | INFO     | ortho:train:225 - [epoch:1/1][loss:0.835577]
2023-11-15 05:22:12.228 | INFO     | ortho:train:228 - [iter:38/50][iter_time:148.96]
2023-11-15 05:31:53.057 | INFO     | ortho:train:299 - [iter:38/50][code_length:64][mAP:0.90955][mAP_all:0.90437][best_mAP:0.91468]
2023-11-15 05:31:53.058 | INFO     | ortho:train:300 - [iter:38/50][code_length:64][zs_mAP:0.59918][zs_mAP_all:0.41893]
2023-11-15 05:34:23.936 | INFO     | ortho:train:225 - [epoch:1/1][loss:0.832171]
2023-11-15 05:34:23.936 | INFO     | ortho:train:228 - [iter:39/50][iter_time:150.88]
2023-11-15 05:44:07.428 | INFO     | ortho:train:299 - [iter:39/50][code_length:64][mAP:0.90727][mAP_all:0.90231][best_mAP:0.91468]
2023-11-15 05:44:07.429 | INFO     | ortho:train:300 - [iter:39/50][code_length:64][zs_mAP:0.58763][zs_mAP_all:0.40403]
2023-11-15 05:46:41.859 | INFO     | ortho:train:225 - [epoch:1/1][loss:0.846752]
2023-11-15 05:46:41.860 | INFO     | ortho:train:228 - [iter:40/50][iter_time:154.43]
2023-11-15 05:56:24.304 | INFO     | ortho:train:299 - [iter:40/50][code_length:64][mAP:0.91043][mAP_all:0.90575][best_mAP:0.91468]
2023-11-15 05:56:24.304 | INFO     | ortho:train:300 - [iter:40/50][code_length:64][zs_mAP:0.58171][zs_mAP_all:0.40340]
2023-11-15 05:59:03.347 | INFO     | ortho:train:225 - [epoch:1/1][loss:0.840201]
2023-11-15 05:59:03.348 | INFO     | ortho:train:228 - [iter:41/50][iter_time:159.04]
2023-11-15 06:08:49.157 | INFO     | ortho:train:299 - [iter:41/50][code_length:64][mAP:0.91022][mAP_all:0.90479][best_mAP:0.91468]
2023-11-15 06:08:49.157 | INFO     | ortho:train:300 - [iter:41/50][code_length:64][zs_mAP:0.58766][zs_mAP_all:0.41021]
2023-11-15 06:11:26.378 | INFO     | ortho:train:225 - [epoch:1/1][loss:0.855307]
2023-11-15 06:11:26.379 | INFO     | ortho:train:228 - [iter:42/50][iter_time:157.22]
2023-11-15 06:21:09.500 | INFO     | ortho:train:299 - [iter:42/50][code_length:64][mAP:0.91176][mAP_all:0.90731][best_mAP:0.91468]
2023-11-15 06:21:09.501 | INFO     | ortho:train:300 - [iter:42/50][code_length:64][zs_mAP:0.57327][zs_mAP_all:0.40822]
2023-11-15 06:23:51.720 | INFO     | ortho:train:225 - [epoch:1/1][loss:0.811776]
2023-11-15 06:23:51.721 | INFO     | ortho:train:228 - [iter:43/50][iter_time:162.22]
2023-11-15 06:33:33.998 | INFO     | ortho:train:299 - [iter:43/50][code_length:64][mAP:0.90749][mAP_all:0.90299][best_mAP:0.91468]
2023-11-15 06:33:33.998 | INFO     | ortho:train:300 - [iter:43/50][code_length:64][zs_mAP:0.57630][zs_mAP_all:0.40625]
2023-11-15 06:36:22.140 | INFO     | ortho:train:225 - [epoch:1/1][loss:0.823426]
2023-11-15 06:36:22.141 | INFO     | ortho:train:228 - [iter:44/50][iter_time:168.14]
2023-11-15 06:46:01.777 | INFO     | ortho:train:299 - [iter:44/50][code_length:64][mAP:0.90511][mAP_all:0.90078][best_mAP:0.91468]
2023-11-15 06:46:01.778 | INFO     | ortho:train:300 - [iter:44/50][code_length:64][zs_mAP:0.57462][zs_mAP_all:0.40454]
2023-11-15 06:48:50.210 | INFO     | ortho:train:225 - [epoch:1/1][loss:0.803084]
2023-11-15 06:48:50.211 | INFO     | ortho:train:228 - [iter:45/50][iter_time:168.43]
2023-11-15 06:58:34.878 | INFO     | ortho:train:299 - [iter:45/50][code_length:64][mAP:0.90888][mAP_all:0.90396][best_mAP:0.91468]
2023-11-15 06:58:34.878 | INFO     | ortho:train:300 - [iter:45/50][code_length:64][zs_mAP:0.57366][zs_mAP_all:0.39609]
2023-11-15 07:01:19.450 | INFO     | ortho:train:225 - [epoch:1/1][loss:0.797349]
2023-11-15 07:01:19.451 | INFO     | ortho:train:228 - [iter:46/50][iter_time:164.57]
2023-11-15 07:11:28.011 | INFO     | ortho:train:299 - [iter:46/50][code_length:64][mAP:0.91153][mAP_all:0.90717][best_mAP:0.91468]
2023-11-15 07:11:28.012 | INFO     | ortho:train:300 - [iter:46/50][code_length:64][zs_mAP:0.57561][zs_mAP_all:0.41037]
2023-11-15 07:20:28.158 | INFO     | ortho:train:225 - [epoch:1/1][loss:0.785577]
2023-11-15 07:20:28.159 | INFO     | ortho:train:228 - [iter:47/50][iter_time:540.15]
2023-11-15 07:30:46.375 | INFO     | ortho:train:299 - [iter:47/50][code_length:64][mAP:0.90977][mAP_all:0.90508][best_mAP:0.91468]
2023-11-15 07:30:46.376 | INFO     | ortho:train:300 - [iter:47/50][code_length:64][zs_mAP:0.58255][zs_mAP_all:0.41702]
2023-11-15 07:36:57.465 | INFO     | ortho:train:225 - [epoch:1/1][loss:0.786828]
2023-11-15 07:36:57.465 | INFO     | ortho:train:228 - [iter:48/50][iter_time:371.09]
2023-11-15 07:47:50.230 | INFO     | ortho:train:299 - [iter:48/50][code_length:64][mAP:0.91082][mAP_all:0.90544][best_mAP:0.91468]
2023-11-15 07:47:50.230 | INFO     | ortho:train:300 - [iter:48/50][code_length:64][zs_mAP:0.58253][zs_mAP_all:0.40199]
2023-11-15 07:52:26.788 | INFO     | ortho:train:225 - [epoch:1/1][loss:0.766094]
2023-11-15 07:52:26.789 | INFO     | ortho:train:228 - [iter:49/50][iter_time:276.56]
2023-11-15 08:02:18.049 | INFO     | ortho:train:299 - [iter:49/50][code_length:64][mAP:0.91189][mAP_all:0.90770][best_mAP:0.91468]
2023-11-15 08:02:18.050 | INFO     | ortho:train:300 - [iter:49/50][code_length:64][zs_mAP:0.58549][zs_mAP_all:0.41756]
2023-11-15 08:07:10.831 | INFO     | ortho:train:225 - [epoch:1/1][loss:0.766723]
2023-11-15 08:07:10.832 | INFO     | ortho:train:228 - [iter:50/50][iter_time:292.78]
2023-11-15 08:18:28.601 | INFO     | ortho:train:299 - [iter:50/50][code_length:64][mAP:0.91033][mAP_all:0.90542][best_mAP:0.91468]
2023-11-15 08:18:28.602 | INFO     | ortho:train:300 - [iter:50/50][code_length:64][zs_mAP:0.57308][zs_mAP_all:0.40187]
2023-11-15 08:18:28.602 | INFO     | ortho:train:302 - [Training time:25133.39]
2023-11-15 08:18:28.613 | INFO     | __main__:run:126 - [code_length:64][map:0.9147][map_all:0.9090][zs_map:0.5994][zs_map_all:0.4045]
