2024-08-31 00:18:39.421 | SUCCESS  | __main__:run:55 - Namespace(ZS=5, align_step=50, arch='dcdh', batch_size=16, cauchy_gamma=20.0, code_length=[16, 32, 64], data='flickr25k', dataset='flickr25kzs', device=device(type='cuda', index=0), epoch_change=11, flag='dcdh', gamma=200, gpu=0, info='flickr25kzs-6-32-dcdh-08-31-16,32,64-tanh1', lambd=0.1, lambd_ch=0.1, lambd_sp=0.1, lr=0.0005, lr_step=[45], margin=0.1, max_epoch=3, max_iter=50, momen=0.9, nesterov=False, net='ResNet', num_classes=32, num_query=1000, num_samples=2000, num_workers=2, num_zs=6, optim='SGD', pretrain=True, quan_loss=False, root='/4T/dataset/flickr25k', save_ckpt='checkpoints/', topk=5000, val_freq=5, wd=0.0005)
2024-08-31 00:19:08.043 | INFO     | DCDH:train:167 - [epoch:1/3][loss:3.130950]
2024-08-31 00:19:31.687 | INFO     | DCDH:train:167 - [epoch:2/3][loss:2.660472]
2024-08-31 00:19:55.499 | INFO     | DCDH:train:167 - [epoch:3/3][loss:2.456221]
2024-08-31 00:19:55.500 | INFO     | DCDH:train:170 - [iter:1/50][iter_time:73.55]
2024-08-31 00:20:19.309 | INFO     | DCDH:train:167 - [epoch:1/3][loss:2.669506]
2024-08-31 00:20:43.093 | INFO     | DCDH:train:167 - [epoch:2/3][loss:2.454374]
2024-08-31 00:21:06.138 | INFO     | DCDH:train:167 - [epoch:3/3][loss:2.304315]
2024-08-31 00:21:06.139 | INFO     | DCDH:train:170 - [iter:2/50][iter_time:70.64]
2024-08-31 00:21:29.151 | INFO     | DCDH:train:167 - [epoch:1/3][loss:2.447856]
2024-08-31 00:21:51.995 | INFO     | DCDH:train:167 - [epoch:2/3][loss:2.318825]
2024-08-31 00:22:14.957 | INFO     | DCDH:train:167 - [epoch:3/3][loss:2.157016]
2024-08-31 00:22:14.958 | INFO     | DCDH:train:170 - [iter:3/50][iter_time:68.82]
2024-08-31 00:22:38.173 | INFO     | DCDH:train:167 - [epoch:1/3][loss:2.417206]
2024-08-31 00:23:01.334 | INFO     | DCDH:train:167 - [epoch:2/3][loss:2.247443]
2024-08-31 00:23:22.757 | INFO     | DCDH:train:167 - [epoch:3/3][loss:2.090760]
2024-08-31 00:23:22.758 | INFO     | DCDH:train:170 - [iter:4/50][iter_time:67.80]
2024-08-31 00:23:43.827 | INFO     | DCDH:train:167 - [epoch:1/3][loss:2.262069]
2024-08-31 00:24:05.165 | INFO     | DCDH:train:167 - [epoch:2/3][loss:2.128065]
2024-08-31 00:24:27.928 | INFO     | DCDH:train:167 - [epoch:3/3][loss:2.023278]
2024-08-31 00:24:27.929 | INFO     | DCDH:train:170 - [iter:5/50][iter_time:65.17]
2024-08-31 00:25:54.528 | INFO     | DCDH:train:242 - [iter:5/50][code_length:16][mAP:0.79415][mAP_all:0.82023][best_mAP:0.79415]
2024-08-31 00:25:54.529 | INFO     | DCDH:train:243 - [iter:5/50][code_length:16][zs_mAP:0.43681][zs_mAP_all:0.29571]
2024-08-31 00:26:21.221 | INFO     | DCDH:train:167 - [epoch:1/3][loss:2.261151]
2024-08-31 00:26:47.507 | INFO     | DCDH:train:167 - [epoch:2/3][loss:2.090057]
2024-08-31 00:27:14.903 | INFO     | DCDH:train:167 - [epoch:3/3][loss:1.962647]
2024-08-31 00:27:14.904 | INFO     | DCDH:train:170 - [iter:6/50][iter_time:80.37]
2024-08-31 00:27:45.081 | INFO     | DCDH:train:167 - [epoch:1/3][loss:2.168547]
2024-08-31 00:28:14.801 | INFO     | DCDH:train:167 - [epoch:2/3][loss:2.009582]
2024-08-31 00:28:44.295 | INFO     | DCDH:train:167 - [epoch:3/3][loss:1.909695]
2024-08-31 00:28:44.296 | INFO     | DCDH:train:170 - [iter:7/50][iter_time:89.39]
2024-08-31 00:29:13.641 | INFO     | DCDH:train:167 - [epoch:1/3][loss:2.151243]
2024-08-31 00:29:43.190 | INFO     | DCDH:train:167 - [epoch:2/3][loss:1.966140]
2024-08-31 00:30:13.058 | INFO     | DCDH:train:167 - [epoch:3/3][loss:1.883565]
2024-08-31 00:30:13.058 | INFO     | DCDH:train:170 - [iter:8/50][iter_time:88.76]
2024-08-31 00:30:42.542 | INFO     | DCDH:train:167 - [epoch:1/3][loss:2.128421]
2024-08-31 00:31:12.268 | INFO     | DCDH:train:167 - [epoch:2/3][loss:1.995819]
2024-08-31 00:31:40.341 | INFO     | DCDH:train:167 - [epoch:3/3][loss:1.867040]
2024-08-31 00:31:40.341 | INFO     | DCDH:train:170 - [iter:9/50][iter_time:87.28]
2024-08-31 00:32:06.616 | INFO     | DCDH:train:167 - [epoch:1/3][loss:2.138185]
2024-08-31 00:32:32.868 | INFO     | DCDH:train:167 - [epoch:2/3][loss:1.936228]
2024-08-31 00:32:59.147 | INFO     | DCDH:train:167 - [epoch:3/3][loss:1.846531]
2024-08-31 00:32:59.148 | INFO     | DCDH:train:170 - [iter:10/50][iter_time:78.81]
2024-08-31 00:34:36.844 | INFO     | DCDH:train:242 - [iter:10/50][code_length:16][mAP:0.79376][mAP_all:0.81840][best_mAP:0.79415]
2024-08-31 00:34:36.845 | INFO     | DCDH:train:243 - [iter:10/50][code_length:16][zs_mAP:0.44275][zs_mAP_all:0.32111]
2024-08-31 00:35:06.383 | INFO     | DCDH:train:167 - [epoch:1/3][loss:2.080788]
2024-08-31 00:35:35.763 | INFO     | DCDH:train:167 - [epoch:2/3][loss:1.940563]
2024-08-31 00:36:02.646 | INFO     | DCDH:train:167 - [epoch:3/3][loss:1.838714]
2024-08-31 00:36:02.647 | INFO     | DCDH:train:170 - [iter:11/50][iter_time:85.80]
2024-08-31 00:36:28.568 | INFO     | DCDH:train:167 - [epoch:1/3][loss:2.041598]
2024-08-31 00:36:54.724 | INFO     | DCDH:train:167 - [epoch:2/3][loss:1.908657]
2024-08-31 00:37:20.577 | INFO     | DCDH:train:167 - [epoch:3/3][loss:1.825411]
2024-08-31 00:37:20.578 | INFO     | DCDH:train:170 - [iter:12/50][iter_time:77.93]
2024-08-31 00:37:46.358 | INFO     | DCDH:train:167 - [epoch:1/3][loss:2.080302]
2024-08-31 00:38:12.783 | INFO     | DCDH:train:167 - [epoch:2/3][loss:1.899731]
2024-08-31 00:38:38.623 | INFO     | DCDH:train:167 - [epoch:3/3][loss:1.841914]
2024-08-31 00:38:38.623 | INFO     | DCDH:train:170 - [iter:13/50][iter_time:78.05]
2024-08-31 00:39:04.736 | INFO     | DCDH:train:167 - [epoch:1/3][loss:2.060582]
2024-08-31 00:39:30.565 | INFO     | DCDH:train:167 - [epoch:2/3][loss:1.930852]
2024-08-31 00:39:54.600 | INFO     | DCDH:train:167 - [epoch:3/3][loss:1.828500]
2024-08-31 00:39:54.601 | INFO     | DCDH:train:170 - [iter:14/50][iter_time:75.98]
2024-08-31 00:40:17.316 | INFO     | DCDH:train:167 - [epoch:1/3][loss:2.014573]
2024-08-31 00:40:39.944 | INFO     | DCDH:train:167 - [epoch:2/3][loss:1.856823]
2024-08-31 00:41:02.665 | INFO     | DCDH:train:167 - [epoch:3/3][loss:1.773131]
2024-08-31 00:41:02.667 | INFO     | DCDH:train:170 - [iter:15/50][iter_time:68.07]
2024-08-31 00:42:29.018 | INFO     | DCDH:train:242 - [iter:15/50][code_length:16][mAP:0.79375][mAP_all:0.82052][best_mAP:0.79415]
2024-08-31 00:42:29.019 | INFO     | DCDH:train:243 - [iter:15/50][code_length:16][zs_mAP:0.43550][zs_mAP_all:0.31969]
2024-08-31 00:42:55.670 | INFO     | DCDH:train:167 - [epoch:1/3][loss:1.985189]
2024-08-31 00:43:21.625 | INFO     | DCDH:train:167 - [epoch:2/3][loss:1.875145]
2024-08-31 00:43:48.057 | INFO     | DCDH:train:167 - [epoch:3/3][loss:1.763642]
2024-08-31 00:43:48.058 | INFO     | DCDH:train:170 - [iter:16/50][iter_time:79.04]
2024-08-31 00:44:15.113 | INFO     | DCDH:train:167 - [epoch:1/3][loss:1.953036]
2024-08-31 00:44:44.714 | INFO     | DCDH:train:167 - [epoch:2/3][loss:1.803521]
2024-08-31 00:45:14.281 | INFO     | DCDH:train:167 - [epoch:3/3][loss:1.717903]
2024-08-31 00:45:14.282 | INFO     | DCDH:train:170 - [iter:17/50][iter_time:86.22]
2024-08-31 00:45:43.819 | INFO     | DCDH:train:167 - [epoch:1/3][loss:2.018498]
2024-08-31 00:46:13.160 | INFO     | DCDH:train:167 - [epoch:2/3][loss:1.845465]
2024-08-31 00:46:43.156 | INFO     | DCDH:train:167 - [epoch:3/3][loss:1.762361]
2024-08-31 00:46:43.157 | INFO     | DCDH:train:170 - [iter:18/50][iter_time:88.87]
2024-08-31 00:47:12.252 | INFO     | DCDH:train:167 - [epoch:1/3][loss:1.916631]
2024-08-31 00:47:41.756 | INFO     | DCDH:train:167 - [epoch:2/3][loss:1.819612]
2024-08-31 00:48:09.767 | INFO     | DCDH:train:167 - [epoch:3/3][loss:1.699491]
2024-08-31 00:48:09.770 | INFO     | DCDH:train:170 - [iter:19/50][iter_time:86.61]
2024-08-31 00:48:36.402 | INFO     | DCDH:train:167 - [epoch:1/3][loss:1.955865]
2024-08-31 00:49:02.921 | INFO     | DCDH:train:167 - [epoch:2/3][loss:1.803602]
2024-08-31 00:49:28.975 | INFO     | DCDH:train:167 - [epoch:3/3][loss:1.707174]
2024-08-31 00:49:28.976 | INFO     | DCDH:train:170 - [iter:20/50][iter_time:79.21]
2024-08-31 00:51:07.586 | INFO     | DCDH:train:242 - [iter:20/50][code_length:16][mAP:0.78851][mAP_all:0.81767][best_mAP:0.79415]
2024-08-31 00:51:07.586 | INFO     | DCDH:train:243 - [iter:20/50][code_length:16][zs_mAP:0.43919][zs_mAP_all:0.32085]
2024-08-31 00:51:37.238 | INFO     | DCDH:train:167 - [epoch:1/3][loss:1.895665]
2024-08-31 00:52:07.048 | INFO     | DCDH:train:167 - [epoch:2/3][loss:1.765780]
2024-08-31 00:52:36.105 | INFO     | DCDH:train:167 - [epoch:3/3][loss:1.675289]
2024-08-31 00:52:36.106 | INFO     | DCDH:train:170 - [iter:21/50][iter_time:88.52]
2024-08-31 00:53:02.605 | INFO     | DCDH:train:167 - [epoch:1/3][loss:1.909804]
2024-08-31 00:53:28.699 | INFO     | DCDH:train:167 - [epoch:2/3][loss:1.838589]
2024-08-31 00:53:54.817 | INFO     | DCDH:train:167 - [epoch:3/3][loss:1.711704]
2024-08-31 00:53:54.818 | INFO     | DCDH:train:170 - [iter:22/50][iter_time:78.71]
2024-08-31 00:54:20.776 | INFO     | DCDH:train:167 - [epoch:1/3][loss:1.904129]
2024-08-31 00:54:46.311 | INFO     | DCDH:train:167 - [epoch:2/3][loss:1.752230]
2024-08-31 00:55:12.210 | INFO     | DCDH:train:167 - [epoch:3/3][loss:1.689907]
2024-08-31 00:55:12.210 | INFO     | DCDH:train:170 - [iter:23/50][iter_time:77.39]
2024-08-31 00:55:38.187 | INFO     | DCDH:train:167 - [epoch:1/3][loss:1.958780]
2024-08-31 00:56:04.701 | INFO     | DCDH:train:167 - [epoch:2/3][loss:1.823413]
2024-08-31 00:56:30.188 | INFO     | DCDH:train:167 - [epoch:3/3][loss:1.734882]
2024-08-31 00:56:30.189 | INFO     | DCDH:train:170 - [iter:24/50][iter_time:77.98]
2024-08-31 00:56:52.734 | INFO     | DCDH:train:167 - [epoch:1/3][loss:1.962442]
2024-08-31 00:57:15.255 | INFO     | DCDH:train:167 - [epoch:2/3][loss:1.751548]
2024-08-31 00:57:38.437 | INFO     | DCDH:train:167 - [epoch:3/3][loss:1.702874]
2024-08-31 00:57:38.438 | INFO     | DCDH:train:170 - [iter:25/50][iter_time:68.25]
2024-08-31 00:59:11.924 | INFO     | DCDH:train:242 - [iter:25/50][code_length:16][mAP:0.80019][mAP_all:0.83020][best_mAP:0.80019]
2024-08-31 00:59:11.925 | INFO     | DCDH:train:243 - [iter:25/50][code_length:16][zs_mAP:0.44927][zs_mAP_all:0.33466]
2024-08-31 00:59:38.632 | INFO     | DCDH:train:167 - [epoch:1/3][loss:1.871432]
2024-08-31 01:00:05.207 | INFO     | DCDH:train:167 - [epoch:2/3][loss:1.713938]
2024-08-31 01:00:31.604 | INFO     | DCDH:train:167 - [epoch:3/3][loss:1.649934]
2024-08-31 01:00:31.605 | INFO     | DCDH:train:170 - [iter:26/50][iter_time:79.68]
2024-08-31 01:00:58.007 | INFO     | DCDH:train:167 - [epoch:1/3][loss:1.873954]
2024-08-31 01:01:25.165 | INFO     | DCDH:train:167 - [epoch:2/3][loss:1.749498]
2024-08-31 01:01:54.708 | INFO     | DCDH:train:167 - [epoch:3/3][loss:1.689852]
2024-08-31 01:01:54.708 | INFO     | DCDH:train:170 - [iter:27/50][iter_time:83.10]
2024-08-31 01:02:24.500 | INFO     | DCDH:train:167 - [epoch:1/3][loss:1.840415]
2024-08-31 01:02:54.019 | INFO     | DCDH:train:167 - [epoch:2/3][loss:1.740967]
2024-08-31 01:03:23.510 | INFO     | DCDH:train:167 - [epoch:3/3][loss:1.633014]
2024-08-31 01:03:23.511 | INFO     | DCDH:train:170 - [iter:28/50][iter_time:88.80]
2024-08-31 01:03:53.254 | INFO     | DCDH:train:167 - [epoch:1/3][loss:1.890029]
2024-08-31 01:04:22.767 | INFO     | DCDH:train:167 - [epoch:2/3][loss:1.705399]
2024-08-31 01:04:51.678 | INFO     | DCDH:train:167 - [epoch:3/3][loss:1.597853]
2024-08-31 01:04:51.679 | INFO     | DCDH:train:170 - [iter:29/50][iter_time:88.17]
2024-08-31 01:05:18.016 | INFO     | DCDH:train:167 - [epoch:1/3][loss:1.864655]
2024-08-31 01:05:44.710 | INFO     | DCDH:train:167 - [epoch:2/3][loss:1.744267]
2024-08-31 01:06:12.853 | INFO     | DCDH:train:167 - [epoch:3/3][loss:1.641367]
2024-08-31 01:06:12.854 | INFO     | DCDH:train:170 - [iter:30/50][iter_time:81.17]
2024-08-31 01:07:47.768 | INFO     | DCDH:train:242 - [iter:30/50][code_length:16][mAP:0.79638][mAP_all:0.82180][best_mAP:0.80019]
2024-08-31 01:07:47.769 | INFO     | DCDH:train:243 - [iter:30/50][code_length:16][zs_mAP:0.43108][zs_mAP_all:0.30358]
2024-08-31 01:08:17.353 | INFO     | DCDH:train:167 - [epoch:1/3][loss:1.780690]
2024-08-31 01:08:46.539 | INFO     | DCDH:train:167 - [epoch:2/3][loss:1.673929]
2024-08-31 01:09:16.219 | INFO     | DCDH:train:167 - [epoch:3/3][loss:1.618202]
2024-08-31 01:09:16.221 | INFO     | DCDH:train:170 - [iter:31/50][iter_time:88.45]
2024-08-31 01:09:46.059 | INFO     | DCDH:train:167 - [epoch:1/3][loss:1.857005]
2024-08-31 01:10:13.568 | INFO     | DCDH:train:167 - [epoch:2/3][loss:1.742420]
2024-08-31 01:10:40.462 | INFO     | DCDH:train:167 - [epoch:3/3][loss:1.617297]
2024-08-31 01:10:40.463 | INFO     | DCDH:train:170 - [iter:32/50][iter_time:84.24]
2024-08-31 01:11:07.001 | INFO     | DCDH:train:167 - [epoch:1/3][loss:1.850312]
2024-08-31 01:11:33.330 | INFO     | DCDH:train:167 - [epoch:2/3][loss:1.719515]
2024-08-31 01:11:59.302 | INFO     | DCDH:train:167 - [epoch:3/3][loss:1.615945]
2024-08-31 01:11:59.303 | INFO     | DCDH:train:170 - [iter:33/50][iter_time:78.84]
2024-08-31 01:12:26.191 | INFO     | DCDH:train:167 - [epoch:1/3][loss:1.807817]
2024-08-31 01:12:53.571 | INFO     | DCDH:train:167 - [epoch:2/3][loss:1.632842]
2024-08-31 01:13:19.869 | INFO     | DCDH:train:167 - [epoch:3/3][loss:1.564624]
2024-08-31 01:13:19.870 | INFO     | DCDH:train:170 - [iter:34/50][iter_time:80.57]
2024-08-31 01:13:43.215 | INFO     | DCDH:train:167 - [epoch:1/3][loss:1.777724]
2024-08-31 01:14:05.592 | INFO     | DCDH:train:167 - [epoch:2/3][loss:1.676490]
2024-08-31 01:14:27.310 | INFO     | DCDH:train:167 - [epoch:3/3][loss:1.602697]
2024-08-31 01:14:27.310 | INFO     | DCDH:train:170 - [iter:35/50][iter_time:67.44]
2024-08-31 01:15:53.357 | INFO     | DCDH:train:242 - [iter:35/50][code_length:16][mAP:0.78520][mAP_all:0.81506][best_mAP:0.80019]
2024-08-31 01:15:53.357 | INFO     | DCDH:train:243 - [iter:35/50][code_length:16][zs_mAP:0.43854][zs_mAP_all:0.32342]
2024-08-31 01:16:20.390 | INFO     | DCDH:train:167 - [epoch:1/3][loss:1.823840]
2024-08-31 01:16:47.245 | INFO     | DCDH:train:167 - [epoch:2/3][loss:1.725920]
2024-08-31 01:17:15.651 | INFO     | DCDH:train:167 - [epoch:3/3][loss:1.600790]
2024-08-31 01:17:15.652 | INFO     | DCDH:train:170 - [iter:36/50][iter_time:82.29]
2024-08-31 01:17:43.825 | INFO     | DCDH:train:167 - [epoch:1/3][loss:1.844896]
2024-08-31 01:18:10.966 | INFO     | DCDH:train:167 - [epoch:2/3][loss:1.655838]
2024-08-31 01:18:38.528 | INFO     | DCDH:train:167 - [epoch:3/3][loss:1.604570]
2024-08-31 01:18:38.529 | INFO     | DCDH:train:170 - [iter:37/50][iter_time:82.88]
2024-08-31 01:19:08.225 | INFO     | DCDH:train:167 - [epoch:1/3][loss:1.798467]
2024-08-31 01:19:38.430 | INFO     | DCDH:train:167 - [epoch:2/3][loss:1.673154]
2024-08-31 01:20:08.740 | INFO     | DCDH:train:167 - [epoch:3/3][loss:1.525090]
2024-08-31 01:20:08.741 | INFO     | DCDH:train:170 - [iter:38/50][iter_time:90.21]
2024-08-31 01:20:38.651 | INFO     | DCDH:train:167 - [epoch:1/3][loss:1.791720]
2024-08-31 01:21:08.159 | INFO     | DCDH:train:167 - [epoch:2/3][loss:1.651634]
2024-08-31 01:21:38.324 | INFO     | DCDH:train:167 - [epoch:3/3][loss:1.593665]
2024-08-31 01:21:38.324 | INFO     | DCDH:train:170 - [iter:39/50][iter_time:89.58]
2024-08-31 01:22:06.528 | INFO     | DCDH:train:167 - [epoch:1/3][loss:1.736310]
2024-08-31 01:22:33.186 | INFO     | DCDH:train:167 - [epoch:2/3][loss:1.636593]
2024-08-31 01:23:00.699 | INFO     | DCDH:train:167 - [epoch:3/3][loss:1.530707]
2024-08-31 01:23:00.700 | INFO     | DCDH:train:170 - [iter:40/50][iter_time:82.38]
2024-08-31 01:24:33.560 | INFO     | DCDH:train:242 - [iter:40/50][code_length:16][mAP:0.79474][mAP_all:0.82146][best_mAP:0.80019]
2024-08-31 01:24:33.560 | INFO     | DCDH:train:243 - [iter:40/50][code_length:16][zs_mAP:0.42636][zs_mAP_all:0.32253]
2024-08-31 01:25:03.451 | INFO     | DCDH:train:167 - [epoch:1/3][loss:1.748347]
2024-08-31 01:25:33.969 | INFO     | DCDH:train:167 - [epoch:2/3][loss:1.610574]
2024-08-31 01:26:04.189 | INFO     | DCDH:train:167 - [epoch:3/3][loss:1.561469]
2024-08-31 01:26:04.190 | INFO     | DCDH:train:170 - [iter:41/50][iter_time:90.63]
2024-08-31 01:26:34.216 | INFO     | DCDH:train:167 - [epoch:1/3][loss:1.748097]
2024-08-31 01:27:04.170 | INFO     | DCDH:train:167 - [epoch:2/3][loss:1.656504]
2024-08-31 01:27:33.137 | INFO     | DCDH:train:167 - [epoch:3/3][loss:1.566341]
2024-08-31 01:27:33.138 | INFO     | DCDH:train:170 - [iter:42/50][iter_time:88.95]
2024-08-31 01:28:00.435 | INFO     | DCDH:train:167 - [epoch:1/3][loss:1.743095]
2024-08-31 01:28:27.387 | INFO     | DCDH:train:167 - [epoch:2/3][loss:1.593099]
2024-08-31 01:28:54.233 | INFO     | DCDH:train:167 - [epoch:3/3][loss:1.481146]
2024-08-31 01:28:54.234 | INFO     | DCDH:train:170 - [iter:43/50][iter_time:81.10]
2024-08-31 01:29:21.169 | INFO     | DCDH:train:167 - [epoch:1/3][loss:1.791724]
2024-08-31 01:29:48.274 | INFO     | DCDH:train:167 - [epoch:2/3][loss:1.600190]
2024-08-31 01:30:15.172 | INFO     | DCDH:train:167 - [epoch:3/3][loss:1.535939]
2024-08-31 01:30:15.174 | INFO     | DCDH:train:170 - [iter:44/50][iter_time:80.94]
2024-08-31 01:30:42.764 | INFO     | DCDH:train:167 - [epoch:1/3][loss:1.779388]
2024-08-31 01:31:05.626 | INFO     | DCDH:train:167 - [epoch:2/3][loss:1.607780]
2024-08-31 01:31:28.159 | INFO     | DCDH:train:167 - [epoch:3/3][loss:1.552305]
2024-08-31 01:31:28.160 | INFO     | DCDH:train:170 - [iter:45/50][iter_time:72.99]
2024-08-31 01:32:54.038 | INFO     | DCDH:train:242 - [iter:45/50][code_length:16][mAP:0.78874][mAP_all:0.81547][best_mAP:0.80019]
2024-08-31 01:32:54.038 | INFO     | DCDH:train:243 - [iter:45/50][code_length:16][zs_mAP:0.43111][zs_mAP_all:0.30689]
2024-08-31 01:33:21.088 | INFO     | DCDH:train:167 - [epoch:1/3][loss:1.758731]
2024-08-31 01:33:47.803 | INFO     | DCDH:train:167 - [epoch:2/3][loss:1.729079]
2024-08-31 01:34:15.029 | INFO     | DCDH:train:167 - [epoch:3/3][loss:1.680812]
2024-08-31 01:34:15.030 | INFO     | DCDH:train:170 - [iter:46/50][iter_time:80.99]
2024-08-31 01:35:40.793 | INFO     | DCDH:train:242 - [iter:46/50][code_length:16][mAP:0.79904][mAP_all:0.82434][best_mAP:0.80019]
2024-08-31 01:35:40.794 | INFO     | DCDH:train:243 - [iter:46/50][code_length:16][zs_mAP:0.42864][zs_mAP_all:0.30108]
2024-08-31 01:36:07.638 | INFO     | DCDH:train:167 - [epoch:1/3][loss:1.706437]
2024-08-31 01:36:37.225 | INFO     | DCDH:train:167 - [epoch:2/3][loss:1.651647]
2024-08-31 01:37:07.478 | INFO     | DCDH:train:167 - [epoch:3/3][loss:1.627243]
2024-08-31 01:37:07.479 | INFO     | DCDH:train:170 - [iter:47/50][iter_time:86.69]
2024-08-31 01:38:40.084 | INFO     | DCDH:train:242 - [iter:47/50][code_length:16][mAP:0.79991][mAP_all:0.82639][best_mAP:0.80019]
2024-08-31 01:38:40.085 | INFO     | DCDH:train:243 - [iter:47/50][code_length:16][zs_mAP:0.43354][zs_mAP_all:0.30804]
2024-08-31 01:39:02.753 | INFO     | DCDH:train:167 - [epoch:1/3][loss:1.683744]
2024-08-31 01:39:25.287 | INFO     | DCDH:train:167 - [epoch:2/3][loss:1.637370]
2024-08-31 01:39:47.631 | INFO     | DCDH:train:167 - [epoch:3/3][loss:1.638649]
2024-08-31 01:39:47.632 | INFO     | DCDH:train:170 - [iter:48/50][iter_time:67.55]
2024-08-31 01:41:11.576 | INFO     | DCDH:train:242 - [iter:48/50][code_length:16][mAP:0.79762][mAP_all:0.82380][best_mAP:0.80019]
2024-08-31 01:41:11.577 | INFO     | DCDH:train:243 - [iter:48/50][code_length:16][zs_mAP:0.43246][zs_mAP_all:0.30759]
2024-08-31 01:41:34.009 | INFO     | DCDH:train:167 - [epoch:1/3][loss:1.628963]
2024-08-31 01:41:57.141 | INFO     | DCDH:train:167 - [epoch:2/3][loss:1.608808]
2024-08-31 01:42:20.649 | INFO     | DCDH:train:167 - [epoch:3/3][loss:1.573206]
2024-08-31 01:42:20.649 | INFO     | DCDH:train:170 - [iter:49/50][iter_time:69.07]
2024-08-31 01:43:46.893 | INFO     | DCDH:train:242 - [iter:49/50][code_length:16][mAP:0.80367][mAP_all:0.82848][best_mAP:0.80367]
2024-08-31 01:43:46.894 | INFO     | DCDH:train:243 - [iter:49/50][code_length:16][zs_mAP:0.43455][zs_mAP_all:0.31497]
2024-08-31 01:44:09.556 | INFO     | DCDH:train:167 - [epoch:1/3][loss:1.644043]
2024-08-31 01:44:31.895 | INFO     | DCDH:train:167 - [epoch:2/3][loss:1.665448]
2024-08-31 01:44:54.220 | INFO     | DCDH:train:167 - [epoch:3/3][loss:1.617911]
2024-08-31 01:44:54.221 | INFO     | DCDH:train:170 - [iter:50/50][iter_time:67.33]
2024-08-31 01:46:25.652 | INFO     | DCDH:train:242 - [iter:50/50][code_length:16][mAP:0.80421][mAP_all:0.82959][best_mAP:0.80421]
2024-08-31 01:46:25.653 | INFO     | DCDH:train:243 - [iter:50/50][code_length:16][zs_mAP:0.43940][zs_mAP_all:0.32430]
2024-08-31 01:46:25.653 | INFO     | DCDH:train:246 - [Training time:5263.71]
2024-08-31 01:46:25.655 | INFO     | __main__:run:138 - [code_length:16][map:0.8042][map_all:0.8296][zs_map:0.4394][zs_map_all:0.3243]
2024-08-31 01:46:53.665 | INFO     | DCDH:train:167 - [epoch:1/3][loss:3.516207]
2024-08-31 01:47:20.465 | INFO     | DCDH:train:167 - [epoch:2/3][loss:2.652263]
2024-08-31 01:47:44.984 | INFO     | DCDH:train:167 - [epoch:3/3][loss:2.338060]
2024-08-31 01:47:44.985 | INFO     | DCDH:train:170 - [iter:1/50][iter_time:78.59]
2024-08-31 01:48:08.797 | INFO     | DCDH:train:167 - [epoch:1/3][loss:2.849550]
2024-08-31 01:48:36.343 | INFO     | DCDH:train:167 - [epoch:2/3][loss:2.477901]
2024-08-31 01:49:03.278 | INFO     | DCDH:train:167 - [epoch:3/3][loss:2.281816]
2024-08-31 01:49:03.279 | INFO     | DCDH:train:170 - [iter:2/50][iter_time:78.29]
2024-08-31 01:49:29.824 | INFO     | DCDH:train:167 - [epoch:1/3][loss:2.594914]
2024-08-31 01:49:52.118 | INFO     | DCDH:train:167 - [epoch:2/3][loss:2.307284]
2024-08-31 01:50:14.983 | INFO     | DCDH:train:167 - [epoch:3/3][loss:2.123560]
2024-08-31 01:50:14.983 | INFO     | DCDH:train:170 - [iter:3/50][iter_time:71.70]
2024-08-31 01:50:37.107 | INFO     | DCDH:train:167 - [epoch:1/3][loss:2.481190]
2024-08-31 01:51:00.931 | INFO     | DCDH:train:167 - [epoch:2/3][loss:2.243861]
2024-08-31 01:51:28.057 | INFO     | DCDH:train:167 - [epoch:3/3][loss:2.058119]
2024-08-31 01:51:28.058 | INFO     | DCDH:train:170 - [iter:4/50][iter_time:73.07]
2024-08-31 01:51:55.736 | INFO     | DCDH:train:167 - [epoch:1/3][loss:2.344442]
2024-08-31 01:52:22.364 | INFO     | DCDH:train:167 - [epoch:2/3][loss:2.084646]
2024-08-31 01:52:44.688 | INFO     | DCDH:train:167 - [epoch:3/3][loss:1.970094]
2024-08-31 01:52:44.689 | INFO     | DCDH:train:170 - [iter:5/50][iter_time:76.63]
2024-08-31 01:54:10.236 | INFO     | DCDH:train:242 - [iter:5/50][code_length:32][mAP:0.79603][mAP_all:0.81911][best_mAP:0.79603]
2024-08-31 01:54:10.237 | INFO     | DCDH:train:243 - [iter:5/50][code_length:32][zs_mAP:0.42037][zs_mAP_all:0.27059]
2024-08-31 01:54:37.580 | INFO     | DCDH:train:167 - [epoch:1/3][loss:2.318357]
2024-08-31 01:55:05.667 | INFO     | DCDH:train:167 - [epoch:2/3][loss:2.056890]
2024-08-31 01:55:32.061 | INFO     | DCDH:train:167 - [epoch:3/3][loss:1.981688]
2024-08-31 01:55:32.062 | INFO     | DCDH:train:170 - [iter:6/50][iter_time:81.82]
2024-08-31 01:55:59.301 | INFO     | DCDH:train:167 - [epoch:1/3][loss:2.307241]
2024-08-31 01:56:27.359 | INFO     | DCDH:train:167 - [epoch:2/3][loss:2.097416]
2024-08-31 01:56:57.783 | INFO     | DCDH:train:167 - [epoch:3/3][loss:1.907117]
2024-08-31 01:56:57.784 | INFO     | DCDH:train:170 - [iter:7/50][iter_time:85.72]
2024-08-31 01:57:28.456 | INFO     | DCDH:train:167 - [epoch:1/3][loss:2.244440]
2024-08-31 01:57:58.272 | INFO     | DCDH:train:167 - [epoch:2/3][loss:2.013436]
2024-08-31 01:58:25.804 | INFO     | DCDH:train:167 - [epoch:3/3][loss:1.904012]
2024-08-31 01:58:25.805 | INFO     | DCDH:train:170 - [iter:8/50][iter_time:88.02]
2024-08-31 01:58:54.081 | INFO     | DCDH:train:167 - [epoch:1/3][loss:2.215886]
2024-08-31 01:59:21.676 | INFO     | DCDH:train:167 - [epoch:2/3][loss:1.931928]
2024-08-31 01:59:49.187 | INFO     | DCDH:train:167 - [epoch:3/3][loss:1.835721]
2024-08-31 01:59:49.188 | INFO     | DCDH:train:170 - [iter:9/50][iter_time:83.38]
2024-08-31 02:00:16.256 | INFO     | DCDH:train:167 - [epoch:1/3][loss:2.079797]
2024-08-31 02:00:43.569 | INFO     | DCDH:train:167 - [epoch:2/3][loss:1.843012]
2024-08-31 02:01:05.897 | INFO     | DCDH:train:167 - [epoch:3/3][loss:1.753049]
2024-08-31 02:01:05.897 | INFO     | DCDH:train:170 - [iter:10/50][iter_time:76.71]
2024-08-31 02:02:31.829 | INFO     | DCDH:train:242 - [iter:10/50][code_length:32][mAP:0.80992][mAP_all:0.82950][best_mAP:0.80992]
2024-08-31 02:02:31.830 | INFO     | DCDH:train:243 - [iter:10/50][code_length:32][zs_mAP:0.41783][zs_mAP_all:0.27298]
2024-08-31 02:02:59.546 | INFO     | DCDH:train:167 - [epoch:1/3][loss:2.070375]
2024-08-31 02:03:26.938 | INFO     | DCDH:train:167 - [epoch:2/3][loss:1.873058]
2024-08-31 02:03:54.308 | INFO     | DCDH:train:167 - [epoch:3/3][loss:1.757062]
2024-08-31 02:03:54.309 | INFO     | DCDH:train:170 - [iter:11/50][iter_time:82.48]
2024-08-31 02:04:21.320 | INFO     | DCDH:train:167 - [epoch:1/3][loss:2.062230]
2024-08-31 02:04:48.997 | INFO     | DCDH:train:167 - [epoch:2/3][loss:1.877412]
2024-08-31 02:05:15.928 | INFO     | DCDH:train:167 - [epoch:3/3][loss:1.709863]
2024-08-31 02:05:15.929 | INFO     | DCDH:train:170 - [iter:12/50][iter_time:81.62]
2024-08-31 02:05:41.694 | INFO     | DCDH:train:167 - [epoch:1/3][loss:2.037976]
2024-08-31 02:06:08.394 | INFO     | DCDH:train:167 - [epoch:2/3][loss:1.815448]
2024-08-31 02:06:35.179 | INFO     | DCDH:train:167 - [epoch:3/3][loss:1.727383]
2024-08-31 02:06:35.180 | INFO     | DCDH:train:170 - [iter:13/50][iter_time:79.25]
2024-08-31 02:07:03.664 | INFO     | DCDH:train:167 - [epoch:1/3][loss:1.995977]
2024-08-31 02:07:33.340 | INFO     | DCDH:train:167 - [epoch:2/3][loss:1.783787]
2024-08-31 02:08:03.881 | INFO     | DCDH:train:167 - [epoch:3/3][loss:1.687027]
2024-08-31 02:08:03.882 | INFO     | DCDH:train:170 - [iter:14/50][iter_time:88.70]
2024-08-31 02:08:34.370 | INFO     | DCDH:train:167 - [epoch:1/3][loss:1.990270]
2024-08-31 02:09:01.686 | INFO     | DCDH:train:167 - [epoch:2/3][loss:1.799782]
2024-08-31 02:09:26.183 | INFO     | DCDH:train:167 - [epoch:3/3][loss:1.693815]
2024-08-31 02:09:26.184 | INFO     | DCDH:train:170 - [iter:15/50][iter_time:82.30]
2024-08-31 02:10:51.572 | INFO     | DCDH:train:242 - [iter:15/50][code_length:32][mAP:0.81152][mAP_all:0.83092][best_mAP:0.81152]
2024-08-31 02:10:51.573 | INFO     | DCDH:train:243 - [iter:15/50][code_length:32][zs_mAP:0.42718][zs_mAP_all:0.28632]
2024-08-31 02:11:19.980 | INFO     | DCDH:train:167 - [epoch:1/3][loss:2.007863]
2024-08-31 02:11:47.636 | INFO     | DCDH:train:167 - [epoch:2/3][loss:1.745629]
2024-08-31 02:12:15.558 | INFO     | DCDH:train:167 - [epoch:3/3][loss:1.648532]
2024-08-31 02:12:15.559 | INFO     | DCDH:train:170 - [iter:16/50][iter_time:83.98]
2024-08-31 02:12:43.132 | INFO     | DCDH:train:167 - [epoch:1/3][loss:1.995091]
2024-08-31 02:13:10.175 | INFO     | DCDH:train:167 - [epoch:2/3][loss:1.800335]
2024-08-31 02:13:37.431 | INFO     | DCDH:train:167 - [epoch:3/3][loss:1.667122]
2024-08-31 02:13:37.432 | INFO     | DCDH:train:170 - [iter:17/50][iter_time:81.87]
2024-08-31 02:14:05.423 | INFO     | DCDH:train:167 - [epoch:1/3][loss:1.917682]
2024-08-31 02:14:32.550 | INFO     | DCDH:train:167 - [epoch:2/3][loss:1.727709]
2024-08-31 02:15:00.465 | INFO     | DCDH:train:167 - [epoch:3/3][loss:1.658655]
2024-08-31 02:15:00.466 | INFO     | DCDH:train:170 - [iter:18/50][iter_time:83.03]
2024-08-31 02:15:28.126 | INFO     | DCDH:train:167 - [epoch:1/3][loss:1.928395]
2024-08-31 02:15:56.417 | INFO     | DCDH:train:167 - [epoch:2/3][loss:1.766234]
2024-08-31 02:16:23.223 | INFO     | DCDH:train:167 - [epoch:3/3][loss:1.636623]
2024-08-31 02:16:23.224 | INFO     | DCDH:train:170 - [iter:19/50][iter_time:82.76]
2024-08-31 02:16:51.244 | INFO     | DCDH:train:167 - [epoch:1/3][loss:1.911438]
2024-08-31 02:17:18.774 | INFO     | DCDH:train:167 - [epoch:2/3][loss:1.672702]
2024-08-31 02:17:44.662 | INFO     | DCDH:train:167 - [epoch:3/3][loss:1.569969]
2024-08-31 02:17:44.663 | INFO     | DCDH:train:170 - [iter:20/50][iter_time:81.44]
2024-08-31 02:19:09.448 | INFO     | DCDH:train:242 - [iter:20/50][code_length:32][mAP:0.79026][mAP_all:0.80939][best_mAP:0.81152]
2024-08-31 02:19:09.449 | INFO     | DCDH:train:243 - [iter:20/50][code_length:32][zs_mAP:0.41519][zs_mAP_all:0.27861]
2024-08-31 02:19:36.569 | INFO     | DCDH:train:167 - [epoch:1/3][loss:1.951612]
2024-08-31 02:20:03.496 | INFO     | DCDH:train:167 - [epoch:2/3][loss:1.732449]
2024-08-31 02:20:30.551 | INFO     | DCDH:train:167 - [epoch:3/3][loss:1.656103]
2024-08-31 02:20:30.552 | INFO     | DCDH:train:170 - [iter:21/50][iter_time:81.10]
2024-08-31 02:20:57.838 | INFO     | DCDH:train:167 - [epoch:1/3][loss:1.802536]
2024-08-31 02:21:25.359 | INFO     | DCDH:train:167 - [epoch:2/3][loss:1.662099]
2024-08-31 02:21:52.157 | INFO     | DCDH:train:167 - [epoch:3/3][loss:1.543063]
2024-08-31 02:21:52.158 | INFO     | DCDH:train:170 - [iter:22/50][iter_time:81.61]
2024-08-31 02:22:19.718 | INFO     | DCDH:train:167 - [epoch:1/3][loss:1.893427]
2024-08-31 02:22:48.053 | INFO     | DCDH:train:167 - [epoch:2/3][loss:1.767301]
2024-08-31 02:23:16.558 | INFO     | DCDH:train:167 - [epoch:3/3][loss:1.653603]
2024-08-31 02:23:16.559 | INFO     | DCDH:train:170 - [iter:23/50][iter_time:84.40]
2024-08-31 02:23:43.705 | INFO     | DCDH:train:167 - [epoch:1/3][loss:1.877280]
2024-08-31 02:24:11.242 | INFO     | DCDH:train:167 - [epoch:2/3][loss:1.722644]
2024-08-31 02:24:38.647 | INFO     | DCDH:train:167 - [epoch:3/3][loss:1.629381]
2024-08-31 02:24:38.648 | INFO     | DCDH:train:170 - [iter:24/50][iter_time:82.09]
2024-08-31 02:25:07.000 | INFO     | DCDH:train:167 - [epoch:1/3][loss:1.914039]
2024-08-31 02:25:33.987 | INFO     | DCDH:train:167 - [epoch:2/3][loss:1.709603]
2024-08-31 02:26:02.094 | INFO     | DCDH:train:167 - [epoch:3/3][loss:1.606357]
2024-08-31 02:26:02.095 | INFO     | DCDH:train:170 - [iter:25/50][iter_time:83.45]
2024-08-31 02:27:27.197 | INFO     | DCDH:train:242 - [iter:25/50][code_length:32][mAP:0.80418][mAP_all:0.82139][best_mAP:0.81152]
2024-08-31 02:27:27.197 | INFO     | DCDH:train:243 - [iter:25/50][code_length:32][zs_mAP:0.41760][zs_mAP_all:0.26950]
2024-08-31 02:27:53.564 | INFO     | DCDH:train:167 - [epoch:1/3][loss:1.853796]
2024-08-31 02:28:23.473 | INFO     | DCDH:train:167 - [epoch:2/3][loss:1.653376]
2024-08-31 02:28:53.647 | INFO     | DCDH:train:167 - [epoch:3/3][loss:1.597115]
2024-08-31 02:28:53.648 | INFO     | DCDH:train:170 - [iter:26/50][iter_time:86.45]
2024-08-31 02:29:23.872 | INFO     | DCDH:train:167 - [epoch:1/3][loss:1.827030]
2024-08-31 02:29:53.731 | INFO     | DCDH:train:167 - [epoch:2/3][loss:1.652382]
2024-08-31 02:30:23.810 | INFO     | DCDH:train:167 - [epoch:3/3][loss:1.571670]
2024-08-31 02:30:23.811 | INFO     | DCDH:train:170 - [iter:27/50][iter_time:90.16]
2024-08-31 02:30:54.328 | INFO     | DCDH:train:167 - [epoch:1/3][loss:1.834983]
2024-08-31 02:31:24.355 | INFO     | DCDH:train:167 - [epoch:2/3][loss:1.654506]
2024-08-31 02:31:53.932 | INFO     | DCDH:train:167 - [epoch:3/3][loss:1.520268]
2024-08-31 02:31:53.933 | INFO     | DCDH:train:170 - [iter:28/50][iter_time:90.12]
2024-08-31 02:32:23.784 | INFO     | DCDH:train:167 - [epoch:1/3][loss:1.746049]
2024-08-31 02:32:54.096 | INFO     | DCDH:train:167 - [epoch:2/3][loss:1.629043]
2024-08-31 02:33:24.379 | INFO     | DCDH:train:167 - [epoch:3/3][loss:1.575221]
2024-08-31 02:33:24.380 | INFO     | DCDH:train:170 - [iter:29/50][iter_time:90.45]
2024-08-31 02:33:54.601 | INFO     | DCDH:train:167 - [epoch:1/3][loss:1.712871]
2024-08-31 02:34:24.505 | INFO     | DCDH:train:167 - [epoch:2/3][loss:1.596371]
2024-08-31 02:34:54.615 | INFO     | DCDH:train:167 - [epoch:3/3][loss:1.484991]
2024-08-31 02:34:54.616 | INFO     | DCDH:train:170 - [iter:30/50][iter_time:90.24]
2024-08-31 02:36:21.789 | INFO     | DCDH:train:242 - [iter:30/50][code_length:32][mAP:0.79390][mAP_all:0.81402][best_mAP:0.81152]
2024-08-31 02:36:21.790 | INFO     | DCDH:train:243 - [iter:30/50][code_length:32][zs_mAP:0.41560][zs_mAP_all:0.27056]
2024-08-31 02:36:47.174 | INFO     | DCDH:train:167 - [epoch:1/3][loss:1.780750]
2024-08-31 02:37:14.618 | INFO     | DCDH:train:167 - [epoch:2/3][loss:1.620238]
2024-08-31 02:37:41.181 | INFO     | DCDH:train:167 - [epoch:3/3][loss:1.537768]
2024-08-31 02:37:41.182 | INFO     | DCDH:train:170 - [iter:31/50][iter_time:79.39]
2024-08-31 02:38:08.097 | INFO     | DCDH:train:167 - [epoch:1/3][loss:1.749623]
2024-08-31 02:38:35.301 | INFO     | DCDH:train:167 - [epoch:2/3][loss:1.594801]
2024-08-31 02:39:03.861 | INFO     | DCDH:train:167 - [epoch:3/3][loss:1.485819]
2024-08-31 02:39:03.862 | INFO     | DCDH:train:170 - [iter:32/50][iter_time:82.68]
2024-08-31 02:39:31.697 | INFO     | DCDH:train:167 - [epoch:1/3][loss:1.772007]
2024-08-31 02:39:58.598 | INFO     | DCDH:train:167 - [epoch:2/3][loss:1.613514]
2024-08-31 02:40:28.697 | INFO     | DCDH:train:167 - [epoch:3/3][loss:1.454415]
2024-08-31 02:40:28.697 | INFO     | DCDH:train:170 - [iter:33/50][iter_time:84.84]
2024-08-31 02:40:56.067 | INFO     | DCDH:train:167 - [epoch:1/3][loss:1.752617]
2024-08-31 02:41:22.868 | INFO     | DCDH:train:167 - [epoch:2/3][loss:1.556881]
2024-08-31 02:41:49.641 | INFO     | DCDH:train:167 - [epoch:3/3][loss:1.508982]
2024-08-31 02:41:49.642 | INFO     | DCDH:train:170 - [iter:34/50][iter_time:80.94]
2024-08-31 02:42:17.193 | INFO     | DCDH:train:167 - [epoch:1/3][loss:1.669652]
2024-08-31 02:42:43.674 | INFO     | DCDH:train:167 - [epoch:2/3][loss:1.603750]
2024-08-31 02:43:11.701 | INFO     | DCDH:train:167 - [epoch:3/3][loss:1.455459]
2024-08-31 02:43:11.702 | INFO     | DCDH:train:170 - [iter:35/50][iter_time:82.06]
2024-08-31 02:44:34.808 | INFO     | DCDH:train:242 - [iter:35/50][code_length:32][mAP:0.79834][mAP_all:0.81499][best_mAP:0.81152]
2024-08-31 02:44:34.808 | INFO     | DCDH:train:243 - [iter:35/50][code_length:32][zs_mAP:0.41234][zs_mAP_all:0.24768]
2024-08-31 02:44:58.286 | INFO     | DCDH:train:167 - [epoch:1/3][loss:1.745499]
2024-08-31 02:45:26.274 | INFO     | DCDH:train:167 - [epoch:2/3][loss:1.556744]
2024-08-31 02:45:57.157 | INFO     | DCDH:train:167 - [epoch:3/3][loss:1.470273]
2024-08-31 02:45:57.158 | INFO     | DCDH:train:170 - [iter:36/50][iter_time:82.35]
2024-08-31 02:46:27.274 | INFO     | DCDH:train:167 - [epoch:1/3][loss:1.668104]
2024-08-31 02:46:58.006 | INFO     | DCDH:train:167 - [epoch:2/3][loss:1.554384]
2024-08-31 02:47:28.032 | INFO     | DCDH:train:167 - [epoch:3/3][loss:1.406609]
2024-08-31 02:47:28.033 | INFO     | DCDH:train:170 - [iter:37/50][iter_time:90.88]
2024-08-31 02:47:58.188 | INFO     | DCDH:train:167 - [epoch:1/3][loss:1.735859]
2024-08-31 02:48:28.494 | INFO     | DCDH:train:167 - [epoch:2/3][loss:1.540877]
2024-08-31 02:48:59.238 | INFO     | DCDH:train:167 - [epoch:3/3][loss:1.413073]
2024-08-31 02:48:59.239 | INFO     | DCDH:train:170 - [iter:38/50][iter_time:91.21]
2024-08-31 02:49:29.660 | INFO     | DCDH:train:167 - [epoch:1/3][loss:1.743516]
2024-08-31 02:49:59.964 | INFO     | DCDH:train:167 - [epoch:2/3][loss:1.574680]
2024-08-31 02:50:30.324 | INFO     | DCDH:train:167 - [epoch:3/3][loss:1.454478]
2024-08-31 02:50:30.325 | INFO     | DCDH:train:170 - [iter:39/50][iter_time:91.09]
2024-08-31 02:51:00.913 | INFO     | DCDH:train:167 - [epoch:1/3][loss:1.795386]
2024-08-31 02:51:31.331 | INFO     | DCDH:train:167 - [epoch:2/3][loss:1.549230]
2024-08-31 02:52:01.227 | INFO     | DCDH:train:167 - [epoch:3/3][loss:1.503823]
2024-08-31 02:52:01.228 | INFO     | DCDH:train:170 - [iter:40/50][iter_time:90.90]
2024-08-31 02:53:28.977 | INFO     | DCDH:train:242 - [iter:40/50][code_length:32][mAP:0.78370][mAP_all:0.80262][best_mAP:0.81152]
2024-08-31 02:53:28.977 | INFO     | DCDH:train:243 - [iter:40/50][code_length:32][zs_mAP:0.41748][zs_mAP_all:0.28567]
2024-08-31 02:53:56.556 | INFO     | DCDH:train:167 - [epoch:1/3][loss:1.743477]
2024-08-31 02:54:24.120 | INFO     | DCDH:train:167 - [epoch:2/3][loss:1.542160]
2024-08-31 02:54:52.473 | INFO     | DCDH:train:167 - [epoch:3/3][loss:1.487075]
2024-08-31 02:54:52.474 | INFO     | DCDH:train:170 - [iter:41/50][iter_time:83.50]
2024-08-31 02:55:19.677 | INFO     | DCDH:train:167 - [epoch:1/3][loss:1.699397]
2024-08-31 02:55:47.354 | INFO     | DCDH:train:167 - [epoch:2/3][loss:1.502681]
2024-08-31 02:56:15.993 | INFO     | DCDH:train:167 - [epoch:3/3][loss:1.438970]
2024-08-31 02:56:15.994 | INFO     | DCDH:train:170 - [iter:42/50][iter_time:83.52]
2024-08-31 02:56:43.588 | INFO     | DCDH:train:167 - [epoch:1/3][loss:1.668709]
2024-08-31 02:57:11.545 | INFO     | DCDH:train:167 - [epoch:2/3][loss:1.518658]
2024-08-31 02:57:40.115 | INFO     | DCDH:train:167 - [epoch:3/3][loss:1.403373]
2024-08-31 02:57:40.116 | INFO     | DCDH:train:170 - [iter:43/50][iter_time:84.12]
2024-08-31 02:58:07.574 | INFO     | DCDH:train:167 - [epoch:1/3][loss:1.634622]
2024-08-31 02:58:34.414 | INFO     | DCDH:train:167 - [epoch:2/3][loss:1.503943]
2024-08-31 02:59:02.352 | INFO     | DCDH:train:167 - [epoch:3/3][loss:1.390601]
2024-08-31 02:59:02.353 | INFO     | DCDH:train:170 - [iter:44/50][iter_time:82.24]
2024-08-31 02:59:30.447 | INFO     | DCDH:train:167 - [epoch:1/3][loss:1.708643]
2024-08-31 02:59:59.715 | INFO     | DCDH:train:167 - [epoch:2/3][loss:1.506327]
2024-08-31 03:00:27.363 | INFO     | DCDH:train:167 - [epoch:3/3][loss:1.438674]
2024-08-31 03:00:27.364 | INFO     | DCDH:train:170 - [iter:45/50][iter_time:85.01]
2024-08-31 03:01:52.948 | INFO     | DCDH:train:242 - [iter:45/50][code_length:32][mAP:0.78085][mAP_all:0.79911][best_mAP:0.81152]
2024-08-31 03:01:52.948 | INFO     | DCDH:train:243 - [iter:45/50][code_length:32][zs_mAP:0.41745][zs_mAP_all:0.25708]
2024-08-31 03:02:16.419 | INFO     | DCDH:train:167 - [epoch:1/3][loss:1.621853]
2024-08-31 03:02:44.147 | INFO     | DCDH:train:167 - [epoch:2/3][loss:1.543283]
2024-08-31 03:03:14.384 | INFO     | DCDH:train:167 - [epoch:3/3][loss:1.511215]
2024-08-31 03:03:14.385 | INFO     | DCDH:train:170 - [iter:46/50][iter_time:81.44]
2024-08-31 03:04:52.640 | INFO     | DCDH:train:242 - [iter:46/50][code_length:32][mAP:0.79097][mAP_all:0.80655][best_mAP:0.81152]
2024-08-31 03:04:52.641 | INFO     | DCDH:train:243 - [iter:46/50][code_length:32][zs_mAP:0.42183][zs_mAP_all:0.25800]
2024-08-31 03:05:22.642 | INFO     | DCDH:train:167 - [epoch:1/3][loss:1.586900]
2024-08-31 03:05:53.089 | INFO     | DCDH:train:167 - [epoch:2/3][loss:1.542574]
2024-08-31 03:06:23.099 | INFO     | DCDH:train:167 - [epoch:3/3][loss:1.509602]
2024-08-31 03:06:23.099 | INFO     | DCDH:train:170 - [iter:47/50][iter_time:90.46]
2024-08-31 03:08:01.223 | INFO     | DCDH:train:242 - [iter:47/50][code_length:32][mAP:0.80273][mAP_all:0.81678][best_mAP:0.81152]
2024-08-31 03:08:01.224 | INFO     | DCDH:train:243 - [iter:47/50][code_length:32][zs_mAP:0.41736][zs_mAP_all:0.26376]
2024-08-31 03:08:31.381 | INFO     | DCDH:train:167 - [epoch:1/3][loss:1.557853]
2024-08-31 03:09:01.768 | INFO     | DCDH:train:167 - [epoch:2/3][loss:1.502750]
2024-08-31 03:09:30.527 | INFO     | DCDH:train:167 - [epoch:3/3][loss:1.538143]
2024-08-31 03:09:30.528 | INFO     | DCDH:train:170 - [iter:48/50][iter_time:89.30]
2024-08-31 03:10:55.169 | INFO     | DCDH:train:242 - [iter:48/50][code_length:32][mAP:0.80262][mAP_all:0.81612][best_mAP:0.81152]
2024-08-31 03:10:55.170 | INFO     | DCDH:train:243 - [iter:48/50][code_length:32][zs_mAP:0.41596][zs_mAP_all:0.25794]
2024-08-31 03:11:22.355 | INFO     | DCDH:train:167 - [epoch:1/3][loss:1.505574]
2024-08-31 03:11:48.979 | INFO     | DCDH:train:167 - [epoch:2/3][loss:1.510621]
2024-08-31 03:12:16.048 | INFO     | DCDH:train:167 - [epoch:3/3][loss:1.448097]
2024-08-31 03:12:16.049 | INFO     | DCDH:train:170 - [iter:49/50][iter_time:80.88]
2024-08-31 03:13:41.753 | INFO     | DCDH:train:242 - [iter:49/50][code_length:32][mAP:0.80209][mAP_all:0.81588][best_mAP:0.81152]
2024-08-31 03:13:41.753 | INFO     | DCDH:train:243 - [iter:49/50][code_length:32][zs_mAP:0.41766][zs_mAP_all:0.26031]
2024-08-31 03:14:08.318 | INFO     | DCDH:train:167 - [epoch:1/3][loss:1.548435]
2024-08-31 03:14:35.744 | INFO     | DCDH:train:167 - [epoch:2/3][loss:1.505941]
2024-08-31 03:15:03.130 | INFO     | DCDH:train:167 - [epoch:3/3][loss:1.441825]
2024-08-31 03:15:03.131 | INFO     | DCDH:train:170 - [iter:50/50][iter_time:81.38]
2024-08-31 03:16:28.551 | INFO     | DCDH:train:242 - [iter:50/50][code_length:32][mAP:0.80862][mAP_all:0.82251][best_mAP:0.81152]
2024-08-31 03:16:28.551 | INFO     | DCDH:train:243 - [iter:50/50][code_length:32][zs_mAP:0.41914][zs_mAP_all:0.26655]
2024-08-31 03:16:28.552 | INFO     | DCDH:train:246 - [Training time:5402.15]
2024-08-31 03:16:28.554 | INFO     | __main__:run:138 - [code_length:32][map:0.8115][map_all:0.8309][zs_map:0.4272][zs_map_all:0.2863]
2024-08-31 03:16:56.493 | INFO     | DCDH:train:167 - [epoch:1/3][loss:3.815954]
2024-08-31 03:17:23.659 | INFO     | DCDH:train:167 - [epoch:2/3][loss:2.863886]
2024-08-31 03:17:50.297 | INFO     | DCDH:train:167 - [epoch:3/3][loss:2.441267]
2024-08-31 03:17:50.298 | INFO     | DCDH:train:170 - [iter:1/50][iter_time:81.13]
2024-08-31 03:18:13.516 | INFO     | DCDH:train:167 - [epoch:1/3][loss:2.986127]
2024-08-31 03:18:36.924 | INFO     | DCDH:train:167 - [epoch:2/3][loss:2.578202]
2024-08-31 03:18:59.202 | INFO     | DCDH:train:167 - [epoch:3/3][loss:2.325001]
2024-08-31 03:18:59.203 | INFO     | DCDH:train:170 - [iter:2/50][iter_time:68.90]
2024-08-31 03:19:21.687 | INFO     | DCDH:train:167 - [epoch:1/3][loss:2.704911]
2024-08-31 03:19:51.190 | INFO     | DCDH:train:167 - [epoch:2/3][loss:2.300944]
2024-08-31 03:20:21.202 | INFO     | DCDH:train:167 - [epoch:3/3][loss:2.176351]
2024-08-31 03:20:21.203 | INFO     | DCDH:train:170 - [iter:3/50][iter_time:82.00]
2024-08-31 03:20:50.871 | INFO     | DCDH:train:167 - [epoch:1/3][loss:2.600344]
2024-08-31 03:21:17.875 | INFO     | DCDH:train:167 - [epoch:2/3][loss:2.322015]
2024-08-31 03:21:44.885 | INFO     | DCDH:train:167 - [epoch:3/3][loss:2.098027]
2024-08-31 03:21:44.886 | INFO     | DCDH:train:170 - [iter:4/50][iter_time:83.68]
2024-08-31 03:22:12.071 | INFO     | DCDH:train:167 - [epoch:1/3][loss:2.516712]
2024-08-31 03:22:40.618 | INFO     | DCDH:train:167 - [epoch:2/3][loss:2.276673]
2024-08-31 03:23:10.942 | INFO     | DCDH:train:167 - [epoch:3/3][loss:2.000995]
2024-08-31 03:23:10.943 | INFO     | DCDH:train:170 - [iter:5/50][iter_time:86.06]
2024-08-31 03:24:40.970 | INFO     | DCDH:train:242 - [iter:5/50][code_length:64][mAP:0.81367][mAP_all:0.83947][best_mAP:0.81367]
2024-08-31 03:24:40.971 | INFO     | DCDH:train:243 - [iter:5/50][code_length:64][zs_mAP:0.42572][zs_mAP_all:0.28451]
2024-08-31 03:25:07.997 | INFO     | DCDH:train:167 - [epoch:1/3][loss:2.422881]
2024-08-31 03:25:38.061 | INFO     | DCDH:train:167 - [epoch:2/3][loss:2.204622]
2024-08-31 03:26:08.077 | INFO     | DCDH:train:167 - [epoch:3/3][loss:2.018568]
2024-08-31 03:26:08.078 | INFO     | DCDH:train:170 - [iter:6/50][iter_time:87.11]
2024-08-31 03:26:38.264 | INFO     | DCDH:train:167 - [epoch:1/3][loss:2.367962]
2024-08-31 03:27:09.101 | INFO     | DCDH:train:167 - [epoch:2/3][loss:2.118157]
2024-08-31 03:27:39.211 | INFO     | DCDH:train:167 - [epoch:3/3][loss:2.019436]
2024-08-31 03:27:39.212 | INFO     | DCDH:train:170 - [iter:7/50][iter_time:91.13]
2024-08-31 03:28:08.481 | INFO     | DCDH:train:167 - [epoch:1/3][loss:2.314168]
2024-08-31 03:28:36.433 | INFO     | DCDH:train:167 - [epoch:2/3][loss:2.065385]
2024-08-31 03:29:03.909 | INFO     | DCDH:train:167 - [epoch:3/3][loss:1.905913]
2024-08-31 03:29:03.910 | INFO     | DCDH:train:170 - [iter:8/50][iter_time:84.70]
2024-08-31 03:29:32.078 | INFO     | DCDH:train:167 - [epoch:1/3][loss:2.334886]
2024-08-31 03:29:59.683 | INFO     | DCDH:train:167 - [epoch:2/3][loss:2.126745]
2024-08-31 03:30:26.776 | INFO     | DCDH:train:167 - [epoch:3/3][loss:1.982371]
2024-08-31 03:30:26.777 | INFO     | DCDH:train:170 - [iter:9/50][iter_time:82.87]
2024-08-31 03:30:54.040 | INFO     | DCDH:train:167 - [epoch:1/3][loss:2.277641]
2024-08-31 03:31:22.144 | INFO     | DCDH:train:167 - [epoch:2/3][loss:2.038639]
2024-08-31 03:31:50.990 | INFO     | DCDH:train:167 - [epoch:3/3][loss:1.943374]
2024-08-31 03:31:50.991 | INFO     | DCDH:train:170 - [iter:10/50][iter_time:84.21]
2024-08-31 03:33:17.410 | INFO     | DCDH:train:242 - [iter:10/50][code_length:64][mAP:0.82160][mAP_all:0.84491][best_mAP:0.82160]
2024-08-31 03:33:17.411 | INFO     | DCDH:train:243 - [iter:10/50][code_length:64][zs_mAP:0.44285][zs_mAP_all:0.32668]
2024-08-31 03:33:40.200 | INFO     | DCDH:train:167 - [epoch:1/3][loss:2.204149]
2024-08-31 03:34:04.366 | INFO     | DCDH:train:167 - [epoch:2/3][loss:2.012326]
2024-08-31 03:34:31.636 | INFO     | DCDH:train:167 - [epoch:3/3][loss:1.922181]
2024-08-31 03:34:31.637 | INFO     | DCDH:train:170 - [iter:11/50][iter_time:74.23]
2024-08-31 03:34:59.710 | INFO     | DCDH:train:167 - [epoch:1/3][loss:2.101922]
2024-08-31 03:35:27.668 | INFO     | DCDH:train:167 - [epoch:2/3][loss:1.919078]
2024-08-31 03:35:55.251 | INFO     | DCDH:train:167 - [epoch:3/3][loss:1.835941]
2024-08-31 03:35:55.252 | INFO     | DCDH:train:170 - [iter:12/50][iter_time:83.61]
2024-08-31 03:36:23.798 | INFO     | DCDH:train:167 - [epoch:1/3][loss:2.158115]
2024-08-31 03:36:51.385 | INFO     | DCDH:train:167 - [epoch:2/3][loss:1.956234]
2024-08-31 03:37:21.533 | INFO     | DCDH:train:167 - [epoch:3/3][loss:1.853353]
2024-08-31 03:37:21.534 | INFO     | DCDH:train:170 - [iter:13/50][iter_time:86.28]
2024-08-31 03:37:51.833 | INFO     | DCDH:train:167 - [epoch:1/3][loss:2.070113]
2024-08-31 03:38:22.259 | INFO     | DCDH:train:167 - [epoch:2/3][loss:2.010388]
2024-08-31 03:38:52.536 | INFO     | DCDH:train:167 - [epoch:3/3][loss:1.832527]
2024-08-31 03:38:52.536 | INFO     | DCDH:train:170 - [iter:14/50][iter_time:91.00]
2024-08-31 03:39:22.738 | INFO     | DCDH:train:167 - [epoch:1/3][loss:2.161447]
2024-08-31 03:39:53.127 | INFO     | DCDH:train:167 - [epoch:2/3][loss:1.945919]
2024-08-31 03:40:23.622 | INFO     | DCDH:train:167 - [epoch:3/3][loss:1.810060]
2024-08-31 03:40:23.623 | INFO     | DCDH:train:170 - [iter:15/50][iter_time:91.09]
2024-08-31 03:41:54.349 | INFO     | DCDH:train:242 - [iter:15/50][code_length:64][mAP:0.81856][mAP_all:0.83966][best_mAP:0.82160]
2024-08-31 03:41:54.350 | INFO     | DCDH:train:243 - [iter:15/50][code_length:64][zs_mAP:0.43560][zs_mAP_all:0.31746]
2024-08-31 03:42:21.105 | INFO     | DCDH:train:167 - [epoch:1/3][loss:2.001840]
2024-08-31 03:42:49.631 | INFO     | DCDH:train:167 - [epoch:2/3][loss:1.888706]
2024-08-31 03:43:19.797 | INFO     | DCDH:train:167 - [epoch:3/3][loss:1.730197]
2024-08-31 03:43:19.798 | INFO     | DCDH:train:170 - [iter:16/50][iter_time:85.45]
2024-08-31 03:43:50.059 | INFO     | DCDH:train:167 - [epoch:1/3][loss:2.028747]
2024-08-31 03:44:20.379 | INFO     | DCDH:train:167 - [epoch:2/3][loss:1.860720]
2024-08-31 03:44:50.566 | INFO     | DCDH:train:167 - [epoch:3/3][loss:1.754283]
2024-08-31 03:44:50.567 | INFO     | DCDH:train:170 - [iter:17/50][iter_time:90.77]
2024-08-31 03:45:20.958 | INFO     | DCDH:train:167 - [epoch:1/3][loss:2.003986]
2024-08-31 03:45:49.098 | INFO     | DCDH:train:167 - [epoch:2/3][loss:1.841607]
2024-08-31 03:46:16.248 | INFO     | DCDH:train:167 - [epoch:3/3][loss:1.722091]
2024-08-31 03:46:16.249 | INFO     | DCDH:train:170 - [iter:18/50][iter_time:85.68]
2024-08-31 03:46:44.128 | INFO     | DCDH:train:167 - [epoch:1/3][loss:1.989630]
2024-08-31 03:47:11.242 | INFO     | DCDH:train:167 - [epoch:2/3][loss:1.811430]
2024-08-31 03:47:38.399 | INFO     | DCDH:train:167 - [epoch:3/3][loss:1.734477]
2024-08-31 03:47:38.400 | INFO     | DCDH:train:170 - [iter:19/50][iter_time:82.15]
2024-08-31 03:48:06.515 | INFO     | DCDH:train:167 - [epoch:1/3][loss:1.971785]
2024-08-31 03:48:33.727 | INFO     | DCDH:train:167 - [epoch:2/3][loss:1.789568]
2024-08-31 03:49:01.261 | INFO     | DCDH:train:167 - [epoch:3/3][loss:1.734280]
2024-08-31 03:49:01.261 | INFO     | DCDH:train:170 - [iter:20/50][iter_time:82.86]
2024-08-31 03:50:27.775 | INFO     | DCDH:train:242 - [iter:20/50][code_length:64][mAP:0.82781][mAP_all:0.84872][best_mAP:0.82781]
2024-08-31 03:50:27.776 | INFO     | DCDH:train:243 - [iter:20/50][code_length:64][zs_mAP:0.43074][zs_mAP_all:0.30554]
2024-08-31 03:50:50.741 | INFO     | DCDH:train:167 - [epoch:1/3][loss:1.994752]
2024-08-31 03:51:13.985 | INFO     | DCDH:train:167 - [epoch:2/3][loss:1.818412]
2024-08-31 03:51:41.409 | INFO     | DCDH:train:167 - [epoch:3/3][loss:1.700004]
2024-08-31 03:51:41.410 | INFO     | DCDH:train:170 - [iter:21/50][iter_time:73.63]
2024-08-31 03:52:09.860 | INFO     | DCDH:train:167 - [epoch:1/3][loss:1.964226]
2024-08-31 03:52:37.395 | INFO     | DCDH:train:167 - [epoch:2/3][loss:1.771838]
2024-08-31 03:53:03.944 | INFO     | DCDH:train:167 - [epoch:3/3][loss:1.713757]
2024-08-31 03:53:03.945 | INFO     | DCDH:train:170 - [iter:22/50][iter_time:82.53]
2024-08-31 03:53:31.352 | INFO     | DCDH:train:167 - [epoch:1/3][loss:1.947348]
2024-08-31 03:54:00.414 | INFO     | DCDH:train:167 - [epoch:2/3][loss:1.749167]
2024-08-31 03:54:29.297 | INFO     | DCDH:train:167 - [epoch:3/3][loss:1.688144]
2024-08-31 03:54:29.298 | INFO     | DCDH:train:170 - [iter:23/50][iter_time:85.35]
2024-08-31 03:54:59.361 | INFO     | DCDH:train:167 - [epoch:1/3][loss:1.897196]
2024-08-31 03:55:29.332 | INFO     | DCDH:train:167 - [epoch:2/3][loss:1.723651]
2024-08-31 03:55:59.616 | INFO     | DCDH:train:167 - [epoch:3/3][loss:1.656990]
2024-08-31 03:55:59.617 | INFO     | DCDH:train:170 - [iter:24/50][iter_time:90.32]
2024-08-31 03:56:30.262 | INFO     | DCDH:train:167 - [epoch:1/3][loss:1.902908]
2024-08-31 03:57:00.590 | INFO     | DCDH:train:167 - [epoch:2/3][loss:1.759564]
2024-08-31 03:57:30.980 | INFO     | DCDH:train:167 - [epoch:3/3][loss:1.644834]
2024-08-31 03:57:30.980 | INFO     | DCDH:train:170 - [iter:25/50][iter_time:91.36]
2024-08-31 03:59:02.257 | INFO     | DCDH:train:242 - [iter:25/50][code_length:64][mAP:0.82188][mAP_all:0.83718][best_mAP:0.82781]
2024-08-31 03:59:02.257 | INFO     | DCDH:train:243 - [iter:25/50][code_length:64][zs_mAP:0.42189][zs_mAP_all:0.27051]
2024-08-31 03:59:29.061 | INFO     | DCDH:train:167 - [epoch:1/3][loss:1.911357]
2024-08-31 03:59:56.009 | INFO     | DCDH:train:167 - [epoch:2/3][loss:1.724055]
2024-08-31 04:00:26.610 | INFO     | DCDH:train:167 - [epoch:3/3][loss:1.634517]
2024-08-31 04:00:26.611 | INFO     | DCDH:train:170 - [iter:26/50][iter_time:84.35]
2024-08-31 04:00:56.759 | INFO     | DCDH:train:167 - [epoch:1/3][loss:1.897465]
2024-08-31 04:01:26.756 | INFO     | DCDH:train:167 - [epoch:2/3][loss:1.736688]
2024-08-31 04:01:56.581 | INFO     | DCDH:train:167 - [epoch:3/3][loss:1.636683]
2024-08-31 04:01:56.582 | INFO     | DCDH:train:170 - [iter:27/50][iter_time:89.97]
2024-08-31 04:02:26.099 | INFO     | DCDH:train:167 - [epoch:1/3][loss:1.886701]
2024-08-31 04:02:55.141 | INFO     | DCDH:train:167 - [epoch:2/3][loss:1.707972]
2024-08-31 04:03:23.582 | INFO     | DCDH:train:167 - [epoch:3/3][loss:1.596848]
2024-08-31 04:03:23.583 | INFO     | DCDH:train:170 - [iter:28/50][iter_time:87.00]
2024-08-31 04:03:51.953 | INFO     | DCDH:train:167 - [epoch:1/3][loss:1.925439]
2024-08-31 04:04:19.904 | INFO     | DCDH:train:167 - [epoch:2/3][loss:1.717531]
2024-08-31 04:04:46.740 | INFO     | DCDH:train:167 - [epoch:3/3][loss:1.572281]
2024-08-31 04:04:46.741 | INFO     | DCDH:train:170 - [iter:29/50][iter_time:83.16]
2024-08-31 04:05:13.372 | INFO     | DCDH:train:167 - [epoch:1/3][loss:1.832660]
2024-08-31 04:05:42.297 | INFO     | DCDH:train:167 - [epoch:2/3][loss:1.685623]
2024-08-31 04:06:09.335 | INFO     | DCDH:train:167 - [epoch:3/3][loss:1.579647]
2024-08-31 04:06:09.336 | INFO     | DCDH:train:170 - [iter:30/50][iter_time:82.59]
2024-08-31 04:07:35.169 | INFO     | DCDH:train:242 - [iter:30/50][code_length:64][mAP:0.82297][mAP_all:0.83790][best_mAP:0.82781]
2024-08-31 04:07:35.170 | INFO     | DCDH:train:243 - [iter:30/50][code_length:64][zs_mAP:0.42028][zs_mAP_all:0.26671]
2024-08-31 04:07:57.854 | INFO     | DCDH:train:167 - [epoch:1/3][loss:1.887236]
2024-08-31 04:08:20.470 | INFO     | DCDH:train:167 - [epoch:2/3][loss:1.679008]
2024-08-31 04:08:47.274 | INFO     | DCDH:train:167 - [epoch:3/3][loss:1.611540]
2024-08-31 04:08:47.275 | INFO     | DCDH:train:170 - [iter:31/50][iter_time:72.11]
2024-08-31 04:09:15.214 | INFO     | DCDH:train:167 - [epoch:1/3][loss:1.894157]
2024-08-31 04:09:41.858 | INFO     | DCDH:train:167 - [epoch:2/3][loss:1.720607]
2024-08-31 04:10:09.561 | INFO     | DCDH:train:167 - [epoch:3/3][loss:1.584972]
2024-08-31 04:10:09.561 | INFO     | DCDH:train:170 - [iter:32/50][iter_time:82.29]
2024-08-31 04:10:38.003 | INFO     | DCDH:train:167 - [epoch:1/3][loss:1.811166]
2024-08-31 04:11:05.655 | INFO     | DCDH:train:167 - [epoch:2/3][loss:1.641753]
2024-08-31 04:11:33.035 | INFO     | DCDH:train:167 - [epoch:3/3][loss:1.550462]
2024-08-31 04:11:33.036 | INFO     | DCDH:train:170 - [iter:33/50][iter_time:83.47]
2024-08-31 04:12:02.012 | INFO     | DCDH:train:167 - [epoch:1/3][loss:1.767350]
2024-08-31 04:12:32.149 | INFO     | DCDH:train:167 - [epoch:2/3][loss:1.603240]
2024-08-31 04:13:02.441 | INFO     | DCDH:train:167 - [epoch:3/3][loss:1.603598]
2024-08-31 04:13:02.441 | INFO     | DCDH:train:170 - [iter:34/50][iter_time:89.41]
2024-08-31 04:13:32.371 | INFO     | DCDH:train:167 - [epoch:1/3][loss:1.901108]
2024-08-31 04:14:02.704 | INFO     | DCDH:train:167 - [epoch:2/3][loss:1.668189]
2024-08-31 04:14:32.955 | INFO     | DCDH:train:167 - [epoch:3/3][loss:1.552036]
2024-08-31 04:14:32.956 | INFO     | DCDH:train:170 - [iter:35/50][iter_time:90.51]
2024-08-31 04:16:04.894 | INFO     | DCDH:train:242 - [iter:35/50][code_length:64][mAP:0.81538][mAP_all:0.83786][best_mAP:0.82781]
2024-08-31 04:16:04.894 | INFO     | DCDH:train:243 - [iter:35/50][code_length:64][zs_mAP:0.43893][zs_mAP_all:0.30930]
2024-08-31 04:16:32.493 | INFO     | DCDH:train:167 - [epoch:1/3][loss:1.842295]
2024-08-31 04:16:59.726 | INFO     | DCDH:train:167 - [epoch:2/3][loss:1.642023]
2024-08-31 04:17:29.733 | INFO     | DCDH:train:167 - [epoch:3/3][loss:1.573629]
2024-08-31 04:17:29.734 | INFO     | DCDH:train:170 - [iter:36/50][iter_time:84.84]
2024-08-31 04:17:59.622 | INFO     | DCDH:train:167 - [epoch:1/3][loss:1.760305]
2024-08-31 04:18:29.685 | INFO     | DCDH:train:167 - [epoch:2/3][loss:1.652064]
2024-08-31 04:19:00.033 | INFO     | DCDH:train:167 - [epoch:3/3][loss:1.576238]
2024-08-31 04:19:00.034 | INFO     | DCDH:train:170 - [iter:37/50][iter_time:90.30]
2024-08-31 04:19:30.208 | INFO     | DCDH:train:167 - [epoch:1/3][loss:1.793443]
2024-08-31 04:20:00.468 | INFO     | DCDH:train:167 - [epoch:2/3][loss:1.615148]
2024-08-31 04:20:29.305 | INFO     | DCDH:train:167 - [epoch:3/3][loss:1.559761]
2024-08-31 04:20:29.306 | INFO     | DCDH:train:170 - [iter:38/50][iter_time:89.27]
2024-08-31 04:20:56.665 | INFO     | DCDH:train:167 - [epoch:1/3][loss:1.772471]
2024-08-31 04:21:23.449 | INFO     | DCDH:train:167 - [epoch:2/3][loss:1.614366]
2024-08-31 04:21:50.243 | INFO     | DCDH:train:167 - [epoch:3/3][loss:1.543727]
2024-08-31 04:21:50.244 | INFO     | DCDH:train:170 - [iter:39/50][iter_time:80.94]
2024-08-31 04:22:16.854 | INFO     | DCDH:train:167 - [epoch:1/3][loss:1.791472]
2024-08-31 04:22:42.768 | INFO     | DCDH:train:167 - [epoch:2/3][loss:1.601948]
2024-08-31 04:23:09.139 | INFO     | DCDH:train:167 - [epoch:3/3][loss:1.527722]
2024-08-31 04:23:09.140 | INFO     | DCDH:train:170 - [iter:40/50][iter_time:78.90]
2024-08-31 04:24:37.733 | INFO     | DCDH:train:242 - [iter:40/50][code_length:64][mAP:0.83118][mAP_all:0.84711][best_mAP:0.83118]
2024-08-31 04:24:37.734 | INFO     | DCDH:train:243 - [iter:40/50][code_length:64][zs_mAP:0.41790][zs_mAP_all:0.27759]
2024-08-31 04:25:00.645 | INFO     | DCDH:train:167 - [epoch:1/3][loss:1.821774]
2024-08-31 04:25:23.639 | INFO     | DCDH:train:167 - [epoch:2/3][loss:1.610318]
2024-08-31 04:25:49.529 | INFO     | DCDH:train:167 - [epoch:3/3][loss:1.530842]
2024-08-31 04:25:49.530 | INFO     | DCDH:train:170 - [iter:41/50][iter_time:71.80]
2024-08-31 04:26:15.607 | INFO     | DCDH:train:167 - [epoch:1/3][loss:1.791723]
2024-08-31 04:26:41.563 | INFO     | DCDH:train:167 - [epoch:2/3][loss:1.638994]
2024-08-31 04:27:07.557 | INFO     | DCDH:train:167 - [epoch:3/3][loss:1.524970]
2024-08-31 04:27:07.558 | INFO     | DCDH:train:170 - [iter:42/50][iter_time:78.03]
2024-08-31 04:27:34.546 | INFO     | DCDH:train:167 - [epoch:1/3][loss:1.727269]
2024-08-31 04:28:00.923 | INFO     | DCDH:train:167 - [epoch:2/3][loss:1.580000]
2024-08-31 04:28:27.839 | INFO     | DCDH:train:167 - [epoch:3/3][loss:1.476152]
2024-08-31 04:28:27.840 | INFO     | DCDH:train:170 - [iter:43/50][iter_time:80.28]
2024-08-31 04:28:54.375 | INFO     | DCDH:train:167 - [epoch:1/3][loss:1.754148]
2024-08-31 04:29:23.948 | INFO     | DCDH:train:167 - [epoch:2/3][loss:1.571371]
2024-08-31 04:29:54.316 | INFO     | DCDH:train:167 - [epoch:3/3][loss:1.452716]
2024-08-31 04:29:54.318 | INFO     | DCDH:train:170 - [iter:44/50][iter_time:86.48]
2024-08-31 04:30:24.461 | INFO     | DCDH:train:167 - [epoch:1/3][loss:1.750486]
2024-08-31 04:30:54.593 | INFO     | DCDH:train:167 - [epoch:2/3][loss:1.592686]
2024-08-31 04:31:24.759 | INFO     | DCDH:train:167 - [epoch:3/3][loss:1.483885]
2024-08-31 04:31:24.760 | INFO     | DCDH:train:170 - [iter:45/50][iter_time:90.44]
2024-08-31 04:32:59.827 | INFO     | DCDH:train:242 - [iter:45/50][code_length:64][mAP:0.82960][mAP_all:0.84378][best_mAP:0.83118]
2024-08-31 04:32:59.828 | INFO     | DCDH:train:243 - [iter:45/50][code_length:64][zs_mAP:0.41914][zs_mAP_all:0.28592]
2024-08-31 04:33:26.644 | INFO     | DCDH:train:167 - [epoch:1/3][loss:1.723473]
2024-08-31 04:33:52.984 | INFO     | DCDH:train:167 - [epoch:2/3][loss:1.650918]
2024-08-31 04:34:22.188 | INFO     | DCDH:train:167 - [epoch:3/3][loss:1.628817]
2024-08-31 04:34:22.189 | INFO     | DCDH:train:170 - [iter:46/50][iter_time:82.36]
2024-08-31 04:35:59.911 | INFO     | DCDH:train:242 - [iter:46/50][code_length:64][mAP:0.83392][mAP_all:0.84682][best_mAP:0.83392]
2024-08-31 04:35:59.912 | INFO     | DCDH:train:243 - [iter:46/50][code_length:64][zs_mAP:0.41801][zs_mAP_all:0.28056]
2024-08-31 04:36:30.051 | INFO     | DCDH:train:167 - [epoch:1/3][loss:1.640458]
2024-08-31 04:37:00.470 | INFO     | DCDH:train:167 - [epoch:2/3][loss:1.627118]
2024-08-31 04:37:28.551 | INFO     | DCDH:train:167 - [epoch:3/3][loss:1.596384]
2024-08-31 04:37:28.552 | INFO     | DCDH:train:170 - [iter:47/50][iter_time:88.64]
2024-08-31 04:38:54.197 | INFO     | DCDH:train:242 - [iter:47/50][code_length:64][mAP:0.83107][mAP_all:0.84545][best_mAP:0.83392]
2024-08-31 04:38:54.198 | INFO     | DCDH:train:243 - [iter:47/50][code_length:64][zs_mAP:0.42049][zs_mAP_all:0.28043]
2024-08-31 04:39:21.247 | INFO     | DCDH:train:167 - [epoch:1/3][loss:1.657359]
2024-08-31 04:39:47.846 | INFO     | DCDH:train:167 - [epoch:2/3][loss:1.627838]
2024-08-31 04:40:14.844 | INFO     | DCDH:train:167 - [epoch:3/3][loss:1.579837]
2024-08-31 04:40:14.844 | INFO     | DCDH:train:170 - [iter:48/50][iter_time:80.65]
2024-08-31 04:41:40.192 | INFO     | DCDH:train:242 - [iter:48/50][code_length:64][mAP:0.83364][mAP_all:0.84558][best_mAP:0.83392]
2024-08-31 04:41:40.193 | INFO     | DCDH:train:243 - [iter:48/50][code_length:64][zs_mAP:0.41460][zs_mAP_all:0.27270]
2024-08-31 04:42:02.729 | INFO     | DCDH:train:167 - [epoch:1/3][loss:1.629998]
2024-08-31 04:42:29.692 | INFO     | DCDH:train:167 - [epoch:2/3][loss:1.614429]
2024-08-31 04:42:56.323 | INFO     | DCDH:train:167 - [epoch:3/3][loss:1.578926]
2024-08-31 04:42:56.323 | INFO     | DCDH:train:170 - [iter:49/50][iter_time:76.13]
2024-08-31 04:44:22.640 | INFO     | DCDH:train:242 - [iter:49/50][code_length:64][mAP:0.83838][mAP_all:0.85039][best_mAP:0.83838]
2024-08-31 04:44:22.641 | INFO     | DCDH:train:243 - [iter:49/50][code_length:64][zs_mAP:0.42497][zs_mAP_all:0.28553]
2024-08-31 04:44:45.563 | INFO     | DCDH:train:167 - [epoch:1/3][loss:1.629323]
2024-08-31 04:45:11.701 | INFO     | DCDH:train:167 - [epoch:2/3][loss:1.577169]
2024-08-31 04:45:38.748 | INFO     | DCDH:train:167 - [epoch:3/3][loss:1.554404]
2024-08-31 04:45:38.749 | INFO     | DCDH:train:170 - [iter:50/50][iter_time:76.11]
2024-08-31 04:47:11.820 | INFO     | DCDH:train:242 - [iter:50/50][code_length:64][mAP:0.83648][mAP_all:0.84687][best_mAP:0.83838]
2024-08-31 04:47:11.821 | INFO     | DCDH:train:243 - [iter:50/50][code_length:64][zs_mAP:0.41459][zs_mAP_all:0.26219]
2024-08-31 04:47:11.821 | INFO     | DCDH:train:246 - [Training time:5442.65]
2024-08-31 04:47:11.825 | INFO     | __main__:run:138 - [code_length:64][map:0.8384][map_all:0.8504][zs_map:0.4250][zs_map_all:0.2855]
