2023-11-08 21:33:17.977 | SUCCESS  | __main__:run:50 - Namespace(align_step=50, arch='baseline', batch_size=16, cauchy_gamma=20.0, code_length=[16, 32, 64], dataset='imagenetzs', device=device(type='cuda', index=1), epoch_change=11, gamma=200, gpu=1, info='imagenetzs-5-95-baseline-11-08-16,32,64', lambd=0.1, lambd_ch=0.1, lambd_sp=0.1, lr=0.0001, lr_step=[45], margin=0.1, max_epoch=1, max_iter=50, momen=0.9, nesterov=False, net='resnet50', num_classes=95, num_query=1000, num_samples=12350, num_workers=2, num_zs=5, optim='SGD', pretrain=True, quan_loss=False, root='/2T/dataset/ImageNet/ILSVRC', save_ckpt='checkpoints/', topk=1000, val_freq=1, wd=1e-05)
2023-11-08 21:36:53.180 | INFO     | adsh:train:138 - [epoch:1/1][cnn_loss:2.429535][hash_loss:2.231591][quan_loss:0.197944]
2023-11-08 21:36:53.219 | INFO     | adsh:train:149 - [iter:1/50][loss:3.055565][iter_time:193.44]
2023-11-08 21:47:37.634 | INFO     | adsh:train:221 - [iter:1/50][code_length:16][mAP:0.04461][mAP_all:0.04397][best_mAP:0.04461]
2023-11-08 21:47:37.635 | INFO     | adsh:train:222 - [iter:1/50][code_length:16][zs_mAP:0.67318][zs_mAP_all:0.17377]
2023-11-08 21:50:43.503 | INFO     | adsh:train:138 - [epoch:1/1][cnn_loss:2.206461][hash_loss:2.025835][quan_loss:0.180626]
2023-11-08 21:50:43.541 | INFO     | adsh:train:149 - [iter:2/50][loss:2.900687][iter_time:185.91]
2023-11-08 22:01:50.946 | INFO     | adsh:train:221 - [iter:2/50][code_length:16][mAP:0.33499][mAP_all:0.33267][best_mAP:0.33499]
2023-11-08 22:01:50.947 | INFO     | adsh:train:222 - [iter:2/50][code_length:16][zs_mAP:0.66557][zs_mAP_all:0.19564]
2023-11-08 22:04:47.635 | INFO     | adsh:train:138 - [epoch:1/1][cnn_loss:2.112755][hash_loss:1.944485][quan_loss:0.168270]
2023-11-08 22:04:47.674 | INFO     | adsh:train:149 - [iter:3/50][loss:2.804767][iter_time:176.73]
2023-11-08 22:15:01.519 | INFO     | adsh:train:221 - [iter:3/50][code_length:16][mAP:0.53998][mAP_all:0.53753][best_mAP:0.53998]
2023-11-08 22:15:01.520 | INFO     | adsh:train:222 - [iter:3/50][code_length:16][zs_mAP:0.67219][zs_mAP_all:0.21836]
2023-11-08 22:17:46.384 | INFO     | adsh:train:138 - [epoch:1/1][cnn_loss:2.075881][hash_loss:1.912632][quan_loss:0.163250]
2023-11-08 22:17:46.418 | INFO     | adsh:train:149 - [iter:4/50][loss:2.764763][iter_time:164.90]
2023-11-08 22:28:09.719 | INFO     | adsh:train:221 - [iter:4/50][code_length:16][mAP:0.59969][mAP_all:0.59737][best_mAP:0.59969]
2023-11-08 22:28:09.719 | INFO     | adsh:train:222 - [iter:4/50][code_length:16][zs_mAP:0.61671][zs_mAP_all:0.16753]
2023-11-08 22:30:55.645 | INFO     | adsh:train:138 - [epoch:1/1][cnn_loss:2.057380][hash_loss:1.896383][quan_loss:0.160997]
2023-11-08 22:30:55.690 | INFO     | adsh:train:149 - [iter:5/50][loss:2.741989][iter_time:165.97]
2023-11-08 22:41:17.228 | INFO     | adsh:train:221 - [iter:5/50][code_length:16][mAP:0.63544][mAP_all:0.63308][best_mAP:0.63544]
2023-11-08 22:41:17.229 | INFO     | adsh:train:222 - [iter:5/50][code_length:16][zs_mAP:0.63624][zs_mAP_all:0.18954]
2023-11-08 22:44:00.797 | INFO     | adsh:train:138 - [epoch:1/1][cnn_loss:2.046987][hash_loss:1.887223][quan_loss:0.159764]
2023-11-08 22:44:00.831 | INFO     | adsh:train:149 - [iter:6/50][loss:2.728788][iter_time:163.60]
2023-11-08 22:53:56.921 | INFO     | adsh:train:221 - [iter:6/50][code_length:16][mAP:0.66065][mAP_all:0.65855][best_mAP:0.66065]
2023-11-08 22:53:56.923 | INFO     | adsh:train:222 - [iter:6/50][code_length:16][zs_mAP:0.65786][zs_mAP_all:0.22145]
2023-11-08 22:56:18.351 | INFO     | adsh:train:138 - [epoch:1/1][cnn_loss:2.037871][hash_loss:1.879243][quan_loss:0.158627]
2023-11-08 22:56:18.384 | INFO     | adsh:train:149 - [iter:7/50][loss:2.716936][iter_time:141.46]
2023-11-08 23:06:25.681 | INFO     | adsh:train:221 - [iter:7/50][code_length:16][mAP:0.67415][mAP_all:0.67198][best_mAP:0.67415]
2023-11-08 23:06:25.682 | INFO     | adsh:train:222 - [iter:7/50][code_length:16][zs_mAP:0.62300][zs_mAP_all:0.18926]
2023-11-08 23:09:09.943 | INFO     | adsh:train:138 - [epoch:1/1][cnn_loss:2.032574][hash_loss:1.874569][quan_loss:0.158005]
2023-11-08 23:09:09.976 | INFO     | adsh:train:149 - [iter:8/50][loss:2.709869][iter_time:164.29]
2023-11-08 23:19:22.373 | INFO     | adsh:train:221 - [iter:8/50][code_length:16][mAP:0.69010][mAP_all:0.68772][best_mAP:0.69010]
2023-11-08 23:19:22.375 | INFO     | adsh:train:222 - [iter:8/50][code_length:16][zs_mAP:0.58168][zs_mAP_all:0.18784]
2023-11-08 23:22:21.210 | INFO     | adsh:train:138 - [epoch:1/1][cnn_loss:2.027070][hash_loss:1.869657][quan_loss:0.157413]
2023-11-08 23:22:21.243 | INFO     | adsh:train:149 - [iter:9/50][loss:2.702731][iter_time:178.87]
2023-11-08 23:32:23.322 | INFO     | adsh:train:221 - [iter:9/50][code_length:16][mAP:0.70262][mAP_all:0.70038][best_mAP:0.70262]
2023-11-08 23:32:23.323 | INFO     | adsh:train:222 - [iter:9/50][code_length:16][zs_mAP:0.58538][zs_mAP_all:0.17175]
2023-11-08 23:35:32.480 | INFO     | adsh:train:138 - [epoch:1/1][cnn_loss:2.024367][hash_loss:1.867207][quan_loss:0.157160]
2023-11-08 23:35:32.513 | INFO     | adsh:train:149 - [iter:10/50][loss:2.699154][iter_time:189.19]
2023-11-08 23:45:28.641 | INFO     | adsh:train:221 - [iter:10/50][code_length:16][mAP:0.71038][mAP_all:0.70787][best_mAP:0.71038]
2023-11-08 23:45:28.642 | INFO     | adsh:train:222 - [iter:10/50][code_length:16][zs_mAP:0.56626][zs_mAP_all:0.18093]
2023-11-08 23:48:33.863 | INFO     | adsh:train:138 - [epoch:1/1][cnn_loss:2.018191][hash_loss:1.861748][quan_loss:0.156443]
2023-11-08 23:48:33.896 | INFO     | adsh:train:149 - [iter:11/50][loss:2.690918][iter_time:185.25]
2023-11-08 23:58:33.210 | INFO     | adsh:train:221 - [iter:11/50][code_length:16][mAP:0.72673][mAP_all:0.72477][best_mAP:0.72673]
2023-11-08 23:58:33.211 | INFO     | adsh:train:222 - [iter:11/50][code_length:16][zs_mAP:0.62160][zs_mAP_all:0.20887]
2023-11-09 00:01:37.987 | INFO     | adsh:train:138 - [epoch:1/1][cnn_loss:2.015327][hash_loss:1.859125][quan_loss:0.156202]
2023-11-09 00:01:38.021 | INFO     | adsh:train:149 - [iter:12/50][loss:2.687092][iter_time:184.81]
2023-11-09 00:11:39.123 | INFO     | adsh:train:221 - [iter:12/50][code_length:16][mAP:0.72835][mAP_all:0.72630][best_mAP:0.72835]
2023-11-09 00:11:39.124 | INFO     | adsh:train:222 - [iter:12/50][code_length:16][zs_mAP:0.59308][zs_mAP_all:0.19030]
2023-11-09 00:14:43.482 | INFO     | adsh:train:138 - [epoch:1/1][cnn_loss:2.012329][hash_loss:1.856426][quan_loss:0.155904]
2023-11-09 00:14:43.515 | INFO     | adsh:train:149 - [iter:13/50][loss:2.683106][iter_time:184.39]
2023-11-09 00:24:46.110 | INFO     | adsh:train:221 - [iter:13/50][code_length:16][mAP:0.73877][mAP_all:0.73652][best_mAP:0.73877]
2023-11-09 00:24:46.111 | INFO     | adsh:train:222 - [iter:13/50][code_length:16][zs_mAP:0.55298][zs_mAP_all:0.18327]
2023-11-09 00:27:54.401 | INFO     | adsh:train:138 - [epoch:1/1][cnn_loss:2.008392][hash_loss:1.852845][quan_loss:0.155548]
2023-11-09 00:27:54.445 | INFO     | adsh:train:149 - [iter:14/50][loss:2.677838][iter_time:188.33]
2023-11-09 00:38:04.519 | INFO     | adsh:train:221 - [iter:14/50][code_length:16][mAP:0.74039][mAP_all:0.73825][best_mAP:0.74039]
2023-11-09 00:38:04.520 | INFO     | adsh:train:222 - [iter:14/50][code_length:16][zs_mAP:0.58849][zs_mAP_all:0.19424]
2023-11-09 00:41:11.225 | INFO     | adsh:train:138 - [epoch:1/1][cnn_loss:2.005108][hash_loss:1.849920][quan_loss:0.155188]
2023-11-09 00:41:11.258 | INFO     | adsh:train:149 - [iter:15/50][loss:2.673474][iter_time:186.74]
2023-11-09 00:51:29.496 | INFO     | adsh:train:221 - [iter:15/50][code_length:16][mAP:0.74306][mAP_all:0.74086][best_mAP:0.74306]
2023-11-09 00:51:29.497 | INFO     | adsh:train:222 - [iter:15/50][code_length:16][zs_mAP:0.57078][zs_mAP_all:0.17253]
2023-11-09 00:54:46.349 | INFO     | adsh:train:138 - [epoch:1/1][cnn_loss:2.003041][hash_loss:1.848014][quan_loss:0.155026]
2023-11-09 00:54:46.383 | INFO     | adsh:train:149 - [iter:16/50][loss:2.670710][iter_time:196.89]
2023-11-09 01:05:06.702 | INFO     | adsh:train:221 - [iter:16/50][code_length:16][mAP:0.74391][mAP_all:0.74178][best_mAP:0.74391]
2023-11-09 01:05:06.702 | INFO     | adsh:train:222 - [iter:16/50][code_length:16][zs_mAP:0.57311][zs_mAP_all:0.20677]
2023-11-09 01:08:30.861 | INFO     | adsh:train:138 - [epoch:1/1][cnn_loss:1.999098][hash_loss:1.844384][quan_loss:0.154713]
2023-11-09 01:08:30.899 | INFO     | adsh:train:149 - [iter:17/50][loss:2.665458][iter_time:204.20]
2023-11-09 01:18:26.188 | INFO     | adsh:train:221 - [iter:17/50][code_length:16][mAP:0.74990][mAP_all:0.74789][best_mAP:0.74990]
2023-11-09 01:18:26.189 | INFO     | adsh:train:222 - [iter:17/50][code_length:16][zs_mAP:0.59244][zs_mAP_all:0.18517]
2023-11-09 01:20:44.599 | INFO     | adsh:train:138 - [epoch:1/1][cnn_loss:1.999013][hash_loss:1.844159][quan_loss:0.154855]
2023-11-09 01:20:44.632 | INFO     | adsh:train:149 - [iter:18/50][loss:2.665337][iter_time:138.44]
2023-11-09 01:31:10.513 | INFO     | adsh:train:221 - [iter:18/50][code_length:16][mAP:0.75755][mAP_all:0.75550][best_mAP:0.75755]
2023-11-09 01:31:10.513 | INFO     | adsh:train:222 - [iter:18/50][code_length:16][zs_mAP:0.60265][zs_mAP_all:0.19388]
2023-11-09 01:34:00.759 | INFO     | adsh:train:138 - [epoch:1/1][cnn_loss:1.995926][hash_loss:1.841439][quan_loss:0.154487]
2023-11-09 01:34:00.795 | INFO     | adsh:train:149 - [iter:19/50][loss:2.661241][iter_time:170.28]
2023-11-09 01:44:26.751 | INFO     | adsh:train:221 - [iter:19/50][code_length:16][mAP:0.76567][mAP_all:0.76377][best_mAP:0.76567]
2023-11-09 01:44:26.752 | INFO     | adsh:train:222 - [iter:19/50][code_length:16][zs_mAP:0.61983][zs_mAP_all:0.24111]
2023-11-09 01:47:16.665 | INFO     | adsh:train:138 - [epoch:1/1][cnn_loss:1.992770][hash_loss:1.838560][quan_loss:0.154209]
2023-11-09 01:47:16.704 | INFO     | adsh:train:149 - [iter:20/50][loss:2.657027][iter_time:169.95]
2023-11-09 01:57:49.324 | INFO     | adsh:train:221 - [iter:20/50][code_length:16][mAP:0.76555][mAP_all:0.76357][best_mAP:0.76567]
2023-11-09 01:57:49.325 | INFO     | adsh:train:222 - [iter:20/50][code_length:16][zs_mAP:0.55675][zs_mAP_all:0.18191]
2023-11-09 02:00:36.931 | INFO     | adsh:train:138 - [epoch:1/1][cnn_loss:1.990492][hash_loss:1.836502][quan_loss:0.153990]
2023-11-09 02:00:36.964 | INFO     | adsh:train:149 - [iter:21/50][loss:2.653986][iter_time:167.64]
2023-11-09 02:11:04.179 | INFO     | adsh:train:221 - [iter:21/50][code_length:16][mAP:0.77562][mAP_all:0.77378][best_mAP:0.77562]
2023-11-09 02:11:04.181 | INFO     | adsh:train:222 - [iter:21/50][code_length:16][zs_mAP:0.56587][zs_mAP_all:0.18863]
2023-11-09 02:13:52.343 | INFO     | adsh:train:138 - [epoch:1/1][cnn_loss:1.986849][hash_loss:1.833310][quan_loss:0.153539]
2023-11-09 02:13:52.387 | INFO     | adsh:train:149 - [iter:22/50][loss:2.649135][iter_time:168.21]
2023-11-09 02:24:21.974 | INFO     | adsh:train:221 - [iter:22/50][code_length:16][mAP:0.77224][mAP_all:0.77020][best_mAP:0.77562]
2023-11-09 02:24:21.975 | INFO     | adsh:train:222 - [iter:22/50][code_length:16][zs_mAP:0.57855][zs_mAP_all:0.21364]
2023-11-09 02:27:09.846 | INFO     | adsh:train:138 - [epoch:1/1][cnn_loss:1.985527][hash_loss:1.831996][quan_loss:0.153531]
2023-11-09 02:27:09.879 | INFO     | adsh:train:149 - [iter:23/50][loss:2.647369][iter_time:167.90]
2023-11-09 02:37:32.383 | INFO     | adsh:train:221 - [iter:23/50][code_length:16][mAP:0.78164][mAP_all:0.77980][best_mAP:0.78164]
2023-11-09 02:37:32.384 | INFO     | adsh:train:222 - [iter:23/50][code_length:16][zs_mAP:0.54558][zs_mAP_all:0.20355]
2023-11-09 02:40:23.634 | INFO     | adsh:train:138 - [epoch:1/1][cnn_loss:1.985312][hash_loss:1.831863][quan_loss:0.153449]
2023-11-09 02:40:23.671 | INFO     | adsh:train:149 - [iter:24/50][loss:2.647085][iter_time:171.29]
2023-11-09 02:50:48.575 | INFO     | adsh:train:221 - [iter:24/50][code_length:16][mAP:0.77704][mAP_all:0.77518][best_mAP:0.78164]
2023-11-09 02:50:48.575 | INFO     | adsh:train:222 - [iter:24/50][code_length:16][zs_mAP:0.51218][zs_mAP_all:0.18496]
2023-11-09 02:53:36.988 | INFO     | adsh:train:138 - [epoch:1/1][cnn_loss:1.983220][hash_loss:1.829927][quan_loss:0.153293]
2023-11-09 02:53:37.021 | INFO     | adsh:train:149 - [iter:25/50][loss:2.644305][iter_time:168.45]
2023-11-09 03:04:06.646 | INFO     | adsh:train:221 - [iter:25/50][code_length:16][mAP:0.78401][mAP_all:0.78218][best_mAP:0.78401]
2023-11-09 03:04:06.647 | INFO     | adsh:train:222 - [iter:25/50][code_length:16][zs_mAP:0.55269][zs_mAP_all:0.18779]
2023-11-09 03:06:53.796 | INFO     | adsh:train:138 - [epoch:1/1][cnn_loss:1.981740][hash_loss:1.828617][quan_loss:0.153124]
2023-11-09 03:06:53.834 | INFO     | adsh:train:149 - [iter:26/50][loss:2.642318][iter_time:167.19]
2023-11-09 03:17:17.048 | INFO     | adsh:train:221 - [iter:26/50][code_length:16][mAP:0.77976][mAP_all:0.77773][best_mAP:0.78401]
2023-11-09 03:17:17.049 | INFO     | adsh:train:222 - [iter:26/50][code_length:16][zs_mAP:0.54723][zs_mAP_all:0.19022]
2023-11-09 03:20:17.153 | INFO     | adsh:train:138 - [epoch:1/1][cnn_loss:1.978446][hash_loss:1.825681][quan_loss:0.152766]
2023-11-09 03:20:17.192 | INFO     | adsh:train:149 - [iter:27/50][loss:2.637933][iter_time:180.14]
2023-11-09 03:30:32.283 | INFO     | adsh:train:221 - [iter:27/50][code_length:16][mAP:0.78813][mAP_all:0.78625][best_mAP:0.78813]
2023-11-09 03:30:32.284 | INFO     | adsh:train:222 - [iter:27/50][code_length:16][zs_mAP:0.55996][zs_mAP_all:0.18376]
2023-11-09 03:32:52.228 | INFO     | adsh:train:138 - [epoch:1/1][cnn_loss:1.978283][hash_loss:1.825533][quan_loss:0.152750]
2023-11-09 03:32:52.261 | INFO     | adsh:train:149 - [iter:28/50][loss:2.637707][iter_time:139.98]
2023-11-09 03:43:05.104 | INFO     | adsh:train:221 - [iter:28/50][code_length:16][mAP:0.79191][mAP_all:0.79000][best_mAP:0.79191]
2023-11-09 03:43:05.105 | INFO     | adsh:train:222 - [iter:28/50][code_length:16][zs_mAP:0.56479][zs_mAP_all:0.19086]
2023-11-09 03:46:06.940 | INFO     | adsh:train:138 - [epoch:1/1][cnn_loss:1.976501][hash_loss:1.824060][quan_loss:0.152441]
2023-11-09 03:46:06.974 | INFO     | adsh:train:149 - [iter:29/50][loss:2.635334][iter_time:181.87]
2023-11-09 03:56:23.159 | INFO     | adsh:train:221 - [iter:29/50][code_length:16][mAP:0.78952][mAP_all:0.78787][best_mAP:0.79191]
2023-11-09 03:56:23.160 | INFO     | adsh:train:222 - [iter:29/50][code_length:16][zs_mAP:0.50533][zs_mAP_all:0.16785]
2023-11-09 03:59:30.295 | INFO     | adsh:train:138 - [epoch:1/1][cnn_loss:1.974556][hash_loss:1.822256][quan_loss:0.152301]
2023-11-09 03:59:30.332 | INFO     | adsh:train:149 - [iter:30/50][loss:2.632729][iter_time:187.17]
2023-11-09 04:09:58.271 | INFO     | adsh:train:221 - [iter:30/50][code_length:16][mAP:0.79269][mAP_all:0.79072][best_mAP:0.79269]
2023-11-09 04:09:58.273 | INFO     | adsh:train:222 - [iter:30/50][code_length:16][zs_mAP:0.53985][zs_mAP_all:0.17055]
2023-11-09 04:13:02.813 | INFO     | adsh:train:138 - [epoch:1/1][cnn_loss:1.973581][hash_loss:1.821338][quan_loss:0.152243]
2023-11-09 04:13:02.846 | INFO     | adsh:train:149 - [iter:31/50][loss:2.631435][iter_time:184.57]
2023-11-09 04:23:26.235 | INFO     | adsh:train:221 - [iter:31/50][code_length:16][mAP:0.79565][mAP_all:0.79369][best_mAP:0.79565]
2023-11-09 04:23:26.236 | INFO     | adsh:train:222 - [iter:31/50][code_length:16][zs_mAP:0.54126][zs_mAP_all:0.17752]
2023-11-09 04:26:27.958 | INFO     | adsh:train:138 - [epoch:1/1][cnn_loss:1.969836][hash_loss:1.818196][quan_loss:0.151640]
2023-11-09 04:26:27.995 | INFO     | adsh:train:149 - [iter:32/50][loss:2.626444][iter_time:181.76]
2023-11-09 04:36:45.960 | INFO     | adsh:train:221 - [iter:32/50][code_length:16][mAP:0.79890][mAP_all:0.79696][best_mAP:0.79890]
2023-11-09 04:36:45.961 | INFO     | adsh:train:222 - [iter:32/50][code_length:16][zs_mAP:0.54416][zs_mAP_all:0.22698]
2023-11-09 04:39:56.162 | INFO     | adsh:train:138 - [epoch:1/1][cnn_loss:1.970865][hash_loss:1.818978][quan_loss:0.151887]
2023-11-09 04:39:56.201 | INFO     | adsh:train:149 - [iter:33/50][loss:2.627816][iter_time:190.24]
2023-11-09 04:50:20.542 | INFO     | adsh:train:221 - [iter:33/50][code_length:16][mAP:0.79711][mAP_all:0.79527][best_mAP:0.79890]
2023-11-09 04:50:20.543 | INFO     | adsh:train:222 - [iter:33/50][code_length:16][zs_mAP:0.52445][zs_mAP_all:0.18626]
2023-11-09 04:53:26.099 | INFO     | adsh:train:138 - [epoch:1/1][cnn_loss:1.971148][hash_loss:1.819224][quan_loss:0.151924]
2023-11-09 04:53:26.132 | INFO     | adsh:train:149 - [iter:34/50][loss:2.628190][iter_time:185.59]
2023-11-09 05:03:45.410 | INFO     | adsh:train:221 - [iter:34/50][code_length:16][mAP:0.79532][mAP_all:0.79333][best_mAP:0.79890]
2023-11-09 05:03:45.411 | INFO     | adsh:train:222 - [iter:34/50][code_length:16][zs_mAP:0.55953][zs_mAP_all:0.19210]
2023-11-09 05:07:00.302 | INFO     | adsh:train:138 - [epoch:1/1][cnn_loss:1.968879][hash_loss:1.817292][quan_loss:0.151587]
2023-11-09 05:07:00.339 | INFO     | adsh:train:149 - [iter:35/50][loss:2.625176][iter_time:194.93]
2023-11-09 05:17:21.430 | INFO     | adsh:train:221 - [iter:35/50][code_length:16][mAP:0.80093][mAP_all:0.79910][best_mAP:0.80093]
2023-11-09 05:17:21.430 | INFO     | adsh:train:222 - [iter:35/50][code_length:16][zs_mAP:0.53563][zs_mAP_all:0.18838]
2023-11-09 05:20:57.209 | INFO     | adsh:train:138 - [epoch:1/1][cnn_loss:1.967999][hash_loss:1.816441][quan_loss:0.151558]
2023-11-09 05:20:57.248 | INFO     | adsh:train:149 - [iter:36/50][loss:2.623998][iter_time:215.82]
2023-11-09 05:31:17.861 | INFO     | adsh:train:221 - [iter:36/50][code_length:16][mAP:0.80123][mAP_all:0.79963][best_mAP:0.80123]
2023-11-09 05:31:17.862 | INFO     | adsh:train:222 - [iter:36/50][code_length:16][zs_mAP:0.54551][zs_mAP_all:0.20775]
2023-11-09 05:34:58.420 | INFO     | adsh:train:138 - [epoch:1/1][cnn_loss:1.966369][hash_loss:1.815104][quan_loss:0.151266]
2023-11-09 05:34:58.454 | INFO     | adsh:train:149 - [iter:37/50][loss:2.621831][iter_time:220.59]
2023-11-09 05:45:02.982 | INFO     | adsh:train:221 - [iter:37/50][code_length:16][mAP:0.80166][mAP_all:0.79960][best_mAP:0.80166]
2023-11-09 05:45:02.983 | INFO     | adsh:train:222 - [iter:37/50][code_length:16][zs_mAP:0.51994][zs_mAP_all:0.21073]
2023-11-09 05:48:43.377 | INFO     | adsh:train:138 - [epoch:1/1][cnn_loss:1.966328][hash_loss:1.815060][quan_loss:0.151269]
2023-11-09 05:48:43.411 | INFO     | adsh:train:149 - [iter:38/50][loss:2.621768][iter_time:220.43]
2023-11-09 05:58:29.682 | INFO     | adsh:train:221 - [iter:38/50][code_length:16][mAP:0.80192][mAP_all:0.80004][best_mAP:0.80192]
2023-11-09 05:58:29.683 | INFO     | adsh:train:222 - [iter:38/50][code_length:16][zs_mAP:0.52536][zs_mAP_all:0.18161]
2023-11-09 06:01:40.447 | INFO     | adsh:train:138 - [epoch:1/1][cnn_loss:1.964200][hash_loss:1.813131][quan_loss:0.151070]
2023-11-09 06:01:40.481 | INFO     | adsh:train:149 - [iter:39/50][loss:2.618939][iter_time:190.80]
2023-11-09 06:11:37.290 | INFO     | adsh:train:221 - [iter:39/50][code_length:16][mAP:0.80592][mAP_all:0.80407][best_mAP:0.80592]
2023-11-09 06:11:37.290 | INFO     | adsh:train:222 - [iter:39/50][code_length:16][zs_mAP:0.52456][zs_mAP_all:0.18919]
2023-11-09 06:15:19.165 | INFO     | adsh:train:138 - [epoch:1/1][cnn_loss:1.965149][hash_loss:1.814071][quan_loss:0.151079]
2023-11-09 06:15:19.199 | INFO     | adsh:train:149 - [iter:40/50][loss:2.620204][iter_time:221.91]
2023-11-09 06:25:08.294 | INFO     | adsh:train:221 - [iter:40/50][code_length:16][mAP:0.80852][mAP_all:0.80670][best_mAP:0.80852]
2023-11-09 06:25:08.295 | INFO     | adsh:train:222 - [iter:40/50][code_length:16][zs_mAP:0.51396][zs_mAP_all:0.18384]
2023-11-09 06:28:18.608 | INFO     | adsh:train:138 - [epoch:1/1][cnn_loss:1.963663][hash_loss:1.812732][quan_loss:0.150931]
2023-11-09 06:28:18.642 | INFO     | adsh:train:149 - [iter:41/50][loss:2.618220][iter_time:190.35]
2023-11-09 06:38:03.517 | INFO     | adsh:train:221 - [iter:41/50][code_length:16][mAP:0.80449][mAP_all:0.80257][best_mAP:0.80852]
2023-11-09 06:38:03.518 | INFO     | adsh:train:222 - [iter:41/50][code_length:16][zs_mAP:0.51988][zs_mAP_all:0.18423]
2023-11-09 06:42:22.432 | INFO     | adsh:train:138 - [epoch:1/1][cnn_loss:1.960794][hash_loss:1.810265][quan_loss:0.150529]
2023-11-09 06:42:22.465 | INFO     | adsh:train:149 - [iter:42/50][loss:2.614399][iter_time:258.95]
2023-11-09 06:52:12.227 | INFO     | adsh:train:221 - [iter:42/50][code_length:16][mAP:0.80939][mAP_all:0.80750][best_mAP:0.80939]
2023-11-09 06:52:12.228 | INFO     | adsh:train:222 - [iter:42/50][code_length:16][zs_mAP:0.51963][zs_mAP_all:0.18164]
2023-11-09 06:56:36.348 | INFO     | adsh:train:138 - [epoch:1/1][cnn_loss:1.962349][hash_loss:1.811625][quan_loss:0.150724]
2023-11-09 06:56:36.387 | INFO     | adsh:train:149 - [iter:43/50][loss:2.616459][iter_time:264.16]
2023-11-09 07:06:31.056 | INFO     | adsh:train:221 - [iter:43/50][code_length:16][mAP:0.80782][mAP_all:0.80583][best_mAP:0.80939]
2023-11-09 07:06:31.057 | INFO     | adsh:train:222 - [iter:43/50][code_length:16][zs_mAP:0.52750][zs_mAP_all:0.20943]
2023-11-09 07:09:14.417 | INFO     | adsh:train:138 - [epoch:1/1][cnn_loss:1.961319][hash_loss:1.810647][quan_loss:0.150672]
2023-11-09 07:09:14.451 | INFO     | adsh:train:149 - [iter:44/50][loss:2.615096][iter_time:163.39]
2023-11-09 07:19:17.468 | INFO     | adsh:train:221 - [iter:44/50][code_length:16][mAP:0.80837][mAP_all:0.80658][best_mAP:0.80939]
2023-11-09 07:19:17.469 | INFO     | adsh:train:222 - [iter:44/50][code_length:16][zs_mAP:0.54702][zs_mAP_all:0.19451]
2023-11-09 07:23:47.057 | INFO     | adsh:train:138 - [epoch:1/1][cnn_loss:1.960187][hash_loss:1.809646][quan_loss:0.150541]
2023-11-09 07:23:47.097 | INFO     | adsh:train:149 - [iter:45/50][loss:2.613580][iter_time:269.63]
2023-11-09 07:33:36.836 | INFO     | adsh:train:221 - [iter:45/50][code_length:16][mAP:0.80905][mAP_all:0.80684][best_mAP:0.80939]
2023-11-09 07:33:36.837 | INFO     | adsh:train:222 - [iter:45/50][code_length:16][zs_mAP:0.51412][zs_mAP_all:0.21453]
2023-11-09 07:38:19.902 | INFO     | adsh:train:138 - [epoch:1/1][cnn_loss:1.956347][hash_loss:1.806163][quan_loss:0.150184]
2023-11-09 07:38:19.941 | INFO     | adsh:train:149 - [iter:46/50][loss:2.608464][iter_time:283.10]
2023-11-09 07:48:18.928 | INFO     | adsh:train:221 - [iter:46/50][code_length:16][mAP:0.81412][mAP_all:0.81225][best_mAP:0.81412]
2023-11-09 07:48:18.929 | INFO     | adsh:train:222 - [iter:46/50][code_length:16][zs_mAP:0.53074][zs_mAP_all:0.18762]
2023-11-09 07:51:21.542 | INFO     | adsh:train:138 - [epoch:1/1][cnn_loss:1.956135][hash_loss:1.805783][quan_loss:0.150352]
2023-11-09 07:51:21.575 | INFO     | adsh:train:149 - [iter:47/50][loss:2.608177][iter_time:182.65]
2023-11-09 08:01:19.670 | INFO     | adsh:train:221 - [iter:47/50][code_length:16][mAP:0.81571][mAP_all:0.81395][best_mAP:0.81571]
2023-11-09 08:01:19.671 | INFO     | adsh:train:222 - [iter:47/50][code_length:16][zs_mAP:0.51273][zs_mAP_all:0.18207]
2023-11-09 08:05:43.108 | INFO     | adsh:train:138 - [epoch:1/1][cnn_loss:1.956137][hash_loss:1.805852][quan_loss:0.150284]
2023-11-09 08:05:43.142 | INFO     | adsh:train:149 - [iter:48/50][loss:2.608166][iter_time:263.47]
2023-11-09 08:15:35.411 | INFO     | adsh:train:221 - [iter:48/50][code_length:16][mAP:0.81409][mAP_all:0.81223][best_mAP:0.81571]
2023-11-09 08:15:35.411 | INFO     | adsh:train:222 - [iter:48/50][code_length:16][zs_mAP:0.52693][zs_mAP_all:0.19971]
2023-11-09 08:20:10.466 | INFO     | adsh:train:138 - [epoch:1/1][cnn_loss:1.956008][hash_loss:1.805714][quan_loss:0.150295]
2023-11-09 08:20:10.499 | INFO     | adsh:train:149 - [iter:49/50][loss:2.608019][iter_time:275.09]
2023-11-09 08:29:53.878 | INFO     | adsh:train:221 - [iter:49/50][code_length:16][mAP:0.81544][mAP_all:0.81363][best_mAP:0.81571]
2023-11-09 08:29:53.879 | INFO     | adsh:train:222 - [iter:49/50][code_length:16][zs_mAP:0.52843][zs_mAP_all:0.20472]
2023-11-09 08:32:42.900 | INFO     | adsh:train:138 - [epoch:1/1][cnn_loss:1.954721][hash_loss:1.804557][quan_loss:0.150163]
2023-11-09 08:32:42.933 | INFO     | adsh:train:149 - [iter:50/50][loss:2.606294][iter_time:169.05]
2023-11-09 08:42:43.710 | INFO     | adsh:train:221 - [iter:50/50][code_length:16][mAP:0.81657][mAP_all:0.81473][best_mAP:0.81657]
2023-11-09 08:42:43.711 | INFO     | adsh:train:222 - [iter:50/50][code_length:16][zs_mAP:0.52838][zs_mAP_all:0.18818]
2023-11-09 08:42:43.712 | INFO     | adsh:train:224 - [Training time:40143.93]
2023-11-09 08:42:43.724 | INFO     | __main__:run:126 - [code_length:16][map:0.8166][map_all:0.8147][zs_map:0.5284][zs_map_all:0.1882]
2023-11-09 08:47:04.743 | INFO     | adsh:train:138 - [epoch:1/1][cnn_loss:4.531860][hash_loss:4.333708][quan_loss:0.198152]
2023-11-09 08:47:04.806 | INFO     | adsh:train:149 - [iter:1/50][loss:11.146970][iter_time:260.28]
2023-11-09 08:56:49.745 | INFO     | adsh:train:221 - [iter:1/50][code_length:32][mAP:0.12625][mAP_all:0.12462][best_mAP:0.12625]
2023-11-09 08:56:49.746 | INFO     | adsh:train:222 - [iter:1/50][code_length:32][zs_mAP:0.74173][zs_mAP_all:0.40942]
2023-11-09 09:00:27.237 | INFO     | adsh:train:138 - [epoch:1/1][cnn_loss:4.001463][hash_loss:3.830005][quan_loss:0.171458]
2023-11-09 09:00:27.301 | INFO     | adsh:train:149 - [iter:2/50][loss:10.507361][iter_time:217.55]
2023-11-09 09:10:10.571 | INFO     | adsh:train:221 - [iter:2/50][code_length:32][mAP:0.67935][mAP_all:0.67703][best_mAP:0.67935]
2023-11-09 09:10:10.572 | INFO     | adsh:train:222 - [iter:2/50][code_length:32][zs_mAP:0.77349][zs_mAP_all:0.47367]
2023-11-09 09:12:35.691 | INFO     | adsh:train:138 - [epoch:1/1][cnn_loss:3.717280][hash_loss:3.565470][quan_loss:0.151810]
2023-11-09 09:12:35.760 | INFO     | adsh:train:149 - [iter:3/50][loss:9.867088][iter_time:145.19]
2023-11-09 09:22:02.925 | INFO     | adsh:train:221 - [iter:3/50][code_length:32][mAP:0.76284][mAP_all:0.76081][best_mAP:0.76284]
2023-11-09 09:22:02.927 | INFO     | adsh:train:222 - [iter:3/50][code_length:32][zs_mAP:0.79498][zs_mAP_all:0.47685]
2023-11-09 09:24:26.659 | INFO     | adsh:train:138 - [epoch:1/1][cnn_loss:3.592870][hash_loss:3.449574][quan_loss:0.143296]
2023-11-09 09:24:26.722 | INFO     | adsh:train:149 - [iter:4/50][loss:9.566085][iter_time:143.80]
2023-11-09 09:33:51.235 | INFO     | adsh:train:221 - [iter:4/50][code_length:32][mAP:0.78938][mAP_all:0.78734][best_mAP:0.78938]
2023-11-09 09:33:51.236 | INFO     | adsh:train:222 - [iter:4/50][code_length:32][zs_mAP:0.78126][zs_mAP_all:0.46818]
2023-11-09 09:36:14.679 | INFO     | adsh:train:138 - [epoch:1/1][cnn_loss:3.528526][hash_loss:3.389711][quan_loss:0.138815]
2023-11-09 09:36:14.742 | INFO     | adsh:train:149 - [iter:5/50][loss:9.405982][iter_time:143.51]
2023-11-09 09:45:41.696 | INFO     | adsh:train:221 - [iter:5/50][code_length:32][mAP:0.80355][mAP_all:0.80168][best_mAP:0.80355]
2023-11-09 09:45:41.697 | INFO     | adsh:train:222 - [iter:5/50][code_length:32][zs_mAP:0.76807][zs_mAP_all:0.50210]
2023-11-09 09:48:04.991 | INFO     | adsh:train:138 - [epoch:1/1][cnn_loss:3.479311][hash_loss:3.343943][quan_loss:0.135368]
2023-11-09 09:48:05.054 | INFO     | adsh:train:149 - [iter:6/50][loss:9.277707][iter_time:143.36]
2023-11-09 09:57:33.091 | INFO     | adsh:train:221 - [iter:6/50][code_length:32][mAP:0.81129][mAP_all:0.80956][best_mAP:0.81129]
2023-11-09 09:57:33.093 | INFO     | adsh:train:222 - [iter:6/50][code_length:32][zs_mAP:0.75921][zs_mAP_all:0.49787]
2023-11-09 09:59:56.275 | INFO     | adsh:train:138 - [epoch:1/1][cnn_loss:3.459047][hash_loss:3.325089][quan_loss:0.133959]
2023-11-09 09:59:56.338 | INFO     | adsh:train:149 - [iter:7/50][loss:9.223869][iter_time:143.24]
2023-11-09 10:09:24.148 | INFO     | adsh:train:221 - [iter:7/50][code_length:32][mAP:0.82085][mAP_all:0.81906][best_mAP:0.82085]
2023-11-09 10:09:24.149 | INFO     | adsh:train:222 - [iter:7/50][code_length:32][zs_mAP:0.75866][zs_mAP_all:0.48073]
2023-11-09 10:11:48.173 | INFO     | adsh:train:138 - [epoch:1/1][cnn_loss:3.441423][hash_loss:3.308711][quan_loss:0.132712]
2023-11-09 10:11:48.236 | INFO     | adsh:train:149 - [iter:8/50][loss:9.177057][iter_time:144.09]
2023-11-09 10:21:15.342 | INFO     | adsh:train:221 - [iter:8/50][code_length:32][mAP:0.82628][mAP_all:0.82458][best_mAP:0.82628]
2023-11-09 10:21:15.343 | INFO     | adsh:train:222 - [iter:8/50][code_length:32][zs_mAP:0.75479][zs_mAP_all:0.47850]
2023-11-09 10:23:37.920 | INFO     | adsh:train:138 - [epoch:1/1][cnn_loss:3.420882][hash_loss:3.289586][quan_loss:0.131297]
2023-11-09 10:23:37.983 | INFO     | adsh:train:149 - [iter:9/50][loss:9.122174][iter_time:142.64]
2023-11-09 10:33:04.482 | INFO     | adsh:train:221 - [iter:9/50][code_length:32][mAP:0.83092][mAP_all:0.82916][best_mAP:0.83092]
2023-11-09 10:33:04.483 | INFO     | adsh:train:222 - [iter:9/50][code_length:32][zs_mAP:0.75760][zs_mAP_all:0.48893]
2023-11-09 10:35:26.815 | INFO     | adsh:train:138 - [epoch:1/1][cnn_loss:3.407300][hash_loss:3.276811][quan_loss:0.130488]
2023-11-09 10:35:26.878 | INFO     | adsh:train:149 - [iter:10/50][loss:9.086235][iter_time:142.39]
2023-11-09 10:44:53.779 | INFO     | adsh:train:221 - [iter:10/50][code_length:32][mAP:0.83490][mAP_all:0.83313][best_mAP:0.83490]
2023-11-09 10:44:53.780 | INFO     | adsh:train:222 - [iter:10/50][code_length:32][zs_mAP:0.75617][zs_mAP_all:0.49724]
2023-11-09 10:47:16.477 | INFO     | adsh:train:138 - [epoch:1/1][cnn_loss:3.391571][hash_loss:3.262118][quan_loss:0.129453]
2023-11-09 10:47:16.540 | INFO     | adsh:train:149 - [iter:11/50][loss:9.044137][iter_time:142.76]
2023-11-09 10:56:42.535 | INFO     | adsh:train:221 - [iter:11/50][code_length:32][mAP:0.83733][mAP_all:0.83567][best_mAP:0.83733]
2023-11-09 10:56:42.536 | INFO     | adsh:train:222 - [iter:11/50][code_length:32][zs_mAP:0.72820][zs_mAP_all:0.48824]
2023-11-09 10:59:04.689 | INFO     | adsh:train:138 - [epoch:1/1][cnn_loss:3.375646][hash_loss:3.247027][quan_loss:0.128618]
2023-11-09 10:59:04.752 | INFO     | adsh:train:149 - [iter:12/50][loss:9.001795][iter_time:142.22]
2023-11-09 11:08:30.404 | INFO     | adsh:train:221 - [iter:12/50][code_length:32][mAP:0.84161][mAP_all:0.83979][best_mAP:0.84161]
2023-11-09 11:08:30.406 | INFO     | adsh:train:222 - [iter:12/50][code_length:32][zs_mAP:0.72358][zs_mAP_all:0.48964]
2023-11-09 11:10:47.373 | INFO     | adsh:train:138 - [epoch:1/1][cnn_loss:3.369355][hash_loss:3.241023][quan_loss:0.128332]
2023-11-09 11:10:47.436 | INFO     | adsh:train:149 - [iter:13/50][loss:8.984940][iter_time:137.03]
2023-11-09 11:20:14.698 | INFO     | adsh:train:221 - [iter:13/50][code_length:32][mAP:0.84425][mAP_all:0.84246][best_mAP:0.84425]
2023-11-09 11:20:14.700 | INFO     | adsh:train:222 - [iter:13/50][code_length:32][zs_mAP:0.72878][zs_mAP_all:0.47985]
2023-11-09 11:22:36.138 | INFO     | adsh:train:138 - [epoch:1/1][cnn_loss:3.347061][hash_loss:3.219908][quan_loss:0.127153]
2023-11-09 11:22:36.201 | INFO     | adsh:train:149 - [iter:14/50][loss:8.925552][iter_time:141.50]
2023-11-09 11:32:05.426 | INFO     | adsh:train:221 - [iter:14/50][code_length:32][mAP:0.84692][mAP_all:0.84520][best_mAP:0.84692]
2023-11-09 11:32:05.427 | INFO     | adsh:train:222 - [iter:14/50][code_length:32][zs_mAP:0.72765][zs_mAP_all:0.46954]
2023-11-09 11:34:27.759 | INFO     | adsh:train:138 - [epoch:1/1][cnn_loss:3.348427][hash_loss:3.221144][quan_loss:0.127283]
2023-11-09 11:34:27.822 | INFO     | adsh:train:149 - [iter:15/50][loss:8.929155][iter_time:142.39]
2023-11-09 11:43:55.398 | INFO     | adsh:train:221 - [iter:15/50][code_length:32][mAP:0.84753][mAP_all:0.84583][best_mAP:0.84753]
2023-11-09 11:43:55.400 | INFO     | adsh:train:222 - [iter:15/50][code_length:32][zs_mAP:0.71206][zs_mAP_all:0.47359]
2023-11-09 11:46:17.259 | INFO     | adsh:train:138 - [epoch:1/1][cnn_loss:3.333073][hash_loss:3.206726][quan_loss:0.126347]
2023-11-09 11:46:17.323 | INFO     | adsh:train:149 - [iter:16/50][loss:8.888156][iter_time:141.92]
2023-11-09 11:55:47.580 | INFO     | adsh:train:221 - [iter:16/50][code_length:32][mAP:0.84941][mAP_all:0.84763][best_mAP:0.84941]
2023-11-09 11:55:47.581 | INFO     | adsh:train:222 - [iter:16/50][code_length:32][zs_mAP:0.71668][zs_mAP_all:0.46745]
2023-11-09 11:58:08.881 | INFO     | adsh:train:138 - [epoch:1/1][cnn_loss:3.320343][hash_loss:3.194792][quan_loss:0.125551]
2023-11-09 11:58:08.944 | INFO     | adsh:train:149 - [iter:17/50][loss:8.854170][iter_time:141.36]
2023-11-09 12:07:35.922 | INFO     | adsh:train:221 - [iter:17/50][code_length:32][mAP:0.85068][mAP_all:0.84898][best_mAP:0.85068]
2023-11-09 12:07:35.924 | INFO     | adsh:train:222 - [iter:17/50][code_length:32][zs_mAP:0.71174][zs_mAP_all:0.46426]
2023-11-09 12:09:57.029 | INFO     | adsh:train:138 - [epoch:1/1][cnn_loss:3.315638][hash_loss:3.190323][quan_loss:0.125315]
2023-11-09 12:09:57.098 | INFO     | adsh:train:149 - [iter:18/50][loss:8.841789][iter_time:141.17]
2023-11-09 12:19:24.336 | INFO     | adsh:train:221 - [iter:18/50][code_length:32][mAP:0.85171][mAP_all:0.84998][best_mAP:0.85171]
2023-11-09 12:19:24.337 | INFO     | adsh:train:222 - [iter:18/50][code_length:32][zs_mAP:0.71600][zs_mAP_all:0.46447]
2023-11-09 12:21:46.009 | INFO     | adsh:train:138 - [epoch:1/1][cnn_loss:3.300955][hash_loss:3.176583][quan_loss:0.124371]
2023-11-09 12:21:46.072 | INFO     | adsh:train:149 - [iter:19/50][loss:8.802463][iter_time:141.73]
2023-11-09 12:31:13.576 | INFO     | adsh:train:221 - [iter:19/50][code_length:32][mAP:0.85252][mAP_all:0.85083][best_mAP:0.85252]
2023-11-09 12:31:13.577 | INFO     | adsh:train:222 - [iter:19/50][code_length:32][zs_mAP:0.70638][zs_mAP_all:0.45813]
2023-11-09 12:33:33.248 | INFO     | adsh:train:138 - [epoch:1/1][cnn_loss:3.291770][hash_loss:3.168035][quan_loss:0.123736]
2023-11-09 12:33:33.311 | INFO     | adsh:train:149 - [iter:20/50][loss:8.778058][iter_time:139.73]
2023-11-09 12:43:01.382 | INFO     | adsh:train:221 - [iter:20/50][code_length:32][mAP:0.85639][mAP_all:0.85476][best_mAP:0.85639]
2023-11-09 12:43:01.383 | INFO     | adsh:train:222 - [iter:20/50][code_length:32][zs_mAP:0.71263][zs_mAP_all:0.47100]
2023-11-09 12:45:22.980 | INFO     | adsh:train:138 - [epoch:1/1][cnn_loss:3.297882][hash_loss:3.173709][quan_loss:0.124172]
2023-11-09 12:45:23.043 | INFO     | adsh:train:149 - [iter:21/50][loss:8.794355][iter_time:141.66]
2023-11-09 12:54:50.578 | INFO     | adsh:train:221 - [iter:21/50][code_length:32][mAP:0.85747][mAP_all:0.85577][best_mAP:0.85747]
2023-11-09 12:54:50.580 | INFO     | adsh:train:222 - [iter:21/50][code_length:32][zs_mAP:0.71270][zs_mAP_all:0.47237]
2023-11-09 12:57:11.029 | INFO     | adsh:train:138 - [epoch:1/1][cnn_loss:3.278161][hash_loss:3.155263][quan_loss:0.122897]
2023-11-09 12:57:11.093 | INFO     | adsh:train:149 - [iter:22/50][loss:8.741639][iter_time:140.51]
2023-11-09 13:06:44.458 | INFO     | adsh:train:221 - [iter:22/50][code_length:32][mAP:0.85691][mAP_all:0.85520][best_mAP:0.85747]
2023-11-09 13:06:44.458 | INFO     | adsh:train:222 - [iter:22/50][code_length:32][zs_mAP:0.71037][zs_mAP_all:0.46548]
2023-11-09 13:09:18.995 | INFO     | adsh:train:138 - [epoch:1/1][cnn_loss:3.272313][hash_loss:3.149828][quan_loss:0.122485]
2023-11-09 13:09:19.061 | INFO     | adsh:train:149 - [iter:23/50][loss:8.726186][iter_time:154.60]
2023-11-09 13:19:22.228 | INFO     | adsh:train:221 - [iter:23/50][code_length:32][mAP:0.85775][mAP_all:0.85610][best_mAP:0.85775]
2023-11-09 13:19:22.230 | INFO     | adsh:train:222 - [iter:23/50][code_length:32][zs_mAP:0.71394][zs_mAP_all:0.47029]
2023-11-09 13:21:57.492 | INFO     | adsh:train:138 - [epoch:1/1][cnn_loss:3.264189][hash_loss:3.142254][quan_loss:0.121935]
2023-11-09 13:21:57.561 | INFO     | adsh:train:149 - [iter:24/50][loss:8.704508][iter_time:155.33]
2023-11-09 13:32:06.380 | INFO     | adsh:train:221 - [iter:24/50][code_length:32][mAP:0.86130][mAP_all:0.85967][best_mAP:0.86130]
2023-11-09 13:32:06.381 | INFO     | adsh:train:222 - [iter:24/50][code_length:32][zs_mAP:0.70006][zs_mAP_all:0.46124]
2023-11-09 13:34:39.688 | INFO     | adsh:train:138 - [epoch:1/1][cnn_loss:3.259705][hash_loss:3.138054][quan_loss:0.121651]
2023-11-09 13:34:39.753 | INFO     | adsh:train:149 - [iter:25/50][loss:8.692575][iter_time:153.37]
2023-11-09 13:44:48.353 | INFO     | adsh:train:221 - [iter:25/50][code_length:32][mAP:0.86338][mAP_all:0.86175][best_mAP:0.86338]
2023-11-09 13:44:48.354 | INFO     | adsh:train:222 - [iter:25/50][code_length:32][zs_mAP:0.70328][zs_mAP_all:0.46753]
2023-11-09 13:47:22.376 | INFO     | adsh:train:138 - [epoch:1/1][cnn_loss:3.254715][hash_loss:3.133528][quan_loss:0.121187]
2023-11-09 13:47:22.439 | INFO     | adsh:train:149 - [iter:26/50][loss:8.679280][iter_time:154.08]
2023-11-09 13:57:17.530 | INFO     | adsh:train:221 - [iter:26/50][code_length:32][mAP:0.85953][mAP_all:0.85778][best_mAP:0.86338]
2023-11-09 13:57:17.531 | INFO     | adsh:train:222 - [iter:26/50][code_length:32][zs_mAP:0.69794][zs_mAP_all:0.46843]
2023-11-09 13:59:53.591 | INFO     | adsh:train:138 - [epoch:1/1][cnn_loss:3.250184][hash_loss:3.129177][quan_loss:0.121007]
2023-11-09 13:59:53.654 | INFO     | adsh:train:149 - [iter:27/50][loss:8.667144][iter_time:156.12]
2023-11-09 14:09:52.369 | INFO     | adsh:train:221 - [iter:27/50][code_length:32][mAP:0.86285][mAP_all:0.86101][best_mAP:0.86338]
2023-11-09 14:09:52.369 | INFO     | adsh:train:222 - [iter:27/50][code_length:32][zs_mAP:0.68614][zs_mAP_all:0.45011]
2023-11-09 14:12:27.526 | INFO     | adsh:train:138 - [epoch:1/1][cnn_loss:3.248865][hash_loss:3.127952][quan_loss:0.120912]
2023-11-09 14:12:27.595 | INFO     | adsh:train:149 - [iter:28/50][loss:8.663602][iter_time:155.23]
2023-11-09 14:22:22.398 | INFO     | adsh:train:221 - [iter:28/50][code_length:32][mAP:0.86182][mAP_all:0.86010][best_mAP:0.86338]
2023-11-09 14:22:22.399 | INFO     | adsh:train:222 - [iter:28/50][code_length:32][zs_mAP:0.69374][zs_mAP_all:0.45567]
2023-11-09 14:25:01.913 | INFO     | adsh:train:138 - [epoch:1/1][cnn_loss:3.233732][hash_loss:3.113974][quan_loss:0.119758]
2023-11-09 14:25:01.977 | INFO     | adsh:train:149 - [iter:29/50][loss:8.623310][iter_time:159.58]
2023-11-09 14:35:05.387 | INFO     | adsh:train:221 - [iter:29/50][code_length:32][mAP:0.86391][mAP_all:0.86224][best_mAP:0.86391]
2023-11-09 14:35:05.388 | INFO     | adsh:train:222 - [iter:29/50][code_length:32][zs_mAP:0.69758][zs_mAP_all:0.45006]
2023-11-09 14:37:48.765 | INFO     | adsh:train:138 - [epoch:1/1][cnn_loss:3.234150][hash_loss:3.114290][quan_loss:0.119859]
2023-11-09 14:37:48.828 | INFO     | adsh:train:149 - [iter:30/50][loss:8.624325][iter_time:163.44]
2023-11-09 14:47:45.417 | INFO     | adsh:train:221 - [iter:30/50][code_length:32][mAP:0.86543][mAP_all:0.86365][best_mAP:0.86543]
2023-11-09 14:47:45.419 | INFO     | adsh:train:222 - [iter:30/50][code_length:32][zs_mAP:0.68775][zs_mAP_all:0.44116]
2023-11-09 14:50:30.393 | INFO     | adsh:train:138 - [epoch:1/1][cnn_loss:3.229537][hash_loss:3.110004][quan_loss:0.119533]
2023-11-09 14:50:30.456 | INFO     | adsh:train:149 - [iter:31/50][loss:8.612049][iter_time:165.04]
2023-11-09 15:00:28.544 | INFO     | adsh:train:221 - [iter:31/50][code_length:32][mAP:0.86569][mAP_all:0.86415][best_mAP:0.86569]
2023-11-09 15:00:28.545 | INFO     | adsh:train:222 - [iter:31/50][code_length:32][zs_mAP:0.67186][zs_mAP_all:0.44058]
2023-11-09 15:03:18.352 | INFO     | adsh:train:138 - [epoch:1/1][cnn_loss:3.215907][hash_loss:3.097307][quan_loss:0.118600]
2023-11-09 15:03:18.415 | INFO     | adsh:train:149 - [iter:32/50][loss:8.575686][iter_time:169.87]
2023-11-09 15:13:15.732 | INFO     | adsh:train:221 - [iter:32/50][code_length:32][mAP:0.86748][mAP_all:0.86594][best_mAP:0.86748]
2023-11-09 15:13:15.733 | INFO     | adsh:train:222 - [iter:32/50][code_length:32][zs_mAP:0.68271][zs_mAP_all:0.44306]
2023-11-09 15:16:00.370 | INFO     | adsh:train:138 - [epoch:1/1][cnn_loss:3.215680][hash_loss:3.097120][quan_loss:0.118559]
2023-11-09 15:16:00.437 | INFO     | adsh:train:149 - [iter:33/50][loss:8.575159][iter_time:164.70]
2023-11-09 15:25:50.655 | INFO     | adsh:train:221 - [iter:33/50][code_length:32][mAP:0.86753][mAP_all:0.86556][best_mAP:0.86753]
2023-11-09 15:25:50.656 | INFO     | adsh:train:222 - [iter:33/50][code_length:32][zs_mAP:0.68341][zs_mAP_all:0.44958]
2023-11-09 15:28:35.060 | INFO     | adsh:train:138 - [epoch:1/1][cnn_loss:3.212002][hash_loss:3.093705][quan_loss:0.118297]
2023-11-09 15:28:35.123 | INFO     | adsh:train:149 - [iter:34/50][loss:8.565392][iter_time:164.47]
2023-11-09 15:38:24.711 | INFO     | adsh:train:221 - [iter:34/50][code_length:32][mAP:0.86685][mAP_all:0.86523][best_mAP:0.86753]
2023-11-09 15:38:24.711 | INFO     | adsh:train:222 - [iter:34/50][code_length:32][zs_mAP:0.68485][zs_mAP_all:0.45278]
2023-11-09 15:41:06.694 | INFO     | adsh:train:138 - [epoch:1/1][cnn_loss:3.210404][hash_loss:3.092224][quan_loss:0.118180]
2023-11-09 15:41:06.757 | INFO     | adsh:train:149 - [iter:35/50][loss:8.561059][iter_time:162.05]
2023-11-09 15:50:59.634 | INFO     | adsh:train:221 - [iter:35/50][code_length:32][mAP:0.86667][mAP_all:0.86505][best_mAP:0.86753]
2023-11-09 15:50:59.635 | INFO     | adsh:train:222 - [iter:35/50][code_length:32][zs_mAP:0.67100][zs_mAP_all:0.42387]
2023-11-09 15:53:44.566 | INFO     | adsh:train:138 - [epoch:1/1][cnn_loss:3.207769][hash_loss:3.089774][quan_loss:0.117995]
2023-11-09 15:53:44.630 | INFO     | adsh:train:149 - [iter:36/50][loss:8.554050][iter_time:164.99]
2023-11-09 16:03:33.330 | INFO     | adsh:train:221 - [iter:36/50][code_length:32][mAP:0.86804][mAP_all:0.86647][best_mAP:0.86804]
2023-11-09 16:03:33.331 | INFO     | adsh:train:222 - [iter:36/50][code_length:32][zs_mAP:0.68545][zs_mAP_all:0.43217]
2023-11-09 16:06:17.732 | INFO     | adsh:train:138 - [epoch:1/1][cnn_loss:3.201173][hash_loss:3.083605][quan_loss:0.117568]
2023-11-09 16:06:17.795 | INFO     | adsh:train:149 - [iter:37/50][loss:8.536501][iter_time:164.46]
2023-11-09 16:16:09.165 | INFO     | adsh:train:221 - [iter:37/50][code_length:32][mAP:0.86876][mAP_all:0.86704][best_mAP:0.86876]
2023-11-09 16:16:09.167 | INFO     | adsh:train:222 - [iter:37/50][code_length:32][zs_mAP:0.67179][zs_mAP_all:0.42388]
2023-11-09 16:18:48.880 | INFO     | adsh:train:138 - [epoch:1/1][cnn_loss:3.203606][hash_loss:3.085921][quan_loss:0.117685]
2023-11-09 16:18:48.944 | INFO     | adsh:train:149 - [iter:38/50][loss:8.542780][iter_time:159.78]
2023-11-09 16:28:38.676 | INFO     | adsh:train:221 - [iter:38/50][code_length:32][mAP:0.86810][mAP_all:0.86651][best_mAP:0.86876]
2023-11-09 16:28:38.676 | INFO     | adsh:train:222 - [iter:38/50][code_length:32][zs_mAP:0.66639][zs_mAP_all:0.42366]
2023-11-09 16:31:23.240 | INFO     | adsh:train:138 - [epoch:1/1][cnn_loss:3.201081][hash_loss:3.083521][quan_loss:0.117561]
2023-11-09 16:31:23.304 | INFO     | adsh:train:149 - [iter:39/50][loss:8.536277][iter_time:164.63]
2023-11-09 16:41:13.514 | INFO     | adsh:train:221 - [iter:39/50][code_length:32][mAP:0.86995][mAP_all:0.86819][best_mAP:0.86995]
2023-11-09 16:41:13.515 | INFO     | adsh:train:222 - [iter:39/50][code_length:32][zs_mAP:0.66878][zs_mAP_all:0.43123]
2023-11-09 16:43:55.465 | INFO     | adsh:train:138 - [epoch:1/1][cnn_loss:3.191468][hash_loss:3.074536][quan_loss:0.116933]
2023-11-09 16:43:55.529 | INFO     | adsh:train:149 - [iter:40/50][loss:8.510620][iter_time:162.01]
2023-11-09 16:53:43.187 | INFO     | adsh:train:221 - [iter:40/50][code_length:32][mAP:0.86971][mAP_all:0.86804][best_mAP:0.86995]
2023-11-09 16:53:43.187 | INFO     | adsh:train:222 - [iter:40/50][code_length:32][zs_mAP:0.67636][zs_mAP_all:0.42314]
2023-11-09 16:56:25.536 | INFO     | adsh:train:138 - [epoch:1/1][cnn_loss:3.190860][hash_loss:3.074040][quan_loss:0.116820]
2023-11-09 16:56:25.605 | INFO     | adsh:train:149 - [iter:41/50][loss:8.508999][iter_time:162.42]
2023-11-09 17:06:02.694 | INFO     | adsh:train:221 - [iter:41/50][code_length:32][mAP:0.86980][mAP_all:0.86798][best_mAP:0.86995]
2023-11-09 17:06:02.694 | INFO     | adsh:train:222 - [iter:41/50][code_length:32][zs_mAP:0.67170][zs_mAP_all:0.42830]
2023-11-09 17:08:37.976 | INFO     | adsh:train:138 - [epoch:1/1][cnn_loss:3.180359][hash_loss:3.064250][quan_loss:0.116109]
2023-11-09 17:08:38.040 | INFO     | adsh:train:149 - [iter:42/50][loss:8.480996][iter_time:155.35]
2023-11-09 17:18:58.110 | INFO     | adsh:train:221 - [iter:42/50][code_length:32][mAP:0.86949][mAP_all:0.86765][best_mAP:0.86995]
2023-11-09 17:18:58.111 | INFO     | adsh:train:222 - [iter:42/50][code_length:32][zs_mAP:0.63756][zs_mAP_all:0.40075]
2023-11-09 17:21:46.342 | INFO     | adsh:train:138 - [epoch:1/1][cnn_loss:3.184398][hash_loss:3.067963][quan_loss:0.116435]
2023-11-09 17:21:46.411 | INFO     | adsh:train:149 - [iter:43/50][loss:8.491693][iter_time:168.30]
2023-11-09 17:32:05.659 | INFO     | adsh:train:221 - [iter:43/50][code_length:32][mAP:0.87067][mAP_all:0.86908][best_mAP:0.87067]
2023-11-09 17:32:05.660 | INFO     | adsh:train:222 - [iter:43/50][code_length:32][zs_mAP:0.65890][zs_mAP_all:0.41158]
2023-11-09 17:35:17.326 | INFO     | adsh:train:138 - [epoch:1/1][cnn_loss:3.178309][hash_loss:3.062340][quan_loss:0.115969]
2023-11-09 17:35:17.389 | INFO     | adsh:train:149 - [iter:44/50][loss:8.475475][iter_time:191.73]
2023-11-09 17:45:21.974 | INFO     | adsh:train:221 - [iter:44/50][code_length:32][mAP:0.87332][mAP_all:0.87145][best_mAP:0.87332]
2023-11-09 17:45:21.975 | INFO     | adsh:train:222 - [iter:44/50][code_length:32][zs_mAP:0.66860][zs_mAP_all:0.43242]
2023-11-09 17:48:16.376 | INFO     | adsh:train:138 - [epoch:1/1][cnn_loss:3.179539][hash_loss:3.063467][quan_loss:0.116073]
2023-11-09 17:48:16.440 | INFO     | adsh:train:149 - [iter:45/50][loss:8.478754][iter_time:174.46]
2023-11-09 17:58:11.517 | INFO     | adsh:train:221 - [iter:45/50][code_length:32][mAP:0.87134][mAP_all:0.86967][best_mAP:0.87332]
2023-11-09 17:58:11.518 | INFO     | adsh:train:222 - [iter:45/50][code_length:32][zs_mAP:0.64717][zs_mAP_all:0.40667]
2023-11-09 18:01:08.746 | INFO     | adsh:train:138 - [epoch:1/1][cnn_loss:3.167183][hash_loss:3.051782][quan_loss:0.115401]
2023-11-09 18:01:08.810 | INFO     | adsh:train:149 - [iter:46/50][loss:8.445896][iter_time:177.29]
2023-11-09 18:11:14.282 | INFO     | adsh:train:221 - [iter:46/50][code_length:32][mAP:0.87286][mAP_all:0.87111][best_mAP:0.87332]
2023-11-09 18:11:14.282 | INFO     | adsh:train:222 - [iter:46/50][code_length:32][zs_mAP:0.66357][zs_mAP_all:0.42633]
2023-11-09 18:14:05.922 | INFO     | adsh:train:138 - [epoch:1/1][cnn_loss:3.167041][hash_loss:3.051551][quan_loss:0.115490]
2023-11-09 18:14:05.991 | INFO     | adsh:train:149 - [iter:47/50][loss:8.445438][iter_time:171.71]
2023-11-09 18:24:18.335 | INFO     | adsh:train:221 - [iter:47/50][code_length:32][mAP:0.87239][mAP_all:0.87080][best_mAP:0.87332]
2023-11-09 18:24:18.335 | INFO     | adsh:train:222 - [iter:47/50][code_length:32][zs_mAP:0.65866][zs_mAP_all:0.41148]
2023-11-09 18:27:09.300 | INFO     | adsh:train:138 - [epoch:1/1][cnn_loss:3.166922][hash_loss:3.051504][quan_loss:0.115418]
2023-11-09 18:27:09.374 | INFO     | adsh:train:149 - [iter:48/50][loss:8.445062][iter_time:171.04]
2023-11-09 18:37:19.648 | INFO     | adsh:train:221 - [iter:48/50][code_length:32][mAP:0.87335][mAP_all:0.87139][best_mAP:0.87335]
2023-11-09 18:37:19.649 | INFO     | adsh:train:222 - [iter:48/50][code_length:32][zs_mAP:0.66416][zs_mAP_all:0.43597]
2023-11-09 18:40:19.239 | INFO     | adsh:train:138 - [epoch:1/1][cnn_loss:3.159056][hash_loss:3.044117][quan_loss:0.114938]
2023-11-09 18:40:19.308 | INFO     | adsh:train:149 - [iter:49/50][loss:8.424085][iter_time:179.66]
2023-11-09 18:50:38.309 | INFO     | adsh:train:221 - [iter:49/50][code_length:32][mAP:0.87150][mAP_all:0.87001][best_mAP:0.87335]
2023-11-09 18:50:38.309 | INFO     | adsh:train:222 - [iter:49/50][code_length:32][zs_mAP:0.66361][zs_mAP_all:0.42870]
2023-11-09 18:53:33.219 | INFO     | adsh:train:138 - [epoch:1/1][cnn_loss:3.168097][hash_loss:3.052550][quan_loss:0.115547]
2023-11-09 18:53:33.283 | INFO     | adsh:train:149 - [iter:50/50][loss:8.448259][iter_time:174.97]
2023-11-09 19:03:47.632 | INFO     | adsh:train:221 - [iter:50/50][code_length:32][mAP:0.87268][mAP_all:0.87094][best_mAP:0.87335]
2023-11-09 19:03:47.633 | INFO     | adsh:train:222 - [iter:50/50][code_length:32][zs_mAP:0.66475][zs_mAP_all:0.41286]
2023-11-09 19:03:47.633 | INFO     | adsh:train:224 - [Training time:37263.11]
2023-11-09 19:03:47.650 | INFO     | __main__:run:126 - [code_length:32][map:0.8734][map_all:0.8714][zs_map:0.6642][zs_map_all:0.4360]
2023-11-09 19:06:20.267 | INFO     | adsh:train:138 - [epoch:1/1][cnn_loss:8.687388][hash_loss:8.487780][quan_loss:0.199608]
2023-11-09 19:06:20.418 | INFO     | adsh:train:149 - [iter:1/50][loss:41.635124][iter_time:152.11]
2023-11-09 19:16:34.630 | INFO     | adsh:train:221 - [iter:1/50][code_length:64][mAP:0.35688][mAP_all:0.35413][best_mAP:0.35688]
2023-11-09 19:16:34.631 | INFO     | adsh:train:222 - [iter:1/50][code_length:64][zs_mAP:0.84618][zs_mAP_all:0.65855]
2023-11-09 19:19:09.215 | INFO     | adsh:train:138 - [epoch:1/1][cnn_loss:7.317762][hash_loss:7.155337][quan_loss:0.162425]
2023-11-09 19:19:09.359 | INFO     | adsh:train:149 - [iter:2/50][loss:38.431152][iter_time:154.73]
2023-11-09 19:29:28.149 | INFO     | adsh:train:221 - [iter:2/50][code_length:64][mAP:0.80353][mAP_all:0.80231][best_mAP:0.80353]
2023-11-09 19:29:28.150 | INFO     | adsh:train:222 - [iter:2/50][code_length:64][zs_mAP:0.87025][zs_mAP_all:0.71350]
2023-11-09 19:32:04.447 | INFO     | adsh:train:138 - [epoch:1/1][cnn_loss:6.475420][hash_loss:6.338982][quan_loss:0.136439]
2023-11-09 19:32:04.590 | INFO     | adsh:train:149 - [iter:3/50][loss:34.286335][iter_time:156.44]
2023-11-09 19:42:22.832 | INFO     | adsh:train:221 - [iter:3/50][code_length:64][mAP:0.83358][mAP_all:0.83288][best_mAP:0.83358]
2023-11-09 19:42:22.833 | INFO     | adsh:train:222 - [iter:3/50][code_length:64][zs_mAP:0.87899][zs_mAP_all:0.71359]
2023-11-09 19:44:54.584 | INFO     | adsh:train:138 - [epoch:1/1][cnn_loss:6.030833][hash_loss:5.906657][quan_loss:0.124176]
2023-11-09 19:44:54.729 | INFO     | adsh:train:149 - [iter:4/50][loss:32.064270][iter_time:151.90]
2023-11-09 19:55:12.987 | INFO     | adsh:train:221 - [iter:4/50][code_length:64][mAP:0.84552][mAP_all:0.84476][best_mAP:0.84552]
2023-11-09 19:55:12.988 | INFO     | adsh:train:222 - [iter:4/50][code_length:64][zs_mAP:0.87261][zs_mAP_all:0.69785]
2023-11-09 19:57:47.895 | INFO     | adsh:train:138 - [epoch:1/1][cnn_loss:5.727222][hash_loss:5.610968][quan_loss:0.116254]
2023-11-09 19:57:48.039 | INFO     | adsh:train:149 - [iter:5/50][loss:30.486597][iter_time:155.05]
2023-11-09 20:08:03.781 | INFO     | adsh:train:221 - [iter:5/50][code_length:64][mAP:0.85237][mAP_all:0.85157][best_mAP:0.85237]
2023-11-09 20:08:03.782 | INFO     | adsh:train:222 - [iter:5/50][code_length:64][zs_mAP:0.86395][zs_mAP_all:0.68651]
2023-11-09 20:10:41.703 | INFO     | adsh:train:138 - [epoch:1/1][cnn_loss:5.495362][hash_loss:5.384805][quan_loss:0.110557]
2023-11-09 20:10:41.852 | INFO     | adsh:train:149 - [iter:6/50][loss:29.281195][iter_time:158.07]
2023-11-09 20:20:59.683 | INFO     | adsh:train:221 - [iter:6/50][code_length:64][mAP:0.85513][mAP_all:0.85437][best_mAP:0.85513]
2023-11-09 20:20:59.685 | INFO     | adsh:train:222 - [iter:6/50][code_length:64][zs_mAP:0.83666][zs_mAP_all:0.66132]
2023-11-09 20:23:43.184 | INFO     | adsh:train:138 - [epoch:1/1][cnn_loss:5.349125][hash_loss:5.241831][quan_loss:0.107294]
2023-11-09 20:23:43.328 | INFO     | adsh:train:149 - [iter:7/50][loss:28.518032][iter_time:163.64]
2023-11-09 20:33:58.021 | INFO     | adsh:train:221 - [iter:7/50][code_length:64][mAP:0.86158][mAP_all:0.86080][best_mAP:0.86158]
2023-11-09 20:33:58.022 | INFO     | adsh:train:222 - [iter:7/50][code_length:64][zs_mAP:0.83276][zs_mAP_all:0.62209]
2023-11-09 20:36:44.765 | INFO     | adsh:train:138 - [epoch:1/1][cnn_loss:5.231826][hash_loss:5.127100][quan_loss:0.104725]
2023-11-09 20:36:44.914 | INFO     | adsh:train:149 - [iter:8/50][loss:27.900829][iter_time:166.89]
2023-11-09 20:46:58.772 | INFO     | adsh:train:221 - [iter:8/50][code_length:64][mAP:0.86371][mAP_all:0.86295][best_mAP:0.86371]
2023-11-09 20:46:58.773 | INFO     | adsh:train:222 - [iter:8/50][code_length:64][zs_mAP:0.82614][zs_mAP_all:0.62984]
2023-11-09 20:50:06.763 | INFO     | adsh:train:138 - [epoch:1/1][cnn_loss:5.116471][hash_loss:5.014384][quan_loss:0.102087]
2023-11-09 20:50:06.908 | INFO     | adsh:train:149 - [iter:9/50][loss:27.285326][iter_time:188.13]
2023-11-09 20:59:51.145 | INFO     | adsh:train:221 - [iter:9/50][code_length:64][mAP:0.86684][mAP_all:0.86586][best_mAP:0.86684]
2023-11-09 20:59:51.147 | INFO     | adsh:train:222 - [iter:9/50][code_length:64][zs_mAP:0.82759][zs_mAP_all:0.61535]
2023-11-09 21:02:20.235 | INFO     | adsh:train:138 - [epoch:1/1][cnn_loss:5.022144][hash_loss:4.922161][quan_loss:0.099983]
2023-11-09 21:02:20.378 | INFO     | adsh:train:149 - [iter:10/50][loss:26.782974][iter_time:149.23]
2023-11-09 21:12:32.353 | INFO     | adsh:train:221 - [iter:10/50][code_length:64][mAP:0.86810][mAP_all:0.86741][best_mAP:0.86810]
2023-11-09 21:12:32.355 | INFO     | adsh:train:222 - [iter:10/50][code_length:64][zs_mAP:0.80450][zs_mAP_all:0.58591]
2023-11-09 21:15:24.548 | INFO     | adsh:train:138 - [epoch:1/1][cnn_loss:4.929597][hash_loss:4.831677][quan_loss:0.097920]
2023-11-09 21:15:24.691 | INFO     | adsh:train:149 - [iter:11/50][loss:26.290798][iter_time:172.34]
2023-11-09 21:25:33.738 | INFO     | adsh:train:221 - [iter:11/50][code_length:64][mAP:0.87124][mAP_all:0.87025][best_mAP:0.87124]
2023-11-09 21:25:33.739 | INFO     | adsh:train:222 - [iter:11/50][code_length:64][zs_mAP:0.79375][zs_mAP_all:0.57867]
2023-11-09 21:28:26.089 | INFO     | adsh:train:138 - [epoch:1/1][cnn_loss:4.875709][hash_loss:4.778894][quan_loss:0.096815]
2023-11-09 21:28:26.239 | INFO     | adsh:train:149 - [iter:12/50][loss:26.003325][iter_time:172.50]
2023-11-09 21:38:46.379 | INFO     | adsh:train:221 - [iter:12/50][code_length:64][mAP:0.87452][mAP_all:0.87355][best_mAP:0.87452]
2023-11-09 21:38:46.380 | INFO     | adsh:train:222 - [iter:12/50][code_length:64][zs_mAP:0.77057][zs_mAP_all:0.54075]
2023-11-09 21:41:44.004 | INFO     | adsh:train:138 - [epoch:1/1][cnn_loss:4.783431][hash_loss:4.688881][quan_loss:0.094550]
2023-11-09 21:41:44.150 | INFO     | adsh:train:149 - [iter:13/50][loss:25.512024][iter_time:177.77]
2023-11-09 21:52:00.388 | INFO     | adsh:train:221 - [iter:13/50][code_length:64][mAP:0.87691][mAP_all:0.87587][best_mAP:0.87691]
2023-11-09 21:52:00.388 | INFO     | adsh:train:222 - [iter:13/50][code_length:64][zs_mAP:0.77540][zs_mAP_all:0.54610]
2023-11-09 21:54:56.652 | INFO     | adsh:train:138 - [epoch:1/1][cnn_loss:4.763629][hash_loss:4.669300][quan_loss:0.094328]
2023-11-09 21:54:56.801 | INFO     | adsh:train:149 - [iter:14/50][loss:25.406546][iter_time:176.41]
2023-11-09 22:05:07.735 | INFO     | adsh:train:221 - [iter:14/50][code_length:64][mAP:0.87572][mAP_all:0.87465][best_mAP:0.87691]
2023-11-09 22:05:07.736 | INFO     | adsh:train:222 - [iter:14/50][code_length:64][zs_mAP:0.76069][zs_mAP_all:0.53300]
2023-11-09 22:08:16.042 | INFO     | adsh:train:138 - [epoch:1/1][cnn_loss:4.696034][hash_loss:4.603292][quan_loss:0.092742]
2023-11-09 22:08:16.195 | INFO     | adsh:train:149 - [iter:15/50][loss:25.045259][iter_time:188.46]
2023-11-09 22:18:27.377 | INFO     | adsh:train:221 - [iter:15/50][code_length:64][mAP:0.87802][mAP_all:0.87678][best_mAP:0.87802]
2023-11-09 22:18:27.378 | INFO     | adsh:train:222 - [iter:15/50][code_length:64][zs_mAP:0.74621][zs_mAP_all:0.50996]
2023-11-09 22:21:38.116 | INFO     | adsh:train:138 - [epoch:1/1][cnn_loss:4.620654][hash_loss:4.529622][quan_loss:0.091032]
2023-11-09 22:21:38.259 | INFO     | adsh:train:149 - [iter:16/50][loss:24.643137][iter_time:190.88]
2023-11-09 22:31:47.398 | INFO     | adsh:train:221 - [iter:16/50][code_length:64][mAP:0.87661][mAP_all:0.87513][best_mAP:0.87802]
2023-11-09 22:31:47.398 | INFO     | adsh:train:222 - [iter:16/50][code_length:64][zs_mAP:0.74772][zs_mAP_all:0.51850]
2023-11-09 22:34:47.382 | INFO     | adsh:train:138 - [epoch:1/1][cnn_loss:4.593825][hash_loss:4.503412][quan_loss:0.090413]
2023-11-09 22:34:47.528 | INFO     | adsh:train:149 - [iter:17/50][loss:24.500893][iter_time:180.13]
2023-11-09 22:44:58.773 | INFO     | adsh:train:221 - [iter:17/50][code_length:64][mAP:0.87656][mAP_all:0.87546][best_mAP:0.87802]
2023-11-09 22:44:58.773 | INFO     | adsh:train:222 - [iter:17/50][code_length:64][zs_mAP:0.76570][zs_mAP_all:0.52086]
2023-11-09 22:48:00.135 | INFO     | adsh:train:138 - [epoch:1/1][cnn_loss:4.555144][hash_loss:4.465435][quan_loss:0.089709]
2023-11-09 22:48:00.278 | INFO     | adsh:train:149 - [iter:18/50][loss:24.294003][iter_time:181.50]
2023-11-09 22:58:07.920 | INFO     | adsh:train:221 - [iter:18/50][code_length:64][mAP:0.87777][mAP_all:0.87663][best_mAP:0.87802]
2023-11-09 22:58:07.920 | INFO     | adsh:train:222 - [iter:18/50][code_length:64][zs_mAP:0.74441][zs_mAP_all:0.50728]
2023-11-09 23:01:09.403 | INFO     | adsh:train:138 - [epoch:1/1][cnn_loss:4.532070][hash_loss:4.442925][quan_loss:0.089145]
2023-11-09 23:01:09.547 | INFO     | adsh:train:149 - [iter:19/50][loss:24.170933][iter_time:181.63]
2023-11-09 23:11:21.852 | INFO     | adsh:train:221 - [iter:19/50][code_length:64][mAP:0.87798][mAP_all:0.87677][best_mAP:0.87802]
2023-11-09 23:11:21.853 | INFO     | adsh:train:222 - [iter:19/50][code_length:64][zs_mAP:0.72663][zs_mAP_all:0.47817]
2023-11-09 23:14:20.055 | INFO     | adsh:train:138 - [epoch:1/1][cnn_loss:4.473262][hash_loss:4.385509][quan_loss:0.087754]
2023-11-09 23:14:20.200 | INFO     | adsh:train:149 - [iter:20/50][loss:23.856962][iter_time:178.35]
2023-11-09 23:24:30.342 | INFO     | adsh:train:221 - [iter:20/50][code_length:64][mAP:0.88041][mAP_all:0.87924][best_mAP:0.88041]
2023-11-09 23:24:30.344 | INFO     | adsh:train:222 - [iter:20/50][code_length:64][zs_mAP:0.73041][zs_mAP_all:0.48330]
2023-11-09 23:27:30.727 | INFO     | adsh:train:138 - [epoch:1/1][cnn_loss:4.445934][hash_loss:4.358703][quan_loss:0.087231]
2023-11-09 23:27:30.879 | INFO     | adsh:train:149 - [iter:21/50][loss:23.711121][iter_time:180.53]
2023-11-09 23:37:40.086 | INFO     | adsh:train:221 - [iter:21/50][code_length:64][mAP:0.88099][mAP_all:0.87975][best_mAP:0.88099]
2023-11-09 23:37:40.088 | INFO     | adsh:train:222 - [iter:21/50][code_length:64][zs_mAP:0.71533][zs_mAP_all:0.46641]
2023-11-09 23:40:38.098 | INFO     | adsh:train:138 - [epoch:1/1][cnn_loss:4.411946][hash_loss:4.325408][quan_loss:0.086538]
2023-11-09 23:40:38.241 | INFO     | adsh:train:149 - [iter:22/50][loss:23.530561][iter_time:178.15]
2023-11-09 23:50:49.223 | INFO     | adsh:train:221 - [iter:22/50][code_length:64][mAP:0.87822][mAP_all:0.87706][best_mAP:0.88099]
2023-11-09 23:50:49.223 | INFO     | adsh:train:222 - [iter:22/50][code_length:64][zs_mAP:0.70673][zs_mAP_all:0.47077]
2023-11-09 23:53:39.489 | INFO     | adsh:train:138 - [epoch:1/1][cnn_loss:4.411097][hash_loss:4.324494][quan_loss:0.086603]
2023-11-09 23:53:39.633 | INFO     | adsh:train:149 - [iter:23/50][loss:23.525583][iter_time:170.41]
2023-11-10 00:03:51.322 | INFO     | adsh:train:221 - [iter:23/50][code_length:64][mAP:0.87863][mAP_all:0.87736][best_mAP:0.88099]
2023-11-10 00:03:51.323 | INFO     | adsh:train:222 - [iter:23/50][code_length:64][zs_mAP:0.71806][zs_mAP_all:0.45801]
2023-11-10 00:06:34.730 | INFO     | adsh:train:138 - [epoch:1/1][cnn_loss:4.378298][hash_loss:4.292464][quan_loss:0.085834]
2023-11-10 00:06:34.876 | INFO     | adsh:train:149 - [iter:24/50][loss:23.351082][iter_time:163.55]
2023-11-10 00:16:40.786 | INFO     | adsh:train:221 - [iter:24/50][code_length:64][mAP:0.88132][mAP_all:0.88003][best_mAP:0.88132]
2023-11-10 00:16:40.787 | INFO     | adsh:train:222 - [iter:24/50][code_length:64][zs_mAP:0.68222][zs_mAP_all:0.42731]
2023-11-10 00:19:12.084 | INFO     | adsh:train:138 - [epoch:1/1][cnn_loss:4.358178][hash_loss:4.272708][quan_loss:0.085470]
2023-11-10 00:19:12.230 | INFO     | adsh:train:149 - [iter:25/50][loss:23.243372][iter_time:151.44]
2023-11-10 00:29:13.964 | INFO     | adsh:train:221 - [iter:25/50][code_length:64][mAP:0.88160][mAP_all:0.88027][best_mAP:0.88160]
2023-11-10 00:29:13.965 | INFO     | adsh:train:222 - [iter:25/50][code_length:64][zs_mAP:0.69219][zs_mAP_all:0.43160]
2023-11-10 00:31:43.943 | INFO     | adsh:train:138 - [epoch:1/1][cnn_loss:4.329068][hash_loss:4.244222][quan_loss:0.084845]
2023-11-10 00:31:44.086 | INFO     | adsh:train:149 - [iter:26/50][loss:23.087730][iter_time:150.12]
2023-11-10 00:41:45.443 | INFO     | adsh:train:221 - [iter:26/50][code_length:64][mAP:0.88020][mAP_all:0.87900][best_mAP:0.88160]
2023-11-10 00:41:45.443 | INFO     | adsh:train:222 - [iter:26/50][code_length:64][zs_mAP:0.69661][zs_mAP_all:0.41985]
2023-11-10 00:44:19.771 | INFO     | adsh:train:138 - [epoch:1/1][cnn_loss:4.312952][hash_loss:4.228447][quan_loss:0.084505]
2023-11-10 00:44:19.918 | INFO     | adsh:train:149 - [iter:27/50][loss:23.002558][iter_time:154.47]
2023-11-10 00:54:20.201 | INFO     | adsh:train:221 - [iter:27/50][code_length:64][mAP:0.88225][mAP_all:0.88113][best_mAP:0.88225]
2023-11-10 00:54:20.202 | INFO     | adsh:train:222 - [iter:27/50][code_length:64][zs_mAP:0.69881][zs_mAP_all:0.41701]
2023-11-10 00:56:52.186 | INFO     | adsh:train:138 - [epoch:1/1][cnn_loss:4.279372][hash_loss:4.195721][quan_loss:0.083651]
2023-11-10 00:56:52.335 | INFO     | adsh:train:149 - [iter:28/50][loss:22.822706][iter_time:152.13]
2023-11-10 01:06:54.088 | INFO     | adsh:train:221 - [iter:28/50][code_length:64][mAP:0.88350][mAP_all:0.88212][best_mAP:0.88350]
2023-11-10 01:06:54.089 | INFO     | adsh:train:222 - [iter:28/50][code_length:64][zs_mAP:0.70197][zs_mAP_all:0.43189]
2023-11-10 01:09:28.012 | INFO     | adsh:train:138 - [epoch:1/1][cnn_loss:4.277336][hash_loss:4.193605][quan_loss:0.083731]
2023-11-10 01:09:28.156 | INFO     | adsh:train:149 - [iter:29/50][loss:22.812782][iter_time:154.07]
2023-11-10 01:19:25.192 | INFO     | adsh:train:221 - [iter:29/50][code_length:64][mAP:0.88092][mAP_all:0.87958][best_mAP:0.88350]
2023-11-10 01:19:25.192 | INFO     | adsh:train:222 - [iter:29/50][code_length:64][zs_mAP:0.67805][zs_mAP_all:0.42466]
2023-11-10 01:22:01.846 | INFO     | adsh:train:138 - [epoch:1/1][cnn_loss:4.241786][hash_loss:4.158763][quan_loss:0.083023]
2023-11-10 01:22:01.992 | INFO     | adsh:train:149 - [iter:30/50][loss:22.623039][iter_time:156.80]
2023-11-10 01:31:59.558 | INFO     | adsh:train:221 - [iter:30/50][code_length:64][mAP:0.88105][mAP_all:0.87976][best_mAP:0.88350]
2023-11-10 01:31:59.559 | INFO     | adsh:train:222 - [iter:30/50][code_length:64][zs_mAP:0.67795][zs_mAP_all:0.41056]
2023-11-10 01:34:37.053 | INFO     | adsh:train:138 - [epoch:1/1][cnn_loss:4.223958][hash_loss:4.141499][quan_loss:0.082459]
2023-11-10 01:34:37.198 | INFO     | adsh:train:149 - [iter:31/50][loss:22.527645][iter_time:157.64]
2023-11-10 01:44:37.463 | INFO     | adsh:train:221 - [iter:31/50][code_length:64][mAP:0.87974][mAP_all:0.87834][best_mAP:0.88350]
2023-11-10 01:44:37.464 | INFO     | adsh:train:222 - [iter:31/50][code_length:64][zs_mAP:0.66221][zs_mAP_all:0.39826]
2023-11-10 01:47:21.294 | INFO     | adsh:train:138 - [epoch:1/1][cnn_loss:4.229696][hash_loss:4.146865][quan_loss:0.082831]
2023-11-10 01:47:21.439 | INFO     | adsh:train:149 - [iter:32/50][loss:22.558422][iter_time:163.98]
2023-11-10 01:57:29.452 | INFO     | adsh:train:221 - [iter:32/50][code_length:64][mAP:0.88220][mAP_all:0.88058][best_mAP:0.88350]
2023-11-10 01:57:29.453 | INFO     | adsh:train:222 - [iter:32/50][code_length:64][zs_mAP:0.67910][zs_mAP_all:0.38469]
2023-11-10 02:02:36.091 | INFO     | adsh:train:138 - [epoch:1/1][cnn_loss:4.204364][hash_loss:4.122244][quan_loss:0.082120]
2023-11-10 02:02:36.243 | INFO     | adsh:train:149 - [iter:33/50][loss:22.423189][iter_time:306.79]
2023-11-10 02:12:45.570 | INFO     | adsh:train:221 - [iter:33/50][code_length:64][mAP:0.87950][mAP_all:0.87790][best_mAP:0.88350]
2023-11-10 02:12:45.571 | INFO     | adsh:train:222 - [iter:33/50][code_length:64][zs_mAP:0.66376][zs_mAP_all:0.39319]
2023-11-10 02:18:06.163 | INFO     | adsh:train:138 - [epoch:1/1][cnn_loss:4.195611][hash_loss:4.113629][quan_loss:0.081982]
2023-11-10 02:18:06.313 | INFO     | adsh:train:149 - [iter:34/50][loss:22.376150][iter_time:320.74]
2023-11-10 02:28:17.401 | INFO     | adsh:train:221 - [iter:34/50][code_length:64][mAP:0.87998][mAP_all:0.87834][best_mAP:0.88350]
2023-11-10 02:28:17.402 | INFO     | adsh:train:222 - [iter:34/50][code_length:64][zs_mAP:0.65785][zs_mAP_all:0.38521]
2023-11-10 02:33:29.824 | INFO     | adsh:train:138 - [epoch:1/1][cnn_loss:4.169609][hash_loss:4.088283][quan_loss:0.081326]
2023-11-10 02:33:29.967 | INFO     | adsh:train:149 - [iter:35/50][loss:22.238222][iter_time:312.56]
2023-11-10 02:43:38.357 | INFO     | adsh:train:221 - [iter:35/50][code_length:64][mAP:0.88282][mAP_all:0.88141][best_mAP:0.88350]
2023-11-10 02:43:38.358 | INFO     | adsh:train:222 - [iter:35/50][code_length:64][zs_mAP:0.65724][zs_mAP_all:0.38605]
2023-11-10 02:49:24.582 | INFO     | adsh:train:138 - [epoch:1/1][cnn_loss:4.147556][hash_loss:4.066678][quan_loss:0.080877]
2023-11-10 02:49:24.727 | INFO     | adsh:train:149 - [iter:36/50][loss:22.119240][iter_time:346.37]
2023-11-10 02:59:32.051 | INFO     | adsh:train:221 - [iter:36/50][code_length:64][mAP:0.87989][mAP_all:0.87836][best_mAP:0.88350]
2023-11-10 02:59:32.052 | INFO     | adsh:train:222 - [iter:36/50][code_length:64][zs_mAP:0.64990][zs_mAP_all:0.38939]
2023-11-10 03:05:40.627 | INFO     | adsh:train:138 - [epoch:1/1][cnn_loss:4.128563][hash_loss:4.048200][quan_loss:0.080363]
2023-11-10 03:05:40.770 | INFO     | adsh:train:149 - [iter:37/50][loss:22.018602][iter_time:368.72]
2023-11-10 03:15:50.647 | INFO     | adsh:train:221 - [iter:37/50][code_length:64][mAP:0.88133][mAP_all:0.87965][best_mAP:0.88350]
2023-11-10 03:15:50.647 | INFO     | adsh:train:222 - [iter:37/50][code_length:64][zs_mAP:0.66452][zs_mAP_all:0.38703]
2023-11-10 03:22:11.487 | INFO     | adsh:train:138 - [epoch:1/1][cnn_loss:4.138773][hash_loss:4.058101][quan_loss:0.080672]
2023-11-10 03:22:11.630 | INFO     | adsh:train:149 - [iter:38/50][loss:22.073589][iter_time:380.98]
2023-11-10 03:31:55.196 | INFO     | adsh:train:221 - [iter:38/50][code_length:64][mAP:0.88085][mAP_all:0.87912][best_mAP:0.88350]
2023-11-10 03:31:55.197 | INFO     | adsh:train:222 - [iter:38/50][code_length:64][zs_mAP:0.64816][zs_mAP_all:0.39582]
2023-11-10 03:34:59.391 | INFO     | adsh:train:138 - [epoch:1/1][cnn_loss:4.109762][hash_loss:4.029733][quan_loss:0.080029]
2023-11-10 03:34:59.534 | INFO     | adsh:train:149 - [iter:39/50][loss:21.918379][iter_time:184.34]
2023-11-10 03:44:46.713 | INFO     | adsh:train:221 - [iter:39/50][code_length:64][mAP:0.88148][mAP_all:0.87978][best_mAP:0.88350]
2023-11-10 03:44:46.713 | INFO     | adsh:train:222 - [iter:39/50][code_length:64][zs_mAP:0.64942][zs_mAP_all:0.37513]
2023-11-10 03:48:00.656 | INFO     | adsh:train:138 - [epoch:1/1][cnn_loss:4.102009][hash_loss:4.022205][quan_loss:0.079804]
2023-11-10 03:48:00.800 | INFO     | adsh:train:149 - [iter:40/50][loss:21.877483][iter_time:194.09]
2023-11-10 03:57:55.938 | INFO     | adsh:train:221 - [iter:40/50][code_length:64][mAP:0.87876][mAP_all:0.87722][best_mAP:0.88350]
2023-11-10 03:57:55.938 | INFO     | adsh:train:222 - [iter:40/50][code_length:64][zs_mAP:0.63127][zs_mAP_all:0.36866]
2023-11-10 04:01:01.940 | INFO     | adsh:train:138 - [epoch:1/1][cnn_loss:4.088189][hash_loss:4.008644][quan_loss:0.079545]
2023-11-10 04:01:02.084 | INFO     | adsh:train:149 - [iter:41/50][loss:21.803902][iter_time:186.15]
2023-11-10 04:10:51.285 | INFO     | adsh:train:221 - [iter:41/50][code_length:64][mAP:0.88266][mAP_all:0.88111][best_mAP:0.88350]
2023-11-10 04:10:51.286 | INFO     | adsh:train:222 - [iter:41/50][code_length:64][zs_mAP:0.62322][zs_mAP_all:0.34522]
2023-11-10 04:13:57.265 | INFO     | adsh:train:138 - [epoch:1/1][cnn_loss:4.068845][hash_loss:3.989760][quan_loss:0.079085]
2023-11-10 04:13:57.408 | INFO     | adsh:train:149 - [iter:42/50][loss:21.700602][iter_time:186.12]
2023-11-10 04:23:50.592 | INFO     | adsh:train:221 - [iter:42/50][code_length:64][mAP:0.88150][mAP_all:0.87990][best_mAP:0.88350]
2023-11-10 04:23:50.593 | INFO     | adsh:train:222 - [iter:42/50][code_length:64][zs_mAP:0.64651][zs_mAP_all:0.38181]
2023-11-10 04:26:58.200 | INFO     | adsh:train:138 - [epoch:1/1][cnn_loss:4.078215][hash_loss:3.998870][quan_loss:0.079345]
2023-11-10 04:26:58.343 | INFO     | adsh:train:149 - [iter:43/50][loss:21.751064][iter_time:187.75]
2023-11-10 04:36:54.645 | INFO     | adsh:train:221 - [iter:43/50][code_length:64][mAP:0.87922][mAP_all:0.87775][best_mAP:0.88350]
2023-11-10 04:36:54.646 | INFO     | adsh:train:222 - [iter:43/50][code_length:64][zs_mAP:0.64313][zs_mAP_all:0.37705]
2023-11-10 04:40:05.812 | INFO     | adsh:train:138 - [epoch:1/1][cnn_loss:4.068690][hash_loss:3.989555][quan_loss:0.079136]
2023-11-10 04:40:05.956 | INFO     | adsh:train:149 - [iter:44/50][loss:21.699102][iter_time:191.31]
2023-11-10 04:49:53.623 | INFO     | adsh:train:221 - [iter:44/50][code_length:64][mAP:0.88146][mAP_all:0.87984][best_mAP:0.88350]
2023-11-10 04:49:53.623 | INFO     | adsh:train:222 - [iter:44/50][code_length:64][zs_mAP:0.62358][zs_mAP_all:0.36336]
2023-11-10 04:52:55.785 | INFO     | adsh:train:138 - [epoch:1/1][cnn_loss:4.039363][hash_loss:3.960938][quan_loss:0.078426]
2023-11-10 04:52:55.933 | INFO     | adsh:train:149 - [iter:45/50][loss:21.543226][iter_time:182.31]
2023-11-10 05:02:46.071 | INFO     | adsh:train:221 - [iter:45/50][code_length:64][mAP:0.88047][mAP_all:0.87867][best_mAP:0.88350]
2023-11-10 05:02:46.072 | INFO     | adsh:train:222 - [iter:45/50][code_length:64][zs_mAP:0.60571][zs_mAP_all:0.35678]
2023-11-10 05:05:56.940 | INFO     | adsh:train:138 - [epoch:1/1][cnn_loss:3.989519][hash_loss:3.912348][quan_loss:0.077171]
2023-11-10 05:05:57.082 | INFO     | adsh:train:149 - [iter:46/50][loss:21.278053][iter_time:191.01]
2023-11-10 05:15:47.685 | INFO     | adsh:train:221 - [iter:46/50][code_length:64][mAP:0.88200][mAP_all:0.88030][best_mAP:0.88350]
2023-11-10 05:15:47.686 | INFO     | adsh:train:222 - [iter:46/50][code_length:64][zs_mAP:0.62949][zs_mAP_all:0.36924]
2023-11-10 05:18:49.418 | INFO     | adsh:train:138 - [epoch:1/1][cnn_loss:3.977242][hash_loss:3.900258][quan_loss:0.076984]
2023-11-10 05:18:49.562 | INFO     | adsh:train:149 - [iter:47/50][loss:21.211941][iter_time:181.88]
2023-11-10 05:28:44.381 | INFO     | adsh:train:221 - [iter:47/50][code_length:64][mAP:0.88405][mAP_all:0.88228][best_mAP:0.88405]
2023-11-10 05:28:44.383 | INFO     | adsh:train:222 - [iter:47/50][code_length:64][zs_mAP:0.62398][zs_mAP_all:0.35136]
2023-11-10 05:31:37.808 | INFO     | adsh:train:138 - [epoch:1/1][cnn_loss:3.988137][hash_loss:3.910835][quan_loss:0.077301]
2023-11-10 05:31:37.953 | INFO     | adsh:train:149 - [iter:48/50][loss:21.269651][iter_time:173.57]
2023-11-10 05:41:23.335 | INFO     | adsh:train:221 - [iter:48/50][code_length:64][mAP:0.88113][mAP_all:0.87943][best_mAP:0.88405]
2023-11-10 05:41:23.336 | INFO     | adsh:train:222 - [iter:48/50][code_length:64][zs_mAP:0.63590][zs_mAP_all:0.37447]
2023-11-10 05:44:26.800 | INFO     | adsh:train:138 - [epoch:1/1][cnn_loss:3.981884][hash_loss:3.904836][quan_loss:0.077047]
2023-11-10 05:44:26.943 | INFO     | adsh:train:149 - [iter:49/50][loss:21.236847][iter_time:183.61]
2023-11-10 05:54:12.126 | INFO     | adsh:train:221 - [iter:49/50][code_length:64][mAP:0.88028][mAP_all:0.87860][best_mAP:0.88405]
2023-11-10 05:54:12.126 | INFO     | adsh:train:222 - [iter:49/50][code_length:64][zs_mAP:0.62229][zs_mAP_all:0.35943]
2023-11-10 05:57:15.388 | INFO     | adsh:train:138 - [epoch:1/1][cnn_loss:3.969229][hash_loss:3.892508][quan_loss:0.076721]
2023-11-10 05:57:15.530 | INFO     | adsh:train:149 - [iter:50/50][loss:21.169096][iter_time:183.40]
2023-11-10 06:07:07.943 | INFO     | adsh:train:221 - [iter:50/50][code_length:64][mAP:0.88318][mAP_all:0.88152][best_mAP:0.88405]
2023-11-10 06:07:07.944 | INFO     | adsh:train:222 - [iter:50/50][code_length:64][zs_mAP:0.62060][zs_mAP_all:0.35251]
2023-11-10 06:07:07.944 | INFO     | adsh:train:224 - [Training time:39799.64]
2023-11-10 06:07:07.957 | INFO     | __main__:run:126 - [code_length:64][map:0.8840][map_all:0.8823][zs_map:0.6240][zs_map_all:0.3514]
