2023-11-14 19:04:27.887 | SUCCESS  | __main__:run:50 - Namespace(align_step=40, arch='exchnet', batch_size=16, cauchy_gamma=20.0, code_length=[16, 32, 64], dataset='imagenetzs', device=device(type='cuda', index=0), epoch_change=11, gamma=200, gpu=0, info='imagenetzs-15-85-exchnet-11-14-16,32,64', lambd=0.1, lambd_ch=0.1, lambd_sp=0.1, lr=0.0001, lr_step=[45], margin=0.1, max_epoch=1, max_iter=50, momen=0.9, nesterov=False, net='resnet50', num_classes=85, num_query=1000, num_samples=11050, num_workers=2, num_zs=15, optim='SGD', pretrain=True, quan_loss=False, root='/2T/dataset/ImageNet/ILSVRC', save_ckpt='checkpoints/', topk=1000, val_freq=5, wd=0.0001)
2023-11-15 07:05:03.481 | INFO     | adsh_exchnet:train:154 - [epoch:1/1][cnn_loss:3.513728][h_loss:2.403311][q_loss:0.218669][s_loss:0.7999][c_loss:0.3105][a_loss:0.0000]
2023-11-15 07:05:03.532 | INFO     | adsh_exchnet:train:187 - [iter:1/50][loss:3.393843][iter_time:184.77]
2023-11-15 07:07:37.903 | INFO     | adsh_exchnet:train:154 - [epoch:1/1][cnn_loss:3.005081][h_loss:2.230676][q_loss:0.203377][s_loss:0.4402][c_loss:0.3342][a_loss:0.0000]
2023-11-15 07:07:37.930 | INFO     | adsh_exchnet:train:187 - [iter:2/50][loss:3.206869][iter_time:154.40]
2023-11-15 07:10:12.805 | INFO     | adsh_exchnet:train:154 - [epoch:1/1][cnn_loss:2.719673][h_loss:2.128117][q_loss:0.187129][s_loss:0.2576][c_loss:0.3340][a_loss:0.0000]
2023-11-15 07:10:12.838 | INFO     | adsh_exchnet:train:187 - [iter:3/50][loss:3.079822][iter_time:154.91]
2023-11-15 07:13:58.710 | INFO     | adsh_exchnet:train:154 - [epoch:1/1][cnn_loss:2.588671][h_loss:2.097559][q_loss:0.181082][s_loss:0.1762][c_loss:0.3149][a_loss:0.0000]
2023-11-15 07:13:58.743 | INFO     | adsh_exchnet:train:187 - [iter:4/50][loss:3.037748][iter_time:225.91]
2023-11-15 07:22:32.414 | INFO     | adsh_exchnet:train:154 - [epoch:1/1][cnn_loss:2.494401][h_loss:2.083241][q_loss:0.178855][s_loss:0.1116][c_loss:0.2995][a_loss:0.0000]
2023-11-15 07:22:32.441 | INFO     | adsh_exchnet:train:187 - [iter:5/50][loss:3.015882][iter_time:513.70]
2023-11-15 07:32:44.066 | INFO     | adsh_exchnet:train:261 - [iter:5/50][code_length:16][mAP:0.68252][mAP_all:0.67329][best_mAP:0.68252]
2023-11-15 07:32:44.067 | INFO     | adsh_exchnet:train:262 - [iter:5/50][code_length:16][zs_mAP:0.47600][zs_mAP_all:0.21239]
2023-11-15 07:40:22.163 | INFO     | adsh_exchnet:train:154 - [epoch:1/1][cnn_loss:2.442904][h_loss:2.076347][q_loss:0.177721][s_loss:0.0956][c_loss:0.2709][a_loss:0.0000]
2023-11-15 07:40:22.190 | INFO     | adsh_exchnet:train:187 - [iter:6/50][loss:3.005380][iter_time:458.12]
2023-11-15 07:42:57.584 | INFO     | adsh_exchnet:train:154 - [epoch:1/1][cnn_loss:2.400985][h_loss:2.069300][q_loss:0.176521][s_loss:0.0876][c_loss:0.2441][a_loss:0.0000]
2023-11-15 07:42:57.625 | INFO     | adsh_exchnet:train:187 - [iter:7/50][loss:2.994397][iter_time:155.43]
2023-11-15 07:45:33.349 | INFO     | adsh_exchnet:train:154 - [epoch:1/1][cnn_loss:2.367873][h_loss:2.066435][q_loss:0.175977][s_loss:0.0824][c_loss:0.2190][a_loss:0.0000]
2023-11-15 07:45:33.403 | INFO     | adsh_exchnet:train:187 - [iter:8/50][loss:2.989906][iter_time:155.78]
2023-11-15 07:48:24.900 | INFO     | adsh_exchnet:train:154 - [epoch:1/1][cnn_loss:2.336590][h_loss:2.063923][q_loss:0.175741][s_loss:0.0793][c_loss:0.1934][a_loss:0.0000]
2023-11-15 07:48:24.947 | INFO     | adsh_exchnet:train:187 - [iter:9/50][loss:2.986165][iter_time:171.54]
2023-11-15 07:53:01.714 | INFO     | adsh_exchnet:train:154 - [epoch:1/1][cnn_loss:2.302205][h_loss:2.057932][q_loss:0.174561][s_loss:0.0765][c_loss:0.1678][a_loss:0.0000]
2023-11-15 07:53:01.763 | INFO     | adsh_exchnet:train:187 - [iter:10/50][loss:2.976595][iter_time:276.81]
2023-11-15 08:03:12.612 | INFO     | adsh_exchnet:train:261 - [iter:10/50][code_length:16][mAP:0.72995][mAP_all:0.72092][best_mAP:0.72995]
2023-11-15 08:03:12.614 | INFO     | adsh_exchnet:train:262 - [iter:10/50][code_length:16][zs_mAP:0.45113][zs_mAP_all:0.20480]
2023-11-15 08:08:35.617 | INFO     | adsh_exchnet:train:154 - [epoch:1/1][cnn_loss:2.270811][h_loss:2.055588][q_loss:0.174220][s_loss:0.0745][c_loss:0.1408][a_loss:0.0000]
2023-11-15 08:08:35.644 | INFO     | adsh_exchnet:train:187 - [iter:11/50][loss:2.973033][iter_time:323.03]
2023-11-15 08:11:29.376 | INFO     | adsh_exchnet:train:154 - [epoch:1/1][cnn_loss:2.244314][h_loss:2.053806][q_loss:0.173948][s_loss:0.0725][c_loss:0.1180][a_loss:0.0000]
2023-11-15 08:11:29.417 | INFO     | adsh_exchnet:train:187 - [iter:12/50][loss:2.970331][iter_time:173.77]
2023-11-15 08:16:09.373 | INFO     | adsh_exchnet:train:154 - [epoch:1/1][cnn_loss:2.219426][h_loss:2.052807][q_loss:0.173862][s_loss:0.0706][c_loss:0.0960][a_loss:0.0000]
2023-11-15 08:16:09.417 | INFO     | adsh_exchnet:train:187 - [iter:13/50][loss:2.968815][iter_time:280.00]
2023-11-15 08:20:09.883 | INFO     | adsh_exchnet:train:154 - [epoch:1/1][cnn_loss:2.195695][h_loss:2.050168][q_loss:0.173451][s_loss:0.0693][c_loss:0.0763][a_loss:0.0000]
2023-11-15 08:20:09.938 | INFO     | adsh_exchnet:train:187 - [iter:14/50][loss:2.964831][iter_time:240.52]
2023-11-15 08:23:21.104 | INFO     | adsh_exchnet:train:154 - [epoch:1/1][cnn_loss:2.175414][h_loss:2.047847][q_loss:0.173005][s_loss:0.0679][c_loss:0.0597][a_loss:0.0000]
2023-11-15 08:23:21.131 | INFO     | adsh_exchnet:train:187 - [iter:15/50][loss:2.961128][iter_time:191.19]
2023-11-15 08:33:15.273 | INFO     | adsh_exchnet:train:261 - [iter:15/50][code_length:16][mAP:0.77099][mAP_all:0.76200][best_mAP:0.77099]
2023-11-15 08:33:15.274 | INFO     | adsh_exchnet:train:262 - [iter:15/50][code_length:16][zs_mAP:0.47962][zs_mAP_all:0.22312]
2023-11-15 08:35:41.432 | INFO     | adsh_exchnet:train:154 - [epoch:1/1][cnn_loss:2.156211][h_loss:2.045526][q_loss:0.172751][s_loss:0.0666][c_loss:0.0441][a_loss:0.0000]
2023-11-15 08:35:41.458 | INFO     | adsh_exchnet:train:187 - [iter:16/50][loss:2.957714][iter_time:146.18]
2023-11-15 08:38:45.354 | INFO     | adsh_exchnet:train:154 - [epoch:1/1][cnn_loss:2.146033][h_loss:2.046208][q_loss:0.172708][s_loss:0.0653][c_loss:0.0346][a_loss:0.0000]
2023-11-15 08:38:45.381 | INFO     | adsh_exchnet:train:187 - [iter:17/50][loss:2.958502][iter_time:183.92]
2023-11-15 08:41:52.244 | INFO     | adsh_exchnet:train:154 - [epoch:1/1][cnn_loss:2.133578][h_loss:2.041786][q_loss:0.172212][s_loss:0.0641][c_loss:0.0277][a_loss:0.0000]
2023-11-15 08:41:52.271 | INFO     | adsh_exchnet:train:187 - [iter:18/50][loss:2.951953][iter_time:186.89]
2023-11-15 08:45:10.170 | INFO     | adsh_exchnet:train:154 - [epoch:1/1][cnn_loss:2.123985][h_loss:2.039804][q_loss:0.171832][s_loss:0.0630][c_loss:0.0212][a_loss:0.0000]
2023-11-15 08:45:10.197 | INFO     | adsh_exchnet:train:187 - [iter:19/50][loss:2.948845][iter_time:197.93]
2023-11-15 08:48:46.905 | INFO     | adsh_exchnet:train:154 - [epoch:1/1][cnn_loss:2.112868][h_loss:2.034181][q_loss:0.171372][s_loss:0.0621][c_loss:0.0166][a_loss:0.0000]
2023-11-15 08:48:46.932 | INFO     | adsh_exchnet:train:187 - [iter:20/50][loss:2.940710][iter_time:216.74]
2023-11-15 08:58:32.383 | INFO     | adsh_exchnet:train:261 - [iter:20/50][code_length:16][mAP:0.79698][mAP_all:0.78883][best_mAP:0.79698]
2023-11-15 08:58:32.384 | INFO     | adsh_exchnet:train:262 - [iter:20/50][code_length:16][zs_mAP:0.47402][zs_mAP_all:0.22053]
2023-11-15 09:01:17.757 | INFO     | adsh_exchnet:train:154 - [epoch:1/1][cnn_loss:2.107062][h_loss:2.032873][q_loss:0.171098][s_loss:0.0612][c_loss:0.0130][a_loss:0.0000]
2023-11-15 09:01:17.785 | INFO     | adsh_exchnet:train:187 - [iter:21/50][loss:2.938517][iter_time:165.40]
2023-11-15 09:04:30.809 | INFO     | adsh_exchnet:train:154 - [epoch:1/1][cnn_loss:2.103601][h_loss:2.032324][q_loss:0.171142][s_loss:0.0603][c_loss:0.0110][a_loss:0.0000]
2023-11-15 09:04:30.837 | INFO     | adsh_exchnet:train:187 - [iter:22/50][loss:2.937947][iter_time:193.05]
2023-11-15 09:07:42.414 | INFO     | adsh_exchnet:train:154 - [epoch:1/1][cnn_loss:2.098492][h_loss:2.029562][q_loss:0.170721][s_loss:0.0596][c_loss:0.0093][a_loss:0.0000]
2023-11-15 09:07:42.441 | INFO     | adsh_exchnet:train:187 - [iter:23/50][loss:2.933701][iter_time:191.60]
2023-11-15 09:10:58.629 | INFO     | adsh_exchnet:train:154 - [epoch:1/1][cnn_loss:2.093664][h_loss:2.026915][q_loss:0.170509][s_loss:0.0589][c_loss:0.0078][a_loss:0.0000]
2023-11-15 09:10:58.656 | INFO     | adsh_exchnet:train:187 - [iter:24/50][loss:2.929830][iter_time:196.21]
2023-11-15 09:13:59.301 | INFO     | adsh_exchnet:train:154 - [epoch:1/1][cnn_loss:2.091501][h_loss:2.026493][q_loss:0.170400][s_loss:0.0583][c_loss:0.0067][a_loss:0.0000]
2023-11-15 09:13:59.327 | INFO     | adsh_exchnet:train:187 - [iter:25/50][loss:2.929171][iter_time:180.67]
2023-11-15 09:23:48.047 | INFO     | adsh_exchnet:train:261 - [iter:25/50][code_length:16][mAP:0.79739][mAP_all:0.78875][best_mAP:0.79739]
2023-11-15 09:23:48.048 | INFO     | adsh_exchnet:train:262 - [iter:25/50][code_length:16][zs_mAP:0.46102][zs_mAP_all:0.22819]
2023-11-15 09:26:30.956 | INFO     | adsh_exchnet:train:154 - [epoch:1/1][cnn_loss:2.088147][h_loss:2.024808][q_loss:0.170038][s_loss:0.0577][c_loss:0.0056][a_loss:0.0000]
2023-11-15 09:26:30.984 | INFO     | adsh_exchnet:train:187 - [iter:26/50][loss:2.926416][iter_time:162.94]
2023-11-15 09:29:22.411 | INFO     | adsh_exchnet:train:154 - [epoch:1/1][cnn_loss:2.083847][h_loss:2.021175][q_loss:0.169698][s_loss:0.0573][c_loss:0.0054][a_loss:0.0000]
2023-11-15 09:29:22.443 | INFO     | adsh_exchnet:train:187 - [iter:27/50][loss:2.921116][iter_time:171.46]
2023-11-15 09:32:14.011 | INFO     | adsh_exchnet:train:154 - [epoch:1/1][cnn_loss:2.083329][h_loss:2.022042][q_loss:0.169693][s_loss:0.0568][c_loss:0.0045][a_loss:0.0000]
2023-11-15 09:32:14.038 | INFO     | adsh_exchnet:train:187 - [iter:28/50][loss:2.922309][iter_time:171.59]
2023-11-15 09:35:02.530 | INFO     | adsh_exchnet:train:154 - [epoch:1/1][cnn_loss:2.081693][h_loss:2.020904][q_loss:0.169688][s_loss:0.0564][c_loss:0.0044][a_loss:0.0000]
2023-11-15 09:35:02.562 | INFO     | adsh_exchnet:train:187 - [iter:29/50][loss:2.920797][iter_time:168.52]
2023-11-15 09:37:43.061 | INFO     | adsh_exchnet:train:154 - [epoch:1/1][cnn_loss:2.075095][h_loss:2.015340][q_loss:0.169038][s_loss:0.0560][c_loss:0.0037][a_loss:0.0000]
2023-11-15 09:37:43.088 | INFO     | adsh_exchnet:train:187 - [iter:30/50][loss:2.912493][iter_time:160.52]
2023-11-15 09:47:32.224 | INFO     | adsh_exchnet:train:261 - [iter:30/50][code_length:16][mAP:0.81013][mAP_all:0.80125][best_mAP:0.81013]
2023-11-15 09:47:32.224 | INFO     | adsh_exchnet:train:262 - [iter:30/50][code_length:16][zs_mAP:0.44150][zs_mAP_all:0.21436]
2023-11-15 09:50:21.421 | INFO     | adsh_exchnet:train:154 - [epoch:1/1][cnn_loss:2.075342][h_loss:2.016158][q_loss:0.169100][s_loss:0.0557][c_loss:0.0035][a_loss:0.0000]
2023-11-15 09:50:21.449 | INFO     | adsh_exchnet:train:187 - [iter:31/50][loss:2.913676][iter_time:169.22]
2023-11-15 09:53:09.899 | INFO     | adsh_exchnet:train:154 - [epoch:1/1][cnn_loss:2.072619][h_loss:2.014354][q_loss:0.168792][s_loss:0.0554][c_loss:0.0029][a_loss:0.0000]
2023-11-15 09:53:09.931 | INFO     | adsh_exchnet:train:187 - [iter:32/50][loss:2.910789][iter_time:168.48]
2023-11-15 09:55:59.594 | INFO     | adsh_exchnet:train:154 - [epoch:1/1][cnn_loss:2.073374][h_loss:2.015598][q_loss:0.169072][s_loss:0.0551][c_loss:0.0027][a_loss:0.0000]
2023-11-15 09:55:59.628 | INFO     | adsh_exchnet:train:187 - [iter:33/50][loss:2.912818][iter_time:169.70]
2023-11-15 09:58:49.570 | INFO     | adsh_exchnet:train:154 - [epoch:1/1][cnn_loss:2.067255][h_loss:2.010095][q_loss:0.168402][s_loss:0.0548][c_loss:0.0024][a_loss:0.0000]
2023-11-15 09:58:49.609 | INFO     | adsh_exchnet:train:187 - [iter:34/50][loss:2.904615][iter_time:169.98]
2023-11-15 10:01:19.158 | INFO     | adsh_exchnet:train:154 - [epoch:1/1][cnn_loss:2.066605][h_loss:2.009529][q_loss:0.168304][s_loss:0.0546][c_loss:0.0025][a_loss:0.0000]
2023-11-15 10:01:19.185 | INFO     | adsh_exchnet:train:187 - [iter:35/50][loss:2.903749][iter_time:149.58]
2023-11-15 10:11:15.594 | INFO     | adsh_exchnet:train:261 - [iter:35/50][code_length:16][mAP:0.81341][mAP_all:0.80423][best_mAP:0.81341]
2023-11-15 10:11:15.595 | INFO     | adsh_exchnet:train:262 - [iter:35/50][code_length:16][zs_mAP:0.44112][zs_mAP_all:0.20471]
2023-11-15 10:14:19.561 | INFO     | adsh_exchnet:train:154 - [epoch:1/1][cnn_loss:2.064558][h_loss:2.008000][q_loss:0.168011][s_loss:0.0544][c_loss:0.0022][a_loss:0.0000]
2023-11-15 10:14:19.596 | INFO     | adsh_exchnet:train:187 - [iter:36/50][loss:2.901294][iter_time:184.00]
2023-11-15 10:24:30.153 | INFO     | adsh_exchnet:train:261 - [iter:36/50][code_length:16][mAP:0.82178][mAP_all:0.81294][best_mAP:0.82178]
2023-11-15 10:24:30.155 | INFO     | adsh_exchnet:train:262 - [iter:36/50][code_length:16][zs_mAP:0.45061][zs_mAP_all:0.22247]
2023-11-15 10:26:57.375 | INFO     | adsh_exchnet:train:154 - [epoch:1/1][cnn_loss:2.062417][h_loss:2.006206][q_loss:0.168050][s_loss:0.0541][c_loss:0.0021][a_loss:0.0000]
2023-11-15 10:26:57.403 | INFO     | adsh_exchnet:train:187 - [iter:37/50][loss:2.898945][iter_time:147.25]
2023-11-15 10:36:52.993 | INFO     | adsh_exchnet:train:261 - [iter:37/50][code_length:16][mAP:0.82513][mAP_all:0.81635][best_mAP:0.82513]
2023-11-15 10:36:52.994 | INFO     | adsh_exchnet:train:262 - [iter:37/50][code_length:16][zs_mAP:0.45423][zs_mAP_all:0.22843]
2023-11-15 10:40:18.605 | INFO     | adsh_exchnet:train:154 - [epoch:1/1][cnn_loss:2.062577][h_loss:2.006731][q_loss:0.167918][s_loss:0.0539][c_loss:0.0019][a_loss:0.0000]
2023-11-15 10:40:18.637 | INFO     | adsh_exchnet:train:187 - [iter:38/50][loss:2.899520][iter_time:205.64]
2023-11-15 10:50:06.209 | INFO     | adsh_exchnet:train:261 - [iter:38/50][code_length:16][mAP:0.81844][mAP_all:0.81029][best_mAP:0.82513]
2023-11-15 10:50:06.210 | INFO     | adsh_exchnet:train:262 - [iter:38/50][code_length:16][zs_mAP:0.46308][zs_mAP_all:0.22141]
2023-11-15 10:52:44.428 | INFO     | adsh_exchnet:train:154 - [epoch:1/1][cnn_loss:2.061031][h_loss:2.005568][q_loss:0.167651][s_loss:0.0537][c_loss:0.0018][a_loss:0.0000]
2023-11-15 10:52:44.461 | INFO     | adsh_exchnet:train:187 - [iter:39/50][loss:2.897602][iter_time:158.25]
2023-11-15 11:02:29.922 | INFO     | adsh_exchnet:train:261 - [iter:39/50][code_length:16][mAP:0.82666][mAP_all:0.81729][best_mAP:0.82666]
2023-11-15 11:02:29.923 | INFO     | adsh_exchnet:train:262 - [iter:39/50][code_length:16][zs_mAP:0.44183][zs_mAP_all:0.21905]
2023-11-15 11:05:17.473 | INFO     | adsh_exchnet:train:154 - [epoch:1/1][cnn_loss:2.060414][h_loss:2.005164][q_loss:0.167616][s_loss:0.0535][c_loss:0.0017][a_loss:0.0000]
2023-11-15 11:13:07.931 | INFO     | adsh_exchnet:train:187 - [iter:40/50][loss:2.897013][iter_time:638.01]
2023-11-15 11:22:54.221 | INFO     | adsh_exchnet:train:261 - [iter:40/50][code_length:16][mAP:0.81611][mAP_all:0.80786][best_mAP:0.82666]
2023-11-15 11:22:54.222 | INFO     | adsh_exchnet:train:262 - [iter:40/50][code_length:16][zs_mAP:0.43980][zs_mAP_all:0.20681]
2023-11-15 11:25:18.540 | INFO     | adsh_exchnet:train:154 - [epoch:1/1][cnn_loss:3.136066][h_loss:2.003961][q_loss:0.167504][s_loss:0.0544][c_loss:0.0326][a_loss:1.0452]
2023-11-15 11:33:07.880 | INFO     | adsh_exchnet:train:187 - [iter:41/50][loss:2.895304][iter_time:613.65]
2023-11-15 11:42:54.203 | INFO     | adsh_exchnet:train:261 - [iter:41/50][code_length:16][mAP:0.81690][mAP_all:0.80747][best_mAP:0.82666]
2023-11-15 11:42:54.204 | INFO     | adsh_exchnet:train:262 - [iter:41/50][code_length:16][zs_mAP:0.42914][zs_mAP_all:0.20473]
2023-11-15 11:45:21.811 | INFO     | adsh_exchnet:train:154 - [epoch:1/1][cnn_loss:2.824049][h_loss:2.005968][q_loss:0.167926][s_loss:0.0548][c_loss:0.0339][a_loss:0.7294]
2023-11-15 11:53:13.986 | INFO     | adsh_exchnet:train:187 - [iter:42/50][loss:2.898555][iter_time:619.78]
2023-11-15 12:03:09.028 | INFO     | adsh_exchnet:train:261 - [iter:42/50][code_length:16][mAP:0.81645][mAP_all:0.80730][best_mAP:0.82666]
2023-11-15 12:03:09.029 | INFO     | adsh_exchnet:train:262 - [iter:42/50][code_length:16][zs_mAP:0.42541][zs_mAP_all:0.19884]
2023-11-15 12:06:16.988 | INFO     | adsh_exchnet:train:154 - [epoch:1/1][cnn_loss:2.689745][h_loss:2.000886][q_loss:0.167500][s_loss:0.0549][c_loss:0.0321][a_loss:0.6019]
2023-11-15 12:14:08.778 | INFO     | adsh_exchnet:train:187 - [iter:43/50][loss:2.891161][iter_time:659.75]
2023-11-15 12:24:02.436 | INFO     | adsh_exchnet:train:261 - [iter:43/50][code_length:16][mAP:0.82124][mAP_all:0.81229][best_mAP:0.82666]
2023-11-15 12:24:02.437 | INFO     | adsh_exchnet:train:262 - [iter:43/50][code_length:16][zs_mAP:0.42442][zs_mAP_all:0.19797]
2023-11-15 12:26:26.848 | INFO     | adsh_exchnet:train:154 - [epoch:1/1][cnn_loss:2.614389][h_loss:2.002287][q_loss:0.167529][s_loss:0.0551][c_loss:0.0306][a_loss:0.5265]
2023-11-15 12:34:27.440 | INFO     | adsh_exchnet:train:187 - [iter:44/50][loss:2.893011][iter_time:625.00]
2023-11-15 12:44:23.442 | INFO     | adsh_exchnet:train:261 - [iter:44/50][code_length:16][mAP:0.81919][mAP_all:0.81115][best_mAP:0.82666]
2023-11-15 12:44:23.443 | INFO     | adsh_exchnet:train:262 - [iter:44/50][code_length:16][zs_mAP:0.44712][zs_mAP_all:0.20685]
2023-11-15 12:46:49.682 | INFO     | adsh_exchnet:train:154 - [epoch:1/1][cnn_loss:2.548855][h_loss:2.002151][q_loss:0.167398][s_loss:0.0551][c_loss:0.0251][a_loss:0.4665]
2023-11-15 12:54:38.879 | INFO     | adsh_exchnet:train:187 - [iter:45/50][loss:2.892704][iter_time:615.44]
2023-11-15 13:04:23.707 | INFO     | adsh_exchnet:train:261 - [iter:45/50][code_length:16][mAP:0.82256][mAP_all:0.81358][best_mAP:0.82666]
2023-11-15 13:04:23.707 | INFO     | adsh_exchnet:train:262 - [iter:45/50][code_length:16][zs_mAP:0.44717][zs_mAP_all:0.20527]
2023-11-15 13:07:22.617 | INFO     | adsh_exchnet:train:154 - [epoch:1/1][cnn_loss:2.487697][h_loss:1.989409][q_loss:0.167182][s_loss:0.0551][c_loss:0.0213][a_loss:0.4218]
2023-11-15 13:15:09.892 | INFO     | adsh_exchnet:train:187 - [iter:46/50][loss:2.875482][iter_time:646.18]
2023-11-15 13:24:59.049 | INFO     | adsh_exchnet:train:261 - [iter:46/50][code_length:16][mAP:0.82816][mAP_all:0.82002][best_mAP:0.82816]
2023-11-15 13:24:59.050 | INFO     | adsh_exchnet:train:262 - [iter:46/50][code_length:16][zs_mAP:0.44291][zs_mAP_all:0.20989]
2023-11-15 13:27:23.887 | INFO     | adsh_exchnet:train:154 - [epoch:1/1][cnn_loss:2.462737][h_loss:1.987418][q_loss:0.166890][s_loss:0.0550][c_loss:0.0211][a_loss:0.3991]
2023-11-15 13:35:14.271 | INFO     | adsh_exchnet:train:187 - [iter:47/50][loss:2.872375][iter_time:615.22]
2023-11-15 13:45:05.071 | INFO     | adsh_exchnet:train:261 - [iter:47/50][code_length:16][mAP:0.82996][mAP_all:0.82213][best_mAP:0.82996]
2023-11-15 13:45:05.073 | INFO     | adsh_exchnet:train:262 - [iter:47/50][code_length:16][zs_mAP:0.44818][zs_mAP_all:0.21594]
2023-11-15 13:47:30.064 | INFO     | adsh_exchnet:train:154 - [epoch:1/1][cnn_loss:2.443238][h_loss:1.985503][q_loss:0.166684][s_loss:0.0550][c_loss:0.0206][a_loss:0.3821]
2023-11-15 13:55:30.873 | INFO     | adsh_exchnet:train:187 - [iter:48/50][loss:2.869520][iter_time:625.80]
2023-11-15 14:05:46.411 | INFO     | adsh_exchnet:train:261 - [iter:48/50][code_length:16][mAP:0.82617][mAP_all:0.81833][best_mAP:0.82996]
2023-11-15 14:05:46.412 | INFO     | adsh_exchnet:train:262 - [iter:48/50][code_length:16][zs_mAP:0.45285][zs_mAP_all:0.22242]
2023-11-15 14:08:12.246 | INFO     | adsh_exchnet:train:154 - [epoch:1/1][cnn_loss:2.435434][h_loss:1.989549][q_loss:0.167278][s_loss:0.0550][c_loss:0.0205][a_loss:0.3703]
2023-11-15 14:16:04.223 | INFO     | adsh_exchnet:train:187 - [iter:49/50][loss:2.875687][iter_time:617.81]
2023-11-15 14:26:01.442 | INFO     | adsh_exchnet:train:261 - [iter:49/50][code_length:16][mAP:0.82480][mAP_all:0.81698][best_mAP:0.82996]
2023-11-15 14:26:01.443 | INFO     | adsh_exchnet:train:262 - [iter:49/50][code_length:16][zs_mAP:0.44414][zs_mAP_all:0.21378]
2023-11-15 14:28:25.000 | INFO     | adsh_exchnet:train:154 - [epoch:1/1][cnn_loss:2.411666][h_loss:1.987059][q_loss:0.166859][s_loss:0.0550][c_loss:0.0203][a_loss:0.3494]
2023-11-15 14:36:15.438 | INFO     | adsh_exchnet:train:187 - [iter:50/50][loss:2.871892][iter_time:614.00]
2023-11-15 14:46:10.833 | INFO     | adsh_exchnet:train:261 - [iter:50/50][code_length:16][mAP:0.82812][mAP_all:0.82044][best_mAP:0.82996]
2023-11-15 14:46:10.834 | INFO     | adsh_exchnet:train:262 - [iter:50/50][code_length:16][zs_mAP:0.44529][zs_mAP_all:0.21194]
2023-11-15 14:46:10.834 | INFO     | adsh_exchnet:train:264 - [Training time:27852.07]
2023-11-15 14:46:10.842 | INFO     | __main__:run:126 - [code_length:16][map:0.8300][map_all:0.8221][zs_map:0.4482][zs_map_all:0.2159]
2023-11-15 14:48:37.071 | INFO     | adsh_exchnet:train:154 - [epoch:1/1][cnn_loss:5.876286][h_loss:4.730356][q_loss:0.219402][s_loss:0.8430][c_loss:0.3029][a_loss:0.0000]
2023-11-15 14:48:37.121 | INFO     | adsh_exchnet:train:187 - [iter:1/50][loss:12.654996][iter_time:144.98]
2023-11-15 14:51:03.862 | INFO     | adsh_exchnet:train:154 - [epoch:1/1][cnn_loss:5.059740][h_loss:4.269043][q_loss:0.194640][s_loss:0.4628][c_loss:0.3279][a_loss:0.0000]
2023-11-15 14:51:03.912 | INFO     | adsh_exchnet:train:187 - [iter:2/50][loss:11.710758][iter_time:146.79]
2023-11-15 14:53:29.900 | INFO     | adsh_exchnet:train:154 - [epoch:1/1][cnn_loss:4.505820][h_loss:3.904142][q_loss:0.168090][s_loss:0.2670][c_loss:0.3347][a_loss:0.0000]
2023-11-15 14:53:29.951 | INFO     | adsh_exchnet:train:187 - [iter:3/50][loss:10.813712][iter_time:146.04]
2023-11-15 14:56:08.603 | INFO     | adsh_exchnet:train:154 - [epoch:1/1][cnn_loss:4.315844][h_loss:3.745131][q_loss:0.155638][s_loss:0.2467][c_loss:0.3240][a_loss:0.0000]
2023-11-15 14:56:08.656 | INFO     | adsh_exchnet:train:187 - [iter:4/50][loss:10.390267][iter_time:158.70]
2023-11-15 14:58:59.394 | INFO     | adsh_exchnet:train:154 - [epoch:1/1][cnn_loss:4.208673][h_loss:3.660683][q_loss:0.149189][s_loss:0.2379][c_loss:0.3101][a_loss:0.0000]
2023-11-15 14:58:59.444 | INFO     | adsh_exchnet:train:187 - [iter:5/50][loss:10.159210][iter_time:170.79]
2023-11-15 15:09:01.090 | INFO     | adsh_exchnet:train:261 - [iter:5/50][code_length:32][mAP:0.82073][mAP_all:0.81067][best_mAP:0.82073]
2023-11-15 15:09:01.090 | INFO     | adsh_exchnet:train:262 - [iter:5/50][code_length:32][zs_mAP:0.61601][zs_mAP_all:0.37379]
2023-11-15 15:11:25.317 | INFO     | adsh_exchnet:train:154 - [epoch:1/1][cnn_loss:4.143308][h_loss:3.614675][q_loss:0.145722][s_loss:0.2318][c_loss:0.2968][a_loss:0.0000]
2023-11-15 15:11:25.367 | INFO     | adsh_exchnet:train:187 - [iter:6/50][loss:10.026840][iter_time:144.28]
2023-11-15 15:13:52.367 | INFO     | adsh_exchnet:train:154 - [epoch:1/1][cnn_loss:4.093960][h_loss:3.583608][q_loss:0.143274][s_loss:0.2277][c_loss:0.2826][a_loss:0.0000]
2023-11-15 15:13:52.417 | INFO     | adsh_exchnet:train:187 - [iter:7/50][loss:9.938117][iter_time:147.05]
2023-11-15 15:16:20.642 | INFO     | adsh_exchnet:train:154 - [epoch:1/1][cnn_loss:4.053197][h_loss:3.561310][q_loss:0.141743][s_loss:0.2242][c_loss:0.2677][a_loss:0.0000]
2023-11-15 15:16:20.692 | INFO     | adsh_exchnet:train:187 - [iter:8/50][loss:9.874099][iter_time:148.28]
2023-11-15 15:19:31.828 | INFO     | adsh_exchnet:train:154 - [epoch:1/1][cnn_loss:4.009059][h_loss:3.535815][q_loss:0.140004][s_loss:0.2218][c_loss:0.2514][a_loss:0.0000]
2023-11-15 15:19:31.878 | INFO     | adsh_exchnet:train:187 - [iter:9/50][loss:9.801799][iter_time:191.19]
2023-11-15 15:22:44.687 | INFO     | adsh_exchnet:train:154 - [epoch:1/1][cnn_loss:3.971600][h_loss:3.518480][q_loss:0.138723][s_loss:0.2201][c_loss:0.2330][a_loss:0.0000]
2023-11-15 15:22:44.746 | INFO     | adsh_exchnet:train:187 - [iter:10/50][loss:9.752405][iter_time:192.87]
2023-11-15 15:32:33.008 | INFO     | adsh_exchnet:train:261 - [iter:10/50][code_length:32][mAP:0.84520][mAP_all:0.83444][best_mAP:0.84520]
2023-11-15 15:32:33.009 | INFO     | adsh_exchnet:train:262 - [iter:10/50][code_length:32][zs_mAP:0.61991][zs_mAP_all:0.35915]
2023-11-15 15:34:56.219 | INFO     | adsh_exchnet:train:154 - [epoch:1/1][cnn_loss:3.932393][h_loss:3.501168][q_loss:0.137547][s_loss:0.2188][c_loss:0.2124][a_loss:0.0000]
2023-11-15 15:34:56.269 | INFO     | adsh_exchnet:train:187 - [iter:11/50][loss:9.703058][iter_time:143.26]
2023-11-15 15:37:20.666 | INFO     | adsh_exchnet:train:154 - [epoch:1/1][cnn_loss:3.902125][h_loss:3.494974][q_loss:0.137274][s_loss:0.2179][c_loss:0.1892][a_loss:0.0000]
2023-11-15 15:37:20.716 | INFO     | adsh_exchnet:train:187 - [iter:12/50][loss:9.685820][iter_time:144.45]
2023-11-15 15:40:05.944 | INFO     | adsh_exchnet:train:154 - [epoch:1/1][cnn_loss:3.865437][h_loss:3.480334][q_loss:0.136311][s_loss:0.2171][c_loss:0.1680][a_loss:0.0000]
2023-11-15 15:40:05.995 | INFO     | adsh_exchnet:train:187 - [iter:13/50][loss:9.644204][iter_time:165.28]
2023-11-15 15:43:14.833 | INFO     | adsh_exchnet:train:154 - [epoch:1/1][cnn_loss:3.824653][h_loss:3.460584][q_loss:0.135023][s_loss:0.2165][c_loss:0.1476][a_loss:0.0000]
2023-11-15 15:43:14.883 | INFO     | adsh_exchnet:train:187 - [iter:14/50][loss:9.588460][iter_time:188.89]
2023-11-15 15:46:23.166 | INFO     | adsh_exchnet:train:154 - [epoch:1/1][cnn_loss:3.793041][h_loss:3.447593][q_loss:0.134238][s_loss:0.2161][c_loss:0.1293][a_loss:0.0000]
2023-11-15 15:46:23.221 | INFO     | adsh_exchnet:train:187 - [iter:15/50][loss:9.551696][iter_time:188.34]
2023-11-15 15:56:11.135 | INFO     | adsh_exchnet:train:261 - [iter:15/50][code_length:32][mAP:0.85891][mAP_all:0.84721][best_mAP:0.85891]
2023-11-15 15:56:11.136 | INFO     | adsh_exchnet:train:262 - [iter:15/50][code_length:32][zs_mAP:0.59657][zs_mAP_all:0.35092]
2023-11-15 15:58:35.930 | INFO     | adsh_exchnet:train:154 - [epoch:1/1][cnn_loss:3.774085][h_loss:3.444850][q_loss:0.134028][s_loss:0.2157][c_loss:0.1135][a_loss:0.0000]
2023-11-15 15:58:35.985 | INFO     | adsh_exchnet:train:187 - [iter:16/50][loss:9.543886][iter_time:144.85]
2023-11-15 16:00:59.716 | INFO     | adsh_exchnet:train:154 - [epoch:1/1][cnn_loss:3.746264][h_loss:3.431557][q_loss:0.133205][s_loss:0.2153][c_loss:0.0994][a_loss:0.0000]
2023-11-15 16:00:59.766 | INFO     | adsh_exchnet:train:187 - [iter:17/50][loss:9.505746][iter_time:143.78]
2023-11-15 16:04:05.401 | INFO     | adsh_exchnet:train:154 - [epoch:1/1][cnn_loss:3.719499][h_loss:3.417548][q_loss:0.132480][s_loss:0.2148][c_loss:0.0871][a_loss:0.0000]
2023-11-15 16:04:05.451 | INFO     | adsh_exchnet:train:187 - [iter:18/50][loss:9.466527][iter_time:185.68]
2023-11-15 16:07:15.766 | INFO     | adsh_exchnet:train:154 - [epoch:1/1][cnn_loss:3.703630][h_loss:3.411971][q_loss:0.132057][s_loss:0.2144][c_loss:0.0772][a_loss:0.0000]
2023-11-15 16:07:15.816 | INFO     | adsh_exchnet:train:187 - [iter:19/50][loss:9.449980][iter_time:190.36]
2023-11-15 16:10:21.149 | INFO     | adsh_exchnet:train:154 - [epoch:1/1][cnn_loss:3.682820][h_loss:3.399963][q_loss:0.131371][s_loss:0.2141][c_loss:0.0688][a_loss:0.0000]
2023-11-15 16:10:21.208 | INFO     | adsh_exchnet:train:187 - [iter:20/50][loss:9.416169][iter_time:185.39]
2023-11-15 16:20:10.378 | INFO     | adsh_exchnet:train:261 - [iter:20/50][code_length:32][mAP:0.86683][mAP_all:0.85554][best_mAP:0.86683]
2023-11-15 16:20:10.379 | INFO     | adsh_exchnet:train:262 - [iter:20/50][code_length:32][zs_mAP:0.58547][zs_mAP_all:0.32707]
2023-11-15 16:22:37.314 | INFO     | adsh_exchnet:train:154 - [epoch:1/1][cnn_loss:3.666408][h_loss:3.390629][q_loss:0.130751][s_loss:0.2136][c_loss:0.0621][a_loss:0.0000]
2023-11-15 16:22:37.364 | INFO     | adsh_exchnet:train:187 - [iter:21/50][loss:9.390563][iter_time:146.98]
2023-11-15 16:25:20.626 | INFO     | adsh_exchnet:train:154 - [epoch:1/1][cnn_loss:3.644943][h_loss:3.377255][q_loss:0.129946][s_loss:0.2132][c_loss:0.0545][a_loss:0.0000]
2023-11-15 16:25:20.680 | INFO     | adsh_exchnet:train:187 - [iter:22/50][loss:9.352283][iter_time:163.32]
2023-11-15 16:28:06.138 | INFO     | adsh_exchnet:train:154 - [epoch:1/1][cnn_loss:3.638847][h_loss:3.375650][q_loss:0.129929][s_loss:0.2129][c_loss:0.0503][a_loss:0.0000]
2023-11-15 16:28:06.188 | INFO     | adsh_exchnet:train:187 - [iter:23/50][loss:9.347866][iter_time:165.51]
2023-11-15 16:30:31.858 | INFO     | adsh_exchnet:train:154 - [epoch:1/1][cnn_loss:3.618890][h_loss:3.361568][q_loss:0.129027][s_loss:0.2124][c_loss:0.0449][a_loss:0.0000]
2023-11-15 16:30:31.909 | INFO     | adsh_exchnet:train:187 - [iter:24/50][loss:9.308177][iter_time:145.72]
2023-11-15 16:32:59.675 | INFO     | adsh_exchnet:train:154 - [epoch:1/1][cnn_loss:3.603548][h_loss:3.350246][q_loss:0.128258][s_loss:0.2120][c_loss:0.0413][a_loss:0.0000]
2023-11-15 16:32:59.725 | INFO     | adsh_exchnet:train:187 - [iter:25/50][loss:9.275669][iter_time:147.82]
2023-11-15 16:42:47.334 | INFO     | adsh_exchnet:train:261 - [iter:25/50][code_length:32][mAP:0.86780][mAP_all:0.85625][best_mAP:0.86780]
2023-11-15 16:42:47.335 | INFO     | adsh_exchnet:train:262 - [iter:25/50][code_length:32][zs_mAP:0.57657][zs_mAP_all:0.33074]
2023-11-15 16:45:14.875 | INFO     | adsh_exchnet:train:154 - [epoch:1/1][cnn_loss:3.599322][h_loss:3.350064][q_loss:0.128251][s_loss:0.2116][c_loss:0.0376][a_loss:0.0000]
2023-11-15 16:45:14.924 | INFO     | adsh_exchnet:train:187 - [iter:26/50][loss:9.275231][iter_time:147.59]
2023-11-15 16:47:39.738 | INFO     | adsh_exchnet:train:154 - [epoch:1/1][cnn_loss:3.582275][h_loss:3.336199][q_loss:0.127327][s_loss:0.2112][c_loss:0.0349][a_loss:0.0000]
2023-11-15 16:47:39.788 | INFO     | adsh_exchnet:train:187 - [iter:27/50][loss:9.236077][iter_time:144.86]
2023-11-15 16:50:14.223 | INFO     | adsh_exchnet:train:154 - [epoch:1/1][cnn_loss:3.573886][h_loss:3.331546][q_loss:0.127122][s_loss:0.2109][c_loss:0.0314][a_loss:0.0000]
2023-11-15 16:50:14.277 | INFO     | adsh_exchnet:train:187 - [iter:28/50][loss:9.223504][iter_time:154.49]
2023-11-15 16:53:05.239 | INFO     | adsh_exchnet:train:154 - [epoch:1/1][cnn_loss:3.567415][h_loss:3.327034][q_loss:0.126692][s_loss:0.2104][c_loss:0.0300][a_loss:0.0000]
2023-11-15 16:53:05.289 | INFO     | adsh_exchnet:train:187 - [iter:29/50][loss:9.210094][iter_time:171.01]
2023-11-15 16:55:31.103 | INFO     | adsh_exchnet:train:154 - [epoch:1/1][cnn_loss:3.554861][h_loss:3.316780][q_loss:0.126042][s_loss:0.2099][c_loss:0.0282][a_loss:0.0000]
2023-11-15 16:55:31.153 | INFO     | adsh_exchnet:train:187 - [iter:30/50][loss:9.180553][iter_time:145.86]
2023-11-15 17:05:17.486 | INFO     | adsh_exchnet:train:261 - [iter:30/50][code_length:32][mAP:0.87768][mAP_all:0.86553][best_mAP:0.87768]
2023-11-15 17:05:17.487 | INFO     | adsh_exchnet:train:262 - [iter:30/50][code_length:32][zs_mAP:0.57631][zs_mAP_all:0.31615]
2023-11-15 17:07:43.331 | INFO     | adsh_exchnet:train:154 - [epoch:1/1][cnn_loss:3.544763][h_loss:3.309308][q_loss:0.125628][s_loss:0.2096][c_loss:0.0259][a_loss:0.0000]
2023-11-15 17:07:43.381 | INFO     | adsh_exchnet:train:187 - [iter:31/50][loss:9.159516][iter_time:145.89]
2023-11-15 17:10:08.124 | INFO     | adsh_exchnet:train:154 - [epoch:1/1][cnn_loss:3.538625][h_loss:3.305273][q_loss:0.125289][s_loss:0.2092][c_loss:0.0241][a_loss:0.0000]
2023-11-15 17:10:08.174 | INFO     | adsh_exchnet:train:187 - [iter:32/50][loss:9.147819][iter_time:144.79]
2023-11-15 17:12:33.485 | INFO     | adsh_exchnet:train:154 - [epoch:1/1][cnn_loss:3.527680][h_loss:3.296572][q_loss:0.124758][s_loss:0.2088][c_loss:0.0223][a_loss:0.0000]
2023-11-15 17:12:33.535 | INFO     | adsh_exchnet:train:187 - [iter:33/50][loss:9.123767][iter_time:145.36]
2023-11-15 17:15:08.948 | INFO     | adsh_exchnet:train:154 - [epoch:1/1][cnn_loss:3.522551][h_loss:3.292618][q_loss:0.124354][s_loss:0.2083][c_loss:0.0216][a_loss:0.0000]
2023-11-15 17:15:09.003 | INFO     | adsh_exchnet:train:187 - [iter:34/50][loss:9.111913][iter_time:155.47]
2023-11-15 17:18:08.709 | INFO     | adsh_exchnet:train:154 - [epoch:1/1][cnn_loss:3.520739][h_loss:3.291661][q_loss:0.124427][s_loss:0.2078][c_loss:0.0212][a_loss:0.0000]
2023-11-15 17:18:08.760 | INFO     | adsh_exchnet:train:187 - [iter:35/50][loss:9.108892][iter_time:179.76]
2023-11-15 17:27:53.976 | INFO     | adsh_exchnet:train:261 - [iter:35/50][code_length:32][mAP:0.87801][mAP_all:0.86596][best_mAP:0.87801]
2023-11-15 17:27:53.977 | INFO     | adsh_exchnet:train:262 - [iter:35/50][code_length:32][zs_mAP:0.57613][zs_mAP_all:0.30612]
2023-11-15 17:30:58.561 | INFO     | adsh_exchnet:train:154 - [epoch:1/1][cnn_loss:3.509108][h_loss:3.282929][q_loss:0.123729][s_loss:0.2075][c_loss:0.0187][a_loss:0.0000]
2023-11-15 17:30:58.611 | INFO     | adsh_exchnet:train:187 - [iter:36/50][loss:9.083979][iter_time:184.63]
2023-11-15 17:40:45.192 | INFO     | adsh_exchnet:train:261 - [iter:36/50][code_length:32][mAP:0.88024][mAP_all:0.86821][best_mAP:0.88024]
2023-11-15 17:40:45.193 | INFO     | adsh_exchnet:train:262 - [iter:36/50][code_length:32][zs_mAP:0.56296][zs_mAP_all:0.29145]
2023-11-15 17:43:49.551 | INFO     | adsh_exchnet:train:154 - [epoch:1/1][cnn_loss:3.510211][h_loss:3.285121][q_loss:0.123954][s_loss:0.2070][c_loss:0.0181][a_loss:0.0000]
2023-11-15 17:43:49.601 | INFO     | adsh_exchnet:train:187 - [iter:37/50][loss:9.091104][iter_time:184.41]
2023-11-15 17:53:35.087 | INFO     | adsh_exchnet:train:261 - [iter:37/50][code_length:32][mAP:0.88002][mAP_all:0.86755][best_mAP:0.88024]
2023-11-15 17:53:35.088 | INFO     | adsh_exchnet:train:262 - [iter:37/50][code_length:32][zs_mAP:0.54693][zs_mAP_all:0.28735]
2023-11-15 17:56:40.942 | INFO     | adsh_exchnet:train:154 - [epoch:1/1][cnn_loss:3.493084][h_loss:3.269354][q_loss:0.122778][s_loss:0.2066][c_loss:0.0172][a_loss:0.0000]
2023-11-15 17:56:40.992 | INFO     | adsh_exchnet:train:187 - [iter:38/50][loss:9.045620][iter_time:185.90]
2023-11-15 18:06:27.329 | INFO     | adsh_exchnet:train:261 - [iter:38/50][code_length:32][mAP:0.87958][mAP_all:0.86723][best_mAP:0.88024]
2023-11-15 18:06:27.329 | INFO     | adsh_exchnet:train:262 - [iter:38/50][code_length:32][zs_mAP:0.56110][zs_mAP_all:0.30152]
2023-11-15 18:09:25.967 | INFO     | adsh_exchnet:train:154 - [epoch:1/1][cnn_loss:3.491187][h_loss:3.268631][q_loss:0.122749][s_loss:0.2060][c_loss:0.0165][a_loss:0.0000]
2023-11-15 18:09:26.017 | INFO     | adsh_exchnet:train:187 - [iter:39/50][loss:9.043538][iter_time:178.69]
2023-11-15 18:19:13.796 | INFO     | adsh_exchnet:train:261 - [iter:39/50][code_length:32][mAP:0.88190][mAP_all:0.87014][best_mAP:0.88190]
2023-11-15 18:19:13.798 | INFO     | adsh_exchnet:train:262 - [iter:39/50][code_length:32][zs_mAP:0.55043][zs_mAP_all:0.28765]
2023-11-15 18:22:07.260 | INFO     | adsh_exchnet:train:154 - [epoch:1/1][cnn_loss:3.490734][h_loss:3.269005][q_loss:0.122859][s_loss:0.2056][c_loss:0.0162][a_loss:0.0000]
2023-11-15 18:29:55.696 | INFO     | adsh_exchnet:train:187 - [iter:40/50][loss:9.044570][iter_time:641.90]
2023-11-15 18:39:40.467 | INFO     | adsh_exchnet:train:261 - [iter:40/50][code_length:32][mAP:0.88160][mAP_all:0.86901][best_mAP:0.88190]
2023-11-15 18:39:40.468 | INFO     | adsh_exchnet:train:262 - [iter:40/50][code_length:32][zs_mAP:0.56290][zs_mAP_all:0.30081]
2023-11-15 18:42:08.302 | INFO     | adsh_exchnet:train:154 - [epoch:1/1][cnn_loss:6.594440][h_loss:3.154116][q_loss:0.114459][s_loss:0.2065][c_loss:0.0434][a_loss:3.1904]
2023-11-15 18:50:00.154 | INFO     | adsh_exchnet:train:187 - [iter:41/50][loss:8.715891][iter_time:619.69]
2023-11-15 18:59:46.404 | INFO     | adsh_exchnet:train:261 - [iter:41/50][code_length:32][mAP:0.87721][mAP_all:0.86409][best_mAP:0.88190]
2023-11-15 18:59:46.405 | INFO     | adsh_exchnet:train:262 - [iter:41/50][code_length:32][zs_mAP:0.53235][zs_mAP_all:0.26904]
2023-11-15 19:02:11.169 | INFO     | adsh_exchnet:train:154 - [epoch:1/1][cnn_loss:7.387004][h_loss:3.171968][q_loss:0.115520][s_loss:0.2109][c_loss:0.0592][a_loss:3.9450]
2023-11-15 19:10:01.804 | INFO     | adsh_exchnet:train:187 - [iter:42/50][loss:8.766659][iter_time:615.40]
2023-11-15 19:19:48.384 | INFO     | adsh_exchnet:train:261 - [iter:42/50][code_length:32][mAP:0.87372][mAP_all:0.86019][best_mAP:0.88190]
2023-11-15 19:19:48.385 | INFO     | adsh_exchnet:train:262 - [iter:42/50][code_length:32][zs_mAP:0.51373][zs_mAP_all:0.26543]
2023-11-15 19:22:55.156 | INFO     | adsh_exchnet:train:154 - [epoch:1/1][cnn_loss:10.957147][h_loss:3.220482][q_loss:0.117538][s_loss:0.2248][c_loss:0.0669][a_loss:7.4449]
2023-11-15 19:30:42.618 | INFO     | adsh_exchnet:train:187 - [iter:43/50][loss:8.901485][iter_time:654.23]
2023-11-15 19:40:45.317 | INFO     | adsh_exchnet:train:261 - [iter:43/50][code_length:32][mAP:0.86623][mAP_all:0.85173][best_mAP:0.88190]
2023-11-15 19:40:45.318 | INFO     | adsh_exchnet:train:262 - [iter:43/50][code_length:32][zs_mAP:0.51108][zs_mAP_all:0.26455]
2023-11-15 19:43:36.318 | INFO     | adsh_exchnet:train:154 - [epoch:1/1][cnn_loss:16.067381][h_loss:3.281536][q_loss:0.118795][s_loss:0.2551][c_loss:0.0696][a_loss:12.4612]
2023-11-15 19:51:33.168 | INFO     | adsh_exchnet:train:187 - [iter:44/50][loss:9.067172][iter_time:647.85]
2023-11-15 20:01:56.023 | INFO     | adsh_exchnet:train:261 - [iter:44/50][code_length:32][mAP:0.86213][mAP_all:0.84963][best_mAP:0.88190]
2023-11-15 20:01:56.023 | INFO     | adsh_exchnet:train:262 - [iter:44/50][code_length:32][zs_mAP:0.51266][zs_mAP_all:0.27430]
2023-11-15 20:04:44.945 | INFO     | adsh_exchnet:train:154 - [epoch:1/1][cnn_loss:14.554234][h_loss:3.284103][q_loss:0.119180][s_loss:0.2801][c_loss:0.0707][a_loss:10.9193]
2023-11-15 20:12:40.781 | INFO     | adsh_exchnet:train:187 - [iter:45/50][loss:9.075469][iter_time:644.76]
2023-11-15 20:22:35.385 | INFO     | adsh_exchnet:train:261 - [iter:45/50][code_length:32][mAP:0.85596][mAP_all:0.84202][best_mAP:0.88190]
2023-11-15 20:22:35.386 | INFO     | adsh_exchnet:train:262 - [iter:45/50][code_length:32][zs_mAP:0.49410][zs_mAP_all:0.24744]
2023-11-15 20:25:45.043 | INFO     | adsh_exchnet:train:154 - [epoch:1/1][cnn_loss:19.247973][h_loss:3.233569][q_loss:0.118244][s_loss:0.3083][c_loss:0.0709][a_loss:15.6352]
2023-11-15 20:33:34.067 | INFO     | adsh_exchnet:train:187 - [iter:46/50][loss:8.937830][iter_time:658.68]
2023-11-15 20:43:39.319 | INFO     | adsh_exchnet:train:261 - [iter:46/50][code_length:32][mAP:0.86203][mAP_all:0.84867][best_mAP:0.88190]
2023-11-15 20:43:39.320 | INFO     | adsh_exchnet:train:262 - [iter:46/50][code_length:32][zs_mAP:0.51674][zs_mAP_all:0.26690]
2023-11-15 20:46:46.091 | INFO     | adsh_exchnet:train:154 - [epoch:1/1][cnn_loss:21.093787][h_loss:3.215529][q_loss:0.119620][s_loss:0.3158][c_loss:0.0735][a_loss:17.4890]
2023-11-15 20:54:37.457 | INFO     | adsh_exchnet:train:187 - [iter:47/50][loss:8.893717][iter_time:658.14]
2023-11-15 21:04:26.966 | INFO     | adsh_exchnet:train:261 - [iter:47/50][code_length:32][mAP:0.86858][mAP_all:0.85544][best_mAP:0.88190]
2023-11-15 21:04:26.967 | INFO     | adsh_exchnet:train:262 - [iter:47/50][code_length:32][zs_mAP:0.52822][zs_mAP_all:0.26406]
2023-11-15 21:07:34.844 | INFO     | adsh_exchnet:train:154 - [epoch:1/1][cnn_loss:18.417979][h_loss:3.216359][q_loss:0.121478][s_loss:0.3127][c_loss:0.0776][a_loss:14.8113]
2023-11-15 21:15:24.670 | INFO     | adsh_exchnet:train:187 - [iter:48/50][loss:8.900430][iter_time:657.70]
2023-11-15 21:25:13.397 | INFO     | adsh_exchnet:train:261 - [iter:48/50][code_length:32][mAP:0.87083][mAP_all:0.85751][best_mAP:0.88190]
2023-11-15 21:25:13.398 | INFO     | adsh_exchnet:train:262 - [iter:48/50][code_length:32][zs_mAP:0.52582][zs_mAP_all:0.26900]
2023-11-15 21:27:42.347 | INFO     | adsh_exchnet:train:154 - [epoch:1/1][cnn_loss:25.294781][h_loss:3.234635][q_loss:0.120846][s_loss:0.3094][c_loss:0.0801][a_loss:21.6707]
2023-11-15 21:35:23.054 | INFO     | adsh_exchnet:train:187 - [iter:49/50][loss:8.948080][iter_time:609.66]
2023-11-15 21:44:57.957 | INFO     | adsh_exchnet:train:261 - [iter:49/50][code_length:32][mAP:0.87295][mAP_all:0.86017][best_mAP:0.88190]
2023-11-15 21:44:57.957 | INFO     | adsh_exchnet:train:262 - [iter:49/50][code_length:32][zs_mAP:0.52206][zs_mAP_all:0.26815]
2023-11-15 21:47:27.967 | INFO     | adsh_exchnet:train:154 - [epoch:1/1][cnn_loss:22.692407][h_loss:3.223707][q_loss:0.121141][s_loss:0.3165][c_loss:0.0822][a_loss:19.0699]
2023-11-15 21:55:06.772 | INFO     | adsh_exchnet:train:187 - [iter:50/50][loss:8.919694][iter_time:608.81]
2023-11-15 22:04:38.166 | INFO     | adsh_exchnet:train:261 - [iter:50/50][code_length:32][mAP:0.87223][mAP_all:0.85911][best_mAP:0.88190]
2023-11-15 22:04:38.167 | INFO     | adsh_exchnet:train:262 - [iter:50/50][code_length:32][zs_mAP:0.53237][zs_mAP_all:0.27641]
2023-11-15 22:04:38.167 | INFO     | adsh_exchnet:train:264 - [Training time:26306.02]
2023-11-15 22:04:38.176 | INFO     | __main__:run:126 - [code_length:32][map:0.8819][map_all:0.8701][zs_map:0.5504][zs_map_all:0.2877]
2023-11-15 22:07:03.346 | INFO     | adsh_exchnet:train:154 - [epoch:1/1][cnn_loss:10.396666][h_loss:9.291186][q_loss:0.220306][s_loss:0.7897][c_loss:0.3157][a_loss:0.0000]
2023-11-15 22:07:03.464 | INFO     | adsh_exchnet:train:187 - [iter:1/50][loss:47.841812][iter_time:144.04]
2023-11-15 22:09:27.591 | INFO     | adsh_exchnet:train:154 - [epoch:1/1][cnn_loss:8.793192][h_loss:7.975587][q_loss:0.182186][s_loss:0.4882][c_loss:0.3294][a_loss:0.0000]
2023-11-15 22:09:27.705 | INFO     | adsh_exchnet:train:187 - [iter:2/50][loss:43.012867][iter_time:144.24]
2023-11-15 22:11:55.286 | INFO     | adsh_exchnet:train:154 - [epoch:1/1][cnn_loss:7.597256][h_loss:6.860603][q_loss:0.147282][s_loss:0.4302][c_loss:0.3064][a_loss:0.0000]
2023-11-15 22:11:55.400 | INFO     | adsh_exchnet:train:187 - [iter:3/50][loss:37.133419][iter_time:147.70]
2023-11-15 22:14:16.635 | INFO     | adsh_exchnet:train:154 - [epoch:1/1][cnn_loss:6.925037][h_loss:6.220405][q_loss:0.130312][s_loss:0.4211][c_loss:0.2836][a_loss:0.0000]
2023-11-15 22:14:16.751 | INFO     | adsh_exchnet:train:187 - [iter:4/50][loss:33.763153][iter_time:141.35]
2023-11-15 22:16:36.067 | INFO     | adsh_exchnet:train:154 - [epoch:1/1][cnn_loss:6.477825][h_loss:5.797701][q_loss:0.120413][s_loss:0.4150][c_loss:0.2651][a_loss:0.0000]
2023-11-15 22:16:36.181 | INFO     | adsh_exchnet:train:187 - [iter:5/50][loss:31.522964][iter_time:139.43]
2023-11-15 22:26:08.805 | INFO     | adsh_exchnet:train:261 - [iter:5/50][code_length:64][mAP:0.87258][mAP_all:0.86361][best_mAP:0.87258]
2023-11-15 22:26:08.805 | INFO     | adsh_exchnet:train:262 - [iter:5/50][code_length:64][zs_mAP:0.72982][zs_mAP_all:0.49918]
2023-11-15 22:28:30.826 | INFO     | adsh_exchnet:train:154 - [epoch:1/1][cnn_loss:6.142675][h_loss:5.481286][q_loss:0.113821][s_loss:0.4112][c_loss:0.2501][a_loss:0.0000]
2023-11-15 22:28:30.940 | INFO     | adsh_exchnet:train:187 - [iter:6/50][loss:29.830439][iter_time:142.13]
2023-11-15 22:30:49.839 | INFO     | adsh_exchnet:train:154 - [epoch:1/1][cnn_loss:5.946507][h_loss:5.300436][q_loss:0.110703][s_loss:0.4076][c_loss:0.2384][a_loss:0.0000]
2023-11-15 22:30:49.954 | INFO     | adsh_exchnet:train:187 - [iter:7/50][loss:28.851183][iter_time:139.01]
2023-11-15 22:33:10.272 | INFO     | adsh_exchnet:train:154 - [epoch:1/1][cnn_loss:5.768646][h_loss:5.135347][q_loss:0.107828][s_loss:0.4055][c_loss:0.2278][a_loss:0.0000]
2023-11-15 22:33:10.386 | INFO     | adsh_exchnet:train:187 - [iter:8/50][loss:27.958982][iter_time:140.43]
2023-11-15 22:36:16.755 | INFO     | adsh_exchnet:train:154 - [epoch:1/1][cnn_loss:5.621573][h_loss:5.000891][q_loss:0.105541][s_loss:0.4031][c_loss:0.2176][a_loss:0.0000]
2023-11-15 22:36:16.871 | INFO     | adsh_exchnet:train:187 - [iter:9/50][loss:27.230600][iter_time:186.48]
2023-11-15 22:39:02.360 | INFO     | adsh_exchnet:train:154 - [epoch:1/1][cnn_loss:5.489170][h_loss:4.880207][q_loss:0.103289][s_loss:0.4016][c_loss:0.2074][a_loss:0.0000]
2023-11-15 22:39:02.479 | INFO     | adsh_exchnet:train:187 - [iter:10/50][loss:26.578814][iter_time:165.61]
2023-11-15 22:48:49.265 | INFO     | adsh_exchnet:train:261 - [iter:10/50][code_length:64][mAP:0.88866][mAP_all:0.87903][best_mAP:0.88866]
2023-11-15 22:48:49.266 | INFO     | adsh_exchnet:train:262 - [iter:10/50][code_length:64][zs_mAP:0.68119][zs_mAP_all:0.44745]
2023-11-15 22:51:22.045 | INFO     | adsh_exchnet:train:154 - [epoch:1/1][cnn_loss:5.366157][h_loss:4.767127][q_loss:0.100992][s_loss:0.4000][c_loss:0.1990][a_loss:0.0000]
2023-11-15 22:51:22.161 | INFO     | adsh_exchnet:train:187 - [iter:11/50][loss:25.962200][iter_time:152.89]
2023-11-15 22:53:46.473 | INFO     | adsh_exchnet:train:154 - [epoch:1/1][cnn_loss:5.278111][h_loss:4.686809][q_loss:0.099624][s_loss:0.3994][c_loss:0.1919][a_loss:0.0000]
2023-11-15 22:53:46.587 | INFO     | adsh_exchnet:train:187 - [iter:12/50][loss:25.527441][iter_time:144.43]
2023-11-15 22:56:09.222 | INFO     | adsh_exchnet:train:154 - [epoch:1/1][cnn_loss:5.237436][h_loss:4.654795][q_loss:0.099509][s_loss:0.3979][c_loss:0.1848][a_loss:0.0000]
2023-11-15 22:56:09.336 | INFO     | adsh_exchnet:train:187 - [iter:13/50][loss:25.357845][iter_time:142.75]
2023-11-15 22:58:34.983 | INFO     | adsh_exchnet:train:154 - [epoch:1/1][cnn_loss:5.146739][h_loss:4.572083][q_loss:0.097939][s_loss:0.3975][c_loss:0.1772][a_loss:0.0000]
2023-11-15 22:58:35.097 | INFO     | adsh_exchnet:train:187 - [iter:14/50][loss:24.908621][iter_time:145.76]
2023-11-15 23:01:22.159 | INFO     | adsh_exchnet:train:154 - [epoch:1/1][cnn_loss:5.071852][h_loss:4.504760][q_loss:0.096692][s_loss:0.3962][c_loss:0.1709][a_loss:0.0000]
2023-11-15 23:01:22.273 | INFO     | adsh_exchnet:train:187 - [iter:15/50][loss:24.541565][iter_time:167.18]
2023-11-15 23:11:08.651 | INFO     | adsh_exchnet:train:261 - [iter:15/50][code_length:64][mAP:0.89691][mAP_all:0.88628][best_mAP:0.89691]
2023-11-15 23:11:08.652 | INFO     | adsh_exchnet:train:262 - [iter:15/50][code_length:64][zs_mAP:0.65002][zs_mAP_all:0.41370]
2023-11-15 23:14:05.172 | INFO     | adsh_exchnet:train:154 - [epoch:1/1][cnn_loss:5.043577][h_loss:4.483019][q_loss:0.096401][s_loss:0.3956][c_loss:0.1649][a_loss:0.0000]
2023-11-15 23:14:05.287 | INFO     | adsh_exchnet:train:187 - [iter:16/50][loss:24.422884][iter_time:176.64]
2023-11-15 23:16:45.649 | INFO     | adsh_exchnet:train:154 - [epoch:1/1][cnn_loss:4.974136][h_loss:4.421820][q_loss:0.095215][s_loss:0.3948][c_loss:0.1575][a_loss:0.0000]
2023-11-15 23:16:45.764 | INFO     | adsh_exchnet:train:187 - [iter:17/50][loss:24.089756][iter_time:160.48]
2023-11-15 23:19:10.172 | INFO     | adsh_exchnet:train:154 - [epoch:1/1][cnn_loss:4.935566][h_loss:4.391551][q_loss:0.094647][s_loss:0.3942][c_loss:0.1498][a_loss:0.0000]
2023-11-15 23:19:10.284 | INFO     | adsh_exchnet:train:187 - [iter:18/50][loss:23.927023][iter_time:144.52]
2023-11-15 23:21:35.009 | INFO     | adsh_exchnet:train:154 - [epoch:1/1][cnn_loss:4.892038][h_loss:4.356181][q_loss:0.093989][s_loss:0.3937][c_loss:0.1422][a_loss:0.0000]
2023-11-15 23:21:35.129 | INFO     | adsh_exchnet:train:187 - [iter:19/50][loss:23.730938][iter_time:144.84]
2023-11-15 23:23:59.852 | INFO     | adsh_exchnet:train:154 - [epoch:1/1][cnn_loss:4.806713][h_loss:4.279117][q_loss:0.092253][s_loss:0.3928][c_loss:0.1348][a_loss:0.0000]
2023-11-15 23:23:59.968 | INFO     | adsh_exchnet:train:187 - [iter:20/50][loss:23.313581][iter_time:144.84]
2023-11-15 23:33:48.669 | INFO     | adsh_exchnet:train:261 - [iter:20/50][code_length:64][mAP:0.90008][mAP_all:0.88868][best_mAP:0.90008]
2023-11-15 23:33:48.671 | INFO     | adsh_exchnet:train:262 - [iter:20/50][code_length:64][zs_mAP:0.63122][zs_mAP_all:0.38231]
2023-11-15 23:36:17.575 | INFO     | adsh_exchnet:train:154 - [epoch:1/1][cnn_loss:4.784877][h_loss:4.262508][q_loss:0.091955][s_loss:0.3923][c_loss:0.1300][a_loss:0.0000]
2023-11-15 23:36:17.695 | INFO     | adsh_exchnet:train:187 - [iter:21/50][loss:23.219976][iter_time:149.02]
2023-11-15 23:38:56.774 | INFO     | adsh_exchnet:train:154 - [epoch:1/1][cnn_loss:4.717172][h_loss:4.201053][q_loss:0.090749][s_loss:0.3916][c_loss:0.1245][a_loss:0.0000]
2023-11-15 23:38:56.893 | INFO     | adsh_exchnet:train:187 - [iter:22/50][loss:22.888279][iter_time:159.20]
2023-11-15 23:41:31.072 | INFO     | adsh_exchnet:train:154 - [epoch:1/1][cnn_loss:4.703476][h_loss:4.193829][q_loss:0.090664][s_loss:0.3893][c_loss:0.1204][a_loss:0.0000]
2023-11-15 23:41:31.187 | INFO     | adsh_exchnet:train:187 - [iter:23/50][loss:22.848141][iter_time:154.29]
2023-11-15 23:43:55.781 | INFO     | adsh_exchnet:train:154 - [epoch:1/1][cnn_loss:4.679123][h_loss:4.179059][q_loss:0.090426][s_loss:0.3846][c_loss:0.1155][a_loss:0.0000]
2023-11-15 23:43:55.895 | INFO     | adsh_exchnet:train:187 - [iter:24/50][loss:22.770685][iter_time:144.71]
2023-11-15 23:46:24.260 | INFO     | adsh_exchnet:train:154 - [epoch:1/1][cnn_loss:4.602619][h_loss:4.134675][q_loss:0.089409][s_loss:0.3563][c_loss:0.1117][a_loss:0.0000]
2023-11-15 23:46:24.374 | INFO     | adsh_exchnet:train:187 - [iter:25/50][loss:22.530550][iter_time:148.48]
2023-11-15 23:56:24.693 | INFO     | adsh_exchnet:train:261 - [iter:25/50][code_length:64][mAP:0.89746][mAP_all:0.88593][best_mAP:0.90008]
2023-11-15 23:56:24.694 | INFO     | adsh_exchnet:train:262 - [iter:25/50][code_length:64][zs_mAP:0.60953][zs_mAP_all:0.36470]
2023-11-15 23:58:52.162 | INFO     | adsh_exchnet:train:154 - [epoch:1/1][cnn_loss:4.523220][h_loss:4.112630][q_loss:0.089001][s_loss:0.3009][c_loss:0.1097][a_loss:0.0000]
2023-11-15 23:58:52.276 | INFO     | adsh_exchnet:train:187 - [iter:26/50][loss:22.404854][iter_time:147.58]
2023-11-16 00:01:18.470 | INFO     | adsh_exchnet:train:154 - [epoch:1/1][cnn_loss:4.470416][h_loss:4.106423][q_loss:0.088872][s_loss:0.2584][c_loss:0.1056][a_loss:0.0000]
2023-11-16 00:01:18.584 | INFO     | adsh_exchnet:train:187 - [iter:27/50][loss:22.376472][iter_time:146.31]
2023-11-16 00:04:24.471 | INFO     | adsh_exchnet:train:154 - [epoch:1/1][cnn_loss:4.409711][h_loss:4.073738][q_loss:0.088207][s_loss:0.2378][c_loss:0.0981][a_loss:0.0000]
2023-11-16 00:04:24.588 | INFO     | adsh_exchnet:train:187 - [iter:28/50][loss:22.196714][iter_time:186.00]
2023-11-16 00:06:51.549 | INFO     | adsh_exchnet:train:154 - [epoch:1/1][cnn_loss:4.373684][h_loss:4.051502][q_loss:0.087970][s_loss:0.2303][c_loss:0.0918][a_loss:0.0000]
2023-11-16 00:06:51.664 | INFO     | adsh_exchnet:train:187 - [iter:29/50][loss:22.076935][iter_time:147.08]
2023-11-16 00:09:20.327 | INFO     | adsh_exchnet:train:154 - [epoch:1/1][cnn_loss:4.369098][h_loss:4.052771][q_loss:0.088115][s_loss:0.2281][c_loss:0.0882][a_loss:0.0000]
2023-11-16 00:09:20.441 | INFO     | adsh_exchnet:train:187 - [iter:30/50][loss:22.084906][iter_time:148.78]
2023-11-16 00:19:09.753 | INFO     | adsh_exchnet:train:261 - [iter:30/50][code_length:64][mAP:0.89525][mAP_all:0.88297][best_mAP:0.90008]
2023-11-16 00:19:09.753 | INFO     | adsh_exchnet:train:262 - [iter:30/50][code_length:64][zs_mAP:0.59203][zs_mAP_all:0.33890]
2023-11-16 00:21:38.314 | INFO     | adsh_exchnet:train:154 - [epoch:1/1][cnn_loss:4.340506][h_loss:4.028489][q_loss:0.087512][s_loss:0.2270][c_loss:0.0850][a_loss:0.0000]
2023-11-16 00:21:38.428 | INFO     | adsh_exchnet:train:187 - [iter:31/50][loss:21.953388][iter_time:148.67]
2023-11-16 00:24:06.203 | INFO     | adsh_exchnet:train:154 - [epoch:1/1][cnn_loss:4.300458][h_loss:3.993766][q_loss:0.086777][s_loss:0.2263][c_loss:0.0804][a_loss:0.0000]
2023-11-16 00:24:06.317 | INFO     | adsh_exchnet:train:187 - [iter:32/50][loss:21.762688][iter_time:147.89]
2023-11-16 00:26:41.064 | INFO     | adsh_exchnet:train:154 - [epoch:1/1][cnn_loss:4.257675][h_loss:3.955736][q_loss:0.085912][s_loss:0.2257][c_loss:0.0763][a_loss:0.0000]
2023-11-16 00:26:41.178 | INFO     | adsh_exchnet:train:187 - [iter:33/50][loss:21.557178][iter_time:154.86]
2023-11-16 00:29:36.782 | INFO     | adsh_exchnet:train:154 - [epoch:1/1][cnn_loss:4.240395][h_loss:3.943330][q_loss:0.085810][s_loss:0.2242][c_loss:0.0729][a_loss:0.0000]
2023-11-16 00:29:36.897 | INFO     | adsh_exchnet:train:187 - [iter:34/50][loss:21.486656][iter_time:175.72]
2023-11-16 00:32:03.839 | INFO     | adsh_exchnet:train:154 - [epoch:1/1][cnn_loss:4.241138][h_loss:3.947905][q_loss:0.085964][s_loss:0.2235][c_loss:0.0698][a_loss:0.0000]
2023-11-16 00:32:03.954 | INFO     | adsh_exchnet:train:187 - [iter:35/50][loss:21.514545][iter_time:147.06]
2023-11-16 00:42:01.738 | INFO     | adsh_exchnet:train:261 - [iter:35/50][code_length:64][mAP:0.89505][mAP_all:0.88258][best_mAP:0.90008]
2023-11-16 00:42:01.738 | INFO     | adsh_exchnet:train:262 - [iter:35/50][code_length:64][zs_mAP:0.56293][zs_mAP_all:0.32270]
2023-11-16 00:44:32.596 | INFO     | adsh_exchnet:train:154 - [epoch:1/1][cnn_loss:4.202912][h_loss:3.913977][q_loss:0.085181][s_loss:0.2232][c_loss:0.0657][a_loss:0.0000]
2023-11-16 00:44:32.711 | INFO     | adsh_exchnet:train:187 - [iter:36/50][loss:21.329815][iter_time:150.97]
2023-11-16 00:54:26.680 | INFO     | adsh_exchnet:train:261 - [iter:36/50][code_length:64][mAP:0.89847][mAP_all:0.88600][best_mAP:0.90008]
2023-11-16 00:54:26.681 | INFO     | adsh_exchnet:train:262 - [iter:36/50][code_length:64][zs_mAP:0.56217][zs_mAP_all:0.31779]
2023-11-16 00:56:52.117 | INFO     | adsh_exchnet:train:154 - [epoch:1/1][cnn_loss:4.176657][h_loss:3.890903][q_loss:0.084681][s_loss:0.2224][c_loss:0.0633][a_loss:0.0000]
2023-11-16 00:56:52.238 | INFO     | adsh_exchnet:train:187 - [iter:37/50][loss:21.204363][iter_time:145.56]
2023-11-16 01:06:35.187 | INFO     | adsh_exchnet:train:261 - [iter:37/50][code_length:64][mAP:0.89807][mAP_all:0.88493][best_mAP:0.90008]
2023-11-16 01:06:35.188 | INFO     | adsh_exchnet:train:262 - [iter:37/50][code_length:64][zs_mAP:0.55493][zs_mAP_all:0.30700]
2023-11-16 01:08:58.256 | INFO     | adsh_exchnet:train:154 - [epoch:1/1][cnn_loss:4.185478][h_loss:3.904706][q_loss:0.085123][s_loss:0.2216][c_loss:0.0592][a_loss:0.0000]
2023-11-16 01:08:58.371 | INFO     | adsh_exchnet:train:187 - [iter:38/50][loss:21.279076][iter_time:143.18]
2023-11-16 01:18:30.580 | INFO     | adsh_exchnet:train:261 - [iter:38/50][code_length:64][mAP:0.89684][mAP_all:0.88347][best_mAP:0.90008]
2023-11-16 01:18:30.580 | INFO     | adsh_exchnet:train:262 - [iter:38/50][code_length:64][zs_mAP:0.56281][zs_mAP_all:0.30412]
2023-11-16 01:20:56.092 | INFO     | adsh_exchnet:train:154 - [epoch:1/1][cnn_loss:4.139677][h_loss:3.862265][q_loss:0.084136][s_loss:0.2215][c_loss:0.0559][a_loss:0.0000]
2023-11-16 01:20:56.207 | INFO     | adsh_exchnet:train:187 - [iter:39/50][loss:21.047066][iter_time:145.63]
2023-11-16 01:31:43.815 | INFO     | adsh_exchnet:train:261 - [iter:39/50][code_length:64][mAP:0.89715][mAP_all:0.88309][best_mAP:0.90008]
2023-11-16 01:31:43.815 | INFO     | adsh_exchnet:train:262 - [iter:39/50][code_length:64][zs_mAP:0.56011][zs_mAP_all:0.32136]
2023-11-16 01:38:28.977 | INFO     | adsh_exchnet:train:154 - [epoch:1/1][cnn_loss:4.122615][h_loss:3.848813][q_loss:0.083952][s_loss:0.2213][c_loss:0.0525][a_loss:0.0000]
2023-11-16 01:47:39.844 | INFO     | adsh_exchnet:train:187 - [iter:40/50][loss:20.974257][iter_time:956.03]
2023-11-16 01:59:08.751 | INFO     | adsh_exchnet:train:261 - [iter:40/50][code_length:64][mAP:0.89905][mAP_all:0.88574][best_mAP:0.90008]
2023-11-16 01:59:08.752 | INFO     | adsh_exchnet:train:262 - [iter:40/50][code_length:64][zs_mAP:0.56213][zs_mAP_all:0.32038]
2023-11-16 02:05:48.340 | INFO     | adsh_exchnet:train:154 - [epoch:1/1][cnn_loss:7.973750][h_loss:3.516432][q_loss:0.076160][s_loss:0.2271][c_loss:0.0625][a_loss:4.1677]
2023-11-16 02:14:55.831 | INFO     | adsh_exchnet:train:187 - [iter:41/50][loss:19.157499][iter_time:947.08]
2023-11-16 02:26:27.519 | INFO     | adsh_exchnet:train:261 - [iter:41/50][code_length:64][mAP:0.88724][mAP_all:0.87263][best_mAP:0.90008]
2023-11-16 02:26:27.519 | INFO     | adsh_exchnet:train:262 - [iter:41/50][code_length:64][zs_mAP:0.52063][zs_mAP_all:0.27864]
2023-11-16 02:32:47.644 | INFO     | adsh_exchnet:train:154 - [epoch:1/1][cnn_loss:9.276583][h_loss:3.582716][q_loss:0.078787][s_loss:0.2532][c_loss:0.0662][a_loss:5.3745]
2023-11-16 02:42:02.346 | INFO     | adsh_exchnet:train:187 - [iter:42/50][loss:19.524843][iter_time:934.83]
2023-11-16 02:53:25.167 | INFO     | adsh_exchnet:train:261 - [iter:42/50][code_length:64][mAP:0.88864][mAP_all:0.87220][best_mAP:0.90008]
2023-11-16 02:53:25.168 | INFO     | adsh_exchnet:train:262 - [iter:42/50][code_length:64][zs_mAP:0.50598][zs_mAP_all:0.26894]
2023-11-16 03:00:12.050 | INFO     | adsh_exchnet:train:154 - [epoch:1/1][cnn_loss:12.124325][h_loss:3.637104][q_loss:0.080534][s_loss:0.2914][c_loss:0.0691][a_loss:8.1267]
2023-11-16 03:09:33.052 | INFO     | adsh_exchnet:train:187 - [iter:43/50][loss:19.828596][iter_time:967.88]
2023-11-16 03:20:57.010 | INFO     | adsh_exchnet:train:261 - [iter:43/50][code_length:64][mAP:0.87143][mAP_all:0.85595][best_mAP:0.90008]
2023-11-16 03:20:57.011 | INFO     | adsh_exchnet:train:262 - [iter:43/50][code_length:64][zs_mAP:0.51021][zs_mAP_all:0.27463]
2023-11-16 03:28:11.712 | INFO     | adsh_exchnet:train:154 - [epoch:1/1][cnn_loss:14.098200][h_loss:3.683303][q_loss:0.081741][s_loss:0.3163][c_loss:0.0719][a_loss:10.0267]
2023-11-16 03:37:31.284 | INFO     | adsh_exchnet:train:187 - [iter:44/50][loss:20.079811][iter_time:994.27]
2023-11-16 03:49:02.691 | INFO     | adsh_exchnet:train:261 - [iter:44/50][code_length:64][mAP:0.88264][mAP_all:0.86695][best_mAP:0.90008]
2023-11-16 03:49:02.692 | INFO     | adsh_exchnet:train:262 - [iter:44/50][code_length:64][zs_mAP:0.51487][zs_mAP_all:0.27837]
2023-11-16 03:55:55.888 | INFO     | adsh_exchnet:train:154 - [epoch:1/1][cnn_loss:16.975786][h_loss:3.727892][q_loss:0.082707][s_loss:0.3333][c_loss:0.0712][a_loss:12.8434]
2023-11-16 04:05:03.735 | INFO     | adsh_exchnet:train:187 - [iter:45/50][loss:20.318470][iter_time:961.04]
2023-11-16 04:16:39.371 | INFO     | adsh_exchnet:train:261 - [iter:45/50][code_length:64][mAP:0.87710][mAP_all:0.86249][best_mAP:0.90008]
2023-11-16 04:16:39.372 | INFO     | adsh_exchnet:train:262 - [iter:45/50][code_length:64][zs_mAP:0.54153][zs_mAP_all:0.29182]
2023-11-16 04:22:27.521 | INFO     | adsh_exchnet:train:154 - [epoch:1/1][cnn_loss:20.779721][h_loss:3.655169][q_loss:0.081406][s_loss:0.3255][c_loss:0.0732][a_loss:16.7259]
2023-11-16 04:31:45.027 | INFO     | adsh_exchnet:train:187 - [iter:46/50][loss:19.928648][iter_time:905.65]
2023-11-16 04:43:14.065 | INFO     | adsh_exchnet:train:261 - [iter:46/50][code_length:64][mAP:0.88055][mAP_all:0.86548][best_mAP:0.90008]
2023-11-16 04:43:14.066 | INFO     | adsh_exchnet:train:262 - [iter:46/50][code_length:64][zs_mAP:0.54076][zs_mAP_all:0.29277]
2023-11-16 04:49:53.678 | INFO     | adsh_exchnet:train:154 - [epoch:1/1][cnn_loss:20.152065][h_loss:3.661726][q_loss:0.081693][s_loss:0.3185][c_loss:0.0747][a_loss:16.0971]
2023-11-16 04:59:09.641 | INFO     | adsh_exchnet:train:187 - [iter:47/50][loss:19.961222][iter_time:955.57]
2023-11-16 05:10:32.479 | INFO     | adsh_exchnet:train:261 - [iter:47/50][code_length:64][mAP:0.87895][mAP_all:0.86468][best_mAP:0.90008]
2023-11-16 05:10:32.479 | INFO     | adsh_exchnet:train:262 - [iter:47/50][code_length:64][zs_mAP:0.52934][zs_mAP_all:0.28450]
2023-11-16 05:17:36.922 | INFO     | adsh_exchnet:train:154 - [epoch:1/1][cnn_loss:22.406224][h_loss:3.636324][q_loss:0.080455][s_loss:0.3278][c_loss:0.0741][a_loss:18.3681]
2023-11-16 05:26:51.048 | INFO     | adsh_exchnet:train:187 - [iter:48/50][loss:19.822174][iter_time:978.57]
2023-11-16 05:38:22.973 | INFO     | adsh_exchnet:train:261 - [iter:48/50][code_length:64][mAP:0.88375][mAP_all:0.86938][best_mAP:0.90008]
2023-11-16 05:38:22.973 | INFO     | adsh_exchnet:train:262 - [iter:48/50][code_length:64][zs_mAP:0.53330][zs_mAP_all:0.28929]
2023-11-16 05:45:03.194 | INFO     | adsh_exchnet:train:154 - [epoch:1/1][cnn_loss:17.750580][h_loss:3.687253][q_loss:0.082133][s_loss:0.3127][c_loss:0.0768][a_loss:13.6738]
2023-11-16 05:54:24.448 | INFO     | adsh_exchnet:train:187 - [iter:49/50][loss:20.104422][iter_time:961.47]
2023-11-16 06:06:02.646 | INFO     | adsh_exchnet:train:261 - [iter:49/50][code_length:64][mAP:0.88515][mAP_all:0.87003][best_mAP:0.90008]
2023-11-16 06:06:02.646 | INFO     | adsh_exchnet:train:262 - [iter:49/50][code_length:64][zs_mAP:0.52525][zs_mAP_all:0.28144]
2023-11-16 06:12:41.304 | INFO     | adsh_exchnet:train:154 - [epoch:1/1][cnn_loss:18.848303][h_loss:3.679670][q_loss:0.081300][s_loss:0.3230][c_loss:0.0779][a_loss:14.7678]
2023-11-16 06:22:01.321 | INFO     | adsh_exchnet:train:187 - [iter:50/50][loss:20.059895][iter_time:958.67]
2023-11-16 06:33:31.630 | INFO     | adsh_exchnet:train:261 - [iter:50/50][code_length:64][mAP:0.88536][mAP_all:0.87055][best_mAP:0.90008]
2023-11-16 06:33:31.630 | INFO     | adsh_exchnet:train:262 - [iter:50/50][code_length:64][zs_mAP:0.52826][zs_mAP_all:0.28392]
2023-11-16 06:33:31.631 | INFO     | adsh_exchnet:train:264 - [Training time:30532.20]
2023-11-16 06:33:31.642 | INFO     | __main__:run:126 - [code_length:64][map:0.9001][map_all:0.8887][zs_map:0.6312][zs_map_all:0.3823]
