2024-09-09 17:53:15.068 | SUCCESS  | __main__:run:55 - Namespace(dataset='imagenetzs', root='/data1/dataset/ImageNet/ILSVRC', batch_size=16, lr=0.00025, wd=0.0001, optim='SGD', code_length=[16, 32, 64], max_iter=50, max_epoch=1, num_query=1000, num_samples=9750, num_workers=2, topk=1000, gpu=0, gamma=200, info='imagenetzs-25-75-dah-09-09-16,32,64-tanh1', arch='dah', net='ResNet', save_ckpt='checkpoints/', lr_step=[45], align_step=50, pretrain=True, quan_loss=False, lambd_sp=0.1, lambd_ch=0.1, lambd=0.1, momen=0.91, nesterov=False, num_classes=75, val_freq=5, cauchy_gamma=20.0, margin=0.1, num_zs=25, epoch_change=11, ZS=25, flag='dah', data='imagenetzs', device=device(type='cuda', index=0))
2024-09-09 17:55:41.326 | INFO     | DAHNet_train:train:103 - [epoch:1/1][cnn_loss:6.763121][hash_loss:2.720027][quan_loss:0.248841][cls_loss:3.794252]
2024-09-09 17:55:41.330 | INFO     | DAHNet_train:train:111 - [iter:1/50][iter_time:134.82]
2024-09-09 17:57:55.075 | INFO     | DAHNet_train:train:103 - [epoch:1/1][cnn_loss:5.236184][hash_loss:2.515157][quan_loss:0.220390][cls_loss:2.500638]
2024-09-09 17:57:55.079 | INFO     | DAHNet_train:train:111 - [iter:2/50][iter_time:133.75]
2024-09-09 18:00:07.664 | INFO     | DAHNet_train:train:103 - [epoch:1/1][cnn_loss:4.235199][hash_loss:2.373382][quan_loss:0.196084][cls_loss:1.665733]
2024-09-09 18:00:07.668 | INFO     | DAHNet_train:train:111 - [iter:3/50][iter_time:132.59]
2024-09-09 18:02:19.790 | INFO     | DAHNet_train:train:103 - [epoch:1/1][cnn_loss:3.762991][hash_loss:2.321483][quan_loss:0.187759][cls_loss:1.253749]
2024-09-09 18:02:19.795 | INFO     | DAHNet_train:train:111 - [iter:4/50][iter_time:132.13]
2024-09-09 18:04:30.451 | INFO     | DAHNet_train:train:103 - [epoch:1/1][cnn_loss:3.495879][hash_loss:2.295857][quan_loss:0.184107][cls_loss:1.015916]
2024-09-09 18:04:30.459 | INFO     | DAHNet_train:train:111 - [iter:5/50][iter_time:130.66]
2024-09-09 18:12:30.500 | INFO     | DAHNet_train:train:189 - [iter:5/50][code_length:16][mAP:0.80680][mAP_all:0.79026][best_mAP:0.80680]
2024-09-09 18:12:30.501 | INFO     | DAHNet_train:train:190 - [iter:5/50][code_length:16][zs_mAP:0.31589][zs_mAP_all:0.15853]
2024-09-09 18:14:49.962 | INFO     | DAHNet_train:train:103 - [epoch:1/1][cnn_loss:3.341798][hash_loss:2.280954][quan_loss:0.181876][cls_loss:0.878968]
2024-09-09 18:14:49.966 | INFO     | DAHNet_train:train:111 - [iter:6/50][iter_time:139.46]
2024-09-09 18:17:04.473 | INFO     | DAHNet_train:train:103 - [epoch:1/1][cnn_loss:3.230943][hash_loss:2.269847][quan_loss:0.180449][cls_loss:0.780646]
2024-09-09 18:17:04.477 | INFO     | DAHNet_train:train:111 - [iter:7/50][iter_time:134.51]
2024-09-09 18:19:22.289 | INFO     | DAHNet_train:train:103 - [epoch:1/1][cnn_loss:3.154034][hash_loss:2.262326][quan_loss:0.179448][cls_loss:0.712260]
2024-09-09 18:19:22.293 | INFO     | DAHNet_train:train:111 - [iter:8/50][iter_time:137.82]
2024-09-09 18:21:41.156 | INFO     | DAHNet_train:train:103 - [epoch:1/1][cnn_loss:3.066770][hash_loss:2.251889][quan_loss:0.177944][cls_loss:0.636936]
2024-09-09 18:21:41.160 | INFO     | DAHNet_train:train:111 - [iter:9/50][iter_time:138.87]
2024-09-09 18:23:55.813 | INFO     | DAHNet_train:train:103 - [epoch:1/1][cnn_loss:3.034554][hash_loss:2.246526][quan_loss:0.177452][cls_loss:0.610577]
2024-09-09 18:23:55.817 | INFO     | DAHNet_train:train:111 - [iter:10/50][iter_time:134.66]
2024-09-09 18:32:02.616 | INFO     | DAHNet_train:train:189 - [iter:10/50][code_length:16][mAP:0.84485][mAP_all:0.83042][best_mAP:0.84485]
2024-09-09 18:32:02.616 | INFO     | DAHNet_train:train:190 - [iter:10/50][code_length:16][zs_mAP:0.33474][zs_mAP_all:0.18754]
2024-09-09 18:34:48.116 | INFO     | DAHNet_train:train:103 - [epoch:1/1][cnn_loss:2.987433][hash_loss:2.242001][quan_loss:0.176888][cls_loss:0.568544]
2024-09-09 18:34:48.123 | INFO     | DAHNet_train:train:111 - [iter:11/50][iter_time:165.51]
2024-09-09 18:37:30.060 | INFO     | DAHNet_train:train:103 - [epoch:1/1][cnn_loss:2.953585][hash_loss:2.236563][quan_loss:0.176193][cls_loss:0.540829]
2024-09-09 18:37:30.064 | INFO     | DAHNet_train:train:111 - [iter:12/50][iter_time:161.94]
2024-09-09 18:40:02.166 | INFO     | DAHNet_train:train:103 - [epoch:1/1][cnn_loss:2.906562][hash_loss:2.230300][quan_loss:0.175032][cls_loss:0.501229]
2024-09-09 18:40:02.170 | INFO     | DAHNet_train:train:111 - [iter:13/50][iter_time:152.11]
2024-09-09 18:42:35.736 | INFO     | DAHNet_train:train:103 - [epoch:1/1][cnn_loss:2.880405][hash_loss:2.227444][quan_loss:0.174946][cls_loss:0.478015]
2024-09-09 18:42:35.744 | INFO     | DAHNet_train:train:111 - [iter:14/50][iter_time:153.57]
2024-09-09 18:45:12.677 | INFO     | DAHNet_train:train:103 - [epoch:1/1][cnn_loss:2.857402][hash_loss:2.223304][quan_loss:0.174292][cls_loss:0.459807]
2024-09-09 18:45:12.691 | INFO     | DAHNet_train:train:111 - [iter:15/50][iter_time:156.95]
2024-09-09 18:53:26.349 | INFO     | DAHNet_train:train:189 - [iter:15/50][code_length:16][mAP:0.86288][mAP_all:0.84978][best_mAP:0.86288]
2024-09-09 18:53:26.350 | INFO     | DAHNet_train:train:190 - [iter:15/50][code_length:16][zs_mAP:0.31039][zs_mAP_all:0.16756]
2024-09-09 18:56:00.838 | INFO     | DAHNet_train:train:103 - [epoch:1/1][cnn_loss:2.834820][hash_loss:2.218727][quan_loss:0.173656][cls_loss:0.442437]
2024-09-09 18:56:00.852 | INFO     | DAHNet_train:train:111 - [iter:16/50][iter_time:154.50]
2024-09-09 18:58:46.509 | INFO     | DAHNet_train:train:103 - [epoch:1/1][cnn_loss:2.832508][hash_loss:2.218872][quan_loss:0.173940][cls_loss:0.439696]
2024-09-09 18:58:46.513 | INFO     | DAHNet_train:train:111 - [iter:17/50][iter_time:165.66]
2024-09-09 19:01:20.149 | INFO     | DAHNet_train:train:103 - [epoch:1/1][cnn_loss:2.825223][hash_loss:2.216294][quan_loss:0.173554][cls_loss:0.435375]
2024-09-09 19:01:20.153 | INFO     | DAHNet_train:train:111 - [iter:18/50][iter_time:153.64]
2024-09-09 19:03:53.112 | INFO     | DAHNet_train:train:103 - [epoch:1/1][cnn_loss:2.803313][hash_loss:2.214123][quan_loss:0.173217][cls_loss:0.415973]
2024-09-09 19:03:53.118 | INFO     | DAHNet_train:train:111 - [iter:19/50][iter_time:152.96]
2024-09-09 19:06:26.095 | INFO     | DAHNet_train:train:103 - [epoch:1/1][cnn_loss:2.780858][hash_loss:2.209392][quan_loss:0.172567][cls_loss:0.398899]
2024-09-09 19:06:26.099 | INFO     | DAHNet_train:train:111 - [iter:20/50][iter_time:152.98]
2024-09-09 19:14:14.565 | INFO     | DAHNet_train:train:189 - [iter:20/50][code_length:16][mAP:0.86599][mAP_all:0.85237][best_mAP:0.86599]
2024-09-09 19:14:14.566 | INFO     | DAHNet_train:train:190 - [iter:20/50][code_length:16][zs_mAP:0.31229][zs_mAP_all:0.17044]
2024-09-09 19:16:15.276 | INFO     | DAHNet_train:train:103 - [epoch:1/1][cnn_loss:2.765218][hash_loss:2.207013][quan_loss:0.172148][cls_loss:0.386058]
2024-09-09 19:16:15.282 | INFO     | DAHNet_train:train:111 - [iter:21/50][iter_time:120.72]
2024-09-09 19:18:12.677 | INFO     | DAHNet_train:train:103 - [epoch:1/1][cnn_loss:2.738108][hash_loss:2.204536][quan_loss:0.171895][cls_loss:0.361677]
2024-09-09 19:18:12.681 | INFO     | DAHNet_train:train:111 - [iter:22/50][iter_time:117.40]
2024-09-09 19:20:09.801 | INFO     | DAHNet_train:train:103 - [epoch:1/1][cnn_loss:2.726877][hash_loss:2.202190][quan_loss:0.171492][cls_loss:0.353195]
2024-09-09 19:20:09.804 | INFO     | DAHNet_train:train:111 - [iter:23/50][iter_time:117.12]
2024-09-09 19:22:06.678 | INFO     | DAHNet_train:train:103 - [epoch:1/1][cnn_loss:2.719493][hash_loss:2.198565][quan_loss:0.171042][cls_loss:0.349886]
2024-09-09 19:22:06.682 | INFO     | DAHNet_train:train:111 - [iter:24/50][iter_time:116.88]
2024-09-09 19:24:03.557 | INFO     | DAHNet_train:train:103 - [epoch:1/1][cnn_loss:2.713740][hash_loss:2.196721][quan_loss:0.170835][cls_loss:0.346185]
2024-09-09 19:24:03.560 | INFO     | DAHNet_train:train:111 - [iter:25/50][iter_time:116.88]
2024-09-09 19:31:31.462 | INFO     | DAHNet_train:train:189 - [iter:25/50][code_length:16][mAP:0.86191][mAP_all:0.84738][best_mAP:0.86599]
2024-09-09 19:31:31.463 | INFO     | DAHNet_train:train:190 - [iter:25/50][code_length:16][zs_mAP:0.29304][zs_mAP_all:0.15665]
2024-09-09 19:33:29.628 | INFO     | DAHNet_train:train:103 - [epoch:1/1][cnn_loss:2.699027][hash_loss:2.194190][quan_loss:0.170289][cls_loss:0.334549]
2024-09-09 19:33:29.633 | INFO     | DAHNet_train:train:111 - [iter:26/50][iter_time:118.17]
2024-09-09 19:35:28.038 | INFO     | DAHNet_train:train:103 - [epoch:1/1][cnn_loss:2.693076][hash_loss:2.194818][quan_loss:0.170587][cls_loss:0.327671]
2024-09-09 19:35:28.044 | INFO     | DAHNet_train:train:111 - [iter:27/50][iter_time:118.41]
2024-09-09 19:37:25.650 | INFO     | DAHNet_train:train:103 - [epoch:1/1][cnn_loss:2.693579][hash_loss:2.194775][quan_loss:0.170506][cls_loss:0.328299]
2024-09-09 19:37:25.654 | INFO     | DAHNet_train:train:111 - [iter:28/50][iter_time:117.61]
2024-09-09 19:39:22.105 | INFO     | DAHNet_train:train:103 - [epoch:1/1][cnn_loss:2.683973][hash_loss:2.191941][quan_loss:0.170073][cls_loss:0.321959]
2024-09-09 19:39:22.110 | INFO     | DAHNet_train:train:111 - [iter:29/50][iter_time:116.46]
2024-09-09 19:41:18.562 | INFO     | DAHNet_train:train:103 - [epoch:1/1][cnn_loss:2.664084][hash_loss:2.188314][quan_loss:0.169450][cls_loss:0.306320]
2024-09-09 19:41:18.566 | INFO     | DAHNet_train:train:111 - [iter:30/50][iter_time:116.46]
2024-09-09 19:48:53.481 | INFO     | DAHNet_train:train:189 - [iter:30/50][code_length:16][mAP:0.87307][mAP_all:0.86020][best_mAP:0.87307]
2024-09-09 19:48:53.481 | INFO     | DAHNet_train:train:190 - [iter:30/50][code_length:16][zs_mAP:0.30543][zs_mAP_all:0.16847]
2024-09-09 19:50:50.399 | INFO     | DAHNet_train:train:103 - [epoch:1/1][cnn_loss:2.656855][hash_loss:2.187395][quan_loss:0.169562][cls_loss:0.299898]
2024-09-09 19:50:50.403 | INFO     | DAHNet_train:train:111 - [iter:31/50][iter_time:116.92]
2024-09-09 19:52:46.385 | INFO     | DAHNet_train:train:103 - [epoch:1/1][cnn_loss:2.658513][hash_loss:2.186483][quan_loss:0.169435][cls_loss:0.302595]
2024-09-09 19:52:46.388 | INFO     | DAHNet_train:train:111 - [iter:32/50][iter_time:115.99]
2024-09-09 19:54:42.898 | INFO     | DAHNet_train:train:103 - [epoch:1/1][cnn_loss:2.656731][hash_loss:2.185409][quan_loss:0.169201][cls_loss:0.302122]
2024-09-09 19:54:42.904 | INFO     | DAHNet_train:train:111 - [iter:33/50][iter_time:116.52]
2024-09-09 19:56:39.707 | INFO     | DAHNet_train:train:103 - [epoch:1/1][cnn_loss:2.634632][hash_loss:2.182712][quan_loss:0.168755][cls_loss:0.283165]
2024-09-09 19:56:39.710 | INFO     | DAHNet_train:train:111 - [iter:34/50][iter_time:116.81]
2024-09-09 19:58:35.715 | INFO     | DAHNet_train:train:103 - [epoch:1/1][cnn_loss:2.652988][hash_loss:2.183931][quan_loss:0.169127][cls_loss:0.299931]
2024-09-09 19:58:35.720 | INFO     | DAHNet_train:train:111 - [iter:35/50][iter_time:116.01]
2024-09-09 20:06:14.784 | INFO     | DAHNet_train:train:189 - [iter:35/50][code_length:16][mAP:0.86910][mAP_all:0.85454][best_mAP:0.87307]
2024-09-09 20:06:14.784 | INFO     | DAHNet_train:train:190 - [iter:35/50][code_length:16][zs_mAP:0.28161][zs_mAP_all:0.15370]
2024-09-09 20:08:12.506 | INFO     | DAHNet_train:train:103 - [epoch:1/1][cnn_loss:2.633232][hash_loss:2.180868][quan_loss:0.168683][cls_loss:0.283682]
2024-09-09 20:08:12.511 | INFO     | DAHNet_train:train:111 - [iter:36/50][iter_time:117.73]
2024-09-09 20:10:09.558 | INFO     | DAHNet_train:train:103 - [epoch:1/1][cnn_loss:2.632227][hash_loss:2.179191][quan_loss:0.168399][cls_loss:0.284637]
2024-09-09 20:10:09.564 | INFO     | DAHNet_train:train:111 - [iter:37/50][iter_time:117.05]
2024-09-09 20:12:06.586 | INFO     | DAHNet_train:train:103 - [epoch:1/1][cnn_loss:2.631351][hash_loss:2.181027][quan_loss:0.168481][cls_loss:0.281842]
2024-09-09 20:12:06.589 | INFO     | DAHNet_train:train:111 - [iter:38/50][iter_time:117.02]
2024-09-09 20:14:02.474 | INFO     | DAHNet_train:train:103 - [epoch:1/1][cnn_loss:2.624134][hash_loss:2.178971][quan_loss:0.168368][cls_loss:0.276794]
2024-09-09 20:14:02.479 | INFO     | DAHNet_train:train:111 - [iter:39/50][iter_time:115.89]
2024-09-09 20:15:59.396 | INFO     | DAHNet_train:train:103 - [epoch:1/1][cnn_loss:2.614044][hash_loss:2.177591][quan_loss:0.168112][cls_loss:0.268340]
2024-09-09 20:15:59.401 | INFO     | DAHNet_train:train:111 - [iter:40/50][iter_time:116.92]
2024-09-09 20:23:34.359 | INFO     | DAHNet_train:train:189 - [iter:40/50][code_length:16][mAP:0.87298][mAP_all:0.86071][best_mAP:0.87307]
2024-09-09 20:23:34.360 | INFO     | DAHNet_train:train:190 - [iter:40/50][code_length:16][zs_mAP:0.29415][zs_mAP_all:0.16571]
2024-09-09 20:25:31.406 | INFO     | DAHNet_train:train:103 - [epoch:1/1][cnn_loss:2.606028][hash_loss:2.177034][quan_loss:0.167958][cls_loss:0.261036]
2024-09-09 20:25:31.410 | INFO     | DAHNet_train:train:111 - [iter:41/50][iter_time:117.05]
2024-09-09 20:27:28.021 | INFO     | DAHNet_train:train:103 - [epoch:1/1][cnn_loss:2.598914][hash_loss:2.174993][quan_loss:0.167740][cls_loss:0.256181]
2024-09-09 20:27:28.025 | INFO     | DAHNet_train:train:111 - [iter:42/50][iter_time:116.61]
2024-09-09 20:29:24.313 | INFO     | DAHNet_train:train:103 - [epoch:1/1][cnn_loss:2.617040][hash_loss:2.176816][quan_loss:0.167953][cls_loss:0.272271]
2024-09-09 20:29:24.319 | INFO     | DAHNet_train:train:111 - [iter:43/50][iter_time:116.29]
2024-09-09 20:31:21.197 | INFO     | DAHNet_train:train:103 - [epoch:1/1][cnn_loss:2.611503][hash_loss:2.175229][quan_loss:0.167910][cls_loss:0.268363]
2024-09-09 20:31:21.202 | INFO     | DAHNet_train:train:111 - [iter:44/50][iter_time:116.88]
2024-09-09 20:33:18.361 | INFO     | DAHNet_train:train:103 - [epoch:1/1][cnn_loss:2.584753][hash_loss:2.170830][quan_loss:0.166947][cls_loss:0.246976]
2024-09-09 20:33:18.365 | INFO     | DAHNet_train:train:111 - [iter:45/50][iter_time:117.16]
2024-09-09 20:40:55.603 | INFO     | DAHNet_train:train:189 - [iter:45/50][code_length:16][mAP:0.86458][mAP_all:0.85176][best_mAP:0.87307]
2024-09-09 20:40:55.604 | INFO     | DAHNet_train:train:190 - [iter:45/50][code_length:16][zs_mAP:0.28518][zs_mAP_all:0.15147]
2024-09-09 20:42:53.813 | INFO     | DAHNet_train:train:103 - [epoch:1/1][cnn_loss:2.560067][hash_loss:2.156240][quan_loss:0.167172][cls_loss:0.236655]
2024-09-09 20:42:53.819 | INFO     | DAHNet_train:train:111 - [iter:46/50][iter_time:118.21]
2024-09-09 20:50:35.505 | INFO     | DAHNet_train:train:189 - [iter:46/50][code_length:16][mAP:0.87511][mAP_all:0.86300][best_mAP:0.87511]
2024-09-09 20:50:35.506 | INFO     | DAHNet_train:train:190 - [iter:46/50][code_length:16][zs_mAP:0.29600][zs_mAP_all:0.15983]
2024-09-09 20:52:33.366 | INFO     | DAHNet_train:train:103 - [epoch:1/1][cnn_loss:2.550106][hash_loss:2.153090][quan_loss:0.166263][cls_loss:0.230753]
2024-09-09 20:52:33.369 | INFO     | DAHNet_train:train:111 - [iter:47/50][iter_time:117.86]
2024-09-09 21:00:16.376 | INFO     | DAHNet_train:train:189 - [iter:47/50][code_length:16][mAP:0.87659][mAP_all:0.86561][best_mAP:0.87659]
2024-09-09 21:00:16.377 | INFO     | DAHNet_train:train:190 - [iter:47/50][code_length:16][zs_mAP:0.29399][zs_mAP_all:0.16507]
2024-09-09 21:02:14.112 | INFO     | DAHNet_train:train:103 - [epoch:1/1][cnn_loss:2.572743][hash_loss:2.154667][quan_loss:0.166504][cls_loss:0.251572]
2024-09-09 21:02:14.116 | INFO     | DAHNet_train:train:111 - [iter:48/50][iter_time:117.74]
2024-09-09 21:09:58.798 | INFO     | DAHNet_train:train:189 - [iter:48/50][code_length:16][mAP:0.87827][mAP_all:0.86650][best_mAP:0.87827]
2024-09-09 21:09:58.799 | INFO     | DAHNet_train:train:190 - [iter:48/50][code_length:16][zs_mAP:0.30185][zs_mAP_all:0.17567]
2024-09-09 21:11:55.228 | INFO     | DAHNet_train:train:103 - [epoch:1/1][cnn_loss:2.558421][hash_loss:2.153649][quan_loss:0.166455][cls_loss:0.238317]
2024-09-09 21:11:55.232 | INFO     | DAHNet_train:train:111 - [iter:49/50][iter_time:116.43]
2024-09-09 21:19:40.657 | INFO     | DAHNet_train:train:189 - [iter:49/50][code_length:16][mAP:0.87784][mAP_all:0.86616][best_mAP:0.87827]
2024-09-09 21:19:40.658 | INFO     | DAHNet_train:train:190 - [iter:49/50][code_length:16][zs_mAP:0.29309][zs_mAP_all:0.16766]
2024-09-09 21:21:37.711 | INFO     | DAHNet_train:train:103 - [epoch:1/1][cnn_loss:2.567882][hash_loss:2.154998][quan_loss:0.166941][cls_loss:0.245943]
2024-09-09 21:21:37.714 | INFO     | DAHNet_train:train:111 - [iter:50/50][iter_time:117.06]
2024-09-09 21:29:34.709 | INFO     | DAHNet_train:train:189 - [iter:50/50][code_length:16][mAP:0.88071][mAP_all:0.87000][best_mAP:0.88071]
2024-09-09 21:29:34.710 | INFO     | DAHNet_train:train:190 - [iter:50/50][code_length:16][zs_mAP:0.29998][zs_mAP_all:0.17026]
2024-09-09 21:29:34.710 | INFO     | DAHNet_train:train:192 - [Training time:12968.20]
2024-09-09 21:29:34.719 | INFO     | __main__:run:138 - [code_length:16][map:0.8807][map_all:0.8700][zs_map:0.3000][zs_map_all:0.1703]
2024-09-09 21:31:35.353 | INFO     | DAHNet_train:train:103 - [epoch:1/1][cnn_loss:9.380831][hash_loss:5.348782][quan_loss:0.248152][cls_loss:3.783897]
2024-09-09 21:31:35.359 | INFO     | DAHNet_train:train:111 - [iter:1/50][iter_time:119.43]
2024-09-09 21:33:32.797 | INFO     | DAHNet_train:train:103 - [epoch:1/1][cnn_loss:7.327908][hash_loss:4.630414][quan_loss:0.200948][cls_loss:2.496545]
2024-09-09 21:33:32.803 | INFO     | DAHNet_train:train:111 - [iter:2/50][iter_time:117.44]
2024-09-09 21:35:30.908 | INFO     | DAHNet_train:train:103 - [epoch:1/1][cnn_loss:5.955552][hash_loss:4.140900][quan_loss:0.165629][cls_loss:1.649023]
2024-09-09 21:35:30.915 | INFO     | DAHNet_train:train:111 - [iter:3/50][iter_time:118.11]
2024-09-09 21:37:28.371 | INFO     | DAHNet_train:train:103 - [epoch:1/1][cnn_loss:5.318278][hash_loss:3.945743][quan_loss:0.153193][cls_loss:1.219342]
2024-09-09 21:37:28.377 | INFO     | DAHNet_train:train:111 - [iter:4/50][iter_time:117.46]
2024-09-09 21:39:25.393 | INFO     | DAHNet_train:train:103 - [epoch:1/1][cnn_loss:4.979471][hash_loss:3.847210][quan_loss:0.146827][cls_loss:0.985433]
2024-09-09 21:39:25.398 | INFO     | DAHNet_train:train:111 - [iter:5/50][iter_time:117.02]
2024-09-09 21:47:05.920 | INFO     | DAHNet_train:train:189 - [iter:5/50][code_length:32][mAP:0.86296][mAP_all:0.84453][best_mAP:0.86296]
2024-09-09 21:47:05.921 | INFO     | DAHNet_train:train:190 - [iter:5/50][code_length:32][zs_mAP:0.44773][zs_mAP_all:0.27617]
2024-09-09 21:49:05.749 | INFO     | DAHNet_train:train:103 - [epoch:1/1][cnn_loss:4.777758][hash_loss:3.789515][quan_loss:0.143232][cls_loss:0.845011]
2024-09-09 21:49:05.755 | INFO     | DAHNet_train:train:111 - [iter:6/50][iter_time:119.83]
2024-09-09 21:51:03.269 | INFO     | DAHNet_train:train:103 - [epoch:1/1][cnn_loss:4.637174][hash_loss:3.748633][quan_loss:0.140577][cls_loss:0.747964]
2024-09-09 21:51:03.275 | INFO     | DAHNet_train:train:111 - [iter:7/50][iter_time:117.52]
2024-09-09 21:52:59.927 | INFO     | DAHNet_train:train:103 - [epoch:1/1][cnn_loss:4.528896][hash_loss:3.713982][quan_loss:0.138412][cls_loss:0.676502]
2024-09-09 21:52:59.932 | INFO     | DAHNet_train:train:111 - [iter:8/50][iter_time:116.66]
2024-09-09 21:54:57.959 | INFO     | DAHNet_train:train:103 - [epoch:1/1][cnn_loss:4.422779][hash_loss:3.677443][quan_loss:0.136056][cls_loss:0.609280]
2024-09-09 21:54:57.964 | INFO     | DAHNet_train:train:111 - [iter:9/50][iter_time:118.03]
2024-09-09 21:56:56.484 | INFO     | DAHNet_train:train:103 - [epoch:1/1][cnn_loss:4.371028][hash_loss:3.662410][quan_loss:0.135071][cls_loss:0.573547]
2024-09-09 21:56:56.489 | INFO     | DAHNet_train:train:111 - [iter:10/50][iter_time:118.53]
2024-09-09 22:04:39.209 | INFO     | DAHNet_train:train:189 - [iter:10/50][code_length:32][mAP:0.88373][mAP_all:0.86316][best_mAP:0.88373]
2024-09-09 22:04:39.210 | INFO     | DAHNet_train:train:190 - [iter:10/50][code_length:32][zs_mAP:0.40464][zs_mAP_all:0.23192]
2024-09-09 22:06:38.617 | INFO     | DAHNet_train:train:103 - [epoch:1/1][cnn_loss:4.322268][hash_loss:3.642630][quan_loss:0.133895][cls_loss:0.545743]
2024-09-09 22:06:38.623 | INFO     | DAHNet_train:train:111 - [iter:11/50][iter_time:119.41]
2024-09-09 22:08:36.300 | INFO     | DAHNet_train:train:103 - [epoch:1/1][cnn_loss:4.238295][hash_loss:3.609317][quan_loss:0.131807][cls_loss:0.497171]
2024-09-09 22:08:36.307 | INFO     | DAHNet_train:train:111 - [iter:12/50][iter_time:117.68]
2024-09-09 22:10:33.471 | INFO     | DAHNet_train:train:103 - [epoch:1/1][cnn_loss:4.217064][hash_loss:3.603625][quan_loss:0.131456][cls_loss:0.481983]
2024-09-09 22:10:33.477 | INFO     | DAHNet_train:train:111 - [iter:13/50][iter_time:117.17]
2024-09-09 22:12:30.693 | INFO     | DAHNet_train:train:103 - [epoch:1/1][cnn_loss:4.192451][hash_loss:3.590504][quan_loss:0.130624][cls_loss:0.471323]
2024-09-09 22:12:30.700 | INFO     | DAHNet_train:train:111 - [iter:14/50][iter_time:117.22]
2024-09-09 22:14:27.379 | INFO     | DAHNet_train:train:103 - [epoch:1/1][cnn_loss:4.168850][hash_loss:3.578335][quan_loss:0.129988][cls_loss:0.460527]
2024-09-09 22:14:27.385 | INFO     | DAHNet_train:train:111 - [iter:15/50][iter_time:116.69]
2024-09-09 22:22:11.046 | INFO     | DAHNet_train:train:189 - [iter:15/50][code_length:32][mAP:0.88469][mAP_all:0.86313][best_mAP:0.88469]
2024-09-09 22:22:11.046 | INFO     | DAHNet_train:train:190 - [iter:15/50][code_length:32][zs_mAP:0.38819][zs_mAP_all:0.21007]
2024-09-09 22:24:10.358 | INFO     | DAHNet_train:train:103 - [epoch:1/1][cnn_loss:4.131823][hash_loss:3.566376][quan_loss:0.129176][cls_loss:0.436271]
2024-09-09 22:24:10.365 | INFO     | DAHNet_train:train:111 - [iter:16/50][iter_time:119.32]
2024-09-09 22:26:07.977 | INFO     | DAHNet_train:train:103 - [epoch:1/1][cnn_loss:4.088367][hash_loss:3.548769][quan_loss:0.127960][cls_loss:0.411637]
2024-09-09 22:26:07.984 | INFO     | DAHNet_train:train:111 - [iter:17/50][iter_time:117.62]
2024-09-09 22:28:05.039 | INFO     | DAHNet_train:train:103 - [epoch:1/1][cnn_loss:4.061007][hash_loss:3.535667][quan_loss:0.127240][cls_loss:0.398100]
2024-09-09 22:28:05.044 | INFO     | DAHNet_train:train:111 - [iter:18/50][iter_time:117.06]
2024-09-09 22:30:02.141 | INFO     | DAHNet_train:train:103 - [epoch:1/1][cnn_loss:4.015192][hash_loss:3.517162][quan_loss:0.125944][cls_loss:0.372086]
2024-09-09 22:30:02.148 | INFO     | DAHNet_train:train:111 - [iter:19/50][iter_time:117.10]
2024-09-09 22:31:59.336 | INFO     | DAHNet_train:train:103 - [epoch:1/1][cnn_loss:4.035698][hash_loss:3.520068][quan_loss:0.126163][cls_loss:0.389466]
2024-09-09 22:31:59.341 | INFO     | DAHNet_train:train:111 - [iter:20/50][iter_time:117.19]
2024-09-09 22:39:55.088 | INFO     | DAHNet_train:train:189 - [iter:20/50][code_length:32][mAP:0.89086][mAP_all:0.86805][best_mAP:0.89086]
2024-09-09 22:39:55.089 | INFO     | DAHNet_train:train:190 - [iter:20/50][code_length:32][zs_mAP:0.38438][zs_mAP_all:0.21464]
2024-09-09 22:41:52.186 | INFO     | DAHNet_train:train:103 - [epoch:1/1][cnn_loss:3.982301][hash_loss:3.502023][quan_loss:0.125216][cls_loss:0.355061]
2024-09-09 22:41:52.193 | INFO     | DAHNet_train:train:111 - [iter:21/50][iter_time:117.10]
2024-09-09 22:43:50.074 | INFO     | DAHNet_train:train:103 - [epoch:1/1][cnn_loss:4.006581][hash_loss:3.507679][quan_loss:0.125437][cls_loss:0.373465]
2024-09-09 22:43:50.079 | INFO     | DAHNet_train:train:111 - [iter:22/50][iter_time:117.89]
2024-09-09 22:45:53.018 | INFO     | DAHNet_train:train:103 - [epoch:1/1][cnn_loss:3.974881][hash_loss:3.494183][quan_loss:0.124737][cls_loss:0.355960]
2024-09-09 22:45:53.025 | INFO     | DAHNet_train:train:111 - [iter:23/50][iter_time:122.95]
2024-09-09 22:47:51.692 | INFO     | DAHNet_train:train:103 - [epoch:1/1][cnn_loss:3.957422][hash_loss:3.487265][quan_loss:0.124133][cls_loss:0.346024]
2024-09-09 22:47:51.698 | INFO     | DAHNet_train:train:111 - [iter:24/50][iter_time:118.67]
2024-09-09 22:49:48.520 | INFO     | DAHNet_train:train:103 - [epoch:1/1][cnn_loss:3.951531][hash_loss:3.483777][quan_loss:0.123906][cls_loss:0.343847]
2024-09-09 22:49:48.526 | INFO     | DAHNet_train:train:111 - [iter:25/50][iter_time:116.83]
2024-09-09 22:57:25.280 | INFO     | DAHNet_train:train:189 - [iter:25/50][code_length:32][mAP:0.88859][mAP_all:0.86701][best_mAP:0.89086]
2024-09-09 22:57:25.281 | INFO     | DAHNet_train:train:190 - [iter:25/50][code_length:32][zs_mAP:0.37137][zs_mAP_all:0.19309]
2024-09-09 22:59:22.676 | INFO     | DAHNet_train:train:103 - [epoch:1/1][cnn_loss:3.941103][hash_loss:3.474448][quan_loss:0.123615][cls_loss:0.343039]
2024-09-09 22:59:22.681 | INFO     | DAHNet_train:train:111 - [iter:26/50][iter_time:117.40]
2024-09-09 23:01:18.950 | INFO     | DAHNet_train:train:103 - [epoch:1/1][cnn_loss:3.914433][hash_loss:3.464973][quan_loss:0.122753][cls_loss:0.326706]
2024-09-09 23:01:18.956 | INFO     | DAHNet_train:train:111 - [iter:27/50][iter_time:116.28]
2024-09-09 23:03:19.301 | INFO     | DAHNet_train:train:103 - [epoch:1/1][cnn_loss:3.894844][hash_loss:3.455406][quan_loss:0.122319][cls_loss:0.317120]
2024-09-09 23:03:19.306 | INFO     | DAHNet_train:train:111 - [iter:28/50][iter_time:120.35]
2024-09-09 23:05:16.073 | INFO     | DAHNet_train:train:103 - [epoch:1/1][cnn_loss:3.891546][hash_loss:3.455837][quan_loss:0.122364][cls_loss:0.313345]
2024-09-09 23:05:16.080 | INFO     | DAHNet_train:train:111 - [iter:29/50][iter_time:116.77]
2024-09-09 23:07:14.193 | INFO     | DAHNet_train:train:103 - [epoch:1/1][cnn_loss:3.862465][hash_loss:3.439392][quan_loss:0.121240][cls_loss:0.301833]
2024-09-09 23:07:14.198 | INFO     | DAHNet_train:train:111 - [iter:30/50][iter_time:118.12]
2024-09-09 23:15:05.032 | INFO     | DAHNet_train:train:189 - [iter:30/50][code_length:32][mAP:0.89047][mAP_all:0.86699][best_mAP:0.89086]
2024-09-09 23:15:05.032 | INFO     | DAHNet_train:train:190 - [iter:30/50][code_length:32][zs_mAP:0.35957][zs_mAP_all:0.18698]
2024-09-09 23:17:02.785 | INFO     | DAHNet_train:train:103 - [epoch:1/1][cnn_loss:3.856428][hash_loss:3.437090][quan_loss:0.121143][cls_loss:0.298195]
2024-09-09 23:17:02.792 | INFO     | DAHNet_train:train:111 - [iter:31/50][iter_time:117.76]
2024-09-09 23:19:01.303 | INFO     | DAHNet_train:train:103 - [epoch:1/1][cnn_loss:3.839196][hash_loss:3.426778][quan_loss:0.120510][cls_loss:0.291909]
2024-09-09 23:19:01.310 | INFO     | DAHNet_train:train:111 - [iter:32/50][iter_time:118.52]
2024-09-09 23:20:58.554 | INFO     | DAHNet_train:train:103 - [epoch:1/1][cnn_loss:3.821846][hash_loss:3.419694][quan_loss:0.120070][cls_loss:0.282082]
2024-09-09 23:20:58.559 | INFO     | DAHNet_train:train:111 - [iter:33/50][iter_time:117.25]
2024-09-09 23:22:55.144 | INFO     | DAHNet_train:train:103 - [epoch:1/1][cnn_loss:3.847118][hash_loss:3.428989][quan_loss:0.120706][cls_loss:0.297423]
2024-09-09 23:22:55.150 | INFO     | DAHNet_train:train:111 - [iter:34/50][iter_time:116.59]
2024-09-09 23:24:51.850 | INFO     | DAHNet_train:train:103 - [epoch:1/1][cnn_loss:3.825672][hash_loss:3.419000][quan_loss:0.120078][cls_loss:0.286594]
2024-09-09 23:24:51.855 | INFO     | DAHNet_train:train:111 - [iter:35/50][iter_time:116.71]
2024-09-09 23:32:36.647 | INFO     | DAHNet_train:train:189 - [iter:35/50][code_length:32][mAP:0.89028][mAP_all:0.86591][best_mAP:0.89086]
2024-09-09 23:32:36.648 | INFO     | DAHNet_train:train:190 - [iter:35/50][code_length:32][zs_mAP:0.35843][zs_mAP_all:0.18307]
2024-09-09 23:34:36.001 | INFO     | DAHNet_train:train:103 - [epoch:1/1][cnn_loss:3.789530][hash_loss:3.402906][quan_loss:0.119013][cls_loss:0.267610]
2024-09-09 23:34:36.007 | INFO     | DAHNet_train:train:111 - [iter:36/50][iter_time:119.36]
2024-09-09 23:36:33.566 | INFO     | DAHNet_train:train:103 - [epoch:1/1][cnn_loss:3.791928][hash_loss:3.400826][quan_loss:0.118923][cls_loss:0.272178]
2024-09-09 23:36:33.573 | INFO     | DAHNet_train:train:111 - [iter:37/50][iter_time:117.57]
2024-09-09 23:38:32.683 | INFO     | DAHNet_train:train:103 - [epoch:1/1][cnn_loss:3.799455][hash_loss:3.400647][quan_loss:0.119021][cls_loss:0.279787]
2024-09-09 23:38:32.691 | INFO     | DAHNet_train:train:111 - [iter:38/50][iter_time:119.12]
2024-09-09 23:40:29.592 | INFO     | DAHNet_train:train:103 - [epoch:1/1][cnn_loss:3.776030][hash_loss:3.393388][quan_loss:0.118552][cls_loss:0.264090]
2024-09-09 23:40:29.597 | INFO     | DAHNet_train:train:111 - [iter:39/50][iter_time:116.91]
2024-09-09 23:42:27.282 | INFO     | DAHNet_train:train:103 - [epoch:1/1][cnn_loss:3.767213][hash_loss:3.390874][quan_loss:0.118330][cls_loss:0.258009]
2024-09-09 23:42:27.289 | INFO     | DAHNet_train:train:111 - [iter:40/50][iter_time:117.69]
2024-09-09 23:50:09.002 | INFO     | DAHNet_train:train:189 - [iter:40/50][code_length:32][mAP:0.88914][mAP_all:0.86625][best_mAP:0.89086]
2024-09-09 23:50:09.002 | INFO     | DAHNet_train:train:190 - [iter:40/50][code_length:32][zs_mAP:0.35014][zs_mAP_all:0.17691]
2024-09-09 23:52:05.605 | INFO     | DAHNet_train:train:103 - [epoch:1/1][cnn_loss:3.760695][hash_loss:3.383464][quan_loss:0.117828][cls_loss:0.259403]
2024-09-09 23:52:05.610 | INFO     | DAHNet_train:train:111 - [iter:41/50][iter_time:116.61]
2024-09-09 23:54:02.563 | INFO     | DAHNet_train:train:103 - [epoch:1/1][cnn_loss:3.754666][hash_loss:3.381201][quan_loss:0.117900][cls_loss:0.255565]
2024-09-09 23:54:02.568 | INFO     | DAHNet_train:train:111 - [iter:42/50][iter_time:116.96]
2024-09-09 23:56:00.723 | INFO     | DAHNet_train:train:103 - [epoch:1/1][cnn_loss:3.763440][hash_loss:3.382244][quan_loss:0.117882][cls_loss:0.263314]
2024-09-09 23:56:00.728 | INFO     | DAHNet_train:train:111 - [iter:43/50][iter_time:118.16]
2024-09-09 23:57:57.469 | INFO     | DAHNet_train:train:103 - [epoch:1/1][cnn_loss:3.743742][hash_loss:3.372303][quan_loss:0.117254][cls_loss:0.254185]
2024-09-09 23:57:57.476 | INFO     | DAHNet_train:train:111 - [iter:44/50][iter_time:116.75]
2024-09-09 23:59:54.823 | INFO     | DAHNet_train:train:103 - [epoch:1/1][cnn_loss:3.745706][hash_loss:3.371233][quan_loss:0.117174][cls_loss:0.257299]
2024-09-09 23:59:54.830 | INFO     | DAHNet_train:train:111 - [iter:45/50][iter_time:117.35]
2024-09-10 00:07:51.718 | INFO     | DAHNet_train:train:189 - [iter:45/50][code_length:32][mAP:0.88632][mAP_all:0.86341][best_mAP:0.89086]
2024-09-10 00:07:51.719 | INFO     | DAHNet_train:train:190 - [iter:45/50][code_length:32][zs_mAP:0.34401][zs_mAP_all:0.17325]
2024-09-10 00:09:48.125 | INFO     | DAHNet_train:train:103 - [epoch:1/1][cnn_loss:3.681590][hash_loss:3.333094][quan_loss:0.115598][cls_loss:0.232899]
2024-09-10 00:09:48.132 | INFO     | DAHNet_train:train:111 - [iter:46/50][iter_time:116.41]
2024-09-10 00:17:49.951 | INFO     | DAHNet_train:train:189 - [iter:46/50][code_length:32][mAP:0.89131][mAP_all:0.86726][best_mAP:0.89131]
2024-09-10 00:17:49.952 | INFO     | DAHNet_train:train:190 - [iter:46/50][code_length:32][zs_mAP:0.33880][zs_mAP_all:0.16424]
2024-09-10 00:19:46.414 | INFO     | DAHNet_train:train:103 - [epoch:1/1][cnn_loss:3.684564][hash_loss:3.334207][quan_loss:0.115670][cls_loss:0.234686]
2024-09-10 00:19:46.419 | INFO     | DAHNet_train:train:111 - [iter:47/50][iter_time:116.47]
2024-09-10 00:27:29.730 | INFO     | DAHNet_train:train:189 - [iter:47/50][code_length:32][mAP:0.88947][mAP_all:0.86666][best_mAP:0.89131]
2024-09-10 00:27:29.730 | INFO     | DAHNet_train:train:190 - [iter:47/50][code_length:32][zs_mAP:0.34582][zs_mAP_all:0.16983]
2024-09-10 00:29:28.527 | INFO     | DAHNet_train:train:103 - [epoch:1/1][cnn_loss:3.667115][hash_loss:3.324178][quan_loss:0.115206][cls_loss:0.227731]
2024-09-10 00:29:28.533 | INFO     | DAHNet_train:train:111 - [iter:48/50][iter_time:118.80]
2024-09-10 00:37:18.948 | INFO     | DAHNet_train:train:189 - [iter:48/50][code_length:32][mAP:0.89074][mAP_all:0.86788][best_mAP:0.89131]
2024-09-10 00:37:18.949 | INFO     | DAHNet_train:train:190 - [iter:48/50][code_length:32][zs_mAP:0.34219][zs_mAP_all:0.17201]
2024-09-10 00:39:18.116 | INFO     | DAHNet_train:train:103 - [epoch:1/1][cnn_loss:3.653741][hash_loss:3.317429][quan_loss:0.114576][cls_loss:0.221736]
2024-09-10 00:39:18.121 | INFO     | DAHNet_train:train:111 - [iter:49/50][iter_time:119.17]
2024-09-10 00:46:58.688 | INFO     | DAHNet_train:train:189 - [iter:49/50][code_length:32][mAP:0.89196][mAP_all:0.86910][best_mAP:0.89196]
2024-09-10 00:46:58.689 | INFO     | DAHNet_train:train:190 - [iter:49/50][code_length:32][zs_mAP:0.34505][zs_mAP_all:0.17711]
2024-09-10 00:48:56.281 | INFO     | DAHNet_train:train:103 - [epoch:1/1][cnn_loss:3.655094][hash_loss:3.318123][quan_loss:0.114780][cls_loss:0.222192]
2024-09-10 00:48:56.286 | INFO     | DAHNet_train:train:111 - [iter:50/50][iter_time:117.60]
2024-09-10 00:56:45.440 | INFO     | DAHNet_train:train:189 - [iter:50/50][code_length:32][mAP:0.89063][mAP_all:0.86721][best_mAP:0.89196]
2024-09-10 00:56:45.441 | INFO     | DAHNet_train:train:190 - [iter:50/50][code_length:32][zs_mAP:0.34119][zs_mAP_all:0.17475]
2024-09-10 00:56:45.441 | INFO     | DAHNet_train:train:192 - [Training time:12429.51]
2024-09-10 00:56:45.451 | INFO     | __main__:run:138 - [code_length:32][map:0.8920][map_all:0.8691][zs_map:0.3450][zs_map_all:0.1771]
2024-09-10 00:58:46.882 | INFO     | DAHNet_train:train:103 - [epoch:1/1][cnn_loss:14.624039][hash_loss:10.573174][quan_loss:0.249943][cls_loss:3.800922]
2024-09-10 00:58:46.890 | INFO     | DAHNet_train:train:111 - [iter:1/50][iter_time:120.25]
2024-09-10 01:00:43.316 | INFO     | DAHNet_train:train:103 - [epoch:1/1][cnn_loss:10.980305][hash_loss:8.319311][quan_loss:0.185190][cls_loss:2.475805]
2024-09-10 01:00:43.324 | INFO     | DAHNet_train:train:111 - [iter:2/50][iter_time:116.43]
2024-09-10 01:02:40.723 | INFO     | DAHNet_train:train:103 - [epoch:1/1][cnn_loss:8.556250][hash_loss:6.832377][quan_loss:0.144049][cls_loss:1.579824]
2024-09-10 01:02:40.731 | INFO     | DAHNet_train:train:111 - [iter:3/50][iter_time:117.41]
2024-09-10 01:04:37.973 | INFO     | DAHNet_train:train:103 - [epoch:1/1][cnn_loss:7.339846][hash_loss:6.065981][quan_loss:0.126615][cls_loss:1.147251]
2024-09-10 01:04:37.981 | INFO     | DAHNet_train:train:111 - [iter:4/50][iter_time:117.25]
2024-09-10 01:06:35.720 | INFO     | DAHNet_train:train:103 - [epoch:1/1][cnn_loss:6.636804][hash_loss:5.597541][quan_loss:0.116846][cls_loss:0.922418]
2024-09-10 01:06:35.728 | INFO     | DAHNet_train:train:111 - [iter:5/50][iter_time:117.75]
2024-09-10 01:14:14.888 | INFO     | DAHNet_train:train:189 - [iter:5/50][code_length:64][mAP:0.89028][mAP_all:0.87277][best_mAP:0.89028]
2024-09-10 01:14:14.889 | INFO     | DAHNet_train:train:190 - [iter:5/50][code_length:64][zs_mAP:0.51476][zs_mAP_all:0.33637]
2024-09-10 01:16:12.820 | INFO     | DAHNet_train:train:103 - [epoch:1/1][cnn_loss:6.242190][hash_loss:5.328858][quan_loss:0.112346][cls_loss:0.800986]
2024-09-10 01:16:12.831 | INFO     | DAHNet_train:train:111 - [iter:6/50][iter_time:117.94]
2024-09-10 01:18:11.061 | INFO     | DAHNet_train:train:103 - [epoch:1/1][cnn_loss:5.946358][hash_loss:5.121250][quan_loss:0.108495][cls_loss:0.716614]
2024-09-10 01:18:11.070 | INFO     | DAHNet_train:train:111 - [iter:7/50][iter_time:118.24]
2024-09-10 01:20:07.997 | INFO     | DAHNet_train:train:103 - [epoch:1/1][cnn_loss:5.653505][hash_loss:4.910449][quan_loss:0.104487][cls_loss:0.638570]
2024-09-10 01:20:08.005 | INFO     | DAHNet_train:train:111 - [iter:8/50][iter_time:116.93]
2024-09-10 01:22:04.084 | INFO     | DAHNet_train:train:103 - [epoch:1/1][cnn_loss:5.510310][hash_loss:4.811452][quan_loss:0.103157][cls_loss:0.595702]
2024-09-10 01:22:04.093 | INFO     | DAHNet_train:train:111 - [iter:9/50][iter_time:116.09]
2024-09-10 01:24:00.965 | INFO     | DAHNet_train:train:103 - [epoch:1/1][cnn_loss:5.419386][hash_loss:4.741420][quan_loss:0.102277][cls_loss:0.575689]
2024-09-10 01:24:00.974 | INFO     | DAHNet_train:train:111 - [iter:10/50][iter_time:116.88]
2024-09-10 01:31:40.129 | INFO     | DAHNet_train:train:189 - [iter:10/50][code_length:64][mAP:0.89602][mAP_all:0.87694][best_mAP:0.89602]
2024-09-10 01:31:40.130 | INFO     | DAHNet_train:train:190 - [iter:10/50][code_length:64][zs_mAP:0.45331][zs_mAP_all:0.26444]
2024-09-10 01:33:36.890 | INFO     | DAHNet_train:train:103 - [epoch:1/1][cnn_loss:5.244411][hash_loss:4.617327][quan_loss:0.099844][cls_loss:0.527240]
2024-09-10 01:33:36.899 | INFO     | DAHNet_train:train:111 - [iter:11/50][iter_time:116.77]
2024-09-10 01:35:33.892 | INFO     | DAHNet_train:train:103 - [epoch:1/1][cnn_loss:5.161062][hash_loss:4.550682][quan_loss:0.098530][cls_loss:0.511851]
2024-09-10 01:35:33.900 | INFO     | DAHNet_train:train:111 - [iter:12/50][iter_time:117.00]
2024-09-10 01:37:30.237 | INFO     | DAHNet_train:train:103 - [epoch:1/1][cnn_loss:5.068992][hash_loss:4.478742][quan_loss:0.097150][cls_loss:0.493099]
2024-09-10 01:37:30.245 | INFO     | DAHNet_train:train:111 - [iter:13/50][iter_time:116.34]
2024-09-10 01:39:27.178 | INFO     | DAHNet_train:train:103 - [epoch:1/1][cnn_loss:4.979321][hash_loss:4.415036][quan_loss:0.096276][cls_loss:0.468010]
2024-09-10 01:39:27.188 | INFO     | DAHNet_train:train:111 - [iter:14/50][iter_time:116.94]
2024-09-10 01:41:24.478 | INFO     | DAHNet_train:train:103 - [epoch:1/1][cnn_loss:4.909817][hash_loss:4.361494][quan_loss:0.095285][cls_loss:0.453039]
2024-09-10 01:41:24.487 | INFO     | DAHNet_train:train:111 - [iter:15/50][iter_time:117.30]
2024-09-10 01:49:04.432 | INFO     | DAHNet_train:train:189 - [iter:15/50][code_length:64][mAP:0.89417][mAP_all:0.87393][best_mAP:0.89602]
2024-09-10 01:49:04.433 | INFO     | DAHNet_train:train:190 - [iter:15/50][code_length:64][zs_mAP:0.43067][zs_mAP_all:0.24141]
2024-09-10 01:51:03.758 | INFO     | DAHNet_train:train:103 - [epoch:1/1][cnn_loss:4.825908][hash_loss:4.296045][quan_loss:0.093773][cls_loss:0.436091]
2024-09-10 01:51:03.768 | INFO     | DAHNet_train:train:111 - [iter:16/50][iter_time:119.34]
2024-09-10 01:53:00.524 | INFO     | DAHNet_train:train:103 - [epoch:1/1][cnn_loss:4.727924][hash_loss:4.217447][quan_loss:0.092276][cls_loss:0.418202]
2024-09-10 01:53:00.533 | INFO     | DAHNet_train:train:111 - [iter:17/50][iter_time:116.77]
2024-09-10 01:54:58.104 | INFO     | DAHNet_train:train:103 - [epoch:1/1][cnn_loss:4.795721][hash_loss:4.269711][quan_loss:0.093729][cls_loss:0.432281]
2024-09-10 01:54:58.114 | INFO     | DAHNet_train:train:111 - [iter:18/50][iter_time:117.58]
2024-09-10 01:56:55.893 | INFO     | DAHNet_train:train:103 - [epoch:1/1][cnn_loss:4.687061][hash_loss:4.185488][quan_loss:0.091840][cls_loss:0.409733]
2024-09-10 01:56:55.903 | INFO     | DAHNet_train:train:111 - [iter:19/50][iter_time:117.79]
2024-09-10 01:58:53.208 | INFO     | DAHNet_train:train:103 - [epoch:1/1][cnn_loss:4.655511][hash_loss:4.159509][quan_loss:0.091269][cls_loss:0.404733]
2024-09-10 01:58:53.218 | INFO     | DAHNet_train:train:111 - [iter:20/50][iter_time:117.31]
2024-09-10 02:06:22.557 | INFO     | DAHNet_train:train:189 - [iter:20/50][code_length:64][mAP:0.88750][mAP_all:0.86534][best_mAP:0.89602]
2024-09-10 02:06:22.558 | INFO     | DAHNet_train:train:190 - [iter:20/50][code_length:64][zs_mAP:0.40597][zs_mAP_all:0.22183]
2024-09-10 02:08:21.519 | INFO     | DAHNet_train:train:103 - [epoch:1/1][cnn_loss:4.599002][hash_loss:4.114126][quan_loss:0.090453][cls_loss:0.394423]
2024-09-10 02:08:21.529 | INFO     | DAHNet_train:train:111 - [iter:21/50][iter_time:118.97]
2024-09-10 02:10:17.928 | INFO     | DAHNet_train:train:103 - [epoch:1/1][cnn_loss:4.551163][hash_loss:4.078519][quan_loss:0.089575][cls_loss:0.383069]
2024-09-10 02:10:17.946 | INFO     | DAHNet_train:train:111 - [iter:22/50][iter_time:116.42]
2024-09-10 02:12:15.502 | INFO     | DAHNet_train:train:103 - [epoch:1/1][cnn_loss:4.536355][hash_loss:4.060152][quan_loss:0.089241][cls_loss:0.386962]
2024-09-10 02:12:15.510 | INFO     | DAHNet_train:train:111 - [iter:23/50][iter_time:117.56]
2024-09-10 02:14:13.761 | INFO     | DAHNet_train:train:103 - [epoch:1/1][cnn_loss:4.498174][hash_loss:4.037627][quan_loss:0.088744][cls_loss:0.371803]
2024-09-10 02:14:13.782 | INFO     | DAHNet_train:train:111 - [iter:24/50][iter_time:118.27]
2024-09-10 02:16:09.817 | INFO     | DAHNet_train:train:103 - [epoch:1/1][cnn_loss:4.477194][hash_loss:4.021701][quan_loss:0.088258][cls_loss:0.367235]
2024-09-10 02:16:09.825 | INFO     | DAHNet_train:train:111 - [iter:25/50][iter_time:116.04]
2024-09-10 02:23:52.404 | INFO     | DAHNet_train:train:189 - [iter:25/50][code_length:64][mAP:0.88225][mAP_all:0.85883][best_mAP:0.89602]
2024-09-10 02:23:52.405 | INFO     | DAHNet_train:train:190 - [iter:25/50][code_length:64][zs_mAP:0.38184][zs_mAP_all:0.21186]
2024-09-10 02:25:49.883 | INFO     | DAHNet_train:train:103 - [epoch:1/1][cnn_loss:4.441590][hash_loss:3.984069][quan_loss:0.087726][cls_loss:0.369795]
2024-09-10 02:25:49.892 | INFO     | DAHNet_train:train:111 - [iter:26/50][iter_time:117.49]
2024-09-10 02:27:47.889 | INFO     | DAHNet_train:train:103 - [epoch:1/1][cnn_loss:4.472553][hash_loss:4.005176][quan_loss:0.088376][cls_loss:0.379001]
2024-09-10 02:27:47.899 | INFO     | DAHNet_train:train:111 - [iter:27/50][iter_time:118.01]
2024-09-10 02:29:45.001 | INFO     | DAHNet_train:train:103 - [epoch:1/1][cnn_loss:4.409184][hash_loss:3.954691][quan_loss:0.087058][cls_loss:0.367435]
2024-09-10 02:29:45.010 | INFO     | DAHNet_train:train:111 - [iter:28/50][iter_time:117.11]
2024-09-10 02:31:41.241 | INFO     | DAHNet_train:train:103 - [epoch:1/1][cnn_loss:4.321254][hash_loss:3.893206][quan_loss:0.085640][cls_loss:0.342408]
2024-09-10 02:31:41.251 | INFO     | DAHNet_train:train:111 - [iter:29/50][iter_time:116.24]
2024-09-10 02:33:38.026 | INFO     | DAHNet_train:train:103 - [epoch:1/1][cnn_loss:4.340320][hash_loss:3.905164][quan_loss:0.085989][cls_loss:0.349166]
2024-09-10 02:33:38.035 | INFO     | DAHNet_train:train:111 - [iter:30/50][iter_time:116.78]
2024-09-10 02:41:09.289 | INFO     | DAHNet_train:train:189 - [iter:30/50][code_length:64][mAP:0.87920][mAP_all:0.85699][best_mAP:0.89602]
2024-09-10 02:41:09.290 | INFO     | DAHNet_train:train:190 - [iter:30/50][code_length:64][zs_mAP:0.35172][zs_mAP_all:0.17608]
2024-09-10 02:43:09.854 | INFO     | DAHNet_train:train:103 - [epoch:1/1][cnn_loss:4.332151][hash_loss:3.896121][quan_loss:0.085984][cls_loss:0.350047]
2024-09-10 02:43:09.863 | INFO     | DAHNet_train:train:111 - [iter:31/50][iter_time:120.57]
2024-09-10 02:45:08.258 | INFO     | DAHNet_train:train:103 - [epoch:1/1][cnn_loss:4.261465][hash_loss:3.843803][quan_loss:0.084580][cls_loss:0.333083]
2024-09-10 02:45:08.268 | INFO     | DAHNet_train:train:111 - [iter:32/50][iter_time:118.41]
2024-09-10 02:47:06.612 | INFO     | DAHNet_train:train:103 - [epoch:1/1][cnn_loss:4.247267][hash_loss:3.829890][quan_loss:0.084532][cls_loss:0.332844]
2024-09-10 02:47:06.624 | INFO     | DAHNet_train:train:111 - [iter:33/50][iter_time:118.36]
2024-09-10 02:49:03.471 | INFO     | DAHNet_train:train:103 - [epoch:1/1][cnn_loss:4.238458][hash_loss:3.822192][quan_loss:0.084393][cls_loss:0.331873]
2024-09-10 02:49:03.480 | INFO     | DAHNet_train:train:111 - [iter:34/50][iter_time:116.86]
2024-09-10 02:50:59.835 | INFO     | DAHNet_train:train:103 - [epoch:1/1][cnn_loss:4.220462][hash_loss:3.804917][quan_loss:0.083661][cls_loss:0.331883]
2024-09-10 02:50:59.844 | INFO     | DAHNet_train:train:111 - [iter:35/50][iter_time:116.36]
2024-09-10 02:58:46.920 | INFO     | DAHNet_train:train:189 - [iter:35/50][code_length:64][mAP:0.88292][mAP_all:0.85816][best_mAP:0.89602]
2024-09-10 02:58:46.920 | INFO     | DAHNet_train:train:190 - [iter:35/50][code_length:64][zs_mAP:0.34486][zs_mAP_all:0.18946]
2024-09-10 03:00:45.889 | INFO     | DAHNet_train:train:103 - [epoch:1/1][cnn_loss:4.218455][hash_loss:3.806829][quan_loss:0.083838][cls_loss:0.327788]
2024-09-10 03:00:45.900 | INFO     | DAHNet_train:train:111 - [iter:36/50][iter_time:118.98]
2024-09-10 03:02:42.659 | INFO     | DAHNet_train:train:103 - [epoch:1/1][cnn_loss:4.153268][hash_loss:3.753365][quan_loss:0.082348][cls_loss:0.317555]
2024-09-10 03:02:42.668 | INFO     | DAHNet_train:train:111 - [iter:37/50][iter_time:116.77]
2024-09-10 03:04:39.445 | INFO     | DAHNet_train:train:103 - [epoch:1/1][cnn_loss:4.120313][hash_loss:3.724254][quan_loss:0.081705][cls_loss:0.314354]
2024-09-10 03:04:39.456 | INFO     | DAHNet_train:train:111 - [iter:38/50][iter_time:116.79]
2024-09-10 03:06:37.212 | INFO     | DAHNet_train:train:103 - [epoch:1/1][cnn_loss:4.106415][hash_loss:3.714043][quan_loss:0.081464][cls_loss:0.310908]
2024-09-10 03:06:37.220 | INFO     | DAHNet_train:train:111 - [iter:39/50][iter_time:117.76]
2024-09-10 03:08:33.880 | INFO     | DAHNet_train:train:103 - [epoch:1/1][cnn_loss:4.093413][hash_loss:3.703811][quan_loss:0.081360][cls_loss:0.308242]
2024-09-10 03:08:33.890 | INFO     | DAHNet_train:train:111 - [iter:40/50][iter_time:116.67]
2024-09-10 03:16:23.689 | INFO     | DAHNet_train:train:189 - [iter:40/50][code_length:64][mAP:0.87695][mAP_all:0.85273][best_mAP:0.89602]
2024-09-10 03:16:23.690 | INFO     | DAHNet_train:train:190 - [iter:40/50][code_length:64][zs_mAP:0.33460][zs_mAP_all:0.16559]
2024-09-10 03:18:22.320 | INFO     | DAHNet_train:train:103 - [epoch:1/1][cnn_loss:4.189200][hash_loss:3.771436][quan_loss:0.083111][cls_loss:0.334653]
2024-09-10 03:18:22.330 | INFO     | DAHNet_train:train:111 - [iter:41/50][iter_time:118.64]
2024-09-10 03:20:18.766 | INFO     | DAHNet_train:train:103 - [epoch:1/1][cnn_loss:4.082664][hash_loss:3.690659][quan_loss:0.081264][cls_loss:0.310741]
2024-09-10 03:20:18.777 | INFO     | DAHNet_train:train:111 - [iter:42/50][iter_time:116.45]
2024-09-10 03:22:15.398 | INFO     | DAHNet_train:train:103 - [epoch:1/1][cnn_loss:4.067918][hash_loss:3.681727][quan_loss:0.081058][cls_loss:0.305133]
2024-09-10 03:22:15.408 | INFO     | DAHNet_train:train:111 - [iter:43/50][iter_time:116.63]
2024-09-10 03:24:12.462 | INFO     | DAHNet_train:train:103 - [epoch:1/1][cnn_loss:4.056904][hash_loss:3.669485][quan_loss:0.080682][cls_loss:0.306736]
2024-09-10 03:24:12.476 | INFO     | DAHNet_train:train:111 - [iter:44/50][iter_time:117.07]
2024-09-10 03:26:08.800 | INFO     | DAHNet_train:train:103 - [epoch:1/1][cnn_loss:4.000431][hash_loss:3.629595][quan_loss:0.079823][cls_loss:0.291014]
2024-09-10 03:26:08.812 | INFO     | DAHNet_train:train:111 - [iter:45/50][iter_time:116.34]
2024-09-10 03:33:56.973 | INFO     | DAHNet_train:train:189 - [iter:45/50][code_length:64][mAP:0.88010][mAP_all:0.85547][best_mAP:0.89602]
2024-09-10 03:33:56.974 | INFO     | DAHNet_train:train:190 - [iter:45/50][code_length:64][zs_mAP:0.32912][zs_mAP_all:0.16299]
2024-09-10 03:35:56.825 | INFO     | DAHNet_train:train:103 - [epoch:1/1][cnn_loss:3.877832][hash_loss:3.530773][quan_loss:0.077368][cls_loss:0.269691]
2024-09-10 03:35:56.835 | INFO     | DAHNet_train:train:111 - [iter:46/50][iter_time:119.86]
2024-09-10 03:43:41.671 | INFO     | DAHNet_train:train:189 - [iter:46/50][code_length:64][mAP:0.88472][mAP_all:0.85955][best_mAP:0.89602]
2024-09-10 03:43:41.672 | INFO     | DAHNet_train:train:190 - [iter:46/50][code_length:64][zs_mAP:0.33611][zs_mAP_all:0.17328]
2024-09-10 03:45:40.804 | INFO     | DAHNet_train:train:103 - [epoch:1/1][cnn_loss:3.802781][hash_loss:3.472404][quan_loss:0.076084][cls_loss:0.254293]
2024-09-10 03:45:40.813 | INFO     | DAHNet_train:train:111 - [iter:47/50][iter_time:119.14]
2024-09-10 03:53:40.248 | INFO     | DAHNet_train:train:189 - [iter:47/50][code_length:64][mAP:0.88792][mAP_all:0.86356][best_mAP:0.89602]
2024-09-10 03:53:40.249 | INFO     | DAHNet_train:train:190 - [iter:47/50][code_length:64][zs_mAP:0.34029][zs_mAP_all:0.17312]
2024-09-10 03:55:40.084 | INFO     | DAHNet_train:train:103 - [epoch:1/1][cnn_loss:3.782560][hash_loss:3.453251][quan_loss:0.075664][cls_loss:0.253644]
2024-09-10 03:55:40.093 | INFO     | DAHNet_train:train:111 - [iter:48/50][iter_time:119.84]
2024-09-10 04:03:43.820 | INFO     | DAHNet_train:train:189 - [iter:48/50][code_length:64][mAP:0.88380][mAP_all:0.85927][best_mAP:0.89602]
2024-09-10 04:03:43.821 | INFO     | DAHNet_train:train:190 - [iter:48/50][code_length:64][zs_mAP:0.33799][zs_mAP_all:0.17232]
2024-09-10 04:05:43.640 | INFO     | DAHNet_train:train:103 - [epoch:1/1][cnn_loss:3.735819][hash_loss:3.421554][quan_loss:0.074958][cls_loss:0.239306]
2024-09-10 04:05:43.650 | INFO     | DAHNet_train:train:111 - [iter:49/50][iter_time:119.83]
2024-09-10 04:13:28.916 | INFO     | DAHNet_train:train:189 - [iter:49/50][code_length:64][mAP:0.88545][mAP_all:0.86019][best_mAP:0.89602]
2024-09-10 04:13:28.917 | INFO     | DAHNet_train:train:190 - [iter:49/50][code_length:64][zs_mAP:0.34117][zs_mAP_all:0.18171]
2024-09-10 04:15:30.120 | INFO     | DAHNet_train:train:103 - [epoch:1/1][cnn_loss:3.753054][hash_loss:3.431407][quan_loss:0.075279][cls_loss:0.246368]
2024-09-10 04:15:30.128 | INFO     | DAHNet_train:train:111 - [iter:50/50][iter_time:121.21]
2024-09-10 04:23:17.250 | INFO     | DAHNet_train:train:189 - [iter:50/50][code_length:64][mAP:0.88663][mAP_all:0.86251][best_mAP:0.89602]
2024-09-10 04:23:17.251 | INFO     | DAHNet_train:train:190 - [iter:50/50][code_length:64][zs_mAP:0.33558][zs_mAP_all:0.17654]
2024-09-10 04:23:17.251 | INFO     | DAHNet_train:train:192 - [Training time:12390.61]
2024-09-10 04:23:17.260 | INFO     | __main__:run:138 - [code_length:64][map:0.8960][map_all:0.8769][zs_map:0.4533][zs_map_all:0.2644]
