2024-08-23 15:43:09.328 | SUCCESS  | __main__:run:53 - Namespace(dataset='imagenetzs', root='/data1/dataset/ImageNet/ILSVRC', batch_size=16, lr=0.0005, wd=0.0005, optim='SGD', code_length=[16, 32, 64], max_iter=50, max_epoch=1, num_query=1000, num_samples=12350, num_workers=2, topk=1000, gpu=1, gamma=200, info='imagenetzs-5-95-dcdh-08-23-16,32,64-tanh1', arch='dcdh', net='ResNet', save_ckpt='checkpoints/', lr_step=[45], align_step=50, pretrain=True, quan_loss=False, lambd_sp=0.1, lambd_ch=0.1, lambd=0.1, momen=0.9, nesterov=False, num_classes=95, val_freq=5, cauchy_gamma=20.0, margin=0.1, num_zs=5, epoch_change=11, ZS=5, flag='dcdh', data='imagenetzs', device=device(type='cuda', index=1))
2024-08-23 15:46:13.522 | INFO     | DCDH:train:165 - [epoch:1/1][loss:2.908986]
2024-08-23 15:46:13.523 | INFO     | DCDH:train:168 - [iter:1/50][iter_time:174.05]
2024-08-23 15:49:40.009 | INFO     | DCDH:train:165 - [epoch:1/1][loss:2.222005]
2024-08-23 15:49:40.010 | INFO     | DCDH:train:168 - [iter:2/50][iter_time:206.49]
2024-08-23 15:52:53.722 | INFO     | DCDH:train:165 - [epoch:1/1][loss:1.960372]
2024-08-23 15:52:53.723 | INFO     | DCDH:train:168 - [iter:3/50][iter_time:193.71]
2024-08-23 15:56:07.516 | INFO     | DCDH:train:165 - [epoch:1/1][loss:1.803594]
2024-08-23 15:56:07.516 | INFO     | DCDH:train:168 - [iter:4/50][iter_time:193.79]
2024-08-23 15:58:51.822 | INFO     | DCDH:train:165 - [epoch:1/1][loss:1.735089]
2024-08-23 15:58:51.823 | INFO     | DCDH:train:168 - [iter:5/50][iter_time:164.31]
2024-08-23 16:07:07.062 | INFO     | DCDH:train:240 - [iter:5/50][code_length:16][mAP:0.71676][mAP_all:0.71386][best_mAP:0.71676]
2024-08-23 16:07:07.063 | INFO     | DCDH:train:241 - [iter:5/50][code_length:16][zs_mAP:0.49790][zs_mAP_all:0.12401]
2024-08-23 16:12:18.108 | INFO     | DCDH:train:165 - [epoch:1/1][loss:1.656339]
2024-08-23 16:12:18.108 | INFO     | DCDH:train:168 - [iter:6/50][iter_time:311.05]
2024-08-23 16:17:19.824 | INFO     | DCDH:train:165 - [epoch:1/1][loss:1.596750]
2024-08-23 16:17:19.825 | INFO     | DCDH:train:168 - [iter:7/50][iter_time:301.72]
2024-08-23 16:21:37.106 | INFO     | DCDH:train:165 - [epoch:1/1][loss:1.553288]
2024-08-23 16:21:37.106 | INFO     | DCDH:train:168 - [iter:8/50][iter_time:257.28]
2024-08-23 16:23:46.056 | INFO     | DCDH:train:165 - [epoch:1/1][loss:1.511985]
2024-08-23 16:23:46.056 | INFO     | DCDH:train:168 - [iter:9/50][iter_time:128.95]
2024-08-23 16:25:52.822 | INFO     | DCDH:train:165 - [epoch:1/1][loss:1.479380]
2024-08-23 16:25:52.823 | INFO     | DCDH:train:168 - [iter:10/50][iter_time:126.77]
2024-08-23 16:33:45.347 | INFO     | DCDH:train:240 - [iter:10/50][code_length:16][mAP:0.73685][mAP_all:0.73417][best_mAP:0.73685]
2024-08-23 16:33:45.348 | INFO     | DCDH:train:241 - [iter:10/50][code_length:16][zs_mAP:0.47553][zs_mAP_all:0.11296]
2024-08-23 16:38:49.440 | INFO     | DCDH:train:165 - [epoch:1/1][loss:1.473988]
2024-08-23 16:38:49.440 | INFO     | DCDH:train:168 - [iter:11/50][iter_time:304.09]
2024-08-23 16:43:58.842 | INFO     | DCDH:train:165 - [epoch:1/1][loss:1.439189]
2024-08-23 16:43:58.843 | INFO     | DCDH:train:168 - [iter:12/50][iter_time:309.40]
2024-08-23 16:49:09.051 | INFO     | DCDH:train:165 - [epoch:1/1][loss:1.426102]
2024-08-23 16:49:09.051 | INFO     | DCDH:train:168 - [iter:13/50][iter_time:310.21]
2024-08-23 16:54:11.048 | INFO     | DCDH:train:165 - [epoch:1/1][loss:1.417794]
2024-08-23 16:54:11.049 | INFO     | DCDH:train:168 - [iter:14/50][iter_time:302.00]
2024-08-23 16:56:17.188 | INFO     | DCDH:train:165 - [epoch:1/1][loss:1.384071]
2024-08-23 16:56:17.189 | INFO     | DCDH:train:168 - [iter:15/50][iter_time:126.14]
2024-08-23 17:04:24.782 | INFO     | DCDH:train:240 - [iter:15/50][code_length:16][mAP:0.74974][mAP_all:0.74663][best_mAP:0.74974]
2024-08-23 17:04:24.782 | INFO     | DCDH:train:241 - [iter:15/50][code_length:16][zs_mAP:0.45500][zs_mAP_all:0.13848]
2024-08-23 17:09:47.428 | INFO     | DCDH:train:165 - [epoch:1/1][loss:1.382574]
2024-08-23 17:09:47.429 | INFO     | DCDH:train:168 - [iter:16/50][iter_time:322.65]
2024-08-23 17:15:17.383 | INFO     | DCDH:train:165 - [epoch:1/1][loss:1.362949]
2024-08-23 17:15:17.384 | INFO     | DCDH:train:168 - [iter:17/50][iter_time:329.95]
2024-08-23 17:20:52.148 | INFO     | DCDH:train:165 - [epoch:1/1][loss:1.357810]
2024-08-23 17:20:52.149 | INFO     | DCDH:train:168 - [iter:18/50][iter_time:334.76]
2024-08-23 17:26:29.899 | INFO     | DCDH:train:165 - [epoch:1/1][loss:1.321962]
2024-08-23 17:26:29.900 | INFO     | DCDH:train:168 - [iter:19/50][iter_time:337.75]
2024-08-23 17:30:12.050 | INFO     | DCDH:train:165 - [epoch:1/1][loss:1.305244]
2024-08-23 17:30:12.051 | INFO     | DCDH:train:168 - [iter:20/50][iter_time:222.15]
2024-08-23 17:38:22.217 | INFO     | DCDH:train:240 - [iter:20/50][code_length:16][mAP:0.74872][mAP_all:0.74591][best_mAP:0.74974]
2024-08-23 17:38:22.218 | INFO     | DCDH:train:241 - [iter:20/50][code_length:16][zs_mAP:0.46198][zs_mAP_all:0.13020]
2024-08-23 17:42:11.795 | INFO     | DCDH:train:165 - [epoch:1/1][loss:1.291248]
2024-08-23 17:42:11.796 | INFO     | DCDH:train:168 - [iter:21/50][iter_time:229.58]
2024-08-23 17:45:15.881 | INFO     | DCDH:train:165 - [epoch:1/1][loss:1.288810]
2024-08-23 17:45:15.881 | INFO     | DCDH:train:168 - [iter:22/50][iter_time:184.08]
2024-08-23 17:48:07.980 | INFO     | DCDH:train:165 - [epoch:1/1][loss:1.270714]
2024-08-23 17:48:07.981 | INFO     | DCDH:train:168 - [iter:23/50][iter_time:172.10]
2024-08-23 17:52:05.423 | INFO     | DCDH:train:165 - [epoch:1/1][loss:1.291258]
2024-08-23 17:52:05.424 | INFO     | DCDH:train:168 - [iter:24/50][iter_time:237.44]
2024-08-23 17:54:49.828 | INFO     | DCDH:train:165 - [epoch:1/1][loss:1.256504]
2024-08-23 17:54:49.829 | INFO     | DCDH:train:168 - [iter:25/50][iter_time:164.41]
2024-08-23 18:02:49.960 | INFO     | DCDH:train:240 - [iter:25/50][code_length:16][mAP:0.76240][mAP_all:0.75959][best_mAP:0.76240]
2024-08-23 18:02:49.961 | INFO     | DCDH:train:241 - [iter:25/50][code_length:16][zs_mAP:0.44344][zs_mAP_all:0.12683]
2024-08-23 18:08:05.695 | INFO     | DCDH:train:165 - [epoch:1/1][loss:1.249631]
2024-08-23 18:08:05.695 | INFO     | DCDH:train:168 - [iter:26/50][iter_time:315.73]
2024-08-23 18:13:11.024 | INFO     | DCDH:train:165 - [epoch:1/1][loss:1.249458]
2024-08-23 18:13:11.024 | INFO     | DCDH:train:168 - [iter:27/50][iter_time:305.33]
2024-08-23 18:18:19.558 | INFO     | DCDH:train:165 - [epoch:1/1][loss:1.254439]
2024-08-23 18:18:19.558 | INFO     | DCDH:train:168 - [iter:28/50][iter_time:308.53]
2024-08-23 18:23:15.644 | INFO     | DCDH:train:165 - [epoch:1/1][loss:1.239044]
2024-08-23 18:23:15.645 | INFO     | DCDH:train:168 - [iter:29/50][iter_time:296.09]
2024-08-23 18:28:10.136 | INFO     | DCDH:train:165 - [epoch:1/1][loss:1.236553]
2024-08-23 18:28:10.136 | INFO     | DCDH:train:168 - [iter:30/50][iter_time:294.49]
2024-08-23 18:36:11.358 | INFO     | DCDH:train:240 - [iter:30/50][code_length:16][mAP:0.75892][mAP_all:0.75575][best_mAP:0.76240]
2024-08-23 18:36:11.358 | INFO     | DCDH:train:241 - [iter:30/50][code_length:16][zs_mAP:0.45372][zs_mAP_all:0.12568]
2024-08-23 18:41:30.052 | INFO     | DCDH:train:165 - [epoch:1/1][loss:1.206571]
2024-08-23 18:41:30.052 | INFO     | DCDH:train:168 - [iter:31/50][iter_time:318.69]
2024-08-23 18:46:47.906 | INFO     | DCDH:train:165 - [epoch:1/1][loss:1.210539]
2024-08-23 18:46:47.906 | INFO     | DCDH:train:168 - [iter:32/50][iter_time:317.85]
2024-08-23 18:52:00.029 | INFO     | DCDH:train:165 - [epoch:1/1][loss:1.202410]
2024-08-23 18:52:00.030 | INFO     | DCDH:train:168 - [iter:33/50][iter_time:312.12]
2024-08-23 18:57:13.916 | INFO     | DCDH:train:165 - [epoch:1/1][loss:1.220205]
2024-08-23 18:57:13.917 | INFO     | DCDH:train:168 - [iter:34/50][iter_time:313.89]
2024-08-23 19:02:29.816 | INFO     | DCDH:train:165 - [epoch:1/1][loss:1.193969]
2024-08-23 19:02:29.816 | INFO     | DCDH:train:168 - [iter:35/50][iter_time:315.90]
2024-08-23 19:10:29.777 | INFO     | DCDH:train:240 - [iter:35/50][code_length:16][mAP:0.75584][mAP_all:0.75290][best_mAP:0.76240]
2024-08-23 19:10:29.777 | INFO     | DCDH:train:241 - [iter:35/50][code_length:16][zs_mAP:0.40397][zs_mAP_all:0.11214]
2024-08-23 19:13:59.857 | INFO     | DCDH:train:165 - [epoch:1/1][loss:1.191249]
2024-08-23 19:13:59.858 | INFO     | DCDH:train:168 - [iter:36/50][iter_time:210.08]
2024-08-23 19:21:51.351 | INFO     | DCDH:train:240 - [iter:36/50][code_length:16][mAP:0.76446][mAP_all:0.76180][best_mAP:0.76446]
2024-08-23 19:21:51.352 | INFO     | DCDH:train:241 - [iter:36/50][code_length:16][zs_mAP:0.42930][zs_mAP_all:0.11690]
2024-08-23 19:26:42.826 | INFO     | DCDH:train:165 - [epoch:1/1][loss:1.188865]
2024-08-23 19:26:42.826 | INFO     | DCDH:train:168 - [iter:37/50][iter_time:291.47]
2024-08-23 19:34:41.802 | INFO     | DCDH:train:240 - [iter:37/50][code_length:16][mAP:0.76420][mAP_all:0.76079][best_mAP:0.76446]
2024-08-23 19:34:41.802 | INFO     | DCDH:train:241 - [iter:37/50][code_length:16][zs_mAP:0.42756][zs_mAP_all:0.10682]
2024-08-23 19:38:16.537 | INFO     | DCDH:train:165 - [epoch:1/1][loss:1.178424]
2024-08-23 19:38:16.538 | INFO     | DCDH:train:168 - [iter:38/50][iter_time:214.74]
2024-08-23 19:46:14.350 | INFO     | DCDH:train:240 - [iter:38/50][code_length:16][mAP:0.75953][mAP_all:0.75672][best_mAP:0.76446]
2024-08-23 19:46:14.351 | INFO     | DCDH:train:241 - [iter:38/50][code_length:16][zs_mAP:0.43717][zs_mAP_all:0.10574]
2024-08-23 19:49:52.147 | INFO     | DCDH:train:165 - [epoch:1/1][loss:1.145359]
2024-08-23 19:49:52.148 | INFO     | DCDH:train:168 - [iter:39/50][iter_time:217.80]
2024-08-23 19:57:57.150 | INFO     | DCDH:train:240 - [iter:39/50][code_length:16][mAP:0.76275][mAP_all:0.75999][best_mAP:0.76446]
2024-08-23 19:57:57.150 | INFO     | DCDH:train:241 - [iter:39/50][code_length:16][zs_mAP:0.43080][zs_mAP_all:0.11398]
2024-08-23 20:01:47.782 | INFO     | DCDH:train:165 - [epoch:1/1][loss:1.182418]
2024-08-23 20:01:47.782 | INFO     | DCDH:train:168 - [iter:40/50][iter_time:230.63]
2024-08-23 20:09:59.087 | INFO     | DCDH:train:240 - [iter:40/50][code_length:16][mAP:0.75811][mAP_all:0.75561][best_mAP:0.76446]
2024-08-23 20:09:59.088 | INFO     | DCDH:train:241 - [iter:40/50][code_length:16][zs_mAP:0.42952][zs_mAP_all:0.14283]
2024-08-23 20:14:08.517 | INFO     | DCDH:train:165 - [epoch:1/1][loss:1.176720]
2024-08-23 20:14:08.518 | INFO     | DCDH:train:168 - [iter:41/50][iter_time:249.43]
2024-08-23 20:21:49.915 | INFO     | DCDH:train:240 - [iter:41/50][code_length:16][mAP:0.75945][mAP_all:0.75627][best_mAP:0.76446]
2024-08-23 20:21:49.916 | INFO     | DCDH:train:241 - [iter:41/50][code_length:16][zs_mAP:0.42575][zs_mAP_all:0.11923]
2024-08-23 20:24:48.643 | INFO     | DCDH:train:165 - [epoch:1/1][loss:1.147921]
2024-08-23 20:24:48.644 | INFO     | DCDH:train:168 - [iter:42/50][iter_time:178.73]
2024-08-23 20:32:53.593 | INFO     | DCDH:train:240 - [iter:42/50][code_length:16][mAP:0.76540][mAP_all:0.76221][best_mAP:0.76540]
2024-08-23 20:32:53.593 | INFO     | DCDH:train:241 - [iter:42/50][code_length:16][zs_mAP:0.41305][zs_mAP_all:0.12174]
2024-08-23 20:37:11.095 | INFO     | DCDH:train:165 - [epoch:1/1][loss:1.149300]
2024-08-23 20:37:11.095 | INFO     | DCDH:train:168 - [iter:43/50][iter_time:257.50]
2024-08-23 20:45:13.708 | INFO     | DCDH:train:240 - [iter:43/50][code_length:16][mAP:0.75493][mAP_all:0.75188][best_mAP:0.76540]
2024-08-23 20:45:13.709 | INFO     | DCDH:train:241 - [iter:43/50][code_length:16][zs_mAP:0.40541][zs_mAP_all:0.10383]
2024-08-23 20:48:55.497 | INFO     | DCDH:train:165 - [epoch:1/1][loss:1.157408]
2024-08-23 20:48:55.497 | INFO     | DCDH:train:168 - [iter:44/50][iter_time:221.79]
2024-08-23 20:56:38.113 | INFO     | DCDH:train:240 - [iter:44/50][code_length:16][mAP:0.75717][mAP_all:0.75395][best_mAP:0.76540]
2024-08-23 20:56:38.114 | INFO     | DCDH:train:241 - [iter:44/50][code_length:16][zs_mAP:0.44130][zs_mAP_all:0.11644]
2024-08-23 21:02:04.227 | INFO     | DCDH:train:165 - [epoch:1/1][loss:1.161534]
2024-08-23 21:02:04.228 | INFO     | DCDH:train:168 - [iter:45/50][iter_time:326.11]
2024-08-23 21:10:08.191 | INFO     | DCDH:train:240 - [iter:45/50][code_length:16][mAP:0.76518][mAP_all:0.76213][best_mAP:0.76540]
2024-08-23 21:10:08.191 | INFO     | DCDH:train:241 - [iter:45/50][code_length:16][zs_mAP:0.44701][zs_mAP_all:0.10817]
2024-08-23 21:15:41.658 | INFO     | DCDH:train:165 - [epoch:1/1][loss:1.104744]
2024-08-23 21:15:41.659 | INFO     | DCDH:train:168 - [iter:46/50][iter_time:333.47]
2024-08-23 21:23:47.444 | INFO     | DCDH:train:240 - [iter:46/50][code_length:16][mAP:0.77575][mAP_all:0.77262][best_mAP:0.77575]
2024-08-23 21:23:47.445 | INFO     | DCDH:train:241 - [iter:46/50][code_length:16][zs_mAP:0.45203][zs_mAP_all:0.12454]
2024-08-23 21:26:47.036 | INFO     | DCDH:train:165 - [epoch:1/1][loss:1.071124]
2024-08-23 21:26:47.037 | INFO     | DCDH:train:168 - [iter:47/50][iter_time:179.59]
2024-08-23 21:34:38.080 | INFO     | DCDH:train:240 - [iter:47/50][code_length:16][mAP:0.77702][mAP_all:0.77390][best_mAP:0.77702]
2024-08-23 21:34:38.080 | INFO     | DCDH:train:241 - [iter:47/50][code_length:16][zs_mAP:0.44474][zs_mAP_all:0.11677]
2024-08-23 21:39:43.514 | INFO     | DCDH:train:165 - [epoch:1/1][loss:1.060441]
2024-08-23 21:39:43.514 | INFO     | DCDH:train:168 - [iter:48/50][iter_time:305.43]
2024-08-23 21:47:59.108 | INFO     | DCDH:train:240 - [iter:48/50][code_length:16][mAP:0.77878][mAP_all:0.77563][best_mAP:0.77878]
2024-08-23 21:47:59.108 | INFO     | DCDH:train:241 - [iter:48/50][code_length:16][zs_mAP:0.46164][zs_mAP_all:0.12065]
2024-08-23 21:52:37.813 | INFO     | DCDH:train:165 - [epoch:1/1][loss:1.059380]
2024-08-23 21:52:37.814 | INFO     | DCDH:train:168 - [iter:49/50][iter_time:278.71]
2024-08-23 22:00:25.572 | INFO     | DCDH:train:240 - [iter:49/50][code_length:16][mAP:0.78056][mAP_all:0.77726][best_mAP:0.78056]
2024-08-23 22:00:25.572 | INFO     | DCDH:train:241 - [iter:49/50][code_length:16][zs_mAP:0.45490][zs_mAP_all:0.12908]
2024-08-23 22:03:11.323 | INFO     | DCDH:train:165 - [epoch:1/1][loss:1.043120]
2024-08-23 22:03:11.324 | INFO     | DCDH:train:168 - [iter:50/50][iter_time:165.75]
2024-08-23 22:11:10.065 | INFO     | DCDH:train:240 - [iter:50/50][code_length:16][mAP:0.78047][mAP_all:0.77710][best_mAP:0.78056]
2024-08-23 22:11:10.066 | INFO     | DCDH:train:241 - [iter:50/50][code_length:16][zs_mAP:0.45537][zs_mAP_all:0.11757]
2024-08-23 22:11:10.066 | INFO     | DCDH:train:244 - [Training time:23270.59]
2024-08-23 22:11:10.079 | INFO     | __main__:run:135 - [code_length:16][map:0.7806][map_all:0.7773][zs_map:0.4549][zs_map_all:0.1291]
2024-08-23 22:15:20.912 | INFO     | DCDH:train:165 - [epoch:1/1][loss:2.039013]
2024-08-23 22:15:20.913 | INFO     | DCDH:train:168 - [iter:1/50][iter_time:250.08]
2024-08-23 22:17:33.182 | INFO     | DCDH:train:165 - [epoch:1/1][loss:1.458499]
2024-08-23 22:17:33.182 | INFO     | DCDH:train:168 - [iter:2/50][iter_time:132.27]
2024-08-23 22:19:47.491 | INFO     | DCDH:train:165 - [epoch:1/1][loss:1.324298]
2024-08-23 22:19:47.491 | INFO     | DCDH:train:168 - [iter:3/50][iter_time:134.31]
2024-08-23 22:21:59.272 | INFO     | DCDH:train:165 - [epoch:1/1][loss:1.242601]
2024-08-23 22:21:59.272 | INFO     | DCDH:train:168 - [iter:4/50][iter_time:131.78]
2024-08-23 22:26:53.135 | INFO     | DCDH:train:165 - [epoch:1/1][loss:1.191294]
2024-08-23 22:26:53.136 | INFO     | DCDH:train:168 - [iter:5/50][iter_time:293.86]
2024-08-23 22:34:39.803 | INFO     | DCDH:train:240 - [iter:5/50][code_length:32][mAP:0.79218][mAP_all:0.78980][best_mAP:0.79218]
2024-08-23 22:34:39.803 | INFO     | DCDH:train:241 - [iter:5/50][code_length:32][zs_mAP:0.72497][zs_mAP_all:0.41756]
2024-08-23 22:37:46.131 | INFO     | DCDH:train:165 - [epoch:1/1][loss:1.119236]
2024-08-23 22:37:46.132 | INFO     | DCDH:train:168 - [iter:6/50][iter_time:186.33]
2024-08-23 22:41:39.832 | INFO     | DCDH:train:165 - [epoch:1/1][loss:1.092608]
2024-08-23 22:41:39.833 | INFO     | DCDH:train:168 - [iter:7/50][iter_time:233.70]
2024-08-23 22:46:50.152 | INFO     | DCDH:train:165 - [epoch:1/1][loss:1.070205]
2024-08-23 22:46:50.152 | INFO     | DCDH:train:168 - [iter:8/50][iter_time:310.32]
2024-08-23 22:52:07.207 | INFO     | DCDH:train:165 - [epoch:1/1][loss:1.072036]
2024-08-23 22:52:07.208 | INFO     | DCDH:train:168 - [iter:9/50][iter_time:317.06]
2024-08-23 22:57:12.476 | INFO     | DCDH:train:165 - [epoch:1/1][loss:1.036544]
2024-08-23 22:57:12.476 | INFO     | DCDH:train:168 - [iter:10/50][iter_time:305.27]
2024-08-23 23:05:14.400 | INFO     | DCDH:train:240 - [iter:10/50][code_length:32][mAP:0.80197][mAP_all:0.79979][best_mAP:0.80197]
2024-08-23 23:05:14.400 | INFO     | DCDH:train:241 - [iter:10/50][code_length:32][zs_mAP:0.66905][zs_mAP_all:0.33933]
2024-08-23 23:08:59.373 | INFO     | DCDH:train:165 - [epoch:1/1][loss:0.997180]
2024-08-23 23:08:59.374 | INFO     | DCDH:train:168 - [iter:11/50][iter_time:224.97]
2024-08-23 23:14:10.429 | INFO     | DCDH:train:165 - [epoch:1/1][loss:0.987709]
2024-08-23 23:14:10.431 | INFO     | DCDH:train:168 - [iter:12/50][iter_time:311.06]
2024-08-23 23:17:04.163 | INFO     | DCDH:train:165 - [epoch:1/1][loss:0.966323]
2024-08-23 23:17:04.164 | INFO     | DCDH:train:168 - [iter:13/50][iter_time:173.73]
2024-08-23 23:19:49.631 | INFO     | DCDH:train:165 - [epoch:1/1][loss:0.981531]
2024-08-23 23:19:49.632 | INFO     | DCDH:train:168 - [iter:14/50][iter_time:165.47]
2024-08-23 23:22:32.990 | INFO     | DCDH:train:165 - [epoch:1/1][loss:0.936218]
2024-08-23 23:22:32.990 | INFO     | DCDH:train:168 - [iter:15/50][iter_time:163.36]
2024-08-23 23:30:25.508 | INFO     | DCDH:train:240 - [iter:15/50][code_length:32][mAP:0.80677][mAP_all:0.80433][best_mAP:0.80677]
2024-08-23 23:30:25.509 | INFO     | DCDH:train:241 - [iter:15/50][code_length:32][zs_mAP:0.60945][zs_mAP_all:0.30222]
2024-08-23 23:34:41.999 | INFO     | DCDH:train:165 - [epoch:1/1][loss:0.938700]
2024-08-23 23:34:42.000 | INFO     | DCDH:train:168 - [iter:16/50][iter_time:256.49]
2024-08-23 23:40:08.329 | INFO     | DCDH:train:165 - [epoch:1/1][loss:0.930761]
2024-08-23 23:40:08.329 | INFO     | DCDH:train:168 - [iter:17/50][iter_time:326.33]
2024-08-23 23:45:32.756 | INFO     | DCDH:train:165 - [epoch:1/1][loss:0.914282]
2024-08-23 23:45:32.756 | INFO     | DCDH:train:168 - [iter:18/50][iter_time:324.43]
2024-08-23 23:50:47.847 | INFO     | DCDH:train:165 - [epoch:1/1][loss:0.887978]
2024-08-23 23:50:47.848 | INFO     | DCDH:train:168 - [iter:19/50][iter_time:315.09]
2024-08-23 23:56:08.919 | INFO     | DCDH:train:165 - [epoch:1/1][loss:0.871365]
2024-08-23 23:56:08.919 | INFO     | DCDH:train:168 - [iter:20/50][iter_time:321.07]
2024-08-24 00:04:07.445 | INFO     | DCDH:train:240 - [iter:20/50][code_length:32][mAP:0.80910][mAP_all:0.80666][best_mAP:0.80910]
2024-08-24 00:04:07.446 | INFO     | DCDH:train:241 - [iter:20/50][code_length:32][zs_mAP:0.63540][zs_mAP_all:0.33912]
2024-08-24 00:06:56.309 | INFO     | DCDH:train:165 - [epoch:1/1][loss:0.890908]
2024-08-24 00:06:56.310 | INFO     | DCDH:train:168 - [iter:21/50][iter_time:168.86]
2024-08-24 00:17:23.560 | INFO     | DCDH:train:165 - [epoch:1/1][loss:0.855142]
2024-08-24 00:17:23.561 | INFO     | DCDH:train:168 - [iter:22/50][iter_time:627.25]
2024-08-24 00:29:33.603 | INFO     | DCDH:train:165 - [epoch:1/1][loss:0.877796]
2024-08-24 00:29:33.604 | INFO     | DCDH:train:168 - [iter:23/50][iter_time:730.04]
2024-08-24 00:41:32.794 | INFO     | DCDH:train:165 - [epoch:1/1][loss:0.850521]
2024-08-24 00:41:32.794 | INFO     | DCDH:train:168 - [iter:24/50][iter_time:719.19]
2024-08-24 00:53:38.987 | INFO     | DCDH:train:165 - [epoch:1/1][loss:0.832939]
2024-08-24 00:53:38.987 | INFO     | DCDH:train:168 - [iter:25/50][iter_time:726.19]
2024-08-24 01:03:01.935 | INFO     | DCDH:train:240 - [iter:25/50][code_length:32][mAP:0.80199][mAP_all:0.79948][best_mAP:0.80910]
2024-08-24 01:03:01.935 | INFO     | DCDH:train:241 - [iter:25/50][code_length:32][zs_mAP:0.63131][zs_mAP_all:0.33261]
2024-08-24 01:05:46.344 | INFO     | DCDH:train:165 - [epoch:1/1][loss:0.826176]
2024-08-24 01:05:46.345 | INFO     | DCDH:train:168 - [iter:26/50][iter_time:164.41]
2024-08-24 01:08:29.467 | INFO     | DCDH:train:165 - [epoch:1/1][loss:0.807729]
2024-08-24 01:08:29.468 | INFO     | DCDH:train:168 - [iter:27/50][iter_time:163.12]
2024-08-24 01:18:30.286 | INFO     | DCDH:train:165 - [epoch:1/1][loss:0.820618]
2024-08-24 01:18:30.287 | INFO     | DCDH:train:168 - [iter:28/50][iter_time:600.82]
2024-08-24 01:30:38.972 | INFO     | DCDH:train:165 - [epoch:1/1][loss:0.813778]
2024-08-24 01:30:38.973 | INFO     | DCDH:train:168 - [iter:29/50][iter_time:728.69]
2024-08-24 01:42:54.122 | INFO     | DCDH:train:165 - [epoch:1/1][loss:0.808924]
2024-08-24 01:42:54.122 | INFO     | DCDH:train:168 - [iter:30/50][iter_time:735.15]
2024-08-24 01:52:05.547 | INFO     | DCDH:train:240 - [iter:30/50][code_length:32][mAP:0.80620][mAP_all:0.80396][best_mAP:0.80910]
2024-08-24 01:52:05.548 | INFO     | DCDH:train:241 - [iter:30/50][code_length:32][zs_mAP:0.59204][zs_mAP_all:0.29040]
2024-08-24 02:01:52.258 | INFO     | DCDH:train:165 - [epoch:1/1][loss:0.822644]
2024-08-24 02:01:52.259 | INFO     | DCDH:train:168 - [iter:31/50][iter_time:586.71]
2024-08-24 02:05:00.585 | INFO     | DCDH:train:165 - [epoch:1/1][loss:0.790952]
2024-08-24 02:05:00.585 | INFO     | DCDH:train:168 - [iter:32/50][iter_time:188.33]
2024-08-24 02:07:15.117 | INFO     | DCDH:train:165 - [epoch:1/1][loss:0.813278]
2024-08-24 02:07:15.118 | INFO     | DCDH:train:168 - [iter:33/50][iter_time:134.53]
2024-08-24 02:09:29.867 | INFO     | DCDH:train:165 - [epoch:1/1][loss:0.793609]
2024-08-24 02:09:29.867 | INFO     | DCDH:train:168 - [iter:34/50][iter_time:134.75]
2024-08-24 02:13:04.477 | INFO     | DCDH:train:165 - [epoch:1/1][loss:0.789986]
2024-08-24 02:13:04.478 | INFO     | DCDH:train:168 - [iter:35/50][iter_time:214.61]
2024-08-24 02:21:24.258 | INFO     | DCDH:train:240 - [iter:35/50][code_length:32][mAP:0.80806][mAP_all:0.80533][best_mAP:0.80910]
2024-08-24 02:21:24.258 | INFO     | DCDH:train:241 - [iter:35/50][code_length:32][zs_mAP:0.62744][zs_mAP_all:0.30546]
2024-08-24 02:28:41.063 | INFO     | DCDH:train:165 - [epoch:1/1][loss:0.794630]
2024-08-24 02:28:41.064 | INFO     | DCDH:train:168 - [iter:36/50][iter_time:436.81]
2024-08-24 02:36:49.316 | INFO     | DCDH:train:240 - [iter:36/50][code_length:32][mAP:0.81277][mAP_all:0.81051][best_mAP:0.81277]
2024-08-24 02:36:49.317 | INFO     | DCDH:train:241 - [iter:36/50][code_length:32][zs_mAP:0.65129][zs_mAP_all:0.31667]
2024-08-24 02:39:08.533 | INFO     | DCDH:train:165 - [epoch:1/1][loss:0.779361]
2024-08-24 02:39:08.534 | INFO     | DCDH:train:168 - [iter:37/50][iter_time:139.22]
2024-08-24 02:47:17.484 | INFO     | DCDH:train:240 - [iter:37/50][code_length:32][mAP:0.80814][mAP_all:0.80576][best_mAP:0.81277]
2024-08-24 02:47:17.484 | INFO     | DCDH:train:241 - [iter:37/50][code_length:32][zs_mAP:0.62964][zs_mAP_all:0.34377]
2024-08-24 02:53:23.620 | INFO     | DCDH:train:165 - [epoch:1/1][loss:0.792880]
2024-08-24 02:53:23.621 | INFO     | DCDH:train:168 - [iter:38/50][iter_time:366.14]
2024-08-24 03:01:32.222 | INFO     | DCDH:train:240 - [iter:38/50][code_length:32][mAP:0.81208][mAP_all:0.80966][best_mAP:0.81277]
2024-08-24 03:01:32.223 | INFO     | DCDH:train:241 - [iter:38/50][code_length:32][zs_mAP:0.61913][zs_mAP_all:0.31620]
2024-08-24 03:03:44.315 | INFO     | DCDH:train:165 - [epoch:1/1][loss:0.774615]
2024-08-24 03:03:44.316 | INFO     | DCDH:train:168 - [iter:39/50][iter_time:132.09]
2024-08-24 03:11:31.055 | INFO     | DCDH:train:240 - [iter:39/50][code_length:32][mAP:0.80446][mAP_all:0.80214][best_mAP:0.81277]
2024-08-24 03:11:31.055 | INFO     | DCDH:train:241 - [iter:39/50][code_length:32][zs_mAP:0.61502][zs_mAP_all:0.32189]
2024-08-24 03:13:49.728 | INFO     | DCDH:train:165 - [epoch:1/1][loss:0.777841]
2024-08-24 03:13:49.729 | INFO     | DCDH:train:168 - [iter:40/50][iter_time:138.67]
2024-08-24 03:22:11.857 | INFO     | DCDH:train:240 - [iter:40/50][code_length:32][mAP:0.81304][mAP_all:0.81043][best_mAP:0.81304]
2024-08-24 03:22:11.859 | INFO     | DCDH:train:241 - [iter:40/50][code_length:32][zs_mAP:0.59537][zs_mAP_all:0.28319]
2024-08-24 03:24:31.255 | INFO     | DCDH:train:165 - [epoch:1/1][loss:0.777586]
2024-08-24 03:24:31.256 | INFO     | DCDH:train:168 - [iter:41/50][iter_time:139.40]
2024-08-24 03:32:48.301 | INFO     | DCDH:train:240 - [iter:41/50][code_length:32][mAP:0.81063][mAP_all:0.80804][best_mAP:0.81304]
2024-08-24 03:32:48.302 | INFO     | DCDH:train:241 - [iter:41/50][code_length:32][zs_mAP:0.58964][zs_mAP_all:0.31482]
2024-08-24 03:35:09.750 | INFO     | DCDH:train:165 - [epoch:1/1][loss:0.750869]
2024-08-24 03:35:09.751 | INFO     | DCDH:train:168 - [iter:42/50][iter_time:141.45]
2024-08-24 03:43:27.584 | INFO     | DCDH:train:240 - [iter:42/50][code_length:32][mAP:0.81270][mAP_all:0.81045][best_mAP:0.81304]
2024-08-24 03:43:27.584 | INFO     | DCDH:train:241 - [iter:42/50][code_length:32][zs_mAP:0.59206][zs_mAP_all:0.29948]
2024-08-24 03:45:45.295 | INFO     | DCDH:train:165 - [epoch:1/1][loss:0.768466]
2024-08-24 03:45:45.296 | INFO     | DCDH:train:168 - [iter:43/50][iter_time:137.71]
2024-08-24 03:53:56.961 | INFO     | DCDH:train:240 - [iter:43/50][code_length:32][mAP:0.80755][mAP_all:0.80513][best_mAP:0.81304]
2024-08-24 03:53:56.962 | INFO     | DCDH:train:241 - [iter:43/50][code_length:32][zs_mAP:0.59737][zs_mAP_all:0.29146]
2024-08-24 03:56:15.982 | INFO     | DCDH:train:165 - [epoch:1/1][loss:0.755031]
2024-08-24 03:56:15.982 | INFO     | DCDH:train:168 - [iter:44/50][iter_time:139.02]
2024-08-24 04:04:30.838 | INFO     | DCDH:train:240 - [iter:44/50][code_length:32][mAP:0.81479][mAP_all:0.81246][best_mAP:0.81479]
2024-08-24 04:04:30.839 | INFO     | DCDH:train:241 - [iter:44/50][code_length:32][zs_mAP:0.60059][zs_mAP_all:0.28285]
2024-08-24 04:08:01.303 | INFO     | DCDH:train:165 - [epoch:1/1][loss:0.766287]
2024-08-24 04:08:01.303 | INFO     | DCDH:train:168 - [iter:45/50][iter_time:210.46]
2024-08-24 04:16:13.921 | INFO     | DCDH:train:240 - [iter:45/50][code_length:32][mAP:0.80565][mAP_all:0.80367][best_mAP:0.81479]
2024-08-24 04:16:13.922 | INFO     | DCDH:train:241 - [iter:45/50][code_length:32][zs_mAP:0.60481][zs_mAP_all:0.30194]
2024-08-24 04:20:15.618 | INFO     | DCDH:train:165 - [epoch:1/1][loss:0.724051]
2024-08-24 04:20:15.619 | INFO     | DCDH:train:168 - [iter:46/50][iter_time:241.70]
2024-08-24 04:28:24.716 | INFO     | DCDH:train:240 - [iter:46/50][code_length:32][mAP:0.82086][mAP_all:0.81869][best_mAP:0.82086]
2024-08-24 04:28:24.717 | INFO     | DCDH:train:241 - [iter:46/50][code_length:32][zs_mAP:0.59096][zs_mAP_all:0.31235]
2024-08-24 04:33:18.172 | INFO     | DCDH:train:165 - [epoch:1/1][loss:0.691731]
2024-08-24 04:33:18.173 | INFO     | DCDH:train:168 - [iter:47/50][iter_time:293.46]
2024-08-24 04:41:33.043 | INFO     | DCDH:train:240 - [iter:47/50][code_length:32][mAP:0.82139][mAP_all:0.81944][best_mAP:0.82139]
2024-08-24 04:41:33.043 | INFO     | DCDH:train:241 - [iter:47/50][code_length:32][zs_mAP:0.59200][zs_mAP_all:0.30912]
2024-08-24 04:46:55.877 | INFO     | DCDH:train:165 - [epoch:1/1][loss:0.671265]
2024-08-24 04:46:55.878 | INFO     | DCDH:train:168 - [iter:48/50][iter_time:322.83]
2024-08-24 04:55:12.306 | INFO     | DCDH:train:240 - [iter:48/50][code_length:32][mAP:0.81999][mAP_all:0.81778][best_mAP:0.82139]
2024-08-24 04:55:12.306 | INFO     | DCDH:train:241 - [iter:48/50][code_length:32][zs_mAP:0.59437][zs_mAP_all:0.30764]
2024-08-24 05:00:59.263 | INFO     | DCDH:train:165 - [epoch:1/1][loss:0.652527]
2024-08-24 05:00:59.263 | INFO     | DCDH:train:168 - [iter:49/50][iter_time:346.96]
2024-08-24 05:09:14.455 | INFO     | DCDH:train:240 - [iter:49/50][code_length:32][mAP:0.82350][mAP_all:0.82156][best_mAP:0.82350]
2024-08-24 05:09:14.455 | INFO     | DCDH:train:241 - [iter:49/50][code_length:32][zs_mAP:0.59302][zs_mAP_all:0.31588]
2024-08-24 05:15:17.965 | INFO     | DCDH:train:165 - [epoch:1/1][loss:0.663861]
2024-08-24 05:15:17.966 | INFO     | DCDH:train:168 - [iter:50/50][iter_time:363.51]
2024-08-24 05:23:07.134 | INFO     | DCDH:train:240 - [iter:50/50][code_length:32][mAP:0.82193][mAP_all:0.81987][best_mAP:0.82350]
2024-08-24 05:23:07.135 | INFO     | DCDH:train:241 - [iter:50/50][code_length:32][zs_mAP:0.58872][zs_mAP_all:0.29942]
2024-08-24 05:23:07.135 | INFO     | DCDH:train:244 - [Training time:25916.31]
2024-08-24 05:23:07.139 | INFO     | __main__:run:135 - [code_length:32][map:0.8235][map_all:0.8216][zs_map:0.5930][zs_map_all:0.3159]
2024-08-24 05:26:27.973 | INFO     | DCDH:train:165 - [epoch:1/1][loss:1.680037]
2024-08-24 05:26:27.973 | INFO     | DCDH:train:168 - [iter:1/50][iter_time:200.15]
2024-08-24 05:28:42.898 | INFO     | DCDH:train:165 - [epoch:1/1][loss:1.210680]
2024-08-24 05:28:42.898 | INFO     | DCDH:train:168 - [iter:2/50][iter_time:134.93]
2024-08-24 05:30:57.617 | INFO     | DCDH:train:165 - [epoch:1/1][loss:1.119542]
2024-08-24 05:30:57.618 | INFO     | DCDH:train:168 - [iter:3/50][iter_time:134.72]
2024-08-24 05:33:09.923 | INFO     | DCDH:train:165 - [epoch:1/1][loss:1.073645]
2024-08-24 05:33:09.923 | INFO     | DCDH:train:168 - [iter:4/50][iter_time:132.30]
2024-08-24 05:38:01.385 | INFO     | DCDH:train:165 - [epoch:1/1][loss:1.009893]
2024-08-24 05:38:01.385 | INFO     | DCDH:train:168 - [iter:5/50][iter_time:291.46]
2024-08-24 05:46:16.832 | INFO     | DCDH:train:240 - [iter:5/50][code_length:64][mAP:0.80684][mAP_all:0.80504][best_mAP:0.80684]
2024-08-24 05:46:16.833 | INFO     | DCDH:train:241 - [iter:5/50][code_length:64][zs_mAP:0.81898][zs_mAP_all:0.58048]
2024-08-24 05:50:36.540 | INFO     | DCDH:train:165 - [epoch:1/1][loss:0.996904]
2024-08-24 05:50:36.542 | INFO     | DCDH:train:168 - [iter:6/50][iter_time:259.71]
2024-08-24 05:54:23.790 | INFO     | DCDH:train:165 - [epoch:1/1][loss:0.945984]
2024-08-24 05:54:23.791 | INFO     | DCDH:train:168 - [iter:7/50][iter_time:227.25]
2024-08-24 05:56:38.727 | INFO     | DCDH:train:165 - [epoch:1/1][loss:0.933361]
2024-08-24 05:56:38.728 | INFO     | DCDH:train:168 - [iter:8/50][iter_time:134.94]
2024-08-24 05:58:54.157 | INFO     | DCDH:train:165 - [epoch:1/1][loss:0.903292]
2024-08-24 05:58:54.158 | INFO     | DCDH:train:168 - [iter:9/50][iter_time:135.43]
2024-08-24 06:01:13.892 | INFO     | DCDH:train:165 - [epoch:1/1][loss:0.893601]
2024-08-24 06:01:13.893 | INFO     | DCDH:train:168 - [iter:10/50][iter_time:139.73]
2024-08-24 06:09:19.956 | INFO     | DCDH:train:240 - [iter:10/50][code_length:64][mAP:0.81998][mAP_all:0.81802][best_mAP:0.81998]
2024-08-24 06:09:19.956 | INFO     | DCDH:train:241 - [iter:10/50][code_length:64][zs_mAP:0.78214][zs_mAP_all:0.55689]
2024-08-24 06:11:58.245 | INFO     | DCDH:train:165 - [epoch:1/1][loss:0.898779]
2024-08-24 06:11:58.246 | INFO     | DCDH:train:168 - [iter:11/50][iter_time:158.29]
2024-08-24 06:17:16.809 | INFO     | DCDH:train:165 - [epoch:1/1][loss:0.873795]
2024-08-24 06:17:16.810 | INFO     | DCDH:train:168 - [iter:12/50][iter_time:318.56]
2024-08-24 06:22:28.419 | INFO     | DCDH:train:165 - [epoch:1/1][loss:0.858676]
2024-08-24 06:22:28.419 | INFO     | DCDH:train:168 - [iter:13/50][iter_time:311.61]
2024-08-24 06:27:39.281 | INFO     | DCDH:train:165 - [epoch:1/1][loss:0.830479]
2024-08-24 06:27:39.282 | INFO     | DCDH:train:168 - [iter:14/50][iter_time:310.86]
2024-08-24 06:32:52.162 | INFO     | DCDH:train:165 - [epoch:1/1][loss:0.828557]
2024-08-24 06:32:52.162 | INFO     | DCDH:train:168 - [iter:15/50][iter_time:312.88]
2024-08-24 06:40:55.377 | INFO     | DCDH:train:240 - [iter:15/50][code_length:64][mAP:0.82049][mAP_all:0.81835][best_mAP:0.82049]
2024-08-24 06:40:55.378 | INFO     | DCDH:train:241 - [iter:15/50][code_length:64][zs_mAP:0.77565][zs_mAP_all:0.54488]
2024-08-24 06:43:10.292 | INFO     | DCDH:train:165 - [epoch:1/1][loss:0.814336]
2024-08-24 06:43:10.293 | INFO     | DCDH:train:168 - [iter:16/50][iter_time:134.91]
2024-08-24 06:46:56.223 | INFO     | DCDH:train:165 - [epoch:1/1][loss:0.813452]
2024-08-24 06:46:56.223 | INFO     | DCDH:train:168 - [iter:17/50][iter_time:225.93]
2024-08-24 06:52:07.743 | INFO     | DCDH:train:165 - [epoch:1/1][loss:0.797482]
2024-08-24 06:52:07.744 | INFO     | DCDH:train:168 - [iter:18/50][iter_time:311.52]
2024-08-24 06:57:20.713 | INFO     | DCDH:train:165 - [epoch:1/1][loss:0.794051]
2024-08-24 06:57:20.714 | INFO     | DCDH:train:168 - [iter:19/50][iter_time:312.97]
2024-08-24 07:02:38.714 | INFO     | DCDH:train:165 - [epoch:1/1][loss:0.764412]
2024-08-24 07:02:38.714 | INFO     | DCDH:train:168 - [iter:20/50][iter_time:318.00]
2024-08-24 07:10:40.846 | INFO     | DCDH:train:240 - [iter:20/50][code_length:64][mAP:0.83055][mAP_all:0.82909][best_mAP:0.83055]
2024-08-24 07:10:40.847 | INFO     | DCDH:train:241 - [iter:20/50][code_length:64][zs_mAP:0.77327][zs_mAP_all:0.54039]
2024-08-24 07:12:53.721 | INFO     | DCDH:train:165 - [epoch:1/1][loss:0.787405]
2024-08-24 07:12:53.722 | INFO     | DCDH:train:168 - [iter:21/50][iter_time:132.87]
2024-08-24 07:15:04.786 | INFO     | DCDH:train:165 - [epoch:1/1][loss:0.761174]
2024-08-24 07:15:04.786 | INFO     | DCDH:train:168 - [iter:22/50][iter_time:131.06]
2024-08-24 07:20:01.409 | INFO     | DCDH:train:165 - [epoch:1/1][loss:0.738695]
2024-08-24 07:20:01.409 | INFO     | DCDH:train:168 - [iter:23/50][iter_time:296.62]
2024-08-24 07:25:04.216 | INFO     | DCDH:train:165 - [epoch:1/1][loss:0.741783]
2024-08-24 07:25:04.216 | INFO     | DCDH:train:168 - [iter:24/50][iter_time:302.81]
2024-08-24 07:30:10.396 | INFO     | DCDH:train:165 - [epoch:1/1][loss:0.774101]
2024-08-24 07:30:10.397 | INFO     | DCDH:train:168 - [iter:25/50][iter_time:306.18]
2024-08-24 07:38:08.563 | INFO     | DCDH:train:240 - [iter:25/50][code_length:64][mAP:0.82115][mAP_all:0.81946][best_mAP:0.83055]
2024-08-24 07:38:08.564 | INFO     | DCDH:train:241 - [iter:25/50][code_length:64][zs_mAP:0.76600][zs_mAP_all:0.52248]
2024-08-24 07:40:24.015 | INFO     | DCDH:train:165 - [epoch:1/1][loss:0.740742]
2024-08-24 07:40:24.015 | INFO     | DCDH:train:168 - [iter:26/50][iter_time:135.45]
2024-08-24 07:42:38.337 | INFO     | DCDH:train:165 - [epoch:1/1][loss:0.725664]
2024-08-24 07:42:38.338 | INFO     | DCDH:train:168 - [iter:27/50][iter_time:134.32]
2024-08-24 07:45:39.082 | INFO     | DCDH:train:165 - [epoch:1/1][loss:0.715068]
2024-08-24 07:45:39.083 | INFO     | DCDH:train:168 - [iter:28/50][iter_time:180.74]
2024-08-24 07:50:49.506 | INFO     | DCDH:train:165 - [epoch:1/1][loss:0.711242]
2024-08-24 07:50:49.506 | INFO     | DCDH:train:168 - [iter:29/50][iter_time:310.42]
2024-08-24 07:54:33.601 | INFO     | DCDH:train:165 - [epoch:1/1][loss:0.722079]
2024-08-24 07:54:33.602 | INFO     | DCDH:train:168 - [iter:30/50][iter_time:224.10]
2024-08-24 08:02:14.238 | INFO     | DCDH:train:240 - [iter:30/50][code_length:64][mAP:0.83073][mAP_all:0.82874][best_mAP:0.83073]
2024-08-24 08:02:14.239 | INFO     | DCDH:train:241 - [iter:30/50][code_length:64][zs_mAP:0.76092][zs_mAP_all:0.52198]
2024-08-24 08:04:28.198 | INFO     | DCDH:train:165 - [epoch:1/1][loss:0.724776]
2024-08-24 08:04:28.199 | INFO     | DCDH:train:168 - [iter:31/50][iter_time:133.96]
2024-08-24 08:06:39.604 | INFO     | DCDH:train:165 - [epoch:1/1][loss:0.707379]
2024-08-24 08:06:39.605 | INFO     | DCDH:train:168 - [iter:32/50][iter_time:131.41]
2024-08-24 08:10:07.343 | INFO     | DCDH:train:165 - [epoch:1/1][loss:0.689160]
2024-08-24 08:10:07.343 | INFO     | DCDH:train:168 - [iter:33/50][iter_time:207.74]
2024-08-24 08:15:21.439 | INFO     | DCDH:train:165 - [epoch:1/1][loss:0.697218]
2024-08-24 08:15:21.440 | INFO     | DCDH:train:168 - [iter:34/50][iter_time:314.10]
2024-08-24 08:20:24.965 | INFO     | DCDH:train:165 - [epoch:1/1][loss:0.696872]
2024-08-24 08:20:24.966 | INFO     | DCDH:train:168 - [iter:35/50][iter_time:303.53]
2024-08-24 08:28:26.120 | INFO     | DCDH:train:240 - [iter:35/50][code_length:64][mAP:0.82845][mAP_all:0.82688][best_mAP:0.83073]
2024-08-24 08:28:26.120 | INFO     | DCDH:train:241 - [iter:35/50][code_length:64][zs_mAP:0.75716][zs_mAP_all:0.50183]
2024-08-24 08:30:41.121 | INFO     | DCDH:train:165 - [epoch:1/1][loss:0.692016]
2024-08-24 08:30:41.122 | INFO     | DCDH:train:168 - [iter:36/50][iter_time:135.00]
2024-08-24 08:38:48.501 | INFO     | DCDH:train:240 - [iter:36/50][code_length:64][mAP:0.83113][mAP_all:0.82905][best_mAP:0.83113]
2024-08-24 08:38:48.502 | INFO     | DCDH:train:241 - [iter:36/50][code_length:64][zs_mAP:0.73484][zs_mAP_all:0.51348]
2024-08-24 08:44:01.461 | INFO     | DCDH:train:165 - [epoch:1/1][loss:0.688182]
2024-08-24 08:44:01.462 | INFO     | DCDH:train:168 - [iter:37/50][iter_time:312.96]
2024-08-24 08:51:58.387 | INFO     | DCDH:train:240 - [iter:37/50][code_length:64][mAP:0.83291][mAP_all:0.83117][best_mAP:0.83291]
2024-08-24 08:51:58.388 | INFO     | DCDH:train:241 - [iter:37/50][code_length:64][zs_mAP:0.74573][zs_mAP_all:0.50322]
2024-08-24 08:54:14.046 | INFO     | DCDH:train:165 - [epoch:1/1][loss:0.675792]
2024-08-24 08:54:14.047 | INFO     | DCDH:train:168 - [iter:38/50][iter_time:135.66]
2024-08-24 09:02:20.224 | INFO     | DCDH:train:240 - [iter:38/50][code_length:64][mAP:0.82811][mAP_all:0.82637][best_mAP:0.83291]
2024-08-24 09:02:20.225 | INFO     | DCDH:train:241 - [iter:38/50][code_length:64][zs_mAP:0.75159][zs_mAP_all:0.49721]
2024-08-24 09:07:28.216 | INFO     | DCDH:train:165 - [epoch:1/1][loss:0.691239]
2024-08-24 09:07:28.216 | INFO     | DCDH:train:168 - [iter:39/50][iter_time:307.99]
2024-08-24 09:15:22.410 | INFO     | DCDH:train:240 - [iter:39/50][code_length:64][mAP:0.82776][mAP_all:0.82602][best_mAP:0.83291]
2024-08-24 09:15:22.410 | INFO     | DCDH:train:241 - [iter:39/50][code_length:64][zs_mAP:0.77072][zs_mAP_all:0.52704]
2024-08-24 09:17:36.158 | INFO     | DCDH:train:165 - [epoch:1/1][loss:0.680096]
2024-08-24 09:17:36.158 | INFO     | DCDH:train:168 - [iter:40/50][iter_time:133.75]
2024-08-24 09:25:49.187 | INFO     | DCDH:train:240 - [iter:40/50][code_length:64][mAP:0.82563][mAP_all:0.82409][best_mAP:0.83291]
2024-08-24 09:25:49.187 | INFO     | DCDH:train:241 - [iter:40/50][code_length:64][zs_mAP:0.75333][zs_mAP_all:0.49641]
2024-08-24 09:28:02.744 | INFO     | DCDH:train:165 - [epoch:1/1][loss:0.688033]
2024-08-24 09:28:02.744 | INFO     | DCDH:train:168 - [iter:41/50][iter_time:133.56]
2024-08-24 09:36:03.300 | INFO     | DCDH:train:240 - [iter:41/50][code_length:64][mAP:0.82851][mAP_all:0.82660][best_mAP:0.83291]
2024-08-24 09:36:03.300 | INFO     | DCDH:train:241 - [iter:41/50][code_length:64][zs_mAP:0.75020][zs_mAP_all:0.50394]
2024-08-24 09:38:19.447 | INFO     | DCDH:train:165 - [epoch:1/1][loss:0.683654]
2024-08-24 09:38:19.448 | INFO     | DCDH:train:168 - [iter:42/50][iter_time:136.15]
2024-08-24 09:46:30.844 | INFO     | DCDH:train:240 - [iter:42/50][code_length:64][mAP:0.82793][mAP_all:0.82609][best_mAP:0.83291]
2024-08-24 09:46:30.845 | INFO     | DCDH:train:241 - [iter:42/50][code_length:64][zs_mAP:0.77297][zs_mAP_all:0.53503]
2024-08-24 09:49:03.491 | INFO     | DCDH:train:165 - [epoch:1/1][loss:0.665895]
2024-08-24 09:49:03.492 | INFO     | DCDH:train:168 - [iter:43/50][iter_time:152.65]
2024-08-24 09:56:58.414 | INFO     | DCDH:train:240 - [iter:43/50][code_length:64][mAP:0.83152][mAP_all:0.82975][best_mAP:0.83291]
2024-08-24 09:56:58.414 | INFO     | DCDH:train:241 - [iter:43/50][code_length:64][zs_mAP:0.77056][zs_mAP_all:0.53978]
2024-08-24 09:59:40.416 | INFO     | DCDH:train:165 - [epoch:1/1][loss:0.665276]
2024-08-24 09:59:40.417 | INFO     | DCDH:train:168 - [iter:44/50][iter_time:162.00]
2024-08-24 10:07:26.650 | INFO     | DCDH:train:240 - [iter:44/50][code_length:64][mAP:0.82931][mAP_all:0.82773][best_mAP:0.83291]
2024-08-24 10:07:26.651 | INFO     | DCDH:train:241 - [iter:44/50][code_length:64][zs_mAP:0.78419][zs_mAP_all:0.55363]
2024-08-24 10:09:23.054 | INFO     | DCDH:train:165 - [epoch:1/1][loss:0.664621]
2024-08-24 10:09:23.054 | INFO     | DCDH:train:168 - [iter:45/50][iter_time:116.40]
2024-08-24 10:17:25.369 | INFO     | DCDH:train:240 - [iter:45/50][code_length:64][mAP:0.83652][mAP_all:0.83491][best_mAP:0.83652]
2024-08-24 10:17:25.370 | INFO     | DCDH:train:241 - [iter:45/50][code_length:64][zs_mAP:0.75337][zs_mAP_all:0.51196]
2024-08-24 10:20:06.040 | INFO     | DCDH:train:165 - [epoch:1/1][loss:0.635759]
2024-08-24 10:20:06.040 | INFO     | DCDH:train:168 - [iter:46/50][iter_time:160.67]
2024-08-24 10:28:04.849 | INFO     | DCDH:train:240 - [iter:46/50][code_length:64][mAP:0.84074][mAP_all:0.83911][best_mAP:0.84074]
2024-08-24 10:28:04.850 | INFO     | DCDH:train:241 - [iter:46/50][code_length:64][zs_mAP:0.75829][zs_mAP_all:0.52182]
2024-08-24 10:30:43.624 | INFO     | DCDH:train:165 - [epoch:1/1][loss:0.626632]
2024-08-24 10:30:43.624 | INFO     | DCDH:train:168 - [iter:47/50][iter_time:158.77]
2024-08-24 10:38:55.307 | INFO     | DCDH:train:240 - [iter:47/50][code_length:64][mAP:0.84120][mAP_all:0.83957][best_mAP:0.84120]
2024-08-24 10:38:55.307 | INFO     | DCDH:train:241 - [iter:47/50][code_length:64][zs_mAP:0.76455][zs_mAP_all:0.53248]
2024-08-24 10:41:25.295 | INFO     | DCDH:train:165 - [epoch:1/1][loss:0.611710]
2024-08-24 10:41:25.296 | INFO     | DCDH:train:168 - [iter:48/50][iter_time:149.99]
2024-08-24 10:49:33.227 | INFO     | DCDH:train:240 - [iter:48/50][code_length:64][mAP:0.84271][mAP_all:0.84115][best_mAP:0.84271]
2024-08-24 10:49:33.227 | INFO     | DCDH:train:241 - [iter:48/50][code_length:64][zs_mAP:0.76777][zs_mAP_all:0.53114]
2024-08-24 10:52:09.418 | INFO     | DCDH:train:165 - [epoch:1/1][loss:0.595373]
2024-08-24 10:52:09.419 | INFO     | DCDH:train:168 - [iter:49/50][iter_time:156.19]
2024-08-24 11:00:04.654 | INFO     | DCDH:train:240 - [iter:49/50][code_length:64][mAP:0.84227][mAP_all:0.84066][best_mAP:0.84271]
2024-08-24 11:00:04.655 | INFO     | DCDH:train:241 - [iter:49/50][code_length:64][zs_mAP:0.77224][zs_mAP_all:0.52537]
2024-08-24 11:02:37.803 | INFO     | DCDH:train:165 - [epoch:1/1][loss:0.593486]
2024-08-24 11:02:37.803 | INFO     | DCDH:train:168 - [iter:50/50][iter_time:153.15]
2024-08-24 11:10:45.843 | INFO     | DCDH:train:240 - [iter:50/50][code_length:64][mAP:0.84570][mAP_all:0.84406][best_mAP:0.84570]
2024-08-24 11:10:45.844 | INFO     | DCDH:train:241 - [iter:50/50][code_length:64][zs_mAP:0.77731][zs_mAP_all:0.54393]
2024-08-24 11:10:45.844 | INFO     | DCDH:train:244 - [Training time:20858.02]
2024-08-24 11:10:45.853 | INFO     | __main__:run:135 - [code_length:64][map:0.8457][map_all:0.8441][zs_map:0.7773][zs_map_all:0.5439]
