2023-11-14 12:33:59.759 | SUCCESS  | __main__:run:50 - Namespace(align_step=50, arch='psldh', batch_size=16, cauchy_gamma=20.0, code_length=[16, 32, 64], dataset='imagenetzs', device=device(type='cuda', index=0), epoch_change=11, gamma=200, gpu=0, info='imagenetzs-15-85-psldh-11-14-16,32,64', lambd=0.1, lambd_ch=0.1, lambd_sp=0.1, lr=0.001, lr_step=[45], margin=0.1, max_epoch=1, max_iter=50, momen=0.9, nesterov=False, net='ResNet50', num_classes=85, num_query=1000, num_samples=11050, num_workers=2, num_zs=15, optim='SGD', pretrain=True, quan_loss=False, root='/4T/ImageNet/ILSVRC', save_ckpt='checkpoints/', topk=1000, val_freq=5, wd=0.0001)
2023-11-14 12:37:15.439 | INFO     | psldh:train:161 - [epoch:1/1][loss:4.178542][loss_e:4.139738][loss_r:3.880382]
2023-11-14 12:37:15.440 | INFO     | psldh:train:166 - [iter:1/50][iter_time:168.75]
2023-11-14 12:40:05.810 | INFO     | psldh:train:161 - [epoch:1/1][loss:3.486588][loss_e:3.468465][loss_r:1.812301]
2023-11-14 12:40:05.811 | INFO     | psldh:train:166 - [iter:2/50][iter_time:170.37]
2023-11-14 12:42:57.650 | INFO     | psldh:train:161 - [epoch:1/1][loss:3.293894][loss_e:3.280869][loss_r:1.302520]
2023-11-14 12:42:57.651 | INFO     | psldh:train:166 - [iter:3/50][iter_time:171.84]
2023-11-14 12:45:50.821 | INFO     | psldh:train:161 - [epoch:1/1][loss:3.185193][loss_e:3.174517][loss_r:1.067586]
2023-11-14 12:45:50.822 | INFO     | psldh:train:166 - [iter:4/50][iter_time:173.17]
2023-11-14 12:48:32.955 | INFO     | psldh:train:161 - [epoch:1/1][loss:3.130093][loss_e:3.120815][loss_r:0.927806]
2023-11-14 12:48:32.956 | INFO     | psldh:train:166 - [iter:5/50][iter_time:162.13]
2023-11-14 12:58:14.550 | INFO     | psldh:train:236 - [iter:5/50][code_length:16][mAP:0.79817][mAP_all:0.79170][best_mAP:0.79817]
2023-11-14 12:58:14.551 | INFO     | psldh:train:237 - [iter:5/50][code_length:16][zs_mAP:0.40220][zs_mAP_all:0.20403]
2023-11-14 13:00:51.607 | INFO     | psldh:train:161 - [epoch:1/1][loss:3.079979][loss_e:3.071576][loss_r:0.840298]
2023-11-14 13:00:51.608 | INFO     | psldh:train:166 - [iter:6/50][iter_time:157.06]
2023-11-14 13:03:36.403 | INFO     | psldh:train:161 - [epoch:1/1][loss:3.048904][loss_e:3.040927][loss_r:0.797697]
2023-11-14 13:03:36.404 | INFO     | psldh:train:166 - [iter:7/50][iter_time:164.80]
2023-11-14 13:06:26.766 | INFO     | psldh:train:161 - [epoch:1/1][loss:3.019879][loss_e:3.012522][loss_r:0.735679]
2023-11-14 13:06:26.767 | INFO     | psldh:train:166 - [iter:8/50][iter_time:170.36]
2023-11-14 13:09:18.711 | INFO     | psldh:train:161 - [epoch:1/1][loss:3.009752][loss_e:3.002434][loss_r:0.731745]
2023-11-14 13:09:18.712 | INFO     | psldh:train:166 - [iter:9/50][iter_time:171.95]
2023-11-14 13:12:00.571 | INFO     | psldh:train:161 - [epoch:1/1][loss:2.978338][loss_e:2.971562][loss_r:0.677644]
2023-11-14 13:12:00.571 | INFO     | psldh:train:166 - [iter:10/50][iter_time:161.86]
2023-11-14 13:21:42.567 | INFO     | psldh:train:236 - [iter:10/50][code_length:16][mAP:0.81140][mAP_all:0.80725][best_mAP:0.81140]
2023-11-14 13:21:42.568 | INFO     | psldh:train:237 - [iter:10/50][code_length:16][zs_mAP:0.36734][zs_mAP_all:0.18921]
2023-11-14 13:24:21.920 | INFO     | psldh:train:161 - [epoch:1/1][loss:2.960007][loss_e:2.953607][loss_r:0.640006]
2023-11-14 13:24:21.921 | INFO     | psldh:train:166 - [iter:11/50][iter_time:159.35]
2023-11-14 13:26:59.265 | INFO     | psldh:train:161 - [epoch:1/1][loss:2.959318][loss_e:2.952934][loss_r:0.638384]
2023-11-14 13:26:59.265 | INFO     | psldh:train:166 - [iter:12/50][iter_time:157.34]
2023-11-14 13:29:44.791 | INFO     | psldh:train:161 - [epoch:1/1][loss:2.943553][loss_e:2.937233][loss_r:0.632039]
2023-11-14 13:29:44.792 | INFO     | psldh:train:166 - [iter:13/50][iter_time:165.53]
2023-11-14 13:32:36.639 | INFO     | psldh:train:161 - [epoch:1/1][loss:2.931889][loss_e:2.925840][loss_r:0.604905]
2023-11-14 13:32:36.640 | INFO     | psldh:train:166 - [iter:14/50][iter_time:171.85]
2023-11-14 13:35:23.365 | INFO     | psldh:train:161 - [epoch:1/1][loss:2.912078][loss_e:2.906264][loss_r:0.581414]
2023-11-14 13:35:23.366 | INFO     | psldh:train:166 - [iter:15/50][iter_time:166.73]
2023-11-14 13:44:59.430 | INFO     | psldh:train:236 - [iter:15/50][code_length:16][mAP:0.80731][mAP_all:0.80399][best_mAP:0.81140]
2023-11-14 13:44:59.431 | INFO     | psldh:train:237 - [iter:15/50][code_length:16][zs_mAP:0.36799][zs_mAP_all:0.16885]
2023-11-14 13:47:35.989 | INFO     | psldh:train:161 - [epoch:1/1][loss:2.921212][loss_e:2.915446][loss_r:0.576566]
2023-11-14 13:47:35.990 | INFO     | psldh:train:166 - [iter:16/50][iter_time:156.56]
2023-11-14 13:50:15.140 | INFO     | psldh:train:161 - [epoch:1/1][loss:2.903088][loss_e:2.897604][loss_r:0.548465]
2023-11-14 13:50:15.141 | INFO     | psldh:train:166 - [iter:17/50][iter_time:159.15]
2023-11-14 13:52:56.267 | INFO     | psldh:train:161 - [epoch:1/1][loss:2.897737][loss_e:2.892219][loss_r:0.551791]
2023-11-14 13:52:56.268 | INFO     | psldh:train:166 - [iter:18/50][iter_time:161.13]
2023-11-14 13:55:36.908 | INFO     | psldh:train:161 - [epoch:1/1][loss:2.893017][loss_e:2.887583][loss_r:0.543373]
2023-11-14 13:55:36.909 | INFO     | psldh:train:166 - [iter:19/50][iter_time:160.64]
2023-11-14 13:58:28.805 | INFO     | psldh:train:161 - [epoch:1/1][loss:2.879358][loss_e:2.874162][loss_r:0.519630]
2023-11-14 13:58:28.806 | INFO     | psldh:train:166 - [iter:20/50][iter_time:171.90]
2023-11-14 14:08:30.739 | INFO     | psldh:train:236 - [iter:20/50][code_length:16][mAP:0.79258][mAP_all:0.78922][best_mAP:0.81140]
2023-11-14 14:08:30.740 | INFO     | psldh:train:237 - [iter:20/50][code_length:16][zs_mAP:0.34418][zs_mAP_all:0.14187]
2023-11-14 14:11:14.649 | INFO     | psldh:train:161 - [epoch:1/1][loss:2.882126][loss_e:2.876938][loss_r:0.518783]
2023-11-14 14:11:14.650 | INFO     | psldh:train:166 - [iter:21/50][iter_time:163.91]
2023-11-14 14:13:53.544 | INFO     | psldh:train:161 - [epoch:1/1][loss:2.866383][loss_e:2.861155][loss_r:0.522881]
2023-11-14 14:13:53.546 | INFO     | psldh:train:166 - [iter:22/50][iter_time:158.90]
2023-11-14 14:16:33.542 | INFO     | psldh:train:161 - [epoch:1/1][loss:2.850086][loss_e:2.845119][loss_r:0.496671]
2023-11-14 14:16:33.543 | INFO     | psldh:train:166 - [iter:23/50][iter_time:160.00]
2023-11-14 14:19:13.672 | INFO     | psldh:train:161 - [epoch:1/1][loss:2.857439][loss_e:2.852400][loss_r:0.503905]
2023-11-14 14:19:13.673 | INFO     | psldh:train:166 - [iter:24/50][iter_time:160.13]
2023-11-14 14:21:54.632 | INFO     | psldh:train:161 - [epoch:1/1][loss:2.858653][loss_e:2.853668][loss_r:0.498449]
2023-11-14 14:21:54.633 | INFO     | psldh:train:166 - [iter:25/50][iter_time:160.96]
2023-11-14 14:32:14.748 | INFO     | psldh:train:236 - [iter:25/50][code_length:16][mAP:0.79335][mAP_all:0.78940][best_mAP:0.81140]
2023-11-14 14:32:14.749 | INFO     | psldh:train:237 - [iter:25/50][code_length:16][zs_mAP:0.33042][zs_mAP_all:0.13758]
2023-11-14 14:35:08.930 | INFO     | psldh:train:161 - [epoch:1/1][loss:2.851078][loss_e:2.846245][loss_r:0.483269]
2023-11-14 14:35:08.931 | INFO     | psldh:train:166 - [iter:26/50][iter_time:174.18]
2023-11-14 14:37:52.802 | INFO     | psldh:train:161 - [epoch:1/1][loss:2.836552][loss_e:2.831929][loss_r:0.462270]
2023-11-14 14:37:52.803 | INFO     | psldh:train:166 - [iter:27/50][iter_time:163.87]
2023-11-14 14:40:31.984 | INFO     | psldh:train:161 - [epoch:1/1][loss:2.826725][loss_e:2.822115][loss_r:0.460976]
2023-11-14 14:40:31.985 | INFO     | psldh:train:166 - [iter:28/50][iter_time:159.18]
2023-11-14 14:43:09.526 | INFO     | psldh:train:161 - [epoch:1/1][loss:2.822491][loss_e:2.817974][loss_r:0.451696]
2023-11-14 14:43:09.527 | INFO     | psldh:train:166 - [iter:29/50][iter_time:157.54]
2023-11-14 14:45:41.638 | INFO     | psldh:train:161 - [epoch:1/1][loss:2.816758][loss_e:2.812223][loss_r:0.453530]
2023-11-14 14:45:41.639 | INFO     | psldh:train:166 - [iter:30/50][iter_time:152.11]
2023-11-14 14:56:02.418 | INFO     | psldh:train:236 - [iter:30/50][code_length:16][mAP:0.78636][mAP_all:0.78405][best_mAP:0.81140]
2023-11-14 14:56:02.419 | INFO     | psldh:train:237 - [iter:30/50][code_length:16][zs_mAP:0.33267][zs_mAP_all:0.13001]
2023-11-14 14:58:56.672 | INFO     | psldh:train:161 - [epoch:1/1][loss:2.826599][loss_e:2.822100][loss_r:0.449899]
2023-11-14 14:58:56.673 | INFO     | psldh:train:166 - [iter:31/50][iter_time:174.25]
2023-11-14 15:01:53.213 | INFO     | psldh:train:161 - [epoch:1/1][loss:2.806697][loss_e:2.802346][loss_r:0.435124]
2023-11-14 15:01:53.214 | INFO     | psldh:train:166 - [iter:32/50][iter_time:176.54]
2023-11-14 15:04:33.577 | INFO     | psldh:train:161 - [epoch:1/1][loss:2.811340][loss_e:2.806963][loss_r:0.437717]
2023-11-14 15:04:33.577 | INFO     | psldh:train:166 - [iter:33/50][iter_time:160.36]
2023-11-14 15:07:14.335 | INFO     | psldh:train:161 - [epoch:1/1][loss:2.808031][loss_e:2.803761][loss_r:0.427003]
2023-11-14 15:07:14.336 | INFO     | psldh:train:166 - [iter:34/50][iter_time:160.76]
2023-11-14 15:09:44.049 | INFO     | psldh:train:161 - [epoch:1/1][loss:2.795200][loss_e:2.790957][loss_r:0.424240]
2023-11-14 15:09:44.050 | INFO     | psldh:train:166 - [iter:35/50][iter_time:149.71]
2023-11-14 15:19:59.426 | INFO     | psldh:train:236 - [iter:35/50][code_length:16][mAP:0.78219][mAP_all:0.77984][best_mAP:0.81140]
2023-11-14 15:19:59.427 | INFO     | psldh:train:237 - [iter:35/50][code_length:16][zs_mAP:0.32682][zs_mAP_all:0.13243]
2023-11-14 15:22:45.793 | INFO     | psldh:train:161 - [epoch:1/1][loss:2.789632][loss_e:2.785358][loss_r:0.427464]
2023-11-14 15:22:45.794 | INFO     | psldh:train:166 - [iter:36/50][iter_time:166.37]
2023-11-14 15:32:57.688 | INFO     | psldh:train:236 - [iter:36/50][code_length:16][mAP:0.78147][mAP_all:0.77857][best_mAP:0.81140]
2023-11-14 15:32:57.689 | INFO     | psldh:train:237 - [iter:36/50][code_length:16][zs_mAP:0.32840][zs_mAP_all:0.14198]
2023-11-14 15:35:23.279 | INFO     | psldh:train:161 - [epoch:1/1][loss:2.812482][loss_e:2.808176][loss_r:0.430596]
2023-11-14 15:35:23.280 | INFO     | psldh:train:166 - [iter:37/50][iter_time:145.59]
2023-11-14 15:45:25.811 | INFO     | psldh:train:236 - [iter:37/50][code_length:16][mAP:0.77112][mAP_all:0.76847][best_mAP:0.81140]
2023-11-14 15:45:25.812 | INFO     | psldh:train:237 - [iter:37/50][code_length:16][zs_mAP:0.32123][zs_mAP_all:0.12131]
2023-11-14 15:47:50.196 | INFO     | psldh:train:161 - [epoch:1/1][loss:2.784418][loss_e:2.780231][loss_r:0.418709]
2023-11-14 15:47:50.197 | INFO     | psldh:train:166 - [iter:38/50][iter_time:144.39]
2023-11-14 15:57:36.749 | INFO     | psldh:train:236 - [iter:38/50][code_length:16][mAP:0.78938][mAP_all:0.78709][best_mAP:0.81140]
2023-11-14 15:57:36.749 | INFO     | psldh:train:237 - [iter:38/50][code_length:16][zs_mAP:0.31964][zs_mAP_all:0.14295]
2023-11-14 16:00:06.266 | INFO     | psldh:train:161 - [epoch:1/1][loss:2.785663][loss_e:2.781470][loss_r:0.419293]
2023-11-14 16:00:06.267 | INFO     | psldh:train:166 - [iter:39/50][iter_time:149.52]
2023-11-14 16:09:52.461 | INFO     | psldh:train:236 - [iter:39/50][code_length:16][mAP:0.78401][mAP_all:0.78127][best_mAP:0.81140]
2023-11-14 16:09:52.461 | INFO     | psldh:train:237 - [iter:39/50][code_length:16][zs_mAP:0.31084][zs_mAP_all:0.12949]
2023-11-14 16:12:20.698 | INFO     | psldh:train:161 - [epoch:1/1][loss:2.791023][loss_e:2.786994][loss_r:0.402819]
2023-11-14 16:12:20.698 | INFO     | psldh:train:166 - [iter:40/50][iter_time:148.24]
2023-11-14 16:22:08.987 | INFO     | psldh:train:236 - [iter:40/50][code_length:16][mAP:0.78420][mAP_all:0.78162][best_mAP:0.81140]
2023-11-14 16:22:08.987 | INFO     | psldh:train:237 - [iter:40/50][code_length:16][zs_mAP:0.31381][zs_mAP_all:0.11225]
2023-11-14 16:24:39.888 | INFO     | psldh:train:161 - [epoch:1/1][loss:2.793993][loss_e:2.789711][loss_r:0.428184]
2023-11-14 16:24:39.889 | INFO     | psldh:train:166 - [iter:41/50][iter_time:150.90]
2023-11-14 16:34:39.318 | INFO     | psldh:train:236 - [iter:41/50][code_length:16][mAP:0.77273][mAP_all:0.77059][best_mAP:0.81140]
2023-11-14 16:34:39.319 | INFO     | psldh:train:237 - [iter:41/50][code_length:16][zs_mAP:0.32901][zs_mAP_all:0.13302]
2023-11-14 16:37:05.871 | INFO     | psldh:train:161 - [epoch:1/1][loss:2.775530][loss_e:2.771611][loss_r:0.391829]
2023-11-14 16:37:05.871 | INFO     | psldh:train:166 - [iter:42/50][iter_time:146.55]
2023-11-14 16:46:59.998 | INFO     | psldh:train:236 - [iter:42/50][code_length:16][mAP:0.77536][mAP_all:0.77309][best_mAP:0.81140]
2023-11-14 16:46:59.998 | INFO     | psldh:train:237 - [iter:42/50][code_length:16][zs_mAP:0.33762][zs_mAP_all:0.12347]
2023-11-14 16:49:26.244 | INFO     | psldh:train:161 - [epoch:1/1][loss:2.775953][loss_e:2.771941][loss_r:0.401178]
2023-11-14 16:49:26.245 | INFO     | psldh:train:166 - [iter:43/50][iter_time:146.25]
2023-11-14 16:59:13.926 | INFO     | psldh:train:236 - [iter:43/50][code_length:16][mAP:0.78013][mAP_all:0.77778][best_mAP:0.81140]
2023-11-14 16:59:13.927 | INFO     | psldh:train:237 - [iter:43/50][code_length:16][zs_mAP:0.31642][zs_mAP_all:0.11383]
2023-11-14 17:01:45.966 | INFO     | psldh:train:161 - [epoch:1/1][loss:2.768148][loss_e:2.764212][loss_r:0.393571]
2023-11-14 17:01:45.968 | INFO     | psldh:train:166 - [iter:44/50][iter_time:152.04]
2023-11-14 17:11:36.339 | INFO     | psldh:train:236 - [iter:44/50][code_length:16][mAP:0.77887][mAP_all:0.77690][best_mAP:0.81140]
2023-11-14 17:11:36.339 | INFO     | psldh:train:237 - [iter:44/50][code_length:16][zs_mAP:0.34648][zs_mAP_all:0.13351]
2023-11-14 17:14:07.716 | INFO     | psldh:train:161 - [epoch:1/1][loss:2.774917][loss_e:2.770955][loss_r:0.396116]
2023-11-14 17:14:07.717 | INFO     | psldh:train:166 - [iter:45/50][iter_time:151.38]
2023-11-14 17:23:54.519 | INFO     | psldh:train:236 - [iter:45/50][code_length:16][mAP:0.78050][mAP_all:0.77829][best_mAP:0.81140]
2023-11-14 17:23:54.520 | INFO     | psldh:train:237 - [iter:45/50][code_length:16][zs_mAP:0.31734][zs_mAP_all:0.12516]
2023-11-14 17:26:25.596 | INFO     | psldh:train:161 - [epoch:1/1][loss:2.721157][loss_e:2.717478][loss_r:0.367871]
2023-11-14 17:26:25.597 | INFO     | psldh:train:166 - [iter:46/50][iter_time:151.08]
2023-11-14 17:36:13.418 | INFO     | psldh:train:236 - [iter:46/50][code_length:16][mAP:0.79318][mAP_all:0.79113][best_mAP:0.81140]
2023-11-14 17:36:13.419 | INFO     | psldh:train:237 - [iter:46/50][code_length:16][zs_mAP:0.32690][zs_mAP_all:0.14567]
2023-11-14 17:38:44.185 | INFO     | psldh:train:161 - [epoch:1/1][loss:2.695030][loss_e:2.691596][loss_r:0.343424]
2023-11-14 17:38:44.186 | INFO     | psldh:train:166 - [iter:47/50][iter_time:150.77]
2023-11-14 17:48:32.526 | INFO     | psldh:train:236 - [iter:47/50][code_length:16][mAP:0.80062][mAP_all:0.79904][best_mAP:0.81140]
2023-11-14 17:48:32.526 | INFO     | psldh:train:237 - [iter:47/50][code_length:16][zs_mAP:0.33819][zs_mAP_all:0.13377]
2023-11-14 17:50:59.625 | INFO     | psldh:train:161 - [epoch:1/1][loss:2.684435][loss_e:2.681299][loss_r:0.313620]
2023-11-14 17:50:59.626 | INFO     | psldh:train:166 - [iter:48/50][iter_time:147.10]
2023-11-14 18:00:51.314 | INFO     | psldh:train:236 - [iter:48/50][code_length:16][mAP:0.80693][mAP_all:0.80492][best_mAP:0.81140]
2023-11-14 18:00:51.315 | INFO     | psldh:train:237 - [iter:48/50][code_length:16][zs_mAP:0.33543][zs_mAP_all:0.13869]
2023-11-14 18:03:21.658 | INFO     | psldh:train:161 - [epoch:1/1][loss:2.676411][loss_e:2.673277][loss_r:0.313399]
2023-11-14 18:03:21.659 | INFO     | psldh:train:166 - [iter:49/50][iter_time:150.34]
2023-11-14 18:13:12.863 | INFO     | psldh:train:236 - [iter:49/50][code_length:16][mAP:0.80564][mAP_all:0.80360][best_mAP:0.81140]
2023-11-14 18:13:12.864 | INFO     | psldh:train:237 - [iter:49/50][code_length:16][zs_mAP:0.34066][zs_mAP_all:0.12441]
2023-11-14 18:15:43.281 | INFO     | psldh:train:161 - [epoch:1/1][loss:2.667434][loss_e:2.664411][loss_r:0.302325]
2023-11-14 18:15:43.282 | INFO     | psldh:train:166 - [iter:50/50][iter_time:150.42]
2023-11-14 18:25:47.059 | INFO     | psldh:train:236 - [iter:50/50][code_length:16][mAP:0.80987][mAP_all:0.80787][best_mAP:0.81140]
2023-11-14 18:25:47.060 | INFO     | psldh:train:237 - [iter:50/50][code_length:16][zs_mAP:0.33840][zs_mAP_all:0.14660]
2023-11-14 18:25:47.060 | INFO     | psldh:train:240 - [Training time:21080.37]
2023-11-14 18:25:47.070 | INFO     | __main__:run:126 - [code_length:16][map:0.8114][map_all:0.8072][zs_map:0.3673][zs_map_all:0.1892]
2023-11-14 18:28:25.605 | INFO     | psldh:train:161 - [epoch:1/1][loss:3.927877][loss_e:3.850194][loss_r:7.768318]
2023-11-14 18:28:25.606 | INFO     | psldh:train:166 - [iter:1/50][iter_time:157.34]
2023-11-14 18:31:03.218 | INFO     | psldh:train:161 - [epoch:1/1][loss:2.689257][loss_e:2.649734][loss_r:3.952362]
2023-11-14 18:31:03.219 | INFO     | psldh:train:166 - [iter:2/50][iter_time:157.61]
2023-11-14 18:33:40.375 | INFO     | psldh:train:161 - [epoch:1/1][loss:2.378921][loss_e:2.348376][loss_r:3.054548]
2023-11-14 18:33:40.375 | INFO     | psldh:train:166 - [iter:3/50][iter_time:157.16]
2023-11-14 18:36:18.801 | INFO     | psldh:train:161 - [epoch:1/1][loss:2.228079][loss_e:2.202031][loss_r:2.604792]
2023-11-14 18:36:18.802 | INFO     | psldh:train:166 - [iter:4/50][iter_time:158.43]
2023-11-14 18:39:01.285 | INFO     | psldh:train:161 - [epoch:1/1][loss:2.166283][loss_e:2.142558][loss_r:2.372520]
2023-11-14 18:39:01.285 | INFO     | psldh:train:166 - [iter:5/50][iter_time:162.48]
2023-11-14 18:48:56.964 | INFO     | psldh:train:236 - [iter:5/50][code_length:32][mAP:0.82352][mAP_all:0.81681][best_mAP:0.82352]
2023-11-14 18:48:56.965 | INFO     | psldh:train:237 - [iter:5/50][code_length:32][zs_mAP:0.41557][zs_mAP_all:0.24859]
2023-11-14 18:51:47.339 | INFO     | psldh:train:161 - [epoch:1/1][loss:2.104907][loss_e:2.082904][loss_r:2.200237]
2023-11-14 18:51:47.340 | INFO     | psldh:train:166 - [iter:6/50][iter_time:170.37]
2023-11-14 18:54:43.037 | INFO     | psldh:train:161 - [epoch:1/1][loss:2.061692][loss_e:2.040724][loss_r:2.096797]
2023-11-14 18:54:43.038 | INFO     | psldh:train:166 - [iter:7/50][iter_time:175.70]
2023-11-14 18:57:37.421 | INFO     | psldh:train:161 - [epoch:1/1][loss:2.011385][loss_e:1.991397][loss_r:1.998768]
2023-11-14 18:57:37.422 | INFO     | psldh:train:166 - [iter:8/50][iter_time:174.38]
2023-11-14 19:00:33.077 | INFO     | psldh:train:161 - [epoch:1/1][loss:1.988939][loss_e:1.969867][loss_r:1.907143]
2023-11-14 19:00:33.078 | INFO     | psldh:train:166 - [iter:9/50][iter_time:175.65]
2023-11-14 19:03:18.508 | INFO     | psldh:train:161 - [epoch:1/1][loss:1.935077][loss_e:1.916752][loss_r:1.832466]
2023-11-14 19:03:18.509 | INFO     | psldh:train:166 - [iter:10/50][iter_time:165.43]
2023-11-14 19:13:18.300 | INFO     | psldh:train:236 - [iter:10/50][code_length:32][mAP:0.80551][mAP_all:0.80057][best_mAP:0.82352]
2023-11-14 19:13:18.301 | INFO     | psldh:train:237 - [iter:10/50][code_length:32][zs_mAP:0.38949][zs_mAP_all:0.19385]
2023-11-14 19:15:56.140 | INFO     | psldh:train:161 - [epoch:1/1][loss:1.894927][loss_e:1.877494][loss_r:1.743258]
2023-11-14 19:15:56.141 | INFO     | psldh:train:166 - [iter:11/50][iter_time:157.84]
2023-11-14 19:18:47.815 | INFO     | psldh:train:161 - [epoch:1/1][loss:1.924836][loss_e:1.907251][loss_r:1.758566]
2023-11-14 19:18:47.816 | INFO     | psldh:train:166 - [iter:12/50][iter_time:171.67]
2023-11-14 19:21:43.012 | INFO     | psldh:train:161 - [epoch:1/1][loss:1.879656][loss_e:1.862812][loss_r:1.684441]
2023-11-14 19:21:43.013 | INFO     | psldh:train:166 - [iter:13/50][iter_time:175.20]
2023-11-14 19:24:36.961 | INFO     | psldh:train:161 - [epoch:1/1][loss:1.847526][loss_e:1.831098][loss_r:1.642852]
2023-11-14 19:24:36.962 | INFO     | psldh:train:166 - [iter:14/50][iter_time:173.95]
2023-11-14 19:27:17.190 | INFO     | psldh:train:161 - [epoch:1/1][loss:1.852835][loss_e:1.836605][loss_r:1.622984]
2023-11-14 19:27:17.191 | INFO     | psldh:train:166 - [iter:15/50][iter_time:160.23]
2023-11-14 19:37:20.034 | INFO     | psldh:train:236 - [iter:15/50][code_length:32][mAP:0.78576][mAP_all:0.78066][best_mAP:0.82352]
2023-11-14 19:37:20.035 | INFO     | psldh:train:237 - [iter:15/50][code_length:32][zs_mAP:0.35824][zs_mAP_all:0.19244]
2023-11-14 19:39:59.030 | INFO     | psldh:train:161 - [epoch:1/1][loss:1.838719][loss_e:1.822938][loss_r:1.578128]
2023-11-14 19:39:59.032 | INFO     | psldh:train:166 - [iter:16/50][iter_time:159.00]
2023-11-14 19:42:40.006 | INFO     | psldh:train:161 - [epoch:1/1][loss:1.817456][loss_e:1.801965][loss_r:1.549174]
2023-11-14 19:42:40.007 | INFO     | psldh:train:166 - [iter:17/50][iter_time:160.98]
2023-11-14 19:45:32.931 | INFO     | psldh:train:161 - [epoch:1/1][loss:1.829908][loss_e:1.814370][loss_r:1.553830]
2023-11-14 19:45:32.933 | INFO     | psldh:train:166 - [iter:18/50][iter_time:172.92]
2023-11-14 19:48:29.849 | INFO     | psldh:train:161 - [epoch:1/1][loss:1.787735][loss_e:1.772809][loss_r:1.492656]
2023-11-14 19:48:29.850 | INFO     | psldh:train:166 - [iter:19/50][iter_time:176.92]
2023-11-14 19:51:10.391 | INFO     | psldh:train:161 - [epoch:1/1][loss:1.774668][loss_e:1.760032][loss_r:1.463596]
2023-11-14 19:51:10.392 | INFO     | psldh:train:166 - [iter:20/50][iter_time:160.54]
2023-11-14 20:01:01.257 | INFO     | psldh:train:236 - [iter:20/50][code_length:32][mAP:0.79297][mAP_all:0.78860][best_mAP:0.82352]
2023-11-14 20:01:01.257 | INFO     | psldh:train:237 - [iter:20/50][code_length:32][zs_mAP:0.35091][zs_mAP_all:0.17695]
2023-11-14 20:03:40.802 | INFO     | psldh:train:161 - [epoch:1/1][loss:1.767380][loss_e:1.752714][loss_r:1.466633]
2023-11-14 20:03:40.803 | INFO     | psldh:train:166 - [iter:21/50][iter_time:159.55]
2023-11-14 20:06:18.909 | INFO     | psldh:train:161 - [epoch:1/1][loss:1.742186][loss_e:1.727697][loss_r:1.448908]
2023-11-14 20:06:18.910 | INFO     | psldh:train:166 - [iter:22/50][iter_time:158.11]
2023-11-14 20:08:56.348 | INFO     | psldh:train:161 - [epoch:1/1][loss:1.741638][loss_e:1.727358][loss_r:1.428002]
2023-11-14 20:08:56.349 | INFO     | psldh:train:166 - [iter:23/50][iter_time:157.44]
2023-11-14 20:11:46.012 | INFO     | psldh:train:161 - [epoch:1/1][loss:1.722980][loss_e:1.708955][loss_r:1.402479]
2023-11-14 20:11:46.013 | INFO     | psldh:train:166 - [iter:24/50][iter_time:169.66]
2023-11-14 20:14:25.217 | INFO     | psldh:train:161 - [epoch:1/1][loss:1.752067][loss_e:1.737924][loss_r:1.414262]
2023-11-14 20:14:25.218 | INFO     | psldh:train:166 - [iter:25/50][iter_time:159.20]
2023-11-14 20:24:48.653 | INFO     | psldh:train:236 - [iter:25/50][code_length:32][mAP:0.79884][mAP_all:0.79429][best_mAP:0.82352]
2023-11-14 20:24:48.654 | INFO     | psldh:train:237 - [iter:25/50][code_length:32][zs_mAP:0.33714][zs_mAP_all:0.17334]
2023-11-14 20:27:26.606 | INFO     | psldh:train:161 - [epoch:1/1][loss:1.712683][loss_e:1.698798][loss_r:1.388492]
2023-11-14 20:27:26.608 | INFO     | psldh:train:166 - [iter:26/50][iter_time:157.95]
2023-11-14 20:30:06.223 | INFO     | psldh:train:161 - [epoch:1/1][loss:1.678331][loss_e:1.665180][loss_r:1.315168]
2023-11-14 20:30:06.224 | INFO     | psldh:train:166 - [iter:27/50][iter_time:159.62]
2023-11-14 20:32:43.699 | INFO     | psldh:train:161 - [epoch:1/1][loss:1.643053][loss_e:1.630280][loss_r:1.277242]
2023-11-14 20:32:43.701 | INFO     | psldh:train:166 - [iter:28/50][iter_time:157.48]
2023-11-14 20:35:26.143 | INFO     | psldh:train:161 - [epoch:1/1][loss:1.649704][loss_e:1.636959][loss_r:1.274521]
2023-11-14 20:35:26.144 | INFO     | psldh:train:166 - [iter:29/50][iter_time:162.44]
2023-11-14 20:38:06.354 | INFO     | psldh:train:161 - [epoch:1/1][loss:1.662106][loss_e:1.649302][loss_r:1.280457]
2023-11-14 20:38:06.355 | INFO     | psldh:train:166 - [iter:30/50][iter_time:160.21]
2023-11-14 20:48:15.993 | INFO     | psldh:train:236 - [iter:30/50][code_length:32][mAP:0.77631][mAP_all:0.77244][best_mAP:0.82352]
2023-11-14 20:48:15.993 | INFO     | psldh:train:237 - [iter:30/50][code_length:32][zs_mAP:0.33194][zs_mAP_all:0.16631]
2023-11-14 20:51:06.297 | INFO     | psldh:train:161 - [epoch:1/1][loss:1.652474][loss_e:1.639862][loss_r:1.261239]
2023-11-14 20:51:06.298 | INFO     | psldh:train:166 - [iter:31/50][iter_time:170.30]
2023-11-14 20:53:48.247 | INFO     | psldh:train:161 - [epoch:1/1][loss:1.642585][loss_e:1.629683][loss_r:1.290172]
2023-11-14 20:53:48.248 | INFO     | psldh:train:166 - [iter:32/50][iter_time:161.95]
2023-11-14 20:56:30.287 | INFO     | psldh:train:161 - [epoch:1/1][loss:1.641299][loss_e:1.628892][loss_r:1.240679]
2023-11-14 20:56:30.288 | INFO     | psldh:train:166 - [iter:33/50][iter_time:162.04]
2023-11-14 20:59:09.659 | INFO     | psldh:train:161 - [epoch:1/1][loss:1.640638][loss_e:1.628220][loss_r:1.241771]
2023-11-14 20:59:09.660 | INFO     | psldh:train:166 - [iter:34/50][iter_time:159.37]
2023-11-14 21:01:28.947 | INFO     | psldh:train:161 - [epoch:1/1][loss:1.616363][loss_e:1.604172][loss_r:1.219153]
2023-11-14 21:01:28.948 | INFO     | psldh:train:166 - [iter:35/50][iter_time:139.29]
2023-11-14 21:11:34.462 | INFO     | psldh:train:236 - [iter:35/50][code_length:32][mAP:0.78177][mAP_all:0.77758][best_mAP:0.82352]
2023-11-14 21:11:34.462 | INFO     | psldh:train:237 - [iter:35/50][code_length:32][zs_mAP:0.34470][zs_mAP_all:0.16002]
2023-11-14 21:14:14.928 | INFO     | psldh:train:161 - [epoch:1/1][loss:1.607173][loss_e:1.595003][loss_r:1.217029]
2023-11-14 21:14:14.929 | INFO     | psldh:train:166 - [iter:36/50][iter_time:160.47]
2023-11-14 21:24:05.012 | INFO     | psldh:train:236 - [iter:36/50][code_length:32][mAP:0.77734][mAP_all:0.77394][best_mAP:0.82352]
2023-11-14 21:24:05.013 | INFO     | psldh:train:237 - [iter:36/50][code_length:32][zs_mAP:0.34686][zs_mAP_all:0.15424]
2023-11-14 21:26:30.656 | INFO     | psldh:train:161 - [epoch:1/1][loss:1.573815][loss_e:1.562105][loss_r:1.170931]
2023-11-14 21:26:30.657 | INFO     | psldh:train:166 - [iter:37/50][iter_time:145.64]
2023-11-14 21:36:31.926 | INFO     | psldh:train:236 - [iter:37/50][code_length:32][mAP:0.76557][mAP_all:0.76175][best_mAP:0.82352]
2023-11-14 21:36:31.927 | INFO     | psldh:train:237 - [iter:37/50][code_length:32][zs_mAP:0.33896][zs_mAP_all:0.15205]
2023-11-14 21:39:15.722 | INFO     | psldh:train:161 - [epoch:1/1][loss:1.609379][loss_e:1.597077][loss_r:1.230253]
2023-11-14 21:39:15.723 | INFO     | psldh:train:166 - [iter:38/50][iter_time:163.80]
2023-11-14 21:49:07.088 | INFO     | psldh:train:236 - [iter:38/50][code_length:32][mAP:0.77206][mAP_all:0.76849][best_mAP:0.82352]
2023-11-14 21:49:07.089 | INFO     | psldh:train:237 - [iter:38/50][code_length:32][zs_mAP:0.33827][zs_mAP_all:0.15137]
2023-11-14 21:51:38.721 | INFO     | psldh:train:161 - [epoch:1/1][loss:1.576605][loss_e:1.564924][loss_r:1.168129]
2023-11-14 21:51:38.722 | INFO     | psldh:train:166 - [iter:39/50][iter_time:151.63]
2023-11-14 22:01:40.208 | INFO     | psldh:train:236 - [iter:39/50][code_length:32][mAP:0.76839][mAP_all:0.76465][best_mAP:0.82352]
2023-11-14 22:01:40.209 | INFO     | psldh:train:237 - [iter:39/50][code_length:32][zs_mAP:0.34001][zs_mAP_all:0.14423]
2023-11-14 22:04:09.932 | INFO     | psldh:train:161 - [epoch:1/1][loss:1.577644][loss_e:1.565684][loss_r:1.196020]
2023-11-14 22:04:09.933 | INFO     | psldh:train:166 - [iter:40/50][iter_time:149.72]
2023-11-14 22:14:00.008 | INFO     | psldh:train:236 - [iter:40/50][code_length:32][mAP:0.77436][mAP_all:0.77079][best_mAP:0.82352]
2023-11-14 22:14:00.009 | INFO     | psldh:train:237 - [iter:40/50][code_length:32][zs_mAP:0.35425][zs_mAP_all:0.14268]
2023-11-14 22:16:28.177 | INFO     | psldh:train:161 - [epoch:1/1][loss:1.566813][loss_e:1.554912][loss_r:1.190091]
2023-11-14 22:16:28.178 | INFO     | psldh:train:166 - [iter:41/50][iter_time:148.17]
2023-11-14 22:26:19.324 | INFO     | psldh:train:236 - [iter:41/50][code_length:32][mAP:0.77413][mAP_all:0.77044][best_mAP:0.82352]
2023-11-14 22:26:19.325 | INFO     | psldh:train:237 - [iter:41/50][code_length:32][zs_mAP:0.33402][zs_mAP_all:0.13386]
2023-11-14 22:28:48.315 | INFO     | psldh:train:161 - [epoch:1/1][loss:1.555620][loss_e:1.544195][loss_r:1.142532]
2023-11-14 22:28:48.316 | INFO     | psldh:train:166 - [iter:42/50][iter_time:148.99]
2023-11-14 22:38:38.764 | INFO     | psldh:train:236 - [iter:42/50][code_length:32][mAP:0.77979][mAP_all:0.77625][best_mAP:0.82352]
2023-11-14 22:38:38.765 | INFO     | psldh:train:237 - [iter:42/50][code_length:32][zs_mAP:0.33240][zs_mAP_all:0.14467]
2023-11-14 22:41:06.552 | INFO     | psldh:train:161 - [epoch:1/1][loss:1.551091][loss_e:1.539393][loss_r:1.169852]
2023-11-14 22:41:06.553 | INFO     | psldh:train:166 - [iter:43/50][iter_time:147.79]
2023-11-14 22:50:58.185 | INFO     | psldh:train:236 - [iter:43/50][code_length:32][mAP:0.77648][mAP_all:0.77304][best_mAP:0.82352]
2023-11-14 22:50:58.185 | INFO     | psldh:train:237 - [iter:43/50][code_length:32][zs_mAP:0.31851][zs_mAP_all:0.13466]
2023-11-14 22:53:29.710 | INFO     | psldh:train:161 - [epoch:1/1][loss:1.541850][loss_e:1.530863][loss_r:1.098706]
2023-11-14 22:53:29.711 | INFO     | psldh:train:166 - [iter:44/50][iter_time:151.53]
2023-11-14 23:03:30.940 | INFO     | psldh:train:236 - [iter:44/50][code_length:32][mAP:0.76258][mAP_all:0.75956][best_mAP:0.82352]
2023-11-14 23:03:30.940 | INFO     | psldh:train:237 - [iter:44/50][code_length:32][zs_mAP:0.33404][zs_mAP_all:0.15148]
2023-11-14 23:06:02.565 | INFO     | psldh:train:161 - [epoch:1/1][loss:1.524555][loss_e:1.513611][loss_r:1.094410]
2023-11-14 23:06:02.566 | INFO     | psldh:train:166 - [iter:45/50][iter_time:151.63]
2023-11-14 23:16:02.069 | INFO     | psldh:train:236 - [iter:45/50][code_length:32][mAP:0.76889][mAP_all:0.76562][best_mAP:0.82352]
2023-11-14 23:16:02.070 | INFO     | psldh:train:237 - [iter:45/50][code_length:32][zs_mAP:0.33803][zs_mAP_all:0.14810]
2023-11-14 23:18:30.648 | INFO     | psldh:train:161 - [epoch:1/1][loss:1.394033][loss_e:1.383930][loss_r:1.010328]
2023-11-14 23:18:30.649 | INFO     | psldh:train:166 - [iter:46/50][iter_time:148.58]
2023-11-14 23:28:20.904 | INFO     | psldh:train:236 - [iter:46/50][code_length:32][mAP:0.79650][mAP_all:0.79282][best_mAP:0.82352]
2023-11-14 23:28:20.904 | INFO     | psldh:train:237 - [iter:46/50][code_length:32][zs_mAP:0.34808][zs_mAP_all:0.17193]
2023-11-14 23:30:53.441 | INFO     | psldh:train:161 - [epoch:1/1][loss:1.333673][loss_e:1.323903][loss_r:0.977084]
2023-11-14 23:30:53.443 | INFO     | psldh:train:166 - [iter:47/50][iter_time:152.54]
2023-11-14 23:40:48.147 | INFO     | psldh:train:236 - [iter:47/50][code_length:32][mAP:0.80458][mAP_all:0.80158][best_mAP:0.82352]
2023-11-14 23:40:48.148 | INFO     | psldh:train:237 - [iter:47/50][code_length:32][zs_mAP:0.34206][zs_mAP_all:0.16551]
2023-11-14 23:43:19.024 | INFO     | psldh:train:161 - [epoch:1/1][loss:1.308280][loss_e:1.299135][loss_r:0.914551]
2023-11-14 23:43:19.025 | INFO     | psldh:train:166 - [iter:48/50][iter_time:150.88]
2023-11-14 23:53:08.479 | INFO     | psldh:train:236 - [iter:48/50][code_length:32][mAP:0.80262][mAP_all:0.80026][best_mAP:0.82352]
2023-11-14 23:53:08.480 | INFO     | psldh:train:237 - [iter:48/50][code_length:32][zs_mAP:0.34480][zs_mAP_all:0.15429]
2023-11-14 23:55:42.315 | INFO     | psldh:train:161 - [epoch:1/1][loss:1.272029][loss_e:1.263586][loss_r:0.844263]
2023-11-14 23:55:42.316 | INFO     | psldh:train:166 - [iter:49/50][iter_time:153.84]
2023-11-15 00:05:40.824 | INFO     | psldh:train:236 - [iter:49/50][code_length:32][mAP:0.80851][mAP_all:0.80550][best_mAP:0.82352]
2023-11-15 00:05:40.824 | INFO     | psldh:train:237 - [iter:49/50][code_length:32][zs_mAP:0.34505][zs_mAP_all:0.17943]
2023-11-15 00:08:13.682 | INFO     | psldh:train:161 - [epoch:1/1][loss:1.286372][loss_e:1.277787][loss_r:0.858544]
2023-11-15 00:08:13.683 | INFO     | psldh:train:166 - [iter:50/50][iter_time:152.86]
2023-11-15 00:18:20.553 | INFO     | psldh:train:236 - [iter:50/50][code_length:32][mAP:0.80898][mAP_all:0.80635][best_mAP:0.82352]
2023-11-15 00:18:20.554 | INFO     | psldh:train:237 - [iter:50/50][code_length:32][zs_mAP:0.34463][zs_mAP_all:0.16864]
2023-11-15 00:18:20.554 | INFO     | psldh:train:240 - [Training time:21152.29]
2023-11-15 00:18:20.559 | INFO     | __main__:run:126 - [code_length:32][map:0.8235][map_all:0.8168][zs_map:0.4156][zs_map_all:0.2486]
2023-11-15 00:20:59.097 | INFO     | psldh:train:161 - [epoch:1/1][loss:3.902431][loss_e:3.741797][loss_r:16.063395]
2023-11-15 00:20:59.098 | INFO     | psldh:train:166 - [iter:1/50][iter_time:157.39]
2023-11-15 00:23:37.095 | INFO     | psldh:train:161 - [epoch:1/1][loss:2.433641][loss_e:2.331281][loss_r:10.235978]
2023-11-15 00:23:37.096 | INFO     | psldh:train:166 - [iter:2/50][iter_time:158.00]
2023-11-15 00:26:26.578 | INFO     | psldh:train:161 - [epoch:1/1][loss:2.242182][loss_e:2.153947][loss_r:8.823444]
2023-11-15 00:26:26.578 | INFO     | psldh:train:166 - [iter:3/50][iter_time:169.48]
2023-11-15 00:29:13.813 | INFO     | psldh:train:161 - [epoch:1/1][loss:2.118798][loss_e:2.037873][loss_r:8.092533]
2023-11-15 00:29:13.815 | INFO     | psldh:train:166 - [iter:4/50][iter_time:167.24]
2023-11-15 00:31:43.286 | INFO     | psldh:train:161 - [epoch:1/1][loss:2.112289][loss_e:2.036086][loss_r:7.620270]
2023-11-15 00:31:43.287 | INFO     | psldh:train:166 - [iter:5/50][iter_time:149.47]
2023-11-15 00:41:46.188 | INFO     | psldh:train:236 - [iter:5/50][code_length:64][mAP:0.79451][mAP_all:0.78129][best_mAP:0.79451]
2023-11-15 00:41:46.189 | INFO     | psldh:train:237 - [iter:5/50][code_length:64][zs_mAP:0.46052][zs_mAP_all:0.23773]
2023-11-15 00:44:25.920 | INFO     | psldh:train:161 - [epoch:1/1][loss:2.015723][loss_e:1.942882][loss_r:7.284074]
2023-11-15 00:44:25.921 | INFO     | psldh:train:166 - [iter:6/50][iter_time:159.73]
2023-11-15 00:47:06.528 | INFO     | psldh:train:161 - [epoch:1/1][loss:1.950867][loss_e:1.881006][loss_r:6.986104]
2023-11-15 00:47:06.529 | INFO     | psldh:train:166 - [iter:7/50][iter_time:160.61]
2023-11-15 00:49:44.782 | INFO     | psldh:train:161 - [epoch:1/1][loss:1.889871][loss_e:1.823318][loss_r:6.655358]
2023-11-15 00:49:44.783 | INFO     | psldh:train:166 - [iter:8/50][iter_time:158.25]
2023-11-15 00:52:22.462 | INFO     | psldh:train:161 - [epoch:1/1][loss:1.860077][loss_e:1.794862][loss_r:6.521519]
2023-11-15 00:52:22.464 | INFO     | psldh:train:166 - [iter:9/50][iter_time:157.68]
2023-11-15 00:55:08.066 | INFO     | psldh:train:161 - [epoch:1/1][loss:1.877677][loss_e:1.812874][loss_r:6.480352]
2023-11-15 00:55:08.067 | INFO     | psldh:train:166 - [iter:10/50][iter_time:165.60]
2023-11-15 01:05:00.621 | INFO     | psldh:train:236 - [iter:10/50][code_length:64][mAP:0.79805][mAP_all:0.78576][best_mAP:0.79805]
2023-11-15 01:05:00.622 | INFO     | psldh:train:237 - [iter:10/50][code_length:64][zs_mAP:0.41698][zs_mAP_all:0.21243]
2023-11-15 01:07:55.832 | INFO     | psldh:train:161 - [epoch:1/1][loss:1.764052][loss_e:1.701435][loss_r:6.261690]
2023-11-15 01:07:55.833 | INFO     | psldh:train:166 - [iter:11/50][iter_time:175.21]
2023-11-15 01:10:50.685 | INFO     | psldh:train:161 - [epoch:1/1][loss:1.748252][loss_e:1.686595][loss_r:6.165679]
2023-11-15 01:10:50.685 | INFO     | psldh:train:166 - [iter:12/50][iter_time:174.85]
2023-11-15 01:13:47.711 | INFO     | psldh:train:161 - [epoch:1/1][loss:1.785078][loss_e:1.723960][loss_r:6.111841]
2023-11-15 01:13:47.711 | INFO     | psldh:train:166 - [iter:13/50][iter_time:177.03]
2023-11-15 01:16:42.853 | INFO     | psldh:train:161 - [epoch:1/1][loss:1.741117][loss_e:1.681122][loss_r:5.999492]
2023-11-15 01:16:42.854 | INFO     | psldh:train:166 - [iter:14/50][iter_time:175.14]
2023-11-15 01:19:22.288 | INFO     | psldh:train:161 - [epoch:1/1][loss:1.689021][loss_e:1.631082][loss_r:5.793878]
2023-11-15 01:19:22.289 | INFO     | psldh:train:166 - [iter:15/50][iter_time:159.43]
2023-11-15 01:29:11.566 | INFO     | psldh:train:236 - [iter:15/50][code_length:64][mAP:0.79530][mAP_all:0.78419][best_mAP:0.79805]
2023-11-15 01:29:11.567 | INFO     | psldh:train:237 - [iter:15/50][code_length:64][zs_mAP:0.41170][zs_mAP_all:0.19501]
2023-11-15 01:31:53.010 | INFO     | psldh:train:161 - [epoch:1/1][loss:1.649121][loss_e:1.592729][loss_r:5.639200]
2023-11-15 01:31:53.011 | INFO     | psldh:train:166 - [iter:16/50][iter_time:161.44]
2023-11-15 01:34:43.508 | INFO     | psldh:train:161 - [epoch:1/1][loss:1.582139][loss_e:1.526142][loss_r:5.599737]
2023-11-15 01:34:43.510 | INFO     | psldh:train:166 - [iter:17/50][iter_time:170.50]
2023-11-15 01:37:36.838 | INFO     | psldh:train:161 - [epoch:1/1][loss:1.580885][loss_e:1.525982][loss_r:5.490312]
2023-11-15 01:37:36.839 | INFO     | psldh:train:166 - [iter:18/50][iter_time:173.33]
2023-11-15 01:40:29.583 | INFO     | psldh:train:161 - [epoch:1/1][loss:1.652086][loss_e:1.597201][loss_r:5.488474]
2023-11-15 01:40:29.585 | INFO     | psldh:train:166 - [iter:19/50][iter_time:172.75]
2023-11-15 01:43:09.294 | INFO     | psldh:train:161 - [epoch:1/1][loss:1.576773][loss_e:1.522822][loss_r:5.395163]
2023-11-15 01:43:09.295 | INFO     | psldh:train:166 - [iter:20/50][iter_time:159.71]
2023-11-15 01:53:28.100 | INFO     | psldh:train:236 - [iter:20/50][code_length:64][mAP:0.79649][mAP_all:0.78543][best_mAP:0.79805]
2023-11-15 01:53:28.101 | INFO     | psldh:train:237 - [iter:20/50][code_length:64][zs_mAP:0.41819][zs_mAP_all:0.21494]
2023-11-15 01:56:07.838 | INFO     | psldh:train:161 - [epoch:1/1][loss:1.575636][loss_e:1.522335][loss_r:5.330171]
2023-11-15 01:56:07.839 | INFO     | psldh:train:166 - [iter:21/50][iter_time:159.74]
2023-11-15 01:58:48.754 | INFO     | psldh:train:161 - [epoch:1/1][loss:1.538839][loss_e:1.485795][loss_r:5.304375]
2023-11-15 01:58:48.755 | INFO     | psldh:train:166 - [iter:22/50][iter_time:160.92]
2023-11-15 02:01:41.516 | INFO     | psldh:train:161 - [epoch:1/1][loss:1.428813][loss_e:1.377226][loss_r:5.158696]
2023-11-15 02:01:41.517 | INFO     | psldh:train:166 - [iter:23/50][iter_time:172.76]
2023-11-15 02:04:32.126 | INFO     | psldh:train:161 - [epoch:1/1][loss:1.477709][loss_e:1.427244][loss_r:5.046410]
2023-11-15 02:04:32.127 | INFO     | psldh:train:166 - [iter:24/50][iter_time:170.61]
2023-11-15 02:07:08.349 | INFO     | psldh:train:161 - [epoch:1/1][loss:1.399236][loss_e:1.349200][loss_r:5.003643]
2023-11-15 02:07:08.350 | INFO     | psldh:train:166 - [iter:25/50][iter_time:156.22]
2023-11-15 02:17:23.088 | INFO     | psldh:train:236 - [iter:25/50][code_length:64][mAP:0.79927][mAP_all:0.78882][best_mAP:0.79927]
2023-11-15 02:17:23.088 | INFO     | psldh:train:237 - [iter:25/50][code_length:64][zs_mAP:0.37850][zs_mAP_all:0.19354]
2023-11-15 02:20:01.898 | INFO     | psldh:train:161 - [epoch:1/1][loss:1.469844][loss_e:1.419399][loss_r:5.044487]
2023-11-15 02:20:01.899 | INFO     | psldh:train:166 - [iter:26/50][iter_time:158.81]
2023-11-15 02:22:42.572 | INFO     | psldh:train:161 - [epoch:1/1][loss:1.410619][loss_e:1.361429][loss_r:4.918922]
2023-11-15 02:22:42.573 | INFO     | psldh:train:166 - [iter:27/50][iter_time:160.67]
2023-11-15 02:25:23.854 | INFO     | psldh:train:161 - [epoch:1/1][loss:1.394674][loss_e:1.345433][loss_r:4.924135]
2023-11-15 02:25:23.855 | INFO     | psldh:train:166 - [iter:28/50][iter_time:161.28]
2023-11-15 02:28:10.407 | INFO     | psldh:train:161 - [epoch:1/1][loss:1.423260][loss_e:1.374130][loss_r:4.912983]
2023-11-15 02:28:10.408 | INFO     | psldh:train:166 - [iter:29/50][iter_time:166.55]
2023-11-15 02:30:46.229 | INFO     | psldh:train:161 - [epoch:1/1][loss:1.359881][loss_e:1.311825][loss_r:4.805584]
2023-11-15 02:30:46.230 | INFO     | psldh:train:166 - [iter:30/50][iter_time:155.82]
2023-11-15 02:41:27.477 | INFO     | psldh:train:236 - [iter:30/50][code_length:64][mAP:0.78645][mAP_all:0.77574][best_mAP:0.79927]
2023-11-15 02:41:27.478 | INFO     | psldh:train:237 - [iter:30/50][code_length:64][zs_mAP:0.40730][zs_mAP_all:0.21028]
2023-11-15 02:44:07.659 | INFO     | psldh:train:161 - [epoch:1/1][loss:1.350299][loss_e:1.302504][loss_r:4.779448]
2023-11-15 02:44:07.660 | INFO     | psldh:train:166 - [iter:31/50][iter_time:160.18]
2023-11-15 02:46:47.689 | INFO     | psldh:train:161 - [epoch:1/1][loss:1.342270][loss_e:1.294961][loss_r:4.730972]
2023-11-15 02:46:47.691 | INFO     | psldh:train:166 - [iter:32/50][iter_time:160.03]
2023-11-15 02:49:29.336 | INFO     | psldh:train:161 - [epoch:1/1][loss:1.351526][loss_e:1.304938][loss_r:4.658843]
2023-11-15 02:49:29.337 | INFO     | psldh:train:166 - [iter:33/50][iter_time:161.65]
2023-11-15 02:51:58.833 | INFO     | psldh:train:161 - [epoch:1/1][loss:1.322961][loss_e:1.276205][loss_r:4.675609]
2023-11-15 02:51:58.834 | INFO     | psldh:train:166 - [iter:34/50][iter_time:149.50]
2023-11-15 02:54:34.982 | INFO     | psldh:train:161 - [epoch:1/1][loss:1.351387][loss_e:1.303864][loss_r:4.752294]
2023-11-15 02:54:34.984 | INFO     | psldh:train:166 - [iter:35/50][iter_time:156.15]
2023-11-15 03:04:54.475 | INFO     | psldh:train:236 - [iter:35/50][code_length:64][mAP:0.79290][mAP_all:0.78249][best_mAP:0.79927]
2023-11-15 03:04:54.475 | INFO     | psldh:train:237 - [iter:35/50][code_length:64][zs_mAP:0.40117][zs_mAP_all:0.18751]
2023-11-15 03:07:18.758 | INFO     | psldh:train:161 - [epoch:1/1][loss:1.204903][loss_e:1.159496][loss_r:4.540707]
2023-11-15 03:07:18.759 | INFO     | psldh:train:166 - [iter:36/50][iter_time:144.28]
2023-11-15 03:17:15.388 | INFO     | psldh:train:236 - [iter:36/50][code_length:64][mAP:0.79563][mAP_all:0.78630][best_mAP:0.79927]
2023-11-15 03:17:15.388 | INFO     | psldh:train:237 - [iter:36/50][code_length:64][zs_mAP:0.38516][zs_mAP_all:0.17574]
2023-11-15 03:19:51.380 | INFO     | psldh:train:161 - [epoch:1/1][loss:1.216077][loss_e:1.171848][loss_r:4.422979]
2023-11-15 03:19:51.381 | INFO     | psldh:train:166 - [iter:37/50][iter_time:155.99]
2023-11-15 03:30:26.834 | INFO     | psldh:train:236 - [iter:37/50][code_length:64][mAP:0.80264][mAP_all:0.79333][best_mAP:0.80264]
2023-11-15 03:30:26.835 | INFO     | psldh:train:237 - [iter:37/50][code_length:64][zs_mAP:0.38390][zs_mAP_all:0.19179]
2023-11-15 03:32:46.426 | INFO     | psldh:train:161 - [epoch:1/1][loss:1.279222][loss_e:1.234239][loss_r:4.498299]
2023-11-15 03:32:46.427 | INFO     | psldh:train:166 - [iter:38/50][iter_time:139.59]
2023-11-15 03:42:47.231 | INFO     | psldh:train:236 - [iter:38/50][code_length:64][mAP:0.79317][mAP_all:0.78366][best_mAP:0.80264]
2023-11-15 03:42:47.232 | INFO     | psldh:train:237 - [iter:38/50][code_length:64][zs_mAP:0.39207][zs_mAP_all:0.19140]
2023-11-15 03:45:22.999 | INFO     | psldh:train:161 - [epoch:1/1][loss:1.185600][loss_e:1.141725][loss_r:4.387541]
2023-11-15 03:45:23.000 | INFO     | psldh:train:166 - [iter:39/50][iter_time:155.77]
2023-11-15 03:56:01.432 | INFO     | psldh:train:236 - [iter:39/50][code_length:64][mAP:0.79830][mAP_all:0.78908][best_mAP:0.80264]
2023-11-15 03:56:01.432 | INFO     | psldh:train:237 - [iter:39/50][code_length:64][zs_mAP:0.38653][zs_mAP_all:0.18824]
2023-11-15 03:58:18.903 | INFO     | psldh:train:161 - [epoch:1/1][loss:1.258072][loss_e:1.213788][loss_r:4.428421]
2023-11-15 03:58:18.905 | INFO     | psldh:train:166 - [iter:40/50][iter_time:137.47]
2023-11-15 04:08:24.012 | INFO     | psldh:train:236 - [iter:40/50][code_length:64][mAP:0.79292][mAP_all:0.78362][best_mAP:0.80264]
2023-11-15 04:08:24.013 | INFO     | psldh:train:237 - [iter:40/50][code_length:64][zs_mAP:0.37137][zs_mAP_all:0.18086]
2023-11-15 04:10:41.906 | INFO     | psldh:train:161 - [epoch:1/1][loss:1.185567][loss_e:1.141834][loss_r:4.373222]
2023-11-15 04:10:41.907 | INFO     | psldh:train:166 - [iter:41/50][iter_time:137.89]
2023-11-15 04:20:49.364 | INFO     | psldh:train:236 - [iter:41/50][code_length:64][mAP:0.78468][mAP_all:0.77627][best_mAP:0.80264]
2023-11-15 04:20:49.365 | INFO     | psldh:train:237 - [iter:41/50][code_length:64][zs_mAP:0.38637][zs_mAP_all:0.18315]
2023-11-15 04:23:08.153 | INFO     | psldh:train:161 - [epoch:1/1][loss:1.242372][loss_e:1.198002][loss_r:4.436940]
2023-11-15 04:23:08.154 | INFO     | psldh:train:166 - [iter:42/50][iter_time:138.79]
2023-11-15 04:33:05.638 | INFO     | psldh:train:236 - [iter:42/50][code_length:64][mAP:0.79010][mAP_all:0.78011][best_mAP:0.80264]
2023-11-15 04:33:05.639 | INFO     | psldh:train:237 - [iter:42/50][code_length:64][zs_mAP:0.38095][zs_mAP_all:0.17905]
2023-11-15 04:35:24.401 | INFO     | psldh:train:161 - [epoch:1/1][loss:1.262488][loss_e:1.218430][loss_r:4.405759]
2023-11-15 04:35:24.402 | INFO     | psldh:train:166 - [iter:43/50][iter_time:138.76]
2023-11-15 04:45:23.816 | INFO     | psldh:train:236 - [iter:43/50][code_length:64][mAP:0.78924][mAP_all:0.77843][best_mAP:0.80264]
2023-11-15 04:45:23.816 | INFO     | psldh:train:237 - [iter:43/50][code_length:64][zs_mAP:0.37743][zs_mAP_all:0.17685]
2023-11-15 04:47:44.539 | INFO     | psldh:train:161 - [epoch:1/1][loss:1.156120][loss_e:1.112963][loss_r:4.315687]
2023-11-15 04:47:44.540 | INFO     | psldh:train:166 - [iter:44/50][iter_time:140.72]
2023-11-15 04:57:30.103 | INFO     | psldh:train:236 - [iter:44/50][code_length:64][mAP:0.79530][mAP_all:0.78639][best_mAP:0.80264]
2023-11-15 04:57:30.104 | INFO     | psldh:train:237 - [iter:44/50][code_length:64][zs_mAP:0.36750][zs_mAP_all:0.18090]
2023-11-15 04:59:58.303 | INFO     | psldh:train:161 - [epoch:1/1][loss:1.126556][loss_e:1.084909][loss_r:4.164790]
2023-11-15 04:59:58.304 | INFO     | psldh:train:166 - [iter:45/50][iter_time:148.20]
2023-11-15 05:09:44.974 | INFO     | psldh:train:236 - [iter:45/50][code_length:64][mAP:0.80195][mAP_all:0.79289][best_mAP:0.80264]
2023-11-15 05:09:44.974 | INFO     | psldh:train:237 - [iter:45/50][code_length:64][zs_mAP:0.35625][zs_mAP_all:0.17943]
2023-11-15 05:12:16.244 | INFO     | psldh:train:161 - [epoch:1/1][loss:0.934870][loss_e:0.896677][loss_r:3.819344]
2023-11-15 05:12:16.245 | INFO     | psldh:train:166 - [iter:46/50][iter_time:151.27]
2023-11-15 05:22:21.300 | INFO     | psldh:train:236 - [iter:46/50][code_length:64][mAP:0.82583][mAP_all:0.81744][best_mAP:0.82583]
2023-11-15 05:22:21.301 | INFO     | psldh:train:237 - [iter:46/50][code_length:64][zs_mAP:0.38397][zs_mAP_all:0.20755]
2023-11-15 05:24:52.924 | INFO     | psldh:train:161 - [epoch:1/1][loss:0.824693][loss_e:0.788431][loss_r:3.626274]
2023-11-15 05:24:52.925 | INFO     | psldh:train:166 - [iter:47/50][iter_time:151.62]
2023-11-15 05:34:35.805 | INFO     | psldh:train:236 - [iter:47/50][code_length:64][mAP:0.83229][mAP_all:0.82447][best_mAP:0.83229]
2023-11-15 05:34:35.806 | INFO     | psldh:train:237 - [iter:47/50][code_length:64][zs_mAP:0.39209][zs_mAP_all:0.21236]
2023-11-15 05:37:09.628 | INFO     | psldh:train:161 - [epoch:1/1][loss:0.789395][loss_e:0.753752][loss_r:3.564273]
2023-11-15 05:37:09.629 | INFO     | psldh:train:166 - [iter:48/50][iter_time:153.82]
2023-11-15 05:46:49.256 | INFO     | psldh:train:236 - [iter:48/50][code_length:64][mAP:0.83526][mAP_all:0.82774][best_mAP:0.83526]
2023-11-15 05:46:49.257 | INFO     | psldh:train:237 - [iter:48/50][code_length:64][zs_mAP:0.39201][zs_mAP_all:0.21680]
2023-11-15 05:49:15.904 | INFO     | psldh:train:161 - [epoch:1/1][loss:0.762855][loss_e:0.727570][loss_r:3.528517]
2023-11-15 05:49:15.905 | INFO     | psldh:train:166 - [iter:49/50][iter_time:146.65]
2023-11-15 05:59:13.857 | INFO     | psldh:train:236 - [iter:49/50][code_length:64][mAP:0.83683][mAP_all:0.82910][best_mAP:0.83683]
2023-11-15 05:59:13.858 | INFO     | psldh:train:237 - [iter:49/50][code_length:64][zs_mAP:0.39010][zs_mAP_all:0.21310]
2023-11-15 06:01:39.964 | INFO     | psldh:train:161 - [epoch:1/1][loss:0.725693][loss_e:0.691173][loss_r:3.451989]
2023-11-15 06:01:39.965 | INFO     | psldh:train:166 - [iter:50/50][iter_time:146.11]
2023-11-15 06:11:27.012 | INFO     | psldh:train:236 - [iter:50/50][code_length:64][mAP:0.83701][mAP_all:0.82947][best_mAP:0.83701]
2023-11-15 06:11:27.013 | INFO     | psldh:train:237 - [iter:50/50][code_length:64][zs_mAP:0.40025][zs_mAP_all:0.21545]
2023-11-15 06:11:27.013 | INFO     | psldh:train:240 - [Training time:21185.30]
2023-11-15 06:11:27.023 | INFO     | __main__:run:126 - [code_length:64][map:0.8370][map_all:0.8295][zs_map:0.4002][zs_map_all:0.2155]
