2024-08-30 06:52:19.376 | SUCCESS  | __main__:run:55 - Namespace(ZS=15, align_step=50, arch='dcdh', batch_size=16, cauchy_gamma=20.0, code_length=[16, 32, 64], data='nuswide', dataset='nus-widezs', device=device(type='cuda', index=0), epoch_change=11, flag='dcdh', gamma=200, gpu=0, info='nus-widezs-16-5-dcdh-08-30-16,32,64-tanh1', lambd=0.1, lambd_ch=0.1, lambd_sp=0.1, lr=0.0005, lr_step=[45], margin=0.1, max_epoch=3, max_iter=50, momen=0.9, nesterov=False, net='ResNet', num_classes=5, num_query=1000, num_samples=2000, num_workers=2, num_zs=16, optim='SGD', pretrain=True, quan_loss=False, root='/4T/dataset/NUS-WIDE', save_ckpt='checkpoints/', topk=5000, val_freq=1, wd=0.0005)
2024-08-30 06:52:40.054 | INFO     | DCDH:train:167 - [epoch:1/3][loss:1.173251]
2024-08-30 06:52:56.557 | INFO     | DCDH:train:167 - [epoch:2/3][loss:0.882417]
2024-08-30 06:53:13.392 | INFO     | DCDH:train:167 - [epoch:3/3][loss:0.802821]
2024-08-30 06:53:13.393 | INFO     | DCDH:train:170 - [iter:1/50][iter_time:50.60]
2024-08-30 06:59:25.220 | INFO     | DCDH:train:242 - [iter:1/50][code_length:16][mAP:0.89318][mAP_all:0.88685][best_mAP:0.89318]
2024-08-30 06:59:25.221 | INFO     | DCDH:train:243 - [iter:1/50][code_length:16][zs_mAP:0.38149][zs_mAP_all:0.14973]
2024-08-30 06:59:41.536 | INFO     | DCDH:train:167 - [epoch:1/3][loss:0.952145]
2024-08-30 06:59:57.564 | INFO     | DCDH:train:167 - [epoch:2/3][loss:0.876048]
2024-08-30 07:00:13.316 | INFO     | DCDH:train:167 - [epoch:3/3][loss:0.821775]
2024-08-30 07:00:13.317 | INFO     | DCDH:train:170 - [iter:2/50][iter_time:48.10]
2024-08-30 07:06:26.778 | INFO     | DCDH:train:242 - [iter:2/50][code_length:16][mAP:0.89572][mAP_all:0.88321][best_mAP:0.89572]
2024-08-30 07:06:26.778 | INFO     | DCDH:train:243 - [iter:2/50][code_length:16][zs_mAP:0.34274][zs_mAP_all:0.16546]
2024-08-30 07:06:43.503 | INFO     | DCDH:train:167 - [epoch:1/3][loss:0.824008]
2024-08-30 07:07:00.325 | INFO     | DCDH:train:167 - [epoch:2/3][loss:0.772371]
2024-08-30 07:07:17.143 | INFO     | DCDH:train:167 - [epoch:3/3][loss:0.740662]
2024-08-30 07:07:17.144 | INFO     | DCDH:train:170 - [iter:3/50][iter_time:50.37]
2024-08-30 07:13:31.847 | INFO     | DCDH:train:242 - [iter:3/50][code_length:16][mAP:0.89778][mAP_all:0.88573][best_mAP:0.89778]
2024-08-30 07:13:31.849 | INFO     | DCDH:train:243 - [iter:3/50][code_length:16][zs_mAP:0.35876][zs_mAP_all:0.16591]
2024-08-30 07:13:47.263 | INFO     | DCDH:train:167 - [epoch:1/3][loss:0.826929]
2024-08-30 07:14:04.185 | INFO     | DCDH:train:167 - [epoch:2/3][loss:0.785557]
2024-08-30 07:14:20.399 | INFO     | DCDH:train:167 - [epoch:3/3][loss:0.726240]
2024-08-30 07:14:20.400 | INFO     | DCDH:train:170 - [iter:4/50][iter_time:48.55]
2024-08-30 07:20:30.124 | INFO     | DCDH:train:242 - [iter:4/50][code_length:16][mAP:0.89609][mAP_all:0.88013][best_mAP:0.89778]
2024-08-30 07:20:30.125 | INFO     | DCDH:train:243 - [iter:4/50][code_length:16][zs_mAP:0.35302][zs_mAP_all:0.16385]
2024-08-30 07:20:45.499 | INFO     | DCDH:train:167 - [epoch:1/3][loss:0.801968]
2024-08-30 07:21:01.721 | INFO     | DCDH:train:167 - [epoch:2/3][loss:0.723741]
2024-08-30 07:21:17.891 | INFO     | DCDH:train:167 - [epoch:3/3][loss:0.718885]
2024-08-30 07:21:17.892 | INFO     | DCDH:train:170 - [iter:5/50][iter_time:47.77]
2024-08-30 07:27:21.417 | INFO     | DCDH:train:242 - [iter:5/50][code_length:16][mAP:0.90021][mAP_all:0.88993][best_mAP:0.90021]
2024-08-30 07:27:21.417 | INFO     | DCDH:train:243 - [iter:5/50][code_length:16][zs_mAP:0.38191][zs_mAP_all:0.16831]
2024-08-30 07:27:39.768 | INFO     | DCDH:train:167 - [epoch:1/3][loss:0.819169]
2024-08-30 07:27:58.041 | INFO     | DCDH:train:167 - [epoch:2/3][loss:0.748122]
2024-08-30 07:28:15.848 | INFO     | DCDH:train:167 - [epoch:3/3][loss:0.735085]
2024-08-30 07:28:15.849 | INFO     | DCDH:train:170 - [iter:6/50][iter_time:54.43]
2024-08-30 07:34:19.272 | INFO     | DCDH:train:242 - [iter:6/50][code_length:16][mAP:0.89849][mAP_all:0.88708][best_mAP:0.90021]
2024-08-30 07:34:19.272 | INFO     | DCDH:train:243 - [iter:6/50][code_length:16][zs_mAP:0.35457][zs_mAP_all:0.17030]
2024-08-30 07:34:34.689 | INFO     | DCDH:train:167 - [epoch:1/3][loss:0.812004]
2024-08-30 07:34:50.084 | INFO     | DCDH:train:167 - [epoch:2/3][loss:0.743106]
2024-08-30 07:35:05.706 | INFO     | DCDH:train:167 - [epoch:3/3][loss:0.714303]
2024-08-30 07:35:05.707 | INFO     | DCDH:train:170 - [iter:7/50][iter_time:46.43]
2024-08-30 07:41:03.337 | INFO     | DCDH:train:242 - [iter:7/50][code_length:16][mAP:0.89641][mAP_all:0.88469][best_mAP:0.90021]
2024-08-30 07:41:03.338 | INFO     | DCDH:train:243 - [iter:7/50][code_length:16][zs_mAP:0.34707][zs_mAP_all:0.16291]
2024-08-30 07:41:19.162 | INFO     | DCDH:train:167 - [epoch:1/3][loss:0.754581]
2024-08-30 07:41:35.497 | INFO     | DCDH:train:167 - [epoch:2/3][loss:0.711700]
2024-08-30 07:41:52.345 | INFO     | DCDH:train:167 - [epoch:3/3][loss:0.679480]
2024-08-30 07:41:52.345 | INFO     | DCDH:train:170 - [iter:8/50][iter_time:49.01]
2024-08-30 07:47:53.853 | INFO     | DCDH:train:242 - [iter:8/50][code_length:16][mAP:0.89379][mAP_all:0.88435][best_mAP:0.90021]
2024-08-30 07:47:53.853 | INFO     | DCDH:train:243 - [iter:8/50][code_length:16][zs_mAP:0.34064][zs_mAP_all:0.14900]
2024-08-30 07:48:12.956 | INFO     | DCDH:train:167 - [epoch:1/3][loss:0.785855]
2024-08-30 07:48:31.017 | INFO     | DCDH:train:167 - [epoch:2/3][loss:0.738146]
2024-08-30 07:48:48.978 | INFO     | DCDH:train:167 - [epoch:3/3][loss:0.693622]
2024-08-30 07:48:48.979 | INFO     | DCDH:train:170 - [iter:9/50][iter_time:55.13]
2024-08-30 07:54:58.505 | INFO     | DCDH:train:242 - [iter:9/50][code_length:16][mAP:0.90378][mAP_all:0.89315][best_mAP:0.90378]
2024-08-30 07:54:58.506 | INFO     | DCDH:train:243 - [iter:9/50][code_length:16][zs_mAP:0.33579][zs_mAP_all:0.14770]
2024-08-30 07:55:14.281 | INFO     | DCDH:train:167 - [epoch:1/3][loss:0.751720]
2024-08-30 07:55:30.626 | INFO     | DCDH:train:167 - [epoch:2/3][loss:0.682838]
2024-08-30 07:55:47.181 | INFO     | DCDH:train:167 - [epoch:3/3][loss:0.678421]
2024-08-30 07:55:47.182 | INFO     | DCDH:train:170 - [iter:10/50][iter_time:48.68]
2024-08-30 08:01:47.122 | INFO     | DCDH:train:242 - [iter:10/50][code_length:16][mAP:0.90573][mAP_all:0.89540][best_mAP:0.90573]
2024-08-30 08:01:47.123 | INFO     | DCDH:train:243 - [iter:10/50][code_length:16][zs_mAP:0.33937][zs_mAP_all:0.14889]
2024-08-30 08:02:05.529 | INFO     | DCDH:train:167 - [epoch:1/3][loss:0.754541]
2024-08-30 08:02:24.261 | INFO     | DCDH:train:167 - [epoch:2/3][loss:0.681178]
2024-08-30 08:02:42.192 | INFO     | DCDH:train:167 - [epoch:3/3][loss:0.648418]
2024-08-30 08:02:42.193 | INFO     | DCDH:train:170 - [iter:11/50][iter_time:55.07]
2024-08-30 08:08:51.444 | INFO     | DCDH:train:242 - [iter:11/50][code_length:16][mAP:0.90077][mAP_all:0.89151][best_mAP:0.90573]
2024-08-30 08:08:51.445 | INFO     | DCDH:train:243 - [iter:11/50][code_length:16][zs_mAP:0.33483][zs_mAP_all:0.14480]
2024-08-30 08:09:08.251 | INFO     | DCDH:train:167 - [epoch:1/3][loss:0.794601]
2024-08-30 08:09:24.976 | INFO     | DCDH:train:167 - [epoch:2/3][loss:0.728484]
2024-08-30 08:09:40.306 | INFO     | DCDH:train:167 - [epoch:3/3][loss:0.690003]
2024-08-30 08:09:40.306 | INFO     | DCDH:train:170 - [iter:12/50][iter_time:48.86]
2024-08-30 08:15:39.890 | INFO     | DCDH:train:242 - [iter:12/50][code_length:16][mAP:0.90791][mAP_all:0.89732][best_mAP:0.90791]
2024-08-30 08:15:39.891 | INFO     | DCDH:train:243 - [iter:12/50][code_length:16][zs_mAP:0.35596][zs_mAP_all:0.16334]
2024-08-30 08:15:56.878 | INFO     | DCDH:train:167 - [epoch:1/3][loss:0.762526]
2024-08-30 08:16:12.437 | INFO     | DCDH:train:167 - [epoch:2/3][loss:0.673604]
2024-08-30 08:16:29.352 | INFO     | DCDH:train:167 - [epoch:3/3][loss:0.668976]
2024-08-30 08:16:29.353 | INFO     | DCDH:train:170 - [iter:13/50][iter_time:49.46]
2024-08-30 08:22:43.098 | INFO     | DCDH:train:242 - [iter:13/50][code_length:16][mAP:0.90680][mAP_all:0.89719][best_mAP:0.90791]
2024-08-30 08:22:43.099 | INFO     | DCDH:train:243 - [iter:13/50][code_length:16][zs_mAP:0.36353][zs_mAP_all:0.16391]
2024-08-30 08:23:00.600 | INFO     | DCDH:train:167 - [epoch:1/3][loss:0.718832]
2024-08-30 08:23:18.208 | INFO     | DCDH:train:167 - [epoch:2/3][loss:0.691442]
2024-08-30 08:23:35.849 | INFO     | DCDH:train:167 - [epoch:3/3][loss:0.665861]
2024-08-30 08:23:35.850 | INFO     | DCDH:train:170 - [iter:14/50][iter_time:52.75]
2024-08-30 08:29:32.533 | INFO     | DCDH:train:242 - [iter:14/50][code_length:16][mAP:0.90271][mAP_all:0.89455][best_mAP:0.90791]
2024-08-30 08:29:32.534 | INFO     | DCDH:train:243 - [iter:14/50][code_length:16][zs_mAP:0.35579][zs_mAP_all:0.14505]
2024-08-30 08:29:49.392 | INFO     | DCDH:train:167 - [epoch:1/3][loss:0.713045]
2024-08-30 08:30:06.318 | INFO     | DCDH:train:167 - [epoch:2/3][loss:0.687441]
2024-08-30 08:30:22.921 | INFO     | DCDH:train:167 - [epoch:3/3][loss:0.651805]
2024-08-30 08:30:22.922 | INFO     | DCDH:train:170 - [iter:15/50][iter_time:50.39]
2024-08-30 08:36:38.700 | INFO     | DCDH:train:242 - [iter:15/50][code_length:16][mAP:0.90038][mAP_all:0.89101][best_mAP:0.90791]
2024-08-30 08:36:38.701 | INFO     | DCDH:train:243 - [iter:15/50][code_length:16][zs_mAP:0.32171][zs_mAP_all:0.13291]
2024-08-30 08:36:56.401 | INFO     | DCDH:train:167 - [epoch:1/3][loss:0.767371]
2024-08-30 08:37:14.354 | INFO     | DCDH:train:167 - [epoch:2/3][loss:0.701776]
2024-08-30 08:37:32.382 | INFO     | DCDH:train:167 - [epoch:3/3][loss:0.644167]
2024-08-30 08:37:32.383 | INFO     | DCDH:train:170 - [iter:16/50][iter_time:53.68]
2024-08-30 08:43:29.701 | INFO     | DCDH:train:242 - [iter:16/50][code_length:16][mAP:0.89911][mAP_all:0.89116][best_mAP:0.90791]
2024-08-30 08:43:29.702 | INFO     | DCDH:train:243 - [iter:16/50][code_length:16][zs_mAP:0.32647][zs_mAP_all:0.13547]
2024-08-30 08:43:46.713 | INFO     | DCDH:train:167 - [epoch:1/3][loss:0.752741]
2024-08-30 08:44:03.544 | INFO     | DCDH:train:167 - [epoch:2/3][loss:0.696054]
2024-08-30 08:44:20.083 | INFO     | DCDH:train:167 - [epoch:3/3][loss:0.644256]
2024-08-30 08:44:20.084 | INFO     | DCDH:train:170 - [iter:17/50][iter_time:50.38]
2024-08-30 08:50:22.959 | INFO     | DCDH:train:242 - [iter:17/50][code_length:16][mAP:0.90143][mAP_all:0.89187][best_mAP:0.90791]
2024-08-30 08:50:22.959 | INFO     | DCDH:train:243 - [iter:17/50][code_length:16][zs_mAP:0.33676][zs_mAP_all:0.14730]
2024-08-30 08:50:40.810 | INFO     | DCDH:train:167 - [epoch:1/3][loss:0.711405]
2024-08-30 08:50:58.663 | INFO     | DCDH:train:167 - [epoch:2/3][loss:0.652753]
2024-08-30 08:51:16.456 | INFO     | DCDH:train:167 - [epoch:3/3][loss:0.666441]
2024-08-30 08:51:16.457 | INFO     | DCDH:train:170 - [iter:18/50][iter_time:53.50]
2024-08-30 08:57:23.129 | INFO     | DCDH:train:242 - [iter:18/50][code_length:16][mAP:0.90650][mAP_all:0.89261][best_mAP:0.90791]
2024-08-30 08:57:23.130 | INFO     | DCDH:train:243 - [iter:18/50][code_length:16][zs_mAP:0.31917][zs_mAP_all:0.13425]
2024-08-30 08:57:39.392 | INFO     | DCDH:train:167 - [epoch:1/3][loss:0.717846]
2024-08-30 08:57:56.343 | INFO     | DCDH:train:167 - [epoch:2/3][loss:0.685287]
2024-08-30 08:58:12.730 | INFO     | DCDH:train:167 - [epoch:3/3][loss:0.671902]
2024-08-30 08:58:12.730 | INFO     | DCDH:train:170 - [iter:19/50][iter_time:49.60]
2024-08-30 09:04:14.043 | INFO     | DCDH:train:242 - [iter:19/50][code_length:16][mAP:0.90239][mAP_all:0.89006][best_mAP:0.90791]
2024-08-30 09:04:14.043 | INFO     | DCDH:train:243 - [iter:19/50][code_length:16][zs_mAP:0.33976][zs_mAP_all:0.14038]
2024-08-30 09:04:31.849 | INFO     | DCDH:train:167 - [epoch:1/3][loss:0.728618]
2024-08-30 09:04:49.582 | INFO     | DCDH:train:167 - [epoch:2/3][loss:0.669677]
2024-08-30 09:05:07.200 | INFO     | DCDH:train:167 - [epoch:3/3][loss:0.641513]
2024-08-30 09:05:07.201 | INFO     | DCDH:train:170 - [iter:20/50][iter_time:53.16]
2024-08-30 09:11:14.228 | INFO     | DCDH:train:242 - [iter:20/50][code_length:16][mAP:0.90679][mAP_all:0.89633][best_mAP:0.90791]
2024-08-30 09:11:14.229 | INFO     | DCDH:train:243 - [iter:20/50][code_length:16][zs_mAP:0.33215][zs_mAP_all:0.13213]
2024-08-30 09:11:30.099 | INFO     | DCDH:train:167 - [epoch:1/3][loss:0.791532]
2024-08-30 09:11:45.280 | INFO     | DCDH:train:167 - [epoch:2/3][loss:0.740860]
2024-08-30 09:12:00.581 | INFO     | DCDH:train:167 - [epoch:3/3][loss:0.722926]
2024-08-30 09:12:00.582 | INFO     | DCDH:train:170 - [iter:21/50][iter_time:46.35]
2024-08-30 09:17:58.736 | INFO     | DCDH:train:242 - [iter:21/50][code_length:16][mAP:0.90529][mAP_all:0.89544][best_mAP:0.90791]
2024-08-30 09:17:58.736 | INFO     | DCDH:train:243 - [iter:21/50][code_length:16][zs_mAP:0.35274][zs_mAP_all:0.15391]
2024-08-30 09:18:16.797 | INFO     | DCDH:train:167 - [epoch:1/3][loss:0.720960]
2024-08-30 09:18:35.155 | INFO     | DCDH:train:167 - [epoch:2/3][loss:0.681480]
2024-08-30 09:18:52.839 | INFO     | DCDH:train:167 - [epoch:3/3][loss:0.653079]
2024-08-30 09:18:52.840 | INFO     | DCDH:train:170 - [iter:22/50][iter_time:54.10]
2024-08-30 09:25:06.356 | INFO     | DCDH:train:242 - [iter:22/50][code_length:16][mAP:0.90859][mAP_all:0.89938][best_mAP:0.90859]
2024-08-30 09:25:06.357 | INFO     | DCDH:train:243 - [iter:22/50][code_length:16][zs_mAP:0.35819][zs_mAP_all:0.15416]
2024-08-30 09:25:23.371 | INFO     | DCDH:train:167 - [epoch:1/3][loss:0.712132]
2024-08-30 09:25:39.213 | INFO     | DCDH:train:167 - [epoch:2/3][loss:0.692463]
2024-08-30 09:25:55.180 | INFO     | DCDH:train:167 - [epoch:3/3][loss:0.654115]
2024-08-30 09:25:55.181 | INFO     | DCDH:train:170 - [iter:23/50][iter_time:48.82]
2024-08-30 09:31:57.487 | INFO     | DCDH:train:242 - [iter:23/50][code_length:16][mAP:0.90117][mAP_all:0.89098][best_mAP:0.90859]
2024-08-30 09:31:57.488 | INFO     | DCDH:train:243 - [iter:23/50][code_length:16][zs_mAP:0.34899][zs_mAP_all:0.14611]
2024-08-30 09:32:12.877 | INFO     | DCDH:train:167 - [epoch:1/3][loss:0.737593]
2024-08-30 09:32:29.669 | INFO     | DCDH:train:167 - [epoch:2/3][loss:0.673901]
2024-08-30 09:32:46.048 | INFO     | DCDH:train:167 - [epoch:3/3][loss:0.662380]
2024-08-30 09:32:46.049 | INFO     | DCDH:train:170 - [iter:24/50][iter_time:48.56]
2024-08-30 09:39:06.350 | INFO     | DCDH:train:242 - [iter:24/50][code_length:16][mAP:0.91010][mAP_all:0.89717][best_mAP:0.91010]
2024-08-30 09:39:06.351 | INFO     | DCDH:train:243 - [iter:24/50][code_length:16][zs_mAP:0.35438][zs_mAP_all:0.15749]
2024-08-30 09:39:23.694 | INFO     | DCDH:train:167 - [epoch:1/3][loss:0.733811]
2024-08-30 09:39:41.184 | INFO     | DCDH:train:167 - [epoch:2/3][loss:0.691062]
2024-08-30 09:39:58.987 | INFO     | DCDH:train:167 - [epoch:3/3][loss:0.662250]
2024-08-30 09:39:58.989 | INFO     | DCDH:train:170 - [iter:25/50][iter_time:52.64]
2024-08-30 09:45:58.294 | INFO     | DCDH:train:242 - [iter:25/50][code_length:16][mAP:0.90712][mAP_all:0.89885][best_mAP:0.91010]
2024-08-30 09:45:58.295 | INFO     | DCDH:train:243 - [iter:25/50][code_length:16][zs_mAP:0.34689][zs_mAP_all:0.15418]
2024-08-30 09:46:14.352 | INFO     | DCDH:train:167 - [epoch:1/3][loss:0.724935]
2024-08-30 09:46:29.550 | INFO     | DCDH:train:167 - [epoch:2/3][loss:0.680048]
2024-08-30 09:46:45.702 | INFO     | DCDH:train:167 - [epoch:3/3][loss:0.662463]
2024-08-30 09:46:45.703 | INFO     | DCDH:train:170 - [iter:26/50][iter_time:47.41]
2024-08-30 09:53:00.794 | INFO     | DCDH:train:242 - [iter:26/50][code_length:16][mAP:0.90650][mAP_all:0.89375][best_mAP:0.91010]
2024-08-30 09:53:00.794 | INFO     | DCDH:train:243 - [iter:26/50][code_length:16][zs_mAP:0.35884][zs_mAP_all:0.15870]
2024-08-30 09:53:18.400 | INFO     | DCDH:train:167 - [epoch:1/3][loss:0.716743]
2024-08-30 09:53:35.826 | INFO     | DCDH:train:167 - [epoch:2/3][loss:0.685781]
2024-08-30 09:53:53.536 | INFO     | DCDH:train:167 - [epoch:3/3][loss:0.658568]
2024-08-30 09:53:53.537 | INFO     | DCDH:train:170 - [iter:27/50][iter_time:52.74]
2024-08-30 09:59:56.126 | INFO     | DCDH:train:242 - [iter:27/50][code_length:16][mAP:0.90371][mAP_all:0.89445][best_mAP:0.91010]
2024-08-30 09:59:56.127 | INFO     | DCDH:train:243 - [iter:27/50][code_length:16][zs_mAP:0.34345][zs_mAP_all:0.14557]
2024-08-30 10:00:12.185 | INFO     | DCDH:train:167 - [epoch:1/3][loss:0.708965]
2024-08-30 10:00:28.691 | INFO     | DCDH:train:167 - [epoch:2/3][loss:0.665120]
2024-08-30 10:00:45.601 | INFO     | DCDH:train:167 - [epoch:3/3][loss:0.625381]
2024-08-30 10:00:45.602 | INFO     | DCDH:train:170 - [iter:28/50][iter_time:49.47]
2024-08-30 10:06:50.498 | INFO     | DCDH:train:242 - [iter:28/50][code_length:16][mAP:0.90372][mAP_all:0.89406][best_mAP:0.91010]
2024-08-30 10:06:50.499 | INFO     | DCDH:train:243 - [iter:28/50][code_length:16][zs_mAP:0.35439][zs_mAP_all:0.15304]
2024-08-30 10:07:06.869 | INFO     | DCDH:train:167 - [epoch:1/3][loss:0.743240]
2024-08-30 10:07:23.626 | INFO     | DCDH:train:167 - [epoch:2/3][loss:0.712261]
2024-08-30 10:07:38.958 | INFO     | DCDH:train:167 - [epoch:3/3][loss:0.674918]
2024-08-30 10:07:38.958 | INFO     | DCDH:train:170 - [iter:29/50][iter_time:48.46]
2024-08-30 10:13:41.416 | INFO     | DCDH:train:242 - [iter:29/50][code_length:16][mAP:0.90226][mAP_all:0.89269][best_mAP:0.91010]
2024-08-30 10:13:41.417 | INFO     | DCDH:train:243 - [iter:29/50][code_length:16][zs_mAP:0.34827][zs_mAP_all:0.15301]
2024-08-30 10:13:58.871 | INFO     | DCDH:train:167 - [epoch:1/3][loss:0.693135]
2024-08-30 10:14:15.935 | INFO     | DCDH:train:167 - [epoch:2/3][loss:0.649713]
2024-08-30 10:14:31.493 | INFO     | DCDH:train:167 - [epoch:3/3][loss:0.618381]
2024-08-30 10:14:31.494 | INFO     | DCDH:train:170 - [iter:30/50][iter_time:50.08]
2024-08-30 10:20:35.782 | INFO     | DCDH:train:242 - [iter:30/50][code_length:16][mAP:0.90512][mAP_all:0.89436][best_mAP:0.91010]
2024-08-30 10:20:35.782 | INFO     | DCDH:train:243 - [iter:30/50][code_length:16][zs_mAP:0.33338][zs_mAP_all:0.13987]
2024-08-30 10:20:50.934 | INFO     | DCDH:train:167 - [epoch:1/3][loss:0.704172]
2024-08-30 10:21:07.092 | INFO     | DCDH:train:167 - [epoch:2/3][loss:0.673356]
2024-08-30 10:21:22.789 | INFO     | DCDH:train:167 - [epoch:3/3][loss:0.663866]
2024-08-30 10:21:22.789 | INFO     | DCDH:train:170 - [iter:31/50][iter_time:47.01]
2024-08-30 10:27:34.932 | INFO     | DCDH:train:242 - [iter:31/50][code_length:16][mAP:0.90303][mAP_all:0.89351][best_mAP:0.91010]
2024-08-30 10:27:34.933 | INFO     | DCDH:train:243 - [iter:31/50][code_length:16][zs_mAP:0.33637][zs_mAP_all:0.14484]
2024-08-30 10:27:51.332 | INFO     | DCDH:train:167 - [epoch:1/3][loss:0.695815]
2024-08-30 10:28:08.052 | INFO     | DCDH:train:167 - [epoch:2/3][loss:0.644938]
2024-08-30 10:28:23.764 | INFO     | DCDH:train:167 - [epoch:3/3][loss:0.636997]
2024-08-30 10:28:23.765 | INFO     | DCDH:train:170 - [iter:32/50][iter_time:48.83]
2024-08-30 10:34:30.916 | INFO     | DCDH:train:242 - [iter:32/50][code_length:16][mAP:0.90205][mAP_all:0.89262][best_mAP:0.91010]
2024-08-30 10:34:30.917 | INFO     | DCDH:train:243 - [iter:32/50][code_length:16][zs_mAP:0.33985][zs_mAP_all:0.14851]
2024-08-30 10:34:46.576 | INFO     | DCDH:train:167 - [epoch:1/3][loss:0.734437]
2024-08-30 10:35:03.620 | INFO     | DCDH:train:167 - [epoch:2/3][loss:0.654469]
2024-08-30 10:35:19.402 | INFO     | DCDH:train:167 - [epoch:3/3][loss:0.670416]
2024-08-30 10:35:19.403 | INFO     | DCDH:train:170 - [iter:33/50][iter_time:48.49]
2024-08-30 10:41:17.356 | INFO     | DCDH:train:242 - [iter:33/50][code_length:16][mAP:0.90423][mAP_all:0.89123][best_mAP:0.91010]
2024-08-30 10:41:17.356 | INFO     | DCDH:train:243 - [iter:33/50][code_length:16][zs_mAP:0.35516][zs_mAP_all:0.14907]
2024-08-30 10:41:35.081 | INFO     | DCDH:train:167 - [epoch:1/3][loss:0.718711]
2024-08-30 10:41:52.807 | INFO     | DCDH:train:167 - [epoch:2/3][loss:0.683126]
2024-08-30 10:42:10.257 | INFO     | DCDH:train:167 - [epoch:3/3][loss:0.673825]
2024-08-30 10:42:10.258 | INFO     | DCDH:train:170 - [iter:34/50][iter_time:52.90]
2024-08-30 10:48:12.756 | INFO     | DCDH:train:242 - [iter:34/50][code_length:16][mAP:0.91053][mAP_all:0.89883][best_mAP:0.91053]
2024-08-30 10:48:12.757 | INFO     | DCDH:train:243 - [iter:34/50][code_length:16][zs_mAP:0.35152][zs_mAP_all:0.16727]
2024-08-30 10:48:29.148 | INFO     | DCDH:train:167 - [epoch:1/3][loss:0.727499]
2024-08-30 10:48:44.198 | INFO     | DCDH:train:167 - [epoch:2/3][loss:0.674170]
2024-08-30 10:48:59.491 | INFO     | DCDH:train:167 - [epoch:3/3][loss:0.620282]
2024-08-30 10:48:59.492 | INFO     | DCDH:train:170 - [iter:35/50][iter_time:46.74]
2024-08-30 10:55:12.608 | INFO     | DCDH:train:242 - [iter:35/50][code_length:16][mAP:0.90352][mAP_all:0.89267][best_mAP:0.91053]
2024-08-30 10:55:12.608 | INFO     | DCDH:train:243 - [iter:35/50][code_length:16][zs_mAP:0.34584][zs_mAP_all:0.15399]
2024-08-30 10:55:30.185 | INFO     | DCDH:train:167 - [epoch:1/3][loss:0.760728]
2024-08-30 10:55:48.013 | INFO     | DCDH:train:167 - [epoch:2/3][loss:0.719417]
2024-08-30 10:56:05.565 | INFO     | DCDH:train:167 - [epoch:3/3][loss:0.659643]
2024-08-30 10:56:05.567 | INFO     | DCDH:train:170 - [iter:36/50][iter_time:52.96]
2024-08-30 11:02:19.689 | INFO     | DCDH:train:242 - [iter:36/50][code_length:16][mAP:0.90755][mAP_all:0.89421][best_mAP:0.91053]
2024-08-30 11:02:19.690 | INFO     | DCDH:train:243 - [iter:36/50][code_length:16][zs_mAP:0.33713][zs_mAP_all:0.15495]
2024-08-30 11:02:35.694 | INFO     | DCDH:train:167 - [epoch:1/3][loss:0.723866]
2024-08-30 11:02:52.542 | INFO     | DCDH:train:167 - [epoch:2/3][loss:0.659261]
2024-08-30 11:03:09.136 | INFO     | DCDH:train:167 - [epoch:3/3][loss:0.633687]
2024-08-30 11:03:09.136 | INFO     | DCDH:train:170 - [iter:37/50][iter_time:49.45]
2024-08-30 11:09:22.854 | INFO     | DCDH:train:242 - [iter:37/50][code_length:16][mAP:0.90849][mAP_all:0.89777][best_mAP:0.91053]
2024-08-30 11:09:22.854 | INFO     | DCDH:train:243 - [iter:37/50][code_length:16][zs_mAP:0.33621][zs_mAP_all:0.15194]
2024-08-30 11:09:40.534 | INFO     | DCDH:train:167 - [epoch:1/3][loss:0.699733]
2024-08-30 11:09:58.130 | INFO     | DCDH:train:167 - [epoch:2/3][loss:0.631087]
2024-08-30 11:10:17.925 | INFO     | DCDH:train:167 - [epoch:3/3][loss:0.622989]
2024-08-30 11:10:17.926 | INFO     | DCDH:train:170 - [iter:38/50][iter_time:55.07]
2024-08-30 11:16:38.415 | INFO     | DCDH:train:242 - [iter:38/50][code_length:16][mAP:0.90680][mAP_all:0.89254][best_mAP:0.91053]
2024-08-30 11:16:38.416 | INFO     | DCDH:train:243 - [iter:38/50][code_length:16][zs_mAP:0.32406][zs_mAP_all:0.13949]
2024-08-30 11:16:54.498 | INFO     | DCDH:train:167 - [epoch:1/3][loss:0.689489]
2024-08-30 11:17:12.197 | INFO     | DCDH:train:167 - [epoch:2/3][loss:0.647934]
2024-08-30 11:17:28.756 | INFO     | DCDH:train:167 - [epoch:3/3][loss:0.631512]
2024-08-30 11:17:28.757 | INFO     | DCDH:train:170 - [iter:39/50][iter_time:50.34]
2024-08-30 11:23:31.742 | INFO     | DCDH:train:242 - [iter:39/50][code_length:16][mAP:0.90874][mAP_all:0.89706][best_mAP:0.91053]
2024-08-30 11:23:31.743 | INFO     | DCDH:train:243 - [iter:39/50][code_length:16][zs_mAP:0.34448][zs_mAP_all:0.15513]
2024-08-30 11:23:50.532 | INFO     | DCDH:train:167 - [epoch:1/3][loss:0.734176]
2024-08-30 11:24:10.195 | INFO     | DCDH:train:167 - [epoch:2/3][loss:0.671413]
2024-08-30 11:24:29.686 | INFO     | DCDH:train:167 - [epoch:3/3][loss:0.663262]
2024-08-30 11:24:29.687 | INFO     | DCDH:train:170 - [iter:40/50][iter_time:57.94]
2024-08-30 11:30:36.911 | INFO     | DCDH:train:242 - [iter:40/50][code_length:16][mAP:0.90880][mAP_all:0.89510][best_mAP:0.91053]
2024-08-30 11:30:36.912 | INFO     | DCDH:train:243 - [iter:40/50][code_length:16][zs_mAP:0.34470][zs_mAP_all:0.16546]
2024-08-30 11:30:54.882 | INFO     | DCDH:train:167 - [epoch:1/3][loss:0.721258]
2024-08-30 11:31:11.702 | INFO     | DCDH:train:167 - [epoch:2/3][loss:0.683812]
2024-08-30 11:31:28.536 | INFO     | DCDH:train:167 - [epoch:3/3][loss:0.644022]
2024-08-30 11:31:28.537 | INFO     | DCDH:train:170 - [iter:41/50][iter_time:51.63]
2024-08-30 11:37:31.594 | INFO     | DCDH:train:242 - [iter:41/50][code_length:16][mAP:0.91106][mAP_all:0.90107][best_mAP:0.91106]
2024-08-30 11:37:31.596 | INFO     | DCDH:train:243 - [iter:41/50][code_length:16][zs_mAP:0.36040][zs_mAP_all:0.17807]
2024-08-30 11:37:51.658 | INFO     | DCDH:train:167 - [epoch:1/3][loss:0.728705]
2024-08-30 11:38:10.996 | INFO     | DCDH:train:167 - [epoch:2/3][loss:0.667960]
2024-08-30 11:38:29.116 | INFO     | DCDH:train:167 - [epoch:3/3][loss:0.669042]
2024-08-30 11:38:29.118 | INFO     | DCDH:train:170 - [iter:42/50][iter_time:57.52]
2024-08-30 11:44:58.938 | INFO     | DCDH:train:242 - [iter:42/50][code_length:16][mAP:0.91092][mAP_all:0.89974][best_mAP:0.91106]
2024-08-30 11:44:58.939 | INFO     | DCDH:train:243 - [iter:42/50][code_length:16][zs_mAP:0.36397][zs_mAP_all:0.16157]
2024-08-30 11:45:15.926 | INFO     | DCDH:train:167 - [epoch:1/3][loss:0.713827]
2024-08-30 11:45:31.790 | INFO     | DCDH:train:167 - [epoch:2/3][loss:0.678633]
2024-08-30 11:45:47.033 | INFO     | DCDH:train:167 - [epoch:3/3][loss:0.657761]
2024-08-30 11:45:47.034 | INFO     | DCDH:train:170 - [iter:43/50][iter_time:48.09]
2024-08-30 11:51:47.794 | INFO     | DCDH:train:242 - [iter:43/50][code_length:16][mAP:0.90967][mAP_all:0.89957][best_mAP:0.91106]
2024-08-30 11:51:47.795 | INFO     | DCDH:train:243 - [iter:43/50][code_length:16][zs_mAP:0.30924][zs_mAP_all:0.13597]
2024-08-30 11:52:04.015 | INFO     | DCDH:train:167 - [epoch:1/3][loss:0.723015]
2024-08-30 11:52:20.538 | INFO     | DCDH:train:167 - [epoch:2/3][loss:0.669562]
2024-08-30 11:52:37.657 | INFO     | DCDH:train:167 - [epoch:3/3][loss:0.642717]
2024-08-30 11:52:37.658 | INFO     | DCDH:train:170 - [iter:44/50][iter_time:49.86]
2024-08-30 11:59:12.534 | INFO     | DCDH:train:242 - [iter:44/50][code_length:16][mAP:0.91057][mAP_all:0.90036][best_mAP:0.91106]
2024-08-30 11:59:12.535 | INFO     | DCDH:train:243 - [iter:44/50][code_length:16][zs_mAP:0.32594][zs_mAP_all:0.12944]
2024-08-30 11:59:30.214 | INFO     | DCDH:train:167 - [epoch:1/3][loss:0.697401]
2024-08-30 11:59:47.574 | INFO     | DCDH:train:167 - [epoch:2/3][loss:0.703063]
2024-08-30 12:00:03.855 | INFO     | DCDH:train:167 - [epoch:3/3][loss:0.639071]
2024-08-30 12:00:03.856 | INFO     | DCDH:train:170 - [iter:45/50][iter_time:51.32]
2024-08-30 12:06:03.622 | INFO     | DCDH:train:242 - [iter:45/50][code_length:16][mAP:0.90960][mAP_all:0.89752][best_mAP:0.91106]
2024-08-30 12:06:03.623 | INFO     | DCDH:train:243 - [iter:45/50][code_length:16][zs_mAP:0.35994][zs_mAP_all:0.15117]
2024-08-30 12:06:20.463 | INFO     | DCDH:train:167 - [epoch:1/3][loss:0.714612]
2024-08-30 12:06:36.405 | INFO     | DCDH:train:167 - [epoch:2/3][loss:0.714040]
2024-08-30 12:06:53.268 | INFO     | DCDH:train:167 - [epoch:3/3][loss:0.700138]
2024-08-30 12:06:53.269 | INFO     | DCDH:train:170 - [iter:46/50][iter_time:49.65]
2024-08-30 12:13:25.866 | INFO     | DCDH:train:242 - [iter:46/50][code_length:16][mAP:0.90718][mAP_all:0.89533][best_mAP:0.91106]
2024-08-30 12:13:25.867 | INFO     | DCDH:train:243 - [iter:46/50][code_length:16][zs_mAP:0.36040][zs_mAP_all:0.15541]
2024-08-30 12:13:43.676 | INFO     | DCDH:train:167 - [epoch:1/3][loss:0.704343]
2024-08-30 12:14:01.461 | INFO     | DCDH:train:167 - [epoch:2/3][loss:0.687632]
2024-08-30 12:14:18.948 | INFO     | DCDH:train:167 - [epoch:3/3][loss:0.696048]
2024-08-30 12:14:18.948 | INFO     | DCDH:train:170 - [iter:47/50][iter_time:53.08]
2024-08-30 12:20:25.124 | INFO     | DCDH:train:242 - [iter:47/50][code_length:16][mAP:0.91086][mAP_all:0.89806][best_mAP:0.91106]
2024-08-30 12:20:25.124 | INFO     | DCDH:train:243 - [iter:47/50][code_length:16][zs_mAP:0.35840][zs_mAP_all:0.14697]
2024-08-30 12:20:40.748 | INFO     | DCDH:train:167 - [epoch:1/3][loss:0.689628]
2024-08-30 12:20:57.521 | INFO     | DCDH:train:167 - [epoch:2/3][loss:0.680672]
2024-08-30 12:21:14.211 | INFO     | DCDH:train:167 - [epoch:3/3][loss:0.683317]
2024-08-30 12:21:14.212 | INFO     | DCDH:train:170 - [iter:48/50][iter_time:49.09]
2024-08-30 12:27:38.121 | INFO     | DCDH:train:242 - [iter:48/50][code_length:16][mAP:0.91016][mAP_all:0.89896][best_mAP:0.91106]
2024-08-30 12:27:38.122 | INFO     | DCDH:train:243 - [iter:48/50][code_length:16][zs_mAP:0.35060][zs_mAP_all:0.14769]
2024-08-30 12:27:55.449 | INFO     | DCDH:train:167 - [epoch:1/3][loss:0.695061]
2024-08-30 12:28:12.862 | INFO     | DCDH:train:167 - [epoch:2/3][loss:0.707912]
2024-08-30 12:28:30.319 | INFO     | DCDH:train:167 - [epoch:3/3][loss:0.710795]
2024-08-30 12:28:30.321 | INFO     | DCDH:train:170 - [iter:49/50][iter_time:52.20]
2024-08-30 12:34:38.268 | INFO     | DCDH:train:242 - [iter:49/50][code_length:16][mAP:0.90916][mAP_all:0.89773][best_mAP:0.91106]
2024-08-30 12:34:38.269 | INFO     | DCDH:train:243 - [iter:49/50][code_length:16][zs_mAP:0.36591][zs_mAP_all:0.15402]
2024-08-30 12:34:54.753 | INFO     | DCDH:train:167 - [epoch:1/3][loss:0.720031]
2024-08-30 12:35:11.517 | INFO     | DCDH:train:167 - [epoch:2/3][loss:0.722127]
2024-08-30 12:35:28.281 | INFO     | DCDH:train:167 - [epoch:3/3][loss:0.741039]
2024-08-30 12:35:28.282 | INFO     | DCDH:train:170 - [iter:50/50][iter_time:50.01]
2024-08-30 12:41:43.171 | INFO     | DCDH:train:242 - [iter:50/50][code_length:16][mAP:0.91120][mAP_all:0.89916][best_mAP:0.91120]
2024-08-30 12:41:43.172 | INFO     | DCDH:train:243 - [iter:50/50][code_length:16][zs_mAP:0.36727][zs_mAP_all:0.15192]
2024-08-30 12:41:43.172 | INFO     | DCDH:train:246 - [Training time:20960.38]
2024-08-30 12:41:43.176 | INFO     | __main__:run:138 - [code_length:16][map:0.9112][map_all:0.8992][zs_map:0.3673][zs_map_all:0.1519]
2024-08-30 12:42:01.466 | INFO     | DCDH:train:167 - [epoch:1/3][loss:1.386726]
2024-08-30 12:42:19.448 | INFO     | DCDH:train:167 - [epoch:2/3][loss:0.998776]
2024-08-30 12:42:37.344 | INFO     | DCDH:train:167 - [epoch:3/3][loss:0.886478]
2024-08-30 12:42:37.345 | INFO     | DCDH:train:170 - [iter:1/50][iter_time:53.52]
2024-08-30 12:48:54.678 | INFO     | DCDH:train:242 - [iter:1/50][code_length:32][mAP:0.88470][mAP_all:0.87941][best_mAP:0.88470]
2024-08-30 12:48:54.679 | INFO     | DCDH:train:243 - [iter:1/50][code_length:32][zs_mAP:0.42408][zs_mAP_all:0.25091]
2024-08-30 12:49:10.831 | INFO     | DCDH:train:167 - [epoch:1/3][loss:1.006726]
2024-08-30 12:49:26.095 | INFO     | DCDH:train:167 - [epoch:2/3][loss:0.873224]
2024-08-30 12:49:42.999 | INFO     | DCDH:train:167 - [epoch:3/3][loss:0.851741]
2024-08-30 12:49:42.999 | INFO     | DCDH:train:170 - [iter:2/50][iter_time:48.32]
2024-08-30 12:55:49.295 | INFO     | DCDH:train:242 - [iter:2/50][code_length:32][mAP:0.88258][mAP_all:0.87925][best_mAP:0.88470]
2024-08-30 12:55:49.296 | INFO     | DCDH:train:243 - [iter:2/50][code_length:32][zs_mAP:0.43139][zs_mAP_all:0.21912]
2024-08-30 12:56:06.947 | INFO     | DCDH:train:167 - [epoch:1/3][loss:0.964537]
2024-08-30 12:56:24.329 | INFO     | DCDH:train:167 - [epoch:2/3][loss:0.855681]
2024-08-30 12:56:42.189 | INFO     | DCDH:train:167 - [epoch:3/3][loss:0.775125]
2024-08-30 12:56:42.190 | INFO     | DCDH:train:170 - [iter:3/50][iter_time:52.89]
2024-08-30 13:03:10.156 | INFO     | DCDH:train:242 - [iter:3/50][code_length:32][mAP:0.88311][mAP_all:0.87804][best_mAP:0.88470]
2024-08-30 13:03:10.156 | INFO     | DCDH:train:243 - [iter:3/50][code_length:32][zs_mAP:0.42076][zs_mAP_all:0.21833]
2024-08-30 13:03:26.675 | INFO     | DCDH:train:167 - [epoch:1/3][loss:0.901455]
2024-08-30 13:03:42.809 | INFO     | DCDH:train:167 - [epoch:2/3][loss:0.828465]
2024-08-30 13:03:58.451 | INFO     | DCDH:train:167 - [epoch:3/3][loss:0.770499]
2024-08-30 13:03:58.452 | INFO     | DCDH:train:170 - [iter:4/50][iter_time:48.30]
2024-08-30 13:10:03.972 | INFO     | DCDH:train:242 - [iter:4/50][code_length:32][mAP:0.88912][mAP_all:0.88386][best_mAP:0.88912]
2024-08-30 13:10:03.973 | INFO     | DCDH:train:243 - [iter:4/50][code_length:32][zs_mAP:0.40338][zs_mAP_all:0.21801]
2024-08-30 13:10:21.448 | INFO     | DCDH:train:167 - [epoch:1/3][loss:0.924931]
2024-08-30 13:10:38.889 | INFO     | DCDH:train:167 - [epoch:2/3][loss:0.814385]
2024-08-30 13:10:56.022 | INFO     | DCDH:train:167 - [epoch:3/3][loss:0.795702]
2024-08-30 13:10:56.023 | INFO     | DCDH:train:170 - [iter:5/50][iter_time:52.05]
2024-08-30 13:16:56.840 | INFO     | DCDH:train:242 - [iter:5/50][code_length:32][mAP:0.89707][mAP_all:0.88834][best_mAP:0.89707]
2024-08-30 13:16:56.841 | INFO     | DCDH:train:243 - [iter:5/50][code_length:32][zs_mAP:0.42816][zs_mAP_all:0.23005]
2024-08-30 13:17:13.220 | INFO     | DCDH:train:167 - [epoch:1/3][loss:0.823014]
2024-08-30 13:17:28.575 | INFO     | DCDH:train:167 - [epoch:2/3][loss:0.759213]
2024-08-30 13:17:44.320 | INFO     | DCDH:train:167 - [epoch:3/3][loss:0.737465]
2024-08-30 13:17:44.320 | INFO     | DCDH:train:170 - [iter:6/50][iter_time:47.48]
2024-08-30 13:23:57.330 | INFO     | DCDH:train:242 - [iter:6/50][code_length:32][mAP:0.89502][mAP_all:0.88662][best_mAP:0.89707]
2024-08-30 13:23:57.331 | INFO     | DCDH:train:243 - [iter:6/50][code_length:32][zs_mAP:0.41614][zs_mAP_all:0.22324]
2024-08-30 13:24:13.123 | INFO     | DCDH:train:167 - [epoch:1/3][loss:0.852605]
2024-08-30 13:24:29.599 | INFO     | DCDH:train:167 - [epoch:2/3][loss:0.821147]
2024-08-30 13:24:46.349 | INFO     | DCDH:train:167 - [epoch:3/3][loss:0.752926]
2024-08-30 13:24:46.349 | INFO     | DCDH:train:170 - [iter:7/50][iter_time:49.02]
2024-08-30 13:30:53.576 | INFO     | DCDH:train:242 - [iter:7/50][code_length:32][mAP:0.89788][mAP_all:0.88890][best_mAP:0.89788]
2024-08-30 13:30:53.577 | INFO     | DCDH:train:243 - [iter:7/50][code_length:32][zs_mAP:0.39182][zs_mAP_all:0.20292]
2024-08-30 13:31:09.870 | INFO     | DCDH:train:167 - [epoch:1/3][loss:0.890966]
2024-08-30 13:31:25.458 | INFO     | DCDH:train:167 - [epoch:2/3][loss:0.806210]
2024-08-30 13:31:42.171 | INFO     | DCDH:train:167 - [epoch:3/3][loss:0.746361]
2024-08-30 13:31:42.171 | INFO     | DCDH:train:170 - [iter:8/50][iter_time:48.59]
2024-08-30 13:37:41.388 | INFO     | DCDH:train:242 - [iter:8/50][code_length:32][mAP:0.89944][mAP_all:0.89283][best_mAP:0.89944]
2024-08-30 13:37:41.389 | INFO     | DCDH:train:243 - [iter:8/50][code_length:32][zs_mAP:0.40321][zs_mAP_all:0.22422]
2024-08-30 13:37:56.799 | INFO     | DCDH:train:167 - [epoch:1/3][loss:0.786508]
2024-08-30 13:38:12.249 | INFO     | DCDH:train:167 - [epoch:2/3][loss:0.731327]
2024-08-30 13:38:29.789 | INFO     | DCDH:train:167 - [epoch:3/3][loss:0.719064]
2024-08-30 13:38:29.790 | INFO     | DCDH:train:170 - [iter:9/50][iter_time:48.40]
2024-08-30 13:44:36.126 | INFO     | DCDH:train:242 - [iter:9/50][code_length:32][mAP:0.90492][mAP_all:0.89613][best_mAP:0.90492]
2024-08-30 13:44:36.127 | INFO     | DCDH:train:243 - [iter:9/50][code_length:32][zs_mAP:0.39265][zs_mAP_all:0.22340]
2024-08-30 13:44:51.551 | INFO     | DCDH:train:167 - [epoch:1/3][loss:0.841936]
2024-08-30 13:45:06.497 | INFO     | DCDH:train:167 - [epoch:2/3][loss:0.743999]
2024-08-30 13:45:22.099 | INFO     | DCDH:train:167 - [epoch:3/3][loss:0.709500]
2024-08-30 13:45:22.099 | INFO     | DCDH:train:170 - [iter:10/50][iter_time:45.97]
2024-08-30 13:51:28.866 | INFO     | DCDH:train:242 - [iter:10/50][code_length:32][mAP:0.90631][mAP_all:0.89707][best_mAP:0.90631]
2024-08-30 13:51:28.867 | INFO     | DCDH:train:243 - [iter:10/50][code_length:32][zs_mAP:0.40372][zs_mAP_all:0.23103]
2024-08-30 13:51:45.356 | INFO     | DCDH:train:167 - [epoch:1/3][loss:0.829707]
2024-08-30 13:52:02.241 | INFO     | DCDH:train:167 - [epoch:2/3][loss:0.797307]
2024-08-30 13:52:19.189 | INFO     | DCDH:train:167 - [epoch:3/3][loss:0.774272]
2024-08-30 13:52:19.189 | INFO     | DCDH:train:170 - [iter:11/50][iter_time:50.32]
2024-08-30 13:58:24.827 | INFO     | DCDH:train:242 - [iter:11/50][code_length:32][mAP:0.90644][mAP_all:0.89549][best_mAP:0.90644]
2024-08-30 13:58:24.829 | INFO     | DCDH:train:243 - [iter:11/50][code_length:32][zs_mAP:0.38057][zs_mAP_all:0.21073]
2024-08-30 13:58:42.518 | INFO     | DCDH:train:167 - [epoch:1/3][loss:0.798803]
2024-08-30 13:59:00.501 | INFO     | DCDH:train:167 - [epoch:2/3][loss:0.776321]
2024-08-30 13:59:18.699 | INFO     | DCDH:train:167 - [epoch:3/3][loss:0.745390]
2024-08-30 13:59:18.700 | INFO     | DCDH:train:170 - [iter:12/50][iter_time:53.87]
2024-08-30 14:05:36.398 | INFO     | DCDH:train:242 - [iter:12/50][code_length:32][mAP:0.90272][mAP_all:0.89210][best_mAP:0.90644]
2024-08-30 14:05:36.399 | INFO     | DCDH:train:243 - [iter:12/50][code_length:32][zs_mAP:0.40097][zs_mAP_all:0.21175]
2024-08-30 14:05:53.035 | INFO     | DCDH:train:167 - [epoch:1/3][loss:0.821284]
2024-08-30 14:06:08.458 | INFO     | DCDH:train:167 - [epoch:2/3][loss:0.784906]
2024-08-30 14:06:24.267 | INFO     | DCDH:train:167 - [epoch:3/3][loss:0.733003]
2024-08-30 14:06:24.268 | INFO     | DCDH:train:170 - [iter:13/50][iter_time:47.87]
2024-08-30 14:12:25.621 | INFO     | DCDH:train:242 - [iter:13/50][code_length:32][mAP:0.90751][mAP_all:0.89353][best_mAP:0.90751]
2024-08-30 14:12:25.622 | INFO     | DCDH:train:243 - [iter:13/50][code_length:32][zs_mAP:0.39483][zs_mAP_all:0.20073]
2024-08-30 14:12:41.226 | INFO     | DCDH:train:167 - [epoch:1/3][loss:0.838374]
2024-08-30 14:12:57.213 | INFO     | DCDH:train:167 - [epoch:2/3][loss:0.788158]
2024-08-30 14:13:12.711 | INFO     | DCDH:train:167 - [epoch:3/3][loss:0.781049]
2024-08-30 14:13:12.712 | INFO     | DCDH:train:170 - [iter:14/50][iter_time:47.09]
2024-08-30 14:19:23.881 | INFO     | DCDH:train:242 - [iter:14/50][code_length:32][mAP:0.90873][mAP_all:0.89998][best_mAP:0.90873]
2024-08-30 14:19:23.882 | INFO     | DCDH:train:243 - [iter:14/50][code_length:32][zs_mAP:0.39411][zs_mAP_all:0.21829]
2024-08-30 14:19:42.298 | INFO     | DCDH:train:167 - [epoch:1/3][loss:0.864317]
2024-08-30 14:19:59.522 | INFO     | DCDH:train:167 - [epoch:2/3][loss:0.779414]
2024-08-30 14:20:16.441 | INFO     | DCDH:train:167 - [epoch:3/3][loss:0.770077]
2024-08-30 14:20:16.441 | INFO     | DCDH:train:170 - [iter:15/50][iter_time:52.56]
2024-08-30 14:26:17.705 | INFO     | DCDH:train:242 - [iter:15/50][code_length:32][mAP:0.91474][mAP_all:0.90050][best_mAP:0.91474]
2024-08-30 14:26:17.706 | INFO     | DCDH:train:243 - [iter:15/50][code_length:32][zs_mAP:0.37313][zs_mAP_all:0.20056]
2024-08-30 14:26:32.998 | INFO     | DCDH:train:167 - [epoch:1/3][loss:0.790455]
2024-08-30 14:26:48.202 | INFO     | DCDH:train:167 - [epoch:2/3][loss:0.745446]
2024-08-30 14:27:04.573 | INFO     | DCDH:train:167 - [epoch:3/3][loss:0.707791]
2024-08-30 14:27:04.574 | INFO     | DCDH:train:170 - [iter:16/50][iter_time:46.87]
2024-08-30 14:33:12.250 | INFO     | DCDH:train:242 - [iter:16/50][code_length:32][mAP:0.91101][mAP_all:0.89327][best_mAP:0.91474]
2024-08-30 14:33:12.251 | INFO     | DCDH:train:243 - [iter:16/50][code_length:32][zs_mAP:0.37389][zs_mAP_all:0.20103]
2024-08-30 14:33:29.785 | INFO     | DCDH:train:167 - [epoch:1/3][loss:0.733892]
2024-08-30 14:33:47.280 | INFO     | DCDH:train:167 - [epoch:2/3][loss:0.703379]
2024-08-30 14:34:04.656 | INFO     | DCDH:train:167 - [epoch:3/3][loss:0.674634]
2024-08-30 14:34:04.657 | INFO     | DCDH:train:170 - [iter:17/50][iter_time:52.41]
2024-08-30 14:40:11.861 | INFO     | DCDH:train:242 - [iter:17/50][code_length:32][mAP:0.91215][mAP_all:0.89721][best_mAP:0.91474]
2024-08-30 14:40:11.861 | INFO     | DCDH:train:243 - [iter:17/50][code_length:32][zs_mAP:0.40089][zs_mAP_all:0.21372]
2024-08-30 14:40:28.454 | INFO     | DCDH:train:167 - [epoch:1/3][loss:0.737097]
2024-08-30 14:40:44.095 | INFO     | DCDH:train:167 - [epoch:2/3][loss:0.713788]
2024-08-30 14:41:00.404 | INFO     | DCDH:train:167 - [epoch:3/3][loss:0.693629]
2024-08-30 14:41:00.405 | INFO     | DCDH:train:170 - [iter:18/50][iter_time:48.54]
2024-08-30 14:46:59.205 | INFO     | DCDH:train:242 - [iter:18/50][code_length:32][mAP:0.91182][mAP_all:0.89829][best_mAP:0.91474]
2024-08-30 14:46:59.206 | INFO     | DCDH:train:243 - [iter:18/50][code_length:32][zs_mAP:0.37776][zs_mAP_all:0.20536]
2024-08-30 14:47:16.933 | INFO     | DCDH:train:167 - [epoch:1/3][loss:0.772565]
2024-08-30 14:47:34.354 | INFO     | DCDH:train:167 - [epoch:2/3][loss:0.703253]
2024-08-30 14:47:52.163 | INFO     | DCDH:train:167 - [epoch:3/3][loss:0.678180]
2024-08-30 14:47:52.164 | INFO     | DCDH:train:170 - [iter:19/50][iter_time:52.96]
2024-08-30 14:54:08.899 | INFO     | DCDH:train:242 - [iter:19/50][code_length:32][mAP:0.90712][mAP_all:0.89252][best_mAP:0.91474]
2024-08-30 14:54:08.900 | INFO     | DCDH:train:243 - [iter:19/50][code_length:32][zs_mAP:0.36312][zs_mAP_all:0.17313]
2024-08-30 14:54:24.072 | INFO     | DCDH:train:167 - [epoch:1/3][loss:0.830032]
2024-08-30 14:54:39.393 | INFO     | DCDH:train:167 - [epoch:2/3][loss:0.743729]
2024-08-30 14:54:55.333 | INFO     | DCDH:train:167 - [epoch:3/3][loss:0.706601]
2024-08-30 14:54:55.334 | INFO     | DCDH:train:170 - [iter:20/50][iter_time:46.43]
2024-08-30 15:01:02.428 | INFO     | DCDH:train:242 - [iter:20/50][code_length:32][mAP:0.91007][mAP_all:0.89488][best_mAP:0.91474]
2024-08-30 15:01:02.429 | INFO     | DCDH:train:243 - [iter:20/50][code_length:32][zs_mAP:0.38616][zs_mAP_all:0.19554]
2024-08-30 15:01:19.691 | INFO     | DCDH:train:167 - [epoch:1/3][loss:0.776490]
2024-08-30 15:01:36.818 | INFO     | DCDH:train:167 - [epoch:2/3][loss:0.725568]
2024-08-30 15:01:54.440 | INFO     | DCDH:train:167 - [epoch:3/3][loss:0.695798]
2024-08-30 15:01:54.442 | INFO     | DCDH:train:170 - [iter:21/50][iter_time:52.01]
2024-08-30 15:08:22.213 | INFO     | DCDH:train:242 - [iter:21/50][code_length:32][mAP:0.91227][mAP_all:0.89759][best_mAP:0.91474]
2024-08-30 15:08:22.214 | INFO     | DCDH:train:243 - [iter:21/50][code_length:32][zs_mAP:0.39320][zs_mAP_all:0.20092]
2024-08-30 15:08:39.001 | INFO     | DCDH:train:167 - [epoch:1/3][loss:0.763830]
2024-08-30 15:08:54.899 | INFO     | DCDH:train:167 - [epoch:2/3][loss:0.683331]
2024-08-30 15:09:10.511 | INFO     | DCDH:train:167 - [epoch:3/3][loss:0.691543]
2024-08-30 15:09:10.512 | INFO     | DCDH:train:170 - [iter:22/50][iter_time:48.30]
2024-08-30 15:15:15.500 | INFO     | DCDH:train:242 - [iter:22/50][code_length:32][mAP:0.91554][mAP_all:0.90295][best_mAP:0.91554]
2024-08-30 15:15:15.501 | INFO     | DCDH:train:243 - [iter:22/50][code_length:32][zs_mAP:0.39360][zs_mAP_all:0.20595]
2024-08-30 15:15:32.672 | INFO     | DCDH:train:167 - [epoch:1/3][loss:0.797590]
2024-08-30 15:15:50.155 | INFO     | DCDH:train:167 - [epoch:2/3][loss:0.769389]
2024-08-30 15:16:07.340 | INFO     | DCDH:train:167 - [epoch:3/3][loss:0.723157]
2024-08-30 15:16:07.340 | INFO     | DCDH:train:170 - [iter:23/50][iter_time:51.84]
2024-08-30 15:22:29.040 | INFO     | DCDH:train:242 - [iter:23/50][code_length:32][mAP:0.91196][mAP_all:0.89816][best_mAP:0.91554]
2024-08-30 15:22:29.041 | INFO     | DCDH:train:243 - [iter:23/50][code_length:32][zs_mAP:0.39099][zs_mAP_all:0.22040]
2024-08-30 15:22:45.626 | INFO     | DCDH:train:167 - [epoch:1/3][loss:0.785673]
2024-08-30 15:23:02.179 | INFO     | DCDH:train:167 - [epoch:2/3][loss:0.740567]
2024-08-30 15:23:18.971 | INFO     | DCDH:train:167 - [epoch:3/3][loss:0.706381]
2024-08-30 15:23:18.972 | INFO     | DCDH:train:170 - [iter:24/50][iter_time:49.93]
2024-08-30 15:29:21.761 | INFO     | DCDH:train:242 - [iter:24/50][code_length:32][mAP:0.90816][mAP_all:0.89326][best_mAP:0.91554]
2024-08-30 15:29:21.761 | INFO     | DCDH:train:243 - [iter:24/50][code_length:32][zs_mAP:0.37697][zs_mAP_all:0.21169]
2024-08-30 15:29:37.854 | INFO     | DCDH:train:167 - [epoch:1/3][loss:0.769679]
2024-08-30 15:29:54.486 | INFO     | DCDH:train:167 - [epoch:2/3][loss:0.715133]
2024-08-30 15:30:11.357 | INFO     | DCDH:train:167 - [epoch:3/3][loss:0.693841]
2024-08-30 15:30:11.358 | INFO     | DCDH:train:170 - [iter:25/50][iter_time:49.60]
2024-08-30 15:36:29.318 | INFO     | DCDH:train:242 - [iter:25/50][code_length:32][mAP:0.90835][mAP_all:0.89074][best_mAP:0.91554]
2024-08-30 15:36:29.318 | INFO     | DCDH:train:243 - [iter:25/50][code_length:32][zs_mAP:0.39407][zs_mAP_all:0.21937]
2024-08-30 15:36:46.625 | INFO     | DCDH:train:167 - [epoch:1/3][loss:0.705458]
2024-08-30 15:37:03.958 | INFO     | DCDH:train:167 - [epoch:2/3][loss:0.691752]
2024-08-30 15:37:21.385 | INFO     | DCDH:train:167 - [epoch:3/3][loss:0.623466]
2024-08-30 15:37:21.386 | INFO     | DCDH:train:170 - [iter:26/50][iter_time:52.07]
2024-08-30 15:43:27.641 | INFO     | DCDH:train:242 - [iter:26/50][code_length:32][mAP:0.90881][mAP_all:0.89779][best_mAP:0.91554]
2024-08-30 15:43:27.642 | INFO     | DCDH:train:243 - [iter:26/50][code_length:32][zs_mAP:0.35631][zs_mAP_all:0.19703]
2024-08-30 15:43:43.304 | INFO     | DCDH:train:167 - [epoch:1/3][loss:0.809735]
2024-08-30 15:43:59.271 | INFO     | DCDH:train:167 - [epoch:2/3][loss:0.712059]
2024-08-30 15:44:16.209 | INFO     | DCDH:train:167 - [epoch:3/3][loss:0.703128]
2024-08-30 15:44:16.210 | INFO     | DCDH:train:170 - [iter:27/50][iter_time:48.57]
2024-08-30 15:50:35.230 | INFO     | DCDH:train:242 - [iter:27/50][code_length:32][mAP:0.91060][mAP_all:0.89545][best_mAP:0.91554]
2024-08-30 15:50:35.231 | INFO     | DCDH:train:243 - [iter:27/50][code_length:32][zs_mAP:0.38122][zs_mAP_all:0.21143]
2024-08-30 15:50:52.738 | INFO     | DCDH:train:167 - [epoch:1/3][loss:0.750140]
2024-08-30 15:51:12.273 | INFO     | DCDH:train:167 - [epoch:2/3][loss:0.684359]
2024-08-30 15:51:32.813 | INFO     | DCDH:train:167 - [epoch:3/3][loss:0.673350]
2024-08-30 15:51:32.814 | INFO     | DCDH:train:170 - [iter:28/50][iter_time:57.58]
2024-08-30 15:57:36.476 | INFO     | DCDH:train:242 - [iter:28/50][code_length:32][mAP:0.91119][mAP_all:0.89710][best_mAP:0.91554]
2024-08-30 15:57:36.476 | INFO     | DCDH:train:243 - [iter:28/50][code_length:32][zs_mAP:0.38877][zs_mAP_all:0.21027]
2024-08-30 15:57:52.449 | INFO     | DCDH:train:167 - [epoch:1/3][loss:0.790105]
2024-08-30 15:58:09.694 | INFO     | DCDH:train:167 - [epoch:2/3][loss:0.757343]
2024-08-30 15:58:26.687 | INFO     | DCDH:train:167 - [epoch:3/3][loss:0.698167]
2024-08-30 15:58:26.688 | INFO     | DCDH:train:170 - [iter:29/50][iter_time:50.21]
2024-08-30 16:04:29.639 | INFO     | DCDH:train:242 - [iter:29/50][code_length:32][mAP:0.91297][mAP_all:0.90054][best_mAP:0.91554]
2024-08-30 16:04:29.639 | INFO     | DCDH:train:243 - [iter:29/50][code_length:32][zs_mAP:0.34990][zs_mAP_all:0.20385]
2024-08-30 16:04:47.625 | INFO     | DCDH:train:167 - [epoch:1/3][loss:0.773587]
2024-08-30 16:05:05.702 | INFO     | DCDH:train:167 - [epoch:2/3][loss:0.697592]
2024-08-30 16:05:23.457 | INFO     | DCDH:train:167 - [epoch:3/3][loss:0.667229]
2024-08-30 16:05:23.458 | INFO     | DCDH:train:170 - [iter:30/50][iter_time:53.82]
2024-08-30 16:11:29.866 | INFO     | DCDH:train:242 - [iter:30/50][code_length:32][mAP:0.90599][mAP_all:0.89248][best_mAP:0.91554]
2024-08-30 16:11:29.867 | INFO     | DCDH:train:243 - [iter:30/50][code_length:32][zs_mAP:0.38138][zs_mAP_all:0.22215]
2024-08-30 16:11:46.663 | INFO     | DCDH:train:167 - [epoch:1/3][loss:0.768831]
2024-08-30 16:12:02.259 | INFO     | DCDH:train:167 - [epoch:2/3][loss:0.698334]
2024-08-30 16:12:17.390 | INFO     | DCDH:train:167 - [epoch:3/3][loss:0.669377]
2024-08-30 16:12:17.391 | INFO     | DCDH:train:170 - [iter:31/50][iter_time:47.52]
2024-08-30 16:18:20.776 | INFO     | DCDH:train:242 - [iter:31/50][code_length:32][mAP:0.91497][mAP_all:0.89892][best_mAP:0.91554]
2024-08-30 16:18:20.776 | INFO     | DCDH:train:243 - [iter:31/50][code_length:32][zs_mAP:0.36841][zs_mAP_all:0.20412]
2024-08-30 16:18:36.296 | INFO     | DCDH:train:167 - [epoch:1/3][loss:0.765703]
2024-08-30 16:18:52.472 | INFO     | DCDH:train:167 - [epoch:2/3][loss:0.746888]
2024-08-30 16:19:08.379 | INFO     | DCDH:train:167 - [epoch:3/3][loss:0.711529]
2024-08-30 16:19:08.380 | INFO     | DCDH:train:170 - [iter:32/50][iter_time:47.60]
2024-08-30 16:25:07.626 | INFO     | DCDH:train:242 - [iter:32/50][code_length:32][mAP:0.90879][mAP_all:0.89408][best_mAP:0.91554]
2024-08-30 16:25:07.627 | INFO     | DCDH:train:243 - [iter:32/50][code_length:32][zs_mAP:0.37853][zs_mAP_all:0.20700]
2024-08-30 16:25:24.416 | INFO     | DCDH:train:167 - [epoch:1/3][loss:0.755467]
2024-08-30 16:25:41.627 | INFO     | DCDH:train:167 - [epoch:2/3][loss:0.718516]
2024-08-30 16:25:59.218 | INFO     | DCDH:train:167 - [epoch:3/3][loss:0.694025]
2024-08-30 16:25:59.219 | INFO     | DCDH:train:170 - [iter:33/50][iter_time:51.59]
2024-08-30 16:32:00.719 | INFO     | DCDH:train:242 - [iter:33/50][code_length:32][mAP:0.91279][mAP_all:0.89678][best_mAP:0.91554]
2024-08-30 16:32:00.720 | INFO     | DCDH:train:243 - [iter:33/50][code_length:32][zs_mAP:0.36876][zs_mAP_all:0.19939]
2024-08-30 16:32:15.980 | INFO     | DCDH:train:167 - [epoch:1/3][loss:0.742762]
2024-08-30 16:32:31.392 | INFO     | DCDH:train:167 - [epoch:2/3][loss:0.676416]
2024-08-30 16:32:47.129 | INFO     | DCDH:train:167 - [epoch:3/3][loss:0.669961]
2024-08-30 16:32:47.129 | INFO     | DCDH:train:170 - [iter:34/50][iter_time:46.41]
2024-08-30 16:38:51.308 | INFO     | DCDH:train:242 - [iter:34/50][code_length:32][mAP:0.91231][mAP_all:0.89559][best_mAP:0.91554]
2024-08-30 16:38:51.309 | INFO     | DCDH:train:243 - [iter:34/50][code_length:32][zs_mAP:0.37030][zs_mAP_all:0.18807]
2024-08-30 16:39:06.457 | INFO     | DCDH:train:167 - [epoch:1/3][loss:0.759753]
2024-08-30 16:39:21.417 | INFO     | DCDH:train:167 - [epoch:2/3][loss:0.696919]
2024-08-30 16:39:37.108 | INFO     | DCDH:train:167 - [epoch:3/3][loss:0.675250]
2024-08-30 16:39:37.109 | INFO     | DCDH:train:170 - [iter:35/50][iter_time:45.80]
2024-08-30 16:45:38.569 | INFO     | DCDH:train:242 - [iter:35/50][code_length:32][mAP:0.91274][mAP_all:0.89486][best_mAP:0.91554]
2024-08-30 16:45:38.569 | INFO     | DCDH:train:243 - [iter:35/50][code_length:32][zs_mAP:0.38512][zs_mAP_all:0.21747]
2024-08-30 16:45:54.999 | INFO     | DCDH:train:167 - [epoch:1/3][loss:0.728114]
2024-08-30 16:46:11.547 | INFO     | DCDH:train:167 - [epoch:2/3][loss:0.661420]
2024-08-30 16:46:27.418 | INFO     | DCDH:train:167 - [epoch:3/3][loss:0.634780]
2024-08-30 16:46:27.418 | INFO     | DCDH:train:170 - [iter:36/50][iter_time:48.85]
2024-08-30 16:52:26.507 | INFO     | DCDH:train:242 - [iter:36/50][code_length:32][mAP:0.91129][mAP_all:0.89511][best_mAP:0.91554]
2024-08-30 16:52:26.507 | INFO     | DCDH:train:243 - [iter:36/50][code_length:32][zs_mAP:0.38690][zs_mAP_all:0.21546]
2024-08-30 16:52:43.086 | INFO     | DCDH:train:167 - [epoch:1/3][loss:0.762353]
2024-08-30 16:53:00.417 | INFO     | DCDH:train:167 - [epoch:2/3][loss:0.709505]
2024-08-30 16:53:17.785 | INFO     | DCDH:train:167 - [epoch:3/3][loss:0.704338]
2024-08-30 16:53:17.786 | INFO     | DCDH:train:170 - [iter:37/50][iter_time:51.28]
2024-08-30 16:59:21.591 | INFO     | DCDH:train:242 - [iter:37/50][code_length:32][mAP:0.90783][mAP_all:0.89312][best_mAP:0.91554]
2024-08-30 16:59:21.591 | INFO     | DCDH:train:243 - [iter:37/50][code_length:32][zs_mAP:0.40877][zs_mAP_all:0.23328]
2024-08-30 16:59:37.017 | INFO     | DCDH:train:167 - [epoch:1/3][loss:0.760871]
2024-08-30 16:59:52.276 | INFO     | DCDH:train:167 - [epoch:2/3][loss:0.706428]
2024-08-30 17:00:08.861 | INFO     | DCDH:train:167 - [epoch:3/3][loss:0.713555]
2024-08-30 17:00:08.862 | INFO     | DCDH:train:170 - [iter:38/50][iter_time:47.27]
2024-08-30 17:06:11.235 | INFO     | DCDH:train:242 - [iter:38/50][code_length:32][mAP:0.91325][mAP_all:0.89693][best_mAP:0.91554]
2024-08-30 17:06:11.236 | INFO     | DCDH:train:243 - [iter:38/50][code_length:32][zs_mAP:0.38495][zs_mAP_all:0.20732]
2024-08-30 17:06:28.962 | INFO     | DCDH:train:167 - [epoch:1/3][loss:0.745836]
2024-08-30 17:06:46.435 | INFO     | DCDH:train:167 - [epoch:2/3][loss:0.730644]
2024-08-30 17:07:03.826 | INFO     | DCDH:train:167 - [epoch:3/3][loss:0.684018]
2024-08-30 17:07:03.827 | INFO     | DCDH:train:170 - [iter:39/50][iter_time:52.59]
2024-08-30 17:13:14.606 | INFO     | DCDH:train:242 - [iter:39/50][code_length:32][mAP:0.90893][mAP_all:0.89586][best_mAP:0.91554]
2024-08-30 17:13:14.607 | INFO     | DCDH:train:243 - [iter:39/50][code_length:32][zs_mAP:0.35007][zs_mAP_all:0.19076]
2024-08-30 17:13:31.402 | INFO     | DCDH:train:167 - [epoch:1/3][loss:0.734955]
2024-08-30 17:13:48.086 | INFO     | DCDH:train:167 - [epoch:2/3][loss:0.699160]
2024-08-30 17:14:04.386 | INFO     | DCDH:train:167 - [epoch:3/3][loss:0.649129]
2024-08-30 17:14:04.387 | INFO     | DCDH:train:170 - [iter:40/50][iter_time:49.78]
2024-08-30 17:20:10.417 | INFO     | DCDH:train:242 - [iter:40/50][code_length:32][mAP:0.91506][mAP_all:0.89901][best_mAP:0.91554]
2024-08-30 17:20:10.418 | INFO     | DCDH:train:243 - [iter:40/50][code_length:32][zs_mAP:0.33862][zs_mAP_all:0.18168]
2024-08-30 17:20:28.322 | INFO     | DCDH:train:167 - [epoch:1/3][loss:0.731641]
2024-08-30 17:20:45.934 | INFO     | DCDH:train:167 - [epoch:2/3][loss:0.703540]
2024-08-30 17:21:03.049 | INFO     | DCDH:train:167 - [epoch:3/3][loss:0.688504]
2024-08-30 17:21:03.049 | INFO     | DCDH:train:170 - [iter:41/50][iter_time:52.63]
2024-08-30 17:27:15.071 | INFO     | DCDH:train:242 - [iter:41/50][code_length:32][mAP:0.91000][mAP_all:0.89409][best_mAP:0.91554]
2024-08-30 17:27:15.072 | INFO     | DCDH:train:243 - [iter:41/50][code_length:32][zs_mAP:0.33455][zs_mAP_all:0.18194]
2024-08-30 17:27:31.223 | INFO     | DCDH:train:167 - [epoch:1/3][loss:0.740198]
2024-08-30 17:27:47.346 | INFO     | DCDH:train:167 - [epoch:2/3][loss:0.712022]
2024-08-30 17:28:03.682 | INFO     | DCDH:train:167 - [epoch:3/3][loss:0.712584]
2024-08-30 17:28:03.683 | INFO     | DCDH:train:170 - [iter:42/50][iter_time:48.61]
2024-08-30 17:34:07.932 | INFO     | DCDH:train:242 - [iter:42/50][code_length:32][mAP:0.90886][mAP_all:0.89516][best_mAP:0.91554]
2024-08-30 17:34:07.933 | INFO     | DCDH:train:243 - [iter:42/50][code_length:32][zs_mAP:0.31650][zs_mAP_all:0.15598]
2024-08-30 17:34:25.862 | INFO     | DCDH:train:167 - [epoch:1/3][loss:0.716749]
2024-08-30 17:34:43.341 | INFO     | DCDH:train:167 - [epoch:2/3][loss:0.678015]
2024-08-30 17:35:01.134 | INFO     | DCDH:train:167 - [epoch:3/3][loss:0.641568]
2024-08-30 17:35:01.134 | INFO     | DCDH:train:170 - [iter:43/50][iter_time:53.20]
2024-08-30 17:41:14.361 | INFO     | DCDH:train:242 - [iter:43/50][code_length:32][mAP:0.91022][mAP_all:0.89461][best_mAP:0.91554]
2024-08-30 17:41:14.361 | INFO     | DCDH:train:243 - [iter:43/50][code_length:32][zs_mAP:0.34540][zs_mAP_all:0.19066]
2024-08-30 17:41:29.099 | INFO     | DCDH:train:167 - [epoch:1/3][loss:0.722353]
2024-08-30 17:41:43.002 | INFO     | DCDH:train:167 - [epoch:2/3][loss:0.706607]
2024-08-30 17:41:56.866 | INFO     | DCDH:train:167 - [epoch:3/3][loss:0.682520]
2024-08-30 17:41:56.866 | INFO     | DCDH:train:170 - [iter:44/50][iter_time:42.50]
2024-08-30 17:47:57.405 | INFO     | DCDH:train:242 - [iter:44/50][code_length:32][mAP:0.91447][mAP_all:0.89958][best_mAP:0.91554]
2024-08-30 17:47:57.406 | INFO     | DCDH:train:243 - [iter:44/50][code_length:32][zs_mAP:0.33973][zs_mAP_all:0.17929]
2024-08-30 17:48:15.516 | INFO     | DCDH:train:167 - [epoch:1/3][loss:0.719667]
2024-08-30 17:48:33.547 | INFO     | DCDH:train:167 - [epoch:2/3][loss:0.685253]
2024-08-30 17:48:51.372 | INFO     | DCDH:train:167 - [epoch:3/3][loss:0.655256]
2024-08-30 17:48:51.373 | INFO     | DCDH:train:170 - [iter:45/50][iter_time:53.97]
2024-08-30 17:55:02.306 | INFO     | DCDH:train:242 - [iter:45/50][code_length:32][mAP:0.91354][mAP_all:0.90333][best_mAP:0.91554]
2024-08-30 17:55:02.306 | INFO     | DCDH:train:243 - [iter:45/50][code_length:32][zs_mAP:0.34844][zs_mAP_all:0.18048]
2024-08-30 17:55:19.948 | INFO     | DCDH:train:167 - [epoch:1/3][loss:0.742421]
2024-08-30 17:55:36.817 | INFO     | DCDH:train:167 - [epoch:2/3][loss:0.735360]
2024-08-30 17:55:52.985 | INFO     | DCDH:train:167 - [epoch:3/3][loss:0.709033]
2024-08-30 17:55:52.986 | INFO     | DCDH:train:170 - [iter:46/50][iter_time:50.68]
2024-08-30 18:01:51.578 | INFO     | DCDH:train:242 - [iter:46/50][code_length:32][mAP:0.91475][mAP_all:0.90236][best_mAP:0.91554]
2024-08-30 18:01:51.579 | INFO     | DCDH:train:243 - [iter:46/50][code_length:32][zs_mAP:0.35776][zs_mAP_all:0.18247]
2024-08-30 18:02:07.680 | INFO     | DCDH:train:167 - [epoch:1/3][loss:0.708621]
2024-08-30 18:02:24.384 | INFO     | DCDH:train:167 - [epoch:2/3][loss:0.718039]
2024-08-30 18:02:40.868 | INFO     | DCDH:train:167 - [epoch:3/3][loss:0.702768]
2024-08-30 18:02:40.869 | INFO     | DCDH:train:170 - [iter:47/50][iter_time:49.29]
2024-08-30 18:09:04.698 | INFO     | DCDH:train:242 - [iter:47/50][code_length:32][mAP:0.91570][mAP_all:0.90347][best_mAP:0.91570]
2024-08-30 18:09:04.699 | INFO     | DCDH:train:243 - [iter:47/50][code_length:32][zs_mAP:0.35170][zs_mAP_all:0.18182]
2024-08-30 18:09:22.378 | INFO     | DCDH:train:167 - [epoch:1/3][loss:0.705734]
2024-08-30 18:09:40.088 | INFO     | DCDH:train:167 - [epoch:2/3][loss:0.693226]
2024-08-30 18:09:57.492 | INFO     | DCDH:train:167 - [epoch:3/3][loss:0.664389]
2024-08-30 18:09:57.492 | INFO     | DCDH:train:170 - [iter:48/50][iter_time:52.79]
2024-08-30 18:16:00.540 | INFO     | DCDH:train:242 - [iter:48/50][code_length:32][mAP:0.91729][mAP_all:0.90395][best_mAP:0.91729]
2024-08-30 18:16:00.542 | INFO     | DCDH:train:243 - [iter:48/50][code_length:32][zs_mAP:0.34913][zs_mAP_all:0.18457]
2024-08-30 18:16:17.034 | INFO     | DCDH:train:167 - [epoch:1/3][loss:0.709050]
2024-08-30 18:16:33.638 | INFO     | DCDH:train:167 - [epoch:2/3][loss:0.716925]
2024-08-30 18:16:50.139 | INFO     | DCDH:train:167 - [epoch:3/3][loss:0.700817]
2024-08-30 18:16:50.140 | INFO     | DCDH:train:170 - [iter:49/50][iter_time:49.60]
2024-08-30 18:23:00.279 | INFO     | DCDH:train:242 - [iter:49/50][code_length:32][mAP:0.91485][mAP_all:0.90425][best_mAP:0.91729]
2024-08-30 18:23:00.280 | INFO     | DCDH:train:243 - [iter:49/50][code_length:32][zs_mAP:0.34765][zs_mAP_all:0.18756]
2024-08-30 18:23:18.490 | INFO     | DCDH:train:167 - [epoch:1/3][loss:0.787545]
2024-08-30 18:23:35.897 | INFO     | DCDH:train:167 - [epoch:2/3][loss:0.730573]
2024-08-30 18:23:54.154 | INFO     | DCDH:train:167 - [epoch:3/3][loss:0.738754]
2024-08-30 18:23:54.155 | INFO     | DCDH:train:170 - [iter:50/50][iter_time:53.88]
2024-08-30 18:29:59.318 | INFO     | DCDH:train:242 - [iter:50/50][code_length:32][mAP:0.91483][mAP_all:0.90266][best_mAP:0.91729]
2024-08-30 18:29:59.319 | INFO     | DCDH:train:243 - [iter:50/50][code_length:32][zs_mAP:0.35560][zs_mAP_all:0.18982]
2024-08-30 18:29:59.319 | INFO     | DCDH:train:246 - [Training time:20895.49]
2024-08-30 18:29:59.322 | INFO     | __main__:run:138 - [code_length:32][map:0.9173][map_all:0.9039][zs_map:0.3491][zs_map_all:0.1846]
2024-08-30 18:30:15.209 | INFO     | DCDH:train:167 - [epoch:1/3][loss:1.990777]
2024-08-30 18:30:30.433 | INFO     | DCDH:train:167 - [epoch:2/3][loss:1.460899]
2024-08-30 18:30:45.489 | INFO     | DCDH:train:167 - [epoch:3/3][loss:1.228081]
2024-08-30 18:30:45.490 | INFO     | DCDH:train:170 - [iter:1/50][iter_time:45.46]
2024-08-30 18:36:50.785 | INFO     | DCDH:train:242 - [iter:1/50][code_length:64][mAP:0.89376][mAP_all:0.88667][best_mAP:0.89376]
2024-08-30 18:36:50.785 | INFO     | DCDH:train:243 - [iter:1/50][code_length:64][zs_mAP:0.45369][zs_mAP_all:0.29804]
2024-08-30 18:37:08.309 | INFO     | DCDH:train:167 - [epoch:1/3][loss:1.464662]
2024-08-30 18:37:25.932 | INFO     | DCDH:train:167 - [epoch:2/3][loss:1.304517]
2024-08-30 18:37:42.994 | INFO     | DCDH:train:167 - [epoch:3/3][loss:1.172191]
2024-08-30 18:37:42.994 | INFO     | DCDH:train:170 - [iter:2/50][iter_time:52.21]
2024-08-30 18:43:57.372 | INFO     | DCDH:train:242 - [iter:2/50][code_length:64][mAP:0.90497][mAP_all:0.89300][best_mAP:0.90497]
2024-08-30 18:43:57.373 | INFO     | DCDH:train:243 - [iter:2/50][code_length:64][zs_mAP:0.45660][zs_mAP_all:0.28826]
2024-08-30 18:44:12.966 | INFO     | DCDH:train:167 - [epoch:1/3][loss:1.351317]
2024-08-30 18:44:29.357 | INFO     | DCDH:train:167 - [epoch:2/3][loss:1.141806]
2024-08-30 18:44:45.358 | INFO     | DCDH:train:167 - [epoch:3/3][loss:1.079175]
2024-08-30 18:44:45.359 | INFO     | DCDH:train:170 - [iter:3/50][iter_time:47.98]
2024-08-30 18:50:59.382 | INFO     | DCDH:train:242 - [iter:3/50][code_length:64][mAP:0.90296][mAP_all:0.88971][best_mAP:0.90497]
2024-08-30 18:50:59.383 | INFO     | DCDH:train:243 - [iter:3/50][code_length:64][zs_mAP:0.46405][zs_mAP_all:0.30643]
2024-08-30 18:51:17.378 | INFO     | DCDH:train:167 - [epoch:1/3][loss:1.182862]
2024-08-30 18:51:34.923 | INFO     | DCDH:train:167 - [epoch:2/3][loss:1.081382]
2024-08-30 18:51:52.625 | INFO     | DCDH:train:167 - [epoch:3/3][loss:0.970075]
2024-08-30 18:51:52.626 | INFO     | DCDH:train:170 - [iter:4/50][iter_time:53.24]
2024-08-30 18:58:23.817 | INFO     | DCDH:train:242 - [iter:4/50][code_length:64][mAP:0.90689][mAP_all:0.89234][best_mAP:0.90689]
2024-08-30 18:58:23.818 | INFO     | DCDH:train:243 - [iter:4/50][code_length:64][zs_mAP:0.46636][zs_mAP_all:0.33251]
2024-08-30 18:58:38.717 | INFO     | DCDH:train:167 - [epoch:1/3][loss:1.137364]
2024-08-30 18:58:53.481 | INFO     | DCDH:train:167 - [epoch:2/3][loss:1.102152]
2024-08-30 18:59:09.214 | INFO     | DCDH:train:167 - [epoch:3/3][loss:0.981902]
2024-08-30 18:59:09.215 | INFO     | DCDH:train:170 - [iter:5/50][iter_time:45.40]
2024-08-30 19:05:18.052 | INFO     | DCDH:train:242 - [iter:5/50][code_length:64][mAP:0.90009][mAP_all:0.88553][best_mAP:0.90689]
2024-08-30 19:05:18.052 | INFO     | DCDH:train:243 - [iter:5/50][code_length:64][zs_mAP:0.46600][zs_mAP_all:0.31874]
2024-08-30 19:05:35.620 | INFO     | DCDH:train:167 - [epoch:1/3][loss:1.144314]
2024-08-30 19:05:52.937 | INFO     | DCDH:train:167 - [epoch:2/3][loss:1.001388]
2024-08-30 19:06:10.219 | INFO     | DCDH:train:167 - [epoch:3/3][loss:0.999575]
2024-08-30 19:06:10.219 | INFO     | DCDH:train:170 - [iter:6/50][iter_time:52.17]
2024-08-30 19:12:26.399 | INFO     | DCDH:train:242 - [iter:6/50][code_length:64][mAP:0.90453][mAP_all:0.88954][best_mAP:0.90689]
2024-08-30 19:12:26.399 | INFO     | DCDH:train:243 - [iter:6/50][code_length:64][zs_mAP:0.42564][zs_mAP_all:0.28081]
2024-08-30 19:12:42.702 | INFO     | DCDH:train:167 - [epoch:1/3][loss:1.059926]
2024-08-30 19:12:58.344 | INFO     | DCDH:train:167 - [epoch:2/3][loss:0.972592]
2024-08-30 19:13:15.004 | INFO     | DCDH:train:167 - [epoch:3/3][loss:0.932686]
2024-08-30 19:13:15.005 | INFO     | DCDH:train:170 - [iter:7/50][iter_time:48.61]
2024-08-30 19:19:12.995 | INFO     | DCDH:train:242 - [iter:7/50][code_length:64][mAP:0.91084][mAP_all:0.89388][best_mAP:0.91084]
2024-08-30 19:19:12.996 | INFO     | DCDH:train:243 - [iter:7/50][code_length:64][zs_mAP:0.44569][zs_mAP_all:0.31267]
2024-08-30 19:19:28.215 | INFO     | DCDH:train:167 - [epoch:1/3][loss:1.003818]
2024-08-30 19:19:45.628 | INFO     | DCDH:train:167 - [epoch:2/3][loss:0.934753]
2024-08-30 19:20:02.997 | INFO     | DCDH:train:167 - [epoch:3/3][loss:0.892317]
2024-08-30 19:20:02.998 | INFO     | DCDH:train:170 - [iter:8/50][iter_time:50.00]
2024-08-30 19:26:04.541 | INFO     | DCDH:train:242 - [iter:8/50][code_length:64][mAP:0.90612][mAP_all:0.88574][best_mAP:0.91084]
2024-08-30 19:26:04.542 | INFO     | DCDH:train:243 - [iter:8/50][code_length:64][zs_mAP:0.44155][zs_mAP_all:0.30187]
2024-08-30 19:26:21.309 | INFO     | DCDH:train:167 - [epoch:1/3][loss:1.025129]
2024-08-30 19:26:36.635 | INFO     | DCDH:train:167 - [epoch:2/3][loss:0.948160]
2024-08-30 19:26:51.911 | INFO     | DCDH:train:167 - [epoch:3/3][loss:0.902307]
2024-08-30 19:26:51.912 | INFO     | DCDH:train:170 - [iter:9/50][iter_time:47.37]
2024-08-30 19:32:54.564 | INFO     | DCDH:train:242 - [iter:9/50][code_length:64][mAP:0.90232][mAP_all:0.88645][best_mAP:0.91084]
2024-08-30 19:32:54.565 | INFO     | DCDH:train:243 - [iter:9/50][code_length:64][zs_mAP:0.43662][zs_mAP_all:0.30713]
2024-08-30 19:33:11.356 | INFO     | DCDH:train:167 - [epoch:1/3][loss:0.997115]
2024-08-30 19:33:27.806 | INFO     | DCDH:train:167 - [epoch:2/3][loss:0.919068]
2024-08-30 19:33:44.013 | INFO     | DCDH:train:167 - [epoch:3/3][loss:0.923265]
2024-08-30 19:33:44.014 | INFO     | DCDH:train:170 - [iter:10/50][iter_time:49.45]
2024-08-30 19:39:51.414 | INFO     | DCDH:train:242 - [iter:10/50][code_length:64][mAP:0.90444][mAP_all:0.88687][best_mAP:0.91084]
2024-08-30 19:39:51.415 | INFO     | DCDH:train:243 - [iter:10/50][code_length:64][zs_mAP:0.44211][zs_mAP_all:0.30156]
2024-08-30 19:40:08.060 | INFO     | DCDH:train:167 - [epoch:1/3][loss:1.008784]
2024-08-30 19:40:24.669 | INFO     | DCDH:train:167 - [epoch:2/3][loss:0.919096]
2024-08-30 19:40:40.877 | INFO     | DCDH:train:167 - [epoch:3/3][loss:0.858215]
2024-08-30 19:40:40.878 | INFO     | DCDH:train:170 - [iter:11/50][iter_time:49.46]
2024-08-30 19:46:48.860 | INFO     | DCDH:train:242 - [iter:11/50][code_length:64][mAP:0.91110][mAP_all:0.89341][best_mAP:0.91110]
2024-08-30 19:46:48.862 | INFO     | DCDH:train:243 - [iter:11/50][code_length:64][zs_mAP:0.44471][zs_mAP_all:0.28490]
2024-08-30 19:47:04.312 | INFO     | DCDH:train:167 - [epoch:1/3][loss:0.966182]
2024-08-30 19:47:19.878 | INFO     | DCDH:train:167 - [epoch:2/3][loss:0.896431]
2024-08-30 19:47:35.987 | INFO     | DCDH:train:167 - [epoch:3/3][loss:0.832734]
2024-08-30 19:47:35.987 | INFO     | DCDH:train:170 - [iter:12/50][iter_time:47.13]
2024-08-30 19:53:42.822 | INFO     | DCDH:train:242 - [iter:12/50][code_length:64][mAP:0.91147][mAP_all:0.89131][best_mAP:0.91147]
2024-08-30 19:53:42.823 | INFO     | DCDH:train:243 - [iter:12/50][code_length:64][zs_mAP:0.41764][zs_mAP_all:0.27284]
2024-08-30 19:53:57.255 | INFO     | DCDH:train:167 - [epoch:1/3][loss:0.962261]
2024-08-30 19:54:13.489 | INFO     | DCDH:train:167 - [epoch:2/3][loss:0.847347]
2024-08-30 19:54:30.001 | INFO     | DCDH:train:167 - [epoch:3/3][loss:0.828225]
2024-08-30 19:54:30.002 | INFO     | DCDH:train:170 - [iter:13/50][iter_time:47.18]
2024-08-30 20:00:33.147 | INFO     | DCDH:train:242 - [iter:13/50][code_length:64][mAP:0.90909][mAP_all:0.89104][best_mAP:0.91147]
2024-08-30 20:00:33.148 | INFO     | DCDH:train:243 - [iter:13/50][code_length:64][zs_mAP:0.42408][zs_mAP_all:0.28064]
2024-08-30 20:00:48.802 | INFO     | DCDH:train:167 - [epoch:1/3][loss:0.971225]
2024-08-30 20:01:05.358 | INFO     | DCDH:train:167 - [epoch:2/3][loss:0.888124]
2024-08-30 20:01:22.231 | INFO     | DCDH:train:167 - [epoch:3/3][loss:0.811782]
2024-08-30 20:01:22.232 | INFO     | DCDH:train:170 - [iter:14/50][iter_time:49.08]
2024-08-30 20:07:21.950 | INFO     | DCDH:train:242 - [iter:14/50][code_length:64][mAP:0.90940][mAP_all:0.88867][best_mAP:0.91147]
2024-08-30 20:07:21.950 | INFO     | DCDH:train:243 - [iter:14/50][code_length:64][zs_mAP:0.42973][zs_mAP_all:0.26690]
2024-08-30 20:07:39.746 | INFO     | DCDH:train:167 - [epoch:1/3][loss:0.998011]
2024-08-30 20:07:57.308 | INFO     | DCDH:train:167 - [epoch:2/3][loss:0.902833]
2024-08-30 20:08:15.258 | INFO     | DCDH:train:167 - [epoch:3/3][loss:0.883792]
2024-08-30 20:08:15.259 | INFO     | DCDH:train:170 - [iter:15/50][iter_time:53.31]
2024-08-30 20:14:28.359 | INFO     | DCDH:train:242 - [iter:15/50][code_length:64][mAP:0.91328][mAP_all:0.89432][best_mAP:0.91328]
2024-08-30 20:14:28.360 | INFO     | DCDH:train:243 - [iter:15/50][code_length:64][zs_mAP:0.43625][zs_mAP_all:0.27618]
2024-08-30 20:14:45.275 | INFO     | DCDH:train:167 - [epoch:1/3][loss:0.991297]
2024-08-30 20:15:00.764 | INFO     | DCDH:train:167 - [epoch:2/3][loss:0.917430]
2024-08-30 20:15:16.760 | INFO     | DCDH:train:167 - [epoch:3/3][loss:0.911466]
2024-08-30 20:15:16.761 | INFO     | DCDH:train:170 - [iter:16/50][iter_time:48.40]
2024-08-30 20:21:15.280 | INFO     | DCDH:train:242 - [iter:16/50][code_length:64][mAP:0.91007][mAP_all:0.89198][best_mAP:0.91328]
2024-08-30 20:21:15.280 | INFO     | DCDH:train:243 - [iter:16/50][code_length:64][zs_mAP:0.42455][zs_mAP_all:0.28701]
2024-08-30 20:21:30.626 | INFO     | DCDH:train:167 - [epoch:1/3][loss:0.906022]
2024-08-30 20:21:45.735 | INFO     | DCDH:train:167 - [epoch:2/3][loss:0.884981]
2024-08-30 20:22:02.106 | INFO     | DCDH:train:167 - [epoch:3/3][loss:0.846345]
2024-08-30 20:22:02.107 | INFO     | DCDH:train:170 - [iter:17/50][iter_time:46.83]
2024-08-30 20:28:29.106 | INFO     | DCDH:train:242 - [iter:17/50][code_length:64][mAP:0.90971][mAP_all:0.89086][best_mAP:0.91328]
2024-08-30 20:28:29.106 | INFO     | DCDH:train:243 - [iter:17/50][code_length:64][zs_mAP:0.43721][zs_mAP_all:0.27253]
2024-08-30 20:28:47.555 | INFO     | DCDH:train:167 - [epoch:1/3][loss:0.932524]
2024-08-30 20:29:04.465 | INFO     | DCDH:train:167 - [epoch:2/3][loss:0.888065]
2024-08-30 20:29:20.448 | INFO     | DCDH:train:167 - [epoch:3/3][loss:0.804921]
2024-08-30 20:29:20.449 | INFO     | DCDH:train:170 - [iter:18/50][iter_time:51.34]
2024-08-30 20:35:20.840 | INFO     | DCDH:train:242 - [iter:18/50][code_length:64][mAP:0.91349][mAP_all:0.89353][best_mAP:0.91349]
2024-08-30 20:35:20.841 | INFO     | DCDH:train:243 - [iter:18/50][code_length:64][zs_mAP:0.42662][zs_mAP_all:0.28149]
2024-08-30 20:35:37.016 | INFO     | DCDH:train:167 - [epoch:1/3][loss:0.897792]
2024-08-30 20:35:53.454 | INFO     | DCDH:train:167 - [epoch:2/3][loss:0.850396]
2024-08-30 20:36:10.239 | INFO     | DCDH:train:167 - [epoch:3/3][loss:0.813440]
2024-08-30 20:36:10.240 | INFO     | DCDH:train:170 - [iter:19/50][iter_time:49.40]
2024-08-30 20:42:30.358 | INFO     | DCDH:train:242 - [iter:19/50][code_length:64][mAP:0.91115][mAP_all:0.89452][best_mAP:0.91349]
2024-08-30 20:42:30.359 | INFO     | DCDH:train:243 - [iter:19/50][code_length:64][zs_mAP:0.43167][zs_mAP_all:0.26800]
2024-08-30 20:42:48.633 | INFO     | DCDH:train:167 - [epoch:1/3][loss:0.928795]
2024-08-30 20:43:06.155 | INFO     | DCDH:train:167 - [epoch:2/3][loss:0.845237]
2024-08-30 20:43:23.677 | INFO     | DCDH:train:167 - [epoch:3/3][loss:0.867135]
2024-08-30 20:43:23.678 | INFO     | DCDH:train:170 - [iter:20/50][iter_time:53.32]
2024-08-30 20:49:22.952 | INFO     | DCDH:train:242 - [iter:20/50][code_length:64][mAP:0.91272][mAP_all:0.89375][best_mAP:0.91349]
2024-08-30 20:49:22.953 | INFO     | DCDH:train:243 - [iter:20/50][code_length:64][zs_mAP:0.43133][zs_mAP_all:0.26025]
2024-08-30 20:49:38.172 | INFO     | DCDH:train:167 - [epoch:1/3][loss:0.924219]
2024-08-30 20:49:53.332 | INFO     | DCDH:train:167 - [epoch:2/3][loss:0.859573]
2024-08-30 20:50:08.677 | INFO     | DCDH:train:167 - [epoch:3/3][loss:0.811998]
2024-08-30 20:50:08.678 | INFO     | DCDH:train:170 - [iter:21/50][iter_time:45.73]
2024-08-30 20:56:21.088 | INFO     | DCDH:train:242 - [iter:21/50][code_length:64][mAP:0.91177][mAP_all:0.89491][best_mAP:0.91349]
2024-08-30 20:56:21.088 | INFO     | DCDH:train:243 - [iter:21/50][code_length:64][zs_mAP:0.40996][zs_mAP_all:0.23313]
2024-08-30 20:56:38.939 | INFO     | DCDH:train:167 - [epoch:1/3][loss:0.929292]
2024-08-30 20:56:56.469 | INFO     | DCDH:train:167 - [epoch:2/3][loss:0.903900]
2024-08-30 20:57:14.061 | INFO     | DCDH:train:167 - [epoch:3/3][loss:0.839264]
2024-08-30 20:57:14.062 | INFO     | DCDH:train:170 - [iter:22/50][iter_time:52.97]
2024-08-30 21:03:18.903 | INFO     | DCDH:train:242 - [iter:22/50][code_length:64][mAP:0.91354][mAP_all:0.89455][best_mAP:0.91354]
2024-08-30 21:03:18.904 | INFO     | DCDH:train:243 - [iter:22/50][code_length:64][zs_mAP:0.41124][zs_mAP_all:0.25795]
2024-08-30 21:03:34.570 | INFO     | DCDH:train:167 - [epoch:1/3][loss:0.923349]
2024-08-30 21:03:51.321 | INFO     | DCDH:train:167 - [epoch:2/3][loss:0.851069]
2024-08-30 21:04:07.784 | INFO     | DCDH:train:167 - [epoch:3/3][loss:0.842181]
2024-08-30 21:04:07.784 | INFO     | DCDH:train:170 - [iter:23/50][iter_time:48.88]
2024-08-30 21:10:16.268 | INFO     | DCDH:train:242 - [iter:23/50][code_length:64][mAP:0.91602][mAP_all:0.89845][best_mAP:0.91602]
2024-08-30 21:10:16.269 | INFO     | DCDH:train:243 - [iter:23/50][code_length:64][zs_mAP:0.41250][zs_mAP_all:0.22809]
2024-08-30 21:10:34.033 | INFO     | DCDH:train:167 - [epoch:1/3][loss:0.858467]
2024-08-30 21:10:51.931 | INFO     | DCDH:train:167 - [epoch:2/3][loss:0.821802]
2024-08-30 21:11:09.401 | INFO     | DCDH:train:167 - [epoch:3/3][loss:0.793197]
2024-08-30 21:11:09.402 | INFO     | DCDH:train:170 - [iter:24/50][iter_time:53.13]
2024-08-30 21:17:11.718 | INFO     | DCDH:train:242 - [iter:24/50][code_length:64][mAP:0.91028][mAP_all:0.89322][best_mAP:0.91602]
2024-08-30 21:17:11.719 | INFO     | DCDH:train:243 - [iter:24/50][code_length:64][zs_mAP:0.40967][zs_mAP_all:0.23795]
2024-08-30 21:17:27.285 | INFO     | DCDH:train:167 - [epoch:1/3][loss:0.842616]
2024-08-30 21:17:43.442 | INFO     | DCDH:train:167 - [epoch:2/3][loss:0.818463]
2024-08-30 21:18:00.031 | INFO     | DCDH:train:167 - [epoch:3/3][loss:0.764042]
2024-08-30 21:18:00.032 | INFO     | DCDH:train:170 - [iter:25/50][iter_time:48.31]
2024-08-30 21:23:58.138 | INFO     | DCDH:train:242 - [iter:25/50][code_length:64][mAP:0.91366][mAP_all:0.89717][best_mAP:0.91602]
2024-08-30 21:23:58.138 | INFO     | DCDH:train:243 - [iter:25/50][code_length:64][zs_mAP:0.40014][zs_mAP_all:0.22210]
2024-08-30 21:24:15.683 | INFO     | DCDH:train:167 - [epoch:1/3][loss:0.884104]
2024-08-30 21:24:33.682 | INFO     | DCDH:train:167 - [epoch:2/3][loss:0.810398]
2024-08-30 21:24:51.339 | INFO     | DCDH:train:167 - [epoch:3/3][loss:0.768238]
2024-08-30 21:24:51.340 | INFO     | DCDH:train:170 - [iter:26/50][iter_time:53.20]
2024-08-30 21:31:06.070 | INFO     | DCDH:train:242 - [iter:26/50][code_length:64][mAP:0.91207][mAP_all:0.89449][best_mAP:0.91602]
2024-08-30 21:31:06.070 | INFO     | DCDH:train:243 - [iter:26/50][code_length:64][zs_mAP:0.40889][zs_mAP_all:0.23992]
2024-08-30 21:31:21.309 | INFO     | DCDH:train:167 - [epoch:1/3][loss:0.908463]
2024-08-30 21:31:36.659 | INFO     | DCDH:train:167 - [epoch:2/3][loss:0.877556]
2024-08-30 21:31:51.996 | INFO     | DCDH:train:167 - [epoch:3/3][loss:0.804295]
2024-08-30 21:31:51.997 | INFO     | DCDH:train:170 - [iter:27/50][iter_time:45.93]
2024-08-30 21:37:51.760 | INFO     | DCDH:train:242 - [iter:27/50][code_length:64][mAP:0.91100][mAP_all:0.89303][best_mAP:0.91602]
2024-08-30 21:37:51.760 | INFO     | DCDH:train:243 - [iter:27/50][code_length:64][zs_mAP:0.41660][zs_mAP_all:0.25907]
2024-08-30 21:38:09.664 | INFO     | DCDH:train:167 - [epoch:1/3][loss:0.894024]
2024-08-30 21:38:26.693 | INFO     | DCDH:train:167 - [epoch:2/3][loss:0.823697]
2024-08-30 21:38:43.901 | INFO     | DCDH:train:167 - [epoch:3/3][loss:0.787161]
2024-08-30 21:38:43.902 | INFO     | DCDH:train:170 - [iter:28/50][iter_time:52.14]
2024-08-30 21:44:56.170 | INFO     | DCDH:train:242 - [iter:28/50][code_length:64][mAP:0.91707][mAP_all:0.89739][best_mAP:0.91707]
2024-08-30 21:44:56.171 | INFO     | DCDH:train:243 - [iter:28/50][code_length:64][zs_mAP:0.40138][zs_mAP_all:0.21525]
2024-08-30 21:45:12.578 | INFO     | DCDH:train:167 - [epoch:1/3][loss:0.895347]
2024-08-30 21:45:29.058 | INFO     | DCDH:train:167 - [epoch:2/3][loss:0.867950]
2024-08-30 21:45:44.903 | INFO     | DCDH:train:167 - [epoch:3/3][loss:0.817108]
2024-08-30 21:45:44.903 | INFO     | DCDH:train:170 - [iter:29/50][iter_time:48.73]
2024-08-30 21:51:44.087 | INFO     | DCDH:train:242 - [iter:29/50][code_length:64][mAP:0.91488][mAP_all:0.89608][best_mAP:0.91707]
2024-08-30 21:51:44.088 | INFO     | DCDH:train:243 - [iter:29/50][code_length:64][zs_mAP:0.39513][zs_mAP_all:0.22263]
2024-08-30 21:52:00.801 | INFO     | DCDH:train:167 - [epoch:1/3][loss:0.895691]
2024-08-30 21:52:16.838 | INFO     | DCDH:train:167 - [epoch:2/3][loss:0.860417]
2024-08-30 21:52:32.730 | INFO     | DCDH:train:167 - [epoch:3/3][loss:0.822453]
2024-08-30 21:52:32.731 | INFO     | DCDH:train:170 - [iter:30/50][iter_time:48.64]
2024-08-30 21:58:52.294 | INFO     | DCDH:train:242 - [iter:30/50][code_length:64][mAP:0.91507][mAP_all:0.89576][best_mAP:0.91707]
2024-08-30 21:58:52.295 | INFO     | DCDH:train:243 - [iter:30/50][code_length:64][zs_mAP:0.39906][zs_mAP_all:0.23031]
2024-08-30 21:59:09.681 | INFO     | DCDH:train:167 - [epoch:1/3][loss:0.859341]
2024-08-30 21:59:27.404 | INFO     | DCDH:train:167 - [epoch:2/3][loss:0.807506]
2024-08-30 21:59:44.977 | INFO     | DCDH:train:167 - [epoch:3/3][loss:0.778797]
2024-08-30 21:59:44.978 | INFO     | DCDH:train:170 - [iter:31/50][iter_time:52.68]
2024-08-30 22:05:54.959 | INFO     | DCDH:train:242 - [iter:31/50][code_length:64][mAP:0.91551][mAP_all:0.89844][best_mAP:0.91707]
2024-08-30 22:05:54.959 | INFO     | DCDH:train:243 - [iter:31/50][code_length:64][zs_mAP:0.38691][zs_mAP_all:0.22058]
2024-08-30 22:06:10.031 | INFO     | DCDH:train:167 - [epoch:1/3][loss:0.879333]
2024-08-30 22:06:25.060 | INFO     | DCDH:train:167 - [epoch:2/3][loss:0.865641]
2024-08-30 22:06:40.039 | INFO     | DCDH:train:167 - [epoch:3/3][loss:0.811793]
2024-08-30 22:06:40.040 | INFO     | DCDH:train:170 - [iter:32/50][iter_time:45.08]
2024-08-30 22:13:02.739 | INFO     | DCDH:train:242 - [iter:32/50][code_length:64][mAP:0.91312][mAP_all:0.89679][best_mAP:0.91707]
2024-08-30 22:13:02.740 | INFO     | DCDH:train:243 - [iter:32/50][code_length:64][zs_mAP:0.39218][zs_mAP_all:0.23473]
2024-08-30 22:13:20.184 | INFO     | DCDH:train:167 - [epoch:1/3][loss:0.880480]
2024-08-30 22:13:37.759 | INFO     | DCDH:train:167 - [epoch:2/3][loss:0.854252]
2024-08-30 22:13:54.911 | INFO     | DCDH:train:167 - [epoch:3/3][loss:0.800473]
2024-08-30 22:13:54.912 | INFO     | DCDH:train:170 - [iter:33/50][iter_time:52.17]
2024-08-30 22:20:02.886 | INFO     | DCDH:train:242 - [iter:33/50][code_length:64][mAP:0.91363][mAP_all:0.89724][best_mAP:0.91707]
2024-08-30 22:20:02.887 | INFO     | DCDH:train:243 - [iter:33/50][code_length:64][zs_mAP:0.39006][zs_mAP_all:0.22476]
2024-08-30 22:20:17.841 | INFO     | DCDH:train:167 - [epoch:1/3][loss:0.861223]
2024-08-30 22:20:32.739 | INFO     | DCDH:train:167 - [epoch:2/3][loss:0.854544]
2024-08-30 22:20:48.397 | INFO     | DCDH:train:167 - [epoch:3/3][loss:0.817037]
2024-08-30 22:20:48.398 | INFO     | DCDH:train:170 - [iter:34/50][iter_time:45.51]
2024-08-30 22:26:55.768 | INFO     | DCDH:train:242 - [iter:34/50][code_length:64][mAP:0.91165][mAP_all:0.89459][best_mAP:0.91707]
2024-08-30 22:26:55.769 | INFO     | DCDH:train:243 - [iter:34/50][code_length:64][zs_mAP:0.39065][zs_mAP_all:0.21965]
2024-08-30 22:27:11.013 | INFO     | DCDH:train:167 - [epoch:1/3][loss:0.897544]
2024-08-30 22:27:26.589 | INFO     | DCDH:train:167 - [epoch:2/3][loss:0.881490]
2024-08-30 22:27:41.316 | INFO     | DCDH:train:167 - [epoch:3/3][loss:0.830885]
2024-08-30 22:27:41.317 | INFO     | DCDH:train:170 - [iter:35/50][iter_time:45.55]
2024-08-30 22:33:37.992 | INFO     | DCDH:train:242 - [iter:35/50][code_length:64][mAP:0.91496][mAP_all:0.89811][best_mAP:0.91707]
2024-08-30 22:33:37.993 | INFO     | DCDH:train:243 - [iter:35/50][code_length:64][zs_mAP:0.39099][zs_mAP_all:0.21637]
2024-08-30 22:33:55.325 | INFO     | DCDH:train:167 - [epoch:1/3][loss:0.884238]
2024-08-30 22:34:12.570 | INFO     | DCDH:train:167 - [epoch:2/3][loss:0.819797]
2024-08-30 22:34:29.713 | INFO     | DCDH:train:167 - [epoch:3/3][loss:0.789289]
2024-08-30 22:34:29.714 | INFO     | DCDH:train:170 - [iter:36/50][iter_time:51.72]
2024-08-30 22:40:29.563 | INFO     | DCDH:train:242 - [iter:36/50][code_length:64][mAP:0.90931][mAP_all:0.89239][best_mAP:0.91707]
2024-08-30 22:40:29.564 | INFO     | DCDH:train:243 - [iter:36/50][code_length:64][zs_mAP:0.39278][zs_mAP_all:0.22868]
2024-08-30 22:40:44.600 | INFO     | DCDH:train:167 - [epoch:1/3][loss:0.842843]
2024-08-30 22:40:59.694 | INFO     | DCDH:train:167 - [epoch:2/3][loss:0.808239]
2024-08-30 22:41:16.102 | INFO     | DCDH:train:167 - [epoch:3/3][loss:0.777761]
2024-08-30 22:41:16.103 | INFO     | DCDH:train:170 - [iter:37/50][iter_time:46.54]
2024-08-30 22:47:17.848 | INFO     | DCDH:train:242 - [iter:37/50][code_length:64][mAP:0.91297][mAP_all:0.89548][best_mAP:0.91707]
2024-08-30 22:47:17.849 | INFO     | DCDH:train:243 - [iter:37/50][code_length:64][zs_mAP:0.38009][zs_mAP_all:0.21905]
2024-08-30 22:47:32.722 | INFO     | DCDH:train:167 - [epoch:1/3][loss:0.856006]
2024-08-30 22:47:48.601 | INFO     | DCDH:train:167 - [epoch:2/3][loss:0.766077]
2024-08-30 22:48:04.977 | INFO     | DCDH:train:167 - [epoch:3/3][loss:0.766530]
2024-08-30 22:48:04.978 | INFO     | DCDH:train:170 - [iter:38/50][iter_time:47.13]
2024-08-30 22:54:18.085 | INFO     | DCDH:train:242 - [iter:38/50][code_length:64][mAP:0.91403][mAP_all:0.89651][best_mAP:0.91707]
2024-08-30 22:54:18.086 | INFO     | DCDH:train:243 - [iter:38/50][code_length:64][zs_mAP:0.36687][zs_mAP_all:0.21794]
2024-08-30 22:54:34.131 | INFO     | DCDH:train:167 - [epoch:1/3][loss:0.871155]
2024-08-30 22:54:49.720 | INFO     | DCDH:train:167 - [epoch:2/3][loss:0.806920]
2024-08-30 22:55:05.399 | INFO     | DCDH:train:167 - [epoch:3/3][loss:0.778760]
2024-08-30 22:55:05.399 | INFO     | DCDH:train:170 - [iter:39/50][iter_time:47.31]
2024-08-30 23:01:13.597 | INFO     | DCDH:train:242 - [iter:39/50][code_length:64][mAP:0.90857][mAP_all:0.89264][best_mAP:0.91707]
2024-08-30 23:01:13.598 | INFO     | DCDH:train:243 - [iter:39/50][code_length:64][zs_mAP:0.37415][zs_mAP_all:0.22815]
2024-08-30 23:01:28.709 | INFO     | DCDH:train:167 - [epoch:1/3][loss:0.873215]
2024-08-30 23:01:44.851 | INFO     | DCDH:train:167 - [epoch:2/3][loss:0.795108]
2024-08-30 23:02:01.848 | INFO     | DCDH:train:167 - [epoch:3/3][loss:0.773735]
2024-08-30 23:02:01.849 | INFO     | DCDH:train:170 - [iter:40/50][iter_time:48.25]
2024-08-30 23:08:07.298 | INFO     | DCDH:train:242 - [iter:40/50][code_length:64][mAP:0.90844][mAP_all:0.89232][best_mAP:0.91707]
2024-08-30 23:08:07.299 | INFO     | DCDH:train:243 - [iter:40/50][code_length:64][zs_mAP:0.37935][zs_mAP_all:0.20926]
2024-08-30 23:08:21.472 | INFO     | DCDH:train:167 - [epoch:1/3][loss:0.895102]
2024-08-30 23:08:35.764 | INFO     | DCDH:train:167 - [epoch:2/3][loss:0.847054]
2024-08-30 23:08:50.354 | INFO     | DCDH:train:167 - [epoch:3/3][loss:0.828297]
2024-08-30 23:08:50.355 | INFO     | DCDH:train:170 - [iter:41/50][iter_time:43.06]
2024-08-30 23:15:09.495 | INFO     | DCDH:train:242 - [iter:41/50][code_length:64][mAP:0.91006][mAP_all:0.89424][best_mAP:0.91707]
2024-08-30 23:15:09.496 | INFO     | DCDH:train:243 - [iter:41/50][code_length:64][zs_mAP:0.38413][zs_mAP_all:0.20606]
2024-08-30 23:15:26.991 | INFO     | DCDH:train:167 - [epoch:1/3][loss:0.826219]
2024-08-30 23:15:44.323 | INFO     | DCDH:train:167 - [epoch:2/3][loss:0.772959]
2024-08-30 23:16:02.084 | INFO     | DCDH:train:167 - [epoch:3/3][loss:0.737060]
2024-08-30 23:16:02.084 | INFO     | DCDH:train:170 - [iter:42/50][iter_time:52.59]
2024-08-30 23:21:58.617 | INFO     | DCDH:train:242 - [iter:42/50][code_length:64][mAP:0.90657][mAP_all:0.89207][best_mAP:0.91707]
2024-08-30 23:21:58.617 | INFO     | DCDH:train:243 - [iter:42/50][code_length:64][zs_mAP:0.35657][zs_mAP_all:0.17508]
2024-08-30 23:22:14.738 | INFO     | DCDH:train:167 - [epoch:1/3][loss:0.873693]
2024-08-30 23:22:30.621 | INFO     | DCDH:train:167 - [epoch:2/3][loss:0.820596]
2024-08-30 23:22:46.896 | INFO     | DCDH:train:167 - [epoch:3/3][loss:0.812344]
2024-08-30 23:22:46.896 | INFO     | DCDH:train:170 - [iter:43/50][iter_time:48.28]
2024-08-30 23:28:44.978 | INFO     | DCDH:train:242 - [iter:43/50][code_length:64][mAP:0.91160][mAP_all:0.89386][best_mAP:0.91707]
2024-08-30 23:28:44.978 | INFO     | DCDH:train:243 - [iter:43/50][code_length:64][zs_mAP:0.36829][zs_mAP_all:0.19844]
2024-08-30 23:29:03.314 | INFO     | DCDH:train:167 - [epoch:1/3][loss:0.930322]
2024-08-30 23:29:20.961 | INFO     | DCDH:train:167 - [epoch:2/3][loss:0.842805]
2024-08-30 23:29:38.852 | INFO     | DCDH:train:167 - [epoch:3/3][loss:0.814828]
2024-08-30 23:29:38.853 | INFO     | DCDH:train:170 - [iter:44/50][iter_time:53.87]
2024-08-30 23:35:48.529 | INFO     | DCDH:train:242 - [iter:44/50][code_length:64][mAP:0.90906][mAP_all:0.89216][best_mAP:0.91707]
2024-08-30 23:35:48.529 | INFO     | DCDH:train:243 - [iter:44/50][code_length:64][zs_mAP:0.34843][zs_mAP_all:0.19483]
2024-08-30 23:36:05.286 | INFO     | DCDH:train:167 - [epoch:1/3][loss:0.877212]
2024-08-30 23:36:22.130 | INFO     | DCDH:train:167 - [epoch:2/3][loss:0.828956]
2024-08-30 23:36:38.118 | INFO     | DCDH:train:167 - [epoch:3/3][loss:0.781285]
2024-08-30 23:36:38.119 | INFO     | DCDH:train:170 - [iter:45/50][iter_time:49.59]
2024-08-30 23:42:39.846 | INFO     | DCDH:train:242 - [iter:45/50][code_length:64][mAP:0.91505][mAP_all:0.89762][best_mAP:0.91707]
2024-08-30 23:42:39.846 | INFO     | DCDH:train:243 - [iter:45/50][code_length:64][zs_mAP:0.33480][zs_mAP_all:0.17719]
2024-08-30 23:42:57.955 | INFO     | DCDH:train:167 - [epoch:1/3][loss:0.814726]
2024-08-30 23:43:15.582 | INFO     | DCDH:train:167 - [epoch:2/3][loss:0.816146]
2024-08-30 23:43:33.622 | INFO     | DCDH:train:167 - [epoch:3/3][loss:0.815454]
2024-08-30 23:43:33.623 | INFO     | DCDH:train:170 - [iter:46/50][iter_time:53.78]
2024-08-30 23:49:48.187 | INFO     | DCDH:train:242 - [iter:46/50][code_length:64][mAP:0.91495][mAP_all:0.89677][best_mAP:0.91707]
2024-08-30 23:49:48.188 | INFO     | DCDH:train:243 - [iter:46/50][code_length:64][zs_mAP:0.36658][zs_mAP_all:0.19952]
2024-08-30 23:50:03.320 | INFO     | DCDH:train:167 - [epoch:1/3][loss:0.862694]
2024-08-30 23:50:18.227 | INFO     | DCDH:train:167 - [epoch:2/3][loss:0.830372]
2024-08-30 23:50:33.568 | INFO     | DCDH:train:167 - [epoch:3/3][loss:0.803729]
2024-08-30 23:50:33.569 | INFO     | DCDH:train:170 - [iter:47/50][iter_time:45.38]
2024-08-30 23:56:35.176 | INFO     | DCDH:train:242 - [iter:47/50][code_length:64][mAP:0.91403][mAP_all:0.89602][best_mAP:0.91707]
2024-08-30 23:56:35.177 | INFO     | DCDH:train:243 - [iter:47/50][code_length:64][zs_mAP:0.34767][zs_mAP_all:0.18915]
2024-08-30 23:56:52.054 | INFO     | DCDH:train:167 - [epoch:1/3][loss:0.802566]
2024-08-30 23:57:09.438 | INFO     | DCDH:train:167 - [epoch:2/3][loss:0.829139]
2024-08-30 23:57:27.534 | INFO     | DCDH:train:167 - [epoch:3/3][loss:0.800919]
2024-08-30 23:57:27.535 | INFO     | DCDH:train:170 - [iter:48/50][iter_time:52.36]
2024-08-31 00:03:40.716 | INFO     | DCDH:train:242 - [iter:48/50][code_length:64][mAP:0.91405][mAP_all:0.89608][best_mAP:0.91707]
2024-08-31 00:03:40.716 | INFO     | DCDH:train:243 - [iter:48/50][code_length:64][zs_mAP:0.35312][zs_mAP_all:0.19070]
2024-08-31 00:03:58.625 | INFO     | DCDH:train:167 - [epoch:1/3][loss:0.848775]
2024-08-31 00:04:14.549 | INFO     | DCDH:train:167 - [epoch:2/3][loss:0.816255]
2024-08-31 00:04:29.861 | INFO     | DCDH:train:167 - [epoch:3/3][loss:0.841979]
2024-08-31 00:04:29.863 | INFO     | DCDH:train:170 - [iter:49/50][iter_time:49.15]
2024-08-31 00:10:30.008 | INFO     | DCDH:train:242 - [iter:49/50][code_length:64][mAP:0.91499][mAP_all:0.89805][best_mAP:0.91707]
2024-08-31 00:10:30.009 | INFO     | DCDH:train:243 - [iter:49/50][code_length:64][zs_mAP:0.35037][zs_mAP_all:0.18980]
2024-08-31 00:10:46.909 | INFO     | DCDH:train:167 - [epoch:1/3][loss:0.876471]
2024-08-31 00:11:03.776 | INFO     | DCDH:train:167 - [epoch:2/3][loss:0.864394]
2024-08-31 00:11:20.620 | INFO     | DCDH:train:167 - [epoch:3/3][loss:0.852674]
2024-08-31 00:11:20.621 | INFO     | DCDH:train:170 - [iter:50/50][iter_time:50.61]
2024-08-31 00:17:29.702 | INFO     | DCDH:train:242 - [iter:50/50][code_length:64][mAP:0.91561][mAP_all:0.89878][best_mAP:0.91707]
2024-08-31 00:17:29.702 | INFO     | DCDH:train:243 - [iter:50/50][code_length:64][zs_mAP:0.34842][zs_mAP_all:0.19081]
2024-08-31 00:17:29.703 | INFO     | DCDH:train:246 - [Training time:20849.68]
2024-08-31 00:17:29.705 | INFO     | __main__:run:138 - [code_length:64][map:0.9171][map_all:0.8974][zs_map:0.4014][zs_map_all:0.2153]
