2024-09-05 16:10:12.977 | SUCCESS  | __main__:run:55 - Namespace(dataset='cifar100zs', root='/data1/dataset/cifar100/cifar-100-python', batch_size=16, lr=0.001, wd=0.0001, optim='SGD', code_length=[96, 128, 256], max_iter=50, max_epoch=3, num_query=1000, num_samples=2000, num_workers=2, topk=1000, gpu=0, gamma=200, info='cifar100zs-5-95-csq-09-05-96,128,256-tanh1', arch='csq', net='ResNet', save_ckpt='checkpoints/', lr_step=[45], align_step=50, pretrain=True, quan_loss=False, lambd_sp=0.1, lambd_ch=0.1, lambd=0.1, momen=0.9, nesterov=False, num_classes=95, val_freq=1, cauchy_gamma=20.0, margin=0.1, num_zs=5, epoch_change=11, ZS=5, flag='csq', data='cifar100', device=device(type='cuda', index=0))
2024-09-05 16:10:31.769 | INFO     | csq:train:199 - [epoch:1/3][loss:0.774205]
2024-09-05 16:10:41.659 | INFO     | csq:train:199 - [epoch:2/3][loss:0.765380]
2024-09-05 16:10:51.243 | INFO     | csq:train:199 - [epoch:3/3][loss:0.761576]
2024-09-05 16:10:51.244 | INFO     | csq:train:202 - [iter:1/50][iter_time:31.71]
2024-09-05 16:12:14.498 | INFO     | csq:train:274 - [iter:1/50][code_length:96][mAP:0.05374][mAP_all:0.05279][best_mAP:0.05374]
2024-09-05 16:12:14.499 | INFO     | csq:train:275 - [iter:1/50][code_length:96][zs_mAP:0.39831][zs_mAP_all:0.04308]
2024-09-05 16:12:28.666 | INFO     | csq:train:199 - [epoch:1/3][loss:0.758693]
2024-09-05 16:12:43.884 | INFO     | csq:train:199 - [epoch:2/3][loss:0.755632]
2024-09-05 16:12:59.542 | INFO     | csq:train:199 - [epoch:3/3][loss:0.752926]
2024-09-05 16:12:59.543 | INFO     | csq:train:202 - [iter:2/50][iter_time:45.04]
2024-09-05 16:14:21.186 | INFO     | csq:train:274 - [iter:2/50][code_length:96][mAP:0.06405][mAP_all:0.06292][best_mAP:0.06405]
2024-09-05 16:14:21.187 | INFO     | csq:train:275 - [iter:2/50][code_length:96][zs_mAP:0.42765][zs_mAP_all:0.04534]
2024-09-05 16:14:37.504 | INFO     | csq:train:199 - [epoch:1/3][loss:0.752232]
2024-09-05 16:14:53.618 | INFO     | csq:train:199 - [epoch:2/3][loss:0.749943]
2024-09-05 16:15:09.512 | INFO     | csq:train:199 - [epoch:3/3][loss:0.746391]
2024-09-05 16:15:09.513 | INFO     | csq:train:202 - [iter:3/50][iter_time:48.33]
2024-09-05 16:16:31.028 | INFO     | csq:train:274 - [iter:3/50][code_length:96][mAP:0.08581][mAP_all:0.08395][best_mAP:0.08581]
2024-09-05 16:16:31.028 | INFO     | csq:train:275 - [iter:3/50][code_length:96][zs_mAP:0.53209][zs_mAP_all:0.06600]
2024-09-05 16:16:47.162 | INFO     | csq:train:199 - [epoch:1/3][loss:0.747277]
2024-09-05 16:17:02.531 | INFO     | csq:train:199 - [epoch:2/3][loss:0.743910]
2024-09-05 16:17:18.311 | INFO     | csq:train:199 - [epoch:3/3][loss:0.741514]
2024-09-05 16:17:18.311 | INFO     | csq:train:202 - [iter:4/50][iter_time:47.28]
2024-09-05 16:18:39.750 | INFO     | csq:train:274 - [iter:4/50][code_length:96][mAP:0.10304][mAP_all:0.10072][best_mAP:0.10304]
2024-09-05 16:18:39.751 | INFO     | csq:train:275 - [iter:4/50][code_length:96][zs_mAP:0.56772][zs_mAP_all:0.07336]
2024-09-05 16:18:56.516 | INFO     | csq:train:199 - [epoch:1/3][loss:0.741678]
2024-09-05 16:19:13.114 | INFO     | csq:train:199 - [epoch:2/3][loss:0.738183]
2024-09-05 16:19:28.380 | INFO     | csq:train:199 - [epoch:3/3][loss:0.736515]
2024-09-05 16:19:28.381 | INFO     | csq:train:202 - [iter:5/50][iter_time:48.63]
2024-09-05 16:20:50.368 | INFO     | csq:train:274 - [iter:5/50][code_length:96][mAP:0.12434][mAP_all:0.12135][best_mAP:0.12434]
2024-09-05 16:20:50.368 | INFO     | csq:train:275 - [iter:5/50][code_length:96][zs_mAP:0.62923][zs_mAP_all:0.09497]
2024-09-05 16:21:05.633 | INFO     | csq:train:199 - [epoch:1/3][loss:0.735702]
2024-09-05 16:21:19.824 | INFO     | csq:train:199 - [epoch:2/3][loss:0.733630]
2024-09-05 16:21:35.688 | INFO     | csq:train:199 - [epoch:3/3][loss:0.730366]
2024-09-05 16:21:35.689 | INFO     | csq:train:202 - [iter:6/50][iter_time:45.32]
2024-09-05 16:22:57.499 | INFO     | csq:train:274 - [iter:6/50][code_length:96][mAP:0.14507][mAP_all:0.14155][best_mAP:0.14507]
2024-09-05 16:22:57.499 | INFO     | csq:train:275 - [iter:6/50][code_length:96][zs_mAP:0.66262][zs_mAP_all:0.10299]
2024-09-05 16:23:13.818 | INFO     | csq:train:199 - [epoch:1/3][loss:0.729905]
2024-09-05 16:23:29.503 | INFO     | csq:train:199 - [epoch:2/3][loss:0.727675]
2024-09-05 16:23:45.547 | INFO     | csq:train:199 - [epoch:3/3][loss:0.724561]
2024-09-05 16:23:45.547 | INFO     | csq:train:202 - [iter:7/50][iter_time:48.05]
2024-09-05 16:25:07.104 | INFO     | csq:train:274 - [iter:7/50][code_length:96][mAP:0.16519][mAP_all:0.16149][best_mAP:0.16519]
2024-09-05 16:25:07.104 | INFO     | csq:train:275 - [iter:7/50][code_length:96][zs_mAP:0.68117][zs_mAP_all:0.11280]
2024-09-05 16:25:22.467 | INFO     | csq:train:199 - [epoch:1/3][loss:0.725705]
2024-09-05 16:25:38.116 | INFO     | csq:train:199 - [epoch:2/3][loss:0.721455]
2024-09-05 16:25:52.835 | INFO     | csq:train:199 - [epoch:3/3][loss:0.719291]
2024-09-05 16:25:52.836 | INFO     | csq:train:202 - [iter:8/50][iter_time:45.73]
2024-09-05 16:27:14.683 | INFO     | csq:train:274 - [iter:8/50][code_length:96][mAP:0.18868][mAP_all:0.18449][best_mAP:0.18868]
2024-09-05 16:27:14.684 | INFO     | csq:train:275 - [iter:8/50][code_length:96][zs_mAP:0.70488][zs_mAP_all:0.12419]
2024-09-05 16:27:24.904 | INFO     | csq:train:199 - [epoch:1/3][loss:0.718790]
2024-09-05 16:27:34.398 | INFO     | csq:train:199 - [epoch:2/3][loss:0.715182]
2024-09-05 16:27:44.261 | INFO     | csq:train:199 - [epoch:3/3][loss:0.712839]
2024-09-05 16:27:44.261 | INFO     | csq:train:202 - [iter:9/50][iter_time:29.58]
2024-09-05 16:29:09.475 | INFO     | csq:train:274 - [iter:9/50][code_length:96][mAP:0.20875][mAP_all:0.20423][best_mAP:0.20875]
2024-09-05 16:29:09.476 | INFO     | csq:train:275 - [iter:9/50][code_length:96][zs_mAP:0.74000][zs_mAP_all:0.13788]
2024-09-05 16:29:18.614 | INFO     | csq:train:199 - [epoch:1/3][loss:0.712599]
2024-09-05 16:29:28.033 | INFO     | csq:train:199 - [epoch:2/3][loss:0.709574]
2024-09-05 16:29:37.568 | INFO     | csq:train:199 - [epoch:3/3][loss:0.705034]
2024-09-05 16:29:37.569 | INFO     | csq:train:202 - [iter:10/50][iter_time:28.09]
2024-09-05 16:30:59.672 | INFO     | csq:train:274 - [iter:10/50][code_length:96][mAP:0.22816][mAP_all:0.22307][best_mAP:0.22816]
2024-09-05 16:30:59.673 | INFO     | csq:train:275 - [iter:10/50][code_length:96][zs_mAP:0.75937][zs_mAP_all:0.14360]
2024-09-05 16:34:35.575 | INFO     | csq:train:199 - [epoch:1/3][loss:0.711095]
2024-09-05 16:37:19.212 | INFO     | csq:train:199 - [epoch:2/3][loss:0.705593]
2024-09-05 16:40:12.843 | INFO     | csq:train:199 - [epoch:3/3][loss:0.703868]
2024-09-05 16:40:12.844 | INFO     | csq:train:202 - [iter:11/50][iter_time:553.17]
2024-09-05 16:41:35.969 | INFO     | csq:train:274 - [iter:11/50][code_length:96][mAP:0.25160][mAP_all:0.24621][best_mAP:0.25160]
2024-09-05 16:41:35.969 | INFO     | csq:train:275 - [iter:11/50][code_length:96][zs_mAP:0.77519][zs_mAP_all:0.14883]
2024-09-05 16:44:12.136 | INFO     | csq:train:199 - [epoch:1/3][loss:0.703880]
2024-09-05 16:46:45.368 | INFO     | csq:train:199 - [epoch:2/3][loss:0.699126]
2024-09-05 16:50:59.687 | INFO     | csq:train:199 - [epoch:3/3][loss:0.693805]
2024-09-05 16:50:59.688 | INFO     | csq:train:202 - [iter:12/50][iter_time:563.72]
2024-09-05 16:52:26.539 | INFO     | csq:train:274 - [iter:12/50][code_length:96][mAP:0.26504][mAP_all:0.25933][best_mAP:0.26504]
2024-09-05 16:52:26.539 | INFO     | csq:train:275 - [iter:12/50][code_length:96][zs_mAP:0.79715][zs_mAP_all:0.15788]
2024-09-05 16:55:19.916 | INFO     | csq:train:199 - [epoch:1/3][loss:0.697547]
2024-09-05 16:58:49.164 | INFO     | csq:train:199 - [epoch:2/3][loss:0.692272]
2024-09-05 17:02:16.804 | INFO     | csq:train:199 - [epoch:3/3][loss:0.687421]
2024-09-05 17:02:16.804 | INFO     | csq:train:202 - [iter:13/50][iter_time:590.26]
2024-09-05 17:03:45.049 | INFO     | csq:train:274 - [iter:13/50][code_length:96][mAP:0.28252][mAP_all:0.27651][best_mAP:0.28252]
2024-09-05 17:03:45.050 | INFO     | csq:train:275 - [iter:13/50][code_length:96][zs_mAP:0.80985][zs_mAP_all:0.16377]
2024-09-05 17:06:43.636 | INFO     | csq:train:199 - [epoch:1/3][loss:0.693842]
2024-09-05 17:06:57.395 | INFO     | csq:train:199 - [epoch:2/3][loss:0.687400]
2024-09-05 17:07:10.635 | INFO     | csq:train:199 - [epoch:3/3][loss:0.688713]
2024-09-05 17:07:10.636 | INFO     | csq:train:202 - [iter:14/50][iter_time:205.59]
2024-09-05 17:08:34.282 | INFO     | csq:train:274 - [iter:14/50][code_length:96][mAP:0.30267][mAP_all:0.29645][best_mAP:0.30267]
2024-09-05 17:08:34.289 | INFO     | csq:train:275 - [iter:14/50][code_length:96][zs_mAP:0.81606][zs_mAP_all:0.16804]
2024-09-05 17:11:11.102 | INFO     | csq:train:199 - [epoch:1/3][loss:0.683512]
2024-09-05 17:14:30.250 | INFO     | csq:train:199 - [epoch:2/3][loss:0.681269]
2024-09-05 17:16:44.047 | INFO     | csq:train:199 - [epoch:3/3][loss:0.675816]
2024-09-05 17:16:44.048 | INFO     | csq:train:202 - [iter:15/50][iter_time:489.76]
2024-09-05 17:18:07.383 | INFO     | csq:train:274 - [iter:15/50][code_length:96][mAP:0.32475][mAP_all:0.31823][best_mAP:0.32475]
2024-09-05 17:18:07.383 | INFO     | csq:train:275 - [iter:15/50][code_length:96][zs_mAP:0.83547][zs_mAP_all:0.17224]
2024-09-05 17:20:14.914 | INFO     | csq:train:199 - [epoch:1/3][loss:0.681419]
2024-09-05 17:22:34.947 | INFO     | csq:train:199 - [epoch:2/3][loss:0.679465]
2024-09-05 17:25:19.491 | INFO     | csq:train:199 - [epoch:3/3][loss:0.676136]
2024-09-05 17:25:19.491 | INFO     | csq:train:202 - [iter:16/50][iter_time:432.11]
2024-09-05 17:26:43.175 | INFO     | csq:train:274 - [iter:16/50][code_length:96][mAP:0.33921][mAP_all:0.33250][best_mAP:0.33921]
2024-09-05 17:26:43.175 | INFO     | csq:train:275 - [iter:16/50][code_length:96][zs_mAP:0.84459][zs_mAP_all:0.17906]
2024-09-05 17:28:00.759 | INFO     | csq:train:199 - [epoch:1/3][loss:0.676710]
2024-09-05 17:30:37.662 | INFO     | csq:train:199 - [epoch:2/3][loss:0.672239]
2024-09-05 17:32:06.504 | INFO     | csq:train:199 - [epoch:3/3][loss:0.668389]
2024-09-05 17:32:06.505 | INFO     | csq:train:202 - [iter:17/50][iter_time:323.33]
2024-09-05 17:33:31.955 | INFO     | csq:train:274 - [iter:17/50][code_length:96][mAP:0.35529][mAP_all:0.34827][best_mAP:0.35529]
2024-09-05 17:33:31.956 | INFO     | csq:train:275 - [iter:17/50][code_length:96][zs_mAP:0.85582][zs_mAP_all:0.19542]
2024-09-05 17:36:17.854 | INFO     | csq:train:199 - [epoch:1/3][loss:0.672414]
2024-09-05 17:37:17.676 | INFO     | csq:train:199 - [epoch:2/3][loss:0.664723]
2024-09-05 17:39:26.147 | INFO     | csq:train:199 - [epoch:3/3][loss:0.660204]
2024-09-05 17:39:26.147 | INFO     | csq:train:202 - [iter:18/50][iter_time:354.19]
2024-09-05 17:40:47.903 | INFO     | csq:train:274 - [iter:18/50][code_length:96][mAP:0.37204][mAP_all:0.36509][best_mAP:0.37204]
2024-09-05 17:40:47.903 | INFO     | csq:train:275 - [iter:18/50][code_length:96][zs_mAP:0.85824][zs_mAP_all:0.18682]
2024-09-05 17:42:26.413 | INFO     | csq:train:199 - [epoch:1/3][loss:0.666123]
2024-09-05 17:44:45.219 | INFO     | csq:train:199 - [epoch:2/3][loss:0.660108]
2024-09-05 17:45:12.575 | INFO     | csq:train:199 - [epoch:3/3][loss:0.655522]
2024-09-05 17:45:12.576 | INFO     | csq:train:202 - [iter:19/50][iter_time:264.67]
2024-09-05 17:46:33.010 | INFO     | csq:train:274 - [iter:19/50][code_length:96][mAP:0.38755][mAP_all:0.38026][best_mAP:0.38755]
2024-09-05 17:46:33.011 | INFO     | csq:train:275 - [iter:19/50][code_length:96][zs_mAP:0.85028][zs_mAP_all:0.18928]
2024-09-05 17:46:47.885 | INFO     | csq:train:199 - [epoch:1/3][loss:0.658956]
2024-09-05 17:47:04.235 | INFO     | csq:train:199 - [epoch:2/3][loss:0.654536]
2024-09-05 17:47:19.192 | INFO     | csq:train:199 - [epoch:3/3][loss:0.653201]
2024-09-05 17:47:19.193 | INFO     | csq:train:202 - [iter:20/50][iter_time:46.18]
2024-09-05 17:48:39.665 | INFO     | csq:train:274 - [iter:20/50][code_length:96][mAP:0.39872][mAP_all:0.39142][best_mAP:0.39872]
2024-09-05 17:48:39.666 | INFO     | csq:train:275 - [iter:20/50][code_length:96][zs_mAP:0.85123][zs_mAP_all:0.19623]
2024-09-05 17:48:55.315 | INFO     | csq:train:199 - [epoch:1/3][loss:0.659065]
2024-09-05 17:49:05.385 | INFO     | csq:train:199 - [epoch:2/3][loss:0.654813]
2024-09-05 17:49:15.408 | INFO     | csq:train:199 - [epoch:3/3][loss:0.648451]
2024-09-05 17:49:15.409 | INFO     | csq:train:202 - [iter:21/50][iter_time:35.74]
2024-09-05 17:50:40.505 | INFO     | csq:train:274 - [iter:21/50][code_length:96][mAP:0.41364][mAP_all:0.40585][best_mAP:0.41364]
2024-09-05 17:50:40.506 | INFO     | csq:train:275 - [iter:21/50][code_length:96][zs_mAP:0.86978][zs_mAP_all:0.20275]
2024-09-05 17:50:50.377 | INFO     | csq:train:199 - [epoch:1/3][loss:0.653967]
2024-09-05 17:51:00.589 | INFO     | csq:train:199 - [epoch:2/3][loss:0.651373]
2024-09-05 17:51:10.779 | INFO     | csq:train:199 - [epoch:3/3][loss:0.646745]
2024-09-05 17:51:10.779 | INFO     | csq:train:202 - [iter:22/50][iter_time:30.27]
2024-09-05 17:52:33.271 | INFO     | csq:train:274 - [iter:22/50][code_length:96][mAP:0.42573][mAP_all:0.41775][best_mAP:0.42573]
2024-09-05 17:52:33.271 | INFO     | csq:train:275 - [iter:22/50][code_length:96][zs_mAP:0.86549][zs_mAP_all:0.20647]
2024-09-05 17:52:49.401 | INFO     | csq:train:199 - [epoch:1/3][loss:0.645968]
2024-09-05 17:53:03.832 | INFO     | csq:train:199 - [epoch:2/3][loss:0.642313]
2024-09-05 17:53:19.310 | INFO     | csq:train:199 - [epoch:3/3][loss:0.635879]
2024-09-05 17:53:19.310 | INFO     | csq:train:202 - [iter:23/50][iter_time:46.04]
2024-09-05 17:54:40.633 | INFO     | csq:train:274 - [iter:23/50][code_length:96][mAP:0.43969][mAP_all:0.43153][best_mAP:0.43969]
2024-09-05 17:54:40.634 | INFO     | csq:train:275 - [iter:23/50][code_length:96][zs_mAP:0.86739][zs_mAP_all:0.20717]
2024-09-05 17:54:56.500 | INFO     | csq:train:199 - [epoch:1/3][loss:0.642577]
2024-09-05 17:55:11.247 | INFO     | csq:train:199 - [epoch:2/3][loss:0.635009]
2024-09-05 17:55:25.382 | INFO     | csq:train:199 - [epoch:3/3][loss:0.632118]
2024-09-05 17:55:25.382 | INFO     | csq:train:202 - [iter:24/50][iter_time:44.75]
2024-09-05 17:56:47.199 | INFO     | csq:train:274 - [iter:24/50][code_length:96][mAP:0.45056][mAP_all:0.44208][best_mAP:0.45056]
2024-09-05 17:56:47.199 | INFO     | csq:train:275 - [iter:24/50][code_length:96][zs_mAP:0.87455][zs_mAP_all:0.21381]
2024-09-05 17:57:02.276 | INFO     | csq:train:199 - [epoch:1/3][loss:0.636112]
2024-09-05 17:57:17.259 | INFO     | csq:train:199 - [epoch:2/3][loss:0.631551]
2024-09-05 17:57:32.594 | INFO     | csq:train:199 - [epoch:3/3][loss:0.628532]
2024-09-05 17:57:32.595 | INFO     | csq:train:202 - [iter:25/50][iter_time:45.40]
2024-09-05 17:58:54.148 | INFO     | csq:train:274 - [iter:25/50][code_length:96][mAP:0.46177][mAP_all:0.45321][best_mAP:0.46177]
2024-09-05 17:58:54.148 | INFO     | csq:train:275 - [iter:25/50][code_length:96][zs_mAP:0.87343][zs_mAP_all:0.22239]
2024-09-05 17:59:09.567 | INFO     | csq:train:199 - [epoch:1/3][loss:0.635301]
2024-09-05 17:59:24.270 | INFO     | csq:train:199 - [epoch:2/3][loss:0.624838]
2024-09-05 17:59:39.322 | INFO     | csq:train:199 - [epoch:3/3][loss:0.621853]
2024-09-05 17:59:39.322 | INFO     | csq:train:202 - [iter:26/50][iter_time:45.17]
2024-09-05 18:01:00.831 | INFO     | csq:train:274 - [iter:26/50][code_length:96][mAP:0.47038][mAP_all:0.46201][best_mAP:0.47038]
2024-09-05 18:01:00.831 | INFO     | csq:train:275 - [iter:26/50][code_length:96][zs_mAP:0.86670][zs_mAP_all:0.22035]
2024-09-05 18:01:16.750 | INFO     | csq:train:199 - [epoch:1/3][loss:0.625177]
2024-09-05 18:01:31.986 | INFO     | csq:train:199 - [epoch:2/3][loss:0.622401]
2024-09-05 18:01:47.543 | INFO     | csq:train:199 - [epoch:3/3][loss:0.614185]
2024-09-05 18:01:47.543 | INFO     | csq:train:202 - [iter:27/50][iter_time:46.71]
2024-09-05 18:03:08.177 | INFO     | csq:train:274 - [iter:27/50][code_length:96][mAP:0.47881][mAP_all:0.46999][best_mAP:0.47881]
2024-09-05 18:03:08.177 | INFO     | csq:train:275 - [iter:27/50][code_length:96][zs_mAP:0.87458][zs_mAP_all:0.22863]
2024-09-05 18:03:22.313 | INFO     | csq:train:199 - [epoch:1/3][loss:0.622100]
2024-09-05 18:03:37.351 | INFO     | csq:train:199 - [epoch:2/3][loss:0.612844]
2024-09-05 18:03:51.903 | INFO     | csq:train:199 - [epoch:3/3][loss:0.608139]
2024-09-05 18:03:51.904 | INFO     | csq:train:202 - [iter:28/50][iter_time:43.73]
2024-09-05 18:05:13.408 | INFO     | csq:train:274 - [iter:28/50][code_length:96][mAP:0.48414][mAP_all:0.47531][best_mAP:0.48414]
2024-09-05 18:05:13.408 | INFO     | csq:train:275 - [iter:28/50][code_length:96][zs_mAP:0.87785][zs_mAP_all:0.22486]
2024-09-05 18:05:28.800 | INFO     | csq:train:199 - [epoch:1/3][loss:0.611516]
2024-09-05 18:05:42.274 | INFO     | csq:train:199 - [epoch:2/3][loss:0.604842]
2024-09-05 18:05:57.627 | INFO     | csq:train:199 - [epoch:3/3][loss:0.600195]
2024-09-05 18:05:57.627 | INFO     | csq:train:202 - [iter:29/50][iter_time:44.22]
2024-09-05 18:07:19.477 | INFO     | csq:train:274 - [iter:29/50][code_length:96][mAP:0.49253][mAP_all:0.48354][best_mAP:0.49253]
2024-09-05 18:07:19.477 | INFO     | csq:train:275 - [iter:29/50][code_length:96][zs_mAP:0.87103][zs_mAP_all:0.21729]
2024-09-05 18:07:29.206 | INFO     | csq:train:199 - [epoch:1/3][loss:0.613890]
2024-09-05 18:07:39.491 | INFO     | csq:train:199 - [epoch:2/3][loss:0.606516]
2024-09-05 18:07:49.521 | INFO     | csq:train:199 - [epoch:3/3][loss:0.605215]
2024-09-05 18:07:49.521 | INFO     | csq:train:202 - [iter:30/50][iter_time:30.04]
2024-09-05 18:09:12.328 | INFO     | csq:train:274 - [iter:30/50][code_length:96][mAP:0.49955][mAP_all:0.49090][best_mAP:0.49955]
2024-09-05 18:09:12.328 | INFO     | csq:train:275 - [iter:30/50][code_length:96][zs_mAP:0.87221][zs_mAP_all:0.21845]
2024-09-05 18:09:21.669 | INFO     | csq:train:199 - [epoch:1/3][loss:0.596763]
2024-09-05 18:09:31.382 | INFO     | csq:train:199 - [epoch:2/3][loss:0.592621]
2024-09-05 18:09:40.563 | INFO     | csq:train:199 - [epoch:3/3][loss:0.591122]
2024-09-05 18:09:40.564 | INFO     | csq:train:202 - [iter:31/50][iter_time:28.23]
2024-09-05 18:11:02.586 | INFO     | csq:train:274 - [iter:31/50][code_length:96][mAP:0.50797][mAP_all:0.49903][best_mAP:0.50797]
2024-09-05 18:11:02.587 | INFO     | csq:train:275 - [iter:31/50][code_length:96][zs_mAP:0.86323][zs_mAP_all:0.21931]
2024-09-05 18:11:17.620 | INFO     | csq:train:199 - [epoch:1/3][loss:0.607714]
2024-09-05 18:11:34.080 | INFO     | csq:train:199 - [epoch:2/3][loss:0.598324]
2024-09-05 18:11:50.161 | INFO     | csq:train:199 - [epoch:3/3][loss:0.590149]
2024-09-05 18:11:50.161 | INFO     | csq:train:202 - [iter:32/50][iter_time:47.57]
2024-09-05 18:13:11.164 | INFO     | csq:train:274 - [iter:32/50][code_length:96][mAP:0.51843][mAP_all:0.50953][best_mAP:0.51843]
2024-09-05 18:13:11.165 | INFO     | csq:train:275 - [iter:32/50][code_length:96][zs_mAP:0.86589][zs_mAP_all:0.21295]
2024-09-05 18:13:26.187 | INFO     | csq:train:199 - [epoch:1/3][loss:0.600863]
2024-09-05 18:13:41.999 | INFO     | csq:train:199 - [epoch:2/3][loss:0.592674]
2024-09-05 18:13:56.967 | INFO     | csq:train:199 - [epoch:3/3][loss:0.585364]
2024-09-05 18:13:56.968 | INFO     | csq:train:202 - [iter:33/50][iter_time:45.80]
2024-09-05 18:15:15.964 | INFO     | csq:train:274 - [iter:33/50][code_length:96][mAP:0.52218][mAP_all:0.51300][best_mAP:0.52218]
2024-09-05 18:15:15.965 | INFO     | csq:train:275 - [iter:33/50][code_length:96][zs_mAP:0.87003][zs_mAP_all:0.21728]
2024-09-05 18:15:31.141 | INFO     | csq:train:199 - [epoch:1/3][loss:0.595192]
2024-09-05 18:15:46.838 | INFO     | csq:train:199 - [epoch:2/3][loss:0.589866]
2024-09-05 18:16:02.048 | INFO     | csq:train:199 - [epoch:3/3][loss:0.583459]
2024-09-05 18:16:02.049 | INFO     | csq:train:202 - [iter:34/50][iter_time:46.08]
2024-09-05 18:17:23.171 | INFO     | csq:train:274 - [iter:34/50][code_length:96][mAP:0.53218][mAP_all:0.52317][best_mAP:0.53218]
2024-09-05 18:17:23.172 | INFO     | csq:train:275 - [iter:34/50][code_length:96][zs_mAP:0.87117][zs_mAP_all:0.21559]
2024-09-05 18:17:38.513 | INFO     | csq:train:199 - [epoch:1/3][loss:0.589651]
2024-09-05 18:17:53.993 | INFO     | csq:train:199 - [epoch:2/3][loss:0.581986]
2024-09-05 18:18:09.866 | INFO     | csq:train:199 - [epoch:3/3][loss:0.576090]
2024-09-05 18:18:09.867 | INFO     | csq:train:202 - [iter:35/50][iter_time:46.70]
2024-09-05 18:19:31.006 | INFO     | csq:train:274 - [iter:35/50][code_length:96][mAP:0.53950][mAP_all:0.53078][best_mAP:0.53950]
2024-09-05 18:19:31.006 | INFO     | csq:train:275 - [iter:35/50][code_length:96][zs_mAP:0.86618][zs_mAP_all:0.21393]
2024-09-05 18:19:46.110 | INFO     | csq:train:199 - [epoch:1/3][loss:0.588882]
2024-09-05 18:20:01.180 | INFO     | csq:train:199 - [epoch:2/3][loss:0.572656]
2024-09-05 18:20:15.897 | INFO     | csq:train:199 - [epoch:3/3][loss:0.566979]
2024-09-05 18:20:15.898 | INFO     | csq:train:202 - [iter:36/50][iter_time:44.89]
2024-09-05 18:21:36.692 | INFO     | csq:train:274 - [iter:36/50][code_length:96][mAP:0.53861][mAP_all:0.52971][best_mAP:0.53950]
2024-09-05 18:21:36.693 | INFO     | csq:train:275 - [iter:36/50][code_length:96][zs_mAP:0.87449][zs_mAP_all:0.21816]
2024-09-05 18:21:52.059 | INFO     | csq:train:199 - [epoch:1/3][loss:0.584138]
2024-09-05 18:22:07.916 | INFO     | csq:train:199 - [epoch:2/3][loss:0.580705]
2024-09-05 18:22:23.548 | INFO     | csq:train:199 - [epoch:3/3][loss:0.575518]
2024-09-05 18:22:23.550 | INFO     | csq:train:202 - [iter:37/50][iter_time:46.86]
2024-09-05 18:23:44.990 | INFO     | csq:train:274 - [iter:37/50][code_length:96][mAP:0.55089][mAP_all:0.54173][best_mAP:0.55089]
2024-09-05 18:23:44.990 | INFO     | csq:train:275 - [iter:37/50][code_length:96][zs_mAP:0.86348][zs_mAP_all:0.21773]
2024-09-05 18:23:59.899 | INFO     | csq:train:199 - [epoch:1/3][loss:0.583051]
2024-09-05 18:24:15.704 | INFO     | csq:train:199 - [epoch:2/3][loss:0.573768]
2024-09-05 18:24:31.413 | INFO     | csq:train:199 - [epoch:3/3][loss:0.567575]
2024-09-05 18:24:31.414 | INFO     | csq:train:202 - [iter:38/50][iter_time:46.42]
2024-09-05 18:25:53.545 | INFO     | csq:train:274 - [iter:38/50][code_length:96][mAP:0.55879][mAP_all:0.54953][best_mAP:0.55879]
2024-09-05 18:25:53.546 | INFO     | csq:train:275 - [iter:38/50][code_length:96][zs_mAP:0.87030][zs_mAP_all:0.22189]
2024-09-05 18:26:03.470 | INFO     | csq:train:199 - [epoch:1/3][loss:0.577507]
2024-09-05 18:26:13.210 | INFO     | csq:train:199 - [epoch:2/3][loss:0.568623]
2024-09-05 18:26:23.041 | INFO     | csq:train:199 - [epoch:3/3][loss:0.562491]
2024-09-05 18:26:23.041 | INFO     | csq:train:202 - [iter:39/50][iter_time:29.50]
2024-09-05 18:27:47.413 | INFO     | csq:train:274 - [iter:39/50][code_length:96][mAP:0.56272][mAP_all:0.55359][best_mAP:0.56272]
2024-09-05 18:27:47.414 | INFO     | csq:train:275 - [iter:39/50][code_length:96][zs_mAP:0.87386][zs_mAP_all:0.22768]
2024-09-05 18:27:57.239 | INFO     | csq:train:199 - [epoch:1/3][loss:0.569207]
2024-09-05 18:28:06.609 | INFO     | csq:train:199 - [epoch:2/3][loss:0.566491]
2024-09-05 18:28:19.067 | INFO     | csq:train:199 - [epoch:3/3][loss:0.563451]
2024-09-05 18:28:19.068 | INFO     | csq:train:202 - [iter:40/50][iter_time:31.65]
2024-09-05 18:29:40.277 | INFO     | csq:train:274 - [iter:40/50][code_length:96][mAP:0.57021][mAP_all:0.56121][best_mAP:0.57021]
2024-09-05 18:29:40.278 | INFO     | csq:train:275 - [iter:40/50][code_length:96][zs_mAP:0.87121][zs_mAP_all:0.22084]
2024-09-05 18:29:55.938 | INFO     | csq:train:199 - [epoch:1/3][loss:0.567455]
2024-09-05 18:30:11.460 | INFO     | csq:train:199 - [epoch:2/3][loss:0.558853]
2024-09-05 18:30:26.042 | INFO     | csq:train:199 - [epoch:3/3][loss:0.549661]
2024-09-05 18:30:26.042 | INFO     | csq:train:202 - [iter:41/50][iter_time:45.76]
2024-09-05 18:31:46.998 | INFO     | csq:train:274 - [iter:41/50][code_length:96][mAP:0.57548][mAP_all:0.56629][best_mAP:0.57548]
2024-09-05 18:31:46.999 | INFO     | csq:train:275 - [iter:41/50][code_length:96][zs_mAP:0.86319][zs_mAP_all:0.21515]
2024-09-05 18:32:02.353 | INFO     | csq:train:199 - [epoch:1/3][loss:0.564201]
2024-09-05 18:32:17.292 | INFO     | csq:train:199 - [epoch:2/3][loss:0.554955]
2024-09-05 18:32:31.451 | INFO     | csq:train:199 - [epoch:3/3][loss:0.544704]
2024-09-05 18:32:31.452 | INFO     | csq:train:202 - [iter:42/50][iter_time:44.45]
2024-09-05 18:33:52.431 | INFO     | csq:train:274 - [iter:42/50][code_length:96][mAP:0.57593][mAP_all:0.56714][best_mAP:0.57593]
2024-09-05 18:33:52.431 | INFO     | csq:train:275 - [iter:42/50][code_length:96][zs_mAP:0.86033][zs_mAP_all:0.22080]
2024-09-05 18:34:07.131 | INFO     | csq:train:199 - [epoch:1/3][loss:0.562244]
2024-09-05 18:34:22.050 | INFO     | csq:train:199 - [epoch:2/3][loss:0.542316]
2024-09-05 18:34:36.845 | INFO     | csq:train:199 - [epoch:3/3][loss:0.544624]
2024-09-05 18:34:36.845 | INFO     | csq:train:202 - [iter:43/50][iter_time:44.41]
2024-09-05 18:35:57.265 | INFO     | csq:train:274 - [iter:43/50][code_length:96][mAP:0.58503][mAP_all:0.57601][best_mAP:0.58503]
2024-09-05 18:35:57.266 | INFO     | csq:train:275 - [iter:43/50][code_length:96][zs_mAP:0.85584][zs_mAP_all:0.21481]
2024-09-05 18:36:12.882 | INFO     | csq:train:199 - [epoch:1/3][loss:0.553742]
2024-09-05 18:36:27.840 | INFO     | csq:train:199 - [epoch:2/3][loss:0.548879]
2024-09-05 18:36:42.731 | INFO     | csq:train:199 - [epoch:3/3][loss:0.541698]
2024-09-05 18:36:42.731 | INFO     | csq:train:202 - [iter:44/50][iter_time:45.47]
2024-09-05 18:38:04.389 | INFO     | csq:train:274 - [iter:44/50][code_length:96][mAP:0.59041][mAP_all:0.58139][best_mAP:0.59041]
2024-09-05 18:38:04.390 | INFO     | csq:train:275 - [iter:44/50][code_length:96][zs_mAP:0.88072][zs_mAP_all:0.23756]
2024-09-05 18:38:20.355 | INFO     | csq:train:199 - [epoch:1/3][loss:0.558439]
2024-09-05 18:38:34.688 | INFO     | csq:train:199 - [epoch:2/3][loss:0.550780]
2024-09-05 18:38:50.339 | INFO     | csq:train:199 - [epoch:3/3][loss:0.541219]
2024-09-05 18:38:50.339 | INFO     | csq:train:202 - [iter:45/50][iter_time:45.95]
2024-09-05 18:40:10.842 | INFO     | csq:train:274 - [iter:45/50][code_length:96][mAP:0.59570][mAP_all:0.58653][best_mAP:0.59570]
2024-09-05 18:40:10.843 | INFO     | csq:train:275 - [iter:45/50][code_length:96][zs_mAP:0.85172][zs_mAP_all:0.22038]
2024-09-05 18:40:25.263 | INFO     | csq:train:199 - [epoch:1/3][loss:0.548644]
2024-09-05 18:40:40.206 | INFO     | csq:train:199 - [epoch:2/3][loss:0.545088]
2024-09-05 18:40:55.402 | INFO     | csq:train:199 - [epoch:3/3][loss:0.548717]
2024-09-05 18:40:55.402 | INFO     | csq:train:202 - [iter:46/50][iter_time:44.56]
2024-09-05 18:42:17.206 | INFO     | csq:train:274 - [iter:46/50][code_length:96][mAP:0.60082][mAP_all:0.59144][best_mAP:0.60082]
2024-09-05 18:42:17.206 | INFO     | csq:train:275 - [iter:46/50][code_length:96][zs_mAP:0.85748][zs_mAP_all:0.22759]
2024-09-05 18:42:32.194 | INFO     | csq:train:199 - [epoch:1/3][loss:0.549632]
2024-09-05 18:42:48.491 | INFO     | csq:train:199 - [epoch:2/3][loss:0.546579]
2024-09-05 18:43:02.918 | INFO     | csq:train:199 - [epoch:3/3][loss:0.545525]
2024-09-05 18:43:02.919 | INFO     | csq:train:202 - [iter:47/50][iter_time:45.71]
2024-09-05 18:44:24.273 | INFO     | csq:train:274 - [iter:47/50][code_length:96][mAP:0.60428][mAP_all:0.59512][best_mAP:0.60428]
2024-09-05 18:44:24.274 | INFO     | csq:train:275 - [iter:47/50][code_length:96][zs_mAP:0.86992][zs_mAP_all:0.23214]
2024-09-05 18:44:40.107 | INFO     | csq:train:199 - [epoch:1/3][loss:0.543713]
2024-09-05 18:44:55.202 | INFO     | csq:train:199 - [epoch:2/3][loss:0.542959]
2024-09-05 18:45:10.180 | INFO     | csq:train:199 - [epoch:3/3][loss:0.542553]
2024-09-05 18:45:10.181 | INFO     | csq:train:202 - [iter:48/50][iter_time:45.91]
2024-09-05 18:46:31.404 | INFO     | csq:train:274 - [iter:48/50][code_length:96][mAP:0.60450][mAP_all:0.59530][best_mAP:0.60450]
2024-09-05 18:46:31.404 | INFO     | csq:train:275 - [iter:48/50][code_length:96][zs_mAP:0.87120][zs_mAP_all:0.23164]
2024-09-05 18:46:47.233 | INFO     | csq:train:199 - [epoch:1/3][loss:0.550963]
2024-09-05 18:47:03.761 | INFO     | csq:train:199 - [epoch:2/3][loss:0.541776]
2024-09-05 18:47:19.017 | INFO     | csq:train:199 - [epoch:3/3][loss:0.544810]
2024-09-05 18:47:19.018 | INFO     | csq:train:202 - [iter:49/50][iter_time:47.61]
2024-09-05 18:48:40.558 | INFO     | csq:train:274 - [iter:49/50][code_length:96][mAP:0.60484][mAP_all:0.59549][best_mAP:0.60484]
2024-09-05 18:48:40.558 | INFO     | csq:train:275 - [iter:49/50][code_length:96][zs_mAP:0.86935][zs_mAP_all:0.23388]
2024-09-05 18:48:57.118 | INFO     | csq:train:199 - [epoch:1/3][loss:0.543033]
2024-09-05 18:49:12.743 | INFO     | csq:train:199 - [epoch:2/3][loss:0.537674]
2024-09-05 18:49:27.947 | INFO     | csq:train:199 - [epoch:3/3][loss:0.538363]
2024-09-05 18:49:27.948 | INFO     | csq:train:202 - [iter:50/50][iter_time:47.39]
2024-09-05 18:50:49.079 | INFO     | csq:train:274 - [iter:50/50][code_length:96][mAP:0.60515][mAP_all:0.59596][best_mAP:0.60515]
2024-09-05 18:50:49.080 | INFO     | csq:train:275 - [iter:50/50][code_length:96][zs_mAP:0.86985][zs_mAP_all:0.22853]
2024-09-05 18:50:49.080 | INFO     | csq:train:278 - [Training time:9629.54]
2024-09-05 18:50:49.084 | INFO     | __main__:run:138 - [code_length:96][map:0.6052][map_all:0.5960][zs_map:0.8699][zs_map_all:0.2285]
2024-09-05 18:51:07.724 | INFO     | csq:train:199 - [epoch:1/3][loss:0.774801]
2024-09-05 18:51:23.475 | INFO     | csq:train:199 - [epoch:2/3][loss:0.764778]
2024-09-05 18:51:37.766 | INFO     | csq:train:199 - [epoch:3/3][loss:0.761426]
2024-09-05 18:51:37.767 | INFO     | csq:train:202 - [iter:1/50][iter_time:45.40]
2024-09-05 18:52:58.520 | INFO     | csq:train:274 - [iter:1/50][code_length:128][mAP:0.06187][mAP_all:0.06078][best_mAP:0.06187]
2024-09-05 18:52:58.521 | INFO     | csq:train:275 - [iter:1/50][code_length:128][zs_mAP:0.43400][zs_mAP_all:0.04992]
2024-09-05 18:53:13.975 | INFO     | csq:train:199 - [epoch:1/3][loss:0.761528]
2024-09-05 18:53:29.657 | INFO     | csq:train:199 - [epoch:2/3][loss:0.758024]
2024-09-05 18:53:45.061 | INFO     | csq:train:199 - [epoch:3/3][loss:0.755676]
2024-09-05 18:53:45.061 | INFO     | csq:train:202 - [iter:2/50][iter_time:46.54]
2024-09-05 18:55:06.228 | INFO     | csq:train:274 - [iter:2/50][code_length:128][mAP:0.07632][mAP_all:0.07477][best_mAP:0.07632]
2024-09-05 18:55:06.229 | INFO     | csq:train:275 - [iter:2/50][code_length:128][zs_mAP:0.50044][zs_mAP_all:0.06308]
2024-09-05 18:55:22.212 | INFO     | csq:train:199 - [epoch:1/3][loss:0.756404]
2024-09-05 18:55:37.572 | INFO     | csq:train:199 - [epoch:2/3][loss:0.753903]
2024-09-05 18:55:53.207 | INFO     | csq:train:199 - [epoch:3/3][loss:0.751514]
2024-09-05 18:55:53.207 | INFO     | csq:train:202 - [iter:3/50][iter_time:46.98]
2024-09-05 18:57:14.352 | INFO     | csq:train:274 - [iter:3/50][code_length:128][mAP:0.09332][mAP_all:0.09116][best_mAP:0.09332]
2024-09-05 18:57:14.353 | INFO     | csq:train:275 - [iter:3/50][code_length:128][zs_mAP:0.55022][zs_mAP_all:0.07536]
2024-09-05 18:57:30.158 | INFO     | csq:train:199 - [epoch:1/3][loss:0.750202]
2024-09-05 18:57:45.435 | INFO     | csq:train:199 - [epoch:2/3][loss:0.746870]
2024-09-05 18:58:01.318 | INFO     | csq:train:199 - [epoch:3/3][loss:0.743987]
2024-09-05 18:58:01.319 | INFO     | csq:train:202 - [iter:4/50][iter_time:46.97]
2024-09-05 18:59:23.007 | INFO     | csq:train:274 - [iter:4/50][code_length:128][mAP:0.11083][mAP_all:0.10815][best_mAP:0.11083]
2024-09-05 18:59:23.007 | INFO     | csq:train:275 - [iter:4/50][code_length:128][zs_mAP:0.61168][zs_mAP_all:0.08663]
2024-09-05 18:59:38.983 | INFO     | csq:train:199 - [epoch:1/3][loss:0.744698]
2024-09-05 18:59:53.763 | INFO     | csq:train:199 - [epoch:2/3][loss:0.742278]
2024-09-05 19:00:10.473 | INFO     | csq:train:199 - [epoch:3/3][loss:0.739213]
2024-09-05 19:00:10.473 | INFO     | csq:train:202 - [iter:5/50][iter_time:47.47]
2024-09-05 19:01:30.545 | INFO     | csq:train:274 - [iter:5/50][code_length:128][mAP:0.12539][mAP_all:0.12246][best_mAP:0.12539]
2024-09-05 19:01:30.545 | INFO     | csq:train:275 - [iter:5/50][code_length:128][zs_mAP:0.62182][zs_mAP_all:0.09206]
2024-09-05 19:01:44.951 | INFO     | csq:train:199 - [epoch:1/3][loss:0.739209]
2024-09-05 19:02:01.581 | INFO     | csq:train:199 - [epoch:2/3][loss:0.737891]
2024-09-05 19:02:16.952 | INFO     | csq:train:199 - [epoch:3/3][loss:0.734152]
2024-09-05 19:02:16.953 | INFO     | csq:train:202 - [iter:6/50][iter_time:46.41]
2024-09-05 19:03:38.638 | INFO     | csq:train:274 - [iter:6/50][code_length:128][mAP:0.13806][mAP_all:0.13466][best_mAP:0.13806]
2024-09-05 19:03:38.639 | INFO     | csq:train:275 - [iter:6/50][code_length:128][zs_mAP:0.65119][zs_mAP_all:0.10410]
2024-09-05 19:03:54.734 | INFO     | csq:train:199 - [epoch:1/3][loss:0.735243]
2024-09-05 19:04:09.476 | INFO     | csq:train:199 - [epoch:2/3][loss:0.732554]
2024-09-05 19:04:24.683 | INFO     | csq:train:199 - [epoch:3/3][loss:0.730937]
2024-09-05 19:04:24.683 | INFO     | csq:train:202 - [iter:7/50][iter_time:46.04]
2024-09-05 19:05:45.516 | INFO     | csq:train:274 - [iter:7/50][code_length:128][mAP:0.15928][mAP_all:0.15563][best_mAP:0.15928]
2024-09-05 19:05:45.517 | INFO     | csq:train:275 - [iter:7/50][code_length:128][zs_mAP:0.66707][zs_mAP_all:0.11122]
2024-09-05 19:06:00.951 | INFO     | csq:train:199 - [epoch:1/3][loss:0.731496]
2024-09-05 19:06:15.327 | INFO     | csq:train:199 - [epoch:2/3][loss:0.729973]
2024-09-05 19:06:30.486 | INFO     | csq:train:199 - [epoch:3/3][loss:0.728154]
2024-09-05 19:06:30.486 | INFO     | csq:train:202 - [iter:8/50][iter_time:44.97]
2024-09-05 19:07:51.923 | INFO     | csq:train:274 - [iter:8/50][code_length:128][mAP:0.17628][mAP_all:0.17197][best_mAP:0.17628]
2024-09-05 19:07:51.923 | INFO     | csq:train:275 - [iter:8/50][code_length:128][zs_mAP:0.69461][zs_mAP_all:0.12532]
2024-09-05 19:08:07.631 | INFO     | csq:train:199 - [epoch:1/3][loss:0.726963]
2024-09-05 19:08:22.120 | INFO     | csq:train:199 - [epoch:2/3][loss:0.725398]
2024-09-05 19:08:37.706 | INFO     | csq:train:199 - [epoch:3/3][loss:0.722059]
2024-09-05 19:08:37.707 | INFO     | csq:train:202 - [iter:9/50][iter_time:45.78]
2024-09-05 19:09:59.071 | INFO     | csq:train:274 - [iter:9/50][code_length:128][mAP:0.19518][mAP_all:0.19057][best_mAP:0.19518]
2024-09-05 19:09:59.071 | INFO     | csq:train:275 - [iter:9/50][code_length:128][zs_mAP:0.72530][zs_mAP_all:0.13746]
2024-09-05 19:10:14.983 | INFO     | csq:train:199 - [epoch:1/3][loss:0.723016]
2024-09-05 19:10:30.383 | INFO     | csq:train:199 - [epoch:2/3][loss:0.720809]
2024-09-05 19:10:46.023 | INFO     | csq:train:199 - [epoch:3/3][loss:0.717786]
2024-09-05 19:10:46.024 | INFO     | csq:train:202 - [iter:10/50][iter_time:46.95]
2024-09-05 19:12:07.874 | INFO     | csq:train:274 - [iter:10/50][code_length:128][mAP:0.21743][mAP_all:0.21206][best_mAP:0.21743]
2024-09-05 19:12:07.875 | INFO     | csq:train:275 - [iter:10/50][code_length:128][zs_mAP:0.76312][zs_mAP_all:0.14938]
2024-09-05 19:12:23.556 | INFO     | csq:train:199 - [epoch:1/3][loss:0.718953]
2024-09-05 19:12:39.682 | INFO     | csq:train:199 - [epoch:2/3][loss:0.714982]
2024-09-05 19:12:55.520 | INFO     | csq:train:199 - [epoch:3/3][loss:0.713379]
2024-09-05 19:12:55.521 | INFO     | csq:train:202 - [iter:11/50][iter_time:47.65]
2024-09-05 19:14:17.137 | INFO     | csq:train:274 - [iter:11/50][code_length:128][mAP:0.23623][mAP_all:0.23075][best_mAP:0.23623]
2024-09-05 19:14:17.138 | INFO     | csq:train:275 - [iter:11/50][code_length:128][zs_mAP:0.77951][zs_mAP_all:0.15720]
2024-09-05 19:14:33.642 | INFO     | csq:train:199 - [epoch:1/3][loss:0.714882]
2024-09-05 19:14:49.013 | INFO     | csq:train:199 - [epoch:2/3][loss:0.711919]
2024-09-05 19:15:04.000 | INFO     | csq:train:199 - [epoch:3/3][loss:0.707810]
2024-09-05 19:15:04.001 | INFO     | csq:train:202 - [iter:12/50][iter_time:46.86]
2024-09-05 19:16:25.899 | INFO     | csq:train:274 - [iter:12/50][code_length:128][mAP:0.25831][mAP_all:0.25243][best_mAP:0.25831]
2024-09-05 19:16:25.900 | INFO     | csq:train:275 - [iter:12/50][code_length:128][zs_mAP:0.79859][zs_mAP_all:0.16653]
2024-09-05 19:16:41.577 | INFO     | csq:train:199 - [epoch:1/3][loss:0.710134]
2024-09-05 19:16:57.696 | INFO     | csq:train:199 - [epoch:2/3][loss:0.707231]
2024-09-05 19:17:11.955 | INFO     | csq:train:199 - [epoch:3/3][loss:0.705002]
2024-09-05 19:17:11.956 | INFO     | csq:train:202 - [iter:13/50][iter_time:46.06]
2024-09-05 19:18:33.991 | INFO     | csq:train:274 - [iter:13/50][code_length:128][mAP:0.27199][mAP_all:0.26560][best_mAP:0.27199]
2024-09-05 19:18:33.991 | INFO     | csq:train:275 - [iter:13/50][code_length:128][zs_mAP:0.81374][zs_mAP_all:0.17775]
2024-09-05 19:18:49.841 | INFO     | csq:train:199 - [epoch:1/3][loss:0.704023]
2024-09-05 19:19:04.619 | INFO     | csq:train:199 - [epoch:2/3][loss:0.701460]
2024-09-05 19:19:20.883 | INFO     | csq:train:199 - [epoch:3/3][loss:0.697285]
2024-09-05 19:19:20.883 | INFO     | csq:train:202 - [iter:14/50][iter_time:46.89]
2024-09-05 19:20:43.300 | INFO     | csq:train:274 - [iter:14/50][code_length:128][mAP:0.29547][mAP_all:0.28892][best_mAP:0.29547]
2024-09-05 19:20:43.301 | INFO     | csq:train:275 - [iter:14/50][code_length:128][zs_mAP:0.82513][zs_mAP_all:0.18456]
2024-09-05 19:23:16.113 | INFO     | csq:train:199 - [epoch:1/3][loss:0.698767]
2024-09-05 19:26:44.840 | INFO     | csq:train:199 - [epoch:2/3][loss:0.695024]
2024-09-05 19:30:18.221 | INFO     | csq:train:199 - [epoch:3/3][loss:0.693351]
2024-09-05 19:30:18.222 | INFO     | csq:train:202 - [iter:15/50][iter_time:574.92]
2024-09-05 19:31:47.987 | INFO     | csq:train:274 - [iter:15/50][code_length:128][mAP:0.30861][mAP_all:0.30155][best_mAP:0.30861]
2024-09-05 19:31:47.988 | INFO     | csq:train:275 - [iter:15/50][code_length:128][zs_mAP:0.83600][zs_mAP_all:0.18599]
2024-09-05 19:34:41.358 | INFO     | csq:train:199 - [epoch:1/3][loss:0.694134]
2024-09-05 19:38:29.391 | INFO     | csq:train:199 - [epoch:2/3][loss:0.692297]
2024-09-05 19:41:30.095 | INFO     | csq:train:199 - [epoch:3/3][loss:0.688496]
2024-09-05 19:41:30.096 | INFO     | csq:train:202 - [iter:16/50][iter_time:582.11]
2024-09-05 19:43:02.804 | INFO     | csq:train:274 - [iter:16/50][code_length:128][mAP:0.32695][mAP_all:0.31975][best_mAP:0.32695]
2024-09-05 19:43:02.804 | INFO     | csq:train:275 - [iter:16/50][code_length:128][zs_mAP:0.84677][zs_mAP_all:0.19445]
2024-09-05 19:45:42.309 | INFO     | csq:train:199 - [epoch:1/3][loss:0.686941]
2024-09-05 19:48:21.148 | INFO     | csq:train:199 - [epoch:2/3][loss:0.681810]
2024-09-05 19:49:46.386 | INFO     | csq:train:199 - [epoch:3/3][loss:0.679921]
2024-09-05 19:49:46.387 | INFO     | csq:train:202 - [iter:17/50][iter_time:403.58]
2024-09-05 19:51:15.797 | INFO     | csq:train:274 - [iter:17/50][code_length:128][mAP:0.34403][mAP_all:0.33668][best_mAP:0.34403]
2024-09-05 19:51:15.798 | INFO     | csq:train:275 - [iter:17/50][code_length:128][zs_mAP:0.85361][zs_mAP_all:0.20130]
2024-09-05 19:52:50.475 | INFO     | csq:train:199 - [epoch:1/3][loss:0.683563]
2024-09-05 19:56:40.475 | INFO     | csq:train:199 - [epoch:2/3][loss:0.681247]
2024-09-05 19:58:15.008 | INFO     | csq:train:199 - [epoch:3/3][loss:0.676911]
2024-09-05 19:58:15.008 | INFO     | csq:train:202 - [iter:18/50][iter_time:419.21]
2024-09-05 19:59:44.986 | INFO     | csq:train:274 - [iter:18/50][code_length:128][mAP:0.36090][mAP_all:0.35323][best_mAP:0.36090]
2024-09-05 19:59:44.987 | INFO     | csq:train:275 - [iter:18/50][code_length:128][zs_mAP:0.86011][zs_mAP_all:0.21460]
2024-09-05 20:01:25.917 | INFO     | csq:train:199 - [epoch:1/3][loss:0.680817]
2024-09-05 20:04:34.676 | INFO     | csq:train:199 - [epoch:2/3][loss:0.678379]
2024-09-05 20:06:40.202 | INFO     | csq:train:199 - [epoch:3/3][loss:0.673123]
2024-09-05 20:06:40.203 | INFO     | csq:train:202 - [iter:19/50][iter_time:415.22]
2024-09-05 20:08:13.050 | INFO     | csq:train:274 - [iter:19/50][code_length:128][mAP:0.37584][mAP_all:0.36766][best_mAP:0.37584]
2024-09-05 20:08:13.052 | INFO     | csq:train:275 - [iter:19/50][code_length:128][zs_mAP:0.87478][zs_mAP_all:0.21563]
2024-09-05 20:08:28.238 | INFO     | csq:train:199 - [epoch:1/3][loss:0.673752]
2024-09-05 20:08:44.015 | INFO     | csq:train:199 - [epoch:2/3][loss:0.670479]
2024-09-05 20:08:59.584 | INFO     | csq:train:199 - [epoch:3/3][loss:0.665794]
2024-09-05 20:08:59.584 | INFO     | csq:train:202 - [iter:20/50][iter_time:46.53]
2024-09-05 20:10:21.055 | INFO     | csq:train:274 - [iter:20/50][code_length:128][mAP:0.38786][mAP_all:0.37980][best_mAP:0.38786]
2024-09-05 20:10:21.056 | INFO     | csq:train:275 - [iter:20/50][code_length:128][zs_mAP:0.86978][zs_mAP_all:0.22444]
2024-09-05 20:10:36.036 | INFO     | csq:train:199 - [epoch:1/3][loss:0.668143]
2024-09-05 20:10:49.873 | INFO     | csq:train:199 - [epoch:2/3][loss:0.663164]
2024-09-05 20:11:04.356 | INFO     | csq:train:199 - [epoch:3/3][loss:0.659278]
2024-09-05 20:11:04.356 | INFO     | csq:train:202 - [iter:21/50][iter_time:43.30]
2024-09-05 20:12:25.765 | INFO     | csq:train:274 - [iter:21/50][code_length:128][mAP:0.40139][mAP_all:0.39336][best_mAP:0.40139]
2024-09-05 20:12:25.765 | INFO     | csq:train:275 - [iter:21/50][code_length:128][zs_mAP:0.87182][zs_mAP_all:0.21771]
2024-09-05 20:12:40.565 | INFO     | csq:train:199 - [epoch:1/3][loss:0.664352]
2024-09-05 20:12:56.266 | INFO     | csq:train:199 - [epoch:2/3][loss:0.662520]
2024-09-05 20:13:11.757 | INFO     | csq:train:199 - [epoch:3/3][loss:0.656728]
2024-09-05 20:13:11.757 | INFO     | csq:train:202 - [iter:22/50][iter_time:45.99]
2024-09-05 20:14:33.045 | INFO     | csq:train:274 - [iter:22/50][code_length:128][mAP:0.41214][mAP_all:0.40381][best_mAP:0.41214]
2024-09-05 20:14:33.046 | INFO     | csq:train:275 - [iter:22/50][code_length:128][zs_mAP:0.87411][zs_mAP_all:0.22498]
2024-09-05 20:14:48.556 | INFO     | csq:train:199 - [epoch:1/3][loss:0.660534]
2024-09-05 20:16:34.256 | INFO     | csq:train:199 - [epoch:2/3][loss:0.655821]
2024-09-05 20:20:35.902 | INFO     | csq:train:199 - [epoch:3/3][loss:0.651531]
2024-09-05 20:20:35.902 | INFO     | csq:train:202 - [iter:23/50][iter_time:362.86]
2024-09-05 20:22:02.987 | INFO     | csq:train:274 - [iter:23/50][code_length:128][mAP:0.42360][mAP_all:0.41507][best_mAP:0.42360]
2024-09-05 20:22:02.988 | INFO     | csq:train:275 - [iter:23/50][code_length:128][zs_mAP:0.88526][zs_mAP_all:0.23283]
2024-09-05 20:25:56.982 | INFO     | csq:train:199 - [epoch:1/3][loss:0.656664]
2024-09-05 20:30:04.186 | INFO     | csq:train:199 - [epoch:2/3][loss:0.651715]
2024-09-05 20:34:14.931 | INFO     | csq:train:199 - [epoch:3/3][loss:0.647784]
2024-09-05 20:34:14.932 | INFO     | csq:train:202 - [iter:24/50][iter_time:731.94]
2024-09-05 20:35:41.514 | INFO     | csq:train:274 - [iter:24/50][code_length:128][mAP:0.43374][mAP_all:0.42518][best_mAP:0.43374]
2024-09-05 20:35:41.515 | INFO     | csq:train:275 - [iter:24/50][code_length:128][zs_mAP:0.88402][zs_mAP_all:0.23985]
2024-09-05 20:39:44.534 | INFO     | csq:train:199 - [epoch:1/3][loss:0.651523]
2024-09-05 20:43:43.726 | INFO     | csq:train:199 - [epoch:2/3][loss:0.645972]
2024-09-05 20:47:43.364 | INFO     | csq:train:199 - [epoch:3/3][loss:0.645180]
2024-09-05 20:47:43.364 | INFO     | csq:train:202 - [iter:25/50][iter_time:721.85]
2024-09-05 20:49:09.354 | INFO     | csq:train:274 - [iter:25/50][code_length:128][mAP:0.44870][mAP_all:0.43985][best_mAP:0.44870]
2024-09-05 20:49:09.354 | INFO     | csq:train:275 - [iter:25/50][code_length:128][zs_mAP:0.88309][zs_mAP_all:0.24128]
2024-09-05 20:53:06.823 | INFO     | csq:train:199 - [epoch:1/3][loss:0.650917]
2024-09-05 20:57:13.106 | INFO     | csq:train:199 - [epoch:2/3][loss:0.647445]
2024-09-05 21:01:18.617 | INFO     | csq:train:199 - [epoch:3/3][loss:0.641700]
2024-09-05 21:01:18.617 | INFO     | csq:train:202 - [iter:26/50][iter_time:729.26]
2024-09-05 21:02:45.645 | INFO     | csq:train:274 - [iter:26/50][code_length:128][mAP:0.45524][mAP_all:0.44646][best_mAP:0.45524]
2024-09-05 21:02:45.645 | INFO     | csq:train:275 - [iter:26/50][code_length:128][zs_mAP:0.88525][zs_mAP_all:0.23727]
2024-09-05 21:06:32.682 | INFO     | csq:train:199 - [epoch:1/3][loss:0.642715]
2024-09-05 21:10:16.260 | INFO     | csq:train:199 - [epoch:2/3][loss:0.638098]
2024-09-05 21:14:07.209 | INFO     | csq:train:199 - [epoch:3/3][loss:0.634297]
2024-09-05 21:14:07.210 | INFO     | csq:train:202 - [iter:27/50][iter_time:681.56]
2024-09-05 21:15:34.216 | INFO     | csq:train:274 - [iter:27/50][code_length:128][mAP:0.46335][mAP_all:0.45452][best_mAP:0.46335]
2024-09-05 21:15:34.216 | INFO     | csq:train:275 - [iter:27/50][code_length:128][zs_mAP:0.88257][zs_mAP_all:0.23823]
2024-09-05 21:19:18.605 | INFO     | csq:train:199 - [epoch:1/3][loss:0.640434]
2024-09-05 21:23:22.318 | INFO     | csq:train:199 - [epoch:2/3][loss:0.632038]
2024-09-05 21:23:57.366 | INFO     | csq:train:199 - [epoch:3/3][loss:0.628026]
2024-09-05 21:23:57.367 | INFO     | csq:train:202 - [iter:28/50][iter_time:503.15]
2024-09-05 21:25:18.574 | INFO     | csq:train:274 - [iter:28/50][code_length:128][mAP:0.47330][mAP_all:0.46435][best_mAP:0.47330]
2024-09-05 21:25:18.574 | INFO     | csq:train:275 - [iter:28/50][code_length:128][zs_mAP:0.88655][zs_mAP_all:0.24136]
2024-09-05 21:25:33.939 | INFO     | csq:train:199 - [epoch:1/3][loss:0.632449]
2024-09-05 21:25:49.995 | INFO     | csq:train:199 - [epoch:2/3][loss:0.629853]
2024-09-05 21:26:05.461 | INFO     | csq:train:199 - [epoch:3/3][loss:0.626045]
2024-09-05 21:26:05.462 | INFO     | csq:train:202 - [iter:29/50][iter_time:46.89]
2024-09-05 21:27:27.046 | INFO     | csq:train:274 - [iter:29/50][code_length:128][mAP:0.47914][mAP_all:0.47018][best_mAP:0.47914]
2024-09-05 21:27:27.046 | INFO     | csq:train:275 - [iter:29/50][code_length:128][zs_mAP:0.88345][zs_mAP_all:0.24190]
2024-09-05 21:27:36.380 | INFO     | csq:train:199 - [epoch:1/3][loss:0.628987]
2024-09-05 21:27:46.650 | INFO     | csq:train:199 - [epoch:2/3][loss:0.627370]
2024-09-05 21:27:57.058 | INFO     | csq:train:199 - [epoch:3/3][loss:0.622211]
2024-09-05 21:27:57.058 | INFO     | csq:train:202 - [iter:30/50][iter_time:30.01]
2024-09-05 21:29:21.257 | INFO     | csq:train:274 - [iter:30/50][code_length:128][mAP:0.48598][mAP_all:0.47735][best_mAP:0.48598]
2024-09-05 21:29:21.258 | INFO     | csq:train:275 - [iter:30/50][code_length:128][zs_mAP:0.86999][zs_mAP_all:0.23391]
2024-09-05 21:29:31.331 | INFO     | csq:train:199 - [epoch:1/3][loss:0.629377]
2024-09-05 21:29:40.662 | INFO     | csq:train:199 - [epoch:2/3][loss:0.622248]
2024-09-05 21:29:52.176 | INFO     | csq:train:199 - [epoch:3/3][loss:0.615482]
2024-09-05 21:29:52.177 | INFO     | csq:train:202 - [iter:31/50][iter_time:30.92]
2024-09-05 21:31:14.266 | INFO     | csq:train:274 - [iter:31/50][code_length:128][mAP:0.49311][mAP_all:0.48410][best_mAP:0.49311]
2024-09-05 21:31:14.267 | INFO     | csq:train:275 - [iter:31/50][code_length:128][zs_mAP:0.87504][zs_mAP_all:0.24492]
2024-09-05 21:31:28.540 | INFO     | csq:train:199 - [epoch:1/3][loss:0.621535]
2024-09-05 21:31:43.356 | INFO     | csq:train:199 - [epoch:2/3][loss:0.615555]
2024-09-05 21:31:58.636 | INFO     | csq:train:199 - [epoch:3/3][loss:0.611266]
2024-09-05 21:31:58.636 | INFO     | csq:train:202 - [iter:32/50][iter_time:44.37]
2024-09-05 21:33:20.167 | INFO     | csq:train:274 - [iter:32/50][code_length:128][mAP:0.50456][mAP_all:0.49537][best_mAP:0.50456]
2024-09-05 21:33:20.168 | INFO     | csq:train:275 - [iter:32/50][code_length:128][zs_mAP:0.88348][zs_mAP_all:0.24152]
2024-09-05 21:33:35.952 | INFO     | csq:train:199 - [epoch:1/3][loss:0.623203]
2024-09-05 21:33:51.122 | INFO     | csq:train:199 - [epoch:2/3][loss:0.620034]
2024-09-05 21:34:06.827 | INFO     | csq:train:199 - [epoch:3/3][loss:0.614586]
2024-09-05 21:34:06.828 | INFO     | csq:train:202 - [iter:33/50][iter_time:46.66]
2024-09-05 21:35:28.709 | INFO     | csq:train:274 - [iter:33/50][code_length:128][mAP:0.50982][mAP_all:0.50070][best_mAP:0.50982]
2024-09-05 21:35:28.710 | INFO     | csq:train:275 - [iter:33/50][code_length:128][zs_mAP:0.88444][zs_mAP_all:0.24283]
2024-09-05 21:35:44.669 | INFO     | csq:train:199 - [epoch:1/3][loss:0.609771]
2024-09-05 21:36:00.455 | INFO     | csq:train:199 - [epoch:2/3][loss:0.609285]
2024-09-05 21:38:03.465 | INFO     | csq:train:199 - [epoch:3/3][loss:0.603040]
2024-09-05 21:38:03.466 | INFO     | csq:train:202 - [iter:34/50][iter_time:154.76]
2024-09-05 21:39:27.411 | INFO     | csq:train:274 - [iter:34/50][code_length:128][mAP:0.51461][mAP_all:0.50522][best_mAP:0.51461]
2024-09-05 21:39:27.412 | INFO     | csq:train:275 - [iter:34/50][code_length:128][zs_mAP:0.88146][zs_mAP_all:0.24222]
2024-09-05 21:43:24.044 | INFO     | csq:train:199 - [epoch:1/3][loss:0.608757]
2024-09-05 21:47:20.524 | INFO     | csq:train:199 - [epoch:2/3][loss:0.602388]
2024-09-05 21:51:10.742 | INFO     | csq:train:199 - [epoch:3/3][loss:0.601033]
2024-09-05 21:51:10.742 | INFO     | csq:train:202 - [iter:35/50][iter_time:703.33]
2024-09-05 21:52:34.357 | INFO     | csq:train:274 - [iter:35/50][code_length:128][mAP:0.52407][mAP_all:0.51490][best_mAP:0.52407]
2024-09-05 21:52:34.357 | INFO     | csq:train:275 - [iter:35/50][code_length:128][zs_mAP:0.88102][zs_mAP_all:0.23852]
2024-09-05 21:56:22.188 | INFO     | csq:train:199 - [epoch:1/3][loss:0.603294]
2024-09-05 22:00:15.086 | INFO     | csq:train:199 - [epoch:2/3][loss:0.595904]
2024-09-05 22:03:56.651 | INFO     | csq:train:199 - [epoch:3/3][loss:0.593643]
2024-09-05 22:03:56.652 | INFO     | csq:train:202 - [iter:36/50][iter_time:682.29]
2024-09-05 22:05:18.271 | INFO     | csq:train:274 - [iter:36/50][code_length:128][mAP:0.52577][mAP_all:0.51679][best_mAP:0.52577]
2024-09-05 22:05:18.271 | INFO     | csq:train:275 - [iter:36/50][code_length:128][zs_mAP:0.88116][zs_mAP_all:0.23929]
2024-09-05 22:08:50.718 | INFO     | csq:train:199 - [epoch:1/3][loss:0.598764]
2024-09-05 22:12:30.952 | INFO     | csq:train:199 - [epoch:2/3][loss:0.593032]
2024-09-05 22:16:05.487 | INFO     | csq:train:199 - [epoch:3/3][loss:0.589281]
2024-09-05 22:16:05.488 | INFO     | csq:train:202 - [iter:37/50][iter_time:647.22]
2024-09-05 22:17:28.220 | INFO     | csq:train:274 - [iter:37/50][code_length:128][mAP:0.53180][mAP_all:0.52294][best_mAP:0.53180]
2024-09-05 22:17:28.220 | INFO     | csq:train:275 - [iter:37/50][code_length:128][zs_mAP:0.87919][zs_mAP_all:0.22870]
2024-09-05 22:20:13.937 | INFO     | csq:train:199 - [epoch:1/3][loss:0.599395]
2024-09-05 22:22:43.583 | INFO     | csq:train:199 - [epoch:2/3][loss:0.594480]
2024-09-05 22:26:03.847 | INFO     | csq:train:199 - [epoch:3/3][loss:0.594384]
2024-09-05 22:26:03.847 | INFO     | csq:train:202 - [iter:38/50][iter_time:515.63]
2024-09-05 22:27:25.517 | INFO     | csq:train:274 - [iter:38/50][code_length:128][mAP:0.54027][mAP_all:0.53086][best_mAP:0.54027]
2024-09-05 22:27:25.518 | INFO     | csq:train:275 - [iter:38/50][code_length:128][zs_mAP:0.88608][zs_mAP_all:0.24362]
2024-09-05 22:30:52.450 | INFO     | csq:train:199 - [epoch:1/3][loss:0.596288]
2024-09-05 22:34:08.716 | INFO     | csq:train:199 - [epoch:2/3][loss:0.591025]
2024-09-05 22:37:47.492 | INFO     | csq:train:199 - [epoch:3/3][loss:0.585428]
2024-09-05 22:37:47.492 | INFO     | csq:train:202 - [iter:39/50][iter_time:621.97]
2024-09-05 22:39:09.067 | INFO     | csq:train:274 - [iter:39/50][code_length:128][mAP:0.53942][mAP_all:0.53018][best_mAP:0.54027]
2024-09-05 22:39:09.068 | INFO     | csq:train:275 - [iter:39/50][code_length:128][zs_mAP:0.88338][zs_mAP_all:0.23815]
2024-09-05 22:42:41.613 | INFO     | csq:train:199 - [epoch:1/3][loss:0.590861]
2024-09-05 22:46:15.438 | INFO     | csq:train:199 - [epoch:2/3][loss:0.582721]
2024-09-05 22:49:54.316 | INFO     | csq:train:199 - [epoch:3/3][loss:0.577867]
2024-09-05 22:49:54.317 | INFO     | csq:train:202 - [iter:40/50][iter_time:645.25]
2024-09-05 22:51:17.087 | INFO     | csq:train:274 - [iter:40/50][code_length:128][mAP:0.55034][mAP_all:0.54120][best_mAP:0.55034]
2024-09-05 22:51:17.087 | INFO     | csq:train:275 - [iter:40/50][code_length:128][zs_mAP:0.88464][zs_mAP_all:0.24028]
2024-09-05 22:54:53.769 | INFO     | csq:train:199 - [epoch:1/3][loss:0.588482]
2024-09-05 22:58:25.837 | INFO     | csq:train:199 - [epoch:2/3][loss:0.577815]
2024-09-05 23:01:59.206 | INFO     | csq:train:199 - [epoch:3/3][loss:0.578334]
2024-09-05 23:01:59.207 | INFO     | csq:train:202 - [iter:41/50][iter_time:642.12]
2024-09-05 23:03:21.166 | INFO     | csq:train:274 - [iter:41/50][code_length:128][mAP:0.55285][mAP_all:0.54395][best_mAP:0.55285]
2024-09-05 23:03:21.166 | INFO     | csq:train:275 - [iter:41/50][code_length:128][zs_mAP:0.87039][zs_mAP_all:0.22604]
2024-09-05 23:06:44.874 | INFO     | csq:train:199 - [epoch:1/3][loss:0.587160]
2024-09-05 23:10:12.229 | INFO     | csq:train:199 - [epoch:2/3][loss:0.577543]
2024-09-05 23:13:50.031 | INFO     | csq:train:199 - [epoch:3/3][loss:0.576975]
2024-09-05 23:13:50.032 | INFO     | csq:train:202 - [iter:42/50][iter_time:628.87]
2024-09-05 23:15:12.224 | INFO     | csq:train:274 - [iter:42/50][code_length:128][mAP:0.55520][mAP_all:0.54626][best_mAP:0.55520]
2024-09-05 23:15:12.224 | INFO     | csq:train:275 - [iter:42/50][code_length:128][zs_mAP:0.87787][zs_mAP_all:0.23913]
2024-09-05 23:18:41.627 | INFO     | csq:train:199 - [epoch:1/3][loss:0.579097]
2024-09-05 23:22:14.366 | INFO     | csq:train:199 - [epoch:2/3][loss:0.576310]
2024-09-05 23:25:45.322 | INFO     | csq:train:199 - [epoch:3/3][loss:0.567898]
2024-09-05 23:25:45.323 | INFO     | csq:train:202 - [iter:43/50][iter_time:633.10]
2024-09-05 23:27:07.251 | INFO     | csq:train:274 - [iter:43/50][code_length:128][mAP:0.56066][mAP_all:0.55106][best_mAP:0.56066]
2024-09-05 23:27:07.257 | INFO     | csq:train:275 - [iter:43/50][code_length:128][zs_mAP:0.89117][zs_mAP_all:0.25300]
2024-09-05 23:30:25.813 | INFO     | csq:train:199 - [epoch:1/3][loss:0.586575]
2024-09-05 23:33:33.836 | INFO     | csq:train:199 - [epoch:2/3][loss:0.575184]
2024-09-05 23:36:45.944 | INFO     | csq:train:199 - [epoch:3/3][loss:0.581218]
2024-09-05 23:36:45.945 | INFO     | csq:train:202 - [iter:44/50][iter_time:578.69]
2024-09-05 23:38:07.930 | INFO     | csq:train:274 - [iter:44/50][code_length:128][mAP:0.56867][mAP_all:0.55947][best_mAP:0.56867]
2024-09-05 23:38:07.931 | INFO     | csq:train:275 - [iter:44/50][code_length:128][zs_mAP:0.89095][zs_mAP_all:0.24895]
2024-09-05 23:41:15.725 | INFO     | csq:train:199 - [epoch:1/3][loss:0.577795]
2024-09-05 23:44:25.677 | INFO     | csq:train:199 - [epoch:2/3][loss:0.567635]
2024-09-05 23:47:40.288 | INFO     | csq:train:199 - [epoch:3/3][loss:0.561624]
2024-09-05 23:47:40.289 | INFO     | csq:train:202 - [iter:45/50][iter_time:572.36]
2024-09-05 23:49:02.737 | INFO     | csq:train:274 - [iter:45/50][code_length:128][mAP:0.57368][mAP_all:0.56446][best_mAP:0.57368]
2024-09-05 23:49:02.738 | INFO     | csq:train:275 - [iter:45/50][code_length:128][zs_mAP:0.86691][zs_mAP_all:0.23706]
2024-09-05 23:51:01.635 | INFO     | csq:train:199 - [epoch:1/3][loss:0.579458]
2024-09-05 23:51:16.491 | INFO     | csq:train:199 - [epoch:2/3][loss:0.571991]
2024-09-05 23:51:30.297 | INFO     | csq:train:199 - [epoch:3/3][loss:0.569989]
2024-09-05 23:51:30.297 | INFO     | csq:train:202 - [iter:46/50][iter_time:147.56]
2024-09-05 23:52:51.713 | INFO     | csq:train:274 - [iter:46/50][code_length:128][mAP:0.57650][mAP_all:0.56744][best_mAP:0.57650]
2024-09-05 23:52:51.713 | INFO     | csq:train:275 - [iter:46/50][code_length:128][zs_mAP:0.87154][zs_mAP_all:0.23779]
2024-09-05 23:53:06.664 | INFO     | csq:train:199 - [epoch:1/3][loss:0.568168]
2024-09-05 23:53:22.068 | INFO     | csq:train:199 - [epoch:2/3][loss:0.564987]
2024-09-05 23:53:37.601 | INFO     | csq:train:199 - [epoch:3/3][loss:0.566421]
2024-09-05 23:53:37.601 | INFO     | csq:train:202 - [iter:47/50][iter_time:45.89]
2024-09-05 23:54:59.315 | INFO     | csq:train:274 - [iter:47/50][code_length:128][mAP:0.57780][mAP_all:0.56863][best_mAP:0.57780]
2024-09-05 23:54:59.315 | INFO     | csq:train:275 - [iter:47/50][code_length:128][zs_mAP:0.87635][zs_mAP_all:0.24267]
2024-09-05 23:55:14.071 | INFO     | csq:train:199 - [epoch:1/3][loss:0.575412]
2024-09-05 23:55:28.392 | INFO     | csq:train:199 - [epoch:2/3][loss:0.566536]
2024-09-05 23:55:42.709 | INFO     | csq:train:199 - [epoch:3/3][loss:0.569462]
2024-09-05 23:55:42.709 | INFO     | csq:train:202 - [iter:48/50][iter_time:43.39]
2024-09-05 23:57:04.500 | INFO     | csq:train:274 - [iter:48/50][code_length:128][mAP:0.57894][mAP_all:0.56977][best_mAP:0.57894]
2024-09-05 23:57:04.501 | INFO     | csq:train:275 - [iter:48/50][code_length:128][zs_mAP:0.88049][zs_mAP_all:0.24588]
2024-09-05 23:57:18.741 | INFO     | csq:train:199 - [epoch:1/3][loss:0.573041]
2024-09-05 23:57:33.525 | INFO     | csq:train:199 - [epoch:2/3][loss:0.570293]
2024-09-05 23:57:48.595 | INFO     | csq:train:199 - [epoch:3/3][loss:0.567110]
2024-09-05 23:57:48.596 | INFO     | csq:train:202 - [iter:49/50][iter_time:44.09]
2024-09-05 23:59:10.897 | INFO     | csq:train:274 - [iter:49/50][code_length:128][mAP:0.58407][mAP_all:0.57485][best_mAP:0.58407]
2024-09-05 23:59:10.898 | INFO     | csq:train:275 - [iter:49/50][code_length:128][zs_mAP:0.88307][zs_mAP_all:0.24430]
2024-09-05 23:59:25.805 | INFO     | csq:train:199 - [epoch:1/3][loss:0.578362]
2024-09-05 23:59:40.568 | INFO     | csq:train:199 - [epoch:2/3][loss:0.571644]
2024-09-05 23:59:55.801 | INFO     | csq:train:199 - [epoch:3/3][loss:0.571664]
2024-09-05 23:59:55.801 | INFO     | csq:train:202 - [iter:50/50][iter_time:44.90]
2024-09-06 00:01:17.500 | INFO     | csq:train:274 - [iter:50/50][code_length:128][mAP:0.58178][mAP_all:0.57256][best_mAP:0.58407]
2024-09-06 00:01:17.501 | INFO     | csq:train:275 - [iter:50/50][code_length:128][zs_mAP:0.88331][zs_mAP_all:0.25074]
2024-09-06 00:01:17.501 | INFO     | csq:train:278 - [Training time:18625.14]
2024-09-06 00:01:17.508 | INFO     | __main__:run:138 - [code_length:128][map:0.5841][map_all:0.5749][zs_map:0.8831][zs_map_all:0.2443]
2024-09-06 00:02:22.199 | INFO     | csq:train:199 - [epoch:1/3][loss:0.780140]
2024-09-06 00:02:37.814 | INFO     | csq:train:199 - [epoch:2/3][loss:0.770632]
2024-09-06 00:02:52.297 | INFO     | csq:train:199 - [epoch:3/3][loss:0.768576]
2024-09-06 00:02:52.297 | INFO     | csq:train:202 - [iter:1/50][iter_time:45.97]
2024-09-06 00:04:13.938 | INFO     | csq:train:274 - [iter:1/50][code_length:256][mAP:0.08765][mAP_all:0.08587][best_mAP:0.08765]
2024-09-06 00:04:13.939 | INFO     | csq:train:275 - [iter:1/50][code_length:256][zs_mAP:0.43455][zs_mAP_all:0.06832]
2024-09-06 00:04:29.870 | INFO     | csq:train:199 - [epoch:1/3][loss:0.767794]
2024-09-06 00:04:44.429 | INFO     | csq:train:199 - [epoch:2/3][loss:0.765921]
2024-09-06 00:05:00.029 | INFO     | csq:train:199 - [epoch:3/3][loss:0.764422]
2024-09-06 00:05:00.029 | INFO     | csq:train:202 - [iter:2/50][iter_time:46.09]
2024-09-06 00:06:22.032 | INFO     | csq:train:274 - [iter:2/50][code_length:256][mAP:0.08814][mAP_all:0.08646][best_mAP:0.08814]
2024-09-06 00:06:22.033 | INFO     | csq:train:275 - [iter:2/50][code_length:256][zs_mAP:0.45155][zs_mAP_all:0.06917]
2024-09-06 00:06:38.292 | INFO     | csq:train:199 - [epoch:1/3][loss:0.764028]
2024-09-06 00:06:53.918 | INFO     | csq:train:199 - [epoch:2/3][loss:0.762221]
2024-09-06 00:07:10.271 | INFO     | csq:train:199 - [epoch:3/3][loss:0.761092]
2024-09-06 00:07:10.272 | INFO     | csq:train:202 - [iter:3/50][iter_time:48.24]
2024-09-06 00:08:31.785 | INFO     | csq:train:274 - [iter:3/50][code_length:256][mAP:0.09757][mAP_all:0.09561][best_mAP:0.09757]
2024-09-06 00:08:31.786 | INFO     | csq:train:275 - [iter:3/50][code_length:256][zs_mAP:0.49999][zs_mAP_all:0.07831]
2024-09-06 00:08:47.809 | INFO     | csq:train:199 - [epoch:1/3][loss:0.761248]
2024-09-06 00:09:02.611 | INFO     | csq:train:199 - [epoch:2/3][loss:0.759468]
2024-09-06 00:09:18.356 | INFO     | csq:train:199 - [epoch:3/3][loss:0.758060]
2024-09-06 00:09:18.356 | INFO     | csq:train:202 - [iter:4/50][iter_time:46.57]
2024-09-06 00:10:39.494 | INFO     | csq:train:274 - [iter:4/50][code_length:256][mAP:0.10901][mAP_all:0.10674][best_mAP:0.10901]
2024-09-06 00:10:39.494 | INFO     | csq:train:275 - [iter:4/50][code_length:256][zs_mAP:0.54391][zs_mAP_all:0.08194]
2024-09-06 00:10:54.168 | INFO     | csq:train:199 - [epoch:1/3][loss:0.757910]
2024-09-06 00:11:09.148 | INFO     | csq:train:199 - [epoch:2/3][loss:0.756122]
2024-09-06 00:11:24.255 | INFO     | csq:train:199 - [epoch:3/3][loss:0.754695]
2024-09-06 00:11:24.256 | INFO     | csq:train:202 - [iter:5/50][iter_time:44.76]
2024-09-06 00:12:45.724 | INFO     | csq:train:274 - [iter:5/50][code_length:256][mAP:0.11815][mAP_all:0.11567][best_mAP:0.11815]
2024-09-06 00:12:45.725 | INFO     | csq:train:275 - [iter:5/50][code_length:256][zs_mAP:0.57758][zs_mAP_all:0.08765]
2024-09-06 00:13:01.438 | INFO     | csq:train:199 - [epoch:1/3][loss:0.755052]
2024-09-06 00:13:15.959 | INFO     | csq:train:199 - [epoch:2/3][loss:0.753452]
2024-09-06 00:13:31.598 | INFO     | csq:train:199 - [epoch:3/3][loss:0.751605]
2024-09-06 00:13:31.599 | INFO     | csq:train:202 - [iter:6/50][iter_time:45.87]
2024-09-06 00:14:53.217 | INFO     | csq:train:274 - [iter:6/50][code_length:256][mAP:0.13328][mAP_all:0.13032][best_mAP:0.13328]
2024-09-06 00:14:53.218 | INFO     | csq:train:275 - [iter:6/50][code_length:256][zs_mAP:0.60958][zs_mAP_all:0.10129]
2024-09-06 00:15:08.316 | INFO     | csq:train:199 - [epoch:1/3][loss:0.750892]
2024-09-06 00:15:22.789 | INFO     | csq:train:199 - [epoch:2/3][loss:0.749274]
2024-09-06 00:15:38.534 | INFO     | csq:train:199 - [epoch:3/3][loss:0.748193]
2024-09-06 00:15:38.535 | INFO     | csq:train:202 - [iter:7/50][iter_time:45.32]
2024-09-06 00:16:59.949 | INFO     | csq:train:274 - [iter:7/50][code_length:256][mAP:0.14558][mAP_all:0.14233][best_mAP:0.14558]
2024-09-06 00:16:59.950 | INFO     | csq:train:275 - [iter:7/50][code_length:256][zs_mAP:0.63637][zs_mAP_all:0.11188]
2024-09-06 00:17:15.250 | INFO     | csq:train:199 - [epoch:1/3][loss:0.747880]
2024-09-06 00:17:30.187 | INFO     | csq:train:199 - [epoch:2/3][loss:0.745352]
2024-09-06 00:17:45.936 | INFO     | csq:train:199 - [epoch:3/3][loss:0.744496]
2024-09-06 00:17:45.937 | INFO     | csq:train:202 - [iter:8/50][iter_time:45.99]
2024-09-06 00:19:07.761 | INFO     | csq:train:274 - [iter:8/50][code_length:256][mAP:0.15879][mAP_all:0.15512][best_mAP:0.15879]
2024-09-06 00:19:07.762 | INFO     | csq:train:275 - [iter:8/50][code_length:256][zs_mAP:0.65956][zs_mAP_all:0.11782]
2024-09-06 00:19:22.753 | INFO     | csq:train:199 - [epoch:1/3][loss:0.744398]
2024-09-06 00:19:37.366 | INFO     | csq:train:199 - [epoch:2/3][loss:0.743127]
2024-09-06 00:19:51.815 | INFO     | csq:train:199 - [epoch:3/3][loss:0.741335]
2024-09-06 00:19:51.816 | INFO     | csq:train:202 - [iter:9/50][iter_time:44.05]
2024-09-06 00:21:13.381 | INFO     | csq:train:274 - [iter:9/50][code_length:256][mAP:0.17238][mAP_all:0.16840][best_mAP:0.17238]
2024-09-06 00:21:13.382 | INFO     | csq:train:275 - [iter:9/50][code_length:256][zs_mAP:0.68177][zs_mAP_all:0.12955]
2024-09-06 00:21:27.314 | INFO     | csq:train:199 - [epoch:1/3][loss:0.740563]
2024-09-06 00:21:42.935 | INFO     | csq:train:199 - [epoch:2/3][loss:0.738991]
2024-09-06 00:21:57.604 | INFO     | csq:train:199 - [epoch:3/3][loss:0.737043]
2024-09-06 00:21:57.605 | INFO     | csq:train:202 - [iter:10/50][iter_time:44.22]
2024-09-06 00:23:19.511 | INFO     | csq:train:274 - [iter:10/50][code_length:256][mAP:0.18409][mAP_all:0.17981][best_mAP:0.18409]
2024-09-06 00:23:19.512 | INFO     | csq:train:275 - [iter:10/50][code_length:256][zs_mAP:0.71239][zs_mAP_all:0.13797]
2024-09-06 00:23:34.289 | INFO     | csq:train:199 - [epoch:1/3][loss:0.735930]
2024-09-06 00:23:49.532 | INFO     | csq:train:199 - [epoch:2/3][loss:0.734845]
2024-09-06 00:24:04.228 | INFO     | csq:train:199 - [epoch:3/3][loss:0.733320]
2024-09-06 00:24:04.229 | INFO     | csq:train:202 - [iter:11/50][iter_time:44.72]
2024-09-06 00:25:25.702 | INFO     | csq:train:274 - [iter:11/50][code_length:256][mAP:0.19955][mAP_all:0.19470][best_mAP:0.19955]
2024-09-06 00:25:25.703 | INFO     | csq:train:275 - [iter:11/50][code_length:256][zs_mAP:0.73639][zs_mAP_all:0.15248]
2024-09-06 00:25:40.758 | INFO     | csq:train:199 - [epoch:1/3][loss:0.734436]
2024-09-06 00:25:56.335 | INFO     | csq:train:199 - [epoch:2/3][loss:0.732750]
2024-09-06 00:26:10.967 | INFO     | csq:train:199 - [epoch:3/3][loss:0.731353]
2024-09-06 00:26:10.968 | INFO     | csq:train:202 - [iter:12/50][iter_time:45.27]
2024-09-06 00:27:33.060 | INFO     | csq:train:274 - [iter:12/50][code_length:256][mAP:0.21295][mAP_all:0.20794][best_mAP:0.21295]
2024-09-06 00:27:33.060 | INFO     | csq:train:275 - [iter:12/50][code_length:256][zs_mAP:0.74982][zs_mAP_all:0.15783]
2024-09-06 00:27:48.350 | INFO     | csq:train:199 - [epoch:1/3][loss:0.730457]
2024-09-06 00:28:02.905 | INFO     | csq:train:199 - [epoch:2/3][loss:0.728807]
2024-09-06 00:28:17.935 | INFO     | csq:train:199 - [epoch:3/3][loss:0.726817]
2024-09-06 00:28:17.936 | INFO     | csq:train:202 - [iter:13/50][iter_time:44.88]
2024-09-06 00:29:39.440 | INFO     | csq:train:274 - [iter:13/50][code_length:256][mAP:0.22986][mAP_all:0.22446][best_mAP:0.22986]
2024-09-06 00:29:39.441 | INFO     | csq:train:275 - [iter:13/50][code_length:256][zs_mAP:0.76972][zs_mAP_all:0.17111]
2024-09-06 00:29:54.317 | INFO     | csq:train:199 - [epoch:1/3][loss:0.727541]
2024-09-06 00:30:09.226 | INFO     | csq:train:199 - [epoch:2/3][loss:0.725407]
2024-09-06 00:30:23.845 | INFO     | csq:train:199 - [epoch:3/3][loss:0.722925]
2024-09-06 00:30:23.845 | INFO     | csq:train:202 - [iter:14/50][iter_time:44.40]
2024-09-06 00:31:45.503 | INFO     | csq:train:274 - [iter:14/50][code_length:256][mAP:0.24269][mAP_all:0.23680][best_mAP:0.24269]
2024-09-06 00:31:45.504 | INFO     | csq:train:275 - [iter:14/50][code_length:256][zs_mAP:0.79790][zs_mAP_all:0.18173]
2024-09-06 00:32:00.028 | INFO     | csq:train:199 - [epoch:1/3][loss:0.723286]
2024-09-06 00:32:14.466 | INFO     | csq:train:199 - [epoch:2/3][loss:0.720855]
2024-09-06 00:32:29.833 | INFO     | csq:train:199 - [epoch:3/3][loss:0.718329]
2024-09-06 00:32:29.833 | INFO     | csq:train:202 - [iter:15/50][iter_time:44.33]
2024-09-06 00:33:52.096 | INFO     | csq:train:274 - [iter:15/50][code_length:256][mAP:0.25428][mAP_all:0.24836][best_mAP:0.25428]
2024-09-06 00:33:52.097 | INFO     | csq:train:275 - [iter:15/50][code_length:256][zs_mAP:0.80646][zs_mAP_all:0.18976]
2024-09-06 00:34:06.772 | INFO     | csq:train:199 - [epoch:1/3][loss:0.718374]
2024-09-06 00:34:23.463 | INFO     | csq:train:199 - [epoch:2/3][loss:0.717334]
2024-09-06 00:34:38.290 | INFO     | csq:train:199 - [epoch:3/3][loss:0.715259]
2024-09-06 00:34:38.290 | INFO     | csq:train:202 - [iter:16/50][iter_time:46.19]
2024-09-06 00:36:00.614 | INFO     | csq:train:274 - [iter:16/50][code_length:256][mAP:0.26781][mAP_all:0.26178][best_mAP:0.26781]
2024-09-06 00:36:00.615 | INFO     | csq:train:275 - [iter:16/50][code_length:256][zs_mAP:0.81703][zs_mAP_all:0.19214]
2024-09-06 00:36:15.468 | INFO     | csq:train:199 - [epoch:1/3][loss:0.714853]
2024-09-06 00:36:30.356 | INFO     | csq:train:199 - [epoch:2/3][loss:0.712737]
2024-09-06 00:36:45.676 | INFO     | csq:train:199 - [epoch:3/3][loss:0.709428]
2024-09-06 00:36:45.677 | INFO     | csq:train:202 - [iter:17/50][iter_time:45.06]
2024-09-06 00:38:07.444 | INFO     | csq:train:274 - [iter:17/50][code_length:256][mAP:0.28101][mAP_all:0.27471][best_mAP:0.28101]
2024-09-06 00:38:07.444 | INFO     | csq:train:275 - [iter:17/50][code_length:256][zs_mAP:0.83946][zs_mAP_all:0.20488]
2024-09-06 00:38:21.382 | INFO     | csq:train:199 - [epoch:1/3][loss:0.712242]
2024-09-06 00:38:37.249 | INFO     | csq:train:199 - [epoch:2/3][loss:0.711179]
2024-09-06 00:38:51.918 | INFO     | csq:train:199 - [epoch:3/3][loss:0.708549]
2024-09-06 00:38:51.918 | INFO     | csq:train:202 - [iter:18/50][iter_time:44.47]
2024-09-06 00:40:13.728 | INFO     | csq:train:274 - [iter:18/50][code_length:256][mAP:0.29462][mAP_all:0.28791][best_mAP:0.29462]
2024-09-06 00:40:13.729 | INFO     | csq:train:275 - [iter:18/50][code_length:256][zs_mAP:0.85271][zs_mAP_all:0.21928]
2024-09-06 00:40:29.564 | INFO     | csq:train:199 - [epoch:1/3][loss:0.711331]
2024-09-06 00:40:45.173 | INFO     | csq:train:199 - [epoch:2/3][loss:0.707714]
2024-09-06 00:41:00.517 | INFO     | csq:train:199 - [epoch:3/3][loss:0.705418]
2024-09-06 00:41:00.517 | INFO     | csq:train:202 - [iter:19/50][iter_time:46.79]
2024-09-06 00:42:22.368 | INFO     | csq:train:274 - [iter:19/50][code_length:256][mAP:0.30836][mAP_all:0.30151][best_mAP:0.30836]
2024-09-06 00:42:22.369 | INFO     | csq:train:275 - [iter:19/50][code_length:256][zs_mAP:0.86839][zs_mAP_all:0.22006]
2024-09-06 00:42:39.041 | INFO     | csq:train:199 - [epoch:1/3][loss:0.702163]
2024-09-06 00:42:54.816 | INFO     | csq:train:199 - [epoch:2/3][loss:0.700053]
2024-09-06 00:43:09.305 | INFO     | csq:train:199 - [epoch:3/3][loss:0.697398]
2024-09-06 00:43:09.305 | INFO     | csq:train:202 - [iter:20/50][iter_time:46.94]
2024-09-06 00:44:31.167 | INFO     | csq:train:274 - [iter:20/50][code_length:256][mAP:0.32003][mAP_all:0.31298][best_mAP:0.32003]
2024-09-06 00:44:31.167 | INFO     | csq:train:275 - [iter:20/50][code_length:256][zs_mAP:0.86958][zs_mAP_all:0.22339]
2024-09-06 00:44:46.052 | INFO     | csq:train:199 - [epoch:1/3][loss:0.701670]
2024-09-06 00:45:02.467 | INFO     | csq:train:199 - [epoch:2/3][loss:0.698581]
2024-09-06 00:45:16.849 | INFO     | csq:train:199 - [epoch:3/3][loss:0.696953]
2024-09-06 00:45:16.849 | INFO     | csq:train:202 - [iter:21/50][iter_time:45.68]
2024-09-06 00:46:38.746 | INFO     | csq:train:274 - [iter:21/50][code_length:256][mAP:0.33149][mAP_all:0.32431][best_mAP:0.33149]
2024-09-06 00:46:38.747 | INFO     | csq:train:275 - [iter:21/50][code_length:256][zs_mAP:0.88273][zs_mAP_all:0.23506]
2024-09-06 00:46:53.774 | INFO     | csq:train:199 - [epoch:1/3][loss:0.697812]
2024-09-06 00:47:08.355 | INFO     | csq:train:199 - [epoch:2/3][loss:0.693917]
2024-09-06 00:47:23.208 | INFO     | csq:train:199 - [epoch:3/3][loss:0.691575]
2024-09-06 00:47:23.209 | INFO     | csq:train:202 - [iter:22/50][iter_time:44.46]
2024-09-06 00:48:47.412 | INFO     | csq:train:274 - [iter:22/50][code_length:256][mAP:0.34153][mAP_all:0.33413][best_mAP:0.34153]
2024-09-06 00:48:47.413 | INFO     | csq:train:275 - [iter:22/50][code_length:256][zs_mAP:0.89246][zs_mAP_all:0.23615]
2024-09-06 00:48:57.239 | INFO     | csq:train:199 - [epoch:1/3][loss:0.693461]
2024-09-06 00:49:06.974 | INFO     | csq:train:199 - [epoch:2/3][loss:0.691611]
2024-09-06 00:49:17.166 | INFO     | csq:train:199 - [epoch:3/3][loss:0.688764]
2024-09-06 00:49:17.166 | INFO     | csq:train:202 - [iter:23/50][iter_time:29.75]
2024-09-06 00:50:40.351 | INFO     | csq:train:274 - [iter:23/50][code_length:256][mAP:0.35388][mAP_all:0.34644][best_mAP:0.35388]
2024-09-06 00:50:40.352 | INFO     | csq:train:275 - [iter:23/50][code_length:256][zs_mAP:0.89411][zs_mAP_all:0.24587]
2024-09-06 00:50:56.180 | INFO     | csq:train:199 - [epoch:1/3][loss:0.689493]
2024-09-06 00:51:11.630 | INFO     | csq:train:199 - [epoch:2/3][loss:0.690477]
2024-09-06 00:51:27.531 | INFO     | csq:train:199 - [epoch:3/3][loss:0.685163]
2024-09-06 00:51:27.531 | INFO     | csq:train:202 - [iter:24/50][iter_time:47.18]
2024-09-06 00:52:49.607 | INFO     | csq:train:274 - [iter:24/50][code_length:256][mAP:0.36446][mAP_all:0.35688][best_mAP:0.36446]
2024-09-06 00:52:49.608 | INFO     | csq:train:275 - [iter:24/50][code_length:256][zs_mAP:0.90197][zs_mAP_all:0.24300]
2024-09-06 00:53:05.065 | INFO     | csq:train:199 - [epoch:1/3][loss:0.688112]
2024-09-06 00:53:19.550 | INFO     | csq:train:199 - [epoch:2/3][loss:0.684974]
2024-09-06 00:53:35.191 | INFO     | csq:train:199 - [epoch:3/3][loss:0.680297]
2024-09-06 00:53:35.192 | INFO     | csq:train:202 - [iter:25/50][iter_time:45.58]
2024-09-06 00:54:56.907 | INFO     | csq:train:274 - [iter:25/50][code_length:256][mAP:0.37442][mAP_all:0.36664][best_mAP:0.37442]
2024-09-06 00:54:56.908 | INFO     | csq:train:275 - [iter:25/50][code_length:256][zs_mAP:0.90432][zs_mAP_all:0.24942]
2024-09-06 00:55:12.752 | INFO     | csq:train:199 - [epoch:1/3][loss:0.685231]
2024-09-06 00:55:27.411 | INFO     | csq:train:199 - [epoch:2/3][loss:0.683067]
2024-09-06 00:55:42.385 | INFO     | csq:train:199 - [epoch:3/3][loss:0.680078]
2024-09-06 00:55:42.386 | INFO     | csq:train:202 - [iter:26/50][iter_time:45.48]
2024-09-06 00:57:03.911 | INFO     | csq:train:274 - [iter:26/50][code_length:256][mAP:0.38649][mAP_all:0.37866][best_mAP:0.38649]
2024-09-06 00:57:03.911 | INFO     | csq:train:275 - [iter:26/50][code_length:256][zs_mAP:0.90567][zs_mAP_all:0.25043]
2024-09-06 00:57:18.666 | INFO     | csq:train:199 - [epoch:1/3][loss:0.683271]
2024-09-06 00:57:33.521 | INFO     | csq:train:199 - [epoch:2/3][loss:0.679224]
2024-09-06 00:57:48.853 | INFO     | csq:train:199 - [epoch:3/3][loss:0.677612]
2024-09-06 00:57:48.854 | INFO     | csq:train:202 - [iter:27/50][iter_time:44.94]
2024-09-06 00:59:10.186 | INFO     | csq:train:274 - [iter:27/50][code_length:256][mAP:0.39701][mAP_all:0.38900][best_mAP:0.39701]
2024-09-06 00:59:10.187 | INFO     | csq:train:275 - [iter:27/50][code_length:256][zs_mAP:0.91069][zs_mAP_all:0.25671]
2024-09-06 00:59:26.627 | INFO     | csq:train:199 - [epoch:1/3][loss:0.676810]
2024-09-06 00:59:42.072 | INFO     | csq:train:199 - [epoch:2/3][loss:0.672811]
2024-09-06 00:59:57.453 | INFO     | csq:train:199 - [epoch:3/3][loss:0.671629]
2024-09-06 00:59:57.454 | INFO     | csq:train:202 - [iter:28/50][iter_time:47.27]
2024-09-06 01:01:19.274 | INFO     | csq:train:274 - [iter:28/50][code_length:256][mAP:0.40306][mAP_all:0.39500][best_mAP:0.40306]
2024-09-06 01:01:19.275 | INFO     | csq:train:275 - [iter:28/50][code_length:256][zs_mAP:0.91262][zs_mAP_all:0.26586]
2024-09-06 01:01:35.025 | INFO     | csq:train:199 - [epoch:1/3][loss:0.671917]
2024-09-06 01:01:50.080 | INFO     | csq:train:199 - [epoch:2/3][loss:0.670360]
2024-09-06 01:02:04.779 | INFO     | csq:train:199 - [epoch:3/3][loss:0.665742]
2024-09-06 01:02:04.780 | INFO     | csq:train:202 - [iter:29/50][iter_time:45.51]
2024-09-06 01:03:25.805 | INFO     | csq:train:274 - [iter:29/50][code_length:256][mAP:0.41390][mAP_all:0.40580][best_mAP:0.41390]
2024-09-06 01:03:25.805 | INFO     | csq:train:275 - [iter:29/50][code_length:256][zs_mAP:0.91240][zs_mAP_all:0.26222]
2024-09-06 01:03:40.971 | INFO     | csq:train:199 - [epoch:1/3][loss:0.670798]
2024-09-06 01:03:54.873 | INFO     | csq:train:199 - [epoch:2/3][loss:0.667107]
2024-09-06 01:04:09.747 | INFO     | csq:train:199 - [epoch:3/3][loss:0.664707]
2024-09-06 01:04:09.748 | INFO     | csq:train:202 - [iter:30/50][iter_time:43.94]
2024-09-06 01:05:32.381 | INFO     | csq:train:274 - [iter:30/50][code_length:256][mAP:0.42472][mAP_all:0.41621][best_mAP:0.42472]
2024-09-06 01:05:32.381 | INFO     | csq:train:275 - [iter:30/50][code_length:256][zs_mAP:0.91838][zs_mAP_all:0.27144]
2024-09-06 01:05:47.905 | INFO     | csq:train:199 - [epoch:1/3][loss:0.666952]
2024-09-06 01:06:03.314 | INFO     | csq:train:199 - [epoch:2/3][loss:0.665687]
2024-09-06 01:06:19.209 | INFO     | csq:train:199 - [epoch:3/3][loss:0.661601]
2024-09-06 01:06:19.210 | INFO     | csq:train:202 - [iter:31/50][iter_time:46.83]
2024-09-06 01:07:40.993 | INFO     | csq:train:274 - [iter:31/50][code_length:256][mAP:0.43123][mAP_all:0.42282][best_mAP:0.43123]
2024-09-06 01:07:40.994 | INFO     | csq:train:275 - [iter:31/50][code_length:256][zs_mAP:0.91333][zs_mAP_all:0.26209]
2024-09-06 01:07:55.032 | INFO     | csq:train:199 - [epoch:1/3][loss:0.658307]
2024-09-06 01:08:10.027 | INFO     | csq:train:199 - [epoch:2/3][loss:0.654469]
2024-09-06 01:08:24.983 | INFO     | csq:train:199 - [epoch:3/3][loss:0.654795]
2024-09-06 01:08:24.984 | INFO     | csq:train:202 - [iter:32/50][iter_time:43.99]
2024-09-06 01:09:46.526 | INFO     | csq:train:274 - [iter:32/50][code_length:256][mAP:0.43939][mAP_all:0.43080][best_mAP:0.43939]
2024-09-06 01:09:46.527 | INFO     | csq:train:275 - [iter:32/50][code_length:256][zs_mAP:0.91961][zs_mAP_all:0.26411]
2024-09-06 01:10:01.142 | INFO     | csq:train:199 - [epoch:1/3][loss:0.660993]
2024-09-06 01:10:16.199 | INFO     | csq:train:199 - [epoch:2/3][loss:0.658812]
2024-09-06 01:10:30.033 | INFO     | csq:train:199 - [epoch:3/3][loss:0.654909]
2024-09-06 01:10:30.034 | INFO     | csq:train:202 - [iter:33/50][iter_time:43.51]
2024-09-06 01:11:52.092 | INFO     | csq:train:274 - [iter:33/50][code_length:256][mAP:0.44430][mAP_all:0.43587][best_mAP:0.44430]
2024-09-06 01:11:52.093 | INFO     | csq:train:275 - [iter:33/50][code_length:256][zs_mAP:0.91830][zs_mAP_all:0.27110]
2024-09-06 01:12:07.023 | INFO     | csq:train:199 - [epoch:1/3][loss:0.658966]
2024-09-06 01:12:21.613 | INFO     | csq:train:199 - [epoch:2/3][loss:0.653316]
2024-09-06 01:12:37.723 | INFO     | csq:train:199 - [epoch:3/3][loss:0.651057]
2024-09-06 01:12:37.723 | INFO     | csq:train:202 - [iter:34/50][iter_time:45.63]
2024-09-06 01:13:59.550 | INFO     | csq:train:274 - [iter:34/50][code_length:256][mAP:0.45386][mAP_all:0.44509][best_mAP:0.45386]
2024-09-06 01:13:59.551 | INFO     | csq:train:275 - [iter:34/50][code_length:256][zs_mAP:0.92661][zs_mAP_all:0.27514]
2024-09-06 01:14:14.829 | INFO     | csq:train:199 - [epoch:1/3][loss:0.656302]
2024-09-06 01:14:30.655 | INFO     | csq:train:199 - [epoch:2/3][loss:0.650821]
2024-09-06 01:14:45.352 | INFO     | csq:train:199 - [epoch:3/3][loss:0.649319]
2024-09-06 01:14:45.353 | INFO     | csq:train:202 - [iter:35/50][iter_time:45.80]
2024-09-06 01:16:06.907 | INFO     | csq:train:274 - [iter:35/50][code_length:256][mAP:0.46056][mAP_all:0.45180][best_mAP:0.46056]
2024-09-06 01:16:06.908 | INFO     | csq:train:275 - [iter:35/50][code_length:256][zs_mAP:0.92064][zs_mAP_all:0.26677]
2024-09-06 01:16:21.476 | INFO     | csq:train:199 - [epoch:1/3][loss:0.648454]
2024-09-06 01:16:35.849 | INFO     | csq:train:199 - [epoch:2/3][loss:0.644924]
2024-09-06 01:16:50.830 | INFO     | csq:train:199 - [epoch:3/3][loss:0.644068]
2024-09-06 01:16:50.831 | INFO     | csq:train:202 - [iter:36/50][iter_time:43.92]
2024-09-06 01:18:12.406 | INFO     | csq:train:274 - [iter:36/50][code_length:256][mAP:0.46873][mAP_all:0.45982][best_mAP:0.46873]
2024-09-06 01:18:12.407 | INFO     | csq:train:275 - [iter:36/50][code_length:256][zs_mAP:0.92351][zs_mAP_all:0.26425]
2024-09-06 01:18:27.828 | INFO     | csq:train:199 - [epoch:1/3][loss:0.646932]
2024-09-06 01:18:43.529 | INFO     | csq:train:199 - [epoch:2/3][loss:0.643999]
2024-09-06 01:18:57.870 | INFO     | csq:train:199 - [epoch:3/3][loss:0.639624]
2024-09-06 01:18:57.870 | INFO     | csq:train:202 - [iter:37/50][iter_time:45.46]
2024-09-06 01:20:19.366 | INFO     | csq:train:274 - [iter:37/50][code_length:256][mAP:0.47275][mAP_all:0.46394][best_mAP:0.47275]
2024-09-06 01:20:19.366 | INFO     | csq:train:275 - [iter:37/50][code_length:256][zs_mAP:0.92206][zs_mAP_all:0.26582]
2024-09-06 01:20:34.727 | INFO     | csq:train:199 - [epoch:1/3][loss:0.645319]
2024-09-06 01:20:50.290 | INFO     | csq:train:199 - [epoch:2/3][loss:0.642749]
2024-09-06 01:21:06.289 | INFO     | csq:train:199 - [epoch:3/3][loss:0.638852]
2024-09-06 01:21:06.289 | INFO     | csq:train:202 - [iter:38/50][iter_time:46.92]
2024-09-06 01:22:28.055 | INFO     | csq:train:274 - [iter:38/50][code_length:256][mAP:0.47938][mAP_all:0.47045][best_mAP:0.47938]
2024-09-06 01:22:28.055 | INFO     | csq:train:275 - [iter:38/50][code_length:256][zs_mAP:0.91711][zs_mAP_all:0.26966]
2024-09-06 01:22:43.543 | INFO     | csq:train:199 - [epoch:1/3][loss:0.641749]
2024-09-06 01:22:57.809 | INFO     | csq:train:199 - [epoch:2/3][loss:0.635122]
2024-09-06 01:23:12.121 | INFO     | csq:train:199 - [epoch:3/3][loss:0.634857]
2024-09-06 01:23:12.122 | INFO     | csq:train:202 - [iter:39/50][iter_time:44.07]
2024-09-06 01:24:34.381 | INFO     | csq:train:274 - [iter:39/50][code_length:256][mAP:0.48451][mAP_all:0.47554][best_mAP:0.48451]
2024-09-06 01:24:34.381 | INFO     | csq:train:275 - [iter:39/50][code_length:256][zs_mAP:0.92096][zs_mAP_all:0.26662]
2024-09-06 01:24:50.015 | INFO     | csq:train:199 - [epoch:1/3][loss:0.635310]
2024-09-06 01:25:05.773 | INFO     | csq:train:199 - [epoch:2/3][loss:0.634014]
2024-09-06 01:25:21.381 | INFO     | csq:train:199 - [epoch:3/3][loss:0.628824]
2024-09-06 01:25:21.382 | INFO     | csq:train:202 - [iter:40/50][iter_time:47.00]
2024-09-06 01:26:43.368 | INFO     | csq:train:274 - [iter:40/50][code_length:256][mAP:0.49118][mAP_all:0.48223][best_mAP:0.49118]
2024-09-06 01:26:43.369 | INFO     | csq:train:275 - [iter:40/50][code_length:256][zs_mAP:0.91439][zs_mAP_all:0.26128]
2024-09-06 01:26:58.683 | INFO     | csq:train:199 - [epoch:1/3][loss:0.633954]
2024-09-06 01:27:14.892 | INFO     | csq:train:199 - [epoch:2/3][loss:0.627202]
2024-09-06 01:27:29.702 | INFO     | csq:train:199 - [epoch:3/3][loss:0.629184]
2024-09-06 01:27:29.703 | INFO     | csq:train:202 - [iter:41/50][iter_time:46.33]
2024-09-06 01:28:51.598 | INFO     | csq:train:274 - [iter:41/50][code_length:256][mAP:0.49522][mAP_all:0.48602][best_mAP:0.49522]
2024-09-06 01:28:51.598 | INFO     | csq:train:275 - [iter:41/50][code_length:256][zs_mAP:0.92060][zs_mAP_all:0.26854]
2024-09-06 01:29:07.883 | INFO     | csq:train:199 - [epoch:1/3][loss:0.636851]
2024-09-06 01:29:22.663 | INFO     | csq:train:199 - [epoch:2/3][loss:0.634857]
2024-09-06 01:29:38.548 | INFO     | csq:train:199 - [epoch:3/3][loss:0.634385]
2024-09-06 01:29:38.549 | INFO     | csq:train:202 - [iter:42/50][iter_time:46.95]
2024-09-06 01:31:00.844 | INFO     | csq:train:274 - [iter:42/50][code_length:256][mAP:0.50474][mAP_all:0.49556][best_mAP:0.50474]
2024-09-06 01:31:00.845 | INFO     | csq:train:275 - [iter:42/50][code_length:256][zs_mAP:0.91152][zs_mAP_all:0.25937]
2024-09-06 01:31:16.138 | INFO     | csq:train:199 - [epoch:1/3][loss:0.628695]
2024-09-06 01:31:31.194 | INFO     | csq:train:199 - [epoch:2/3][loss:0.627368]
2024-09-06 01:31:46.056 | INFO     | csq:train:199 - [epoch:3/3][loss:0.621654]
2024-09-06 01:31:46.057 | INFO     | csq:train:202 - [iter:43/50][iter_time:45.21]
2024-09-06 01:33:07.907 | INFO     | csq:train:274 - [iter:43/50][code_length:256][mAP:0.50832][mAP_all:0.49910][best_mAP:0.50832]
2024-09-06 01:33:07.908 | INFO     | csq:train:275 - [iter:43/50][code_length:256][zs_mAP:0.91955][zs_mAP_all:0.26545]
2024-09-06 01:33:23.215 | INFO     | csq:train:199 - [epoch:1/3][loss:0.626976]
2024-09-06 01:33:38.535 | INFO     | csq:train:199 - [epoch:2/3][loss:0.620921]
2024-09-06 01:33:53.865 | INFO     | csq:train:199 - [epoch:3/3][loss:0.617979]
2024-09-06 01:33:53.866 | INFO     | csq:train:202 - [iter:44/50][iter_time:45.96]
2024-09-06 01:35:16.368 | INFO     | csq:train:274 - [iter:44/50][code_length:256][mAP:0.51121][mAP_all:0.50193][best_mAP:0.51121]
2024-09-06 01:35:16.369 | INFO     | csq:train:275 - [iter:44/50][code_length:256][zs_mAP:0.91857][zs_mAP_all:0.26740]
2024-09-06 01:35:31.264 | INFO     | csq:train:199 - [epoch:1/3][loss:0.622565]
2024-09-06 01:35:46.318 | INFO     | csq:train:199 - [epoch:2/3][loss:0.615452]
2024-09-06 01:36:01.353 | INFO     | csq:train:199 - [epoch:3/3][loss:0.615225]
2024-09-06 01:36:01.353 | INFO     | csq:train:202 - [iter:45/50][iter_time:44.98]
2024-09-06 01:37:23.333 | INFO     | csq:train:274 - [iter:45/50][code_length:256][mAP:0.51647][mAP_all:0.50715][best_mAP:0.51647]
2024-09-06 01:37:23.334 | INFO     | csq:train:275 - [iter:45/50][code_length:256][zs_mAP:0.92165][zs_mAP_all:0.26626]
2024-09-06 01:37:38.815 | INFO     | csq:train:199 - [epoch:1/3][loss:0.624233]
2024-09-06 01:37:54.287 | INFO     | csq:train:199 - [epoch:2/3][loss:0.625214]
2024-09-06 01:38:11.301 | INFO     | csq:train:199 - [epoch:3/3][loss:0.621793]
2024-09-06 01:38:11.301 | INFO     | csq:train:202 - [iter:46/50][iter_time:47.97]
2024-09-06 01:39:33.562 | INFO     | csq:train:274 - [iter:46/50][code_length:256][mAP:0.51714][mAP_all:0.50799][best_mAP:0.51714]
2024-09-06 01:39:33.563 | INFO     | csq:train:275 - [iter:46/50][code_length:256][zs_mAP:0.92121][zs_mAP_all:0.26795]
2024-09-06 01:39:48.275 | INFO     | csq:train:199 - [epoch:1/3][loss:0.622152]
2024-09-06 01:40:03.479 | INFO     | csq:train:199 - [epoch:2/3][loss:0.621617]
2024-09-06 01:40:19.211 | INFO     | csq:train:199 - [epoch:3/3][loss:0.621522]
2024-09-06 01:40:19.211 | INFO     | csq:train:202 - [iter:47/50][iter_time:45.65]
2024-09-06 01:41:41.349 | INFO     | csq:train:274 - [iter:47/50][code_length:256][mAP:0.52079][mAP_all:0.51156][best_mAP:0.52079]
2024-09-06 01:41:41.350 | INFO     | csq:train:275 - [iter:47/50][code_length:256][zs_mAP:0.92117][zs_mAP_all:0.26665]
2024-09-06 01:41:57.994 | INFO     | csq:train:199 - [epoch:1/3][loss:0.623067]
2024-09-06 01:42:13.951 | INFO     | csq:train:199 - [epoch:2/3][loss:0.624833]
2024-09-06 01:42:30.181 | INFO     | csq:train:199 - [epoch:3/3][loss:0.622225]
2024-09-06 01:42:30.182 | INFO     | csq:train:202 - [iter:48/50][iter_time:48.83]
2024-09-06 01:43:52.540 | INFO     | csq:train:274 - [iter:48/50][code_length:256][mAP:0.52240][mAP_all:0.51308][best_mAP:0.52240]
2024-09-06 01:43:52.541 | INFO     | csq:train:275 - [iter:48/50][code_length:256][zs_mAP:0.92352][zs_mAP_all:0.27349]
2024-09-06 01:44:07.144 | INFO     | csq:train:199 - [epoch:1/3][loss:0.619565]
2024-09-06 01:44:23.433 | INFO     | csq:train:199 - [epoch:2/3][loss:0.616878]
2024-09-06 01:44:37.462 | INFO     | csq:train:199 - [epoch:3/3][loss:0.613610]
2024-09-06 01:44:37.463 | INFO     | csq:train:202 - [iter:49/50][iter_time:44.92]
2024-09-06 01:45:59.396 | INFO     | csq:train:274 - [iter:49/50][code_length:256][mAP:0.52249][mAP_all:0.51320][best_mAP:0.52249]
2024-09-06 01:45:59.397 | INFO     | csq:train:275 - [iter:49/50][code_length:256][zs_mAP:0.92549][zs_mAP_all:0.26312]
2024-09-06 01:46:14.502 | INFO     | csq:train:199 - [epoch:1/3][loss:0.618582]
2024-09-06 01:46:29.596 | INFO     | csq:train:199 - [epoch:2/3][loss:0.618716]
2024-09-06 01:46:44.679 | INFO     | csq:train:199 - [epoch:3/3][loss:0.619644]
2024-09-06 01:46:44.680 | INFO     | csq:train:202 - [iter:50/50][iter_time:45.28]
2024-09-06 01:48:06.570 | INFO     | csq:train:274 - [iter:50/50][code_length:256][mAP:0.52316][mAP_all:0.51388][best_mAP:0.52316]
2024-09-06 01:48:06.571 | INFO     | csq:train:275 - [iter:50/50][code_length:256][zs_mAP:0.92341][zs_mAP_all:0.26785]
2024-09-06 01:48:06.571 | INFO     | csq:train:278 - [Training time:6360.24]
2024-09-06 01:48:06.575 | INFO     | __main__:run:138 - [code_length:256][map:0.5232][map_all:0.5139][zs_map:0.9234][zs_map_all:0.2679]
