2024-09-20 12:55:48.862 | SUCCESS  | __main__:run:55 - Namespace(dataset='imagenetzs', root='/data1/dataset/ImageNet/ILSVRC', batch_size=16, lr=0.00025, wd=0.0001, optim='SGD', code_length=[16, 32, 64], max_iter=50, max_epoch=1, num_query=1000, num_samples=12350, num_workers=2, topk=1000, gpu=0, gamma=200, info='imagenetzs-5-95-dah-09-20-16,32,64-wocls', arch='dah', net='ResNet', save_ckpt='checkpoints/', lr_step=[45], align_step=50, pretrain=True, quan_loss=False, lambd_sp=0.1, lambd_ch=0.1, lambd=0.1, momen=0.91, nesterov=False, num_classes=95, val_freq=5, cauchy_gamma=20.0, margin=0.1, num_zs=5, epoch_change=11, ZS=5, flag='dah', data='imagenetzs', device=device(type='cuda', index=0))
2024-09-20 12:58:34.116 | INFO     | DAHNet_train:train:103 - [epoch:1/1][cnn_loss:2.352396][hash_loss:2.155942][quan_loss:0.196453][cls_loss:4.597470]
2024-09-20 12:58:34.123 | INFO     | DAHNet_train:train:111 - [iter:1/50][iter_time:156.13]
2024-09-20 13:01:05.496 | INFO     | DAHNet_train:train:103 - [epoch:1/1][cnn_loss:2.204986][hash_loss:2.023177][quan_loss:0.181809][cls_loss:4.597764]
2024-09-20 13:01:05.503 | INFO     | DAHNet_train:train:111 - [iter:2/50][iter_time:151.38]
2024-09-20 13:03:37.342 | INFO     | DAHNet_train:train:103 - [epoch:1/1][cnn_loss:2.106211][hash_loss:1.938667][quan_loss:0.167544][cls_loss:4.595951]
2024-09-20 13:03:37.348 | INFO     | DAHNet_train:train:111 - [iter:3/50][iter_time:151.85]
2024-09-20 13:06:11.889 | INFO     | DAHNet_train:train:103 - [epoch:1/1][cnn_loss:2.064894][hash_loss:1.903000][quan_loss:0.161894][cls_loss:4.595178]
2024-09-20 13:06:11.896 | INFO     | DAHNet_train:train:111 - [iter:4/50][iter_time:154.55]
2024-09-20 13:08:43.254 | INFO     | DAHNet_train:train:103 - [epoch:1/1][cnn_loss:2.045259][hash_loss:1.885899][quan_loss:0.159360][cls_loss:4.595254]
2024-09-20 13:08:43.261 | INFO     | DAHNet_train:train:111 - [iter:5/50][iter_time:151.36]
2024-09-20 13:16:17.788 | INFO     | DAHNet_train:train:189 - [iter:5/50][code_length:16][mAP:0.67102][mAP_all:0.66845][best_mAP:0.67102]
2024-09-20 13:16:17.789 | INFO     | DAHNet_train:train:190 - [iter:5/50][code_length:16][zs_mAP:0.49239][zs_mAP_all:0.15484]
2024-09-20 13:18:48.042 | INFO     | DAHNet_train:train:103 - [epoch:1/1][cnn_loss:2.035815][hash_loss:1.877546][quan_loss:0.158269][cls_loss:4.595124]
2024-09-20 13:18:48.049 | INFO     | DAHNet_train:train:111 - [iter:6/50][iter_time:150.26]
2024-09-20 13:21:19.792 | INFO     | DAHNet_train:train:103 - [epoch:1/1][cnn_loss:2.024584][hash_loss:1.867484][quan_loss:0.157099][cls_loss:4.594428]
2024-09-20 13:21:19.799 | INFO     | DAHNet_train:train:111 - [iter:7/50][iter_time:151.75]
2024-09-20 13:23:49.125 | INFO     | DAHNet_train:train:103 - [epoch:1/1][cnn_loss:2.018427][hash_loss:1.862023][quan_loss:0.156404][cls_loss:4.593386]
2024-09-20 13:23:49.132 | INFO     | DAHNet_train:train:111 - [iter:8/50][iter_time:149.33]
2024-09-20 13:26:19.619 | INFO     | DAHNet_train:train:103 - [epoch:1/1][cnn_loss:2.012061][hash_loss:1.856261][quan_loss:0.155799][cls_loss:4.592076]
2024-09-20 13:26:19.626 | INFO     | DAHNet_train:train:111 - [iter:9/50][iter_time:150.49]
2024-09-20 13:28:49.443 | INFO     | DAHNet_train:train:103 - [epoch:1/1][cnn_loss:2.006037][hash_loss:1.850833][quan_loss:0.155203][cls_loss:4.592230]
2024-09-20 13:28:49.449 | INFO     | DAHNet_train:train:111 - [iter:10/50][iter_time:149.82]
2024-09-20 13:36:21.717 | INFO     | DAHNet_train:train:189 - [iter:10/50][code_length:16][mAP:0.74724][mAP_all:0.74464][best_mAP:0.74724]
2024-09-20 13:36:21.717 | INFO     | DAHNet_train:train:190 - [iter:10/50][code_length:16][zs_mAP:0.48070][zs_mAP_all:0.16599]
2024-09-20 13:38:51.041 | INFO     | DAHNet_train:train:103 - [epoch:1/1][cnn_loss:2.002159][hash_loss:1.847295][quan_loss:0.154864][cls_loss:4.592008]
2024-09-20 13:38:51.047 | INFO     | DAHNet_train:train:111 - [iter:11/50][iter_time:149.33]
2024-09-20 13:41:21.354 | INFO     | DAHNet_train:train:103 - [epoch:1/1][cnn_loss:1.997158][hash_loss:1.842808][quan_loss:0.154350][cls_loss:4.589626]
2024-09-20 13:41:21.361 | INFO     | DAHNet_train:train:111 - [iter:12/50][iter_time:150.31]
2024-09-20 13:43:50.751 | INFO     | DAHNet_train:train:103 - [epoch:1/1][cnn_loss:1.991363][hash_loss:1.837757][quan_loss:0.153607][cls_loss:4.588928]
2024-09-20 13:43:50.757 | INFO     | DAHNet_train:train:111 - [iter:13/50][iter_time:149.40]
2024-09-20 13:46:21.065 | INFO     | DAHNet_train:train:103 - [epoch:1/1][cnn_loss:1.989011][hash_loss:1.835620][quan_loss:0.153392][cls_loss:4.590135]
2024-09-20 13:46:21.072 | INFO     | DAHNet_train:train:111 - [iter:14/50][iter_time:150.31]
2024-09-20 13:48:50.263 | INFO     | DAHNet_train:train:103 - [epoch:1/1][cnn_loss:1.984823][hash_loss:1.831913][quan_loss:0.152911][cls_loss:4.589429]
2024-09-20 13:48:50.270 | INFO     | DAHNet_train:train:111 - [iter:15/50][iter_time:149.20]
2024-09-20 13:56:20.692 | INFO     | DAHNet_train:train:189 - [iter:15/50][code_length:16][mAP:0.77312][mAP_all:0.77104][best_mAP:0.77312]
2024-09-20 13:56:20.693 | INFO     | DAHNet_train:train:190 - [iter:15/50][code_length:16][zs_mAP:0.49110][zs_mAP_all:0.17469]
2024-09-20 13:58:50.754 | INFO     | DAHNet_train:train:103 - [epoch:1/1][cnn_loss:1.983381][hash_loss:1.830571][quan_loss:0.152810][cls_loss:4.588702]
2024-09-20 13:58:50.761 | INFO     | DAHNet_train:train:111 - [iter:16/50][iter_time:150.07]
2024-09-20 14:01:20.957 | INFO     | DAHNet_train:train:103 - [epoch:1/1][cnn_loss:1.980436][hash_loss:1.828045][quan_loss:0.152391][cls_loss:4.587812]
2024-09-20 14:01:20.963 | INFO     | DAHNet_train:train:111 - [iter:17/50][iter_time:150.20]
2024-09-20 14:03:52.905 | INFO     | DAHNet_train:train:103 - [epoch:1/1][cnn_loss:1.977559][hash_loss:1.825497][quan_loss:0.152062][cls_loss:4.586701]
2024-09-20 14:03:52.912 | INFO     | DAHNet_train:train:111 - [iter:18/50][iter_time:151.95]
2024-09-20 14:06:25.159 | INFO     | DAHNet_train:train:103 - [epoch:1/1][cnn_loss:1.975203][hash_loss:1.823502][quan_loss:0.151701][cls_loss:4.587530]
2024-09-20 14:06:25.166 | INFO     | DAHNet_train:train:111 - [iter:19/50][iter_time:152.25]
2024-09-20 14:08:57.870 | INFO     | DAHNet_train:train:103 - [epoch:1/1][cnn_loss:1.973965][hash_loss:1.822267][quan_loss:0.151698][cls_loss:4.587068]
2024-09-20 14:08:57.877 | INFO     | DAHNet_train:train:111 - [iter:20/50][iter_time:152.71]
2024-09-20 14:16:26.476 | INFO     | DAHNet_train:train:189 - [iter:20/50][code_length:16][mAP:0.78739][mAP_all:0.78544][best_mAP:0.78739]
2024-09-20 14:16:26.477 | INFO     | DAHNet_train:train:190 - [iter:20/50][code_length:16][zs_mAP:0.48869][zs_mAP_all:0.18199]
2024-09-20 14:18:58.067 | INFO     | DAHNet_train:train:103 - [epoch:1/1][cnn_loss:1.972005][hash_loss:1.820648][quan_loss:0.151357][cls_loss:4.586950]
2024-09-20 14:18:58.074 | INFO     | DAHNet_train:train:111 - [iter:21/50][iter_time:151.60]
2024-09-20 14:21:28.053 | INFO     | DAHNet_train:train:103 - [epoch:1/1][cnn_loss:1.969659][hash_loss:1.818577][quan_loss:0.151083][cls_loss:4.586206]
2024-09-20 14:21:28.060 | INFO     | DAHNet_train:train:111 - [iter:22/50][iter_time:149.99]
2024-09-20 14:24:00.877 | INFO     | DAHNet_train:train:103 - [epoch:1/1][cnn_loss:1.968910][hash_loss:1.818001][quan_loss:0.150909][cls_loss:4.585205]
2024-09-20 14:24:00.884 | INFO     | DAHNet_train:train:111 - [iter:23/50][iter_time:152.82]
2024-09-20 14:26:32.145 | INFO     | DAHNet_train:train:103 - [epoch:1/1][cnn_loss:1.967024][hash_loss:1.816320][quan_loss:0.150703][cls_loss:4.586220]
2024-09-20 14:26:32.152 | INFO     | DAHNet_train:train:111 - [iter:24/50][iter_time:151.27]
2024-09-20 14:29:04.294 | INFO     | DAHNet_train:train:103 - [epoch:1/1][cnn_loss:1.964091][hash_loss:1.813805][quan_loss:0.150287][cls_loss:4.585753]
2024-09-20 14:29:04.301 | INFO     | DAHNet_train:train:111 - [iter:25/50][iter_time:152.15]
2024-09-20 14:36:32.188 | INFO     | DAHNet_train:train:189 - [iter:25/50][code_length:16][mAP:0.79003][mAP_all:0.78778][best_mAP:0.79003]
2024-09-20 14:36:32.189 | INFO     | DAHNet_train:train:190 - [iter:25/50][code_length:16][zs_mAP:0.45986][zs_mAP_all:0.17733]
2024-09-20 14:39:04.151 | INFO     | DAHNet_train:train:103 - [epoch:1/1][cnn_loss:1.963997][hash_loss:1.813677][quan_loss:0.150320][cls_loss:4.585583]
2024-09-20 14:39:04.159 | INFO     | DAHNet_train:train:111 - [iter:26/50][iter_time:151.97]
2024-09-20 14:41:39.743 | INFO     | DAHNet_train:train:103 - [epoch:1/1][cnn_loss:1.962997][hash_loss:1.812859][quan_loss:0.150138][cls_loss:4.583869]
2024-09-20 14:41:39.750 | INFO     | DAHNet_train:train:111 - [iter:27/50][iter_time:155.59]
2024-09-20 14:44:13.903 | INFO     | DAHNet_train:train:103 - [epoch:1/1][cnn_loss:1.961246][hash_loss:1.811255][quan_loss:0.149991][cls_loss:4.584647]
2024-09-20 14:44:13.910 | INFO     | DAHNet_train:train:111 - [iter:28/50][iter_time:154.16]
2024-09-20 14:46:48.571 | INFO     | DAHNet_train:train:103 - [epoch:1/1][cnn_loss:1.959941][hash_loss:1.810146][quan_loss:0.149795][cls_loss:4.584965]
2024-09-20 14:46:48.578 | INFO     | DAHNet_train:train:111 - [iter:29/50][iter_time:154.67]
2024-09-20 14:49:24.801 | INFO     | DAHNet_train:train:103 - [epoch:1/1][cnn_loss:1.958762][hash_loss:1.809129][quan_loss:0.149633][cls_loss:4.584373]
2024-09-20 14:49:24.808 | INFO     | DAHNet_train:train:111 - [iter:30/50][iter_time:156.23]
2024-09-20 14:56:50.297 | INFO     | DAHNet_train:train:189 - [iter:30/50][code_length:16][mAP:0.80352][mAP_all:0.80138][best_mAP:0.80352]
2024-09-20 14:56:50.297 | INFO     | DAHNet_train:train:190 - [iter:30/50][code_length:16][zs_mAP:0.47624][zs_mAP_all:0.20138]
2024-09-20 14:59:27.893 | INFO     | DAHNet_train:train:103 - [epoch:1/1][cnn_loss:1.957177][hash_loss:1.807788][quan_loss:0.149389][cls_loss:4.583894]
2024-09-20 14:59:27.900 | INFO     | DAHNet_train:train:111 - [iter:31/50][iter_time:157.60]
2024-09-20 15:02:04.913 | INFO     | DAHNet_train:train:103 - [epoch:1/1][cnn_loss:1.955372][hash_loss:1.806172][quan_loss:0.149200][cls_loss:4.584526]
2024-09-20 15:02:04.920 | INFO     | DAHNet_train:train:111 - [iter:32/50][iter_time:157.02]
2024-09-20 15:04:40.735 | INFO     | DAHNet_train:train:103 - [epoch:1/1][cnn_loss:1.955679][hash_loss:1.806419][quan_loss:0.149259][cls_loss:4.584605]
2024-09-20 15:04:40.741 | INFO     | DAHNet_train:train:111 - [iter:33/50][iter_time:155.82]
2024-09-20 15:07:17.299 | INFO     | DAHNet_train:train:103 - [epoch:1/1][cnn_loss:1.953857][hash_loss:1.804903][quan_loss:0.148954][cls_loss:4.585164]
2024-09-20 15:07:17.306 | INFO     | DAHNet_train:train:111 - [iter:34/50][iter_time:156.56]
2024-09-20 15:09:54.978 | INFO     | DAHNet_train:train:103 - [epoch:1/1][cnn_loss:1.951575][hash_loss:1.802952][quan_loss:0.148622][cls_loss:4.583032]
2024-09-20 15:09:54.985 | INFO     | DAHNet_train:train:111 - [iter:35/50][iter_time:157.68]
2024-09-20 15:17:19.854 | INFO     | DAHNet_train:train:189 - [iter:35/50][code_length:16][mAP:0.80451][mAP_all:0.80199][best_mAP:0.80451]
2024-09-20 15:17:19.855 | INFO     | DAHNet_train:train:190 - [iter:35/50][code_length:16][zs_mAP:0.48122][zs_mAP_all:0.19488]
2024-09-20 15:19:59.425 | INFO     | DAHNet_train:train:103 - [epoch:1/1][cnn_loss:1.952086][hash_loss:1.803387][quan_loss:0.148700][cls_loss:4.583442]
2024-09-20 15:19:59.431 | INFO     | DAHNet_train:train:111 - [iter:36/50][iter_time:159.58]
2024-09-20 15:22:37.860 | INFO     | DAHNet_train:train:103 - [epoch:1/1][cnn_loss:1.951449][hash_loss:1.802790][quan_loss:0.148659][cls_loss:4.583053]
2024-09-20 15:22:37.867 | INFO     | DAHNet_train:train:111 - [iter:37/50][iter_time:158.44]
2024-09-20 15:25:16.289 | INFO     | DAHNet_train:train:103 - [epoch:1/1][cnn_loss:1.950193][hash_loss:1.801726][quan_loss:0.148467][cls_loss:4.583301]
2024-09-20 15:25:16.296 | INFO     | DAHNet_train:train:111 - [iter:38/50][iter_time:158.43]
2024-09-20 15:27:54.524 | INFO     | DAHNet_train:train:103 - [epoch:1/1][cnn_loss:1.951442][hash_loss:1.802795][quan_loss:0.148647][cls_loss:4.583195]
2024-09-20 15:27:54.531 | INFO     | DAHNet_train:train:111 - [iter:39/50][iter_time:158.23]
2024-09-20 15:30:32.420 | INFO     | DAHNet_train:train:103 - [epoch:1/1][cnn_loss:1.949085][hash_loss:1.800719][quan_loss:0.148366][cls_loss:4.582555]
2024-09-20 15:30:32.427 | INFO     | DAHNet_train:train:111 - [iter:40/50][iter_time:157.90]
2024-09-20 15:38:00.732 | INFO     | DAHNet_train:train:189 - [iter:40/50][code_length:16][mAP:0.81111][mAP_all:0.80925][best_mAP:0.81111]
2024-09-20 15:38:00.733 | INFO     | DAHNet_train:train:190 - [iter:40/50][code_length:16][zs_mAP:0.48334][zs_mAP_all:0.22713]
2024-09-20 15:40:40.199 | INFO     | DAHNet_train:train:103 - [epoch:1/1][cnn_loss:1.947387][hash_loss:1.799360][quan_loss:0.148026][cls_loss:4.583266]
2024-09-20 15:40:40.206 | INFO     | DAHNet_train:train:111 - [iter:41/50][iter_time:159.47]
2024-09-20 15:43:21.461 | INFO     | DAHNet_train:train:103 - [epoch:1/1][cnn_loss:1.946429][hash_loss:1.798442][quan_loss:0.147987][cls_loss:4.583053]
2024-09-20 15:43:21.468 | INFO     | DAHNet_train:train:111 - [iter:42/50][iter_time:161.26]
2024-09-20 15:46:00.502 | INFO     | DAHNet_train:train:103 - [epoch:1/1][cnn_loss:1.947860][hash_loss:1.799724][quan_loss:0.148136][cls_loss:4.583593]
2024-09-20 15:46:00.509 | INFO     | DAHNet_train:train:111 - [iter:43/50][iter_time:159.04]
2024-09-20 15:48:39.371 | INFO     | DAHNet_train:train:103 - [epoch:1/1][cnn_loss:1.945632][hash_loss:1.797852][quan_loss:0.147780][cls_loss:4.582279]
2024-09-20 15:48:39.377 | INFO     | DAHNet_train:train:111 - [iter:44/50][iter_time:158.87]
2024-09-20 15:51:17.092 | INFO     | DAHNet_train:train:103 - [epoch:1/1][cnn_loss:1.944399][hash_loss:1.796728][quan_loss:0.147671][cls_loss:4.582209]
2024-09-20 15:51:17.099 | INFO     | DAHNet_train:train:111 - [iter:45/50][iter_time:157.72]
2024-09-20 15:58:41.868 | INFO     | DAHNet_train:train:189 - [iter:45/50][code_length:16][mAP:0.81065][mAP_all:0.80859][best_mAP:0.81111]
2024-09-20 15:58:41.868 | INFO     | DAHNet_train:train:190 - [iter:45/50][code_length:16][zs_mAP:0.46520][zs_mAP_all:0.20505]
2024-09-20 16:01:21.732 | INFO     | DAHNet_train:train:103 - [epoch:1/1][cnn_loss:1.938354][hash_loss:1.790890][quan_loss:0.147464][cls_loss:4.582830]
2024-09-20 16:01:21.739 | INFO     | DAHNet_train:train:111 - [iter:46/50][iter_time:159.87]
2024-09-20 16:08:50.332 | INFO     | DAHNet_train:train:189 - [iter:46/50][code_length:16][mAP:0.81779][mAP_all:0.81587][best_mAP:0.81779]
2024-09-20 16:08:50.333 | INFO     | DAHNet_train:train:190 - [iter:46/50][code_length:16][zs_mAP:0.45662][zs_mAP_all:0.20965]
2024-09-20 16:11:28.992 | INFO     | DAHNet_train:train:103 - [epoch:1/1][cnn_loss:1.938882][hash_loss:1.791336][quan_loss:0.147546][cls_loss:4.582497]
2024-09-20 16:11:28.999 | INFO     | DAHNet_train:train:111 - [iter:47/50][iter_time:158.67]
2024-09-20 16:18:55.574 | INFO     | DAHNet_train:train:189 - [iter:47/50][code_length:16][mAP:0.81761][mAP_all:0.81571][best_mAP:0.81779]
2024-09-20 16:18:55.574 | INFO     | DAHNet_train:train:190 - [iter:47/50][code_length:16][zs_mAP:0.46911][zs_mAP_all:0.22547]
2024-09-20 16:21:34.659 | INFO     | DAHNet_train:train:103 - [epoch:1/1][cnn_loss:1.938072][hash_loss:1.790649][quan_loss:0.147423][cls_loss:4.581873]
2024-09-20 16:21:34.666 | INFO     | DAHNet_train:train:111 - [iter:48/50][iter_time:159.09]
2024-09-20 16:28:57.360 | INFO     | DAHNet_train:train:189 - [iter:48/50][code_length:16][mAP:0.81594][mAP_all:0.81395][best_mAP:0.81779]
2024-09-20 16:28:57.361 | INFO     | DAHNet_train:train:190 - [iter:48/50][code_length:16][zs_mAP:0.47638][zs_mAP_all:0.20869]
2024-09-20 16:31:35.240 | INFO     | DAHNet_train:train:103 - [epoch:1/1][cnn_loss:1.938376][hash_loss:1.790932][quan_loss:0.147444][cls_loss:4.581809]
2024-09-20 16:31:35.247 | INFO     | DAHNet_train:train:111 - [iter:49/50][iter_time:157.89]
2024-09-20 16:39:08.144 | INFO     | DAHNet_train:train:189 - [iter:49/50][code_length:16][mAP:0.81765][mAP_all:0.81574][best_mAP:0.81779]
2024-09-20 16:39:08.144 | INFO     | DAHNet_train:train:190 - [iter:49/50][code_length:16][zs_mAP:0.45133][zs_mAP_all:0.19941]
2024-09-20 16:41:46.856 | INFO     | DAHNet_train:train:103 - [epoch:1/1][cnn_loss:1.938011][hash_loss:1.790640][quan_loss:0.147371][cls_loss:4.580747]
2024-09-20 16:41:46.863 | INFO     | DAHNet_train:train:111 - [iter:50/50][iter_time:158.72]
2024-09-20 16:49:15.004 | INFO     | DAHNet_train:train:189 - [iter:50/50][code_length:16][mAP:0.81800][mAP_all:0.81590][best_mAP:0.81800]
2024-09-20 16:49:15.004 | INFO     | DAHNet_train:train:190 - [iter:50/50][code_length:16][zs_mAP:0.46997][zs_mAP_all:0.21310]
2024-09-20 16:49:15.004 | INFO     | DAHNet_train:train:192 - [Training time:13997.01]
2024-09-20 16:49:15.012 | INFO     | __main__:run:138 - [code_length:16][map:0.8180][map_all:0.8159][zs_map:0.4700][zs_map_all:0.2131]
2024-09-20 16:51:53.862 | INFO     | DAHNet_train:train:103 - [epoch:1/1][cnn_loss:4.427182][hash_loss:4.230386][quan_loss:0.196796][cls_loss:4.609043]
2024-09-20 16:51:53.871 | INFO     | DAHNet_train:train:111 - [iter:1/50][iter_time:157.67]
2024-09-20 16:54:32.625 | INFO     | DAHNet_train:train:103 - [epoch:1/1][cnn_loss:3.991427][hash_loss:3.820917][quan_loss:0.170511][cls_loss:4.610489]
2024-09-20 16:54:32.634 | INFO     | DAHNet_train:train:111 - [iter:2/50][iter_time:158.76]
2024-09-20 16:57:11.308 | INFO     | DAHNet_train:train:103 - [epoch:1/1][cnn_loss:3.690629][hash_loss:3.542412][quan_loss:0.148217][cls_loss:4.611599]
2024-09-20 16:57:11.317 | INFO     | DAHNet_train:train:111 - [iter:3/50][iter_time:158.68]
2024-09-20 16:59:48.597 | INFO     | DAHNet_train:train:103 - [epoch:1/1][cnn_loss:3.559765][hash_loss:3.420520][quan_loss:0.139245][cls_loss:4.611465]
2024-09-20 16:59:48.606 | INFO     | DAHNet_train:train:111 - [iter:4/50][iter_time:157.29]
2024-09-20 17:02:27.016 | INFO     | DAHNet_train:train:103 - [epoch:1/1][cnn_loss:3.495708][hash_loss:3.360787][quan_loss:0.134922][cls_loss:4.610517]
2024-09-20 17:02:27.025 | INFO     | DAHNet_train:train:111 - [iter:5/50][iter_time:158.42]
2024-09-20 17:09:55.973 | INFO     | DAHNet_train:train:189 - [iter:5/50][code_length:32][mAP:0.80925][mAP_all:0.80744][best_mAP:0.80925]
2024-09-20 17:09:55.973 | INFO     | DAHNet_train:train:190 - [iter:5/50][code_length:32][zs_mAP:0.66268][zs_mAP_all:0.38808]
2024-09-20 17:12:36.603 | INFO     | DAHNet_train:train:103 - [epoch:1/1][cnn_loss:3.454067][hash_loss:3.321885][quan_loss:0.132181][cls_loss:4.607952]
2024-09-20 17:12:36.612 | INFO     | DAHNet_train:train:111 - [iter:6/50][iter_time:160.64]
2024-09-20 17:15:15.612 | INFO     | DAHNet_train:train:103 - [epoch:1/1][cnn_loss:3.413469][hash_loss:3.283889][quan_loss:0.129579][cls_loss:4.607623]
2024-09-20 17:15:15.621 | INFO     | DAHNet_train:train:111 - [iter:7/50][iter_time:159.01]
2024-09-20 17:17:54.114 | INFO     | DAHNet_train:train:103 - [epoch:1/1][cnn_loss:3.389617][hash_loss:3.261389][quan_loss:0.128228][cls_loss:4.606785]
2024-09-20 17:17:54.123 | INFO     | DAHNet_train:train:111 - [iter:8/50][iter_time:158.50]
2024-09-20 17:20:32.628 | INFO     | DAHNet_train:train:103 - [epoch:1/1][cnn_loss:3.367819][hash_loss:3.240924][quan_loss:0.126894][cls_loss:4.603557]
2024-09-20 17:20:32.638 | INFO     | DAHNet_train:train:111 - [iter:9/50][iter_time:158.51]
2024-09-20 17:23:13.498 | INFO     | DAHNet_train:train:103 - [epoch:1/1][cnn_loss:3.341396][hash_loss:3.216244][quan_loss:0.125152][cls_loss:4.601881]
2024-09-20 17:23:13.507 | INFO     | DAHNet_train:train:111 - [iter:10/50][iter_time:160.87]
2024-09-20 17:30:42.564 | INFO     | DAHNet_train:train:189 - [iter:10/50][code_length:32][mAP:0.84095][mAP_all:0.83925][best_mAP:0.84095]
2024-09-20 17:30:42.565 | INFO     | DAHNet_train:train:190 - [iter:10/50][code_length:32][zs_mAP:0.61915][zs_mAP_all:0.34592]
2024-09-20 17:33:21.639 | INFO     | DAHNet_train:train:103 - [epoch:1/1][cnn_loss:3.334630][hash_loss:3.209907][quan_loss:0.124724][cls_loss:4.601328]
2024-09-20 17:33:21.647 | INFO     | DAHNet_train:train:111 - [iter:11/50][iter_time:159.08]
2024-09-20 17:35:59.940 | INFO     | DAHNet_train:train:103 - [epoch:1/1][cnn_loss:3.315677][hash_loss:3.192058][quan_loss:0.123619][cls_loss:4.598858]
2024-09-20 17:35:59.949 | INFO     | DAHNet_train:train:111 - [iter:12/50][iter_time:158.30]
2024-09-20 17:38:36.912 | INFO     | DAHNet_train:train:103 - [epoch:1/1][cnn_loss:3.300293][hash_loss:3.177792][quan_loss:0.122500][cls_loss:4.599231]
2024-09-20 17:38:36.921 | INFO     | DAHNet_train:train:111 - [iter:13/50][iter_time:156.97]
2024-09-20 17:41:16.192 | INFO     | DAHNet_train:train:103 - [epoch:1/1][cnn_loss:3.292990][hash_loss:3.170907][quan_loss:0.122083][cls_loss:4.596528]
2024-09-20 17:41:16.200 | INFO     | DAHNet_train:train:111 - [iter:14/50][iter_time:159.28]
2024-09-20 17:43:56.836 | INFO     | DAHNet_train:train:103 - [epoch:1/1][cnn_loss:3.280788][hash_loss:3.159422][quan_loss:0.121367][cls_loss:4.594794]
2024-09-20 17:43:56.845 | INFO     | DAHNet_train:train:111 - [iter:15/50][iter_time:160.64]
2024-09-20 17:51:26.767 | INFO     | DAHNet_train:train:189 - [iter:15/50][code_length:32][mAP:0.85385][mAP_all:0.85212][best_mAP:0.85385]
2024-09-20 17:51:26.767 | INFO     | DAHNet_train:train:190 - [iter:15/50][code_length:32][zs_mAP:0.61173][zs_mAP_all:0.32810]
2024-09-20 17:54:07.191 | INFO     | DAHNet_train:train:103 - [epoch:1/1][cnn_loss:3.268690][hash_loss:3.148222][quan_loss:0.120468][cls_loss:4.594220]
2024-09-20 17:54:07.200 | INFO     | DAHNet_train:train:111 - [iter:16/50][iter_time:160.43]
2024-09-20 17:56:46.424 | INFO     | DAHNet_train:train:103 - [epoch:1/1][cnn_loss:3.270177][hash_loss:3.149490][quan_loss:0.120688][cls_loss:4.595039]
2024-09-20 17:56:46.433 | INFO     | DAHNet_train:train:111 - [iter:17/50][iter_time:159.23]
2024-09-20 17:59:24.353 | INFO     | DAHNet_train:train:103 - [epoch:1/1][cnn_loss:3.252214][hash_loss:3.132768][quan_loss:0.119446][cls_loss:4.591842]
2024-09-20 17:59:24.362 | INFO     | DAHNet_train:train:111 - [iter:18/50][iter_time:157.93]
2024-09-20 18:02:02.453 | INFO     | DAHNet_train:train:103 - [epoch:1/1][cnn_loss:3.247263][hash_loss:3.128215][quan_loss:0.119048][cls_loss:4.591236]
2024-09-20 18:02:02.462 | INFO     | DAHNet_train:train:111 - [iter:19/50][iter_time:158.10]
2024-09-20 18:04:41.478 | INFO     | DAHNet_train:train:103 - [epoch:1/1][cnn_loss:3.238007][hash_loss:3.119414][quan_loss:0.118593][cls_loss:4.590486]
2024-09-20 18:04:41.487 | INFO     | DAHNet_train:train:111 - [iter:20/50][iter_time:159.03]
2024-09-20 18:12:12.295 | INFO     | DAHNet_train:train:189 - [iter:20/50][code_length:32][mAP:0.85988][mAP_all:0.85813][best_mAP:0.85988]
2024-09-20 18:12:12.296 | INFO     | DAHNet_train:train:190 - [iter:20/50][code_length:32][zs_mAP:0.58155][zs_mAP_all:0.29289]
2024-09-20 18:14:52.364 | INFO     | DAHNet_train:train:103 - [epoch:1/1][cnn_loss:3.230969][hash_loss:3.112977][quan_loss:0.117992][cls_loss:4.590544]
2024-09-20 18:14:52.373 | INFO     | DAHNet_train:train:111 - [iter:21/50][iter_time:160.08]
2024-09-20 18:17:32.038 | INFO     | DAHNet_train:train:103 - [epoch:1/1][cnn_loss:3.221103][hash_loss:3.103645][quan_loss:0.117458][cls_loss:4.589877]
2024-09-20 18:17:32.047 | INFO     | DAHNet_train:train:111 - [iter:22/50][iter_time:159.67]
2024-09-20 18:20:11.938 | INFO     | DAHNet_train:train:103 - [epoch:1/1][cnn_loss:3.215584][hash_loss:3.098575][quan_loss:0.117009][cls_loss:4.589993]
2024-09-20 18:20:11.947 | INFO     | DAHNet_train:train:111 - [iter:23/50][iter_time:159.90]
2024-09-20 18:22:52.223 | INFO     | DAHNet_train:train:103 - [epoch:1/1][cnn_loss:3.214914][hash_loss:3.097956][quan_loss:0.116959][cls_loss:4.587912]
2024-09-20 18:22:52.232 | INFO     | DAHNet_train:train:111 - [iter:24/50][iter_time:160.28]
2024-09-20 18:25:31.224 | INFO     | DAHNet_train:train:103 - [epoch:1/1][cnn_loss:3.202182][hash_loss:3.085988][quan_loss:0.116194][cls_loss:4.587284]
2024-09-20 18:25:31.232 | INFO     | DAHNet_train:train:111 - [iter:25/50][iter_time:159.00]
2024-09-20 18:33:02.043 | INFO     | DAHNet_train:train:189 - [iter:25/50][code_length:32][mAP:0.86496][mAP_all:0.86322][best_mAP:0.86496]
2024-09-20 18:33:02.043 | INFO     | DAHNet_train:train:190 - [iter:25/50][code_length:32][zs_mAP:0.56791][zs_mAP_all:0.28852]
2024-09-20 18:35:40.951 | INFO     | DAHNet_train:train:103 - [epoch:1/1][cnn_loss:3.199968][hash_loss:3.083910][quan_loss:0.116058][cls_loss:4.586556]
2024-09-20 18:35:40.960 | INFO     | DAHNet_train:train:111 - [iter:26/50][iter_time:158.92]
2024-09-20 18:38:19.166 | INFO     | DAHNet_train:train:103 - [epoch:1/1][cnn_loss:3.194570][hash_loss:3.078946][quan_loss:0.115624][cls_loss:4.587382]
2024-09-20 18:38:19.174 | INFO     | DAHNet_train:train:111 - [iter:27/50][iter_time:158.21]
2024-09-20 18:40:58.328 | INFO     | DAHNet_train:train:103 - [epoch:1/1][cnn_loss:3.184408][hash_loss:3.069377][quan_loss:0.115031][cls_loss:4.587557]
2024-09-20 18:40:58.337 | INFO     | DAHNet_train:train:111 - [iter:28/50][iter_time:159.16]
2024-09-20 18:43:37.104 | INFO     | DAHNet_train:train:103 - [epoch:1/1][cnn_loss:3.183962][hash_loss:3.068943][quan_loss:0.115020][cls_loss:4.586443]
2024-09-20 18:43:37.113 | INFO     | DAHNet_train:train:111 - [iter:29/50][iter_time:158.78]
2024-09-20 18:46:15.561 | INFO     | DAHNet_train:train:103 - [epoch:1/1][cnn_loss:3.179787][hash_loss:3.064998][quan_loss:0.114788][cls_loss:4.587200]
2024-09-20 18:46:15.569 | INFO     | DAHNet_train:train:111 - [iter:30/50][iter_time:158.46]
2024-09-20 18:53:45.141 | INFO     | DAHNet_train:train:189 - [iter:30/50][code_length:32][mAP:0.86399][mAP_all:0.86242][best_mAP:0.86496]
2024-09-20 18:53:45.142 | INFO     | DAHNet_train:train:190 - [iter:30/50][code_length:32][zs_mAP:0.56328][zs_mAP_all:0.29161]
2024-09-20 18:56:24.713 | INFO     | DAHNet_train:train:103 - [epoch:1/1][cnn_loss:3.179084][hash_loss:3.064378][quan_loss:0.114705][cls_loss:4.585663]
2024-09-20 18:56:24.722 | INFO     | DAHNet_train:train:111 - [iter:31/50][iter_time:159.58]
2024-09-20 18:59:02.035 | INFO     | DAHNet_train:train:103 - [epoch:1/1][cnn_loss:3.168321][hash_loss:3.054278][quan_loss:0.114044][cls_loss:4.587245]
2024-09-20 18:59:02.044 | INFO     | DAHNet_train:train:111 - [iter:32/50][iter_time:157.32]
2024-09-20 19:01:42.771 | INFO     | DAHNet_train:train:103 - [epoch:1/1][cnn_loss:3.165782][hash_loss:3.052009][quan_loss:0.113773][cls_loss:4.585848]
2024-09-20 19:01:42.780 | INFO     | DAHNet_train:train:111 - [iter:33/50][iter_time:160.74]
2024-09-20 19:04:21.529 | INFO     | DAHNet_train:train:103 - [epoch:1/1][cnn_loss:3.164507][hash_loss:3.050668][quan_loss:0.113839][cls_loss:4.586139]
2024-09-20 19:04:21.538 | INFO     | DAHNet_train:train:111 - [iter:34/50][iter_time:158.76]
2024-09-20 19:07:03.604 | INFO     | DAHNet_train:train:103 - [epoch:1/1][cnn_loss:3.153523][hash_loss:3.040564][quan_loss:0.112959][cls_loss:4.584830]
2024-09-20 19:07:03.613 | INFO     | DAHNet_train:train:111 - [iter:35/50][iter_time:162.07]
2024-09-20 19:14:33.270 | INFO     | DAHNet_train:train:189 - [iter:35/50][code_length:32][mAP:0.86789][mAP_all:0.86591][best_mAP:0.86789]
2024-09-20 19:14:33.271 | INFO     | DAHNet_train:train:190 - [iter:35/50][code_length:32][zs_mAP:0.57374][zs_mAP_all:0.32961]
2024-09-20 19:17:15.110 | INFO     | DAHNet_train:train:103 - [epoch:1/1][cnn_loss:3.154122][hash_loss:3.041019][quan_loss:0.113103][cls_loss:4.584738]
2024-09-20 19:17:15.119 | INFO     | DAHNet_train:train:111 - [iter:36/50][iter_time:161.85]
2024-09-20 19:19:55.227 | INFO     | DAHNet_train:train:103 - [epoch:1/1][cnn_loss:3.149565][hash_loss:3.036794][quan_loss:0.112771][cls_loss:4.584885]
2024-09-20 19:19:55.236 | INFO     | DAHNet_train:train:111 - [iter:37/50][iter_time:160.12]
2024-09-20 19:22:32.991 | INFO     | DAHNet_train:train:103 - [epoch:1/1][cnn_loss:3.151144][hash_loss:3.038216][quan_loss:0.112927][cls_loss:4.583833]
2024-09-20 19:22:33.000 | INFO     | DAHNet_train:train:111 - [iter:38/50][iter_time:157.76]
2024-09-20 19:25:11.146 | INFO     | DAHNet_train:train:103 - [epoch:1/1][cnn_loss:3.140825][hash_loss:3.028602][quan_loss:0.112223][cls_loss:4.583040]
2024-09-20 19:25:11.155 | INFO     | DAHNet_train:train:111 - [iter:39/50][iter_time:158.15]
2024-09-20 19:27:51.282 | INFO     | DAHNet_train:train:103 - [epoch:1/1][cnn_loss:3.147412][hash_loss:3.034746][quan_loss:0.112666][cls_loss:4.582889]
2024-09-20 19:27:51.291 | INFO     | DAHNet_train:train:111 - [iter:40/50][iter_time:160.14]
2024-09-20 19:35:19.236 | INFO     | DAHNet_train:train:189 - [iter:40/50][code_length:32][mAP:0.86955][mAP_all:0.86770][best_mAP:0.86955]
2024-09-20 19:35:19.237 | INFO     | DAHNet_train:train:190 - [iter:40/50][code_length:32][zs_mAP:0.53711][zs_mAP_all:0.25494]
2024-09-20 19:37:58.942 | INFO     | DAHNet_train:train:103 - [epoch:1/1][cnn_loss:3.132639][hash_loss:3.021022][quan_loss:0.111617][cls_loss:4.583793]
2024-09-20 19:37:58.951 | INFO     | DAHNet_train:train:111 - [iter:41/50][iter_time:159.71]
2024-09-20 19:40:37.462 | INFO     | DAHNet_train:train:103 - [epoch:1/1][cnn_loss:3.138745][hash_loss:3.026619][quan_loss:0.112126][cls_loss:4.582584]
2024-09-20 19:40:37.471 | INFO     | DAHNet_train:train:111 - [iter:42/50][iter_time:158.52]
2024-09-20 19:43:16.117 | INFO     | DAHNet_train:train:103 - [epoch:1/1][cnn_loss:3.126714][hash_loss:3.015472][quan_loss:0.111241][cls_loss:4.583394]
2024-09-20 19:43:16.126 | INFO     | DAHNet_train:train:111 - [iter:43/50][iter_time:158.66]
2024-09-20 19:45:53.270 | INFO     | DAHNet_train:train:103 - [epoch:1/1][cnn_loss:3.130656][hash_loss:3.019084][quan_loss:0.111571][cls_loss:4.581959]
2024-09-20 19:45:53.279 | INFO     | DAHNet_train:train:111 - [iter:44/50][iter_time:157.15]
2024-09-20 19:48:32.273 | INFO     | DAHNet_train:train:103 - [epoch:1/1][cnn_loss:3.120528][hash_loss:3.009614][quan_loss:0.110914][cls_loss:4.582162]
2024-09-20 19:48:32.281 | INFO     | DAHNet_train:train:111 - [iter:45/50][iter_time:159.00]
2024-09-20 19:56:10.340 | INFO     | DAHNet_train:train:189 - [iter:45/50][code_length:32][mAP:0.87131][mAP_all:0.86939][best_mAP:0.87131]
2024-09-20 19:56:10.340 | INFO     | DAHNet_train:train:190 - [iter:45/50][code_length:32][zs_mAP:0.54932][zs_mAP_all:0.27204]
2024-09-20 19:58:52.243 | INFO     | DAHNet_train:train:103 - [epoch:1/1][cnn_loss:3.115360][hash_loss:3.004357][quan_loss:0.111003][cls_loss:4.581373]
2024-09-20 19:58:52.252 | INFO     | DAHNet_train:train:111 - [iter:46/50][iter_time:161.91]
2024-09-20 20:06:17.340 | INFO     | DAHNet_train:train:189 - [iter:46/50][code_length:32][mAP:0.87040][mAP_all:0.86845][best_mAP:0.87131]
2024-09-20 20:06:17.340 | INFO     | DAHNet_train:train:190 - [iter:46/50][code_length:32][zs_mAP:0.54716][zs_mAP_all:0.29227]
2024-09-20 20:08:56.247 | INFO     | DAHNet_train:train:103 - [epoch:1/1][cnn_loss:3.113706][hash_loss:3.002809][quan_loss:0.110897][cls_loss:4.582436]
2024-09-20 20:08:56.256 | INFO     | DAHNet_train:train:111 - [iter:47/50][iter_time:158.92]
2024-09-20 20:16:36.478 | INFO     | DAHNet_train:train:189 - [iter:47/50][code_length:32][mAP:0.87219][mAP_all:0.87013][best_mAP:0.87219]
2024-09-20 20:16:36.478 | INFO     | DAHNet_train:train:190 - [iter:47/50][code_length:32][zs_mAP:0.52401][zs_mAP_all:0.26904]
2024-09-20 20:19:18.770 | INFO     | DAHNet_train:train:103 - [epoch:1/1][cnn_loss:3.108861][hash_loss:2.998324][quan_loss:0.110537][cls_loss:4.581441]
2024-09-20 20:19:18.778 | INFO     | DAHNet_train:train:111 - [iter:48/50][iter_time:162.30]
2024-09-20 20:26:59.016 | INFO     | DAHNet_train:train:189 - [iter:48/50][code_length:32][mAP:0.87047][mAP_all:0.86873][best_mAP:0.87219]
2024-09-20 20:26:59.016 | INFO     | DAHNet_train:train:190 - [iter:48/50][code_length:32][zs_mAP:0.55963][zs_mAP_all:0.29644]
2024-09-20 20:29:31.392 | INFO     | DAHNet_train:train:103 - [epoch:1/1][cnn_loss:3.104016][hash_loss:2.993875][quan_loss:0.110141][cls_loss:4.581676]
2024-09-20 20:29:31.400 | INFO     | DAHNet_train:train:111 - [iter:49/50][iter_time:152.38]
2024-09-20 20:37:06.777 | INFO     | DAHNet_train:train:189 - [iter:49/50][code_length:32][mAP:0.87194][mAP_all:0.86987][best_mAP:0.87219]
2024-09-20 20:37:06.777 | INFO     | DAHNet_train:train:190 - [iter:49/50][code_length:32][zs_mAP:0.53256][zs_mAP_all:0.28481]
2024-09-20 20:39:43.318 | INFO     | DAHNet_train:train:103 - [epoch:1/1][cnn_loss:3.107994][hash_loss:2.997446][quan_loss:0.110548][cls_loss:4.581120]
2024-09-20 20:39:43.327 | INFO     | DAHNet_train:train:111 - [iter:50/50][iter_time:156.55]
2024-09-20 20:47:08.097 | INFO     | DAHNet_train:train:189 - [iter:50/50][code_length:32][mAP:0.87078][mAP_all:0.86878][best_mAP:0.87219]
2024-09-20 20:47:08.097 | INFO     | DAHNet_train:train:190 - [iter:50/50][code_length:32][zs_mAP:0.53858][zs_mAP_all:0.27515]
2024-09-20 20:47:08.097 | INFO     | DAHNet_train:train:192 - [Training time:14271.89]
2024-09-20 20:47:08.112 | INFO     | __main__:run:138 - [code_length:32][map:0.8722][map_all:0.8701][zs_map:0.5240][zs_map_all:0.2690]
2024-09-20 20:49:42.910 | INFO     | DAHNet_train:train:103 - [epoch:1/1][cnn_loss:8.552837][hash_loss:8.355801][quan_loss:0.197036][cls_loss:4.607079]
2024-09-20 20:49:42.921 | INFO     | DAHNet_train:train:111 - [iter:1/50][iter_time:153.38]
2024-09-20 20:52:15.824 | INFO     | DAHNet_train:train:103 - [epoch:1/1][cnn_loss:7.227296][hash_loss:7.068566][quan_loss:0.158731][cls_loss:4.611002]
2024-09-20 20:52:15.835 | INFO     | DAHNet_train:train:111 - [iter:2/50][iter_time:152.91]
2024-09-20 20:54:48.426 | INFO     | DAHNet_train:train:103 - [epoch:1/1][cnn_loss:6.194499][hash_loss:6.066490][quan_loss:0.128009][cls_loss:4.611705]
2024-09-20 20:54:48.438 | INFO     | DAHNet_train:train:111 - [iter:3/50][iter_time:152.60]
2024-09-20 20:57:24.301 | INFO     | DAHNet_train:train:103 - [epoch:1/1][cnn_loss:5.708165][hash_loss:5.592634][quan_loss:0.115531][cls_loss:4.611018]
2024-09-20 20:57:24.312 | INFO     | DAHNet_train:train:111 - [iter:4/50][iter_time:155.87]
2024-09-20 20:59:58.515 | INFO     | DAHNet_train:train:103 - [epoch:1/1][cnn_loss:5.381868][hash_loss:5.273691][quan_loss:0.108177][cls_loss:4.610430]
2024-09-20 20:59:58.528 | INFO     | DAHNet_train:train:111 - [iter:5/50][iter_time:154.22]
2024-09-20 21:07:27.525 | INFO     | DAHNet_train:train:189 - [iter:5/50][code_length:64][mAP:0.85294][mAP_all:0.85180][best_mAP:0.85294]
2024-09-20 21:07:27.526 | INFO     | DAHNet_train:train:190 - [iter:5/50][code_length:64][zs_mAP:0.80320][zs_mAP_all:0.56727]
2024-09-20 21:10:05.845 | INFO     | DAHNet_train:train:103 - [epoch:1/1][cnn_loss:5.176114][hash_loss:5.072495][quan_loss:0.103619][cls_loss:4.608239]
2024-09-20 21:10:05.856 | INFO     | DAHNet_train:train:111 - [iter:6/50][iter_time:158.33]
2024-09-20 21:12:44.964 | INFO     | DAHNet_train:train:103 - [epoch:1/1][cnn_loss:5.003324][hash_loss:4.903605][quan_loss:0.099719][cls_loss:4.607694]
2024-09-20 21:12:44.976 | INFO     | DAHNet_train:train:111 - [iter:7/50][iter_time:159.12]
2024-09-20 21:15:22.069 | INFO     | DAHNet_train:train:103 - [epoch:1/1][cnn_loss:4.890773][hash_loss:4.793360][quan_loss:0.097413][cls_loss:4.605401]
2024-09-20 21:15:22.081 | INFO     | DAHNet_train:train:111 - [iter:8/50][iter_time:157.10]
2024-09-20 21:18:00.471 | INFO     | DAHNet_train:train:103 - [epoch:1/1][cnn_loss:4.773822][hash_loss:4.679157][quan_loss:0.094665][cls_loss:4.604218]
2024-09-20 21:18:00.483 | INFO     | DAHNet_train:train:111 - [iter:9/50][iter_time:158.40]
2024-09-20 21:20:38.312 | INFO     | DAHNet_train:train:103 - [epoch:1/1][cnn_loss:4.720463][hash_loss:4.626751][quan_loss:0.093711][cls_loss:4.601402]
2024-09-20 21:20:38.324 | INFO     | DAHNet_train:train:111 - [iter:10/50][iter_time:157.84]
2024-09-20 21:28:02.033 | INFO     | DAHNet_train:train:189 - [iter:10/50][code_length:64][mAP:0.86876][mAP_all:0.86745][best_mAP:0.86876]
2024-09-20 21:28:02.033 | INFO     | DAHNet_train:train:190 - [iter:10/50][code_length:64][zs_mAP:0.71845][zs_mAP_all:0.46703]
2024-09-20 21:30:43.129 | INFO     | DAHNet_train:train:103 - [epoch:1/1][cnn_loss:4.646139][hash_loss:4.553962][quan_loss:0.092178][cls_loss:4.601706]
2024-09-20 21:30:43.141 | INFO     | DAHNet_train:train:111 - [iter:11/50][iter_time:161.11]
2024-09-20 21:33:19.377 | INFO     | DAHNet_train:train:103 - [epoch:1/1][cnn_loss:4.573750][hash_loss:4.483225][quan_loss:0.090525][cls_loss:4.602020]
2024-09-20 21:33:19.389 | INFO     | DAHNet_train:train:111 - [iter:12/50][iter_time:156.25]
2024-09-20 21:35:59.493 | INFO     | DAHNet_train:train:103 - [epoch:1/1][cnn_loss:4.550749][hash_loss:4.460425][quan_loss:0.090324][cls_loss:4.600749]
2024-09-20 21:35:59.504 | INFO     | DAHNet_train:train:111 - [iter:13/50][iter_time:160.11]
2024-09-20 21:38:38.188 | INFO     | DAHNet_train:train:103 - [epoch:1/1][cnn_loss:4.496986][hash_loss:4.407940][quan_loss:0.089046][cls_loss:4.597644]
2024-09-20 21:38:38.200 | INFO     | DAHNet_train:train:111 - [iter:14/50][iter_time:158.70]
2024-09-20 21:41:16.843 | INFO     | DAHNet_train:train:103 - [epoch:1/1][cnn_loss:4.460320][hash_loss:4.372131][quan_loss:0.088189][cls_loss:4.596589]
2024-09-20 21:41:16.856 | INFO     | DAHNet_train:train:111 - [iter:15/50][iter_time:158.66]
2024-09-20 21:48:45.122 | INFO     | DAHNet_train:train:189 - [iter:15/50][code_length:64][mAP:0.87327][mAP_all:0.87172][best_mAP:0.87327]
2024-09-20 21:48:45.123 | INFO     | DAHNet_train:train:190 - [iter:15/50][code_length:64][zs_mAP:0.67393][zs_mAP_all:0.43909]
2024-09-20 21:51:24.201 | INFO     | DAHNet_train:train:103 - [epoch:1/1][cnn_loss:4.422223][hash_loss:4.334683][quan_loss:0.087540][cls_loss:4.597840]
2024-09-20 21:51:24.213 | INFO     | DAHNet_train:train:111 - [iter:16/50][iter_time:159.09]
2024-09-20 21:54:04.065 | INFO     | DAHNet_train:train:103 - [epoch:1/1][cnn_loss:4.394104][hash_loss:4.307342][quan_loss:0.086762][cls_loss:4.596064]
2024-09-20 21:54:04.077 | INFO     | DAHNet_train:train:111 - [iter:17/50][iter_time:159.86]
2024-09-20 21:56:40.894 | INFO     | DAHNet_train:train:103 - [epoch:1/1][cnn_loss:4.361341][hash_loss:4.275160][quan_loss:0.086181][cls_loss:4.595834]
2024-09-20 21:56:40.907 | INFO     | DAHNet_train:train:111 - [iter:18/50][iter_time:156.83]
2024-09-20 21:59:19.645 | INFO     | DAHNet_train:train:103 - [epoch:1/1][cnn_loss:4.308286][hash_loss:4.223464][quan_loss:0.084822][cls_loss:4.594729]
2024-09-20 21:59:19.656 | INFO     | DAHNet_train:train:111 - [iter:19/50][iter_time:158.75]
2024-09-20 22:01:57.843 | INFO     | DAHNet_train:train:103 - [epoch:1/1][cnn_loss:4.297721][hash_loss:4.212982][quan_loss:0.084740][cls_loss:4.593095]
2024-09-20 22:01:57.855 | INFO     | DAHNet_train:train:111 - [iter:20/50][iter_time:158.20]
2024-09-20 22:09:24.812 | INFO     | DAHNet_train:train:189 - [iter:20/50][code_length:64][mAP:0.87144][mAP_all:0.86970][best_mAP:0.87327]
2024-09-20 22:09:24.813 | INFO     | DAHNet_train:train:190 - [iter:20/50][code_length:64][zs_mAP:0.65973][zs_mAP_all:0.40827]
2024-09-20 22:12:05.425 | INFO     | DAHNet_train:train:103 - [epoch:1/1][cnn_loss:4.268361][hash_loss:4.184348][quan_loss:0.084013][cls_loss:4.593015]
2024-09-20 22:12:05.437 | INFO     | DAHNet_train:train:111 - [iter:21/50][iter_time:160.62]
2024-09-20 22:14:43.635 | INFO     | DAHNet_train:train:103 - [epoch:1/1][cnn_loss:4.261003][hash_loss:4.177028][quan_loss:0.083975][cls_loss:4.593704]
2024-09-20 22:14:43.647 | INFO     | DAHNet_train:train:111 - [iter:22/50][iter_time:158.21]
2024-09-20 22:17:23.504 | INFO     | DAHNet_train:train:103 - [epoch:1/1][cnn_loss:4.222708][hash_loss:4.139714][quan_loss:0.082993][cls_loss:4.592380]
2024-09-20 22:17:23.516 | INFO     | DAHNet_train:train:111 - [iter:23/50][iter_time:159.87]
2024-09-20 22:20:00.953 | INFO     | DAHNet_train:train:103 - [epoch:1/1][cnn_loss:4.207902][hash_loss:4.125170][quan_loss:0.082732][cls_loss:4.591799]
2024-09-20 22:20:00.965 | INFO     | DAHNet_train:train:111 - [iter:24/50][iter_time:157.45]
2024-09-20 22:22:39.865 | INFO     | DAHNet_train:train:103 - [epoch:1/1][cnn_loss:4.161098][hash_loss:4.079549][quan_loss:0.081549][cls_loss:4.593171]
2024-09-20 22:22:39.878 | INFO     | DAHNet_train:train:111 - [iter:25/50][iter_time:158.91]
2024-09-20 22:30:08.651 | INFO     | DAHNet_train:train:189 - [iter:25/50][code_length:64][mAP:0.87227][mAP_all:0.87069][best_mAP:0.87327]
2024-09-20 22:30:08.652 | INFO     | DAHNet_train:train:190 - [iter:25/50][code_length:64][zs_mAP:0.66266][zs_mAP_all:0.36645]
2024-09-20 22:32:52.293 | INFO     | DAHNet_train:train:103 - [epoch:1/1][cnn_loss:4.146718][hash_loss:4.065470][quan_loss:0.081248][cls_loss:4.590850]
2024-09-20 22:32:52.306 | INFO     | DAHNet_train:train:111 - [iter:26/50][iter_time:163.65]
2024-09-20 22:35:34.439 | INFO     | DAHNet_train:train:103 - [epoch:1/1][cnn_loss:4.126885][hash_loss:4.046113][quan_loss:0.080772][cls_loss:4.590830]
2024-09-20 22:35:34.451 | INFO     | DAHNet_train:train:111 - [iter:27/50][iter_time:162.14]
2024-09-20 22:38:14.657 | INFO     | DAHNet_train:train:103 - [epoch:1/1][cnn_loss:4.139400][hash_loss:4.058164][quan_loss:0.081236][cls_loss:4.589811]
2024-09-20 22:38:14.670 | INFO     | DAHNet_train:train:111 - [iter:28/50][iter_time:160.22]
2024-09-20 22:40:55.167 | INFO     | DAHNet_train:train:103 - [epoch:1/1][cnn_loss:4.107976][hash_loss:4.027603][quan_loss:0.080373][cls_loss:4.588368]
2024-09-20 22:40:55.179 | INFO     | DAHNet_train:train:111 - [iter:29/50][iter_time:160.51]
2024-09-20 22:43:31.466 | INFO     | DAHNet_train:train:103 - [epoch:1/1][cnn_loss:4.086518][hash_loss:4.006573][quan_loss:0.079945][cls_loss:4.588975]
2024-09-20 22:43:31.478 | INFO     | DAHNet_train:train:111 - [iter:30/50][iter_time:156.30]
2024-09-20 22:50:56.778 | INFO     | DAHNet_train:train:189 - [iter:30/50][code_length:64][mAP:0.87082][mAP_all:0.86894][best_mAP:0.87327]
2024-09-20 22:50:56.778 | INFO     | DAHNet_train:train:190 - [iter:30/50][code_length:64][zs_mAP:0.63642][zs_mAP_all:0.33271]
2024-09-20 22:53:34.475 | INFO     | DAHNet_train:train:103 - [epoch:1/1][cnn_loss:4.082925][hash_loss:4.002938][quan_loss:0.079987][cls_loss:4.589071]
2024-09-20 22:53:34.487 | INFO     | DAHNet_train:train:111 - [iter:31/50][iter_time:157.71]
2024-09-20 22:56:13.010 | INFO     | DAHNet_train:train:103 - [epoch:1/1][cnn_loss:4.052041][hash_loss:3.972842][quan_loss:0.079199][cls_loss:4.587979]
2024-09-20 22:56:13.023 | INFO     | DAHNet_train:train:111 - [iter:32/50][iter_time:158.54]
2024-09-20 22:58:53.903 | INFO     | DAHNet_train:train:103 - [epoch:1/1][cnn_loss:4.053114][hash_loss:3.973811][quan_loss:0.079303][cls_loss:4.589918]
2024-09-20 22:58:53.915 | INFO     | DAHNet_train:train:111 - [iter:33/50][iter_time:160.89]
2024-09-20 23:01:33.011 | INFO     | DAHNet_train:train:103 - [epoch:1/1][cnn_loss:4.018653][hash_loss:3.940288][quan_loss:0.078365][cls_loss:4.587539]
2024-09-20 23:01:33.023 | INFO     | DAHNet_train:train:111 - [iter:34/50][iter_time:159.11]
2024-09-20 23:04:11.042 | INFO     | DAHNet_train:train:103 - [epoch:1/1][cnn_loss:4.031554][hash_loss:3.952708][quan_loss:0.078846][cls_loss:4.586866]
2024-09-20 23:04:11.054 | INFO     | DAHNet_train:train:111 - [iter:35/50][iter_time:158.03]
2024-09-20 23:11:41.282 | INFO     | DAHNet_train:train:189 - [iter:35/50][code_length:64][mAP:0.86689][mAP_all:0.86480][best_mAP:0.87327]
2024-09-20 23:11:41.283 | INFO     | DAHNet_train:train:190 - [iter:35/50][code_length:64][zs_mAP:0.61244][zs_mAP_all:0.32155]
2024-09-20 23:14:18.978 | INFO     | DAHNet_train:train:103 - [epoch:1/1][cnn_loss:4.017745][hash_loss:3.939290][quan_loss:0.078455][cls_loss:4.587313]
2024-09-20 23:14:18.990 | INFO     | DAHNet_train:train:111 - [iter:36/50][iter_time:157.71]
2024-09-20 23:16:57.111 | INFO     | DAHNet_train:train:103 - [epoch:1/1][cnn_loss:3.995397][hash_loss:3.917542][quan_loss:0.077856][cls_loss:4.587720]
2024-09-20 23:16:57.123 | INFO     | DAHNet_train:train:111 - [iter:37/50][iter_time:158.13]
2024-09-20 23:19:36.849 | INFO     | DAHNet_train:train:103 - [epoch:1/1][cnn_loss:3.983328][hash_loss:3.905645][quan_loss:0.077683][cls_loss:4.588125]
2024-09-20 23:19:36.861 | INFO     | DAHNet_train:train:111 - [iter:38/50][iter_time:159.74]
2024-09-20 23:22:15.387 | INFO     | DAHNet_train:train:103 - [epoch:1/1][cnn_loss:3.966242][hash_loss:3.888970][quan_loss:0.077272][cls_loss:4.586693]
2024-09-20 23:22:15.399 | INFO     | DAHNet_train:train:111 - [iter:39/50][iter_time:158.54]
2024-09-20 23:24:52.652 | INFO     | DAHNet_train:train:103 - [epoch:1/1][cnn_loss:3.938370][hash_loss:3.861813][quan_loss:0.076557][cls_loss:4.587973]
2024-09-20 23:24:52.663 | INFO     | DAHNet_train:train:111 - [iter:40/50][iter_time:157.26]
2024-09-20 23:32:20.106 | INFO     | DAHNet_train:train:189 - [iter:40/50][code_length:64][mAP:0.86557][mAP_all:0.86313][best_mAP:0.87327]
2024-09-20 23:32:20.106 | INFO     | DAHNet_train:train:190 - [iter:40/50][code_length:64][zs_mAP:0.60927][zs_mAP_all:0.31500]
2024-09-20 23:35:00.886 | INFO     | DAHNet_train:train:103 - [epoch:1/1][cnn_loss:3.962078][hash_loss:3.884757][quan_loss:0.077321][cls_loss:4.585339]
2024-09-20 23:35:00.897 | INFO     | DAHNet_train:train:111 - [iter:41/50][iter_time:160.79]
2024-09-20 23:37:40.550 | INFO     | DAHNet_train:train:103 - [epoch:1/1][cnn_loss:3.923778][hash_loss:3.847412][quan_loss:0.076366][cls_loss:4.587364]
2024-09-20 23:37:40.562 | INFO     | DAHNet_train:train:111 - [iter:42/50][iter_time:159.66]
2024-09-20 23:40:20.527 | INFO     | DAHNet_train:train:103 - [epoch:1/1][cnn_loss:3.930861][hash_loss:3.854303][quan_loss:0.076558][cls_loss:4.585201]
2024-09-20 23:40:20.539 | INFO     | DAHNet_train:train:111 - [iter:43/50][iter_time:159.98]
2024-09-20 23:42:57.828 | INFO     | DAHNet_train:train:103 - [epoch:1/1][cnn_loss:3.938954][hash_loss:3.862125][quan_loss:0.076828][cls_loss:4.585297]
2024-09-20 23:42:57.841 | INFO     | DAHNet_train:train:111 - [iter:44/50][iter_time:157.30]
2024-09-20 23:45:35.917 | INFO     | DAHNet_train:train:103 - [epoch:1/1][cnn_loss:3.926149][hash_loss:3.849647][quan_loss:0.076502][cls_loss:4.585474]
2024-09-20 23:45:35.929 | INFO     | DAHNet_train:train:111 - [iter:45/50][iter_time:158.09]
2024-09-20 23:53:02.745 | INFO     | DAHNet_train:train:189 - [iter:45/50][code_length:64][mAP:0.87076][mAP_all:0.86859][best_mAP:0.87327]
2024-09-20 23:53:02.745 | INFO     | DAHNet_train:train:190 - [iter:45/50][code_length:64][zs_mAP:0.58308][zs_mAP_all:0.30086]
2024-09-20 23:55:41.204 | INFO     | DAHNet_train:train:103 - [epoch:1/1][cnn_loss:3.824108][hash_loss:3.750109][quan_loss:0.073999][cls_loss:4.586561]
2024-09-20 23:55:41.216 | INFO     | DAHNet_train:train:111 - [iter:46/50][iter_time:158.47]
2024-09-21 00:03:09.683 | INFO     | DAHNet_train:train:189 - [iter:46/50][code_length:64][mAP:0.87194][mAP_all:0.86992][best_mAP:0.87327]
2024-09-21 00:03:09.683 | INFO     | DAHNet_train:train:190 - [iter:46/50][code_length:64][zs_mAP:0.59804][zs_mAP_all:0.31823]
2024-09-21 00:05:47.553 | INFO     | DAHNet_train:train:103 - [epoch:1/1][cnn_loss:3.823501][hash_loss:3.749451][quan_loss:0.074050][cls_loss:4.584749]
2024-09-21 00:05:47.565 | INFO     | DAHNet_train:train:111 - [iter:47/50][iter_time:157.88]
2024-09-21 00:13:14.823 | INFO     | DAHNet_train:train:189 - [iter:47/50][code_length:64][mAP:0.87229][mAP_all:0.87017][best_mAP:0.87327]
2024-09-21 00:13:14.823 | INFO     | DAHNet_train:train:190 - [iter:47/50][code_length:64][zs_mAP:0.57730][zs_mAP_all:0.33882]
2024-09-21 00:15:53.529 | INFO     | DAHNet_train:train:103 - [epoch:1/1][cnn_loss:3.832811][hash_loss:3.758458][quan_loss:0.074353][cls_loss:4.585597]
2024-09-21 00:15:53.540 | INFO     | DAHNet_train:train:111 - [iter:48/50][iter_time:158.72]
2024-09-21 00:23:18.850 | INFO     | DAHNet_train:train:189 - [iter:48/50][code_length:64][mAP:0.87150][mAP_all:0.86971][best_mAP:0.87327]
2024-09-21 00:23:18.851 | INFO     | DAHNet_train:train:190 - [iter:48/50][code_length:64][zs_mAP:0.59171][zs_mAP_all:0.32124]
2024-09-21 00:25:57.487 | INFO     | DAHNet_train:train:103 - [epoch:1/1][cnn_loss:3.789226][hash_loss:3.715947][quan_loss:0.073279][cls_loss:4.585741]
2024-09-21 00:25:57.499 | INFO     | DAHNet_train:train:111 - [iter:49/50][iter_time:158.65]
2024-09-21 00:33:24.233 | INFO     | DAHNet_train:train:189 - [iter:49/50][code_length:64][mAP:0.87121][mAP_all:0.86935][best_mAP:0.87327]
2024-09-21 00:33:24.234 | INFO     | DAHNet_train:train:190 - [iter:49/50][code_length:64][zs_mAP:0.58857][zs_mAP_all:0.29580]
2024-09-21 00:36:01.649 | INFO     | DAHNet_train:train:103 - [epoch:1/1][cnn_loss:3.797342][hash_loss:3.723836][quan_loss:0.073506][cls_loss:4.585462]
2024-09-21 00:36:01.661 | INFO     | DAHNet_train:train:111 - [iter:50/50][iter_time:157.43]
2024-09-21 00:43:31.280 | INFO     | DAHNet_train:train:189 - [iter:50/50][code_length:64][mAP:0.87327][mAP_all:0.87115][best_mAP:0.87327]
2024-09-21 00:43:31.280 | INFO     | DAHNet_train:train:190 - [iter:50/50][code_length:64][zs_mAP:0.59973][zs_mAP_all:0.31294]
2024-09-21 00:43:31.280 | INFO     | DAHNet_train:train:192 - [Training time:14181.74]
2024-09-21 00:43:31.290 | INFO     | __main__:run:138 - [code_length:64][map:0.8733][map_all:0.8717][zs_map:0.6739][zs_map_all:0.4391]
