2024-09-08 12:13:13.649 | SUCCESS  | __main__:run:55 - Namespace(dataset='imagenetzs', root='/data1/dataset/ImageNet/ILSVRC', batch_size=16, lr=0.00025, wd=0.0001, optim='SGD', code_length=[16, 32, 64], max_iter=50, max_epoch=1, num_query=1000, num_samples=12350, num_workers=2, topk=1000, gpu=0, gamma=200, info='imagenetzs-5-95-dah-09-08-16,32,64-tanh1', arch='dah', net='ResNet', save_ckpt='checkpoints/', lr_step=[45], align_step=50, pretrain=True, quan_loss=False, lambd_sp=0.1, lambd_ch=0.1, lambd=0.1, momen=0.91, nesterov=False, num_classes=95, val_freq=5, cauchy_gamma=20.0, margin=0.1, num_zs=5, epoch_change=11, ZS=5, flag='dah', data='imagenetzs', device=device(type='cuda', index=0))
2024-09-08 12:17:04.842 | INFO     | DAHNet_train:train:103 - [epoch:1/1][cnn_loss:6.342465][hash_loss:2.158935][quan_loss:0.196486][cls_loss:3.987044]
2024-09-08 12:17:04.846 | INFO     | DAHNet_train:train:111 - [iter:1/50][iter_time:219.98]
2024-09-08 12:21:00.280 | INFO     | DAHNet_train:train:103 - [epoch:1/1][cnn_loss:4.836640][hash_loss:2.021724][quan_loss:0.179676][cls_loss:2.635240]
2024-09-08 12:21:00.288 | INFO     | DAHNet_train:train:111 - [iter:2/50][iter_time:235.44]
2024-09-08 12:24:53.954 | INFO     | DAHNet_train:train:103 - [epoch:1/1][cnn_loss:3.897022][hash_loss:1.931161][quan_loss:0.164103][cls_loss:1.801758]
2024-09-08 12:24:53.961 | INFO     | DAHNet_train:train:111 - [iter:3/50][iter_time:233.67]
2024-09-08 12:28:49.514 | INFO     | DAHNet_train:train:103 - [epoch:1/1][cnn_loss:3.426655][hash_loss:1.895430][quan_loss:0.158728][cls_loss:1.372497]
2024-09-08 12:28:49.528 | INFO     | DAHNet_train:train:111 - [iter:4/50][iter_time:235.57]
2024-09-08 12:32:45.493 | INFO     | DAHNet_train:train:103 - [epoch:1/1][cnn_loss:3.170168][hash_loss:1.877516][quan_loss:0.156206][cls_loss:1.136445]
2024-09-08 12:32:45.503 | INFO     | DAHNet_train:train:111 - [iter:5/50][iter_time:235.97]
2024-09-08 12:42:25.849 | INFO     | DAHNet_train:train:189 - [iter:5/50][code_length:16][mAP:0.72796][mAP_all:0.72534][best_mAP:0.72796]
2024-09-08 12:42:25.849 | INFO     | DAHNet_train:train:190 - [iter:5/50][code_length:16][zs_mAP:0.45298][zs_mAP_all:0.14019]
2024-09-08 12:46:04.072 | INFO     | DAHNet_train:train:103 - [epoch:1/1][cnn_loss:3.025353][hash_loss:1.867487][quan_loss:0.154993][cls_loss:1.002873]
2024-09-08 12:46:04.085 | INFO     | DAHNet_train:train:111 - [iter:6/50][iter_time:218.24]
2024-09-08 12:49:55.636 | INFO     | DAHNet_train:train:103 - [epoch:1/1][cnn_loss:2.893628][hash_loss:1.857151][quan_loss:0.153769][cls_loss:0.882709]
2024-09-08 12:49:55.643 | INFO     | DAHNet_train:train:111 - [iter:7/50][iter_time:231.56]
2024-09-08 12:53:49.905 | INFO     | DAHNet_train:train:103 - [epoch:1/1][cnn_loss:2.816211][hash_loss:1.852161][quan_loss:0.153139][cls_loss:0.810910]
2024-09-08 12:53:49.915 | INFO     | DAHNet_train:train:111 - [iter:8/50][iter_time:234.27]
2024-09-08 12:57:42.872 | INFO     | DAHNet_train:train:103 - [epoch:1/1][cnn_loss:2.739265][hash_loss:1.846662][quan_loss:0.152454][cls_loss:0.740148]
2024-09-08 12:57:42.881 | INFO     | DAHNet_train:train:111 - [iter:9/50][iter_time:232.97]
2024-09-08 13:01:36.850 | INFO     | DAHNet_train:train:103 - [epoch:1/1][cnn_loss:2.688660][hash_loss:1.841064][quan_loss:0.151899][cls_loss:0.695698]
2024-09-08 13:01:36.856 | INFO     | DAHNet_train:train:111 - [iter:10/50][iter_time:233.98]
2024-09-08 13:10:27.019 | INFO     | DAHNet_train:train:189 - [iter:10/50][code_length:16][mAP:0.79244][mAP_all:0.79051][best_mAP:0.79244]
2024-09-08 13:10:27.019 | INFO     | DAHNet_train:train:190 - [iter:10/50][code_length:16][zs_mAP:0.49227][zs_mAP_all:0.21370]
2024-09-08 13:14:46.514 | INFO     | DAHNet_train:train:103 - [epoch:1/1][cnn_loss:2.655355][hash_loss:1.838395][quan_loss:0.151585][cls_loss:0.665375]
2024-09-08 13:14:46.523 | INFO     | DAHNet_train:train:111 - [iter:11/50][iter_time:259.50]
2024-09-08 13:19:06.450 | INFO     | DAHNet_train:train:103 - [epoch:1/1][cnn_loss:2.618501][hash_loss:1.834896][quan_loss:0.151218][cls_loss:0.632387]
2024-09-08 13:19:06.453 | INFO     | DAHNet_train:train:111 - [iter:12/50][iter_time:259.93]
2024-09-08 13:23:27.014 | INFO     | DAHNet_train:train:103 - [epoch:1/1][cnn_loss:2.571040][hash_loss:1.829653][quan_loss:0.150398][cls_loss:0.590990]
2024-09-08 13:23:27.021 | INFO     | DAHNet_train:train:111 - [iter:13/50][iter_time:260.57]
2024-09-08 13:27:48.766 | INFO     | DAHNet_train:train:103 - [epoch:1/1][cnn_loss:2.543528][hash_loss:1.827480][quan_loss:0.150215][cls_loss:0.565834]
2024-09-08 13:27:48.773 | INFO     | DAHNet_train:train:111 - [iter:14/50][iter_time:261.75]
2024-09-08 13:32:07.103 | INFO     | DAHNet_train:train:103 - [epoch:1/1][cnn_loss:2.515667][hash_loss:1.824278][quan_loss:0.149831][cls_loss:0.541557]
2024-09-08 13:32:07.109 | INFO     | DAHNet_train:train:111 - [iter:15/50][iter_time:258.34]
2024-09-08 13:40:56.960 | INFO     | DAHNet_train:train:189 - [iter:15/50][code_length:16][mAP:0.80879][mAP_all:0.80692][best_mAP:0.80879]
2024-09-08 13:40:56.960 | INFO     | DAHNet_train:train:190 - [iter:15/50][code_length:16][zs_mAP:0.50026][zs_mAP_all:0.22631]
2024-09-08 13:45:13.411 | INFO     | DAHNet_train:train:103 - [epoch:1/1][cnn_loss:2.506692][hash_loss:1.823183][quan_loss:0.149826][cls_loss:0.533683]
2024-09-08 13:45:13.419 | INFO     | DAHNet_train:train:111 - [iter:16/50][iter_time:256.46]
2024-09-08 13:48:21.907 | INFO     | DAHNet_train:train:103 - [epoch:1/1][cnn_loss:2.470276][hash_loss:1.820660][quan_loss:0.149362][cls_loss:0.500254]
2024-09-08 13:48:21.915 | INFO     | DAHNet_train:train:111 - [iter:17/50][iter_time:188.50]
2024-09-08 13:51:32.700 | INFO     | DAHNet_train:train:103 - [epoch:1/1][cnn_loss:2.446401][hash_loss:1.817892][quan_loss:0.149041][cls_loss:0.479467]
2024-09-08 13:51:32.707 | INFO     | DAHNet_train:train:111 - [iter:18/50][iter_time:190.79]
2024-09-08 13:55:50.775 | INFO     | DAHNet_train:train:103 - [epoch:1/1][cnn_loss:2.436477][hash_loss:1.816021][quan_loss:0.148730][cls_loss:0.471726]
2024-09-08 13:55:50.782 | INFO     | DAHNet_train:train:111 - [iter:19/50][iter_time:258.07]
2024-09-08 14:00:12.430 | INFO     | DAHNet_train:train:103 - [epoch:1/1][cnn_loss:2.425805][hash_loss:1.815380][quan_loss:0.148853][cls_loss:0.461571]
2024-09-08 14:00:12.437 | INFO     | DAHNet_train:train:111 - [iter:20/50][iter_time:261.66]
2024-09-08 14:08:09.345 | INFO     | DAHNet_train:train:189 - [iter:20/50][code_length:16][mAP:0.81824][mAP_all:0.81640][best_mAP:0.81824]
2024-09-08 14:08:09.346 | INFO     | DAHNet_train:train:190 - [iter:20/50][code_length:16][zs_mAP:0.48212][zs_mAP_all:0.22174]
2024-09-08 14:12:34.197 | INFO     | DAHNet_train:train:103 - [epoch:1/1][cnn_loss:2.406000][hash_loss:1.813805][quan_loss:0.148441][cls_loss:0.443754]
2024-09-08 14:12:34.204 | INFO     | DAHNet_train:train:111 - [iter:21/50][iter_time:264.86]
2024-09-08 14:16:46.685 | INFO     | DAHNet_train:train:103 - [epoch:1/1][cnn_loss:2.385072][hash_loss:1.811925][quan_loss:0.148283][cls_loss:0.424864]
2024-09-08 14:16:46.692 | INFO     | DAHNet_train:train:111 - [iter:22/50][iter_time:252.49]
2024-09-08 14:21:05.198 | INFO     | DAHNet_train:train:103 - [epoch:1/1][cnn_loss:2.395141][hash_loss:1.811971][quan_loss:0.148216][cls_loss:0.434954]
2024-09-08 14:21:05.202 | INFO     | DAHNet_train:train:111 - [iter:23/50][iter_time:258.51]
2024-09-08 14:25:16.279 | INFO     | DAHNet_train:train:103 - [epoch:1/1][cnn_loss:2.375378][hash_loss:1.810191][quan_loss:0.148026][cls_loss:0.417161]
2024-09-08 14:25:16.286 | INFO     | DAHNet_train:train:111 - [iter:24/50][iter_time:251.08]
2024-09-08 14:29:38.282 | INFO     | DAHNet_train:train:103 - [epoch:1/1][cnn_loss:2.345126][hash_loss:1.806247][quan_loss:0.147479][cls_loss:0.391400]
2024-09-08 14:29:38.289 | INFO     | DAHNet_train:train:111 - [iter:25/50][iter_time:262.00]
2024-09-08 14:38:27.438 | INFO     | DAHNet_train:train:189 - [iter:25/50][code_length:16][mAP:0.81916][mAP_all:0.81733][best_mAP:0.81916]
2024-09-08 14:38:27.439 | INFO     | DAHNet_train:train:190 - [iter:25/50][code_length:16][zs_mAP:0.49694][zs_mAP_all:0.21689]
2024-09-08 14:42:50.463 | INFO     | DAHNet_train:train:103 - [epoch:1/1][cnn_loss:2.359726][hash_loss:1.806719][quan_loss:0.147564][cls_loss:0.405443]
2024-09-08 14:42:50.477 | INFO     | DAHNet_train:train:111 - [iter:26/50][iter_time:263.04]
2024-09-08 14:47:09.677 | INFO     | DAHNet_train:train:103 - [epoch:1/1][cnn_loss:2.336322][hash_loss:1.806080][quan_loss:0.147396][cls_loss:0.382846]
2024-09-08 14:47:09.684 | INFO     | DAHNet_train:train:111 - [iter:27/50][iter_time:259.21]
2024-09-08 14:51:33.808 | INFO     | DAHNet_train:train:103 - [epoch:1/1][cnn_loss:2.321315][hash_loss:1.804656][quan_loss:0.147270][cls_loss:0.369388]
2024-09-08 14:51:33.817 | INFO     | DAHNet_train:train:111 - [iter:28/50][iter_time:264.13]
2024-09-08 14:55:59.762 | INFO     | DAHNet_train:train:103 - [epoch:1/1][cnn_loss:2.324617][hash_loss:1.804344][quan_loss:0.147150][cls_loss:0.373124]
2024-09-08 14:55:59.769 | INFO     | DAHNet_train:train:111 - [iter:29/50][iter_time:265.95]
2024-09-08 15:00:24.783 | INFO     | DAHNet_train:train:103 - [epoch:1/1][cnn_loss:2.315425][hash_loss:1.803113][quan_loss:0.147125][cls_loss:0.365186]
2024-09-08 15:00:24.790 | INFO     | DAHNet_train:train:111 - [iter:30/50][iter_time:265.02]
2024-09-08 15:08:14.456 | INFO     | DAHNet_train:train:189 - [iter:30/50][code_length:16][mAP:0.81865][mAP_all:0.81660][best_mAP:0.81916]
2024-09-08 15:08:14.456 | INFO     | DAHNet_train:train:190 - [iter:30/50][code_length:16][zs_mAP:0.47659][zs_mAP_all:0.24292]
2024-09-08 15:12:42.767 | INFO     | DAHNet_train:train:103 - [epoch:1/1][cnn_loss:2.299373][hash_loss:1.800951][quan_loss:0.146813][cls_loss:0.351609]
2024-09-08 15:12:42.772 | INFO     | DAHNet_train:train:111 - [iter:31/50][iter_time:268.32]
2024-09-08 15:17:05.637 | INFO     | DAHNet_train:train:103 - [epoch:1/1][cnn_loss:2.286719][hash_loss:1.799707][quan_loss:0.146572][cls_loss:0.340439]
2024-09-08 15:17:05.643 | INFO     | DAHNet_train:train:111 - [iter:32/50][iter_time:262.87]
2024-09-08 15:21:25.330 | INFO     | DAHNet_train:train:103 - [epoch:1/1][cnn_loss:2.299082][hash_loss:1.801332][quan_loss:0.146801][cls_loss:0.350949]
2024-09-08 15:21:25.336 | INFO     | DAHNet_train:train:111 - [iter:33/50][iter_time:259.69]
2024-09-08 15:25:42.185 | INFO     | DAHNet_train:train:103 - [epoch:1/1][cnn_loss:2.272663][hash_loss:1.798572][quan_loss:0.146418][cls_loss:0.327673]
2024-09-08 15:25:42.192 | INFO     | DAHNet_train:train:111 - [iter:34/50][iter_time:256.86]
2024-09-08 15:30:07.151 | INFO     | DAHNet_train:train:103 - [epoch:1/1][cnn_loss:2.276843][hash_loss:1.797796][quan_loss:0.146160][cls_loss:0.332888]
2024-09-08 15:30:07.155 | INFO     | DAHNet_train:train:111 - [iter:35/50][iter_time:264.96]
2024-09-08 15:38:53.033 | INFO     | DAHNet_train:train:189 - [iter:35/50][code_length:16][mAP:0.81900][mAP_all:0.81658][best_mAP:0.81916]
2024-09-08 15:38:53.034 | INFO     | DAHNet_train:train:190 - [iter:35/50][code_length:16][zs_mAP:0.47639][zs_mAP_all:0.19857]
2024-09-08 15:43:19.792 | INFO     | DAHNet_train:train:103 - [epoch:1/1][cnn_loss:2.272117][hash_loss:1.798001][quan_loss:0.146310][cls_loss:0.327806]
2024-09-08 15:43:19.799 | INFO     | DAHNet_train:train:111 - [iter:36/50][iter_time:266.76]
2024-09-08 15:47:40.857 | INFO     | DAHNet_train:train:103 - [epoch:1/1][cnn_loss:2.277257][hash_loss:1.797382][quan_loss:0.146243][cls_loss:0.333632]
2024-09-08 15:47:40.861 | INFO     | DAHNet_train:train:111 - [iter:37/50][iter_time:261.06]
2024-09-08 15:51:59.853 | INFO     | DAHNet_train:train:103 - [epoch:1/1][cnn_loss:2.258205][hash_loss:1.796547][quan_loss:0.146122][cls_loss:0.315535]
2024-09-08 15:51:59.860 | INFO     | DAHNet_train:train:111 - [iter:38/50][iter_time:259.00]
2024-09-08 15:56:17.440 | INFO     | DAHNet_train:train:103 - [epoch:1/1][cnn_loss:2.269281][hash_loss:1.796993][quan_loss:0.146184][cls_loss:0.326105]
2024-09-08 15:56:17.447 | INFO     | DAHNet_train:train:111 - [iter:39/50][iter_time:257.59]
2024-09-08 16:00:30.372 | INFO     | DAHNet_train:train:103 - [epoch:1/1][cnn_loss:2.249741][hash_loss:1.795333][quan_loss:0.145939][cls_loss:0.308469]
2024-09-08 16:00:30.379 | INFO     | DAHNet_train:train:111 - [iter:40/50][iter_time:252.93]
2024-09-08 16:09:16.607 | INFO     | DAHNet_train:train:189 - [iter:40/50][code_length:16][mAP:0.82042][mAP_all:0.81889][best_mAP:0.82042]
2024-09-08 16:09:16.608 | INFO     | DAHNet_train:train:190 - [iter:40/50][code_length:16][zs_mAP:0.50466][zs_mAP_all:0.26751]
2024-09-08 16:13:47.505 | INFO     | DAHNet_train:train:103 - [epoch:1/1][cnn_loss:2.254183][hash_loss:1.795242][quan_loss:0.145819][cls_loss:0.313122]
2024-09-08 16:13:47.512 | INFO     | DAHNet_train:train:111 - [iter:41/50][iter_time:270.90]
2024-09-08 16:18:09.893 | INFO     | DAHNet_train:train:103 - [epoch:1/1][cnn_loss:2.237318][hash_loss:1.794067][quan_loss:0.145704][cls_loss:0.297547]
2024-09-08 16:18:09.900 | INFO     | DAHNet_train:train:111 - [iter:42/50][iter_time:262.39]
2024-09-08 16:22:39.869 | INFO     | DAHNet_train:train:103 - [epoch:1/1][cnn_loss:2.247401][hash_loss:1.794440][quan_loss:0.145835][cls_loss:0.307125]
2024-09-08 16:22:39.876 | INFO     | DAHNet_train:train:111 - [iter:43/50][iter_time:269.98]
2024-09-08 16:26:58.298 | INFO     | DAHNet_train:train:103 - [epoch:1/1][cnn_loss:2.226198][hash_loss:1.792159][quan_loss:0.145412][cls_loss:0.288626]
2024-09-08 16:26:58.305 | INFO     | DAHNet_train:train:111 - [iter:44/50][iter_time:258.43]
2024-09-08 16:31:11.228 | INFO     | DAHNet_train:train:103 - [epoch:1/1][cnn_loss:2.211620][hash_loss:1.791578][quan_loss:0.145415][cls_loss:0.274627]
2024-09-08 16:31:11.235 | INFO     | DAHNet_train:train:111 - [iter:45/50][iter_time:252.93]
2024-09-08 16:39:42.597 | INFO     | DAHNet_train:train:189 - [iter:45/50][code_length:16][mAP:0.81623][mAP_all:0.81410][best_mAP:0.82042]
2024-09-08 16:39:42.598 | INFO     | DAHNet_train:train:190 - [iter:45/50][code_length:16][zs_mAP:0.47840][zs_mAP_all:0.23502]
2024-09-08 16:44:04.708 | INFO     | DAHNet_train:train:103 - [epoch:1/1][cnn_loss:2.195567][hash_loss:1.780644][quan_loss:0.144935][cls_loss:0.269988]
2024-09-08 16:44:04.716 | INFO     | DAHNet_train:train:111 - [iter:46/50][iter_time:262.12]
2024-09-08 16:52:47.126 | INFO     | DAHNet_train:train:189 - [iter:46/50][code_length:16][mAP:0.83095][mAP_all:0.82887][best_mAP:0.83095]
2024-09-08 16:52:47.127 | INFO     | DAHNet_train:train:190 - [iter:46/50][code_length:16][zs_mAP:0.50353][zs_mAP_all:0.26989]
2024-09-08 16:56:26.153 | INFO     | DAHNet_train:train:103 - [epoch:1/1][cnn_loss:2.209192][hash_loss:1.779850][quan_loss:0.144856][cls_loss:0.284486]
2024-09-08 16:56:26.157 | INFO     | DAHNet_train:train:111 - [iter:47/50][iter_time:219.03]
2024-09-08 17:05:11.329 | INFO     | DAHNet_train:train:189 - [iter:47/50][code_length:16][mAP:0.83049][mAP_all:0.82883][best_mAP:0.83095]
2024-09-08 17:05:11.330 | INFO     | DAHNet_train:train:190 - [iter:47/50][code_length:16][zs_mAP:0.47264][zs_mAP_all:0.22822]
2024-09-08 17:09:12.573 | INFO     | DAHNet_train:train:103 - [epoch:1/1][cnn_loss:2.197853][hash_loss:1.778650][quan_loss:0.144683][cls_loss:0.274520]
2024-09-08 17:09:12.579 | INFO     | DAHNet_train:train:111 - [iter:48/50][iter_time:241.25]
2024-09-08 17:17:34.270 | INFO     | DAHNet_train:train:189 - [iter:48/50][code_length:16][mAP:0.83254][mAP_all:0.83076][best_mAP:0.83254]
2024-09-08 17:17:34.272 | INFO     | DAHNet_train:train:190 - [iter:48/50][code_length:16][zs_mAP:0.48039][zs_mAP_all:0.24736]
2024-09-08 17:21:23.132 | INFO     | DAHNet_train:train:103 - [epoch:1/1][cnn_loss:2.201565][hash_loss:1.779421][quan_loss:0.144946][cls_loss:0.277198]
2024-09-08 17:21:23.138 | INFO     | DAHNet_train:train:111 - [iter:49/50][iter_time:228.87]
2024-09-08 17:29:45.527 | INFO     | DAHNet_train:train:189 - [iter:49/50][code_length:16][mAP:0.83324][mAP_all:0.83131][best_mAP:0.83324]
2024-09-08 17:29:45.528 | INFO     | DAHNet_train:train:190 - [iter:49/50][code_length:16][zs_mAP:0.47562][zs_mAP_all:0.25785]
2024-09-08 17:33:35.632 | INFO     | DAHNet_train:train:103 - [epoch:1/1][cnn_loss:2.197506][hash_loss:1.778368][quan_loss:0.144639][cls_loss:0.274499]
2024-09-08 17:33:35.640 | INFO     | DAHNet_train:train:111 - [iter:50/50][iter_time:230.11]
2024-09-08 17:41:55.404 | INFO     | DAHNet_train:train:189 - [iter:50/50][code_length:16][mAP:0.83209][mAP_all:0.83058][best_mAP:0.83324]
2024-09-08 17:41:55.404 | INFO     | DAHNet_train:train:190 - [iter:50/50][code_length:16][zs_mAP:0.48404][zs_mAP_all:0.24443]
2024-09-08 17:41:55.404 | INFO     | DAHNet_train:train:192 - [Training time:19710.54]
2024-09-08 17:41:55.411 | INFO     | __main__:run:138 - [code_length:16][map:0.8332][map_all:0.8313][zs_map:0.4756][zs_map_all:0.2579]
2024-09-08 17:45:44.496 | INFO     | DAHNet_train:train:103 - [epoch:1/1][cnn_loss:8.445270][hash_loss:4.234470][quan_loss:0.196874][cls_loss:4.013926]
2024-09-08 17:45:44.505 | INFO     | DAHNet_train:train:111 - [iter:1/50][iter_time:227.73]
2024-09-08 17:49:30.059 | INFO     | DAHNet_train:train:103 - [epoch:1/1][cnn_loss:6.609919][hash_loss:3.779732][quan_loss:0.166194][cls_loss:2.663993]
2024-09-08 17:49:30.068 | INFO     | DAHNet_train:train:111 - [iter:2/50][iter_time:225.56]
2024-09-08 17:53:10.593 | INFO     | DAHNet_train:train:103 - [epoch:1/1][cnn_loss:5.421437][hash_loss:3.492416][quan_loss:0.143581][cls_loss:1.785440]
2024-09-08 17:53:10.602 | INFO     | DAHNet_train:train:111 - [iter:3/50][iter_time:220.53]
2024-09-08 17:56:50.755 | INFO     | DAHNet_train:train:103 - [epoch:1/1][cnn_loss:4.858882][hash_loss:3.373343][quan_loss:0.135457][cls_loss:1.350082]
2024-09-08 17:56:50.763 | INFO     | DAHNet_train:train:111 - [iter:4/50][iter_time:220.16]
2024-09-08 18:00:29.167 | INFO     | DAHNet_train:train:103 - [epoch:1/1][cnn_loss:4.575135][hash_loss:3.319045][quan_loss:0.131748][cls_loss:1.124342]
2024-09-08 18:00:29.176 | INFO     | DAHNet_train:train:111 - [iter:5/50][iter_time:218.41]
2024-09-08 18:08:55.230 | INFO     | DAHNet_train:train:189 - [iter:5/50][code_length:32][mAP:0.81717][mAP_all:0.81526][best_mAP:0.81717]
2024-09-08 18:08:55.231 | INFO     | DAHNet_train:train:190 - [iter:5/50][code_length:32][zs_mAP:0.67420][zs_mAP_all:0.41585]
2024-09-08 18:12:48.604 | INFO     | DAHNet_train:train:103 - [epoch:1/1][cnn_loss:4.382370][hash_loss:3.281621][quan_loss:0.129276][cls_loss:0.971474]
2024-09-08 18:12:48.613 | INFO     | DAHNet_train:train:111 - [iter:6/50][iter_time:233.38]
2024-09-08 18:16:35.905 | INFO     | DAHNet_train:train:103 - [epoch:1/1][cnn_loss:4.227340][hash_loss:3.246911][quan_loss:0.126886][cls_loss:0.853543]
2024-09-08 18:16:35.914 | INFO     | DAHNet_train:train:111 - [iter:7/50][iter_time:227.30]
2024-09-08 18:19:33.546 | INFO     | DAHNet_train:train:103 - [epoch:1/1][cnn_loss:4.137805][hash_loss:3.228213][quan_loss:0.125779][cls_loss:0.783813]
2024-09-08 18:19:33.555 | INFO     | DAHNet_train:train:111 - [iter:8/50][iter_time:177.64]
2024-09-08 18:22:41.472 | INFO     | DAHNet_train:train:103 - [epoch:1/1][cnn_loss:4.058474][hash_loss:3.210574][quan_loss:0.124511][cls_loss:0.723389]
2024-09-08 18:22:41.483 | INFO     | DAHNet_train:train:111 - [iter:9/50][iter_time:187.93]
2024-09-08 18:26:16.676 | INFO     | DAHNet_train:train:103 - [epoch:1/1][cnn_loss:3.972992][hash_loss:3.187772][quan_loss:0.122967][cls_loss:0.662253]
2024-09-08 18:26:16.686 | INFO     | DAHNet_train:train:111 - [iter:10/50][iter_time:215.20]
2024-09-08 18:34:37.337 | INFO     | DAHNet_train:train:189 - [iter:10/50][code_length:32][mAP:0.84248][mAP_all:0.84066][best_mAP:0.84248]
2024-09-08 18:34:37.338 | INFO     | DAHNet_train:train:190 - [iter:10/50][code_length:32][zs_mAP:0.65457][zs_mAP_all:0.37789]
2024-09-08 18:38:28.207 | INFO     | DAHNet_train:train:103 - [epoch:1/1][cnn_loss:3.951985][hash_loss:3.184520][quan_loss:0.122699][cls_loss:0.644766]
2024-09-08 18:38:28.216 | INFO     | DAHNet_train:train:111 - [iter:11/50][iter_time:230.88]
2024-09-08 18:42:16.196 | INFO     | DAHNet_train:train:103 - [epoch:1/1][cnn_loss:3.889087][hash_loss:3.166364][quan_loss:0.121554][cls_loss:0.601170]
2024-09-08 18:42:16.206 | INFO     | DAHNet_train:train:111 - [iter:12/50][iter_time:227.99]
2024-09-08 18:45:58.844 | INFO     | DAHNet_train:train:103 - [epoch:1/1][cnn_loss:3.849331][hash_loss:3.154998][quan_loss:0.120712][cls_loss:0.573621]
2024-09-08 18:45:58.853 | INFO     | DAHNet_train:train:111 - [iter:13/50][iter_time:222.65]
2024-09-08 18:49:36.694 | INFO     | DAHNet_train:train:103 - [epoch:1/1][cnn_loss:3.823418][hash_loss:3.148933][quan_loss:0.120384][cls_loss:0.554101]
2024-09-08 18:49:36.703 | INFO     | DAHNet_train:train:111 - [iter:14/50][iter_time:217.85]
2024-09-08 18:53:15.811 | INFO     | DAHNet_train:train:103 - [epoch:1/1][cnn_loss:3.792211][hash_loss:3.138197][quan_loss:0.119779][cls_loss:0.534235]
2024-09-08 18:53:15.820 | INFO     | DAHNet_train:train:111 - [iter:15/50][iter_time:219.12]
2024-09-08 19:01:41.619 | INFO     | DAHNet_train:train:189 - [iter:15/50][code_length:32][mAP:0.84927][mAP_all:0.84750][best_mAP:0.84927]
2024-09-08 19:01:41.619 | INFO     | DAHNet_train:train:190 - [iter:15/50][code_length:32][zs_mAP:0.60450][zs_mAP_all:0.32287]
2024-09-08 19:05:35.242 | INFO     | DAHNet_train:train:103 - [epoch:1/1][cnn_loss:3.746025][hash_loss:3.126063][quan_loss:0.118852][cls_loss:0.501110]
2024-09-08 19:05:35.253 | INFO     | DAHNet_train:train:111 - [iter:16/50][iter_time:233.63]
2024-09-08 19:09:23.219 | INFO     | DAHNet_train:train:103 - [epoch:1/1][cnn_loss:3.757799][hash_loss:3.129037][quan_loss:0.119079][cls_loss:0.509682]
2024-09-08 19:09:23.234 | INFO     | DAHNet_train:train:111 - [iter:17/50][iter_time:227.98]
2024-09-08 19:12:38.493 | INFO     | DAHNet_train:train:103 - [epoch:1/1][cnn_loss:3.708444][hash_loss:3.113126][quan_loss:0.118054][cls_loss:0.477264]
2024-09-08 19:12:38.502 | INFO     | DAHNet_train:train:111 - [iter:18/50][iter_time:195.27]
2024-09-08 19:15:27.319 | INFO     | DAHNet_train:train:103 - [epoch:1/1][cnn_loss:3.688578][hash_loss:3.107292][quan_loss:0.117558][cls_loss:0.463728]
2024-09-08 19:15:27.328 | INFO     | DAHNet_train:train:111 - [iter:19/50][iter_time:168.83]
2024-09-08 19:19:05.491 | INFO     | DAHNet_train:train:103 - [epoch:1/1][cnn_loss:3.660511][hash_loss:3.101815][quan_loss:0.117266][cls_loss:0.441430]
2024-09-08 19:19:05.500 | INFO     | DAHNet_train:train:111 - [iter:20/50][iter_time:218.17]
2024-09-08 19:27:27.662 | INFO     | DAHNet_train:train:189 - [iter:20/50][code_length:32][mAP:0.85473][mAP_all:0.85282][best_mAP:0.85473]
2024-09-08 19:27:27.663 | INFO     | DAHNet_train:train:190 - [iter:20/50][code_length:32][zs_mAP:0.60255][zs_mAP_all:0.34607]
2024-09-08 19:31:20.051 | INFO     | DAHNet_train:train:103 - [epoch:1/1][cnn_loss:3.649017][hash_loss:3.096254][quan_loss:0.116847][cls_loss:0.435915]
2024-09-08 19:31:20.060 | INFO     | DAHNet_train:train:111 - [iter:21/50][iter_time:232.40]
2024-09-08 19:35:05.168 | INFO     | DAHNet_train:train:103 - [epoch:1/1][cnn_loss:3.621596][hash_loss:3.087767][quan_loss:0.116286][cls_loss:0.417543]
2024-09-08 19:35:05.177 | INFO     | DAHNet_train:train:111 - [iter:22/50][iter_time:225.12]
2024-09-08 19:38:50.464 | INFO     | DAHNet_train:train:103 - [epoch:1/1][cnn_loss:3.606261][hash_loss:3.082416][quan_loss:0.115926][cls_loss:0.407919]
2024-09-08 19:38:50.474 | INFO     | DAHNet_train:train:111 - [iter:23/50][iter_time:225.30]
2024-09-08 19:42:36.788 | INFO     | DAHNet_train:train:103 - [epoch:1/1][cnn_loss:3.616001][hash_loss:3.081983][quan_loss:0.115853][cls_loss:0.418166]
2024-09-08 19:42:36.797 | INFO     | DAHNet_train:train:111 - [iter:24/50][iter_time:226.32]
2024-09-08 19:46:18.223 | INFO     | DAHNet_train:train:103 - [epoch:1/1][cnn_loss:3.577810][hash_loss:3.070969][quan_loss:0.115240][cls_loss:0.391602]
2024-09-08 19:46:18.234 | INFO     | DAHNet_train:train:111 - [iter:25/50][iter_time:221.44]
2024-09-08 19:54:38.201 | INFO     | DAHNet_train:train:189 - [iter:25/50][code_length:32][mAP:0.85675][mAP_all:0.85512][best_mAP:0.85675]
2024-09-08 19:54:38.202 | INFO     | DAHNet_train:train:190 - [iter:25/50][code_length:32][zs_mAP:0.60666][zs_mAP_all:0.36103]
2024-09-08 19:58:30.036 | INFO     | DAHNet_train:train:103 - [epoch:1/1][cnn_loss:3.568591][hash_loss:3.068704][quan_loss:0.115024][cls_loss:0.384863]
2024-09-08 19:58:30.046 | INFO     | DAHNet_train:train:111 - [iter:26/50][iter_time:231.84]
2024-09-08 20:02:14.669 | INFO     | DAHNet_train:train:103 - [epoch:1/1][cnn_loss:3.560864][hash_loss:3.063796][quan_loss:0.114605][cls_loss:0.382463]
2024-09-08 20:02:14.679 | INFO     | DAHNet_train:train:111 - [iter:27/50][iter_time:224.63]
2024-09-08 20:05:49.755 | INFO     | DAHNet_train:train:103 - [epoch:1/1][cnn_loss:3.525014][hash_loss:3.055060][quan_loss:0.113990][cls_loss:0.355963]
2024-09-08 20:05:49.764 | INFO     | DAHNet_train:train:111 - [iter:28/50][iter_time:215.09]
2024-09-08 20:08:37.458 | INFO     | DAHNet_train:train:103 - [epoch:1/1][cnn_loss:3.520531][hash_loss:3.051372][quan_loss:0.113918][cls_loss:0.355241]
2024-09-08 20:08:37.466 | INFO     | DAHNet_train:train:111 - [iter:29/50][iter_time:167.70]
2024-09-08 20:12:08.272 | INFO     | DAHNet_train:train:103 - [epoch:1/1][cnn_loss:3.531084][hash_loss:3.052749][quan_loss:0.114001][cls_loss:0.364334]
2024-09-08 20:12:08.281 | INFO     | DAHNet_train:train:111 - [iter:30/50][iter_time:210.81]
2024-09-08 20:20:25.900 | INFO     | DAHNet_train:train:189 - [iter:30/50][code_length:32][mAP:0.85674][mAP_all:0.85474][best_mAP:0.85675]
2024-09-08 20:20:25.901 | INFO     | DAHNet_train:train:190 - [iter:30/50][code_length:32][zs_mAP:0.57028][zs_mAP_all:0.31631]
2024-09-08 20:24:15.494 | INFO     | DAHNet_train:train:103 - [epoch:1/1][cnn_loss:3.520788][hash_loss:3.051184][quan_loss:0.113823][cls_loss:0.355781]
2024-09-08 20:24:15.503 | INFO     | DAHNet_train:train:111 - [iter:31/50][iter_time:229.60]
2024-09-08 20:28:05.466 | INFO     | DAHNet_train:train:103 - [epoch:1/1][cnn_loss:3.496678][hash_loss:3.042314][quan_loss:0.113240][cls_loss:0.341125]
2024-09-08 20:28:05.476 | INFO     | DAHNet_train:train:111 - [iter:32/50][iter_time:229.97]
2024-09-08 20:31:44.971 | INFO     | DAHNet_train:train:103 - [epoch:1/1][cnn_loss:3.493631][hash_loss:3.040673][quan_loss:0.113035][cls_loss:0.339923]
2024-09-08 20:31:44.980 | INFO     | DAHNet_train:train:111 - [iter:33/50][iter_time:219.50]
2024-09-08 20:35:29.711 | INFO     | DAHNet_train:train:103 - [epoch:1/1][cnn_loss:3.494220][hash_loss:3.038836][quan_loss:0.113066][cls_loss:0.342318]
2024-09-08 20:35:29.720 | INFO     | DAHNet_train:train:111 - [iter:34/50][iter_time:224.74]
2024-09-08 20:39:15.211 | INFO     | DAHNet_train:train:103 - [epoch:1/1][cnn_loss:3.464160][hash_loss:3.030005][quan_loss:0.112333][cls_loss:0.321823]
2024-09-08 20:39:15.220 | INFO     | DAHNet_train:train:111 - [iter:35/50][iter_time:225.50]
2024-09-08 20:47:37.993 | INFO     | DAHNet_train:train:189 - [iter:35/50][code_length:32][mAP:0.85775][mAP_all:0.85575][best_mAP:0.85775]
2024-09-08 20:47:37.994 | INFO     | DAHNet_train:train:190 - [iter:35/50][code_length:32][zs_mAP:0.56947][zs_mAP_all:0.33052]
2024-09-08 20:51:28.134 | INFO     | DAHNet_train:train:103 - [epoch:1/1][cnn_loss:3.470386][hash_loss:3.030041][quan_loss:0.112434][cls_loss:0.327911]
2024-09-08 20:51:28.143 | INFO     | DAHNet_train:train:111 - [iter:36/50][iter_time:230.15]
2024-09-08 20:55:13.795 | INFO     | DAHNet_train:train:103 - [epoch:1/1][cnn_loss:3.449323][hash_loss:3.025843][quan_loss:0.112085][cls_loss:0.311395]
2024-09-08 20:55:13.803 | INFO     | DAHNet_train:train:111 - [iter:37/50][iter_time:225.66]
2024-09-08 20:58:50.825 | INFO     | DAHNet_train:train:103 - [epoch:1/1][cnn_loss:3.466189][hash_loss:3.027280][quan_loss:0.112229][cls_loss:0.326680]
2024-09-08 20:58:50.834 | INFO     | DAHNet_train:train:111 - [iter:38/50][iter_time:217.03]
2024-09-08 21:13:11.669 | INFO     | DAHNet_train:train:103 - [epoch:1/1][cnn_loss:3.440202][hash_loss:3.019944][quan_loss:0.111713][cls_loss:0.308544]
2024-09-08 21:13:11.701 | INFO     | DAHNet_train:train:111 - [iter:39/50][iter_time:860.87]
2024-09-08 21:36:48.595 | INFO     | DAHNet_train:train:103 - [epoch:1/1][cnn_loss:3.450106][hash_loss:3.024216][quan_loss:0.112024][cls_loss:0.313866]
2024-09-08 21:36:48.632 | INFO     | DAHNet_train:train:111 - [iter:40/50][iter_time:1416.93]
2024-09-08 21:46:42.827 | INFO     | DAHNet_train:train:189 - [iter:40/50][code_length:32][mAP:0.85635][mAP_all:0.85414][best_mAP:0.85775]
2024-09-08 21:46:42.827 | INFO     | DAHNet_train:train:190 - [iter:40/50][code_length:32][zs_mAP:0.55941][zs_mAP_all:0.29630]
2024-09-08 22:10:31.429 | INFO     | DAHNet_train:train:103 - [epoch:1/1][cnn_loss:3.427451][hash_loss:3.013400][quan_loss:0.111178][cls_loss:0.302873]
2024-09-08 22:10:31.450 | INFO     | DAHNet_train:train:111 - [iter:41/50][iter_time:1428.62]
2024-09-08 22:33:35.205 | INFO     | DAHNet_train:train:103 - [epoch:1/1][cnn_loss:3.445473][hash_loss:3.019504][quan_loss:0.111807][cls_loss:0.314162]
2024-09-08 22:33:35.221 | INFO     | DAHNet_train:train:111 - [iter:42/50][iter_time:1383.77]
2024-09-08 22:56:25.401 | INFO     | DAHNet_train:train:103 - [epoch:1/1][cnn_loss:3.417498][hash_loss:3.009735][quan_loss:0.110988][cls_loss:0.296775]
2024-09-08 22:56:25.426 | INFO     | DAHNet_train:train:111 - [iter:43/50][iter_time:1370.21]
2024-09-08 23:20:09.346 | INFO     | DAHNet_train:train:103 - [epoch:1/1][cnn_loss:3.424253][hash_loss:3.011116][quan_loss:0.111187][cls_loss:0.301950]
2024-09-08 23:20:09.355 | INFO     | DAHNet_train:train:111 - [iter:44/50][iter_time:1423.93]
2024-09-08 23:43:21.908 | INFO     | DAHNet_train:train:103 - [epoch:1/1][cnn_loss:3.390483][hash_loss:3.002254][quan_loss:0.110558][cls_loss:0.277672]
2024-09-08 23:43:21.935 | INFO     | DAHNet_train:train:111 - [iter:45/50][iter_time:1392.58]
2024-09-08 23:53:05.916 | INFO     | DAHNet_train:train:189 - [iter:45/50][code_length:32][mAP:0.85482][mAP_all:0.85301][best_mAP:0.85775]
2024-09-08 23:53:05.917 | INFO     | DAHNet_train:train:190 - [iter:45/50][code_length:32][zs_mAP:0.57432][zs_mAP_all:0.28916]
2024-09-09 00:15:48.011 | INFO     | DAHNet_train:train:103 - [epoch:1/1][cnn_loss:3.383721][hash_loss:2.984561][quan_loss:0.109978][cls_loss:0.289183]
2024-09-09 00:15:48.037 | INFO     | DAHNet_train:train:111 - [iter:46/50][iter_time:1362.12]
2024-09-09 00:25:32.702 | INFO     | DAHNet_train:train:189 - [iter:46/50][code_length:32][mAP:0.85901][mAP_all:0.85694][best_mAP:0.85901]
2024-09-09 00:25:32.703 | INFO     | DAHNet_train:train:190 - [iter:46/50][code_length:32][zs_mAP:0.57441][zs_mAP_all:0.32885]
2024-09-09 00:47:43.607 | INFO     | DAHNet_train:train:103 - [epoch:1/1][cnn_loss:3.371532][hash_loss:2.982609][quan_loss:0.110034][cls_loss:0.278889]
2024-09-09 00:47:43.624 | INFO     | DAHNet_train:train:111 - [iter:47/50][iter_time:1330.92]
2024-09-09 00:57:15.211 | INFO     | DAHNet_train:train:189 - [iter:47/50][code_length:32][mAP:0.86246][mAP_all:0.86007][best_mAP:0.86246]
2024-09-09 00:57:15.212 | INFO     | DAHNet_train:train:190 - [iter:47/50][code_length:32][zs_mAP:0.54003][zs_mAP_all:0.31763]
2024-09-09 01:19:56.457 | INFO     | DAHNet_train:train:103 - [epoch:1/1][cnn_loss:3.347549][hash_loss:2.973873][quan_loss:0.109373][cls_loss:0.264302]
2024-09-09 01:19:56.475 | INFO     | DAHNet_train:train:111 - [iter:48/50][iter_time:1361.26]
2024-09-09 01:30:20.309 | INFO     | DAHNet_train:train:189 - [iter:48/50][code_length:32][mAP:0.86212][mAP_all:0.86017][best_mAP:0.86246]
2024-09-09 01:30:20.310 | INFO     | DAHNet_train:train:190 - [iter:48/50][code_length:32][zs_mAP:0.57403][zs_mAP_all:0.31561]
2024-09-09 01:53:10.738 | INFO     | DAHNet_train:train:103 - [epoch:1/1][cnn_loss:3.346562][hash_loss:2.970598][quan_loss:0.109024][cls_loss:0.266939]
2024-09-09 01:53:10.749 | INFO     | DAHNet_train:train:111 - [iter:49/50][iter_time:1370.44]
2024-09-09 02:02:34.249 | INFO     | DAHNet_train:train:189 - [iter:49/50][code_length:32][mAP:0.86349][mAP_all:0.86110][best_mAP:0.86349]
2024-09-09 02:02:34.250 | INFO     | DAHNet_train:train:190 - [iter:49/50][code_length:32][zs_mAP:0.56903][zs_mAP_all:0.32708]
2024-09-09 02:23:28.188 | INFO     | DAHNet_train:train:103 - [epoch:1/1][cnn_loss:3.348087][hash_loss:2.972479][quan_loss:0.109433][cls_loss:0.266175]
2024-09-09 02:23:28.209 | INFO     | DAHNet_train:train:111 - [iter:50/50][iter_time:1253.96]
2024-09-09 02:33:48.942 | INFO     | DAHNet_train:train:189 - [iter:50/50][code_length:32][mAP:0.86422][mAP_all:0.86221][best_mAP:0.86422]
2024-09-09 02:33:48.943 | INFO     | DAHNet_train:train:190 - [iter:50/50][code_length:32][zs_mAP:0.54800][zs_mAP_all:0.30004]
2024-09-09 02:33:48.943 | INFO     | DAHNet_train:train:192 - [Training time:31912.16]
2024-09-09 02:33:48.963 | INFO     | __main__:run:138 - [code_length:32][map:0.8642][map_all:0.8622][zs_map:0.5480][zs_map_all:0.3000]
2024-09-09 02:38:10.436 | INFO     | DAHNet_train:train:103 - [epoch:1/1][cnn_loss:12.576128][hash_loss:8.361601][quan_loss:0.197118][cls_loss:4.017409]
2024-09-09 02:38:10.450 | INFO     | DAHNet_train:train:111 - [iter:1/50][iter_time:258.86]
2024-09-09 02:41:40.374 | INFO     | DAHNet_train:train:103 - [epoch:1/1][cnn_loss:9.744213][hash_loss:6.928483][quan_loss:0.154153][cls_loss:2.661577]
2024-09-09 02:41:40.388 | INFO     | DAHNet_train:train:111 - [iter:2/50][iter_time:209.94]
2024-09-09 02:45:00.224 | INFO     | DAHNet_train:train:103 - [epoch:1/1][cnn_loss:7.835057][hash_loss:5.966420][quan_loss:0.125078][cls_loss:1.743559]
2024-09-09 02:45:00.237 | INFO     | DAHNet_train:train:111 - [iter:3/50][iter_time:199.85]
2024-09-09 02:48:24.599 | INFO     | DAHNet_train:train:103 - [epoch:1/1][cnn_loss:6.943019][hash_loss:5.520808][quan_loss:0.113960][cls_loss:1.308252]
2024-09-09 02:48:24.611 | INFO     | DAHNet_train:train:111 - [iter:4/50][iter_time:204.37]
2024-09-09 02:51:56.139 | INFO     | DAHNet_train:train:103 - [epoch:1/1][cnn_loss:6.395371][hash_loss:5.223752][quan_loss:0.107367][cls_loss:1.064252]
2024-09-09 02:51:56.151 | INFO     | DAHNet_train:train:111 - [iter:5/50][iter_time:211.54]
2024-09-09 02:59:35.997 | INFO     | DAHNet_train:train:189 - [iter:5/50][code_length:64][mAP:0.84891][mAP_all:0.84741][best_mAP:0.84891]
2024-09-09 02:59:35.998 | INFO     | DAHNet_train:train:190 - [iter:5/50][code_length:64][zs_mAP:0.77306][zs_mAP_all:0.54417]
2024-09-09 03:03:17.224 | INFO     | DAHNet_train:train:103 - [epoch:1/1][cnn_loss:6.057256][hash_loss:5.033584][quan_loss:0.103287][cls_loss:0.920385]
2024-09-09 03:03:17.236 | INFO     | DAHNet_train:train:111 - [iter:6/50][iter_time:221.24]
2024-09-09 03:06:42.904 | INFO     | DAHNet_train:train:103 - [epoch:1/1][cnn_loss:5.799475][hash_loss:4.887075][quan_loss:0.100024][cls_loss:0.812376]
2024-09-09 03:06:42.916 | INFO     | DAHNet_train:train:111 - [iter:7/50][iter_time:205.68]
2024-09-09 03:10:12.623 | INFO     | DAHNet_train:train:103 - [epoch:1/1][cnn_loss:5.638095][hash_loss:4.790512][quan_loss:0.098124][cls_loss:0.749459]
2024-09-09 03:10:12.635 | INFO     | DAHNet_train:train:111 - [iter:8/50][iter_time:209.72]
2024-09-09 03:13:40.432 | INFO     | DAHNet_train:train:103 - [epoch:1/1][cnn_loss:5.466766][hash_loss:4.686925][quan_loss:0.095593][cls_loss:0.684248]
2024-09-09 03:13:40.445 | INFO     | DAHNet_train:train:111 - [iter:9/50][iter_time:207.81]
2024-09-09 03:17:00.834 | INFO     | DAHNet_train:train:103 - [epoch:1/1][cnn_loss:5.382601][hash_loss:4.633421][quan_loss:0.094552][cls_loss:0.654628]
2024-09-09 03:17:00.846 | INFO     | DAHNet_train:train:111 - [iter:10/50][iter_time:200.40]
2024-09-09 03:24:37.444 | INFO     | DAHNet_train:train:189 - [iter:10/50][code_length:64][mAP:0.86702][mAP_all:0.86570][best_mAP:0.86702]
2024-09-09 03:24:37.445 | INFO     | DAHNet_train:train:190 - [iter:10/50][code_length:64][zs_mAP:0.73771][zs_mAP_all:0.48092]
2024-09-09 03:27:12.282 | INFO     | DAHNet_train:train:103 - [epoch:1/1][cnn_loss:5.279509][hash_loss:4.567849][quan_loss:0.093108][cls_loss:0.618552]
2024-09-09 03:27:12.293 | INFO     | DAHNet_train:train:111 - [iter:11/50][iter_time:154.85]
2024-09-09 03:29:47.504 | INFO     | DAHNet_train:train:103 - [epoch:1/1][cnn_loss:5.162911][hash_loss:4.492867][quan_loss:0.091206][cls_loss:0.578838]
2024-09-09 03:29:47.516 | INFO     | DAHNet_train:train:111 - [iter:12/50][iter_time:155.22]
2024-09-09 03:32:21.298 | INFO     | DAHNet_train:train:103 - [epoch:1/1][cnn_loss:5.140961][hash_loss:4.478483][quan_loss:0.091236][cls_loss:0.571242]
2024-09-09 03:32:21.310 | INFO     | DAHNet_train:train:111 - [iter:13/50][iter_time:153.79]
2024-09-09 03:35:01.941 | INFO     | DAHNet_train:train:103 - [epoch:1/1][cnn_loss:5.054692][hash_loss:4.423732][quan_loss:0.089934][cls_loss:0.541026]
2024-09-09 03:35:01.953 | INFO     | DAHNet_train:train:111 - [iter:14/50][iter_time:160.64]
2024-09-09 03:37:44.322 | INFO     | DAHNet_train:train:103 - [epoch:1/1][cnn_loss:5.015676][hash_loss:4.397450][quan_loss:0.089214][cls_loss:0.529012]
2024-09-09 03:37:44.333 | INFO     | DAHNet_train:train:111 - [iter:15/50][iter_time:162.38]
2024-09-09 03:45:13.852 | INFO     | DAHNet_train:train:189 - [iter:15/50][code_length:64][mAP:0.86576][mAP_all:0.86432][best_mAP:0.86702]
2024-09-09 03:45:13.853 | INFO     | DAHNet_train:train:190 - [iter:15/50][code_length:64][zs_mAP:0.69022][zs_mAP_all:0.44487]
2024-09-09 03:48:01.734 | INFO     | DAHNet_train:train:103 - [epoch:1/1][cnn_loss:4.961870][hash_loss:4.359428][quan_loss:0.088606][cls_loss:0.513837]
2024-09-09 03:48:01.747 | INFO     | DAHNet_train:train:111 - [iter:16/50][iter_time:167.89]
2024-09-09 03:50:41.918 | INFO     | DAHNet_train:train:103 - [epoch:1/1][cnn_loss:4.911035][hash_loss:4.325888][quan_loss:0.087781][cls_loss:0.497366]
2024-09-09 03:50:41.930 | INFO     | DAHNet_train:train:111 - [iter:17/50][iter_time:160.18]
2024-09-09 03:53:28.373 | INFO     | DAHNet_train:train:103 - [epoch:1/1][cnn_loss:4.874682][hash_loss:4.304258][quan_loss:0.087364][cls_loss:0.483059]
2024-09-09 03:53:28.384 | INFO     | DAHNet_train:train:111 - [iter:18/50][iter_time:166.45]
2024-09-09 03:56:12.145 | INFO     | DAHNet_train:train:103 - [epoch:1/1][cnn_loss:4.792465][hash_loss:4.246804][quan_loss:0.085876][cls_loss:0.459785]
2024-09-09 03:56:12.157 | INFO     | DAHNet_train:train:111 - [iter:19/50][iter_time:163.77]
2024-09-09 03:58:58.248 | INFO     | DAHNet_train:train:103 - [epoch:1/1][cnn_loss:4.785265][hash_loss:4.247475][quan_loss:0.086074][cls_loss:0.451716]
2024-09-09 03:58:58.262 | INFO     | DAHNet_train:train:111 - [iter:20/50][iter_time:166.10]
2024-09-09 04:06:26.105 | INFO     | DAHNet_train:train:189 - [iter:20/50][code_length:64][mAP:0.86825][mAP_all:0.86641][best_mAP:0.86825]
2024-09-09 04:06:26.106 | INFO     | DAHNet_train:train:190 - [iter:20/50][code_length:64][zs_mAP:0.66007][zs_mAP_all:0.40311]
2024-09-09 04:09:06.148 | INFO     | DAHNet_train:train:103 - [epoch:1/1][cnn_loss:4.730204][hash_loss:4.210107][quan_loss:0.085168][cls_loss:0.434929]
2024-09-09 04:09:06.160 | INFO     | DAHNet_train:train:111 - [iter:21/50][iter_time:160.05]
2024-09-09 04:11:48.947 | INFO     | DAHNet_train:train:103 - [epoch:1/1][cnn_loss:4.743231][hash_loss:4.213242][quan_loss:0.085263][cls_loss:0.444726]
2024-09-09 04:11:48.959 | INFO     | DAHNet_train:train:111 - [iter:22/50][iter_time:162.80]
2024-09-09 04:14:34.961 | INFO     | DAHNet_train:train:103 - [epoch:1/1][cnn_loss:4.681251][hash_loss:4.174280][quan_loss:0.084205][cls_loss:0.422766]
2024-09-09 04:14:34.974 | INFO     | DAHNet_train:train:111 - [iter:23/50][iter_time:166.01]
2024-09-09 04:17:14.076 | INFO     | DAHNet_train:train:103 - [epoch:1/1][cnn_loss:4.658268][hash_loss:4.155150][quan_loss:0.083848][cls_loss:0.419269]
2024-09-09 04:17:14.088 | INFO     | DAHNet_train:train:111 - [iter:24/50][iter_time:159.11]
2024-09-09 04:19:54.143 | INFO     | DAHNet_train:train:103 - [epoch:1/1][cnn_loss:4.589585][hash_loss:4.108656][quan_loss:0.082708][cls_loss:0.398221]
2024-09-09 04:19:54.155 | INFO     | DAHNet_train:train:111 - [iter:25/50][iter_time:160.07]
2024-09-09 04:27:23.780 | INFO     | DAHNet_train:train:189 - [iter:25/50][code_length:64][mAP:0.86309][mAP_all:0.86143][best_mAP:0.86825]
2024-09-09 04:27:23.781 | INFO     | DAHNet_train:train:190 - [iter:25/50][code_length:64][zs_mAP:0.65182][zs_mAP_all:0.37133]
2024-09-09 04:30:06.224 | INFO     | DAHNet_train:train:103 - [epoch:1/1][cnn_loss:4.570313][hash_loss:4.095067][quan_loss:0.082339][cls_loss:0.392907]
2024-09-09 04:30:06.237 | INFO     | DAHNet_train:train:111 - [iter:26/50][iter_time:162.46]
2024-09-09 04:32:48.730 | INFO     | DAHNet_train:train:103 - [epoch:1/1][cnn_loss:4.551125][hash_loss:4.082648][quan_loss:0.082070][cls_loss:0.386406]
2024-09-09 04:32:48.742 | INFO     | DAHNet_train:train:111 - [iter:27/50][iter_time:162.50]
2024-09-09 04:35:27.675 | INFO     | DAHNet_train:train:103 - [epoch:1/1][cnn_loss:4.577813][hash_loss:4.095948][quan_loss:0.082625][cls_loss:0.399240]
2024-09-09 04:35:27.687 | INFO     | DAHNet_train:train:111 - [iter:28/50][iter_time:158.95]
2024-09-09 04:38:08.176 | INFO     | DAHNet_train:train:103 - [epoch:1/1][cnn_loss:4.546456][hash_loss:4.074761][quan_loss:0.082026][cls_loss:0.389669]
2024-09-09 04:38:08.188 | INFO     | DAHNet_train:train:111 - [iter:29/50][iter_time:160.50]
2024-09-09 04:40:50.780 | INFO     | DAHNet_train:train:103 - [epoch:1/1][cnn_loss:4.515210][hash_loss:4.055801][quan_loss:0.081570][cls_loss:0.377840]
2024-09-09 04:40:50.792 | INFO     | DAHNet_train:train:111 - [iter:30/50][iter_time:162.60]
2024-09-09 04:48:19.348 | INFO     | DAHNet_train:train:189 - [iter:30/50][code_length:64][mAP:0.86313][mAP_all:0.86112][best_mAP:0.86825]
2024-09-09 04:48:19.348 | INFO     | DAHNet_train:train:190 - [iter:30/50][code_length:64][zs_mAP:0.62964][zs_mAP_all:0.32697]
2024-09-09 04:51:01.436 | INFO     | DAHNet_train:train:103 - [epoch:1/1][cnn_loss:4.500315][hash_loss:4.042767][quan_loss:0.081334][cls_loss:0.376214]
2024-09-09 04:51:01.448 | INFO     | DAHNet_train:train:111 - [iter:31/50][iter_time:162.10]
2024-09-09 04:53:39.166 | INFO     | DAHNet_train:train:103 - [epoch:1/1][cnn_loss:4.472474][hash_loss:4.020803][quan_loss:0.080726][cls_loss:0.370945]
2024-09-09 04:53:39.177 | INFO     | DAHNet_train:train:111 - [iter:32/50][iter_time:157.73]
2024-09-09 04:56:20.669 | INFO     | DAHNet_train:train:103 - [epoch:1/1][cnn_loss:4.473583][hash_loss:4.020216][quan_loss:0.080898][cls_loss:0.372469]
2024-09-09 04:56:20.681 | INFO     | DAHNet_train:train:111 - [iter:33/50][iter_time:161.50]
2024-09-09 04:59:01.133 | INFO     | DAHNet_train:train:103 - [epoch:1/1][cnn_loss:4.421270][hash_loss:3.985832][quan_loss:0.079906][cls_loss:0.355532]
2024-09-09 04:59:01.145 | INFO     | DAHNet_train:train:111 - [iter:34/50][iter_time:160.46]
2024-09-09 05:01:42.096 | INFO     | DAHNet_train:train:103 - [epoch:1/1][cnn_loss:4.421488][hash_loss:3.984329][quan_loss:0.080003][cls_loss:0.357156]
2024-09-09 05:01:42.122 | INFO     | DAHNet_train:train:111 - [iter:35/50][iter_time:160.98]
2024-09-09 05:09:12.206 | INFO     | DAHNet_train:train:189 - [iter:35/50][code_length:64][mAP:0.86060][mAP_all:0.85859][best_mAP:0.86825]
2024-09-09 05:09:12.207 | INFO     | DAHNet_train:train:190 - [iter:35/50][code_length:64][zs_mAP:0.61260][zs_mAP_all:0.31699]
2024-09-09 05:11:51.986 | INFO     | DAHNet_train:train:103 - [epoch:1/1][cnn_loss:4.430384][hash_loss:3.991175][quan_loss:0.080201][cls_loss:0.359008]
2024-09-09 05:11:51.999 | INFO     | DAHNet_train:train:111 - [iter:36/50][iter_time:159.79]
2024-09-09 05:14:34.564 | INFO     | DAHNet_train:train:103 - [epoch:1/1][cnn_loss:4.410818][hash_loss:3.979572][quan_loss:0.079892][cls_loss:0.351354]
2024-09-09 05:14:34.576 | INFO     | DAHNet_train:train:111 - [iter:37/50][iter_time:162.58]
2024-09-09 05:17:13.765 | INFO     | DAHNet_train:train:103 - [epoch:1/1][cnn_loss:4.369267][hash_loss:3.949857][quan_loss:0.079155][cls_loss:0.340255]
2024-09-09 05:17:13.778 | INFO     | DAHNet_train:train:111 - [iter:38/50][iter_time:159.20]
2024-09-09 05:19:54.652 | INFO     | DAHNet_train:train:103 - [epoch:1/1][cnn_loss:4.338631][hash_loss:3.931018][quan_loss:0.078708][cls_loss:0.328904]
2024-09-09 05:19:54.664 | INFO     | DAHNet_train:train:111 - [iter:39/50][iter_time:160.89]
2024-09-09 05:22:32.554 | INFO     | DAHNet_train:train:103 - [epoch:1/1][cnn_loss:4.317396][hash_loss:3.916723][quan_loss:0.078265][cls_loss:0.322408]
2024-09-09 05:22:32.566 | INFO     | DAHNet_train:train:111 - [iter:40/50][iter_time:157.90]
2024-09-09 05:29:52.910 | INFO     | DAHNet_train:train:189 - [iter:40/50][code_length:64][mAP:0.85740][mAP_all:0.85493][best_mAP:0.86825]
2024-09-09 05:29:52.910 | INFO     | DAHNet_train:train:190 - [iter:40/50][code_length:64][zs_mAP:0.61179][zs_mAP_all:0.33545]
2024-09-09 05:32:41.774 | INFO     | DAHNet_train:train:103 - [epoch:1/1][cnn_loss:4.357576][hash_loss:3.934452][quan_loss:0.078927][cls_loss:0.344197]
2024-09-09 05:32:41.788 | INFO     | DAHNet_train:train:111 - [iter:41/50][iter_time:168.88]
2024-09-09 05:35:20.016 | INFO     | DAHNet_train:train:103 - [epoch:1/1][cnn_loss:4.298599][hash_loss:3.902430][quan_loss:0.078067][cls_loss:0.318101]
2024-09-09 05:35:20.030 | INFO     | DAHNet_train:train:111 - [iter:42/50][iter_time:158.24]
2024-09-09 05:38:00.564 | INFO     | DAHNet_train:train:103 - [epoch:1/1][cnn_loss:4.312721][hash_loss:3.905700][quan_loss:0.078153][cls_loss:0.328868]
2024-09-09 05:38:00.576 | INFO     | DAHNet_train:train:111 - [iter:43/50][iter_time:160.55]
2024-09-09 05:40:40.364 | INFO     | DAHNet_train:train:103 - [epoch:1/1][cnn_loss:4.321729][hash_loss:3.913836][quan_loss:0.078407][cls_loss:0.329486]
2024-09-09 05:40:40.376 | INFO     | DAHNet_train:train:111 - [iter:44/50][iter_time:159.80]
2024-09-09 05:43:18.930 | INFO     | DAHNet_train:train:103 - [epoch:1/1][cnn_loss:4.311085][hash_loss:3.904099][quan_loss:0.078210][cls_loss:0.328776]
2024-09-09 05:43:18.942 | INFO     | DAHNet_train:train:111 - [iter:45/50][iter_time:158.57]
2024-09-09 05:50:52.619 | INFO     | DAHNet_train:train:189 - [iter:45/50][code_length:64][mAP:0.85946][mAP_all:0.85750][best_mAP:0.86825]
2024-09-09 05:50:52.620 | INFO     | DAHNet_train:train:190 - [iter:45/50][code_length:64][zs_mAP:0.60533][zs_mAP_all:0.31138]
2024-09-09 05:53:35.899 | INFO     | DAHNet_train:train:103 - [epoch:1/1][cnn_loss:4.137969][hash_loss:3.783613][quan_loss:0.075146][cls_loss:0.279210]
2024-09-09 05:53:35.913 | INFO     | DAHNet_train:train:111 - [iter:46/50][iter_time:163.29]
2024-09-09 06:01:09.503 | INFO     | DAHNet_train:train:189 - [iter:46/50][code_length:64][mAP:0.86262][mAP_all:0.86074][best_mAP:0.86825]
2024-09-09 06:01:09.504 | INFO     | DAHNet_train:train:190 - [iter:46/50][code_length:64][zs_mAP:0.61619][zs_mAP_all:0.30009]
2024-09-09 06:03:48.942 | INFO     | DAHNet_train:train:103 - [epoch:1/1][cnn_loss:4.128701][hash_loss:3.775043][quan_loss:0.075012][cls_loss:0.278646]
2024-09-09 06:03:48.954 | INFO     | DAHNet_train:train:111 - [iter:47/50][iter_time:159.45]
2024-09-09 06:11:20.595 | INFO     | DAHNet_train:train:189 - [iter:47/50][code_length:64][mAP:0.86431][mAP_all:0.86240][best_mAP:0.86825]
2024-09-09 06:11:20.596 | INFO     | DAHNet_train:train:190 - [iter:47/50][code_length:64][zs_mAP:0.60470][zs_mAP_all:0.32796]
2024-09-09 06:14:00.460 | INFO     | DAHNet_train:train:103 - [epoch:1/1][cnn_loss:4.125135][hash_loss:3.769061][quan_loss:0.075009][cls_loss:0.281065]
2024-09-09 06:14:00.472 | INFO     | DAHNet_train:train:111 - [iter:48/50][iter_time:159.88]
2024-09-09 06:21:30.314 | INFO     | DAHNet_train:train:189 - [iter:48/50][code_length:64][mAP:0.86193][mAP_all:0.86014][best_mAP:0.86825]
2024-09-09 06:21:30.315 | INFO     | DAHNet_train:train:190 - [iter:48/50][code_length:64][zs_mAP:0.59857][zs_mAP_all:0.30357]
2024-09-09 06:24:13.867 | INFO     | DAHNet_train:train:103 - [epoch:1/1][cnn_loss:4.064414][hash_loss:3.731937][quan_loss:0.073956][cls_loss:0.258521]
2024-09-09 06:24:13.880 | INFO     | DAHNet_train:train:111 - [iter:49/50][iter_time:163.56]
2024-09-09 06:31:45.978 | INFO     | DAHNet_train:train:189 - [iter:49/50][code_length:64][mAP:0.86451][mAP_all:0.86255][best_mAP:0.86825]
2024-09-09 06:31:45.978 | INFO     | DAHNet_train:train:190 - [iter:49/50][code_length:64][zs_mAP:0.59721][zs_mAP_all:0.28232]
2024-09-09 06:34:29.530 | INFO     | DAHNet_train:train:103 - [epoch:1/1][cnn_loss:4.061071][hash_loss:3.727456][quan_loss:0.073833][cls_loss:0.259781]
2024-09-09 06:34:29.541 | INFO     | DAHNet_train:train:111 - [iter:50/50][iter_time:163.56]
2024-09-09 06:41:57.315 | INFO     | DAHNet_train:train:189 - [iter:50/50][code_length:64][mAP:0.86438][mAP_all:0.86238][best_mAP:0.86825]
2024-09-09 06:41:57.316 | INFO     | DAHNet_train:train:190 - [iter:50/50][code_length:64][zs_mAP:0.60301][zs_mAP_all:0.29319]
2024-09-09 06:41:57.316 | INFO     | DAHNet_train:train:192 - [Training time:14885.72]
2024-09-09 06:41:57.326 | INFO     | __main__:run:138 - [code_length:64][map:0.8683][map_all:0.8664][zs_map:0.6601][zs_map_all:0.4031]
