
2024-08-22 17:45:12.650 | SUCCESS  | __main__:run:54 - Namespace(ZS=5, align_step=50, arch='ortho', batch_size=16, cauchy_gamma=20.0, code_length=[16, 32, 64], data='flickr25k', dataset='flickr25kzs', device=device(type='cuda', index=0), epoch_change=11, flag='ortho', gamma=200, gpu=0, info='flickr25kzs-6-32-ortho-08-22-16,32,64-tanh1', lambd=0.1, lambd_ch=0.1, lambd_sp=0.1, lr=0.0001, lr_step=[45], margin=0.1, max_epoch=3, max_iter=50, momen=0.9, nesterov=False, net='ResNet50', num_classes=32, num_query=1000, num_samples=2000, num_workers=2, num_zs=6, optim='SGD', pretrain=True, quan_loss=False, root='/4T/dataset/flickr25k', save_ckpt='checkpoints/', topk=5000, val_freq=5, wd=0.0005)
2024-08-22 17:45:42.719 | INFO     | ortho:train:225 - [epoch:1/3][loss:5.054697]
2024-08-22 17:46:09.882 | INFO     | ortho:train:225 - [epoch:2/3][loss:4.218266]
2024-08-22 17:46:35.875 | INFO     | ortho:train:225 - [epoch:3/3][loss:4.020473]
2024-08-22 17:46:35.875 | INFO     | ortho:train:228 - [iter:1/50][iter_time:80.42]
2024-08-22 17:47:03.584 | INFO     | ortho:train:225 - [epoch:1/3][loss:4.102533]
2024-08-22 17:47:32.507 | INFO     | ortho:train:225 - [epoch:2/3][loss:3.933847]
2024-08-22 17:47:56.423 | INFO     | ortho:train:225 - [epoch:3/3][loss:3.866773]
2024-08-22 17:47:56.424 | INFO     | ortho:train:228 - [iter:2/50][iter_time:80.55]
2024-08-22 17:48:23.804 | INFO     | ortho:train:225 - [epoch:1/3][loss:3.892135]
2024-08-22 17:48:50.756 | INFO     | ortho:train:225 - [epoch:2/3][loss:3.802485]
2024-08-22 17:49:18.654 | INFO     | ortho:train:225 - [epoch:3/3][loss:3.719405]
2024-08-22 17:49:18.655 | INFO     | ortho:train:228 - [iter:3/50][iter_time:82.23]
2024-08-22 17:49:47.657 | INFO     | ortho:train:225 - [epoch:1/3][loss:3.817007]
2024-08-22 17:50:17.466 | INFO     | ortho:train:225 - [epoch:2/3][loss:3.737237]
2024-08-22 17:50:47.290 | INFO     | ortho:train:225 - [epoch:3/3][loss:3.658453]
2024-08-22 17:50:47.291 | INFO     | ortho:train:228 - [iter:4/50][iter_time:88.64]
2024-08-22 17:51:16.125 | INFO     | ortho:train:225 - [epoch:1/3][loss:3.733498]
2024-08-22 17:51:43.152 | INFO     | ortho:train:225 - [epoch:2/3][loss:3.654329]
2024-08-22 17:52:09.232 | INFO     | ortho:train:225 - [epoch:3/3][loss:3.596818]
2024-08-22 17:52:09.233 | INFO     | ortho:train:228 - [iter:5/50][iter_time:81.94]
2024-08-22 17:53:35.330 | INFO     | ortho:train:299 - [iter:5/50][code_length:16][mAP:0.84023][mAP_all:0.86283][best_mAP:0.84023]
2024-08-22 17:53:35.331 | INFO     | ortho:train:300 - [iter:5/50][code_length:16][zs_mAP:0.43557][zs_mAP_all:0.31291]
2024-08-22 17:54:01.048 | INFO     | ortho:train:225 - [epoch:1/3][loss:3.703796]
2024-08-22 17:54:27.249 | INFO     | ortho:train:225 - [epoch:2/3][loss:3.620472]
2024-08-22 17:54:52.103 | INFO     | ortho:train:225 - [epoch:3/3][loss:3.600930]
2024-08-22 17:54:52.103 | INFO     | ortho:train:228 - [iter:6/50][iter_time:76.77]
2024-08-22 17:55:20.174 | INFO     | ortho:train:225 - [epoch:1/3][loss:3.676267]
2024-08-22 17:55:47.285 | INFO     | ortho:train:225 - [epoch:2/3][loss:3.643172]
2024-08-22 17:56:14.488 | INFO     | ortho:train:225 - [epoch:3/3][loss:3.581268]
2024-08-22 17:56:14.489 | INFO     | ortho:train:228 - [iter:7/50][iter_time:82.39]
2024-08-22 17:56:40.568 | INFO     | ortho:train:225 - [epoch:1/3][loss:3.580265]
2024-08-22 17:57:07.610 | INFO     | ortho:train:225 - [epoch:2/3][loss:3.524333]
2024-08-22 17:57:34.731 | INFO     | ortho:train:225 - [epoch:3/3][loss:3.506559]
2024-08-22 17:57:34.732 | INFO     | ortho:train:228 - [iter:8/50][iter_time:80.24]
2024-08-22 17:58:01.882 | INFO     | ortho:train:225 - [epoch:1/3][loss:3.579884]
2024-08-22 17:58:30.344 | INFO     | ortho:train:225 - [epoch:2/3][loss:3.543941]
2024-08-22 17:58:56.939 | INFO     | ortho:train:225 - [epoch:3/3][loss:3.523512]
2024-08-22 17:58:56.940 | INFO     | ortho:train:228 - [iter:9/50][iter_time:82.21]
2024-08-22 17:59:23.289 | INFO     | ortho:train:225 - [epoch:1/3][loss:3.584030]
2024-08-22 17:59:50.741 | INFO     | ortho:train:225 - [epoch:2/3][loss:3.559405]
2024-08-22 18:00:19.810 | INFO     | ortho:train:225 - [epoch:3/3][loss:3.504724]
2024-08-22 18:00:19.811 | INFO     | ortho:train:228 - [iter:10/50][iter_time:82.87]
2024-08-22 18:01:55.124 | INFO     | ortho:train:299 - [iter:10/50][code_length:16][mAP:0.85058][mAP_all:0.86831][best_mAP:0.85058]
2024-08-22 18:01:55.126 | INFO     | ortho:train:300 - [iter:10/50][code_length:16][zs_mAP:0.44231][zs_mAP_all:0.32167]
2024-08-22 18:02:21.276 | INFO     | ortho:train:225 - [epoch:1/3][loss:3.513454]
2024-08-22 18:02:49.224 | INFO     | ortho:train:225 - [epoch:2/3][loss:3.508986]
2024-08-22 18:03:17.947 | INFO     | ortho:train:225 - [epoch:3/3][loss:3.451095]
2024-08-22 18:03:17.948 | INFO     | ortho:train:228 - [iter:11/50][iter_time:82.82]
2024-08-22 18:03:46.526 | INFO     | ortho:train:225 - [epoch:1/3][loss:3.504536]
2024-08-22 18:04:12.869 | INFO     | ortho:train:225 - [epoch:2/3][loss:3.490164]
2024-08-22 18:04:40.873 | INFO     | ortho:train:225 - [epoch:3/3][loss:3.483052]
2024-08-22 18:04:40.873 | INFO     | ortho:train:228 - [iter:12/50][iter_time:82.93]
2024-08-22 18:05:07.131 | INFO     | ortho:train:225 - [epoch:1/3][loss:3.554278]
2024-08-22 18:05:35.506 | INFO     | ortho:train:225 - [epoch:2/3][loss:3.511077]
2024-08-22 18:06:04.392 | INFO     | ortho:train:225 - [epoch:3/3][loss:3.489839]
2024-08-22 18:06:04.393 | INFO     | ortho:train:228 - [iter:13/50][iter_time:83.52]
2024-08-22 18:06:31.781 | INFO     | ortho:train:225 - [epoch:1/3][loss:3.505193]
2024-08-22 18:06:58.952 | INFO     | ortho:train:225 - [epoch:2/3][loss:3.475978]
2024-08-22 18:07:26.704 | INFO     | ortho:train:225 - [epoch:3/3][loss:3.434924]
2024-08-22 18:07:26.705 | INFO     | ortho:train:228 - [iter:14/50][iter_time:82.31]
2024-08-22 18:07:53.840 | INFO     | ortho:train:225 - [epoch:1/3][loss:3.520070]
2024-08-22 18:08:21.322 | INFO     | ortho:train:225 - [epoch:2/3][loss:3.490751]
2024-08-22 18:08:48.473 | INFO     | ortho:train:225 - [epoch:3/3][loss:3.454434]
2024-08-22 18:08:48.474 | INFO     | ortho:train:228 - [iter:15/50][iter_time:81.77]
2024-08-22 18:10:13.736 | INFO     | ortho:train:299 - [iter:15/50][code_length:16][mAP:0.84235][mAP_all:0.85967][best_mAP:0.85058]
2024-08-22 18:10:13.737 | INFO     | ortho:train:300 - [iter:15/50][code_length:16][zs_mAP:0.42776][zs_mAP_all:0.31113]
2024-08-22 18:10:41.445 | INFO     | ortho:train:225 - [epoch:1/3][loss:3.499677]
2024-08-22 18:11:11.373 | INFO     | ortho:train:225 - [epoch:2/3][loss:3.473178]
2024-08-22 18:11:41.350 | INFO     | ortho:train:225 - [epoch:3/3][loss:3.419207]
2024-08-22 18:11:41.351 | INFO     | ortho:train:228 - [iter:16/50][iter_time:87.61]
2024-08-22 18:12:10.813 | INFO     | ortho:train:225 - [epoch:1/3][loss:3.426274]
2024-08-22 18:12:37.923 | INFO     | ortho:train:225 - [epoch:2/3][loss:3.399748]
2024-08-22 18:13:04.639 | INFO     | ortho:train:225 - [epoch:3/3][loss:3.377413]
2024-08-22 18:13:04.639 | INFO     | ortho:train:228 - [iter:17/50][iter_time:83.29]
2024-08-22 18:13:31.109 | INFO     | ortho:train:225 - [epoch:1/3][loss:3.489541]
2024-08-22 18:13:57.893 | INFO     | ortho:train:225 - [epoch:2/3][loss:3.426257]
2024-08-22 18:14:24.043 | INFO     | ortho:train:225 - [epoch:3/3][loss:3.411560]
2024-08-22 18:14:24.044 | INFO     | ortho:train:228 - [iter:18/50][iter_time:79.40]
2024-08-22 18:14:49.991 | INFO     | ortho:train:225 - [epoch:1/3][loss:3.455210]
2024-08-22 18:15:15.735 | INFO     | ortho:train:225 - [epoch:2/3][loss:3.434952]
2024-08-22 18:15:42.659 | INFO     | ortho:train:225 - [epoch:3/3][loss:3.394762]
2024-08-22 18:15:42.659 | INFO     | ortho:train:228 - [iter:19/50][iter_time:78.61]
2024-08-22 18:16:08.796 | INFO     | ortho:train:225 - [epoch:1/3][loss:3.465004]
2024-08-22 18:16:35.059 | INFO     | ortho:train:225 - [epoch:2/3][loss:3.421843]
2024-08-22 18:17:01.734 | INFO     | ortho:train:225 - [epoch:3/3][loss:3.403640]
2024-08-22 18:17:01.734 | INFO     | ortho:train:228 - [iter:20/50][iter_time:79.07]
2024-08-22 18:18:26.147 | INFO     | ortho:train:299 - [iter:20/50][code_length:16][mAP:0.85764][mAP_all:0.87184][best_mAP:0.85764]
2024-08-22 18:18:26.148 | INFO     | ortho:train:300 - [iter:20/50][code_length:16][zs_mAP:0.41896][zs_mAP_all:0.27671]
2024-08-22 18:18:53.753 | INFO     | ortho:train:225 - [epoch:1/3][loss:3.476142]
2024-08-22 18:19:21.176 | INFO     | ortho:train:225 - [epoch:2/3][loss:3.454165]
2024-08-22 18:19:49.513 | INFO     | ortho:train:225 - [epoch:3/3][loss:3.391189]
2024-08-22 18:19:49.514 | INFO     | ortho:train:228 - [iter:21/50][iter_time:83.37]
2024-08-22 18:20:16.785 | INFO     | ortho:train:225 - [epoch:1/3][loss:3.402607]
2024-08-22 18:20:43.884 | INFO     | ortho:train:225 - [epoch:2/3][loss:3.415450]
2024-08-22 18:21:12.344 | INFO     | ortho:train:225 - [epoch:3/3][loss:3.390073]
2024-08-22 18:21:12.345 | INFO     | ortho:train:228 - [iter:22/50][iter_time:82.83]
2024-08-22 18:21:42.065 | INFO     | ortho:train:225 - [epoch:1/3][loss:3.407680]
2024-08-22 18:22:10.723 | INFO     | ortho:train:225 - [epoch:2/3][loss:3.359325]
2024-08-22 18:22:40.096 | INFO     | ortho:train:225 - [epoch:3/3][loss:3.314782]
2024-08-22 18:22:40.098 | INFO     | ortho:train:228 - [iter:23/50][iter_time:87.75]
2024-08-22 18:23:06.587 | INFO     | ortho:train:225 - [epoch:1/3][loss:3.452739]
2024-08-22 18:23:33.370 | INFO     | ortho:train:225 - [epoch:2/3][loss:3.430962]
2024-08-22 18:24:01.376 | INFO     | ortho:train:225 - [epoch:3/3][loss:3.380176]
2024-08-22 18:24:01.376 | INFO     | ortho:train:228 - [iter:24/50][iter_time:81.28]
2024-08-22 18:24:28.980 | INFO     | ortho:train:225 - [epoch:1/3][loss:3.430816]
2024-08-22 18:24:57.095 | INFO     | ortho:train:225 - [epoch:2/3][loss:3.369457]
2024-08-22 18:25:25.728 | INFO     | ortho:train:225 - [epoch:3/3][loss:3.345025]
2024-08-22 18:25:25.729 | INFO     | ortho:train:228 - [iter:25/50][iter_time:84.35]
2024-08-22 18:26:54.125 | INFO     | ortho:train:299 - [iter:25/50][code_length:16][mAP:0.85880][mAP_all:0.87100][best_mAP:0.85880]
2024-08-22 18:26:54.125 | INFO     | ortho:train:300 - [iter:25/50][code_length:16][zs_mAP:0.41253][zs_mAP_all:0.28232]
2024-08-22 18:27:21.618 | INFO     | ortho:train:225 - [epoch:1/3][loss:3.347658]
2024-08-22 18:27:48.749 | INFO     | ortho:train:225 - [epoch:2/3][loss:3.314865]
2024-08-22 18:28:15.943 | INFO     | ortho:train:225 - [epoch:3/3][loss:3.321681]
2024-08-22 18:28:15.944 | INFO     | ortho:train:228 - [iter:26/50][iter_time:81.82]
2024-08-22 18:28:44.189 | INFO     | ortho:train:225 - [epoch:1/3][loss:3.381728]
2024-08-22 18:29:10.041 | INFO     | ortho:train:225 - [epoch:2/3][loss:3.350154]
2024-08-22 18:29:37.029 | INFO     | ortho:train:225 - [epoch:3/3][loss:3.340716]
2024-08-22 18:29:37.029 | INFO     | ortho:train:228 - [iter:27/50][iter_time:81.08]
2024-08-22 18:30:04.359 | INFO     | ortho:train:225 - [epoch:1/3][loss:3.348371]
2024-08-22 18:30:31.872 | INFO     | ortho:train:225 - [epoch:2/3][loss:3.346909]
2024-08-22 18:30:59.540 | INFO     | ortho:train:225 - [epoch:3/3][loss:3.316783]
2024-08-22 18:30:59.541 | INFO     | ortho:train:228 - [iter:28/50][iter_time:82.51]
2024-08-22 18:31:27.371 | INFO     | ortho:train:225 - [epoch:1/3][loss:3.343091]
2024-08-22 18:31:56.376 | INFO     | ortho:train:225 - [epoch:2/3][loss:3.304439]
2024-08-22 18:32:26.594 | INFO     | ortho:train:225 - [epoch:3/3][loss:3.267054]
2024-08-22 18:32:26.595 | INFO     | ortho:train:228 - [iter:29/50][iter_time:87.05]
2024-08-22 18:32:56.221 | INFO     | ortho:train:225 - [epoch:1/3][loss:3.378013]
2024-08-22 18:33:26.087 | INFO     | ortho:train:225 - [epoch:2/3][loss:3.351163]
2024-08-22 18:33:52.419 | INFO     | ortho:train:225 - [epoch:3/3][loss:3.308743]
2024-08-22 18:33:52.420 | INFO     | ortho:train:228 - [iter:30/50][iter_time:85.83]
2024-08-22 18:35:17.674 | INFO     | ortho:train:299 - [iter:30/50][code_length:16][mAP:0.86252][mAP_all:0.87356][best_mAP:0.86252]
2024-08-22 18:35:17.675 | INFO     | ortho:train:300 - [iter:30/50][code_length:16][zs_mAP:0.42123][zs_mAP_all:0.31461]
2024-08-22 18:35:43.730 | INFO     | ortho:train:225 - [epoch:1/3][loss:3.279845]
2024-08-22 18:36:08.532 | INFO     | ortho:train:225 - [epoch:2/3][loss:3.250643]
2024-08-22 18:36:36.217 | INFO     | ortho:train:225 - [epoch:3/3][loss:3.259489]
2024-08-22 18:36:36.218 | INFO     | ortho:train:228 - [iter:31/50][iter_time:78.54]
2024-08-22 18:37:03.670 | INFO     | ortho:train:225 - [epoch:1/3][loss:3.347180]
2024-08-22 18:37:29.121 | INFO     | ortho:train:225 - [epoch:2/3][loss:3.343127]
2024-08-22 18:37:56.902 | INFO     | ortho:train:225 - [epoch:3/3][loss:3.318148]
2024-08-22 18:37:56.903 | INFO     | ortho:train:228 - [iter:32/50][iter_time:80.68]
2024-08-22 18:38:23.999 | INFO     | ortho:train:225 - [epoch:1/3][loss:3.347892]
2024-08-22 18:38:50.463 | INFO     | ortho:train:225 - [epoch:2/3][loss:3.300919]
2024-08-22 18:39:15.772 | INFO     | ortho:train:225 - [epoch:3/3][loss:3.283791]
2024-08-22 18:39:15.773 | INFO     | ortho:train:228 - [iter:33/50][iter_time:78.87]
2024-08-22 18:39:42.960 | INFO     | ortho:train:225 - [epoch:1/3][loss:3.323132]
2024-08-22 18:40:11.023 | INFO     | ortho:train:225 - [epoch:2/3][loss:3.293253]
2024-08-22 18:40:34.829 | INFO     | ortho:train:225 - [epoch:3/3][loss:3.280105]
2024-08-22 18:40:34.830 | INFO     | ortho:train:228 - [iter:34/50][iter_time:79.06]
2024-08-22 18:41:02.503 | INFO     | ortho:train:225 - [epoch:1/3][loss:3.338730]
2024-08-22 18:41:31.667 | INFO     | ortho:train:225 - [epoch:2/3][loss:3.286748]
2024-08-22 18:41:58.281 | INFO     | ortho:train:225 - [epoch:3/3][loss:3.277634]
2024-08-22 18:41:58.282 | INFO     | ortho:train:228 - [iter:35/50][iter_time:83.45]
2024-08-22 18:43:35.432 | INFO     | ortho:train:299 - [iter:35/50][code_length:16][mAP:0.86338][mAP_all:0.87366][best_mAP:0.86338]
2024-08-22 18:43:35.434 | INFO     | ortho:train:300 - [iter:35/50][code_length:16][zs_mAP:0.41582][zs_mAP_all:0.29422]
2024-08-22 18:44:03.199 | INFO     | ortho:train:225 - [epoch:1/3][loss:3.307505]
2024-08-22 18:44:31.447 | INFO     | ortho:train:225 - [epoch:2/3][loss:3.298002]
2024-08-22 18:44:59.198 | INFO     | ortho:train:225 - [epoch:3/3][loss:3.244783]
2024-08-22 18:44:59.199 | INFO     | ortho:train:228 - [iter:36/50][iter_time:83.76]
2024-08-22 18:46:27.764 | INFO     | ortho:train:299 - [iter:36/50][code_length:16][mAP:0.86299][mAP_all:0.87269][best_mAP:0.86338]
2024-08-22 18:46:27.765 | INFO     | ortho:train:300 - [iter:36/50][code_length:16][zs_mAP:0.41648][zs_mAP_all:0.29846]
2024-08-22 18:46:54.142 | INFO     | ortho:train:225 - [epoch:1/3][loss:3.351805]
2024-08-22 18:47:22.840 | INFO     | ortho:train:225 - [epoch:2/3][loss:3.312693]
2024-08-22 18:47:50.947 | INFO     | ortho:train:225 - [epoch:3/3][loss:3.316234]
2024-08-22 18:47:50.948 | INFO     | ortho:train:228 - [iter:37/50][iter_time:83.18]
2024-08-22 18:49:15.641 | INFO     | ortho:train:299 - [iter:37/50][code_length:16][mAP:0.86232][mAP_all:0.87210][best_mAP:0.86338]
2024-08-22 18:49:15.642 | INFO     | ortho:train:300 - [iter:37/50][code_length:16][zs_mAP:0.41453][zs_mAP_all:0.28255]
2024-08-22 18:49:42.198 | INFO     | ortho:train:225 - [epoch:1/3][loss:3.339573]
2024-08-22 18:50:09.118 | INFO     | ortho:train:225 - [epoch:2/3][loss:3.283346]
2024-08-22 18:50:35.497 | INFO     | ortho:train:225 - [epoch:3/3][loss:3.248937]
2024-08-22 18:50:35.498 | INFO     | ortho:train:228 - [iter:38/50][iter_time:79.86]
2024-08-22 18:52:02.339 | INFO     | ortho:train:299 - [iter:38/50][code_length:16][mAP:0.86511][mAP_all:0.87737][best_mAP:0.86511]
2024-08-22 18:52:02.340 | INFO     | ortho:train:300 - [iter:38/50][code_length:16][zs_mAP:0.42165][zs_mAP_all:0.29866]
2024-08-22 18:52:28.580 | INFO     | ortho:train:225 - [epoch:1/3][loss:3.302844]
2024-08-22 18:52:58.408 | INFO     | ortho:train:225 - [epoch:2/3][loss:3.224523]
2024-08-22 18:53:28.321 | INFO     | ortho:train:225 - [epoch:3/3][loss:3.213774]
2024-08-22 18:53:28.322 | INFO     | ortho:train:228 - [iter:39/50][iter_time:85.98]
2024-08-22 18:54:54.394 | INFO     | ortho:train:299 - [iter:39/50][code_length:16][mAP:0.86355][mAP_all:0.87397][best_mAP:0.86511]
2024-08-22 18:54:54.395 | INFO     | ortho:train:300 - [iter:39/50][code_length:16][zs_mAP:0.40853][zs_mAP_all:0.27619]
2024-08-22 18:55:19.602 | INFO     | ortho:train:225 - [epoch:1/3][loss:3.342670]
2024-08-22 18:55:46.844 | INFO     | ortho:train:225 - [epoch:2/3][loss:3.299554]
2024-08-22 18:56:16.171 | INFO     | ortho:train:225 - [epoch:3/3][loss:3.282581]
2024-08-22 18:56:16.172 | INFO     | ortho:train:228 - [iter:40/50][iter_time:81.78]
2024-08-22 18:57:45.884 | INFO     | ortho:train:299 - [iter:40/50][code_length:16][mAP:0.86404][mAP_all:0.87468][best_mAP:0.86511]
2024-08-22 18:57:45.885 | INFO     | ortho:train:300 - [iter:40/50][code_length:16][zs_mAP:0.42270][zs_mAP_all:0.29419]
2024-08-22 18:58:11.240 | INFO     | ortho:train:225 - [epoch:1/3][loss:3.333014]
2024-08-22 18:58:38.426 | INFO     | ortho:train:225 - [epoch:2/3][loss:3.253328]
2024-08-22 18:59:05.091 | INFO     | ortho:train:225 - [epoch:3/3][loss:3.265861]
2024-08-22 18:59:05.092 | INFO     | ortho:train:228 - [iter:41/50][iter_time:79.21]
2024-08-22 19:00:31.778 | INFO     | ortho:train:299 - [iter:41/50][code_length:16][mAP:0.86595][mAP_all:0.87624][best_mAP:0.86595]
2024-08-22 19:00:31.778 | INFO     | ortho:train:300 - [iter:41/50][code_length:16][zs_mAP:0.41607][zs_mAP_all:0.29149]
2024-08-22 19:00:59.296 | INFO     | ortho:train:225 - [epoch:1/3][loss:3.312493]
2024-08-22 19:01:29.140 | INFO     | ortho:train:225 - [epoch:2/3][loss:3.294999]
2024-08-22 19:01:55.637 | INFO     | ortho:train:225 - [epoch:3/3][loss:3.282598]
2024-08-22 19:01:55.638 | INFO     | ortho:train:228 - [iter:42/50][iter_time:83.86]
2024-08-22 19:03:28.179 | INFO     | ortho:train:299 - [iter:42/50][code_length:16][mAP:0.86055][mAP_all:0.87095][best_mAP:0.86595]
2024-08-22 19:03:28.179 | INFO     | ortho:train:300 - [iter:42/50][code_length:16][zs_mAP:0.40839][zs_mAP_all:0.27350]
2024-08-22 19:03:58.374 | INFO     | ortho:train:225 - [epoch:1/3][loss:3.292550]
2024-08-22 19:04:26.872 | INFO     | ortho:train:225 - [epoch:2/3][loss:3.257136]
2024-08-22 19:04:51.313 | INFO     | ortho:train:225 - [epoch:3/3][loss:3.239885]
2024-08-22 19:04:51.314 | INFO     | ortho:train:228 - [iter:43/50][iter_time:83.13]
2024-08-22 19:06:14.811 | INFO     | ortho:train:299 - [iter:43/50][code_length:16][mAP:0.86357][mAP_all:0.87303][best_mAP:0.86595]
2024-08-22 19:06:14.812 | INFO     | ortho:train:300 - [iter:43/50][code_length:16][zs_mAP:0.40249][zs_mAP_all:0.26921]
2024-08-22 19:06:41.364 | INFO     | ortho:train:225 - [epoch:1/3][loss:3.257713]
2024-08-22 19:07:07.944 | INFO     | ortho:train:225 - [epoch:2/3][loss:3.233905]
2024-08-22 19:07:34.253 | INFO     | ortho:train:225 - [epoch:3/3][loss:3.215703]
2024-08-22 19:07:34.254 | INFO     | ortho:train:228 - [iter:44/50][iter_time:79.44]
2024-08-22 19:08:59.644 | INFO     | ortho:train:299 - [iter:44/50][code_length:16][mAP:0.86256][mAP_all:0.87297][best_mAP:0.86595]
2024-08-22 19:08:59.645 | INFO     | ortho:train:300 - [iter:44/50][code_length:16][zs_mAP:0.40554][zs_mAP_all:0.27914]
2024-08-22 19:09:26.558 | INFO     | ortho:train:225 - [epoch:1/3][loss:3.282618]
2024-08-22 19:09:55.301 | INFO     | ortho:train:225 - [epoch:2/3][loss:3.266322]
2024-08-22 19:10:23.311 | INFO     | ortho:train:225 - [epoch:3/3][loss:3.218686]
2024-08-22 19:10:23.312 | INFO     | ortho:train:228 - [iter:45/50][iter_time:83.67]
2024-08-22 19:11:47.698 | INFO     | ortho:train:299 - [iter:45/50][code_length:16][mAP:0.86801][mAP_all:0.87705][best_mAP:0.86801]
2024-08-22 19:11:47.699 | INFO     | ortho:train:300 - [iter:45/50][code_length:16][zs_mAP:0.40091][zs_mAP_all:0.27950]
2024-08-22 19:12:14.769 | INFO     | ortho:train:225 - [epoch:1/3][loss:3.299124]
2024-08-22 19:12:41.484 | INFO     | ortho:train:225 - [epoch:2/3][loss:3.283344]
2024-08-22 19:13:10.803 | INFO     | ortho:train:225 - [epoch:3/3][loss:3.276266]
2024-08-22 19:13:10.804 | INFO     | ortho:train:228 - [iter:46/50][iter_time:83.10]
2024-08-22 19:14:46.451 | INFO     | ortho:train:299 - [iter:46/50][code_length:16][mAP:0.86821][mAP_all:0.87727][best_mAP:0.86821]
2024-08-22 19:14:46.453 | INFO     | ortho:train:300 - [iter:46/50][code_length:16][zs_mAP:0.40429][zs_mAP_all:0.29165]
2024-08-22 19:15:13.959 | INFO     | ortho:train:225 - [epoch:1/3][loss:3.285735]
2024-08-22 19:15:41.922 | INFO     | ortho:train:225 - [epoch:2/3][loss:3.284707]
2024-08-22 19:16:10.300 | INFO     | ortho:train:225 - [epoch:3/3][loss:3.253810]
2024-08-22 19:16:10.301 | INFO     | ortho:train:228 - [iter:47/50][iter_time:83.85]
2024-08-22 19:17:36.162 | INFO     | ortho:train:299 - [iter:47/50][code_length:16][mAP:0.86690][mAP_all:0.87617][best_mAP:0.86821]
2024-08-22 19:17:36.162 | INFO     | ortho:train:300 - [iter:47/50][code_length:16][zs_mAP:0.40230][zs_mAP_all:0.27600]
2024-08-22 19:18:05.101 | INFO     | ortho:train:225 - [epoch:1/3][loss:3.286542]
2024-08-22 19:18:33.188 | INFO     | ortho:train:225 - [epoch:2/3][loss:3.333452]
2024-08-22 19:19:00.157 | INFO     | ortho:train:225 - [epoch:3/3][loss:3.280931]
2024-08-22 19:19:00.158 | INFO     | ortho:train:228 - [iter:48/50][iter_time:84.00]
2024-08-22 19:20:26.242 | INFO     | ortho:train:299 - [iter:48/50][code_length:16][mAP:0.86930][mAP_all:0.87904][best_mAP:0.86930]
2024-08-22 19:20:26.243 | INFO     | ortho:train:300 - [iter:48/50][code_length:16][zs_mAP:0.40394][zs_mAP_all:0.28066]
2024-08-22 19:20:53.834 | INFO     | ortho:train:225 - [epoch:1/3][loss:3.279631]
2024-08-22 19:21:20.787 | INFO     | ortho:train:225 - [epoch:2/3][loss:3.255667]
2024-08-22 19:21:50.563 | INFO     | ortho:train:225 - [epoch:3/3][loss:3.267476]
2024-08-22 19:21:50.564 | INFO     | ortho:train:228 - [iter:49/50][iter_time:84.32]
2024-08-22 19:23:20.142 | INFO     | ortho:train:299 - [iter:49/50][code_length:16][mAP:0.86841][mAP_all:0.87836][best_mAP:0.86930]
2024-08-22 19:23:20.142 | INFO     | ortho:train:300 - [iter:49/50][code_length:16][zs_mAP:0.40410][zs_mAP_all:0.27595]
2024-08-22 19:23:50.577 | INFO     | ortho:train:225 - [epoch:1/3][loss:3.247044]
2024-08-22 19:24:19.289 | INFO     | ortho:train:225 - [epoch:2/3][loss:3.242079]
2024-08-22 19:24:48.385 | INFO     | ortho:train:225 - [epoch:3/3][loss:3.233157]
2024-08-22 19:24:48.386 | INFO     | ortho:train:228 - [iter:50/50][iter_time:88.24]
2024-08-22 19:26:12.953 | INFO     | ortho:train:299 - [iter:50/50][code_length:16][mAP:0.86675][mAP_all:0.87588][best_mAP:0.86930]
2024-08-22 19:26:12.954 | INFO     | ortho:train:300 - [iter:50/50][code_length:16][zs_mAP:0.40196][zs_mAP_all:0.27241]
2024-08-22 19:26:12.954 | INFO     | ortho:train:302 - [Training time:6057.50]
2024-08-22 19:26:12.956 | INFO     | __main__:run:123 - [code_length:16][map:0.8693][map_all:0.8790][zs_map:0.4039][zs_map_all:0.2807]
2024-08-22 19:26:40.540 | INFO     | ortho:train:225 - [epoch:1/3][loss:4.663089]
2024-08-22 19:27:09.857 | INFO     | ortho:train:225 - [epoch:2/3][loss:3.953414]
2024-08-22 19:27:36.936 | INFO     | ortho:train:225 - [epoch:3/3][loss:3.746296]
2024-08-22 19:27:36.937 | INFO     | ortho:train:228 - [iter:1/50][iter_time:83.33]
2024-08-22 19:28:04.805 | INFO     | ortho:train:225 - [epoch:1/3][loss:3.791670]
2024-08-22 19:28:35.064 | INFO     | ortho:train:225 - [epoch:2/3][loss:3.685651]
2024-08-22 19:29:02.383 | INFO     | ortho:train:225 - [epoch:3/3][loss:3.572809]
2024-08-22 19:29:02.384 | INFO     | ortho:train:228 - [iter:2/50][iter_time:85.45]
2024-08-22 19:29:29.154 | INFO     | ortho:train:225 - [epoch:1/3][loss:3.609221]
2024-08-22 19:29:56.892 | INFO     | ortho:train:225 - [epoch:2/3][loss:3.541446]
2024-08-22 19:30:23.779 | INFO     | ortho:train:225 - [epoch:3/3][loss:3.500954]
2024-08-22 19:30:23.782 | INFO     | ortho:train:228 - [iter:3/50][iter_time:81.40]
2024-08-22 19:30:49.555 | INFO     | ortho:train:225 - [epoch:1/3][loss:3.568261]
2024-08-22 19:31:16.170 | INFO     | ortho:train:225 - [epoch:2/3][loss:3.523324]
2024-08-22 19:31:43.104 | INFO     | ortho:train:225 - [epoch:3/3][loss:3.428523]
2024-08-22 19:31:43.105 | INFO     | ortho:train:228 - [iter:4/50][iter_time:79.32]
2024-08-22 19:32:09.907 | INFO     | ortho:train:225 - [epoch:1/3][loss:3.475076]
2024-08-22 19:32:36.289 | INFO     | ortho:train:225 - [epoch:2/3][loss:3.427938]
2024-08-22 19:33:02.450 | INFO     | ortho:train:225 - [epoch:3/3][loss:3.405006]
2024-08-22 19:33:02.450 | INFO     | ortho:train:228 - [iter:5/50][iter_time:79.35]
2024-08-22 19:34:41.419 | INFO     | ortho:train:299 - [iter:5/50][code_length:32][mAP:0.87389][mAP_all:0.88716][best_mAP:0.87389]
2024-08-22 19:34:41.419 | INFO     | ortho:train:300 - [iter:5/50][code_length:32][zs_mAP:0.43042][zs_mAP_all:0.30408]
2024-08-22 19:35:10.157 | INFO     | ortho:train:225 - [epoch:1/3][loss:3.473033]
2024-08-22 19:35:36.764 | INFO     | ortho:train:225 - [epoch:2/3][loss:3.438007]
2024-08-22 19:36:03.087 | INFO     | ortho:train:225 - [epoch:3/3][loss:3.396704]
2024-08-22 19:36:03.088 | INFO     | ortho:train:228 - [iter:6/50][iter_time:81.67]
2024-08-22 19:36:28.785 | INFO     | ortho:train:225 - [epoch:1/3][loss:3.406483]
2024-08-22 19:36:54.620 | INFO     | ortho:train:225 - [epoch:2/3][loss:3.357655]
2024-08-22 19:37:20.767 | INFO     | ortho:train:225 - [epoch:3/3][loss:3.306248]
2024-08-22 19:37:20.767 | INFO     | ortho:train:228 - [iter:7/50][iter_time:77.68]
2024-08-22 19:37:46.213 | INFO     | ortho:train:225 - [epoch:1/3][loss:3.325206]
2024-08-22 19:38:11.289 | INFO     | ortho:train:225 - [epoch:2/3][loss:3.305676]
2024-08-22 19:38:36.842 | INFO     | ortho:train:225 - [epoch:3/3][loss:3.262167]
2024-08-22 19:38:36.843 | INFO     | ortho:train:228 - [iter:8/50][iter_time:76.08]
2024-08-22 19:39:02.987 | INFO     | ortho:train:225 - [epoch:1/3][loss:3.363565]
2024-08-22 19:39:28.883 | INFO     | ortho:train:225 - [epoch:2/3][loss:3.297939]
2024-08-22 19:39:54.890 | INFO     | ortho:train:225 - [epoch:3/3][loss:3.303717]
2024-08-22 19:39:54.891 | INFO     | ortho:train:228 - [iter:9/50][iter_time:78.05]
2024-08-22 19:40:20.908 | INFO     | ortho:train:225 - [epoch:1/3][loss:3.351897]
2024-08-22 19:40:47.058 | INFO     | ortho:train:225 - [epoch:2/3][loss:3.343744]
2024-08-22 19:41:13.044 | INFO     | ortho:train:225 - [epoch:3/3][loss:3.272609]
2024-08-22 19:41:13.045 | INFO     | ortho:train:228 - [iter:10/50][iter_time:78.15]
2024-08-22 19:42:45.944 | INFO     | ortho:train:299 - [iter:10/50][code_length:32][mAP:0.87798][mAP_all:0.88905][best_mAP:0.87798]
2024-08-22 19:42:45.945 | INFO     | ortho:train:300 - [iter:10/50][code_length:32][zs_mAP:0.42377][zs_mAP_all:0.28443]
2024-08-22 19:43:12.160 | INFO     | ortho:train:225 - [epoch:1/3][loss:3.259737]
2024-08-22 19:43:40.282 | INFO     | ortho:train:225 - [epoch:2/3][loss:3.214346]
2024-08-22 19:44:10.583 | INFO     | ortho:train:225 - [epoch:3/3][loss:3.175229]
2024-08-22 19:44:10.584 | INFO     | ortho:train:228 - [iter:11/50][iter_time:84.64]
2024-08-22 19:44:38.911 | INFO     | ortho:train:225 - [epoch:1/3][loss:3.289379]
2024-08-22 19:45:08.689 | INFO     | ortho:train:225 - [epoch:2/3][loss:3.235155]
2024-08-22 19:45:36.226 | INFO     | ortho:train:225 - [epoch:3/3][loss:3.187402]
2024-08-22 19:45:36.227 | INFO     | ortho:train:228 - [iter:12/50][iter_time:85.64]
2024-08-22 19:46:02.522 | INFO     | ortho:train:225 - [epoch:1/3][loss:3.285762]
2024-08-22 19:46:29.646 | INFO     | ortho:train:225 - [epoch:2/3][loss:3.234130]
2024-08-22 19:46:58.128 | INFO     | ortho:train:225 - [epoch:3/3][loss:3.178958]
2024-08-22 19:46:58.128 | INFO     | ortho:train:228 - [iter:13/50][iter_time:81.90]
2024-08-22 19:47:25.307 | INFO     | ortho:train:225 - [epoch:1/3][loss:3.290376]
2024-08-22 19:47:50.284 | INFO     | ortho:train:225 - [epoch:2/3][loss:3.239521]
2024-08-22 19:48:17.749 | INFO     | ortho:train:225 - [epoch:3/3][loss:3.183316]
2024-08-22 19:48:17.750 | INFO     | ortho:train:228 - [iter:14/50][iter_time:79.62]
2024-08-22 19:48:45.271 | INFO     | ortho:train:225 - [epoch:1/3][loss:3.243437]
2024-08-22 19:49:11.151 | INFO     | ortho:train:225 - [epoch:2/3][loss:3.204404]
2024-08-22 19:49:37.780 | INFO     | ortho:train:225 - [epoch:3/3][loss:3.180611]
2024-08-22 19:49:37.780 | INFO     | ortho:train:228 - [iter:15/50][iter_time:80.03]
2024-08-22 19:51:04.389 | INFO     | ortho:train:299 - [iter:15/50][code_length:32][mAP:0.88375][mAP_all:0.89406][best_mAP:0.88375]
2024-08-22 19:51:04.390 | INFO     | ortho:train:300 - [iter:15/50][code_length:32][zs_mAP:0.42628][zs_mAP_all:0.30213]
2024-08-22 19:51:32.489 | INFO     | ortho:train:225 - [epoch:1/3][loss:3.137788]
2024-08-22 19:51:59.524 | INFO     | ortho:train:225 - [epoch:2/3][loss:3.109850]
2024-08-22 19:52:27.259 | INFO     | ortho:train:225 - [epoch:3/3][loss:3.112264]
2024-08-22 19:52:27.260 | INFO     | ortho:train:228 - [iter:16/50][iter_time:82.87]
2024-08-22 19:52:54.498 | INFO     | ortho:train:225 - [epoch:1/3][loss:3.186049]
2024-08-22 19:53:23.027 | INFO     | ortho:train:225 - [epoch:2/3][loss:3.168227]
2024-08-22 19:53:48.111 | INFO     | ortho:train:225 - [epoch:3/3][loss:3.134883]
2024-08-22 19:53:48.112 | INFO     | ortho:train:228 - [iter:17/50][iter_time:80.85]
2024-08-22 19:54:15.410 | INFO     | ortho:train:225 - [epoch:1/3][loss:3.152902]
2024-08-22 19:54:45.117 | INFO     | ortho:train:225 - [epoch:2/3][loss:3.134311]
2024-08-22 19:55:14.487 | INFO     | ortho:train:225 - [epoch:3/3][loss:3.131644]
2024-08-22 19:55:14.488 | INFO     | ortho:train:228 - [iter:18/50][iter_time:86.38]
2024-08-22 19:55:42.753 | INFO     | ortho:train:225 - [epoch:1/3][loss:3.153545]
2024-08-22 19:56:09.988 | INFO     | ortho:train:225 - [epoch:2/3][loss:3.131330]
2024-08-22 19:56:37.528 | INFO     | ortho:train:225 - [epoch:3/3][loss:3.111521]
2024-08-22 19:56:37.529 | INFO     | ortho:train:228 - [iter:19/50][iter_time:83.04]
2024-08-22 19:57:03.207 | INFO     | ortho:train:225 - [epoch:1/3][loss:3.177775]
2024-08-22 19:57:29.621 | INFO     | ortho:train:225 - [epoch:2/3][loss:3.128436]
2024-08-22 19:57:57.710 | INFO     | ortho:train:225 - [epoch:3/3][loss:3.106651]
2024-08-22 19:57:57.711 | INFO     | ortho:train:228 - [iter:20/50][iter_time:80.18]
2024-08-22 19:59:24.377 | INFO     | ortho:train:299 - [iter:20/50][code_length:32][mAP:0.88315][mAP_all:0.89378][best_mAP:0.88375]
2024-08-22 19:59:24.377 | INFO     | ortho:train:300 - [iter:20/50][code_length:32][zs_mAP:0.43407][zs_mAP_all:0.30306]
2024-08-22 19:59:50.461 | INFO     | ortho:train:225 - [epoch:1/3][loss:3.133944]
2024-08-22 20:00:19.769 | INFO     | ortho:train:225 - [epoch:2/3][loss:3.123504]
2024-08-22 20:00:49.303 | INFO     | ortho:train:225 - [epoch:3/3][loss:3.102758]
2024-08-22 20:00:49.304 | INFO     | ortho:train:228 - [iter:21/50][iter_time:84.93]
2024-08-22 20:01:17.396 | INFO     | ortho:train:225 - [epoch:1/3][loss:3.153516]
2024-08-22 20:01:43.657 | INFO     | ortho:train:225 - [epoch:2/3][loss:3.099798]
2024-08-22 20:02:12.011 | INFO     | ortho:train:225 - [epoch:3/3][loss:3.127805]
2024-08-22 20:02:12.012 | INFO     | ortho:train:228 - [iter:22/50][iter_time:82.71]
2024-08-22 20:02:38.935 | INFO     | ortho:train:225 - [epoch:1/3][loss:3.103044]
2024-08-22 20:03:04.869 | INFO     | ortho:train:225 - [epoch:2/3][loss:3.108813]
2024-08-22 20:03:32.109 | INFO     | ortho:train:225 - [epoch:3/3][loss:3.050637]
2024-08-22 20:03:32.110 | INFO     | ortho:train:228 - [iter:23/50][iter_time:80.10]
2024-08-22 20:04:03.594 | INFO     | ortho:train:225 - [epoch:1/3][loss:3.119749]
2024-08-22 20:04:29.607 | INFO     | ortho:train:225 - [epoch:2/3][loss:3.090964]
2024-08-22 20:04:57.025 | INFO     | ortho:train:225 - [epoch:3/3][loss:3.052467]
2024-08-22 20:04:57.026 | INFO     | ortho:train:228 - [iter:24/50][iter_time:84.92]
2024-08-22 20:05:26.453 | INFO     | ortho:train:225 - [epoch:1/3][loss:3.144351]
2024-08-22 20:05:56.100 | INFO     | ortho:train:225 - [epoch:2/3][loss:3.126743]
2024-08-22 20:06:24.359 | INFO     | ortho:train:225 - [epoch:3/3][loss:3.073106]
2024-08-22 20:06:24.360 | INFO     | ortho:train:228 - [iter:25/50][iter_time:87.33]
2024-08-22 20:07:50.287 | INFO     | ortho:train:299 - [iter:25/50][code_length:32][mAP:0.88811][mAP_all:0.89690][best_mAP:0.88811]
2024-08-22 20:07:50.288 | INFO     | ortho:train:300 - [iter:25/50][code_length:32][zs_mAP:0.42845][zs_mAP_all:0.29937]
2024-08-22 20:08:17.182 | INFO     | ortho:train:225 - [epoch:1/3][loss:3.088499]
2024-08-22 20:08:44.853 | INFO     | ortho:train:225 - [epoch:2/3][loss:3.040282]
2024-08-22 20:09:11.713 | INFO     | ortho:train:225 - [epoch:3/3][loss:3.027145]
2024-08-22 20:09:11.714 | INFO     | ortho:train:228 - [iter:26/50][iter_time:81.43]
2024-08-22 20:09:39.327 | INFO     | ortho:train:225 - [epoch:1/3][loss:3.070121]
2024-08-22 20:10:05.925 | INFO     | ortho:train:225 - [epoch:2/3][loss:3.038091]
2024-08-22 20:10:32.935 | INFO     | ortho:train:225 - [epoch:3/3][loss:3.021621]
2024-08-22 20:10:32.935 | INFO     | ortho:train:228 - [iter:27/50][iter_time:81.22]
2024-08-22 20:11:03.037 | INFO     | ortho:train:225 - [epoch:1/3][loss:3.110186]
2024-08-22 20:11:30.578 | INFO     | ortho:train:225 - [epoch:2/3][loss:3.069349]
2024-08-22 20:11:57.406 | INFO     | ortho:train:225 - [epoch:3/3][loss:3.038514]
2024-08-22 20:11:57.406 | INFO     | ortho:train:228 - [iter:28/50][iter_time:84.47]
2024-08-22 20:12:25.161 | INFO     | ortho:train:225 - [epoch:1/3][loss:3.091639]
2024-08-22 20:12:53.249 | INFO     | ortho:train:225 - [epoch:2/3][loss:3.061853]
2024-08-22 20:13:21.311 | INFO     | ortho:train:225 - [epoch:3/3][loss:3.047091]
2024-08-22 20:13:21.312 | INFO     | ortho:train:228 - [iter:29/50][iter_time:83.91]
2024-08-22 20:13:49.070 | INFO     | ortho:train:225 - [epoch:1/3][loss:3.060943]
2024-08-22 20:14:16.703 | INFO     | ortho:train:225 - [epoch:2/3][loss:3.048167]
2024-08-22 20:14:43.497 | INFO     | ortho:train:225 - [epoch:3/3][loss:3.017095]
2024-08-22 20:14:43.498 | INFO     | ortho:train:228 - [iter:30/50][iter_time:82.19]
2024-08-22 20:16:15.189 | INFO     | ortho:train:299 - [iter:30/50][code_length:32][mAP:0.88379][mAP_all:0.89202][best_mAP:0.88811]
2024-08-22 20:16:15.190 | INFO     | ortho:train:300 - [iter:30/50][code_length:32][zs_mAP:0.42699][zs_mAP_all:0.29259]
2024-08-22 20:16:44.915 | INFO     | ortho:train:225 - [epoch:1/3][loss:3.025652]
2024-08-22 20:17:14.048 | INFO     | ortho:train:225 - [epoch:2/3][loss:2.944463]
2024-08-22 20:17:41.221 | INFO     | ortho:train:225 - [epoch:3/3][loss:2.934349]
2024-08-22 20:17:41.222 | INFO     | ortho:train:228 - [iter:31/50][iter_time:86.03]
2024-08-22 20:18:08.338 | INFO     | ortho:train:225 - [epoch:1/3][loss:3.083022]
2024-08-22 20:18:36.092 | INFO     | ortho:train:225 - [epoch:2/3][loss:3.039785]
2024-08-22 20:19:05.368 | INFO     | ortho:train:225 - [epoch:3/3][loss:3.005241]
2024-08-22 20:19:05.369 | INFO     | ortho:train:228 - [iter:32/50][iter_time:84.15]
2024-08-22 20:19:33.292 | INFO     | ortho:train:225 - [epoch:1/3][loss:3.100900]
2024-08-22 20:20:01.289 | INFO     | ortho:train:225 - [epoch:2/3][loss:3.053958]
2024-08-22 20:20:28.829 | INFO     | ortho:train:225 - [epoch:3/3][loss:3.038062]
2024-08-22 20:20:28.830 | INFO     | ortho:train:228 - [iter:33/50][iter_time:83.46]
2024-08-22 20:20:57.182 | INFO     | ortho:train:225 - [epoch:1/3][loss:3.042878]
2024-08-22 20:21:25.826 | INFO     | ortho:train:225 - [epoch:2/3][loss:2.993961]
2024-08-22 20:21:50.601 | INFO     | ortho:train:225 - [epoch:3/3][loss:2.998523]
2024-08-22 20:21:50.602 | INFO     | ortho:train:228 - [iter:34/50][iter_time:81.77]
2024-08-22 20:22:16.719 | INFO     | ortho:train:225 - [epoch:1/3][loss:3.029338]
2024-08-22 20:22:44.862 | INFO     | ortho:train:225 - [epoch:2/3][loss:2.994565]
2024-08-22 20:23:12.416 | INFO     | ortho:train:225 - [epoch:3/3][loss:2.948228]
2024-08-22 20:23:12.417 | INFO     | ortho:train:228 - [iter:35/50][iter_time:81.81]
2024-08-22 20:24:40.805 | INFO     | ortho:train:299 - [iter:35/50][code_length:32][mAP:0.88705][mAP_all:0.89398][best_mAP:0.88811]
2024-08-22 20:24:40.806 | INFO     | ortho:train:300 - [iter:35/50][code_length:32][zs_mAP:0.42673][zs_mAP_all:0.30726]
2024-08-22 20:25:08.660 | INFO     | ortho:train:225 - [epoch:1/3][loss:2.979677]
2024-08-22 20:25:36.062 | INFO     | ortho:train:225 - [epoch:2/3][loss:2.946165]
2024-08-22 20:26:02.188 | INFO     | ortho:train:225 - [epoch:3/3][loss:2.940072]
2024-08-22 20:26:02.189 | INFO     | ortho:train:228 - [iter:36/50][iter_time:81.38]
2024-08-22 20:27:39.424 | INFO     | ortho:train:299 - [iter:36/50][code_length:32][mAP:0.88765][mAP_all:0.89400][best_mAP:0.88811]
2024-08-22 20:27:39.424 | INFO     | ortho:train:300 - [iter:36/50][code_length:32][zs_mAP:0.43018][zs_mAP_all:0.31114]
2024-08-22 20:28:07.586 | INFO     | ortho:train:225 - [epoch:1/3][loss:3.010820]
2024-08-22 20:28:34.729 | INFO     | ortho:train:225 - [epoch:2/3][loss:2.995603]
2024-08-22 20:29:01.179 | INFO     | ortho:train:225 - [epoch:3/3][loss:2.975335]
2024-08-22 20:29:01.180 | INFO     | ortho:train:228 - [iter:37/50][iter_time:81.75]
2024-08-22 20:30:28.009 | INFO     | ortho:train:299 - [iter:37/50][code_length:32][mAP:0.88558][mAP_all:0.89295][best_mAP:0.88811]
2024-08-22 20:30:28.009 | INFO     | ortho:train:300 - [iter:37/50][code_length:32][zs_mAP:0.42963][zs_mAP_all:0.31185]
2024-08-22 20:30:56.090 | INFO     | ortho:train:225 - [epoch:1/3][loss:3.035544]
2024-08-22 20:31:24.209 | INFO     | ortho:train:225 - [epoch:2/3][loss:2.997350]
2024-08-22 20:31:52.147 | INFO     | ortho:train:225 - [epoch:3/3][loss:2.982105]
2024-08-22 20:31:52.148 | INFO     | ortho:train:228 - [iter:38/50][iter_time:84.14]
2024-08-22 20:33:19.543 | INFO     | ortho:train:299 - [iter:38/50][code_length:32][mAP:0.89073][mAP_all:0.89647][best_mAP:0.89073]
2024-08-22 20:33:19.544 | INFO     | ortho:train:300 - [iter:38/50][code_length:32][zs_mAP:0.42600][zs_mAP_all:0.30317]
2024-08-22 20:33:49.171 | INFO     | ortho:train:225 - [epoch:1/3][loss:2.993223]
2024-08-22 20:34:15.815 | INFO     | ortho:train:225 - [epoch:2/3][loss:3.014229]
2024-08-22 20:34:43.778 | INFO     | ortho:train:225 - [epoch:3/3][loss:2.953671]
2024-08-22 20:34:43.779 | INFO     | ortho:train:228 - [iter:39/50][iter_time:84.23]
2024-08-22 20:36:14.723 | INFO     | ortho:train:299 - [iter:39/50][code_length:32][mAP:0.89030][mAP_all:0.89729][best_mAP:0.89073]
2024-08-22 20:36:14.724 | INFO     | ortho:train:300 - [iter:39/50][code_length:32][zs_mAP:0.42861][zs_mAP_all:0.30796]
2024-08-22 20:36:44.838 | INFO     | ortho:train:225 - [epoch:1/3][loss:3.031512]
2024-08-22 20:37:14.536 | INFO     | ortho:train:225 - [epoch:2/3][loss:2.989428]
2024-08-22 20:37:44.866 | INFO     | ortho:train:225 - [epoch:3/3][loss:2.968336]
2024-08-22 20:37:44.867 | INFO     | ortho:train:228 - [iter:40/50][iter_time:90.14]
2024-08-22 20:39:16.539 | INFO     | ortho:train:299 - [iter:40/50][code_length:32][mAP:0.89241][mAP_all:0.89778][best_mAP:0.89241]
2024-08-22 20:39:16.540 | INFO     | ortho:train:300 - [iter:40/50][code_length:32][zs_mAP:0.42438][zs_mAP_all:0.30132]
2024-08-22 20:39:43.164 | INFO     | ortho:train:225 - [epoch:1/3][loss:3.003076]
2024-08-22 20:40:10.039 | INFO     | ortho:train:225 - [epoch:2/3][loss:3.001354]
2024-08-22 20:40:38.846 | INFO     | ortho:train:225 - [epoch:3/3][loss:2.963573]
2024-08-22 20:40:38.847 | INFO     | ortho:train:228 - [iter:41/50][iter_time:82.31]
2024-08-22 20:42:05.841 | INFO     | ortho:train:299 - [iter:41/50][code_length:32][mAP:0.89238][mAP_all:0.89711][best_mAP:0.89241]
2024-08-22 20:42:05.841 | INFO     | ortho:train:300 - [iter:41/50][code_length:32][zs_mAP:0.43070][zs_mAP_all:0.31001]
2024-08-22 20:42:33.384 | INFO     | ortho:train:225 - [epoch:1/3][loss:2.955283]
2024-08-22 20:43:01.928 | INFO     | ortho:train:225 - [epoch:2/3][loss:2.910883]
2024-08-22 20:43:29.331 | INFO     | ortho:train:225 - [epoch:3/3][loss:2.877218]
2024-08-22 20:43:29.333 | INFO     | ortho:train:228 - [iter:42/50][iter_time:83.49]
2024-08-22 20:44:57.702 | INFO     | ortho:train:299 - [iter:42/50][code_length:32][mAP:0.89276][mAP_all:0.89775][best_mAP:0.89276]
2024-08-22 20:44:57.703 | INFO     | ortho:train:300 - [iter:42/50][code_length:32][zs_mAP:0.42997][zs_mAP_all:0.30932]
2024-08-22 20:45:24.660 | INFO     | ortho:train:225 - [epoch:1/3][loss:2.991007]
2024-08-22 20:45:52.427 | INFO     | ortho:train:225 - [epoch:2/3][loss:2.955152]
2024-08-22 20:46:20.727 | INFO     | ortho:train:225 - [epoch:3/3][loss:2.972950]
2024-08-22 20:46:20.728 | INFO     | ortho:train:228 - [iter:43/50][iter_time:83.02]
2024-08-22 20:47:58.315 | INFO     | ortho:train:299 - [iter:43/50][code_length:32][mAP:0.89212][mAP_all:0.89700][best_mAP:0.89276]
2024-08-22 20:47:58.316 | INFO     | ortho:train:300 - [iter:43/50][code_length:32][zs_mAP:0.42929][zs_mAP_all:0.30622]
2024-08-22 20:48:25.601 | INFO     | ortho:train:225 - [epoch:1/3][loss:2.946992]
2024-08-22 20:48:53.472 | INFO     | ortho:train:225 - [epoch:2/3][loss:2.913323]
2024-08-22 20:49:22.009 | INFO     | ortho:train:225 - [epoch:3/3][loss:2.908976]
2024-08-22 20:49:22.010 | INFO     | ortho:train:228 - [iter:44/50][iter_time:83.69]
2024-08-22 20:50:52.473 | INFO     | ortho:train:299 - [iter:44/50][code_length:32][mAP:0.89196][mAP_all:0.89689][best_mAP:0.89276]
2024-08-22 20:50:52.474 | INFO     | ortho:train:300 - [iter:44/50][code_length:32][zs_mAP:0.43122][zs_mAP_all:0.31313]
2024-08-22 20:51:20.813 | INFO     | ortho:train:225 - [epoch:1/3][loss:3.011173]
2024-08-22 20:51:47.407 | INFO     | ortho:train:225 - [epoch:2/3][loss:2.983546]
2024-08-22 20:52:15.671 | INFO     | ortho:train:225 - [epoch:3/3][loss:2.968136]
2024-08-22 20:52:15.671 | INFO     | ortho:train:228 - [iter:45/50][iter_time:83.20]
2024-08-22 20:53:42.020 | INFO     | ortho:train:299 - [iter:45/50][code_length:32][mAP:0.88919][mAP_all:0.89490][best_mAP:0.89276]
2024-08-22 20:53:42.021 | INFO     | ortho:train:300 - [iter:45/50][code_length:32][zs_mAP:0.43024][zs_mAP_all:0.30485]
2024-08-22 20:54:08.338 | INFO     | ortho:train:225 - [epoch:1/3][loss:2.932249]
2024-08-22 20:54:35.788 | INFO     | ortho:train:225 - [epoch:2/3][loss:2.944799]
2024-08-22 20:55:03.479 | INFO     | ortho:train:225 - [epoch:3/3][loss:2.933495]
2024-08-22 20:55:03.480 | INFO     | ortho:train:228 - [iter:46/50][iter_time:81.46]
2024-08-22 20:56:29.363 | INFO     | ortho:train:299 - [iter:46/50][code_length:32][mAP:0.89079][mAP_all:0.89658][best_mAP:0.89276]
2024-08-22 20:56:29.363 | INFO     | ortho:train:300 - [iter:46/50][code_length:32][zs_mAP:0.43288][zs_mAP_all:0.31043]
2024-08-22 20:56:56.489 | INFO     | ortho:train:225 - [epoch:1/3][loss:2.937951]
2024-08-22 20:57:26.154 | INFO     | ortho:train:225 - [epoch:2/3][loss:2.928078]
2024-08-22 20:57:54.452 | INFO     | ortho:train:225 - [epoch:3/3][loss:2.920958]
2024-08-22 20:57:54.453 | INFO     | ortho:train:228 - [iter:47/50][iter_time:85.09]
2024-08-22 20:59:28.315 | INFO     | ortho:train:299 - [iter:47/50][code_length:32][mAP:0.89264][mAP_all:0.89769][best_mAP:0.89276]
2024-08-22 20:59:28.316 | INFO     | ortho:train:300 - [iter:47/50][code_length:32][zs_mAP:0.42763][zs_mAP_all:0.31023]
2024-08-22 20:59:55.787 | INFO     | ortho:train:225 - [epoch:1/3][loss:2.932705]
2024-08-22 21:00:23.094 | INFO     | ortho:train:225 - [epoch:2/3][loss:2.922790]
2024-08-22 21:00:50.110 | INFO     | ortho:train:225 - [epoch:3/3][loss:2.913858]
2024-08-22 21:00:50.111 | INFO     | ortho:train:228 - [iter:48/50][iter_time:81.79]
2024-08-22 21:02:20.218 | INFO     | ortho:train:299 - [iter:48/50][code_length:32][mAP:0.89192][mAP_all:0.89678][best_mAP:0.89276]
2024-08-22 21:02:20.218 | INFO     | ortho:train:300 - [iter:48/50][code_length:32][zs_mAP:0.43130][zs_mAP_all:0.30983]
2024-08-22 21:02:47.998 | INFO     | ortho:train:225 - [epoch:1/3][loss:2.912241]
2024-08-22 21:03:15.254 | INFO     | ortho:train:225 - [epoch:2/3][loss:2.883184]
2024-08-22 21:03:40.458 | INFO     | ortho:train:225 - [epoch:3/3][loss:2.909540]
2024-08-22 21:03:40.459 | INFO     | ortho:train:228 - [iter:49/50][iter_time:80.24]
2024-08-22 21:05:07.475 | INFO     | ortho:train:299 - [iter:49/50][code_length:32][mAP:0.89236][mAP_all:0.89733][best_mAP:0.89276]
2024-08-22 21:05:07.475 | INFO     | ortho:train:300 - [iter:49/50][code_length:32][zs_mAP:0.42685][zs_mAP_all:0.30152]
2024-08-22 21:05:34.363 | INFO     | ortho:train:225 - [epoch:1/3][loss:2.958478]
2024-08-22 21:06:01.878 | INFO     | ortho:train:225 - [epoch:2/3][loss:2.946892]
2024-08-22 21:06:30.115 | INFO     | ortho:train:225 - [epoch:3/3][loss:2.931219]
2024-08-22 21:06:30.116 | INFO     | ortho:train:228 - [iter:50/50][iter_time:82.64]
2024-08-22 21:08:07.772 | INFO     | ortho:train:299 - [iter:50/50][code_length:32][mAP:0.89294][mAP_all:0.89772][best_mAP:0.89294]
2024-08-22 21:08:07.773 | INFO     | ortho:train:300 - [iter:50/50][code_length:32][zs_mAP:0.42821][zs_mAP_all:0.30501]
2024-08-22 21:08:07.773 | INFO     | ortho:train:302 - [Training time:6114.17]
2024-08-22 21:08:07.776 | INFO     | __main__:run:123 - [code_length:32][map:0.8929][map_all:0.8977][zs_map:0.4282][zs_map_all:0.3050]
2024-08-22 21:08:37.694 | INFO     | ortho:train:225 - [epoch:1/3][loss:4.544155]
2024-08-22 21:09:04.461 | INFO     | ortho:train:225 - [epoch:2/3][loss:3.858645]
2024-08-22 21:09:31.827 | INFO     | ortho:train:225 - [epoch:3/3][loss:3.664517]
2024-08-22 21:09:31.828 | INFO     | ortho:train:228 - [iter:1/50][iter_time:83.29]
2024-08-22 21:09:57.399 | INFO     | ortho:train:225 - [epoch:1/3][loss:3.652810]
2024-08-22 21:10:24.700 | INFO     | ortho:train:225 - [epoch:2/3][loss:3.510772]
2024-08-22 21:10:53.513 | INFO     | ortho:train:225 - [epoch:3/3][loss:3.452781]
2024-08-22 21:10:53.513 | INFO     | ortho:train:228 - [iter:2/50][iter_time:81.69]
2024-08-22 21:11:20.377 | INFO     | ortho:train:225 - [epoch:1/3][loss:3.532594]
2024-08-22 21:11:46.924 | INFO     | ortho:train:225 - [epoch:2/3][loss:3.459335]
2024-08-22 21:12:14.094 | INFO     | ortho:train:225 - [epoch:3/3][loss:3.387270]
2024-08-22 21:12:14.095 | INFO     | ortho:train:228 - [iter:3/50][iter_time:80.58]
2024-08-22 21:12:43.934 | INFO     | ortho:train:225 - [epoch:1/3][loss:3.418754]
2024-08-22 21:13:09.513 | INFO     | ortho:train:225 - [epoch:2/3][loss:3.332340]
2024-08-22 21:13:39.306 | INFO     | ortho:train:225 - [epoch:3/3][loss:3.289160]
2024-08-22 21:13:39.307 | INFO     | ortho:train:228 - [iter:4/50][iter_time:85.21]
2024-08-22 21:14:07.654 | INFO     | ortho:train:225 - [epoch:1/3][loss:3.402600]
2024-08-22 21:14:34.040 | INFO     | ortho:train:225 - [epoch:2/3][loss:3.339632]
2024-08-22 21:15:02.036 | INFO     | ortho:train:225 - [epoch:3/3][loss:3.306238]
2024-08-22 21:15:02.037 | INFO     | ortho:train:228 - [iter:5/50][iter_time:82.73]
2024-08-22 21:16:28.235 | INFO     | ortho:train:299 - [iter:5/50][code_length:64][mAP:0.87378][mAP_all:0.88665][best_mAP:0.87378]
2024-08-22 21:16:28.235 | INFO     | ortho:train:300 - [iter:5/50][code_length:64][zs_mAP:0.42918][zs_mAP_all:0.29229]
2024-08-22 21:16:56.038 | INFO     | ortho:train:225 - [epoch:1/3][loss:3.310957]
2024-08-22 21:17:21.690 | INFO     | ortho:train:225 - [epoch:2/3][loss:3.274765]
2024-08-22 21:17:46.163 | INFO     | ortho:train:225 - [epoch:3/3][loss:3.238551]
2024-08-22 21:17:46.164 | INFO     | ortho:train:228 - [iter:6/50][iter_time:77.93]
2024-08-22 21:18:10.048 | INFO     | ortho:train:225 - [epoch:1/3][loss:3.242756]
2024-08-22 21:18:32.851 | INFO     | ortho:train:225 - [epoch:2/3][loss:3.197601]
2024-08-22 21:18:58.019 | INFO     | ortho:train:225 - [epoch:3/3][loss:3.215135]
2024-08-22 21:18:58.020 | INFO     | ortho:train:228 - [iter:7/50][iter_time:71.86]
2024-08-22 21:19:24.835 | INFO     | ortho:train:225 - [epoch:1/3][loss:3.256107]
2024-08-22 21:19:51.016 | INFO     | ortho:train:225 - [epoch:2/3][loss:3.224338]
2024-08-22 21:20:17.771 | INFO     | ortho:train:225 - [epoch:3/3][loss:3.212707]
2024-08-22 21:20:17.772 | INFO     | ortho:train:228 - [iter:8/50][iter_time:79.75]
2024-08-22 21:20:44.039 | INFO     | ortho:train:225 - [epoch:1/3][loss:3.205269]
2024-08-22 21:21:11.133 | INFO     | ortho:train:225 - [epoch:2/3][loss:3.168745]
2024-08-22 21:21:37.768 | INFO     | ortho:train:225 - [epoch:3/3][loss:3.140305]
2024-08-22 21:21:37.769 | INFO     | ortho:train:228 - [iter:9/50][iter_time:80.00]
2024-08-22 21:22:04.156 | INFO     | ortho:train:225 - [epoch:1/3][loss:3.208265]
2024-08-22 21:22:30.889 | INFO     | ortho:train:225 - [epoch:2/3][loss:3.132439]
2024-08-22 21:22:57.347 | INFO     | ortho:train:225 - [epoch:3/3][loss:3.155417]
2024-08-22 21:22:57.348 | INFO     | ortho:train:228 - [iter:10/50][iter_time:79.58]
2024-08-22 21:24:30.374 | INFO     | ortho:train:299 - [iter:10/50][code_length:64][mAP:0.89024][mAP_all:0.89829][best_mAP:0.89024]
2024-08-22 21:24:30.375 | INFO     | ortho:train:300 - [iter:10/50][code_length:64][zs_mAP:0.42285][zs_mAP_all:0.27340]
2024-08-22 21:24:57.242 | INFO     | ortho:train:225 - [epoch:1/3][loss:3.156789]
2024-08-22 21:25:23.165 | INFO     | ortho:train:225 - [epoch:2/3][loss:3.105888]
2024-08-22 21:25:47.698 | INFO     | ortho:train:225 - [epoch:3/3][loss:3.064188]
2024-08-22 21:25:47.699 | INFO     | ortho:train:228 - [iter:11/50][iter_time:77.32]
2024-08-22 21:26:14.040 | INFO     | ortho:train:225 - [epoch:1/3][loss:3.180846]
2024-08-22 21:26:40.840 | INFO     | ortho:train:225 - [epoch:2/3][loss:3.149870]
2024-08-22 21:27:07.059 | INFO     | ortho:train:225 - [epoch:3/3][loss:3.090563]
2024-08-22 21:27:07.060 | INFO     | ortho:train:228 - [iter:12/50][iter_time:79.36]
2024-08-22 21:27:33.879 | INFO     | ortho:train:225 - [epoch:1/3][loss:3.099482]
2024-08-22 21:28:02.453 | INFO     | ortho:train:225 - [epoch:2/3][loss:3.092497]
2024-08-22 21:28:31.199 | INFO     | ortho:train:225 - [epoch:3/3][loss:3.029931]
2024-08-22 21:28:31.200 | INFO     | ortho:train:228 - [iter:13/50][iter_time:84.14]
2024-08-22 21:28:59.706 | INFO     | ortho:train:225 - [epoch:1/3][loss:3.048523]
2024-08-22 21:29:27.112 | INFO     | ortho:train:225 - [epoch:2/3][loss:3.056815]
2024-08-22 21:29:53.705 | INFO     | ortho:train:225 - [epoch:3/3][loss:3.026274]
2024-08-22 21:29:53.706 | INFO     | ortho:train:228 - [iter:14/50][iter_time:82.51]
2024-08-22 21:30:20.315 | INFO     | ortho:train:225 - [epoch:1/3][loss:3.116871]
2024-08-22 21:30:46.924 | INFO     | ortho:train:225 - [epoch:2/3][loss:3.048130]
2024-08-22 21:31:13.925 | INFO     | ortho:train:225 - [epoch:3/3][loss:3.035532]
2024-08-22 21:31:13.926 | INFO     | ortho:train:228 - [iter:15/50][iter_time:80.22]
2024-08-22 21:32:46.062 | INFO     | ortho:train:299 - [iter:15/50][code_length:64][mAP:0.89890][mAP_all:0.90504][best_mAP:0.89890]
2024-08-22 21:32:46.063 | INFO     | ortho:train:300 - [iter:15/50][code_length:64][zs_mAP:0.42031][zs_mAP_all:0.26103]
2024-08-22 21:33:12.687 | INFO     | ortho:train:225 - [epoch:1/3][loss:3.104714]
2024-08-22 21:33:39.354 | INFO     | ortho:train:225 - [epoch:2/3][loss:3.071997]
2024-08-22 21:34:06.387 | INFO     | ortho:train:225 - [epoch:3/3][loss:3.032717]
2024-08-22 21:34:06.388 | INFO     | ortho:train:228 - [iter:16/50][iter_time:80.32]
2024-08-22 21:34:33.241 | INFO     | ortho:train:225 - [epoch:1/3][loss:3.041312]
2024-08-22 21:34:59.791 | INFO     | ortho:train:225 - [epoch:2/3][loss:3.009053]
2024-08-22 21:35:26.585 | INFO     | ortho:train:225 - [epoch:3/3][loss:2.981449]
2024-08-22 21:35:26.586 | INFO     | ortho:train:228 - [iter:17/50][iter_time:80.20]
2024-08-22 21:35:53.169 | INFO     | ortho:train:225 - [epoch:1/3][loss:3.036842]
2024-08-22 21:36:19.767 | INFO     | ortho:train:225 - [epoch:2/3][loss:3.006837]
2024-08-22 21:36:46.537 | INFO     | ortho:train:225 - [epoch:3/3][loss:3.011416]
2024-08-22 21:36:46.538 | INFO     | ortho:train:228 - [iter:18/50][iter_time:79.95]
2024-08-22 21:37:13.469 | INFO     | ortho:train:225 - [epoch:1/3][loss:3.043818]
2024-08-22 21:37:40.436 | INFO     | ortho:train:225 - [epoch:2/3][loss:3.002109]
2024-08-22 21:38:07.678 | INFO     | ortho:train:225 - [epoch:3/3][loss:2.964996]
2024-08-22 21:38:07.679 | INFO     | ortho:train:228 - [iter:19/50][iter_time:81.14]
2024-08-22 21:38:36.721 | INFO     | ortho:train:225 - [epoch:1/3][loss:3.020982]
2024-08-22 21:39:05.428 | INFO     | ortho:train:225 - [epoch:2/3][loss:2.967662]
2024-08-22 21:39:33.147 | INFO     | ortho:train:225 - [epoch:3/3][loss:2.932830]
2024-08-22 21:39:33.148 | INFO     | ortho:train:228 - [iter:20/50][iter_time:85.47]
2024-08-22 21:41:06.066 | INFO     | ortho:train:299 - [iter:20/50][code_length:64][mAP:0.90203][mAP_all:0.90776][best_mAP:0.90203]
2024-08-22 21:41:06.068 | INFO     | ortho:train:300 - [iter:20/50][code_length:64][zs_mAP:0.43056][zs_mAP_all:0.28948]
2024-08-22 21:41:32.510 | INFO     | ortho:train:225 - [epoch:1/3][loss:3.025705]
2024-08-22 21:41:59.156 | INFO     | ortho:train:225 - [epoch:2/3][loss:2.998640]
2024-08-22 21:42:25.682 | INFO     | ortho:train:225 - [epoch:3/3][loss:2.958213]
2024-08-22 21:42:25.683 | INFO     | ortho:train:228 - [iter:21/50][iter_time:79.62]
2024-08-22 21:42:52.403 | INFO     | ortho:train:225 - [epoch:1/3][loss:3.021478]
2024-08-22 21:43:19.096 | INFO     | ortho:train:225 - [epoch:2/3][loss:3.018816]
2024-08-22 21:43:46.128 | INFO     | ortho:train:225 - [epoch:3/3][loss:2.952633]
2024-08-22 21:43:46.129 | INFO     | ortho:train:228 - [iter:22/50][iter_time:80.45]
2024-08-22 21:44:12.747 | INFO     | ortho:train:225 - [epoch:1/3][loss:3.003617]
2024-08-22 21:44:39.216 | INFO     | ortho:train:225 - [epoch:2/3][loss:2.952115]
2024-08-22 21:45:05.563 | INFO     | ortho:train:225 - [epoch:3/3][loss:2.931941]
2024-08-22 21:45:05.564 | INFO     | ortho:train:228 - [iter:23/50][iter_time:79.43]
2024-08-22 21:45:31.592 | INFO     | ortho:train:225 - [epoch:1/3][loss:2.936300]
2024-08-22 21:45:58.492 | INFO     | ortho:train:225 - [epoch:2/3][loss:2.909503]
2024-08-22 21:46:21.463 | INFO     | ortho:train:225 - [epoch:3/3][loss:2.878072]
2024-08-22 21:46:21.464 | INFO     | ortho:train:228 - [iter:24/50][iter_time:75.90]
2024-08-22 21:46:48.381 | INFO     | ortho:train:225 - [epoch:1/3][loss:3.014533]
2024-08-22 21:47:14.935 | INFO     | ortho:train:225 - [epoch:2/3][loss:2.981071]
2024-08-22 21:47:41.607 | INFO     | ortho:train:225 - [epoch:3/3][loss:2.966153]
2024-08-22 21:47:41.608 | INFO     | ortho:train:228 - [iter:25/50][iter_time:80.14]
2024-08-22 21:49:16.581 | INFO     | ortho:train:299 - [iter:25/50][code_length:64][mAP:0.89915][mAP_all:0.90462][best_mAP:0.90203]
2024-08-22 21:49:16.582 | INFO     | ortho:train:300 - [iter:25/50][code_length:64][zs_mAP:0.40778][zs_mAP_all:0.25449]
2024-08-22 21:49:46.029 | INFO     | ortho:train:225 - [epoch:1/3][loss:2.979843]
2024-08-22 21:50:13.141 | INFO     | ortho:train:225 - [epoch:2/3][loss:2.939183]
2024-08-22 21:50:40.276 | INFO     | ortho:train:225 - [epoch:3/3][loss:2.938874]
2024-08-22 21:50:40.277 | INFO     | ortho:train:228 - [iter:26/50][iter_time:83.69]
2024-08-22 21:51:06.939 | INFO     | ortho:train:225 - [epoch:1/3][loss:2.972429]
2024-08-22 21:51:33.444 | INFO     | ortho:train:225 - [epoch:2/3][loss:2.916497]
2024-08-22 21:52:00.802 | INFO     | ortho:train:225 - [epoch:3/3][loss:2.915706]
2024-08-22 21:52:00.803 | INFO     | ortho:train:228 - [iter:27/50][iter_time:80.53]
2024-08-22 21:52:27.025 | INFO     | ortho:train:225 - [epoch:1/3][loss:2.936392]
2024-08-22 21:52:53.850 | INFO     | ortho:train:225 - [epoch:2/3][loss:2.896982]
2024-08-22 21:53:16.552 | INFO     | ortho:train:225 - [epoch:3/3][loss:2.850796]
2024-08-22 21:53:16.552 | INFO     | ortho:train:228 - [iter:28/50][iter_time:75.75]
2024-08-22 21:53:42.975 | INFO     | ortho:train:225 - [epoch:1/3][loss:2.913936]
2024-08-22 21:54:09.866 | INFO     | ortho:train:225 - [epoch:2/3][loss:2.927694]
2024-08-22 21:54:36.801 | INFO     | ortho:train:225 - [epoch:3/3][loss:2.871141]
2024-08-22 21:54:36.802 | INFO     | ortho:train:228 - [iter:29/50][iter_time:80.25]
2024-08-22 21:55:03.815 | INFO     | ortho:train:225 - [epoch:1/3][loss:2.923664]
2024-08-22 21:55:30.775 | INFO     | ortho:train:225 - [epoch:2/3][loss:2.909195]
2024-08-22 21:55:57.230 | INFO     | ortho:train:225 - [epoch:3/3][loss:2.897279]
2024-08-22 21:55:57.231 | INFO     | ortho:train:228 - [iter:30/50][iter_time:80.43]
2024-08-22 21:57:31.344 | INFO     | ortho:train:299 - [iter:30/50][code_length:64][mAP:0.90422][mAP_all:0.90882][best_mAP:0.90422]
2024-08-22 21:57:31.346 | INFO     | ortho:train:300 - [iter:30/50][code_length:64][zs_mAP:0.42904][zs_mAP_all:0.27768]
2024-08-22 21:57:58.628 | INFO     | ortho:train:225 - [epoch:1/3][loss:2.905055]
2024-08-22 21:58:24.964 | INFO     | ortho:train:225 - [epoch:2/3][loss:2.903241]
2024-08-22 21:58:53.988 | INFO     | ortho:train:225 - [epoch:3/3][loss:2.867523]
2024-08-22 21:58:53.989 | INFO     | ortho:train:228 - [iter:31/50][iter_time:82.64]
2024-08-22 21:59:23.257 | INFO     | ortho:train:225 - [epoch:1/3][loss:2.944319]
2024-08-22 21:59:52.395 | INFO     | ortho:train:225 - [epoch:2/3][loss:2.880788]
2024-08-22 22:00:18.526 | INFO     | ortho:train:225 - [epoch:3/3][loss:2.884407]
2024-08-22 22:00:18.527 | INFO     | ortho:train:228 - [iter:32/50][iter_time:84.54]
2024-08-22 22:00:44.894 | INFO     | ortho:train:225 - [epoch:1/3][loss:2.886819]
2024-08-22 22:01:12.118 | INFO     | ortho:train:225 - [epoch:2/3][loss:2.872860]
2024-08-22 22:01:39.018 | INFO     | ortho:train:225 - [epoch:3/3][loss:2.863838]
2024-08-22 22:01:39.019 | INFO     | ortho:train:228 - [iter:33/50][iter_time:80.49]
2024-08-22 22:02:05.613 | INFO     | ortho:train:225 - [epoch:1/3][loss:2.883335]
2024-08-22 22:02:31.962 | INFO     | ortho:train:225 - [epoch:2/3][loss:2.871586]
2024-08-22 22:02:58.271 | INFO     | ortho:train:225 - [epoch:3/3][loss:2.823657]
2024-08-22 22:02:58.272 | INFO     | ortho:train:228 - [iter:34/50][iter_time:79.25]
2024-08-22 22:03:24.960 | INFO     | ortho:train:225 - [epoch:1/3][loss:2.875638]
2024-08-22 22:03:51.828 | INFO     | ortho:train:225 - [epoch:2/3][loss:2.865292]
2024-08-22 22:04:18.501 | INFO     | ortho:train:225 - [epoch:3/3][loss:2.894680]
2024-08-22 22:04:18.502 | INFO     | ortho:train:228 - [iter:35/50][iter_time:80.23]
2024-08-22 22:05:50.114 | INFO     | ortho:train:299 - [iter:35/50][code_length:64][mAP:0.90201][mAP_all:0.90575][best_mAP:0.90422]
2024-08-22 22:05:50.114 | INFO     | ortho:train:300 - [iter:35/50][code_length:64][zs_mAP:0.42223][zs_mAP_all:0.27603]
2024-08-22 22:06:16.451 | INFO     | ortho:train:225 - [epoch:1/3][loss:2.859291]
2024-08-22 22:06:42.498 | INFO     | ortho:train:225 - [epoch:2/3][loss:2.838631]
2024-08-22 22:07:06.326 | INFO     | ortho:train:225 - [epoch:3/3][loss:2.824647]
2024-08-22 22:07:06.326 | INFO     | ortho:train:228 - [iter:36/50][iter_time:76.21]
2024-08-22 22:08:36.676 | INFO     | ortho:train:299 - [iter:36/50][code_length:64][mAP:0.90510][mAP_all:0.90862][best_mAP:0.90510]
2024-08-22 22:08:36.677 | INFO     | ortho:train:300 - [iter:36/50][code_length:64][zs_mAP:0.41665][zs_mAP_all:0.28193]
2024-08-22 22:09:05.284 | INFO     | ortho:train:225 - [epoch:1/3][loss:2.903311]
2024-08-22 22:09:34.347 | INFO     | ortho:train:225 - [epoch:2/3][loss:2.866414]
2024-08-22 22:10:02.044 | INFO     | ortho:train:225 - [epoch:3/3][loss:2.859307]
2024-08-22 22:10:02.045 | INFO     | ortho:train:228 - [iter:37/50][iter_time:85.37]
2024-08-22 22:11:33.093 | INFO     | ortho:train:299 - [iter:37/50][code_length:64][mAP:0.90665][mAP_all:0.90907][best_mAP:0.90665]
2024-08-22 22:11:33.094 | INFO     | ortho:train:300 - [iter:37/50][code_length:64][zs_mAP:0.41042][zs_mAP_all:0.26562]
2024-08-22 22:11:58.990 | INFO     | ortho:train:225 - [epoch:1/3][loss:2.845622]
2024-08-22 22:12:25.508 | INFO     | ortho:train:225 - [epoch:2/3][loss:2.845582]
2024-08-22 22:12:52.732 | INFO     | ortho:train:225 - [epoch:3/3][loss:2.799978]
2024-08-22 22:12:52.733 | INFO     | ortho:train:228 - [iter:38/50][iter_time:79.64]
2024-08-22 22:14:20.973 | INFO     | ortho:train:299 - [iter:38/50][code_length:64][mAP:0.90686][mAP_all:0.90938][best_mAP:0.90686]
2024-08-22 22:14:20.974 | INFO     | ortho:train:300 - [iter:38/50][code_length:64][zs_mAP:0.41866][zs_mAP_all:0.27890]
2024-08-22 22:14:43.480 | INFO     | ortho:train:225 - [epoch:1/3][loss:2.879836]
2024-08-22 22:15:10.291 | INFO     | ortho:train:225 - [epoch:2/3][loss:2.857609]
2024-08-22 22:15:36.814 | INFO     | ortho:train:225 - [epoch:3/3][loss:2.823834]
2024-08-22 22:15:36.815 | INFO     | ortho:train:228 - [iter:39/50][iter_time:75.84]
2024-08-22 22:17:04.871 | INFO     | ortho:train:299 - [iter:39/50][code_length:64][mAP:0.90130][mAP_all:0.90426][best_mAP:0.90686]
2024-08-22 22:17:04.872 | INFO     | ortho:train:300 - [iter:39/50][code_length:64][zs_mAP:0.41359][zs_mAP_all:0.26565]
2024-08-22 22:17:31.713 | INFO     | ortho:train:225 - [epoch:1/3][loss:2.883256]
2024-08-22 22:17:54.328 | INFO     | ortho:train:225 - [epoch:2/3][loss:2.850137]
2024-08-22 22:18:21.367 | INFO     | ortho:train:225 - [epoch:3/3][loss:2.821356]
2024-08-22 22:18:21.368 | INFO     | ortho:train:228 - [iter:40/50][iter_time:76.50]
2024-08-22 22:19:56.006 | INFO     | ortho:train:299 - [iter:40/50][code_length:64][mAP:0.90521][mAP_all:0.90847][best_mAP:0.90686]
2024-08-22 22:19:56.006 | INFO     | ortho:train:300 - [iter:40/50][code_length:64][zs_mAP:0.41932][zs_mAP_all:0.28334]
2024-08-22 22:20:24.432 | INFO     | ortho:train:225 - [epoch:1/3][loss:2.877207]
2024-08-22 22:20:50.208 | INFO     | ortho:train:225 - [epoch:2/3][loss:2.816400]
2024-08-22 22:21:13.405 | INFO     | ortho:train:225 - [epoch:3/3][loss:2.817241]
2024-08-22 22:21:13.406 | INFO     | ortho:train:228 - [iter:41/50][iter_time:77.40]
2024-08-22 22:22:44.329 | INFO     | ortho:train:299 - [iter:41/50][code_length:64][mAP:0.90288][mAP_all:0.90708][best_mAP:0.90686]
2024-08-22 22:22:44.330 | INFO     | ortho:train:300 - [iter:41/50][code_length:64][zs_mAP:0.42481][zs_mAP_all:0.29792]
2024-08-22 22:23:10.701 | INFO     | ortho:train:225 - [epoch:1/3][loss:2.856901]
2024-08-22 22:23:37.164 | INFO     | ortho:train:225 - [epoch:2/3][loss:2.833999]
2024-08-22 22:24:02.251 | INFO     | ortho:train:225 - [epoch:3/3][loss:2.802775]
2024-08-22 22:24:02.252 | INFO     | ortho:train:228 - [iter:42/50][iter_time:77.92]
2024-08-22 22:25:33.940 | INFO     | ortho:train:299 - [iter:42/50][code_length:64][mAP:0.90633][mAP_all:0.90956][best_mAP:0.90686]
2024-08-22 22:25:33.941 | INFO     | ortho:train:300 - [iter:42/50][code_length:64][zs_mAP:0.41755][zs_mAP_all:0.28606]
2024-08-22 22:25:59.952 | INFO     | ortho:train:225 - [epoch:1/3][loss:2.776393]
2024-08-22 22:26:26.983 | INFO     | ortho:train:225 - [epoch:2/3][loss:2.754455]
2024-08-22 22:26:53.738 | INFO     | ortho:train:225 - [epoch:3/3][loss:2.748911]
2024-08-22 22:26:53.738 | INFO     | ortho:train:228 - [iter:43/50][iter_time:79.80]
2024-08-22 22:28:21.419 | INFO     | ortho:train:299 - [iter:43/50][code_length:64][mAP:0.90637][mAP_all:0.90948][best_mAP:0.90686]
2024-08-22 22:28:21.420 | INFO     | ortho:train:300 - [iter:43/50][code_length:64][zs_mAP:0.42463][zs_mAP_all:0.29750]
2024-08-22 22:28:46.184 | INFO     | ortho:train:225 - [epoch:1/3][loss:2.828509]
2024-08-22 22:29:15.068 | INFO     | ortho:train:225 - [epoch:2/3][loss:2.782209]
2024-08-22 22:29:43.998 | INFO     | ortho:train:225 - [epoch:3/3][loss:2.794358]
2024-08-22 22:29:43.998 | INFO     | ortho:train:228 - [iter:44/50][iter_time:82.58]
2024-08-22 22:31:17.738 | INFO     | ortho:train:299 - [iter:44/50][code_length:64][mAP:0.90846][mAP_all:0.91054][best_mAP:0.90846]
2024-08-22 22:31:17.740 | INFO     | ortho:train:300 - [iter:44/50][code_length:64][zs_mAP:0.43624][zs_mAP_all:0.30409]
2024-08-22 22:31:44.263 | INFO     | ortho:train:225 - [epoch:1/3][loss:2.828484]
2024-08-22 22:32:10.929 | INFO     | ortho:train:225 - [epoch:2/3][loss:2.785232]
2024-08-22 22:32:37.790 | INFO     | ortho:train:225 - [epoch:3/3][loss:2.771840]
2024-08-22 22:32:37.791 | INFO     | ortho:train:228 - [iter:45/50][iter_time:80.05]
2024-08-22 22:34:09.540 | INFO     | ortho:train:299 - [iter:45/50][code_length:64][mAP:0.90825][mAP_all:0.91322][best_mAP:0.90846]
2024-08-22 22:34:09.541 | INFO     | ortho:train:300 - [iter:45/50][code_length:64][zs_mAP:0.42633][zs_mAP_all:0.30609]
2024-08-22 22:34:36.407 | INFO     | ortho:train:225 - [epoch:1/3][loss:2.856455]
2024-08-22 22:35:03.079 | INFO     | ortho:train:225 - [epoch:2/3][loss:2.848589]
2024-08-22 22:35:29.665 | INFO     | ortho:train:225 - [epoch:3/3][loss:2.821690]
2024-08-22 22:35:29.666 | INFO     | ortho:train:228 - [iter:46/50][iter_time:80.12]
2024-08-22 22:37:01.663 | INFO     | ortho:train:299 - [iter:46/50][code_length:64][mAP:0.90946][mAP_all:0.91277][best_mAP:0.90946]
2024-08-22 22:37:01.663 | INFO     | ortho:train:300 - [iter:46/50][code_length:64][zs_mAP:0.42413][zs_mAP_all:0.29165]
2024-08-22 22:37:27.698 | INFO     | ortho:train:225 - [epoch:1/3][loss:2.813233]
2024-08-22 22:37:53.868 | INFO     | ortho:train:225 - [epoch:2/3][loss:2.795732]
2024-08-22 22:38:20.157 | INFO     | ortho:train:225 - [epoch:3/3][loss:2.759826]
2024-08-22 22:38:20.158 | INFO     | ortho:train:228 - [iter:47/50][iter_time:78.49]
2024-08-22 22:39:54.623 | INFO     | ortho:train:299 - [iter:47/50][code_length:64][mAP:0.90836][mAP_all:0.91114][best_mAP:0.90946]
2024-08-22 22:39:54.623 | INFO     | ortho:train:300 - [iter:47/50][code_length:64][zs_mAP:0.42069][zs_mAP_all:0.27941]
2024-08-22 22:40:23.452 | INFO     | ortho:train:225 - [epoch:1/3][loss:2.875394]
2024-08-22 22:40:50.213 | INFO     | ortho:train:225 - [epoch:2/3][loss:2.866081]
2024-08-22 22:41:16.742 | INFO     | ortho:train:225 - [epoch:3/3][loss:2.875176]
2024-08-22 22:41:16.744 | INFO     | ortho:train:228 - [iter:48/50][iter_time:82.12]
2024-08-22 22:42:46.520 | INFO     | ortho:train:299 - [iter:48/50][code_length:64][mAP:0.90873][mAP_all:0.91218][best_mAP:0.90946]
2024-08-22 22:42:46.520 | INFO     | ortho:train:300 - [iter:48/50][code_length:64][zs_mAP:0.41989][zs_mAP_all:0.29388]
2024-08-22 22:43:12.334 | INFO     | ortho:train:225 - [epoch:1/3][loss:2.841575]
2024-08-22 22:43:35.433 | INFO     | ortho:train:225 - [epoch:2/3][loss:2.830598]
2024-08-22 22:44:02.159 | INFO     | ortho:train:225 - [epoch:3/3][loss:2.797393]
2024-08-22 22:44:02.159 | INFO     | ortho:train:228 - [iter:49/50][iter_time:75.64]
2024-08-22 22:45:34.114 | INFO     | ortho:train:299 - [iter:49/50][code_length:64][mAP:0.90721][mAP_all:0.91160][best_mAP:0.90946]
2024-08-22 22:45:34.114 | INFO     | ortho:train:300 - [iter:49/50][code_length:64][zs_mAP:0.42599][zs_mAP_all:0.30195]
2024-08-22 22:46:00.318 | INFO     | ortho:train:225 - [epoch:1/3][loss:2.796649]
2024-08-22 22:46:26.778 | INFO     | ortho:train:225 - [epoch:2/3][loss:2.795641]
2024-08-22 22:46:53.521 | INFO     | ortho:train:225 - [epoch:3/3][loss:2.810048]
2024-08-22 22:46:53.522 | INFO     | ortho:train:228 - [iter:50/50][iter_time:79.41]
2024-08-22 22:48:22.132 | INFO     | ortho:train:299 - [iter:50/50][code_length:64][mAP:0.90848][mAP_all:0.91143][best_mAP:0.90946]
2024-08-22 22:48:22.133 | INFO     | ortho:train:300 - [iter:50/50][code_length:64][zs_mAP:0.42537][zs_mAP_all:0.28731]
2024-08-22 22:48:22.133 | INFO     | ortho:train:302 - [Training time:6013.60]
2024-08-22 22:48:22.135 | INFO     | __main__:run:123 - [code_length:64][map:0.9095][map_all:0.9128][zs_map:0.4241][zs_map_all:0.2916]
