2023-10-24 17:13:15.984 | SUCCESS  | __main__:run:47 - Namespace(align_step=50, arch='csq', batch_size=16, cauchy_gamma=20.0, code_length=[16, 32, 64], dataset='nus-widezs', device=device(type='cuda', index=1), gamma=200, gpu=1, info='nuswide-11-10-csq-1024', lambd=0.1, lambd_ch=0.1, lambd_sp=0.1, lr=0.001, lr_step=[45], margin=0.1, max_epoch=3, max_iter=50, momen=0.9, nesterov=False, net='ResNet', num_classes=10, num_query=1000, num_samples=2000, num_workers=2, num_zs=11, optim='SGD', pretrain=True, quan_loss=False, root='/2T/dataset/NUS-WIDE', save_ckpt='checkpoints/', topk=5000, val_freq=10, wd=0.0001)
2023-10-24 17:13:50.817 | INFO     | csq:train:198 - [epoch:1/3][loss:0.564234]
2023-10-24 17:14:06.633 | INFO     | csq:train:198 - [epoch:2/3][loss:0.448665]
2023-10-24 17:14:21.712 | INFO     | csq:train:198 - [epoch:3/3][loss:0.418816]
2023-10-24 17:14:21.713 | INFO     | csq:train:201 - [iter:1/50][iter_time:48.69]
2023-10-24 17:20:59.710 | INFO     | csq:train:271 - [iter:1/50][code_length:16][mAP:0.80613][mAP_all:0.81526][best_mAP:0.80613]
2023-10-24 17:20:59.710 | INFO     | csq:train:272 - [iter:1/50][code_length:16][zs_mAP:0.36762][zs_mAP_all:0.16308]
2023-10-24 17:21:14.979 | INFO     | csq:train:198 - [epoch:1/3][loss:0.404969]
2023-10-24 17:21:28.691 | INFO     | csq:train:198 - [epoch:2/3][loss:0.387727]
2023-10-24 17:21:43.351 | INFO     | csq:train:198 - [epoch:3/3][loss:0.383147]
2023-10-24 17:21:43.352 | INFO     | csq:train:201 - [iter:2/50][iter_time:43.64]
2023-10-24 17:28:17.652 | INFO     | csq:train:271 - [iter:2/50][code_length:16][mAP:0.84318][mAP_all:0.85116][best_mAP:0.84318]
2023-10-24 17:28:17.653 | INFO     | csq:train:272 - [iter:2/50][code_length:16][zs_mAP:0.41385][zs_mAP_all:0.22060]
2023-10-24 17:28:34.535 | INFO     | csq:train:198 - [epoch:1/3][loss:0.393257]
2023-10-24 17:28:50.367 | INFO     | csq:train:198 - [epoch:2/3][loss:0.382556]
2023-10-24 17:29:04.297 | INFO     | csq:train:198 - [epoch:3/3][loss:0.375213]
2023-10-24 17:29:04.298 | INFO     | csq:train:201 - [iter:3/50][iter_time:46.64]
2023-10-24 17:35:32.365 | INFO     | csq:train:271 - [iter:3/50][code_length:16][mAP:0.86026][mAP_all:0.86809][best_mAP:0.86026]
2023-10-24 17:35:32.366 | INFO     | csq:train:272 - [iter:3/50][code_length:16][zs_mAP:0.44545][zs_mAP_all:0.24447]
2023-10-24 17:35:48.311 | INFO     | csq:train:198 - [epoch:1/3][loss:0.385000]
2023-10-24 17:36:05.036 | INFO     | csq:train:198 - [epoch:2/3][loss:0.365950]
2023-10-24 17:36:19.909 | INFO     | csq:train:198 - [epoch:3/3][loss:0.359747]
2023-10-24 17:36:19.909 | INFO     | csq:train:201 - [iter:4/50][iter_time:47.54]
2023-10-24 17:42:46.573 | INFO     | csq:train:271 - [iter:4/50][code_length:16][mAP:0.86552][mAP_all:0.87441][best_mAP:0.86552]
2023-10-24 17:42:46.573 | INFO     | csq:train:272 - [iter:4/50][code_length:16][zs_mAP:0.45841][zs_mAP_all:0.24935]
2023-10-24 17:43:01.561 | INFO     | csq:train:198 - [epoch:1/3][loss:0.383011]
2023-10-24 17:43:17.191 | INFO     | csq:train:198 - [epoch:2/3][loss:0.373041]
2023-10-24 17:43:33.332 | INFO     | csq:train:198 - [epoch:3/3][loss:0.364769]
2023-10-24 17:43:33.333 | INFO     | csq:train:201 - [iter:5/50][iter_time:46.76]
2023-10-24 17:50:04.828 | INFO     | csq:train:271 - [iter:5/50][code_length:16][mAP:0.86452][mAP_all:0.87259][best_mAP:0.86552]
2023-10-24 17:50:04.829 | INFO     | csq:train:272 - [iter:5/50][code_length:16][zs_mAP:0.45397][zs_mAP_all:0.24331]
2023-10-24 17:50:20.494 | INFO     | csq:train:198 - [epoch:1/3][loss:0.380699]
2023-10-24 17:50:36.368 | INFO     | csq:train:198 - [epoch:2/3][loss:0.369371]
2023-10-24 17:50:51.908 | INFO     | csq:train:198 - [epoch:3/3][loss:0.366772]
2023-10-24 17:50:51.909 | INFO     | csq:train:201 - [iter:6/50][iter_time:47.08]
2023-10-24 17:57:22.162 | INFO     | csq:train:271 - [iter:6/50][code_length:16][mAP:0.86547][mAP_all:0.87283][best_mAP:0.86552]
2023-10-24 17:57:22.163 | INFO     | csq:train:272 - [iter:6/50][code_length:16][zs_mAP:0.45468][zs_mAP_all:0.25924]
2023-10-24 17:57:36.982 | INFO     | csq:train:198 - [epoch:1/3][loss:0.378697]
2023-10-24 17:57:52.303 | INFO     | csq:train:198 - [epoch:2/3][loss:0.365433]
2023-10-24 17:58:07.886 | INFO     | csq:train:198 - [epoch:3/3][loss:0.353141]
2023-10-24 17:58:07.887 | INFO     | csq:train:201 - [iter:7/50][iter_time:45.72]
2023-10-24 18:04:38.793 | INFO     | csq:train:271 - [iter:7/50][code_length:16][mAP:0.87680][mAP_all:0.88366][best_mAP:0.87680]
2023-10-24 18:04:38.793 | INFO     | csq:train:272 - [iter:7/50][code_length:16][zs_mAP:0.46048][zs_mAP_all:0.22729]
2023-10-24 18:04:52.559 | INFO     | csq:train:198 - [epoch:1/3][loss:0.369356]
2023-10-24 18:05:07.906 | INFO     | csq:train:198 - [epoch:2/3][loss:0.358582]
2023-10-24 18:05:23.445 | INFO     | csq:train:198 - [epoch:3/3][loss:0.350455]
2023-10-24 18:05:23.446 | INFO     | csq:train:201 - [iter:8/50][iter_time:44.65]
2023-10-24 18:11:52.374 | INFO     | csq:train:271 - [iter:8/50][code_length:16][mAP:0.87457][mAP_all:0.88025][best_mAP:0.87680]
2023-10-24 18:11:52.375 | INFO     | csq:train:272 - [iter:8/50][code_length:16][zs_mAP:0.45702][zs_mAP_all:0.24582]
2023-10-24 18:12:06.767 | INFO     | csq:train:198 - [epoch:1/3][loss:0.362472]
2023-10-24 18:12:21.053 | INFO     | csq:train:198 - [epoch:2/3][loss:0.353838]
2023-10-24 18:12:36.264 | INFO     | csq:train:198 - [epoch:3/3][loss:0.349336]
2023-10-24 18:12:36.265 | INFO     | csq:train:201 - [iter:9/50][iter_time:43.89]
2023-10-24 18:19:15.331 | INFO     | csq:train:271 - [iter:9/50][code_length:16][mAP:0.87739][mAP_all:0.88513][best_mAP:0.87739]
2023-10-24 18:19:15.332 | INFO     | csq:train:272 - [iter:9/50][code_length:16][zs_mAP:0.47383][zs_mAP_all:0.24206]
2023-10-24 18:19:30.397 | INFO     | csq:train:198 - [epoch:1/3][loss:0.368437]
2023-10-24 18:19:44.228 | INFO     | csq:train:198 - [epoch:2/3][loss:0.354284]
2023-10-24 18:19:58.201 | INFO     | csq:train:198 - [epoch:3/3][loss:0.352288]
2023-10-24 18:19:58.202 | INFO     | csq:train:201 - [iter:10/50][iter_time:42.87]
2023-10-24 18:26:31.233 | INFO     | csq:train:271 - [iter:10/50][code_length:16][mAP:0.88145][mAP_all:0.88693][best_mAP:0.88145]
2023-10-24 18:26:31.234 | INFO     | csq:train:272 - [iter:10/50][code_length:16][zs_mAP:0.44480][zs_mAP_all:0.23619]
2023-10-24 18:26:47.687 | INFO     | csq:train:198 - [epoch:1/3][loss:0.359897]
2023-10-24 18:27:04.070 | INFO     | csq:train:198 - [epoch:2/3][loss:0.342682]
2023-10-24 18:27:19.120 | INFO     | csq:train:198 - [epoch:3/3][loss:0.343682]
2023-10-24 18:27:19.123 | INFO     | csq:train:201 - [iter:11/50][iter_time:47.89]
2023-10-24 18:33:53.284 | INFO     | csq:train:271 - [iter:11/50][code_length:16][mAP:0.88102][mAP_all:0.88719][best_mAP:0.88145]
2023-10-24 18:33:53.285 | INFO     | csq:train:272 - [iter:11/50][code_length:16][zs_mAP:0.45794][zs_mAP_all:0.24296]
2023-10-24 18:34:08.907 | INFO     | csq:train:198 - [epoch:1/3][loss:0.366414]
2023-10-24 18:34:24.802 | INFO     | csq:train:198 - [epoch:2/3][loss:0.361866]
2023-10-24 18:34:40.557 | INFO     | csq:train:198 - [epoch:3/3][loss:0.350618]
2023-10-24 18:34:40.558 | INFO     | csq:train:201 - [iter:12/50][iter_time:47.27]
2023-10-24 18:41:15.879 | INFO     | csq:train:271 - [iter:12/50][code_length:16][mAP:0.87744][mAP_all:0.88522][best_mAP:0.88145]
2023-10-24 18:41:15.880 | INFO     | csq:train:272 - [iter:12/50][code_length:16][zs_mAP:0.46474][zs_mAP_all:0.23495]
2023-10-24 18:41:31.297 | INFO     | csq:train:198 - [epoch:1/3][loss:0.365078]
2023-10-24 18:41:45.492 | INFO     | csq:train:198 - [epoch:2/3][loss:0.360110]
2023-10-24 18:41:59.711 | INFO     | csq:train:198 - [epoch:3/3][loss:0.347407]
2023-10-24 18:41:59.712 | INFO     | csq:train:201 - [iter:13/50][iter_time:43.83]
2023-10-24 18:48:31.264 | INFO     | csq:train:271 - [iter:13/50][code_length:16][mAP:0.88010][mAP_all:0.88684][best_mAP:0.88145]
2023-10-24 18:48:31.265 | INFO     | csq:train:272 - [iter:13/50][code_length:16][zs_mAP:0.46435][zs_mAP_all:0.24953]
2023-10-24 18:48:47.128 | INFO     | csq:train:198 - [epoch:1/3][loss:0.361073]
2023-10-24 18:49:02.307 | INFO     | csq:train:198 - [epoch:2/3][loss:0.350432]
2023-10-24 18:49:16.138 | INFO     | csq:train:198 - [epoch:3/3][loss:0.345980]
2023-10-24 18:49:16.139 | INFO     | csq:train:201 - [iter:14/50][iter_time:44.87]
2023-10-24 18:55:48.629 | INFO     | csq:train:271 - [iter:14/50][code_length:16][mAP:0.88405][mAP_all:0.89061][best_mAP:0.88405]
2023-10-24 18:55:48.629 | INFO     | csq:train:272 - [iter:14/50][code_length:16][zs_mAP:0.46028][zs_mAP_all:0.24483]
2023-10-24 18:56:04.644 | INFO     | csq:train:198 - [epoch:1/3][loss:0.358881]
2023-10-24 18:56:20.693 | INFO     | csq:train:198 - [epoch:2/3][loss:0.353448]
2023-10-24 18:56:35.955 | INFO     | csq:train:198 - [epoch:3/3][loss:0.347686]
2023-10-24 18:56:35.956 | INFO     | csq:train:201 - [iter:15/50][iter_time:47.33]
2023-10-24 19:03:09.760 | INFO     | csq:train:271 - [iter:15/50][code_length:16][mAP:0.88189][mAP_all:0.88845][best_mAP:0.88405]
2023-10-24 19:03:09.761 | INFO     | csq:train:272 - [iter:15/50][code_length:16][zs_mAP:0.45978][zs_mAP_all:0.24961]
2023-10-24 19:03:24.318 | INFO     | csq:train:198 - [epoch:1/3][loss:0.352358]
2023-10-24 19:03:39.737 | INFO     | csq:train:198 - [epoch:2/3][loss:0.337583]
2023-10-24 19:03:55.301 | INFO     | csq:train:198 - [epoch:3/3][loss:0.332134]
2023-10-24 19:03:55.302 | INFO     | csq:train:201 - [iter:16/50][iter_time:45.54]
2023-10-24 19:10:28.836 | INFO     | csq:train:271 - [iter:16/50][code_length:16][mAP:0.88374][mAP_all:0.89038][best_mAP:0.88405]
2023-10-24 19:10:28.837 | INFO     | csq:train:272 - [iter:16/50][code_length:16][zs_mAP:0.46782][zs_mAP_all:0.23669]
2023-10-24 19:10:43.032 | INFO     | csq:train:198 - [epoch:1/3][loss:0.360785]
2023-10-24 19:10:57.198 | INFO     | csq:train:198 - [epoch:2/3][loss:0.353845]
2023-10-24 19:11:12.945 | INFO     | csq:train:198 - [epoch:3/3][loss:0.345311]
2023-10-24 19:11:12.946 | INFO     | csq:train:201 - [iter:17/50][iter_time:44.11]
2023-10-24 19:17:43.147 | INFO     | csq:train:271 - [iter:17/50][code_length:16][mAP:0.87899][mAP_all:0.88553][best_mAP:0.88405]
2023-10-24 19:17:43.147 | INFO     | csq:train:272 - [iter:17/50][code_length:16][zs_mAP:0.44632][zs_mAP_all:0.24096]
2023-10-24 19:17:57.287 | INFO     | csq:train:198 - [epoch:1/3][loss:0.356008]
2023-10-24 19:18:11.542 | INFO     | csq:train:198 - [epoch:2/3][loss:0.355811]
2023-10-24 19:18:26.265 | INFO     | csq:train:198 - [epoch:3/3][loss:0.335800]
2023-10-24 19:18:26.266 | INFO     | csq:train:201 - [iter:18/50][iter_time:43.12]
2023-10-24 19:25:05.116 | INFO     | csq:train:271 - [iter:18/50][code_length:16][mAP:0.88478][mAP_all:0.89118][best_mAP:0.88478]
2023-10-24 19:25:05.117 | INFO     | csq:train:272 - [iter:18/50][code_length:16][zs_mAP:0.45642][zs_mAP_all:0.23662]
2023-10-24 19:25:21.209 | INFO     | csq:train:198 - [epoch:1/3][loss:0.352270]
2023-10-24 19:25:35.710 | INFO     | csq:train:198 - [epoch:2/3][loss:0.341031]
2023-10-24 19:25:50.169 | INFO     | csq:train:198 - [epoch:3/3][loss:0.341624]
2023-10-24 19:25:50.170 | INFO     | csq:train:201 - [iter:19/50][iter_time:45.05]
2023-10-24 19:32:24.564 | INFO     | csq:train:271 - [iter:19/50][code_length:16][mAP:0.88340][mAP_all:0.88937][best_mAP:0.88478]
2023-10-24 19:32:24.564 | INFO     | csq:train:272 - [iter:19/50][code_length:16][zs_mAP:0.44595][zs_mAP_all:0.24273]
2023-10-24 19:32:39.847 | INFO     | csq:train:198 - [epoch:1/3][loss:0.346120]
2023-10-24 19:32:54.950 | INFO     | csq:train:198 - [epoch:2/3][loss:0.342944]
2023-10-24 19:33:09.395 | INFO     | csq:train:198 - [epoch:3/3][loss:0.331491]
2023-10-24 19:33:09.396 | INFO     | csq:train:201 - [iter:20/50][iter_time:44.83]
2023-10-24 19:39:52.080 | INFO     | csq:train:271 - [iter:20/50][code_length:16][mAP:0.88444][mAP_all:0.89076][best_mAP:0.88478]
2023-10-24 19:39:52.081 | INFO     | csq:train:272 - [iter:20/50][code_length:16][zs_mAP:0.46064][zs_mAP_all:0.24487]
2023-10-24 19:41:55.077 | INFO     | csq:train:198 - [epoch:1/3][loss:0.341764]
2023-10-24 19:42:20.970 | INFO     | csq:train:198 - [epoch:2/3][loss:0.338795]
2023-10-24 19:42:34.741 | INFO     | csq:train:198 - [epoch:3/3][loss:0.329172]
2023-10-24 19:42:34.742 | INFO     | csq:train:201 - [iter:21/50][iter_time:162.66]
2023-10-24 19:49:04.379 | INFO     | csq:train:271 - [iter:21/50][code_length:16][mAP:0.88392][mAP_all:0.89089][best_mAP:0.88478]
2023-10-24 19:49:04.380 | INFO     | csq:train:272 - [iter:21/50][code_length:16][zs_mAP:0.46813][zs_mAP_all:0.24471]
2023-10-24 19:51:12.351 | INFO     | csq:train:198 - [epoch:1/3][loss:0.352548]
2023-10-24 19:52:05.691 | INFO     | csq:train:198 - [epoch:2/3][loss:0.341844]
2023-10-24 19:52:40.268 | INFO     | csq:train:198 - [epoch:3/3][loss:0.338492]
2023-10-24 19:52:40.269 | INFO     | csq:train:201 - [iter:22/50][iter_time:215.89]
2023-10-24 19:59:07.804 | INFO     | csq:train:271 - [iter:22/50][code_length:16][mAP:0.88792][mAP_all:0.89354][best_mAP:0.88792]
2023-10-24 19:59:07.805 | INFO     | csq:train:272 - [iter:22/50][code_length:16][zs_mAP:0.46115][zs_mAP_all:0.24482]
2023-10-24 19:59:55.812 | INFO     | csq:train:198 - [epoch:1/3][loss:0.357592]
2023-10-24 20:00:49.014 | INFO     | csq:train:198 - [epoch:2/3][loss:0.346207]
2023-10-24 20:01:19.182 | INFO     | csq:train:198 - [epoch:3/3][loss:0.334011]
2023-10-24 20:01:19.183 | INFO     | csq:train:201 - [iter:23/50][iter_time:131.38]
2023-10-24 20:07:46.352 | INFO     | csq:train:271 - [iter:23/50][code_length:16][mAP:0.88540][mAP_all:0.89257][best_mAP:0.88792]
2023-10-24 20:07:46.352 | INFO     | csq:train:272 - [iter:23/50][code_length:16][zs_mAP:0.45725][zs_mAP_all:0.22619]
2023-10-24 20:08:02.398 | INFO     | csq:train:198 - [epoch:1/3][loss:0.355127]
2023-10-24 20:08:51.199 | INFO     | csq:train:198 - [epoch:2/3][loss:0.348511]
2023-10-24 20:09:22.935 | INFO     | csq:train:198 - [epoch:3/3][loss:0.339500]
2023-10-24 20:09:22.936 | INFO     | csq:train:201 - [iter:24/50][iter_time:96.58]
2023-10-24 20:15:52.240 | INFO     | csq:train:271 - [iter:24/50][code_length:16][mAP:0.88115][mAP_all:0.88838][best_mAP:0.88792]
2023-10-24 20:15:52.241 | INFO     | csq:train:272 - [iter:24/50][code_length:16][zs_mAP:0.45714][zs_mAP_all:0.24693]
2023-10-24 20:16:08.428 | INFO     | csq:train:198 - [epoch:1/3][loss:0.361893]
2023-10-24 20:16:23.518 | INFO     | csq:train:198 - [epoch:2/3][loss:0.353836]
2023-10-24 20:16:44.551 | INFO     | csq:train:198 - [epoch:3/3][loss:0.345686]
2023-10-24 20:16:44.552 | INFO     | csq:train:201 - [iter:25/50][iter_time:52.31]
2023-10-24 20:23:12.953 | INFO     | csq:train:271 - [iter:25/50][code_length:16][mAP:0.88746][mAP_all:0.89355][best_mAP:0.88792]
2023-10-24 20:23:12.954 | INFO     | csq:train:272 - [iter:25/50][code_length:16][zs_mAP:0.47054][zs_mAP_all:0.24769]
2023-10-24 20:23:29.524 | INFO     | csq:train:198 - [epoch:1/3][loss:0.365129]
2023-10-24 20:23:45.731 | INFO     | csq:train:198 - [epoch:2/3][loss:0.346919]
2023-10-24 20:23:59.919 | INFO     | csq:train:198 - [epoch:3/3][loss:0.345485]
2023-10-24 20:23:59.920 | INFO     | csq:train:201 - [iter:26/50][iter_time:46.97]
2023-10-24 20:30:26.276 | INFO     | csq:train:271 - [iter:26/50][code_length:16][mAP:0.89044][mAP_all:0.89605][best_mAP:0.89044]
2023-10-24 20:30:26.277 | INFO     | csq:train:272 - [iter:26/50][code_length:16][zs_mAP:0.45870][zs_mAP_all:0.23471]
2023-10-24 20:30:39.887 | INFO     | csq:train:198 - [epoch:1/3][loss:0.351138]
2023-10-24 20:30:53.548 | INFO     | csq:train:198 - [epoch:2/3][loss:0.341653]
2023-10-24 20:31:07.428 | INFO     | csq:train:198 - [epoch:3/3][loss:0.327809]
2023-10-24 20:31:07.429 | INFO     | csq:train:201 - [iter:27/50][iter_time:41.15]
2023-10-24 20:37:02.340 | INFO     | csq:train:271 - [iter:27/50][code_length:16][mAP:0.88625][mAP_all:0.89215][best_mAP:0.89044]
2023-10-24 20:37:02.341 | INFO     | csq:train:272 - [iter:27/50][code_length:16][zs_mAP:0.45480][zs_mAP_all:0.23035]
2023-10-24 20:37:16.423 | INFO     | csq:train:198 - [epoch:1/3][loss:0.341853]
2023-10-24 20:37:31.009 | INFO     | csq:train:198 - [epoch:2/3][loss:0.341558]
2023-10-24 20:37:45.673 | INFO     | csq:train:198 - [epoch:3/3][loss:0.326988]
2023-10-24 20:37:45.674 | INFO     | csq:train:201 - [iter:28/50][iter_time:43.33]
2023-10-24 20:43:45.077 | INFO     | csq:train:271 - [iter:28/50][code_length:16][mAP:0.88662][mAP_all:0.89267][best_mAP:0.89044]
2023-10-24 20:43:45.078 | INFO     | csq:train:272 - [iter:28/50][code_length:16][zs_mAP:0.45651][zs_mAP_all:0.23945]
2023-10-24 20:43:58.712 | INFO     | csq:train:198 - [epoch:1/3][loss:0.340969]
2023-10-24 20:44:12.101 | INFO     | csq:train:198 - [epoch:2/3][loss:0.337148]
2023-10-24 20:44:25.480 | INFO     | csq:train:198 - [epoch:3/3][loss:0.326245]
2023-10-24 20:44:25.481 | INFO     | csq:train:201 - [iter:29/50][iter_time:40.40]
2023-10-24 20:50:25.200 | INFO     | csq:train:271 - [iter:29/50][code_length:16][mAP:0.88820][mAP_all:0.89430][best_mAP:0.89044]
2023-10-24 20:50:25.201 | INFO     | csq:train:272 - [iter:29/50][code_length:16][zs_mAP:0.46305][zs_mAP_all:0.23538]
2023-10-24 20:50:39.564 | INFO     | csq:train:198 - [epoch:1/3][loss:0.343452]
2023-10-24 20:50:54.014 | INFO     | csq:train:198 - [epoch:2/3][loss:0.338372]
2023-10-24 20:51:08.843 | INFO     | csq:train:198 - [epoch:3/3][loss:0.336018]
2023-10-24 20:51:08.844 | INFO     | csq:train:201 - [iter:30/50][iter_time:43.64]
2023-10-24 20:57:05.882 | INFO     | csq:train:271 - [iter:30/50][code_length:16][mAP:0.89012][mAP_all:0.89645][best_mAP:0.89044]
2023-10-24 20:57:05.883 | INFO     | csq:train:272 - [iter:30/50][code_length:16][zs_mAP:0.45436][zs_mAP_all:0.24587]
2023-10-24 20:57:19.596 | INFO     | csq:train:198 - [epoch:1/3][loss:0.348093]
2023-10-24 20:57:33.843 | INFO     | csq:train:198 - [epoch:2/3][loss:0.336480]
2023-10-24 20:57:48.087 | INFO     | csq:train:198 - [epoch:3/3][loss:0.328989]
2023-10-24 20:57:48.088 | INFO     | csq:train:201 - [iter:31/50][iter_time:42.20]
2023-10-24 21:03:46.770 | INFO     | csq:train:271 - [iter:31/50][code_length:16][mAP:0.88921][mAP_all:0.89502][best_mAP:0.89044]
2023-10-24 21:03:46.771 | INFO     | csq:train:272 - [iter:31/50][code_length:16][zs_mAP:0.46097][zs_mAP_all:0.24453]
2023-10-24 21:04:01.174 | INFO     | csq:train:198 - [epoch:1/3][loss:0.356970]
2023-10-24 21:04:15.445 | INFO     | csq:train:198 - [epoch:2/3][loss:0.340812]
2023-10-24 21:04:30.054 | INFO     | csq:train:198 - [epoch:3/3][loss:0.342133]
2023-10-24 21:04:30.055 | INFO     | csq:train:201 - [iter:32/50][iter_time:43.28]
2023-10-24 21:10:30.175 | INFO     | csq:train:271 - [iter:32/50][code_length:16][mAP:0.88814][mAP_all:0.89438][best_mAP:0.89044]
2023-10-24 21:10:30.175 | INFO     | csq:train:272 - [iter:32/50][code_length:16][zs_mAP:0.46727][zs_mAP_all:0.24043]
2023-10-24 21:10:44.415 | INFO     | csq:train:198 - [epoch:1/3][loss:0.345963]
2023-10-24 21:10:57.996 | INFO     | csq:train:198 - [epoch:2/3][loss:0.342576]
2023-10-24 21:11:11.948 | INFO     | csq:train:198 - [epoch:3/3][loss:0.336417]
2023-10-24 21:11:11.949 | INFO     | csq:train:201 - [iter:33/50][iter_time:41.77]
2023-10-24 21:17:11.549 | INFO     | csq:train:271 - [iter:33/50][code_length:16][mAP:0.88818][mAP_all:0.89530][best_mAP:0.89044]
2023-10-24 21:17:11.550 | INFO     | csq:train:272 - [iter:33/50][code_length:16][zs_mAP:0.47014][zs_mAP_all:0.24506]
2023-10-24 21:17:26.932 | INFO     | csq:train:198 - [epoch:1/3][loss:0.344560]
2023-10-24 21:17:41.375 | INFO     | csq:train:198 - [epoch:2/3][loss:0.340484]
2023-10-24 21:17:56.024 | INFO     | csq:train:198 - [epoch:3/3][loss:0.330681]
2023-10-24 21:17:56.025 | INFO     | csq:train:201 - [iter:34/50][iter_time:44.47]
2023-10-24 21:23:57.066 | INFO     | csq:train:271 - [iter:34/50][code_length:16][mAP:0.88697][mAP_all:0.89355][best_mAP:0.89044]
2023-10-24 21:23:57.067 | INFO     | csq:train:272 - [iter:34/50][code_length:16][zs_mAP:0.45777][zs_mAP_all:0.23028]
2023-10-24 21:24:11.304 | INFO     | csq:train:198 - [epoch:1/3][loss:0.330355]
2023-10-24 21:24:25.047 | INFO     | csq:train:198 - [epoch:2/3][loss:0.327760]
2023-10-24 21:24:38.763 | INFO     | csq:train:198 - [epoch:3/3][loss:0.321985]
2023-10-24 21:24:38.763 | INFO     | csq:train:201 - [iter:35/50][iter_time:41.70]
2023-10-24 21:30:34.105 | INFO     | csq:train:271 - [iter:35/50][code_length:16][mAP:0.88952][mAP_all:0.89587][best_mAP:0.89044]
2023-10-24 21:30:34.106 | INFO     | csq:train:272 - [iter:35/50][code_length:16][zs_mAP:0.46361][zs_mAP_all:0.23847]
2023-10-24 21:30:48.107 | INFO     | csq:train:198 - [epoch:1/3][loss:0.345795]
2023-10-24 21:31:01.559 | INFO     | csq:train:198 - [epoch:2/3][loss:0.339371]
2023-10-24 21:31:15.536 | INFO     | csq:train:198 - [epoch:3/3][loss:0.331377]
2023-10-24 21:31:15.537 | INFO     | csq:train:201 - [iter:36/50][iter_time:41.43]
2023-10-24 21:37:10.116 | INFO     | csq:train:271 - [iter:36/50][code_length:16][mAP:0.88969][mAP_all:0.89613][best_mAP:0.89044]
2023-10-24 21:37:10.116 | INFO     | csq:train:272 - [iter:36/50][code_length:16][zs_mAP:0.45679][zs_mAP_all:0.23822]
2023-10-24 21:37:26.430 | INFO     | csq:train:198 - [epoch:1/3][loss:0.344149]
2023-10-24 21:37:40.116 | INFO     | csq:train:198 - [epoch:2/3][loss:0.332251]
2023-10-24 21:37:53.222 | INFO     | csq:train:198 - [epoch:3/3][loss:0.326664]
2023-10-24 21:37:53.223 | INFO     | csq:train:201 - [iter:37/50][iter_time:43.11]
2023-10-24 21:43:51.041 | INFO     | csq:train:271 - [iter:37/50][code_length:16][mAP:0.88774][mAP_all:0.89286][best_mAP:0.89044]
2023-10-24 21:43:51.041 | INFO     | csq:train:272 - [iter:37/50][code_length:16][zs_mAP:0.45193][zs_mAP_all:0.23496]
2023-10-24 21:44:07.801 | INFO     | csq:train:198 - [epoch:1/3][loss:0.337693]
2023-10-24 21:44:24.694 | INFO     | csq:train:198 - [epoch:2/3][loss:0.333683]
2023-10-24 21:44:38.022 | INFO     | csq:train:198 - [epoch:3/3][loss:0.328564]
2023-10-24 21:44:38.023 | INFO     | csq:train:201 - [iter:38/50][iter_time:46.98]
2023-10-24 21:50:34.340 | INFO     | csq:train:271 - [iter:38/50][code_length:16][mAP:0.89073][mAP_all:0.89658][best_mAP:0.89073]
2023-10-24 21:50:34.341 | INFO     | csq:train:272 - [iter:38/50][code_length:16][zs_mAP:0.45485][zs_mAP_all:0.23165]
2023-10-24 21:50:50.641 | INFO     | csq:train:198 - [epoch:1/3][loss:0.351316]
2023-10-24 21:51:05.446 | INFO     | csq:train:198 - [epoch:2/3][loss:0.346038]
2023-10-24 21:51:21.099 | INFO     | csq:train:198 - [epoch:3/3][loss:0.336542]
2023-10-24 21:51:21.099 | INFO     | csq:train:201 - [iter:39/50][iter_time:46.76]
2023-10-24 21:57:18.027 | INFO     | csq:train:271 - [iter:39/50][code_length:16][mAP:0.88903][mAP_all:0.89559][best_mAP:0.89073]
2023-10-24 21:57:18.028 | INFO     | csq:train:272 - [iter:39/50][code_length:16][zs_mAP:0.46608][zs_mAP_all:0.23348]
2023-10-24 21:57:34.091 | INFO     | csq:train:198 - [epoch:1/3][loss:0.341118]
2023-10-24 21:57:51.294 | INFO     | csq:train:198 - [epoch:2/3][loss:0.332120]
2023-10-24 21:58:06.703 | INFO     | csq:train:198 - [epoch:3/3][loss:0.325229]
2023-10-24 21:58:06.704 | INFO     | csq:train:201 - [iter:40/50][iter_time:48.68]
2023-10-24 22:04:03.402 | INFO     | csq:train:271 - [iter:40/50][code_length:16][mAP:0.88779][mAP_all:0.89460][best_mAP:0.89073]
2023-10-24 22:04:03.402 | INFO     | csq:train:272 - [iter:40/50][code_length:16][zs_mAP:0.45887][zs_mAP_all:0.24178]
2023-10-24 22:04:17.809 | INFO     | csq:train:198 - [epoch:1/3][loss:0.343211]
2023-10-24 22:04:34.246 | INFO     | csq:train:198 - [epoch:2/3][loss:0.335165]
2023-10-24 22:04:51.910 | INFO     | csq:train:198 - [epoch:3/3][loss:0.334637]
2023-10-24 22:04:51.911 | INFO     | csq:train:201 - [iter:41/50][iter_time:48.51]
2023-10-24 22:10:49.568 | INFO     | csq:train:271 - [iter:41/50][code_length:16][mAP:0.88777][mAP_all:0.89471][best_mAP:0.89073]
2023-10-24 22:10:49.569 | INFO     | csq:train:272 - [iter:41/50][code_length:16][zs_mAP:0.46574][zs_mAP_all:0.23916]
2023-10-24 22:11:03.708 | INFO     | csq:train:198 - [epoch:1/3][loss:0.346226]
2023-10-24 22:11:17.173 | INFO     | csq:train:198 - [epoch:2/3][loss:0.338953]
2023-10-24 22:11:37.070 | INFO     | csq:train:198 - [epoch:3/3][loss:0.329303]
2023-10-24 22:11:37.071 | INFO     | csq:train:201 - [iter:42/50][iter_time:47.50]
2023-10-24 22:17:34.923 | INFO     | csq:train:271 - [iter:42/50][code_length:16][mAP:0.88889][mAP_all:0.89453][best_mAP:0.89073]
2023-10-24 22:17:34.924 | INFO     | csq:train:272 - [iter:42/50][code_length:16][zs_mAP:0.45209][zs_mAP_all:0.23270]
2023-10-24 22:17:49.537 | INFO     | csq:train:198 - [epoch:1/3][loss:0.336021]
2023-10-24 22:18:03.667 | INFO     | csq:train:198 - [epoch:2/3][loss:0.324124]
2023-10-24 22:18:19.458 | INFO     | csq:train:198 - [epoch:3/3][loss:0.317059]
2023-10-24 22:18:19.459 | INFO     | csq:train:201 - [iter:43/50][iter_time:44.53]
2023-10-24 22:24:17.873 | INFO     | csq:train:271 - [iter:43/50][code_length:16][mAP:0.89120][mAP_all:0.89518][best_mAP:0.89120]
2023-10-24 22:24:17.874 | INFO     | csq:train:272 - [iter:43/50][code_length:16][zs_mAP:0.44540][zs_mAP_all:0.24353]
2023-10-24 22:24:32.073 | INFO     | csq:train:198 - [epoch:1/3][loss:0.338121]
2023-10-24 22:24:45.463 | INFO     | csq:train:198 - [epoch:2/3][loss:0.332303]
2023-10-24 22:24:58.987 | INFO     | csq:train:198 - [epoch:3/3][loss:0.321423]
2023-10-24 22:24:58.988 | INFO     | csq:train:201 - [iter:44/50][iter_time:41.11]
2023-10-24 22:30:55.042 | INFO     | csq:train:271 - [iter:44/50][code_length:16][mAP:0.88861][mAP_all:0.89406][best_mAP:0.89120]
2023-10-24 22:30:55.043 | INFO     | csq:train:272 - [iter:44/50][code_length:16][zs_mAP:0.45291][zs_mAP_all:0.22346]
2023-10-24 22:31:08.703 | INFO     | csq:train:198 - [epoch:1/3][loss:0.347139]
2023-10-24 22:31:22.806 | INFO     | csq:train:198 - [epoch:2/3][loss:0.337831]
2023-10-24 22:31:36.971 | INFO     | csq:train:198 - [epoch:3/3][loss:0.329822]
2023-10-24 22:31:36.972 | INFO     | csq:train:201 - [iter:45/50][iter_time:41.93]
2023-10-24 22:37:35.377 | INFO     | csq:train:271 - [iter:45/50][code_length:16][mAP:0.89158][mAP_all:0.89701][best_mAP:0.89158]
2023-10-24 22:37:35.377 | INFO     | csq:train:272 - [iter:45/50][code_length:16][zs_mAP:0.44564][zs_mAP_all:0.22842]
2023-10-24 22:37:49.150 | INFO     | csq:train:198 - [epoch:1/3][loss:0.333394]
2023-10-24 22:38:03.451 | INFO     | csq:train:198 - [epoch:2/3][loss:0.327693]
2023-10-24 22:38:17.802 | INFO     | csq:train:198 - [epoch:3/3][loss:0.320251]
2023-10-24 22:38:17.803 | INFO     | csq:train:201 - [iter:46/50][iter_time:42.43]
2023-10-24 22:44:20.509 | INFO     | csq:train:271 - [iter:46/50][code_length:16][mAP:0.89257][mAP_all:0.89770][best_mAP:0.89257]
2023-10-24 22:44:20.509 | INFO     | csq:train:272 - [iter:46/50][code_length:16][zs_mAP:0.44185][zs_mAP_all:0.22606]
2023-10-24 22:44:35.308 | INFO     | csq:train:198 - [epoch:1/3][loss:0.341637]
2023-10-24 22:44:50.049 | INFO     | csq:train:198 - [epoch:2/3][loss:0.335014]
2023-10-24 22:45:04.650 | INFO     | csq:train:198 - [epoch:3/3][loss:0.330192]
2023-10-24 22:45:04.652 | INFO     | csq:train:201 - [iter:47/50][iter_time:44.14]
2023-10-24 22:51:03.362 | INFO     | csq:train:271 - [iter:47/50][code_length:16][mAP:0.89198][mAP_all:0.89722][best_mAP:0.89257]
2023-10-24 22:51:03.363 | INFO     | csq:train:272 - [iter:47/50][code_length:16][zs_mAP:0.44814][zs_mAP_all:0.22677]
2023-10-24 22:51:17.005 | INFO     | csq:train:198 - [epoch:1/3][loss:0.331817]
2023-10-24 22:51:31.268 | INFO     | csq:train:198 - [epoch:2/3][loss:0.335559]
2023-10-24 22:51:45.812 | INFO     | csq:train:198 - [epoch:3/3][loss:0.332260]
2023-10-24 22:51:45.812 | INFO     | csq:train:201 - [iter:48/50][iter_time:42.45]
2023-10-24 22:57:40.593 | INFO     | csq:train:271 - [iter:48/50][code_length:16][mAP:0.89268][mAP_all:0.89754][best_mAP:0.89268]
2023-10-24 22:57:40.593 | INFO     | csq:train:272 - [iter:48/50][code_length:16][zs_mAP:0.44406][zs_mAP_all:0.23149]
2023-10-24 22:57:54.774 | INFO     | csq:train:198 - [epoch:1/3][loss:0.335567]
2023-10-24 22:58:08.617 | INFO     | csq:train:198 - [epoch:2/3][loss:0.330102]
2023-10-24 22:58:22.165 | INFO     | csq:train:198 - [epoch:3/3][loss:0.334013]
2023-10-24 22:58:22.166 | INFO     | csq:train:201 - [iter:49/50][iter_time:41.57]
2023-10-24 23:04:19.941 | INFO     | csq:train:271 - [iter:49/50][code_length:16][mAP:0.89260][mAP_all:0.89809][best_mAP:0.89268]
2023-10-24 23:04:19.942 | INFO     | csq:train:272 - [iter:49/50][code_length:16][zs_mAP:0.45081][zs_mAP_all:0.22726]
2023-10-24 23:04:32.236 | INFO     | csq:train:198 - [epoch:1/3][loss:0.333676]
2023-10-24 23:04:44.493 | INFO     | csq:train:198 - [epoch:2/3][loss:0.334645]
2023-10-24 23:04:56.704 | INFO     | csq:train:198 - [epoch:3/3][loss:0.330507]
2023-10-24 23:04:56.705 | INFO     | csq:train:201 - [iter:50/50][iter_time:36.76]
2023-10-24 23:10:57.383 | INFO     | csq:train:271 - [iter:50/50][code_length:16][mAP:0.89257][mAP_all:0.89806][best_mAP:0.89268]
2023-10-24 23:10:57.383 | INFO     | csq:train:272 - [iter:50/50][code_length:16][zs_mAP:0.45686][zs_mAP_all:0.22855]
2023-10-24 23:10:57.383 | INFO     | csq:train:275 - [Training time:21444.36]
2023-10-24 23:10:57.388 | INFO     | __main__:run:126 - [code_length:16][map:0.8927][map_all:0.8975][zs_map:0.4441][zs_map_all:0.2315]
2023-10-24 23:11:11.481 | INFO     | csq:train:198 - [epoch:1/3][loss:0.583583]
2023-10-24 23:11:25.166 | INFO     | csq:train:198 - [epoch:2/3][loss:0.473607]
2023-10-24 23:11:38.969 | INFO     | csq:train:198 - [epoch:3/3][loss:0.424343]
2023-10-24 23:11:38.970 | INFO     | csq:train:201 - [iter:1/50][iter_time:41.07]
2023-10-24 23:17:36.456 | INFO     | csq:train:271 - [iter:1/50][code_length:32][mAP:0.81173][mAP_all:0.81992][best_mAP:0.81173]
2023-10-24 23:17:36.457 | INFO     | csq:train:272 - [iter:1/50][code_length:32][zs_mAP:0.38659][zs_mAP_all:0.17009]
2023-10-24 23:17:51.266 | INFO     | csq:train:198 - [epoch:1/3][loss:0.424795]
2023-10-24 23:18:06.074 | INFO     | csq:train:198 - [epoch:2/3][loss:0.406095]
2023-10-24 23:18:20.679 | INFO     | csq:train:198 - [epoch:3/3][loss:0.396634]
2023-10-24 23:18:20.680 | INFO     | csq:train:201 - [iter:2/50][iter_time:44.22]
2023-10-24 23:24:18.254 | INFO     | csq:train:271 - [iter:2/50][code_length:32][mAP:0.84406][mAP_all:0.85204][best_mAP:0.84406]
2023-10-24 23:24:18.255 | INFO     | csq:train:272 - [iter:2/50][code_length:32][zs_mAP:0.44048][zs_mAP_all:0.24007]
2023-10-24 23:24:32.669 | INFO     | csq:train:198 - [epoch:1/3][loss:0.388133]
2023-10-24 23:24:47.418 | INFO     | csq:train:198 - [epoch:2/3][loss:0.378039]
2023-10-24 23:25:02.163 | INFO     | csq:train:198 - [epoch:3/3][loss:0.371056]
2023-10-24 23:25:02.165 | INFO     | csq:train:201 - [iter:3/50][iter_time:43.91]
2023-10-24 23:30:58.309 | INFO     | csq:train:271 - [iter:3/50][code_length:32][mAP:0.86655][mAP_all:0.87322][best_mAP:0.86655]
2023-10-24 23:30:58.309 | INFO     | csq:train:272 - [iter:3/50][code_length:32][zs_mAP:0.44303][zs_mAP_all:0.26018]
2023-10-24 23:31:12.686 | INFO     | csq:train:198 - [epoch:1/3][loss:0.381429]
2023-10-24 23:31:27.399 | INFO     | csq:train:198 - [epoch:2/3][loss:0.368987]
2023-10-24 23:31:42.103 | INFO     | csq:train:198 - [epoch:3/3][loss:0.370717]
2023-10-24 23:31:42.104 | INFO     | csq:train:201 - [iter:4/50][iter_time:43.79]
2023-10-24 23:37:38.177 | INFO     | csq:train:271 - [iter:4/50][code_length:32][mAP:0.87686][mAP_all:0.88302][best_mAP:0.87686]
2023-10-24 23:37:38.178 | INFO     | csq:train:272 - [iter:4/50][code_length:32][zs_mAP:0.46676][zs_mAP_all:0.26583]
2023-10-24 23:37:51.827 | INFO     | csq:train:198 - [epoch:1/3][loss:0.372671]
2023-10-24 23:38:06.199 | INFO     | csq:train:198 - [epoch:2/3][loss:0.368801]
2023-10-24 23:38:21.003 | INFO     | csq:train:198 - [epoch:3/3][loss:0.357880]
2023-10-24 23:38:21.004 | INFO     | csq:train:201 - [iter:5/50][iter_time:42.83]
2023-10-24 23:44:17.653 | INFO     | csq:train:271 - [iter:5/50][code_length:32][mAP:0.88069][mAP_all:0.88814][best_mAP:0.88069]
2023-10-24 23:44:17.653 | INFO     | csq:train:272 - [iter:5/50][code_length:32][zs_mAP:0.48016][zs_mAP_all:0.27189]
2023-10-24 23:44:32.289 | INFO     | csq:train:198 - [epoch:1/3][loss:0.374379]
2023-10-24 23:44:45.509 | INFO     | csq:train:198 - [epoch:2/3][loss:0.367445]
2023-10-24 23:44:58.826 | INFO     | csq:train:198 - [epoch:3/3][loss:0.364661]
2023-10-24 23:44:58.826 | INFO     | csq:train:201 - [iter:6/50][iter_time:41.17]
2023-10-24 23:50:54.969 | INFO     | csq:train:271 - [iter:6/50][code_length:32][mAP:0.88416][mAP_all:0.89004][best_mAP:0.88416]
2023-10-24 23:50:54.970 | INFO     | csq:train:272 - [iter:6/50][code_length:32][zs_mAP:0.47296][zs_mAP_all:0.27097]
2023-10-24 23:51:08.875 | INFO     | csq:train:198 - [epoch:1/3][loss:0.364797]
2023-10-24 23:51:23.852 | INFO     | csq:train:198 - [epoch:2/3][loss:0.350488]
2023-10-24 23:51:38.568 | INFO     | csq:train:198 - [epoch:3/3][loss:0.348682]
2023-10-24 23:51:38.569 | INFO     | csq:train:201 - [iter:7/50][iter_time:43.60]
2023-10-24 23:57:34.516 | INFO     | csq:train:271 - [iter:7/50][code_length:32][mAP:0.88897][mAP_all:0.89378][best_mAP:0.88897]
2023-10-24 23:57:34.517 | INFO     | csq:train:272 - [iter:7/50][code_length:32][zs_mAP:0.47398][zs_mAP_all:0.26453]
2023-10-24 23:57:48.755 | INFO     | csq:train:198 - [epoch:1/3][loss:0.361260]
2023-10-24 23:58:03.132 | INFO     | csq:train:198 - [epoch:2/3][loss:0.353923]
2023-10-24 23:58:17.529 | INFO     | csq:train:198 - [epoch:3/3][loss:0.356734]
2023-10-24 23:58:17.530 | INFO     | csq:train:201 - [iter:8/50][iter_time:43.01]
2023-10-25 00:04:16.453 | INFO     | csq:train:271 - [iter:8/50][code_length:32][mAP:0.88468][mAP_all:0.89095][best_mAP:0.88897]
2023-10-25 00:04:16.454 | INFO     | csq:train:272 - [iter:8/50][code_length:32][zs_mAP:0.48586][zs_mAP_all:0.26295]
2023-10-25 00:04:30.149 | INFO     | csq:train:198 - [epoch:1/3][loss:0.368256]
2023-10-25 00:04:43.983 | INFO     | csq:train:198 - [epoch:2/3][loss:0.355437]
2023-10-25 00:04:57.527 | INFO     | csq:train:198 - [epoch:3/3][loss:0.346294]
2023-10-25 00:04:57.528 | INFO     | csq:train:201 - [iter:9/50][iter_time:41.07]
2023-10-25 00:10:55.674 | INFO     | csq:train:271 - [iter:9/50][code_length:32][mAP:0.88630][mAP_all:0.89292][best_mAP:0.88897]
2023-10-25 00:10:55.674 | INFO     | csq:train:272 - [iter:9/50][code_length:32][zs_mAP:0.49124][zs_mAP_all:0.26721]
2023-10-25 00:11:09.608 | INFO     | csq:train:198 - [epoch:1/3][loss:0.359077]
2023-10-25 00:11:23.313 | INFO     | csq:train:198 - [epoch:2/3][loss:0.347459]
2023-10-25 00:11:37.072 | INFO     | csq:train:198 - [epoch:3/3][loss:0.340039]
2023-10-25 00:11:37.072 | INFO     | csq:train:201 - [iter:10/50][iter_time:41.40]
2023-10-25 00:17:39.165 | INFO     | csq:train:271 - [iter:10/50][code_length:32][mAP:0.88543][mAP_all:0.89218][best_mAP:0.88897]
2023-10-25 00:17:39.166 | INFO     | csq:train:272 - [iter:10/50][code_length:32][zs_mAP:0.48696][zs_mAP_all:0.26276]
2023-10-25 00:17:54.077 | INFO     | csq:train:198 - [epoch:1/3][loss:0.353186]
2023-10-25 00:18:08.709 | INFO     | csq:train:198 - [epoch:2/3][loss:0.348099]
2023-10-25 00:18:23.339 | INFO     | csq:train:198 - [epoch:3/3][loss:0.336070]
2023-10-25 00:18:23.339 | INFO     | csq:train:201 - [iter:11/50][iter_time:44.17]
2023-10-25 00:24:22.939 | INFO     | csq:train:271 - [iter:11/50][code_length:32][mAP:0.88804][mAP_all:0.89396][best_mAP:0.88897]
2023-10-25 00:24:22.940 | INFO     | csq:train:272 - [iter:11/50][code_length:32][zs_mAP:0.47681][zs_mAP_all:0.25579]
2023-10-25 00:24:37.416 | INFO     | csq:train:198 - [epoch:1/3][loss:0.361608]
2023-10-25 00:24:51.993 | INFO     | csq:train:198 - [epoch:2/3][loss:0.349375]
2023-10-25 00:25:06.676 | INFO     | csq:train:198 - [epoch:3/3][loss:0.340568]
2023-10-25 00:25:06.677 | INFO     | csq:train:201 - [iter:12/50][iter_time:43.74]
2023-10-25 00:31:02.277 | INFO     | csq:train:271 - [iter:12/50][code_length:32][mAP:0.89329][mAP_all:0.89781][best_mAP:0.89329]
2023-10-25 00:31:02.277 | INFO     | csq:train:272 - [iter:12/50][code_length:32][zs_mAP:0.48296][zs_mAP_all:0.25661]
2023-10-25 00:31:16.661 | INFO     | csq:train:198 - [epoch:1/3][loss:0.348030]
2023-10-25 00:31:31.480 | INFO     | csq:train:198 - [epoch:2/3][loss:0.344098]
2023-10-25 00:31:45.985 | INFO     | csq:train:198 - [epoch:3/3][loss:0.337176]
2023-10-25 00:31:45.985 | INFO     | csq:train:201 - [iter:13/50][iter_time:43.71]
2023-10-25 00:37:42.334 | INFO     | csq:train:271 - [iter:13/50][code_length:32][mAP:0.89003][mAP_all:0.89612][best_mAP:0.89329]
2023-10-25 00:37:42.335 | INFO     | csq:train:272 - [iter:13/50][code_length:32][zs_mAP:0.48310][zs_mAP_all:0.25554]
2023-10-25 00:37:55.952 | INFO     | csq:train:198 - [epoch:1/3][loss:0.360488]
2023-10-25 00:38:09.451 | INFO     | csq:train:198 - [epoch:2/3][loss:0.354694]
2023-10-25 00:38:22.817 | INFO     | csq:train:198 - [epoch:3/3][loss:0.345067]
2023-10-25 00:38:22.818 | INFO     | csq:train:201 - [iter:14/50][iter_time:40.48]
2023-10-25 00:44:20.827 | INFO     | csq:train:271 - [iter:14/50][code_length:32][mAP:0.88894][mAP_all:0.89422][best_mAP:0.89329]
2023-10-25 00:44:20.828 | INFO     | csq:train:272 - [iter:14/50][code_length:32][zs_mAP:0.48375][zs_mAP_all:0.26240]
2023-10-25 00:44:35.057 | INFO     | csq:train:198 - [epoch:1/3][loss:0.350443]
2023-10-25 00:44:49.680 | INFO     | csq:train:198 - [epoch:2/3][loss:0.356945]
2023-10-25 00:45:04.398 | INFO     | csq:train:198 - [epoch:3/3][loss:0.343571]
2023-10-25 00:45:04.398 | INFO     | csq:train:201 - [iter:15/50][iter_time:43.57]
2023-10-25 00:51:03.106 | INFO     | csq:train:271 - [iter:15/50][code_length:32][mAP:0.89195][mAP_all:0.89564][best_mAP:0.89329]
2023-10-25 00:51:03.107 | INFO     | csq:train:272 - [iter:15/50][code_length:32][zs_mAP:0.46927][zs_mAP_all:0.25987]
2023-10-25 00:51:17.143 | INFO     | csq:train:198 - [epoch:1/3][loss:0.349993]
2023-10-25 00:51:30.582 | INFO     | csq:train:198 - [epoch:2/3][loss:0.333313]
2023-10-25 00:51:43.459 | INFO     | csq:train:198 - [epoch:3/3][loss:0.333779]
2023-10-25 00:51:43.460 | INFO     | csq:train:201 - [iter:16/50][iter_time:40.35]
2023-10-25 00:57:40.528 | INFO     | csq:train:271 - [iter:16/50][code_length:32][mAP:0.89343][mAP_all:0.89834][best_mAP:0.89343]
2023-10-25 00:57:40.529 | INFO     | csq:train:272 - [iter:16/50][code_length:32][zs_mAP:0.48135][zs_mAP_all:0.26735]
2023-10-25 00:57:55.277 | INFO     | csq:train:198 - [epoch:1/3][loss:0.355987]
2023-10-25 00:58:09.891 | INFO     | csq:train:198 - [epoch:2/3][loss:0.344159]
2023-10-25 00:58:23.820 | INFO     | csq:train:198 - [epoch:3/3][loss:0.332016]
2023-10-25 00:58:23.821 | INFO     | csq:train:201 - [iter:17/50][iter_time:43.29]
2023-10-25 01:04:17.920 | INFO     | csq:train:271 - [iter:17/50][code_length:32][mAP:0.89029][mAP_all:0.89552][best_mAP:0.89343]
2023-10-25 01:04:17.921 | INFO     | csq:train:272 - [iter:17/50][code_length:32][zs_mAP:0.48156][zs_mAP_all:0.24881]
2023-10-25 01:04:31.411 | INFO     | csq:train:198 - [epoch:1/3][loss:0.335730]
2023-10-25 01:04:45.197 | INFO     | csq:train:198 - [epoch:2/3][loss:0.330334]
2023-10-25 01:04:58.655 | INFO     | csq:train:198 - [epoch:3/3][loss:0.328339]
2023-10-25 01:04:58.656 | INFO     | csq:train:201 - [iter:18/50][iter_time:40.73]
2023-10-25 01:11:04.203 | INFO     | csq:train:271 - [iter:18/50][code_length:32][mAP:0.89003][mAP_all:0.89494][best_mAP:0.89343]
2023-10-25 01:11:04.203 | INFO     | csq:train:272 - [iter:18/50][code_length:32][zs_mAP:0.48004][zs_mAP_all:0.24148]
2023-10-25 01:11:18.688 | INFO     | csq:train:198 - [epoch:1/3][loss:0.352647]
2023-10-25 01:11:33.367 | INFO     | csq:train:198 - [epoch:2/3][loss:0.340827]
2023-10-25 01:11:48.071 | INFO     | csq:train:198 - [epoch:3/3][loss:0.335539]
2023-10-25 01:11:48.072 | INFO     | csq:train:201 - [iter:19/50][iter_time:43.87]
2023-10-25 01:17:46.041 | INFO     | csq:train:271 - [iter:19/50][code_length:32][mAP:0.89465][mAP_all:0.89834][best_mAP:0.89465]
2023-10-25 01:17:46.042 | INFO     | csq:train:272 - [iter:19/50][code_length:32][zs_mAP:0.47440][zs_mAP_all:0.24896]
2023-10-25 01:18:00.734 | INFO     | csq:train:198 - [epoch:1/3][loss:0.339138]
2023-10-25 01:18:14.772 | INFO     | csq:train:198 - [epoch:2/3][loss:0.334462]
2023-10-25 01:18:29.058 | INFO     | csq:train:198 - [epoch:3/3][loss:0.329309]
2023-10-25 01:18:29.058 | INFO     | csq:train:201 - [iter:20/50][iter_time:43.02]
2023-10-25 01:24:24.365 | INFO     | csq:train:271 - [iter:20/50][code_length:32][mAP:0.89344][mAP_all:0.89836][best_mAP:0.89465]
2023-10-25 01:24:24.366 | INFO     | csq:train:272 - [iter:20/50][code_length:32][zs_mAP:0.48127][zs_mAP_all:0.25494]
2023-10-25 01:24:40.692 | INFO     | csq:train:198 - [epoch:1/3][loss:0.345393]
2023-10-25 01:24:53.645 | INFO     | csq:train:198 - [epoch:2/3][loss:0.341792]
2023-10-25 01:25:07.472 | INFO     | csq:train:198 - [epoch:3/3][loss:0.328222]
2023-10-25 01:25:07.473 | INFO     | csq:train:201 - [iter:21/50][iter_time:43.11]
2023-10-25 01:31:09.169 | INFO     | csq:train:271 - [iter:21/50][code_length:32][mAP:0.89721][mAP_all:0.90129][best_mAP:0.89721]
2023-10-25 01:31:09.170 | INFO     | csq:train:272 - [iter:21/50][code_length:32][zs_mAP:0.47519][zs_mAP_all:0.25056]
2023-10-25 01:31:29.749 | INFO     | csq:train:198 - [epoch:1/3][loss:0.352949]
2023-10-25 01:31:45.297 | INFO     | csq:train:198 - [epoch:2/3][loss:0.341964]
2023-10-25 01:31:58.531 | INFO     | csq:train:198 - [epoch:3/3][loss:0.334297]
2023-10-25 01:31:58.532 | INFO     | csq:train:201 - [iter:22/50][iter_time:49.36]
2023-10-25 01:37:54.074 | INFO     | csq:train:271 - [iter:22/50][code_length:32][mAP:0.89602][mAP_all:0.90050][best_mAP:0.89721]
2023-10-25 01:37:54.074 | INFO     | csq:train:272 - [iter:22/50][code_length:32][zs_mAP:0.47861][zs_mAP_all:0.25399]
2023-10-25 01:38:09.427 | INFO     | csq:train:198 - [epoch:1/3][loss:0.350514]
2023-10-25 01:38:24.373 | INFO     | csq:train:198 - [epoch:2/3][loss:0.336682]
2023-10-25 01:38:38.099 | INFO     | csq:train:198 - [epoch:3/3][loss:0.340231]
2023-10-25 01:38:38.100 | INFO     | csq:train:201 - [iter:23/50][iter_time:44.03]
2023-10-25 01:44:30.881 | INFO     | csq:train:271 - [iter:23/50][code_length:32][mAP:0.89556][mAP_all:0.90057][best_mAP:0.89721]
2023-10-25 01:44:30.881 | INFO     | csq:train:272 - [iter:23/50][code_length:32][zs_mAP:0.47771][zs_mAP_all:0.24624]
2023-10-25 01:44:48.708 | INFO     | csq:train:198 - [epoch:1/3][loss:0.349499]
2023-10-25 01:45:06.286 | INFO     | csq:train:198 - [epoch:2/3][loss:0.338622]
2023-10-25 01:45:22.701 | INFO     | csq:train:198 - [epoch:3/3][loss:0.337654]
2023-10-25 01:45:22.702 | INFO     | csq:train:201 - [iter:24/50][iter_time:51.82]
2023-10-25 01:51:19.368 | INFO     | csq:train:271 - [iter:24/50][code_length:32][mAP:0.89612][mAP_all:0.90066][best_mAP:0.89721]
2023-10-25 01:51:19.369 | INFO     | csq:train:272 - [iter:24/50][code_length:32][zs_mAP:0.47660][zs_mAP_all:0.26710]
2023-10-25 01:51:35.484 | INFO     | csq:train:198 - [epoch:1/3][loss:0.340749]
2023-10-25 01:51:52.773 | INFO     | csq:train:198 - [epoch:2/3][loss:0.341048]
2023-10-25 01:52:08.799 | INFO     | csq:train:198 - [epoch:3/3][loss:0.331225]
2023-10-25 01:52:08.799 | INFO     | csq:train:201 - [iter:25/50][iter_time:49.43]
2023-10-25 01:58:04.086 | INFO     | csq:train:271 - [iter:25/50][code_length:32][mAP:0.89789][mAP_all:0.90173][best_mAP:0.89789]
2023-10-25 01:58:04.087 | INFO     | csq:train:272 - [iter:25/50][code_length:32][zs_mAP:0.46452][zs_mAP_all:0.25205]
2023-10-25 01:58:18.515 | INFO     | csq:train:198 - [epoch:1/3][loss:0.341978]
2023-10-25 01:58:35.805 | INFO     | csq:train:198 - [epoch:2/3][loss:0.327926]
2023-10-25 01:58:53.825 | INFO     | csq:train:198 - [epoch:3/3][loss:0.332866]
2023-10-25 01:58:53.826 | INFO     | csq:train:201 - [iter:26/50][iter_time:49.74]
2023-10-25 02:04:50.883 | INFO     | csq:train:271 - [iter:26/50][code_length:32][mAP:0.89637][mAP_all:0.90020][best_mAP:0.89789]
2023-10-25 02:04:50.884 | INFO     | csq:train:272 - [iter:26/50][code_length:32][zs_mAP:0.46938][zs_mAP_all:0.25225]
2023-10-25 02:05:05.406 | INFO     | csq:train:198 - [epoch:1/3][loss:0.337823]
2023-10-25 02:05:20.618 | INFO     | csq:train:198 - [epoch:2/3][loss:0.337616]
2023-10-25 02:05:36.330 | INFO     | csq:train:198 - [epoch:3/3][loss:0.327722]
2023-10-25 02:05:36.331 | INFO     | csq:train:201 - [iter:27/50][iter_time:45.45]
2023-10-25 02:11:30.885 | INFO     | csq:train:271 - [iter:27/50][code_length:32][mAP:0.89473][mAP_all:0.89988][best_mAP:0.89789]
2023-10-25 02:11:30.886 | INFO     | csq:train:272 - [iter:27/50][code_length:32][zs_mAP:0.47131][zs_mAP_all:0.23991]
2023-10-25 02:11:45.109 | INFO     | csq:train:198 - [epoch:1/3][loss:0.337044]
2023-10-25 02:11:59.712 | INFO     | csq:train:198 - [epoch:2/3][loss:0.330760]
2023-10-25 02:12:16.731 | INFO     | csq:train:198 - [epoch:3/3][loss:0.335972]
2023-10-25 02:12:16.732 | INFO     | csq:train:201 - [iter:28/50][iter_time:45.85]
2023-10-25 02:18:14.025 | INFO     | csq:train:271 - [iter:28/50][code_length:32][mAP:0.89578][mAP_all:0.90001][best_mAP:0.89789]
2023-10-25 02:18:14.025 | INFO     | csq:train:272 - [iter:28/50][code_length:32][zs_mAP:0.47089][zs_mAP_all:0.24713]
2023-10-25 02:18:28.189 | INFO     | csq:train:198 - [epoch:1/3][loss:0.333581]
2023-10-25 02:18:42.839 | INFO     | csq:train:198 - [epoch:2/3][loss:0.320856]
2023-10-25 02:18:57.415 | INFO     | csq:train:198 - [epoch:3/3][loss:0.316743]
2023-10-25 02:18:57.416 | INFO     | csq:train:201 - [iter:29/50][iter_time:43.39]
2023-10-25 02:24:53.971 | INFO     | csq:train:271 - [iter:29/50][code_length:32][mAP:0.89521][mAP_all:0.90051][best_mAP:0.89789]
2023-10-25 02:24:53.971 | INFO     | csq:train:272 - [iter:29/50][code_length:32][zs_mAP:0.47001][zs_mAP_all:0.24355]
2023-10-25 02:25:08.796 | INFO     | csq:train:198 - [epoch:1/3][loss:0.346016]
2023-10-25 02:25:22.296 | INFO     | csq:train:198 - [epoch:2/3][loss:0.328914]
2023-10-25 02:25:36.210 | INFO     | csq:train:198 - [epoch:3/3][loss:0.323007]
2023-10-25 02:25:36.210 | INFO     | csq:train:201 - [iter:30/50][iter_time:42.24]
2023-10-25 02:31:32.961 | INFO     | csq:train:271 - [iter:30/50][code_length:32][mAP:0.89544][mAP_all:0.90039][best_mAP:0.89789]
2023-10-25 02:31:32.962 | INFO     | csq:train:272 - [iter:30/50][code_length:32][zs_mAP:0.46791][zs_mAP_all:0.24490]
2023-10-25 02:31:47.076 | INFO     | csq:train:198 - [epoch:1/3][loss:0.331786]
2023-10-25 02:32:01.795 | INFO     | csq:train:198 - [epoch:2/3][loss:0.328660]
2023-10-25 02:32:16.434 | INFO     | csq:train:198 - [epoch:3/3][loss:0.325347]
2023-10-25 02:32:16.435 | INFO     | csq:train:201 - [iter:31/50][iter_time:43.47]
2023-10-25 02:38:11.142 | INFO     | csq:train:271 - [iter:31/50][code_length:32][mAP:0.89648][mAP_all:0.90107][best_mAP:0.89789]
2023-10-25 02:38:11.143 | INFO     | csq:train:272 - [iter:31/50][code_length:32][zs_mAP:0.47602][zs_mAP_all:0.25515]
2023-10-25 02:38:27.945 | INFO     | csq:train:198 - [epoch:1/3][loss:0.337315]
2023-10-25 02:38:41.688 | INFO     | csq:train:198 - [epoch:2/3][loss:0.335411]
2023-10-25 02:38:55.244 | INFO     | csq:train:198 - [epoch:3/3][loss:0.325726]
2023-10-25 02:38:55.245 | INFO     | csq:train:201 - [iter:32/50][iter_time:44.10]
2023-10-25 02:44:56.588 | INFO     | csq:train:271 - [iter:32/50][code_length:32][mAP:0.89652][mAP_all:0.90137][best_mAP:0.89789]
2023-10-25 02:44:56.588 | INFO     | csq:train:272 - [iter:32/50][code_length:32][zs_mAP:0.46621][zs_mAP_all:0.24410]
2023-10-25 02:45:14.190 | INFO     | csq:train:198 - [epoch:1/3][loss:0.344368]
2023-10-25 02:45:29.460 | INFO     | csq:train:198 - [epoch:2/3][loss:0.338006]
2023-10-25 02:45:42.795 | INFO     | csq:train:198 - [epoch:3/3][loss:0.327472]
2023-10-25 02:45:42.796 | INFO     | csq:train:201 - [iter:33/50][iter_time:46.21]
2023-10-25 02:51:43.073 | INFO     | csq:train:271 - [iter:33/50][code_length:32][mAP:0.89841][mAP_all:0.90268][best_mAP:0.89841]
2023-10-25 02:51:43.074 | INFO     | csq:train:272 - [iter:33/50][code_length:32][zs_mAP:0.47499][zs_mAP_all:0.25067]
2023-10-25 02:51:59.402 | INFO     | csq:train:198 - [epoch:1/3][loss:0.349931]
2023-10-25 02:52:15.517 | INFO     | csq:train:198 - [epoch:2/3][loss:0.344327]
2023-10-25 02:52:28.520 | INFO     | csq:train:198 - [epoch:3/3][loss:0.342561]
2023-10-25 02:52:28.521 | INFO     | csq:train:201 - [iter:34/50][iter_time:45.45]
2023-10-25 02:58:23.418 | INFO     | csq:train:271 - [iter:34/50][code_length:32][mAP:0.89699][mAP_all:0.90125][best_mAP:0.89841]
2023-10-25 02:58:23.418 | INFO     | csq:train:272 - [iter:34/50][code_length:32][zs_mAP:0.46038][zs_mAP_all:0.24605]
2023-10-25 02:58:41.268 | INFO     | csq:train:198 - [epoch:1/3][loss:0.340062]
2023-10-25 02:58:58.316 | INFO     | csq:train:198 - [epoch:2/3][loss:0.328911]
2023-10-25 02:59:14.453 | INFO     | csq:train:198 - [epoch:3/3][loss:0.319729]
2023-10-25 02:59:14.454 | INFO     | csq:train:201 - [iter:35/50][iter_time:51.04]
2023-10-25 03:05:11.033 | INFO     | csq:train:271 - [iter:35/50][code_length:32][mAP:0.89932][mAP_all:0.90400][best_mAP:0.89932]
2023-10-25 03:05:11.034 | INFO     | csq:train:272 - [iter:35/50][code_length:32][zs_mAP:0.46691][zs_mAP_all:0.24777]
2023-10-25 03:05:28.584 | INFO     | csq:train:198 - [epoch:1/3][loss:0.334299]
2023-10-25 03:05:46.082 | INFO     | csq:train:198 - [epoch:2/3][loss:0.324462]
2023-10-25 03:06:03.175 | INFO     | csq:train:198 - [epoch:3/3][loss:0.325566]
2023-10-25 03:06:03.176 | INFO     | csq:train:201 - [iter:36/50][iter_time:52.14]
2023-10-25 03:11:59.846 | INFO     | csq:train:271 - [iter:36/50][code_length:32][mAP:0.90017][mAP_all:0.90377][best_mAP:0.90017]
2023-10-25 03:11:59.847 | INFO     | csq:train:272 - [iter:36/50][code_length:32][zs_mAP:0.45977][zs_mAP_all:0.24956]
2023-10-25 03:12:15.165 | INFO     | csq:train:198 - [epoch:1/3][loss:0.335886]
2023-10-25 03:12:33.280 | INFO     | csq:train:198 - [epoch:2/3][loss:0.331025]
2023-10-25 03:12:50.666 | INFO     | csq:train:198 - [epoch:3/3][loss:0.319517]
2023-10-25 03:12:50.667 | INFO     | csq:train:201 - [iter:37/50][iter_time:50.82]
2023-10-25 03:18:46.868 | INFO     | csq:train:271 - [iter:37/50][code_length:32][mAP:0.89893][mAP_all:0.90221][best_mAP:0.90017]
2023-10-25 03:18:46.869 | INFO     | csq:train:272 - [iter:37/50][code_length:32][zs_mAP:0.45538][zs_mAP_all:0.24689]
2023-10-25 03:19:01.422 | INFO     | csq:train:198 - [epoch:1/3][loss:0.343650]
2023-10-25 03:19:17.659 | INFO     | csq:train:198 - [epoch:2/3][loss:0.335707]
2023-10-25 03:19:35.438 | INFO     | csq:train:198 - [epoch:3/3][loss:0.330945]
2023-10-25 03:19:35.439 | INFO     | csq:train:201 - [iter:38/50][iter_time:48.57]
2023-10-25 03:25:30.187 | INFO     | csq:train:271 - [iter:38/50][code_length:32][mAP:0.89911][mAP_all:0.90329][best_mAP:0.90017]
2023-10-25 03:25:30.187 | INFO     | csq:train:272 - [iter:38/50][code_length:32][zs_mAP:0.46381][zs_mAP_all:0.24588]
2023-10-25 03:25:45.012 | INFO     | csq:train:198 - [epoch:1/3][loss:0.334595]
2023-10-25 03:25:59.823 | INFO     | csq:train:198 - [epoch:2/3][loss:0.326247]
2023-10-25 03:26:19.283 | INFO     | csq:train:198 - [epoch:3/3][loss:0.323205]
2023-10-25 03:26:19.284 | INFO     | csq:train:201 - [iter:39/50][iter_time:49.10]
2023-10-25 03:32:16.317 | INFO     | csq:train:271 - [iter:39/50][code_length:32][mAP:0.89994][mAP_all:0.90414][best_mAP:0.90017]
2023-10-25 03:32:16.318 | INFO     | csq:train:272 - [iter:39/50][code_length:32][zs_mAP:0.47471][zs_mAP_all:0.24861]
2023-10-25 03:32:30.769 | INFO     | csq:train:198 - [epoch:1/3][loss:0.335405]
2023-10-25 03:32:45.509 | INFO     | csq:train:198 - [epoch:2/3][loss:0.332633]
2023-10-25 03:33:00.929 | INFO     | csq:train:198 - [epoch:3/3][loss:0.322508]
2023-10-25 03:33:00.930 | INFO     | csq:train:201 - [iter:40/50][iter_time:44.61]
2023-10-25 03:38:57.506 | INFO     | csq:train:271 - [iter:40/50][code_length:32][mAP:0.89667][mAP_all:0.90129][best_mAP:0.90017]
2023-10-25 03:38:57.507 | INFO     | csq:train:272 - [iter:40/50][code_length:32][zs_mAP:0.47439][zs_mAP_all:0.24714]
2023-10-25 03:39:11.093 | INFO     | csq:train:198 - [epoch:1/3][loss:0.336199]
2023-10-25 03:39:25.420 | INFO     | csq:train:198 - [epoch:2/3][loss:0.325247]
2023-10-25 03:39:38.879 | INFO     | csq:train:198 - [epoch:3/3][loss:0.325758]
2023-10-25 03:39:38.879 | INFO     | csq:train:201 - [iter:41/50][iter_time:41.37]
2023-10-25 03:45:33.742 | INFO     | csq:train:271 - [iter:41/50][code_length:32][mAP:0.89910][mAP_all:0.90380][best_mAP:0.90017]
2023-10-25 03:45:33.743 | INFO     | csq:train:272 - [iter:41/50][code_length:32][zs_mAP:0.47427][zs_mAP_all:0.24625]
2023-10-25 03:45:48.585 | INFO     | csq:train:198 - [epoch:1/3][loss:0.334421]
2023-10-25 03:46:03.338 | INFO     | csq:train:198 - [epoch:2/3][loss:0.325360]
2023-10-25 03:46:17.184 | INFO     | csq:train:198 - [epoch:3/3][loss:0.318680]
2023-10-25 03:46:17.184 | INFO     | csq:train:201 - [iter:42/50][iter_time:43.44]
2023-10-25 03:52:13.878 | INFO     | csq:train:271 - [iter:42/50][code_length:32][mAP:0.89789][mAP_all:0.90238][best_mAP:0.90017]
2023-10-25 03:52:13.879 | INFO     | csq:train:272 - [iter:42/50][code_length:32][zs_mAP:0.47183][zs_mAP_all:0.24661]
2023-10-25 03:52:27.414 | INFO     | csq:train:198 - [epoch:1/3][loss:0.336432]
2023-10-25 03:52:41.022 | INFO     | csq:train:198 - [epoch:2/3][loss:0.326436]
2023-10-25 03:52:54.758 | INFO     | csq:train:198 - [epoch:3/3][loss:0.327911]
2023-10-25 03:52:54.759 | INFO     | csq:train:201 - [iter:43/50][iter_time:40.88]
2023-10-25 03:58:51.144 | INFO     | csq:train:271 - [iter:43/50][code_length:32][mAP:0.89951][mAP_all:0.90396][best_mAP:0.90017]
2023-10-25 03:58:51.144 | INFO     | csq:train:272 - [iter:43/50][code_length:32][zs_mAP:0.47965][zs_mAP_all:0.25110]
2023-10-25 03:59:04.883 | INFO     | csq:train:198 - [epoch:1/3][loss:0.337264]
2023-10-25 03:59:18.432 | INFO     | csq:train:198 - [epoch:2/3][loss:0.328385]
2023-10-25 03:59:31.883 | INFO     | csq:train:198 - [epoch:3/3][loss:0.326385]
2023-10-25 03:59:31.883 | INFO     | csq:train:201 - [iter:44/50][iter_time:40.74]
2023-10-25 04:05:35.637 | INFO     | csq:train:271 - [iter:44/50][code_length:32][mAP:0.90022][mAP_all:0.90385][best_mAP:0.90022]
2023-10-25 04:05:35.638 | INFO     | csq:train:272 - [iter:44/50][code_length:32][zs_mAP:0.46589][zs_mAP_all:0.24846]
2023-10-25 04:05:50.269 | INFO     | csq:train:198 - [epoch:1/3][loss:0.336711]
2023-10-25 04:06:04.874 | INFO     | csq:train:198 - [epoch:2/3][loss:0.328347]
2023-10-25 04:06:19.291 | INFO     | csq:train:198 - [epoch:3/3][loss:0.321027]
2023-10-25 04:06:19.293 | INFO     | csq:train:201 - [iter:45/50][iter_time:43.65]
2023-10-25 04:12:19.040 | INFO     | csq:train:271 - [iter:45/50][code_length:32][mAP:0.90157][mAP_all:0.90559][best_mAP:0.90157]
2023-10-25 04:12:19.041 | INFO     | csq:train:272 - [iter:45/50][code_length:32][zs_mAP:0.46769][zs_mAP_all:0.24462]
2023-10-25 04:12:33.898 | INFO     | csq:train:198 - [epoch:1/3][loss:0.334014]
2023-10-25 04:12:48.424 | INFO     | csq:train:198 - [epoch:2/3][loss:0.331853]
2023-10-25 04:13:02.955 | INFO     | csq:train:198 - [epoch:3/3][loss:0.331080]
2023-10-25 04:13:02.956 | INFO     | csq:train:201 - [iter:46/50][iter_time:43.91]
2023-10-25 04:18:58.212 | INFO     | csq:train:271 - [iter:46/50][code_length:32][mAP:0.90220][mAP_all:0.90540][best_mAP:0.90220]
2023-10-25 04:18:58.213 | INFO     | csq:train:272 - [iter:46/50][code_length:32][zs_mAP:0.46375][zs_mAP_all:0.24594]
2023-10-25 04:19:12.421 | INFO     | csq:train:198 - [epoch:1/3][loss:0.339742]
2023-10-25 04:19:27.184 | INFO     | csq:train:198 - [epoch:2/3][loss:0.342881]
2023-10-25 04:19:41.478 | INFO     | csq:train:198 - [epoch:3/3][loss:0.342567]
2023-10-25 04:19:41.478 | INFO     | csq:train:201 - [iter:47/50][iter_time:43.27]
2023-10-25 04:25:41.027 | INFO     | csq:train:271 - [iter:47/50][code_length:32][mAP:0.90099][mAP_all:0.90463][best_mAP:0.90220]
2023-10-25 04:25:41.027 | INFO     | csq:train:272 - [iter:47/50][code_length:32][zs_mAP:0.46571][zs_mAP_all:0.24624]
2023-10-25 04:25:55.366 | INFO     | csq:train:198 - [epoch:1/3][loss:0.330679]
2023-10-25 04:26:10.068 | INFO     | csq:train:198 - [epoch:2/3][loss:0.323897]
2023-10-25 04:26:24.746 | INFO     | csq:train:198 - [epoch:3/3][loss:0.331545]
2023-10-25 04:26:24.747 | INFO     | csq:train:201 - [iter:48/50][iter_time:43.72]
2023-10-25 04:32:20.603 | INFO     | csq:train:271 - [iter:48/50][code_length:32][mAP:0.90146][mAP_all:0.90475][best_mAP:0.90220]
2023-10-25 04:32:20.603 | INFO     | csq:train:272 - [iter:48/50][code_length:32][zs_mAP:0.46351][zs_mAP_all:0.24600]
2023-10-25 04:32:34.336 | INFO     | csq:train:198 - [epoch:1/3][loss:0.339058]
2023-10-25 04:32:48.287 | INFO     | csq:train:198 - [epoch:2/3][loss:0.330167]
2023-10-25 04:33:00.657 | INFO     | csq:train:198 - [epoch:3/3][loss:0.332176]
2023-10-25 04:33:00.657 | INFO     | csq:train:201 - [iter:49/50][iter_time:40.05]
2023-10-25 04:38:58.061 | INFO     | csq:train:271 - [iter:49/50][code_length:32][mAP:0.90176][mAP_all:0.90518][best_mAP:0.90220]
2023-10-25 04:38:58.061 | INFO     | csq:train:272 - [iter:49/50][code_length:32][zs_mAP:0.46697][zs_mAP_all:0.24777]
2023-10-25 04:39:11.812 | INFO     | csq:train:198 - [epoch:1/3][loss:0.328400]
2023-10-25 04:39:26.633 | INFO     | csq:train:198 - [epoch:2/3][loss:0.334053]
2023-10-25 04:39:41.273 | INFO     | csq:train:198 - [epoch:3/3][loss:0.331990]
2023-10-25 04:39:41.273 | INFO     | csq:train:201 - [iter:50/50][iter_time:43.21]
2023-10-25 04:45:37.111 | INFO     | csq:train:271 - [iter:50/50][code_length:32][mAP:0.90202][mAP_all:0.90633][best_mAP:0.90220]
2023-10-25 04:45:37.112 | INFO     | csq:train:272 - [iter:50/50][code_length:32][zs_mAP:0.47161][zs_mAP_all:0.24472]
2023-10-25 04:45:37.112 | INFO     | csq:train:275 - [Training time:20079.21]
2023-10-25 04:45:37.121 | INFO     | __main__:run:126 - [code_length:32][map:0.9022][map_all:0.9054][zs_map:0.4638][zs_map_all:0.2459]
2023-10-25 04:45:52.540 | INFO     | csq:train:198 - [epoch:1/3][loss:0.631562]
2023-10-25 04:46:06.455 | INFO     | csq:train:198 - [epoch:2/3][loss:0.542620]
2023-10-25 04:46:20.390 | INFO     | csq:train:198 - [epoch:3/3][loss:0.480723]
2023-10-25 04:46:20.391 | INFO     | csq:train:201 - [iter:1/50][iter_time:42.70]
2023-10-25 04:52:16.708 | INFO     | csq:train:271 - [iter:1/50][code_length:64][mAP:0.77324][mAP_all:0.78207][best_mAP:0.77324]
2023-10-25 04:52:16.708 | INFO     | csq:train:272 - [iter:1/50][code_length:64][zs_mAP:0.37673][zs_mAP_all:0.18127]
2023-10-25 04:52:30.768 | INFO     | csq:train:198 - [epoch:1/3][loss:0.456361]
2023-10-25 04:52:45.024 | INFO     | csq:train:198 - [epoch:2/3][loss:0.431756]
2023-10-25 04:52:58.915 | INFO     | csq:train:198 - [epoch:3/3][loss:0.418400]
2023-10-25 04:52:58.916 | INFO     | csq:train:201 - [iter:2/50][iter_time:42.21]
2023-10-25 04:58:56.826 | INFO     | csq:train:271 - [iter:2/50][code_length:64][mAP:0.83096][mAP_all:0.83790][best_mAP:0.83096]
2023-10-25 04:58:56.827 | INFO     | csq:train:272 - [iter:2/50][code_length:64][zs_mAP:0.41052][zs_mAP_all:0.22691]
2023-10-25 04:59:10.673 | INFO     | csq:train:198 - [epoch:1/3][loss:0.417186]
2023-10-25 04:59:24.738 | INFO     | csq:train:198 - [epoch:2/3][loss:0.405183]
2023-10-25 04:59:39.476 | INFO     | csq:train:198 - [epoch:3/3][loss:0.397679]
2023-10-25 04:59:39.476 | INFO     | csq:train:201 - [iter:3/50][iter_time:42.65]
2023-10-25 05:05:34.497 | INFO     | csq:train:271 - [iter:3/50][code_length:64][mAP:0.85255][mAP_all:0.85885][best_mAP:0.85255]
2023-10-25 05:05:34.497 | INFO     | csq:train:272 - [iter:3/50][code_length:64][zs_mAP:0.44000][zs_mAP_all:0.25346]
2023-10-25 05:05:48.393 | INFO     | csq:train:198 - [epoch:1/3][loss:0.418913]
2023-10-25 05:06:02.326 | INFO     | csq:train:198 - [epoch:2/3][loss:0.404114]
2023-10-25 05:06:16.378 | INFO     | csq:train:198 - [epoch:3/3][loss:0.395124]
2023-10-25 05:06:16.378 | INFO     | csq:train:201 - [iter:4/50][iter_time:41.88]
2023-10-25 05:12:14.652 | INFO     | csq:train:271 - [iter:4/50][code_length:64][mAP:0.87544][mAP_all:0.88011][best_mAP:0.87544]
2023-10-25 05:12:14.653 | INFO     | csq:train:272 - [iter:4/50][code_length:64][zs_mAP:0.45594][zs_mAP_all:0.27244]
2023-10-25 05:12:29.543 | INFO     | csq:train:198 - [epoch:1/3][loss:0.394505]
2023-10-25 05:12:44.404 | INFO     | csq:train:198 - [epoch:2/3][loss:0.380561]
2023-10-25 05:12:58.673 | INFO     | csq:train:198 - [epoch:3/3][loss:0.379906]
2023-10-25 05:12:58.673 | INFO     | csq:train:201 - [iter:5/50][iter_time:44.02]
2023-10-25 05:18:57.712 | INFO     | csq:train:271 - [iter:5/50][code_length:64][mAP:0.88098][mAP_all:0.88458][best_mAP:0.88098]
2023-10-25 05:18:57.713 | INFO     | csq:train:272 - [iter:5/50][code_length:64][zs_mAP:0.45010][zs_mAP_all:0.26229]
2023-10-25 05:19:12.267 | INFO     | csq:train:198 - [epoch:1/3][loss:0.367937]
2023-10-25 05:19:26.684 | INFO     | csq:train:198 - [epoch:2/3][loss:0.367152]
2023-10-25 05:19:40.414 | INFO     | csq:train:198 - [epoch:3/3][loss:0.363852]
2023-10-25 05:19:40.415 | INFO     | csq:train:201 - [iter:6/50][iter_time:42.70]
2023-10-25 05:25:38.241 | INFO     | csq:train:271 - [iter:6/50][code_length:64][mAP:0.88267][mAP_all:0.88630][best_mAP:0.88267]
2023-10-25 05:25:38.242 | INFO     | csq:train:272 - [iter:6/50][code_length:64][zs_mAP:0.45849][zs_mAP_all:0.26220]
2023-10-25 05:25:50.564 | INFO     | csq:train:198 - [epoch:1/3][loss:0.371314]
2023-10-25 05:26:02.827 | INFO     | csq:train:198 - [epoch:2/3][loss:0.363523]
2023-10-25 05:26:15.060 | INFO     | csq:train:198 - [epoch:3/3][loss:0.356070]
2023-10-25 05:26:15.060 | INFO     | csq:train:201 - [iter:7/50][iter_time:36.82]
2023-10-25 05:32:11.597 | INFO     | csq:train:271 - [iter:7/50][code_length:64][mAP:0.89079][mAP_all:0.89404][best_mAP:0.89079]
2023-10-25 05:32:11.597 | INFO     | csq:train:272 - [iter:7/50][code_length:64][zs_mAP:0.47201][zs_mAP_all:0.27663]
2023-10-25 05:32:25.275 | INFO     | csq:train:198 - [epoch:1/3][loss:0.371238]
2023-10-25 05:32:38.951 | INFO     | csq:train:198 - [epoch:2/3][loss:0.360564]
2023-10-25 05:32:53.176 | INFO     | csq:train:198 - [epoch:3/3][loss:0.361051]
2023-10-25 05:32:53.177 | INFO     | csq:train:201 - [iter:8/50][iter_time:41.58]
2023-10-25 05:38:49.227 | INFO     | csq:train:271 - [iter:8/50][code_length:64][mAP:0.88941][mAP_all:0.89253][best_mAP:0.89079]
2023-10-25 05:38:49.228 | INFO     | csq:train:272 - [iter:8/50][code_length:64][zs_mAP:0.46499][zs_mAP_all:0.26561]
2023-10-25 05:39:03.081 | INFO     | csq:train:198 - [epoch:1/3][loss:0.379088]
2023-10-25 05:39:17.580 | INFO     | csq:train:198 - [epoch:2/3][loss:0.363288]
2023-10-25 05:39:32.118 | INFO     | csq:train:198 - [epoch:3/3][loss:0.358277]
2023-10-25 05:39:32.119 | INFO     | csq:train:201 - [iter:9/50][iter_time:42.89]
2023-10-25 05:45:30.782 | INFO     | csq:train:271 - [iter:9/50][code_length:64][mAP:0.89137][mAP_all:0.89426][best_mAP:0.89137]
2023-10-25 05:45:30.783 | INFO     | csq:train:272 - [iter:9/50][code_length:64][zs_mAP:0.45811][zs_mAP_all:0.25808]
2023-10-25 05:45:45.553 | INFO     | csq:train:198 - [epoch:1/3][loss:0.359161]
2023-10-25 05:46:00.328 | INFO     | csq:train:198 - [epoch:2/3][loss:0.355808]
2023-10-25 05:46:14.778 | INFO     | csq:train:198 - [epoch:3/3][loss:0.348912]
2023-10-25 05:46:14.779 | INFO     | csq:train:201 - [iter:10/50][iter_time:44.00]
2023-10-25 05:52:16.625 | INFO     | csq:train:271 - [iter:10/50][code_length:64][mAP:0.88999][mAP_all:0.89405][best_mAP:0.89137]
2023-10-25 05:52:16.625 | INFO     | csq:train:272 - [iter:10/50][code_length:64][zs_mAP:0.47398][zs_mAP_all:0.25869]
2023-10-25 05:52:30.495 | INFO     | csq:train:198 - [epoch:1/3][loss:0.363466]
2023-10-25 05:52:44.797 | INFO     | csq:train:198 - [epoch:2/3][loss:0.355070]
2023-10-25 05:52:59.606 | INFO     | csq:train:198 - [epoch:3/3][loss:0.348231]
2023-10-25 05:52:59.607 | INFO     | csq:train:201 - [iter:11/50][iter_time:42.98]
2023-10-25 05:58:57.949 | INFO     | csq:train:271 - [iter:11/50][code_length:64][mAP:0.89326][mAP_all:0.89772][best_mAP:0.89326]
2023-10-25 05:58:57.950 | INFO     | csq:train:272 - [iter:11/50][code_length:64][zs_mAP:0.47789][zs_mAP_all:0.25539]
2023-10-25 05:59:12.423 | INFO     | csq:train:198 - [epoch:1/3][loss:0.353759]
2023-10-25 05:59:27.238 | INFO     | csq:train:198 - [epoch:2/3][loss:0.340460]
2023-10-25 05:59:41.932 | INFO     | csq:train:198 - [epoch:3/3][loss:0.345014]
2023-10-25 05:59:41.932 | INFO     | csq:train:201 - [iter:12/50][iter_time:43.98]
2023-10-25 06:05:39.694 | INFO     | csq:train:271 - [iter:12/50][code_length:64][mAP:0.89695][mAP_all:0.90020][best_mAP:0.89695]
2023-10-25 06:05:39.695 | INFO     | csq:train:272 - [iter:12/50][code_length:64][zs_mAP:0.47693][zs_mAP_all:0.26190]
2023-10-25 06:05:53.489 | INFO     | csq:train:198 - [epoch:1/3][loss:0.358528]
2023-10-25 06:06:07.268 | INFO     | csq:train:198 - [epoch:2/3][loss:0.354187]
2023-10-25 06:06:21.670 | INFO     | csq:train:198 - [epoch:3/3][loss:0.352237]
2023-10-25 06:06:21.671 | INFO     | csq:train:201 - [iter:13/50][iter_time:41.98]
2023-10-25 06:12:22.073 | INFO     | csq:train:271 - [iter:13/50][code_length:64][mAP:0.89392][mAP_all:0.89732][best_mAP:0.89695]
2023-10-25 06:12:22.073 | INFO     | csq:train:272 - [iter:13/50][code_length:64][zs_mAP:0.48387][zs_mAP_all:0.26858]
2023-10-25 06:12:36.371 | INFO     | csq:train:198 - [epoch:1/3][loss:0.351932]
2023-10-25 06:12:51.352 | INFO     | csq:train:198 - [epoch:2/3][loss:0.347765]
2023-10-25 06:13:06.571 | INFO     | csq:train:198 - [epoch:3/3][loss:0.342312]
2023-10-25 06:13:06.572 | INFO     | csq:train:201 - [iter:14/50][iter_time:44.50]
2023-10-25 06:19:03.323 | INFO     | csq:train:271 - [iter:14/50][code_length:64][mAP:0.89230][mAP_all:0.89743][best_mAP:0.89695]
2023-10-25 06:19:03.324 | INFO     | csq:train:272 - [iter:14/50][code_length:64][zs_mAP:0.48094][zs_mAP_all:0.26396]
2023-10-25 06:19:17.791 | INFO     | csq:train:198 - [epoch:1/3][loss:0.356450]
2023-10-25 06:19:32.642 | INFO     | csq:train:198 - [epoch:2/3][loss:0.352085]
2023-10-25 06:19:46.344 | INFO     | csq:train:198 - [epoch:3/3][loss:0.346615]
2023-10-25 06:19:46.345 | INFO     | csq:train:201 - [iter:15/50][iter_time:43.02]
2023-10-25 06:25:43.924 | INFO     | csq:train:271 - [iter:15/50][code_length:64][mAP:0.89323][mAP_all:0.89757][best_mAP:0.89695]
2023-10-25 06:25:43.925 | INFO     | csq:train:272 - [iter:15/50][code_length:64][zs_mAP:0.47343][zs_mAP_all:0.26003]
2023-10-25 06:25:58.068 | INFO     | csq:train:198 - [epoch:1/3][loss:0.358383]
2023-10-25 06:26:13.249 | INFO     | csq:train:198 - [epoch:2/3][loss:0.348020]
2023-10-25 06:26:26.965 | INFO     | csq:train:198 - [epoch:3/3][loss:0.341767]
2023-10-25 06:26:26.965 | INFO     | csq:train:201 - [iter:16/50][iter_time:43.04]
2023-10-25 06:32:25.511 | INFO     | csq:train:271 - [iter:16/50][code_length:64][mAP:0.89517][mAP_all:0.89907][best_mAP:0.89695]
2023-10-25 06:32:25.512 | INFO     | csq:train:272 - [iter:16/50][code_length:64][zs_mAP:0.47518][zs_mAP_all:0.26585]
2023-10-25 06:32:37.795 | INFO     | csq:train:198 - [epoch:1/3][loss:0.350222]
2023-10-25 06:32:50.018 | INFO     | csq:train:198 - [epoch:2/3][loss:0.352647]
2023-10-25 06:33:02.637 | INFO     | csq:train:198 - [epoch:3/3][loss:0.348185]
2023-10-25 06:33:02.638 | INFO     | csq:train:201 - [iter:17/50][iter_time:37.13]
2023-10-25 06:38:57.316 | INFO     | csq:train:271 - [iter:17/50][code_length:64][mAP:0.89402][mAP_all:0.89852][best_mAP:0.89695]
2023-10-25 06:38:57.317 | INFO     | csq:train:272 - [iter:17/50][code_length:64][zs_mAP:0.46803][zs_mAP_all:0.25739]
2023-10-25 06:39:11.138 | INFO     | csq:train:198 - [epoch:1/3][loss:0.355733]
2023-10-25 06:39:25.216 | INFO     | csq:train:198 - [epoch:2/3][loss:0.348508]
2023-10-25 06:39:38.909 | INFO     | csq:train:198 - [epoch:3/3][loss:0.346595]
2023-10-25 06:39:38.909 | INFO     | csq:train:201 - [iter:18/50][iter_time:41.59]
2023-10-25 06:45:37.141 | INFO     | csq:train:271 - [iter:18/50][code_length:64][mAP:0.89683][mAP_all:0.90265][best_mAP:0.89695]
2023-10-25 06:45:37.142 | INFO     | csq:train:272 - [iter:18/50][code_length:64][zs_mAP:0.48487][zs_mAP_all:0.26084]
2023-10-25 06:45:50.808 | INFO     | csq:train:198 - [epoch:1/3][loss:0.357845]
2023-10-25 06:46:04.486 | INFO     | csq:train:198 - [epoch:2/3][loss:0.353325]
2023-10-25 06:46:19.100 | INFO     | csq:train:198 - [epoch:3/3][loss:0.350799]
2023-10-25 06:46:19.101 | INFO     | csq:train:201 - [iter:19/50][iter_time:41.96]
2023-10-25 06:52:18.239 | INFO     | csq:train:271 - [iter:19/50][code_length:64][mAP:0.89398][mAP_all:0.89854][best_mAP:0.89695]
2023-10-25 06:52:18.239 | INFO     | csq:train:272 - [iter:19/50][code_length:64][zs_mAP:0.47721][zs_mAP_all:0.25509]
2023-10-25 06:52:31.983 | INFO     | csq:train:198 - [epoch:1/3][loss:0.353327]
2023-10-25 06:52:45.779 | INFO     | csq:train:198 - [epoch:2/3][loss:0.342750]
2023-10-25 06:52:59.278 | INFO     | csq:train:198 - [epoch:3/3][loss:0.344212]
2023-10-25 06:52:59.279 | INFO     | csq:train:201 - [iter:20/50][iter_time:41.04]
2023-10-25 06:58:54.528 | INFO     | csq:train:271 - [iter:20/50][code_length:64][mAP:0.89749][mAP_all:0.90169][best_mAP:0.89749]
2023-10-25 06:58:54.529 | INFO     | csq:train:272 - [iter:20/50][code_length:64][zs_mAP:0.48372][zs_mAP_all:0.25854]
2023-10-25 06:59:09.580 | INFO     | csq:train:198 - [epoch:1/3][loss:0.350170]
2023-10-25 06:59:23.050 | INFO     | csq:train:198 - [epoch:2/3][loss:0.338778]
2023-10-25 06:59:36.860 | INFO     | csq:train:198 - [epoch:3/3][loss:0.334636]
2023-10-25 06:59:36.861 | INFO     | csq:train:201 - [iter:21/50][iter_time:42.33]
2023-10-25 07:05:31.512 | INFO     | csq:train:271 - [iter:21/50][code_length:64][mAP:0.89846][mAP_all:0.90272][best_mAP:0.89846]
2023-10-25 07:05:31.512 | INFO     | csq:train:272 - [iter:21/50][code_length:64][zs_mAP:0.48601][zs_mAP_all:0.25457]
2023-10-25 07:05:48.639 | INFO     | csq:train:198 - [epoch:1/3][loss:0.341828]
2023-10-25 07:06:03.402 | INFO     | csq:train:198 - [epoch:2/3][loss:0.335627]
2023-10-25 07:06:16.856 | INFO     | csq:train:198 - [epoch:3/3][loss:0.331895]
2023-10-25 07:06:16.857 | INFO     | csq:train:201 - [iter:22/50][iter_time:45.34]
2023-10-25 07:12:14.251 | INFO     | csq:train:271 - [iter:22/50][code_length:64][mAP:0.89710][mAP_all:0.90161][best_mAP:0.89846]
2023-10-25 07:12:14.251 | INFO     | csq:train:272 - [iter:22/50][code_length:64][zs_mAP:0.48812][zs_mAP_all:0.26931]
2023-10-25 07:12:32.310 | INFO     | csq:train:198 - [epoch:1/3][loss:0.343867]
2023-10-25 07:12:49.623 | INFO     | csq:train:198 - [epoch:2/3][loss:0.339460]
2023-10-25 07:13:02.142 | INFO     | csq:train:198 - [epoch:3/3][loss:0.328648]
2023-10-25 07:13:02.142 | INFO     | csq:train:201 - [iter:23/50][iter_time:47.89]
2023-10-25 07:18:57.046 | INFO     | csq:train:271 - [iter:23/50][code_length:64][mAP:0.89678][mAP_all:0.90043][best_mAP:0.89846]
2023-10-25 07:18:57.046 | INFO     | csq:train:272 - [iter:23/50][code_length:64][zs_mAP:0.47207][zs_mAP_all:0.26801]
2023-10-25 07:19:14.551 | INFO     | csq:train:198 - [epoch:1/3][loss:0.339598]
2023-10-25 07:19:33.522 | INFO     | csq:train:198 - [epoch:2/3][loss:0.336276]
2023-10-25 07:19:49.115 | INFO     | csq:train:198 - [epoch:3/3][loss:0.329749]
2023-10-25 07:19:49.116 | INFO     | csq:train:201 - [iter:24/50][iter_time:52.07]
2023-10-25 07:25:46.177 | INFO     | csq:train:271 - [iter:24/50][code_length:64][mAP:0.89855][mAP_all:0.90247][best_mAP:0.89855]
2023-10-25 07:25:46.177 | INFO     | csq:train:272 - [iter:24/50][code_length:64][zs_mAP:0.48248][zs_mAP_all:0.26378]
2023-10-25 07:26:02.733 | INFO     | csq:train:198 - [epoch:1/3][loss:0.355444]
2023-10-25 07:26:20.512 | INFO     | csq:train:198 - [epoch:2/3][loss:0.345617]
2023-10-25 07:26:39.434 | INFO     | csq:train:198 - [epoch:3/3][loss:0.338843]
2023-10-25 07:26:39.434 | INFO     | csq:train:201 - [iter:25/50][iter_time:53.26]
2023-10-25 07:32:34.149 | INFO     | csq:train:271 - [iter:25/50][code_length:64][mAP:0.89911][mAP_all:0.90291][best_mAP:0.89911]
2023-10-25 07:32:34.150 | INFO     | csq:train:272 - [iter:25/50][code_length:64][zs_mAP:0.48286][zs_mAP_all:0.25996]
2023-10-25 07:32:49.610 | INFO     | csq:train:198 - [epoch:1/3][loss:0.358181]
2023-10-25 07:33:08.137 | INFO     | csq:train:198 - [epoch:2/3][loss:0.347627]
2023-10-25 07:33:25.480 | INFO     | csq:train:198 - [epoch:3/3][loss:0.343447]
2023-10-25 07:33:25.481 | INFO     | csq:train:201 - [iter:26/50][iter_time:51.33]
2023-10-25 07:39:21.252 | INFO     | csq:train:271 - [iter:26/50][code_length:64][mAP:0.89828][mAP_all:0.90202][best_mAP:0.89911]
2023-10-25 07:39:21.253 | INFO     | csq:train:272 - [iter:26/50][code_length:64][zs_mAP:0.47901][zs_mAP_all:0.25700]
2023-10-25 07:39:35.226 | INFO     | csq:train:198 - [epoch:1/3][loss:0.363499]
2023-10-25 07:39:52.847 | INFO     | csq:train:198 - [epoch:2/3][loss:0.348572]
2023-10-25 07:40:08.852 | INFO     | csq:train:198 - [epoch:3/3][loss:0.339375]
2023-10-25 07:40:08.853 | INFO     | csq:train:201 - [iter:27/50][iter_time:47.60]
2023-10-25 07:46:05.185 | INFO     | csq:train:271 - [iter:27/50][code_length:64][mAP:0.90156][mAP_all:0.90477][best_mAP:0.90156]
2023-10-25 07:46:05.186 | INFO     | csq:train:272 - [iter:27/50][code_length:64][zs_mAP:0.47796][zs_mAP_all:0.25973]
2023-10-25 07:46:19.577 | INFO     | csq:train:198 - [epoch:1/3][loss:0.353272]
2023-10-25 07:46:34.467 | INFO     | csq:train:198 - [epoch:2/3][loss:0.347167]
2023-10-25 07:46:52.083 | INFO     | csq:train:198 - [epoch:3/3][loss:0.338984]
2023-10-25 07:46:52.084 | INFO     | csq:train:201 - [iter:28/50][iter_time:46.90]
2023-10-25 07:52:47.125 | INFO     | csq:train:271 - [iter:28/50][code_length:64][mAP:0.90252][mAP_all:0.90652][best_mAP:0.90252]
2023-10-25 07:52:47.126 | INFO     | csq:train:272 - [iter:28/50][code_length:64][zs_mAP:0.48638][zs_mAP_all:0.27304]
2023-10-25 07:53:02.537 | INFO     | csq:train:198 - [epoch:1/3][loss:0.332544]
2023-10-25 07:53:15.855 | INFO     | csq:train:198 - [epoch:2/3][loss:0.329487]
2023-10-25 07:53:32.271 | INFO     | csq:train:198 - [epoch:3/3][loss:0.328108]
2023-10-25 07:53:32.272 | INFO     | csq:train:201 - [iter:29/50][iter_time:45.15]
2023-10-25 07:59:28.108 | INFO     | csq:train:271 - [iter:29/50][code_length:64][mAP:0.89760][mAP_all:0.90220][best_mAP:0.90252]
2023-10-25 07:59:28.108 | INFO     | csq:train:272 - [iter:29/50][code_length:64][zs_mAP:0.48629][zs_mAP_all:0.26062]
2023-10-25 07:59:45.697 | INFO     | csq:train:198 - [epoch:1/3][loss:0.352690]
2023-10-25 07:59:59.199 | INFO     | csq:train:198 - [epoch:2/3][loss:0.346516]
2023-10-25 08:00:13.162 | INFO     | csq:train:198 - [epoch:3/3][loss:0.342096]
2023-10-25 08:00:13.163 | INFO     | csq:train:201 - [iter:30/50][iter_time:45.05]
2023-10-25 08:06:09.699 | INFO     | csq:train:271 - [iter:30/50][code_length:64][mAP:0.89986][mAP_all:0.90393][best_mAP:0.90252]
2023-10-25 08:06:09.699 | INFO     | csq:train:272 - [iter:30/50][code_length:64][zs_mAP:0.48293][zs_mAP_all:0.26653]
2023-10-25 08:06:25.842 | INFO     | csq:train:198 - [epoch:1/3][loss:0.331847]
2023-10-25 08:06:41.492 | INFO     | csq:train:198 - [epoch:2/3][loss:0.329865]
2023-10-25 08:06:55.986 | INFO     | csq:train:198 - [epoch:3/3][loss:0.322270]
2023-10-25 08:06:55.987 | INFO     | csq:train:201 - [iter:31/50][iter_time:46.29]
2023-10-25 08:12:51.773 | INFO     | csq:train:271 - [iter:31/50][code_length:64][mAP:0.90342][mAP_all:0.90763][best_mAP:0.90342]
2023-10-25 08:12:51.773 | INFO     | csq:train:272 - [iter:31/50][code_length:64][zs_mAP:0.47863][zs_mAP_all:0.26048]
2023-10-25 08:13:07.058 | INFO     | csq:train:198 - [epoch:1/3][loss:0.357472]
2023-10-25 08:13:22.783 | INFO     | csq:train:198 - [epoch:2/3][loss:0.343814]
2023-10-25 08:13:37.668 | INFO     | csq:train:198 - [epoch:3/3][loss:0.343126]
2023-10-25 08:13:37.669 | INFO     | csq:train:201 - [iter:32/50][iter_time:45.89]
2023-10-25 08:19:31.431 | INFO     | csq:train:271 - [iter:32/50][code_length:64][mAP:0.89898][mAP_all:0.90270][best_mAP:0.90342]
2023-10-25 08:19:31.432 | INFO     | csq:train:272 - [iter:32/50][code_length:64][zs_mAP:0.47541][zs_mAP_all:0.26138]
2023-10-25 08:19:48.293 | INFO     | csq:train:198 - [epoch:1/3][loss:0.343400]
2023-10-25 08:20:04.971 | INFO     | csq:train:198 - [epoch:2/3][loss:0.334750]
2023-10-25 08:20:21.301 | INFO     | csq:train:198 - [epoch:3/3][loss:0.332114]
2023-10-25 08:20:21.302 | INFO     | csq:train:201 - [iter:33/50][iter_time:49.87]
2023-10-25 08:26:18.861 | INFO     | csq:train:271 - [iter:33/50][code_length:64][mAP:0.90016][mAP_all:0.90443][best_mAP:0.90342]
2023-10-25 08:26:18.861 | INFO     | csq:train:272 - [iter:33/50][code_length:64][zs_mAP:0.47207][zs_mAP_all:0.25056]
2023-10-25 08:26:34.024 | INFO     | csq:train:198 - [epoch:1/3][loss:0.343482]
2023-10-25 08:26:50.903 | INFO     | csq:train:198 - [epoch:2/3][loss:0.337815]
2023-10-25 08:27:10.104 | INFO     | csq:train:198 - [epoch:3/3][loss:0.338030]
2023-10-25 08:27:10.105 | INFO     | csq:train:201 - [iter:34/50][iter_time:51.24]
2023-10-25 08:33:09.749 | INFO     | csq:train:271 - [iter:34/50][code_length:64][mAP:0.90298][mAP_all:0.90603][best_mAP:0.90342]
2023-10-25 08:33:09.750 | INFO     | csq:train:272 - [iter:34/50][code_length:64][zs_mAP:0.47948][zs_mAP_all:0.26419]
2023-10-25 08:33:23.843 | INFO     | csq:train:198 - [epoch:1/3][loss:0.359861]
2023-10-25 08:33:40.728 | INFO     | csq:train:198 - [epoch:2/3][loss:0.346771]
2023-10-25 08:33:56.879 | INFO     | csq:train:198 - [epoch:3/3][loss:0.335685]
2023-10-25 08:33:56.880 | INFO     | csq:train:201 - [iter:35/50][iter_time:47.13]
2023-10-25 08:39:51.996 | INFO     | csq:train:271 - [iter:35/50][code_length:64][mAP:0.90402][mAP_all:0.90599][best_mAP:0.90402]
2023-10-25 08:39:51.997 | INFO     | csq:train:272 - [iter:35/50][code_length:64][zs_mAP:0.46614][zs_mAP_all:0.25869]
2023-10-25 08:40:06.328 | INFO     | csq:train:198 - [epoch:1/3][loss:0.345901]
2023-10-25 08:40:21.770 | INFO     | csq:train:198 - [epoch:2/3][loss:0.337987]
2023-10-25 08:40:37.572 | INFO     | csq:train:198 - [epoch:3/3][loss:0.332169]
2023-10-25 08:40:37.573 | INFO     | csq:train:201 - [iter:36/50][iter_time:45.58]
2023-10-25 08:46:34.348 | INFO     | csq:train:271 - [iter:36/50][code_length:64][mAP:0.90189][mAP_all:0.90599][best_mAP:0.90402]
2023-10-25 08:46:34.348 | INFO     | csq:train:272 - [iter:36/50][code_length:64][zs_mAP:0.46858][zs_mAP_all:0.25062]
2023-10-25 08:46:47.676 | INFO     | csq:train:198 - [epoch:1/3][loss:0.345085]
2023-10-25 08:47:01.429 | INFO     | csq:train:198 - [epoch:2/3][loss:0.338408]
2023-10-25 08:47:16.369 | INFO     | csq:train:198 - [epoch:3/3][loss:0.333268]
2023-10-25 08:47:16.370 | INFO     | csq:train:201 - [iter:37/50][iter_time:42.02]
2023-10-25 08:53:11.900 | INFO     | csq:train:271 - [iter:37/50][code_length:64][mAP:0.90232][mAP_all:0.90571][best_mAP:0.90402]
2023-10-25 08:53:11.901 | INFO     | csq:train:272 - [iter:37/50][code_length:64][zs_mAP:0.46590][zs_mAP_all:0.25388]
2023-10-25 08:53:26.726 | INFO     | csq:train:198 - [epoch:1/3][loss:0.337411]
2023-10-25 08:53:41.643 | INFO     | csq:train:198 - [epoch:2/3][loss:0.324077]
2023-10-25 08:53:56.103 | INFO     | csq:train:198 - [epoch:3/3][loss:0.325699]
2023-10-25 08:53:56.103 | INFO     | csq:train:201 - [iter:38/50][iter_time:44.20]
2023-10-25 08:59:50.009 | INFO     | csq:train:271 - [iter:38/50][code_length:64][mAP:0.89999][mAP_all:0.90428][best_mAP:0.90402]
2023-10-25 08:59:50.010 | INFO     | csq:train:272 - [iter:38/50][code_length:64][zs_mAP:0.46800][zs_mAP_all:0.25190]
2023-10-25 09:00:04.037 | INFO     | csq:train:198 - [epoch:1/3][loss:0.335323]
2023-10-25 09:00:18.207 | INFO     | csq:train:198 - [epoch:2/3][loss:0.334884]
2023-10-25 09:00:32.161 | INFO     | csq:train:198 - [epoch:3/3][loss:0.328567]
2023-10-25 09:00:32.162 | INFO     | csq:train:201 - [iter:39/50][iter_time:42.15]
2023-10-25 09:06:30.203 | INFO     | csq:train:271 - [iter:39/50][code_length:64][mAP:0.89942][mAP_all:0.90286][best_mAP:0.90402]
2023-10-25 09:06:30.203 | INFO     | csq:train:272 - [iter:39/50][code_length:64][zs_mAP:0.46871][zs_mAP_all:0.26080]
2023-10-25 09:06:44.460 | INFO     | csq:train:198 - [epoch:1/3][loss:0.342736]
2023-10-25 09:06:59.286 | INFO     | csq:train:198 - [epoch:2/3][loss:0.340035]
2023-10-25 09:07:14.015 | INFO     | csq:train:198 - [epoch:3/3][loss:0.328529]
2023-10-25 09:07:14.016 | INFO     | csq:train:201 - [iter:40/50][iter_time:43.81]
2023-10-25 09:13:12.632 | INFO     | csq:train:271 - [iter:40/50][code_length:64][mAP:0.90285][mAP_all:0.90629][best_mAP:0.90402]
2023-10-25 09:13:12.633 | INFO     | csq:train:272 - [iter:40/50][code_length:64][zs_mAP:0.47455][zs_mAP_all:0.25873]
2023-10-25 09:13:26.396 | INFO     | csq:train:198 - [epoch:1/3][loss:0.339655]
2023-10-25 09:13:40.147 | INFO     | csq:train:198 - [epoch:2/3][loss:0.335694]
2023-10-25 09:13:54.853 | INFO     | csq:train:198 - [epoch:3/3][loss:0.328949]
2023-10-25 09:13:54.854 | INFO     | csq:train:201 - [iter:41/50][iter_time:42.22]
2023-10-25 09:19:51.520 | INFO     | csq:train:271 - [iter:41/50][code_length:64][mAP:0.90158][mAP_all:0.90398][best_mAP:0.90402]
2023-10-25 09:19:51.520 | INFO     | csq:train:272 - [iter:41/50][code_length:64][zs_mAP:0.46843][zs_mAP_all:0.25800]
2023-10-25 09:20:03.805 | INFO     | csq:train:198 - [epoch:1/3][loss:0.344478]
2023-10-25 09:20:16.084 | INFO     | csq:train:198 - [epoch:2/3][loss:0.341063]
2023-10-25 09:20:28.619 | INFO     | csq:train:198 - [epoch:3/3][loss:0.338164]
2023-10-25 09:20:28.619 | INFO     | csq:train:201 - [iter:42/50][iter_time:37.10]
2023-10-25 09:26:26.317 | INFO     | csq:train:271 - [iter:42/50][code_length:64][mAP:0.90099][mAP_all:0.90370][best_mAP:0.90402]
2023-10-25 09:26:26.317 | INFO     | csq:train:272 - [iter:42/50][code_length:64][zs_mAP:0.47223][zs_mAP_all:0.25545]
2023-10-25 09:26:40.023 | INFO     | csq:train:198 - [epoch:1/3][loss:0.341002]
2023-10-25 09:26:53.750 | INFO     | csq:train:198 - [epoch:2/3][loss:0.332127]
2023-10-25 09:27:07.964 | INFO     | csq:train:198 - [epoch:3/3][loss:0.324071]
2023-10-25 09:27:07.965 | INFO     | csq:train:201 - [iter:43/50][iter_time:41.65]
2023-10-25 09:33:04.355 | INFO     | csq:train:271 - [iter:43/50][code_length:64][mAP:0.90171][mAP_all:0.90506][best_mAP:0.90402]
2023-10-25 09:33:04.355 | INFO     | csq:train:272 - [iter:43/50][code_length:64][zs_mAP:0.47276][zs_mAP_all:0.25427]
2023-10-25 09:33:18.322 | INFO     | csq:train:198 - [epoch:1/3][loss:0.332101]
2023-10-25 09:33:33.172 | INFO     | csq:train:198 - [epoch:2/3][loss:0.328202]
2023-10-25 09:33:47.990 | INFO     | csq:train:198 - [epoch:3/3][loss:0.317211]
2023-10-25 09:33:47.990 | INFO     | csq:train:201 - [iter:44/50][iter_time:43.63]
2023-10-25 09:39:45.264 | INFO     | csq:train:271 - [iter:44/50][code_length:64][mAP:0.90271][mAP_all:0.90737][best_mAP:0.90402]
2023-10-25 09:39:45.265 | INFO     | csq:train:272 - [iter:44/50][code_length:64][zs_mAP:0.48149][zs_mAP_all:0.25546]
2023-10-25 09:39:59.027 | INFO     | csq:train:198 - [epoch:1/3][loss:0.337475]
2023-10-25 09:40:13.301 | INFO     | csq:train:198 - [epoch:2/3][loss:0.331436]
2023-10-25 09:40:28.068 | INFO     | csq:train:198 - [epoch:3/3][loss:0.322019]
2023-10-25 09:40:28.069 | INFO     | csq:train:201 - [iter:45/50][iter_time:42.80]
2023-10-25 09:46:26.378 | INFO     | csq:train:271 - [iter:45/50][code_length:64][mAP:0.90320][mAP_all:0.90746][best_mAP:0.90402]
2023-10-25 09:46:26.378 | INFO     | csq:train:272 - [iter:45/50][code_length:64][zs_mAP:0.47409][zs_mAP_all:0.25469]
2023-10-25 09:46:40.188 | INFO     | csq:train:198 - [epoch:1/3][loss:0.343670]
2023-10-25 09:46:54.679 | INFO     | csq:train:198 - [epoch:2/3][loss:0.342941]
2023-10-25 09:47:09.261 | INFO     | csq:train:198 - [epoch:3/3][loss:0.337763]
2023-10-25 09:47:09.262 | INFO     | csq:train:201 - [iter:46/50][iter_time:42.88]
2023-10-25 09:53:05.137 | INFO     | csq:train:271 - [iter:46/50][code_length:64][mAP:0.90189][mAP_all:0.90672][best_mAP:0.90402]
2023-10-25 09:53:05.138 | INFO     | csq:train:272 - [iter:46/50][code_length:64][zs_mAP:0.47578][zs_mAP_all:0.24839]
2023-10-25 09:53:18.672 | INFO     | csq:train:198 - [epoch:1/3][loss:0.329664]
2023-10-25 09:53:33.195 | INFO     | csq:train:198 - [epoch:2/3][loss:0.330470]
2023-10-25 09:53:48.013 | INFO     | csq:train:198 - [epoch:3/3][loss:0.324325]
2023-10-25 09:53:48.014 | INFO     | csq:train:201 - [iter:47/50][iter_time:42.88]
2023-10-25 09:59:43.689 | INFO     | csq:train:271 - [iter:47/50][code_length:64][mAP:0.90514][mAP_all:0.90920][best_mAP:0.90514]
2023-10-25 09:59:43.689 | INFO     | csq:train:272 - [iter:47/50][code_length:64][zs_mAP:0.47472][zs_mAP_all:0.25305]
2023-10-25 09:59:58.484 | INFO     | csq:train:198 - [epoch:1/3][loss:0.336486]
2023-10-25 10:00:13.133 | INFO     | csq:train:198 - [epoch:2/3][loss:0.329261]
2023-10-25 10:00:27.596 | INFO     | csq:train:198 - [epoch:3/3][loss:0.332745]
2023-10-25 10:00:27.597 | INFO     | csq:train:201 - [iter:48/50][iter_time:43.91]
2023-10-25 10:06:25.069 | INFO     | csq:train:271 - [iter:48/50][code_length:64][mAP:0.90380][mAP_all:0.90789][best_mAP:0.90514]
2023-10-25 10:06:25.070 | INFO     | csq:train:272 - [iter:48/50][code_length:64][zs_mAP:0.47289][zs_mAP_all:0.25112]
2023-10-25 10:06:39.769 | INFO     | csq:train:198 - [epoch:1/3][loss:0.323980]
2023-10-25 10:06:54.514 | INFO     | csq:train:198 - [epoch:2/3][loss:0.327615]
2023-10-25 10:07:09.301 | INFO     | csq:train:198 - [epoch:3/3][loss:0.328434]
2023-10-25 10:07:09.302 | INFO     | csq:train:201 - [iter:49/50][iter_time:44.23]
2023-10-25 10:13:11.938 | INFO     | csq:train:271 - [iter:49/50][code_length:64][mAP:0.90324][mAP_all:0.90769][best_mAP:0.90514]
2023-10-25 10:13:11.939 | INFO     | csq:train:272 - [iter:49/50][code_length:64][zs_mAP:0.47057][zs_mAP_all:0.24875]
2023-10-25 10:13:26.427 | INFO     | csq:train:198 - [epoch:1/3][loss:0.338322]
2023-10-25 10:13:41.298 | INFO     | csq:train:198 - [epoch:2/3][loss:0.339121]
2023-10-25 10:13:55.291 | INFO     | csq:train:198 - [epoch:3/3][loss:0.338913]
2023-10-25 10:13:55.292 | INFO     | csq:train:201 - [iter:50/50][iter_time:43.35]
2023-10-25 10:19:53.346 | INFO     | csq:train:271 - [iter:50/50][code_length:64][mAP:0.90465][mAP_all:0.90848][best_mAP:0.90514]
2023-10-25 10:19:53.347 | INFO     | csq:train:272 - [iter:50/50][code_length:64][zs_mAP:0.47411][zs_mAP_all:0.25448]
2023-10-25 10:19:53.347 | INFO     | csq:train:275 - [Training time:20055.66]
2023-10-25 10:19:53.356 | INFO     | __main__:run:126 - [code_length:64][map:0.9051][map_all:0.9092][zs_map:0.4747][zs_map_all:0.2531]
