2023-11-14 12:34:25.821 | SUCCESS  | __main__:run:50 - Namespace(align_step=50, arch='fish', batch_size=16, cauchy_gamma=20.0, code_length=[16, 32, 64], dataset='imagenetzs', device=device(type='cuda', index=1), epoch_change=11, gamma=200, gpu=1, info='imagenetzs-15-85-fish-11-14-16,32,64', lambd=0.1, lambd_ch=0.1, lambd_sp=0.1, lr=0.01, lr_step=[5, 15, 35], margin=0.1, max_epoch=1, max_iter=50, momen=0.9, nesterov=False, net='ResNet50', num_classes=85, num_query=1000, num_samples=11050, num_workers=2, num_zs=15, optim='SGD', pretrain=True, quan_loss=False, root='/4T/ImageNet/ILSVRC', save_ckpt='checkpoints/', topk=1000, val_freq=5, wd=1e-05)
2023-11-14 12:38:27.279 | INFO     | fish:train:93 - [epoch:1/1][loss:8.1609]
2023-11-14 12:38:27.280 | INFO     | fish:train:96 - [iter:1/50][iter_time:211.49]
2023-11-14 12:41:57.668 | INFO     | fish:train:93 - [epoch:1/1][loss:5.9538]
2023-11-14 12:41:57.669 | INFO     | fish:train:96 - [iter:2/50][iter_time:210.39]
2023-11-14 12:45:26.386 | INFO     | fish:train:93 - [epoch:1/1][loss:5.1732]
2023-11-14 12:45:26.387 | INFO     | fish:train:96 - [iter:3/50][iter_time:208.72]
2023-11-14 12:48:43.565 | INFO     | fish:train:93 - [epoch:1/1][loss:4.6376]
2023-11-14 12:48:43.566 | INFO     | fish:train:96 - [iter:4/50][iter_time:197.18]
2023-11-14 12:51:32.468 | INFO     | fish:train:93 - [epoch:1/1][loss:4.2722]
2023-11-14 12:51:32.469 | INFO     | fish:train:96 - [iter:5/50][iter_time:168.90]
2023-11-14 13:01:50.791 | INFO     | fish:train:177 - [iter:5/50][code_length:16][mAP:0.39930][mAP_all:0.39201][best_mAP:0.39930]
2023-11-14 13:01:50.792 | INFO     | fish:train:178 - [iter:5/50][code_length:16][zs_mAP:0.20756][zs_mAP_all:0.04666]
2023-11-14 13:05:19.688 | INFO     | fish:train:93 - [epoch:1/1][loss:2.9811]
2023-11-14 13:05:19.689 | INFO     | fish:train:96 - [iter:6/50][iter_time:208.90]
2023-11-14 13:08:48.396 | INFO     | fish:train:93 - [epoch:1/1][loss:2.5455]
2023-11-14 13:08:48.397 | INFO     | fish:train:96 - [iter:7/50][iter_time:208.71]
2023-11-14 13:12:06.702 | INFO     | fish:train:93 - [epoch:1/1][loss:2.3653]
2023-11-14 13:12:06.703 | INFO     | fish:train:96 - [iter:8/50][iter_time:198.31]
2023-11-14 13:14:55.092 | INFO     | fish:train:93 - [epoch:1/1][loss:2.1900]
2023-11-14 13:14:55.093 | INFO     | fish:train:96 - [iter:9/50][iter_time:168.39]
2023-11-14 13:17:44.528 | INFO     | fish:train:93 - [epoch:1/1][loss:2.0461]
2023-11-14 13:17:44.529 | INFO     | fish:train:96 - [iter:10/50][iter_time:169.44]
2023-11-14 13:28:29.569 | INFO     | fish:train:177 - [iter:10/50][code_length:16][mAP:0.68041][mAP_all:0.67457][best_mAP:0.68041]
2023-11-14 13:28:29.570 | INFO     | fish:train:178 - [iter:10/50][code_length:16][zs_mAP:0.27037][zs_mAP_all:0.09793]
2023-11-14 13:31:59.100 | INFO     | fish:train:93 - [epoch:1/1][loss:2.0059]
2023-11-14 13:31:59.102 | INFO     | fish:train:96 - [iter:11/50][iter_time:209.53]
2023-11-14 13:35:22.872 | INFO     | fish:train:93 - [epoch:1/1][loss:1.9247]
2023-11-14 13:35:22.873 | INFO     | fish:train:96 - [iter:12/50][iter_time:203.77]
2023-11-14 13:38:13.175 | INFO     | fish:train:93 - [epoch:1/1][loss:1.7635]
2023-11-14 13:38:13.177 | INFO     | fish:train:96 - [iter:13/50][iter_time:170.30]
2023-11-14 13:41:03.825 | INFO     | fish:train:93 - [epoch:1/1][loss:1.7574]
2023-11-14 13:41:03.826 | INFO     | fish:train:96 - [iter:14/50][iter_time:170.65]
2023-11-14 13:43:54.193 | INFO     | fish:train:93 - [epoch:1/1][loss:1.7072]
2023-11-14 13:43:54.194 | INFO     | fish:train:96 - [iter:15/50][iter_time:170.37]
2023-11-14 13:55:11.810 | INFO     | fish:train:177 - [iter:15/50][code_length:16][mAP:0.70934][mAP_all:0.70304][best_mAP:0.70934]
2023-11-14 13:55:11.811 | INFO     | fish:train:178 - [iter:15/50][code_length:16][zs_mAP:0.27229][zs_mAP_all:0.09950]
2023-11-14 13:58:40.050 | INFO     | fish:train:93 - [epoch:1/1][loss:1.4962]
2023-11-14 13:58:40.051 | INFO     | fish:train:96 - [iter:16/50][iter_time:208.24]
2023-11-14 14:01:28.550 | INFO     | fish:train:93 - [epoch:1/1][loss:1.4511]
2023-11-14 14:01:28.551 | INFO     | fish:train:96 - [iter:17/50][iter_time:168.50]
2023-11-14 14:04:14.967 | INFO     | fish:train:93 - [epoch:1/1][loss:1.4114]
2023-11-14 14:04:14.968 | INFO     | fish:train:96 - [iter:18/50][iter_time:166.42]
2023-11-14 14:07:04.637 | INFO     | fish:train:93 - [epoch:1/1][loss:1.3996]
2023-11-14 14:07:04.639 | INFO     | fish:train:96 - [iter:19/50][iter_time:169.67]
2023-11-14 14:10:10.734 | INFO     | fish:train:93 - [epoch:1/1][loss:1.3305]
2023-11-14 14:10:10.735 | INFO     | fish:train:96 - [iter:20/50][iter_time:186.10]
2023-11-14 14:21:17.107 | INFO     | fish:train:177 - [iter:20/50][code_length:16][mAP:0.73782][mAP_all:0.73293][best_mAP:0.73782]
2023-11-14 14:21:17.108 | INFO     | fish:train:178 - [iter:20/50][code_length:16][zs_mAP:0.28389][zs_mAP_all:0.10543]
2023-11-14 14:24:10.930 | INFO     | fish:train:93 - [epoch:1/1][loss:1.3258]
2023-11-14 14:24:10.930 | INFO     | fish:train:96 - [iter:21/50][iter_time:173.82]
2023-11-14 14:26:58.229 | INFO     | fish:train:93 - [epoch:1/1][loss:1.3395]
2023-11-14 14:26:58.230 | INFO     | fish:train:96 - [iter:22/50][iter_time:167.30]
2023-11-14 14:29:43.777 | INFO     | fish:train:93 - [epoch:1/1][loss:1.3050]
2023-11-14 14:29:43.777 | INFO     | fish:train:96 - [iter:23/50][iter_time:165.55]
2023-11-14 14:32:36.422 | INFO     | fish:train:93 - [epoch:1/1][loss:1.3267]
2023-11-14 14:32:36.423 | INFO     | fish:train:96 - [iter:24/50][iter_time:172.65]
2023-11-14 14:36:06.770 | INFO     | fish:train:93 - [epoch:1/1][loss:1.3140]
2023-11-14 14:36:06.771 | INFO     | fish:train:96 - [iter:25/50][iter_time:210.35]
2023-11-14 14:46:55.452 | INFO     | fish:train:177 - [iter:25/50][code_length:16][mAP:0.74332][mAP_all:0.73839][best_mAP:0.74332]
2023-11-14 14:46:55.453 | INFO     | fish:train:178 - [iter:25/50][code_length:16][zs_mAP:0.27580][zs_mAP_all:0.09914]
2023-11-14 14:49:43.348 | INFO     | fish:train:93 - [epoch:1/1][loss:1.3311]
2023-11-14 14:49:43.350 | INFO     | fish:train:96 - [iter:26/50][iter_time:167.90]
2023-11-14 14:52:30.684 | INFO     | fish:train:93 - [epoch:1/1][loss:1.2394]
2023-11-14 14:52:30.685 | INFO     | fish:train:96 - [iter:27/50][iter_time:167.33]
2023-11-14 14:55:18.814 | INFO     | fish:train:93 - [epoch:1/1][loss:1.2865]
2023-11-14 14:55:18.815 | INFO     | fish:train:96 - [iter:28/50][iter_time:168.13]
2023-11-14 14:58:44.323 | INFO     | fish:train:93 - [epoch:1/1][loss:1.2258]
2023-11-14 14:58:44.323 | INFO     | fish:train:96 - [iter:29/50][iter_time:205.51]
2023-11-14 15:02:15.254 | INFO     | fish:train:93 - [epoch:1/1][loss:1.2333]
2023-11-14 15:02:15.256 | INFO     | fish:train:96 - [iter:30/50][iter_time:210.93]
2023-11-14 15:12:41.136 | INFO     | fish:train:177 - [iter:30/50][code_length:16][mAP:0.74898][mAP_all:0.74385][best_mAP:0.74898]
2023-11-14 15:12:41.137 | INFO     | fish:train:178 - [iter:30/50][code_length:16][zs_mAP:0.28599][zs_mAP_all:0.09807]
2023-11-14 15:15:28.038 | INFO     | fish:train:93 - [epoch:1/1][loss:1.2049]
2023-11-14 15:15:28.039 | INFO     | fish:train:96 - [iter:31/50][iter_time:166.90]
2023-11-14 15:18:14.664 | INFO     | fish:train:93 - [epoch:1/1][loss:1.2046]
2023-11-14 15:18:14.666 | INFO     | fish:train:96 - [iter:32/50][iter_time:166.63]
2023-11-14 15:21:25.378 | INFO     | fish:train:93 - [epoch:1/1][loss:1.2245]
2023-11-14 15:21:25.379 | INFO     | fish:train:96 - [iter:33/50][iter_time:190.71]
2023-11-14 15:24:21.735 | INFO     | fish:train:93 - [epoch:1/1][loss:1.1896]
2023-11-14 15:24:21.736 | INFO     | fish:train:96 - [iter:34/50][iter_time:176.36]
2023-11-14 15:27:07.861 | INFO     | fish:train:93 - [epoch:1/1][loss:1.1710]
2023-11-14 15:27:07.862 | INFO     | fish:train:96 - [iter:35/50][iter_time:166.13]
2023-11-14 15:37:04.116 | INFO     | fish:train:177 - [iter:35/50][code_length:16][mAP:0.75522][mAP_all:0.75078][best_mAP:0.75522]
2023-11-14 15:37:04.117 | INFO     | fish:train:178 - [iter:35/50][code_length:16][zs_mAP:0.28545][zs_mAP_all:0.10948]
2023-11-14 15:39:50.610 | INFO     | fish:train:93 - [epoch:1/1][loss:1.1784]
2023-11-14 15:39:50.611 | INFO     | fish:train:96 - [iter:36/50][iter_time:166.49]
2023-11-14 15:49:41.978 | INFO     | fish:train:177 - [iter:36/50][code_length:16][mAP:0.75623][mAP_all:0.75165][best_mAP:0.75623]
2023-11-14 15:49:41.979 | INFO     | fish:train:178 - [iter:36/50][code_length:16][zs_mAP:0.28175][zs_mAP_all:0.10063]
2023-11-14 15:52:29.309 | INFO     | fish:train:93 - [epoch:1/1][loss:1.2070]
2023-11-14 15:52:29.310 | INFO     | fish:train:96 - [iter:37/50][iter_time:167.33]
2023-11-14 16:02:30.801 | INFO     | fish:train:177 - [iter:37/50][code_length:16][mAP:0.75320][mAP_all:0.74863][best_mAP:0.75623]
2023-11-14 16:02:30.802 | INFO     | fish:train:178 - [iter:37/50][code_length:16][zs_mAP:0.28262][zs_mAP_all:0.10537]
2023-11-14 16:05:17.763 | INFO     | fish:train:93 - [epoch:1/1][loss:1.2010]
2023-11-14 16:05:17.764 | INFO     | fish:train:96 - [iter:38/50][iter_time:166.96]
2023-11-14 16:15:09.043 | INFO     | fish:train:177 - [iter:38/50][code_length:16][mAP:0.75609][mAP_all:0.75189][best_mAP:0.75623]
2023-11-14 16:15:09.044 | INFO     | fish:train:178 - [iter:38/50][code_length:16][zs_mAP:0.28909][zs_mAP_all:0.11295]
2023-11-14 16:17:55.368 | INFO     | fish:train:93 - [epoch:1/1][loss:1.2123]
2023-11-14 16:17:55.369 | INFO     | fish:train:96 - [iter:39/50][iter_time:166.33]
2023-11-14 16:27:50.909 | INFO     | fish:train:177 - [iter:39/50][code_length:16][mAP:0.75703][mAP_all:0.75236][best_mAP:0.75703]
2023-11-14 16:27:50.910 | INFO     | fish:train:178 - [iter:39/50][code_length:16][zs_mAP:0.28361][zs_mAP_all:0.10478]
2023-11-14 16:30:35.422 | INFO     | fish:train:93 - [epoch:1/1][loss:1.1824]
2023-11-14 16:30:35.423 | INFO     | fish:train:96 - [iter:40/50][iter_time:164.51]
2023-11-14 16:40:34.315 | INFO     | fish:train:177 - [iter:40/50][code_length:16][mAP:0.75212][mAP_all:0.74779][best_mAP:0.75703]
2023-11-14 16:40:34.315 | INFO     | fish:train:178 - [iter:40/50][code_length:16][zs_mAP:0.28159][zs_mAP_all:0.10137]
2023-11-14 16:43:20.464 | INFO     | fish:train:93 - [epoch:1/1][loss:1.1597]
2023-11-14 16:43:20.465 | INFO     | fish:train:96 - [iter:41/50][iter_time:166.15]
2023-11-14 16:53:23.625 | INFO     | fish:train:177 - [iter:41/50][code_length:16][mAP:0.75611][mAP_all:0.75157][best_mAP:0.75703]
2023-11-14 16:53:23.626 | INFO     | fish:train:178 - [iter:41/50][code_length:16][zs_mAP:0.28697][zs_mAP_all:0.10967]
2023-11-14 16:56:08.861 | INFO     | fish:train:93 - [epoch:1/1][loss:1.1420]
2023-11-14 16:56:08.861 | INFO     | fish:train:96 - [iter:42/50][iter_time:165.24]
2023-11-14 17:06:15.361 | INFO     | fish:train:177 - [iter:42/50][code_length:16][mAP:0.75454][mAP_all:0.75035][best_mAP:0.75703]
2023-11-14 17:06:15.361 | INFO     | fish:train:178 - [iter:42/50][code_length:16][zs_mAP:0.27450][zs_mAP_all:0.10271]
2023-11-14 17:09:01.776 | INFO     | fish:train:93 - [epoch:1/1][loss:1.2139]
2023-11-14 17:09:01.777 | INFO     | fish:train:96 - [iter:43/50][iter_time:166.42]
2023-11-14 17:19:09.123 | INFO     | fish:train:177 - [iter:43/50][code_length:16][mAP:0.75478][mAP_all:0.75042][best_mAP:0.75703]
2023-11-14 17:19:09.124 | INFO     | fish:train:178 - [iter:43/50][code_length:16][zs_mAP:0.27828][zs_mAP_all:0.10481]
2023-11-14 17:21:56.931 | INFO     | fish:train:93 - [epoch:1/1][loss:1.1485]
2023-11-14 17:21:56.932 | INFO     | fish:train:96 - [iter:44/50][iter_time:167.81]
2023-11-14 17:32:04.764 | INFO     | fish:train:177 - [iter:44/50][code_length:16][mAP:0.75604][mAP_all:0.75156][best_mAP:0.75703]
2023-11-14 17:32:04.765 | INFO     | fish:train:178 - [iter:44/50][code_length:16][zs_mAP:0.27674][zs_mAP_all:0.10068]
2023-11-14 17:34:52.300 | INFO     | fish:train:93 - [epoch:1/1][loss:1.1585]
2023-11-14 17:34:52.301 | INFO     | fish:train:96 - [iter:45/50][iter_time:167.54]
2023-11-14 17:44:55.433 | INFO     | fish:train:177 - [iter:45/50][code_length:16][mAP:0.75620][mAP_all:0.75189][best_mAP:0.75703]
2023-11-14 17:44:55.433 | INFO     | fish:train:178 - [iter:45/50][code_length:16][zs_mAP:0.28453][zs_mAP_all:0.10607]
2023-11-14 17:47:44.416 | INFO     | fish:train:93 - [epoch:1/1][loss:1.1679]
2023-11-14 17:47:44.417 | INFO     | fish:train:96 - [iter:46/50][iter_time:168.98]
2023-11-14 17:57:36.902 | INFO     | fish:train:177 - [iter:46/50][code_length:16][mAP:0.75436][mAP_all:0.74993][best_mAP:0.75703]
2023-11-14 17:57:36.902 | INFO     | fish:train:178 - [iter:46/50][code_length:16][zs_mAP:0.28471][zs_mAP_all:0.11248]
2023-11-14 18:00:27.563 | INFO     | fish:train:93 - [epoch:1/1][loss:1.1546]
2023-11-14 18:00:27.564 | INFO     | fish:train:96 - [iter:47/50][iter_time:170.66]
2023-11-14 18:10:15.035 | INFO     | fish:train:177 - [iter:47/50][code_length:16][mAP:0.74833][mAP_all:0.74416][best_mAP:0.75703]
2023-11-14 18:10:15.036 | INFO     | fish:train:178 - [iter:47/50][code_length:16][zs_mAP:0.28190][zs_mAP_all:0.10839]
2023-11-14 18:13:06.332 | INFO     | fish:train:93 - [epoch:1/1][loss:1.1489]
2023-11-14 18:13:06.333 | INFO     | fish:train:96 - [iter:48/50][iter_time:171.30]
2023-11-14 18:22:58.283 | INFO     | fish:train:177 - [iter:48/50][code_length:16][mAP:0.75659][mAP_all:0.75197][best_mAP:0.75703]
2023-11-14 18:22:58.284 | INFO     | fish:train:178 - [iter:48/50][code_length:16][zs_mAP:0.28173][zs_mAP_all:0.10705]
2023-11-14 18:25:50.674 | INFO     | fish:train:93 - [epoch:1/1][loss:1.1717]
2023-11-14 18:25:50.676 | INFO     | fish:train:96 - [iter:49/50][iter_time:172.39]
2023-11-14 18:36:51.415 | INFO     | fish:train:177 - [iter:49/50][code_length:16][mAP:0.75777][mAP_all:0.75358][best_mAP:0.75777]
2023-11-14 18:36:51.416 | INFO     | fish:train:178 - [iter:49/50][code_length:16][zs_mAP:0.28076][zs_mAP_all:0.10775]
2023-11-14 18:39:56.085 | INFO     | fish:train:93 - [epoch:1/1][loss:1.1772]
2023-11-14 18:39:56.086 | INFO     | fish:train:96 - [iter:50/50][iter_time:184.67]
2023-11-14 18:49:35.829 | INFO     | fish:train:177 - [iter:50/50][code_length:16][mAP:0.75132][mAP_all:0.74677][best_mAP:0.75777]
2023-11-14 18:49:35.829 | INFO     | fish:train:178 - [iter:50/50][code_length:16][zs_mAP:0.28327][zs_mAP_all:0.11736]
2023-11-14 18:49:35.829 | INFO     | fish:train:183 - [Training time:22480.85]
2023-11-14 18:49:35.838 | INFO     | __main__:run:126 - [code_length:16][map:0.7578][map_all:0.7536][zs_map:0.2808][zs_map_all:0.1078]
2023-11-14 18:53:08.280 | INFO     | fish:train:93 - [epoch:1/1][loss:7.8278]
2023-11-14 18:53:08.281 | INFO     | fish:train:96 - [iter:1/50][iter_time:210.64]
2023-11-14 18:56:38.664 | INFO     | fish:train:93 - [epoch:1/1][loss:5.7516]
2023-11-14 18:56:38.666 | INFO     | fish:train:96 - [iter:2/50][iter_time:210.38]
2023-11-14 19:00:08.826 | INFO     | fish:train:93 - [epoch:1/1][loss:5.0756]
2023-11-14 19:00:08.827 | INFO     | fish:train:96 - [iter:3/50][iter_time:210.16]
2023-11-14 19:03:26.597 | INFO     | fish:train:93 - [epoch:1/1][loss:4.5204]
2023-11-14 19:03:26.598 | INFO     | fish:train:96 - [iter:4/50][iter_time:197.77]
2023-11-14 19:06:14.242 | INFO     | fish:train:93 - [epoch:1/1][loss:4.2010]
2023-11-14 19:06:14.242 | INFO     | fish:train:96 - [iter:5/50][iter_time:167.64]
2023-11-14 19:16:21.802 | INFO     | fish:train:177 - [iter:5/50][code_length:32][mAP:0.46317][mAP_all:0.45299][best_mAP:0.46317]
2023-11-14 19:16:21.803 | INFO     | fish:train:178 - [iter:5/50][code_length:32][zs_mAP:0.24833][zs_mAP_all:0.08467]
2023-11-14 19:19:53.011 | INFO     | fish:train:93 - [epoch:1/1][loss:2.9973]
2023-11-14 19:19:53.012 | INFO     | fish:train:96 - [iter:6/50][iter_time:211.21]
2023-11-14 19:23:23.659 | INFO     | fish:train:93 - [epoch:1/1][loss:2.5590]
2023-11-14 19:23:23.660 | INFO     | fish:train:96 - [iter:7/50][iter_time:210.65]
2023-11-14 19:26:42.958 | INFO     | fish:train:93 - [epoch:1/1][loss:2.3825]
2023-11-14 19:26:42.959 | INFO     | fish:train:96 - [iter:8/50][iter_time:199.30]
2023-11-14 19:29:37.213 | INFO     | fish:train:93 - [epoch:1/1][loss:2.1983]
2023-11-14 19:29:37.215 | INFO     | fish:train:96 - [iter:9/50][iter_time:174.26]
2023-11-14 19:32:25.697 | INFO     | fish:train:93 - [epoch:1/1][loss:2.1636]
2023-11-14 19:32:25.697 | INFO     | fish:train:96 - [iter:10/50][iter_time:168.48]
2023-11-14 19:43:12.336 | INFO     | fish:train:177 - [iter:10/50][code_length:32][mAP:0.72283][mAP_all:0.71248][best_mAP:0.72283]
2023-11-14 19:43:12.337 | INFO     | fish:train:178 - [iter:10/50][code_length:32][zs_mAP:0.31678][zs_mAP_all:0.12656]
2023-11-14 19:46:42.883 | INFO     | fish:train:93 - [epoch:1/1][loss:2.0158]
2023-11-14 19:46:42.884 | INFO     | fish:train:96 - [iter:11/50][iter_time:210.55]
2023-11-14 19:50:05.244 | INFO     | fish:train:93 - [epoch:1/1][loss:1.9455]
2023-11-14 19:50:05.245 | INFO     | fish:train:96 - [iter:12/50][iter_time:202.36]
2023-11-14 19:53:01.493 | INFO     | fish:train:93 - [epoch:1/1][loss:1.8819]
2023-11-14 19:53:01.494 | INFO     | fish:train:96 - [iter:13/50][iter_time:176.25]
2023-11-14 19:55:47.748 | INFO     | fish:train:93 - [epoch:1/1][loss:1.8192]
2023-11-14 19:55:47.749 | INFO     | fish:train:96 - [iter:14/50][iter_time:166.25]
2023-11-14 19:58:35.378 | INFO     | fish:train:93 - [epoch:1/1][loss:1.7245]
2023-11-14 19:58:35.379 | INFO     | fish:train:96 - [iter:15/50][iter_time:167.63]
2023-11-14 20:09:23.793 | INFO     | fish:train:177 - [iter:15/50][code_length:32][mAP:0.75102][mAP_all:0.74212][best_mAP:0.75102]
2023-11-14 20:09:23.794 | INFO     | fish:train:178 - [iter:15/50][code_length:32][zs_mAP:0.33417][zs_mAP_all:0.13362]
2023-11-14 20:12:48.257 | INFO     | fish:train:93 - [epoch:1/1][loss:1.5350]
2023-11-14 20:12:48.258 | INFO     | fish:train:96 - [iter:16/50][iter_time:204.46]
2023-11-14 20:15:47.285 | INFO     | fish:train:93 - [epoch:1/1][loss:1.5336]
2023-11-14 20:15:47.286 | INFO     | fish:train:96 - [iter:17/50][iter_time:179.03]
2023-11-14 20:18:33.467 | INFO     | fish:train:93 - [epoch:1/1][loss:1.4922]
2023-11-14 20:18:33.468 | INFO     | fish:train:96 - [iter:18/50][iter_time:166.18]
2023-11-14 20:21:20.720 | INFO     | fish:train:93 - [epoch:1/1][loss:1.4486]
2023-11-14 20:21:20.721 | INFO     | fish:train:96 - [iter:19/50][iter_time:167.25]
2023-11-14 20:24:18.867 | INFO     | fish:train:93 - [epoch:1/1][loss:1.4541]
2023-11-14 20:24:18.868 | INFO     | fish:train:96 - [iter:20/50][iter_time:178.15]
2023-11-14 20:35:24.858 | INFO     | fish:train:177 - [iter:20/50][code_length:32][mAP:0.77154][mAP_all:0.76285][best_mAP:0.77154]
2023-11-14 20:35:24.859 | INFO     | fish:train:178 - [iter:20/50][code_length:32][zs_mAP:0.33506][zs_mAP_all:0.12921]
2023-11-14 20:38:32.976 | INFO     | fish:train:93 - [epoch:1/1][loss:1.4045]
2023-11-14 20:38:32.977 | INFO     | fish:train:96 - [iter:21/50][iter_time:188.12]
2023-11-14 20:41:21.286 | INFO     | fish:train:93 - [epoch:1/1][loss:1.4065]
2023-11-14 20:41:21.287 | INFO     | fish:train:96 - [iter:22/50][iter_time:168.31]
2023-11-14 20:44:12.028 | INFO     | fish:train:93 - [epoch:1/1][loss:1.3798]
2023-11-14 20:44:12.029 | INFO     | fish:train:96 - [iter:23/50][iter_time:170.74]
2023-11-14 20:47:06.618 | INFO     | fish:train:93 - [epoch:1/1][loss:1.3931]
2023-11-14 20:47:06.619 | INFO     | fish:train:96 - [iter:24/50][iter_time:174.59]
2023-11-14 20:50:27.703 | INFO     | fish:train:93 - [epoch:1/1][loss:1.3504]
2023-11-14 20:50:27.704 | INFO     | fish:train:96 - [iter:25/50][iter_time:201.08]
2023-11-14 21:01:34.395 | INFO     | fish:train:177 - [iter:25/50][code_length:32][mAP:0.77155][mAP_all:0.76344][best_mAP:0.77155]
2023-11-14 21:01:34.396 | INFO     | fish:train:178 - [iter:25/50][code_length:32][zs_mAP:0.33499][zs_mAP_all:0.13636]
2023-11-14 21:04:21.829 | INFO     | fish:train:93 - [epoch:1/1][loss:1.3733]
2023-11-14 21:04:21.830 | INFO     | fish:train:96 - [iter:26/50][iter_time:167.43]
2023-11-14 21:07:08.790 | INFO     | fish:train:93 - [epoch:1/1][loss:1.3644]
2023-11-14 21:07:08.792 | INFO     | fish:train:96 - [iter:27/50][iter_time:166.96]
2023-11-14 21:10:00.953 | INFO     | fish:train:93 - [epoch:1/1][loss:1.3665]
2023-11-14 21:10:00.954 | INFO     | fish:train:96 - [iter:28/50][iter_time:172.16]
2023-11-14 21:13:12.239 | INFO     | fish:train:93 - [epoch:1/1][loss:1.3449]
2023-11-14 21:13:12.240 | INFO     | fish:train:96 - [iter:29/50][iter_time:191.29]
2023-11-14 21:16:08.975 | INFO     | fish:train:93 - [epoch:1/1][loss:1.2973]
2023-11-14 21:16:08.976 | INFO     | fish:train:96 - [iter:30/50][iter_time:176.74]
2023-11-14 21:26:07.505 | INFO     | fish:train:177 - [iter:30/50][code_length:32][mAP:0.78029][mAP_all:0.77265][best_mAP:0.78029]
2023-11-14 21:26:07.506 | INFO     | fish:train:178 - [iter:30/50][code_length:32][zs_mAP:0.33647][zs_mAP_all:0.14296]
2023-11-14 21:28:58.097 | INFO     | fish:train:93 - [epoch:1/1][loss:1.3244]
2023-11-14 21:28:58.098 | INFO     | fish:train:96 - [iter:31/50][iter_time:170.59]
2023-11-14 21:31:45.363 | INFO     | fish:train:93 - [epoch:1/1][loss:1.3198]
2023-11-14 21:31:45.364 | INFO     | fish:train:96 - [iter:32/50][iter_time:167.27]
2023-11-14 21:34:33.086 | INFO     | fish:train:93 - [epoch:1/1][loss:1.2915]
2023-11-14 21:34:33.087 | INFO     | fish:train:96 - [iter:33/50][iter_time:167.72]
2023-11-14 21:37:43.936 | INFO     | fish:train:93 - [epoch:1/1][loss:1.3080]
2023-11-14 21:37:43.937 | INFO     | fish:train:96 - [iter:34/50][iter_time:190.85]
2023-11-14 21:40:43.944 | INFO     | fish:train:93 - [epoch:1/1][loss:1.2414]
2023-11-14 21:40:43.945 | INFO     | fish:train:96 - [iter:35/50][iter_time:180.01]
2023-11-14 21:50:37.930 | INFO     | fish:train:177 - [iter:35/50][code_length:32][mAP:0.78116][mAP_all:0.77331][best_mAP:0.78116]
2023-11-14 21:50:37.931 | INFO     | fish:train:178 - [iter:35/50][code_length:32][zs_mAP:0.33559][zs_mAP_all:0.13990]
2023-11-14 21:53:32.654 | INFO     | fish:train:93 - [epoch:1/1][loss:1.2396]
2023-11-14 21:53:32.656 | INFO     | fish:train:96 - [iter:36/50][iter_time:174.72]
2023-11-14 22:03:24.841 | INFO     | fish:train:177 - [iter:36/50][code_length:32][mAP:0.78451][mAP_all:0.77683][best_mAP:0.78451]
2023-11-14 22:03:24.842 | INFO     | fish:train:178 - [iter:36/50][code_length:32][zs_mAP:0.33181][zs_mAP_all:0.13657]
2023-11-14 22:06:16.948 | INFO     | fish:train:93 - [epoch:1/1][loss:1.2448]
2023-11-14 22:06:16.949 | INFO     | fish:train:96 - [iter:37/50][iter_time:172.11]
2023-11-14 22:16:21.226 | INFO     | fish:train:177 - [iter:37/50][code_length:32][mAP:0.78067][mAP_all:0.77302][best_mAP:0.78451]
2023-11-14 22:16:21.226 | INFO     | fish:train:178 - [iter:37/50][code_length:32][zs_mAP:0.34537][zs_mAP_all:0.14661]
2023-11-14 22:19:09.978 | INFO     | fish:train:93 - [epoch:1/1][loss:1.2651]
2023-11-14 22:19:09.980 | INFO     | fish:train:96 - [iter:38/50][iter_time:168.75]
2023-11-14 22:29:07.001 | INFO     | fish:train:177 - [iter:38/50][code_length:32][mAP:0.77993][mAP_all:0.77223][best_mAP:0.78451]
2023-11-14 22:29:07.002 | INFO     | fish:train:178 - [iter:38/50][code_length:32][zs_mAP:0.33074][zs_mAP_all:0.13931]
2023-11-14 22:31:53.200 | INFO     | fish:train:93 - [epoch:1/1][loss:1.2449]
2023-11-14 22:31:53.200 | INFO     | fish:train:96 - [iter:39/50][iter_time:166.20]
2023-11-14 22:41:46.390 | INFO     | fish:train:177 - [iter:39/50][code_length:32][mAP:0.78313][mAP_all:0.77511][best_mAP:0.78451]
2023-11-14 22:41:46.391 | INFO     | fish:train:178 - [iter:39/50][code_length:32][zs_mAP:0.33943][zs_mAP_all:0.13920]
2023-11-14 22:44:33.498 | INFO     | fish:train:93 - [epoch:1/1][loss:1.2388]
2023-11-14 22:44:33.499 | INFO     | fish:train:96 - [iter:40/50][iter_time:167.11]
2023-11-14 22:54:31.422 | INFO     | fish:train:177 - [iter:40/50][code_length:32][mAP:0.78441][mAP_all:0.77661][best_mAP:0.78451]
2023-11-14 22:54:31.422 | INFO     | fish:train:178 - [iter:40/50][code_length:32][zs_mAP:0.34229][zs_mAP_all:0.13597]
2023-11-14 22:57:19.410 | INFO     | fish:train:93 - [epoch:1/1][loss:1.2484]
2023-11-14 22:57:19.411 | INFO     | fish:train:96 - [iter:41/50][iter_time:167.99]
2023-11-14 23:07:14.533 | INFO     | fish:train:177 - [iter:41/50][code_length:32][mAP:0.78279][mAP_all:0.77507][best_mAP:0.78451]
2023-11-14 23:07:14.534 | INFO     | fish:train:178 - [iter:41/50][code_length:32][zs_mAP:0.33788][zs_mAP_all:0.14003]
2023-11-14 23:10:03.430 | INFO     | fish:train:93 - [epoch:1/1][loss:1.2659]
2023-11-14 23:10:03.431 | INFO     | fish:train:96 - [iter:42/50][iter_time:168.90]
2023-11-14 23:20:05.376 | INFO     | fish:train:177 - [iter:42/50][code_length:32][mAP:0.78372][mAP_all:0.77562][best_mAP:0.78451]
2023-11-14 23:20:05.377 | INFO     | fish:train:178 - [iter:42/50][code_length:32][zs_mAP:0.33101][zs_mAP_all:0.13084]
2023-11-14 23:22:52.218 | INFO     | fish:train:93 - [epoch:1/1][loss:1.2312]
2023-11-14 23:22:52.219 | INFO     | fish:train:96 - [iter:43/50][iter_time:166.84]
2023-11-14 23:32:56.679 | INFO     | fish:train:177 - [iter:43/50][code_length:32][mAP:0.78188][mAP_all:0.77394][best_mAP:0.78451]
2023-11-14 23:32:56.679 | INFO     | fish:train:178 - [iter:43/50][code_length:32][zs_mAP:0.33265][zs_mAP_all:0.13397]
2023-11-14 23:35:41.757 | INFO     | fish:train:93 - [epoch:1/1][loss:1.2481]
2023-11-14 23:35:41.758 | INFO     | fish:train:96 - [iter:44/50][iter_time:165.08]
2023-11-14 23:45:44.639 | INFO     | fish:train:177 - [iter:44/50][code_length:32][mAP:0.78257][mAP_all:0.77492][best_mAP:0.78451]
2023-11-14 23:45:44.640 | INFO     | fish:train:178 - [iter:44/50][code_length:32][zs_mAP:0.33935][zs_mAP_all:0.13517]
2023-11-14 23:48:29.751 | INFO     | fish:train:93 - [epoch:1/1][loss:1.2720]
2023-11-14 23:48:29.752 | INFO     | fish:train:96 - [iter:45/50][iter_time:165.11]
2023-11-14 23:58:36.555 | INFO     | fish:train:177 - [iter:45/50][code_length:32][mAP:0.77942][mAP_all:0.77185][best_mAP:0.78451]
2023-11-14 23:58:36.556 | INFO     | fish:train:178 - [iter:45/50][code_length:32][zs_mAP:0.33500][zs_mAP_all:0.12867]
2023-11-15 00:01:23.710 | INFO     | fish:train:93 - [epoch:1/1][loss:1.2235]
2023-11-15 00:01:23.711 | INFO     | fish:train:96 - [iter:46/50][iter_time:167.16]
2023-11-15 00:11:19.669 | INFO     | fish:train:177 - [iter:46/50][code_length:32][mAP:0.77884][mAP_all:0.77092][best_mAP:0.78451]
2023-11-15 00:11:19.670 | INFO     | fish:train:178 - [iter:46/50][code_length:32][zs_mAP:0.34161][zs_mAP_all:0.14045]
2023-11-15 00:14:04.724 | INFO     | fish:train:93 - [epoch:1/1][loss:1.2020]
2023-11-15 00:14:04.724 | INFO     | fish:train:96 - [iter:47/50][iter_time:165.05]
2023-11-15 00:24:34.328 | INFO     | fish:train:177 - [iter:47/50][code_length:32][mAP:0.78315][mAP_all:0.77510][best_mAP:0.78451]
2023-11-15 00:24:34.329 | INFO     | fish:train:178 - [iter:47/50][code_length:32][zs_mAP:0.33477][zs_mAP_all:0.13924]
2023-11-15 00:28:04.514 | INFO     | fish:train:93 - [epoch:1/1][loss:1.2251]
2023-11-15 00:28:04.515 | INFO     | fish:train:96 - [iter:48/50][iter_time:210.19]
2023-11-15 00:38:22.587 | INFO     | fish:train:177 - [iter:48/50][code_length:32][mAP:0.78518][mAP_all:0.77731][best_mAP:0.78518]
2023-11-15 00:38:22.588 | INFO     | fish:train:178 - [iter:48/50][code_length:32][zs_mAP:0.33300][zs_mAP_all:0.14557]
2023-11-15 00:41:16.997 | INFO     | fish:train:93 - [epoch:1/1][loss:1.2629]
2023-11-15 00:41:16.997 | INFO     | fish:train:96 - [iter:49/50][iter_time:174.41]
2023-11-15 00:52:21.785 | INFO     | fish:train:177 - [iter:49/50][code_length:32][mAP:0.78379][mAP_all:0.77597][best_mAP:0.78518]
2023-11-15 00:52:21.785 | INFO     | fish:train:178 - [iter:49/50][code_length:32][zs_mAP:0.32901][zs_mAP_all:0.13220]
2023-11-15 00:55:34.790 | INFO     | fish:train:93 - [epoch:1/1][loss:1.2234]
2023-11-15 00:55:34.791 | INFO     | fish:train:96 - [iter:50/50][iter_time:193.01]
2023-11-15 01:05:29.291 | INFO     | fish:train:177 - [iter:50/50][code_length:32][mAP:0.78029][mAP_all:0.77261][best_mAP:0.78518]
2023-11-15 01:05:29.292 | INFO     | fish:train:178 - [iter:50/50][code_length:32][zs_mAP:0.33910][zs_mAP_all:0.13459]
2023-11-15 01:05:29.292 | INFO     | fish:train:183 - [Training time:22552.87]
2023-11-15 01:05:29.301 | INFO     | __main__:run:126 - [code_length:32][map:0.7852][map_all:0.7773][zs_map:0.3330][zs_map_all:0.1456]
2023-11-15 01:09:01.743 | INFO     | fish:train:93 - [epoch:1/1][loss:7.9541]
2023-11-15 01:09:01.744 | INFO     | fish:train:96 - [iter:1/50][iter_time:208.84]
2023-11-15 01:12:32.427 | INFO     | fish:train:93 - [epoch:1/1][loss:5.8708]
2023-11-15 01:12:32.428 | INFO     | fish:train:96 - [iter:2/50][iter_time:210.68]
2023-11-15 01:16:03.688 | INFO     | fish:train:93 - [epoch:1/1][loss:5.1716]
2023-11-15 01:16:03.689 | INFO     | fish:train:96 - [iter:3/50][iter_time:211.26]
2023-11-15 01:19:20.932 | INFO     | fish:train:93 - [epoch:1/1][loss:4.5861]
2023-11-15 01:19:20.933 | INFO     | fish:train:96 - [iter:4/50][iter_time:197.24]
2023-11-15 01:22:08.873 | INFO     | fish:train:93 - [epoch:1/1][loss:4.1972]
2023-11-15 01:22:08.874 | INFO     | fish:train:96 - [iter:5/50][iter_time:167.94]
2023-11-15 01:32:33.609 | INFO     | fish:train:177 - [iter:5/50][code_length:64][mAP:0.50053][mAP_all:0.48639][best_mAP:0.50053]
2023-11-15 01:32:33.610 | INFO     | fish:train:178 - [iter:5/50][code_length:64][zs_mAP:0.33524][zs_mAP_all:0.14180]
2023-11-15 01:36:04.970 | INFO     | fish:train:93 - [epoch:1/1][loss:3.0026]
2023-11-15 01:36:04.971 | INFO     | fish:train:96 - [iter:6/50][iter_time:211.36]
2023-11-15 01:39:37.389 | INFO     | fish:train:93 - [epoch:1/1][loss:2.5994]
2023-11-15 01:39:37.390 | INFO     | fish:train:96 - [iter:7/50][iter_time:212.42]
2023-11-15 01:42:55.080 | INFO     | fish:train:93 - [epoch:1/1][loss:2.3857]
2023-11-15 01:42:55.081 | INFO     | fish:train:96 - [iter:8/50][iter_time:197.69]
2023-11-15 01:45:43.244 | INFO     | fish:train:93 - [epoch:1/1][loss:2.2871]
2023-11-15 01:45:43.245 | INFO     | fish:train:96 - [iter:9/50][iter_time:168.16]
2023-11-15 01:48:30.202 | INFO     | fish:train:93 - [epoch:1/1][loss:2.1455]
2023-11-15 01:48:30.203 | INFO     | fish:train:96 - [iter:10/50][iter_time:166.96]
2023-11-15 01:59:02.040 | INFO     | fish:train:177 - [iter:10/50][code_length:64][mAP:0.74070][mAP_all:0.72869][best_mAP:0.74070]
2023-11-15 01:59:02.040 | INFO     | fish:train:178 - [iter:10/50][code_length:64][zs_mAP:0.37106][zs_mAP_all:0.15325]
2023-11-15 02:02:33.035 | INFO     | fish:train:93 - [epoch:1/1][loss:2.0798]
2023-11-15 02:02:33.037 | INFO     | fish:train:96 - [iter:11/50][iter_time:211.00]
2023-11-15 02:05:52.378 | INFO     | fish:train:93 - [epoch:1/1][loss:1.9498]
2023-11-15 02:05:52.379 | INFO     | fish:train:96 - [iter:12/50][iter_time:199.34]
2023-11-15 02:08:45.889 | INFO     | fish:train:93 - [epoch:1/1][loss:1.8935]
2023-11-15 02:08:45.890 | INFO     | fish:train:96 - [iter:13/50][iter_time:173.51]
2023-11-15 02:11:32.997 | INFO     | fish:train:93 - [epoch:1/1][loss:1.8091]
2023-11-15 02:11:32.998 | INFO     | fish:train:96 - [iter:14/50][iter_time:167.11]
2023-11-15 02:14:21.155 | INFO     | fish:train:93 - [epoch:1/1][loss:1.7518]
2023-11-15 02:14:21.157 | INFO     | fish:train:96 - [iter:15/50][iter_time:168.16]
2023-11-15 02:25:09.005 | INFO     | fish:train:177 - [iter:15/50][code_length:64][mAP:0.76692][mAP_all:0.75622][best_mAP:0.76692]
2023-11-15 02:25:09.007 | INFO     | fish:train:178 - [iter:15/50][code_length:64][zs_mAP:0.39075][zs_mAP_all:0.16564]
2023-11-15 02:28:27.739 | INFO     | fish:train:93 - [epoch:1/1][loss:1.6048]
2023-11-15 02:28:27.740 | INFO     | fish:train:96 - [iter:16/50][iter_time:198.73]
2023-11-15 02:31:31.169 | INFO     | fish:train:93 - [epoch:1/1][loss:1.5347]
2023-11-15 02:31:31.170 | INFO     | fish:train:96 - [iter:17/50][iter_time:183.43]
2023-11-15 02:34:18.674 | INFO     | fish:train:93 - [epoch:1/1][loss:1.4973]
2023-11-15 02:34:18.675 | INFO     | fish:train:96 - [iter:18/50][iter_time:167.50]
2023-11-15 02:37:06.608 | INFO     | fish:train:93 - [epoch:1/1][loss:1.4106]
2023-11-15 02:37:06.608 | INFO     | fish:train:96 - [iter:19/50][iter_time:167.93]
2023-11-15 02:40:18.009 | INFO     | fish:train:93 - [epoch:1/1][loss:1.4595]
2023-11-15 02:40:18.011 | INFO     | fish:train:96 - [iter:20/50][iter_time:191.40]
2023-11-15 02:51:20.000 | INFO     | fish:train:177 - [iter:20/50][code_length:64][mAP:0.79378][mAP_all:0.78320][best_mAP:0.79378]
2023-11-15 02:51:20.001 | INFO     | fish:train:178 - [iter:20/50][code_length:64][zs_mAP:0.38712][zs_mAP_all:0.16634]
2023-11-15 02:54:25.080 | INFO     | fish:train:93 - [epoch:1/1][loss:1.4444]
2023-11-15 02:54:25.082 | INFO     | fish:train:96 - [iter:21/50][iter_time:185.08]
2023-11-15 02:57:13.026 | INFO     | fish:train:93 - [epoch:1/1][loss:1.4128]
2023-11-15 02:57:13.028 | INFO     | fish:train:96 - [iter:22/50][iter_time:167.95]
2023-11-15 03:00:01.102 | INFO     | fish:train:93 - [epoch:1/1][loss:1.3961]
2023-11-15 03:00:01.103 | INFO     | fish:train:96 - [iter:23/50][iter_time:168.08]
2023-11-15 03:03:09.156 | INFO     | fish:train:93 - [epoch:1/1][loss:1.3737]
2023-11-15 03:03:09.157 | INFO     | fish:train:96 - [iter:24/50][iter_time:188.05]
2023-11-15 03:06:03.352 | INFO     | fish:train:93 - [epoch:1/1][loss:1.3628]
2023-11-15 03:06:03.353 | INFO     | fish:train:96 - [iter:25/50][iter_time:174.20]
2023-11-15 03:15:59.903 | INFO     | fish:train:177 - [iter:25/50][code_length:64][mAP:0.78825][mAP_all:0.77807][best_mAP:0.79378]
2023-11-15 03:15:59.903 | INFO     | fish:train:178 - [iter:25/50][code_length:64][zs_mAP:0.37541][zs_mAP_all:0.15113]
2023-11-15 03:18:57.374 | INFO     | fish:train:93 - [epoch:1/1][loss:1.3661]
2023-11-15 03:18:57.375 | INFO     | fish:train:96 - [iter:26/50][iter_time:177.47]
2023-11-15 03:21:52.035 | INFO     | fish:train:93 - [epoch:1/1][loss:1.3934]
2023-11-15 03:21:52.036 | INFO     | fish:train:96 - [iter:27/50][iter_time:174.66]
2023-11-15 03:24:38.085 | INFO     | fish:train:93 - [epoch:1/1][loss:1.3347]
2023-11-15 03:24:38.087 | INFO     | fish:train:96 - [iter:28/50][iter_time:166.05]
2023-11-15 03:27:43.062 | INFO     | fish:train:93 - [epoch:1/1][loss:1.3701]
2023-11-15 03:27:43.063 | INFO     | fish:train:96 - [iter:29/50][iter_time:184.98]
2023-11-15 03:30:34.370 | INFO     | fish:train:93 - [epoch:1/1][loss:1.3221]
2023-11-15 03:30:34.371 | INFO     | fish:train:96 - [iter:30/50][iter_time:171.31]
2023-11-15 03:40:33.385 | INFO     | fish:train:177 - [iter:30/50][code_length:64][mAP:0.80211][mAP_all:0.79211][best_mAP:0.80211]
2023-11-15 03:40:33.387 | INFO     | fish:train:178 - [iter:30/50][code_length:64][zs_mAP:0.38051][zs_mAP_all:0.15582]
2023-11-15 03:43:23.183 | INFO     | fish:train:93 - [epoch:1/1][loss:1.3172]
2023-11-15 03:43:23.184 | INFO     | fish:train:96 - [iter:31/50][iter_time:169.80]
2023-11-15 03:46:22.770 | INFO     | fish:train:93 - [epoch:1/1][loss:1.3140]
2023-11-15 03:46:22.772 | INFO     | fish:train:96 - [iter:32/50][iter_time:179.59]
2023-11-15 03:49:10.410 | INFO     | fish:train:93 - [epoch:1/1][loss:1.3108]
2023-11-15 03:49:10.411 | INFO     | fish:train:96 - [iter:33/50][iter_time:167.64]
2023-11-15 03:52:09.489 | INFO     | fish:train:93 - [epoch:1/1][loss:1.2916]
2023-11-15 03:52:09.491 | INFO     | fish:train:96 - [iter:34/50][iter_time:179.08]
2023-11-15 03:55:03.305 | INFO     | fish:train:93 - [epoch:1/1][loss:1.2849]
2023-11-15 03:55:03.306 | INFO     | fish:train:96 - [iter:35/50][iter_time:173.81]
2023-11-15 04:04:48.941 | INFO     | fish:train:177 - [iter:35/50][code_length:64][mAP:0.79918][mAP_all:0.78981][best_mAP:0.80211]
2023-11-15 04:04:48.942 | INFO     | fish:train:178 - [iter:35/50][code_length:64][zs_mAP:0.37985][zs_mAP_all:0.16309]
2023-11-15 04:07:39.761 | INFO     | fish:train:93 - [epoch:1/1][loss:1.2069]
2023-11-15 04:07:39.762 | INFO     | fish:train:96 - [iter:36/50][iter_time:170.82]
2023-11-15 04:17:36.767 | INFO     | fish:train:177 - [iter:36/50][code_length:64][mAP:0.80259][mAP_all:0.79315][best_mAP:0.80259]
2023-11-15 04:17:36.768 | INFO     | fish:train:178 - [iter:36/50][code_length:64][zs_mAP:0.37960][zs_mAP_all:0.16556]
2023-11-15 04:20:23.842 | INFO     | fish:train:93 - [epoch:1/1][loss:1.2507]
2023-11-15 04:20:23.843 | INFO     | fish:train:96 - [iter:37/50][iter_time:167.07]
2023-11-15 04:30:26.129 | INFO     | fish:train:177 - [iter:37/50][code_length:64][mAP:0.80289][mAP_all:0.79363][best_mAP:0.80289]
2023-11-15 04:30:26.130 | INFO     | fish:train:178 - [iter:37/50][code_length:64][zs_mAP:0.37612][zs_mAP_all:0.16083]
2023-11-15 04:33:12.843 | INFO     | fish:train:93 - [epoch:1/1][loss:1.2357]
2023-11-15 04:33:12.844 | INFO     | fish:train:96 - [iter:38/50][iter_time:166.71]
2023-11-15 04:43:07.687 | INFO     | fish:train:177 - [iter:38/50][code_length:64][mAP:0.80537][mAP_all:0.79554][best_mAP:0.80537]
2023-11-15 04:43:07.688 | INFO     | fish:train:178 - [iter:38/50][code_length:64][zs_mAP:0.38041][zs_mAP_all:0.16307]
2023-11-15 04:45:54.875 | INFO     | fish:train:93 - [epoch:1/1][loss:1.2551]
2023-11-15 04:45:54.876 | INFO     | fish:train:96 - [iter:39/50][iter_time:167.19]
2023-11-15 04:55:58.217 | INFO     | fish:train:177 - [iter:39/50][code_length:64][mAP:0.80458][mAP_all:0.79472][best_mAP:0.80537]
2023-11-15 04:55:58.218 | INFO     | fish:train:178 - [iter:39/50][code_length:64][zs_mAP:0.37419][zs_mAP_all:0.15113]
2023-11-15 04:58:54.086 | INFO     | fish:train:93 - [epoch:1/1][loss:1.2359]
2023-11-15 04:58:54.087 | INFO     | fish:train:96 - [iter:40/50][iter_time:175.87]
2023-11-15 05:08:55.236 | INFO     | fish:train:177 - [iter:40/50][code_length:64][mAP:0.80471][mAP_all:0.79496][best_mAP:0.80537]
2023-11-15 05:08:55.236 | INFO     | fish:train:178 - [iter:40/50][code_length:64][zs_mAP:0.38443][zs_mAP_all:0.16980]
2023-11-15 05:11:56.420 | INFO     | fish:train:93 - [epoch:1/1][loss:1.2736]
2023-11-15 05:11:56.421 | INFO     | fish:train:96 - [iter:41/50][iter_time:181.18]
2023-11-15 05:21:36.767 | INFO     | fish:train:177 - [iter:41/50][code_length:64][mAP:0.80171][mAP_all:0.79226][best_mAP:0.80537]
2023-11-15 05:21:36.768 | INFO     | fish:train:178 - [iter:41/50][code_length:64][zs_mAP:0.38355][zs_mAP_all:0.16593]
2023-11-15 05:24:37.968 | INFO     | fish:train:93 - [epoch:1/1][loss:1.2785]
2023-11-15 05:24:37.969 | INFO     | fish:train:96 - [iter:42/50][iter_time:181.20]
2023-11-15 05:34:38.812 | INFO     | fish:train:177 - [iter:42/50][code_length:64][mAP:0.80426][mAP_all:0.79460][best_mAP:0.80537]
2023-11-15 05:34:38.813 | INFO     | fish:train:178 - [iter:42/50][code_length:64][zs_mAP:0.38569][zs_mAP_all:0.16954]
2023-11-15 05:37:42.765 | INFO     | fish:train:93 - [epoch:1/1][loss:1.2537]
2023-11-15 05:37:42.766 | INFO     | fish:train:96 - [iter:43/50][iter_time:183.95]
2023-11-15 05:47:48.261 | INFO     | fish:train:177 - [iter:43/50][code_length:64][mAP:0.80405][mAP_all:0.79503][best_mAP:0.80537]
2023-11-15 05:47:48.262 | INFO     | fish:train:178 - [iter:43/50][code_length:64][zs_mAP:0.38301][zs_mAP_all:0.16211]
2023-11-15 05:50:43.748 | INFO     | fish:train:93 - [epoch:1/1][loss:1.2457]
2023-11-15 05:50:43.749 | INFO     | fish:train:96 - [iter:44/50][iter_time:175.49]
2023-11-15 06:00:33.461 | INFO     | fish:train:177 - [iter:44/50][code_length:64][mAP:0.80076][mAP_all:0.79128][best_mAP:0.80537]
2023-11-15 06:00:33.462 | INFO     | fish:train:178 - [iter:44/50][code_length:64][zs_mAP:0.37705][zs_mAP_all:0.16683]
2023-11-15 06:03:27.139 | INFO     | fish:train:93 - [epoch:1/1][loss:1.2308]
2023-11-15 06:03:27.141 | INFO     | fish:train:96 - [iter:45/50][iter_time:173.68]
2023-11-15 06:13:04.043 | INFO     | fish:train:177 - [iter:45/50][code_length:64][mAP:0.80107][mAP_all:0.79171][best_mAP:0.80537]
2023-11-15 06:13:04.044 | INFO     | fish:train:178 - [iter:45/50][code_length:64][zs_mAP:0.37957][zs_mAP_all:0.15871]
2023-11-15 06:15:45.010 | INFO     | fish:train:93 - [epoch:1/1][loss:1.2622]
2023-11-15 06:15:45.011 | INFO     | fish:train:96 - [iter:46/50][iter_time:160.97]
2023-11-15 06:25:05.073 | INFO     | fish:train:177 - [iter:46/50][code_length:64][mAP:0.80381][mAP_all:0.79424][best_mAP:0.80537]
2023-11-15 06:25:05.073 | INFO     | fish:train:178 - [iter:46/50][code_length:64][zs_mAP:0.37657][zs_mAP_all:0.15710]
2023-11-15 06:27:43.189 | INFO     | fish:train:93 - [epoch:1/1][loss:1.2336]
2023-11-15 06:27:43.190 | INFO     | fish:train:96 - [iter:47/50][iter_time:158.12]
2023-11-15 06:37:01.520 | INFO     | fish:train:177 - [iter:47/50][code_length:64][mAP:0.80104][mAP_all:0.79157][best_mAP:0.80537]
2023-11-15 06:37:01.521 | INFO     | fish:train:178 - [iter:47/50][code_length:64][zs_mAP:0.38251][zs_mAP_all:0.17000]
2023-11-15 06:39:42.075 | INFO     | fish:train:93 - [epoch:1/1][loss:1.2082]
2023-11-15 06:39:42.076 | INFO     | fish:train:96 - [iter:48/50][iter_time:160.56]
2023-11-15 06:49:00.666 | INFO     | fish:train:177 - [iter:48/50][code_length:64][mAP:0.80748][mAP_all:0.79852][best_mAP:0.80748]
2023-11-15 06:49:00.667 | INFO     | fish:train:178 - [iter:48/50][code_length:64][zs_mAP:0.38167][zs_mAP_all:0.17126]
2023-11-15 06:51:38.419 | INFO     | fish:train:93 - [epoch:1/1][loss:1.2722]
2023-11-15 06:51:38.419 | INFO     | fish:train:96 - [iter:49/50][iter_time:157.75]
2023-11-15 07:00:57.020 | INFO     | fish:train:177 - [iter:49/50][code_length:64][mAP:0.79872][mAP_all:0.78909][best_mAP:0.80748]
2023-11-15 07:00:57.021 | INFO     | fish:train:178 - [iter:49/50][code_length:64][zs_mAP:0.37396][zs_mAP_all:0.15450]
2023-11-15 07:03:36.107 | INFO     | fish:train:93 - [epoch:1/1][loss:1.2105]
2023-11-15 07:03:36.108 | INFO     | fish:train:96 - [iter:50/50][iter_time:159.09]
2023-11-15 07:12:56.380 | INFO     | fish:train:177 - [iter:50/50][code_length:64][mAP:0.79971][mAP_all:0.79047][best_mAP:0.80748]
2023-11-15 07:12:56.381 | INFO     | fish:train:178 - [iter:50/50][code_length:64][zs_mAP:0.37722][zs_mAP_all:0.15966]
2023-11-15 07:12:56.381 | INFO     | fish:train:183 - [Training time:22046.55]
2023-11-15 07:12:56.389 | INFO     | __main__:run:126 - [code_length:64][map:0.8075][map_all:0.7985][zs_map:0.3817][zs_map_all:0.1713]
