2023-11-08 21:38:11.837 | SUCCESS  | __main__:run:50 - Namespace(align_step=50, arch='dsh', batch_size=16, cauchy_gamma=20.0, code_length=[16, 32, 64], dataset='imagenetzs', device=device(type='cuda', index=0), epoch_change=11, gamma=200, gpu=0, info='imagenetzs-5-95-dsh-11-08-16,32,64', lambd=0.1, lambd_ch=0.1, lambd_sp=0.1, lr=0.001, lr_step=[45], margin=0.1, max_epoch=1, max_iter=50, momen=0.9, nesterov=False, net='ResNet50', num_classes=95, num_query=1000, num_samples=12350, num_workers=2, num_zs=5, optim='SGD', pretrain=True, quan_loss=False, root='/4T/ImageNet/ILSVRC', save_ckpt='checkpoints/', topk=1000, val_freq=1, wd=0.0001)
2023-11-08 21:41:24.488 | INFO     | DSH:train:125 - [epoch:1/1][loss:0.646907]
2023-11-08 21:41:24.489 | INFO     | DSH:train:128 - [iter:1/50][iter_time:166.32]
2023-11-08 21:43:19.164 | SUCCESS  | __main__:run:50 - Namespace(align_step=50, arch='dsh', batch_size=16, cauchy_gamma=20.0, code_length=[16, 32, 64], dataset='imagenetzs', device=device(type='cuda', index=0), epoch_change=11, gamma=200, gpu=0, info='imagenetzs-5-95-dsh-11-08-16,32,64', lambd=0.1, lambd_ch=0.1, lambd_sp=0.1, lr=0.001, lr_step=[45], margin=0.1, max_epoch=1, max_iter=50, momen=0.9, nesterov=False, net='ResNet50', num_classes=95, num_query=1000, num_samples=12350, num_workers=2, num_zs=5, optim='SGD', pretrain=True, quan_loss=False, root='/4T/ImageNet/ILSVRC', save_ckpt='checkpoints/', topk=1000, val_freq=1, wd=0.0001)
2023-11-09 03:19:32.940 | INFO     | DSH:train:125 - [epoch:1/1][loss:0.646907]
2023-11-09 03:19:32.941 | INFO     | DSH:train:128 - [iter:1/50][iter_time:139.54]
2023-11-09 03:28:50.181 | INFO     | DSH:train:200 - [iter:1/50][code_length:16][mAP:0.06564][mAP_all:0.06565][best_mAP:0.06564]
2023-11-09 03:28:50.181 | INFO     | DSH:train:201 - [iter:1/50][code_length:16][zs_mAP:0.34676][zs_mAP_all:0.01976]
2023-11-09 03:31:16.816 | INFO     | DSH:train:125 - [epoch:1/1][loss:0.305165]
2023-11-09 03:31:16.817 | INFO     | DSH:train:128 - [iter:2/50][iter_time:146.64]
2023-11-09 03:40:40.280 | INFO     | DSH:train:200 - [iter:2/50][code_length:16][mAP:0.10490][mAP_all:0.10490][best_mAP:0.10490]
2023-11-09 03:40:40.281 | INFO     | DSH:train:201 - [iter:2/50][code_length:16][zs_mAP:0.33748][zs_mAP_all:0.00063]
2023-11-09 03:43:06.524 | INFO     | DSH:train:125 - [epoch:1/1][loss:0.240130]
2023-11-09 03:43:06.525 | INFO     | DSH:train:128 - [iter:3/50][iter_time:146.24]
2023-11-09 03:52:29.436 | INFO     | DSH:train:200 - [iter:3/50][code_length:16][mAP:0.12156][mAP_all:0.12157][best_mAP:0.12156]
2023-11-09 03:52:29.437 | INFO     | DSH:train:201 - [iter:3/50][code_length:16][zs_mAP:0.45304][zs_mAP_all:0.02193]
2023-11-09 03:54:55.096 | INFO     | DSH:train:125 - [epoch:1/1][loss:0.210981]
2023-11-09 03:54:55.097 | INFO     | DSH:train:128 - [iter:4/50][iter_time:145.66]
2023-11-09 04:04:16.958 | INFO     | DSH:train:200 - [iter:4/50][code_length:16][mAP:0.15516][mAP_all:0.15501][best_mAP:0.15516]
2023-11-09 04:04:16.959 | INFO     | DSH:train:201 - [iter:4/50][code_length:16][zs_mAP:0.39507][zs_mAP_all:0.06178]
2023-11-09 04:06:41.238 | INFO     | DSH:train:125 - [epoch:1/1][loss:0.194604]
2023-11-09 04:06:41.239 | INFO     | DSH:train:128 - [iter:5/50][iter_time:144.28]
2023-11-09 04:16:03.160 | INFO     | DSH:train:200 - [iter:5/50][code_length:16][mAP:0.19079][mAP_all:0.19059][best_mAP:0.19079]
2023-11-09 04:16:03.160 | INFO     | DSH:train:201 - [iter:5/50][code_length:16][zs_mAP:0.40615][zs_mAP_all:0.04470]
2023-11-09 04:18:23.393 | INFO     | DSH:train:125 - [epoch:1/1][loss:0.182516]
2023-11-09 04:18:23.394 | INFO     | DSH:train:128 - [iter:6/50][iter_time:140.23]
2023-11-09 04:27:47.765 | INFO     | DSH:train:200 - [iter:6/50][code_length:16][mAP:0.20836][mAP_all:0.20761][best_mAP:0.20836]
2023-11-09 04:27:47.766 | INFO     | DSH:train:201 - [iter:6/50][code_length:16][zs_mAP:0.48132][zs_mAP_all:0.12055]
2023-11-09 04:30:08.866 | INFO     | DSH:train:125 - [epoch:1/1][loss:0.173304]
2023-11-09 04:30:08.867 | INFO     | DSH:train:128 - [iter:7/50][iter_time:141.10]
2023-11-09 04:39:32.245 | INFO     | DSH:train:200 - [iter:7/50][code_length:16][mAP:0.21550][mAP_all:0.21485][best_mAP:0.21550]
2023-11-09 04:39:32.246 | INFO     | DSH:train:201 - [iter:7/50][code_length:16][zs_mAP:0.46989][zs_mAP_all:0.10838]
2023-11-09 04:41:52.914 | INFO     | DSH:train:125 - [epoch:1/1][loss:0.166016]
2023-11-09 04:41:52.915 | INFO     | DSH:train:128 - [iter:8/50][iter_time:140.67]
2023-11-09 04:51:18.759 | INFO     | DSH:train:200 - [iter:8/50][code_length:16][mAP:0.25637][mAP_all:0.25521][best_mAP:0.25637]
2023-11-09 04:51:18.760 | INFO     | DSH:train:201 - [iter:8/50][code_length:16][zs_mAP:0.45747][zs_mAP_all:0.12610]
2023-11-09 04:53:40.834 | INFO     | DSH:train:125 - [epoch:1/1][loss:0.160110]
2023-11-09 04:53:40.834 | INFO     | DSH:train:128 - [iter:9/50][iter_time:142.07]
2023-11-09 05:03:13.785 | INFO     | DSH:train:200 - [iter:9/50][code_length:16][mAP:0.27281][mAP_all:0.27205][best_mAP:0.27281]
2023-11-09 05:03:13.786 | INFO     | DSH:train:201 - [iter:9/50][code_length:16][zs_mAP:0.47292][zs_mAP_all:0.15344]
2023-11-09 05:05:35.385 | INFO     | DSH:train:125 - [epoch:1/1][loss:0.154939]
2023-11-09 05:05:35.386 | INFO     | DSH:train:128 - [iter:10/50][iter_time:141.60]
2023-11-09 05:15:07.300 | INFO     | DSH:train:200 - [iter:10/50][code_length:16][mAP:0.31080][mAP_all:0.30973][best_mAP:0.31080]
2023-11-09 05:15:07.300 | INFO     | DSH:train:201 - [iter:10/50][code_length:16][zs_mAP:0.52174][zs_mAP_all:0.14764]
2023-11-09 05:17:28.628 | INFO     | DSH:train:125 - [epoch:1/1][loss:0.150109]
2023-11-09 05:17:28.629 | INFO     | DSH:train:128 - [iter:11/50][iter_time:141.33]
2023-11-09 05:27:00.612 | INFO     | DSH:train:200 - [iter:11/50][code_length:16][mAP:0.32400][mAP_all:0.32250][best_mAP:0.32400]
2023-11-09 05:27:00.613 | INFO     | DSH:train:201 - [iter:11/50][code_length:16][zs_mAP:0.45596][zs_mAP_all:0.15662]
2023-11-09 05:29:23.503 | INFO     | DSH:train:125 - [epoch:1/1][loss:0.146209]
2023-11-09 05:29:23.504 | INFO     | DSH:train:128 - [iter:12/50][iter_time:142.89]
2023-11-09 05:38:49.840 | INFO     | DSH:train:200 - [iter:12/50][code_length:16][mAP:0.35513][mAP_all:0.35311][best_mAP:0.35513]
2023-11-09 05:38:49.840 | INFO     | DSH:train:201 - [iter:12/50][code_length:16][zs_mAP:0.52948][zs_mAP_all:0.14378]
2023-11-09 05:41:10.850 | INFO     | DSH:train:125 - [epoch:1/1][loss:0.142910]
2023-11-09 05:41:10.851 | INFO     | DSH:train:128 - [iter:13/50][iter_time:141.01]
2023-11-09 05:50:33.534 | INFO     | DSH:train:200 - [iter:13/50][code_length:16][mAP:0.36974][mAP_all:0.36837][best_mAP:0.36974]
2023-11-09 05:50:33.535 | INFO     | DSH:train:201 - [iter:13/50][code_length:16][zs_mAP:0.48134][zs_mAP_all:0.17767]
2023-11-09 05:52:54.208 | INFO     | DSH:train:125 - [epoch:1/1][loss:0.139029]
2023-11-09 05:52:54.208 | INFO     | DSH:train:128 - [iter:14/50][iter_time:140.67]
2023-11-09 06:02:15.476 | INFO     | DSH:train:200 - [iter:14/50][code_length:16][mAP:0.39173][mAP_all:0.38958][best_mAP:0.39173]
2023-11-09 06:02:15.476 | INFO     | DSH:train:201 - [iter:14/50][code_length:16][zs_mAP:0.51731][zs_mAP_all:0.13668]
2023-11-09 06:04:36.539 | INFO     | DSH:train:125 - [epoch:1/1][loss:0.136077]
2023-11-09 06:04:36.540 | INFO     | DSH:train:128 - [iter:15/50][iter_time:141.06]
2023-11-09 06:13:59.166 | INFO     | DSH:train:200 - [iter:15/50][code_length:16][mAP:0.40368][mAP_all:0.40179][best_mAP:0.40368]
2023-11-09 06:13:59.167 | INFO     | DSH:train:201 - [iter:15/50][code_length:16][zs_mAP:0.51063][zs_mAP_all:0.18097]
2023-11-09 06:16:19.542 | INFO     | DSH:train:125 - [epoch:1/1][loss:0.133149]
2023-11-09 06:16:19.543 | INFO     | DSH:train:128 - [iter:16/50][iter_time:140.37]
2023-11-09 06:25:44.558 | INFO     | DSH:train:200 - [iter:16/50][code_length:16][mAP:0.41541][mAP_all:0.41345][best_mAP:0.41541]
2023-11-09 06:25:44.559 | INFO     | DSH:train:201 - [iter:16/50][code_length:16][zs_mAP:0.49034][zs_mAP_all:0.14991]
2023-11-09 06:28:05.026 | INFO     | DSH:train:125 - [epoch:1/1][loss:0.130859]
2023-11-09 06:28:05.027 | INFO     | DSH:train:128 - [iter:17/50][iter_time:140.47]
2023-11-09 06:37:28.498 | INFO     | DSH:train:200 - [iter:17/50][code_length:16][mAP:0.42038][mAP_all:0.41816][best_mAP:0.42038]
2023-11-09 06:37:28.500 | INFO     | DSH:train:201 - [iter:17/50][code_length:16][zs_mAP:0.50180][zs_mAP_all:0.16821]
2023-11-09 06:39:48.886 | INFO     | DSH:train:125 - [epoch:1/1][loss:0.127544]
2023-11-09 06:39:48.887 | INFO     | DSH:train:128 - [iter:18/50][iter_time:140.39]
2023-11-09 06:49:11.555 | INFO     | DSH:train:200 - [iter:18/50][code_length:16][mAP:0.43233][mAP_all:0.43008][best_mAP:0.43233]
2023-11-09 06:49:11.555 | INFO     | DSH:train:201 - [iter:18/50][code_length:16][zs_mAP:0.47917][zs_mAP_all:0.13827]
2023-11-09 06:51:33.038 | INFO     | DSH:train:125 - [epoch:1/1][loss:0.126180]
2023-11-09 06:51:33.039 | INFO     | DSH:train:128 - [iter:19/50][iter_time:141.48]
2023-11-09 07:00:55.916 | INFO     | DSH:train:200 - [iter:19/50][code_length:16][mAP:0.44793][mAP_all:0.44585][best_mAP:0.44793]
2023-11-09 07:00:55.917 | INFO     | DSH:train:201 - [iter:19/50][code_length:16][zs_mAP:0.50836][zs_mAP_all:0.16735]
2023-11-09 07:03:17.311 | INFO     | DSH:train:125 - [epoch:1/1][loss:0.123110]
2023-11-09 07:03:17.312 | INFO     | DSH:train:128 - [iter:20/50][iter_time:141.40]
2023-11-09 07:12:42.843 | INFO     | DSH:train:200 - [iter:20/50][code_length:16][mAP:0.46643][mAP_all:0.46399][best_mAP:0.46643]
2023-11-09 07:12:42.844 | INFO     | DSH:train:201 - [iter:20/50][code_length:16][zs_mAP:0.49938][zs_mAP_all:0.15052]
2023-11-09 07:15:02.566 | INFO     | DSH:train:125 - [epoch:1/1][loss:0.121721]
2023-11-09 07:15:02.567 | INFO     | DSH:train:128 - [iter:21/50][iter_time:139.72]
2023-11-09 07:24:27.474 | INFO     | DSH:train:200 - [iter:21/50][code_length:16][mAP:0.48671][mAP_all:0.48417][best_mAP:0.48671]
2023-11-09 07:24:27.475 | INFO     | DSH:train:201 - [iter:21/50][code_length:16][zs_mAP:0.51315][zs_mAP_all:0.19533]
2023-11-09 07:26:48.139 | INFO     | DSH:train:125 - [epoch:1/1][loss:0.119943]
2023-11-09 07:26:48.140 | INFO     | DSH:train:128 - [iter:22/50][iter_time:140.66]
2023-11-09 07:36:10.548 | INFO     | DSH:train:200 - [iter:22/50][code_length:16][mAP:0.49648][mAP_all:0.49375][best_mAP:0.49648]
2023-11-09 07:36:10.549 | INFO     | DSH:train:201 - [iter:22/50][code_length:16][zs_mAP:0.51117][zs_mAP_all:0.16609]
2023-11-09 07:38:29.869 | INFO     | DSH:train:125 - [epoch:1/1][loss:0.117817]
2023-11-09 07:38:29.870 | INFO     | DSH:train:128 - [iter:23/50][iter_time:139.32]
2023-11-09 07:47:53.045 | INFO     | DSH:train:200 - [iter:23/50][code_length:16][mAP:0.51451][mAP_all:0.51162][best_mAP:0.51451]
2023-11-09 07:47:53.046 | INFO     | DSH:train:201 - [iter:23/50][code_length:16][zs_mAP:0.54441][zs_mAP_all:0.21621]
2023-11-09 07:50:14.222 | INFO     | DSH:train:125 - [epoch:1/1][loss:0.115506]
2023-11-09 07:50:14.223 | INFO     | DSH:train:128 - [iter:24/50][iter_time:141.18]
2023-11-09 07:59:37.675 | INFO     | DSH:train:200 - [iter:24/50][code_length:16][mAP:0.51853][mAP_all:0.51578][best_mAP:0.51853]
2023-11-09 07:59:37.676 | INFO     | DSH:train:201 - [iter:24/50][code_length:16][zs_mAP:0.55634][zs_mAP_all:0.20654]
2023-11-09 08:01:58.373 | INFO     | DSH:train:125 - [epoch:1/1][loss:0.114505]
2023-11-09 08:01:58.374 | INFO     | DSH:train:128 - [iter:25/50][iter_time:140.70]
2023-11-09 08:11:21.002 | INFO     | DSH:train:200 - [iter:25/50][code_length:16][mAP:0.53364][mAP_all:0.53055][best_mAP:0.53364]
2023-11-09 08:11:21.003 | INFO     | DSH:train:201 - [iter:25/50][code_length:16][zs_mAP:0.58272][zs_mAP_all:0.24429]
2023-11-09 08:13:41.234 | INFO     | DSH:train:125 - [epoch:1/1][loss:0.113531]
2023-11-09 08:13:41.235 | INFO     | DSH:train:128 - [iter:26/50][iter_time:140.23]
2023-11-09 08:23:04.505 | INFO     | DSH:train:200 - [iter:26/50][code_length:16][mAP:0.53977][mAP_all:0.53660][best_mAP:0.53977]
2023-11-09 08:23:04.505 | INFO     | DSH:train:201 - [iter:26/50][code_length:16][zs_mAP:0.58084][zs_mAP_all:0.21974]
2023-11-09 08:25:26.791 | INFO     | DSH:train:125 - [epoch:1/1][loss:0.111439]
2023-11-09 08:25:26.792 | INFO     | DSH:train:128 - [iter:27/50][iter_time:142.29]
2023-11-09 08:34:49.087 | INFO     | DSH:train:200 - [iter:27/50][code_length:16][mAP:0.55249][mAP_all:0.54923][best_mAP:0.55249]
2023-11-09 08:34:49.088 | INFO     | DSH:train:201 - [iter:27/50][code_length:16][zs_mAP:0.60179][zs_mAP_all:0.24565]
2023-11-09 08:37:11.843 | INFO     | DSH:train:125 - [epoch:1/1][loss:0.109373]
2023-11-09 08:37:11.844 | INFO     | DSH:train:128 - [iter:28/50][iter_time:142.76]
2023-11-09 08:46:33.472 | INFO     | DSH:train:200 - [iter:28/50][code_length:16][mAP:0.56640][mAP_all:0.56324][best_mAP:0.56640]
2023-11-09 08:46:33.472 | INFO     | DSH:train:201 - [iter:28/50][code_length:16][zs_mAP:0.61761][zs_mAP_all:0.27246]
2023-11-09 08:48:58.068 | INFO     | DSH:train:125 - [epoch:1/1][loss:0.108800]
2023-11-09 08:48:58.069 | INFO     | DSH:train:128 - [iter:29/50][iter_time:144.60]
2023-11-09 08:58:19.145 | INFO     | DSH:train:200 - [iter:29/50][code_length:16][mAP:0.57087][mAP_all:0.56779][best_mAP:0.57087]
2023-11-09 08:58:19.146 | INFO     | DSH:train:201 - [iter:29/50][code_length:16][zs_mAP:0.59544][zs_mAP_all:0.25216]
2023-11-09 09:00:46.674 | INFO     | DSH:train:125 - [epoch:1/1][loss:0.107486]
2023-11-09 09:00:46.675 | INFO     | DSH:train:128 - [iter:30/50][iter_time:147.53]
2023-11-09 09:10:17.324 | INFO     | DSH:train:200 - [iter:30/50][code_length:16][mAP:0.57795][mAP_all:0.57489][best_mAP:0.57795]
2023-11-09 09:10:17.325 | INFO     | DSH:train:201 - [iter:30/50][code_length:16][zs_mAP:0.59919][zs_mAP_all:0.24252]
2023-11-09 09:12:44.839 | INFO     | DSH:train:125 - [epoch:1/1][loss:0.106687]
2023-11-09 09:12:44.840 | INFO     | DSH:train:128 - [iter:31/50][iter_time:147.52]
2023-11-09 09:22:16.936 | INFO     | DSH:train:200 - [iter:31/50][code_length:16][mAP:0.58908][mAP_all:0.58594][best_mAP:0.58908]
2023-11-09 09:22:16.937 | INFO     | DSH:train:201 - [iter:31/50][code_length:16][zs_mAP:0.58741][zs_mAP_all:0.25682]
2023-11-09 09:24:43.719 | INFO     | DSH:train:125 - [epoch:1/1][loss:0.106296]
2023-11-09 09:24:43.720 | INFO     | DSH:train:128 - [iter:32/50][iter_time:146.78]
2023-11-09 09:34:06.317 | INFO     | DSH:train:200 - [iter:32/50][code_length:16][mAP:0.59332][mAP_all:0.59030][best_mAP:0.59332]
2023-11-09 09:34:06.318 | INFO     | DSH:train:201 - [iter:32/50][code_length:16][zs_mAP:0.58440][zs_mAP_all:0.24381]
2023-11-09 09:36:39.757 | INFO     | DSH:train:125 - [epoch:1/1][loss:0.105087]
2023-11-09 09:36:39.757 | INFO     | DSH:train:128 - [iter:33/50][iter_time:153.44]
2023-11-09 09:46:04.448 | INFO     | DSH:train:200 - [iter:33/50][code_length:16][mAP:0.60009][mAP_all:0.59705][best_mAP:0.60009]
2023-11-09 09:46:04.449 | INFO     | DSH:train:201 - [iter:33/50][code_length:16][zs_mAP:0.58891][zs_mAP_all:0.25580]
2023-11-09 09:48:38.299 | INFO     | DSH:train:125 - [epoch:1/1][loss:0.104319]
2023-11-09 09:48:38.299 | INFO     | DSH:train:128 - [iter:34/50][iter_time:153.85]
2023-11-09 09:58:01.800 | INFO     | DSH:train:200 - [iter:34/50][code_length:16][mAP:0.60468][mAP_all:0.60170][best_mAP:0.60468]
2023-11-09 09:58:01.800 | INFO     | DSH:train:201 - [iter:34/50][code_length:16][zs_mAP:0.57923][zs_mAP_all:0.25702]
2023-11-09 10:00:34.874 | INFO     | DSH:train:125 - [epoch:1/1][loss:0.103098]
2023-11-09 10:00:34.875 | INFO     | DSH:train:128 - [iter:35/50][iter_time:153.07]
2023-11-09 10:09:57.536 | INFO     | DSH:train:200 - [iter:35/50][code_length:16][mAP:0.61483][mAP_all:0.61164][best_mAP:0.61483]
2023-11-09 10:09:57.537 | INFO     | DSH:train:201 - [iter:35/50][code_length:16][zs_mAP:0.56656][zs_mAP_all:0.25790]
2023-11-09 10:12:28.078 | INFO     | DSH:train:125 - [epoch:1/1][loss:0.102164]
2023-11-09 10:12:28.079 | INFO     | DSH:train:128 - [iter:36/50][iter_time:150.54]
2023-11-09 10:21:53.507 | INFO     | DSH:train:200 - [iter:36/50][code_length:16][mAP:0.62158][mAP_all:0.61836][best_mAP:0.62158]
2023-11-09 10:21:53.508 | INFO     | DSH:train:201 - [iter:36/50][code_length:16][zs_mAP:0.58672][zs_mAP_all:0.25551]
2023-11-09 10:24:24.709 | INFO     | DSH:train:125 - [epoch:1/1][loss:0.100467]
2023-11-09 10:24:24.710 | INFO     | DSH:train:128 - [iter:37/50][iter_time:151.20]
2023-11-09 10:33:54.593 | INFO     | DSH:train:200 - [iter:37/50][code_length:16][mAP:0.62107][mAP_all:0.61792][best_mAP:0.62158]
2023-11-09 10:33:54.594 | INFO     | DSH:train:201 - [iter:37/50][code_length:16][zs_mAP:0.56134][zs_mAP_all:0.24933]
2023-11-09 10:36:21.382 | INFO     | DSH:train:125 - [epoch:1/1][loss:0.100608]
2023-11-09 10:36:21.383 | INFO     | DSH:train:128 - [iter:38/50][iter_time:146.79]
2023-11-09 10:45:47.647 | INFO     | DSH:train:200 - [iter:38/50][code_length:16][mAP:0.63041][mAP_all:0.62723][best_mAP:0.63041]
2023-11-09 10:45:47.648 | INFO     | DSH:train:201 - [iter:38/50][code_length:16][zs_mAP:0.56557][zs_mAP_all:0.24525]
2023-11-09 10:48:10.935 | INFO     | DSH:train:125 - [epoch:1/1][loss:0.099162]
2023-11-09 10:48:10.936 | INFO     | DSH:train:128 - [iter:39/50][iter_time:143.29]
2023-11-09 10:57:32.273 | INFO     | DSH:train:200 - [iter:39/50][code_length:16][mAP:0.63136][mAP_all:0.62821][best_mAP:0.63136]
2023-11-09 10:57:32.274 | INFO     | DSH:train:201 - [iter:39/50][code_length:16][zs_mAP:0.57141][zs_mAP_all:0.25729]
2023-11-09 10:59:52.364 | INFO     | DSH:train:125 - [epoch:1/1][loss:0.098441]
2023-11-09 10:59:52.365 | INFO     | DSH:train:128 - [iter:40/50][iter_time:140.09]
2023-11-09 11:09:13.808 | INFO     | DSH:train:200 - [iter:40/50][code_length:16][mAP:0.63547][mAP_all:0.63239][best_mAP:0.63547]
2023-11-09 11:09:13.809 | INFO     | DSH:train:201 - [iter:40/50][code_length:16][zs_mAP:0.57389][zs_mAP_all:0.26192]
2023-11-09 11:11:34.805 | INFO     | DSH:train:125 - [epoch:1/1][loss:0.099821]
2023-11-09 11:11:34.806 | INFO     | DSH:train:128 - [iter:41/50][iter_time:141.00]
2023-11-09 11:21:07.527 | INFO     | DSH:train:200 - [iter:41/50][code_length:16][mAP:0.63745][mAP_all:0.63423][best_mAP:0.63745]
2023-11-09 11:21:07.528 | INFO     | DSH:train:201 - [iter:41/50][code_length:16][zs_mAP:0.57579][zs_mAP_all:0.27527]
2023-11-09 11:23:28.982 | INFO     | DSH:train:125 - [epoch:1/1][loss:0.098588]
2023-11-09 11:23:28.983 | INFO     | DSH:train:128 - [iter:42/50][iter_time:141.45]
2023-11-09 11:33:03.309 | INFO     | DSH:train:200 - [iter:42/50][code_length:16][mAP:0.64195][mAP_all:0.63870][best_mAP:0.64195]
2023-11-09 11:33:03.310 | INFO     | DSH:train:201 - [iter:42/50][code_length:16][zs_mAP:0.57145][zs_mAP_all:0.25417]
2023-11-09 11:35:25.623 | INFO     | DSH:train:125 - [epoch:1/1][loss:0.096901]
2023-11-09 11:35:25.624 | INFO     | DSH:train:128 - [iter:43/50][iter_time:142.31]
2023-11-09 11:44:59.578 | INFO     | DSH:train:200 - [iter:43/50][code_length:16][mAP:0.64672][mAP_all:0.64365][best_mAP:0.64672]
2023-11-09 11:44:59.579 | INFO     | DSH:train:201 - [iter:43/50][code_length:16][zs_mAP:0.57958][zs_mAP_all:0.27819]
2023-11-09 11:47:21.983 | INFO     | DSH:train:125 - [epoch:1/1][loss:0.097412]
2023-11-09 11:47:21.984 | INFO     | DSH:train:128 - [iter:44/50][iter_time:142.40]
2023-11-09 11:57:06.284 | INFO     | DSH:train:200 - [iter:44/50][code_length:16][mAP:0.65038][mAP_all:0.64725][best_mAP:0.65038]
2023-11-09 11:57:06.285 | INFO     | DSH:train:201 - [iter:44/50][code_length:16][zs_mAP:0.56170][zs_mAP_all:0.25618]
2023-11-09 11:59:32.426 | INFO     | DSH:train:125 - [epoch:1/1][loss:0.097846]
2023-11-09 11:59:32.427 | INFO     | DSH:train:128 - [iter:45/50][iter_time:146.14]
2023-11-09 12:09:10.831 | INFO     | DSH:train:200 - [iter:45/50][code_length:16][mAP:0.65415][mAP_all:0.65095][best_mAP:0.65415]
2023-11-09 12:09:10.832 | INFO     | DSH:train:201 - [iter:45/50][code_length:16][zs_mAP:0.53322][zs_mAP_all:0.24169]
2023-11-09 12:11:33.138 | INFO     | DSH:train:125 - [epoch:1/1][loss:0.095674]
2023-11-09 12:11:33.138 | INFO     | DSH:train:128 - [iter:46/50][iter_time:142.31]
2023-11-09 12:21:12.954 | INFO     | DSH:train:200 - [iter:46/50][code_length:16][mAP:0.65382][mAP_all:0.65078][best_mAP:0.65415]
2023-11-09 12:21:12.955 | INFO     | DSH:train:201 - [iter:46/50][code_length:16][zs_mAP:0.54628][zs_mAP_all:0.24475]
2023-11-09 12:23:36.248 | INFO     | DSH:train:125 - [epoch:1/1][loss:0.096172]
2023-11-09 12:23:36.249 | INFO     | DSH:train:128 - [iter:47/50][iter_time:143.29]
2023-11-09 12:33:13.204 | INFO     | DSH:train:200 - [iter:47/50][code_length:16][mAP:0.65472][mAP_all:0.65158][best_mAP:0.65472]
2023-11-09 12:33:13.204 | INFO     | DSH:train:201 - [iter:47/50][code_length:16][zs_mAP:0.54023][zs_mAP_all:0.24131]
2023-11-09 12:35:35.719 | INFO     | DSH:train:125 - [epoch:1/1][loss:0.096098]
2023-11-09 12:35:35.720 | INFO     | DSH:train:128 - [iter:48/50][iter_time:142.52]
2023-11-09 12:45:13.374 | INFO     | DSH:train:200 - [iter:48/50][code_length:16][mAP:0.65624][mAP_all:0.65316][best_mAP:0.65624]
2023-11-09 12:45:13.375 | INFO     | DSH:train:201 - [iter:48/50][code_length:16][zs_mAP:0.54946][zs_mAP_all:0.26003]
2023-11-09 12:47:37.532 | INFO     | DSH:train:125 - [epoch:1/1][loss:0.095584]
2023-11-09 12:47:37.533 | INFO     | DSH:train:128 - [iter:49/50][iter_time:144.16]
2023-11-09 12:57:17.678 | INFO     | DSH:train:200 - [iter:49/50][code_length:16][mAP:0.65388][mAP_all:0.65073][best_mAP:0.65624]
2023-11-09 12:57:17.678 | INFO     | DSH:train:201 - [iter:49/50][code_length:16][zs_mAP:0.54455][zs_mAP_all:0.24581]
2023-11-09 12:59:40.826 | INFO     | DSH:train:125 - [epoch:1/1][loss:0.096066]
2023-11-09 12:59:40.827 | INFO     | DSH:train:128 - [iter:50/50][iter_time:143.15]
2023-11-09 13:09:16.015 | INFO     | DSH:train:200 - [iter:50/50][code_length:16][mAP:0.65711][mAP_all:0.65403][best_mAP:0.65711]
2023-11-09 13:09:16.016 | INFO     | DSH:train:201 - [iter:50/50][code_length:16][zs_mAP:0.55553][zs_mAP_all:0.26003]
2023-11-09 13:09:16.016 | INFO     | DSH:train:204 - [Training time:35522.62]
2023-11-09 13:09:16.024 | INFO     | __main__:run:126 - [code_length:16][map:0.6571][map_all:0.6540][zs_map:0.5555][zs_map_all:0.2600]
2023-11-09 13:11:40.429 | INFO     | DSH:train:125 - [epoch:1/1][loss:1.183147]
2023-11-09 13:11:40.430 | INFO     | DSH:train:128 - [iter:1/50][iter_time:143.86]
2023-11-09 13:21:25.434 | INFO     | DSH:train:200 - [iter:1/50][code_length:32][mAP:0.09394][mAP_all:0.09395][best_mAP:0.09394]
2023-11-09 13:21:25.434 | INFO     | DSH:train:201 - [iter:1/50][code_length:32][zs_mAP:0.30035][zs_mAP_all:0.00109]
2023-11-09 13:23:49.170 | INFO     | DSH:train:125 - [epoch:1/1][loss:0.539634]
2023-11-09 13:23:49.171 | INFO     | DSH:train:128 - [iter:2/50][iter_time:143.74]
2023-11-09 13:33:25.998 | INFO     | DSH:train:200 - [iter:2/50][code_length:32][mAP:0.13657][mAP_all:0.13643][best_mAP:0.13657]
2023-11-09 13:33:25.999 | INFO     | DSH:train:201 - [iter:2/50][code_length:32][zs_mAP:0.46806][zs_mAP_all:0.02059]
2023-11-09 13:35:49.340 | INFO     | DSH:train:125 - [epoch:1/1][loss:0.405026]
2023-11-09 13:35:49.341 | INFO     | DSH:train:128 - [iter:3/50][iter_time:143.34]
2023-11-09 13:45:28.144 | INFO     | DSH:train:200 - [iter:3/50][code_length:32][mAP:0.18183][mAP_all:0.18109][best_mAP:0.18183]
2023-11-09 13:45:28.146 | INFO     | DSH:train:201 - [iter:3/50][code_length:32][zs_mAP:0.47470][zs_mAP_all:0.03750]
2023-11-09 13:47:52.227 | INFO     | DSH:train:125 - [epoch:1/1][loss:0.350519]
2023-11-09 13:47:52.227 | INFO     | DSH:train:128 - [iter:4/50][iter_time:144.08]
2023-11-09 13:57:30.922 | INFO     | DSH:train:200 - [iter:4/50][code_length:32][mAP:0.28383][mAP_all:0.28250][best_mAP:0.28383]
2023-11-09 13:57:30.923 | INFO     | DSH:train:201 - [iter:4/50][code_length:32][zs_mAP:0.46703][zs_mAP_all:0.09226]
2023-11-09 13:59:54.016 | INFO     | DSH:train:125 - [epoch:1/1][loss:0.319313]
2023-11-09 13:59:54.016 | INFO     | DSH:train:128 - [iter:5/50][iter_time:143.09]
2023-11-09 14:09:28.953 | INFO     | DSH:train:200 - [iter:5/50][code_length:32][mAP:0.33451][mAP_all:0.33175][best_mAP:0.33451]
2023-11-09 14:09:28.954 | INFO     | DSH:train:201 - [iter:5/50][code_length:32][zs_mAP:0.49097][zs_mAP_all:0.13085]
2023-11-09 14:11:50.841 | INFO     | DSH:train:125 - [epoch:1/1][loss:0.297968]
2023-11-09 14:11:50.842 | INFO     | DSH:train:128 - [iter:6/50][iter_time:141.89]
2023-11-09 14:21:29.518 | INFO     | DSH:train:200 - [iter:6/50][code_length:32][mAP:0.38775][mAP_all:0.38429][best_mAP:0.38775]
2023-11-09 14:21:29.519 | INFO     | DSH:train:201 - [iter:6/50][code_length:32][zs_mAP:0.49041][zs_mAP_all:0.18244]
2023-11-09 14:23:52.760 | INFO     | DSH:train:125 - [epoch:1/1][loss:0.283299]
2023-11-09 14:23:52.760 | INFO     | DSH:train:128 - [iter:7/50][iter_time:143.24]
2023-11-09 14:33:22.464 | INFO     | DSH:train:200 - [iter:7/50][code_length:32][mAP:0.41145][mAP_all:0.40822][best_mAP:0.41145]
2023-11-09 14:33:22.465 | INFO     | DSH:train:201 - [iter:7/50][code_length:32][zs_mAP:0.54181][zs_mAP_all:0.21524]
2023-11-09 14:35:45.159 | INFO     | DSH:train:125 - [epoch:1/1][loss:0.272153]
2023-11-09 14:35:45.160 | INFO     | DSH:train:128 - [iter:8/50][iter_time:142.69]
2023-11-09 14:45:12.201 | INFO     | DSH:train:200 - [iter:8/50][code_length:32][mAP:0.41263][mAP_all:0.41011][best_mAP:0.41263]
2023-11-09 14:45:12.202 | INFO     | DSH:train:201 - [iter:8/50][code_length:32][zs_mAP:0.54043][zs_mAP_all:0.26619]
2023-11-09 14:47:34.581 | INFO     | DSH:train:125 - [epoch:1/1][loss:0.262162]
2023-11-09 14:47:34.582 | INFO     | DSH:train:128 - [iter:9/50][iter_time:142.38]
2023-11-09 14:57:01.147 | INFO     | DSH:train:200 - [iter:9/50][code_length:32][mAP:0.45555][mAP_all:0.45260][best_mAP:0.45555]
2023-11-09 14:57:01.148 | INFO     | DSH:train:201 - [iter:9/50][code_length:32][zs_mAP:0.58019][zs_mAP_all:0.29322]
2023-11-09 14:59:24.679 | INFO     | DSH:train:125 - [epoch:1/1][loss:0.255618]
2023-11-09 14:59:24.680 | INFO     | DSH:train:128 - [iter:10/50][iter_time:143.53]
2023-11-09 15:08:51.871 | INFO     | DSH:train:200 - [iter:10/50][code_length:32][mAP:0.47855][mAP_all:0.47547][best_mAP:0.47855]
2023-11-09 15:08:51.872 | INFO     | DSH:train:201 - [iter:10/50][code_length:32][zs_mAP:0.53531][zs_mAP_all:0.28674]
2023-11-09 15:11:14.119 | INFO     | DSH:train:125 - [epoch:1/1][loss:0.247494]
2023-11-09 15:11:14.120 | INFO     | DSH:train:128 - [iter:11/50][iter_time:142.25]
2023-11-09 15:20:41.310 | INFO     | DSH:train:200 - [iter:11/50][code_length:32][mAP:0.49926][mAP_all:0.49603][best_mAP:0.49926]
2023-11-09 15:20:41.311 | INFO     | DSH:train:201 - [iter:11/50][code_length:32][zs_mAP:0.54727][zs_mAP_all:0.27374]
2023-11-09 15:23:04.792 | INFO     | DSH:train:125 - [epoch:1/1][loss:0.241924]
2023-11-09 15:23:04.793 | INFO     | DSH:train:128 - [iter:12/50][iter_time:143.48]
2023-11-09 15:32:34.110 | INFO     | DSH:train:200 - [iter:12/50][code_length:32][mAP:0.51700][mAP_all:0.51360][best_mAP:0.51700]
2023-11-09 15:32:34.111 | INFO     | DSH:train:201 - [iter:12/50][code_length:32][zs_mAP:0.51312][zs_mAP_all:0.26696]
2023-11-09 15:34:57.025 | INFO     | DSH:train:125 - [epoch:1/1][loss:0.236770]
2023-11-09 15:34:57.025 | INFO     | DSH:train:128 - [iter:13/50][iter_time:142.91]
2023-11-09 15:44:25.618 | INFO     | DSH:train:200 - [iter:13/50][code_length:32][mAP:0.52986][mAP_all:0.52655][best_mAP:0.52986]
2023-11-09 15:44:25.619 | INFO     | DSH:train:201 - [iter:13/50][code_length:32][zs_mAP:0.51903][zs_mAP_all:0.26947]
2023-11-09 15:46:48.977 | INFO     | DSH:train:125 - [epoch:1/1][loss:0.231156]
2023-11-09 15:46:48.978 | INFO     | DSH:train:128 - [iter:14/50][iter_time:143.36]
2023-11-09 15:56:19.856 | INFO     | DSH:train:200 - [iter:14/50][code_length:32][mAP:0.55059][mAP_all:0.54700][best_mAP:0.55059]
2023-11-09 15:56:19.857 | INFO     | DSH:train:201 - [iter:14/50][code_length:32][zs_mAP:0.52394][zs_mAP_all:0.30174]
2023-11-09 15:58:52.392 | INFO     | DSH:train:125 - [epoch:1/1][loss:0.226458]
2023-11-09 15:58:52.393 | INFO     | DSH:train:128 - [iter:15/50][iter_time:152.54]
2023-11-09 16:09:12.065 | INFO     | DSH:train:200 - [iter:15/50][code_length:32][mAP:0.56735][mAP_all:0.56404][best_mAP:0.56735]
2023-11-09 16:09:12.066 | INFO     | DSH:train:201 - [iter:15/50][code_length:32][zs_mAP:0.52742][zs_mAP_all:0.29092]
2023-11-09 16:11:41.902 | INFO     | DSH:train:125 - [epoch:1/1][loss:0.221081]
2023-11-09 16:11:41.903 | INFO     | DSH:train:128 - [iter:16/50][iter_time:149.84]
2023-11-09 16:21:59.147 | INFO     | DSH:train:200 - [iter:16/50][code_length:32][mAP:0.58466][mAP_all:0.58131][best_mAP:0.58466]
2023-11-09 16:21:59.148 | INFO     | DSH:train:201 - [iter:16/50][code_length:32][zs_mAP:0.52627][zs_mAP_all:0.29782]
2023-11-09 16:24:27.446 | INFO     | DSH:train:125 - [epoch:1/1][loss:0.218474]
2023-11-09 16:24:27.448 | INFO     | DSH:train:128 - [iter:17/50][iter_time:148.30]
2023-11-09 16:34:21.047 | INFO     | DSH:train:200 - [iter:17/50][code_length:32][mAP:0.60075][mAP_all:0.59722][best_mAP:0.60075]
2023-11-09 16:34:21.048 | INFO     | DSH:train:201 - [iter:17/50][code_length:32][zs_mAP:0.50819][zs_mAP_all:0.29977]
2023-11-09 16:36:49.451 | INFO     | DSH:train:125 - [epoch:1/1][loss:0.214343]
2023-11-09 16:36:49.452 | INFO     | DSH:train:128 - [iter:18/50][iter_time:148.40]
2023-11-09 16:46:36.105 | INFO     | DSH:train:200 - [iter:18/50][code_length:32][mAP:0.61690][mAP_all:0.61324][best_mAP:0.61690]
2023-11-09 16:46:36.106 | INFO     | DSH:train:201 - [iter:18/50][code_length:32][zs_mAP:0.51363][zs_mAP_all:0.30187]
2023-11-09 16:49:03.947 | INFO     | DSH:train:125 - [epoch:1/1][loss:0.210261]
2023-11-09 16:49:03.949 | INFO     | DSH:train:128 - [iter:19/50][iter_time:147.84]
2023-11-09 16:58:49.814 | INFO     | DSH:train:200 - [iter:19/50][code_length:32][mAP:0.63471][mAP_all:0.63128][best_mAP:0.63471]
2023-11-09 16:58:49.814 | INFO     | DSH:train:201 - [iter:19/50][code_length:32][zs_mAP:0.55202][zs_mAP_all:0.33204]
2023-11-09 17:01:15.840 | INFO     | DSH:train:125 - [epoch:1/1][loss:0.206810]
2023-11-09 17:01:15.840 | INFO     | DSH:train:128 - [iter:20/50][iter_time:146.03]
2023-11-09 17:11:01.383 | INFO     | DSH:train:200 - [iter:20/50][code_length:32][mAP:0.65159][mAP_all:0.64828][best_mAP:0.65159]
2023-11-09 17:11:01.384 | INFO     | DSH:train:201 - [iter:20/50][code_length:32][zs_mAP:0.53326][zs_mAP_all:0.32385]
2023-11-09 17:13:28.165 | INFO     | DSH:train:125 - [epoch:1/1][loss:0.203999]
2023-11-09 17:13:28.166 | INFO     | DSH:train:128 - [iter:21/50][iter_time:146.78]
2023-11-09 17:23:13.976 | INFO     | DSH:train:200 - [iter:21/50][code_length:32][mAP:0.65715][mAP_all:0.65417][best_mAP:0.65715]
2023-11-09 17:23:13.977 | INFO     | DSH:train:201 - [iter:21/50][code_length:32][zs_mAP:0.53765][zs_mAP_all:0.32614]
2023-11-09 17:25:42.492 | INFO     | DSH:train:125 - [epoch:1/1][loss:0.201969]
2023-11-09 17:25:42.493 | INFO     | DSH:train:128 - [iter:22/50][iter_time:148.52]
2023-11-09 17:35:27.406 | INFO     | DSH:train:200 - [iter:22/50][code_length:32][mAP:0.66483][mAP_all:0.66177][best_mAP:0.66483]
2023-11-09 17:35:27.407 | INFO     | DSH:train:201 - [iter:22/50][code_length:32][zs_mAP:0.55350][zs_mAP_all:0.32726]
2023-11-09 17:37:54.216 | INFO     | DSH:train:125 - [epoch:1/1][loss:0.199213]
2023-11-09 17:37:54.217 | INFO     | DSH:train:128 - [iter:23/50][iter_time:146.81]
2023-11-09 17:47:41.166 | INFO     | DSH:train:200 - [iter:23/50][code_length:32][mAP:0.67489][mAP_all:0.67174][best_mAP:0.67489]
2023-11-09 17:47:41.167 | INFO     | DSH:train:201 - [iter:23/50][code_length:32][zs_mAP:0.54893][zs_mAP_all:0.34757]
2023-11-09 17:50:10.017 | INFO     | DSH:train:125 - [epoch:1/1][loss:0.196386]
2023-11-09 17:50:10.018 | INFO     | DSH:train:128 - [iter:24/50][iter_time:148.85]
2023-11-09 17:59:57.805 | INFO     | DSH:train:200 - [iter:24/50][code_length:32][mAP:0.68495][mAP_all:0.68163][best_mAP:0.68495]
2023-11-09 17:59:57.806 | INFO     | DSH:train:201 - [iter:24/50][code_length:32][zs_mAP:0.54985][zs_mAP_all:0.34635]
2023-11-09 18:02:24.884 | INFO     | DSH:train:125 - [epoch:1/1][loss:0.192746]
2023-11-09 18:02:24.885 | INFO     | DSH:train:128 - [iter:25/50][iter_time:147.08]
2023-11-09 18:12:11.936 | INFO     | DSH:train:200 - [iter:25/50][code_length:32][mAP:0.69260][mAP_all:0.68967][best_mAP:0.69260]
2023-11-09 18:12:11.937 | INFO     | DSH:train:201 - [iter:25/50][code_length:32][zs_mAP:0.55924][zs_mAP_all:0.36002]
2023-11-09 18:14:37.373 | INFO     | DSH:train:125 - [epoch:1/1][loss:0.191255]
2023-11-09 18:14:37.374 | INFO     | DSH:train:128 - [iter:26/50][iter_time:145.44]
2023-11-09 18:24:22.228 | INFO     | DSH:train:200 - [iter:26/50][code_length:32][mAP:0.69966][mAP_all:0.69657][best_mAP:0.69966]
2023-11-09 18:24:22.229 | INFO     | DSH:train:201 - [iter:26/50][code_length:32][zs_mAP:0.54843][zs_mAP_all:0.33563]
2023-11-09 18:26:50.254 | INFO     | DSH:train:125 - [epoch:1/1][loss:0.191520]
2023-11-09 18:26:50.255 | INFO     | DSH:train:128 - [iter:27/50][iter_time:148.03]
2023-11-09 18:36:37.317 | INFO     | DSH:train:200 - [iter:27/50][code_length:32][mAP:0.70455][mAP_all:0.70161][best_mAP:0.70455]
2023-11-09 18:36:37.318 | INFO     | DSH:train:201 - [iter:27/50][code_length:32][zs_mAP:0.57051][zs_mAP_all:0.35372]
2023-11-09 18:39:05.828 | INFO     | DSH:train:125 - [epoch:1/1][loss:0.187920]
2023-11-09 18:39:05.829 | INFO     | DSH:train:128 - [iter:28/50][iter_time:148.51]
2023-11-09 18:48:54.926 | INFO     | DSH:train:200 - [iter:28/50][code_length:32][mAP:0.71240][mAP_all:0.70951][best_mAP:0.71240]
2023-11-09 18:48:54.926 | INFO     | DSH:train:201 - [iter:28/50][code_length:32][zs_mAP:0.57783][zs_mAP_all:0.36267]
2023-11-09 18:51:21.624 | INFO     | DSH:train:125 - [epoch:1/1][loss:0.185983]
2023-11-09 18:51:21.625 | INFO     | DSH:train:128 - [iter:29/50][iter_time:146.70]
2023-11-09 19:01:07.736 | INFO     | DSH:train:200 - [iter:29/50][code_length:32][mAP:0.71675][mAP_all:0.71386][best_mAP:0.71675]
2023-11-09 19:01:07.737 | INFO     | DSH:train:201 - [iter:29/50][code_length:32][zs_mAP:0.58025][zs_mAP_all:0.37937]
2023-11-09 19:03:36.838 | INFO     | DSH:train:125 - [epoch:1/1][loss:0.184181]
2023-11-09 19:03:36.839 | INFO     | DSH:train:128 - [iter:30/50][iter_time:149.10]
2023-11-09 19:13:17.105 | INFO     | DSH:train:200 - [iter:30/50][code_length:32][mAP:0.72042][mAP_all:0.71732][best_mAP:0.72042]
2023-11-09 19:13:17.105 | INFO     | DSH:train:201 - [iter:30/50][code_length:32][zs_mAP:0.57604][zs_mAP_all:0.38821]
2023-11-09 19:15:40.205 | INFO     | DSH:train:125 - [epoch:1/1][loss:0.181493]
2023-11-09 19:15:40.206 | INFO     | DSH:train:128 - [iter:31/50][iter_time:143.10]
2023-11-09 19:25:00.843 | INFO     | DSH:train:200 - [iter:31/50][code_length:32][mAP:0.72700][mAP_all:0.72430][best_mAP:0.72700]
2023-11-09 19:25:00.844 | INFO     | DSH:train:201 - [iter:31/50][code_length:32][zs_mAP:0.57690][zs_mAP_all:0.36669]
2023-11-09 19:27:25.413 | INFO     | DSH:train:125 - [epoch:1/1][loss:0.179929]
2023-11-09 19:27:25.414 | INFO     | DSH:train:128 - [iter:32/50][iter_time:144.57]
2023-11-09 19:36:51.147 | INFO     | DSH:train:200 - [iter:32/50][code_length:32][mAP:0.73142][mAP_all:0.72849][best_mAP:0.73142]
2023-11-09 19:36:51.148 | INFO     | DSH:train:201 - [iter:32/50][code_length:32][zs_mAP:0.55387][zs_mAP_all:0.35418]
2023-11-09 19:39:10.931 | INFO     | DSH:train:125 - [epoch:1/1][loss:0.178604]
2023-11-09 19:39:10.932 | INFO     | DSH:train:128 - [iter:33/50][iter_time:139.78]
2023-11-09 19:48:29.735 | INFO     | DSH:train:200 - [iter:33/50][code_length:32][mAP:0.73551][mAP_all:0.73269][best_mAP:0.73551]
2023-11-09 19:48:29.736 | INFO     | DSH:train:201 - [iter:33/50][code_length:32][zs_mAP:0.59161][zs_mAP_all:0.37375]
2023-11-09 19:50:58.600 | INFO     | DSH:train:125 - [epoch:1/1][loss:0.178106]
2023-11-09 19:50:58.602 | INFO     | DSH:train:128 - [iter:34/50][iter_time:148.87]
2023-11-09 20:00:56.164 | INFO     | DSH:train:200 - [iter:34/50][code_length:32][mAP:0.73873][mAP_all:0.73600][best_mAP:0.73873]
2023-11-09 20:00:56.165 | INFO     | DSH:train:201 - [iter:34/50][code_length:32][zs_mAP:0.57042][zs_mAP_all:0.34953]
2023-11-09 20:03:22.782 | INFO     | DSH:train:125 - [epoch:1/1][loss:0.175216]
2023-11-09 20:03:22.783 | INFO     | DSH:train:128 - [iter:35/50][iter_time:146.62]
2023-11-09 20:12:59.505 | INFO     | DSH:train:200 - [iter:35/50][code_length:32][mAP:0.74491][mAP_all:0.74241][best_mAP:0.74491]
2023-11-09 20:12:59.505 | INFO     | DSH:train:201 - [iter:35/50][code_length:32][zs_mAP:0.61299][zs_mAP_all:0.37912]
2023-11-09 20:15:23.436 | INFO     | DSH:train:125 - [epoch:1/1][loss:0.174237]
2023-11-09 20:15:23.437 | INFO     | DSH:train:128 - [iter:36/50][iter_time:143.93]
2023-11-09 20:25:06.768 | INFO     | DSH:train:200 - [iter:36/50][code_length:32][mAP:0.74860][mAP_all:0.74551][best_mAP:0.74860]
2023-11-09 20:25:06.769 | INFO     | DSH:train:201 - [iter:36/50][code_length:32][zs_mAP:0.55299][zs_mAP_all:0.34705]
2023-11-09 20:27:30.771 | INFO     | DSH:train:125 - [epoch:1/1][loss:0.172861]
2023-11-09 20:27:30.772 | INFO     | DSH:train:128 - [iter:37/50][iter_time:144.00]
2023-11-09 20:37:13.176 | INFO     | DSH:train:200 - [iter:37/50][code_length:32][mAP:0.75492][mAP_all:0.75224][best_mAP:0.75492]
2023-11-09 20:37:13.177 | INFO     | DSH:train:201 - [iter:37/50][code_length:32][zs_mAP:0.59432][zs_mAP_all:0.37895]
2023-11-09 20:39:40.329 | INFO     | DSH:train:125 - [epoch:1/1][loss:0.170918]
2023-11-09 20:39:40.330 | INFO     | DSH:train:128 - [iter:38/50][iter_time:147.15]
2023-11-09 20:49:21.402 | INFO     | DSH:train:200 - [iter:38/50][code_length:32][mAP:0.75629][mAP_all:0.75374][best_mAP:0.75629]
2023-11-09 20:49:21.403 | INFO     | DSH:train:201 - [iter:38/50][code_length:32][zs_mAP:0.57229][zs_mAP_all:0.36364]
2023-11-09 20:51:44.612 | INFO     | DSH:train:125 - [epoch:1/1][loss:0.170910]
2023-11-09 20:51:44.612 | INFO     | DSH:train:128 - [iter:39/50][iter_time:143.21]
2023-11-09 21:01:23.700 | INFO     | DSH:train:200 - [iter:39/50][code_length:32][mAP:0.75972][mAP_all:0.75686][best_mAP:0.75972]
2023-11-09 21:01:23.701 | INFO     | DSH:train:201 - [iter:39/50][code_length:32][zs_mAP:0.57203][zs_mAP_all:0.36295]
2023-11-09 21:03:47.859 | INFO     | DSH:train:125 - [epoch:1/1][loss:0.167687]
2023-11-09 21:03:47.860 | INFO     | DSH:train:128 - [iter:40/50][iter_time:144.16]
2023-11-09 21:13:27.443 | INFO     | DSH:train:200 - [iter:40/50][code_length:32][mAP:0.76428][mAP_all:0.76151][best_mAP:0.76428]
2023-11-09 21:13:27.444 | INFO     | DSH:train:201 - [iter:40/50][code_length:32][zs_mAP:0.59175][zs_mAP_all:0.37686]
2023-11-09 21:15:51.320 | INFO     | DSH:train:125 - [epoch:1/1][loss:0.167644]
2023-11-09 21:15:51.321 | INFO     | DSH:train:128 - [iter:41/50][iter_time:143.88]
2023-11-09 21:25:32.106 | INFO     | DSH:train:200 - [iter:41/50][code_length:32][mAP:0.77157][mAP_all:0.76873][best_mAP:0.77157]
2023-11-09 21:25:32.107 | INFO     | DSH:train:201 - [iter:41/50][code_length:32][zs_mAP:0.57092][zs_mAP_all:0.36843]
2023-11-09 21:27:56.560 | INFO     | DSH:train:125 - [epoch:1/1][loss:0.165230]
2023-11-09 21:27:56.561 | INFO     | DSH:train:128 - [iter:42/50][iter_time:144.45]
2023-11-09 21:37:36.268 | INFO     | DSH:train:200 - [iter:42/50][code_length:32][mAP:0.77378][mAP_all:0.77136][best_mAP:0.77378]
2023-11-09 21:37:36.269 | INFO     | DSH:train:201 - [iter:42/50][code_length:32][zs_mAP:0.59673][zs_mAP_all:0.37189]
2023-11-09 21:40:02.227 | INFO     | DSH:train:125 - [epoch:1/1][loss:0.164591]
2023-11-09 21:40:02.228 | INFO     | DSH:train:128 - [iter:43/50][iter_time:145.96]
2023-11-09 21:49:21.895 | INFO     | DSH:train:200 - [iter:43/50][code_length:32][mAP:0.77787][mAP_all:0.77523][best_mAP:0.77787]
2023-11-09 21:49:21.896 | INFO     | DSH:train:201 - [iter:43/50][code_length:32][zs_mAP:0.58333][zs_mAP_all:0.36061]
2023-11-09 21:51:40.745 | INFO     | DSH:train:125 - [epoch:1/1][loss:0.161683]
2023-11-09 21:51:40.747 | INFO     | DSH:train:128 - [iter:44/50][iter_time:138.85]
2023-11-09 22:01:02.248 | INFO     | DSH:train:200 - [iter:44/50][code_length:32][mAP:0.77914][mAP_all:0.77661][best_mAP:0.77914]
2023-11-09 22:01:02.249 | INFO     | DSH:train:201 - [iter:44/50][code_length:32][zs_mAP:0.57220][zs_mAP_all:0.35547]
2023-11-09 22:03:24.925 | INFO     | DSH:train:125 - [epoch:1/1][loss:0.161262]
2023-11-09 22:03:24.926 | INFO     | DSH:train:128 - [iter:45/50][iter_time:142.68]
2023-11-09 22:12:47.880 | INFO     | DSH:train:200 - [iter:45/50][code_length:32][mAP:0.78316][mAP_all:0.78082][best_mAP:0.78316]
2023-11-09 22:12:47.881 | INFO     | DSH:train:201 - [iter:45/50][code_length:32][zs_mAP:0.61928][zs_mAP_all:0.39178]
2023-11-09 22:15:09.968 | INFO     | DSH:train:125 - [epoch:1/1][loss:0.159007]
2023-11-09 22:15:09.969 | INFO     | DSH:train:128 - [iter:46/50][iter_time:142.09]
2023-11-09 22:24:33.389 | INFO     | DSH:train:200 - [iter:46/50][code_length:32][mAP:0.78540][mAP_all:0.78308][best_mAP:0.78540]
2023-11-09 22:24:33.390 | INFO     | DSH:train:201 - [iter:46/50][code_length:32][zs_mAP:0.61343][zs_mAP_all:0.38634]
2023-11-09 22:26:58.193 | INFO     | DSH:train:125 - [epoch:1/1][loss:0.160010]
2023-11-09 22:26:58.194 | INFO     | DSH:train:128 - [iter:47/50][iter_time:144.80]
2023-11-09 22:36:18.758 | INFO     | DSH:train:200 - [iter:47/50][code_length:32][mAP:0.78467][mAP_all:0.78229][best_mAP:0.78540]
2023-11-09 22:36:18.759 | INFO     | DSH:train:201 - [iter:47/50][code_length:32][zs_mAP:0.61379][zs_mAP_all:0.39282]
2023-11-09 22:38:35.954 | INFO     | DSH:train:125 - [epoch:1/1][loss:0.158329]
2023-11-09 22:38:35.955 | INFO     | DSH:train:128 - [iter:48/50][iter_time:137.20]
2023-11-09 22:47:55.649 | INFO     | DSH:train:200 - [iter:48/50][code_length:32][mAP:0.78655][mAP_all:0.78435][best_mAP:0.78655]
2023-11-09 22:47:55.650 | INFO     | DSH:train:201 - [iter:48/50][code_length:32][zs_mAP:0.62471][zs_mAP_all:0.38934]
2023-11-09 22:50:16.841 | INFO     | DSH:train:125 - [epoch:1/1][loss:0.159870]
2023-11-09 22:50:16.842 | INFO     | DSH:train:128 - [iter:49/50][iter_time:141.19]
2023-11-09 22:59:34.304 | INFO     | DSH:train:200 - [iter:49/50][code_length:32][mAP:0.78961][mAP_all:0.78748][best_mAP:0.78961]
2023-11-09 22:59:34.304 | INFO     | DSH:train:201 - [iter:49/50][code_length:32][zs_mAP:0.61466][zs_mAP_all:0.37804]
2023-11-09 23:01:52.609 | INFO     | DSH:train:125 - [epoch:1/1][loss:0.159034]
2023-11-09 23:01:52.610 | INFO     | DSH:train:128 - [iter:50/50][iter_time:138.31]
2023-11-09 23:11:08.829 | INFO     | DSH:train:200 - [iter:50/50][code_length:32][mAP:0.78656][mAP_all:0.78408][best_mAP:0.78961]
2023-11-09 23:11:08.829 | INFO     | DSH:train:201 - [iter:50/50][code_length:32][zs_mAP:0.61045][zs_mAP_all:0.38164]
2023-11-09 23:11:08.830 | INFO     | DSH:train:204 - [Training time:36112.26]
2023-11-09 23:11:08.833 | INFO     | __main__:run:126 - [code_length:32][map:0.7896][map_all:0.7875][zs_map:0.6147][zs_map_all:0.3780]
2023-11-09 23:13:28.437 | INFO     | DSH:train:125 - [epoch:1/1][loss:2.415289]
2023-11-09 23:13:28.438 | INFO     | DSH:train:128 - [iter:1/50][iter_time:139.09]
2023-11-09 23:22:52.942 | INFO     | DSH:train:200 - [iter:1/50][code_length:64][mAP:0.14796][mAP_all:0.14770][best_mAP:0.14796]
2023-11-09 23:22:52.943 | INFO     | DSH:train:201 - [iter:1/50][code_length:64][zs_mAP:0.40085][zs_mAP_all:0.03445]
2023-11-09 23:25:23.804 | INFO     | DSH:train:125 - [epoch:1/1][loss:0.977323]
2023-11-09 23:25:23.805 | INFO     | DSH:train:128 - [iter:2/50][iter_time:150.86]
2023-11-09 23:35:17.238 | INFO     | DSH:train:200 - [iter:2/50][code_length:64][mAP:0.20438][mAP_all:0.20336][best_mAP:0.20438]
2023-11-09 23:35:17.239 | INFO     | DSH:train:201 - [iter:2/50][code_length:64][zs_mAP:0.45476][zs_mAP_all:0.09204]
2023-11-09 23:37:45.172 | INFO     | DSH:train:125 - [epoch:1/1][loss:0.767330]
2023-11-09 23:37:45.172 | INFO     | DSH:train:128 - [iter:3/50][iter_time:147.93]
2023-11-09 23:47:52.524 | INFO     | DSH:train:200 - [iter:3/50][code_length:64][mAP:0.30352][mAP_all:0.30067][best_mAP:0.30352]
2023-11-09 23:47:52.524 | INFO     | DSH:train:201 - [iter:3/50][code_length:64][zs_mAP:0.55489][zs_mAP_all:0.21612]
2023-11-09 23:50:28.462 | INFO     | DSH:train:125 - [epoch:1/1][loss:0.668504]
2023-11-09 23:50:28.463 | INFO     | DSH:train:128 - [iter:4/50][iter_time:155.94]
2023-11-10 00:00:31.687 | INFO     | DSH:train:200 - [iter:4/50][code_length:64][mAP:0.38688][mAP_all:0.38398][best_mAP:0.38688]
2023-11-10 00:00:31.688 | INFO     | DSH:train:201 - [iter:4/50][code_length:64][zs_mAP:0.60421][zs_mAP_all:0.28239]
2023-11-10 00:03:08.332 | INFO     | DSH:train:125 - [epoch:1/1][loss:0.598823]
2023-11-10 00:03:08.333 | INFO     | DSH:train:128 - [iter:5/50][iter_time:156.64]
2023-11-10 00:13:09.231 | INFO     | DSH:train:200 - [iter:5/50][code_length:64][mAP:0.44865][mAP_all:0.44562][best_mAP:0.44865]
2023-11-10 00:13:09.232 | INFO     | DSH:train:201 - [iter:5/50][code_length:64][zs_mAP:0.66723][zs_mAP_all:0.31949]
2023-11-10 00:15:45.552 | INFO     | DSH:train:125 - [epoch:1/1][loss:0.557633]
2023-11-10 00:15:45.553 | INFO     | DSH:train:128 - [iter:6/50][iter_time:156.32]
2023-11-10 00:25:47.377 | INFO     | DSH:train:200 - [iter:6/50][code_length:64][mAP:0.47490][mAP_all:0.47149][best_mAP:0.47490]
2023-11-10 00:25:47.377 | INFO     | DSH:train:201 - [iter:6/50][code_length:64][zs_mAP:0.63534][zs_mAP_all:0.31383]
2023-11-10 00:28:10.866 | INFO     | DSH:train:125 - [epoch:1/1][loss:0.524464]
2023-11-10 00:28:10.866 | INFO     | DSH:train:128 - [iter:7/50][iter_time:143.49]
2023-11-10 00:37:24.971 | INFO     | DSH:train:200 - [iter:7/50][code_length:64][mAP:0.50745][mAP_all:0.50390][best_mAP:0.50745]
2023-11-10 00:37:24.972 | INFO     | DSH:train:201 - [iter:7/50][code_length:64][zs_mAP:0.61164][zs_mAP_all:0.30126]
2023-11-10 00:39:46.000 | INFO     | DSH:train:125 - [epoch:1/1][loss:0.495879]
2023-11-10 00:39:46.001 | INFO     | DSH:train:128 - [iter:8/50][iter_time:141.03]
2023-11-10 00:49:15.316 | INFO     | DSH:train:200 - [iter:8/50][code_length:64][mAP:0.54222][mAP_all:0.53873][best_mAP:0.54222]
2023-11-10 00:49:15.317 | INFO     | DSH:train:201 - [iter:8/50][code_length:64][zs_mAP:0.65229][zs_mAP_all:0.35131]
2023-11-10 00:51:38.605 | INFO     | DSH:train:125 - [epoch:1/1][loss:0.477184]
2023-11-10 00:51:38.606 | INFO     | DSH:train:128 - [iter:9/50][iter_time:143.29]
2023-11-10 01:01:03.437 | INFO     | DSH:train:200 - [iter:9/50][code_length:64][mAP:0.56415][mAP_all:0.56015][best_mAP:0.56415]
2023-11-10 01:01:03.438 | INFO     | DSH:train:201 - [iter:9/50][code_length:64][zs_mAP:0.65418][zs_mAP_all:0.40025]
2023-11-10 01:03:24.302 | INFO     | DSH:train:125 - [epoch:1/1][loss:0.463619]
2023-11-10 01:03:24.303 | INFO     | DSH:train:128 - [iter:10/50][iter_time:140.86]
2023-11-10 01:12:51.962 | INFO     | DSH:train:200 - [iter:10/50][code_length:64][mAP:0.58087][mAP_all:0.57715][best_mAP:0.58087]
2023-11-10 01:12:51.963 | INFO     | DSH:train:201 - [iter:10/50][code_length:64][zs_mAP:0.62569][zs_mAP_all:0.36240]
2023-11-10 01:15:13.076 | INFO     | DSH:train:125 - [epoch:1/1][loss:0.443522]
2023-11-10 01:15:13.077 | INFO     | DSH:train:128 - [iter:11/50][iter_time:141.11]
2023-11-10 01:24:35.344 | INFO     | DSH:train:200 - [iter:11/50][code_length:64][mAP:0.60574][mAP_all:0.60201][best_mAP:0.60574]
2023-11-10 01:24:35.345 | INFO     | DSH:train:201 - [iter:11/50][code_length:64][zs_mAP:0.62319][zs_mAP_all:0.37770]
2023-11-10 01:26:59.243 | INFO     | DSH:train:125 - [epoch:1/1][loss:0.433347]
2023-11-10 01:26:59.244 | INFO     | DSH:train:128 - [iter:12/50][iter_time:143.90]
2023-11-10 01:36:15.924 | INFO     | DSH:train:200 - [iter:12/50][code_length:64][mAP:0.62717][mAP_all:0.62334][best_mAP:0.62717]
2023-11-10 01:36:15.925 | INFO     | DSH:train:201 - [iter:12/50][code_length:64][zs_mAP:0.63346][zs_mAP_all:0.39813]
2023-11-10 01:38:36.033 | INFO     | DSH:train:125 - [epoch:1/1][loss:0.421821]
2023-11-10 01:38:36.034 | INFO     | DSH:train:128 - [iter:13/50][iter_time:140.11]
2023-11-10 01:47:52.426 | INFO     | DSH:train:200 - [iter:13/50][code_length:64][mAP:0.63578][mAP_all:0.63183][best_mAP:0.63578]
2023-11-10 01:47:52.427 | INFO     | DSH:train:201 - [iter:13/50][code_length:64][zs_mAP:0.63869][zs_mAP_all:0.39528]
2023-11-10 01:50:13.988 | INFO     | DSH:train:125 - [epoch:1/1][loss:0.412370]
2023-11-10 01:50:13.989 | INFO     | DSH:train:128 - [iter:14/50][iter_time:141.56]
2023-11-10 01:59:30.384 | INFO     | DSH:train:200 - [iter:14/50][code_length:64][mAP:0.64630][mAP_all:0.64249][best_mAP:0.64630]
2023-11-10 01:59:30.385 | INFO     | DSH:train:201 - [iter:14/50][code_length:64][zs_mAP:0.62096][zs_mAP_all:0.37353]
2023-11-10 02:01:53.609 | INFO     | DSH:train:125 - [epoch:1/1][loss:0.404986]
2023-11-10 02:01:53.609 | INFO     | DSH:train:128 - [iter:15/50][iter_time:143.22]
2023-11-10 02:11:10.246 | INFO     | DSH:train:200 - [iter:15/50][code_length:64][mAP:0.66169][mAP_all:0.65793][best_mAP:0.66169]
2023-11-10 02:11:10.247 | INFO     | DSH:train:201 - [iter:15/50][code_length:64][zs_mAP:0.62155][zs_mAP_all:0.39716]
2023-11-10 02:13:31.891 | INFO     | DSH:train:125 - [epoch:1/1][loss:0.396119]
2023-11-10 02:13:31.892 | INFO     | DSH:train:128 - [iter:16/50][iter_time:141.64]
2023-11-10 02:22:51.335 | INFO     | DSH:train:200 - [iter:16/50][code_length:64][mAP:0.67983][mAP_all:0.67563][best_mAP:0.67983]
2023-11-10 02:22:51.336 | INFO     | DSH:train:201 - [iter:16/50][code_length:64][zs_mAP:0.60192][zs_mAP_all:0.39487]
2023-11-10 02:25:12.812 | INFO     | DSH:train:125 - [epoch:1/1][loss:0.387523]
2023-11-10 02:25:12.813 | INFO     | DSH:train:128 - [iter:17/50][iter_time:141.48]
2023-11-10 02:34:31.546 | INFO     | DSH:train:200 - [iter:17/50][code_length:64][mAP:0.68572][mAP_all:0.68158][best_mAP:0.68572]
2023-11-10 02:34:31.548 | INFO     | DSH:train:201 - [iter:17/50][code_length:64][zs_mAP:0.62177][zs_mAP_all:0.40108]
2023-11-10 02:36:51.371 | INFO     | DSH:train:125 - [epoch:1/1][loss:0.382648]
2023-11-10 02:36:51.372 | INFO     | DSH:train:128 - [iter:18/50][iter_time:139.82]
2023-11-10 02:46:10.397 | INFO     | DSH:train:200 - [iter:18/50][code_length:64][mAP:0.69904][mAP_all:0.69458][best_mAP:0.69904]
2023-11-10 02:46:10.398 | INFO     | DSH:train:201 - [iter:18/50][code_length:64][zs_mAP:0.60716][zs_mAP_all:0.39514]
2023-11-10 02:48:31.212 | INFO     | DSH:train:125 - [epoch:1/1][loss:0.378240]
2023-11-10 02:48:31.213 | INFO     | DSH:train:128 - [iter:19/50][iter_time:140.81]
2023-11-10 02:57:48.797 | INFO     | DSH:train:200 - [iter:19/50][code_length:64][mAP:0.71729][mAP_all:0.71305][best_mAP:0.71729]
2023-11-10 02:57:48.798 | INFO     | DSH:train:201 - [iter:19/50][code_length:64][zs_mAP:0.61036][zs_mAP_all:0.41010]
2023-11-10 03:00:10.971 | INFO     | DSH:train:125 - [epoch:1/1][loss:0.373453]
2023-11-10 03:00:10.972 | INFO     | DSH:train:128 - [iter:20/50][iter_time:142.17]
2023-11-10 03:09:29.774 | INFO     | DSH:train:200 - [iter:20/50][code_length:64][mAP:0.72782][mAP_all:0.72384][best_mAP:0.72782]
2023-11-10 03:09:29.775 | INFO     | DSH:train:201 - [iter:20/50][code_length:64][zs_mAP:0.63858][zs_mAP_all:0.42127]
2023-11-10 03:11:50.104 | INFO     | DSH:train:125 - [epoch:1/1][loss:0.366685]
2023-11-10 03:11:50.105 | INFO     | DSH:train:128 - [iter:21/50][iter_time:140.33]
2023-11-10 03:21:07.702 | INFO     | DSH:train:200 - [iter:21/50][code_length:64][mAP:0.73209][mAP_all:0.72814][best_mAP:0.73209]
2023-11-10 03:21:07.703 | INFO     | DSH:train:201 - [iter:21/50][code_length:64][zs_mAP:0.64704][zs_mAP_all:0.42570]
2023-11-10 03:23:29.531 | INFO     | DSH:train:125 - [epoch:1/1][loss:0.361179]
2023-11-10 03:23:29.532 | INFO     | DSH:train:128 - [iter:22/50][iter_time:141.83]
2023-11-10 03:32:50.943 | INFO     | DSH:train:200 - [iter:22/50][code_length:64][mAP:0.73672][mAP_all:0.73312][best_mAP:0.73672]
2023-11-10 03:32:50.944 | INFO     | DSH:train:201 - [iter:22/50][code_length:64][zs_mAP:0.65691][zs_mAP_all:0.43414]
2023-11-10 03:35:13.535 | INFO     | DSH:train:125 - [epoch:1/1][loss:0.354975]
2023-11-10 03:35:13.536 | INFO     | DSH:train:128 - [iter:23/50][iter_time:142.59]
2023-11-10 03:44:31.165 | INFO     | DSH:train:200 - [iter:23/50][code_length:64][mAP:0.74758][mAP_all:0.74392][best_mAP:0.74758]
2023-11-10 03:44:31.166 | INFO     | DSH:train:201 - [iter:23/50][code_length:64][zs_mAP:0.64538][zs_mAP_all:0.43035]
2023-11-10 03:46:52.332 | INFO     | DSH:train:125 - [epoch:1/1][loss:0.352664]
2023-11-10 03:46:52.333 | INFO     | DSH:train:128 - [iter:24/50][iter_time:141.17]
2023-11-10 03:56:09.430 | INFO     | DSH:train:200 - [iter:24/50][code_length:64][mAP:0.75829][mAP_all:0.75484][best_mAP:0.75829]
2023-11-10 03:56:09.431 | INFO     | DSH:train:201 - [iter:24/50][code_length:64][zs_mAP:0.65503][zs_mAP_all:0.43234]
2023-11-10 03:58:28.924 | INFO     | DSH:train:125 - [epoch:1/1][loss:0.343689]
2023-11-10 03:58:28.925 | INFO     | DSH:train:128 - [iter:25/50][iter_time:139.49]
2023-11-10 04:07:47.068 | INFO     | DSH:train:200 - [iter:25/50][code_length:64][mAP:0.76086][mAP_all:0.75757][best_mAP:0.76086]
2023-11-10 04:07:47.069 | INFO     | DSH:train:201 - [iter:25/50][code_length:64][zs_mAP:0.65684][zs_mAP_all:0.45193]
2023-11-10 04:10:08.454 | INFO     | DSH:train:125 - [epoch:1/1][loss:0.340278]
2023-11-10 04:10:08.455 | INFO     | DSH:train:128 - [iter:26/50][iter_time:141.39]
2023-11-10 04:19:25.958 | INFO     | DSH:train:200 - [iter:26/50][code_length:64][mAP:0.77316][mAP_all:0.76956][best_mAP:0.77316]
2023-11-10 04:19:25.959 | INFO     | DSH:train:201 - [iter:26/50][code_length:64][zs_mAP:0.65521][zs_mAP_all:0.44079]
2023-11-10 04:21:49.354 | INFO     | DSH:train:125 - [epoch:1/1][loss:0.336467]
2023-11-10 04:21:49.355 | INFO     | DSH:train:128 - [iter:27/50][iter_time:143.40]
2023-11-10 04:31:09.087 | INFO     | DSH:train:200 - [iter:27/50][code_length:64][mAP:0.77585][mAP_all:0.77240][best_mAP:0.77585]
2023-11-10 04:31:09.088 | INFO     | DSH:train:201 - [iter:27/50][code_length:64][zs_mAP:0.67125][zs_mAP_all:0.44118]
2023-11-10 04:33:28.115 | INFO     | DSH:train:125 - [epoch:1/1][loss:0.335029]
2023-11-10 04:33:28.116 | INFO     | DSH:train:128 - [iter:28/50][iter_time:139.03]
2023-11-10 04:42:47.041 | INFO     | DSH:train:200 - [iter:28/50][code_length:64][mAP:0.78334][mAP_all:0.78019][best_mAP:0.78334]
2023-11-10 04:42:47.042 | INFO     | DSH:train:201 - [iter:28/50][code_length:64][zs_mAP:0.65944][zs_mAP_all:0.43269]
2023-11-10 04:45:07.047 | INFO     | DSH:train:125 - [epoch:1/1][loss:0.330883]
2023-11-10 04:45:07.047 | INFO     | DSH:train:128 - [iter:29/50][iter_time:140.01]
2023-11-10 04:54:26.630 | INFO     | DSH:train:200 - [iter:29/50][code_length:64][mAP:0.78524][mAP_all:0.78203][best_mAP:0.78524]
2023-11-10 04:54:26.632 | INFO     | DSH:train:201 - [iter:29/50][code_length:64][zs_mAP:0.66965][zs_mAP_all:0.44545]
2023-11-10 04:56:46.710 | INFO     | DSH:train:125 - [epoch:1/1][loss:0.327374]
2023-11-10 04:56:46.711 | INFO     | DSH:train:128 - [iter:30/50][iter_time:140.08]
2023-11-10 05:06:05.078 | INFO     | DSH:train:200 - [iter:30/50][code_length:64][mAP:0.78723][mAP_all:0.78423][best_mAP:0.78723]
2023-11-10 05:06:05.080 | INFO     | DSH:train:201 - [iter:30/50][code_length:64][zs_mAP:0.66839][zs_mAP_all:0.44097]
2023-11-10 05:08:29.146 | INFO     | DSH:train:125 - [epoch:1/1][loss:0.326209]
2023-11-10 05:08:29.147 | INFO     | DSH:train:128 - [iter:31/50][iter_time:144.07]
2023-11-10 05:17:47.955 | INFO     | DSH:train:200 - [iter:31/50][code_length:64][mAP:0.78994][mAP_all:0.78689][best_mAP:0.78994]
2023-11-10 05:17:47.956 | INFO     | DSH:train:201 - [iter:31/50][code_length:64][zs_mAP:0.66598][zs_mAP_all:0.42369]
2023-11-10 05:20:07.317 | INFO     | DSH:train:125 - [epoch:1/1][loss:0.321431]
2023-11-10 05:20:07.318 | INFO     | DSH:train:128 - [iter:32/50][iter_time:139.36]
2023-11-10 05:29:27.065 | INFO     | DSH:train:200 - [iter:32/50][code_length:64][mAP:0.79557][mAP_all:0.79283][best_mAP:0.79557]
2023-11-10 05:29:27.066 | INFO     | DSH:train:201 - [iter:32/50][code_length:64][zs_mAP:0.68123][zs_mAP_all:0.43976]
2023-11-10 05:31:45.466 | INFO     | DSH:train:125 - [epoch:1/1][loss:0.315097]
2023-11-10 05:31:45.467 | INFO     | DSH:train:128 - [iter:33/50][iter_time:138.40]
2023-11-10 05:41:04.534 | INFO     | DSH:train:200 - [iter:33/50][code_length:64][mAP:0.79813][mAP_all:0.79528][best_mAP:0.79813]
2023-11-10 05:41:04.536 | INFO     | DSH:train:201 - [iter:33/50][code_length:64][zs_mAP:0.65905][zs_mAP_all:0.43551]
2023-11-10 05:43:26.636 | INFO     | DSH:train:125 - [epoch:1/1][loss:0.316336]
2023-11-10 05:43:26.637 | INFO     | DSH:train:128 - [iter:34/50][iter_time:142.10]
2023-11-10 05:52:46.021 | INFO     | DSH:train:200 - [iter:34/50][code_length:64][mAP:0.79689][mAP_all:0.79409][best_mAP:0.79813]
2023-11-10 05:52:46.021 | INFO     | DSH:train:201 - [iter:34/50][code_length:64][zs_mAP:0.65644][zs_mAP_all:0.42421]
2023-11-10 05:55:06.472 | INFO     | DSH:train:125 - [epoch:1/1][loss:0.312008]
2023-11-10 05:55:06.473 | INFO     | DSH:train:128 - [iter:35/50][iter_time:140.45]
2023-11-10 06:04:24.867 | INFO     | DSH:train:200 - [iter:35/50][code_length:64][mAP:0.80610][mAP_all:0.80351][best_mAP:0.80610]
2023-11-10 06:04:24.868 | INFO     | DSH:train:201 - [iter:35/50][code_length:64][zs_mAP:0.66845][zs_mAP_all:0.41748]
2023-11-10 06:06:42.964 | INFO     | DSH:train:125 - [epoch:1/1][loss:0.308532]
2023-11-10 06:06:42.965 | INFO     | DSH:train:128 - [iter:36/50][iter_time:138.10]
2023-11-10 06:16:03.744 | INFO     | DSH:train:200 - [iter:36/50][code_length:64][mAP:0.80687][mAP_all:0.80408][best_mAP:0.80687]
2023-11-10 06:16:03.744 | INFO     | DSH:train:201 - [iter:36/50][code_length:64][zs_mAP:0.65530][zs_mAP_all:0.40442]
2023-11-10 06:18:25.264 | INFO     | DSH:train:125 - [epoch:1/1][loss:0.306328]
2023-11-10 06:18:25.265 | INFO     | DSH:train:128 - [iter:37/50][iter_time:141.52]
2023-11-10 06:27:46.260 | INFO     | DSH:train:200 - [iter:37/50][code_length:64][mAP:0.81105][mAP_all:0.80832][best_mAP:0.81105]
2023-11-10 06:27:46.261 | INFO     | DSH:train:201 - [iter:37/50][code_length:64][zs_mAP:0.64786][zs_mAP_all:0.40102]
2023-11-10 06:30:04.977 | INFO     | DSH:train:125 - [epoch:1/1][loss:0.304958]
2023-11-10 06:30:04.978 | INFO     | DSH:train:128 - [iter:38/50][iter_time:138.72]
2023-11-10 06:39:23.407 | INFO     | DSH:train:200 - [iter:38/50][code_length:64][mAP:0.81283][mAP_all:0.81012][best_mAP:0.81283]
2023-11-10 06:39:23.408 | INFO     | DSH:train:201 - [iter:38/50][code_length:64][zs_mAP:0.67395][zs_mAP_all:0.43746]
2023-11-10 06:41:42.210 | INFO     | DSH:train:125 - [epoch:1/1][loss:0.302030]
2023-11-10 06:41:42.211 | INFO     | DSH:train:128 - [iter:39/50][iter_time:138.80]
2023-11-10 06:51:00.332 | INFO     | DSH:train:200 - [iter:39/50][code_length:64][mAP:0.81534][mAP_all:0.81259][best_mAP:0.81534]
2023-11-10 06:51:00.333 | INFO     | DSH:train:201 - [iter:39/50][code_length:64][zs_mAP:0.66077][zs_mAP_all:0.42121]
2023-11-10 06:53:19.515 | INFO     | DSH:train:125 - [epoch:1/1][loss:0.297687]
2023-11-10 06:53:19.517 | INFO     | DSH:train:128 - [iter:40/50][iter_time:139.18]
2023-11-10 07:02:39.196 | INFO     | DSH:train:200 - [iter:40/50][code_length:64][mAP:0.81845][mAP_all:0.81555][best_mAP:0.81845]
2023-11-10 07:02:39.197 | INFO     | DSH:train:201 - [iter:40/50][code_length:64][zs_mAP:0.65158][zs_mAP_all:0.41285]
2023-11-10 07:04:58.295 | INFO     | DSH:train:125 - [epoch:1/1][loss:0.295350]
2023-11-10 07:04:58.296 | INFO     | DSH:train:128 - [iter:41/50][iter_time:139.10]
2023-11-10 07:14:16.093 | INFO     | DSH:train:200 - [iter:41/50][code_length:64][mAP:0.81944][mAP_all:0.81691][best_mAP:0.81944]
2023-11-10 07:14:16.094 | INFO     | DSH:train:201 - [iter:41/50][code_length:64][zs_mAP:0.67130][zs_mAP_all:0.40742]
2023-11-10 07:16:36.415 | INFO     | DSH:train:125 - [epoch:1/1][loss:0.293021]
2023-11-10 07:16:36.416 | INFO     | DSH:train:128 - [iter:42/50][iter_time:140.32]
2023-11-10 07:25:55.408 | INFO     | DSH:train:200 - [iter:42/50][code_length:64][mAP:0.82130][mAP_all:0.81879][best_mAP:0.82130]
2023-11-10 07:25:55.409 | INFO     | DSH:train:201 - [iter:42/50][code_length:64][zs_mAP:0.66711][zs_mAP_all:0.40983]
2023-11-10 07:28:15.459 | INFO     | DSH:train:125 - [epoch:1/1][loss:0.290304]
2023-11-10 07:28:15.460 | INFO     | DSH:train:128 - [iter:43/50][iter_time:140.05]
2023-11-10 07:37:34.926 | INFO     | DSH:train:200 - [iter:43/50][code_length:64][mAP:0.82038][mAP_all:0.81803][best_mAP:0.82130]
2023-11-10 07:37:34.927 | INFO     | DSH:train:201 - [iter:43/50][code_length:64][zs_mAP:0.65175][zs_mAP_all:0.39653]
2023-11-10 07:39:56.329 | INFO     | DSH:train:125 - [epoch:1/1][loss:0.289863]
2023-11-10 07:39:56.330 | INFO     | DSH:train:128 - [iter:44/50][iter_time:141.40]
2023-11-10 07:49:13.909 | INFO     | DSH:train:200 - [iter:44/50][code_length:64][mAP:0.82742][mAP_all:0.82522][best_mAP:0.82742]
2023-11-10 07:49:13.910 | INFO     | DSH:train:201 - [iter:44/50][code_length:64][zs_mAP:0.66523][zs_mAP_all:0.39694]
2023-11-10 07:51:34.263 | INFO     | DSH:train:125 - [epoch:1/1][loss:0.288333]
2023-11-10 07:51:34.264 | INFO     | DSH:train:128 - [iter:45/50][iter_time:140.35]
2023-11-10 08:00:51.986 | INFO     | DSH:train:200 - [iter:45/50][code_length:64][mAP:0.82260][mAP_all:0.82022][best_mAP:0.82742]
2023-11-10 08:00:51.986 | INFO     | DSH:train:201 - [iter:45/50][code_length:64][zs_mAP:0.64060][zs_mAP_all:0.39027]
2023-11-10 08:03:12.629 | INFO     | DSH:train:125 - [epoch:1/1][loss:0.285045]
2023-11-10 08:03:12.630 | INFO     | DSH:train:128 - [iter:46/50][iter_time:140.64]
2023-11-10 08:12:28.641 | INFO     | DSH:train:200 - [iter:46/50][code_length:64][mAP:0.82537][mAP_all:0.82302][best_mAP:0.82742]
2023-11-10 08:12:28.642 | INFO     | DSH:train:201 - [iter:46/50][code_length:64][zs_mAP:0.63565][zs_mAP_all:0.40114]
2023-11-10 08:14:48.965 | INFO     | DSH:train:125 - [epoch:1/1][loss:0.280655]
2023-11-10 08:14:48.967 | INFO     | DSH:train:128 - [iter:47/50][iter_time:140.32]
2023-11-10 08:24:06.288 | INFO     | DSH:train:200 - [iter:47/50][code_length:64][mAP:0.82484][mAP_all:0.82243][best_mAP:0.82742]
2023-11-10 08:24:06.289 | INFO     | DSH:train:201 - [iter:47/50][code_length:64][zs_mAP:0.65173][zs_mAP_all:0.39790]
2023-11-10 08:26:26.330 | INFO     | DSH:train:125 - [epoch:1/1][loss:0.277890]
2023-11-10 08:26:26.332 | INFO     | DSH:train:128 - [iter:48/50][iter_time:140.04]
2023-11-10 08:35:45.764 | INFO     | DSH:train:200 - [iter:48/50][code_length:64][mAP:0.82701][mAP_all:0.82466][best_mAP:0.82742]
2023-11-10 08:35:45.765 | INFO     | DSH:train:201 - [iter:48/50][code_length:64][zs_mAP:0.64147][zs_mAP_all:0.39266]
2023-11-10 08:38:06.561 | INFO     | DSH:train:125 - [epoch:1/1][loss:0.281467]
2023-11-10 08:38:06.562 | INFO     | DSH:train:128 - [iter:49/50][iter_time:140.80]
2023-11-10 08:47:26.260 | INFO     | DSH:train:200 - [iter:49/50][code_length:64][mAP:0.82730][mAP_all:0.82492][best_mAP:0.82742]
2023-11-10 08:47:26.260 | INFO     | DSH:train:201 - [iter:49/50][code_length:64][zs_mAP:0.65617][zs_mAP_all:0.38420]
2023-11-10 08:49:46.486 | INFO     | DSH:train:125 - [epoch:1/1][loss:0.279257]
2023-11-10 08:49:46.488 | INFO     | DSH:train:128 - [iter:50/50][iter_time:140.23]
2023-11-10 08:59:06.857 | INFO     | DSH:train:200 - [iter:50/50][code_length:64][mAP:0.82870][mAP_all:0.82664][best_mAP:0.82870]
2023-11-10 08:59:06.859 | INFO     | DSH:train:201 - [iter:50/50][code_length:64][zs_mAP:0.66615][zs_mAP_all:0.38885]
2023-11-10 08:59:06.859 | INFO     | DSH:train:204 - [Training time:35277.51]
2023-11-10 08:59:06.862 | INFO     | __main__:run:126 - [code_length:64][map:0.8287][map_all:0.8266][zs_map:0.6662][zs_map_all:0.3888]
