2024-08-22 21:07:35.824 | SUCCESS  | __main__:run:53 - Namespace(dataset='imagenetzs', root='/data1/dataset/ImageNet/ILSVRC', batch_size=16, lr=0.001, wd=0.0001, optim='SGD', code_length=[16, 32, 64], max_iter=50, max_epoch=1, num_query=1000, num_samples=9750, num_workers=2, topk=1000, gpu=0, gamma=200, info='imagenetzs-25-75-agmh-08-22-16,32,64-tanh1', arch='agmh', net='ResNet', save_ckpt='checkpoints/', lr_step=[45], align_step=50, pretrain=True, quan_loss=False, lambd_sp=0.1, lambd_ch=0.1, lambd=0.1, momen=0.9, nesterov=False, num_classes=75, val_freq=5, cauchy_gamma=20.0, margin=0.1, num_zs=25, epoch_change=11, ZS=25, flag='agmh', data='imagenetzs', device=device(type='cuda', index=0))
2024-08-22 21:09:39.415 | INFO     | AGMH:train:145 - [epoch:1/1][cnn_loss:2.887891][hash_loss:2.635560][quan_loss:0.245825][feat_loss:0.006506]
2024-08-22 21:09:39.418 | INFO     | AGMH:train:153 - [iter:1/50][iter_time:114.67]
2024-08-22 21:11:31.829 | INFO     | AGMH:train:145 - [epoch:1/1][cnn_loss:2.726043][hash_loss:2.502547][quan_loss:0.217601][feat_loss:0.005894]
2024-08-22 21:11:31.832 | INFO     | AGMH:train:153 - [iter:2/50][iter_time:112.41]
2024-08-22 21:13:24.637 | INFO     | AGMH:train:145 - [epoch:1/1][cnn_loss:2.567147][hash_loss:2.367297][quan_loss:0.192019][feat_loss:0.007831]
2024-08-22 21:13:24.640 | INFO     | AGMH:train:153 - [iter:3/50][iter_time:112.81]
2024-08-22 21:15:17.088 | INFO     | AGMH:train:145 - [epoch:1/1][cnn_loss:2.512100][hash_loss:2.319487][quan_loss:0.183997][feat_loss:0.008616]
2024-08-22 21:15:17.091 | INFO     | AGMH:train:153 - [iter:4/50][iter_time:112.45]
2024-08-22 21:17:07.710 | INFO     | AGMH:train:145 - [epoch:1/1][cnn_loss:2.489817][hash_loss:2.299617][quan_loss:0.181257][feat_loss:0.008942]
2024-08-22 21:17:07.713 | INFO     | AGMH:train:153 - [iter:5/50][iter_time:110.62]
2024-08-22 21:24:48.127 | INFO     | AGMH:train:231 - [iter:5/50][code_length:16][mAP:0.78171][mAP_all:0.76656][best_mAP:0.78171]
2024-08-22 21:24:48.127 | INFO     | AGMH:train:232 - [iter:5/50][code_length:16][zs_mAP:0.24219][zs_mAP_all:0.13187]
2024-08-22 21:26:38.873 | INFO     | AGMH:train:145 - [epoch:1/1][cnn_loss:2.466069][hash_loss:2.277907][quan_loss:0.178997][feat_loss:0.009166]
2024-08-22 21:26:38.876 | INFO     | AGMH:train:153 - [iter:6/50][iter_time:110.75]
2024-08-22 21:28:26.038 | INFO     | AGMH:train:145 - [epoch:1/1][cnn_loss:2.453927][hash_loss:2.266682][quan_loss:0.178087][feat_loss:0.009157]
2024-08-22 21:28:26.041 | INFO     | AGMH:train:153 - [iter:7/50][iter_time:107.16]
2024-08-22 21:30:13.097 | INFO     | AGMH:train:145 - [epoch:1/1][cnn_loss:2.438910][hash_loss:2.253050][quan_loss:0.176834][feat_loss:0.009025]
2024-08-22 21:30:13.101 | INFO     | AGMH:train:153 - [iter:8/50][iter_time:107.06]
2024-08-22 21:32:01.876 | INFO     | AGMH:train:145 - [epoch:1/1][cnn_loss:2.423326][hash_loss:2.239748][quan_loss:0.175778][feat_loss:0.007801]
2024-08-22 21:32:01.879 | INFO     | AGMH:train:153 - [iter:9/50][iter_time:108.78]
2024-08-22 21:33:50.548 | INFO     | AGMH:train:145 - [epoch:1/1][cnn_loss:2.414739][hash_loss:2.232687][quan_loss:0.175422][feat_loss:0.006629]
2024-08-22 21:33:50.553 | INFO     | AGMH:train:153 - [iter:10/50][iter_time:108.67]
2024-08-22 21:41:11.828 | INFO     | AGMH:train:231 - [iter:10/50][code_length:16][mAP:0.83236][mAP_all:0.81292][best_mAP:0.83236]
2024-08-22 21:41:11.828 | INFO     | AGMH:train:232 - [iter:10/50][code_length:16][zs_mAP:0.26671][zs_mAP_all:0.14532]
2024-08-22 21:43:00.462 | INFO     | AGMH:train:145 - [epoch:1/1][cnn_loss:2.398068][hash_loss:2.218195][quan_loss:0.173999][feat_loss:0.005874]
2024-08-22 21:43:00.464 | INFO     | AGMH:train:153 - [iter:11/50][iter_time:108.64]
2024-08-22 21:44:50.187 | INFO     | AGMH:train:145 - [epoch:1/1][cnn_loss:2.389624][hash_loss:2.211206][quan_loss:0.173273][feat_loss:0.005145]
2024-08-22 21:44:50.190 | INFO     | AGMH:train:153 - [iter:12/50][iter_time:109.73]
2024-08-22 21:46:38.989 | INFO     | AGMH:train:145 - [epoch:1/1][cnn_loss:2.381806][hash_loss:2.204679][quan_loss:0.172582][feat_loss:0.004545]
2024-08-22 21:46:38.992 | INFO     | AGMH:train:153 - [iter:13/50][iter_time:108.80]
2024-08-22 21:48:28.239 | INFO     | AGMH:train:145 - [epoch:1/1][cnn_loss:2.373349][hash_loss:2.197467][quan_loss:0.171810][feat_loss:0.004072]
2024-08-22 21:48:28.241 | INFO     | AGMH:train:153 - [iter:14/50][iter_time:109.25]
2024-08-22 21:50:17.016 | INFO     | AGMH:train:145 - [epoch:1/1][cnn_loss:2.367185][hash_loss:2.192814][quan_loss:0.171335][feat_loss:0.003035]
2024-08-22 21:50:17.019 | INFO     | AGMH:train:153 - [iter:15/50][iter_time:108.78]
2024-08-22 21:57:42.128 | INFO     | AGMH:train:231 - [iter:15/50][code_length:16][mAP:0.85112][mAP_all:0.83606][best_mAP:0.85112]
2024-08-22 21:57:42.128 | INFO     | AGMH:train:232 - [iter:15/50][code_length:16][zs_mAP:0.26423][zs_mAP_all:0.15700]
2024-08-22 21:59:31.076 | INFO     | AGMH:train:145 - [epoch:1/1][cnn_loss:2.359146][hash_loss:2.186262][quan_loss:0.170584][feat_loss:0.002300]
2024-08-22 21:59:31.079 | INFO     | AGMH:train:153 - [iter:16/50][iter_time:108.95]
2024-08-22 22:01:19.599 | INFO     | AGMH:train:145 - [epoch:1/1][cnn_loss:2.352002][hash_loss:2.180347][quan_loss:0.169618][feat_loss:0.002038]
2024-08-22 22:01:19.602 | INFO     | AGMH:train:153 - [iter:17/50][iter_time:108.52]
2024-08-22 22:03:09.255 | INFO     | AGMH:train:145 - [epoch:1/1][cnn_loss:2.347140][hash_loss:2.176342][quan_loss:0.169336][feat_loss:0.001462]
2024-08-22 22:03:09.259 | INFO     | AGMH:train:153 - [iter:18/50][iter_time:109.66]
2024-08-22 22:04:56.495 | INFO     | AGMH:train:145 - [epoch:1/1][cnn_loss:2.342016][hash_loss:2.172293][quan_loss:0.168698][feat_loss:0.001025]
2024-08-22 22:04:56.498 | INFO     | AGMH:train:153 - [iter:19/50][iter_time:107.24]
2024-08-22 22:06:41.062 | INFO     | AGMH:train:145 - [epoch:1/1][cnn_loss:2.337956][hash_loss:2.168786][quan_loss:0.168254][feat_loss:0.000915]
2024-08-22 22:06:41.065 | INFO     | AGMH:train:153 - [iter:20/50][iter_time:104.57]
2024-08-22 22:14:10.774 | INFO     | AGMH:train:231 - [iter:20/50][code_length:16][mAP:0.86065][mAP_all:0.84627][best_mAP:0.86065]
2024-08-22 22:14:10.774 | INFO     | AGMH:train:232 - [iter:20/50][code_length:16][zs_mAP:0.30246][zs_mAP_all:0.18185]
2024-08-22 22:16:00.477 | INFO     | AGMH:train:145 - [epoch:1/1][cnn_loss:2.333809][hash_loss:2.165057][quan_loss:0.167823][feat_loss:0.000929]
2024-08-22 22:16:00.480 | INFO     | AGMH:train:153 - [iter:21/50][iter_time:109.71]
2024-08-22 22:17:49.232 | INFO     | AGMH:train:145 - [epoch:1/1][cnn_loss:2.330972][hash_loss:2.162679][quan_loss:0.167457][feat_loss:0.000837]
2024-08-22 22:17:49.235 | INFO     | AGMH:train:153 - [iter:22/50][iter_time:108.75]
2024-08-22 22:19:36.056 | INFO     | AGMH:train:145 - [epoch:1/1][cnn_loss:2.328912][hash_loss:2.160823][quan_loss:0.167248][feat_loss:0.000842]
2024-08-22 22:19:36.059 | INFO     | AGMH:train:153 - [iter:23/50][iter_time:106.82]
2024-08-22 22:21:24.916 | INFO     | AGMH:train:145 - [epoch:1/1][cnn_loss:2.318419][hash_loss:2.151689][quan_loss:0.165886][feat_loss:0.000843]
2024-08-22 22:21:24.921 | INFO     | AGMH:train:153 - [iter:24/50][iter_time:108.86]
2024-08-22 22:23:13.729 | INFO     | AGMH:train:145 - [epoch:1/1][cnn_loss:2.320983][hash_loss:2.153918][quan_loss:0.166253][feat_loss:0.000811]
2024-08-22 22:23:13.732 | INFO     | AGMH:train:153 - [iter:25/50][iter_time:108.81]
2024-08-22 22:30:27.860 | INFO     | AGMH:train:231 - [iter:25/50][code_length:16][mAP:0.86653][mAP_all:0.85411][best_mAP:0.86653]
2024-08-22 22:30:27.860 | INFO     | AGMH:train:232 - [iter:25/50][code_length:16][zs_mAP:0.28058][zs_mAP_all:0.16956]
2024-08-22 22:32:17.259 | INFO     | AGMH:train:145 - [epoch:1/1][cnn_loss:2.317697][hash_loss:2.151106][quan_loss:0.165812][feat_loss:0.000779]
2024-08-22 22:32:17.263 | INFO     | AGMH:train:153 - [iter:26/50][iter_time:109.40]
2024-08-22 22:34:06.458 | INFO     | AGMH:train:145 - [epoch:1/1][cnn_loss:2.313114][hash_loss:2.147160][quan_loss:0.165175][feat_loss:0.000779]
2024-08-22 22:34:06.461 | INFO     | AGMH:train:153 - [iter:27/50][iter_time:109.20]
2024-08-22 22:35:55.461 | INFO     | AGMH:train:145 - [epoch:1/1][cnn_loss:2.313797][hash_loss:2.147773][quan_loss:0.165326][feat_loss:0.000698]
2024-08-22 22:35:55.465 | INFO     | AGMH:train:153 - [iter:28/50][iter_time:109.00]
2024-08-22 22:37:43.583 | INFO     | AGMH:train:145 - [epoch:1/1][cnn_loss:2.309326][hash_loss:2.144029][quan_loss:0.164670][feat_loss:0.000626]
2024-08-22 22:37:43.586 | INFO     | AGMH:train:153 - [iter:29/50][iter_time:108.12]
2024-08-22 22:39:33.117 | INFO     | AGMH:train:145 - [epoch:1/1][cnn_loss:2.308157][hash_loss:2.142948][quan_loss:0.164572][feat_loss:0.000637]
2024-08-22 22:39:33.120 | INFO     | AGMH:train:153 - [iter:30/50][iter_time:109.53]
2024-08-22 22:47:15.371 | INFO     | AGMH:train:231 - [iter:30/50][code_length:16][mAP:0.86786][mAP_all:0.85629][best_mAP:0.86786]
2024-08-22 22:47:15.372 | INFO     | AGMH:train:232 - [iter:30/50][code_length:16][zs_mAP:0.28287][zs_mAP_all:0.17185]
2024-08-22 22:49:04.501 | INFO     | AGMH:train:145 - [epoch:1/1][cnn_loss:2.306148][hash_loss:2.141159][quan_loss:0.164386][feat_loss:0.000603]
2024-08-22 22:49:04.504 | INFO     | AGMH:train:153 - [iter:31/50][iter_time:109.13]
2024-08-22 22:50:53.051 | INFO     | AGMH:train:145 - [epoch:1/1][cnn_loss:2.298945][hash_loss:2.135054][quan_loss:0.163313][feat_loss:0.000577]
2024-08-22 22:50:53.054 | INFO     | AGMH:train:153 - [iter:32/50][iter_time:108.55]
2024-08-22 22:52:41.597 | INFO     | AGMH:train:145 - [epoch:1/1][cnn_loss:2.302741][hash_loss:2.138288][quan_loss:0.163931][feat_loss:0.000522]
2024-08-22 22:52:41.600 | INFO     | AGMH:train:153 - [iter:33/50][iter_time:108.54]
2024-08-22 22:54:30.525 | INFO     | AGMH:train:145 - [epoch:1/1][cnn_loss:2.298916][hash_loss:2.135090][quan_loss:0.163338][feat_loss:0.000487]
2024-08-22 22:54:30.528 | INFO     | AGMH:train:153 - [iter:34/50][iter_time:108.93]
2024-08-22 22:56:19.448 | INFO     | AGMH:train:145 - [epoch:1/1][cnn_loss:2.298418][hash_loss:2.134707][quan_loss:0.163290][feat_loss:0.000421]
2024-08-22 22:56:19.451 | INFO     | AGMH:train:153 - [iter:35/50][iter_time:108.92]
2024-08-22 23:04:00.652 | INFO     | AGMH:train:231 - [iter:35/50][code_length:16][mAP:0.86308][mAP_all:0.85135][best_mAP:0.86786]
2024-08-22 23:04:00.653 | INFO     | AGMH:train:232 - [iter:35/50][code_length:16][zs_mAP:0.29469][zs_mAP_all:0.17646]
2024-08-22 23:05:50.203 | INFO     | AGMH:train:145 - [epoch:1/1][cnn_loss:2.296059][hash_loss:2.132657][quan_loss:0.162948][feat_loss:0.000454]
2024-08-22 23:05:50.206 | INFO     | AGMH:train:153 - [iter:36/50][iter_time:109.55]
2024-08-22 23:13:13.000 | INFO     | AGMH:train:231 - [iter:36/50][code_length:16][mAP:0.86466][mAP_all:0.85345][best_mAP:0.86786]
2024-08-22 23:13:13.001 | INFO     | AGMH:train:232 - [iter:36/50][code_length:16][zs_mAP:0.28375][zs_mAP_all:0.16766]
2024-08-22 23:15:01.980 | INFO     | AGMH:train:145 - [epoch:1/1][cnn_loss:2.293595][hash_loss:2.130526][quan_loss:0.162586][feat_loss:0.000483]
2024-08-22 23:15:01.983 | INFO     | AGMH:train:153 - [iter:37/50][iter_time:108.98]
2024-08-22 23:22:15.080 | INFO     | AGMH:train:231 - [iter:37/50][code_length:16][mAP:0.87121][mAP_all:0.85839][best_mAP:0.87121]
2024-08-22 23:22:15.081 | INFO     | AGMH:train:232 - [iter:37/50][code_length:16][zs_mAP:0.28055][zs_mAP_all:0.16862]
2024-08-22 23:24:03.694 | INFO     | AGMH:train:145 - [epoch:1/1][cnn_loss:2.292770][hash_loss:2.129832][quan_loss:0.162516][feat_loss:0.000423]
2024-08-22 23:24:03.697 | INFO     | AGMH:train:153 - [iter:38/50][iter_time:108.62]
2024-08-22 23:31:21.208 | INFO     | AGMH:train:231 - [iter:38/50][code_length:16][mAP:0.86506][mAP_all:0.85406][best_mAP:0.87121]
2024-08-22 23:31:21.209 | INFO     | AGMH:train:232 - [iter:38/50][code_length:16][zs_mAP:0.28109][zs_mAP_all:0.17437]
2024-08-22 23:33:10.703 | INFO     | AGMH:train:145 - [epoch:1/1][cnn_loss:2.294599][hash_loss:2.131361][quan_loss:0.162821][feat_loss:0.000417]
2024-08-22 23:33:10.706 | INFO     | AGMH:train:153 - [iter:39/50][iter_time:109.50]
2024-08-22 23:40:25.340 | INFO     | AGMH:train:231 - [iter:39/50][code_length:16][mAP:0.87003][mAP_all:0.86011][best_mAP:0.87121]
2024-08-22 23:40:25.341 | INFO     | AGMH:train:232 - [iter:39/50][code_length:16][zs_mAP:0.28035][zs_mAP_all:0.16270]
2024-08-22 23:42:13.884 | INFO     | AGMH:train:145 - [epoch:1/1][cnn_loss:2.292091][hash_loss:2.129308][quan_loss:0.162391][feat_loss:0.000392]
2024-08-22 23:42:13.887 | INFO     | AGMH:train:153 - [iter:40/50][iter_time:108.55]
2024-08-22 23:49:29.650 | INFO     | AGMH:train:231 - [iter:40/50][code_length:16][mAP:0.86976][mAP_all:0.85900][best_mAP:0.87121]
2024-08-22 23:49:29.651 | INFO     | AGMH:train:232 - [iter:40/50][code_length:16][zs_mAP:0.27807][zs_mAP_all:0.16425]
2024-08-22 23:51:19.309 | INFO     | AGMH:train:145 - [epoch:1/1][cnn_loss:2.291043][hash_loss:2.128449][quan_loss:0.162237][feat_loss:0.000357]
2024-08-22 23:51:19.312 | INFO     | AGMH:train:153 - [iter:41/50][iter_time:109.66]
2024-08-22 23:58:30.331 | INFO     | AGMH:train:231 - [iter:41/50][code_length:16][mAP:0.86233][mAP_all:0.85177][best_mAP:0.87121]
2024-08-22 23:58:30.332 | INFO     | AGMH:train:232 - [iter:41/50][code_length:16][zs_mAP:0.28210][zs_mAP_all:0.16792]
2024-08-23 00:00:15.942 | INFO     | AGMH:train:145 - [epoch:1/1][cnn_loss:2.289808][hash_loss:2.127399][quan_loss:0.162068][feat_loss:0.000341]
2024-08-23 00:00:15.945 | INFO     | AGMH:train:153 - [iter:42/50][iter_time:105.61]
2024-08-23 00:07:35.806 | INFO     | AGMH:train:231 - [iter:42/50][code_length:16][mAP:0.86953][mAP_all:0.85833][best_mAP:0.87121]
2024-08-23 00:07:35.807 | INFO     | AGMH:train:232 - [iter:42/50][code_length:16][zs_mAP:0.28169][zs_mAP_all:0.16935]
2024-08-23 00:09:25.216 | INFO     | AGMH:train:145 - [epoch:1/1][cnn_loss:2.288803][hash_loss:2.126538][quan_loss:0.161961][feat_loss:0.000305]
2024-08-23 00:09:25.219 | INFO     | AGMH:train:153 - [iter:43/50][iter_time:109.41]
2024-08-23 00:16:46.706 | INFO     | AGMH:train:231 - [iter:43/50][code_length:16][mAP:0.86514][mAP_all:0.85473][best_mAP:0.87121]
2024-08-23 00:16:46.706 | INFO     | AGMH:train:232 - [iter:43/50][code_length:16][zs_mAP:0.27938][zs_mAP_all:0.16662]
2024-08-23 00:18:36.265 | INFO     | AGMH:train:145 - [epoch:1/1][cnn_loss:2.282729][hash_loss:2.121369][quan_loss:0.161071][feat_loss:0.000289]
2024-08-23 00:18:36.268 | INFO     | AGMH:train:153 - [iter:44/50][iter_time:109.56]
2024-08-23 00:25:48.861 | INFO     | AGMH:train:231 - [iter:44/50][code_length:16][mAP:0.86224][mAP_all:0.85253][best_mAP:0.87121]
2024-08-23 00:25:48.862 | INFO     | AGMH:train:232 - [iter:44/50][code_length:16][zs_mAP:0.27322][zs_mAP_all:0.16181]
2024-08-23 00:27:38.076 | INFO     | AGMH:train:145 - [epoch:1/1][cnn_loss:2.285555][hash_loss:2.123738][quan_loss:0.161529][feat_loss:0.000288]
2024-08-23 00:27:38.084 | INFO     | AGMH:train:153 - [iter:45/50][iter_time:109.22]
2024-08-23 00:34:56.277 | INFO     | AGMH:train:231 - [iter:45/50][code_length:16][mAP:0.86784][mAP_all:0.85828][best_mAP:0.87121]
2024-08-23 00:34:56.278 | INFO     | AGMH:train:232 - [iter:45/50][code_length:16][zs_mAP:0.26375][zs_mAP_all:0.14751]
2024-08-23 00:36:46.050 | INFO     | AGMH:train:145 - [epoch:1/1][cnn_loss:2.277717][hash_loss:2.116660][quan_loss:0.160760][feat_loss:0.000297]
2024-08-23 00:36:46.053 | INFO     | AGMH:train:153 - [iter:46/50][iter_time:109.77]
2024-08-23 00:44:03.832 | INFO     | AGMH:train:231 - [iter:46/50][code_length:16][mAP:0.86931][mAP_all:0.85878][best_mAP:0.87121]
2024-08-23 00:44:03.832 | INFO     | AGMH:train:232 - [iter:46/50][code_length:16][zs_mAP:0.27032][zs_mAP_all:0.15077]
2024-08-23 00:45:53.350 | INFO     | AGMH:train:145 - [epoch:1/1][cnn_loss:2.273996][hash_loss:2.113530][quan_loss:0.160190][feat_loss:0.000275]
2024-08-23 00:45:53.353 | INFO     | AGMH:train:153 - [iter:47/50][iter_time:109.52]
2024-08-23 00:53:28.993 | INFO     | AGMH:train:231 - [iter:47/50][code_length:16][mAP:0.86876][mAP_all:0.86000][best_mAP:0.87121]
2024-08-23 00:53:28.993 | INFO     | AGMH:train:232 - [iter:47/50][code_length:16][zs_mAP:0.27364][zs_mAP_all:0.15772]
2024-08-23 00:55:18.084 | INFO     | AGMH:train:145 - [epoch:1/1][cnn_loss:2.277557][hash_loss:2.116462][quan_loss:0.160828][feat_loss:0.000267]
2024-08-23 00:55:18.087 | INFO     | AGMH:train:153 - [iter:48/50][iter_time:109.09]
2024-08-23 01:02:56.076 | INFO     | AGMH:train:231 - [iter:48/50][code_length:16][mAP:0.87053][mAP_all:0.86175][best_mAP:0.87121]
2024-08-23 01:02:56.077 | INFO     | AGMH:train:232 - [iter:48/50][code_length:16][zs_mAP:0.26765][zs_mAP_all:0.15480]
2024-08-23 01:04:45.588 | INFO     | AGMH:train:145 - [epoch:1/1][cnn_loss:2.273236][hash_loss:2.112779][quan_loss:0.160201][feat_loss:0.000256]
2024-08-23 01:04:45.591 | INFO     | AGMH:train:153 - [iter:49/50][iter_time:109.51]
2024-08-23 01:12:15.469 | INFO     | AGMH:train:231 - [iter:49/50][code_length:16][mAP:0.87124][mAP_all:0.86245][best_mAP:0.87124]
2024-08-23 01:12:15.469 | INFO     | AGMH:train:232 - [iter:49/50][code_length:16][zs_mAP:0.27539][zs_mAP_all:0.15926]
2024-08-23 01:14:04.901 | INFO     | AGMH:train:145 - [epoch:1/1][cnn_loss:2.275444][hash_loss:2.114615][quan_loss:0.160560][feat_loss:0.000269]
2024-08-23 01:14:04.904 | INFO     | AGMH:train:153 - [iter:50/50][iter_time:109.43]
2024-08-23 01:21:33.653 | INFO     | AGMH:train:231 - [iter:50/50][code_length:16][mAP:0.86870][mAP_all:0.86045][best_mAP:0.87124]
2024-08-23 01:21:33.653 | INFO     | AGMH:train:232 - [iter:50/50][code_length:16][zs_mAP:0.27141][zs_mAP_all:0.15406]
2024-08-23 01:21:33.653 | INFO     | AGMH:train:234 - [Training time:15228.91]
2024-08-23 01:21:33.662 | INFO     | __main__:run:135 - [code_length:16][map:0.8712][map_all:0.8625][zs_map:0.2754][zs_map_all:0.1593]
2024-08-23 01:23:24.361 | INFO     | AGMH:train:145 - [epoch:1/1][cnn_loss:5.490568][hash_loss:5.237133][quan_loss:0.246222][feat_loss:0.007213]
2024-08-23 01:23:24.366 | INFO     | AGMH:train:153 - [iter:1/50][iter_time:110.06]
2024-08-23 01:25:15.176 | INFO     | AGMH:train:145 - [epoch:1/1][cnn_loss:4.727036][hash_loss:4.526147][quan_loss:0.192079][feat_loss:0.008810]
2024-08-23 01:25:15.182 | INFO     | AGMH:train:153 - [iter:2/50][iter_time:110.82]
2024-08-23 01:27:05.630 | INFO     | AGMH:train:145 - [epoch:1/1][cnn_loss:4.175961][hash_loss:4.007414][quan_loss:0.156052][feat_loss:0.012494]
2024-08-23 01:27:05.634 | INFO     | AGMH:train:153 - [iter:3/50][iter_time:110.45]
2024-08-23 01:28:55.825 | INFO     | AGMH:train:145 - [epoch:1/1][cnn_loss:4.002299][hash_loss:3.841579][quan_loss:0.146760][feat_loss:0.013960]
2024-08-23 01:28:55.831 | INFO     | AGMH:train:153 - [iter:4/50][iter_time:110.20]
2024-08-23 01:30:46.192 | INFO     | AGMH:train:145 - [epoch:1/1][cnn_loss:3.933568][hash_loss:3.774613][quan_loss:0.143241][feat_loss:0.015714]
2024-08-23 01:30:46.201 | INFO     | AGMH:train:153 - [iter:5/50][iter_time:110.37]
2024-08-23 01:38:26.034 | INFO     | AGMH:train:231 - [iter:5/50][code_length:32][mAP:0.87555][mAP_all:0.85487][best_mAP:0.87555]
2024-08-23 01:38:26.034 | INFO     | AGMH:train:232 - [iter:5/50][code_length:32][zs_mAP:0.39457][zs_mAP_all:0.24049]
2024-08-23 01:40:17.144 | INFO     | AGMH:train:145 - [epoch:1/1][cnn_loss:3.862737][hash_loss:3.706937][quan_loss:0.139760][feat_loss:0.016041]
2024-08-23 01:40:17.150 | INFO     | AGMH:train:153 - [iter:6/50][iter_time:111.12]
2024-08-23 01:42:05.818 | INFO     | AGMH:train:145 - [epoch:1/1][cnn_loss:3.807402][hash_loss:3.655443][quan_loss:0.137047][feat_loss:0.014913]
2024-08-23 01:42:05.823 | INFO     | AGMH:train:153 - [iter:7/50][iter_time:108.67]
2024-08-23 01:43:51.385 | INFO     | AGMH:train:145 - [epoch:1/1][cnn_loss:3.773995][hash_loss:3.626240][quan_loss:0.135704][feat_loss:0.012050]
2024-08-23 01:43:51.389 | INFO     | AGMH:train:153 - [iter:8/50][iter_time:105.57]
2024-08-23 01:45:41.294 | INFO     | AGMH:train:145 - [epoch:1/1][cnn_loss:3.730049][hash_loss:3.587650][quan_loss:0.133699][feat_loss:0.008700]
2024-08-23 01:45:41.299 | INFO     | AGMH:train:153 - [iter:9/50][iter_time:109.91]
2024-08-23 01:47:31.595 | INFO     | AGMH:train:145 - [epoch:1/1][cnn_loss:3.681151][hash_loss:3.545004][quan_loss:0.131229][feat_loss:0.004918]
2024-08-23 01:47:31.602 | INFO     | AGMH:train:153 - [iter:10/50][iter_time:110.30]
2024-08-23 01:54:52.160 | INFO     | AGMH:train:231 - [iter:10/50][code_length:32][mAP:0.87800][mAP_all:0.85331][best_mAP:0.87800]
2024-08-23 01:54:52.161 | INFO     | AGMH:train:232 - [iter:10/50][code_length:32][zs_mAP:0.34338][zs_mAP_all:0.19123]
2024-08-23 01:56:41.995 | INFO     | AGMH:train:145 - [epoch:1/1][cnn_loss:3.662218][hash_loss:3.528381][quan_loss:0.130534][feat_loss:0.003303]
2024-08-23 01:56:42.000 | INFO     | AGMH:train:153 - [iter:11/50][iter_time:109.84]
2024-08-23 01:58:31.922 | INFO     | AGMH:train:145 - [epoch:1/1][cnn_loss:3.629631][hash_loss:3.498209][quan_loss:0.128673][feat_loss:0.002749]
2024-08-23 01:58:31.928 | INFO     | AGMH:train:153 - [iter:12/50][iter_time:109.93]
2024-08-23 02:00:22.413 | INFO     | AGMH:train:145 - [epoch:1/1][cnn_loss:3.611777][hash_loss:3.481635][quan_loss:0.127762][feat_loss:0.002380]
2024-08-23 02:00:22.418 | INFO     | AGMH:train:153 - [iter:13/50][iter_time:110.49]
2024-08-23 02:02:12.602 | INFO     | AGMH:train:145 - [epoch:1/1][cnn_loss:3.580382][hash_loss:3.452186][quan_loss:0.125978][feat_loss:0.002219]
2024-08-23 02:02:12.611 | INFO     | AGMH:train:153 - [iter:14/50][iter_time:110.19]
2024-08-23 02:04:02.772 | INFO     | AGMH:train:145 - [epoch:1/1][cnn_loss:3.571347][hash_loss:3.443790][quan_loss:0.125568][feat_loss:0.001989]
2024-08-23 02:04:02.778 | INFO     | AGMH:train:153 - [iter:15/50][iter_time:110.17]
2024-08-23 02:11:23.574 | INFO     | AGMH:train:231 - [iter:15/50][code_length:32][mAP:0.86980][mAP_all:0.84494][best_mAP:0.87800]
2024-08-23 02:11:23.575 | INFO     | AGMH:train:232 - [iter:15/50][code_length:32][zs_mAP:0.33065][zs_mAP_all:0.17442]
2024-08-23 02:13:13.819 | INFO     | AGMH:train:145 - [epoch:1/1][cnn_loss:3.551335][hash_loss:3.425124][quan_loss:0.124482][feat_loss:0.001728]
2024-08-23 02:13:13.825 | INFO     | AGMH:train:153 - [iter:16/50][iter_time:110.25]
2024-08-23 02:15:04.009 | INFO     | AGMH:train:145 - [epoch:1/1][cnn_loss:3.524988][hash_loss:3.400582][quan_loss:0.122841][feat_loss:0.001565]
2024-08-23 02:15:04.014 | INFO     | AGMH:train:153 - [iter:17/50][iter_time:110.19]
2024-08-23 02:16:54.488 | INFO     | AGMH:train:145 - [epoch:1/1][cnn_loss:3.524827][hash_loss:3.400357][quan_loss:0.123012][feat_loss:0.001458]
2024-08-23 02:16:54.494 | INFO     | AGMH:train:153 - [iter:18/50][iter_time:110.48]
2024-08-23 02:18:44.252 | INFO     | AGMH:train:145 - [epoch:1/1][cnn_loss:3.512113][hash_loss:3.388447][quan_loss:0.122324][feat_loss:0.001343]
2024-08-23 02:18:44.257 | INFO     | AGMH:train:153 - [iter:19/50][iter_time:109.76]
2024-08-23 02:20:34.284 | INFO     | AGMH:train:145 - [epoch:1/1][cnn_loss:3.506428][hash_loss:3.383417][quan_loss:0.122009][feat_loss:0.001002]
2024-08-23 02:20:34.294 | INFO     | AGMH:train:153 - [iter:20/50][iter_time:110.04]
2024-08-23 02:28:18.416 | INFO     | AGMH:train:231 - [iter:20/50][code_length:32][mAP:0.86892][mAP_all:0.84339][best_mAP:0.87800]
2024-08-23 02:28:18.416 | INFO     | AGMH:train:232 - [iter:20/50][code_length:32][zs_mAP:0.30609][zs_mAP_all:0.15574]
2024-08-23 02:30:08.636 | INFO     | AGMH:train:145 - [epoch:1/1][cnn_loss:3.506997][hash_loss:3.383821][quan_loss:0.122158][feat_loss:0.001019]
2024-08-23 02:30:08.643 | INFO     | AGMH:train:153 - [iter:21/50][iter_time:110.23]
2024-08-23 02:31:58.536 | INFO     | AGMH:train:145 - [epoch:1/1][cnn_loss:3.489160][hash_loss:3.367219][quan_loss:0.120958][feat_loss:0.000983]
2024-08-23 02:31:58.543 | INFO     | AGMH:train:153 - [iter:22/50][iter_time:109.90]
2024-08-23 02:33:48.408 | INFO     | AGMH:train:145 - [epoch:1/1][cnn_loss:3.473398][hash_loss:3.352298][quan_loss:0.120082][feat_loss:0.001019]
2024-08-23 02:33:48.414 | INFO     | AGMH:train:153 - [iter:23/50][iter_time:109.87]
2024-08-23 02:35:36.714 | INFO     | AGMH:train:145 - [epoch:1/1][cnn_loss:3.472752][hash_loss:3.351654][quan_loss:0.120120][feat_loss:0.000978]
2024-08-23 02:35:36.720 | INFO     | AGMH:train:153 - [iter:24/50][iter_time:108.31]
2024-08-23 02:37:25.352 | INFO     | AGMH:train:145 - [epoch:1/1][cnn_loss:3.457345][hash_loss:3.337451][quan_loss:0.119188][feat_loss:0.000706]
2024-08-23 02:37:25.357 | INFO     | AGMH:train:153 - [iter:25/50][iter_time:108.64]
2024-08-23 02:44:43.601 | INFO     | AGMH:train:231 - [iter:25/50][code_length:32][mAP:0.86042][mAP_all:0.83427][best_mAP:0.87800]
2024-08-23 02:44:43.602 | INFO     | AGMH:train:232 - [iter:25/50][code_length:32][zs_mAP:0.29138][zs_mAP_all:0.14249]
2024-08-23 02:46:34.162 | INFO     | AGMH:train:145 - [epoch:1/1][cnn_loss:3.468731][hash_loss:3.347974][quan_loss:0.119914][feat_loss:0.000843]
2024-08-23 02:46:34.168 | INFO     | AGMH:train:153 - [iter:26/50][iter_time:110.57]
2024-08-23 02:48:24.198 | INFO     | AGMH:train:145 - [epoch:1/1][cnn_loss:3.439261][hash_loss:3.320260][quan_loss:0.118131][feat_loss:0.000870]
2024-08-23 02:48:24.203 | INFO     | AGMH:train:153 - [iter:27/50][iter_time:110.04]
2024-08-23 02:50:13.810 | INFO     | AGMH:train:145 - [epoch:1/1][cnn_loss:3.438500][hash_loss:3.319754][quan_loss:0.118066][feat_loss:0.000680]
2024-08-23 02:50:13.816 | INFO     | AGMH:train:153 - [iter:28/50][iter_time:109.61]
2024-08-23 02:52:03.669 | INFO     | AGMH:train:145 - [epoch:1/1][cnn_loss:3.433166][hash_loss:3.314659][quan_loss:0.117827][feat_loss:0.000679]
2024-08-23 02:52:03.674 | INFO     | AGMH:train:153 - [iter:29/50][iter_time:109.86]
2024-08-23 02:53:53.534 | INFO     | AGMH:train:145 - [epoch:1/1][cnn_loss:3.427796][hash_loss:3.309771][quan_loss:0.117493][feat_loss:0.000531]
2024-08-23 02:53:53.540 | INFO     | AGMH:train:153 - [iter:30/50][iter_time:109.87]
2024-08-23 03:01:35.449 | INFO     | AGMH:train:231 - [iter:30/50][code_length:32][mAP:0.86810][mAP_all:0.84231][best_mAP:0.87800]
2024-08-23 03:01:35.450 | INFO     | AGMH:train:232 - [iter:30/50][code_length:32][zs_mAP:0.29127][zs_mAP_all:0.14196]
2024-08-23 03:03:25.995 | INFO     | AGMH:train:145 - [epoch:1/1][cnn_loss:3.430905][hash_loss:3.312706][quan_loss:0.117681][feat_loss:0.000518]
2024-08-23 03:03:26.000 | INFO     | AGMH:train:153 - [iter:31/50][iter_time:110.55]
2024-08-23 03:05:16.302 | INFO     | AGMH:train:145 - [epoch:1/1][cnn_loss:3.414623][hash_loss:3.297440][quan_loss:0.116689][feat_loss:0.000494]
2024-08-23 03:05:16.307 | INFO     | AGMH:train:153 - [iter:32/50][iter_time:110.31]
2024-08-23 03:07:06.526 | INFO     | AGMH:train:145 - [epoch:1/1][cnn_loss:3.407928][hash_loss:3.291106][quan_loss:0.116359][feat_loss:0.000462]
2024-08-23 03:07:06.531 | INFO     | AGMH:train:153 - [iter:33/50][iter_time:110.22]
2024-08-23 03:08:56.633 | INFO     | AGMH:train:145 - [epoch:1/1][cnn_loss:3.414162][hash_loss:3.296989][quan_loss:0.116698][feat_loss:0.000476]
2024-08-23 03:08:56.638 | INFO     | AGMH:train:153 - [iter:34/50][iter_time:110.11]
2024-08-23 03:10:46.626 | INFO     | AGMH:train:145 - [epoch:1/1][cnn_loss:3.409488][hash_loss:3.292587][quan_loss:0.116448][feat_loss:0.000453]
2024-08-23 03:10:46.631 | INFO     | AGMH:train:153 - [iter:35/50][iter_time:109.99]
2024-08-23 03:18:12.118 | INFO     | AGMH:train:231 - [iter:35/50][code_length:32][mAP:0.86426][mAP_all:0.83799][best_mAP:0.87800]
2024-08-23 03:18:12.119 | INFO     | AGMH:train:232 - [iter:35/50][code_length:32][zs_mAP:0.28277][zs_mAP_all:0.13628]
2024-08-23 03:20:02.837 | INFO     | AGMH:train:145 - [epoch:1/1][cnn_loss:3.405032][hash_loss:3.288364][quan_loss:0.116143][feat_loss:0.000526]
2024-08-23 03:20:02.843 | INFO     | AGMH:train:153 - [iter:36/50][iter_time:110.72]
2024-08-23 03:27:44.841 | INFO     | AGMH:train:231 - [iter:36/50][code_length:32][mAP:0.86425][mAP_all:0.83663][best_mAP:0.87800]
2024-08-23 03:27:44.842 | INFO     | AGMH:train:232 - [iter:36/50][code_length:32][zs_mAP:0.29537][zs_mAP_all:0.14154]
2024-08-23 03:29:34.587 | INFO     | AGMH:train:145 - [epoch:1/1][cnn_loss:3.387024][hash_loss:3.271551][quan_loss:0.115051][feat_loss:0.000423]
2024-08-23 03:29:34.592 | INFO     | AGMH:train:153 - [iter:37/50][iter_time:109.75]
2024-08-23 03:36:50.799 | INFO     | AGMH:train:231 - [iter:37/50][code_length:32][mAP:0.86263][mAP_all:0.83537][best_mAP:0.87800]
2024-08-23 03:36:50.800 | INFO     | AGMH:train:232 - [iter:37/50][code_length:32][zs_mAP:0.28885][zs_mAP_all:0.12966]
2024-08-23 03:38:41.474 | INFO     | AGMH:train:145 - [epoch:1/1][cnn_loss:3.382911][hash_loss:3.267665][quan_loss:0.114848][feat_loss:0.000399]
2024-08-23 03:38:41.479 | INFO     | AGMH:train:153 - [iter:38/50][iter_time:110.68]
2024-08-23 03:45:59.401 | INFO     | AGMH:train:231 - [iter:38/50][code_length:32][mAP:0.86152][mAP_all:0.83608][best_mAP:0.87800]
2024-08-23 03:45:59.402 | INFO     | AGMH:train:232 - [iter:38/50][code_length:32][zs_mAP:0.28084][zs_mAP_all:0.13857]
2024-08-23 03:47:49.724 | INFO     | AGMH:train:145 - [epoch:1/1][cnn_loss:3.384562][hash_loss:3.269222][quan_loss:0.114946][feat_loss:0.000394]
2024-08-23 03:47:49.729 | INFO     | AGMH:train:153 - [iter:39/50][iter_time:110.33]
2024-08-23 03:55:26.318 | INFO     | AGMH:train:231 - [iter:39/50][code_length:32][mAP:0.85729][mAP_all:0.83079][best_mAP:0.87800]
2024-08-23 03:55:26.319 | INFO     | AGMH:train:232 - [iter:39/50][code_length:32][zs_mAP:0.27933][zs_mAP_all:0.13290]
2024-08-23 03:57:16.334 | INFO     | AGMH:train:145 - [epoch:1/1][cnn_loss:3.380780][hash_loss:3.265704][quan_loss:0.114716][feat_loss:0.000360]
2024-08-23 03:57:16.339 | INFO     | AGMH:train:153 - [iter:40/50][iter_time:110.02]
2024-08-23 04:04:32.796 | INFO     | AGMH:train:231 - [iter:40/50][code_length:32][mAP:0.85047][mAP_all:0.82353][best_mAP:0.87800]
2024-08-23 04:04:32.797 | INFO     | AGMH:train:232 - [iter:40/50][code_length:32][zs_mAP:0.26459][zs_mAP_all:0.12697]
2024-08-23 04:06:22.549 | INFO     | AGMH:train:145 - [epoch:1/1][cnn_loss:3.380401][hash_loss:3.265369][quan_loss:0.114726][feat_loss:0.000307]
2024-08-23 04:06:22.554 | INFO     | AGMH:train:153 - [iter:41/50][iter_time:109.76]
2024-08-23 04:13:45.222 | INFO     | AGMH:train:231 - [iter:41/50][code_length:32][mAP:0.86309][mAP_all:0.83571][best_mAP:0.87800]
2024-08-23 04:13:45.222 | INFO     | AGMH:train:232 - [iter:41/50][code_length:32][zs_mAP:0.28116][zs_mAP_all:0.13411]
2024-08-23 04:15:34.838 | INFO     | AGMH:train:145 - [epoch:1/1][cnn_loss:3.367884][hash_loss:3.253587][quan_loss:0.113940][feat_loss:0.000357]
2024-08-23 04:15:34.843 | INFO     | AGMH:train:153 - [iter:42/50][iter_time:109.62]
2024-08-23 04:23:01.106 | INFO     | AGMH:train:231 - [iter:42/50][code_length:32][mAP:0.86176][mAP_all:0.83441][best_mAP:0.87800]
2024-08-23 04:23:01.107 | INFO     | AGMH:train:232 - [iter:42/50][code_length:32][zs_mAP:0.26653][zs_mAP_all:0.12439]
2024-08-23 04:24:51.572 | INFO     | AGMH:train:145 - [epoch:1/1][cnn_loss:3.370343][hash_loss:3.255812][quan_loss:0.114128][feat_loss:0.000403]
2024-08-23 04:24:51.577 | INFO     | AGMH:train:153 - [iter:43/50][iter_time:110.47]
2024-08-23 04:32:14.532 | INFO     | AGMH:train:231 - [iter:43/50][code_length:32][mAP:0.85906][mAP_all:0.83248][best_mAP:0.87800]
2024-08-23 04:32:14.533 | INFO     | AGMH:train:232 - [iter:43/50][code_length:32][zs_mAP:0.27633][zs_mAP_all:0.13465]
2024-08-23 04:34:04.838 | INFO     | AGMH:train:145 - [epoch:1/1][cnn_loss:3.371511][hash_loss:3.257005][quan_loss:0.114105][feat_loss:0.000402]
2024-08-23 04:34:04.843 | INFO     | AGMH:train:153 - [iter:44/50][iter_time:110.31]
2024-08-23 04:41:29.402 | INFO     | AGMH:train:231 - [iter:44/50][code_length:32][mAP:0.85864][mAP_all:0.83242][best_mAP:0.87800]
2024-08-23 04:41:29.402 | INFO     | AGMH:train:232 - [iter:44/50][code_length:32][zs_mAP:0.28545][zs_mAP_all:0.13131]
2024-08-23 04:43:19.364 | INFO     | AGMH:train:145 - [epoch:1/1][cnn_loss:3.368598][hash_loss:3.254306][quan_loss:0.113946][feat_loss:0.000346]
2024-08-23 04:43:19.369 | INFO     | AGMH:train:153 - [iter:45/50][iter_time:109.97]
2024-08-23 04:50:35.308 | INFO     | AGMH:train:231 - [iter:45/50][code_length:32][mAP:0.85878][mAP_all:0.83333][best_mAP:0.87800]
2024-08-23 04:50:35.308 | INFO     | AGMH:train:232 - [iter:45/50][code_length:32][zs_mAP:0.27941][zs_mAP_all:0.12942]
2024-08-23 04:52:24.485 | INFO     | AGMH:train:145 - [epoch:1/1][cnn_loss:3.335632][hash_loss:3.222750][quan_loss:0.112608][feat_loss:0.000273]
2024-08-23 04:52:24.490 | INFO     | AGMH:train:153 - [iter:46/50][iter_time:109.18]
2024-08-23 04:59:44.540 | INFO     | AGMH:train:231 - [iter:46/50][code_length:32][mAP:0.86373][mAP_all:0.83798][best_mAP:0.87800]
2024-08-23 04:59:44.541 | INFO     | AGMH:train:232 - [iter:46/50][code_length:32][zs_mAP:0.28143][zs_mAP_all:0.13124]
2024-08-23 05:01:34.960 | INFO     | AGMH:train:145 - [epoch:1/1][cnn_loss:3.312233][hash_loss:3.200942][quan_loss:0.111018][feat_loss:0.000272]
2024-08-23 05:01:34.965 | INFO     | AGMH:train:153 - [iter:47/50][iter_time:110.42]
2024-08-23 05:09:02.267 | INFO     | AGMH:train:231 - [iter:47/50][code_length:32][mAP:0.86646][mAP_all:0.84108][best_mAP:0.87800]
2024-08-23 05:09:02.267 | INFO     | AGMH:train:232 - [iter:47/50][code_length:32][zs_mAP:0.28840][zs_mAP_all:0.13893]
2024-08-23 05:10:51.662 | INFO     | AGMH:train:145 - [epoch:1/1][cnn_loss:3.301092][hash_loss:3.190465][quan_loss:0.110348][feat_loss:0.000279]
2024-08-23 05:10:51.672 | INFO     | AGMH:train:153 - [iter:48/50][iter_time:109.40]
2024-08-23 05:18:16.884 | INFO     | AGMH:train:231 - [iter:48/50][code_length:32][mAP:0.86810][mAP_all:0.84157][best_mAP:0.87800]
2024-08-23 05:18:16.885 | INFO     | AGMH:train:232 - [iter:48/50][code_length:32][zs_mAP:0.28529][zs_mAP_all:0.13653]
2024-08-23 05:20:30.834 | INFO     | AGMH:train:145 - [epoch:1/1][cnn_loss:3.315546][hash_loss:3.204173][quan_loss:0.111125][feat_loss:0.000247]
2024-08-23 05:20:30.844 | INFO     | AGMH:train:153 - [iter:49/50][iter_time:133.96]
2024-08-23 05:28:12.809 | INFO     | AGMH:train:231 - [iter:49/50][code_length:32][mAP:0.86629][mAP_all:0.84179][best_mAP:0.87800]
2024-08-23 05:28:12.809 | INFO     | AGMH:train:232 - [iter:49/50][code_length:32][zs_mAP:0.28375][zs_mAP_all:0.13979]
2024-08-23 05:30:30.861 | INFO     | AGMH:train:145 - [epoch:1/1][cnn_loss:3.301432][hash_loss:3.191036][quan_loss:0.110158][feat_loss:0.000237]
2024-08-23 05:30:30.871 | INFO     | AGMH:train:153 - [iter:50/50][iter_time:138.06]
2024-08-23 05:38:11.429 | INFO     | AGMH:train:231 - [iter:50/50][code_length:32][mAP:0.86421][mAP_all:0.83902][best_mAP:0.87800]
2024-08-23 05:38:11.429 | INFO     | AGMH:train:232 - [iter:50/50][code_length:32][zs_mAP:0.28182][zs_mAP_all:0.13772]
2024-08-23 05:38:11.430 | INFO     | AGMH:train:234 - [Training time:15397.12]
2024-08-23 05:38:11.440 | INFO     | __main__:run:135 - [code_length:32][map:0.8780][map_all:0.8533][zs_map:0.3434][zs_map_all:0.1912]
2024-08-23 05:40:28.950 | INFO     | AGMH:train:145 - [epoch:1/1][cnn_loss:10.681680][hash_loss:10.425975][quan_loss:0.247774][feat_loss:0.007932]
2024-08-23 05:40:28.957 | INFO     | AGMH:train:153 - [iter:1/50][iter_time:136.92]
2024-08-23 05:42:47.398 | INFO     | AGMH:train:145 - [epoch:1/1][cnn_loss:8.052386][hash_loss:7.868640][quan_loss:0.171635][feat_loss:0.012111]
2024-08-23 05:42:47.412 | INFO     | AGMH:train:153 - [iter:2/50][iter_time:138.45]
2024-08-23 05:45:02.210 | INFO     | AGMH:train:145 - [epoch:1/1][cnn_loss:6.465418][hash_loss:6.311463][quan_loss:0.135257][feat_loss:0.018698]
2024-08-23 05:45:02.219 | INFO     | AGMH:train:153 - [iter:3/50][iter_time:134.81]
2024-08-23 05:47:19.074 | INFO     | AGMH:train:145 - [epoch:1/1][cnn_loss:5.908823][hash_loss:5.761700][quan_loss:0.126836][feat_loss:0.020287]
2024-08-23 05:47:19.087 | INFO     | AGMH:train:153 - [iter:4/50][iter_time:136.87]
2024-08-23 05:49:35.244 | INFO     | AGMH:train:145 - [epoch:1/1][cnn_loss:5.639479][hash_loss:5.494975][quan_loss:0.124320][feat_loss:0.020185]
2024-08-23 05:49:35.257 | INFO     | AGMH:train:153 - [iter:5/50][iter_time:136.17]
2024-08-23 05:57:24.173 | INFO     | AGMH:train:231 - [iter:5/50][code_length:64][mAP:0.84080][mAP_all:0.81470][best_mAP:0.84080]
2024-08-23 05:57:24.174 | INFO     | AGMH:train:232 - [iter:5/50][code_length:64][zs_mAP:0.37566][zs_mAP_all:0.21626]
2024-08-23 05:59:40.770 | INFO     | AGMH:train:145 - [epoch:1/1][cnn_loss:5.501787][hash_loss:5.359876][quan_loss:0.123350][feat_loss:0.018561]
2024-08-23 05:59:40.778 | INFO     | AGMH:train:153 - [iter:6/50][iter_time:136.60]
2024-08-23 06:02:00.360 | INFO     | AGMH:train:145 - [epoch:1/1][cnn_loss:5.390912][hash_loss:5.250530][quan_loss:0.121877][feat_loss:0.018505]
2024-08-23 06:02:00.373 | INFO     | AGMH:train:153 - [iter:7/50][iter_time:139.59]
2024-08-23 06:04:17.596 | INFO     | AGMH:train:145 - [epoch:1/1][cnn_loss:5.307614][hash_loss:5.169837][quan_loss:0.120755][feat_loss:0.017022]
2024-08-23 06:04:17.606 | INFO     | AGMH:train:153 - [iter:8/50][iter_time:137.23]
2024-08-23 06:06:32.119 | INFO     | AGMH:train:145 - [epoch:1/1][cnn_loss:5.282628][hash_loss:5.147122][quan_loss:0.120918][feat_loss:0.014588]
2024-08-23 06:06:32.130 | INFO     | AGMH:train:153 - [iter:9/50][iter_time:134.52]
2024-08-23 06:08:50.401 | INFO     | AGMH:train:145 - [epoch:1/1][cnn_loss:5.102167][hash_loss:4.971103][quan_loss:0.116954][feat_loss:0.014111]
2024-08-23 06:08:50.414 | INFO     | AGMH:train:153 - [iter:10/50][iter_time:138.28]
2024-08-23 06:16:38.141 | INFO     | AGMH:train:231 - [iter:10/50][code_length:64][mAP:0.81928][mAP_all:0.79024][best_mAP:0.84080]
2024-08-23 06:16:38.142 | INFO     | AGMH:train:232 - [iter:10/50][code_length:64][zs_mAP:0.28692][zs_mAP_all:0.15145]
2024-08-23 06:18:53.095 | INFO     | AGMH:train:145 - [epoch:1/1][cnn_loss:5.070021][hash_loss:4.941907][quan_loss:0.116753][feat_loss:0.011360]
2024-08-23 06:18:53.108 | INFO     | AGMH:train:153 - [iter:11/50][iter_time:134.97]
2024-08-23 06:21:10.314 | INFO     | AGMH:train:145 - [epoch:1/1][cnn_loss:4.947276][hash_loss:4.823134][quan_loss:0.113902][feat_loss:0.010240]
2024-08-23 06:21:10.325 | INFO     | AGMH:train:153 - [iter:12/50][iter_time:137.22]
2024-08-23 06:23:24.434 | INFO     | AGMH:train:145 - [epoch:1/1][cnn_loss:4.936379][hash_loss:4.814471][quan_loss:0.113973][feat_loss:0.007935]
2024-08-23 06:23:24.442 | INFO     | AGMH:train:153 - [iter:13/50][iter_time:134.12]
2024-08-23 06:25:41.104 | INFO     | AGMH:train:145 - [epoch:1/1][cnn_loss:4.900510][hash_loss:4.780566][quan_loss:0.113117][feat_loss:0.006826]
2024-08-23 06:25:41.113 | INFO     | AGMH:train:153 - [iter:14/50][iter_time:136.67]
2024-08-23 06:27:55.202 | INFO     | AGMH:train:145 - [epoch:1/1][cnn_loss:4.860371][hash_loss:4.742362][quan_loss:0.112268][feat_loss:0.005741]
2024-08-23 06:27:55.211 | INFO     | AGMH:train:153 - [iter:15/50][iter_time:134.10]
2024-08-23 06:35:47.990 | INFO     | AGMH:train:231 - [iter:15/50][code_length:64][mAP:0.80544][mAP_all:0.77296][best_mAP:0.84080]
2024-08-23 06:35:47.990 | INFO     | AGMH:train:232 - [iter:15/50][code_length:64][zs_mAP:0.28726][zs_mAP_all:0.14271]
2024-08-23 06:38:04.953 | INFO     | AGMH:train:145 - [epoch:1/1][cnn_loss:4.756547][hash_loss:4.641568][quan_loss:0.109749][feat_loss:0.005230]
2024-08-23 06:38:04.966 | INFO     | AGMH:train:153 - [iter:16/50][iter_time:136.98]
2024-08-23 06:40:21.354 | INFO     | AGMH:train:145 - [epoch:1/1][cnn_loss:4.791716][hash_loss:4.676239][quan_loss:0.110559][feat_loss:0.004917]
2024-08-23 06:40:21.367 | INFO     | AGMH:train:153 - [iter:17/50][iter_time:136.40]
2024-08-23 06:42:37.761 | INFO     | AGMH:train:145 - [epoch:1/1][cnn_loss:4.702764][hash_loss:4.590134][quan_loss:0.108635][feat_loss:0.003995]
2024-08-23 06:42:37.772 | INFO     | AGMH:train:153 - [iter:18/50][iter_time:136.41]
2024-08-23 06:44:52.710 | INFO     | AGMH:train:145 - [epoch:1/1][cnn_loss:4.590422][hash_loss:4.480363][quan_loss:0.105994][feat_loss:0.004065]
2024-08-23 06:44:52.719 | INFO     | AGMH:train:153 - [iter:19/50][iter_time:134.95]
2024-08-23 06:47:08.769 | INFO     | AGMH:train:145 - [epoch:1/1][cnn_loss:4.529195][hash_loss:4.420403][quan_loss:0.104769][feat_loss:0.004023]
2024-08-23 06:47:08.782 | INFO     | AGMH:train:153 - [iter:20/50][iter_time:136.06]
2024-08-23 06:54:57.272 | INFO     | AGMH:train:231 - [iter:20/50][code_length:64][mAP:0.81348][mAP_all:0.77845][best_mAP:0.84080]
2024-08-23 06:54:57.273 | INFO     | AGMH:train:232 - [iter:20/50][code_length:64][zs_mAP:0.27766][zs_mAP_all:0.13527]
2024-08-23 06:57:12.779 | INFO     | AGMH:train:145 - [epoch:1/1][cnn_loss:4.513547][hash_loss:4.405477][quan_loss:0.104565][feat_loss:0.003505]
2024-08-23 06:57:12.788 | INFO     | AGMH:train:153 - [iter:21/50][iter_time:135.51]
2024-08-23 06:59:27.587 | INFO     | AGMH:train:145 - [epoch:1/1][cnn_loss:4.497889][hash_loss:4.390427][quan_loss:0.104042][feat_loss:0.003420]
2024-08-23 06:59:27.599 | INFO     | AGMH:train:153 - [iter:22/50][iter_time:134.81]
2024-08-23 07:01:41.775 | INFO     | AGMH:train:145 - [epoch:1/1][cnn_loss:4.423389][hash_loss:4.318189][quan_loss:0.102347][feat_loss:0.002853]
2024-08-23 07:01:41.785 | INFO     | AGMH:train:153 - [iter:23/50][iter_time:134.19]
2024-08-23 07:03:56.558 | INFO     | AGMH:train:145 - [epoch:1/1][cnn_loss:4.393003][hash_loss:4.288312][quan_loss:0.101713][feat_loss:0.002978]
2024-08-23 07:03:56.569 | INFO     | AGMH:train:153 - [iter:24/50][iter_time:134.78]
2024-08-23 07:06:13.150 | INFO     | AGMH:train:145 - [epoch:1/1][cnn_loss:4.461865][hash_loss:4.355715][quan_loss:0.103580][feat_loss:0.002570]
2024-08-23 07:06:13.162 | INFO     | AGMH:train:153 - [iter:25/50][iter_time:136.59]
2024-08-23 07:14:00.618 | INFO     | AGMH:train:231 - [iter:25/50][code_length:64][mAP:0.79440][mAP_all:0.76300][best_mAP:0.84080]
2024-08-23 07:14:00.619 | INFO     | AGMH:train:232 - [iter:25/50][code_length:64][zs_mAP:0.25934][zs_mAP_all:0.12359]
2024-08-23 07:16:17.499 | INFO     | AGMH:train:145 - [epoch:1/1][cnn_loss:4.356915][hash_loss:4.253005][quan_loss:0.101007][feat_loss:0.002903]
2024-08-23 07:16:17.507 | INFO     | AGMH:train:153 - [iter:26/50][iter_time:136.89]
2024-08-23 07:18:16.771 | INFO     | AGMH:train:145 - [epoch:1/1][cnn_loss:4.323097][hash_loss:4.220195][quan_loss:0.100313][feat_loss:0.002588]
2024-08-23 07:18:16.780 | INFO     | AGMH:train:153 - [iter:27/50][iter_time:119.27]
2024-08-23 07:20:25.155 | INFO     | AGMH:train:145 - [epoch:1/1][cnn_loss:4.286374][hash_loss:4.184963][quan_loss:0.099335][feat_loss:0.002077]
2024-08-23 07:20:25.163 | INFO     | AGMH:train:153 - [iter:28/50][iter_time:128.38]
2024-08-23 07:22:24.453 | INFO     | AGMH:train:145 - [epoch:1/1][cnn_loss:4.221764][hash_loss:4.121905][quan_loss:0.098011][feat_loss:0.001848]
2024-08-23 07:22:24.460 | INFO     | AGMH:train:153 - [iter:29/50][iter_time:119.30]
2024-08-23 07:24:22.831 | INFO     | AGMH:train:145 - [epoch:1/1][cnn_loss:4.229690][hash_loss:4.129866][quan_loss:0.097978][feat_loss:0.001846]
2024-08-23 07:24:22.839 | INFO     | AGMH:train:153 - [iter:30/50][iter_time:118.38]
2024-08-23 07:32:14.760 | INFO     | AGMH:train:231 - [iter:30/50][code_length:64][mAP:0.80001][mAP_all:0.76579][best_mAP:0.84080]
2024-08-23 07:32:14.761 | INFO     | AGMH:train:232 - [iter:30/50][code_length:64][zs_mAP:0.25148][zs_mAP_all:0.12097]
2024-08-23 07:34:32.521 | INFO     | AGMH:train:145 - [epoch:1/1][cnn_loss:4.233804][hash_loss:4.133413][quan_loss:0.098394][feat_loss:0.001996]
2024-08-23 07:34:32.531 | INFO     | AGMH:train:153 - [iter:31/50][iter_time:137.77]
2024-08-23 07:36:47.645 | INFO     | AGMH:train:145 - [epoch:1/1][cnn_loss:4.234278][hash_loss:4.134113][quan_loss:0.098305][feat_loss:0.001860]
2024-08-23 07:36:47.657 | INFO     | AGMH:train:153 - [iter:32/50][iter_time:135.12]
2024-08-23 07:39:03.285 | INFO     | AGMH:train:145 - [epoch:1/1][cnn_loss:4.137926][hash_loss:4.039953][quan_loss:0.096003][feat_loss:0.001970]
2024-08-23 07:39:03.294 | INFO     | AGMH:train:153 - [iter:33/50][iter_time:135.64]
2024-08-23 07:41:20.769 | INFO     | AGMH:train:145 - [epoch:1/1][cnn_loss:4.134874][hash_loss:4.037182][quan_loss:0.095991][feat_loss:0.001701]
2024-08-23 07:41:20.778 | INFO     | AGMH:train:153 - [iter:34/50][iter_time:137.48]
2024-08-23 07:43:36.007 | INFO     | AGMH:train:145 - [epoch:1/1][cnn_loss:4.116565][hash_loss:4.019226][quan_loss:0.095599][feat_loss:0.001740]
2024-08-23 07:43:36.018 | INFO     | AGMH:train:153 - [iter:35/50][iter_time:135.24]
2024-08-23 07:51:36.205 | INFO     | AGMH:train:231 - [iter:35/50][code_length:64][mAP:0.79595][mAP_all:0.76285][best_mAP:0.84080]
2024-08-23 07:51:36.205 | INFO     | AGMH:train:232 - [iter:35/50][code_length:64][zs_mAP:0.23962][zs_mAP_all:0.11040]
2024-08-23 07:53:52.090 | INFO     | AGMH:train:145 - [epoch:1/1][cnn_loss:4.097465][hash_loss:4.000650][quan_loss:0.095135][feat_loss:0.001680]
2024-08-23 07:53:52.099 | INFO     | AGMH:train:153 - [iter:36/50][iter_time:135.89]
2024-08-23 08:01:45.921 | INFO     | AGMH:train:231 - [iter:36/50][code_length:64][mAP:0.79438][mAP_all:0.76281][best_mAP:0.84080]
2024-08-23 08:01:45.922 | INFO     | AGMH:train:232 - [iter:36/50][code_length:64][zs_mAP:0.25213][zs_mAP_all:0.12072]
2024-08-23 08:04:01.463 | INFO     | AGMH:train:145 - [epoch:1/1][cnn_loss:4.051632][hash_loss:3.955987][quan_loss:0.094140][feat_loss:0.001506]
2024-08-23 08:04:01.472 | INFO     | AGMH:train:153 - [iter:37/50][iter_time:135.55]
2024-08-23 08:11:55.621 | INFO     | AGMH:train:231 - [iter:37/50][code_length:64][mAP:0.79173][mAP_all:0.75791][best_mAP:0.84080]
2024-08-23 08:11:55.621 | INFO     | AGMH:train:232 - [iter:37/50][code_length:64][zs_mAP:0.22526][zs_mAP_all:0.10115]
2024-08-23 08:14:09.805 | INFO     | AGMH:train:145 - [epoch:1/1][cnn_loss:4.029795][hash_loss:3.934436][quan_loss:0.093734][feat_loss:0.001625]
2024-08-23 08:14:09.817 | INFO     | AGMH:train:153 - [iter:38/50][iter_time:134.20]
2024-08-23 08:22:01.492 | INFO     | AGMH:train:231 - [iter:38/50][code_length:64][mAP:0.79833][mAP_all:0.76842][best_mAP:0.84080]
2024-08-23 08:22:01.493 | INFO     | AGMH:train:232 - [iter:38/50][code_length:64][zs_mAP:0.23407][zs_mAP_all:0.10854]
2024-08-23 08:24:17.783 | INFO     | AGMH:train:145 - [epoch:1/1][cnn_loss:3.993086][hash_loss:3.898644][quan_loss:0.092979][feat_loss:0.001462]
2024-08-23 08:24:17.791 | INFO     | AGMH:train:153 - [iter:39/50][iter_time:136.30]
2024-08-23 08:32:13.421 | INFO     | AGMH:train:231 - [iter:39/50][code_length:64][mAP:0.79968][mAP_all:0.76480][best_mAP:0.84080]
2024-08-23 08:32:13.422 | INFO     | AGMH:train:232 - [iter:39/50][code_length:64][zs_mAP:0.23621][zs_mAP_all:0.11153]
2024-08-23 08:34:30.614 | INFO     | AGMH:train:145 - [epoch:1/1][cnn_loss:3.979163][hash_loss:3.885006][quan_loss:0.092758][feat_loss:0.001399]
2024-08-23 08:34:30.627 | INFO     | AGMH:train:153 - [iter:40/50][iter_time:137.21]
2024-08-23 08:42:26.661 | INFO     | AGMH:train:231 - [iter:40/50][code_length:64][mAP:0.79922][mAP_all:0.76238][best_mAP:0.84080]
2024-08-23 08:42:26.662 | INFO     | AGMH:train:232 - [iter:40/50][code_length:64][zs_mAP:0.23903][zs_mAP_all:0.11162]
2024-08-23 08:44:42.419 | INFO     | AGMH:train:145 - [epoch:1/1][cnn_loss:3.998920][hash_loss:3.904422][quan_loss:0.093197][feat_loss:0.001301]
2024-08-23 08:44:42.427 | INFO     | AGMH:train:153 - [iter:41/50][iter_time:135.76]
2024-08-23 08:52:33.507 | INFO     | AGMH:train:231 - [iter:41/50][code_length:64][mAP:0.79491][mAP_all:0.76231][best_mAP:0.84080]
2024-08-23 08:52:33.507 | INFO     | AGMH:train:232 - [iter:41/50][code_length:64][zs_mAP:0.24283][zs_mAP_all:0.11427]
2024-08-23 08:54:49.688 | INFO     | AGMH:train:145 - [epoch:1/1][cnn_loss:3.917873][hash_loss:3.825368][quan_loss:0.091305][feat_loss:0.001200]
2024-08-23 08:54:49.698 | INFO     | AGMH:train:153 - [iter:42/50][iter_time:136.19]
2024-08-23 09:02:46.243 | INFO     | AGMH:train:231 - [iter:42/50][code_length:64][mAP:0.79983][mAP_all:0.76818][best_mAP:0.84080]
2024-08-23 09:02:46.244 | INFO     | AGMH:train:232 - [iter:42/50][code_length:64][zs_mAP:0.24421][zs_mAP_all:0.11015]
2024-08-23 09:05:02.520 | INFO     | AGMH:train:145 - [epoch:1/1][cnn_loss:3.932278][hash_loss:3.839494][quan_loss:0.091653][feat_loss:0.001131]
2024-08-23 09:05:02.531 | INFO     | AGMH:train:153 - [iter:43/50][iter_time:136.29]
2024-08-23 09:12:57.992 | INFO     | AGMH:train:231 - [iter:43/50][code_length:64][mAP:0.80616][mAP_all:0.77526][best_mAP:0.84080]
2024-08-23 09:12:57.993 | INFO     | AGMH:train:232 - [iter:43/50][code_length:64][zs_mAP:0.24791][zs_mAP_all:0.11271]
2024-08-23 09:15:16.611 | INFO     | AGMH:train:145 - [epoch:1/1][cnn_loss:3.924593][hash_loss:3.831846][quan_loss:0.091538][feat_loss:0.001209]
2024-08-23 09:15:16.624 | INFO     | AGMH:train:153 - [iter:44/50][iter_time:138.63]
2024-08-23 09:23:13.454 | INFO     | AGMH:train:231 - [iter:44/50][code_length:64][mAP:0.80130][mAP_all:0.76882][best_mAP:0.84080]
2024-08-23 09:23:13.455 | INFO     | AGMH:train:232 - [iter:44/50][code_length:64][zs_mAP:0.23739][zs_mAP_all:0.11404]
2024-08-23 09:25:19.760 | INFO     | AGMH:train:145 - [epoch:1/1][cnn_loss:3.864920][hash_loss:3.773721][quan_loss:0.090167][feat_loss:0.001033]
2024-08-23 09:25:19.770 | INFO     | AGMH:train:153 - [iter:45/50][iter_time:126.31]
2024-08-23 09:33:10.202 | INFO     | AGMH:train:231 - [iter:45/50][code_length:64][mAP:0.80169][mAP_all:0.76972][best_mAP:0.84080]
2024-08-23 09:33:10.202 | INFO     | AGMH:train:232 - [iter:45/50][code_length:64][zs_mAP:0.22951][zs_mAP_all:0.10514]
2024-08-23 09:35:24.457 | INFO     | AGMH:train:145 - [epoch:1/1][cnn_loss:3.673064][hash_loss:3.586278][quan_loss:0.085710][feat_loss:0.001076]
2024-08-23 09:35:24.467 | INFO     | AGMH:train:153 - [iter:46/50][iter_time:134.26]
2024-08-23 09:43:14.515 | INFO     | AGMH:train:231 - [iter:46/50][code_length:64][mAP:0.82454][mAP_all:0.79390][best_mAP:0.84080]
2024-08-23 09:43:14.516 | INFO     | AGMH:train:232 - [iter:46/50][code_length:64][zs_mAP:0.23103][zs_mAP_all:0.10826]
2024-08-23 09:45:31.837 | INFO     | AGMH:train:145 - [epoch:1/1][cnn_loss:3.572498][hash_loss:3.487933][quan_loss:0.083521][feat_loss:0.001043]
2024-08-23 09:45:31.850 | INFO     | AGMH:train:153 - [iter:47/50][iter_time:137.33]
2024-08-23 09:53:23.810 | INFO     | AGMH:train:231 - [iter:47/50][code_length:64][mAP:0.82936][mAP_all:0.79873][best_mAP:0.84080]
2024-08-23 09:53:23.810 | INFO     | AGMH:train:232 - [iter:47/50][code_length:64][zs_mAP:0.23992][zs_mAP_all:0.10967]
2024-08-23 09:55:40.018 | INFO     | AGMH:train:145 - [epoch:1/1][cnn_loss:3.523166][hash_loss:3.439659][quan_loss:0.082427][feat_loss:0.001080]
2024-08-23 09:55:40.027 | INFO     | AGMH:train:153 - [iter:48/50][iter_time:136.22]
2024-08-23 10:03:18.493 | INFO     | AGMH:train:231 - [iter:48/50][code_length:64][mAP:0.83235][mAP_all:0.80085][best_mAP:0.84080]
2024-08-23 10:03:18.494 | INFO     | AGMH:train:232 - [iter:48/50][code_length:64][zs_mAP:0.23954][zs_mAP_all:0.11529]
2024-08-23 10:05:36.094 | INFO     | AGMH:train:145 - [epoch:1/1][cnn_loss:3.476364][hash_loss:3.394044][quan_loss:0.081326][feat_loss:0.000995]
2024-08-23 10:05:36.104 | INFO     | AGMH:train:153 - [iter:49/50][iter_time:137.61]
2024-08-23 10:13:34.693 | INFO     | AGMH:train:231 - [iter:49/50][code_length:64][mAP:0.83227][mAP_all:0.80183][best_mAP:0.84080]
2024-08-23 10:13:34.693 | INFO     | AGMH:train:232 - [iter:49/50][code_length:64][zs_mAP:0.24307][zs_mAP_all:0.11498]
2024-08-23 10:15:50.380 | INFO     | AGMH:train:145 - [epoch:1/1][cnn_loss:3.422124][hash_loss:3.341018][quan_loss:0.080057][feat_loss:0.001049]
2024-08-23 10:15:50.391 | INFO     | AGMH:train:153 - [iter:50/50][iter_time:135.70]
2024-08-23 10:23:43.558 | INFO     | AGMH:train:231 - [iter:50/50][code_length:64][mAP:0.83786][mAP_all:0.80670][best_mAP:0.84080]
2024-08-23 10:23:43.559 | INFO     | AGMH:train:232 - [iter:50/50][code_length:64][zs_mAP:0.24493][zs_mAP_all:0.11700]
2024-08-23 10:23:43.559 | INFO     | AGMH:train:234 - [Training time:17131.52]
2024-08-23 10:23:43.570 | INFO     | __main__:run:135 - [code_length:64][map:0.8408][map_all:0.8147][zs_map:0.3757][zs_map_all:0.2163]
