2024-08-31 18:38:18.051 | SUCCESS  | __main__:run:55 - Namespace(ZS=15, align_step=50, arch='dcdh', batch_size=16, cauchy_gamma=20.0, code_length=[16, 32, 64], data='coco', dataset='cocozs', device=device(type='cuda', index=0), epoch_change=11, flag='dcdh', gamma=200, gpu=0, info='cocozs-53-27-dcdh-08-31-16,32,64-tanh1', lambd=0.1, lambd_ch=0.1, lambd_sp=0.1, lr=0.0005, lr_step=[45], margin=0.1, max_epoch=3, max_iter=50, momen=0.9, nesterov=False, net='ResNet', num_classes=27, num_query=1000, num_samples=2000, num_workers=2, num_zs=53, optim='SGD', pretrain=True, quan_loss=False, root='/4T/dataset/coco', save_ckpt='checkpoints/', topk=5000, val_freq=5, wd=0.0005)
2024-08-31 18:38:53.044 | INFO     | DCDH:train:167 - [epoch:1/3][loss:3.089759]
2024-08-31 18:39:20.361 | INFO     | DCDH:train:167 - [epoch:2/3][loss:2.600511]
2024-08-31 18:39:48.581 | INFO     | DCDH:train:167 - [epoch:3/3][loss:2.421003]
2024-08-31 18:39:48.582 | INFO     | DCDH:train:170 - [iter:1/50][iter_time:86.54]
2024-08-31 18:40:16.966 | INFO     | DCDH:train:167 - [epoch:1/3][loss:2.573767]
2024-08-31 18:40:44.429 | INFO     | DCDH:train:167 - [epoch:2/3][loss:2.388790]
2024-08-31 18:41:11.819 | INFO     | DCDH:train:167 - [epoch:3/3][loss:2.267782]
2024-08-31 18:41:11.820 | INFO     | DCDH:train:170 - [iter:2/50][iter_time:83.24]
2024-08-31 18:41:39.172 | INFO     | DCDH:train:167 - [epoch:1/3][loss:2.516005]
2024-08-31 18:42:06.833 | INFO     | DCDH:train:167 - [epoch:2/3][loss:2.340916]
2024-08-31 18:42:33.728 | INFO     | DCDH:train:167 - [epoch:3/3][loss:2.216384]
2024-08-31 18:42:33.729 | INFO     | DCDH:train:170 - [iter:3/50][iter_time:81.91]
2024-08-31 18:42:59.782 | INFO     | DCDH:train:167 - [epoch:1/3][loss:2.455141]
2024-08-31 18:43:25.666 | INFO     | DCDH:train:167 - [epoch:2/3][loss:2.275924]
2024-08-31 18:43:52.508 | INFO     | DCDH:train:167 - [epoch:3/3][loss:2.149827]
2024-08-31 18:43:52.509 | INFO     | DCDH:train:170 - [iter:4/50][iter_time:78.78]
2024-08-31 18:44:18.868 | INFO     | DCDH:train:167 - [epoch:1/3][loss:2.383820]
2024-08-31 18:44:45.096 | INFO     | DCDH:train:167 - [epoch:2/3][loss:2.222316]
2024-08-31 18:45:11.239 | INFO     | DCDH:train:167 - [epoch:3/3][loss:2.153559]
2024-08-31 18:45:11.239 | INFO     | DCDH:train:170 - [iter:5/50][iter_time:78.73]
2024-08-31 18:52:38.501 | INFO     | DCDH:train:242 - [iter:5/50][code_length:16][mAP:0.51538][mAP_all:0.70994][best_mAP:0.51538]
2024-08-31 18:52:38.501 | INFO     | DCDH:train:243 - [iter:5/50][code_length:16][zs_mAP:0.44447][zs_mAP_all:0.48035]
2024-08-31 18:53:07.765 | INFO     | DCDH:train:167 - [epoch:1/3][loss:2.408750]
2024-08-31 18:53:37.266 | INFO     | DCDH:train:167 - [epoch:2/3][loss:2.273126]
2024-08-31 18:54:05.250 | INFO     | DCDH:train:167 - [epoch:3/3][loss:2.149547]
2024-08-31 18:54:05.251 | INFO     | DCDH:train:170 - [iter:6/50][iter_time:86.75]
2024-08-31 18:54:32.833 | INFO     | DCDH:train:167 - [epoch:1/3][loss:2.358387]
2024-08-31 18:54:59.607 | INFO     | DCDH:train:167 - [epoch:2/3][loss:2.253650]
2024-08-31 18:55:25.642 | INFO     | DCDH:train:167 - [epoch:3/3][loss:2.149134]
2024-08-31 18:55:25.643 | INFO     | DCDH:train:170 - [iter:7/50][iter_time:80.39]
2024-08-31 18:55:51.377 | INFO     | DCDH:train:167 - [epoch:1/3][loss:2.312203]
2024-08-31 18:56:17.190 | INFO     | DCDH:train:167 - [epoch:2/3][loss:2.180104]
2024-08-31 18:56:43.041 | INFO     | DCDH:train:167 - [epoch:3/3][loss:2.067899]
2024-08-31 18:56:43.042 | INFO     | DCDH:train:170 - [iter:8/50][iter_time:77.40]
2024-08-31 18:57:09.428 | INFO     | DCDH:train:167 - [epoch:1/3][loss:2.302108]
2024-08-31 18:57:36.370 | INFO     | DCDH:train:167 - [epoch:2/3][loss:2.160375]
2024-08-31 18:58:03.281 | INFO     | DCDH:train:167 - [epoch:3/3][loss:2.043861]
2024-08-31 18:58:03.282 | INFO     | DCDH:train:170 - [iter:9/50][iter_time:80.24]
2024-08-31 18:58:29.333 | INFO     | DCDH:train:167 - [epoch:1/3][loss:2.313985]
2024-08-31 18:58:56.304 | INFO     | DCDH:train:167 - [epoch:2/3][loss:2.190461]
2024-08-31 18:59:22.612 | INFO     | DCDH:train:167 - [epoch:3/3][loss:2.085484]
2024-08-31 18:59:22.612 | INFO     | DCDH:train:170 - [iter:10/50][iter_time:79.33]
2024-08-31 19:06:48.463 | INFO     | DCDH:train:242 - [iter:10/50][code_length:16][mAP:0.53591][mAP_all:0.72855][best_mAP:0.53591]
2024-08-31 19:06:48.465 | INFO     | DCDH:train:243 - [iter:10/50][code_length:16][zs_mAP:0.44476][zs_mAP_all:0.47178]
2024-08-31 19:07:15.569 | INFO     | DCDH:train:167 - [epoch:1/3][loss:2.310429]
2024-08-31 19:07:42.755 | INFO     | DCDH:train:167 - [epoch:2/3][loss:2.175422]
2024-08-31 19:08:10.256 | INFO     | DCDH:train:167 - [epoch:3/3][loss:2.073023]
2024-08-31 19:08:10.257 | INFO     | DCDH:train:170 - [iter:11/50][iter_time:81.79]
2024-08-31 19:08:36.747 | INFO     | DCDH:train:167 - [epoch:1/3][loss:2.302130]
2024-08-31 19:09:03.024 | INFO     | DCDH:train:167 - [epoch:2/3][loss:2.150022]
2024-08-31 19:09:28.989 | INFO     | DCDH:train:167 - [epoch:3/3][loss:2.052493]
2024-08-31 19:09:28.990 | INFO     | DCDH:train:170 - [iter:12/50][iter_time:78.73]
2024-08-31 19:09:55.195 | INFO     | DCDH:train:167 - [epoch:1/3][loss:2.308041]
2024-08-31 19:10:20.257 | INFO     | DCDH:train:167 - [epoch:2/3][loss:2.155609]
2024-08-31 19:10:44.616 | INFO     | DCDH:train:167 - [epoch:3/3][loss:2.036461]
2024-08-31 19:10:44.617 | INFO     | DCDH:train:170 - [iter:13/50][iter_time:75.63]
2024-08-31 19:11:09.471 | INFO     | DCDH:train:167 - [epoch:1/3][loss:2.323305]
2024-08-31 19:11:35.139 | INFO     | DCDH:train:167 - [epoch:2/3][loss:2.175815]
2024-08-31 19:12:01.864 | INFO     | DCDH:train:167 - [epoch:3/3][loss:2.016412]
2024-08-31 19:12:01.865 | INFO     | DCDH:train:170 - [iter:14/50][iter_time:77.25]
2024-08-31 19:12:28.870 | INFO     | DCDH:train:167 - [epoch:1/3][loss:2.276515]
2024-08-31 19:12:55.934 | INFO     | DCDH:train:167 - [epoch:2/3][loss:2.164336]
2024-08-31 19:13:22.306 | INFO     | DCDH:train:167 - [epoch:3/3][loss:2.037025]
2024-08-31 19:13:22.307 | INFO     | DCDH:train:170 - [iter:15/50][iter_time:80.44]
2024-08-31 19:20:50.813 | INFO     | DCDH:train:242 - [iter:15/50][code_length:16][mAP:0.53707][mAP_all:0.72592][best_mAP:0.53707]
2024-08-31 19:20:50.814 | INFO     | DCDH:train:243 - [iter:15/50][code_length:16][zs_mAP:0.45917][zs_mAP_all:0.48491]
2024-08-31 19:21:18.257 | INFO     | DCDH:train:167 - [epoch:1/3][loss:2.298057]
2024-08-31 19:21:45.294 | INFO     | DCDH:train:167 - [epoch:2/3][loss:2.114978]
2024-08-31 19:22:12.367 | INFO     | DCDH:train:167 - [epoch:3/3][loss:2.028768]
2024-08-31 19:22:12.367 | INFO     | DCDH:train:170 - [iter:16/50][iter_time:81.55]
2024-08-31 19:22:38.734 | INFO     | DCDH:train:167 - [epoch:1/3][loss:2.234122]
2024-08-31 19:23:04.905 | INFO     | DCDH:train:167 - [epoch:2/3][loss:2.103571]
2024-08-31 19:23:31.028 | INFO     | DCDH:train:167 - [epoch:3/3][loss:1.970117]
2024-08-31 19:23:31.029 | INFO     | DCDH:train:170 - [iter:17/50][iter_time:78.66]
2024-08-31 19:23:57.019 | INFO     | DCDH:train:167 - [epoch:1/3][loss:2.280641]
2024-08-31 19:24:23.669 | INFO     | DCDH:train:167 - [epoch:2/3][loss:2.100506]
2024-08-31 19:24:49.660 | INFO     | DCDH:train:167 - [epoch:3/3][loss:1.979772]
2024-08-31 19:24:49.661 | INFO     | DCDH:train:170 - [iter:18/50][iter_time:78.63]
2024-08-31 19:25:15.717 | INFO     | DCDH:train:167 - [epoch:1/3][loss:2.215314]
2024-08-31 19:25:41.664 | INFO     | DCDH:train:167 - [epoch:2/3][loss:2.097783]
2024-08-31 19:26:07.564 | INFO     | DCDH:train:167 - [epoch:3/3][loss:2.007337]
2024-08-31 19:26:07.564 | INFO     | DCDH:train:170 - [iter:19/50][iter_time:77.90]
2024-08-31 19:26:33.500 | INFO     | DCDH:train:167 - [epoch:1/3][loss:2.204478]
2024-08-31 19:26:59.493 | INFO     | DCDH:train:167 - [epoch:2/3][loss:2.026764]
2024-08-31 19:27:25.991 | INFO     | DCDH:train:167 - [epoch:3/3][loss:1.981133]
2024-08-31 19:27:25.992 | INFO     | DCDH:train:170 - [iter:20/50][iter_time:78.43]
2024-08-31 19:34:50.949 | INFO     | DCDH:train:242 - [iter:20/50][code_length:16][mAP:0.53051][mAP_all:0.72046][best_mAP:0.53707]
2024-08-31 19:34:50.949 | INFO     | DCDH:train:243 - [iter:20/50][code_length:16][zs_mAP:0.45927][zs_mAP_all:0.48421]
2024-08-31 19:35:17.009 | INFO     | DCDH:train:167 - [epoch:1/3][loss:2.281502]
2024-08-31 19:35:44.064 | INFO     | DCDH:train:167 - [epoch:2/3][loss:2.161715]
2024-08-31 19:36:11.380 | INFO     | DCDH:train:167 - [epoch:3/3][loss:2.017521]
2024-08-31 19:36:11.380 | INFO     | DCDH:train:170 - [iter:21/50][iter_time:80.43]
2024-08-31 19:36:38.268 | INFO     | DCDH:train:167 - [epoch:1/3][loss:2.218459]
2024-08-31 19:37:04.667 | INFO     | DCDH:train:167 - [epoch:2/3][loss:2.077705]
2024-08-31 19:37:30.324 | INFO     | DCDH:train:167 - [epoch:3/3][loss:1.976724]
2024-08-31 19:37:30.325 | INFO     | DCDH:train:170 - [iter:22/50][iter_time:78.94]
2024-08-31 19:37:57.096 | INFO     | DCDH:train:167 - [epoch:1/3][loss:2.187568]
2024-08-31 19:38:23.860 | INFO     | DCDH:train:167 - [epoch:2/3][loss:2.107395]
2024-08-31 19:38:50.399 | INFO     | DCDH:train:167 - [epoch:3/3][loss:1.985460]
2024-08-31 19:38:50.399 | INFO     | DCDH:train:170 - [iter:23/50][iter_time:80.07]
2024-08-31 19:39:17.114 | INFO     | DCDH:train:167 - [epoch:1/3][loss:2.276055]
2024-08-31 19:39:42.826 | INFO     | DCDH:train:167 - [epoch:2/3][loss:2.107993]
2024-08-31 19:40:08.970 | INFO     | DCDH:train:167 - [epoch:3/3][loss:1.980261]
2024-08-31 19:40:08.970 | INFO     | DCDH:train:170 - [iter:24/50][iter_time:78.57]
2024-08-31 19:40:34.428 | INFO     | DCDH:train:167 - [epoch:1/3][loss:2.218730]
2024-08-31 19:40:59.291 | INFO     | DCDH:train:167 - [epoch:2/3][loss:2.067542]
2024-08-31 19:41:26.255 | INFO     | DCDH:train:167 - [epoch:3/3][loss:1.933140]
2024-08-31 19:41:26.255 | INFO     | DCDH:train:170 - [iter:25/50][iter_time:77.28]
2024-08-31 19:48:52.641 | INFO     | DCDH:train:242 - [iter:25/50][code_length:16][mAP:0.52993][mAP_all:0.71595][best_mAP:0.53707]
2024-08-31 19:48:52.641 | INFO     | DCDH:train:243 - [iter:25/50][code_length:16][zs_mAP:0.46915][zs_mAP_all:0.49547]
2024-08-31 19:49:20.130 | INFO     | DCDH:train:167 - [epoch:1/3][loss:2.191019]
2024-08-31 19:49:47.605 | INFO     | DCDH:train:167 - [epoch:2/3][loss:2.015087]
2024-08-31 19:50:15.421 | INFO     | DCDH:train:167 - [epoch:3/3][loss:1.919637]
2024-08-31 19:50:15.421 | INFO     | DCDH:train:170 - [iter:26/50][iter_time:82.78]
2024-08-31 19:50:42.199 | INFO     | DCDH:train:167 - [epoch:1/3][loss:2.154841]
2024-08-31 19:51:08.725 | INFO     | DCDH:train:167 - [epoch:2/3][loss:1.979608]
2024-08-31 19:51:34.747 | INFO     | DCDH:train:167 - [epoch:3/3][loss:1.937003]
2024-08-31 19:51:34.748 | INFO     | DCDH:train:170 - [iter:27/50][iter_time:79.33]
2024-08-31 19:52:00.872 | INFO     | DCDH:train:167 - [epoch:1/3][loss:2.225070]
2024-08-31 19:52:27.904 | INFO     | DCDH:train:167 - [epoch:2/3][loss:2.058072]
2024-08-31 19:52:54.866 | INFO     | DCDH:train:167 - [epoch:3/3][loss:1.973484]
2024-08-31 19:52:54.867 | INFO     | DCDH:train:170 - [iter:28/50][iter_time:80.12]
2024-08-31 19:53:21.887 | INFO     | DCDH:train:167 - [epoch:1/3][loss:2.101311]
2024-08-31 19:53:49.157 | INFO     | DCDH:train:167 - [epoch:2/3][loss:1.969970]
2024-08-31 19:54:16.105 | INFO     | DCDH:train:167 - [epoch:3/3][loss:1.879840]
2024-08-31 19:54:16.105 | INFO     | DCDH:train:170 - [iter:29/50][iter_time:81.24]
2024-08-31 19:54:42.688 | INFO     | DCDH:train:167 - [epoch:1/3][loss:2.194378]
2024-08-31 19:55:09.166 | INFO     | DCDH:train:167 - [epoch:2/3][loss:2.011937]
2024-08-31 19:55:35.511 | INFO     | DCDH:train:167 - [epoch:3/3][loss:1.927437]
2024-08-31 19:55:35.512 | INFO     | DCDH:train:170 - [iter:30/50][iter_time:79.41]
2024-08-31 20:02:56.716 | INFO     | DCDH:train:242 - [iter:30/50][code_length:16][mAP:0.53733][mAP_all:0.71831][best_mAP:0.53733]
2024-08-31 20:02:56.717 | INFO     | DCDH:train:243 - [iter:30/50][code_length:16][zs_mAP:0.45959][zs_mAP_all:0.49347]
2024-08-31 20:03:23.199 | INFO     | DCDH:train:167 - [epoch:1/3][loss:2.191895]
2024-08-31 20:03:51.499 | INFO     | DCDH:train:167 - [epoch:2/3][loss:2.039829]
2024-08-31 20:04:18.499 | INFO     | DCDH:train:167 - [epoch:3/3][loss:1.951706]
2024-08-31 20:04:18.500 | INFO     | DCDH:train:170 - [iter:31/50][iter_time:81.78]
2024-08-31 20:04:46.218 | INFO     | DCDH:train:167 - [epoch:1/3][loss:2.163411]
2024-08-31 20:05:12.358 | INFO     | DCDH:train:167 - [epoch:2/3][loss:1.997478]
2024-08-31 20:05:38.316 | INFO     | DCDH:train:167 - [epoch:3/3][loss:1.926472]
2024-08-31 20:05:38.316 | INFO     | DCDH:train:170 - [iter:32/50][iter_time:79.82]
2024-08-31 20:06:04.571 | INFO     | DCDH:train:167 - [epoch:1/3][loss:2.131793]
2024-08-31 20:06:31.450 | INFO     | DCDH:train:167 - [epoch:2/3][loss:1.995203]
2024-08-31 20:06:57.398 | INFO     | DCDH:train:167 - [epoch:3/3][loss:1.897226]
2024-08-31 20:06:57.399 | INFO     | DCDH:train:170 - [iter:33/50][iter_time:79.08]
2024-08-31 20:07:23.668 | INFO     | DCDH:train:167 - [epoch:1/3][loss:2.175621]
2024-08-31 20:07:49.670 | INFO     | DCDH:train:167 - [epoch:2/3][loss:2.021489]
2024-08-31 20:08:15.817 | INFO     | DCDH:train:167 - [epoch:3/3][loss:1.938130]
2024-08-31 20:08:15.817 | INFO     | DCDH:train:170 - [iter:34/50][iter_time:78.42]
2024-08-31 20:08:41.821 | INFO     | DCDH:train:167 - [epoch:1/3][loss:2.138281]
2024-08-31 20:09:07.789 | INFO     | DCDH:train:167 - [epoch:2/3][loss:1.980018]
2024-08-31 20:09:33.697 | INFO     | DCDH:train:167 - [epoch:3/3][loss:1.911625]
2024-08-31 20:09:33.697 | INFO     | DCDH:train:170 - [iter:35/50][iter_time:77.88]
2024-08-31 20:16:57.986 | INFO     | DCDH:train:242 - [iter:35/50][code_length:16][mAP:0.52383][mAP_all:0.71276][best_mAP:0.53733]
2024-08-31 20:16:57.987 | INFO     | DCDH:train:243 - [iter:35/50][code_length:16][zs_mAP:0.45709][zs_mAP_all:0.49926]
2024-08-31 20:17:24.410 | INFO     | DCDH:train:167 - [epoch:1/3][loss:2.166260]
2024-08-31 20:17:52.489 | INFO     | DCDH:train:167 - [epoch:2/3][loss:2.021707]
2024-08-31 20:18:20.408 | INFO     | DCDH:train:167 - [epoch:3/3][loss:1.892166]
2024-08-31 20:18:20.409 | INFO     | DCDH:train:170 - [iter:36/50][iter_time:82.42]
2024-08-31 20:18:48.019 | INFO     | DCDH:train:167 - [epoch:1/3][loss:2.142155]
2024-08-31 20:19:13.927 | INFO     | DCDH:train:167 - [epoch:2/3][loss:1.998540]
2024-08-31 20:19:39.760 | INFO     | DCDH:train:167 - [epoch:3/3][loss:1.925881]
2024-08-31 20:19:39.761 | INFO     | DCDH:train:170 - [iter:37/50][iter_time:79.35]
2024-08-31 20:20:05.806 | INFO     | DCDH:train:167 - [epoch:1/3][loss:2.179193]
2024-08-31 20:20:31.737 | INFO     | DCDH:train:167 - [epoch:2/3][loss:2.050492]
2024-08-31 20:20:57.720 | INFO     | DCDH:train:167 - [epoch:3/3][loss:1.906227]
2024-08-31 20:20:57.721 | INFO     | DCDH:train:170 - [iter:38/50][iter_time:77.96]
2024-08-31 20:21:23.802 | INFO     | DCDH:train:167 - [epoch:1/3][loss:2.215140]
2024-08-31 20:21:50.186 | INFO     | DCDH:train:167 - [epoch:2/3][loss:2.042273]
2024-08-31 20:22:16.829 | INFO     | DCDH:train:167 - [epoch:3/3][loss:1.956420]
2024-08-31 20:22:16.830 | INFO     | DCDH:train:170 - [iter:39/50][iter_time:79.11]
2024-08-31 20:22:43.280 | INFO     | DCDH:train:167 - [epoch:1/3][loss:2.119315]
2024-08-31 20:23:09.822 | INFO     | DCDH:train:167 - [epoch:2/3][loss:1.963287]
2024-08-31 20:23:36.243 | INFO     | DCDH:train:167 - [epoch:3/3][loss:1.816137]
2024-08-31 20:23:36.244 | INFO     | DCDH:train:170 - [iter:40/50][iter_time:79.41]
2024-08-31 20:30:53.170 | INFO     | DCDH:train:242 - [iter:40/50][code_length:16][mAP:0.53657][mAP_all:0.71694][best_mAP:0.53733]
2024-08-31 20:30:53.171 | INFO     | DCDH:train:243 - [iter:40/50][code_length:16][zs_mAP:0.45119][zs_mAP_all:0.48392]
2024-08-31 20:31:20.212 | INFO     | DCDH:train:167 - [epoch:1/3][loss:2.103825]
2024-08-31 20:31:47.059 | INFO     | DCDH:train:167 - [epoch:2/3][loss:1.969036]
2024-08-31 20:32:14.479 | INFO     | DCDH:train:167 - [epoch:3/3][loss:1.880496]
2024-08-31 20:32:14.479 | INFO     | DCDH:train:170 - [iter:41/50][iter_time:81.31]
2024-08-31 20:32:42.490 | INFO     | DCDH:train:167 - [epoch:1/3][loss:2.118580]
2024-08-31 20:33:09.700 | INFO     | DCDH:train:167 - [epoch:2/3][loss:1.964164]
2024-08-31 20:33:36.644 | INFO     | DCDH:train:167 - [epoch:3/3][loss:1.834665]
2024-08-31 20:33:36.645 | INFO     | DCDH:train:170 - [iter:42/50][iter_time:82.17]
2024-08-31 20:34:03.056 | INFO     | DCDH:train:167 - [epoch:1/3][loss:2.154864]
2024-08-31 20:34:29.156 | INFO     | DCDH:train:167 - [epoch:2/3][loss:2.011338]
2024-08-31 20:34:55.295 | INFO     | DCDH:train:167 - [epoch:3/3][loss:1.867849]
2024-08-31 20:34:55.296 | INFO     | DCDH:train:170 - [iter:43/50][iter_time:78.65]
2024-08-31 20:35:21.210 | INFO     | DCDH:train:167 - [epoch:1/3][loss:2.128688]
2024-08-31 20:35:47.295 | INFO     | DCDH:train:167 - [epoch:2/3][loss:2.005330]
2024-08-31 20:36:13.248 | INFO     | DCDH:train:167 - [epoch:3/3][loss:1.896822]
2024-08-31 20:36:13.249 | INFO     | DCDH:train:170 - [iter:44/50][iter_time:77.95]
2024-08-31 20:36:39.382 | INFO     | DCDH:train:167 - [epoch:1/3][loss:2.137426]
2024-08-31 20:37:05.395 | INFO     | DCDH:train:167 - [epoch:2/3][loss:1.997958]
2024-08-31 20:37:31.647 | INFO     | DCDH:train:167 - [epoch:3/3][loss:1.893549]
2024-08-31 20:37:31.648 | INFO     | DCDH:train:170 - [iter:45/50][iter_time:78.40]
2024-08-31 20:44:53.845 | INFO     | DCDH:train:242 - [iter:45/50][code_length:16][mAP:0.53052][mAP_all:0.71280][best_mAP:0.53733]
2024-08-31 20:44:53.845 | INFO     | DCDH:train:243 - [iter:45/50][code_length:16][zs_mAP:0.44454][zs_mAP_all:0.48182]
2024-08-31 20:45:21.064 | INFO     | DCDH:train:167 - [epoch:1/3][loss:2.120492]
2024-08-31 20:45:47.483 | INFO     | DCDH:train:167 - [epoch:2/3][loss:2.084119]
2024-08-31 20:46:14.695 | INFO     | DCDH:train:167 - [epoch:3/3][loss:2.079565]
2024-08-31 20:46:14.696 | INFO     | DCDH:train:170 - [iter:46/50][iter_time:80.85]
2024-08-31 20:53:36.982 | INFO     | DCDH:train:242 - [iter:46/50][code_length:16][mAP:0.54061][mAP_all:0.72199][best_mAP:0.54061]
2024-08-31 20:53:36.983 | INFO     | DCDH:train:243 - [iter:46/50][code_length:16][zs_mAP:0.46116][zs_mAP_all:0.49406]
2024-08-31 20:54:02.390 | INFO     | DCDH:train:167 - [epoch:1/3][loss:2.034284]
2024-08-31 20:54:28.524 | INFO     | DCDH:train:167 - [epoch:2/3][loss:2.062417]
2024-08-31 20:54:55.319 | INFO     | DCDH:train:167 - [epoch:3/3][loss:2.031622]
2024-08-31 20:54:55.320 | INFO     | DCDH:train:170 - [iter:47/50][iter_time:78.34]
2024-08-31 21:02:16.524 | INFO     | DCDH:train:242 - [iter:47/50][code_length:16][mAP:0.55018][mAP_all:0.72649][best_mAP:0.55018]
2024-08-31 21:02:16.525 | INFO     | DCDH:train:243 - [iter:47/50][code_length:16][zs_mAP:0.46432][zs_mAP_all:0.49710]
2024-08-31 21:02:42.857 | INFO     | DCDH:train:167 - [epoch:1/3][loss:2.082544]
2024-08-31 21:03:09.690 | INFO     | DCDH:train:167 - [epoch:2/3][loss:2.060503]
2024-08-31 21:03:36.200 | INFO     | DCDH:train:167 - [epoch:3/3][loss:2.058063]
2024-08-31 21:03:36.200 | INFO     | DCDH:train:170 - [iter:48/50][iter_time:79.67]
2024-08-31 21:10:59.213 | INFO     | DCDH:train:242 - [iter:48/50][code_length:16][mAP:0.54823][mAP_all:0.72766][best_mAP:0.55018]
2024-08-31 21:10:59.214 | INFO     | DCDH:train:243 - [iter:48/50][code_length:16][zs_mAP:0.45453][zs_mAP_all:0.48980]
2024-08-31 21:11:25.138 | INFO     | DCDH:train:167 - [epoch:1/3][loss:2.137160]
2024-08-31 21:11:52.742 | INFO     | DCDH:train:167 - [epoch:2/3][loss:2.036722]
2024-08-31 21:12:19.812 | INFO     | DCDH:train:167 - [epoch:3/3][loss:2.060989]
2024-08-31 21:12:19.813 | INFO     | DCDH:train:170 - [iter:49/50][iter_time:80.60]
2024-08-31 21:19:41.438 | INFO     | DCDH:train:242 - [iter:49/50][code_length:16][mAP:0.54851][mAP_all:0.72719][best_mAP:0.55018]
2024-08-31 21:19:41.439 | INFO     | DCDH:train:243 - [iter:49/50][code_length:16][zs_mAP:0.45562][zs_mAP_all:0.49204]
2024-08-31 21:20:07.496 | INFO     | DCDH:train:167 - [epoch:1/3][loss:2.096600]
2024-08-31 21:20:34.984 | INFO     | DCDH:train:167 - [epoch:2/3][loss:2.110140]
2024-08-31 21:21:02.115 | INFO     | DCDH:train:167 - [epoch:3/3][loss:2.050201]
2024-08-31 21:21:02.116 | INFO     | DCDH:train:170 - [iter:50/50][iter_time:80.68]
2024-08-31 21:28:21.760 | INFO     | DCDH:train:242 - [iter:50/50][code_length:16][mAP:0.55734][mAP_all:0.73383][best_mAP:0.55734]
2024-08-31 21:28:21.762 | INFO     | DCDH:train:243 - [iter:50/50][code_length:16][zs_mAP:0.45801][zs_mAP_all:0.49136]
2024-08-31 21:28:21.762 | INFO     | DCDH:train:246 - [Training time:10199.72]
2024-08-31 21:28:21.765 | INFO     | __main__:run:138 - [code_length:16][map:0.5573][map_all:0.7338][zs_map:0.4580][zs_map_all:0.4914]
2024-08-31 21:28:48.245 | INFO     | DCDH:train:167 - [epoch:1/3][loss:2.971592]
2024-08-31 21:29:14.494 | INFO     | DCDH:train:167 - [epoch:2/3][loss:2.256041]
2024-08-31 21:29:41.298 | INFO     | DCDH:train:167 - [epoch:3/3][loss:2.028104]
2024-08-31 21:29:41.298 | INFO     | DCDH:train:170 - [iter:1/50][iter_time:78.97]
2024-08-31 21:30:08.257 | INFO     | DCDH:train:167 - [epoch:1/3][loss:2.522666]
2024-08-31 21:30:34.448 | INFO     | DCDH:train:167 - [epoch:2/3][loss:2.248274]
2024-08-31 21:31:00.454 | INFO     | DCDH:train:167 - [epoch:3/3][loss:2.005322]
2024-08-31 21:31:00.455 | INFO     | DCDH:train:170 - [iter:2/50][iter_time:79.16]
2024-08-31 21:31:26.532 | INFO     | DCDH:train:167 - [epoch:1/3][loss:2.372723]
2024-08-31 21:31:52.483 | INFO     | DCDH:train:167 - [epoch:2/3][loss:2.167114]
2024-08-31 21:32:17.961 | INFO     | DCDH:train:167 - [epoch:3/3][loss:2.003940]
2024-08-31 21:32:17.962 | INFO     | DCDH:train:170 - [iter:3/50][iter_time:77.51]
2024-08-31 21:32:43.869 | INFO     | DCDH:train:167 - [epoch:1/3][loss:2.316470]
2024-08-31 21:33:10.020 | INFO     | DCDH:train:167 - [epoch:2/3][loss:2.053092]
2024-08-31 21:33:35.935 | INFO     | DCDH:train:167 - [epoch:3/3][loss:1.945226]
2024-08-31 21:33:35.936 | INFO     | DCDH:train:170 - [iter:4/50][iter_time:77.97]
2024-08-31 21:34:02.160 | INFO     | DCDH:train:167 - [epoch:1/3][loss:2.223932]
2024-08-31 21:34:28.276 | INFO     | DCDH:train:167 - [epoch:2/3][loss:2.000588]
2024-08-31 21:34:54.355 | INFO     | DCDH:train:167 - [epoch:3/3][loss:1.864059]
2024-08-31 21:34:54.356 | INFO     | DCDH:train:170 - [iter:5/50][iter_time:78.42]
2024-08-31 21:42:21.046 | INFO     | DCDH:train:242 - [iter:5/50][code_length:32][mAP:0.54627][mAP_all:0.75622][best_mAP:0.54627]
2024-08-31 21:42:21.046 | INFO     | DCDH:train:243 - [iter:5/50][code_length:32][zs_mAP:0.49882][zs_mAP_all:0.53393]
2024-08-31 21:42:48.559 | INFO     | DCDH:train:167 - [epoch:1/3][loss:2.201723]
2024-08-31 21:43:15.311 | INFO     | DCDH:train:167 - [epoch:2/3][loss:2.018137]
2024-08-31 21:43:42.437 | INFO     | DCDH:train:167 - [epoch:3/3][loss:1.916234]
2024-08-31 21:43:42.437 | INFO     | DCDH:train:170 - [iter:6/50][iter_time:81.39]
2024-08-31 21:44:09.629 | INFO     | DCDH:train:167 - [epoch:1/3][loss:2.233773]
2024-08-31 21:44:36.948 | INFO     | DCDH:train:167 - [epoch:2/3][loss:2.058505]
2024-08-31 21:45:04.270 | INFO     | DCDH:train:167 - [epoch:3/3][loss:1.928918]
2024-08-31 21:45:04.271 | INFO     | DCDH:train:170 - [iter:7/50][iter_time:81.83]
2024-08-31 21:45:31.313 | INFO     | DCDH:train:167 - [epoch:1/3][loss:2.179063]
2024-08-31 21:45:58.205 | INFO     | DCDH:train:167 - [epoch:2/3][loss:1.964103]
2024-08-31 21:46:24.599 | INFO     | DCDH:train:167 - [epoch:3/3][loss:1.840100]
2024-08-31 21:46:24.599 | INFO     | DCDH:train:170 - [iter:8/50][iter_time:80.33]
2024-08-31 21:46:50.601 | INFO     | DCDH:train:167 - [epoch:1/3][loss:2.150501]
2024-08-31 21:47:16.691 | INFO     | DCDH:train:167 - [epoch:2/3][loss:1.936192]
2024-08-31 21:47:42.581 | INFO     | DCDH:train:167 - [epoch:3/3][loss:1.830222]
2024-08-31 21:47:42.582 | INFO     | DCDH:train:170 - [iter:9/50][iter_time:77.98]
2024-08-31 21:48:08.579 | INFO     | DCDH:train:167 - [epoch:1/3][loss:2.148495]
2024-08-31 21:48:34.458 | INFO     | DCDH:train:167 - [epoch:2/3][loss:1.959004]
2024-08-31 21:49:00.393 | INFO     | DCDH:train:167 - [epoch:3/3][loss:1.849958]
2024-08-31 21:49:00.394 | INFO     | DCDH:train:170 - [iter:10/50][iter_time:77.81]
2024-08-31 21:56:20.699 | INFO     | DCDH:train:242 - [iter:10/50][code_length:32][mAP:0.56274][mAP_all:0.76807][best_mAP:0.56274]
2024-08-31 21:56:20.700 | INFO     | DCDH:train:243 - [iter:10/50][code_length:32][zs_mAP:0.51886][zs_mAP_all:0.55946]
2024-08-31 21:56:47.308 | INFO     | DCDH:train:167 - [epoch:1/3][loss:2.112953]
2024-08-31 21:57:14.698 | INFO     | DCDH:train:167 - [epoch:2/3][loss:1.894350]
2024-08-31 21:57:41.392 | INFO     | DCDH:train:167 - [epoch:3/3][loss:1.768550]
2024-08-31 21:57:41.393 | INFO     | DCDH:train:170 - [iter:11/50][iter_time:80.69]
2024-08-31 21:58:08.638 | INFO     | DCDH:train:167 - [epoch:1/3][loss:2.144568]
2024-08-31 21:58:35.336 | INFO     | DCDH:train:167 - [epoch:2/3][loss:1.986221]
2024-08-31 21:59:01.550 | INFO     | DCDH:train:167 - [epoch:3/3][loss:1.868596]
2024-08-31 21:59:01.551 | INFO     | DCDH:train:170 - [iter:12/50][iter_time:80.16]
2024-08-31 21:59:26.553 | INFO     | DCDH:train:167 - [epoch:1/3][loss:2.074869]
2024-08-31 21:59:53.519 | INFO     | DCDH:train:167 - [epoch:2/3][loss:1.949459]
2024-08-31 22:00:20.335 | INFO     | DCDH:train:167 - [epoch:3/3][loss:1.762967]
2024-08-31 22:00:20.336 | INFO     | DCDH:train:170 - [iter:13/50][iter_time:78.78]
2024-08-31 22:00:47.094 | INFO     | DCDH:train:167 - [epoch:1/3][loss:2.085228]
2024-08-31 22:01:13.300 | INFO     | DCDH:train:167 - [epoch:2/3][loss:1.896272]
2024-08-31 22:01:39.461 | INFO     | DCDH:train:167 - [epoch:3/3][loss:1.783528]
2024-08-31 22:01:39.462 | INFO     | DCDH:train:170 - [iter:14/50][iter_time:79.13]
2024-08-31 22:02:05.472 | INFO     | DCDH:train:167 - [epoch:1/3][loss:2.089308]
2024-08-31 22:02:31.534 | INFO     | DCDH:train:167 - [epoch:2/3][loss:1.899239]
2024-08-31 22:02:57.542 | INFO     | DCDH:train:167 - [epoch:3/3][loss:1.772877]
2024-08-31 22:02:57.543 | INFO     | DCDH:train:170 - [iter:15/50][iter_time:78.08]
2024-08-31 22:10:27.206 | INFO     | DCDH:train:242 - [iter:15/50][code_length:32][mAP:0.56455][mAP_all:0.75911][best_mAP:0.56455]
2024-08-31 22:10:27.207 | INFO     | DCDH:train:243 - [iter:15/50][code_length:32][zs_mAP:0.49552][zs_mAP_all:0.53822]
2024-08-31 22:10:54.255 | INFO     | DCDH:train:167 - [epoch:1/3][loss:2.061546]
2024-08-31 22:11:21.555 | INFO     | DCDH:train:167 - [epoch:2/3][loss:1.899720]
2024-08-31 22:11:49.074 | INFO     | DCDH:train:167 - [epoch:3/3][loss:1.776887]
2024-08-31 22:11:49.075 | INFO     | DCDH:train:170 - [iter:16/50][iter_time:81.87]
2024-08-31 22:12:15.882 | INFO     | DCDH:train:167 - [epoch:1/3][loss:2.069861]
2024-08-31 22:12:41.974 | INFO     | DCDH:train:167 - [epoch:2/3][loss:1.876942]
2024-08-31 22:13:07.840 | INFO     | DCDH:train:167 - [epoch:3/3][loss:1.767510]
2024-08-31 22:13:07.840 | INFO     | DCDH:train:170 - [iter:17/50][iter_time:78.76]
2024-08-31 22:13:33.671 | INFO     | DCDH:train:167 - [epoch:1/3][loss:2.071084]
2024-08-31 22:13:59.735 | INFO     | DCDH:train:167 - [epoch:2/3][loss:1.909698]
2024-08-31 22:14:25.928 | INFO     | DCDH:train:167 - [epoch:3/3][loss:1.780366]
2024-08-31 22:14:25.929 | INFO     | DCDH:train:170 - [iter:18/50][iter_time:78.09]
2024-08-31 22:14:51.792 | INFO     | DCDH:train:167 - [epoch:1/3][loss:2.022237]
2024-08-31 22:15:17.826 | INFO     | DCDH:train:167 - [epoch:2/3][loss:1.796868]
2024-08-31 22:15:43.812 | INFO     | DCDH:train:167 - [epoch:3/3][loss:1.748478]
2024-08-31 22:15:43.813 | INFO     | DCDH:train:170 - [iter:19/50][iter_time:77.88]
2024-08-31 22:16:09.957 | INFO     | DCDH:train:167 - [epoch:1/3][loss:2.013361]
2024-08-31 22:16:36.197 | INFO     | DCDH:train:167 - [epoch:2/3][loss:1.860371]
2024-08-31 22:17:02.484 | INFO     | DCDH:train:167 - [epoch:3/3][loss:1.783550]
2024-08-31 22:17:02.485 | INFO     | DCDH:train:170 - [iter:20/50][iter_time:78.67]
2024-08-31 22:24:27.747 | INFO     | DCDH:train:242 - [iter:20/50][code_length:32][mAP:0.56952][mAP_all:0.76163][best_mAP:0.56952]
2024-08-31 22:24:27.748 | INFO     | DCDH:train:243 - [iter:20/50][code_length:32][zs_mAP:0.51821][zs_mAP_all:0.55487]
2024-08-31 22:24:54.893 | INFO     | DCDH:train:167 - [epoch:1/3][loss:2.042034]
2024-08-31 22:25:22.032 | INFO     | DCDH:train:167 - [epoch:2/3][loss:1.866844]
2024-08-31 22:25:49.438 | INFO     | DCDH:train:167 - [epoch:3/3][loss:1.737785]
2024-08-31 22:25:49.439 | INFO     | DCDH:train:170 - [iter:21/50][iter_time:81.69]
2024-08-31 22:26:16.124 | INFO     | DCDH:train:167 - [epoch:1/3][loss:1.989994]
2024-08-31 22:26:42.747 | INFO     | DCDH:train:167 - [epoch:2/3][loss:1.806859]
2024-08-31 22:27:09.292 | INFO     | DCDH:train:167 - [epoch:3/3][loss:1.691325]
2024-08-31 22:27:09.293 | INFO     | DCDH:train:170 - [iter:22/50][iter_time:79.85]
2024-08-31 22:27:36.332 | INFO     | DCDH:train:167 - [epoch:1/3][loss:2.039231]
2024-08-31 22:28:03.336 | INFO     | DCDH:train:167 - [epoch:2/3][loss:1.836140]
2024-08-31 22:28:28.232 | INFO     | DCDH:train:167 - [epoch:3/3][loss:1.764669]
2024-08-31 22:28:28.233 | INFO     | DCDH:train:170 - [iter:23/50][iter_time:78.94]
2024-08-31 22:28:54.036 | INFO     | DCDH:train:167 - [epoch:1/3][loss:2.033097]
2024-08-31 22:29:20.018 | INFO     | DCDH:train:167 - [epoch:2/3][loss:1.845462]
2024-08-31 22:29:46.034 | INFO     | DCDH:train:167 - [epoch:3/3][loss:1.715081]
2024-08-31 22:29:46.035 | INFO     | DCDH:train:170 - [iter:24/50][iter_time:77.80]
2024-08-31 22:30:11.747 | INFO     | DCDH:train:167 - [epoch:1/3][loss:1.961479]
2024-08-31 22:30:37.702 | INFO     | DCDH:train:167 - [epoch:2/3][loss:1.816906]
2024-08-31 22:31:03.771 | INFO     | DCDH:train:167 - [epoch:3/3][loss:1.688283]
2024-08-31 22:31:03.772 | INFO     | DCDH:train:170 - [iter:25/50][iter_time:77.74]
2024-08-31 22:38:27.277 | INFO     | DCDH:train:242 - [iter:25/50][code_length:32][mAP:0.56945][mAP_all:0.75759][best_mAP:0.56952]
2024-08-31 22:38:27.277 | INFO     | DCDH:train:243 - [iter:25/50][code_length:32][zs_mAP:0.51030][zs_mAP_all:0.55184]
2024-08-31 22:38:54.478 | INFO     | DCDH:train:167 - [epoch:1/3][loss:2.036620]
2024-08-31 22:39:22.847 | INFO     | DCDH:train:167 - [epoch:2/3][loss:1.824975]
2024-08-31 22:39:50.739 | INFO     | DCDH:train:167 - [epoch:3/3][loss:1.704638]
2024-08-31 22:39:50.740 | INFO     | DCDH:train:170 - [iter:26/50][iter_time:83.46]
2024-08-31 22:40:17.413 | INFO     | DCDH:train:167 - [epoch:1/3][loss:2.002039]
2024-08-31 22:40:43.843 | INFO     | DCDH:train:167 - [epoch:2/3][loss:1.778761]
2024-08-31 22:41:09.647 | INFO     | DCDH:train:167 - [epoch:3/3][loss:1.718550]
2024-08-31 22:41:09.648 | INFO     | DCDH:train:170 - [iter:27/50][iter_time:78.91]
2024-08-31 22:41:35.756 | INFO     | DCDH:train:167 - [epoch:1/3][loss:1.929451]
2024-08-31 22:42:01.918 | INFO     | DCDH:train:167 - [epoch:2/3][loss:1.805978]
2024-08-31 22:42:26.347 | INFO     | DCDH:train:167 - [epoch:3/3][loss:1.734118]
2024-08-31 22:42:26.347 | INFO     | DCDH:train:170 - [iter:28/50][iter_time:76.70]
2024-08-31 22:42:52.475 | INFO     | DCDH:train:167 - [epoch:1/3][loss:1.997392]
2024-08-31 22:43:18.228 | INFO     | DCDH:train:167 - [epoch:2/3][loss:1.847856]
2024-08-31 22:43:43.976 | INFO     | DCDH:train:167 - [epoch:3/3][loss:1.727232]
2024-08-31 22:43:43.977 | INFO     | DCDH:train:170 - [iter:29/50][iter_time:77.63]
2024-08-31 22:44:10.036 | INFO     | DCDH:train:167 - [epoch:1/3][loss:1.967714]
2024-08-31 22:44:36.436 | INFO     | DCDH:train:167 - [epoch:2/3][loss:1.845604]
2024-08-31 22:45:02.571 | INFO     | DCDH:train:167 - [epoch:3/3][loss:1.744096]
2024-08-31 22:45:02.572 | INFO     | DCDH:train:170 - [iter:30/50][iter_time:78.59]
2024-08-31 22:52:27.066 | INFO     | DCDH:train:242 - [iter:30/50][code_length:32][mAP:0.55945][mAP_all:0.75597][best_mAP:0.56952]
2024-08-31 22:52:27.067 | INFO     | DCDH:train:243 - [iter:30/50][code_length:32][zs_mAP:0.49229][zs_mAP_all:0.53140]
2024-08-31 22:52:53.682 | INFO     | DCDH:train:167 - [epoch:1/3][loss:1.978393]
2024-08-31 22:53:22.328 | INFO     | DCDH:train:167 - [epoch:2/3][loss:1.832853]
2024-08-31 22:53:49.453 | INFO     | DCDH:train:167 - [epoch:3/3][loss:1.712803]
2024-08-31 22:53:49.454 | INFO     | DCDH:train:170 - [iter:31/50][iter_time:82.39]
2024-08-31 22:54:16.948 | INFO     | DCDH:train:167 - [epoch:1/3][loss:1.963736]
2024-08-31 22:54:43.957 | INFO     | DCDH:train:167 - [epoch:2/3][loss:1.795075]
2024-08-31 22:55:10.558 | INFO     | DCDH:train:167 - [epoch:3/3][loss:1.682494]
2024-08-31 22:55:10.559 | INFO     | DCDH:train:170 - [iter:32/50][iter_time:81.10]
2024-08-31 22:55:36.000 | INFO     | DCDH:train:167 - [epoch:1/3][loss:1.917556]
2024-08-31 22:56:01.900 | INFO     | DCDH:train:167 - [epoch:2/3][loss:1.766312]
2024-08-31 22:56:27.730 | INFO     | DCDH:train:167 - [epoch:3/3][loss:1.699966]
2024-08-31 22:56:27.730 | INFO     | DCDH:train:170 - [iter:33/50][iter_time:77.17]
2024-08-31 22:56:53.490 | INFO     | DCDH:train:167 - [epoch:1/3][loss:1.921741]
2024-08-31 22:57:19.391 | INFO     | DCDH:train:167 - [epoch:2/3][loss:1.751025]
2024-08-31 22:57:45.232 | INFO     | DCDH:train:167 - [epoch:3/3][loss:1.660362]
2024-08-31 22:57:45.232 | INFO     | DCDH:train:170 - [iter:34/50][iter_time:77.50]
2024-08-31 22:58:11.195 | INFO     | DCDH:train:167 - [epoch:1/3][loss:1.963451]
2024-08-31 22:58:37.164 | INFO     | DCDH:train:167 - [epoch:2/3][loss:1.744159]
2024-08-31 22:59:03.180 | INFO     | DCDH:train:167 - [epoch:3/3][loss:1.695197]
2024-08-31 22:59:03.181 | INFO     | DCDH:train:170 - [iter:35/50][iter_time:77.95]
2024-08-31 23:06:28.308 | INFO     | DCDH:train:242 - [iter:35/50][code_length:32][mAP:0.56511][mAP_all:0.75329][best_mAP:0.56952]
2024-08-31 23:06:28.308 | INFO     | DCDH:train:243 - [iter:35/50][code_length:32][zs_mAP:0.51099][zs_mAP_all:0.55495]
2024-08-31 23:06:55.145 | INFO     | DCDH:train:167 - [epoch:1/3][loss:1.936412]
2024-08-31 23:07:21.996 | INFO     | DCDH:train:167 - [epoch:2/3][loss:1.712151]
2024-08-31 23:07:49.231 | INFO     | DCDH:train:167 - [epoch:3/3][loss:1.648449]
2024-08-31 23:07:49.232 | INFO     | DCDH:train:170 - [iter:36/50][iter_time:80.92]
2024-08-31 23:08:16.963 | INFO     | DCDH:train:167 - [epoch:1/3][loss:1.895626]
2024-08-31 23:08:44.512 | INFO     | DCDH:train:167 - [epoch:2/3][loss:1.733659]
2024-08-31 23:09:10.654 | INFO     | DCDH:train:167 - [epoch:3/3][loss:1.629783]
2024-08-31 23:09:10.655 | INFO     | DCDH:train:170 - [iter:37/50][iter_time:81.42]
2024-08-31 23:09:36.619 | INFO     | DCDH:train:167 - [epoch:1/3][loss:1.938902]
2024-08-31 23:10:02.684 | INFO     | DCDH:train:167 - [epoch:2/3][loss:1.739769]
2024-08-31 23:10:28.093 | INFO     | DCDH:train:167 - [epoch:3/3][loss:1.653391]
2024-08-31 23:10:28.093 | INFO     | DCDH:train:170 - [iter:38/50][iter_time:77.44]
2024-08-31 23:10:53.522 | INFO     | DCDH:train:167 - [epoch:1/3][loss:1.964206]
2024-08-31 23:11:19.242 | INFO     | DCDH:train:167 - [epoch:2/3][loss:1.774801]
2024-08-31 23:11:45.316 | INFO     | DCDH:train:167 - [epoch:3/3][loss:1.661224]
2024-08-31 23:11:45.317 | INFO     | DCDH:train:170 - [iter:39/50][iter_time:77.22]
2024-08-31 23:12:10.918 | INFO     | DCDH:train:167 - [epoch:1/3][loss:1.927974]
2024-08-31 23:12:36.381 | INFO     | DCDH:train:167 - [epoch:2/3][loss:1.765642]
2024-08-31 23:13:02.021 | INFO     | DCDH:train:167 - [epoch:3/3][loss:1.679621]
2024-08-31 23:13:02.022 | INFO     | DCDH:train:170 - [iter:40/50][iter_time:76.71]
2024-08-31 23:20:24.180 | INFO     | DCDH:train:242 - [iter:40/50][code_length:32][mAP:0.56412][mAP_all:0.75918][best_mAP:0.56952]
2024-08-31 23:20:24.180 | INFO     | DCDH:train:243 - [iter:40/50][code_length:32][zs_mAP:0.50358][zs_mAP_all:0.54806]
2024-08-31 23:20:51.214 | INFO     | DCDH:train:167 - [epoch:1/3][loss:1.962195]
2024-08-31 23:21:18.262 | INFO     | DCDH:train:167 - [epoch:2/3][loss:1.806852]
2024-08-31 23:21:45.587 | INFO     | DCDH:train:167 - [epoch:3/3][loss:1.704402]
2024-08-31 23:21:45.587 | INFO     | DCDH:train:170 - [iter:41/50][iter_time:81.41]
2024-08-31 23:22:12.325 | INFO     | DCDH:train:167 - [epoch:1/3][loss:1.885496]
2024-08-31 23:22:39.931 | INFO     | DCDH:train:167 - [epoch:2/3][loss:1.743666]
2024-08-31 23:23:07.580 | INFO     | DCDH:train:167 - [epoch:3/3][loss:1.598851]
2024-08-31 23:23:07.580 | INFO     | DCDH:train:170 - [iter:42/50][iter_time:81.99]
2024-08-31 23:23:34.325 | INFO     | DCDH:train:167 - [epoch:1/3][loss:1.882571]
2024-08-31 23:24:01.198 | INFO     | DCDH:train:167 - [epoch:2/3][loss:1.747456]
2024-08-31 23:24:27.463 | INFO     | DCDH:train:167 - [epoch:3/3][loss:1.578032]
2024-08-31 23:24:27.464 | INFO     | DCDH:train:170 - [iter:43/50][iter_time:79.88]
2024-08-31 23:24:53.543 | INFO     | DCDH:train:167 - [epoch:1/3][loss:1.839444]
2024-08-31 23:25:19.505 | INFO     | DCDH:train:167 - [epoch:2/3][loss:1.775832]
2024-08-31 23:25:45.671 | INFO     | DCDH:train:167 - [epoch:3/3][loss:1.605961]
2024-08-31 23:25:45.671 | INFO     | DCDH:train:170 - [iter:44/50][iter_time:78.21]
2024-08-31 23:26:11.133 | INFO     | DCDH:train:167 - [epoch:1/3][loss:1.912311]
2024-08-31 23:26:37.259 | INFO     | DCDH:train:167 - [epoch:2/3][loss:1.780536]
2024-08-31 23:27:03.321 | INFO     | DCDH:train:167 - [epoch:3/3][loss:1.677508]
2024-08-31 23:27:03.322 | INFO     | DCDH:train:170 - [iter:45/50][iter_time:77.65]
2024-08-31 23:34:28.713 | INFO     | DCDH:train:242 - [iter:45/50][code_length:32][mAP:0.57049][mAP_all:0.76107][best_mAP:0.57049]
2024-08-31 23:34:28.714 | INFO     | DCDH:train:243 - [iter:45/50][code_length:32][zs_mAP:0.49082][zs_mAP_all:0.53165]
2024-08-31 23:34:55.732 | INFO     | DCDH:train:167 - [epoch:1/3][loss:1.901592]
2024-08-31 23:35:22.506 | INFO     | DCDH:train:167 - [epoch:2/3][loss:1.864018]
2024-08-31 23:35:50.413 | INFO     | DCDH:train:167 - [epoch:3/3][loss:1.831377]
2024-08-31 23:35:50.413 | INFO     | DCDH:train:170 - [iter:46/50][iter_time:81.70]
2024-08-31 23:43:12.221 | INFO     | DCDH:train:242 - [iter:46/50][code_length:32][mAP:0.58108][mAP_all:0.76658][best_mAP:0.58108]
2024-08-31 23:43:12.222 | INFO     | DCDH:train:243 - [iter:46/50][code_length:32][zs_mAP:0.50206][zs_mAP_all:0.54079]
2024-08-31 23:43:38.149 | INFO     | DCDH:train:167 - [epoch:1/3][loss:1.871836]
2024-08-31 23:44:05.286 | INFO     | DCDH:train:167 - [epoch:2/3][loss:1.799861]
2024-08-31 23:44:32.408 | INFO     | DCDH:train:167 - [epoch:3/3][loss:1.755031]
2024-08-31 23:44:32.408 | INFO     | DCDH:train:170 - [iter:47/50][iter_time:80.19]
2024-08-31 23:51:55.032 | INFO     | DCDH:train:242 - [iter:47/50][code_length:32][mAP:0.58720][mAP_all:0.76962][best_mAP:0.58720]
2024-08-31 23:51:55.033 | INFO     | DCDH:train:243 - [iter:47/50][code_length:32][zs_mAP:0.50124][zs_mAP_all:0.54187]
2024-08-31 23:52:21.293 | INFO     | DCDH:train:167 - [epoch:1/3][loss:1.839779]
2024-08-31 23:52:47.932 | INFO     | DCDH:train:167 - [epoch:2/3][loss:1.852060]
2024-08-31 23:53:15.430 | INFO     | DCDH:train:167 - [epoch:3/3][loss:1.791720]
2024-08-31 23:53:15.430 | INFO     | DCDH:train:170 - [iter:48/50][iter_time:80.40]
2024-09-01 00:00:38.746 | INFO     | DCDH:train:242 - [iter:48/50][code_length:32][mAP:0.58653][mAP_all:0.77013][best_mAP:0.58720]
2024-09-01 00:00:38.747 | INFO     | DCDH:train:243 - [iter:48/50][code_length:32][zs_mAP:0.50226][zs_mAP_all:0.54509]
2024-09-01 00:01:05.739 | INFO     | DCDH:train:167 - [epoch:1/3][loss:1.790406]
2024-09-01 00:01:33.464 | INFO     | DCDH:train:167 - [epoch:2/3][loss:1.811344]
2024-09-01 00:02:00.995 | INFO     | DCDH:train:167 - [epoch:3/3][loss:1.753489]
2024-09-01 00:02:00.995 | INFO     | DCDH:train:170 - [iter:49/50][iter_time:82.25]
2024-09-01 00:09:23.504 | INFO     | DCDH:train:242 - [iter:49/50][code_length:32][mAP:0.58820][mAP_all:0.77253][best_mAP:0.58820]
2024-09-01 00:09:23.505 | INFO     | DCDH:train:243 - [iter:49/50][code_length:32][zs_mAP:0.50605][zs_mAP_all:0.54699]
2024-09-01 00:09:50.150 | INFO     | DCDH:train:167 - [epoch:1/3][loss:1.823841]
2024-09-01 00:10:16.978 | INFO     | DCDH:train:167 - [epoch:2/3][loss:1.828704]
2024-09-01 00:10:43.789 | INFO     | DCDH:train:167 - [epoch:3/3][loss:1.770611]
2024-09-01 00:10:43.789 | INFO     | DCDH:train:170 - [iter:50/50][iter_time:80.28]
2024-09-01 00:18:05.435 | INFO     | DCDH:train:242 - [iter:50/50][code_length:32][mAP:0.58886][mAP_all:0.77467][best_mAP:0.58886]
2024-09-01 00:18:05.436 | INFO     | DCDH:train:243 - [iter:50/50][code_length:32][zs_mAP:0.50925][zs_mAP_all:0.54867]
2024-09-01 00:18:05.436 | INFO     | DCDH:train:246 - [Training time:10183.11]
2024-09-01 00:18:05.438 | INFO     | __main__:run:138 - [code_length:32][map:0.5889][map_all:0.7747][zs_map:0.5093][zs_map_all:0.5487]
2024-09-01 00:18:32.013 | INFO     | DCDH:train:167 - [epoch:1/3][loss:3.330033]
2024-09-01 00:18:59.315 | INFO     | DCDH:train:167 - [epoch:2/3][loss:2.370812]
2024-09-01 00:19:26.278 | INFO     | DCDH:train:167 - [epoch:3/3][loss:2.032363]
2024-09-01 00:19:26.279 | INFO     | DCDH:train:170 - [iter:1/50][iter_time:80.28]
2024-09-01 00:19:52.693 | INFO     | DCDH:train:167 - [epoch:1/3][loss:2.720717]
2024-09-01 00:20:18.864 | INFO     | DCDH:train:167 - [epoch:2/3][loss:2.291228]
2024-09-01 00:20:44.959 | INFO     | DCDH:train:167 - [epoch:3/3][loss:2.107397]
2024-09-01 00:20:44.960 | INFO     | DCDH:train:170 - [iter:2/50][iter_time:78.68]
2024-09-01 00:21:10.936 | INFO     | DCDH:train:167 - [epoch:1/3][loss:2.575693]
2024-09-01 00:21:37.068 | INFO     | DCDH:train:167 - [epoch:2/3][loss:2.222229]
2024-09-01 00:22:02.811 | INFO     | DCDH:train:167 - [epoch:3/3][loss:2.001923]
2024-09-01 00:22:02.812 | INFO     | DCDH:train:170 - [iter:3/50][iter_time:77.85]
2024-09-01 00:22:28.868 | INFO     | DCDH:train:167 - [epoch:1/3][loss:2.384235]
2024-09-01 00:22:54.974 | INFO     | DCDH:train:167 - [epoch:2/3][loss:2.111280]
2024-09-01 00:23:21.058 | INFO     | DCDH:train:167 - [epoch:3/3][loss:1.993415]
2024-09-01 00:23:21.059 | INFO     | DCDH:train:170 - [iter:4/50][iter_time:78.25]
2024-09-01 00:23:47.069 | INFO     | DCDH:train:167 - [epoch:1/3][loss:2.386555]
2024-09-01 00:24:13.096 | INFO     | DCDH:train:167 - [epoch:2/3][loss:2.129451]
2024-09-01 00:24:39.084 | INFO     | DCDH:train:167 - [epoch:3/3][loss:1.960416]
2024-09-01 00:24:39.084 | INFO     | DCDH:train:170 - [iter:5/50][iter_time:78.03]
2024-09-01 00:32:04.365 | INFO     | DCDH:train:242 - [iter:5/50][code_length:64][mAP:0.54109][mAP_all:0.75580][best_mAP:0.54109]
2024-09-01 00:32:04.366 | INFO     | DCDH:train:243 - [iter:5/50][code_length:64][zs_mAP:0.51847][zs_mAP_all:0.56690]
2024-09-01 00:32:31.856 | INFO     | DCDH:train:167 - [epoch:1/3][loss:2.324632]
2024-09-01 00:32:59.111 | INFO     | DCDH:train:167 - [epoch:2/3][loss:2.077243]
2024-09-01 00:33:26.021 | INFO     | DCDH:train:167 - [epoch:3/3][loss:1.937255]
2024-09-01 00:33:26.022 | INFO     | DCDH:train:170 - [iter:6/50][iter_time:81.66]
2024-09-01 00:33:52.855 | INFO     | DCDH:train:167 - [epoch:1/3][loss:2.293083]
2024-09-01 00:34:19.154 | INFO     | DCDH:train:167 - [epoch:2/3][loss:2.037778]
2024-09-01 00:34:44.840 | INFO     | DCDH:train:167 - [epoch:3/3][loss:1.954946]
2024-09-01 00:34:44.840 | INFO     | DCDH:train:170 - [iter:7/50][iter_time:78.82]
2024-09-01 00:35:11.121 | INFO     | DCDH:train:167 - [epoch:1/3][loss:2.313132]
2024-09-01 00:35:37.639 | INFO     | DCDH:train:167 - [epoch:2/3][loss:2.007566]
2024-09-01 00:36:04.029 | INFO     | DCDH:train:167 - [epoch:3/3][loss:1.873096]
2024-09-01 00:36:04.030 | INFO     | DCDH:train:170 - [iter:8/50][iter_time:79.19]
2024-09-01 00:36:29.912 | INFO     | DCDH:train:167 - [epoch:1/3][loss:2.213209]
2024-09-01 00:36:55.608 | INFO     | DCDH:train:167 - [epoch:2/3][loss:2.011294]
2024-09-01 00:37:20.535 | INFO     | DCDH:train:167 - [epoch:3/3][loss:1.880368]
2024-09-01 00:37:20.536 | INFO     | DCDH:train:170 - [iter:9/50][iter_time:76.51]
2024-09-01 00:37:46.234 | INFO     | DCDH:train:167 - [epoch:1/3][loss:2.236646]
2024-09-01 00:38:11.954 | INFO     | DCDH:train:167 - [epoch:2/3][loss:2.056666]
2024-09-01 00:38:37.060 | INFO     | DCDH:train:167 - [epoch:3/3][loss:1.909287]
2024-09-01 00:38:37.061 | INFO     | DCDH:train:170 - [iter:10/50][iter_time:76.52]
2024-09-01 00:45:49.005 | INFO     | DCDH:train:242 - [iter:10/50][code_length:64][mAP:0.55550][mAP_all:0.76946][best_mAP:0.55550]
2024-09-01 00:45:49.006 | INFO     | DCDH:train:243 - [iter:10/50][code_length:64][zs_mAP:0.53269][zs_mAP_all:0.57860]
2024-09-01 00:46:15.793 | INFO     | DCDH:train:167 - [epoch:1/3][loss:2.181926]
2024-09-01 00:46:42.183 | INFO     | DCDH:train:167 - [epoch:2/3][loss:1.917021]
2024-09-01 00:47:09.158 | INFO     | DCDH:train:167 - [epoch:3/3][loss:1.828913]
2024-09-01 00:47:09.158 | INFO     | DCDH:train:170 - [iter:11/50][iter_time:80.15]
2024-09-01 00:47:36.582 | INFO     | DCDH:train:167 - [epoch:1/3][loss:2.180704]
2024-09-01 00:48:03.712 | INFO     | DCDH:train:167 - [epoch:2/3][loss:2.025187]
2024-09-01 00:48:29.883 | INFO     | DCDH:train:167 - [epoch:3/3][loss:1.844614]
2024-09-01 00:48:29.884 | INFO     | DCDH:train:170 - [iter:12/50][iter_time:80.73]
2024-09-01 00:48:55.964 | INFO     | DCDH:train:167 - [epoch:1/3][loss:2.208144]
2024-09-01 00:49:22.418 | INFO     | DCDH:train:167 - [epoch:2/3][loss:1.966955]
2024-09-01 00:49:49.177 | INFO     | DCDH:train:167 - [epoch:3/3][loss:1.829583]
2024-09-01 00:49:49.178 | INFO     | DCDH:train:170 - [iter:13/50][iter_time:79.29]
2024-09-01 00:50:16.175 | INFO     | DCDH:train:167 - [epoch:1/3][loss:2.184173]
2024-09-01 00:50:42.957 | INFO     | DCDH:train:167 - [epoch:2/3][loss:2.008277]
2024-09-01 00:51:09.725 | INFO     | DCDH:train:167 - [epoch:3/3][loss:1.877639]
2024-09-01 00:51:09.726 | INFO     | DCDH:train:170 - [iter:14/50][iter_time:80.55]
2024-09-01 00:51:36.248 | INFO     | DCDH:train:167 - [epoch:1/3][loss:2.123888]
2024-09-01 00:52:02.070 | INFO     | DCDH:train:167 - [epoch:2/3][loss:1.926470]
2024-09-01 00:52:27.856 | INFO     | DCDH:train:167 - [epoch:3/3][loss:1.809146]
2024-09-01 00:52:27.857 | INFO     | DCDH:train:170 - [iter:15/50][iter_time:78.13]
2024-09-01 00:59:43.491 | INFO     | DCDH:train:242 - [iter:15/50][code_length:64][mAP:0.55275][mAP_all:0.75620][best_mAP:0.55550]
2024-09-01 00:59:43.491 | INFO     | DCDH:train:243 - [iter:15/50][code_length:64][zs_mAP:0.50501][zs_mAP_all:0.55619]
2024-09-01 01:00:10.996 | INFO     | DCDH:train:167 - [epoch:1/3][loss:2.103875]
2024-09-01 01:00:38.052 | INFO     | DCDH:train:167 - [epoch:2/3][loss:1.978364]
2024-09-01 01:01:05.006 | INFO     | DCDH:train:167 - [epoch:3/3][loss:1.815542]
2024-09-01 01:01:05.007 | INFO     | DCDH:train:170 - [iter:16/50][iter_time:81.52]
2024-09-01 01:01:32.480 | INFO     | DCDH:train:167 - [epoch:1/3][loss:2.082707]
2024-09-01 01:01:59.423 | INFO     | DCDH:train:167 - [epoch:2/3][loss:1.914184]
2024-09-01 01:02:26.998 | INFO     | DCDH:train:167 - [epoch:3/3][loss:1.825998]
2024-09-01 01:02:26.999 | INFO     | DCDH:train:170 - [iter:17/50][iter_time:81.99]
2024-09-01 01:02:54.145 | INFO     | DCDH:train:167 - [epoch:1/3][loss:2.089847]
2024-09-01 01:03:20.490 | INFO     | DCDH:train:167 - [epoch:2/3][loss:1.938747]
2024-09-01 01:03:46.058 | INFO     | DCDH:train:167 - [epoch:3/3][loss:1.793136]
2024-09-01 01:03:46.059 | INFO     | DCDH:train:170 - [iter:18/50][iter_time:79.06]
2024-09-01 01:04:11.179 | INFO     | DCDH:train:167 - [epoch:1/3][loss:2.018219]
2024-09-01 01:04:36.133 | INFO     | DCDH:train:167 - [epoch:2/3][loss:1.908210]
2024-09-01 01:05:02.261 | INFO     | DCDH:train:167 - [epoch:3/3][loss:1.793964]
2024-09-01 01:05:02.261 | INFO     | DCDH:train:170 - [iter:19/50][iter_time:76.20]
2024-09-01 01:05:28.387 | INFO     | DCDH:train:167 - [epoch:1/3][loss:2.066359]
2024-09-01 01:05:54.496 | INFO     | DCDH:train:167 - [epoch:2/3][loss:1.876344]
2024-09-01 01:06:20.755 | INFO     | DCDH:train:167 - [epoch:3/3][loss:1.780158]
2024-09-01 01:06:20.756 | INFO     | DCDH:train:170 - [iter:20/50][iter_time:78.49]
2024-09-01 01:13:31.053 | INFO     | DCDH:train:242 - [iter:20/50][code_length:64][mAP:0.57374][mAP_all:0.76827][best_mAP:0.57374]
2024-09-01 01:13:31.054 | INFO     | DCDH:train:243 - [iter:20/50][code_length:64][zs_mAP:0.51243][zs_mAP_all:0.56507]
2024-09-01 01:13:57.623 | INFO     | DCDH:train:167 - [epoch:1/3][loss:2.032812]
2024-09-01 01:14:25.283 | INFO     | DCDH:train:167 - [epoch:2/3][loss:1.884751]
2024-09-01 01:14:52.486 | INFO     | DCDH:train:167 - [epoch:3/3][loss:1.800167]
2024-09-01 01:14:52.487 | INFO     | DCDH:train:170 - [iter:21/50][iter_time:81.43]
2024-09-01 01:15:18.816 | INFO     | DCDH:train:167 - [epoch:1/3][loss:2.047423]
2024-09-01 01:15:46.710 | INFO     | DCDH:train:167 - [epoch:2/3][loss:1.880054]
2024-09-01 01:16:13.589 | INFO     | DCDH:train:167 - [epoch:3/3][loss:1.791774]
2024-09-01 01:16:13.590 | INFO     | DCDH:train:170 - [iter:22/50][iter_time:81.10]
2024-09-01 01:16:39.927 | INFO     | DCDH:train:167 - [epoch:1/3][loss:2.108340]
2024-09-01 01:17:06.652 | INFO     | DCDH:train:167 - [epoch:2/3][loss:1.877832]
2024-09-01 01:17:33.516 | INFO     | DCDH:train:167 - [epoch:3/3][loss:1.771152]
2024-09-01 01:17:33.517 | INFO     | DCDH:train:170 - [iter:23/50][iter_time:79.93]
2024-09-01 01:18:00.676 | INFO     | DCDH:train:167 - [epoch:1/3][loss:2.071718]
2024-09-01 01:18:27.102 | INFO     | DCDH:train:167 - [epoch:2/3][loss:1.849158]
2024-09-01 01:18:53.430 | INFO     | DCDH:train:167 - [epoch:3/3][loss:1.759356]
2024-09-01 01:18:53.431 | INFO     | DCDH:train:170 - [iter:24/50][iter_time:79.91]
2024-09-01 01:19:20.022 | INFO     | DCDH:train:167 - [epoch:1/3][loss:2.001859]
2024-09-01 01:19:46.609 | INFO     | DCDH:train:167 - [epoch:2/3][loss:1.836260]
2024-09-01 01:20:13.099 | INFO     | DCDH:train:167 - [epoch:3/3][loss:1.690363]
2024-09-01 01:20:13.100 | INFO     | DCDH:train:170 - [iter:25/50][iter_time:79.67]
2024-09-01 01:27:28.913 | INFO     | DCDH:train:242 - [iter:25/50][code_length:64][mAP:0.57553][mAP_all:0.77077][best_mAP:0.57553]
2024-09-01 01:27:28.914 | INFO     | DCDH:train:243 - [iter:25/50][code_length:64][zs_mAP:0.50823][zs_mAP_all:0.56128]
2024-09-01 01:27:56.236 | INFO     | DCDH:train:167 - [epoch:1/3][loss:2.067129]
2024-09-01 01:28:22.827 | INFO     | DCDH:train:167 - [epoch:2/3][loss:1.903599]
2024-09-01 01:28:49.660 | INFO     | DCDH:train:167 - [epoch:3/3][loss:1.767618]
2024-09-01 01:28:49.661 | INFO     | DCDH:train:170 - [iter:26/50][iter_time:80.75]
2024-09-01 01:29:16.015 | INFO     | DCDH:train:167 - [epoch:1/3][loss:2.033677]
2024-09-01 01:29:42.621 | INFO     | DCDH:train:167 - [epoch:2/3][loss:1.866579]
2024-09-01 01:30:09.171 | INFO     | DCDH:train:167 - [epoch:3/3][loss:1.727031]
2024-09-01 01:30:09.172 | INFO     | DCDH:train:170 - [iter:27/50][iter_time:79.51]
2024-09-01 01:30:36.246 | INFO     | DCDH:train:167 - [epoch:1/3][loss:1.984958]
2024-09-01 01:31:03.267 | INFO     | DCDH:train:167 - [epoch:2/3][loss:1.777253]
2024-09-01 01:31:30.486 | INFO     | DCDH:train:167 - [epoch:3/3][loss:1.713821]
2024-09-01 01:31:30.486 | INFO     | DCDH:train:170 - [iter:28/50][iter_time:81.31]
2024-09-01 01:31:57.484 | INFO     | DCDH:train:167 - [epoch:1/3][loss:2.016856]
2024-09-01 01:32:24.228 | INFO     | DCDH:train:167 - [epoch:2/3][loss:1.835771]
2024-09-01 01:32:51.258 | INFO     | DCDH:train:167 - [epoch:3/3][loss:1.705237]
2024-09-01 01:32:51.259 | INFO     | DCDH:train:170 - [iter:29/50][iter_time:80.77]
2024-09-01 01:33:17.430 | INFO     | DCDH:train:167 - [epoch:1/3][loss:2.022921]
2024-09-01 01:33:43.456 | INFO     | DCDH:train:167 - [epoch:2/3][loss:1.862318]
2024-09-01 01:34:09.493 | INFO     | DCDH:train:167 - [epoch:3/3][loss:1.722878]
2024-09-01 01:34:09.494 | INFO     | DCDH:train:170 - [iter:30/50][iter_time:78.23]
2024-09-01 01:41:30.240 | INFO     | DCDH:train:242 - [iter:30/50][code_length:64][mAP:0.57583][mAP_all:0.76393][best_mAP:0.57583]
2024-09-01 01:41:30.241 | INFO     | DCDH:train:243 - [iter:30/50][code_length:64][zs_mAP:0.48350][zs_mAP_all:0.53447]
2024-09-01 01:41:57.094 | INFO     | DCDH:train:167 - [epoch:1/3][loss:1.982507]
2024-09-01 01:42:23.658 | INFO     | DCDH:train:167 - [epoch:2/3][loss:1.831327]
2024-09-01 01:42:50.623 | INFO     | DCDH:train:167 - [epoch:3/3][loss:1.739445]
2024-09-01 01:42:50.624 | INFO     | DCDH:train:170 - [iter:31/50][iter_time:80.38]
2024-09-01 01:43:16.861 | INFO     | DCDH:train:167 - [epoch:1/3][loss:2.062367]
2024-09-01 01:43:43.491 | INFO     | DCDH:train:167 - [epoch:2/3][loss:1.858678]
2024-09-01 01:44:11.904 | INFO     | DCDH:train:167 - [epoch:3/3][loss:1.721545]
2024-09-01 01:44:11.904 | INFO     | DCDH:train:170 - [iter:32/50][iter_time:81.28]
2024-09-01 01:44:38.712 | INFO     | DCDH:train:167 - [epoch:1/3][loss:2.018078]
2024-09-01 01:45:05.381 | INFO     | DCDH:train:167 - [epoch:2/3][loss:1.828223]
2024-09-01 01:45:31.696 | INFO     | DCDH:train:167 - [epoch:3/3][loss:1.692507]
2024-09-01 01:45:31.696 | INFO     | DCDH:train:170 - [iter:33/50][iter_time:79.79]
2024-09-01 01:45:57.909 | INFO     | DCDH:train:167 - [epoch:1/3][loss:1.947731]
2024-09-01 01:46:24.114 | INFO     | DCDH:train:167 - [epoch:2/3][loss:1.785322]
2024-09-01 01:46:49.976 | INFO     | DCDH:train:167 - [epoch:3/3][loss:1.692907]
2024-09-01 01:46:49.977 | INFO     | DCDH:train:170 - [iter:34/50][iter_time:78.28]
2024-09-01 01:47:16.253 | INFO     | DCDH:train:167 - [epoch:1/3][loss:2.027056]
2024-09-01 01:47:42.349 | INFO     | DCDH:train:167 - [epoch:2/3][loss:1.830876]
2024-09-01 01:48:07.739 | INFO     | DCDH:train:167 - [epoch:3/3][loss:1.743759]
2024-09-01 01:48:07.739 | INFO     | DCDH:train:170 - [iter:35/50][iter_time:77.76]
2024-09-01 01:55:30.527 | INFO     | DCDH:train:242 - [iter:35/50][code_length:64][mAP:0.56635][mAP_all:0.75274][best_mAP:0.57583]
2024-09-01 01:55:30.527 | INFO     | DCDH:train:243 - [iter:35/50][code_length:64][zs_mAP:0.48448][zs_mAP_all:0.53706]
2024-09-01 01:55:58.255 | INFO     | DCDH:train:167 - [epoch:1/3][loss:1.993878]
2024-09-01 01:56:27.027 | INFO     | DCDH:train:167 - [epoch:2/3][loss:1.809814]
2024-09-01 01:56:53.905 | INFO     | DCDH:train:167 - [epoch:3/3][loss:1.734424]
2024-09-01 01:56:53.906 | INFO     | DCDH:train:170 - [iter:36/50][iter_time:83.38]
2024-09-01 01:57:21.250 | INFO     | DCDH:train:167 - [epoch:1/3][loss:1.980989]
2024-09-01 01:57:47.959 | INFO     | DCDH:train:167 - [epoch:2/3][loss:1.810034]
2024-09-01 01:58:14.581 | INFO     | DCDH:train:167 - [epoch:3/3][loss:1.674011]
2024-09-01 01:58:14.581 | INFO     | DCDH:train:170 - [iter:37/50][iter_time:80.67]
2024-09-01 01:58:41.362 | INFO     | DCDH:train:167 - [epoch:1/3][loss:2.008600]
2024-09-01 01:59:08.528 | INFO     | DCDH:train:167 - [epoch:2/3][loss:1.813104]
2024-09-01 01:59:34.983 | INFO     | DCDH:train:167 - [epoch:3/3][loss:1.674367]
2024-09-01 01:59:34.984 | INFO     | DCDH:train:170 - [iter:38/50][iter_time:80.40]
2024-09-01 02:00:01.272 | INFO     | DCDH:train:167 - [epoch:1/3][loss:1.970466]
2024-09-01 02:00:26.149 | INFO     | DCDH:train:167 - [epoch:2/3][loss:1.764114]
2024-09-01 02:00:53.342 | INFO     | DCDH:train:167 - [epoch:3/3][loss:1.657912]
2024-09-01 02:00:53.343 | INFO     | DCDH:train:170 - [iter:39/50][iter_time:78.36]
2024-09-01 02:01:20.440 | INFO     | DCDH:train:167 - [epoch:1/3][loss:1.914498]
2024-09-01 02:01:47.682 | INFO     | DCDH:train:167 - [epoch:2/3][loss:1.728261]
2024-09-01 02:02:14.620 | INFO     | DCDH:train:167 - [epoch:3/3][loss:1.643159]
2024-09-01 02:02:14.620 | INFO     | DCDH:train:170 - [iter:40/50][iter_time:81.28]
2024-09-01 02:09:39.651 | INFO     | DCDH:train:242 - [iter:40/50][code_length:64][mAP:0.58688][mAP_all:0.77025][best_mAP:0.58688]
2024-09-01 02:09:39.652 | INFO     | DCDH:train:243 - [iter:40/50][code_length:64][zs_mAP:0.50403][zs_mAP_all:0.55494]
2024-09-01 02:10:07.625 | INFO     | DCDH:train:167 - [epoch:1/3][loss:1.969567]
2024-09-01 02:10:34.723 | INFO     | DCDH:train:167 - [epoch:2/3][loss:1.809203]
2024-09-01 02:11:02.815 | INFO     | DCDH:train:167 - [epoch:3/3][loss:1.708973]
2024-09-01 02:11:02.816 | INFO     | DCDH:train:170 - [iter:41/50][iter_time:83.16]
2024-09-01 02:11:29.256 | INFO     | DCDH:train:167 - [epoch:1/3][loss:1.970556]
2024-09-01 02:11:55.723 | INFO     | DCDH:train:167 - [epoch:2/3][loss:1.770781]
2024-09-01 02:12:22.500 | INFO     | DCDH:train:167 - [epoch:3/3][loss:1.662834]
2024-09-01 02:12:22.501 | INFO     | DCDH:train:170 - [iter:42/50][iter_time:79.68]
2024-09-01 02:12:49.555 | INFO     | DCDH:train:167 - [epoch:1/3][loss:1.964661]
2024-09-01 02:13:15.524 | INFO     | DCDH:train:167 - [epoch:2/3][loss:1.799646]
2024-09-01 02:13:43.031 | INFO     | DCDH:train:167 - [epoch:3/3][loss:1.688650]
2024-09-01 02:13:43.032 | INFO     | DCDH:train:170 - [iter:43/50][iter_time:80.53]
2024-09-01 02:14:09.425 | INFO     | DCDH:train:167 - [epoch:1/3][loss:1.938930]
2024-09-01 02:14:36.015 | INFO     | DCDH:train:167 - [epoch:2/3][loss:1.788891]
2024-09-01 02:15:03.226 | INFO     | DCDH:train:167 - [epoch:3/3][loss:1.631480]
2024-09-01 02:15:03.226 | INFO     | DCDH:train:170 - [iter:44/50][iter_time:80.19]
2024-09-01 02:15:29.092 | INFO     | DCDH:train:167 - [epoch:1/3][loss:1.942518]
2024-09-01 02:15:54.378 | INFO     | DCDH:train:167 - [epoch:2/3][loss:1.744231]
2024-09-01 02:16:20.541 | INFO     | DCDH:train:167 - [epoch:3/3][loss:1.619936]
2024-09-01 02:16:20.542 | INFO     | DCDH:train:170 - [iter:45/50][iter_time:77.32]
2024-09-01 02:23:43.995 | INFO     | DCDH:train:242 - [iter:45/50][code_length:64][mAP:0.58606][mAP_all:0.76857][best_mAP:0.58688]
2024-09-01 02:23:43.995 | INFO     | DCDH:train:243 - [iter:45/50][code_length:64][zs_mAP:0.49242][zs_mAP_all:0.54730]
2024-09-01 02:24:11.330 | INFO     | DCDH:train:167 - [epoch:1/3][loss:1.966595]
2024-09-01 02:24:38.868 | INFO     | DCDH:train:167 - [epoch:2/3][loss:1.932570]
2024-09-01 02:25:05.579 | INFO     | DCDH:train:167 - [epoch:3/3][loss:1.915630]
2024-09-01 02:25:05.580 | INFO     | DCDH:train:170 - [iter:46/50][iter_time:81.58]
2024-09-01 02:32:30.474 | INFO     | DCDH:train:242 - [iter:46/50][code_length:64][mAP:0.59313][mAP_all:0.77181][best_mAP:0.59313]
2024-09-01 02:32:30.475 | INFO     | DCDH:train:243 - [iter:46/50][code_length:64][zs_mAP:0.49349][zs_mAP_all:0.55232]
2024-09-01 02:32:56.486 | INFO     | DCDH:train:167 - [epoch:1/3][loss:1.933809]
2024-09-01 02:33:22.712 | INFO     | DCDH:train:167 - [epoch:2/3][loss:1.909610]
2024-09-01 02:33:48.687 | INFO     | DCDH:train:167 - [epoch:3/3][loss:1.878495]
2024-09-01 02:33:48.687 | INFO     | DCDH:train:170 - [iter:47/50][iter_time:78.21]
2024-09-01 02:41:10.268 | INFO     | DCDH:train:242 - [iter:47/50][code_length:64][mAP:0.59553][mAP_all:0.77441][best_mAP:0.59553]
2024-09-01 02:41:10.269 | INFO     | DCDH:train:243 - [iter:47/50][code_length:64][zs_mAP:0.49693][zs_mAP_all:0.55429]
2024-09-01 02:41:36.212 | INFO     | DCDH:train:167 - [epoch:1/3][loss:1.927646]
2024-09-01 02:42:02.097 | INFO     | DCDH:train:167 - [epoch:2/3][loss:1.882171]
2024-09-01 02:42:27.794 | INFO     | DCDH:train:167 - [epoch:3/3][loss:1.867062]
2024-09-01 02:42:27.794 | INFO     | DCDH:train:170 - [iter:48/50][iter_time:77.52]
2024-09-01 02:49:49.556 | INFO     | DCDH:train:242 - [iter:48/50][code_length:64][mAP:0.59480][mAP_all:0.77498][best_mAP:0.59553]
2024-09-01 02:49:49.556 | INFO     | DCDH:train:243 - [iter:48/50][code_length:64][zs_mAP:0.49895][zs_mAP_all:0.55479]
2024-09-01 02:50:16.093 | INFO     | DCDH:train:167 - [epoch:1/3][loss:1.866432]
2024-09-01 02:50:42.314 | INFO     | DCDH:train:167 - [epoch:2/3][loss:1.850135]
2024-09-01 02:51:08.789 | INFO     | DCDH:train:167 - [epoch:3/3][loss:1.805841]
2024-09-01 02:51:08.790 | INFO     | DCDH:train:170 - [iter:49/50][iter_time:79.23]
2024-09-01 02:58:32.238 | INFO     | DCDH:train:242 - [iter:49/50][code_length:64][mAP:0.59485][mAP_all:0.77534][best_mAP:0.59553]
2024-09-01 02:58:32.239 | INFO     | DCDH:train:243 - [iter:49/50][code_length:64][zs_mAP:0.50390][zs_mAP_all:0.56031]
2024-09-01 02:58:58.324 | INFO     | DCDH:train:167 - [epoch:1/3][loss:1.885519]
2024-09-01 02:59:24.305 | INFO     | DCDH:train:167 - [epoch:2/3][loss:1.851670]
2024-09-01 02:59:50.289 | INFO     | DCDH:train:167 - [epoch:3/3][loss:1.810622]
2024-09-01 02:59:50.290 | INFO     | DCDH:train:170 - [iter:50/50][iter_time:78.05]
2024-09-01 03:07:13.738 | INFO     | DCDH:train:242 - [iter:50/50][code_length:64][mAP:0.59645][mAP_all:0.77725][best_mAP:0.59645]
2024-09-01 03:07:13.739 | INFO     | DCDH:train:243 - [iter:50/50][code_length:64][zs_mAP:0.49857][zs_mAP_all:0.55612]
2024-09-01 03:07:13.740 | INFO     | DCDH:train:246 - [Training time:10147.74]
2024-09-01 03:07:13.743 | INFO     | __main__:run:138 - [code_length:64][map:0.5964][map_all:0.7772][zs_map:0.4986][zs_map_all:0.5561]
