2024-08-24 12:01:49.591 | SUCCESS  | __main__:run:54 - Namespace(ZS=15, align_step=50, arch='psldh', batch_size=16, cauchy_gamma=20.0, code_length=[16, 32, 64], data='flickr25k', dataset='flickr25kzs', device=device(type='cuda', index=1), epoch_change=11, flag='psldh', gamma=200, gpu=1, info='flickr25kzs-15-23-psldh-08-24-16,32,64-tanh1', lambd=0.1, lambd_ch=0.1, lambd_sp=0.1, lr=0.001, lr_step=[45], margin=0.1, max_epoch=3, max_iter=50, momen=0.9, nesterov=False, net='ResNet50', num_classes=23, num_query=1000, num_samples=2000, num_workers=2, num_zs=15, optim='SGD', pretrain=True, quan_loss=False, root='/4T/dataset/flickr25k', save_ckpt='checkpoints/', topk=5000, val_freq=5, wd=0.0001)
2024-08-24 12:03:04.120 | INFO     | psldh:train:161 - [epoch:1/3][loss:0.381443][loss_e:0.377859][loss_r:0.358365]
2024-08-24 12:03:48.158 | INFO     | psldh:train:161 - [epoch:2/3][loss:0.348289][loss_e:0.345695][loss_r:0.259356]
2024-08-24 12:04:30.661 | INFO     | psldh:train:161 - [epoch:3/3][loss:0.333550][loss_e:0.331149][loss_r:0.240125]
2024-08-24 12:04:30.662 | INFO     | psldh:train:166 - [iter:1/50][iter_time:141.60]
2024-08-24 12:05:12.054 | INFO     | psldh:train:161 - [epoch:1/3][loss:0.323382][loss_e:0.321125][loss_r:0.225663]
2024-08-24 12:05:51.008 | INFO     | psldh:train:161 - [epoch:2/3][loss:0.315449][loss_e:0.313440][loss_r:0.200914]
2024-08-24 12:06:25.213 | INFO     | psldh:train:161 - [epoch:3/3][loss:0.309318][loss_e:0.307542][loss_r:0.177640]
2024-08-24 12:06:25.214 | INFO     | psldh:train:166 - [iter:2/50][iter_time:114.55]
2024-08-24 12:06:50.264 | INFO     | psldh:train:161 - [epoch:1/3][loss:0.316807][loss_e:0.315120][loss_r:0.168716]
2024-08-24 12:07:19.091 | INFO     | psldh:train:161 - [epoch:2/3][loss:0.312116][loss_e:0.310551][loss_r:0.156511]
2024-08-24 12:07:49.047 | INFO     | psldh:train:161 - [epoch:3/3][loss:0.310209][loss_e:0.308682][loss_r:0.152698]
2024-08-24 12:07:49.048 | INFO     | psldh:train:166 - [iter:3/50][iter_time:83.83]
2024-08-24 12:08:20.090 | INFO     | psldh:train:161 - [epoch:1/3][loss:0.308965][loss_e:0.307525][loss_r:0.144074]
2024-08-24 12:08:49.919 | INFO     | psldh:train:161 - [epoch:2/3][loss:0.303840][loss_e:0.302495][loss_r:0.134471]
2024-08-24 12:09:19.518 | INFO     | psldh:train:161 - [epoch:3/3][loss:0.301643][loss_e:0.300294][loss_r:0.134997]
2024-08-24 12:09:19.519 | INFO     | psldh:train:166 - [iter:4/50][iter_time:90.47]
2024-08-24 12:09:49.377 | INFO     | psldh:train:161 - [epoch:1/3][loss:0.309296][loss_e:0.308005][loss_r:0.129061]
2024-08-24 12:10:19.775 | INFO     | psldh:train:161 - [epoch:2/3][loss:0.306843][loss_e:0.305588][loss_r:0.125495]
2024-08-24 12:10:49.904 | INFO     | psldh:train:161 - [epoch:3/3][loss:0.300391][loss_e:0.299187][loss_r:0.120369]
2024-08-24 12:10:49.905 | INFO     | psldh:train:166 - [iter:5/50][iter_time:90.39]
2024-08-24 12:12:36.900 | INFO     | psldh:train:236 - [iter:5/50][code_length:16][mAP:0.81815][mAP_all:0.86788][best_mAP:0.81815]
2024-08-24 12:12:36.902 | INFO     | psldh:train:237 - [iter:5/50][code_length:16][zs_mAP:0.61997][zs_mAP_all:0.50623]
2024-08-24 12:13:08.232 | INFO     | psldh:train:161 - [epoch:1/3][loss:0.308276][loss_e:0.307017][loss_r:0.125875]
2024-08-24 12:13:40.037 | INFO     | psldh:train:161 - [epoch:2/3][loss:0.302007][loss_e:0.300834][loss_r:0.117294]
2024-08-24 12:14:09.948 | INFO     | psldh:train:161 - [epoch:3/3][loss:0.297770][loss_e:0.296621][loss_r:0.114864]
2024-08-24 12:14:09.949 | INFO     | psldh:train:166 - [iter:6/50][iter_time:93.05]
2024-08-24 12:14:39.193 | INFO     | psldh:train:161 - [epoch:1/3][loss:0.308444][loss_e:0.307246][loss_r:0.119863]
2024-08-24 12:15:07.578 | INFO     | psldh:train:161 - [epoch:2/3][loss:0.302410][loss_e:0.301234][loss_r:0.117577]
2024-08-24 12:15:38.565 | INFO     | psldh:train:161 - [epoch:3/3][loss:0.298646][loss_e:0.297529][loss_r:0.111716]
2024-08-24 12:15:38.566 | INFO     | psldh:train:166 - [iter:7/50][iter_time:88.62]
2024-08-24 12:16:08.036 | INFO     | psldh:train:161 - [epoch:1/3][loss:0.301851][loss_e:0.300743][loss_r:0.110759]
2024-08-24 12:16:38.644 | INFO     | psldh:train:161 - [epoch:2/3][loss:0.296088][loss_e:0.294988][loss_r:0.110017]
2024-08-24 12:17:09.535 | INFO     | psldh:train:161 - [epoch:3/3][loss:0.293466][loss_e:0.292405][loss_r:0.106162]
2024-08-24 12:17:09.536 | INFO     | psldh:train:166 - [iter:8/50][iter_time:90.97]
2024-08-24 12:17:38.997 | INFO     | psldh:train:161 - [epoch:1/3][loss:0.302802][loss_e:0.301686][loss_r:0.111592]
2024-08-24 12:18:10.032 | INFO     | psldh:train:161 - [epoch:2/3][loss:0.301204][loss_e:0.300088][loss_r:0.111667]
2024-08-24 12:18:40.014 | INFO     | psldh:train:161 - [epoch:3/3][loss:0.294873][loss_e:0.293841][loss_r:0.103209]
2024-08-24 12:18:40.015 | INFO     | psldh:train:166 - [iter:9/50][iter_time:90.48]
2024-08-24 12:19:10.630 | INFO     | psldh:train:161 - [epoch:1/3][loss:0.304455][loss_e:0.303363][loss_r:0.109221]
2024-08-24 12:19:42.869 | INFO     | psldh:train:161 - [epoch:2/3][loss:0.300824][loss_e:0.299773][loss_r:0.105066]
2024-08-24 12:20:12.999 | INFO     | psldh:train:161 - [epoch:3/3][loss:0.297446][loss_e:0.296371][loss_r:0.107554]
2024-08-24 12:20:13.000 | INFO     | psldh:train:166 - [iter:10/50][iter_time:92.99]
2024-08-24 12:21:56.741 | INFO     | psldh:train:236 - [iter:10/50][code_length:16][mAP:0.82918][mAP_all:0.87441][best_mAP:0.82918]
2024-08-24 12:21:56.742 | INFO     | psldh:train:237 - [iter:10/50][code_length:16][zs_mAP:0.63369][zs_mAP_all:0.55101]
2024-08-24 12:22:28.755 | INFO     | psldh:train:161 - [epoch:1/3][loss:0.299978][loss_e:0.298866][loss_r:0.111168]
2024-08-24 12:22:59.290 | INFO     | psldh:train:161 - [epoch:2/3][loss:0.298655][loss_e:0.297603][loss_r:0.105179]
2024-08-24 12:23:30.613 | INFO     | psldh:train:161 - [epoch:3/3][loss:0.292996][loss_e:0.291983][loss_r:0.101353]
2024-08-24 12:23:30.614 | INFO     | psldh:train:166 - [iter:11/50][iter_time:93.87]
2024-08-24 12:23:59.977 | INFO     | psldh:train:161 - [epoch:1/3][loss:0.299251][loss_e:0.298209][loss_r:0.104220]
2024-08-24 12:24:30.782 | INFO     | psldh:train:161 - [epoch:2/3][loss:0.294978][loss_e:0.293979][loss_r:0.099885]
2024-08-24 12:25:01.369 | INFO     | psldh:train:161 - [epoch:3/3][loss:0.293453][loss_e:0.292443][loss_r:0.101040]
2024-08-24 12:25:01.369 | INFO     | psldh:train:166 - [iter:12/50][iter_time:90.76]
2024-08-24 12:25:30.593 | INFO     | psldh:train:161 - [epoch:1/3][loss:0.300980][loss_e:0.299959][loss_r:0.102115]
2024-08-24 12:26:01.877 | INFO     | psldh:train:161 - [epoch:2/3][loss:0.297654][loss_e:0.296655][loss_r:0.099913]
2024-08-24 12:26:31.262 | INFO     | psldh:train:161 - [epoch:3/3][loss:0.296274][loss_e:0.295291][loss_r:0.098310]
2024-08-24 12:26:31.263 | INFO     | psldh:train:166 - [iter:13/50][iter_time:89.89]
2024-08-24 12:27:00.495 | INFO     | psldh:train:161 - [epoch:1/3][loss:0.297990][loss_e:0.297007][loss_r:0.098392]
2024-08-24 12:27:30.089 | INFO     | psldh:train:161 - [epoch:2/3][loss:0.294150][loss_e:0.293189][loss_r:0.096175]
2024-08-24 12:28:00.574 | INFO     | psldh:train:161 - [epoch:3/3][loss:0.289422][loss_e:0.288519][loss_r:0.090293]
2024-08-24 12:28:00.575 | INFO     | psldh:train:166 - [iter:14/50][iter_time:89.31]
2024-08-24 12:28:29.851 | INFO     | psldh:train:161 - [epoch:1/3][loss:0.299901][loss_e:0.298916][loss_r:0.098458]
2024-08-24 12:29:00.439 | INFO     | psldh:train:161 - [epoch:2/3][loss:0.298015][loss_e:0.297022][loss_r:0.099345]
2024-08-24 12:29:31.336 | INFO     | psldh:train:161 - [epoch:3/3][loss:0.292072][loss_e:0.291145][loss_r:0.092706]
2024-08-24 12:29:31.337 | INFO     | psldh:train:166 - [iter:15/50][iter_time:90.76]
2024-08-24 12:31:15.417 | INFO     | psldh:train:236 - [iter:15/50][code_length:16][mAP:0.83362][mAP_all:0.87216][best_mAP:0.83362]
2024-08-24 12:31:15.418 | INFO     | psldh:train:237 - [iter:15/50][code_length:16][zs_mAP:0.62928][zs_mAP_all:0.54149]
2024-08-24 12:31:46.871 | INFO     | psldh:train:161 - [epoch:1/3][loss:0.294985][loss_e:0.294038][loss_r:0.094744]
2024-08-24 12:32:17.821 | INFO     | psldh:train:161 - [epoch:2/3][loss:0.292196][loss_e:0.291310][loss_r:0.088661]
2024-08-24 12:32:49.886 | INFO     | psldh:train:161 - [epoch:3/3][loss:0.288658][loss_e:0.287792][loss_r:0.086662]
2024-08-24 12:32:49.887 | INFO     | psldh:train:166 - [iter:16/50][iter_time:94.47]
2024-08-24 12:33:19.917 | INFO     | psldh:train:161 - [epoch:1/3][loss:0.296066][loss_e:0.295167][loss_r:0.089892]
2024-08-24 12:33:50.719 | INFO     | psldh:train:161 - [epoch:2/3][loss:0.293161][loss_e:0.292256][loss_r:0.090473]
2024-08-24 12:34:20.997 | INFO     | psldh:train:161 - [epoch:3/3][loss:0.291115][loss_e:0.290202][loss_r:0.091271]
2024-08-24 12:34:20.998 | INFO     | psldh:train:166 - [iter:17/50][iter_time:91.11]
2024-08-24 12:34:50.167 | INFO     | psldh:train:161 - [epoch:1/3][loss:0.295377][loss_e:0.294478][loss_r:0.089883]
2024-08-24 12:35:21.411 | INFO     | psldh:train:161 - [epoch:2/3][loss:0.294146][loss_e:0.293196][loss_r:0.094950]
2024-08-24 12:35:50.488 | INFO     | psldh:train:161 - [epoch:3/3][loss:0.289364][loss_e:0.288488][loss_r:0.087636]
2024-08-24 12:35:50.489 | INFO     | psldh:train:166 - [iter:18/50][iter_time:89.49]
2024-08-24 12:36:21.301 | INFO     | psldh:train:161 - [epoch:1/3][loss:0.293287][loss_e:0.292382][loss_r:0.090487]
2024-08-24 12:36:50.345 | INFO     | psldh:train:161 - [epoch:2/3][loss:0.293723][loss_e:0.292821][loss_r:0.090245]
2024-08-24 12:37:19.899 | INFO     | psldh:train:161 - [epoch:3/3][loss:0.288378][loss_e:0.287492][loss_r:0.088588]
2024-08-24 12:37:19.900 | INFO     | psldh:train:166 - [iter:19/50][iter_time:89.41]
2024-08-24 12:37:51.064 | INFO     | psldh:train:161 - [epoch:1/3][loss:0.293484][loss_e:0.292626][loss_r:0.085854]
2024-08-24 12:38:20.577 | INFO     | psldh:train:161 - [epoch:2/3][loss:0.290466][loss_e:0.289626][loss_r:0.083976]
2024-08-24 12:38:50.111 | INFO     | psldh:train:161 - [epoch:3/3][loss:0.286981][loss_e:0.286117][loss_r:0.086347]
2024-08-24 12:38:50.112 | INFO     | psldh:train:166 - [iter:20/50][iter_time:90.21]
2024-08-24 12:40:33.433 | INFO     | psldh:train:236 - [iter:20/50][code_length:16][mAP:0.83295][mAP_all:0.86950][best_mAP:0.83362]
2024-08-24 12:40:33.434 | INFO     | psldh:train:237 - [iter:20/50][code_length:16][zs_mAP:0.61410][zs_mAP_all:0.50016]
2024-08-24 12:41:03.962 | INFO     | psldh:train:161 - [epoch:1/3][loss:0.293583][loss_e:0.292673][loss_r:0.091013]
2024-08-24 12:41:33.688 | INFO     | psldh:train:161 - [epoch:2/3][loss:0.288208][loss_e:0.287359][loss_r:0.084841]
2024-08-24 12:42:04.874 | INFO     | psldh:train:161 - [epoch:3/3][loss:0.285053][loss_e:0.284173][loss_r:0.088060]
2024-08-24 12:42:04.875 | INFO     | psldh:train:166 - [iter:21/50][iter_time:91.44]
2024-08-24 12:42:34.689 | INFO     | psldh:train:161 - [epoch:1/3][loss:0.294984][loss_e:0.294128][loss_r:0.085603]
2024-08-24 12:43:04.665 | INFO     | psldh:train:161 - [epoch:2/3][loss:0.290004][loss_e:0.289180][loss_r:0.082336]
2024-08-24 12:43:35.034 | INFO     | psldh:train:161 - [epoch:3/3][loss:0.286773][loss_e:0.285946][loss_r:0.082628]
2024-08-24 12:43:35.036 | INFO     | psldh:train:166 - [iter:22/50][iter_time:90.16]
2024-08-24 12:44:04.312 | INFO     | psldh:train:161 - [epoch:1/3][loss:0.289670][loss_e:0.288808][loss_r:0.086235]
2024-08-24 12:44:33.526 | INFO     | psldh:train:161 - [epoch:2/3][loss:0.286846][loss_e:0.285949][loss_r:0.089691]
2024-08-24 12:45:03.040 | INFO     | psldh:train:161 - [epoch:3/3][loss:0.283170][loss_e:0.282341][loss_r:0.082911]
2024-08-24 12:45:03.040 | INFO     | psldh:train:166 - [iter:23/50][iter_time:88.00]
2024-08-24 12:45:33.251 | INFO     | psldh:train:161 - [epoch:1/3][loss:0.292548][loss_e:0.291681][loss_r:0.086632]
2024-08-24 12:46:03.022 | INFO     | psldh:train:161 - [epoch:2/3][loss:0.288046][loss_e:0.287193][loss_r:0.085327]
2024-08-24 12:46:34.284 | INFO     | psldh:train:161 - [epoch:3/3][loss:0.286668][loss_e:0.285831][loss_r:0.083695]
2024-08-24 12:46:34.284 | INFO     | psldh:train:166 - [iter:24/50][iter_time:91.24]
2024-08-24 12:47:05.831 | INFO     | psldh:train:161 - [epoch:1/3][loss:0.295049][loss_e:0.294189][loss_r:0.086050]
2024-08-24 12:47:35.682 | INFO     | psldh:train:161 - [epoch:2/3][loss:0.290856][loss_e:0.289991][loss_r:0.086544]
2024-08-24 12:48:05.516 | INFO     | psldh:train:161 - [epoch:3/3][loss:0.289063][loss_e:0.288194][loss_r:0.086838]
2024-08-24 12:48:05.517 | INFO     | psldh:train:166 - [iter:25/50][iter_time:91.23]
2024-08-24 12:49:50.693 | INFO     | psldh:train:236 - [iter:25/50][code_length:16][mAP:0.83880][mAP_all:0.87208][best_mAP:0.83880]
2024-08-24 12:49:50.694 | INFO     | psldh:train:237 - [iter:25/50][code_length:16][zs_mAP:0.62363][zs_mAP_all:0.53267]
2024-08-24 12:50:22.913 | INFO     | psldh:train:161 - [epoch:1/3][loss:0.293093][loss_e:0.292169][loss_r:0.092420]
2024-08-24 12:50:55.668 | INFO     | psldh:train:161 - [epoch:2/3][loss:0.289068][loss_e:0.288220][loss_r:0.084761]
2024-08-24 12:51:25.929 | INFO     | psldh:train:161 - [epoch:3/3][loss:0.284535][loss_e:0.283737][loss_r:0.079826]
2024-08-24 12:51:25.930 | INFO     | psldh:train:166 - [iter:26/50][iter_time:95.24]
2024-08-24 12:51:58.159 | INFO     | psldh:train:161 - [epoch:1/3][loss:0.294285][loss_e:0.293464][loss_r:0.082135]
2024-08-24 12:52:33.622 | INFO     | psldh:train:161 - [epoch:2/3][loss:0.293022][loss_e:0.292153][loss_r:0.086906]
2024-08-24 12:53:13.568 | INFO     | psldh:train:161 - [epoch:3/3][loss:0.286177][loss_e:0.285353][loss_r:0.082392]
2024-08-24 12:53:13.569 | INFO     | psldh:train:166 - [iter:27/50][iter_time:107.64]
2024-08-24 12:53:52.434 | INFO     | psldh:train:161 - [epoch:1/3][loss:0.295814][loss_e:0.294918][loss_r:0.089633]
2024-08-24 12:54:33.388 | INFO     | psldh:train:161 - [epoch:2/3][loss:0.291490][loss_e:0.290683][loss_r:0.080748]
2024-08-24 12:55:13.201 | INFO     | psldh:train:161 - [epoch:3/3][loss:0.287739][loss_e:0.286923][loss_r:0.081573]
2024-08-24 12:55:13.201 | INFO     | psldh:train:166 - [iter:28/50][iter_time:119.63]
2024-08-24 12:55:53.689 | INFO     | psldh:train:161 - [epoch:1/3][loss:0.294247][loss_e:0.293386][loss_r:0.086138]
2024-08-24 12:56:34.580 | INFO     | psldh:train:161 - [epoch:2/3][loss:0.287489][loss_e:0.286676][loss_r:0.081350]
2024-08-24 12:57:14.633 | INFO     | psldh:train:161 - [epoch:3/3][loss:0.285846][loss_e:0.285048][loss_r:0.079879]
2024-08-24 12:57:14.634 | INFO     | psldh:train:166 - [iter:29/50][iter_time:121.43]
2024-08-24 12:57:54.217 | INFO     | psldh:train:161 - [epoch:1/3][loss:0.290220][loss_e:0.289418][loss_r:0.080185]
2024-08-24 12:58:34.485 | INFO     | psldh:train:161 - [epoch:2/3][loss:0.289090][loss_e:0.288314][loss_r:0.077606]
2024-08-24 12:59:13.708 | INFO     | psldh:train:161 - [epoch:3/3][loss:0.287075][loss_e:0.286289][loss_r:0.078550]
2024-08-24 12:59:13.709 | INFO     | psldh:train:166 - [iter:30/50][iter_time:119.08]
2024-08-24 13:01:14.237 | INFO     | psldh:train:236 - [iter:30/50][code_length:16][mAP:0.84657][mAP_all:0.87945][best_mAP:0.84657]
2024-08-24 13:01:14.238 | INFO     | psldh:train:237 - [iter:30/50][code_length:16][zs_mAP:0.63392][zs_mAP_all:0.56142]
2024-08-24 13:01:51.306 | INFO     | psldh:train:161 - [epoch:1/3][loss:0.288804][loss_e:0.288003][loss_r:0.080151]
2024-08-24 13:02:30.129 | INFO     | psldh:train:161 - [epoch:2/3][loss:0.286382][loss_e:0.285581][loss_r:0.080093]
2024-08-24 13:03:10.358 | INFO     | psldh:train:161 - [epoch:3/3][loss:0.283365][loss_e:0.282586][loss_r:0.077935]
2024-08-24 13:03:10.359 | INFO     | psldh:train:166 - [iter:31/50][iter_time:116.12]
2024-08-24 13:03:52.135 | INFO     | psldh:train:161 - [epoch:1/3][loss:0.290298][loss_e:0.289510][loss_r:0.078816]
2024-08-24 13:04:32.808 | INFO     | psldh:train:161 - [epoch:2/3][loss:0.286651][loss_e:0.285871][loss_r:0.078035]
2024-08-24 13:05:13.434 | INFO     | psldh:train:161 - [epoch:3/3][loss:0.284411][loss_e:0.283654][loss_r:0.075660]
2024-08-24 13:05:13.434 | INFO     | psldh:train:166 - [iter:32/50][iter_time:123.08]
2024-08-24 13:05:52.774 | INFO     | psldh:train:161 - [epoch:1/3][loss:0.291256][loss_e:0.290422][loss_r:0.083422]
2024-08-24 13:06:33.584 | INFO     | psldh:train:161 - [epoch:2/3][loss:0.289708][loss_e:0.288923][loss_r:0.078498]
2024-08-24 13:07:13.318 | INFO     | psldh:train:161 - [epoch:3/3][loss:0.283405][loss_e:0.282644][loss_r:0.076117]
2024-08-24 13:07:13.319 | INFO     | psldh:train:166 - [iter:33/50][iter_time:119.88]
2024-08-24 13:07:52.957 | INFO     | psldh:train:161 - [epoch:1/3][loss:0.291931][loss_e:0.291088][loss_r:0.084246]
2024-08-24 13:08:35.521 | INFO     | psldh:train:161 - [epoch:2/3][loss:0.286957][loss_e:0.286163][loss_r:0.079366]
2024-08-24 13:09:17.650 | INFO     | psldh:train:161 - [epoch:3/3][loss:0.283031][loss_e:0.282260][loss_r:0.077097]
2024-08-24 13:09:17.651 | INFO     | psldh:train:166 - [iter:34/50][iter_time:124.33]
2024-08-24 13:09:58.287 | INFO     | psldh:train:161 - [epoch:1/3][loss:0.290516][loss_e:0.289715][loss_r:0.080060]
2024-08-24 13:10:40.280 | INFO     | psldh:train:161 - [epoch:2/3][loss:0.287003][loss_e:0.286195][loss_r:0.080769]
2024-08-24 13:11:21.329 | INFO     | psldh:train:161 - [epoch:3/3][loss:0.284941][loss_e:0.284105][loss_r:0.083556]
2024-08-24 13:11:21.329 | INFO     | psldh:train:166 - [iter:35/50][iter_time:123.68]
2024-08-24 13:13:18.234 | INFO     | psldh:train:236 - [iter:35/50][code_length:16][mAP:0.83061][mAP_all:0.86622][best_mAP:0.84657]
2024-08-24 13:13:18.235 | INFO     | psldh:train:237 - [iter:35/50][code_length:16][zs_mAP:0.61711][zs_mAP_all:0.50592]
2024-08-24 13:13:58.991 | INFO     | psldh:train:161 - [epoch:1/3][loss:0.290240][loss_e:0.289475][loss_r:0.076518]
2024-08-24 13:14:38.904 | INFO     | psldh:train:161 - [epoch:2/3][loss:0.285602][loss_e:0.284835][loss_r:0.076658]
2024-08-24 13:15:18.282 | INFO     | psldh:train:161 - [epoch:3/3][loss:0.281409][loss_e:0.280700][loss_r:0.070898]
2024-08-24 13:15:18.283 | INFO     | psldh:train:166 - [iter:36/50][iter_time:120.05]
2024-08-24 13:17:21.338 | INFO     | psldh:train:236 - [iter:36/50][code_length:16][mAP:0.85066][mAP_all:0.87702][best_mAP:0.85066]
2024-08-24 13:17:21.339 | INFO     | psldh:train:237 - [iter:36/50][code_length:16][zs_mAP:0.62506][zs_mAP_all:0.52369]
2024-08-24 13:17:57.299 | INFO     | psldh:train:161 - [epoch:1/3][loss:0.290109][loss_e:0.289325][loss_r:0.078402]
2024-08-24 13:18:37.067 | INFO     | psldh:train:161 - [epoch:2/3][loss:0.283994][loss_e:0.283241][loss_r:0.075321]
2024-08-24 13:19:15.434 | INFO     | psldh:train:161 - [epoch:3/3][loss:0.282645][loss_e:0.281888][loss_r:0.075754]
2024-08-24 13:19:15.435 | INFO     | psldh:train:166 - [iter:37/50][iter_time:114.10]
2024-08-24 13:21:16.224 | INFO     | psldh:train:236 - [iter:37/50][code_length:16][mAP:0.85046][mAP_all:0.87730][best_mAP:0.85066]
2024-08-24 13:21:16.225 | INFO     | psldh:train:237 - [iter:37/50][code_length:16][zs_mAP:0.62546][zs_mAP_all:0.53173]
2024-08-24 13:21:56.344 | INFO     | psldh:train:161 - [epoch:1/3][loss:0.291015][loss_e:0.290245][loss_r:0.077055]
2024-08-24 13:22:35.923 | INFO     | psldh:train:161 - [epoch:2/3][loss:0.284769][loss_e:0.283982][loss_r:0.078689]
2024-08-24 13:23:14.779 | INFO     | psldh:train:161 - [epoch:3/3][loss:0.283426][loss_e:0.282648][loss_r:0.077807]
2024-08-24 13:23:14.780 | INFO     | psldh:train:166 - [iter:38/50][iter_time:118.55]
2024-08-24 13:25:15.168 | INFO     | psldh:train:236 - [iter:38/50][code_length:16][mAP:0.83905][mAP_all:0.86808][best_mAP:0.85066]
2024-08-24 13:25:15.169 | INFO     | psldh:train:237 - [iter:38/50][code_length:16][zs_mAP:0.62067][zs_mAP_all:0.52242]
2024-08-24 13:25:44.391 | INFO     | psldh:train:161 - [epoch:1/3][loss:0.290542][loss_e:0.289712][loss_r:0.082982]
2024-08-24 13:26:10.283 | INFO     | psldh:train:161 - [epoch:2/3][loss:0.287601][loss_e:0.286850][loss_r:0.075110]
2024-08-24 13:26:41.628 | INFO     | psldh:train:161 - [epoch:3/3][loss:0.284728][loss_e:0.283983][loss_r:0.074536]
2024-08-24 13:26:41.629 | INFO     | psldh:train:166 - [iter:39/50][iter_time:86.46]
2024-08-24 13:28:27.321 | INFO     | psldh:train:236 - [iter:39/50][code_length:16][mAP:0.85130][mAP_all:0.87737][best_mAP:0.85130]
2024-08-24 13:28:27.323 | INFO     | psldh:train:237 - [iter:39/50][code_length:16][zs_mAP:0.62255][zs_mAP_all:0.53540]
2024-08-24 13:28:57.296 | INFO     | psldh:train:161 - [epoch:1/3][loss:0.288405][loss_e:0.287607][loss_r:0.079824]
2024-08-24 13:29:27.676 | INFO     | psldh:train:161 - [epoch:2/3][loss:0.282754][loss_e:0.281998][loss_r:0.075652]
2024-08-24 13:29:58.682 | INFO     | psldh:train:161 - [epoch:3/3][loss:0.281423][loss_e:0.280718][loss_r:0.070543]
2024-08-24 13:29:58.683 | INFO     | psldh:train:166 - [iter:40/50][iter_time:91.36]
2024-08-24 13:31:46.233 | INFO     | psldh:train:236 - [iter:40/50][code_length:16][mAP:0.84776][mAP_all:0.87475][best_mAP:0.85130]
2024-08-24 13:31:46.233 | INFO     | psldh:train:237 - [iter:40/50][code_length:16][zs_mAP:0.63031][zs_mAP_all:0.54653]
2024-08-24 13:32:18.541 | INFO     | psldh:train:161 - [epoch:1/3][loss:0.287377][loss_e:0.286623][loss_r:0.075421]
2024-08-24 13:32:49.849 | INFO     | psldh:train:161 - [epoch:2/3][loss:0.283245][loss_e:0.282536][loss_r:0.070872]
2024-08-24 13:33:21.896 | INFO     | psldh:train:161 - [epoch:3/3][loss:0.282700][loss_e:0.281997][loss_r:0.070244]
2024-08-24 13:33:21.897 | INFO     | psldh:train:166 - [iter:41/50][iter_time:95.66]
2024-08-24 13:35:09.707 | INFO     | psldh:train:236 - [iter:41/50][code_length:16][mAP:0.84298][mAP_all:0.87339][best_mAP:0.85130]
2024-08-24 13:35:09.708 | INFO     | psldh:train:237 - [iter:41/50][code_length:16][zs_mAP:0.62538][zs_mAP_all:0.52950]
2024-08-24 13:35:40.328 | INFO     | psldh:train:161 - [epoch:1/3][loss:0.289586][loss_e:0.288804][loss_r:0.078167]
2024-08-24 13:36:11.251 | INFO     | psldh:train:161 - [epoch:2/3][loss:0.284170][loss_e:0.283384][loss_r:0.078584]
2024-08-24 13:36:40.135 | INFO     | psldh:train:161 - [epoch:3/3][loss:0.282088][loss_e:0.281371][loss_r:0.071713]
2024-08-24 13:36:40.136 | INFO     | psldh:train:166 - [iter:42/50][iter_time:90.43]
2024-08-24 13:38:27.268 | INFO     | psldh:train:236 - [iter:42/50][code_length:16][mAP:0.84523][mAP_all:0.87394][best_mAP:0.85130]
2024-08-24 13:38:27.269 | INFO     | psldh:train:237 - [iter:42/50][code_length:16][zs_mAP:0.62915][zs_mAP_all:0.52260]
2024-08-24 13:38:59.550 | INFO     | psldh:train:161 - [epoch:1/3][loss:0.286916][loss_e:0.286130][loss_r:0.078610]
2024-08-24 13:39:31.440 | INFO     | psldh:train:161 - [epoch:2/3][loss:0.285067][loss_e:0.284292][loss_r:0.077575]
2024-08-24 13:40:02.072 | INFO     | psldh:train:161 - [epoch:3/3][loss:0.282365][loss_e:0.281642][loss_r:0.072319]
2024-08-24 13:40:02.072 | INFO     | psldh:train:166 - [iter:43/50][iter_time:94.80]
2024-08-24 13:41:52.718 | INFO     | psldh:train:236 - [iter:43/50][code_length:16][mAP:0.84822][mAP_all:0.87398][best_mAP:0.85130]
2024-08-24 13:41:52.719 | INFO     | psldh:train:237 - [iter:43/50][code_length:16][zs_mAP:0.62379][zs_mAP_all:0.53594]
2024-08-24 13:42:23.468 | INFO     | psldh:train:161 - [epoch:1/3][loss:0.287092][loss_e:0.286348][loss_r:0.074348]
2024-08-24 13:42:55.466 | INFO     | psldh:train:161 - [epoch:2/3][loss:0.283123][loss_e:0.282384][loss_r:0.073827]
2024-08-24 13:43:26.487 | INFO     | psldh:train:161 - [epoch:3/3][loss:0.280624][loss_e:0.279897][loss_r:0.072722]
2024-08-24 13:43:26.488 | INFO     | psldh:train:166 - [iter:44/50][iter_time:93.77]
2024-08-24 13:45:13.779 | INFO     | psldh:train:236 - [iter:44/50][code_length:16][mAP:0.84791][mAP_all:0.87411][best_mAP:0.85130]
2024-08-24 13:45:13.779 | INFO     | psldh:train:237 - [iter:44/50][code_length:16][zs_mAP:0.62573][zs_mAP_all:0.52477]
2024-08-24 13:45:47.563 | INFO     | psldh:train:161 - [epoch:1/3][loss:0.287478][loss_e:0.286692][loss_r:0.078605]
2024-08-24 13:46:19.792 | INFO     | psldh:train:161 - [epoch:2/3][loss:0.284636][loss_e:0.283859][loss_r:0.077696]
2024-08-24 13:46:51.305 | INFO     | psldh:train:161 - [epoch:3/3][loss:0.282277][loss_e:0.281539][loss_r:0.073793]
2024-08-24 13:46:51.307 | INFO     | psldh:train:166 - [iter:45/50][iter_time:97.53]
2024-08-24 13:48:47.389 | INFO     | psldh:train:236 - [iter:45/50][code_length:16][mAP:0.84377][mAP_all:0.87371][best_mAP:0.85130]
2024-08-24 13:48:47.390 | INFO     | psldh:train:237 - [iter:45/50][code_length:16][zs_mAP:0.62528][zs_mAP_all:0.52713]
2024-08-24 13:49:20.938 | INFO     | psldh:train:161 - [epoch:1/3][loss:0.286402][loss_e:0.285652][loss_r:0.074955]
2024-08-24 13:49:50.658 | INFO     | psldh:train:161 - [epoch:2/3][loss:0.283305][loss_e:0.282587][loss_r:0.071807]
2024-08-24 13:50:22.228 | INFO     | psldh:train:161 - [epoch:3/3][loss:0.282598][loss_e:0.281877][loss_r:0.072076]
2024-08-24 13:50:22.230 | INFO     | psldh:train:166 - [iter:46/50][iter_time:94.84]
2024-08-24 13:52:08.246 | INFO     | psldh:train:236 - [iter:46/50][code_length:16][mAP:0.85209][mAP_all:0.87539][best_mAP:0.85209]
2024-08-24 13:52:08.248 | INFO     | psldh:train:237 - [iter:46/50][code_length:16][zs_mAP:0.62235][zs_mAP_all:0.51672]
2024-08-24 13:52:40.653 | INFO     | psldh:train:161 - [epoch:1/3][loss:0.282880][loss_e:0.282134][loss_r:0.074601]
2024-08-24 13:53:15.726 | INFO     | psldh:train:161 - [epoch:2/3][loss:0.281432][loss_e:0.280708][loss_r:0.072403]
2024-08-24 13:53:47.920 | INFO     | psldh:train:161 - [epoch:3/3][loss:0.281669][loss_e:0.280942][loss_r:0.072708]
2024-08-24 13:53:47.920 | INFO     | psldh:train:166 - [iter:47/50][iter_time:99.67]
2024-08-24 13:55:47.791 | INFO     | psldh:train:236 - [iter:47/50][code_length:16][mAP:0.85556][mAP_all:0.87629][best_mAP:0.85556]
2024-08-24 13:55:47.793 | INFO     | psldh:train:237 - [iter:47/50][code_length:16][zs_mAP:0.62244][zs_mAP_all:0.51671]
2024-08-24 13:56:23.069 | INFO     | psldh:train:161 - [epoch:1/3][loss:0.286309][loss_e:0.285597][loss_r:0.071208]
2024-08-24 13:56:54.945 | INFO     | psldh:train:161 - [epoch:2/3][loss:0.284142][loss_e:0.283419][loss_r:0.072261]
2024-08-24 13:57:26.443 | INFO     | psldh:train:161 - [epoch:3/3][loss:0.281908][loss_e:0.281213][loss_r:0.069475]
2024-08-24 13:57:26.444 | INFO     | psldh:train:166 - [iter:48/50][iter_time:98.65]
2024-08-24 13:59:17.394 | INFO     | psldh:train:236 - [iter:48/50][code_length:16][mAP:0.85955][mAP_all:0.88284][best_mAP:0.85955]
2024-08-24 13:59:17.395 | INFO     | psldh:train:237 - [iter:48/50][code_length:16][zs_mAP:0.62650][zs_mAP_all:0.53089]
2024-08-24 13:59:49.713 | INFO     | psldh:train:161 - [epoch:1/3][loss:0.280490][loss_e:0.279779][loss_r:0.071078]
2024-08-24 14:00:20.959 | INFO     | psldh:train:161 - [epoch:2/3][loss:0.281826][loss_e:0.281106][loss_r:0.072048]
2024-08-24 14:00:53.030 | INFO     | psldh:train:161 - [epoch:3/3][loss:0.281614][loss_e:0.280853][loss_r:0.076007]
2024-08-24 14:00:53.031 | INFO     | psldh:train:166 - [iter:49/50][iter_time:95.64]
2024-08-24 14:02:46.740 | INFO     | psldh:train:236 - [iter:49/50][code_length:16][mAP:0.85872][mAP_all:0.88134][best_mAP:0.85955]
2024-08-24 14:02:46.741 | INFO     | psldh:train:237 - [iter:49/50][code_length:16][zs_mAP:0.62324][zs_mAP_all:0.52902]
2024-08-24 14:03:17.989 | INFO     | psldh:train:161 - [epoch:1/3][loss:0.282237][loss_e:0.281497][loss_r:0.074049]
2024-08-24 14:03:48.709 | INFO     | psldh:train:161 - [epoch:2/3][loss:0.282309][loss_e:0.281588][loss_r:0.072086]
2024-08-24 14:04:19.505 | INFO     | psldh:train:161 - [epoch:3/3][loss:0.280471][loss_e:0.279762][loss_r:0.070920]
2024-08-24 14:04:19.506 | INFO     | psldh:train:166 - [iter:50/50][iter_time:92.76]
2024-08-24 14:06:01.846 | INFO     | psldh:train:236 - [iter:50/50][code_length:16][mAP:0.86273][mAP_all:0.88262][best_mAP:0.86273]
2024-08-24 14:06:01.848 | INFO     | psldh:train:237 - [iter:50/50][code_length:16][zs_mAP:0.62599][zs_mAP_all:0.52514]
2024-08-24 14:06:01.848 | INFO     | psldh:train:240 - [Training time:7432.79]
2024-08-24 14:06:01.851 | INFO     | __main__:run:123 - [code_length:16][map:0.8627][map_all:0.8826][zs_map:0.6260][zs_map_all:0.5251]
2024-08-24 14:06:34.516 | INFO     | psldh:train:161 - [epoch:1/3][loss:0.419683][loss_e:0.412946][loss_r:0.673671]
2024-08-24 14:07:05.371 | INFO     | psldh:train:161 - [epoch:2/3][loss:0.359381][loss_e:0.354279][loss_r:0.510130]
2024-08-24 14:07:34.939 | INFO     | psldh:train:161 - [epoch:3/3][loss:0.331770][loss_e:0.327373][loss_r:0.439665]
2024-08-24 14:07:34.940 | INFO     | psldh:train:166 - [iter:1/50][iter_time:91.79]
2024-08-24 14:08:06.173 | INFO     | psldh:train:161 - [epoch:1/3][loss:0.330559][loss_e:0.326361][loss_r:0.419780]
2024-08-24 14:08:37.821 | INFO     | psldh:train:161 - [epoch:2/3][loss:0.319638][loss_e:0.315741][loss_r:0.389705]
2024-08-24 14:09:08.529 | INFO     | psldh:train:161 - [epoch:3/3][loss:0.307585][loss_e:0.304006][loss_r:0.357942]
2024-08-24 14:09:08.530 | INFO     | psldh:train:166 - [iter:2/50][iter_time:93.59]
2024-08-24 14:09:38.666 | INFO     | psldh:train:161 - [epoch:1/3][loss:0.313430][loss_e:0.310004][loss_r:0.342595]
2024-08-24 14:10:09.192 | INFO     | psldh:train:161 - [epoch:2/3][loss:0.300929][loss_e:0.297622][loss_r:0.330742]
2024-08-24 14:10:44.350 | INFO     | psldh:train:161 - [epoch:3/3][loss:0.293400][loss_e:0.290217][loss_r:0.318361]
2024-08-24 14:10:44.351 | INFO     | psldh:train:166 - [iter:3/50][iter_time:95.82]
2024-08-24 14:11:25.824 | INFO     | psldh:train:161 - [epoch:1/3][loss:0.314082][loss_e:0.310809][loss_r:0.327331]
2024-08-24 14:12:07.995 | INFO     | psldh:train:161 - [epoch:2/3][loss:0.299967][loss_e:0.296806][loss_r:0.316010]
2024-08-24 14:12:49.278 | INFO     | psldh:train:161 - [epoch:3/3][loss:0.296797][loss_e:0.293604][loss_r:0.319325]
2024-08-24 14:12:49.279 | INFO     | psldh:train:166 - [iter:4/50][iter_time:124.93]
2024-08-24 14:13:29.784 | INFO     | psldh:train:161 - [epoch:1/3][loss:0.305461][loss_e:0.302361][loss_r:0.309929]
2024-08-24 14:14:09.794 | INFO     | psldh:train:161 - [epoch:2/3][loss:0.294557][loss_e:0.291564][loss_r:0.299367]
2024-08-24 14:14:49.202 | INFO     | psldh:train:161 - [epoch:3/3][loss:0.291085][loss_e:0.288169][loss_r:0.291646]
2024-08-24 14:14:49.203 | INFO     | psldh:train:166 - [iter:5/50][iter_time:119.92]
2024-08-24 14:16:53.245 | INFO     | psldh:train:236 - [iter:5/50][code_length:32][mAP:0.82993][mAP_all:0.86273][best_mAP:0.82993]
2024-08-24 14:16:53.246 | INFO     | psldh:train:237 - [iter:5/50][code_length:32][zs_mAP:0.63363][zs_mAP_all:0.52368]
2024-08-24 14:17:32.419 | INFO     | psldh:train:161 - [epoch:1/3][loss:0.303350][loss_e:0.300373][loss_r:0.297728]
2024-08-24 14:18:13.570 | INFO     | psldh:train:161 - [epoch:2/3][loss:0.293801][loss_e:0.290872][loss_r:0.292897]
2024-08-24 14:18:54.366 | INFO     | psldh:train:161 - [epoch:3/3][loss:0.287209][loss_e:0.284411][loss_r:0.279729]
2024-08-24 14:18:54.367 | INFO     | psldh:train:166 - [iter:6/50][iter_time:121.12]
2024-08-24 14:19:35.597 | INFO     | psldh:train:161 - [epoch:1/3][loss:0.294548][loss_e:0.291775][loss_r:0.277263]
2024-08-24 14:20:15.851 | INFO     | psldh:train:161 - [epoch:2/3][loss:0.289766][loss_e:0.287057][loss_r:0.270932]
2024-08-24 14:20:58.116 | INFO     | psldh:train:161 - [epoch:3/3][loss:0.282274][loss_e:0.279566][loss_r:0.270818]
2024-08-24 14:20:58.117 | INFO     | psldh:train:166 - [iter:7/50][iter_time:123.75]
2024-08-24 14:21:37.661 | INFO     | psldh:train:161 - [epoch:1/3][loss:0.293482][loss_e:0.290727][loss_r:0.275576]
2024-08-24 14:22:20.005 | INFO     | psldh:train:161 - [epoch:2/3][loss:0.285017][loss_e:0.282348][loss_r:0.266867]
2024-08-24 14:23:01.651 | INFO     | psldh:train:161 - [epoch:3/3][loss:0.282567][loss_e:0.279870][loss_r:0.269784]
2024-08-24 14:23:01.652 | INFO     | psldh:train:166 - [iter:8/50][iter_time:123.53]
2024-08-24 14:23:42.223 | INFO     | psldh:train:161 - [epoch:1/3][loss:0.289306][loss_e:0.286611][loss_r:0.269506]
2024-08-24 14:24:24.629 | INFO     | psldh:train:161 - [epoch:2/3][loss:0.280975][loss_e:0.278312][loss_r:0.266302]
2024-08-24 14:25:05.732 | INFO     | psldh:train:161 - [epoch:3/3][loss:0.277506][loss_e:0.274905][loss_r:0.260111]
2024-08-24 14:25:05.733 | INFO     | psldh:train:166 - [iter:9/50][iter_time:124.08]
2024-08-24 14:25:45.646 | INFO     | psldh:train:161 - [epoch:1/3][loss:0.290959][loss_e:0.288329][loss_r:0.262970]
2024-08-24 14:26:27.379 | INFO     | psldh:train:161 - [epoch:2/3][loss:0.281711][loss_e:0.279250][loss_r:0.246156]
2024-08-24 14:27:08.289 | INFO     | psldh:train:161 - [epoch:3/3][loss:0.276557][loss_e:0.274057][loss_r:0.250084]
2024-08-24 14:27:08.290 | INFO     | psldh:train:166 - [iter:10/50][iter_time:122.56]
2024-08-24 14:29:08.268 | INFO     | psldh:train:236 - [iter:10/50][code_length:32][mAP:0.84308][mAP_all:0.87537][best_mAP:0.84308]
2024-08-24 14:29:08.269 | INFO     | psldh:train:237 - [iter:10/50][code_length:32][zs_mAP:0.64029][zs_mAP_all:0.56461]
2024-08-24 14:29:44.074 | INFO     | psldh:train:161 - [epoch:1/3][loss:0.287169][loss_e:0.284625][loss_r:0.254405]
2024-08-24 14:30:24.084 | INFO     | psldh:train:161 - [epoch:2/3][loss:0.278809][loss_e:0.276381][loss_r:0.242736]
2024-08-24 14:31:05.324 | INFO     | psldh:train:161 - [epoch:3/3][loss:0.272349][loss_e:0.269908][loss_r:0.244107]
2024-08-24 14:31:05.325 | INFO     | psldh:train:166 - [iter:11/50][iter_time:117.06]
2024-08-24 14:31:45.953 | INFO     | psldh:train:161 - [epoch:1/3][loss:0.292381][loss_e:0.289802][loss_r:0.257913]
2024-08-24 14:32:25.128 | INFO     | psldh:train:161 - [epoch:2/3][loss:0.280612][loss_e:0.278199][loss_r:0.241268]
2024-08-24 14:33:02.084 | INFO     | psldh:train:161 - [epoch:3/3][loss:0.272273][loss_e:0.269893][loss_r:0.237987]
2024-08-24 14:33:02.084 | INFO     | psldh:train:166 - [iter:12/50][iter_time:116.76]
2024-08-24 14:33:40.303 | INFO     | psldh:train:161 - [epoch:1/3][loss:0.290780][loss_e:0.288359][loss_r:0.242152]
2024-08-24 14:34:20.130 | INFO     | psldh:train:161 - [epoch:2/3][loss:0.285989][loss_e:0.283584][loss_r:0.240531]
2024-08-24 14:34:58.065 | INFO     | psldh:train:161 - [epoch:3/3][loss:0.275207][loss_e:0.272821][loss_r:0.238580]
2024-08-24 14:34:58.066 | INFO     | psldh:train:166 - [iter:13/50][iter_time:115.98]
2024-08-24 14:35:39.519 | INFO     | psldh:train:161 - [epoch:1/3][loss:0.291432][loss_e:0.289115][loss_r:0.231701]
2024-08-24 14:36:16.459 | INFO     | psldh:train:161 - [epoch:2/3][loss:0.284413][loss_e:0.282048][loss_r:0.236504]
2024-08-24 14:36:57.042 | INFO     | psldh:train:161 - [epoch:3/3][loss:0.276129][loss_e:0.273888][loss_r:0.224082]
2024-08-24 14:36:57.043 | INFO     | psldh:train:166 - [iter:14/50][iter_time:118.98]
2024-08-24 14:37:35.877 | INFO     | psldh:train:161 - [epoch:1/3][loss:0.287960][loss_e:0.285547][loss_r:0.241293]
2024-08-24 14:38:16.721 | INFO     | psldh:train:161 - [epoch:2/3][loss:0.281420][loss_e:0.279057][loss_r:0.236306]
2024-08-24 14:38:59.114 | INFO     | psldh:train:161 - [epoch:3/3][loss:0.271305][loss_e:0.269049][loss_r:0.225570]
2024-08-24 14:38:59.115 | INFO     | psldh:train:166 - [iter:15/50][iter_time:122.07]
2024-08-24 14:41:01.086 | INFO     | psldh:train:236 - [iter:15/50][code_length:32][mAP:0.85244][mAP_all:0.88101][best_mAP:0.85244]
2024-08-24 14:41:01.088 | INFO     | psldh:train:237 - [iter:15/50][code_length:32][zs_mAP:0.63884][zs_mAP_all:0.56263]
2024-08-24 14:41:33.640 | INFO     | psldh:train:161 - [epoch:1/3][loss:0.286817][loss_e:0.284445][loss_r:0.237142]
2024-08-24 14:42:14.189 | INFO     | psldh:train:161 - [epoch:2/3][loss:0.281677][loss_e:0.279329][loss_r:0.234843]
2024-08-24 14:42:54.606 | INFO     | psldh:train:161 - [epoch:3/3][loss:0.272039][loss_e:0.269770][loss_r:0.226893]
2024-08-24 14:42:54.607 | INFO     | psldh:train:166 - [iter:16/50][iter_time:113.52]
2024-08-24 14:43:38.182 | INFO     | psldh:train:161 - [epoch:1/3][loss:0.284731][loss_e:0.282337][loss_r:0.239407]
2024-08-24 14:44:34.324 | INFO     | psldh:train:161 - [epoch:2/3][loss:0.282859][loss_e:0.280513][loss_r:0.234604]
2024-08-24 14:45:00.862 | INFO     | psldh:train:161 - [epoch:3/3][loss:0.271135][loss_e:0.268937][loss_r:0.219748]
2024-08-24 14:45:00.863 | INFO     | psldh:train:166 - [iter:17/50][iter_time:126.26]
2024-08-24 14:45:27.879 | INFO     | psldh:train:161 - [epoch:1/3][loss:0.283676][loss_e:0.281332][loss_r:0.234400]
2024-08-24 14:45:57.824 | INFO     | psldh:train:161 - [epoch:2/3][loss:0.276534][loss_e:0.274238][loss_r:0.229616]
2024-08-24 14:46:28.046 | INFO     | psldh:train:161 - [epoch:3/3][loss:0.269324][loss_e:0.267066][loss_r:0.225794]
2024-08-24 14:46:28.047 | INFO     | psldh:train:166 - [iter:18/50][iter_time:87.18]
2024-08-24 14:46:58.613 | INFO     | psldh:train:161 - [epoch:1/3][loss:0.284969][loss_e:0.282622][loss_r:0.234740]
2024-08-24 14:47:29.932 | INFO     | psldh:train:161 - [epoch:2/3][loss:0.274841][loss_e:0.272626][loss_r:0.221568]
2024-08-24 14:47:59.644 | INFO     | psldh:train:161 - [epoch:3/3][loss:0.270322][loss_e:0.268104][loss_r:0.221759]
2024-08-24 14:47:59.645 | INFO     | psldh:train:166 - [iter:19/50][iter_time:91.60]
2024-08-24 14:48:30.846 | INFO     | psldh:train:161 - [epoch:1/3][loss:0.281453][loss_e:0.279243][loss_r:0.221006]
2024-08-24 14:49:03.239 | INFO     | psldh:train:161 - [epoch:2/3][loss:0.271068][loss_e:0.268880][loss_r:0.218783]
2024-08-24 14:49:34.123 | INFO     | psldh:train:161 - [epoch:3/3][loss:0.266219][loss_e:0.264059][loss_r:0.215985]
2024-08-24 14:49:34.124 | INFO     | psldh:train:166 - [iter:20/50][iter_time:94.48]
2024-08-24 14:51:20.411 | INFO     | psldh:train:236 - [iter:20/50][code_length:32][mAP:0.84794][mAP_all:0.86917][best_mAP:0.85244]
2024-08-24 14:51:20.412 | INFO     | psldh:train:237 - [iter:20/50][code_length:32][zs_mAP:0.61557][zs_mAP_all:0.49484]
2024-08-24 14:51:51.581 | INFO     | psldh:train:161 - [epoch:1/3][loss:0.285124][loss_e:0.282848][loss_r:0.227680]
2024-08-24 14:52:22.146 | INFO     | psldh:train:161 - [epoch:2/3][loss:0.273085][loss_e:0.270870][loss_r:0.221471]
2024-08-24 14:52:52.317 | INFO     | psldh:train:161 - [epoch:3/3][loss:0.267719][loss_e:0.265538][loss_r:0.218123]
2024-08-24 14:52:52.318 | INFO     | psldh:train:166 - [iter:21/50][iter_time:91.91]
2024-08-24 14:53:23.387 | INFO     | psldh:train:161 - [epoch:1/3][loss:0.280445][loss_e:0.278232][loss_r:0.221257]
2024-08-24 14:53:54.299 | INFO     | psldh:train:161 - [epoch:2/3][loss:0.273964][loss_e:0.271775][loss_r:0.218869]
2024-08-24 14:54:27.222 | INFO     | psldh:train:161 - [epoch:3/3][loss:0.267803][loss_e:0.265748][loss_r:0.205570]
2024-08-24 14:54:27.222 | INFO     | psldh:train:166 - [iter:22/50][iter_time:94.90]
2024-08-24 14:55:09.217 | INFO     | psldh:train:161 - [epoch:1/3][loss:0.278520][loss_e:0.276405][loss_r:0.211457]
2024-08-24 14:55:49.450 | INFO     | psldh:train:161 - [epoch:2/3][loss:0.267641][loss_e:0.265501][loss_r:0.213958]
2024-08-24 14:56:30.944 | INFO     | psldh:train:161 - [epoch:3/3][loss:0.268274][loss_e:0.266155][loss_r:0.211928]
2024-08-24 14:56:30.945 | INFO     | psldh:train:166 - [iter:23/50][iter_time:123.72]
2024-08-24 14:57:11.860 | INFO     | psldh:train:161 - [epoch:1/3][loss:0.279616][loss_e:0.277409][loss_r:0.220734]
2024-08-24 14:57:54.187 | INFO     | psldh:train:161 - [epoch:2/3][loss:0.267333][loss_e:0.265180][loss_r:0.215351]
2024-08-24 14:58:36.556 | INFO     | psldh:train:161 - [epoch:3/3][loss:0.267929][loss_e:0.265866][loss_r:0.206349]
2024-08-24 14:58:36.557 | INFO     | psldh:train:166 - [iter:24/50][iter_time:125.61]
2024-08-24 14:59:16.940 | INFO     | psldh:train:161 - [epoch:1/3][loss:0.279070][loss_e:0.276915][loss_r:0.215484]
2024-08-24 14:59:59.148 | INFO     | psldh:train:161 - [epoch:2/3][loss:0.274210][loss_e:0.272074][loss_r:0.213540]
2024-08-24 15:00:38.995 | INFO     | psldh:train:161 - [epoch:3/3][loss:0.267301][loss_e:0.265246][loss_r:0.205462]
2024-08-24 15:00:38.995 | INFO     | psldh:train:166 - [iter:25/50][iter_time:122.44]
2024-08-24 15:02:39.986 | INFO     | psldh:train:236 - [iter:25/50][code_length:32][mAP:0.86172][mAP_all:0.87867][best_mAP:0.86172]
2024-08-24 15:02:39.987 | INFO     | psldh:train:237 - [iter:25/50][code_length:32][zs_mAP:0.62572][zs_mAP_all:0.51625]
2024-08-24 15:03:12.948 | INFO     | psldh:train:161 - [epoch:1/3][loss:0.281065][loss_e:0.278919][loss_r:0.214656]
2024-08-24 15:03:53.890 | INFO     | psldh:train:161 - [epoch:2/3][loss:0.271033][loss_e:0.268924][loss_r:0.210933]
2024-08-24 15:04:36.433 | INFO     | psldh:train:161 - [epoch:3/3][loss:0.265145][loss_e:0.263081][loss_r:0.206412]
2024-08-24 15:04:36.433 | INFO     | psldh:train:166 - [iter:26/50][iter_time:116.45]
2024-08-24 15:05:17.518 | INFO     | psldh:train:161 - [epoch:1/3][loss:0.278906][loss_e:0.276775][loss_r:0.213110]
2024-08-24 15:05:57.908 | INFO     | psldh:train:161 - [epoch:2/3][loss:0.271508][loss_e:0.269422][loss_r:0.208605]
2024-08-24 15:06:40.697 | INFO     | psldh:train:161 - [epoch:3/3][loss:0.267598][loss_e:0.265491][loss_r:0.210705]
2024-08-24 15:06:40.697 | INFO     | psldh:train:166 - [iter:27/50][iter_time:124.26]
2024-08-24 15:07:21.515 | INFO     | psldh:train:161 - [epoch:1/3][loss:0.279948][loss_e:0.277771][loss_r:0.217710]
2024-08-24 15:08:04.099 | INFO     | psldh:train:161 - [epoch:2/3][loss:0.267194][loss_e:0.265131][loss_r:0.206268]
2024-08-24 15:08:45.162 | INFO     | psldh:train:161 - [epoch:3/3][loss:0.265810][loss_e:0.263775][loss_r:0.203536]
2024-08-24 15:08:45.163 | INFO     | psldh:train:166 - [iter:28/50][iter_time:124.47]
2024-08-24 15:09:28.874 | INFO     | psldh:train:161 - [epoch:1/3][loss:0.277239][loss_e:0.275164][loss_r:0.207503]
2024-08-24 15:10:09.992 | INFO     | psldh:train:161 - [epoch:2/3][loss:0.265857][loss_e:0.263849][loss_r:0.200730]
2024-08-24 15:10:49.924 | INFO     | psldh:train:161 - [epoch:3/3][loss:0.262824][loss_e:0.260819][loss_r:0.200537]
2024-08-24 15:10:49.924 | INFO     | psldh:train:166 - [iter:29/50][iter_time:124.76]
2024-08-24 15:11:29.369 | INFO     | psldh:train:161 - [epoch:1/3][loss:0.280786][loss_e:0.278643][loss_r:0.214359]
2024-08-24 15:12:12.140 | INFO     | psldh:train:161 - [epoch:2/3][loss:0.270199][loss_e:0.268036][loss_r:0.216277]
2024-08-24 15:12:53.052 | INFO     | psldh:train:161 - [epoch:3/3][loss:0.264162][loss_e:0.262122][loss_r:0.204009]
2024-08-24 15:12:53.053 | INFO     | psldh:train:166 - [iter:30/50][iter_time:123.13]
2024-08-24 15:14:57.239 | INFO     | psldh:train:236 - [iter:30/50][code_length:32][mAP:0.86547][mAP_all:0.88561][best_mAP:0.86547]
2024-08-24 15:14:57.241 | INFO     | psldh:train:237 - [iter:30/50][code_length:32][zs_mAP:0.63467][zs_mAP_all:0.55317]
2024-08-24 15:15:34.708 | INFO     | psldh:train:161 - [epoch:1/3][loss:0.272944][loss_e:0.270860][loss_r:0.208428]
2024-08-24 15:16:13.798 | INFO     | psldh:train:161 - [epoch:2/3][loss:0.260679][loss_e:0.258716][loss_r:0.196348]
2024-08-24 15:16:52.878 | INFO     | psldh:train:161 - [epoch:3/3][loss:0.256834][loss_e:0.255007][loss_r:0.182764]
2024-08-24 15:16:52.879 | INFO     | psldh:train:166 - [iter:31/50][iter_time:115.64]
2024-08-24 15:17:34.220 | INFO     | psldh:train:161 - [epoch:1/3][loss:0.274561][loss_e:0.272505][loss_r:0.205660]
2024-08-24 15:18:12.443 | INFO     | psldh:train:161 - [epoch:2/3][loss:0.263843][loss_e:0.261856][loss_r:0.198769]
2024-08-24 15:18:53.187 | INFO     | psldh:train:161 - [epoch:3/3][loss:0.257835][loss_e:0.255864][loss_r:0.197145]
2024-08-24 15:18:53.188 | INFO     | psldh:train:166 - [iter:32/50][iter_time:120.31]
2024-08-24 15:19:32.534 | INFO     | psldh:train:161 - [epoch:1/3][loss:0.273568][loss_e:0.271476][loss_r:0.209223]
2024-08-24 15:20:13.138 | INFO     | psldh:train:161 - [epoch:2/3][loss:0.268320][loss_e:0.266342][loss_r:0.197798]
2024-08-24 15:20:54.156 | INFO     | psldh:train:161 - [epoch:3/3][loss:0.261294][loss_e:0.259313][loss_r:0.198117]
2024-08-24 15:20:54.157 | INFO     | psldh:train:166 - [iter:33/50][iter_time:120.97]
2024-08-24 15:21:35.508 | INFO     | psldh:train:161 - [epoch:1/3][loss:0.272017][loss_e:0.269926][loss_r:0.209119]
2024-08-24 15:22:16.280 | INFO     | psldh:train:161 - [epoch:2/3][loss:0.267259][loss_e:0.265221][loss_r:0.203767]
2024-08-24 15:22:57.133 | INFO     | psldh:train:161 - [epoch:3/3][loss:0.263201][loss_e:0.261338][loss_r:0.186371]
2024-08-24 15:22:57.134 | INFO     | psldh:train:166 - [iter:34/50][iter_time:122.98]
2024-08-24 15:23:39.577 | INFO     | psldh:train:161 - [epoch:1/3][loss:0.270426][loss_e:0.268437][loss_r:0.198822]
2024-08-24 15:24:21.632 | INFO     | psldh:train:161 - [epoch:2/3][loss:0.261134][loss_e:0.259157][loss_r:0.197716]
2024-08-24 15:25:03.766 | INFO     | psldh:train:161 - [epoch:3/3][loss:0.255331][loss_e:0.253376][loss_r:0.195523]
2024-08-24 15:25:03.767 | INFO     | psldh:train:166 - [iter:35/50][iter_time:126.63]
2024-08-24 15:26:59.494 | INFO     | psldh:train:236 - [iter:35/50][code_length:32][mAP:0.87365][mAP_all:0.88793][best_mAP:0.87365]
2024-08-24 15:26:59.495 | INFO     | psldh:train:237 - [iter:35/50][code_length:32][zs_mAP:0.62430][zs_mAP_all:0.53167]
2024-08-24 15:27:36.551 | INFO     | psldh:train:161 - [epoch:1/3][loss:0.271853][loss_e:0.269906][loss_r:0.194741]
2024-08-24 15:28:18.171 | INFO     | psldh:train:161 - [epoch:2/3][loss:0.264358][loss_e:0.262410][loss_r:0.194771]
2024-08-24 15:28:46.254 | INFO     | psldh:train:161 - [epoch:3/3][loss:0.254221][loss_e:0.252323][loss_r:0.189759]
2024-08-24 15:28:46.255 | INFO     | psldh:train:166 - [iter:36/50][iter_time:106.76]
2024-08-24 15:30:35.614 | INFO     | psldh:train:236 - [iter:36/50][code_length:32][mAP:0.86294][mAP_all:0.88293][best_mAP:0.87365]
2024-08-24 15:30:35.615 | INFO     | psldh:train:237 - [iter:36/50][code_length:32][zs_mAP:0.63138][zs_mAP_all:0.54685]
2024-08-24 15:31:08.017 | INFO     | psldh:train:161 - [epoch:1/3][loss:0.276307][loss_e:0.274324][loss_r:0.198340]
2024-08-24 15:31:39.620 | INFO     | psldh:train:161 - [epoch:2/3][loss:0.262995][loss_e:0.261093][loss_r:0.190251]
2024-08-24 15:32:10.197 | INFO     | psldh:train:161 - [epoch:3/3][loss:0.263117][loss_e:0.261201][loss_r:0.191657]
2024-08-24 15:32:10.198 | INFO     | psldh:train:166 - [iter:37/50][iter_time:94.58]
2024-08-24 15:33:55.782 | INFO     | psldh:train:236 - [iter:37/50][code_length:32][mAP:0.85929][mAP_all:0.87783][best_mAP:0.87365]
2024-08-24 15:33:55.783 | INFO     | psldh:train:237 - [iter:37/50][code_length:32][zs_mAP:0.62662][zs_mAP_all:0.53378]
2024-08-24 15:34:27.578 | INFO     | psldh:train:161 - [epoch:1/3][loss:0.276341][loss_e:0.274345][loss_r:0.199584]
2024-08-24 15:34:58.212 | INFO     | psldh:train:161 - [epoch:2/3][loss:0.264895][loss_e:0.262974][loss_r:0.192133]
2024-08-24 15:35:28.510 | INFO     | psldh:train:161 - [epoch:3/3][loss:0.259570][loss_e:0.257597][loss_r:0.197220]
2024-08-24 15:35:28.510 | INFO     | psldh:train:166 - [iter:38/50][iter_time:92.73]
2024-08-24 15:37:12.451 | INFO     | psldh:train:236 - [iter:38/50][code_length:32][mAP:0.87034][mAP_all:0.88138][best_mAP:0.87365]
2024-08-24 15:37:12.452 | INFO     | psldh:train:237 - [iter:38/50][code_length:32][zs_mAP:0.61468][zs_mAP_all:0.50295]
2024-08-24 15:37:42.141 | INFO     | psldh:train:161 - [epoch:1/3][loss:0.270970][loss_e:0.269022][loss_r:0.194889]
2024-08-24 15:38:15.670 | INFO     | psldh:train:161 - [epoch:2/3][loss:0.267214][loss_e:0.265305][loss_r:0.190903]
2024-08-24 15:38:57.372 | INFO     | psldh:train:161 - [epoch:3/3][loss:0.259789][loss_e:0.257940][loss_r:0.184910]
2024-08-24 15:38:57.373 | INFO     | psldh:train:166 - [iter:39/50][iter_time:104.92]
2024-08-24 15:40:58.134 | INFO     | psldh:train:236 - [iter:39/50][code_length:32][mAP:0.87164][mAP_all:0.88619][best_mAP:0.87365]
2024-08-24 15:40:58.136 | INFO     | psldh:train:237 - [iter:39/50][code_length:32][zs_mAP:0.62984][zs_mAP_all:0.54068]
2024-08-24 15:41:31.438 | INFO     | psldh:train:161 - [epoch:1/3][loss:0.270894][loss_e:0.268983][loss_r:0.191122]
2024-08-24 15:42:12.359 | INFO     | psldh:train:161 - [epoch:2/3][loss:0.259264][loss_e:0.257413][loss_r:0.185114]
2024-08-24 15:42:53.617 | INFO     | psldh:train:161 - [epoch:3/3][loss:0.251546][loss_e:0.249718][loss_r:0.182813]
2024-08-24 15:42:53.618 | INFO     | psldh:train:166 - [iter:40/50][iter_time:115.48]
2024-08-24 15:44:57.727 | INFO     | psldh:train:236 - [iter:40/50][code_length:32][mAP:0.86999][mAP_all:0.89002][best_mAP:0.87365]
2024-08-24 15:44:57.728 | INFO     | psldh:train:237 - [iter:40/50][code_length:32][zs_mAP:0.62422][zs_mAP_all:0.54796]
2024-08-24 15:45:33.061 | INFO     | psldh:train:161 - [epoch:1/3][loss:0.269645][loss_e:0.267655][loss_r:0.198964]
2024-08-24 15:46:14.627 | INFO     | psldh:train:161 - [epoch:2/3][loss:0.260353][loss_e:0.258425][loss_r:0.192815]
2024-08-24 15:46:56.111 | INFO     | psldh:train:161 - [epoch:3/3][loss:0.252163][loss_e:0.250328][loss_r:0.183463]
2024-08-24 15:46:56.112 | INFO     | psldh:train:166 - [iter:41/50][iter_time:118.38]
2024-08-24 15:48:56.057 | INFO     | psldh:train:236 - [iter:41/50][code_length:32][mAP:0.87268][mAP_all:0.88546][best_mAP:0.87365]
2024-08-24 15:48:56.059 | INFO     | psldh:train:237 - [iter:41/50][code_length:32][zs_mAP:0.63037][zs_mAP_all:0.53425]
2024-08-24 15:49:32.591 | INFO     | psldh:train:161 - [epoch:1/3][loss:0.276268][loss_e:0.274271][loss_r:0.199740]
2024-08-24 15:50:13.988 | INFO     | psldh:train:161 - [epoch:2/3][loss:0.266599][loss_e:0.264704][loss_r:0.189450]
2024-08-24 15:50:54.363 | INFO     | psldh:train:161 - [epoch:3/3][loss:0.262989][loss_e:0.261083][loss_r:0.190629]
2024-08-24 15:50:54.364 | INFO     | psldh:train:166 - [iter:42/50][iter_time:118.30]
2024-08-24 15:52:54.861 | INFO     | psldh:train:236 - [iter:42/50][code_length:32][mAP:0.87095][mAP_all:0.88127][best_mAP:0.87365]
2024-08-24 15:52:54.864 | INFO     | psldh:train:237 - [iter:42/50][code_length:32][zs_mAP:0.62250][zs_mAP_all:0.51408]
2024-08-24 15:53:30.986 | INFO     | psldh:train:161 - [epoch:1/3][loss:0.270748][loss_e:0.268756][loss_r:0.199120]
2024-08-24 15:54:11.796 | INFO     | psldh:train:161 - [epoch:2/3][loss:0.264069][loss_e:0.262174][loss_r:0.189516]
2024-08-24 15:54:52.564 | INFO     | psldh:train:161 - [epoch:3/3][loss:0.260823][loss_e:0.258914][loss_r:0.190889]
2024-08-24 15:54:52.564 | INFO     | psldh:train:166 - [iter:43/50][iter_time:117.70]
2024-08-24 15:56:56.426 | INFO     | psldh:train:236 - [iter:43/50][code_length:32][mAP:0.87048][mAP_all:0.88792][best_mAP:0.87365]
2024-08-24 15:56:56.427 | INFO     | psldh:train:237 - [iter:43/50][code_length:32][zs_mAP:0.63131][zs_mAP_all:0.55664]
2024-08-24 15:57:30.768 | INFO     | psldh:train:161 - [epoch:1/3][loss:0.267365][loss_e:0.265400][loss_r:0.196439]
2024-08-24 15:58:12.641 | INFO     | psldh:train:161 - [epoch:2/3][loss:0.258734][loss_e:0.256820][loss_r:0.191356]
2024-08-24 15:58:55.333 | INFO     | psldh:train:161 - [epoch:3/3][loss:0.255820][loss_e:0.253972][loss_r:0.184841]
2024-08-24 15:58:55.333 | INFO     | psldh:train:166 - [iter:44/50][iter_time:118.91]
2024-08-24 16:01:11.037 | INFO     | psldh:train:236 - [iter:44/50][code_length:32][mAP:0.86578][mAP_all:0.87417][best_mAP:0.87365]
2024-08-24 16:01:11.037 | INFO     | psldh:train:237 - [iter:44/50][code_length:32][zs_mAP:0.62349][zs_mAP_all:0.51986]
2024-08-24 16:01:50.332 | INFO     | psldh:train:161 - [epoch:1/3][loss:0.270241][loss_e:0.268332][loss_r:0.190875]
2024-08-24 16:02:32.049 | INFO     | psldh:train:161 - [epoch:2/3][loss:0.261279][loss_e:0.259361][loss_r:0.191817]
2024-08-24 16:03:11.448 | INFO     | psldh:train:161 - [epoch:3/3][loss:0.255233][loss_e:0.253403][loss_r:0.183025]
2024-08-24 16:03:11.449 | INFO     | psldh:train:166 - [iter:45/50][iter_time:120.41]
2024-08-24 16:05:17.805 | INFO     | psldh:train:236 - [iter:45/50][code_length:32][mAP:0.86683][mAP_all:0.87744][best_mAP:0.87365]
2024-08-24 16:05:17.805 | INFO     | psldh:train:237 - [iter:45/50][code_length:32][zs_mAP:0.61778][zs_mAP_all:0.50092]
2024-08-24 16:05:55.556 | INFO     | psldh:train:161 - [epoch:1/3][loss:0.267064][loss_e:0.265161][loss_r:0.190282]
2024-08-24 16:06:35.366 | INFO     | psldh:train:161 - [epoch:2/3][loss:0.263221][loss_e:0.261406][loss_r:0.181457]
2024-08-24 16:07:16.722 | INFO     | psldh:train:161 - [epoch:3/3][loss:0.261560][loss_e:0.259684][loss_r:0.187590]
2024-08-24 16:07:16.722 | INFO     | psldh:train:166 - [iter:46/50][iter_time:118.92]
2024-08-24 16:09:16.671 | INFO     | psldh:train:236 - [iter:46/50][code_length:32][mAP:0.87405][mAP_all:0.88792][best_mAP:0.87405]
2024-08-24 16:09:16.672 | INFO     | psldh:train:237 - [iter:46/50][code_length:32][zs_mAP:0.62747][zs_mAP_all:0.53659]
2024-08-24 16:09:57.274 | INFO     | psldh:train:161 - [epoch:1/3][loss:0.259682][loss_e:0.257860][loss_r:0.182226]
2024-08-24 16:10:34.245 | INFO     | psldh:train:161 - [epoch:2/3][loss:0.261153][loss_e:0.259271][loss_r:0.188270]
2024-08-24 16:10:59.406 | INFO     | psldh:train:161 - [epoch:3/3][loss:0.254672][loss_e:0.252820][loss_r:0.185235]
2024-08-24 16:10:59.407 | INFO     | psldh:train:166 - [iter:47/50][iter_time:102.73]
2024-08-24 16:12:48.142 | INFO     | psldh:train:236 - [iter:47/50][code_length:32][mAP:0.88124][mAP_all:0.89317][best_mAP:0.88124]
2024-08-24 16:12:48.143 | INFO     | psldh:train:237 - [iter:47/50][code_length:32][zs_mAP:0.63044][zs_mAP_all:0.53973]
2024-08-24 16:13:22.128 | INFO     | psldh:train:161 - [epoch:1/3][loss:0.261009][loss_e:0.259219][loss_r:0.178981]
2024-08-24 16:13:53.064 | INFO     | psldh:train:161 - [epoch:2/3][loss:0.263187][loss_e:0.261364][loss_r:0.182290]
2024-08-24 16:14:24.727 | INFO     | psldh:train:161 - [epoch:3/3][loss:0.258721][loss_e:0.256887][loss_r:0.183438]
2024-08-24 16:14:24.728 | INFO     | psldh:train:166 - [iter:48/50][iter_time:96.58]
2024-08-24 16:16:14.605 | INFO     | psldh:train:236 - [iter:48/50][code_length:32][mAP:0.88324][mAP_all:0.89415][best_mAP:0.88324]
2024-08-24 16:16:14.606 | INFO     | psldh:train:237 - [iter:48/50][code_length:32][zs_mAP:0.62920][zs_mAP_all:0.53642]
2024-08-24 16:16:47.637 | INFO     | psldh:train:161 - [epoch:1/3][loss:0.259769][loss_e:0.257940][loss_r:0.182865]
2024-08-24 16:17:19.509 | INFO     | psldh:train:161 - [epoch:2/3][loss:0.254307][loss_e:0.252530][loss_r:0.177698]
2024-08-24 16:17:52.458 | INFO     | psldh:train:161 - [epoch:3/3][loss:0.255121][loss_e:0.253305][loss_r:0.181595]
2024-08-24 16:17:52.459 | INFO     | psldh:train:166 - [iter:49/50][iter_time:97.85]
2024-08-24 16:19:47.183 | INFO     | psldh:train:236 - [iter:49/50][code_length:32][mAP:0.88800][mAP_all:0.89498][best_mAP:0.88800]
2024-08-24 16:19:47.184 | INFO     | psldh:train:237 - [iter:49/50][code_length:32][zs_mAP:0.62925][zs_mAP_all:0.53049]
2024-08-24 16:20:22.812 | INFO     | psldh:train:161 - [epoch:1/3][loss:0.254518][loss_e:0.252705][loss_r:0.181302]
2024-08-24 16:21:02.105 | INFO     | psldh:train:161 - [epoch:2/3][loss:0.250198][loss_e:0.248388][loss_r:0.180989]
2024-08-24 16:21:39.419 | INFO     | psldh:train:161 - [epoch:3/3][loss:0.248961][loss_e:0.247201][loss_r:0.176005]
2024-08-24 16:21:39.420 | INFO     | psldh:train:166 - [iter:50/50][iter_time:112.24]
2024-08-24 16:23:50.930 | INFO     | psldh:train:236 - [iter:50/50][code_length:32][mAP:0.88566][mAP_all:0.89615][best_mAP:0.88800]
2024-08-24 16:23:50.930 | INFO     | psldh:train:237 - [iter:50/50][code_length:32][zs_mAP:0.63038][zs_mAP_all:0.53852]
2024-08-24 16:23:50.931 | INFO     | psldh:train:240 - [Training time:8267.78]
2024-08-24 16:23:50.937 | INFO     | __main__:run:123 - [code_length:32][map:0.8880][map_all:0.8950][zs_map:0.6292][zs_map_all:0.5305]
2024-08-24 16:24:29.051 | INFO     | psldh:train:161 - [epoch:1/3][loss:0.523600][loss_e:0.507965][loss_r:1.563550]
2024-08-24 16:25:09.565 | INFO     | psldh:train:161 - [epoch:2/3][loss:0.416003][loss_e:0.404002][loss_r:1.200097]
2024-08-24 16:25:50.304 | INFO     | psldh:train:161 - [epoch:3/3][loss:0.376583][loss_e:0.366003][loss_r:1.058071]
2024-08-24 16:25:50.305 | INFO     | psldh:train:166 - [iter:1/50][iter_time:117.49]
2024-08-24 16:26:30.279 | INFO     | psldh:train:161 - [epoch:1/3][loss:0.373407][loss_e:0.364166][loss_r:0.924097]
2024-08-24 16:27:09.482 | INFO     | psldh:train:161 - [epoch:2/3][loss:0.355322][loss_e:0.346928][loss_r:0.839435]
2024-08-24 16:27:50.800 | INFO     | psldh:train:161 - [epoch:3/3][loss:0.330315][loss_e:0.322401][loss_r:0.791399]
2024-08-24 16:27:50.800 | INFO     | psldh:train:166 - [iter:2/50][iter_time:120.50]
2024-08-24 16:28:30.429 | INFO     | psldh:train:161 - [epoch:1/3][loss:0.361402][loss_e:0.353687][loss_r:0.771506]
2024-08-24 16:29:12.658 | INFO     | psldh:train:161 - [epoch:2/3][loss:0.352381][loss_e:0.344872][loss_r:0.750902]
2024-08-24 16:29:50.921 | INFO     | psldh:train:161 - [epoch:3/3][loss:0.334025][loss_e:0.326639][loss_r:0.738592]
2024-08-24 16:29:50.921 | INFO     | psldh:train:166 - [iter:3/50][iter_time:120.12]
2024-08-24 16:30:30.320 | INFO     | psldh:train:161 - [epoch:1/3][loss:0.349100][loss_e:0.341919][loss_r:0.718087]
2024-08-24 16:31:08.375 | INFO     | psldh:train:161 - [epoch:2/3][loss:0.340794][loss_e:0.333906][loss_r:0.688831]
2024-08-24 16:31:48.338 | INFO     | psldh:train:161 - [epoch:3/3][loss:0.317336][loss_e:0.310590][loss_r:0.674618]
2024-08-24 16:31:48.339 | INFO     | psldh:train:166 - [iter:4/50][iter_time:117.42]
2024-08-24 16:32:27.164 | INFO     | psldh:train:161 - [epoch:1/3][loss:0.356927][loss_e:0.350164][loss_r:0.676210]
2024-08-24 16:33:08.133 | INFO     | psldh:train:161 - [epoch:2/3][loss:0.321968][loss_e:0.315614][loss_r:0.635467]
2024-08-24 16:33:48.151 | INFO     | psldh:train:161 - [epoch:3/3][loss:0.315927][loss_e:0.309563][loss_r:0.636375]
2024-08-24 16:33:48.153 | INFO     | psldh:train:166 - [iter:5/50][iter_time:119.81]
2024-08-24 16:35:59.054 | INFO     | psldh:train:236 - [iter:5/50][code_length:64][mAP:0.82837][mAP_all:0.86664][best_mAP:0.82837]
2024-08-24 16:35:59.055 | INFO     | psldh:train:237 - [iter:5/50][code_length:64][zs_mAP:0.62693][zs_mAP_all:0.53279]
2024-08-24 16:36:35.291 | INFO     | psldh:train:161 - [epoch:1/3][loss:0.353229][loss_e:0.346892][loss_r:0.633646]
2024-08-24 16:37:14.828 | INFO     | psldh:train:161 - [epoch:2/3][loss:0.332773][loss_e:0.326666][loss_r:0.610735]
2024-08-24 16:37:54.310 | INFO     | psldh:train:161 - [epoch:3/3][loss:0.315948][loss_e:0.309884][loss_r:0.606361]
2024-08-24 16:37:54.311 | INFO     | psldh:train:166 - [iter:6/50][iter_time:115.26]
2024-08-24 16:38:35.735 | INFO     | psldh:train:161 - [epoch:1/3][loss:0.339636][loss_e:0.333475][loss_r:0.616126]
2024-08-24 16:39:18.571 | INFO     | psldh:train:161 - [epoch:2/3][loss:0.330862][loss_e:0.324776][loss_r:0.608612]
2024-08-24 16:40:00.119 | INFO     | psldh:train:161 - [epoch:3/3][loss:0.307337][loss_e:0.301231][loss_r:0.610618]
2024-08-24 16:40:00.120 | INFO     | psldh:train:166 - [iter:7/50][iter_time:125.81]
2024-08-24 16:40:39.716 | INFO     | psldh:train:161 - [epoch:1/3][loss:0.345179][loss_e:0.339195][loss_r:0.598394]
2024-08-24 16:41:20.102 | INFO     | psldh:train:161 - [epoch:2/3][loss:0.315980][loss_e:0.310094][loss_r:0.588555]
2024-08-24 16:42:00.166 | INFO     | psldh:train:161 - [epoch:3/3][loss:0.306658][loss_e:0.300845][loss_r:0.581218]
2024-08-24 16:42:00.167 | INFO     | psldh:train:166 - [iter:8/50][iter_time:120.05]
2024-08-24 16:42:39.649 | INFO     | psldh:train:161 - [epoch:1/3][loss:0.332178][loss_e:0.325970][loss_r:0.620761]
2024-08-24 16:43:21.064 | INFO     | psldh:train:161 - [epoch:2/3][loss:0.314455][loss_e:0.308719][loss_r:0.573602]
2024-08-24 16:43:59.082 | INFO     | psldh:train:161 - [epoch:3/3][loss:0.296038][loss_e:0.290319][loss_r:0.571929]
2024-08-24 16:43:59.083 | INFO     | psldh:train:166 - [iter:9/50][iter_time:118.92]
2024-08-24 16:44:38.993 | INFO     | psldh:train:161 - [epoch:1/3][loss:0.334101][loss_e:0.328300][loss_r:0.580020]
2024-08-24 16:45:17.859 | INFO     | psldh:train:161 - [epoch:2/3][loss:0.316616][loss_e:0.310891][loss_r:0.572454]
2024-08-24 16:45:55.438 | INFO     | psldh:train:161 - [epoch:3/3][loss:0.304581][loss_e:0.298968][loss_r:0.561267]
2024-08-24 16:45:55.439 | INFO     | psldh:train:166 - [iter:10/50][iter_time:116.36]
2024-08-24 16:48:03.754 | INFO     | psldh:train:236 - [iter:10/50][code_length:64][mAP:0.84281][mAP_all:0.87864][best_mAP:0.84281]
2024-08-24 16:48:03.755 | INFO     | psldh:train:237 - [iter:10/50][code_length:64][zs_mAP:0.63498][zs_mAP_all:0.56134]
2024-08-24 16:48:45.941 | INFO     | psldh:train:161 - [epoch:1/3][loss:0.328979][loss_e:0.323321][loss_r:0.565854]
2024-08-24 16:49:25.664 | INFO     | psldh:train:161 - [epoch:2/3][loss:0.314713][loss_e:0.309021][loss_r:0.569274]
2024-08-24 16:50:03.210 | INFO     | psldh:train:161 - [epoch:3/3][loss:0.297307][loss_e:0.291782][loss_r:0.552490]
2024-08-24 16:50:03.211 | INFO     | psldh:train:166 - [iter:11/50][iter_time:119.46]
2024-08-24 16:50:41.903 | INFO     | psldh:train:161 - [epoch:1/3][loss:0.331804][loss_e:0.326098][loss_r:0.570605]
2024-08-24 16:51:22.257 | INFO     | psldh:train:161 - [epoch:2/3][loss:0.317064][loss_e:0.311647][loss_r:0.541641]
2024-08-24 16:52:00.157 | INFO     | psldh:train:161 - [epoch:3/3][loss:0.303882][loss_e:0.298360][loss_r:0.552189]
2024-08-24 16:52:00.158 | INFO     | psldh:train:166 - [iter:12/50][iter_time:116.95]
2024-08-24 16:52:40.746 | INFO     | psldh:train:161 - [epoch:1/3][loss:0.325265][loss_e:0.319639][loss_r:0.562541]
2024-08-24 16:53:19.854 | INFO     | psldh:train:161 - [epoch:2/3][loss:0.299223][loss_e:0.293958][loss_r:0.526540]
2024-08-24 16:53:56.991 | INFO     | psldh:train:161 - [epoch:3/3][loss:0.285914][loss_e:0.280680][loss_r:0.523419]
2024-08-24 16:53:56.992 | INFO     | psldh:train:166 - [iter:13/50][iter_time:116.83]
2024-08-24 16:54:32.532 | INFO     | psldh:train:161 - [epoch:1/3][loss:0.325953][loss_e:0.320654][loss_r:0.529841]
2024-08-24 16:54:57.624 | INFO     | psldh:train:161 - [epoch:2/3][loss:0.306521][loss_e:0.301223][loss_r:0.529744]
2024-08-24 16:55:27.096 | INFO     | psldh:train:161 - [epoch:3/3][loss:0.295840][loss_e:0.290481][loss_r:0.535888]
2024-08-24 16:55:27.097 | INFO     | psldh:train:166 - [iter:14/50][iter_time:90.11]
2024-08-24 16:55:56.139 | INFO     | psldh:train:161 - [epoch:1/3][loss:0.322792][loss_e:0.317424][loss_r:0.536822]
2024-08-24 16:56:27.868 | INFO     | psldh:train:161 - [epoch:2/3][loss:0.309078][loss_e:0.303839][loss_r:0.523961]
2024-08-24 16:56:56.871 | INFO     | psldh:train:161 - [epoch:3/3][loss:0.285444][loss_e:0.280196][loss_r:0.524800]
2024-08-24 16:56:56.873 | INFO     | psldh:train:166 - [iter:15/50][iter_time:89.78]
2024-08-24 16:58:39.758 | INFO     | psldh:train:236 - [iter:15/50][code_length:64][mAP:0.84180][mAP_all:0.86917][best_mAP:0.84281]
2024-08-24 16:58:39.772 | INFO     | psldh:train:237 - [iter:15/50][code_length:64][zs_mAP:0.63227][zs_mAP_all:0.53909]
2024-08-24 16:59:09.454 | INFO     | psldh:train:161 - [epoch:1/3][loss:0.322166][loss_e:0.316675][loss_r:0.549134]
2024-08-24 16:59:39.472 | INFO     | psldh:train:161 - [epoch:2/3][loss:0.297959][loss_e:0.292821][loss_r:0.513815]
2024-08-24 17:00:10.038 | INFO     | psldh:train:161 - [epoch:3/3][loss:0.281491][loss_e:0.276329][loss_r:0.516238]
2024-08-24 17:00:10.040 | INFO     | psldh:train:166 - [iter:16/50][iter_time:90.27]
2024-08-24 17:00:40.593 | INFO     | psldh:train:161 - [epoch:1/3][loss:0.321967][loss_e:0.316746][loss_r:0.522067]
2024-08-24 17:01:11.715 | INFO     | psldh:train:161 - [epoch:2/3][loss:0.300740][loss_e:0.295695][loss_r:0.504497]
2024-08-24 17:01:41.987 | INFO     | psldh:train:161 - [epoch:3/3][loss:0.283945][loss_e:0.278943][loss_r:0.500169]
2024-08-24 17:01:41.988 | INFO     | psldh:train:166 - [iter:17/50][iter_time:91.95]
2024-08-24 17:02:11.215 | INFO     | psldh:train:161 - [epoch:1/3][loss:0.319429][loss_e:0.314240][loss_r:0.518947]
2024-08-24 17:02:41.785 | INFO     | psldh:train:161 - [epoch:2/3][loss:0.301870][loss_e:0.296710][loss_r:0.515964]
2024-08-24 17:03:11.869 | INFO     | psldh:train:161 - [epoch:3/3][loss:0.285884][loss_e:0.280782][loss_r:0.510256]
2024-08-24 17:03:11.870 | INFO     | psldh:train:166 - [iter:18/50][iter_time:89.88]
2024-08-24 17:03:42.261 | INFO     | psldh:train:161 - [epoch:1/3][loss:0.316513][loss_e:0.311175][loss_r:0.533832]
2024-08-24 17:04:15.738 | INFO     | psldh:train:161 - [epoch:2/3][loss:0.283972][loss_e:0.278877][loss_r:0.509548]
2024-08-24 17:05:00.020 | INFO     | psldh:train:161 - [epoch:3/3][loss:0.285024][loss_e:0.280091][loss_r:0.493265]
2024-08-24 17:05:00.020 | INFO     | psldh:train:166 - [iter:19/50][iter_time:108.15]
2024-08-24 17:05:38.376 | INFO     | psldh:train:161 - [epoch:1/3][loss:0.311895][loss_e:0.307007][loss_r:0.488791]
2024-08-24 17:06:21.081 | INFO     | psldh:train:161 - [epoch:2/3][loss:0.288726][loss_e:0.283775][loss_r:0.495087]
2024-08-24 17:06:59.603 | INFO     | psldh:train:161 - [epoch:3/3][loss:0.286898][loss_e:0.281843][loss_r:0.505475]
2024-08-24 17:06:59.604 | INFO     | psldh:train:166 - [iter:20/50][iter_time:119.58]
2024-08-24 17:08:59.670 | INFO     | psldh:train:236 - [iter:20/50][code_length:64][mAP:0.84228][mAP_all:0.86845][best_mAP:0.84281]
2024-08-24 17:08:59.671 | INFO     | psldh:train:237 - [iter:20/50][code_length:64][zs_mAP:0.65226][zs_mAP_all:0.56070]
2024-08-24 17:09:35.597 | INFO     | psldh:train:161 - [epoch:1/3][loss:0.313093][loss_e:0.308091][loss_r:0.500150]
2024-08-24 17:10:13.586 | INFO     | psldh:train:161 - [epoch:2/3][loss:0.297181][loss_e:0.292195][loss_r:0.498604]
2024-08-24 17:10:53.586 | INFO     | psldh:train:161 - [epoch:3/3][loss:0.281533][loss_e:0.276610][loss_r:0.492293]
2024-08-24 17:10:53.587 | INFO     | psldh:train:166 - [iter:21/50][iter_time:113.92]
2024-08-24 17:11:34.339 | INFO     | psldh:train:161 - [epoch:1/3][loss:0.306326][loss_e:0.301355][loss_r:0.497170]
2024-08-24 17:12:13.673 | INFO     | psldh:train:161 - [epoch:2/3][loss:0.294433][loss_e:0.289561][loss_r:0.487126]
2024-08-24 17:12:52.810 | INFO     | psldh:train:161 - [epoch:3/3][loss:0.278534][loss_e:0.273642][loss_r:0.489224]
2024-08-24 17:12:52.811 | INFO     | psldh:train:166 - [iter:22/50][iter_time:119.22]
2024-08-24 17:13:35.905 | INFO     | psldh:train:161 - [epoch:1/3][loss:0.318921][loss_e:0.313845][loss_r:0.507563]
2024-08-24 17:14:18.187 | INFO     | psldh:train:161 - [epoch:2/3][loss:0.286235][loss_e:0.281442][loss_r:0.479262]
2024-08-24 17:14:58.990 | INFO     | psldh:train:161 - [epoch:3/3][loss:0.274481][loss_e:0.269780][loss_r:0.470129]
2024-08-24 17:14:58.991 | INFO     | psldh:train:166 - [iter:23/50][iter_time:126.18]
2024-08-24 17:15:39.875 | INFO     | psldh:train:161 - [epoch:1/3][loss:0.289444][loss_e:0.284683][loss_r:0.476188]
2024-08-24 17:16:19.933 | INFO     | psldh:train:161 - [epoch:2/3][loss:0.279878][loss_e:0.275008][loss_r:0.487085]
2024-08-24 17:17:02.534 | INFO     | psldh:train:161 - [epoch:3/3][loss:0.264926][loss_e:0.260158][loss_r:0.476814]
2024-08-24 17:17:02.536 | INFO     | psldh:train:166 - [iter:24/50][iter_time:123.54]
2024-08-24 17:17:46.438 | INFO     | psldh:train:161 - [epoch:1/3][loss:0.304220][loss_e:0.299315][loss_r:0.490483]
2024-08-24 17:18:30.221 | INFO     | psldh:train:161 - [epoch:2/3][loss:0.296131][loss_e:0.291285][loss_r:0.484575]
2024-08-24 17:19:12.070 | INFO     | psldh:train:161 - [epoch:3/3][loss:0.282664][loss_e:0.277938][loss_r:0.472639]
2024-08-24 17:19:12.071 | INFO     | psldh:train:166 - [iter:25/50][iter_time:129.54]
2024-08-24 17:21:10.826 | INFO     | psldh:train:236 - [iter:25/50][code_length:64][mAP:0.84865][mAP_all:0.87406][best_mAP:0.84865]
2024-08-24 17:21:10.827 | INFO     | psldh:train:237 - [iter:25/50][code_length:64][zs_mAP:0.65089][zs_mAP_all:0.56875]
2024-08-24 17:21:48.369 | INFO     | psldh:train:161 - [epoch:1/3][loss:0.309172][loss_e:0.304343][loss_r:0.482889]
2024-08-24 17:22:32.487 | INFO     | psldh:train:161 - [epoch:2/3][loss:0.282628][loss_e:0.277927][loss_r:0.470123]
2024-08-24 17:23:14.868 | INFO     | psldh:train:161 - [epoch:3/3][loss:0.269495][loss_e:0.264846][loss_r:0.464890]
2024-08-24 17:23:14.869 | INFO     | psldh:train:166 - [iter:26/50][iter_time:124.04]
2024-08-24 17:23:55.054 | INFO     | psldh:train:161 - [epoch:1/3][loss:0.309208][loss_e:0.304309][loss_r:0.489979]
2024-08-24 17:24:34.927 | INFO     | psldh:train:161 - [epoch:2/3][loss:0.290433][loss_e:0.285705][loss_r:0.472814]
2024-08-24 17:25:13.933 | INFO     | psldh:train:161 - [epoch:3/3][loss:0.274847][loss_e:0.270258][loss_r:0.458928]
2024-08-24 17:25:13.934 | INFO     | psldh:train:166 - [iter:27/50][iter_time:119.07]
2024-08-24 17:25:53.221 | INFO     | psldh:train:161 - [epoch:1/3][loss:0.305485][loss_e:0.300834][loss_r:0.465076]
2024-08-24 17:26:31.765 | INFO     | psldh:train:161 - [epoch:2/3][loss:0.291977][loss_e:0.287237][loss_r:0.474002]
2024-08-24 17:27:13.772 | INFO     | psldh:train:161 - [epoch:3/3][loss:0.282359][loss_e:0.277661][loss_r:0.469890]
2024-08-24 17:27:13.773 | INFO     | psldh:train:166 - [iter:28/50][iter_time:119.84]
2024-08-24 17:27:54.262 | INFO     | psldh:train:161 - [epoch:1/3][loss:0.291911][loss_e:0.287051][loss_r:0.486005]
2024-08-24 17:28:34.988 | INFO     | psldh:train:161 - [epoch:2/3][loss:0.275502][loss_e:0.270928][loss_r:0.457320]
2024-08-24 17:29:14.553 | INFO     | psldh:train:161 - [epoch:3/3][loss:0.263570][loss_e:0.258990][loss_r:0.458064]
2024-08-24 17:29:14.554 | INFO     | psldh:train:166 - [iter:29/50][iter_time:120.78]
2024-08-24 17:29:55.817 | INFO     | psldh:train:161 - [epoch:1/3][loss:0.303742][loss_e:0.299019][loss_r:0.472300]
2024-08-24 17:30:36.920 | INFO     | psldh:train:161 - [epoch:2/3][loss:0.287560][loss_e:0.282980][loss_r:0.457973]
2024-08-24 17:31:16.251 | INFO     | psldh:train:161 - [epoch:3/3][loss:0.283331][loss_e:0.278579][loss_r:0.475171]
2024-08-24 17:31:16.252 | INFO     | psldh:train:166 - [iter:30/50][iter_time:121.70]
2024-08-24 17:33:23.280 | INFO     | psldh:train:236 - [iter:30/50][code_length:64][mAP:0.84261][mAP_all:0.87066][best_mAP:0.84865]
2024-08-24 17:33:23.281 | INFO     | psldh:train:237 - [iter:30/50][code_length:64][zs_mAP:0.63797][zs_mAP_all:0.56033]
2024-08-24 17:34:01.069 | INFO     | psldh:train:161 - [epoch:1/3][loss:0.298930][loss_e:0.294165][loss_r:0.476450]
2024-08-24 17:34:43.459 | INFO     | psldh:train:161 - [epoch:2/3][loss:0.276556][loss_e:0.272056][loss_r:0.449999]
2024-08-24 17:35:23.929 | INFO     | psldh:train:161 - [epoch:3/3][loss:0.265717][loss_e:0.261222][loss_r:0.449434]
2024-08-24 17:35:23.930 | INFO     | psldh:train:166 - [iter:31/50][iter_time:120.65]
2024-08-24 17:36:02.445 | INFO     | psldh:train:161 - [epoch:1/3][loss:0.300572][loss_e:0.295784][loss_r:0.478800]
2024-08-24 17:36:43.704 | INFO     | psldh:train:161 - [epoch:2/3][loss:0.272028][loss_e:0.267423][loss_r:0.460474]
2024-08-24 17:37:27.284 | INFO     | psldh:train:161 - [epoch:3/3][loss:0.267351][loss_e:0.262789][loss_r:0.456265]
2024-08-24 17:37:27.285 | INFO     | psldh:train:166 - [iter:32/50][iter_time:123.35]
2024-08-24 17:37:58.080 | INFO     | psldh:train:161 - [epoch:1/3][loss:0.288652][loss_e:0.284023][loss_r:0.462860]
2024-08-24 17:38:23.534 | INFO     | psldh:train:161 - [epoch:2/3][loss:0.264882][loss_e:0.260540][loss_r:0.434184]
2024-08-24 17:38:54.951 | INFO     | psldh:train:161 - [epoch:3/3][loss:0.257004][loss_e:0.252586][loss_r:0.441830]
2024-08-24 17:38:54.953 | INFO     | psldh:train:166 - [iter:33/50][iter_time:87.67]
2024-08-24 17:39:25.780 | INFO     | psldh:train:161 - [epoch:1/3][loss:0.295067][loss_e:0.290508][loss_r:0.455977]
2024-08-24 17:39:56.890 | INFO     | psldh:train:161 - [epoch:2/3][loss:0.279941][loss_e:0.275409][loss_r:0.453205]
2024-08-24 17:40:30.298 | INFO     | psldh:train:161 - [epoch:3/3][loss:0.272752][loss_e:0.268304][loss_r:0.444733]
2024-08-24 17:40:30.298 | INFO     | psldh:train:166 - [iter:34/50][iter_time:95.35]
2024-08-24 17:41:00.854 | INFO     | psldh:train:161 - [epoch:1/3][loss:0.296240][loss_e:0.291563][loss_r:0.467623]
2024-08-24 17:41:30.598 | INFO     | psldh:train:161 - [epoch:2/3][loss:0.276871][loss_e:0.272234][loss_r:0.463713]
2024-08-24 17:42:00.505 | INFO     | psldh:train:161 - [epoch:3/3][loss:0.272685][loss_e:0.268120][loss_r:0.456497]
2024-08-24 17:42:00.506 | INFO     | psldh:train:166 - [iter:35/50][iter_time:90.21]
2024-08-24 17:43:45.725 | INFO     | psldh:train:236 - [iter:35/50][code_length:64][mAP:0.84419][mAP_all:0.87322][best_mAP:0.84865]
2024-08-24 17:43:45.726 | INFO     | psldh:train:237 - [iter:35/50][code_length:64][zs_mAP:0.63931][zs_mAP_all:0.57229]
2024-08-24 17:44:17.421 | INFO     | psldh:train:161 - [epoch:1/3][loss:0.305032][loss_e:0.300343][loss_r:0.468856]
2024-08-24 17:44:48.412 | INFO     | psldh:train:161 - [epoch:2/3][loss:0.271584][loss_e:0.267094][loss_r:0.448985]
2024-08-24 17:45:18.517 | INFO     | psldh:train:161 - [epoch:3/3][loss:0.260172][loss_e:0.255810][loss_r:0.436139]
2024-08-24 17:45:18.518 | INFO     | psldh:train:166 - [iter:36/50][iter_time:92.79]
2024-08-24 17:47:09.262 | INFO     | psldh:train:236 - [iter:36/50][code_length:64][mAP:0.85328][mAP_all:0.87809][best_mAP:0.85328]
2024-08-24 17:47:09.264 | INFO     | psldh:train:237 - [iter:36/50][code_length:64][zs_mAP:0.63163][zs_mAP_all:0.54223]
2024-08-24 17:47:47.880 | INFO     | psldh:train:161 - [epoch:1/3][loss:0.299013][loss_e:0.294539][loss_r:0.447471]
2024-08-24 17:48:27.014 | INFO     | psldh:train:161 - [epoch:2/3][loss:0.272926][loss_e:0.268600][loss_r:0.432588]
2024-08-24 17:49:05.846 | INFO     | psldh:train:161 - [epoch:3/3][loss:0.271323][loss_e:0.266983][loss_r:0.433994]
2024-08-24 17:49:05.847 | INFO     | psldh:train:166 - [iter:37/50][iter_time:116.58]
2024-08-24 17:51:10.338 | INFO     | psldh:train:236 - [iter:37/50][code_length:64][mAP:0.85237][mAP_all:0.87839][best_mAP:0.85328]
2024-08-24 17:51:10.338 | INFO     | psldh:train:237 - [iter:37/50][code_length:64][zs_mAP:0.63371][zs_mAP_all:0.53424]
2024-08-24 17:51:46.347 | INFO     | psldh:train:161 - [epoch:1/3][loss:0.295614][loss_e:0.291110][loss_r:0.450390]
2024-08-24 17:52:26.874 | INFO     | psldh:train:161 - [epoch:2/3][loss:0.276906][loss_e:0.272572][loss_r:0.433395]
2024-08-24 17:53:06.467 | INFO     | psldh:train:161 - [epoch:3/3][loss:0.256134][loss_e:0.251932][loss_r:0.420233]
2024-08-24 17:53:06.468 | INFO     | psldh:train:166 - [iter:38/50][iter_time:116.13]
2024-08-24 17:55:09.426 | INFO     | psldh:train:236 - [iter:38/50][code_length:64][mAP:0.85018][mAP_all:0.87420][best_mAP:0.85328]
2024-08-24 17:55:09.426 | INFO     | psldh:train:237 - [iter:38/50][code_length:64][zs_mAP:0.63533][zs_mAP_all:0.54886]
2024-08-24 17:55:46.370 | INFO     | psldh:train:161 - [epoch:1/3][loss:0.290857][loss_e:0.286463][loss_r:0.439329]
2024-08-24 17:56:28.169 | INFO     | psldh:train:161 - [epoch:2/3][loss:0.271640][loss_e:0.267387][loss_r:0.425360]
2024-08-24 17:57:09.828 | INFO     | psldh:train:161 - [epoch:3/3][loss:0.263046][loss_e:0.258766][loss_r:0.428088]
2024-08-24 17:57:09.829 | INFO     | psldh:train:166 - [iter:39/50][iter_time:120.40]
2024-08-24 17:59:06.967 | INFO     | psldh:train:236 - [iter:39/50][code_length:64][mAP:0.85678][mAP_all:0.87938][best_mAP:0.85678]
2024-08-24 17:59:06.971 | INFO     | psldh:train:237 - [iter:39/50][code_length:64][zs_mAP:0.63651][zs_mAP_all:0.55029]
2024-08-24 17:59:44.208 | INFO     | psldh:train:161 - [epoch:1/3][loss:0.290227][loss_e:0.285766][loss_r:0.446090]
2024-08-24 18:00:23.108 | INFO     | psldh:train:161 - [epoch:2/3][loss:0.275907][loss_e:0.271522][loss_r:0.438528]
2024-08-24 18:01:03.026 | INFO     | psldh:train:161 - [epoch:3/3][loss:0.261896][loss_e:0.257709][loss_r:0.418785]
2024-08-24 18:01:03.027 | INFO     | psldh:train:166 - [iter:40/50][iter_time:116.06]
2024-08-24 18:03:06.094 | INFO     | psldh:train:236 - [iter:40/50][code_length:64][mAP:0.85089][mAP_all:0.87590][best_mAP:0.85678]
2024-08-24 18:03:06.095 | INFO     | psldh:train:237 - [iter:40/50][code_length:64][zs_mAP:0.63589][zs_mAP_all:0.54642]
2024-08-24 18:03:42.288 | INFO     | psldh:train:161 - [epoch:1/3][loss:0.291958][loss_e:0.287565][loss_r:0.439290]
2024-08-24 18:04:24.049 | INFO     | psldh:train:161 - [epoch:2/3][loss:0.270667][loss_e:0.266349][loss_r:0.431786]
2024-08-24 18:05:04.658 | INFO     | psldh:train:161 - [epoch:3/3][loss:0.261697][loss_e:0.257324][loss_r:0.437290]
2024-08-24 18:05:04.659 | INFO     | psldh:train:166 - [iter:41/50][iter_time:118.56]
2024-08-24 18:06:58.114 | INFO     | psldh:train:236 - [iter:41/50][code_length:64][mAP:0.86203][mAP_all:0.88132][best_mAP:0.86203]
2024-08-24 18:06:58.117 | INFO     | psldh:train:237 - [iter:41/50][code_length:64][zs_mAP:0.63414][zs_mAP_all:0.54575]
2024-08-24 18:07:32.379 | INFO     | psldh:train:161 - [epoch:1/3][loss:0.300754][loss_e:0.296162][loss_r:0.459201]
2024-08-24 18:08:08.407 | INFO     | psldh:train:161 - [epoch:2/3][loss:0.281406][loss_e:0.277045][loss_r:0.436128]
2024-08-24 18:08:48.617 | INFO     | psldh:train:161 - [epoch:3/3][loss:0.260723][loss_e:0.256426][loss_r:0.429730]
2024-08-24 18:08:48.618 | INFO     | psldh:train:166 - [iter:42/50][iter_time:110.50]
2024-08-24 18:10:54.668 | INFO     | psldh:train:236 - [iter:42/50][code_length:64][mAP:0.85069][mAP_all:0.87522][best_mAP:0.86203]
2024-08-24 18:10:54.671 | INFO     | psldh:train:237 - [iter:42/50][code_length:64][zs_mAP:0.62872][zs_mAP_all:0.54246]
2024-08-24 18:11:30.658 | INFO     | psldh:train:161 - [epoch:1/3][loss:0.293654][loss_e:0.289051][loss_r:0.460282]
2024-08-24 18:12:07.233 | INFO     | psldh:train:161 - [epoch:2/3][loss:0.270783][loss_e:0.266201][loss_r:0.458142]
2024-08-24 18:12:45.597 | INFO     | psldh:train:161 - [epoch:3/3][loss:0.267127][loss_e:0.262872][loss_r:0.425565]
2024-08-24 18:12:45.598 | INFO     | psldh:train:166 - [iter:43/50][iter_time:110.93]
2024-08-24 18:14:49.907 | INFO     | psldh:train:236 - [iter:43/50][code_length:64][mAP:0.85316][mAP_all:0.87922][best_mAP:0.86203]
2024-08-24 18:14:49.908 | INFO     | psldh:train:237 - [iter:43/50][code_length:64][zs_mAP:0.63678][zs_mAP_all:0.56017]
2024-08-24 18:15:27.548 | INFO     | psldh:train:161 - [epoch:1/3][loss:0.291403][loss_e:0.286821][loss_r:0.458157]
2024-08-24 18:16:07.816 | INFO     | psldh:train:161 - [epoch:2/3][loss:0.270115][loss_e:0.265694][loss_r:0.442126]
2024-08-24 18:16:49.714 | INFO     | psldh:train:161 - [epoch:3/3][loss:0.264804][loss_e:0.260448][loss_r:0.435576]
2024-08-24 18:16:49.714 | INFO     | psldh:train:166 - [iter:44/50][iter_time:119.81]
2024-08-24 18:18:58.771 | INFO     | psldh:train:236 - [iter:44/50][code_length:64][mAP:0.85068][mAP_all:0.87203][best_mAP:0.86203]
2024-08-24 18:18:58.772 | INFO     | psldh:train:237 - [iter:44/50][code_length:64][zs_mAP:0.63013][zs_mAP_all:0.54332]
2024-08-24 18:19:33.350 | INFO     | psldh:train:161 - [epoch:1/3][loss:0.288696][loss_e:0.284388][loss_r:0.430831]
2024-08-24 18:20:02.721 | INFO     | psldh:train:161 - [epoch:2/3][loss:0.272576][loss_e:0.268385][loss_r:0.419128]
2024-08-24 18:20:28.836 | INFO     | psldh:train:161 - [epoch:3/3][loss:0.264691][loss_e:0.260488][loss_r:0.420280]
2024-08-24 18:20:28.837 | INFO     | psldh:train:166 - [iter:45/50][iter_time:90.06]
2024-08-24 18:22:22.967 | INFO     | psldh:train:236 - [iter:45/50][code_length:64][mAP:0.85893][mAP_all:0.87732][best_mAP:0.86203]
2024-08-24 18:22:22.967 | INFO     | psldh:train:237 - [iter:45/50][code_length:64][zs_mAP:0.63504][zs_mAP_all:0.55912]
2024-08-24 18:22:54.055 | INFO     | psldh:train:161 - [epoch:1/3][loss:0.271117][loss_e:0.266843][loss_r:0.427401]
2024-08-24 18:23:25.686 | INFO     | psldh:train:161 - [epoch:2/3][loss:0.265146][loss_e:0.260937][loss_r:0.420914]
2024-08-24 18:23:56.614 | INFO     | psldh:train:161 - [epoch:3/3][loss:0.260653][loss_e:0.256487][loss_r:0.416595]
2024-08-24 18:23:56.615 | INFO     | psldh:train:166 - [iter:46/50][iter_time:93.65]
2024-08-24 18:25:51.043 | INFO     | psldh:train:236 - [iter:46/50][code_length:64][mAP:0.87089][mAP_all:0.88644][best_mAP:0.87089]
2024-08-24 18:25:51.045 | INFO     | psldh:train:237 - [iter:46/50][code_length:64][zs_mAP:0.63130][zs_mAP_all:0.54908]
2024-08-24 18:26:22.586 | INFO     | psldh:train:161 - [epoch:1/3][loss:0.266426][loss_e:0.262236][loss_r:0.419003]
2024-08-24 18:26:57.700 | INFO     | psldh:train:161 - [epoch:2/3][loss:0.260283][loss_e:0.256180][loss_r:0.410287]
2024-08-24 18:27:27.016 | INFO     | psldh:train:161 - [epoch:3/3][loss:0.258368][loss_e:0.254179][loss_r:0.418945]
2024-08-24 18:27:27.017 | INFO     | psldh:train:166 - [iter:47/50][iter_time:95.97]
2024-08-24 18:29:14.834 | INFO     | psldh:train:236 - [iter:47/50][code_length:64][mAP:0.87523][mAP_all:0.88754][best_mAP:0.87523]
2024-08-24 18:29:14.836 | INFO     | psldh:train:237 - [iter:47/50][code_length:64][zs_mAP:0.63385][zs_mAP_all:0.55033]
2024-08-24 18:29:50.657 | INFO     | psldh:train:161 - [epoch:1/3][loss:0.267796][loss_e:0.263637][loss_r:0.415920]
2024-08-24 18:30:31.681 | INFO     | psldh:train:161 - [epoch:2/3][loss:0.254472][loss_e:0.250368][loss_r:0.410413]
2024-08-24 18:31:11.740 | INFO     | psldh:train:161 - [epoch:3/3][loss:0.255866][loss_e:0.251729][loss_r:0.413722]
2024-08-24 18:31:11.741 | INFO     | psldh:train:166 - [iter:48/50][iter_time:116.91]
2024-08-24 18:33:13.443 | INFO     | psldh:train:236 - [iter:48/50][code_length:64][mAP:0.87715][mAP_all:0.89091][best_mAP:0.87715]
2024-08-24 18:33:13.445 | INFO     | psldh:train:237 - [iter:48/50][code_length:64][zs_mAP:0.63401][zs_mAP_all:0.55584]
2024-08-24 18:33:50.507 | INFO     | psldh:train:161 - [epoch:1/3][loss:0.266563][loss_e:0.262332][loss_r:0.423094]
2024-08-24 18:34:29.198 | INFO     | psldh:train:161 - [epoch:2/3][loss:0.258846][loss_e:0.254754][loss_r:0.409138]
2024-08-24 18:35:07.886 | INFO     | psldh:train:161 - [epoch:3/3][loss:0.254797][loss_e:0.250684][loss_r:0.411307]
2024-08-24 18:35:07.887 | INFO     | psldh:train:166 - [iter:49/50][iter_time:114.44]
2024-08-24 18:37:12.681 | INFO     | psldh:train:236 - [iter:49/50][code_length:64][mAP:0.87778][mAP_all:0.88780][best_mAP:0.87778]
2024-08-24 18:37:12.684 | INFO     | psldh:train:237 - [iter:49/50][code_length:64][zs_mAP:0.63400][zs_mAP_all:0.54770]
2024-08-24 18:37:50.700 | INFO     | psldh:train:161 - [epoch:1/3][loss:0.255123][loss_e:0.251124][loss_r:0.399924]
2024-08-24 18:38:31.140 | INFO     | psldh:train:161 - [epoch:2/3][loss:0.254387][loss_e:0.250351][loss_r:0.403587]
2024-08-24 18:39:10.006 | INFO     | psldh:train:161 - [epoch:3/3][loss:0.252107][loss_e:0.248083][loss_r:0.402406]
2024-08-24 18:39:10.007 | INFO     | psldh:train:166 - [iter:50/50][iter_time:117.32]
2024-08-24 18:41:12.821 | INFO     | psldh:train:236 - [iter:50/50][code_length:64][mAP:0.87925][mAP_all:0.89105][best_mAP:0.87925]
2024-08-24 18:41:12.822 | INFO     | psldh:train:237 - [iter:50/50][code_length:64][zs_mAP:0.63451][zs_mAP_all:0.55556]
2024-08-24 18:41:12.822 | INFO     | psldh:train:240 - [Training time:8240.01]
2024-08-24 18:41:12.828 | INFO     | __main__:run:123 - [code_length:64][map:0.8793][map_all:0.8911][zs_map:0.6345][zs_map_all:0.5556]
