2024-08-26 18:27:38.838 | SUCCESS  | __main__:run:54 - Namespace(ZS=5, align_step=50, arch='semicon', batch_size=16, cauchy_gamma=20.0, code_length=[16, 32, 64], data='coco', dataset='cocozs', device=device(type='cuda', index=2), epoch_change=11, flag='semicon', gamma=200, gpu=2, info='cocozs-35-45-semicon-08-26-16,32,64-tanh1', lambd=0.1, lambd_ch=0.1, lambd_sp=0.1, lr=0.0005, lr_step=[45], margin=0.1, max_epoch=3, max_iter=50, momen=0.91, nesterov=False, net='ResNet', num_classes=45, num_query=1000, num_samples=2000, num_workers=2, num_zs=35, optim='SGD', pretrain=True, quan_loss=False, root='/4T/dataset/coco', save_ckpt='checkpoints/', topk=5000, val_freq=5, wd=0.0001)
2024-08-26 18:28:28.675 | INFO     | SEMICON_train:train:102 - [epoch:1/3][cnn_loss:25.132562][hash_loss:25.094296][quan_loss:0.038266]
2024-08-26 18:29:06.028 | INFO     | SEMICON_train:train:102 - [epoch:2/3][cnn_loss:25.070421][hash_loss:25.032264][quan_loss:0.038157]
2024-08-26 18:29:43.315 | INFO     | SEMICON_train:train:102 - [epoch:3/3][cnn_loss:25.055915][hash_loss:25.017886][quan_loss:0.038029]
2024-08-26 18:29:43.322 | INFO     | SEMICON_train:train:110 - [iter:1/50][iter_time:113.18]
2024-08-26 18:30:21.228 | INFO     | SEMICON_train:train:102 - [epoch:1/3][cnn_loss:21.993736][hash_loss:21.955845][quan_loss:0.037890]
2024-08-26 18:30:58.950 | INFO     | SEMICON_train:train:102 - [epoch:2/3][cnn_loss:21.269727][hash_loss:21.231594][quan_loss:0.038133]
2024-08-26 18:31:35.801 | INFO     | SEMICON_train:train:102 - [epoch:3/3][cnn_loss:21.008366][hash_loss:20.969455][quan_loss:0.038911]
2024-08-26 18:31:35.806 | INFO     | SEMICON_train:train:110 - [iter:2/50][iter_time:112.48]
2024-08-26 18:32:13.965 | INFO     | SEMICON_train:train:102 - [epoch:1/3][cnn_loss:20.600282][hash_loss:20.560524][quan_loss:0.039758]
2024-08-26 18:32:52.475 | INFO     | SEMICON_train:train:102 - [epoch:2/3][cnn_loss:20.216076][hash_loss:20.177052][quan_loss:0.039024]
2024-08-26 18:33:30.548 | INFO     | SEMICON_train:train:102 - [epoch:3/3][cnn_loss:19.967158][hash_loss:19.928115][quan_loss:0.039044]
2024-08-26 18:33:30.555 | INFO     | SEMICON_train:train:110 - [iter:3/50][iter_time:114.75]
2024-08-26 18:34:08.117 | INFO     | SEMICON_train:train:102 - [epoch:1/3][cnn_loss:19.494412][hash_loss:19.453384][quan_loss:0.041028]
2024-08-26 18:34:45.961 | INFO     | SEMICON_train:train:102 - [epoch:2/3][cnn_loss:18.853719][hash_loss:18.813562][quan_loss:0.040156]
2024-08-26 18:35:23.777 | INFO     | SEMICON_train:train:102 - [epoch:3/3][cnn_loss:18.533693][hash_loss:18.494127][quan_loss:0.039566]
2024-08-26 18:35:23.785 | INFO     | SEMICON_train:train:110 - [iter:4/50][iter_time:113.23]
2024-08-26 18:36:02.157 | INFO     | SEMICON_train:train:102 - [epoch:1/3][cnn_loss:19.175786][hash_loss:19.135092][quan_loss:0.040695]
2024-08-26 18:36:40.127 | INFO     | SEMICON_train:train:102 - [epoch:2/3][cnn_loss:18.743538][hash_loss:18.703409][quan_loss:0.040130]
2024-08-26 18:37:18.201 | INFO     | SEMICON_train:train:102 - [epoch:3/3][cnn_loss:18.354508][hash_loss:18.315122][quan_loss:0.039387]
2024-08-26 18:37:18.207 | INFO     | SEMICON_train:train:110 - [iter:5/50][iter_time:114.42]
2024-08-26 18:39:26.689 | INFO     | SEMICON_train:train:188 - [iter:5/50][code_length:16][mAP:0.63284][mAP_all:0.60863][best_mAP:0.63284]
2024-08-26 18:39:26.689 | INFO     | SEMICON_train:train:189 - [iter:5/50][code_length:16][zs_mAP:0.43426][zs_mAP_all:0.42647]
2024-08-26 18:40:04.915 | INFO     | SEMICON_train:train:102 - [epoch:1/3][cnn_loss:19.231132][hash_loss:19.190848][quan_loss:0.040284]
2024-08-26 18:40:41.896 | INFO     | SEMICON_train:train:102 - [epoch:2/3][cnn_loss:19.088767][hash_loss:19.048943][quan_loss:0.039824]
2024-08-26 18:41:19.575 | INFO     | SEMICON_train:train:102 - [epoch:3/3][cnn_loss:18.610444][hash_loss:18.570935][quan_loss:0.039509]
2024-08-26 18:41:19.583 | INFO     | SEMICON_train:train:110 - [iter:6/50][iter_time:112.89]
2024-08-26 18:41:57.273 | INFO     | SEMICON_train:train:102 - [epoch:1/3][cnn_loss:19.255745][hash_loss:19.215844][quan_loss:0.039901]
2024-08-26 18:42:34.708 | INFO     | SEMICON_train:train:102 - [epoch:2/3][cnn_loss:18.642067][hash_loss:18.602743][quan_loss:0.039325]
2024-08-26 18:43:12.153 | INFO     | SEMICON_train:train:102 - [epoch:3/3][cnn_loss:18.489439][hash_loss:18.450656][quan_loss:0.038784]
2024-08-26 18:43:12.159 | INFO     | SEMICON_train:train:110 - [iter:7/50][iter_time:112.58]
2024-08-26 18:43:49.370 | INFO     | SEMICON_train:train:102 - [epoch:1/3][cnn_loss:18.991969][hash_loss:18.952167][quan_loss:0.039802]
2024-08-26 18:44:27.039 | INFO     | SEMICON_train:train:102 - [epoch:2/3][cnn_loss:18.470710][hash_loss:18.431540][quan_loss:0.039170]
2024-08-26 18:45:04.682 | INFO     | SEMICON_train:train:102 - [epoch:3/3][cnn_loss:18.377307][hash_loss:18.338527][quan_loss:0.038780]
2024-08-26 18:45:04.687 | INFO     | SEMICON_train:train:110 - [iter:8/50][iter_time:112.53]
2024-08-26 18:45:42.965 | INFO     | SEMICON_train:train:102 - [epoch:1/3][cnn_loss:18.958275][hash_loss:18.918439][quan_loss:0.039836]
2024-08-26 18:46:21.194 | INFO     | SEMICON_train:train:102 - [epoch:2/3][cnn_loss:18.283156][hash_loss:18.244204][quan_loss:0.038952]
2024-08-26 18:47:00.090 | INFO     | SEMICON_train:train:102 - [epoch:3/3][cnn_loss:18.189748][hash_loss:18.151159][quan_loss:0.038589]
2024-08-26 18:47:00.096 | INFO     | SEMICON_train:train:110 - [iter:9/50][iter_time:115.41]
2024-08-26 18:47:37.788 | INFO     | SEMICON_train:train:102 - [epoch:1/3][cnn_loss:18.688916][hash_loss:18.649812][quan_loss:0.039104]
2024-08-26 18:48:16.708 | INFO     | SEMICON_train:train:102 - [epoch:2/3][cnn_loss:18.015020][hash_loss:17.976785][quan_loss:0.038234]
2024-08-26 18:48:54.865 | INFO     | SEMICON_train:train:102 - [epoch:3/3][cnn_loss:17.791896][hash_loss:17.753927][quan_loss:0.037968]
2024-08-26 18:48:54.871 | INFO     | SEMICON_train:train:110 - [iter:10/50][iter_time:114.78]
2024-08-26 18:51:04.991 | INFO     | SEMICON_train:train:188 - [iter:10/50][code_length:16][mAP:0.66656][mAP_all:0.64144][best_mAP:0.66656]
2024-08-26 18:51:04.992 | INFO     | SEMICON_train:train:189 - [iter:10/50][code_length:16][zs_mAP:0.44948][zs_mAP_all:0.43639]
2024-08-26 18:51:42.746 | INFO     | SEMICON_train:train:102 - [epoch:1/3][cnn_loss:18.297310][hash_loss:18.258120][quan_loss:0.039190]
2024-08-26 18:52:20.559 | INFO     | SEMICON_train:train:102 - [epoch:2/3][cnn_loss:17.809796][hash_loss:17.771230][quan_loss:0.038566]
2024-08-26 18:52:58.999 | INFO     | SEMICON_train:train:102 - [epoch:3/3][cnn_loss:17.591159][hash_loss:17.553180][quan_loss:0.037979]
2024-08-26 18:52:59.004 | INFO     | SEMICON_train:train:110 - [iter:11/50][iter_time:114.01]
2024-08-26 18:53:37.012 | INFO     | SEMICON_train:train:102 - [epoch:1/3][cnn_loss:17.910637][hash_loss:17.871917][quan_loss:0.038720]
2024-08-26 18:54:14.828 | INFO     | SEMICON_train:train:102 - [epoch:2/3][cnn_loss:17.542131][hash_loss:17.504252][quan_loss:0.037879]
2024-08-26 18:54:52.397 | INFO     | SEMICON_train:train:102 - [epoch:3/3][cnn_loss:17.165014][hash_loss:17.127481][quan_loss:0.037533]
2024-08-26 18:54:52.406 | INFO     | SEMICON_train:train:110 - [iter:12/50][iter_time:113.40]
2024-08-26 18:55:30.310 | INFO     | SEMICON_train:train:102 - [epoch:1/3][cnn_loss:18.367086][hash_loss:18.329082][quan_loss:0.038004]
2024-08-26 18:56:08.623 | INFO     | SEMICON_train:train:102 - [epoch:2/3][cnn_loss:17.740054][hash_loss:17.703013][quan_loss:0.037041]
2024-08-26 18:56:46.544 | INFO     | SEMICON_train:train:102 - [epoch:3/3][cnn_loss:17.450705][hash_loss:17.413868][quan_loss:0.036837]
2024-08-26 18:56:46.550 | INFO     | SEMICON_train:train:110 - [iter:13/50][iter_time:114.14]
2024-08-26 18:57:24.887 | INFO     | SEMICON_train:train:102 - [epoch:1/3][cnn_loss:18.095610][hash_loss:18.058003][quan_loss:0.037607]
2024-08-26 18:58:02.785 | INFO     | SEMICON_train:train:102 - [epoch:2/3][cnn_loss:17.673787][hash_loss:17.636590][quan_loss:0.037197]
2024-08-26 18:58:40.960 | INFO     | SEMICON_train:train:102 - [epoch:3/3][cnn_loss:17.598313][hash_loss:17.561311][quan_loss:0.037002]
2024-08-26 18:58:40.967 | INFO     | SEMICON_train:train:110 - [iter:14/50][iter_time:114.42]
2024-08-26 18:59:18.207 | INFO     | SEMICON_train:train:102 - [epoch:1/3][cnn_loss:18.537132][hash_loss:18.499793][quan_loss:0.037340]
2024-08-26 18:59:56.169 | INFO     | SEMICON_train:train:102 - [epoch:2/3][cnn_loss:18.069178][hash_loss:18.032161][quan_loss:0.037017]
2024-08-26 19:00:34.539 | INFO     | SEMICON_train:train:102 - [epoch:3/3][cnn_loss:17.928411][hash_loss:17.891623][quan_loss:0.036789]
2024-08-26 19:00:34.545 | INFO     | SEMICON_train:train:110 - [iter:15/50][iter_time:113.58]
2024-08-26 19:02:44.555 | INFO     | SEMICON_train:train:188 - [iter:15/50][code_length:16][mAP:0.66603][mAP_all:0.63506][best_mAP:0.66656]
2024-08-26 19:02:44.555 | INFO     | SEMICON_train:train:189 - [iter:15/50][code_length:16][zs_mAP:0.43920][zs_mAP_all:0.42658]
2024-08-26 19:03:22.747 | INFO     | SEMICON_train:train:102 - [epoch:1/3][cnn_loss:19.116308][hash_loss:19.078598][quan_loss:0.037709]
2024-08-26 19:04:02.204 | INFO     | SEMICON_train:train:102 - [epoch:2/3][cnn_loss:18.282038][hash_loss:18.245762][quan_loss:0.036275]
2024-08-26 19:04:41.088 | INFO     | SEMICON_train:train:102 - [epoch:3/3][cnn_loss:18.079783][hash_loss:18.043634][quan_loss:0.036149]
2024-08-26 19:04:41.094 | INFO     | SEMICON_train:train:110 - [iter:16/50][iter_time:116.54]
2024-08-26 19:05:18.728 | INFO     | SEMICON_train:train:102 - [epoch:1/3][cnn_loss:17.872300][hash_loss:17.834736][quan_loss:0.037564]
2024-08-26 19:05:56.795 | INFO     | SEMICON_train:train:102 - [epoch:2/3][cnn_loss:17.267913][hash_loss:17.231334][quan_loss:0.036579]
2024-08-26 19:06:33.830 | INFO     | SEMICON_train:train:102 - [epoch:3/3][cnn_loss:17.023513][hash_loss:16.987082][quan_loss:0.036431]
2024-08-26 19:06:33.836 | INFO     | SEMICON_train:train:110 - [iter:17/50][iter_time:112.74]
2024-08-26 19:07:11.784 | INFO     | SEMICON_train:train:102 - [epoch:1/3][cnn_loss:17.881628][hash_loss:17.844685][quan_loss:0.036944]
2024-08-26 19:07:49.990 | INFO     | SEMICON_train:train:102 - [epoch:2/3][cnn_loss:17.469033][hash_loss:17.432801][quan_loss:0.036232]
2024-08-26 19:08:28.056 | INFO     | SEMICON_train:train:102 - [epoch:3/3][cnn_loss:17.229960][hash_loss:17.194044][quan_loss:0.035916]
2024-08-26 19:08:28.062 | INFO     | SEMICON_train:train:110 - [iter:18/50][iter_time:114.23]
2024-08-26 19:09:05.846 | INFO     | SEMICON_train:train:102 - [epoch:1/3][cnn_loss:17.907437][hash_loss:17.870304][quan_loss:0.037133]
2024-08-26 19:09:44.929 | INFO     | SEMICON_train:train:102 - [epoch:2/3][cnn_loss:17.375134][hash_loss:17.338908][quan_loss:0.036226]
2024-08-26 19:10:23.614 | INFO     | SEMICON_train:train:102 - [epoch:3/3][cnn_loss:17.076462][hash_loss:17.040615][quan_loss:0.035848]
2024-08-26 19:10:23.620 | INFO     | SEMICON_train:train:110 - [iter:19/50][iter_time:115.56]
2024-08-26 19:11:01.294 | INFO     | SEMICON_train:train:102 - [epoch:1/3][cnn_loss:17.943328][hash_loss:17.906687][quan_loss:0.036640]
2024-08-26 19:11:39.677 | INFO     | SEMICON_train:train:102 - [epoch:2/3][cnn_loss:17.474560][hash_loss:17.438888][quan_loss:0.035672]
2024-08-26 19:12:17.442 | INFO     | SEMICON_train:train:102 - [epoch:3/3][cnn_loss:17.412120][hash_loss:17.376719][quan_loss:0.035401]
2024-08-26 19:12:17.447 | INFO     | SEMICON_train:train:110 - [iter:20/50][iter_time:113.83]
2024-08-26 19:14:26.953 | INFO     | SEMICON_train:train:188 - [iter:20/50][code_length:16][mAP:0.68063][mAP_all:0.68635][best_mAP:0.68063]
2024-08-26 19:14:26.954 | INFO     | SEMICON_train:train:189 - [iter:20/50][code_length:16][zs_mAP:0.47788][zs_mAP_all:0.46429]
2024-08-26 19:15:04.950 | INFO     | SEMICON_train:train:102 - [epoch:1/3][cnn_loss:18.996002][hash_loss:18.958647][quan_loss:0.037355]
2024-08-26 19:15:43.278 | INFO     | SEMICON_train:train:102 - [epoch:2/3][cnn_loss:18.366271][hash_loss:18.329940][quan_loss:0.036332]
2024-08-26 19:16:21.548 | INFO     | SEMICON_train:train:102 - [epoch:3/3][cnn_loss:18.240056][hash_loss:18.203778][quan_loss:0.036278]
2024-08-26 19:16:21.554 | INFO     | SEMICON_train:train:110 - [iter:21/50][iter_time:114.60]
2024-08-26 19:16:59.315 | INFO     | SEMICON_train:train:102 - [epoch:1/3][cnn_loss:18.748647][hash_loss:18.712002][quan_loss:0.036644]
2024-08-26 19:17:37.278 | INFO     | SEMICON_train:train:102 - [epoch:2/3][cnn_loss:18.149318][hash_loss:18.113560][quan_loss:0.035758]
2024-08-26 19:18:15.275 | INFO     | SEMICON_train:train:102 - [epoch:3/3][cnn_loss:17.982591][hash_loss:17.947169][quan_loss:0.035421]
2024-08-26 19:18:15.281 | INFO     | SEMICON_train:train:110 - [iter:22/50][iter_time:113.73]
2024-08-26 19:18:52.823 | INFO     | SEMICON_train:train:102 - [epoch:1/3][cnn_loss:18.275029][hash_loss:18.238620][quan_loss:0.036409]
2024-08-26 19:19:30.677 | INFO     | SEMICON_train:train:102 - [epoch:2/3][cnn_loss:17.883286][hash_loss:17.847376][quan_loss:0.035910]
2024-08-26 19:20:08.226 | INFO     | SEMICON_train:train:102 - [epoch:3/3][cnn_loss:17.722613][hash_loss:17.686931][quan_loss:0.035682]
2024-08-26 19:20:08.233 | INFO     | SEMICON_train:train:110 - [iter:23/50][iter_time:112.95]
2024-08-26 19:20:45.207 | INFO     | SEMICON_train:train:102 - [epoch:1/3][cnn_loss:17.676811][hash_loss:17.640741][quan_loss:0.036070]
2024-08-26 19:21:22.412 | INFO     | SEMICON_train:train:102 - [epoch:2/3][cnn_loss:17.183017][hash_loss:17.147601][quan_loss:0.035415]
2024-08-26 19:22:00.296 | INFO     | SEMICON_train:train:102 - [epoch:3/3][cnn_loss:16.834439][hash_loss:16.799684][quan_loss:0.034755]
2024-08-26 19:22:00.302 | INFO     | SEMICON_train:train:110 - [iter:24/50][iter_time:112.07]
2024-08-26 19:22:38.133 | INFO     | SEMICON_train:train:102 - [epoch:1/3][cnn_loss:17.985399][hash_loss:17.949211][quan_loss:0.036188]
2024-08-26 19:23:16.031 | INFO     | SEMICON_train:train:102 - [epoch:2/3][cnn_loss:17.739523][hash_loss:17.703406][quan_loss:0.036117]
2024-08-26 19:23:55.085 | INFO     | SEMICON_train:train:102 - [epoch:3/3][cnn_loss:17.414755][hash_loss:17.379336][quan_loss:0.035419]
2024-08-26 19:23:55.091 | INFO     | SEMICON_train:train:110 - [iter:25/50][iter_time:114.79]
2024-08-26 19:26:03.886 | INFO     | SEMICON_train:train:188 - [iter:25/50][code_length:16][mAP:0.67675][mAP_all:0.68333][best_mAP:0.68063]
2024-08-26 19:26:03.886 | INFO     | SEMICON_train:train:189 - [iter:25/50][code_length:16][zs_mAP:0.47975][zs_mAP_all:0.47766]
2024-08-26 19:26:41.956 | INFO     | SEMICON_train:train:102 - [epoch:1/3][cnn_loss:18.084917][hash_loss:18.049148][quan_loss:0.035768]
2024-08-26 19:27:18.902 | INFO     | SEMICON_train:train:102 - [epoch:2/3][cnn_loss:17.996622][hash_loss:17.961075][quan_loss:0.035547]
2024-08-26 19:27:56.343 | INFO     | SEMICON_train:train:102 - [epoch:3/3][cnn_loss:17.648942][hash_loss:17.614093][quan_loss:0.034849]
2024-08-26 19:27:56.349 | INFO     | SEMICON_train:train:110 - [iter:26/50][iter_time:112.46]
2024-08-26 19:28:34.250 | INFO     | SEMICON_train:train:102 - [epoch:1/3][cnn_loss:17.886964][hash_loss:17.850547][quan_loss:0.036417]
2024-08-26 19:29:11.790 | INFO     | SEMICON_train:train:102 - [epoch:2/3][cnn_loss:17.614616][hash_loss:17.578763][quan_loss:0.035853]
2024-08-26 19:29:49.503 | INFO     | SEMICON_train:train:102 - [epoch:3/3][cnn_loss:17.220679][hash_loss:17.185374][quan_loss:0.035305]
2024-08-26 19:29:49.509 | INFO     | SEMICON_train:train:110 - [iter:27/50][iter_time:113.16]
2024-08-26 19:30:27.233 | INFO     | SEMICON_train:train:102 - [epoch:1/3][cnn_loss:17.435443][hash_loss:17.399596][quan_loss:0.035847]
2024-08-26 19:31:05.824 | INFO     | SEMICON_train:train:102 - [epoch:2/3][cnn_loss:16.906497][hash_loss:16.871431][quan_loss:0.035065]
2024-08-26 19:31:43.382 | INFO     | SEMICON_train:train:102 - [epoch:3/3][cnn_loss:16.908356][hash_loss:16.873265][quan_loss:0.035091]
2024-08-26 19:31:43.388 | INFO     | SEMICON_train:train:110 - [iter:28/50][iter_time:113.88]
2024-08-26 19:32:20.543 | INFO     | SEMICON_train:train:102 - [epoch:1/3][cnn_loss:17.991581][hash_loss:17.955853][quan_loss:0.035728]
2024-08-26 19:32:58.217 | INFO     | SEMICON_train:train:102 - [epoch:2/3][cnn_loss:17.465146][hash_loss:17.429926][quan_loss:0.035220]
2024-08-26 19:33:35.839 | INFO     | SEMICON_train:train:102 - [epoch:3/3][cnn_loss:17.157631][hash_loss:17.122750][quan_loss:0.034881]
2024-08-26 19:33:35.845 | INFO     | SEMICON_train:train:110 - [iter:29/50][iter_time:112.46]
2024-08-26 19:34:13.922 | INFO     | SEMICON_train:train:102 - [epoch:1/3][cnn_loss:17.585533][hash_loss:17.549647][quan_loss:0.035886]
2024-08-26 19:34:51.166 | INFO     | SEMICON_train:train:102 - [epoch:2/3][cnn_loss:16.928489][hash_loss:16.893573][quan_loss:0.034916]
2024-08-26 19:35:28.597 | INFO     | SEMICON_train:train:102 - [epoch:3/3][cnn_loss:16.791613][hash_loss:16.756672][quan_loss:0.034941]
2024-08-26 19:35:28.604 | INFO     | SEMICON_train:train:110 - [iter:30/50][iter_time:112.76]
2024-08-26 19:37:37.594 | INFO     | SEMICON_train:train:188 - [iter:30/50][code_length:16][mAP:0.68325][mAP_all:0.70546][best_mAP:0.68325]
2024-08-26 19:37:37.595 | INFO     | SEMICON_train:train:189 - [iter:30/50][code_length:16][zs_mAP:0.47625][zs_mAP_all:0.47129]
2024-08-26 19:38:15.210 | INFO     | SEMICON_train:train:102 - [epoch:1/3][cnn_loss:17.963237][hash_loss:17.927431][quan_loss:0.035806]
2024-08-26 19:38:53.199 | INFO     | SEMICON_train:train:102 - [epoch:2/3][cnn_loss:17.332046][hash_loss:17.297222][quan_loss:0.034825]
2024-08-26 19:39:30.617 | INFO     | SEMICON_train:train:102 - [epoch:3/3][cnn_loss:17.221690][hash_loss:17.186960][quan_loss:0.034730]
2024-08-26 19:39:30.622 | INFO     | SEMICON_train:train:110 - [iter:31/50][iter_time:113.03]
2024-08-26 19:40:07.854 | INFO     | SEMICON_train:train:102 - [epoch:1/3][cnn_loss:17.733086][hash_loss:17.697193][quan_loss:0.035893]
2024-08-26 19:40:45.116 | INFO     | SEMICON_train:train:102 - [epoch:2/3][cnn_loss:17.430010][hash_loss:17.394612][quan_loss:0.035399]
2024-08-26 19:41:22.532 | INFO     | SEMICON_train:train:102 - [epoch:3/3][cnn_loss:17.052571][hash_loss:17.017680][quan_loss:0.034891]
2024-08-26 19:41:22.538 | INFO     | SEMICON_train:train:110 - [iter:32/50][iter_time:111.92]
2024-08-26 19:41:59.500 | INFO     | SEMICON_train:train:102 - [epoch:1/3][cnn_loss:18.333566][hash_loss:18.298059][quan_loss:0.035507]
2024-08-26 19:42:37.754 | INFO     | SEMICON_train:train:102 - [epoch:2/3][cnn_loss:17.815080][hash_loss:17.780338][quan_loss:0.034742]
2024-08-26 19:43:15.663 | INFO     | SEMICON_train:train:102 - [epoch:3/3][cnn_loss:17.479490][hash_loss:17.444997][quan_loss:0.034493]
2024-08-26 19:43:15.668 | INFO     | SEMICON_train:train:110 - [iter:33/50][iter_time:113.13]
2024-08-26 19:43:52.766 | INFO     | SEMICON_train:train:102 - [epoch:1/3][cnn_loss:17.479440][hash_loss:17.444507][quan_loss:0.034932]
2024-08-26 19:44:30.412 | INFO     | SEMICON_train:train:102 - [epoch:2/3][cnn_loss:17.110421][hash_loss:17.076198][quan_loss:0.034223]
2024-08-26 19:45:07.986 | INFO     | SEMICON_train:train:102 - [epoch:3/3][cnn_loss:16.788874][hash_loss:16.755004][quan_loss:0.033870]
2024-08-26 19:45:07.992 | INFO     | SEMICON_train:train:110 - [iter:34/50][iter_time:112.32]
2024-08-26 19:45:45.561 | INFO     | SEMICON_train:train:102 - [epoch:1/3][cnn_loss:17.817790][hash_loss:17.782549][quan_loss:0.035241]
2024-08-26 19:46:23.844 | INFO     | SEMICON_train:train:102 - [epoch:2/3][cnn_loss:17.406517][hash_loss:17.371956][quan_loss:0.034561]
2024-08-26 19:47:02.203 | INFO     | SEMICON_train:train:102 - [epoch:3/3][cnn_loss:16.950537][hash_loss:16.916432][quan_loss:0.034105]
2024-08-26 19:47:02.209 | INFO     | SEMICON_train:train:110 - [iter:35/50][iter_time:114.22]
2024-08-26 19:49:14.863 | INFO     | SEMICON_train:train:188 - [iter:35/50][code_length:16][mAP:0.68047][mAP_all:0.71482][best_mAP:0.68325]
2024-08-26 19:49:14.863 | INFO     | SEMICON_train:train:189 - [iter:35/50][code_length:16][zs_mAP:0.46405][zs_mAP_all:0.45526]
2024-08-26 19:49:52.650 | INFO     | SEMICON_train:train:102 - [epoch:1/3][cnn_loss:18.042882][hash_loss:18.007740][quan_loss:0.035142]
2024-08-26 19:50:30.752 | INFO     | SEMICON_train:train:102 - [epoch:2/3][cnn_loss:17.663450][hash_loss:17.628927][quan_loss:0.034523]
2024-08-26 19:51:08.321 | INFO     | SEMICON_train:train:102 - [epoch:3/3][cnn_loss:17.374950][hash_loss:17.340622][quan_loss:0.034328]
2024-08-26 19:51:08.327 | INFO     | SEMICON_train:train:110 - [iter:36/50][iter_time:113.46]
2024-08-26 19:53:15.265 | INFO     | SEMICON_train:train:188 - [iter:36/50][code_length:16][mAP:0.67162][mAP_all:0.68285][best_mAP:0.68325]
2024-08-26 19:53:15.265 | INFO     | SEMICON_train:train:189 - [iter:36/50][code_length:16][zs_mAP:0.42258][zs_mAP_all:0.42087]
2024-08-26 19:53:53.246 | INFO     | SEMICON_train:train:102 - [epoch:1/3][cnn_loss:17.732497][hash_loss:17.696872][quan_loss:0.035625]
2024-08-26 19:54:31.410 | INFO     | SEMICON_train:train:102 - [epoch:2/3][cnn_loss:17.053172][hash_loss:17.018763][quan_loss:0.034409]
2024-08-26 19:55:10.213 | INFO     | SEMICON_train:train:102 - [epoch:3/3][cnn_loss:16.754082][hash_loss:16.720279][quan_loss:0.033803]
2024-08-26 19:55:10.220 | INFO     | SEMICON_train:train:110 - [iter:37/50][iter_time:114.95]
2024-08-26 19:57:16.998 | INFO     | SEMICON_train:train:188 - [iter:37/50][code_length:16][mAP:0.68530][mAP_all:0.70802][best_mAP:0.68530]
2024-08-26 19:57:16.999 | INFO     | SEMICON_train:train:189 - [iter:37/50][code_length:16][zs_mAP:0.47521][zs_mAP_all:0.46766]
2024-08-26 19:57:55.730 | INFO     | SEMICON_train:train:102 - [epoch:1/3][cnn_loss:17.686381][hash_loss:17.651070][quan_loss:0.035311]
2024-08-26 19:58:34.436 | INFO     | SEMICON_train:train:102 - [epoch:2/3][cnn_loss:17.422990][hash_loss:17.388473][quan_loss:0.034517]
2024-08-26 19:59:12.230 | INFO     | SEMICON_train:train:102 - [epoch:3/3][cnn_loss:16.866412][hash_loss:16.832504][quan_loss:0.033908]
2024-08-26 19:59:12.236 | INFO     | SEMICON_train:train:110 - [iter:38/50][iter_time:115.24]
2024-08-26 20:01:21.916 | INFO     | SEMICON_train:train:188 - [iter:38/50][code_length:16][mAP:0.67925][mAP_all:0.71042][best_mAP:0.68530]
2024-08-26 20:01:21.916 | INFO     | SEMICON_train:train:189 - [iter:38/50][code_length:16][zs_mAP:0.44259][zs_mAP_all:0.44447]
2024-08-26 20:02:00.251 | INFO     | SEMICON_train:train:102 - [epoch:1/3][cnn_loss:17.336811][hash_loss:17.301823][quan_loss:0.034989]
2024-08-26 20:02:38.029 | INFO     | SEMICON_train:train:102 - [epoch:2/3][cnn_loss:16.985516][hash_loss:16.951241][quan_loss:0.034275]
2024-08-26 20:03:15.947 | INFO     | SEMICON_train:train:102 - [epoch:3/3][cnn_loss:16.478952][hash_loss:16.445297][quan_loss:0.033655]
2024-08-26 20:03:15.955 | INFO     | SEMICON_train:train:110 - [iter:39/50][iter_time:114.04]
2024-08-26 20:05:25.091 | INFO     | SEMICON_train:train:188 - [iter:39/50][code_length:16][mAP:0.68643][mAP_all:0.70387][best_mAP:0.68643]
2024-08-26 20:05:25.092 | INFO     | SEMICON_train:train:189 - [iter:39/50][code_length:16][zs_mAP:0.45700][zs_mAP_all:0.44053]
2024-08-26 20:06:04.860 | INFO     | SEMICON_train:train:102 - [epoch:1/3][cnn_loss:17.874465][hash_loss:17.839837][quan_loss:0.034628]
2024-08-26 20:06:42.726 | INFO     | SEMICON_train:train:102 - [epoch:2/3][cnn_loss:17.417497][hash_loss:17.383281][quan_loss:0.034216]
2024-08-26 20:07:20.971 | INFO     | SEMICON_train:train:102 - [epoch:3/3][cnn_loss:17.178328][hash_loss:17.144632][quan_loss:0.033696]
2024-08-26 20:07:20.978 | INFO     | SEMICON_train:train:110 - [iter:40/50][iter_time:115.89]
2024-08-26 20:09:29.043 | INFO     | SEMICON_train:train:188 - [iter:40/50][code_length:16][mAP:0.67513][mAP_all:0.70917][best_mAP:0.68643]
2024-08-26 20:09:29.044 | INFO     | SEMICON_train:train:189 - [iter:40/50][code_length:16][zs_mAP:0.45267][zs_mAP_all:0.44444]
2024-08-26 20:10:06.662 | INFO     | SEMICON_train:train:102 - [epoch:1/3][cnn_loss:17.598768][hash_loss:17.563733][quan_loss:0.035035]
2024-08-26 20:10:44.251 | INFO     | SEMICON_train:train:102 - [epoch:2/3][cnn_loss:17.265984][hash_loss:17.231511][quan_loss:0.034472]
2024-08-26 20:11:22.134 | INFO     | SEMICON_train:train:102 - [epoch:3/3][cnn_loss:16.852530][hash_loss:16.818807][quan_loss:0.033723]
2024-08-26 20:11:22.140 | INFO     | SEMICON_train:train:110 - [iter:41/50][iter_time:113.10]
2024-08-26 20:13:30.594 | INFO     | SEMICON_train:train:188 - [iter:41/50][code_length:16][mAP:0.68014][mAP_all:0.71797][best_mAP:0.68643]
2024-08-26 20:13:30.595 | INFO     | SEMICON_train:train:189 - [iter:41/50][code_length:16][zs_mAP:0.45507][zs_mAP_all:0.45175]
2024-08-26 20:14:08.838 | INFO     | SEMICON_train:train:102 - [epoch:1/3][cnn_loss:18.132461][hash_loss:18.097338][quan_loss:0.035123]
2024-08-26 20:14:46.703 | INFO     | SEMICON_train:train:102 - [epoch:2/3][cnn_loss:17.685957][hash_loss:17.651539][quan_loss:0.034419]
2024-08-26 20:15:25.266 | INFO     | SEMICON_train:train:102 - [epoch:3/3][cnn_loss:17.351075][hash_loss:17.317014][quan_loss:0.034061]
2024-08-26 20:15:25.272 | INFO     | SEMICON_train:train:110 - [iter:42/50][iter_time:114.68]
2024-08-26 20:17:32.382 | INFO     | SEMICON_train:train:188 - [iter:42/50][code_length:16][mAP:0.67891][mAP_all:0.70483][best_mAP:0.68643]
2024-08-26 20:17:32.382 | INFO     | SEMICON_train:train:189 - [iter:42/50][code_length:16][zs_mAP:0.46936][zs_mAP_all:0.45624]
2024-08-26 20:18:10.921 | INFO     | SEMICON_train:train:102 - [epoch:1/3][cnn_loss:17.292449][hash_loss:17.257149][quan_loss:0.035300]
2024-08-26 20:18:49.146 | INFO     | SEMICON_train:train:102 - [epoch:2/3][cnn_loss:16.749100][hash_loss:16.714598][quan_loss:0.034503]
2024-08-26 20:19:26.985 | INFO     | SEMICON_train:train:102 - [epoch:3/3][cnn_loss:16.391143][hash_loss:16.357319][quan_loss:0.033824]
2024-08-26 20:19:26.992 | INFO     | SEMICON_train:train:110 - [iter:43/50][iter_time:114.61]
2024-08-26 20:21:34.212 | INFO     | SEMICON_train:train:188 - [iter:43/50][code_length:16][mAP:0.68550][mAP_all:0.72237][best_mAP:0.68643]
2024-08-26 20:21:34.213 | INFO     | SEMICON_train:train:189 - [iter:43/50][code_length:16][zs_mAP:0.49192][zs_mAP_all:0.47544]
2024-08-26 20:22:12.467 | INFO     | SEMICON_train:train:102 - [epoch:1/3][cnn_loss:17.752116][hash_loss:17.716863][quan_loss:0.035254]
2024-08-26 20:22:50.012 | INFO     | SEMICON_train:train:102 - [epoch:2/3][cnn_loss:17.409635][hash_loss:17.374926][quan_loss:0.034709]
2024-08-26 20:23:27.707 | INFO     | SEMICON_train:train:102 - [epoch:3/3][cnn_loss:17.101860][hash_loss:17.067328][quan_loss:0.034532]
2024-08-26 20:23:27.717 | INFO     | SEMICON_train:train:110 - [iter:44/50][iter_time:113.50]
2024-08-26 20:25:35.952 | INFO     | SEMICON_train:train:188 - [iter:44/50][code_length:16][mAP:0.67211][mAP_all:0.70426][best_mAP:0.68643]
2024-08-26 20:25:35.953 | INFO     | SEMICON_train:train:189 - [iter:44/50][code_length:16][zs_mAP:0.49618][zs_mAP_all:0.50229]
2024-08-26 20:26:13.265 | INFO     | SEMICON_train:train:102 - [epoch:1/3][cnn_loss:18.562923][hash_loss:18.528368][quan_loss:0.034554]
2024-08-26 20:26:51.009 | INFO     | SEMICON_train:train:102 - [epoch:2/3][cnn_loss:17.927767][hash_loss:17.893833][quan_loss:0.033933]
2024-08-26 20:27:29.450 | INFO     | SEMICON_train:train:102 - [epoch:3/3][cnn_loss:17.696359][hash_loss:17.662650][quan_loss:0.033709]
2024-08-26 20:27:29.456 | INFO     | SEMICON_train:train:110 - [iter:45/50][iter_time:113.50]
2024-08-26 20:29:37.147 | INFO     | SEMICON_train:train:188 - [iter:45/50][code_length:16][mAP:0.67887][mAP_all:0.70628][best_mAP:0.68643]
2024-08-26 20:29:37.148 | INFO     | SEMICON_train:train:189 - [iter:45/50][code_length:16][zs_mAP:0.45129][zs_mAP_all:0.44683]
2024-08-26 20:30:14.488 | INFO     | SEMICON_train:train:102 - [epoch:1/3][cnn_loss:17.773539][hash_loss:17.738353][quan_loss:0.035186]
2024-08-26 20:30:52.402 | INFO     | SEMICON_train:train:102 - [epoch:2/3][cnn_loss:17.367003][hash_loss:17.332692][quan_loss:0.034310]
2024-08-26 20:31:30.048 | INFO     | SEMICON_train:train:102 - [epoch:3/3][cnn_loss:17.404654][hash_loss:17.370347][quan_loss:0.034307]
2024-08-26 20:31:30.054 | INFO     | SEMICON_train:train:110 - [iter:46/50][iter_time:112.91]
2024-08-26 20:33:40.759 | INFO     | SEMICON_train:train:188 - [iter:46/50][code_length:16][mAP:0.69240][mAP_all:0.71176][best_mAP:0.69240]
2024-08-26 20:33:40.760 | INFO     | SEMICON_train:train:189 - [iter:46/50][code_length:16][zs_mAP:0.46848][zs_mAP_all:0.46661]
2024-08-26 20:34:18.399 | INFO     | SEMICON_train:train:102 - [epoch:1/3][cnn_loss:17.558806][hash_loss:17.524353][quan_loss:0.034453]
2024-08-26 20:34:56.014 | INFO     | SEMICON_train:train:102 - [epoch:2/3][cnn_loss:17.181652][hash_loss:17.147627][quan_loss:0.034025]
2024-08-26 20:35:33.842 | INFO     | SEMICON_train:train:102 - [epoch:3/3][cnn_loss:17.212356][hash_loss:17.178238][quan_loss:0.034119]
2024-08-26 20:35:33.847 | INFO     | SEMICON_train:train:110 - [iter:47/50][iter_time:113.09]
2024-08-26 20:37:43.289 | INFO     | SEMICON_train:train:188 - [iter:47/50][code_length:16][mAP:0.69622][mAP_all:0.72447][best_mAP:0.69622]
2024-08-26 20:37:43.290 | INFO     | SEMICON_train:train:189 - [iter:47/50][code_length:16][zs_mAP:0.48569][zs_mAP_all:0.48255]
2024-08-26 20:38:22.134 | INFO     | SEMICON_train:train:102 - [epoch:1/3][cnn_loss:17.076282][hash_loss:17.042162][quan_loss:0.034120]
2024-08-26 20:39:00.352 | INFO     | SEMICON_train:train:102 - [epoch:2/3][cnn_loss:16.911992][hash_loss:16.878138][quan_loss:0.033854]
2024-08-26 20:39:38.715 | INFO     | SEMICON_train:train:102 - [epoch:3/3][cnn_loss:16.700315][hash_loss:16.667079][quan_loss:0.033235]
2024-08-26 20:39:38.722 | INFO     | SEMICON_train:train:110 - [iter:48/50][iter_time:115.43]
2024-08-26 20:41:49.862 | INFO     | SEMICON_train:train:188 - [iter:48/50][code_length:16][mAP:0.69985][mAP_all:0.72781][best_mAP:0.69985]
2024-08-26 20:41:49.863 | INFO     | SEMICON_train:train:189 - [iter:48/50][code_length:16][zs_mAP:0.49471][zs_mAP_all:0.48609]
2024-08-26 20:42:28.700 | INFO     | SEMICON_train:train:102 - [epoch:1/3][cnn_loss:16.803224][hash_loss:16.769774][quan_loss:0.033449]
2024-08-26 20:43:06.488 | INFO     | SEMICON_train:train:102 - [epoch:2/3][cnn_loss:16.696230][hash_loss:16.662927][quan_loss:0.033303]
2024-08-26 20:43:43.269 | INFO     | SEMICON_train:train:102 - [epoch:3/3][cnn_loss:16.800323][hash_loss:16.766761][quan_loss:0.033562]
2024-08-26 20:43:43.274 | INFO     | SEMICON_train:train:110 - [iter:49/50][iter_time:113.41]
2024-08-26 20:45:50.994 | INFO     | SEMICON_train:train:188 - [iter:49/50][code_length:16][mAP:0.69922][mAP_all:0.72399][best_mAP:0.69985]
2024-08-26 20:45:50.995 | INFO     | SEMICON_train:train:189 - [iter:49/50][code_length:16][zs_mAP:0.47635][zs_mAP_all:0.47158]
2024-08-26 20:46:28.610 | INFO     | SEMICON_train:train:102 - [epoch:1/3][cnn_loss:17.213982][hash_loss:17.180737][quan_loss:0.033245]
2024-08-26 20:47:07.220 | INFO     | SEMICON_train:train:102 - [epoch:2/3][cnn_loss:17.153984][hash_loss:17.120542][quan_loss:0.033442]
2024-08-26 20:47:45.667 | INFO     | SEMICON_train:train:102 - [epoch:3/3][cnn_loss:17.330692][hash_loss:17.297348][quan_loss:0.033343]
2024-08-26 20:47:45.673 | INFO     | SEMICON_train:train:110 - [iter:50/50][iter_time:114.68]
2024-08-26 20:49:57.654 | INFO     | SEMICON_train:train:188 - [iter:50/50][code_length:16][mAP:0.70297][mAP_all:0.72889][best_mAP:0.70297]
2024-08-26 20:49:57.656 | INFO     | SEMICON_train:train:189 - [iter:50/50][code_length:16][zs_mAP:0.49307][zs_mAP_all:0.48240]
2024-08-26 20:49:57.656 | INFO     | SEMICON_train:train:191 - [Training time:8527.52]
2024-08-26 20:49:57.661 | INFO     | __main__:run:123 - [code_length:16][map:0.7030][map_all:0.7289][zs_map:0.4931][zs_map_all:0.4824]
2024-08-26 20:50:35.924 | INFO     | SEMICON_train:train:102 - [epoch:1/3][cnn_loss:49.763293][hash_loss:49.724859][quan_loss:0.038434]
2024-08-26 20:51:13.496 | INFO     | SEMICON_train:train:102 - [epoch:2/3][cnn_loss:49.688935][hash_loss:49.650661][quan_loss:0.038274]
2024-08-26 20:51:51.640 | INFO     | SEMICON_train:train:102 - [epoch:3/3][cnn_loss:49.668520][hash_loss:49.630285][quan_loss:0.038235]
2024-08-26 20:51:51.653 | INFO     | SEMICON_train:train:110 - [iter:1/50][iter_time:112.79]
2024-08-26 20:52:30.029 | INFO     | SEMICON_train:train:102 - [epoch:1/3][cnn_loss:43.562189][hash_loss:43.515320][quan_loss:0.046869]
2024-08-26 20:53:07.857 | INFO     | SEMICON_train:train:102 - [epoch:2/3][cnn_loss:41.987267][hash_loss:41.936457][quan_loss:0.050810]
2024-08-26 20:53:45.449 | INFO     | SEMICON_train:train:102 - [epoch:3/3][cnn_loss:41.179738][hash_loss:41.129617][quan_loss:0.050121]
2024-08-26 20:53:45.461 | INFO     | SEMICON_train:train:110 - [iter:2/50][iter_time:113.81]
2024-08-26 20:54:23.533 | INFO     | SEMICON_train:train:102 - [epoch:1/3][cnn_loss:40.699324][hash_loss:40.648986][quan_loss:0.050338]
2024-08-26 20:55:01.918 | INFO     | SEMICON_train:train:102 - [epoch:2/3][cnn_loss:39.552205][hash_loss:39.502653][quan_loss:0.049553]
2024-08-26 20:55:39.918 | INFO     | SEMICON_train:train:102 - [epoch:3/3][cnn_loss:39.554667][hash_loss:39.505225][quan_loss:0.049442]
2024-08-26 20:55:39.928 | INFO     | SEMICON_train:train:110 - [iter:3/50][iter_time:114.47]
2024-08-26 20:56:18.694 | INFO     | SEMICON_train:train:102 - [epoch:1/3][cnn_loss:39.475402][hash_loss:39.424939][quan_loss:0.050462]
2024-08-26 20:56:57.173 | INFO     | SEMICON_train:train:102 - [epoch:2/3][cnn_loss:38.598218][hash_loss:38.549082][quan_loss:0.049136]
2024-08-26 20:57:34.688 | INFO     | SEMICON_train:train:102 - [epoch:3/3][cnn_loss:37.804964][hash_loss:37.756153][quan_loss:0.048812]
2024-08-26 20:57:34.697 | INFO     | SEMICON_train:train:110 - [iter:4/50][iter_time:114.77]
2024-08-26 20:58:13.759 | INFO     | SEMICON_train:train:102 - [epoch:1/3][cnn_loss:39.035484][hash_loss:38.986566][quan_loss:0.048918]
2024-08-26 20:58:51.258 | INFO     | SEMICON_train:train:102 - [epoch:2/3][cnn_loss:37.899904][hash_loss:37.851983][quan_loss:0.047921]
2024-08-26 20:59:29.126 | INFO     | SEMICON_train:train:102 - [epoch:3/3][cnn_loss:37.285426][hash_loss:37.237317][quan_loss:0.048109]
2024-08-26 20:59:29.138 | INFO     | SEMICON_train:train:110 - [iter:5/50][iter_time:114.44]
2024-08-26 21:01:36.227 | INFO     | SEMICON_train:train:188 - [iter:5/50][code_length:32][mAP:0.64224][mAP_all:0.55506][best_mAP:0.64224]
2024-08-26 21:01:36.227 | INFO     | SEMICON_train:train:189 - [iter:5/50][code_length:32][zs_mAP:0.47755][zs_mAP_all:0.45964]
2024-08-26 21:02:14.806 | INFO     | SEMICON_train:train:102 - [epoch:1/3][cnn_loss:38.355896][hash_loss:38.306604][quan_loss:0.049291]
2024-08-26 21:02:52.066 | INFO     | SEMICON_train:train:102 - [epoch:2/3][cnn_loss:37.056102][hash_loss:37.007694][quan_loss:0.048408]
2024-08-26 21:03:29.575 | INFO     | SEMICON_train:train:102 - [epoch:3/3][cnn_loss:36.907152][hash_loss:36.858688][quan_loss:0.048464]
2024-08-26 21:03:29.586 | INFO     | SEMICON_train:train:110 - [iter:6/50][iter_time:113.36]
2024-08-26 21:04:07.111 | INFO     | SEMICON_train:train:102 - [epoch:1/3][cnn_loss:38.331713][hash_loss:38.282127][quan_loss:0.049586]
2024-08-26 21:04:45.077 | INFO     | SEMICON_train:train:102 - [epoch:2/3][cnn_loss:37.658162][hash_loss:37.609093][quan_loss:0.049069]
2024-08-26 21:05:22.562 | INFO     | SEMICON_train:train:102 - [epoch:3/3][cnn_loss:37.178529][hash_loss:37.129921][quan_loss:0.048608]
2024-08-26 21:05:22.572 | INFO     | SEMICON_train:train:110 - [iter:7/50][iter_time:112.99]
2024-08-26 21:06:00.825 | INFO     | SEMICON_train:train:102 - [epoch:1/3][cnn_loss:38.198603][hash_loss:38.148992][quan_loss:0.049611]
2024-08-26 21:06:38.363 | INFO     | SEMICON_train:train:102 - [epoch:2/3][cnn_loss:37.201336][hash_loss:37.153156][quan_loss:0.048180]
2024-08-26 21:07:15.932 | INFO     | SEMICON_train:train:102 - [epoch:3/3][cnn_loss:36.178120][hash_loss:36.130856][quan_loss:0.047265]
2024-08-26 21:07:15.943 | INFO     | SEMICON_train:train:110 - [iter:8/50][iter_time:113.37]
2024-08-26 21:07:53.845 | INFO     | SEMICON_train:train:102 - [epoch:1/3][cnn_loss:38.425808][hash_loss:38.377832][quan_loss:0.047976]
2024-08-26 21:08:31.572 | INFO     | SEMICON_train:train:102 - [epoch:2/3][cnn_loss:37.574260][hash_loss:37.527247][quan_loss:0.047012]
2024-08-26 21:09:09.638 | INFO     | SEMICON_train:train:102 - [epoch:3/3][cnn_loss:36.645464][hash_loss:36.599274][quan_loss:0.046190]
2024-08-26 21:09:09.648 | INFO     | SEMICON_train:train:110 - [iter:9/50][iter_time:113.70]
2024-08-26 21:09:48.077 | INFO     | SEMICON_train:train:102 - [epoch:1/3][cnn_loss:37.190511][hash_loss:37.142361][quan_loss:0.048150]
2024-08-26 21:10:26.316 | INFO     | SEMICON_train:train:102 - [epoch:2/3][cnn_loss:36.466557][hash_loss:36.418633][quan_loss:0.047923]
2024-08-26 21:11:04.644 | INFO     | SEMICON_train:train:102 - [epoch:3/3][cnn_loss:36.279780][hash_loss:36.233120][quan_loss:0.046660]
2024-08-26 21:11:04.655 | INFO     | SEMICON_train:train:110 - [iter:10/50][iter_time:115.01]
2024-08-26 21:13:14.378 | INFO     | SEMICON_train:train:188 - [iter:10/50][code_length:32][mAP:0.67406][mAP_all:0.59414][best_mAP:0.67406]
2024-08-26 21:13:14.379 | INFO     | SEMICON_train:train:189 - [iter:10/50][code_length:32][zs_mAP:0.45276][zs_mAP_all:0.45767]
2024-08-26 21:13:52.162 | INFO     | SEMICON_train:train:102 - [epoch:1/3][cnn_loss:37.505471][hash_loss:37.457541][quan_loss:0.047930]
2024-08-26 21:14:29.627 | INFO     | SEMICON_train:train:102 - [epoch:2/3][cnn_loss:36.328669][hash_loss:36.281903][quan_loss:0.046766]
2024-08-26 21:15:07.717 | INFO     | SEMICON_train:train:102 - [epoch:3/3][cnn_loss:36.450698][hash_loss:36.404369][quan_loss:0.046330]
2024-08-26 21:15:07.726 | INFO     | SEMICON_train:train:110 - [iter:11/50][iter_time:113.35]
2024-08-26 21:15:46.251 | INFO     | SEMICON_train:train:102 - [epoch:1/3][cnn_loss:37.684586][hash_loss:37.637719][quan_loss:0.046867]
2024-08-26 21:16:23.699 | INFO     | SEMICON_train:train:102 - [epoch:2/3][cnn_loss:37.272171][hash_loss:37.225356][quan_loss:0.046814]
2024-08-26 21:17:01.852 | INFO     | SEMICON_train:train:102 - [epoch:3/3][cnn_loss:36.123662][hash_loss:36.077784][quan_loss:0.045878]
2024-08-26 21:17:01.862 | INFO     | SEMICON_train:train:110 - [iter:12/50][iter_time:114.14]
2024-08-26 21:17:39.602 | INFO     | SEMICON_train:train:102 - [epoch:1/3][cnn_loss:36.815535][hash_loss:36.768721][quan_loss:0.046814]
2024-08-26 21:18:17.804 | INFO     | SEMICON_train:train:102 - [epoch:2/3][cnn_loss:36.061597][hash_loss:36.015490][quan_loss:0.046107]
2024-08-26 21:18:55.694 | INFO     | SEMICON_train:train:102 - [epoch:3/3][cnn_loss:35.215024][hash_loss:35.169794][quan_loss:0.045230]
2024-08-26 21:18:55.703 | INFO     | SEMICON_train:train:110 - [iter:13/50][iter_time:113.84]
2024-08-26 21:19:33.190 | INFO     | SEMICON_train:train:102 - [epoch:1/3][cnn_loss:36.005219][hash_loss:35.958212][quan_loss:0.047007]
2024-08-26 21:20:11.574 | INFO     | SEMICON_train:train:102 - [epoch:2/3][cnn_loss:35.374370][hash_loss:35.327985][quan_loss:0.046385]
2024-08-26 21:20:48.410 | INFO     | SEMICON_train:train:102 - [epoch:3/3][cnn_loss:34.604994][hash_loss:34.559177][quan_loss:0.045817]
2024-08-26 21:20:48.419 | INFO     | SEMICON_train:train:110 - [iter:14/50][iter_time:112.72]
2024-08-26 21:21:27.794 | INFO     | SEMICON_train:train:102 - [epoch:1/3][cnn_loss:35.657511][hash_loss:35.611586][quan_loss:0.045925]
2024-08-26 21:22:05.797 | INFO     | SEMICON_train:train:102 - [epoch:2/3][cnn_loss:34.916906][hash_loss:34.871210][quan_loss:0.045696]
2024-08-26 21:22:44.101 | INFO     | SEMICON_train:train:102 - [epoch:3/3][cnn_loss:34.451273][hash_loss:34.406279][quan_loss:0.044994]
2024-08-26 21:22:44.110 | INFO     | SEMICON_train:train:110 - [iter:15/50][iter_time:115.69]
2024-08-26 21:24:55.132 | INFO     | SEMICON_train:train:188 - [iter:15/50][code_length:32][mAP:0.69131][mAP_all:0.62918][best_mAP:0.69131]
2024-08-26 21:24:55.134 | INFO     | SEMICON_train:train:189 - [iter:15/50][code_length:32][zs_mAP:0.47478][zs_mAP_all:0.47653]
2024-08-26 21:25:32.533 | INFO     | SEMICON_train:train:102 - [epoch:1/3][cnn_loss:36.689717][hash_loss:36.644045][quan_loss:0.045672]
2024-08-26 21:26:11.635 | INFO     | SEMICON_train:train:102 - [epoch:2/3][cnn_loss:36.266689][hash_loss:36.221568][quan_loss:0.045121]
2024-08-26 21:26:48.868 | INFO     | SEMICON_train:train:102 - [epoch:3/3][cnn_loss:35.234267][hash_loss:35.189547][quan_loss:0.044720]
2024-08-26 21:26:48.878 | INFO     | SEMICON_train:train:110 - [iter:16/50][iter_time:113.74]
2024-08-26 21:27:27.315 | INFO     | SEMICON_train:train:102 - [epoch:1/3][cnn_loss:35.608393][hash_loss:35.562128][quan_loss:0.046265]
2024-08-26 21:28:05.085 | INFO     | SEMICON_train:train:102 - [epoch:2/3][cnn_loss:35.069591][hash_loss:35.024284][quan_loss:0.045307]
2024-08-26 21:28:43.034 | INFO     | SEMICON_train:train:102 - [epoch:3/3][cnn_loss:34.569517][hash_loss:34.524885][quan_loss:0.044632]
2024-08-26 21:28:43.047 | INFO     | SEMICON_train:train:110 - [iter:17/50][iter_time:114.17]
2024-08-26 21:29:22.695 | INFO     | SEMICON_train:train:102 - [epoch:1/3][cnn_loss:35.366883][hash_loss:35.321382][quan_loss:0.045500]
2024-08-26 21:30:02.460 | INFO     | SEMICON_train:train:102 - [epoch:2/3][cnn_loss:34.984539][hash_loss:34.939327][quan_loss:0.045212]
2024-08-26 21:30:39.659 | INFO     | SEMICON_train:train:102 - [epoch:3/3][cnn_loss:34.393455][hash_loss:34.348849][quan_loss:0.044607]
2024-08-26 21:30:39.670 | INFO     | SEMICON_train:train:110 - [iter:18/50][iter_time:116.62]
2024-08-26 21:31:17.697 | INFO     | SEMICON_train:train:102 - [epoch:1/3][cnn_loss:36.058949][hash_loss:36.013578][quan_loss:0.045371]
2024-08-26 21:31:56.379 | INFO     | SEMICON_train:train:102 - [epoch:2/3][cnn_loss:35.029752][hash_loss:34.985577][quan_loss:0.044176]
2024-08-26 21:32:34.207 | INFO     | SEMICON_train:train:102 - [epoch:3/3][cnn_loss:34.754716][hash_loss:34.710727][quan_loss:0.043990]
2024-08-26 21:32:34.217 | INFO     | SEMICON_train:train:110 - [iter:19/50][iter_time:114.55]
2024-08-26 21:33:11.347 | INFO     | SEMICON_train:train:102 - [epoch:1/3][cnn_loss:36.084114][hash_loss:36.039458][quan_loss:0.044656]
2024-08-26 21:33:48.769 | INFO     | SEMICON_train:train:102 - [epoch:2/3][cnn_loss:35.154013][hash_loss:35.109820][quan_loss:0.044192]
2024-08-26 21:34:27.816 | INFO     | SEMICON_train:train:102 - [epoch:3/3][cnn_loss:34.584616][hash_loss:34.540916][quan_loss:0.043699]
2024-08-26 21:34:27.826 | INFO     | SEMICON_train:train:110 - [iter:20/50][iter_time:113.61]
2024-08-26 21:36:36.356 | INFO     | SEMICON_train:train:188 - [iter:20/50][code_length:32][mAP:0.69342][mAP_all:0.62130][best_mAP:0.69342]
2024-08-26 21:36:36.358 | INFO     | SEMICON_train:train:189 - [iter:20/50][code_length:32][zs_mAP:0.50181][zs_mAP_all:0.51295]
2024-08-26 21:37:14.522 | INFO     | SEMICON_train:train:102 - [epoch:1/3][cnn_loss:35.943527][hash_loss:35.897865][quan_loss:0.045662]
2024-08-26 21:37:52.315 | INFO     | SEMICON_train:train:102 - [epoch:2/3][cnn_loss:34.955509][hash_loss:34.910438][quan_loss:0.045071]
2024-08-26 21:38:29.807 | INFO     | SEMICON_train:train:102 - [epoch:3/3][cnn_loss:34.511600][hash_loss:34.467512][quan_loss:0.044088]
2024-08-26 21:38:29.817 | INFO     | SEMICON_train:train:110 - [iter:21/50][iter_time:113.46]
2024-08-26 21:39:07.595 | INFO     | SEMICON_train:train:102 - [epoch:1/3][cnn_loss:35.818718][hash_loss:35.773203][quan_loss:0.045515]
2024-08-26 21:39:45.233 | INFO     | SEMICON_train:train:102 - [epoch:2/3][cnn_loss:34.598315][hash_loss:34.553702][quan_loss:0.044614]
2024-08-26 21:40:23.277 | INFO     | SEMICON_train:train:102 - [epoch:3/3][cnn_loss:33.651050][hash_loss:33.607639][quan_loss:0.043411]
2024-08-26 21:40:23.286 | INFO     | SEMICON_train:train:110 - [iter:22/50][iter_time:113.47]
2024-08-26 21:41:01.556 | INFO     | SEMICON_train:train:102 - [epoch:1/3][cnn_loss:35.573298][hash_loss:35.528724][quan_loss:0.044574]
2024-08-26 21:41:38.818 | INFO     | SEMICON_train:train:102 - [epoch:2/3][cnn_loss:35.081732][hash_loss:35.037725][quan_loss:0.044007]
2024-08-26 21:42:17.322 | INFO     | SEMICON_train:train:102 - [epoch:3/3][cnn_loss:33.662154][hash_loss:33.619301][quan_loss:0.042853]
2024-08-26 21:42:17.332 | INFO     | SEMICON_train:train:110 - [iter:23/50][iter_time:114.05]
2024-08-26 21:42:55.375 | INFO     | SEMICON_train:train:102 - [epoch:1/3][cnn_loss:37.229284][hash_loss:37.183956][quan_loss:0.045328]
2024-08-26 21:43:33.510 | INFO     | SEMICON_train:train:102 - [epoch:2/3][cnn_loss:36.010225][hash_loss:35.966448][quan_loss:0.043777]
2024-08-26 21:44:11.102 | INFO     | SEMICON_train:train:102 - [epoch:3/3][cnn_loss:35.789690][hash_loss:35.746129][quan_loss:0.043561]
2024-08-26 21:44:11.115 | INFO     | SEMICON_train:train:110 - [iter:24/50][iter_time:113.78]
2024-08-26 21:44:48.657 | INFO     | SEMICON_train:train:102 - [epoch:1/3][cnn_loss:36.589958][hash_loss:36.545499][quan_loss:0.044459]
2024-08-26 21:45:25.617 | INFO     | SEMICON_train:train:102 - [epoch:2/3][cnn_loss:35.976407][hash_loss:35.932744][quan_loss:0.043663]
2024-08-26 21:46:02.127 | INFO     | SEMICON_train:train:102 - [epoch:3/3][cnn_loss:35.245624][hash_loss:35.202536][quan_loss:0.043088]
2024-08-26 21:46:02.139 | INFO     | SEMICON_train:train:110 - [iter:25/50][iter_time:111.02]
2024-08-26 21:48:04.338 | INFO     | SEMICON_train:train:188 - [iter:25/50][code_length:32][mAP:0.70636][mAP_all:0.65796][best_mAP:0.70636]
2024-08-26 21:48:04.339 | INFO     | SEMICON_train:train:189 - [iter:25/50][code_length:32][zs_mAP:0.48780][zs_mAP_all:0.49472]
2024-08-26 21:48:40.880 | INFO     | SEMICON_train:train:102 - [epoch:1/3][cnn_loss:35.221656][hash_loss:35.176929][quan_loss:0.044727]
2024-08-26 21:49:17.479 | INFO     | SEMICON_train:train:102 - [epoch:2/3][cnn_loss:34.834957][hash_loss:34.791098][quan_loss:0.043859]
2024-08-26 21:49:54.590 | INFO     | SEMICON_train:train:102 - [epoch:3/3][cnn_loss:34.312382][hash_loss:34.268411][quan_loss:0.043971]
2024-08-26 21:49:54.605 | INFO     | SEMICON_train:train:110 - [iter:26/50][iter_time:110.27]
2024-08-26 21:50:31.649 | INFO     | SEMICON_train:train:102 - [epoch:1/3][cnn_loss:34.696571][hash_loss:34.651450][quan_loss:0.045121]
2024-08-26 21:51:07.593 | INFO     | SEMICON_train:train:102 - [epoch:2/3][cnn_loss:34.102493][hash_loss:34.057482][quan_loss:0.045011]
2024-08-26 21:51:43.481 | INFO     | SEMICON_train:train:102 - [epoch:3/3][cnn_loss:33.714186][hash_loss:33.669793][quan_loss:0.044392]
2024-08-26 21:51:43.494 | INFO     | SEMICON_train:train:110 - [iter:27/50][iter_time:108.89]
2024-08-26 21:52:19.393 | INFO     | SEMICON_train:train:102 - [epoch:1/3][cnn_loss:35.352879][hash_loss:35.308801][quan_loss:0.044078]
2024-08-26 21:52:55.171 | INFO     | SEMICON_train:train:102 - [epoch:2/3][cnn_loss:34.781037][hash_loss:34.737412][quan_loss:0.043625]
2024-08-26 21:53:31.247 | INFO     | SEMICON_train:train:102 - [epoch:3/3][cnn_loss:34.391776][hash_loss:34.348253][quan_loss:0.043523]
2024-08-26 21:53:31.266 | INFO     | SEMICON_train:train:110 - [iter:28/50][iter_time:107.77]
2024-08-26 21:54:07.775 | INFO     | SEMICON_train:train:102 - [epoch:1/3][cnn_loss:35.494677][hash_loss:35.450364][quan_loss:0.044313]
2024-08-26 21:54:44.043 | INFO     | SEMICON_train:train:102 - [epoch:2/3][cnn_loss:34.814387][hash_loss:34.770645][quan_loss:0.043742]
2024-08-26 21:55:19.224 | INFO     | SEMICON_train:train:102 - [epoch:3/3][cnn_loss:34.158069][hash_loss:34.114513][quan_loss:0.043556]
2024-08-26 21:55:19.235 | INFO     | SEMICON_train:train:110 - [iter:29/50][iter_time:107.97]
2024-08-26 21:55:56.427 | INFO     | SEMICON_train:train:102 - [epoch:1/3][cnn_loss:35.517806][hash_loss:35.473425][quan_loss:0.044381]
2024-08-26 21:56:34.671 | INFO     | SEMICON_train:train:102 - [epoch:2/3][cnn_loss:34.677682][hash_loss:34.634050][quan_loss:0.043632]
2024-08-26 21:57:13.100 | INFO     | SEMICON_train:train:102 - [epoch:3/3][cnn_loss:34.164075][hash_loss:34.120685][quan_loss:0.043390]
2024-08-26 21:57:13.114 | INFO     | SEMICON_train:train:110 - [iter:30/50][iter_time:113.88]
2024-08-26 21:59:15.003 | INFO     | SEMICON_train:train:188 - [iter:30/50][code_length:32][mAP:0.71223][mAP_all:0.65715][best_mAP:0.71223]
2024-08-26 21:59:15.004 | INFO     | SEMICON_train:train:189 - [iter:30/50][code_length:32][zs_mAP:0.51527][zs_mAP_all:0.52763]
2024-08-26 21:59:52.742 | INFO     | SEMICON_train:train:102 - [epoch:1/3][cnn_loss:35.237992][hash_loss:35.193683][quan_loss:0.044309]
2024-08-26 22:00:30.077 | INFO     | SEMICON_train:train:102 - [epoch:2/3][cnn_loss:34.379303][hash_loss:34.336109][quan_loss:0.043194]
2024-08-26 22:01:06.494 | INFO     | SEMICON_train:train:102 - [epoch:3/3][cnn_loss:33.473224][hash_loss:33.430914][quan_loss:0.042310]
2024-08-26 22:01:06.512 | INFO     | SEMICON_train:train:110 - [iter:31/50][iter_time:111.51]
2024-08-26 22:01:42.775 | INFO     | SEMICON_train:train:102 - [epoch:1/3][cnn_loss:35.906735][hash_loss:35.862230][quan_loss:0.044505]
2024-08-26 22:02:19.068 | INFO     | SEMICON_train:train:102 - [epoch:2/3][cnn_loss:35.206592][hash_loss:35.163097][quan_loss:0.043495]
2024-08-26 22:02:55.689 | INFO     | SEMICON_train:train:102 - [epoch:3/3][cnn_loss:34.209177][hash_loss:34.166126][quan_loss:0.043050]
2024-08-26 22:02:55.700 | INFO     | SEMICON_train:train:110 - [iter:32/50][iter_time:109.19]
2024-08-26 22:03:33.009 | INFO     | SEMICON_train:train:102 - [epoch:1/3][cnn_loss:34.728233][hash_loss:34.684132][quan_loss:0.044101]
2024-08-26 22:04:09.887 | INFO     | SEMICON_train:train:102 - [epoch:2/3][cnn_loss:34.272168][hash_loss:34.228795][quan_loss:0.043373]
2024-08-26 22:04:47.588 | INFO     | SEMICON_train:train:102 - [epoch:3/3][cnn_loss:33.782737][hash_loss:33.739962][quan_loss:0.042775]
2024-08-26 22:04:47.599 | INFO     | SEMICON_train:train:110 - [iter:33/50][iter_time:111.90]
2024-08-26 22:05:25.661 | INFO     | SEMICON_train:train:102 - [epoch:1/3][cnn_loss:35.344623][hash_loss:35.301035][quan_loss:0.043588]
2024-08-26 22:06:03.751 | INFO     | SEMICON_train:train:102 - [epoch:2/3][cnn_loss:34.540154][hash_loss:34.497171][quan_loss:0.042983]
2024-08-26 22:06:40.529 | INFO     | SEMICON_train:train:102 - [epoch:3/3][cnn_loss:33.922898][hash_loss:33.879854][quan_loss:0.043044]
2024-08-26 22:06:40.540 | INFO     | SEMICON_train:train:110 - [iter:34/50][iter_time:112.94]
2024-08-26 22:07:16.735 | INFO     | SEMICON_train:train:102 - [epoch:1/3][cnn_loss:35.193944][hash_loss:35.149960][quan_loss:0.043984]
2024-08-26 22:07:53.848 | INFO     | SEMICON_train:train:102 - [epoch:2/3][cnn_loss:34.303540][hash_loss:34.260465][quan_loss:0.043075]
2024-08-26 22:08:30.444 | INFO     | SEMICON_train:train:102 - [epoch:3/3][cnn_loss:33.451520][hash_loss:33.409192][quan_loss:0.042328]
2024-08-26 22:08:30.461 | INFO     | SEMICON_train:train:110 - [iter:35/50][iter_time:109.92]
2024-08-26 22:10:30.341 | INFO     | SEMICON_train:train:188 - [iter:35/50][code_length:32][mAP:0.71579][mAP_all:0.68054][best_mAP:0.71579]
2024-08-26 22:10:30.341 | INFO     | SEMICON_train:train:189 - [iter:35/50][code_length:32][zs_mAP:0.49172][zs_mAP_all:0.49808]
2024-08-26 22:11:06.127 | INFO     | SEMICON_train:train:102 - [epoch:1/3][cnn_loss:33.237676][hash_loss:33.194340][quan_loss:0.043336]
2024-08-26 22:11:42.367 | INFO     | SEMICON_train:train:102 - [epoch:2/3][cnn_loss:32.730738][hash_loss:32.687689][quan_loss:0.043048]
2024-08-26 22:12:19.353 | INFO     | SEMICON_train:train:102 - [epoch:3/3][cnn_loss:31.665739][hash_loss:31.623925][quan_loss:0.041814]
2024-08-26 22:12:19.365 | INFO     | SEMICON_train:train:110 - [iter:36/50][iter_time:109.02]
2024-08-26 22:14:22.123 | INFO     | SEMICON_train:train:188 - [iter:36/50][code_length:32][mAP:0.72025][mAP_all:0.67387][best_mAP:0.72025]
2024-08-26 22:14:22.124 | INFO     | SEMICON_train:train:189 - [iter:36/50][code_length:32][zs_mAP:0.47439][zs_mAP_all:0.47227]
2024-08-26 22:14:58.414 | INFO     | SEMICON_train:train:102 - [epoch:1/3][cnn_loss:35.773121][hash_loss:35.730378][quan_loss:0.042743]
2024-08-26 22:15:34.226 | INFO     | SEMICON_train:train:102 - [epoch:2/3][cnn_loss:35.086045][hash_loss:35.043693][quan_loss:0.042351]
2024-08-26 22:16:10.138 | INFO     | SEMICON_train:train:102 - [epoch:3/3][cnn_loss:34.574893][hash_loss:34.533108][quan_loss:0.041785]
2024-08-26 22:16:10.150 | INFO     | SEMICON_train:train:110 - [iter:37/50][iter_time:108.03]
2024-08-26 22:18:10.788 | INFO     | SEMICON_train:train:188 - [iter:37/50][code_length:32][mAP:0.72431][mAP_all:0.66656][best_mAP:0.72431]
2024-08-26 22:18:10.789 | INFO     | SEMICON_train:train:189 - [iter:37/50][code_length:32][zs_mAP:0.50639][zs_mAP_all:0.51181]
2024-08-26 22:18:47.707 | INFO     | SEMICON_train:train:102 - [epoch:1/3][cnn_loss:35.087717][hash_loss:35.044759][quan_loss:0.042958]
2024-08-26 22:19:24.252 | INFO     | SEMICON_train:train:102 - [epoch:2/3][cnn_loss:33.909028][hash_loss:33.867015][quan_loss:0.042013]
2024-08-26 22:19:59.895 | INFO     | SEMICON_train:train:102 - [epoch:3/3][cnn_loss:33.346606][hash_loss:33.305163][quan_loss:0.041443]
2024-08-26 22:19:59.906 | INFO     | SEMICON_train:train:110 - [iter:38/50][iter_time:109.12]
2024-08-26 22:22:01.354 | INFO     | SEMICON_train:train:188 - [iter:38/50][code_length:32][mAP:0.72032][mAP_all:0.66392][best_mAP:0.72431]
2024-08-26 22:22:01.355 | INFO     | SEMICON_train:train:189 - [iter:38/50][code_length:32][zs_mAP:0.49081][zs_mAP_all:0.50000]
2024-08-26 22:22:38.699 | INFO     | SEMICON_train:train:102 - [epoch:1/3][cnn_loss:34.769324][hash_loss:34.725888][quan_loss:0.043437]
2024-08-26 22:23:15.220 | INFO     | SEMICON_train:train:102 - [epoch:2/3][cnn_loss:33.526126][hash_loss:33.483920][quan_loss:0.042206]
2024-08-26 22:23:51.672 | INFO     | SEMICON_train:train:102 - [epoch:3/3][cnn_loss:33.113707][hash_loss:33.071422][quan_loss:0.042285]
2024-08-26 22:23:51.685 | INFO     | SEMICON_train:train:110 - [iter:39/50][iter_time:110.33]
2024-08-26 22:25:52.233 | INFO     | SEMICON_train:train:188 - [iter:39/50][code_length:32][mAP:0.72136][mAP_all:0.67852][best_mAP:0.72431]
2024-08-26 22:25:52.233 | INFO     | SEMICON_train:train:189 - [iter:39/50][code_length:32][zs_mAP:0.52168][zs_mAP_all:0.52791]
2024-08-26 22:26:28.419 | INFO     | SEMICON_train:train:102 - [epoch:1/3][cnn_loss:34.562592][hash_loss:34.520132][quan_loss:0.042460]
2024-08-26 22:27:04.234 | INFO     | SEMICON_train:train:102 - [epoch:2/3][cnn_loss:33.708322][hash_loss:33.666237][quan_loss:0.042085]
2024-08-26 22:27:40.200 | INFO     | SEMICON_train:train:102 - [epoch:3/3][cnn_loss:33.338874][hash_loss:33.297326][quan_loss:0.041548]
2024-08-26 22:27:40.214 | INFO     | SEMICON_train:train:110 - [iter:40/50][iter_time:107.98]
2024-08-26 22:29:41.857 | INFO     | SEMICON_train:train:188 - [iter:40/50][code_length:32][mAP:0.73449][mAP_all:0.67866][best_mAP:0.73449]
2024-08-26 22:29:41.857 | INFO     | SEMICON_train:train:189 - [iter:40/50][code_length:32][zs_mAP:0.52363][zs_mAP_all:0.52604]
2024-08-26 22:30:17.577 | INFO     | SEMICON_train:train:102 - [epoch:1/3][cnn_loss:35.611171][hash_loss:35.568308][quan_loss:0.042863]
2024-08-26 22:30:53.202 | INFO     | SEMICON_train:train:102 - [epoch:2/3][cnn_loss:34.742135][hash_loss:34.699727][quan_loss:0.042408]
2024-08-26 22:31:29.001 | INFO     | SEMICON_train:train:102 - [epoch:3/3][cnn_loss:33.951101][hash_loss:33.909336][quan_loss:0.041764]
2024-08-26 22:31:29.011 | INFO     | SEMICON_train:train:110 - [iter:41/50][iter_time:107.15]
2024-08-26 22:33:28.990 | INFO     | SEMICON_train:train:188 - [iter:41/50][code_length:32][mAP:0.71915][mAP_all:0.68086][best_mAP:0.73449]
2024-08-26 22:33:28.991 | INFO     | SEMICON_train:train:189 - [iter:41/50][code_length:32][zs_mAP:0.52993][zs_mAP_all:0.52947]
2024-08-26 22:34:04.690 | INFO     | SEMICON_train:train:102 - [epoch:1/3][cnn_loss:34.133134][hash_loss:34.090149][quan_loss:0.042985]
2024-08-26 22:34:40.720 | INFO     | SEMICON_train:train:102 - [epoch:2/3][cnn_loss:33.467977][hash_loss:33.425160][quan_loss:0.042817]
2024-08-26 22:35:16.661 | INFO     | SEMICON_train:train:102 - [epoch:3/3][cnn_loss:32.629001][hash_loss:32.587239][quan_loss:0.041762]
2024-08-26 22:35:16.672 | INFO     | SEMICON_train:train:110 - [iter:42/50][iter_time:107.68]
2024-08-26 22:37:16.674 | INFO     | SEMICON_train:train:188 - [iter:42/50][code_length:32][mAP:0.72938][mAP_all:0.68339][best_mAP:0.73449]
2024-08-26 22:37:16.674 | INFO     | SEMICON_train:train:189 - [iter:42/50][code_length:32][zs_mAP:0.50801][zs_mAP_all:0.51169]
2024-08-26 22:37:52.627 | INFO     | SEMICON_train:train:102 - [epoch:1/3][cnn_loss:33.213657][hash_loss:33.170895][quan_loss:0.042762]
2024-08-26 22:38:29.219 | INFO     | SEMICON_train:train:102 - [epoch:2/3][cnn_loss:32.673326][hash_loss:32.630957][quan_loss:0.042369]
2024-08-26 22:39:06.051 | INFO     | SEMICON_train:train:102 - [epoch:3/3][cnn_loss:31.789627][hash_loss:31.748324][quan_loss:0.041303]
2024-08-26 22:39:06.062 | INFO     | SEMICON_train:train:110 - [iter:43/50][iter_time:109.39]
2024-08-26 22:41:05.773 | INFO     | SEMICON_train:train:188 - [iter:43/50][code_length:32][mAP:0.73141][mAP_all:0.66276][best_mAP:0.73449]
2024-08-26 22:41:05.774 | INFO     | SEMICON_train:train:189 - [iter:43/50][code_length:32][zs_mAP:0.53619][zs_mAP_all:0.53664]
2024-08-26 22:41:42.316 | INFO     | SEMICON_train:train:102 - [epoch:1/3][cnn_loss:34.056189][hash_loss:34.013930][quan_loss:0.042259]
2024-08-26 22:42:18.321 | INFO     | SEMICON_train:train:102 - [epoch:2/3][cnn_loss:33.035475][hash_loss:32.994302][quan_loss:0.041174]
2024-08-26 22:42:53.957 | INFO     | SEMICON_train:train:102 - [epoch:3/3][cnn_loss:32.456020][hash_loss:32.415170][quan_loss:0.040850]
2024-08-26 22:42:53.967 | INFO     | SEMICON_train:train:110 - [iter:44/50][iter_time:108.19]
2024-08-26 22:44:54.343 | INFO     | SEMICON_train:train:188 - [iter:44/50][code_length:32][mAP:0.73490][mAP_all:0.68678][best_mAP:0.73490]
2024-08-26 22:44:54.344 | INFO     | SEMICON_train:train:189 - [iter:44/50][code_length:32][zs_mAP:0.55966][zs_mAP_all:0.55964]
2024-08-26 22:45:30.474 | INFO     | SEMICON_train:train:102 - [epoch:1/3][cnn_loss:35.022842][hash_loss:34.980909][quan_loss:0.041933]
2024-08-26 22:46:06.022 | INFO     | SEMICON_train:train:102 - [epoch:2/3][cnn_loss:34.008609][hash_loss:33.967176][quan_loss:0.041433]
2024-08-26 22:46:42.886 | INFO     | SEMICON_train:train:102 - [epoch:3/3][cnn_loss:33.778115][hash_loss:33.737251][quan_loss:0.040864]
2024-08-26 22:46:42.897 | INFO     | SEMICON_train:train:110 - [iter:45/50][iter_time:108.55]
2024-08-26 22:48:43.079 | INFO     | SEMICON_train:train:188 - [iter:45/50][code_length:32][mAP:0.73366][mAP_all:0.67571][best_mAP:0.73490]
2024-08-26 22:48:43.079 | INFO     | SEMICON_train:train:189 - [iter:45/50][code_length:32][zs_mAP:0.53052][zs_mAP_all:0.53405]
2024-08-26 22:49:19.495 | INFO     | SEMICON_train:train:102 - [epoch:1/3][cnn_loss:34.339324][hash_loss:34.296471][quan_loss:0.042854]
2024-08-26 22:49:56.456 | INFO     | SEMICON_train:train:102 - [epoch:2/3][cnn_loss:33.456532][hash_loss:33.414516][quan_loss:0.042015]
2024-08-26 22:50:32.736 | INFO     | SEMICON_train:train:102 - [epoch:3/3][cnn_loss:33.037725][hash_loss:32.996097][quan_loss:0.041628]
2024-08-26 22:50:32.748 | INFO     | SEMICON_train:train:110 - [iter:46/50][iter_time:109.67]
2024-08-26 22:52:34.792 | INFO     | SEMICON_train:train:188 - [iter:46/50][code_length:32][mAP:0.74566][mAP_all:0.69003][best_mAP:0.74566]
2024-08-26 22:52:34.793 | INFO     | SEMICON_train:train:189 - [iter:46/50][code_length:32][zs_mAP:0.53415][zs_mAP_all:0.53839]
2024-08-26 22:53:11.029 | INFO     | SEMICON_train:train:102 - [epoch:1/3][cnn_loss:33.943547][hash_loss:33.901812][quan_loss:0.041736]
2024-08-26 22:53:47.208 | INFO     | SEMICON_train:train:102 - [epoch:2/3][cnn_loss:33.657682][hash_loss:33.615945][quan_loss:0.041737]
2024-08-26 22:54:23.106 | INFO     | SEMICON_train:train:102 - [epoch:3/3][cnn_loss:33.612487][hash_loss:33.570886][quan_loss:0.041601]
2024-08-26 22:54:23.116 | INFO     | SEMICON_train:train:110 - [iter:47/50][iter_time:108.32]
2024-08-26 22:56:23.528 | INFO     | SEMICON_train:train:188 - [iter:47/50][code_length:32][mAP:0.74919][mAP_all:0.69421][best_mAP:0.74919]
2024-08-26 22:56:23.529 | INFO     | SEMICON_train:train:189 - [iter:47/50][code_length:32][zs_mAP:0.54334][zs_mAP_all:0.54824]
2024-08-26 22:56:59.697 | INFO     | SEMICON_train:train:102 - [epoch:1/3][cnn_loss:33.427819][hash_loss:33.386812][quan_loss:0.041007]
2024-08-26 22:57:35.194 | INFO     | SEMICON_train:train:102 - [epoch:2/3][cnn_loss:33.365745][hash_loss:33.325020][quan_loss:0.040725]
2024-08-26 22:58:10.955 | INFO     | SEMICON_train:train:102 - [epoch:3/3][cnn_loss:33.151178][hash_loss:33.110347][quan_loss:0.040831]
2024-08-26 22:58:10.966 | INFO     | SEMICON_train:train:110 - [iter:48/50][iter_time:107.44]
2024-08-26 23:00:11.732 | INFO     | SEMICON_train:train:188 - [iter:48/50][code_length:32][mAP:0.75672][mAP_all:0.70013][best_mAP:0.75672]
2024-08-26 23:00:11.733 | INFO     | SEMICON_train:train:189 - [iter:48/50][code_length:32][zs_mAP:0.54590][zs_mAP_all:0.55092]
2024-08-26 23:00:48.091 | INFO     | SEMICON_train:train:102 - [epoch:1/3][cnn_loss:33.492447][hash_loss:33.451636][quan_loss:0.040811]
2024-08-26 23:01:24.081 | INFO     | SEMICON_train:train:102 - [epoch:2/3][cnn_loss:33.439645][hash_loss:33.399142][quan_loss:0.040503]
2024-08-26 23:01:59.825 | INFO     | SEMICON_train:train:102 - [epoch:3/3][cnn_loss:33.452379][hash_loss:33.412017][quan_loss:0.040362]
2024-08-26 23:01:59.835 | INFO     | SEMICON_train:train:110 - [iter:49/50][iter_time:108.10]
2024-08-26 23:04:00.007 | INFO     | SEMICON_train:train:188 - [iter:49/50][code_length:32][mAP:0.75548][mAP_all:0.70296][best_mAP:0.75672]
2024-08-26 23:04:00.008 | INFO     | SEMICON_train:train:189 - [iter:49/50][code_length:32][zs_mAP:0.54898][zs_mAP_all:0.55233]
2024-08-26 23:04:36.743 | INFO     | SEMICON_train:train:102 - [epoch:1/3][cnn_loss:32.679052][hash_loss:32.637893][quan_loss:0.041160]
2024-08-26 23:05:12.496 | INFO     | SEMICON_train:train:102 - [epoch:2/3][cnn_loss:32.712164][hash_loss:32.671229][quan_loss:0.040936]
2024-08-26 23:05:48.388 | INFO     | SEMICON_train:train:102 - [epoch:3/3][cnn_loss:32.083509][hash_loss:32.043056][quan_loss:0.040453]
2024-08-26 23:05:48.400 | INFO     | SEMICON_train:train:110 - [iter:50/50][iter_time:108.39]
2024-08-26 23:07:48.108 | INFO     | SEMICON_train:train:188 - [iter:50/50][code_length:32][mAP:0.75252][mAP_all:0.70177][best_mAP:0.75672]
2024-08-26 23:07:48.109 | INFO     | SEMICON_train:train:189 - [iter:50/50][code_length:32][zs_mAP:0.55118][zs_mAP_all:0.55945]
2024-08-26 23:07:48.109 | INFO     | SEMICON_train:train:191 - [Training time:8269.25]
2024-08-26 23:07:48.112 | INFO     | __main__:run:123 - [code_length:32][map:0.7567][map_all:0.7001][zs_map:0.5459][zs_map_all:0.5509]
2024-08-26 23:08:25.921 | INFO     | SEMICON_train:train:102 - [epoch:1/3][cnn_loss:101.966565][hash_loss:101.927758][quan_loss:0.038807]
2024-08-26 23:09:01.764 | INFO     | SEMICON_train:train:102 - [epoch:2/3][cnn_loss:101.898279][hash_loss:101.859684][quan_loss:0.038595]
2024-08-26 23:09:37.198 | INFO     | SEMICON_train:train:102 - [epoch:3/3][cnn_loss:101.872952][hash_loss:101.834409][quan_loss:0.038543]
2024-08-26 23:09:37.215 | INFO     | SEMICON_train:train:110 - [iter:1/50][iter_time:107.83]
2024-08-26 23:10:12.785 | INFO     | SEMICON_train:train:102 - [epoch:1/3][cnn_loss:87.650289][hash_loss:87.599571][quan_loss:0.050718]
2024-08-26 23:10:48.609 | INFO     | SEMICON_train:train:102 - [epoch:2/3][cnn_loss:85.245118][hash_loss:85.189362][quan_loss:0.055756]
2024-08-26 23:11:24.763 | INFO     | SEMICON_train:train:102 - [epoch:3/3][cnn_loss:83.460145][hash_loss:83.404547][quan_loss:0.055598]
2024-08-26 23:11:24.787 | INFO     | SEMICON_train:train:110 - [iter:2/50][iter_time:107.57]
2024-08-26 23:12:00.463 | INFO     | SEMICON_train:train:102 - [epoch:1/3][cnn_loss:84.594426][hash_loss:84.539249][quan_loss:0.055177]
2024-08-26 23:12:36.406 | INFO     | SEMICON_train:train:102 - [epoch:2/3][cnn_loss:83.701111][hash_loss:83.645318][quan_loss:0.055793]
2024-08-26 23:13:11.867 | INFO     | SEMICON_train:train:102 - [epoch:3/3][cnn_loss:82.637587][hash_loss:82.582263][quan_loss:0.055324]
2024-08-26 23:13:11.884 | INFO     | SEMICON_train:train:110 - [iter:3/50][iter_time:107.10]
2024-08-26 23:13:48.288 | INFO     | SEMICON_train:train:102 - [epoch:1/3][cnn_loss:80.456932][hash_loss:80.400866][quan_loss:0.056066]
2024-08-26 23:14:24.718 | INFO     | SEMICON_train:train:102 - [epoch:2/3][cnn_loss:79.166504][hash_loss:79.111009][quan_loss:0.055495]
2024-08-26 23:15:01.119 | INFO     | SEMICON_train:train:102 - [epoch:3/3][cnn_loss:77.908502][hash_loss:77.853967][quan_loss:0.054536]
2024-08-26 23:15:01.144 | INFO     | SEMICON_train:train:110 - [iter:4/50][iter_time:109.26]
2024-08-26 23:15:36.914 | INFO     | SEMICON_train:train:102 - [epoch:1/3][cnn_loss:81.176066][hash_loss:81.121041][quan_loss:0.055026]
2024-08-26 23:16:13.315 | INFO     | SEMICON_train:train:102 - [epoch:2/3][cnn_loss:80.347812][hash_loss:80.293256][quan_loss:0.054556]
2024-08-26 23:16:49.760 | INFO     | SEMICON_train:train:102 - [epoch:3/3][cnn_loss:79.565719][hash_loss:79.511128][quan_loss:0.054592]
2024-08-26 23:16:49.779 | INFO     | SEMICON_train:train:110 - [iter:5/50][iter_time:108.63]
2024-08-26 23:18:49.791 | INFO     | SEMICON_train:train:188 - [iter:5/50][code_length:64][mAP:0.61429][mAP_all:0.43536][best_mAP:0.61429]
2024-08-26 23:18:49.791 | INFO     | SEMICON_train:train:189 - [iter:5/50][code_length:64][zs_mAP:0.44913][zs_mAP_all:0.44754]
2024-08-26 23:19:25.787 | INFO     | SEMICON_train:train:102 - [epoch:1/3][cnn_loss:77.697806][hash_loss:77.642966][quan_loss:0.054839]
2024-08-26 23:20:01.432 | INFO     | SEMICON_train:train:102 - [epoch:2/3][cnn_loss:76.477736][hash_loss:76.423592][quan_loss:0.054144]
2024-08-26 23:20:38.653 | INFO     | SEMICON_train:train:102 - [epoch:3/3][cnn_loss:75.678551][hash_loss:75.625406][quan_loss:0.053145]
2024-08-26 23:20:38.672 | INFO     | SEMICON_train:train:110 - [iter:6/50][iter_time:108.88]
2024-08-26 23:21:16.033 | INFO     | SEMICON_train:train:102 - [epoch:1/3][cnn_loss:79.942639][hash_loss:79.888936][quan_loss:0.053703]
2024-08-26 23:21:52.063 | INFO     | SEMICON_train:train:102 - [epoch:2/3][cnn_loss:79.071877][hash_loss:79.017959][quan_loss:0.053919]
2024-08-26 23:22:28.168 | INFO     | SEMICON_train:train:102 - [epoch:3/3][cnn_loss:78.649080][hash_loss:78.595393][quan_loss:0.053688]
2024-08-26 23:22:28.187 | INFO     | SEMICON_train:train:110 - [iter:7/50][iter_time:109.51]
2024-08-26 23:23:04.066 | INFO     | SEMICON_train:train:102 - [epoch:1/3][cnn_loss:76.840763][hash_loss:76.787300][quan_loss:0.053463]
2024-08-26 23:23:41.132 | INFO     | SEMICON_train:train:102 - [epoch:2/3][cnn_loss:74.913347][hash_loss:74.860675][quan_loss:0.052672]
2024-08-26 23:24:17.085 | INFO     | SEMICON_train:train:102 - [epoch:3/3][cnn_loss:74.724892][hash_loss:74.672368][quan_loss:0.052523]
2024-08-26 23:24:17.103 | INFO     | SEMICON_train:train:110 - [iter:8/50][iter_time:108.92]
2024-08-26 23:24:51.882 | INFO     | SEMICON_train:train:102 - [epoch:1/3][cnn_loss:78.117884][hash_loss:78.065622][quan_loss:0.052262]
2024-08-26 23:25:29.775 | INFO     | SEMICON_train:train:102 - [epoch:2/3][cnn_loss:77.688905][hash_loss:77.637164][quan_loss:0.051741]
2024-08-26 23:26:06.090 | INFO     | SEMICON_train:train:102 - [epoch:3/3][cnn_loss:76.801816][hash_loss:76.750102][quan_loss:0.051714]
2024-08-26 23:26:06.106 | INFO     | SEMICON_train:train:110 - [iter:9/50][iter_time:109.00]
2024-08-26 23:26:40.163 | INFO     | SEMICON_train:train:102 - [epoch:1/3][cnn_loss:76.386580][hash_loss:76.334064][quan_loss:0.052516]
2024-08-26 23:27:16.531 | INFO     | SEMICON_train:train:102 - [epoch:2/3][cnn_loss:75.859754][hash_loss:75.807809][quan_loss:0.051945]
2024-08-26 23:27:51.969 | INFO     | SEMICON_train:train:102 - [epoch:3/3][cnn_loss:74.926375][hash_loss:74.874906][quan_loss:0.051469]
2024-08-26 23:27:51.987 | INFO     | SEMICON_train:train:110 - [iter:10/50][iter_time:105.88]
2024-08-26 23:29:52.271 | INFO     | SEMICON_train:train:188 - [iter:10/50][code_length:64][mAP:0.65114][mAP_all:0.50507][best_mAP:0.65114]
2024-08-26 23:29:52.272 | INFO     | SEMICON_train:train:189 - [iter:10/50][code_length:64][zs_mAP:0.42229][zs_mAP_all:0.43073]
2024-08-26 23:30:27.973 | INFO     | SEMICON_train:train:102 - [epoch:1/3][cnn_loss:77.209101][hash_loss:77.156459][quan_loss:0.052642]
2024-08-26 23:31:03.509 | INFO     | SEMICON_train:train:102 - [epoch:2/3][cnn_loss:75.898780][hash_loss:75.846876][quan_loss:0.051904]
2024-08-26 23:31:39.082 | INFO     | SEMICON_train:train:102 - [epoch:3/3][cnn_loss:74.922086][hash_loss:74.870603][quan_loss:0.051483]
2024-08-26 23:31:39.103 | INFO     | SEMICON_train:train:110 - [iter:11/50][iter_time:106.83]
2024-08-26 23:32:14.821 | INFO     | SEMICON_train:train:102 - [epoch:1/3][cnn_loss:75.538102][hash_loss:75.486185][quan_loss:0.051917]
2024-08-26 23:32:50.356 | INFO     | SEMICON_train:train:102 - [epoch:2/3][cnn_loss:74.337874][hash_loss:74.286178][quan_loss:0.051695]
2024-08-26 23:33:27.332 | INFO     | SEMICON_train:train:102 - [epoch:3/3][cnn_loss:74.131668][hash_loss:74.080504][quan_loss:0.051164]
2024-08-26 23:33:27.349 | INFO     | SEMICON_train:train:110 - [iter:12/50][iter_time:108.25]
2024-08-26 23:34:04.244 | INFO     | SEMICON_train:train:102 - [epoch:1/3][cnn_loss:74.878120][hash_loss:74.826406][quan_loss:0.051714]
2024-08-26 23:34:41.010 | INFO     | SEMICON_train:train:102 - [epoch:2/3][cnn_loss:73.687893][hash_loss:73.636976][quan_loss:0.050916]
2024-08-26 23:35:17.970 | INFO     | SEMICON_train:train:102 - [epoch:3/3][cnn_loss:72.588095][hash_loss:72.537141][quan_loss:0.050954]
2024-08-26 23:35:17.987 | INFO     | SEMICON_train:train:110 - [iter:13/50][iter_time:110.64]
2024-08-26 23:35:54.933 | INFO     | SEMICON_train:train:102 - [epoch:1/3][cnn_loss:76.616630][hash_loss:76.564589][quan_loss:0.052041]
2024-08-26 23:36:32.130 | INFO     | SEMICON_train:train:102 - [epoch:2/3][cnn_loss:74.187919][hash_loss:74.136754][quan_loss:0.051165]
2024-08-26 23:37:09.327 | INFO     | SEMICON_train:train:102 - [epoch:3/3][cnn_loss:74.040415][hash_loss:73.989181][quan_loss:0.051234]
2024-08-26 23:37:09.344 | INFO     | SEMICON_train:train:110 - [iter:14/50][iter_time:111.36]
2024-08-26 23:37:46.688 | INFO     | SEMICON_train:train:102 - [epoch:1/3][cnn_loss:74.722225][hash_loss:74.669877][quan_loss:0.052348]
2024-08-26 23:38:23.263 | INFO     | SEMICON_train:train:102 - [epoch:2/3][cnn_loss:73.629593][hash_loss:73.577748][quan_loss:0.051844]
2024-08-26 23:39:00.320 | INFO     | SEMICON_train:train:102 - [epoch:3/3][cnn_loss:72.826677][hash_loss:72.775416][quan_loss:0.051262]
2024-08-26 23:39:00.338 | INFO     | SEMICON_train:train:110 - [iter:15/50][iter_time:110.99]
2024-08-26 23:41:03.823 | INFO     | SEMICON_train:train:188 - [iter:15/50][code_length:64][mAP:0.65618][mAP_all:0.49949][best_mAP:0.65618]
2024-08-26 23:41:03.824 | INFO     | SEMICON_train:train:189 - [iter:15/50][code_length:64][zs_mAP:0.45481][zs_mAP_all:0.44677]
2024-08-26 23:41:40.931 | INFO     | SEMICON_train:train:102 - [epoch:1/3][cnn_loss:74.607490][hash_loss:74.555080][quan_loss:0.052409]
2024-08-26 23:42:17.566 | INFO     | SEMICON_train:train:102 - [epoch:2/3][cnn_loss:72.210579][hash_loss:72.159179][quan_loss:0.051400]
2024-08-26 23:42:54.034 | INFO     | SEMICON_train:train:102 - [epoch:3/3][cnn_loss:71.143624][hash_loss:71.093015][quan_loss:0.050609]
2024-08-26 23:42:54.058 | INFO     | SEMICON_train:train:110 - [iter:16/50][iter_time:110.23]
2024-08-26 23:43:30.938 | INFO     | SEMICON_train:train:102 - [epoch:1/3][cnn_loss:74.966595][hash_loss:74.915154][quan_loss:0.051441]
2024-08-26 23:44:07.063 | INFO     | SEMICON_train:train:102 - [epoch:2/3][cnn_loss:73.496189][hash_loss:73.445237][quan_loss:0.050953]
2024-08-26 23:44:43.036 | INFO     | SEMICON_train:train:102 - [epoch:3/3][cnn_loss:73.013734][hash_loss:72.963255][quan_loss:0.050479]
2024-08-26 23:44:43.056 | INFO     | SEMICON_train:train:110 - [iter:17/50][iter_time:109.00]
2024-08-26 23:45:19.325 | INFO     | SEMICON_train:train:102 - [epoch:1/3][cnn_loss:74.838625][hash_loss:74.787154][quan_loss:0.051471]
2024-08-26 23:45:56.601 | INFO     | SEMICON_train:train:102 - [epoch:2/3][cnn_loss:72.330119][hash_loss:72.279389][quan_loss:0.050730]
2024-08-26 23:46:33.124 | INFO     | SEMICON_train:train:102 - [epoch:3/3][cnn_loss:72.420865][hash_loss:72.370066][quan_loss:0.050799]
2024-08-26 23:46:33.146 | INFO     | SEMICON_train:train:110 - [iter:18/50][iter_time:110.09]
2024-08-26 23:47:10.582 | INFO     | SEMICON_train:train:102 - [epoch:1/3][cnn_loss:70.754910][hash_loss:70.703693][quan_loss:0.051217]
2024-08-26 23:47:47.860 | INFO     | SEMICON_train:train:102 - [epoch:2/3][cnn_loss:69.752316][hash_loss:69.701580][quan_loss:0.050737]
2024-08-26 23:48:25.054 | INFO     | SEMICON_train:train:102 - [epoch:3/3][cnn_loss:69.129632][hash_loss:69.079480][quan_loss:0.050152]
2024-08-26 23:48:25.072 | INFO     | SEMICON_train:train:110 - [iter:19/50][iter_time:111.93]
2024-08-26 23:49:02.579 | INFO     | SEMICON_train:train:102 - [epoch:1/3][cnn_loss:74.329279][hash_loss:74.278955][quan_loss:0.050324]
2024-08-26 23:49:40.359 | INFO     | SEMICON_train:train:102 - [epoch:2/3][cnn_loss:72.354864][hash_loss:72.304973][quan_loss:0.049891]
2024-08-26 23:50:18.403 | INFO     | SEMICON_train:train:102 - [epoch:3/3][cnn_loss:72.397034][hash_loss:72.347169][quan_loss:0.049864]
2024-08-26 23:50:18.428 | INFO     | SEMICON_train:train:110 - [iter:20/50][iter_time:113.36]
2024-08-26 23:52:20.680 | INFO     | SEMICON_train:train:188 - [iter:20/50][code_length:64][mAP:0.68371][mAP_all:0.58389][best_mAP:0.68371]
2024-08-26 23:52:20.681 | INFO     | SEMICON_train:train:189 - [iter:20/50][code_length:64][zs_mAP:0.47049][zs_mAP_all:0.47194]
2024-08-26 23:52:58.272 | INFO     | SEMICON_train:train:102 - [epoch:1/3][cnn_loss:74.342259][hash_loss:74.292395][quan_loss:0.049864]
2024-08-26 23:53:35.691 | INFO     | SEMICON_train:train:102 - [epoch:2/3][cnn_loss:72.792095][hash_loss:72.742711][quan_loss:0.049383]
2024-08-26 23:54:11.914 | INFO     | SEMICON_train:train:102 - [epoch:3/3][cnn_loss:73.160492][hash_loss:73.111484][quan_loss:0.049007]
2024-08-26 23:54:11.935 | INFO     | SEMICON_train:train:110 - [iter:21/50][iter_time:111.25]
2024-08-26 23:54:48.308 | INFO     | SEMICON_train:train:102 - [epoch:1/3][cnn_loss:72.313714][hash_loss:72.262559][quan_loss:0.051155]
2024-08-26 23:55:25.040 | INFO     | SEMICON_train:train:102 - [epoch:2/3][cnn_loss:70.549107][hash_loss:70.499021][quan_loss:0.050086]
2024-08-26 23:56:00.955 | INFO     | SEMICON_train:train:102 - [epoch:3/3][cnn_loss:70.568867][hash_loss:70.518468][quan_loss:0.050399]
2024-08-26 23:56:00.974 | INFO     | SEMICON_train:train:110 - [iter:22/50][iter_time:109.04]
2024-08-26 23:56:37.786 | INFO     | SEMICON_train:train:102 - [epoch:1/3][cnn_loss:73.367477][hash_loss:73.316444][quan_loss:0.051033]
2024-08-26 23:57:13.722 | INFO     | SEMICON_train:train:102 - [epoch:2/3][cnn_loss:72.796629][hash_loss:72.745729][quan_loss:0.050899]
2024-08-26 23:57:50.355 | INFO     | SEMICON_train:train:102 - [epoch:3/3][cnn_loss:72.120043][hash_loss:72.069217][quan_loss:0.050826]
2024-08-26 23:57:50.372 | INFO     | SEMICON_train:train:110 - [iter:23/50][iter_time:109.40]
2024-08-26 23:58:28.095 | INFO     | SEMICON_train:train:102 - [epoch:1/3][cnn_loss:74.812862][hash_loss:74.762612][quan_loss:0.050250]
2024-08-26 23:59:06.084 | INFO     | SEMICON_train:train:102 - [epoch:2/3][cnn_loss:72.510867][hash_loss:72.461345][quan_loss:0.049521]
2024-08-26 23:59:43.880 | INFO     | SEMICON_train:train:102 - [epoch:3/3][cnn_loss:72.235274][hash_loss:72.185832][quan_loss:0.049442]
2024-08-26 23:59:43.899 | INFO     | SEMICON_train:train:110 - [iter:24/50][iter_time:113.53]
2024-08-27 00:00:20.786 | INFO     | SEMICON_train:train:102 - [epoch:1/3][cnn_loss:74.415226][hash_loss:74.365309][quan_loss:0.049917]
2024-08-27 00:00:57.298 | INFO     | SEMICON_train:train:102 - [epoch:2/3][cnn_loss:72.969242][hash_loss:72.919830][quan_loss:0.049411]
2024-08-27 00:01:32.731 | INFO     | SEMICON_train:train:102 - [epoch:3/3][cnn_loss:72.580252][hash_loss:72.531367][quan_loss:0.048885]
2024-08-27 00:01:32.752 | INFO     | SEMICON_train:train:110 - [iter:25/50][iter_time:108.85]
2024-08-27 00:03:34.983 | INFO     | SEMICON_train:train:188 - [iter:25/50][code_length:64][mAP:0.69376][mAP_all:0.59045][best_mAP:0.69376]
2024-08-27 00:03:34.984 | INFO     | SEMICON_train:train:189 - [iter:25/50][code_length:64][zs_mAP:0.51107][zs_mAP_all:0.51104]
2024-08-27 00:04:10.790 | INFO     | SEMICON_train:train:102 - [epoch:1/3][cnn_loss:74.032901][hash_loss:73.982784][quan_loss:0.050116]
2024-08-27 00:04:47.870 | INFO     | SEMICON_train:train:102 - [epoch:2/3][cnn_loss:72.362760][hash_loss:72.313236][quan_loss:0.049524]
2024-08-27 00:05:25.138 | INFO     | SEMICON_train:train:102 - [epoch:3/3][cnn_loss:70.864861][hash_loss:70.816361][quan_loss:0.048500]
2024-08-27 00:05:25.155 | INFO     | SEMICON_train:train:110 - [iter:26/50][iter_time:110.17]
2024-08-27 00:06:01.217 | INFO     | SEMICON_train:train:102 - [epoch:1/3][cnn_loss:75.236407][hash_loss:75.187310][quan_loss:0.049097]
2024-08-27 00:06:37.425 | INFO     | SEMICON_train:train:102 - [epoch:2/3][cnn_loss:73.974913][hash_loss:73.926334][quan_loss:0.048578]
2024-08-27 00:07:13.897 | INFO     | SEMICON_train:train:102 - [epoch:3/3][cnn_loss:72.635829][hash_loss:72.587860][quan_loss:0.047968]
2024-08-27 00:07:13.921 | INFO     | SEMICON_train:train:110 - [iter:27/50][iter_time:108.77]
2024-08-27 00:07:50.852 | INFO     | SEMICON_train:train:102 - [epoch:1/3][cnn_loss:71.451724][hash_loss:71.402029][quan_loss:0.049695]
2024-08-27 00:08:27.049 | INFO     | SEMICON_train:train:102 - [epoch:2/3][cnn_loss:70.465571][hash_loss:70.416633][quan_loss:0.048938]
2024-08-27 00:09:03.451 | INFO     | SEMICON_train:train:102 - [epoch:3/3][cnn_loss:69.616423][hash_loss:69.567818][quan_loss:0.048604]
2024-08-27 00:09:03.476 | INFO     | SEMICON_train:train:110 - [iter:28/50][iter_time:109.55]
2024-08-27 00:09:41.477 | INFO     | SEMICON_train:train:102 - [epoch:1/3][cnn_loss:74.393554][hash_loss:74.343627][quan_loss:0.049927]
2024-08-27 00:10:18.367 | INFO     | SEMICON_train:train:102 - [epoch:2/3][cnn_loss:72.245391][hash_loss:72.196248][quan_loss:0.049144]
2024-08-27 00:10:55.288 | INFO     | SEMICON_train:train:102 - [epoch:3/3][cnn_loss:70.541382][hash_loss:70.493115][quan_loss:0.048267]
2024-08-27 00:10:55.306 | INFO     | SEMICON_train:train:110 - [iter:29/50][iter_time:111.83]
2024-08-27 00:11:31.451 | INFO     | SEMICON_train:train:102 - [epoch:1/3][cnn_loss:71.758471][hash_loss:71.708673][quan_loss:0.049798]
2024-08-27 00:12:07.589 | INFO     | SEMICON_train:train:102 - [epoch:2/3][cnn_loss:70.167741][hash_loss:70.118797][quan_loss:0.048944]
2024-08-27 00:12:43.700 | INFO     | SEMICON_train:train:102 - [epoch:3/3][cnn_loss:68.835181][hash_loss:68.786986][quan_loss:0.048196]
2024-08-27 00:12:43.717 | INFO     | SEMICON_train:train:110 - [iter:30/50][iter_time:108.41]
2024-08-27 00:14:45.891 | INFO     | SEMICON_train:train:188 - [iter:30/50][code_length:64][mAP:0.69957][mAP_all:0.60906][best_mAP:0.69957]
2024-08-27 00:14:45.892 | INFO     | SEMICON_train:train:189 - [iter:30/50][code_length:64][zs_mAP:0.47418][zs_mAP_all:0.47929]
2024-08-27 00:15:23.696 | INFO     | SEMICON_train:train:102 - [epoch:1/3][cnn_loss:71.880042][hash_loss:71.830894][quan_loss:0.049149]
2024-08-27 00:16:00.680 | INFO     | SEMICON_train:train:102 - [epoch:2/3][cnn_loss:69.304183][hash_loss:69.256473][quan_loss:0.047710]
2024-08-27 00:16:37.327 | INFO     | SEMICON_train:train:102 - [epoch:3/3][cnn_loss:68.574991][hash_loss:68.527840][quan_loss:0.047151]
2024-08-27 00:16:37.347 | INFO     | SEMICON_train:train:110 - [iter:31/50][iter_time:111.45]
2024-08-27 00:17:13.515 | INFO     | SEMICON_train:train:102 - [epoch:1/3][cnn_loss:74.361299][hash_loss:74.312833][quan_loss:0.048465]
2024-08-27 00:17:49.803 | INFO     | SEMICON_train:train:102 - [epoch:2/3][cnn_loss:73.227638][hash_loss:73.179293][quan_loss:0.048345]
2024-08-27 00:18:25.592 | INFO     | SEMICON_train:train:102 - [epoch:3/3][cnn_loss:72.205698][hash_loss:72.158313][quan_loss:0.047385]
2024-08-27 00:18:25.613 | INFO     | SEMICON_train:train:110 - [iter:32/50][iter_time:108.27]
2024-08-27 00:19:02.709 | INFO     | SEMICON_train:train:102 - [epoch:1/3][cnn_loss:70.078177][hash_loss:70.029441][quan_loss:0.048736]
2024-08-27 00:19:40.573 | INFO     | SEMICON_train:train:102 - [epoch:2/3][cnn_loss:69.819764][hash_loss:69.770869][quan_loss:0.048896]
2024-08-27 00:20:17.052 | INFO     | SEMICON_train:train:102 - [epoch:3/3][cnn_loss:67.646281][hash_loss:67.598604][quan_loss:0.047676]
2024-08-27 00:20:17.073 | INFO     | SEMICON_train:train:110 - [iter:33/50][iter_time:111.46]
2024-08-27 00:20:53.375 | INFO     | SEMICON_train:train:102 - [epoch:1/3][cnn_loss:71.170141][hash_loss:71.121421][quan_loss:0.048720]
2024-08-27 00:21:29.457 | INFO     | SEMICON_train:train:102 - [epoch:2/3][cnn_loss:69.781614][hash_loss:69.733583][quan_loss:0.048031]
2024-08-27 00:22:05.641 | INFO     | SEMICON_train:train:102 - [epoch:3/3][cnn_loss:68.189549][hash_loss:68.142105][quan_loss:0.047444]
2024-08-27 00:22:05.659 | INFO     | SEMICON_train:train:110 - [iter:34/50][iter_time:108.59]
2024-08-27 00:22:42.480 | INFO     | SEMICON_train:train:102 - [epoch:1/3][cnn_loss:71.456065][hash_loss:71.406737][quan_loss:0.049328]
2024-08-27 00:23:19.193 | INFO     | SEMICON_train:train:102 - [epoch:2/3][cnn_loss:69.929675][hash_loss:69.880792][quan_loss:0.048883]
2024-08-27 00:23:57.537 | INFO     | SEMICON_train:train:102 - [epoch:3/3][cnn_loss:68.443764][hash_loss:68.395604][quan_loss:0.048160]
2024-08-27 00:23:57.561 | INFO     | SEMICON_train:train:110 - [iter:35/50][iter_time:111.90]
2024-08-27 00:25:58.839 | INFO     | SEMICON_train:train:188 - [iter:35/50][code_length:64][mAP:0.71495][mAP_all:0.63288][best_mAP:0.71495]
2024-08-27 00:25:58.840 | INFO     | SEMICON_train:train:189 - [iter:35/50][code_length:64][zs_mAP:0.51056][zs_mAP_all:0.51455]
2024-08-27 00:26:31.774 | INFO     | SEMICON_train:train:102 - [epoch:1/3][cnn_loss:72.960716][hash_loss:72.911558][quan_loss:0.049158]
2024-08-27 00:27:04.922 | INFO     | SEMICON_train:train:102 - [epoch:2/3][cnn_loss:71.037337][hash_loss:70.989129][quan_loss:0.048209]
2024-08-27 00:27:40.590 | INFO     | SEMICON_train:train:102 - [epoch:3/3][cnn_loss:69.506063][hash_loss:69.458552][quan_loss:0.047511]
2024-08-27 00:27:40.608 | INFO     | SEMICON_train:train:110 - [iter:36/50][iter_time:101.77]
2024-08-27 00:29:42.398 | INFO     | SEMICON_train:train:188 - [iter:36/50][code_length:64][mAP:0.70835][mAP_all:0.63346][best_mAP:0.71495]
2024-08-27 00:29:42.399 | INFO     | SEMICON_train:train:189 - [iter:36/50][code_length:64][zs_mAP:0.48478][zs_mAP_all:0.48674]
2024-08-27 00:30:19.672 | INFO     | SEMICON_train:train:102 - [epoch:1/3][cnn_loss:69.637884][hash_loss:69.590031][quan_loss:0.047852]
2024-08-27 00:30:55.747 | INFO     | SEMICON_train:train:102 - [epoch:2/3][cnn_loss:69.445915][hash_loss:69.398319][quan_loss:0.047597]
2024-08-27 00:31:31.720 | INFO     | SEMICON_train:train:102 - [epoch:3/3][cnn_loss:67.750745][hash_loss:67.703888][quan_loss:0.046857]
2024-08-27 00:31:31.739 | INFO     | SEMICON_train:train:110 - [iter:37/50][iter_time:109.34]
2024-08-27 00:33:31.973 | INFO     | SEMICON_train:train:188 - [iter:37/50][code_length:64][mAP:0.70667][mAP_all:0.63118][best_mAP:0.71495]
2024-08-27 00:33:31.973 | INFO     | SEMICON_train:train:189 - [iter:37/50][code_length:64][zs_mAP:0.52934][zs_mAP_all:0.52211]
2024-08-27 00:34:09.225 | INFO     | SEMICON_train:train:102 - [epoch:1/3][cnn_loss:71.043669][hash_loss:70.995475][quan_loss:0.048195]
2024-08-27 00:34:45.281 | INFO     | SEMICON_train:train:102 - [epoch:2/3][cnn_loss:69.797809][hash_loss:69.749702][quan_loss:0.048107]
2024-08-27 00:35:21.328 | INFO     | SEMICON_train:train:102 - [epoch:3/3][cnn_loss:68.887149][hash_loss:68.840327][quan_loss:0.046822]
2024-08-27 00:35:21.348 | INFO     | SEMICON_train:train:110 - [iter:38/50][iter_time:109.37]
2024-08-27 00:37:22.252 | INFO     | SEMICON_train:train:188 - [iter:38/50][code_length:64][mAP:0.69871][mAP_all:0.59787][best_mAP:0.71495]
2024-08-27 00:37:22.253 | INFO     | SEMICON_train:train:189 - [iter:38/50][code_length:64][zs_mAP:0.51316][zs_mAP_all:0.51669]
2024-08-27 00:38:00.418 | INFO     | SEMICON_train:train:102 - [epoch:1/3][cnn_loss:70.767791][hash_loss:70.719406][quan_loss:0.048385]
2024-08-27 00:38:38.105 | INFO     | SEMICON_train:train:102 - [epoch:2/3][cnn_loss:68.771337][hash_loss:68.723894][quan_loss:0.047443]
2024-08-27 00:39:14.288 | INFO     | SEMICON_train:train:102 - [epoch:3/3][cnn_loss:67.933240][hash_loss:67.886333][quan_loss:0.046907]
2024-08-27 00:39:14.308 | INFO     | SEMICON_train:train:110 - [iter:39/50][iter_time:112.05]
2024-08-27 00:41:15.322 | INFO     | SEMICON_train:train:188 - [iter:39/50][code_length:64][mAP:0.71478][mAP_all:0.64248][best_mAP:0.71495]
2024-08-27 00:41:15.323 | INFO     | SEMICON_train:train:189 - [iter:39/50][code_length:64][zs_mAP:0.52598][zs_mAP_all:0.52796]
2024-08-27 00:41:53.179 | INFO     | SEMICON_train:train:102 - [epoch:1/3][cnn_loss:72.777437][hash_loss:72.729608][quan_loss:0.047829]
2024-08-27 00:42:29.536 | INFO     | SEMICON_train:train:102 - [epoch:2/3][cnn_loss:71.473874][hash_loss:71.426608][quan_loss:0.047266]
2024-08-27 00:43:05.482 | INFO     | SEMICON_train:train:102 - [epoch:3/3][cnn_loss:70.233506][hash_loss:70.187116][quan_loss:0.046389]
2024-08-27 00:43:05.503 | INFO     | SEMICON_train:train:110 - [iter:40/50][iter_time:110.18]
2024-08-27 00:45:07.283 | INFO     | SEMICON_train:train:188 - [iter:40/50][code_length:64][mAP:0.71618][mAP_all:0.64041][best_mAP:0.71618]
2024-08-27 00:45:07.284 | INFO     | SEMICON_train:train:189 - [iter:40/50][code_length:64][zs_mAP:0.52030][zs_mAP_all:0.52480]
2024-08-27 00:45:44.969 | INFO     | SEMICON_train:train:102 - [epoch:1/3][cnn_loss:69.951422][hash_loss:69.903157][quan_loss:0.048264]
2024-08-27 00:46:21.225 | INFO     | SEMICON_train:train:102 - [epoch:2/3][cnn_loss:68.502913][hash_loss:68.455563][quan_loss:0.047350]
2024-08-27 00:46:57.233 | INFO     | SEMICON_train:train:102 - [epoch:3/3][cnn_loss:67.962063][hash_loss:67.914895][quan_loss:0.047168]
2024-08-27 00:46:57.253 | INFO     | SEMICON_train:train:110 - [iter:41/50][iter_time:109.97]
2024-08-27 00:48:57.898 | INFO     | SEMICON_train:train:188 - [iter:41/50][code_length:64][mAP:0.71310][mAP_all:0.61594][best_mAP:0.71618]
2024-08-27 00:48:57.899 | INFO     | SEMICON_train:train:189 - [iter:41/50][code_length:64][zs_mAP:0.51719][zs_mAP_all:0.52098]
2024-08-27 00:49:35.527 | INFO     | SEMICON_train:train:102 - [epoch:1/3][cnn_loss:71.536446][hash_loss:71.487722][quan_loss:0.048724]
2024-08-27 00:50:11.533 | INFO     | SEMICON_train:train:102 - [epoch:2/3][cnn_loss:69.743562][hash_loss:69.695598][quan_loss:0.047964]
2024-08-27 00:50:47.407 | INFO     | SEMICON_train:train:102 - [epoch:3/3][cnn_loss:69.018953][hash_loss:68.971695][quan_loss:0.047258]
2024-08-27 00:50:47.426 | INFO     | SEMICON_train:train:110 - [iter:42/50][iter_time:109.53]
2024-08-27 00:52:47.450 | INFO     | SEMICON_train:train:188 - [iter:42/50][code_length:64][mAP:0.71276][mAP_all:0.64036][best_mAP:0.71618]
2024-08-27 00:52:47.451 | INFO     | SEMICON_train:train:189 - [iter:42/50][code_length:64][zs_mAP:0.51445][zs_mAP_all:0.50766]
2024-08-27 00:53:24.108 | INFO     | SEMICON_train:train:102 - [epoch:1/3][cnn_loss:68.950365][hash_loss:68.902673][quan_loss:0.047692]
2024-08-27 00:54:00.001 | INFO     | SEMICON_train:train:102 - [epoch:2/3][cnn_loss:66.970394][hash_loss:66.923578][quan_loss:0.046815]
2024-08-27 00:54:35.899 | INFO     | SEMICON_train:train:102 - [epoch:3/3][cnn_loss:66.269103][hash_loss:66.222672][quan_loss:0.046431]
2024-08-27 00:54:35.917 | INFO     | SEMICON_train:train:110 - [iter:43/50][iter_time:108.47]
2024-08-27 00:56:38.336 | INFO     | SEMICON_train:train:188 - [iter:43/50][code_length:64][mAP:0.72206][mAP_all:0.63591][best_mAP:0.72206]
2024-08-27 00:56:38.338 | INFO     | SEMICON_train:train:189 - [iter:43/50][code_length:64][zs_mAP:0.50759][zs_mAP_all:0.51097]
2024-08-27 00:57:15.177 | INFO     | SEMICON_train:train:102 - [epoch:1/3][cnn_loss:66.612988][hash_loss:66.565795][quan_loss:0.047193]
2024-08-27 00:57:51.065 | INFO     | SEMICON_train:train:102 - [epoch:2/3][cnn_loss:65.568926][hash_loss:65.522011][quan_loss:0.046915]
2024-08-27 00:58:27.501 | INFO     | SEMICON_train:train:102 - [epoch:3/3][cnn_loss:63.944995][hash_loss:63.899040][quan_loss:0.045956]
2024-08-27 00:58:27.524 | INFO     | SEMICON_train:train:110 - [iter:44/50][iter_time:109.19]
2024-08-27 01:00:28.723 | INFO     | SEMICON_train:train:188 - [iter:44/50][code_length:64][mAP:0.72512][mAP_all:0.63235][best_mAP:0.72512]
2024-08-27 01:00:28.724 | INFO     | SEMICON_train:train:189 - [iter:44/50][code_length:64][zs_mAP:0.50499][zs_mAP_all:0.51154]
2024-08-27 01:01:05.805 | INFO     | SEMICON_train:train:102 - [epoch:1/3][cnn_loss:69.488312][hash_loss:69.441659][quan_loss:0.046652]
2024-08-27 01:01:42.215 | INFO     | SEMICON_train:train:102 - [epoch:2/3][cnn_loss:68.367461][hash_loss:68.321233][quan_loss:0.046227]
2024-08-27 01:02:19.155 | INFO     | SEMICON_train:train:102 - [epoch:3/3][cnn_loss:68.164033][hash_loss:68.117678][quan_loss:0.046356]
2024-08-27 01:02:19.174 | INFO     | SEMICON_train:train:110 - [iter:45/50][iter_time:110.45]
2024-08-27 01:04:20.006 | INFO     | SEMICON_train:train:188 - [iter:45/50][code_length:64][mAP:0.71930][mAP_all:0.64546][best_mAP:0.72512]
2024-08-27 01:04:20.007 | INFO     | SEMICON_train:train:189 - [iter:45/50][code_length:64][zs_mAP:0.53444][zs_mAP_all:0.53872]
2024-08-27 01:04:57.863 | INFO     | SEMICON_train:train:102 - [epoch:1/3][cnn_loss:71.268049][hash_loss:71.220943][quan_loss:0.047106]
2024-08-27 01:05:36.144 | INFO     | SEMICON_train:train:102 - [epoch:2/3][cnn_loss:70.398385][hash_loss:70.351613][quan_loss:0.046771]
2024-08-27 01:06:14.016 | INFO     | SEMICON_train:train:102 - [epoch:3/3][cnn_loss:69.247198][hash_loss:69.200859][quan_loss:0.046339]
2024-08-27 01:06:14.039 | INFO     | SEMICON_train:train:110 - [iter:46/50][iter_time:114.03]
2024-08-27 01:08:14.706 | INFO     | SEMICON_train:train:188 - [iter:46/50][code_length:64][mAP:0.72276][mAP_all:0.66536][best_mAP:0.72512]
2024-08-27 01:08:14.707 | INFO     | SEMICON_train:train:189 - [iter:46/50][code_length:64][zs_mAP:0.52572][zs_mAP_all:0.52955]
2024-08-27 01:08:50.974 | INFO     | SEMICON_train:train:102 - [epoch:1/3][cnn_loss:67.926360][hash_loss:67.879540][quan_loss:0.046820]
2024-08-27 01:09:26.900 | INFO     | SEMICON_train:train:102 - [epoch:2/3][cnn_loss:67.744459][hash_loss:67.697697][quan_loss:0.046762]
2024-08-27 01:10:03.486 | INFO     | SEMICON_train:train:102 - [epoch:3/3][cnn_loss:67.323911][hash_loss:67.277293][quan_loss:0.046618]
2024-08-27 01:10:03.511 | INFO     | SEMICON_train:train:110 - [iter:47/50][iter_time:108.80]
2024-08-27 01:12:05.785 | INFO     | SEMICON_train:train:188 - [iter:47/50][code_length:64][mAP:0.73792][mAP_all:0.66721][best_mAP:0.73792]
2024-08-27 01:12:05.786 | INFO     | SEMICON_train:train:189 - [iter:47/50][code_length:64][zs_mAP:0.53760][zs_mAP_all:0.54119]
2024-08-27 01:12:43.311 | INFO     | SEMICON_train:train:102 - [epoch:1/3][cnn_loss:67.475324][hash_loss:67.428856][quan_loss:0.046468]
2024-08-27 01:13:19.697 | INFO     | SEMICON_train:train:102 - [epoch:2/3][cnn_loss:66.868107][hash_loss:66.822240][quan_loss:0.045867]
2024-08-27 01:13:55.455 | INFO     | SEMICON_train:train:102 - [epoch:3/3][cnn_loss:66.538630][hash_loss:66.492896][quan_loss:0.045734]
2024-08-27 01:13:55.476 | INFO     | SEMICON_train:train:110 - [iter:48/50][iter_time:109.69]
2024-08-27 01:15:56.642 | INFO     | SEMICON_train:train:188 - [iter:48/50][code_length:64][mAP:0.73670][mAP_all:0.66684][best_mAP:0.73792]
2024-08-27 01:15:56.642 | INFO     | SEMICON_train:train:189 - [iter:48/50][code_length:64][zs_mAP:0.53707][zs_mAP_all:0.53840]
2024-08-27 01:16:33.798 | INFO     | SEMICON_train:train:102 - [epoch:1/3][cnn_loss:66.707070][hash_loss:66.661340][quan_loss:0.045730]
2024-08-27 01:17:10.474 | INFO     | SEMICON_train:train:102 - [epoch:2/3][cnn_loss:65.712614][hash_loss:65.667316][quan_loss:0.045298]
2024-08-27 01:17:46.889 | INFO     | SEMICON_train:train:102 - [epoch:3/3][cnn_loss:64.861676][hash_loss:64.816455][quan_loss:0.045222]
2024-08-27 01:17:46.909 | INFO     | SEMICON_train:train:110 - [iter:49/50][iter_time:110.27]
2024-08-27 01:19:48.568 | INFO     | SEMICON_train:train:188 - [iter:49/50][code_length:64][mAP:0.74199][mAP_all:0.66265][best_mAP:0.74199]
2024-08-27 01:19:48.568 | INFO     | SEMICON_train:train:189 - [iter:49/50][code_length:64][zs_mAP:0.54636][zs_mAP_all:0.55136]
2024-08-27 01:20:25.067 | INFO     | SEMICON_train:train:102 - [epoch:1/3][cnn_loss:68.514132][hash_loss:68.468212][quan_loss:0.045921]
2024-08-27 01:21:00.999 | INFO     | SEMICON_train:train:102 - [epoch:2/3][cnn_loss:67.267367][hash_loss:67.221826][quan_loss:0.045540]
2024-08-27 01:21:36.661 | INFO     | SEMICON_train:train:102 - [epoch:3/3][cnn_loss:66.880926][hash_loss:66.835602][quan_loss:0.045323]
2024-08-27 01:21:36.680 | INFO     | SEMICON_train:train:110 - [iter:50/50][iter_time:108.11]
2024-08-27 01:23:39.121 | INFO     | SEMICON_train:train:188 - [iter:50/50][code_length:64][mAP:0.74205][mAP_all:0.66944][best_mAP:0.74205]
2024-08-27 01:23:39.123 | INFO     | SEMICON_train:train:189 - [iter:50/50][code_length:64][zs_mAP:0.54484][zs_mAP_all:0.54713]
2024-08-27 01:23:39.123 | INFO     | SEMICON_train:train:191 - [Training time:8149.74]
2024-08-27 01:23:39.128 | INFO     | __main__:run:123 - [code_length:64][map:0.7421][map_all:0.6694][zs_map:0.5448][zs_map_all:0.5471]
