2023-11-13 15:03:33.918 | SUCCESS  | __main__:run:50 - Namespace(align_step=50, arch='fish', batch_size=16, cauchy_gamma=20.0, code_length=[16, 32, 64], dataset='imagenetzs', device=device(type='cuda', index=2), epoch_change=11, gamma=200, gpu=2, info='imagenetzs-25-75-fish-11-13-16,32,64', lambd=0.1, lambd_ch=0.1, lambd_sp=0.1, lr=0.01, lr_step=[5, 15, 35], margin=0.1, max_epoch=1, max_iter=50, momen=0.9, nesterov=False, net='ResNet50', num_classes=75, num_query=1000, num_samples=9750, num_workers=2, num_zs=25, optim='SGD', pretrain=True, quan_loss=False, root='/2T/dataset/ImageNet/ILSVRC', save_ckpt='checkpoints/', topk=1000, val_freq=5, wd=1e-05)
2023-11-13 15:07:12.498 | INFO     | fish:train:93 - [epoch:1/1][loss:7.9078]
2023-11-13 15:07:12.499 | INFO     | fish:train:96 - [iter:1/50][iter_time:197.60]
2023-11-13 15:10:09.833 | INFO     | fish:train:93 - [epoch:1/1][loss:5.7718]
2023-11-13 15:10:09.834 | INFO     | fish:train:96 - [iter:2/50][iter_time:177.34]
2023-11-13 15:13:14.613 | INFO     | fish:train:93 - [epoch:1/1][loss:4.9527]
2023-11-13 15:13:14.614 | INFO     | fish:train:96 - [iter:3/50][iter_time:184.78]
2023-11-13 15:16:50.297 | INFO     | fish:train:93 - [epoch:1/1][loss:4.5068]
2023-11-13 15:16:50.298 | INFO     | fish:train:96 - [iter:4/50][iter_time:215.68]
2023-11-13 15:19:53.809 | INFO     | fish:train:93 - [epoch:1/1][loss:4.1103]
2023-11-13 15:19:53.810 | INFO     | fish:train:96 - [iter:5/50][iter_time:183.51]
2023-11-13 15:29:48.920 | INFO     | fish:train:177 - [iter:5/50][code_length:16][mAP:0.41401][mAP_all:0.40025][best_mAP:0.41401]
2023-11-13 15:29:48.921 | INFO     | fish:train:178 - [iter:5/50][code_length:16][zs_mAP:0.16023][zs_mAP_all:0.05551]
2023-11-13 15:33:01.981 | INFO     | fish:train:93 - [epoch:1/1][loss:2.8134]
2023-11-13 15:33:01.981 | INFO     | fish:train:96 - [iter:6/50][iter_time:193.06]
2023-11-13 15:36:40.435 | INFO     | fish:train:93 - [epoch:1/1][loss:2.4187]
2023-11-13 15:36:40.436 | INFO     | fish:train:96 - [iter:7/50][iter_time:218.45]
2023-11-13 15:39:49.706 | INFO     | fish:train:93 - [epoch:1/1][loss:2.1911]
2023-11-13 15:39:49.706 | INFO     | fish:train:96 - [iter:8/50][iter_time:189.27]
2023-11-13 15:43:04.713 | INFO     | fish:train:93 - [epoch:1/1][loss:2.1403]
2023-11-13 15:43:04.714 | INFO     | fish:train:96 - [iter:9/50][iter_time:195.01]
2023-11-13 15:46:15.906 | INFO     | fish:train:93 - [epoch:1/1][loss:1.9851]
2023-11-13 15:46:15.907 | INFO     | fish:train:96 - [iter:10/50][iter_time:191.19]
2023-11-13 15:56:08.807 | INFO     | fish:train:177 - [iter:10/50][code_length:16][mAP:0.68872][mAP_all:0.67634][best_mAP:0.68872]
2023-11-13 15:56:08.808 | INFO     | fish:train:178 - [iter:10/50][code_length:16][zs_mAP:0.19471][zs_mAP_all:0.07483]
2023-11-13 15:59:40.515 | INFO     | fish:train:93 - [epoch:1/1][loss:1.9056]
2023-11-13 15:59:40.516 | INFO     | fish:train:96 - [iter:11/50][iter_time:211.71]
2023-11-13 16:02:44.829 | INFO     | fish:train:93 - [epoch:1/1][loss:1.8092]
2023-11-13 16:02:44.830 | INFO     | fish:train:96 - [iter:12/50][iter_time:184.31]
2023-11-13 16:06:18.972 | INFO     | fish:train:93 - [epoch:1/1][loss:1.7155]
2023-11-13 16:06:18.972 | INFO     | fish:train:96 - [iter:13/50][iter_time:214.14]
2023-11-13 16:09:31.415 | INFO     | fish:train:93 - [epoch:1/1][loss:1.6658]
2023-11-13 16:09:31.416 | INFO     | fish:train:96 - [iter:14/50][iter_time:192.44]
2023-11-13 16:12:03.422 | INFO     | fish:train:93 - [epoch:1/1][loss:1.6042]
2023-11-13 16:12:03.422 | INFO     | fish:train:96 - [iter:15/50][iter_time:152.01]
2023-11-13 16:21:46.438 | INFO     | fish:train:177 - [iter:15/50][code_length:16][mAP:0.73657][mAP_all:0.72658][best_mAP:0.73657]
2023-11-13 16:21:46.439 | INFO     | fish:train:178 - [iter:15/50][code_length:16][zs_mAP:0.20295][zs_mAP_all:0.08237]
2023-11-13 16:24:49.844 | INFO     | fish:train:93 - [epoch:1/1][loss:1.4375]
2023-11-13 16:24:49.845 | INFO     | fish:train:96 - [iter:16/50][iter_time:183.41]
2023-11-13 16:28:24.065 | INFO     | fish:train:93 - [epoch:1/1][loss:1.3934]
2023-11-13 16:28:24.066 | INFO     | fish:train:96 - [iter:17/50][iter_time:214.22]
2023-11-13 16:31:31.545 | INFO     | fish:train:93 - [epoch:1/1][loss:1.3749]
2023-11-13 16:31:31.546 | INFO     | fish:train:96 - [iter:18/50][iter_time:187.48]
2023-11-13 16:34:45.195 | INFO     | fish:train:93 - [epoch:1/1][loss:1.2717]
2023-11-13 16:34:45.196 | INFO     | fish:train:96 - [iter:19/50][iter_time:193.65]
2023-11-13 16:37:29.571 | INFO     | fish:train:93 - [epoch:1/1][loss:1.2904]
2023-11-13 16:37:29.571 | INFO     | fish:train:96 - [iter:20/50][iter_time:164.38]
2023-11-13 16:47:15.399 | INFO     | fish:train:177 - [iter:20/50][code_length:16][mAP:0.75837][mAP_all:0.74978][best_mAP:0.75837]
2023-11-13 16:47:15.400 | INFO     | fish:train:178 - [iter:20/50][code_length:16][zs_mAP:0.20639][zs_mAP_all:0.09318]
2023-11-13 16:50:43.089 | INFO     | fish:train:93 - [epoch:1/1][loss:1.2743]
2023-11-13 16:50:43.089 | INFO     | fish:train:96 - [iter:21/50][iter_time:207.69]
2023-11-13 16:53:48.108 | INFO     | fish:train:93 - [epoch:1/1][loss:1.2510]
2023-11-13 16:53:48.109 | INFO     | fish:train:96 - [iter:22/50][iter_time:185.02]
2023-11-13 16:57:23.600 | INFO     | fish:train:93 - [epoch:1/1][loss:1.3079]
2023-11-13 16:57:23.601 | INFO     | fish:train:96 - [iter:23/50][iter_time:215.49]
2023-11-13 17:00:27.519 | INFO     | fish:train:93 - [epoch:1/1][loss:1.2617]
2023-11-13 17:00:27.520 | INFO     | fish:train:96 - [iter:24/50][iter_time:183.92]
2023-11-13 17:02:52.917 | INFO     | fish:train:93 - [epoch:1/1][loss:1.2823]
2023-11-13 17:02:52.918 | INFO     | fish:train:96 - [iter:25/50][iter_time:145.40]
2023-11-13 17:12:32.073 | INFO     | fish:train:177 - [iter:25/50][code_length:16][mAP:0.76326][mAP_all:0.75495][best_mAP:0.76326]
2023-11-13 17:12:32.074 | INFO     | fish:train:178 - [iter:25/50][code_length:16][zs_mAP:0.19937][zs_mAP_all:0.08884]
2023-11-13 17:15:31.685 | INFO     | fish:train:93 - [epoch:1/1][loss:1.1831]
2023-11-13 17:15:31.685 | INFO     | fish:train:96 - [iter:26/50][iter_time:179.61]
2023-11-13 17:19:09.256 | INFO     | fish:train:93 - [epoch:1/1][loss:1.2017]
2023-11-13 17:19:09.257 | INFO     | fish:train:96 - [iter:27/50][iter_time:217.57]
2023-11-13 17:22:14.993 | INFO     | fish:train:93 - [epoch:1/1][loss:1.2699]
2023-11-13 17:22:14.993 | INFO     | fish:train:96 - [iter:28/50][iter_time:185.74]
2023-11-13 17:25:22.240 | INFO     | fish:train:93 - [epoch:1/1][loss:1.1865]
2023-11-13 17:25:22.241 | INFO     | fish:train:96 - [iter:29/50][iter_time:187.25]
2023-11-13 17:28:04.920 | INFO     | fish:train:93 - [epoch:1/1][loss:1.1928]
2023-11-13 17:28:04.921 | INFO     | fish:train:96 - [iter:30/50][iter_time:162.68]
2023-11-13 17:37:48.659 | INFO     | fish:train:177 - [iter:30/50][code_length:16][mAP:0.75913][mAP_all:0.75031][best_mAP:0.76326]
2023-11-13 17:37:48.659 | INFO     | fish:train:178 - [iter:30/50][code_length:16][zs_mAP:0.19698][zs_mAP_all:0.08664]
2023-11-13 17:41:16.638 | INFO     | fish:train:93 - [epoch:1/1][loss:1.1881]
2023-11-13 17:41:16.639 | INFO     | fish:train:96 - [iter:31/50][iter_time:207.98]
2023-11-13 17:44:23.054 | INFO     | fish:train:93 - [epoch:1/1][loss:1.2207]
2023-11-13 17:44:23.055 | INFO     | fish:train:96 - [iter:32/50][iter_time:186.42]
2023-11-13 17:47:56.027 | INFO     | fish:train:93 - [epoch:1/1][loss:1.1630]
2023-11-13 17:47:56.028 | INFO     | fish:train:96 - [iter:33/50][iter_time:212.97]
2023-11-13 17:51:02.080 | INFO     | fish:train:93 - [epoch:1/1][loss:1.1953]
2023-11-13 17:51:02.081 | INFO     | fish:train:96 - [iter:34/50][iter_time:186.05]
2023-11-13 17:53:25.166 | INFO     | fish:train:93 - [epoch:1/1][loss:1.1671]
2023-11-13 17:53:25.167 | INFO     | fish:train:96 - [iter:35/50][iter_time:143.09]
2023-11-13 18:03:14.329 | INFO     | fish:train:177 - [iter:35/50][code_length:16][mAP:0.76483][mAP_all:0.75676][best_mAP:0.76483]
2023-11-13 18:03:14.331 | INFO     | fish:train:178 - [iter:35/50][code_length:16][zs_mAP:0.19374][zs_mAP_all:0.09222]
2023-11-13 18:05:35.291 | INFO     | fish:train:93 - [epoch:1/1][loss:1.1454]
2023-11-13 18:05:35.292 | INFO     | fish:train:96 - [iter:36/50][iter_time:140.96]
2023-11-13 18:15:22.985 | INFO     | fish:train:177 - [iter:36/50][code_length:16][mAP:0.76713][mAP_all:0.75875][best_mAP:0.76713]
2023-11-13 18:15:22.986 | INFO     | fish:train:178 - [iter:36/50][code_length:16][zs_mAP:0.20005][zs_mAP_all:0.09113]
2023-11-13 18:17:50.142 | INFO     | fish:train:93 - [epoch:1/1][loss:1.1218]
2023-11-13 18:17:50.142 | INFO     | fish:train:96 - [iter:37/50][iter_time:147.16]
2023-11-13 18:27:36.197 | INFO     | fish:train:177 - [iter:37/50][code_length:16][mAP:0.76877][mAP_all:0.76060][best_mAP:0.76877]
2023-11-13 18:27:36.199 | INFO     | fish:train:178 - [iter:37/50][code_length:16][zs_mAP:0.19501][zs_mAP_all:0.09073]
2023-11-13 18:30:21.292 | INFO     | fish:train:93 - [epoch:1/1][loss:1.1235]
2023-11-13 18:30:21.293 | INFO     | fish:train:96 - [iter:38/50][iter_time:165.09]
2023-11-13 18:40:06.566 | INFO     | fish:train:177 - [iter:38/50][code_length:16][mAP:0.76738][mAP_all:0.75915][best_mAP:0.76877]
2023-11-13 18:40:06.567 | INFO     | fish:train:178 - [iter:38/50][code_length:16][zs_mAP:0.19884][zs_mAP_all:0.09181]
2023-11-13 18:42:51.125 | INFO     | fish:train:93 - [epoch:1/1][loss:1.1597]
2023-11-13 18:42:51.125 | INFO     | fish:train:96 - [iter:39/50][iter_time:164.56]
2023-11-13 18:52:36.904 | INFO     | fish:train:177 - [iter:39/50][code_length:16][mAP:0.76725][mAP_all:0.75864][best_mAP:0.76877]
2023-11-13 18:52:36.904 | INFO     | fish:train:178 - [iter:39/50][code_length:16][zs_mAP:0.19537][zs_mAP_all:0.08569]
2023-11-13 18:55:00.229 | INFO     | fish:train:93 - [epoch:1/1][loss:1.1757]
2023-11-13 18:55:00.230 | INFO     | fish:train:96 - [iter:40/50][iter_time:143.32]
2023-11-13 19:04:41.968 | INFO     | fish:train:177 - [iter:40/50][code_length:16][mAP:0.76897][mAP_all:0.76124][best_mAP:0.76897]
2023-11-13 19:04:41.970 | INFO     | fish:train:178 - [iter:40/50][code_length:16][zs_mAP:0.19949][zs_mAP_all:0.09236]
2023-11-13 19:07:02.609 | INFO     | fish:train:93 - [epoch:1/1][loss:1.1598]
2023-11-13 19:07:02.610 | INFO     | fish:train:96 - [iter:41/50][iter_time:140.64]
2023-11-13 19:16:46.982 | INFO     | fish:train:177 - [iter:41/50][code_length:16][mAP:0.76817][mAP_all:0.75975][best_mAP:0.76897]
2023-11-13 19:16:46.983 | INFO     | fish:train:178 - [iter:41/50][code_length:16][zs_mAP:0.19921][zs_mAP_all:0.09326]
2023-11-13 19:19:07.174 | INFO     | fish:train:93 - [epoch:1/1][loss:1.1172]
2023-11-13 19:19:07.175 | INFO     | fish:train:96 - [iter:42/50][iter_time:140.19]
2023-11-13 19:28:50.471 | INFO     | fish:train:177 - [iter:42/50][code_length:16][mAP:0.76542][mAP_all:0.75697][best_mAP:0.76897]
2023-11-13 19:28:50.472 | INFO     | fish:train:178 - [iter:42/50][code_length:16][zs_mAP:0.19917][zs_mAP_all:0.08920]
2023-11-13 19:31:40.083 | INFO     | fish:train:93 - [epoch:1/1][loss:1.1065]
2023-11-13 19:31:40.084 | INFO     | fish:train:96 - [iter:43/50][iter_time:169.61]
2023-11-13 19:41:24.580 | INFO     | fish:train:177 - [iter:43/50][code_length:16][mAP:0.76835][mAP_all:0.76044][best_mAP:0.76897]
2023-11-13 19:41:24.581 | INFO     | fish:train:178 - [iter:43/50][code_length:16][zs_mAP:0.20598][zs_mAP_all:0.09294]
2023-11-13 19:44:02.500 | INFO     | fish:train:93 - [epoch:1/1][loss:1.1621]
2023-11-13 19:44:02.500 | INFO     | fish:train:96 - [iter:44/50][iter_time:157.92]
2023-11-13 19:53:46.244 | INFO     | fish:train:177 - [iter:44/50][code_length:16][mAP:0.76477][mAP_all:0.75748][best_mAP:0.76897]
2023-11-13 19:53:46.245 | INFO     | fish:train:178 - [iter:44/50][code_length:16][zs_mAP:0.20165][zs_mAP_all:0.09330]
2023-11-13 19:56:25.781 | INFO     | fish:train:93 - [epoch:1/1][loss:1.1146]
2023-11-13 19:56:25.782 | INFO     | fish:train:96 - [iter:45/50][iter_time:159.54]
2023-11-13 20:06:09.809 | INFO     | fish:train:177 - [iter:45/50][code_length:16][mAP:0.76878][mAP_all:0.76065][best_mAP:0.76897]
2023-11-13 20:06:09.810 | INFO     | fish:train:178 - [iter:45/50][code_length:16][zs_mAP:0.20079][zs_mAP_all:0.09384]
2023-11-13 20:08:32.889 | INFO     | fish:train:93 - [epoch:1/1][loss:1.1445]
2023-11-13 20:08:32.890 | INFO     | fish:train:96 - [iter:46/50][iter_time:143.08]
2023-11-13 20:18:28.950 | INFO     | fish:train:177 - [iter:46/50][code_length:16][mAP:0.76928][mAP_all:0.76151][best_mAP:0.76928]
2023-11-13 20:18:28.951 | INFO     | fish:train:178 - [iter:46/50][code_length:16][zs_mAP:0.20567][zs_mAP_all:0.09173]
2023-11-13 20:20:51.404 | INFO     | fish:train:93 - [epoch:1/1][loss:1.1382]
2023-11-13 20:20:51.405 | INFO     | fish:train:96 - [iter:47/50][iter_time:142.45]
2023-11-13 20:30:42.191 | INFO     | fish:train:177 - [iter:47/50][code_length:16][mAP:0.76767][mAP_all:0.75906][best_mAP:0.76928]
2023-11-13 20:30:42.192 | INFO     | fish:train:178 - [iter:47/50][code_length:16][zs_mAP:0.19832][zs_mAP_all:0.09029]
2023-11-13 20:33:10.444 | INFO     | fish:train:93 - [epoch:1/1][loss:1.1354]
2023-11-13 20:33:10.445 | INFO     | fish:train:96 - [iter:48/50][iter_time:148.25]
2023-11-13 20:42:56.383 | INFO     | fish:train:177 - [iter:48/50][code_length:16][mAP:0.77185][mAP_all:0.76439][best_mAP:0.77185]
2023-11-13 20:42:56.383 | INFO     | fish:train:178 - [iter:48/50][code_length:16][zs_mAP:0.20137][zs_mAP_all:0.09535]
2023-11-13 20:45:25.965 | INFO     | fish:train:93 - [epoch:1/1][loss:1.1430]
2023-11-13 20:45:25.965 | INFO     | fish:train:96 - [iter:49/50][iter_time:149.58]
2023-11-13 20:55:11.644 | INFO     | fish:train:177 - [iter:49/50][code_length:16][mAP:0.76730][mAP_all:0.75939][best_mAP:0.77185]
2023-11-13 20:55:11.645 | INFO     | fish:train:178 - [iter:49/50][code_length:16][zs_mAP:0.19597][zs_mAP_all:0.08840]
2023-11-13 20:57:50.581 | INFO     | fish:train:93 - [epoch:1/1][loss:1.1041]
2023-11-13 20:57:50.581 | INFO     | fish:train:96 - [iter:50/50][iter_time:158.94]
2023-11-13 21:07:35.123 | INFO     | fish:train:177 - [iter:50/50][code_length:16][mAP:0.76905][mAP_all:0.76113][best_mAP:0.77185]
2023-11-13 21:07:35.123 | INFO     | fish:train:178 - [iter:50/50][code_length:16][zs_mAP:0.19964][zs_mAP_all:0.08906]
2023-11-13 21:07:35.123 | INFO     | fish:train:183 - [Training time:21820.40]
2023-11-13 21:07:35.134 | INFO     | __main__:run:126 - [code_length:16][map:0.7719][map_all:0.7644][zs_map:0.2014][zs_map_all:0.0954]
2023-11-13 21:11:00.970 | INFO     | fish:train:93 - [epoch:1/1][loss:8.0974]
2023-11-13 21:11:00.970 | INFO     | fish:train:96 - [iter:1/50][iter_time:205.13]
2023-11-13 21:13:31.867 | INFO     | fish:train:93 - [epoch:1/1][loss:6.0219]
2023-11-13 21:13:31.868 | INFO     | fish:train:96 - [iter:2/50][iter_time:150.90]
2023-11-13 21:15:55.956 | INFO     | fish:train:93 - [epoch:1/1][loss:5.1377]
2023-11-13 21:15:55.957 | INFO     | fish:train:96 - [iter:3/50][iter_time:144.09]
2023-11-13 21:18:34.736 | INFO     | fish:train:93 - [epoch:1/1][loss:4.6259]
2023-11-13 21:18:34.736 | INFO     | fish:train:96 - [iter:4/50][iter_time:158.78]
2023-11-13 21:20:57.365 | INFO     | fish:train:93 - [epoch:1/1][loss:4.3074]
2023-11-13 21:20:57.366 | INFO     | fish:train:96 - [iter:5/50][iter_time:142.63]
2023-11-13 21:30:43.631 | INFO     | fish:train:177 - [iter:5/50][code_length:32][mAP:0.45941][mAP_all:0.43926][best_mAP:0.45941]
2023-11-13 21:30:43.632 | INFO     | fish:train:178 - [iter:5/50][code_length:32][zs_mAP:0.19298][zs_mAP_all:0.07607]
2023-11-13 21:33:38.482 | INFO     | fish:train:93 - [epoch:1/1][loss:3.0139]
2023-11-13 21:33:38.483 | INFO     | fish:train:96 - [iter:6/50][iter_time:174.85]
2023-11-13 21:35:58.837 | INFO     | fish:train:93 - [epoch:1/1][loss:2.5957]
2023-11-13 21:35:58.838 | INFO     | fish:train:96 - [iter:7/50][iter_time:140.35]
2023-11-13 21:38:35.264 | INFO     | fish:train:93 - [epoch:1/1][loss:2.3627]
2023-11-13 21:38:35.265 | INFO     | fish:train:96 - [iter:8/50][iter_time:156.43]
2023-11-13 21:40:54.892 | INFO     | fish:train:93 - [epoch:1/1][loss:2.2315]
2023-11-13 21:40:54.893 | INFO     | fish:train:96 - [iter:9/50][iter_time:139.63]
2023-11-13 21:43:15.288 | INFO     | fish:train:93 - [epoch:1/1][loss:2.1478]
2023-11-13 21:43:15.289 | INFO     | fish:train:96 - [iter:10/50][iter_time:140.40]
2023-11-13 21:53:16.222 | INFO     | fish:train:177 - [iter:10/50][code_length:32][mAP:0.72699][mAP_all:0.70842][best_mAP:0.72699]
2023-11-13 21:53:16.223 | INFO     | fish:train:178 - [iter:10/50][code_length:32][zs_mAP:0.24600][zs_mAP_all:0.10629]
2023-11-13 21:55:36.481 | INFO     | fish:train:93 - [epoch:1/1][loss:2.0489]
2023-11-13 21:55:36.482 | INFO     | fish:train:96 - [iter:11/50][iter_time:140.26]
2023-11-13 21:57:57.752 | INFO     | fish:train:93 - [epoch:1/1][loss:1.9185]
2023-11-13 21:57:57.752 | INFO     | fish:train:96 - [iter:12/50][iter_time:141.27]
2023-11-13 22:00:34.212 | INFO     | fish:train:93 - [epoch:1/1][loss:1.8426]
2023-11-13 22:00:34.213 | INFO     | fish:train:96 - [iter:13/50][iter_time:156.46]
2023-11-13 22:02:56.005 | INFO     | fish:train:93 - [epoch:1/1][loss:1.7573]
2023-11-13 22:02:56.006 | INFO     | fish:train:96 - [iter:14/50][iter_time:141.79]
2023-11-13 22:05:17.910 | INFO     | fish:train:93 - [epoch:1/1][loss:1.6832]
2023-11-13 22:05:17.911 | INFO     | fish:train:96 - [iter:15/50][iter_time:141.90]
2023-11-13 22:15:09.862 | INFO     | fish:train:177 - [iter:15/50][code_length:32][mAP:0.76388][mAP_all:0.74757][best_mAP:0.76388]
2023-11-13 22:15:09.863 | INFO     | fish:train:178 - [iter:15/50][code_length:32][zs_mAP:0.24264][zs_mAP_all:0.10594]
2023-11-13 22:17:33.187 | INFO     | fish:train:93 - [epoch:1/1][loss:1.5185]
2023-11-13 22:17:33.188 | INFO     | fish:train:96 - [iter:16/50][iter_time:143.33]
2023-11-13 22:20:11.192 | INFO     | fish:train:93 - [epoch:1/1][loss:1.4413]
2023-11-13 22:20:11.193 | INFO     | fish:train:96 - [iter:17/50][iter_time:158.00]
2023-11-13 22:22:32.991 | INFO     | fish:train:93 - [epoch:1/1][loss:1.4571]
2023-11-13 22:22:32.991 | INFO     | fish:train:96 - [iter:18/50][iter_time:141.80]
2023-11-13 22:24:54.569 | INFO     | fish:train:93 - [epoch:1/1][loss:1.4110]
2023-11-13 22:24:54.569 | INFO     | fish:train:96 - [iter:19/50][iter_time:141.58]
2023-11-13 22:27:33.741 | INFO     | fish:train:93 - [epoch:1/1][loss:1.4162]
2023-11-13 22:27:33.742 | INFO     | fish:train:96 - [iter:20/50][iter_time:159.17]
2023-11-13 22:37:45.276 | INFO     | fish:train:177 - [iter:20/50][code_length:32][mAP:0.78521][mAP_all:0.77185][best_mAP:0.78521]
2023-11-13 22:37:45.277 | INFO     | fish:train:178 - [iter:20/50][code_length:32][zs_mAP:0.25652][zs_mAP_all:0.12054]
2023-11-13 22:41:16.253 | INFO     | fish:train:93 - [epoch:1/1][loss:1.3768]
2023-11-13 22:41:16.253 | INFO     | fish:train:96 - [iter:21/50][iter_time:210.98]
2023-11-13 22:43:58.132 | INFO     | fish:train:93 - [epoch:1/1][loss:1.3585]
2023-11-13 22:43:58.133 | INFO     | fish:train:96 - [iter:22/50][iter_time:161.88]
2023-11-13 22:46:20.053 | INFO     | fish:train:93 - [epoch:1/1][loss:1.3559]
2023-11-13 22:46:20.053 | INFO     | fish:train:96 - [iter:23/50][iter_time:141.92]
2023-11-13 22:48:57.880 | INFO     | fish:train:93 - [epoch:1/1][loss:1.3563]
2023-11-13 22:48:57.881 | INFO     | fish:train:96 - [iter:24/50][iter_time:157.83]
2023-11-13 22:51:18.189 | INFO     | fish:train:93 - [epoch:1/1][loss:1.3236]
2023-11-13 22:51:18.190 | INFO     | fish:train:96 - [iter:25/50][iter_time:140.31]
2023-11-13 23:01:17.410 | INFO     | fish:train:177 - [iter:25/50][code_length:32][mAP:0.78998][mAP_all:0.77516][best_mAP:0.78998]
2023-11-13 23:01:17.411 | INFO     | fish:train:178 - [iter:25/50][code_length:32][zs_mAP:0.24825][zs_mAP_all:0.11382]
2023-11-13 23:04:35.097 | INFO     | fish:train:93 - [epoch:1/1][loss:1.3479]
2023-11-13 23:04:35.098 | INFO     | fish:train:96 - [iter:26/50][iter_time:197.69]
2023-11-13 23:07:02.002 | INFO     | fish:train:93 - [epoch:1/1][loss:1.3115]
2023-11-13 23:07:02.003 | INFO     | fish:train:96 - [iter:27/50][iter_time:146.90]
2023-11-13 23:09:33.928 | INFO     | fish:train:93 - [epoch:1/1][loss:1.3253]
2023-11-13 23:09:33.929 | INFO     | fish:train:96 - [iter:28/50][iter_time:151.93]
2023-11-13 23:12:00.020 | INFO     | fish:train:93 - [epoch:1/1][loss:1.2952]
2023-11-13 23:12:00.021 | INFO     | fish:train:96 - [iter:29/50][iter_time:146.09]
2023-11-13 23:14:20.351 | INFO     | fish:train:93 - [epoch:1/1][loss:1.2902]
2023-11-13 23:14:20.352 | INFO     | fish:train:96 - [iter:30/50][iter_time:140.33]
2023-11-13 23:24:48.767 | INFO     | fish:train:177 - [iter:30/50][code_length:32][mAP:0.79313][mAP_all:0.78038][best_mAP:0.79313]
2023-11-13 23:24:48.768 | INFO     | fish:train:178 - [iter:30/50][code_length:32][zs_mAP:0.25228][zs_mAP_all:0.11542]
2023-11-13 23:27:53.988 | INFO     | fish:train:93 - [epoch:1/1][loss:1.2314]
2023-11-13 23:27:53.989 | INFO     | fish:train:96 - [iter:31/50][iter_time:185.22]
2023-11-13 23:30:35.090 | INFO     | fish:train:93 - [epoch:1/1][loss:1.2227]
2023-11-13 23:30:35.091 | INFO     | fish:train:96 - [iter:32/50][iter_time:161.10]
2023-11-13 23:32:54.803 | INFO     | fish:train:93 - [epoch:1/1][loss:1.2728]
2023-11-13 23:32:54.804 | INFO     | fish:train:96 - [iter:33/50][iter_time:139.71]
2023-11-13 23:35:15.548 | INFO     | fish:train:93 - [epoch:1/1][loss:1.2613]
2023-11-13 23:35:15.549 | INFO     | fish:train:96 - [iter:34/50][iter_time:140.74]
2023-11-13 23:37:54.936 | INFO     | fish:train:93 - [epoch:1/1][loss:1.1955]
2023-11-13 23:37:54.936 | INFO     | fish:train:96 - [iter:35/50][iter_time:159.39]
2023-11-13 23:47:52.241 | INFO     | fish:train:177 - [iter:35/50][code_length:32][mAP:0.79490][mAP_all:0.78226][best_mAP:0.79490]
2023-11-13 23:47:52.242 | INFO     | fish:train:178 - [iter:35/50][code_length:32][zs_mAP:0.24271][zs_mAP_all:0.11385]
2023-11-13 23:51:00.611 | INFO     | fish:train:93 - [epoch:1/1][loss:1.2230]
2023-11-13 23:51:00.612 | INFO     | fish:train:96 - [iter:36/50][iter_time:188.37]
2023-11-14 00:00:51.949 | INFO     | fish:train:177 - [iter:36/50][code_length:32][mAP:0.79732][mAP_all:0.78490][best_mAP:0.79732]
2023-11-14 00:00:51.950 | INFO     | fish:train:178 - [iter:36/50][code_length:32][zs_mAP:0.25012][zs_mAP_all:0.12085]
2023-11-14 00:03:50.769 | INFO     | fish:train:93 - [epoch:1/1][loss:1.2142]
2023-11-14 00:03:50.770 | INFO     | fish:train:96 - [iter:37/50][iter_time:178.82]
2023-11-14 00:13:46.726 | INFO     | fish:train:177 - [iter:37/50][code_length:32][mAP:0.79393][mAP_all:0.78141][best_mAP:0.79732]
2023-11-14 00:13:46.727 | INFO     | fish:train:178 - [iter:37/50][code_length:32][zs_mAP:0.24906][zs_mAP_all:0.11412]
2023-11-14 00:16:09.675 | INFO     | fish:train:93 - [epoch:1/1][loss:1.1592]
2023-11-14 00:16:09.675 | INFO     | fish:train:96 - [iter:38/50][iter_time:142.95]
2023-11-14 00:26:00.248 | INFO     | fish:train:177 - [iter:38/50][code_length:32][mAP:0.79659][mAP_all:0.78326][best_mAP:0.79732]
2023-11-14 00:26:00.249 | INFO     | fish:train:178 - [iter:38/50][code_length:32][zs_mAP:0.24483][zs_mAP_all:0.11811]
2023-11-14 00:28:58.520 | INFO     | fish:train:93 - [epoch:1/1][loss:1.2006]
2023-11-14 00:28:58.520 | INFO     | fish:train:96 - [iter:39/50][iter_time:178.27]
2023-11-14 00:38:49.742 | INFO     | fish:train:177 - [iter:39/50][code_length:32][mAP:0.79492][mAP_all:0.78240][best_mAP:0.79732]
2023-11-14 00:38:49.743 | INFO     | fish:train:178 - [iter:39/50][code_length:32][zs_mAP:0.24565][zs_mAP_all:0.11795]
2023-11-14 00:41:30.326 | INFO     | fish:train:93 - [epoch:1/1][loss:1.1400]
2023-11-14 00:41:30.326 | INFO     | fish:train:96 - [iter:40/50][iter_time:160.58]
2023-11-14 00:51:20.715 | INFO     | fish:train:177 - [iter:40/50][code_length:32][mAP:0.79546][mAP_all:0.78313][best_mAP:0.79732]
2023-11-14 00:51:20.716 | INFO     | fish:train:178 - [iter:40/50][code_length:32][zs_mAP:0.24504][zs_mAP_all:0.11913]
2023-11-14 00:54:53.190 | INFO     | fish:train:93 - [epoch:1/1][loss:1.2074]
2023-11-14 00:54:53.191 | INFO     | fish:train:96 - [iter:41/50][iter_time:212.47]
2023-11-14 01:04:40.285 | INFO     | fish:train:177 - [iter:41/50][code_length:32][mAP:0.79492][mAP_all:0.78237][best_mAP:0.79732]
2023-11-14 01:04:40.285 | INFO     | fish:train:178 - [iter:41/50][code_length:32][zs_mAP:0.24523][zs_mAP_all:0.11233]
2023-11-14 01:07:01.610 | INFO     | fish:train:93 - [epoch:1/1][loss:1.1675]
2023-11-14 01:07:01.611 | INFO     | fish:train:96 - [iter:42/50][iter_time:141.33]
2023-11-14 01:16:47.227 | INFO     | fish:train:177 - [iter:42/50][code_length:32][mAP:0.79713][mAP_all:0.78469][best_mAP:0.79732]
2023-11-14 01:16:47.228 | INFO     | fish:train:178 - [iter:42/50][code_length:32][zs_mAP:0.25196][zs_mAP_all:0.11468]
2023-11-14 01:19:10.064 | INFO     | fish:train:93 - [epoch:1/1][loss:1.2034]
2023-11-14 01:19:10.065 | INFO     | fish:train:96 - [iter:43/50][iter_time:142.84]
2023-11-14 01:28:55.695 | INFO     | fish:train:177 - [iter:43/50][code_length:32][mAP:0.79667][mAP_all:0.78478][best_mAP:0.79732]
2023-11-14 01:28:55.695 | INFO     | fish:train:178 - [iter:43/50][code_length:32][zs_mAP:0.24544][zs_mAP_all:0.11240]
2023-11-14 01:31:17.152 | INFO     | fish:train:93 - [epoch:1/1][loss:1.1749]
2023-11-14 01:31:17.153 | INFO     | fish:train:96 - [iter:44/50][iter_time:141.46]
2023-11-14 01:41:08.928 | INFO     | fish:train:177 - [iter:44/50][code_length:32][mAP:0.79621][mAP_all:0.78462][best_mAP:0.79732]
2023-11-14 01:41:08.928 | INFO     | fish:train:178 - [iter:44/50][code_length:32][zs_mAP:0.24287][zs_mAP_all:0.11262]
2023-11-14 01:43:45.643 | INFO     | fish:train:93 - [epoch:1/1][loss:1.1868]
2023-11-14 01:43:45.644 | INFO     | fish:train:96 - [iter:45/50][iter_time:156.72]
2023-11-14 01:53:40.104 | INFO     | fish:train:177 - [iter:45/50][code_length:32][mAP:0.80120][mAP_all:0.78928][best_mAP:0.80120]
2023-11-14 01:53:40.105 | INFO     | fish:train:178 - [iter:45/50][code_length:32][zs_mAP:0.24967][zs_mAP_all:0.11384]
2023-11-14 01:56:14.214 | INFO     | fish:train:93 - [epoch:1/1][loss:1.2062]
2023-11-14 01:56:14.215 | INFO     | fish:train:96 - [iter:46/50][iter_time:154.11]
2023-11-14 02:06:00.720 | INFO     | fish:train:177 - [iter:46/50][code_length:32][mAP:0.79554][mAP_all:0.78286][best_mAP:0.80120]
2023-11-14 02:06:00.721 | INFO     | fish:train:178 - [iter:46/50][code_length:32][zs_mAP:0.25470][zs_mAP_all:0.11628]
2023-11-14 02:08:24.783 | INFO     | fish:train:93 - [epoch:1/1][loss:1.2108]
2023-11-14 02:08:24.783 | INFO     | fish:train:96 - [iter:47/50][iter_time:144.06]
2023-11-14 02:18:12.918 | INFO     | fish:train:177 - [iter:47/50][code_length:32][mAP:0.79634][mAP_all:0.78378][best_mAP:0.80120]
2023-11-14 02:18:12.919 | INFO     | fish:train:178 - [iter:47/50][code_length:32][zs_mAP:0.24762][zs_mAP_all:0.11228]
2023-11-14 02:20:57.523 | INFO     | fish:train:93 - [epoch:1/1][loss:1.1841]
2023-11-14 02:20:57.524 | INFO     | fish:train:96 - [iter:48/50][iter_time:164.60]
2023-11-14 02:30:41.654 | INFO     | fish:train:177 - [iter:48/50][code_length:32][mAP:0.79599][mAP_all:0.78331][best_mAP:0.80120]
2023-11-14 02:30:41.654 | INFO     | fish:train:178 - [iter:48/50][code_length:32][zs_mAP:0.24433][zs_mAP_all:0.11405]
2023-11-14 02:33:01.437 | INFO     | fish:train:93 - [epoch:1/1][loss:1.1424]
2023-11-14 02:33:01.438 | INFO     | fish:train:96 - [iter:49/50][iter_time:139.78]
2023-11-14 02:42:46.707 | INFO     | fish:train:177 - [iter:49/50][code_length:32][mAP:0.79289][mAP_all:0.78059][best_mAP:0.80120]
2023-11-14 02:42:46.708 | INFO     | fish:train:178 - [iter:49/50][code_length:32][zs_mAP:0.24220][zs_mAP_all:0.11676]
2023-11-14 02:45:09.223 | INFO     | fish:train:93 - [epoch:1/1][loss:1.1842]
2023-11-14 02:45:09.224 | INFO     | fish:train:96 - [iter:50/50][iter_time:142.52]
2023-11-14 02:54:52.129 | INFO     | fish:train:177 - [iter:50/50][code_length:32][mAP:0.79823][mAP_all:0.78620][best_mAP:0.80120]
2023-11-14 02:54:52.130 | INFO     | fish:train:178 - [iter:50/50][code_length:32][zs_mAP:0.25257][zs_mAP_all:0.12206]
2023-11-14 02:54:52.130 | INFO     | fish:train:183 - [Training time:20836.48]
2023-11-14 02:54:52.141 | INFO     | __main__:run:126 - [code_length:32][map:0.8012][map_all:0.7893][zs_map:0.2497][zs_map_all:0.1138]
2023-11-14 02:57:39.817 | INFO     | fish:train:93 - [epoch:1/1][loss:7.9063]
2023-11-14 02:57:39.818 | INFO     | fish:train:96 - [iter:1/50][iter_time:166.79]
2023-11-14 03:00:36.624 | INFO     | fish:train:93 - [epoch:1/1][loss:5.6834]
2023-11-14 03:00:36.625 | INFO     | fish:train:96 - [iter:2/50][iter_time:176.81]
2023-11-14 03:03:15.659 | INFO     | fish:train:93 - [epoch:1/1][loss:4.8924]
2023-11-14 03:03:15.659 | INFO     | fish:train:96 - [iter:3/50][iter_time:159.03]
2023-11-14 03:05:37.905 | INFO     | fish:train:93 - [epoch:1/1][loss:4.4394]
2023-11-14 03:05:37.906 | INFO     | fish:train:96 - [iter:4/50][iter_time:142.25]
2023-11-14 03:08:00.610 | INFO     | fish:train:93 - [epoch:1/1][loss:4.0758]
2023-11-14 03:08:00.611 | INFO     | fish:train:96 - [iter:5/50][iter_time:142.70]
2023-11-14 03:17:47.011 | INFO     | fish:train:177 - [iter:5/50][code_length:64][mAP:0.53813][mAP_all:0.51151][best_mAP:0.53813]
2023-11-14 03:17:47.012 | INFO     | fish:train:178 - [iter:5/50][code_length:64][zs_mAP:0.25532][zs_mAP_all:0.11756]
2023-11-14 03:20:49.902 | INFO     | fish:train:93 - [epoch:1/1][loss:2.8797]
2023-11-14 03:20:49.903 | INFO     | fish:train:96 - [iter:6/50][iter_time:182.89]
2023-11-14 03:23:19.313 | INFO     | fish:train:93 - [epoch:1/1][loss:2.4257]
2023-11-14 03:23:19.314 | INFO     | fish:train:96 - [iter:7/50][iter_time:149.41]
2023-11-14 03:25:50.569 | INFO     | fish:train:93 - [epoch:1/1][loss:2.2397]
2023-11-14 03:25:50.570 | INFO     | fish:train:96 - [iter:8/50][iter_time:151.26]
2023-11-14 03:28:11.892 | INFO     | fish:train:93 - [epoch:1/1][loss:2.0967]
2023-11-14 03:28:11.892 | INFO     | fish:train:96 - [iter:9/50][iter_time:141.32]
2023-11-14 03:30:51.203 | INFO     | fish:train:93 - [epoch:1/1][loss:2.0175]
2023-11-14 03:30:51.204 | INFO     | fish:train:96 - [iter:10/50][iter_time:159.31]
2023-11-14 03:40:39.436 | INFO     | fish:train:177 - [iter:10/50][code_length:64][mAP:0.76755][mAP_all:0.74655][best_mAP:0.76755]
2023-11-14 03:40:39.438 | INFO     | fish:train:178 - [iter:10/50][code_length:64][zs_mAP:0.29000][zs_mAP_all:0.14213]
2023-11-14 03:43:00.521 | INFO     | fish:train:93 - [epoch:1/1][loss:1.8800]
2023-11-14 03:43:00.522 | INFO     | fish:train:96 - [iter:11/50][iter_time:141.08]
2023-11-14 03:45:42.032 | INFO     | fish:train:93 - [epoch:1/1][loss:1.8870]
2023-11-14 03:45:42.033 | INFO     | fish:train:96 - [iter:12/50][iter_time:161.51]
2023-11-14 03:48:03.436 | INFO     | fish:train:93 - [epoch:1/1][loss:1.7436]
2023-11-14 03:48:03.437 | INFO     | fish:train:96 - [iter:13/50][iter_time:141.40]
2023-11-14 03:50:29.285 | INFO     | fish:train:93 - [epoch:1/1][loss:1.6758]
2023-11-14 03:50:29.285 | INFO     | fish:train:96 - [iter:14/50][iter_time:145.85]
2023-11-14 03:53:00.822 | INFO     | fish:train:93 - [epoch:1/1][loss:1.6377]
2023-11-14 03:53:00.823 | INFO     | fish:train:96 - [iter:15/50][iter_time:151.54]
2023-11-14 04:02:54.071 | INFO     | fish:train:177 - [iter:15/50][code_length:64][mAP:0.79260][mAP_all:0.77412][best_mAP:0.79260]
2023-11-14 04:02:54.072 | INFO     | fish:train:178 - [iter:15/50][code_length:64][zs_mAP:0.29621][zs_mAP_all:0.14827]
2023-11-14 04:05:33.815 | INFO     | fish:train:93 - [epoch:1/1][loss:1.5089]
2023-11-14 04:05:33.816 | INFO     | fish:train:96 - [iter:16/50][iter_time:159.74]
2023-11-14 04:07:54.075 | INFO     | fish:train:93 - [epoch:1/1][loss:1.4102]
2023-11-14 04:07:54.076 | INFO     | fish:train:96 - [iter:17/50][iter_time:140.26]
2023-11-14 04:10:15.859 | INFO     | fish:train:93 - [epoch:1/1][loss:1.3770]
2023-11-14 04:10:15.860 | INFO     | fish:train:96 - [iter:18/50][iter_time:141.78]
2023-11-14 04:12:53.818 | INFO     | fish:train:93 - [epoch:1/1][loss:1.3929]
2023-11-14 04:12:53.818 | INFO     | fish:train:96 - [iter:19/50][iter_time:157.96]
2023-11-14 04:15:14.199 | INFO     | fish:train:93 - [epoch:1/1][loss:1.3506]
2023-11-14 04:15:14.200 | INFO     | fish:train:96 - [iter:20/50][iter_time:140.38]
2023-11-14 04:25:09.639 | INFO     | fish:train:177 - [iter:20/50][code_length:64][mAP:0.81027][mAP_all:0.79426][best_mAP:0.81027]
2023-11-14 04:25:09.640 | INFO     | fish:train:178 - [iter:20/50][code_length:64][zs_mAP:0.28330][zs_mAP_all:0.14617]
2023-11-14 04:27:31.744 | INFO     | fish:train:93 - [epoch:1/1][loss:1.3393]
2023-11-14 04:27:31.745 | INFO     | fish:train:96 - [iter:21/50][iter_time:142.10]
2023-11-14 04:29:54.148 | INFO     | fish:train:93 - [epoch:1/1][loss:1.2682]
2023-11-14 04:29:54.149 | INFO     | fish:train:96 - [iter:22/50][iter_time:142.40]
2023-11-14 04:32:32.885 | INFO     | fish:train:93 - [epoch:1/1][loss:1.3223]
2023-11-14 04:32:32.885 | INFO     | fish:train:96 - [iter:23/50][iter_time:158.74]
2023-11-14 04:34:52.648 | INFO     | fish:train:93 - [epoch:1/1][loss:1.2758]
2023-11-14 04:34:52.648 | INFO     | fish:train:96 - [iter:24/50][iter_time:139.76]
2023-11-14 04:37:13.137 | INFO     | fish:train:93 - [epoch:1/1][loss:1.2753]
2023-11-14 04:37:13.138 | INFO     | fish:train:96 - [iter:25/50][iter_time:140.49]
2023-11-14 04:47:05.112 | INFO     | fish:train:177 - [iter:25/50][code_length:64][mAP:0.81933][mAP_all:0.80476][best_mAP:0.81933]
2023-11-14 04:47:05.113 | INFO     | fish:train:178 - [iter:25/50][code_length:64][zs_mAP:0.29088][zs_mAP_all:0.15125]
2023-11-14 04:49:26.737 | INFO     | fish:train:93 - [epoch:1/1][loss:1.2947]
2023-11-14 04:49:26.738 | INFO     | fish:train:96 - [iter:26/50][iter_time:141.62]
2023-11-14 04:51:54.860 | INFO     | fish:train:93 - [epoch:1/1][loss:1.2529]
2023-11-14 04:51:54.861 | INFO     | fish:train:96 - [iter:27/50][iter_time:148.12]
2023-11-14 04:54:27.190 | INFO     | fish:train:93 - [epoch:1/1][loss:1.2465]
2023-11-14 04:54:27.191 | INFO     | fish:train:96 - [iter:28/50][iter_time:152.33]
2023-11-14 04:56:47.467 | INFO     | fish:train:93 - [epoch:1/1][loss:1.2336]
2023-11-14 04:56:47.467 | INFO     | fish:train:96 - [iter:29/50][iter_time:140.28]
2023-11-14 04:59:42.873 | INFO     | fish:train:93 - [epoch:1/1][loss:1.2297]
2023-11-14 04:59:42.874 | INFO     | fish:train:96 - [iter:30/50][iter_time:175.41]
2023-11-14 05:09:36.406 | INFO     | fish:train:177 - [iter:30/50][code_length:64][mAP:0.81581][mAP_all:0.80047][best_mAP:0.81933]
2023-11-14 05:09:36.406 | INFO     | fish:train:178 - [iter:30/50][code_length:64][zs_mAP:0.28666][zs_mAP_all:0.14915]
2023-11-14 05:11:59.012 | INFO     | fish:train:93 - [epoch:1/1][loss:1.2000]
2023-11-14 05:11:59.013 | INFO     | fish:train:96 - [iter:31/50][iter_time:142.61]
2023-11-14 05:14:37.496 | INFO     | fish:train:93 - [epoch:1/1][loss:1.1979]
2023-11-14 05:14:37.497 | INFO     | fish:train:96 - [iter:32/50][iter_time:158.48]
2023-11-14 05:16:58.572 | INFO     | fish:train:93 - [epoch:1/1][loss:1.1861]
2023-11-14 05:16:58.573 | INFO     | fish:train:96 - [iter:33/50][iter_time:141.08]
2023-11-14 05:19:39.021 | INFO     | fish:train:93 - [epoch:1/1][loss:1.2126]
2023-11-14 05:19:39.022 | INFO     | fish:train:96 - [iter:34/50][iter_time:160.45]
2023-11-14 05:22:49.526 | INFO     | fish:train:93 - [epoch:1/1][loss:1.2154]
2023-11-14 05:22:49.526 | INFO     | fish:train:96 - [iter:35/50][iter_time:190.50]
2023-11-14 05:32:55.585 | INFO     | fish:train:177 - [iter:35/50][code_length:64][mAP:0.82279][mAP_all:0.80957][best_mAP:0.82279]
2023-11-14 05:32:55.587 | INFO     | fish:train:178 - [iter:35/50][code_length:64][zs_mAP:0.28839][zs_mAP_all:0.14853]
2023-11-14 05:35:32.490 | INFO     | fish:train:93 - [epoch:1/1][loss:1.1716]
2023-11-14 05:35:32.490 | INFO     | fish:train:96 - [iter:36/50][iter_time:156.90]
2023-11-14 05:45:35.646 | INFO     | fish:train:177 - [iter:36/50][code_length:64][mAP:0.82051][mAP_all:0.80675][best_mAP:0.82279]
2023-11-14 05:45:35.647 | INFO     | fish:train:178 - [iter:36/50][code_length:64][zs_mAP:0.28846][zs_mAP_all:0.14953]
2023-11-14 05:49:06.702 | INFO     | fish:train:93 - [epoch:1/1][loss:1.1455]
2023-11-14 05:49:06.702 | INFO     | fish:train:96 - [iter:37/50][iter_time:211.06]
2023-11-14 05:59:00.903 | INFO     | fish:train:177 - [iter:37/50][code_length:64][mAP:0.81895][mAP_all:0.80561][best_mAP:0.82279]
2023-11-14 05:59:00.903 | INFO     | fish:train:178 - [iter:37/50][code_length:64][zs_mAP:0.28964][zs_mAP_all:0.14940]
2023-11-14 06:01:21.352 | INFO     | fish:train:93 - [epoch:1/1][loss:1.1566]
2023-11-14 06:01:21.353 | INFO     | fish:train:96 - [iter:38/50][iter_time:140.45]
2023-11-14 06:11:16.032 | INFO     | fish:train:177 - [iter:38/50][code_length:64][mAP:0.82343][mAP_all:0.81039][best_mAP:0.82343]
2023-11-14 06:11:16.033 | INFO     | fish:train:178 - [iter:38/50][code_length:64][zs_mAP:0.28956][zs_mAP_all:0.13994]
2023-11-14 06:14:17.547 | INFO     | fish:train:93 - [epoch:1/1][loss:1.2142]
2023-11-14 06:14:17.548 | INFO     | fish:train:96 - [iter:39/50][iter_time:181.51]
2023-11-14 06:24:06.466 | INFO     | fish:train:177 - [iter:39/50][code_length:64][mAP:0.82448][mAP_all:0.81054][best_mAP:0.82448]
2023-11-14 06:24:06.467 | INFO     | fish:train:178 - [iter:39/50][code_length:64][zs_mAP:0.29272][zs_mAP_all:0.15272]
2023-11-14 06:26:50.615 | INFO     | fish:train:93 - [epoch:1/1][loss:1.1769]
2023-11-14 06:26:50.616 | INFO     | fish:train:96 - [iter:40/50][iter_time:164.15]
2023-11-14 06:36:46.067 | INFO     | fish:train:177 - [iter:40/50][code_length:64][mAP:0.82302][mAP_all:0.80972][best_mAP:0.82448]
2023-11-14 06:36:46.067 | INFO     | fish:train:178 - [iter:40/50][code_length:64][zs_mAP:0.28949][zs_mAP_all:0.14559]
2023-11-14 06:39:11.980 | INFO     | fish:train:93 - [epoch:1/1][loss:1.1389]
2023-11-14 06:39:11.980 | INFO     | fish:train:96 - [iter:41/50][iter_time:145.91]
2023-11-14 06:49:01.768 | INFO     | fish:train:177 - [iter:41/50][code_length:64][mAP:0.82270][mAP_all:0.80841][best_mAP:0.82448]
2023-11-14 06:49:01.769 | INFO     | fish:train:178 - [iter:41/50][code_length:64][zs_mAP:0.28914][zs_mAP_all:0.15130]
2023-11-14 06:52:24.773 | INFO     | fish:train:93 - [epoch:1/1][loss:1.1113]
2023-11-14 06:52:24.774 | INFO     | fish:train:96 - [iter:42/50][iter_time:203.00]
2023-11-14 07:02:44.626 | INFO     | fish:train:177 - [iter:42/50][code_length:64][mAP:0.82303][mAP_all:0.80908][best_mAP:0.82448]
2023-11-14 07:02:44.626 | INFO     | fish:train:178 - [iter:42/50][code_length:64][zs_mAP:0.28323][zs_mAP_all:0.14832]
2023-11-14 07:05:25.787 | INFO     | fish:train:93 - [epoch:1/1][loss:1.1342]
2023-11-14 07:05:25.787 | INFO     | fish:train:96 - [iter:43/50][iter_time:161.16]
2023-11-14 07:15:19.236 | INFO     | fish:train:177 - [iter:43/50][code_length:64][mAP:0.82174][mAP_all:0.80856][best_mAP:0.82448]
2023-11-14 07:15:19.236 | INFO     | fish:train:178 - [iter:43/50][code_length:64][zs_mAP:0.28629][zs_mAP_all:0.15000]
2023-11-14 07:18:48.333 | INFO     | fish:train:93 - [epoch:1/1][loss:1.1642]
2023-11-14 07:18:48.334 | INFO     | fish:train:96 - [iter:44/50][iter_time:209.10]
2023-11-14 07:28:42.448 | INFO     | fish:train:177 - [iter:44/50][code_length:64][mAP:0.81967][mAP_all:0.80495][best_mAP:0.82448]
2023-11-14 07:28:42.449 | INFO     | fish:train:178 - [iter:44/50][code_length:64][zs_mAP:0.28185][zs_mAP_all:0.14342]
2023-11-14 07:31:02.947 | INFO     | fish:train:93 - [epoch:1/1][loss:1.1656]
2023-11-14 07:31:02.948 | INFO     | fish:train:96 - [iter:45/50][iter_time:140.50]
2023-11-14 07:40:58.585 | INFO     | fish:train:177 - [iter:45/50][code_length:64][mAP:0.82219][mAP_all:0.80890][best_mAP:0.82448]
2023-11-14 07:40:58.586 | INFO     | fish:train:178 - [iter:45/50][code_length:64][zs_mAP:0.28723][zs_mAP_all:0.15111]
2023-11-14 07:44:07.167 | INFO     | fish:train:93 - [epoch:1/1][loss:1.2129]
2023-11-14 07:44:07.168 | INFO     | fish:train:96 - [iter:46/50][iter_time:188.58]
2023-11-14 07:53:38.168 | INFO     | fish:train:177 - [iter:46/50][code_length:64][mAP:0.82270][mAP_all:0.80948][best_mAP:0.82448]
2023-11-14 07:53:38.169 | INFO     | fish:train:178 - [iter:46/50][code_length:64][zs_mAP:0.29007][zs_mAP_all:0.14677]
2023-11-14 07:56:03.054 | INFO     | fish:train:93 - [epoch:1/1][loss:1.1754]
2023-11-14 07:56:03.054 | INFO     | fish:train:96 - [iter:47/50][iter_time:144.89]
2023-11-14 08:05:40.655 | INFO     | fish:train:177 - [iter:47/50][code_length:64][mAP:0.81990][mAP_all:0.80623][best_mAP:0.82448]
2023-11-14 08:05:40.655 | INFO     | fish:train:178 - [iter:47/50][code_length:64][zs_mAP:0.28905][zs_mAP_all:0.14807]
2023-11-14 08:07:58.981 | INFO     | fish:train:93 - [epoch:1/1][loss:1.1237]
2023-11-14 08:07:58.981 | INFO     | fish:train:96 - [iter:48/50][iter_time:138.33]
2023-11-14 08:17:23.241 | INFO     | fish:train:177 - [iter:48/50][code_length:64][mAP:0.81893][mAP_all:0.80535][best_mAP:0.82448]
2023-11-14 08:17:23.242 | INFO     | fish:train:178 - [iter:48/50][code_length:64][zs_mAP:0.28965][zs_mAP_all:0.14513]
2023-11-14 08:19:41.443 | INFO     | fish:train:93 - [epoch:1/1][loss:1.1765]
2023-11-14 08:19:41.444 | INFO     | fish:train:96 - [iter:49/50][iter_time:138.20]
2023-11-14 08:29:06.417 | INFO     | fish:train:177 - [iter:49/50][code_length:64][mAP:0.82212][mAP_all:0.80808][best_mAP:0.82448]
2023-11-14 08:29:06.418 | INFO     | fish:train:178 - [iter:49/50][code_length:64][zs_mAP:0.28594][zs_mAP_all:0.14267]
2023-11-14 08:31:22.980 | INFO     | fish:train:93 - [epoch:1/1][loss:1.1538]
2023-11-14 08:31:22.981 | INFO     | fish:train:96 - [iter:50/50][iter_time:136.56]
2023-11-14 08:40:51.483 | INFO     | fish:train:177 - [iter:50/50][code_length:64][mAP:0.82710][mAP_all:0.81331][best_mAP:0.82710]
2023-11-14 08:40:51.484 | INFO     | fish:train:178 - [iter:50/50][code_length:64][zs_mAP:0.28575][zs_mAP_all:0.15214]
2023-11-14 08:40:51.484 | INFO     | fish:train:183 - [Training time:20758.84]
2023-11-14 08:40:51.494 | INFO     | __main__:run:126 - [code_length:64][map:0.8271][map_all:0.8133][zs_map:0.2858][zs_map_all:0.1521]
