2023-11-12 19:53:43.995 | SUCCESS  | __main__:run:50 - Namespace(align_step=50, arch='psldh', batch_size=16, cauchy_gamma=20.0, code_length=[16, 32, 64], dataset='imagenetzs', device=device(type='cuda', index=2), epoch_change=11, gamma=200, gpu=2, info='imagenetzs-25-75-psldh-11-12-16,32,64', lambd=0.1, lambd_ch=0.1, lambd_sp=0.1, lr=0.001, lr_step=[45], margin=0.1, max_epoch=1, max_iter=50, momen=0.9, nesterov=False, net='ResNet50', num_classes=75, num_query=1000, num_samples=9750, num_workers=2, num_zs=25, optim='SGD', pretrain=True, quan_loss=False, root='/2T/dataset/ImageNet/ILSVRC', save_ckpt='checkpoints/', topk=1000, val_freq=5, wd=0.0001)
2023-11-12 19:58:31.770 | INFO     | psldh:train:161 - [epoch:1/1][loss:3.998245][loss_e:3.959188][loss_r:3.905633]
2023-11-12 19:58:31.771 | INFO     | psldh:train:166 - [iter:1/50][iter_time:264.14]
2023-11-12 20:03:00.719 | INFO     | psldh:train:161 - [epoch:1/1][loss:3.298950][loss_e:3.281172][loss_r:1.777805]
2023-11-12 20:03:00.719 | INFO     | psldh:train:166 - [iter:2/50][iter_time:268.95]
2023-11-12 20:07:39.741 | INFO     | psldh:train:161 - [epoch:1/1][loss:3.105886][loss_e:3.092909][loss_r:1.297728]
2023-11-12 20:07:39.742 | INFO     | psldh:train:166 - [iter:3/50][iter_time:279.02]
2023-11-12 20:11:09.378 | INFO     | psldh:train:161 - [epoch:1/1][loss:2.994319][loss_e:2.983820][loss_r:1.049900]
2023-11-12 20:11:09.379 | INFO     | psldh:train:166 - [iter:4/50][iter_time:209.64]
2023-11-12 20:13:10.396 | INFO     | psldh:train:161 - [epoch:1/1][loss:2.939568][loss_e:2.930328][loss_r:0.924052]
2023-11-12 20:13:10.397 | INFO     | psldh:train:166 - [iter:5/50][iter_time:121.02]
2023-11-12 20:23:09.809 | INFO     | psldh:train:236 - [iter:5/50][code_length:16][mAP:0.83477][mAP_all:0.82754][best_mAP:0.83477]
2023-11-12 20:23:09.810 | INFO     | psldh:train:237 - [iter:5/50][code_length:16][zs_mAP:0.30062][zs_mAP_all:0.18218]
2023-11-12 20:27:01.222 | INFO     | psldh:train:161 - [epoch:1/1][loss:2.909160][loss_e:2.900675][loss_r:0.848494]
2023-11-12 20:27:01.223 | INFO     | psldh:train:166 - [iter:6/50][iter_time:231.41]
2023-11-12 20:31:18.013 | INFO     | psldh:train:161 - [epoch:1/1][loss:2.874463][loss_e:2.866690][loss_r:0.777230]
2023-11-12 20:31:18.013 | INFO     | psldh:train:166 - [iter:7/50][iter_time:256.79]
2023-11-12 20:35:13.278 | INFO     | psldh:train:161 - [epoch:1/1][loss:2.829691][loss_e:2.822358][loss_r:0.733273]
2023-11-12 20:35:13.279 | INFO     | psldh:train:166 - [iter:8/50][iter_time:235.27]
2023-11-12 20:38:23.563 | INFO     | psldh:train:161 - [epoch:1/1][loss:2.814990][loss_e:2.808028][loss_r:0.696233]
2023-11-12 20:38:23.563 | INFO     | psldh:train:166 - [iter:9/50][iter_time:190.28]
2023-11-12 20:40:34.399 | INFO     | psldh:train:161 - [epoch:1/1][loss:2.804340][loss_e:2.797577][loss_r:0.676256]
2023-11-12 20:40:34.400 | INFO     | psldh:train:166 - [iter:10/50][iter_time:130.84]
2023-11-12 20:50:29.325 | INFO     | psldh:train:236 - [iter:10/50][code_length:16][mAP:0.82675][mAP_all:0.82060][best_mAP:0.83477]
2023-11-12 20:50:29.326 | INFO     | psldh:train:237 - [iter:10/50][code_length:16][zs_mAP:0.26473][zs_mAP_all:0.14627]
2023-11-12 20:54:20.854 | INFO     | psldh:train:161 - [epoch:1/1][loss:2.794028][loss_e:2.787625][loss_r:0.640396]
2023-11-12 20:54:20.855 | INFO     | psldh:train:166 - [iter:11/50][iter_time:231.53]
2023-11-12 20:58:15.693 | INFO     | psldh:train:161 - [epoch:1/1][loss:2.763035][loss_e:2.756858][loss_r:0.617738]
2023-11-12 20:58:15.694 | INFO     | psldh:train:166 - [iter:12/50][iter_time:234.84]
2023-11-12 21:02:11.746 | INFO     | psldh:train:161 - [epoch:1/1][loss:2.749796][loss_e:2.743844][loss_r:0.595165]
2023-11-12 21:02:11.747 | INFO     | psldh:train:166 - [iter:13/50][iter_time:236.05]
2023-11-12 21:05:04.208 | INFO     | psldh:train:161 - [epoch:1/1][loss:2.739428][loss_e:2.733564][loss_r:0.586355]
2023-11-12 21:05:04.209 | INFO     | psldh:train:166 - [iter:14/50][iter_time:172.46]
2023-11-12 21:07:34.432 | INFO     | psldh:train:161 - [epoch:1/1][loss:2.733396][loss_e:2.727665][loss_r:0.573051]
2023-11-12 21:07:34.433 | INFO     | psldh:train:166 - [iter:15/50][iter_time:150.22]
2023-11-12 21:17:41.770 | INFO     | psldh:train:236 - [iter:15/50][code_length:16][mAP:0.83191][mAP_all:0.82574][best_mAP:0.83477]
2023-11-12 21:17:41.770 | INFO     | psldh:train:237 - [iter:15/50][code_length:16][zs_mAP:0.25125][zs_mAP_all:0.12991]
2023-11-12 21:21:50.998 | INFO     | psldh:train:161 - [epoch:1/1][loss:2.715594][loss_e:2.710201][loss_r:0.539308]
2023-11-12 21:21:50.998 | INFO     | psldh:train:166 - [iter:16/50][iter_time:249.23]
2023-11-12 21:25:46.271 | INFO     | psldh:train:161 - [epoch:1/1][loss:2.708916][loss_e:2.703555][loss_r:0.536097]
2023-11-12 21:25:46.272 | INFO     | psldh:train:166 - [iter:17/50][iter_time:235.27]
2023-11-12 21:29:12.247 | INFO     | psldh:train:161 - [epoch:1/1][loss:2.688573][loss_e:2.683537][loss_r:0.503579]
2023-11-12 21:29:12.248 | INFO     | psldh:train:166 - [iter:18/50][iter_time:205.98]
2023-11-12 21:31:47.457 | INFO     | psldh:train:161 - [epoch:1/1][loss:2.702182][loss_e:2.697164][loss_r:0.501822]
2023-11-12 21:31:47.458 | INFO     | psldh:train:166 - [iter:19/50][iter_time:155.21]
2023-11-12 21:34:17.226 | INFO     | psldh:train:161 - [epoch:1/1][loss:2.683476][loss_e:2.678456][loss_r:0.502005]
2023-11-12 21:34:17.227 | INFO     | psldh:train:166 - [iter:20/50][iter_time:149.77]
2023-11-12 21:44:03.100 | INFO     | psldh:train:236 - [iter:20/50][code_length:16][mAP:0.82148][mAP_all:0.81613][best_mAP:0.83477]
2023-11-12 21:44:03.100 | INFO     | psldh:train:237 - [iter:20/50][code_length:16][zs_mAP:0.24111][zs_mAP_all:0.11168]
2023-11-12 21:48:00.057 | INFO     | psldh:train:161 - [epoch:1/1][loss:2.686767][loss_e:2.681770][loss_r:0.499668]
2023-11-12 21:48:00.058 | INFO     | psldh:train:166 - [iter:21/50][iter_time:236.96]
2023-11-12 21:52:22.928 | INFO     | psldh:train:161 - [epoch:1/1][loss:2.678643][loss_e:2.673811][loss_r:0.483198]
2023-11-12 21:52:22.928 | INFO     | psldh:train:166 - [iter:22/50][iter_time:262.87]
2023-11-12 21:54:56.882 | INFO     | psldh:train:161 - [epoch:1/1][loss:2.685281][loss_e:2.680376][loss_r:0.490538]
2023-11-12 21:54:56.883 | INFO     | psldh:train:166 - [iter:23/50][iter_time:153.95]
2023-11-12 21:57:35.193 | INFO     | psldh:train:161 - [epoch:1/1][loss:2.662989][loss_e:2.658293][loss_r:0.469614]
2023-11-12 21:57:35.194 | INFO     | psldh:train:166 - [iter:24/50][iter_time:158.31]
2023-11-12 22:00:06.649 | INFO     | psldh:train:161 - [epoch:1/1][loss:2.647776][loss_e:2.643296][loss_r:0.448048]
2023-11-12 22:00:06.650 | INFO     | psldh:train:166 - [iter:25/50][iter_time:151.46]
2023-11-12 22:09:57.507 | INFO     | psldh:train:236 - [iter:25/50][code_length:16][mAP:0.81841][mAP_all:0.81356][best_mAP:0.83477]
2023-11-12 22:09:57.507 | INFO     | psldh:train:237 - [iter:25/50][code_length:16][zs_mAP:0.24649][zs_mAP_all:0.10788]
2023-11-12 22:13:46.832 | INFO     | psldh:train:161 - [epoch:1/1][loss:2.651742][loss_e:2.647207][loss_r:0.453498]
2023-11-12 22:13:46.833 | INFO     | psldh:train:166 - [iter:26/50][iter_time:229.33]
2023-11-12 22:16:57.916 | INFO     | psldh:train:161 - [epoch:1/1][loss:2.650790][loss_e:2.646384][loss_r:0.440564]
2023-11-12 22:16:57.917 | INFO     | psldh:train:166 - [iter:27/50][iter_time:191.08]
2023-11-12 22:19:34.952 | INFO     | psldh:train:161 - [epoch:1/1][loss:2.664945][loss_e:2.660403][loss_r:0.454140]
2023-11-12 22:19:34.953 | INFO     | psldh:train:166 - [iter:28/50][iter_time:157.04]
2023-11-12 22:22:11.442 | INFO     | psldh:train:161 - [epoch:1/1][loss:2.651613][loss_e:2.647184][loss_r:0.442896]
2023-11-12 22:22:11.443 | INFO     | psldh:train:166 - [iter:29/50][iter_time:156.49]
2023-11-12 22:24:55.129 | INFO     | psldh:train:161 - [epoch:1/1][loss:2.654843][loss_e:2.650423][loss_r:0.442033]
2023-11-12 22:24:55.130 | INFO     | psldh:train:166 - [iter:30/50][iter_time:163.69]
2023-11-12 22:34:48.988 | INFO     | psldh:train:236 - [iter:30/50][code_length:16][mAP:0.81697][mAP_all:0.81145][best_mAP:0.83477]
2023-11-12 22:34:48.988 | INFO     | psldh:train:237 - [iter:30/50][code_length:16][zs_mAP:0.24506][zs_mAP_all:0.10851]
2023-11-12 22:37:57.007 | INFO     | psldh:train:161 - [epoch:1/1][loss:2.640785][loss_e:2.636372][loss_r:0.441254]
2023-11-12 22:37:57.008 | INFO     | psldh:train:166 - [iter:31/50][iter_time:188.02]
2023-11-12 22:40:32.491 | INFO     | psldh:train:161 - [epoch:1/1][loss:2.625042][loss_e:2.620925][loss_r:0.411714]
2023-11-12 22:40:32.492 | INFO     | psldh:train:166 - [iter:32/50][iter_time:155.48]
2023-11-12 22:43:09.620 | INFO     | psldh:train:161 - [epoch:1/1][loss:2.634059][loss_e:2.629812][loss_r:0.424728]
2023-11-12 22:43:09.621 | INFO     | psldh:train:166 - [iter:33/50][iter_time:157.13]
2023-11-12 22:45:45.453 | INFO     | psldh:train:161 - [epoch:1/1][loss:2.634007][loss_e:2.629666][loss_r:0.434139]
2023-11-12 22:45:45.454 | INFO     | psldh:train:166 - [iter:34/50][iter_time:155.83]
2023-11-12 22:48:50.162 | INFO     | psldh:train:161 - [epoch:1/1][loss:2.625033][loss_e:2.620828][loss_r:0.420421]
2023-11-12 22:48:50.162 | INFO     | psldh:train:166 - [iter:35/50][iter_time:184.71]
2023-11-12 22:58:45.578 | INFO     | psldh:train:236 - [iter:35/50][code_length:16][mAP:0.81026][mAP_all:0.80622][best_mAP:0.83477]
2023-11-12 22:58:45.579 | INFO     | psldh:train:237 - [iter:35/50][code_length:16][zs_mAP:0.23705][zs_mAP_all:0.10878]
2023-11-12 23:02:03.260 | INFO     | psldh:train:161 - [epoch:1/1][loss:2.632408][loss_e:2.628377][loss_r:0.403078]
2023-11-12 23:02:03.261 | INFO     | psldh:train:166 - [iter:36/50][iter_time:197.68]
2023-11-12 23:11:43.165 | INFO     | psldh:train:236 - [iter:36/50][code_length:16][mAP:0.80062][mAP_all:0.79602][best_mAP:0.83477]
2023-11-12 23:11:43.166 | INFO     | psldh:train:237 - [iter:36/50][code_length:16][zs_mAP:0.22620][zs_mAP_all:0.10612]
2023-11-12 23:15:11.165 | INFO     | psldh:train:161 - [epoch:1/1][loss:2.615524][loss_e:2.611518][loss_r:0.400586]
2023-11-12 23:15:11.165 | INFO     | psldh:train:166 - [iter:37/50][iter_time:208.00]
2023-11-12 23:25:06.990 | INFO     | psldh:train:236 - [iter:37/50][code_length:16][mAP:0.80592][mAP_all:0.80190][best_mAP:0.83477]
2023-11-12 23:25:06.991 | INFO     | psldh:train:237 - [iter:37/50][code_length:16][zs_mAP:0.23544][zs_mAP_all:0.10567]
2023-11-12 23:28:40.780 | INFO     | psldh:train:161 - [epoch:1/1][loss:2.597764][loss_e:2.593911][loss_r:0.385275]
2023-11-12 23:28:40.781 | INFO     | psldh:train:166 - [iter:38/50][iter_time:213.79]
2023-11-12 23:38:27.185 | INFO     | psldh:train:236 - [iter:38/50][code_length:16][mAP:0.81191][mAP_all:0.80833][best_mAP:0.83477]
2023-11-12 23:38:27.185 | INFO     | psldh:train:237 - [iter:38/50][code_length:16][zs_mAP:0.21934][zs_mAP_all:0.09443]
2023-11-12 23:42:01.051 | INFO     | psldh:train:161 - [epoch:1/1][loss:2.629276][loss_e:2.625325][loss_r:0.395087]
2023-11-12 23:42:01.053 | INFO     | psldh:train:166 - [iter:39/50][iter_time:213.87]
2023-11-12 23:51:39.709 | INFO     | psldh:train:236 - [iter:39/50][code_length:16][mAP:0.80208][mAP_all:0.79739][best_mAP:0.83477]
2023-11-12 23:51:39.709 | INFO     | psldh:train:237 - [iter:39/50][code_length:16][zs_mAP:0.22136][zs_mAP_all:0.09700]
2023-11-12 23:55:21.438 | INFO     | psldh:train:161 - [epoch:1/1][loss:2.594426][loss_e:2.590644][loss_r:0.378231]
2023-11-12 23:55:21.439 | INFO     | psldh:train:166 - [iter:40/50][iter_time:221.73]
2023-11-13 00:05:03.579 | INFO     | psldh:train:236 - [iter:40/50][code_length:16][mAP:0.80503][mAP_all:0.80096][best_mAP:0.83477]
2023-11-13 00:05:03.580 | INFO     | psldh:train:237 - [iter:40/50][code_length:16][zs_mAP:0.22864][zs_mAP_all:0.09650]
2023-11-13 00:08:41.264 | INFO     | psldh:train:161 - [epoch:1/1][loss:2.617980][loss_e:2.614145][loss_r:0.383496]
2023-11-13 00:08:41.265 | INFO     | psldh:train:166 - [iter:41/50][iter_time:217.68]
2023-11-13 00:18:29.652 | INFO     | psldh:train:236 - [iter:41/50][code_length:16][mAP:0.80745][mAP_all:0.80306][best_mAP:0.83477]
2023-11-13 00:18:29.652 | INFO     | psldh:train:237 - [iter:41/50][code_length:16][zs_mAP:0.20945][zs_mAP_all:0.08742]
2023-11-13 00:22:12.636 | INFO     | psldh:train:161 - [epoch:1/1][loss:2.613986][loss_e:2.610083][loss_r:0.390326]
2023-11-13 00:22:12.637 | INFO     | psldh:train:166 - [iter:42/50][iter_time:222.98]
2023-11-13 00:32:00.576 | INFO     | psldh:train:236 - [iter:42/50][code_length:16][mAP:0.80234][mAP_all:0.79787][best_mAP:0.83477]
2023-11-13 00:32:00.576 | INFO     | psldh:train:237 - [iter:42/50][code_length:16][zs_mAP:0.22452][zs_mAP_all:0.09964]
2023-11-13 00:35:39.839 | INFO     | psldh:train:161 - [epoch:1/1][loss:2.597575][loss_e:2.593957][loss_r:0.361793]
2023-11-13 00:35:39.840 | INFO     | psldh:train:166 - [iter:43/50][iter_time:219.26]
2023-11-13 00:45:23.509 | INFO     | psldh:train:236 - [iter:43/50][code_length:16][mAP:0.80692][mAP_all:0.80207][best_mAP:0.83477]
2023-11-13 00:45:23.509 | INFO     | psldh:train:237 - [iter:43/50][code_length:16][zs_mAP:0.21151][zs_mAP_all:0.08987]
2023-11-13 00:49:03.254 | INFO     | psldh:train:161 - [epoch:1/1][loss:2.608930][loss_e:2.604992][loss_r:0.393785]
2023-11-13 00:49:03.254 | INFO     | psldh:train:166 - [iter:44/50][iter_time:219.74]
2023-11-13 00:58:43.595 | INFO     | psldh:train:236 - [iter:44/50][code_length:16][mAP:0.80817][mAP_all:0.80425][best_mAP:0.83477]
2023-11-13 00:58:43.596 | INFO     | psldh:train:237 - [iter:44/50][code_length:16][zs_mAP:0.21160][zs_mAP_all:0.08954]
2023-11-13 01:02:25.692 | INFO     | psldh:train:161 - [epoch:1/1][loss:2.589632][loss_e:2.585949][loss_r:0.368245]
2023-11-13 01:02:25.693 | INFO     | psldh:train:166 - [iter:45/50][iter_time:222.10]
2023-11-13 01:12:22.153 | INFO     | psldh:train:236 - [iter:45/50][code_length:16][mAP:0.81174][mAP_all:0.80735][best_mAP:0.83477]
2023-11-13 01:12:22.154 | INFO     | psldh:train:237 - [iter:45/50][code_length:16][zs_mAP:0.21793][zs_mAP_all:0.09330]
2023-11-13 01:15:48.551 | INFO     | psldh:train:161 - [epoch:1/1][loss:2.556687][loss_e:2.553090][loss_r:0.359695]
2023-11-13 01:15:48.552 | INFO     | psldh:train:166 - [iter:46/50][iter_time:206.40]
2023-11-13 01:25:35.784 | INFO     | psldh:train:236 - [iter:46/50][code_length:16][mAP:0.82533][mAP_all:0.82131][best_mAP:0.83477]
2023-11-13 01:25:35.785 | INFO     | psldh:train:237 - [iter:46/50][code_length:16][zs_mAP:0.22655][zs_mAP_all:0.09783]
2023-11-13 01:29:09.071 | INFO     | psldh:train:161 - [epoch:1/1][loss:2.526844][loss_e:2.523515][loss_r:0.332864]
2023-11-13 01:29:09.072 | INFO     | psldh:train:166 - [iter:47/50][iter_time:213.29]
2023-11-13 01:38:57.286 | INFO     | psldh:train:236 - [iter:47/50][code_length:16][mAP:0.82780][mAP_all:0.82364][best_mAP:0.83477]
2023-11-13 01:38:57.287 | INFO     | psldh:train:237 - [iter:47/50][code_length:16][zs_mAP:0.22686][zs_mAP_all:0.09332]
2023-11-13 01:42:39.575 | INFO     | psldh:train:161 - [epoch:1/1][loss:2.521952][loss_e:2.518710][loss_r:0.324197]
2023-11-13 01:42:39.576 | INFO     | psldh:train:166 - [iter:48/50][iter_time:222.29]
2023-11-13 01:52:20.424 | INFO     | psldh:train:236 - [iter:48/50][code_length:16][mAP:0.82946][mAP_all:0.82585][best_mAP:0.83477]
2023-11-13 01:52:20.424 | INFO     | psldh:train:237 - [iter:48/50][code_length:16][zs_mAP:0.22376][zs_mAP_all:0.10298]
2023-11-13 01:56:03.804 | INFO     | psldh:train:161 - [epoch:1/1][loss:2.509704][loss_e:2.506560][loss_r:0.314384]
2023-11-13 01:56:03.805 | INFO     | psldh:train:166 - [iter:49/50][iter_time:223.38]
2023-11-13 02:05:48.770 | INFO     | psldh:train:236 - [iter:49/50][code_length:16][mAP:0.82749][mAP_all:0.82370][best_mAP:0.83477]
2023-11-13 02:05:48.771 | INFO     | psldh:train:237 - [iter:49/50][code_length:16][zs_mAP:0.22273][zs_mAP_all:0.09706]
2023-11-13 02:09:32.920 | INFO     | psldh:train:161 - [epoch:1/1][loss:2.505039][loss_e:2.502062][loss_r:0.297644]
2023-11-13 02:09:32.921 | INFO     | psldh:train:166 - [iter:50/50][iter_time:224.15]
2023-11-13 02:19:26.358 | INFO     | psldh:train:236 - [iter:50/50][code_length:16][mAP:0.83153][mAP_all:0.82790][best_mAP:0.83477]
2023-11-13 02:19:26.358 | INFO     | psldh:train:237 - [iter:50/50][code_length:16][zs_mAP:0.22497][zs_mAP_all:0.10116]
2023-11-13 02:19:26.358 | INFO     | psldh:train:240 - [Training time:23118.73]
2023-11-13 02:19:26.365 | INFO     | __main__:run:126 - [code_length:16][map:0.8348][map_all:0.8275][zs_map:0.3006][zs_map_all:0.1822]
2023-11-13 02:21:47.594 | INFO     | psldh:train:161 - [epoch:1/1][loss:3.761682][loss_e:3.682963][loss_r:7.871908]
2023-11-13 02:21:47.594 | INFO     | psldh:train:166 - [iter:1/50][iter_time:140.34]
2023-11-13 02:24:07.306 | INFO     | psldh:train:161 - [epoch:1/1][loss:2.465783][loss_e:2.426594][loss_r:3.918940]
2023-11-13 02:24:07.307 | INFO     | psldh:train:166 - [iter:2/50][iter_time:139.71]
2023-11-13 02:26:27.171 | INFO     | psldh:train:161 - [epoch:1/1][loss:2.193940][loss_e:2.163500][loss_r:3.043936]
2023-11-13 02:26:27.172 | INFO     | psldh:train:166 - [iter:3/50][iter_time:139.86]
2023-11-13 02:29:38.299 | INFO     | psldh:train:161 - [epoch:1/1][loss:2.035423][loss_e:2.009262][loss_r:2.616042]
2023-11-13 02:29:38.300 | INFO     | psldh:train:166 - [iter:4/50][iter_time:191.13]
2023-11-13 02:33:17.053 | INFO     | psldh:train:161 - [epoch:1/1][loss:1.942837][loss_e:1.919162][loss_r:2.367492]
2023-11-13 02:33:17.054 | INFO     | psldh:train:166 - [iter:5/50][iter_time:218.75]
2023-11-13 02:43:11.968 | INFO     | psldh:train:236 - [iter:5/50][code_length:32][mAP:0.84351][mAP_all:0.83173][best_mAP:0.84351]
2023-11-13 02:43:11.969 | INFO     | psldh:train:237 - [iter:5/50][code_length:32][zs_mAP:0.31818][zs_mAP_all:0.22118]
2023-11-13 02:45:31.279 | INFO     | psldh:train:161 - [epoch:1/1][loss:1.930135][loss_e:1.907902][loss_r:2.223314]
2023-11-13 02:45:31.279 | INFO     | psldh:train:166 - [iter:6/50][iter_time:139.31]
2023-11-13 02:47:49.981 | INFO     | psldh:train:161 - [epoch:1/1][loss:1.843065][loss_e:1.822609][loss_r:2.045590]
2023-11-13 02:47:49.981 | INFO     | psldh:train:166 - [iter:7/50][iter_time:138.70]
2023-11-13 02:50:10.160 | INFO     | psldh:train:161 - [epoch:1/1][loss:1.850952][loss_e:1.830690][loss_r:2.026190]
2023-11-13 02:50:10.160 | INFO     | psldh:train:166 - [iter:8/50][iter_time:140.18]
2023-11-13 02:54:09.909 | INFO     | psldh:train:161 - [epoch:1/1][loss:1.775522][loss_e:1.757126][loss_r:1.839601]
2023-11-13 02:54:09.910 | INFO     | psldh:train:166 - [iter:9/50][iter_time:239.75]
2023-11-13 02:57:43.011 | INFO     | psldh:train:161 - [epoch:1/1][loss:1.762834][loss_e:1.744861][loss_r:1.797280]
2023-11-13 02:57:43.012 | INFO     | psldh:train:166 - [iter:10/50][iter_time:213.10]
2023-11-13 03:07:25.843 | INFO     | psldh:train:236 - [iter:10/50][code_length:32][mAP:0.83609][mAP_all:0.82581][best_mAP:0.84351]
2023-11-13 03:07:25.844 | INFO     | psldh:train:237 - [iter:10/50][code_length:32][zs_mAP:0.28356][zs_mAP_all:0.17960]
2023-11-13 03:10:01.377 | INFO     | psldh:train:161 - [epoch:1/1][loss:1.716472][loss_e:1.699161][loss_r:1.731092]
2023-11-13 03:10:01.378 | INFO     | psldh:train:166 - [iter:11/50][iter_time:155.53]
2023-11-13 03:12:40.687 | INFO     | psldh:train:161 - [epoch:1/1][loss:1.749247][loss_e:1.731869][loss_r:1.737760]
2023-11-13 03:12:40.688 | INFO     | psldh:train:166 - [iter:12/50][iter_time:159.31]
2023-11-13 03:16:06.616 | INFO     | psldh:train:161 - [epoch:1/1][loss:1.677089][loss_e:1.660576][loss_r:1.651275]
2023-11-13 03:16:06.617 | INFO     | psldh:train:166 - [iter:13/50][iter_time:205.93]
2023-11-13 03:20:04.353 | INFO     | psldh:train:161 - [epoch:1/1][loss:1.649682][loss_e:1.633993][loss_r:1.568980]
2023-11-13 03:20:04.353 | INFO     | psldh:train:166 - [iter:14/50][iter_time:237.74]
2023-11-13 03:23:43.468 | INFO     | psldh:train:161 - [epoch:1/1][loss:1.639315][loss_e:1.623936][loss_r:1.537954]
2023-11-13 03:23:43.469 | INFO     | psldh:train:166 - [iter:15/50][iter_time:219.12]
2023-11-13 03:33:28.276 | INFO     | psldh:train:236 - [iter:15/50][code_length:32][mAP:0.81457][mAP_all:0.80666][best_mAP:0.84351]
2023-11-13 03:33:28.277 | INFO     | psldh:train:237 - [iter:15/50][code_length:32][zs_mAP:0.27936][zs_mAP_all:0.17657]
2023-11-13 03:35:47.211 | INFO     | psldh:train:161 - [epoch:1/1][loss:1.641632][loss_e:1.626594][loss_r:1.503760]
2023-11-13 03:35:47.212 | INFO     | psldh:train:166 - [iter:16/50][iter_time:138.93]
2023-11-13 03:38:06.577 | INFO     | psldh:train:161 - [epoch:1/1][loss:1.653821][loss_e:1.638425][loss_r:1.539645]
2023-11-13 03:38:06.578 | INFO     | psldh:train:166 - [iter:17/50][iter_time:139.37]
2023-11-13 03:41:28.781 | INFO     | psldh:train:161 - [epoch:1/1][loss:1.624033][loss_e:1.608956][loss_r:1.507695]
2023-11-13 03:41:28.782 | INFO     | psldh:train:166 - [iter:18/50][iter_time:202.20]
2023-11-13 03:46:00.328 | INFO     | psldh:train:161 - [epoch:1/1][loss:1.618541][loss_e:1.603550][loss_r:1.499089]
2023-11-13 03:46:00.329 | INFO     | psldh:train:166 - [iter:19/50][iter_time:271.55]
2023-11-13 03:49:32.688 | INFO     | psldh:train:161 - [epoch:1/1][loss:1.574166][loss_e:1.559898][loss_r:1.426803]
2023-11-13 03:49:32.688 | INFO     | psldh:train:166 - [iter:20/50][iter_time:212.36]
2023-11-13 03:59:30.548 | INFO     | psldh:train:236 - [iter:20/50][code_length:32][mAP:0.82153][mAP_all:0.81371][best_mAP:0.84351]
2023-11-13 03:59:30.549 | INFO     | psldh:train:237 - [iter:20/50][code_length:32][zs_mAP:0.25720][zs_mAP_all:0.15835]
2023-11-13 04:01:51.096 | INFO     | psldh:train:161 - [epoch:1/1][loss:1.562603][loss_e:1.548656][loss_r:1.394702]
2023-11-13 04:01:51.097 | INFO     | psldh:train:166 - [iter:21/50][iter_time:140.55]
2023-11-13 04:04:20.639 | INFO     | psldh:train:161 - [epoch:1/1][loss:1.543665][loss_e:1.529845][loss_r:1.381955]
2023-11-13 04:04:20.640 | INFO     | psldh:train:166 - [iter:22/50][iter_time:149.54]
2023-11-13 04:08:12.018 | INFO     | psldh:train:161 - [epoch:1/1][loss:1.586170][loss_e:1.572061][loss_r:1.410864]
2023-11-13 04:08:12.019 | INFO     | psldh:train:166 - [iter:23/50][iter_time:231.38]
2023-11-13 04:12:05.976 | INFO     | psldh:train:161 - [epoch:1/1][loss:1.561322][loss_e:1.547510][loss_r:1.381202]
2023-11-13 04:12:05.977 | INFO     | psldh:train:166 - [iter:24/50][iter_time:233.96]
2023-11-13 04:15:40.035 | INFO     | psldh:train:161 - [epoch:1/1][loss:1.538833][loss_e:1.525725][loss_r:1.310708]
2023-11-13 04:15:40.036 | INFO     | psldh:train:166 - [iter:25/50][iter_time:214.06]
2023-11-13 04:25:22.037 | INFO     | psldh:train:236 - [iter:25/50][code_length:32][mAP:0.80429][mAP_all:0.79700][best_mAP:0.84351]
2023-11-13 04:25:22.038 | INFO     | psldh:train:237 - [iter:25/50][code_length:32][zs_mAP:0.25707][zs_mAP_all:0.14358]
2023-11-13 04:27:58.725 | INFO     | psldh:train:161 - [epoch:1/1][loss:1.544195][loss_e:1.530936][loss_r:1.325859]
2023-11-13 04:27:58.726 | INFO     | psldh:train:166 - [iter:26/50][iter_time:156.69]
2023-11-13 04:31:14.968 | INFO     | psldh:train:161 - [epoch:1/1][loss:1.537224][loss_e:1.523907][loss_r:1.331734]
2023-11-13 04:31:14.968 | INFO     | psldh:train:166 - [iter:27/50][iter_time:196.24]
2023-11-13 04:35:27.046 | INFO     | psldh:train:161 - [epoch:1/1][loss:1.479876][loss_e:1.467307][loss_r:1.256902]
2023-11-13 04:35:27.046 | INFO     | psldh:train:166 - [iter:28/50][iter_time:252.08]
2023-11-13 04:39:30.211 | INFO     | psldh:train:161 - [epoch:1/1][loss:1.516902][loss_e:1.504366][loss_r:1.253533]
2023-11-13 04:39:30.212 | INFO     | psldh:train:166 - [iter:29/50][iter_time:243.17]
2023-11-13 04:43:22.360 | INFO     | psldh:train:161 - [epoch:1/1][loss:1.484020][loss_e:1.471492][loss_r:1.252794]
2023-11-13 04:43:22.361 | INFO     | psldh:train:166 - [iter:30/50][iter_time:232.15]
2023-11-13 04:53:24.944 | INFO     | psldh:train:236 - [iter:30/50][code_length:32][mAP:0.78401][mAP_all:0.77702][best_mAP:0.84351]
2023-11-13 04:53:24.945 | INFO     | psldh:train:237 - [iter:30/50][code_length:32][zs_mAP:0.24315][zs_mAP_all:0.13966]
2023-11-13 04:56:05.311 | INFO     | psldh:train:161 - [epoch:1/1][loss:1.441644][loss_e:1.429568][loss_r:1.207629]
2023-11-13 04:56:05.312 | INFO     | psldh:train:166 - [iter:31/50][iter_time:160.37]
2023-11-13 05:00:07.232 | INFO     | psldh:train:161 - [epoch:1/1][loss:1.468935][loss_e:1.456853][loss_r:1.208267]
2023-11-13 05:00:07.233 | INFO     | psldh:train:166 - [iter:32/50][iter_time:241.92]
2023-11-13 05:02:50.080 | INFO     | psldh:train:161 - [epoch:1/1][loss:1.478902][loss_e:1.466773][loss_r:1.212941]
2023-11-13 05:02:50.081 | INFO     | psldh:train:166 - [iter:33/50][iter_time:162.85]
2023-11-13 05:05:29.495 | INFO     | psldh:train:161 - [epoch:1/1][loss:1.449605][loss_e:1.437392][loss_r:1.221326]
2023-11-13 05:05:29.496 | INFO     | psldh:train:166 - [iter:34/50][iter_time:159.42]
2023-11-13 05:07:56.699 | INFO     | psldh:train:161 - [epoch:1/1][loss:1.455948][loss_e:1.443840][loss_r:1.210761]
2023-11-13 05:07:56.700 | INFO     | psldh:train:166 - [iter:35/50][iter_time:147.20]
2023-11-13 05:18:00.122 | INFO     | psldh:train:236 - [iter:35/50][code_length:32][mAP:0.78581][mAP_all:0.77885][best_mAP:0.84351]
2023-11-13 05:18:00.123 | INFO     | psldh:train:237 - [iter:35/50][code_length:32][zs_mAP:0.22668][zs_mAP_all:0.12496]
2023-11-13 05:20:17.333 | INFO     | psldh:train:161 - [epoch:1/1][loss:1.462894][loss_e:1.450993][loss_r:1.190040]
2023-11-13 05:20:17.334 | INFO     | psldh:train:166 - [iter:36/50][iter_time:137.21]
2023-11-13 05:30:05.205 | INFO     | psldh:train:236 - [iter:36/50][code_length:32][mAP:0.77335][mAP_all:0.76732][best_mAP:0.84351]
2023-11-13 05:30:05.206 | INFO     | psldh:train:237 - [iter:36/50][code_length:32][zs_mAP:0.23522][zs_mAP_all:0.12796]
2023-11-13 05:32:21.546 | INFO     | psldh:train:161 - [epoch:1/1][loss:1.435974][loss_e:1.424341][loss_r:1.163282]
2023-11-13 05:32:21.547 | INFO     | psldh:train:166 - [iter:37/50][iter_time:136.34]
2023-11-13 05:42:06.630 | INFO     | psldh:train:236 - [iter:37/50][code_length:32][mAP:0.78249][mAP_all:0.77566][best_mAP:0.84351]
2023-11-13 05:42:06.631 | INFO     | psldh:train:237 - [iter:37/50][code_length:32][zs_mAP:0.23155][zs_mAP_all:0.12728]
2023-11-13 05:44:23.071 | INFO     | psldh:train:161 - [epoch:1/1][loss:1.416350][loss_e:1.404622][loss_r:1.172801]
2023-11-13 05:44:23.072 | INFO     | psldh:train:166 - [iter:38/50][iter_time:136.44]
2023-11-13 05:54:07.581 | INFO     | psldh:train:236 - [iter:38/50][code_length:32][mAP:0.79825][mAP_all:0.79172][best_mAP:0.84351]
2023-11-13 05:54:07.581 | INFO     | psldh:train:237 - [iter:38/50][code_length:32][zs_mAP:0.23127][zs_mAP_all:0.13154]
2023-11-13 05:56:24.512 | INFO     | psldh:train:161 - [epoch:1/1][loss:1.449668][loss_e:1.437956][loss_r:1.171188]
2023-11-13 05:56:24.513 | INFO     | psldh:train:166 - [iter:39/50][iter_time:136.93]
2023-11-13 06:06:13.519 | INFO     | psldh:train:236 - [iter:39/50][code_length:32][mAP:0.79435][mAP_all:0.78781][best_mAP:0.84351]
2023-11-13 06:06:13.519 | INFO     | psldh:train:237 - [iter:39/50][code_length:32][zs_mAP:0.22181][zs_mAP_all:0.12762]
2023-11-13 06:08:29.835 | INFO     | psldh:train:161 - [epoch:1/1][loss:1.396456][loss_e:1.385011][loss_r:1.144505]
2023-11-13 06:08:29.835 | INFO     | psldh:train:166 - [iter:40/50][iter_time:136.32]
2023-11-13 06:18:16.787 | INFO     | psldh:train:236 - [iter:40/50][code_length:32][mAP:0.80159][mAP_all:0.79611][best_mAP:0.84351]
2023-11-13 06:18:16.787 | INFO     | psldh:train:237 - [iter:40/50][code_length:32][zs_mAP:0.23861][zs_mAP_all:0.13630]
2023-11-13 06:20:31.760 | INFO     | psldh:train:161 - [epoch:1/1][loss:1.392217][loss_e:1.380908][loss_r:1.130888]
2023-11-13 06:20:31.761 | INFO     | psldh:train:166 - [iter:41/50][iter_time:134.97]
2023-11-13 06:30:16.234 | INFO     | psldh:train:236 - [iter:41/50][code_length:32][mAP:0.79426][mAP_all:0.78825][best_mAP:0.84351]
2023-11-13 06:30:16.235 | INFO     | psldh:train:237 - [iter:41/50][code_length:32][zs_mAP:0.23990][zs_mAP_all:0.13586]
2023-11-13 06:32:34.813 | INFO     | psldh:train:161 - [epoch:1/1][loss:1.409868][loss_e:1.398858][loss_r:1.101044]
2023-11-13 06:32:34.813 | INFO     | psldh:train:166 - [iter:42/50][iter_time:138.58]
2023-11-13 06:42:17.259 | INFO     | psldh:train:236 - [iter:42/50][code_length:32][mAP:0.79368][mAP_all:0.78675][best_mAP:0.84351]
2023-11-13 06:42:17.260 | INFO     | psldh:train:237 - [iter:42/50][code_length:32][zs_mAP:0.22804][zs_mAP_all:0.13764]
2023-11-13 06:44:39.216 | INFO     | psldh:train:161 - [epoch:1/1][loss:1.391381][loss_e:1.380406][loss_r:1.097504]
2023-11-13 06:44:39.217 | INFO     | psldh:train:166 - [iter:43/50][iter_time:141.96]
2023-11-13 06:54:29.311 | INFO     | psldh:train:236 - [iter:43/50][code_length:32][mAP:0.80324][mAP_all:0.79722][best_mAP:0.84351]
2023-11-13 06:54:29.312 | INFO     | psldh:train:237 - [iter:43/50][code_length:32][zs_mAP:0.22697][zs_mAP_all:0.13511]
2023-11-13 06:56:49.097 | INFO     | psldh:train:161 - [epoch:1/1][loss:1.405894][loss_e:1.394680][loss_r:1.121398]
2023-11-13 06:56:49.098 | INFO     | psldh:train:166 - [iter:44/50][iter_time:139.79]
2023-11-13 07:06:30.256 | INFO     | psldh:train:236 - [iter:44/50][code_length:32][mAP:0.79655][mAP_all:0.79044][best_mAP:0.84351]
2023-11-13 07:06:30.257 | INFO     | psldh:train:237 - [iter:44/50][code_length:32][zs_mAP:0.23097][zs_mAP_all:0.12650]
2023-11-13 07:08:51.210 | INFO     | psldh:train:161 - [epoch:1/1][loss:1.387181][loss_e:1.376079][loss_r:1.110233]
2023-11-13 07:08:51.211 | INFO     | psldh:train:166 - [iter:45/50][iter_time:140.95]
2023-11-13 07:18:33.718 | INFO     | psldh:train:236 - [iter:45/50][code_length:32][mAP:0.78877][mAP_all:0.78191][best_mAP:0.84351]
2023-11-13 07:18:33.719 | INFO     | psldh:train:237 - [iter:45/50][code_length:32][zs_mAP:0.23263][zs_mAP_all:0.13269]
2023-11-13 07:21:00.113 | INFO     | psldh:train:161 - [epoch:1/1][loss:1.287222][loss_e:1.277261][loss_r:0.996026]
2023-11-13 07:21:00.114 | INFO     | psldh:train:166 - [iter:46/50][iter_time:146.39]
2023-11-13 07:30:53.431 | INFO     | psldh:train:236 - [iter:46/50][code_length:32][mAP:0.81571][mAP_all:0.80954][best_mAP:0.84351]
2023-11-13 07:30:53.432 | INFO     | psldh:train:237 - [iter:46/50][code_length:32][zs_mAP:0.23737][zs_mAP_all:0.13910]
2023-11-13 07:33:17.348 | INFO     | psldh:train:161 - [epoch:1/1][loss:1.216016][loss_e:1.206610][loss_r:0.940585]
2023-11-13 07:33:17.349 | INFO     | psldh:train:166 - [iter:47/50][iter_time:143.92]
2023-11-13 07:43:08.400 | INFO     | psldh:train:236 - [iter:47/50][code_length:32][mAP:0.82437][mAP_all:0.81947][best_mAP:0.84351]
2023-11-13 07:43:08.400 | INFO     | psldh:train:237 - [iter:47/50][code_length:32][zs_mAP:0.24232][zs_mAP_all:0.15010]
2023-11-13 07:45:26.329 | INFO     | psldh:train:161 - [epoch:1/1][loss:1.171106][loss_e:1.162299][loss_r:0.880704]
2023-11-13 07:45:26.329 | INFO     | psldh:train:166 - [iter:48/50][iter_time:137.93]
2023-11-13 07:55:15.979 | INFO     | psldh:train:236 - [iter:48/50][code_length:32][mAP:0.83051][mAP_all:0.82571][best_mAP:0.84351]
2023-11-13 07:55:15.980 | INFO     | psldh:train:237 - [iter:48/50][code_length:32][zs_mAP:0.24917][zs_mAP_all:0.15303]
2023-11-13 07:57:31.314 | INFO     | psldh:train:161 - [epoch:1/1][loss:1.170233][loss_e:1.161578][loss_r:0.865514]
2023-11-13 07:57:31.315 | INFO     | psldh:train:166 - [iter:49/50][iter_time:135.33]
2023-11-13 08:07:43.327 | INFO     | psldh:train:236 - [iter:49/50][code_length:32][mAP:0.83084][mAP_all:0.82657][best_mAP:0.84351]
2023-11-13 08:07:43.328 | INFO     | psldh:train:237 - [iter:49/50][code_length:32][zs_mAP:0.24637][zs_mAP_all:0.14878]
2023-11-13 08:10:25.189 | INFO     | psldh:train:161 - [epoch:1/1][loss:1.128997][loss_e:1.120893][loss_r:0.810438]
2023-11-13 08:10:25.190 | INFO     | psldh:train:166 - [iter:50/50][iter_time:161.86]
2023-11-13 08:20:15.202 | INFO     | psldh:train:236 - [iter:50/50][code_length:32][mAP:0.83228][mAP_all:0.82750][best_mAP:0.84351]
2023-11-13 08:20:15.202 | INFO     | psldh:train:237 - [iter:50/50][code_length:32][zs_mAP:0.24046][zs_mAP_all:0.14562]
2023-11-13 08:20:15.202 | INFO     | psldh:train:240 - [Training time:21647.95]
2023-11-13 08:20:15.217 | INFO     | __main__:run:126 - [code_length:32][map:0.8435][map_all:0.8317][zs_map:0.3182][zs_map_all:0.2212]
2023-11-13 08:24:25.503 | INFO     | psldh:train:161 - [epoch:1/1][loss:3.756412][loss_e:3.593245][loss_r:16.316706]
2023-11-13 08:24:25.504 | INFO     | psldh:train:166 - [iter:1/50][iter_time:249.28]
2023-11-13 08:28:39.958 | INFO     | psldh:train:161 - [epoch:1/1][loss:2.228308][loss_e:2.125970][loss_r:10.233793]
2023-11-13 08:28:39.959 | INFO     | psldh:train:166 - [iter:2/50][iter_time:254.45]
2023-11-13 08:32:50.815 | INFO     | psldh:train:161 - [epoch:1/1][loss:2.001540][loss_e:1.914625][loss_r:8.691501]
2023-11-13 08:32:50.817 | INFO     | psldh:train:166 - [iter:3/50][iter_time:250.86]
2023-11-13 08:37:01.164 | INFO     | psldh:train:161 - [epoch:1/1][loss:1.991150][loss_e:1.909821][loss_r:8.132880]
2023-11-13 08:37:01.165 | INFO     | psldh:train:166 - [iter:4/50][iter_time:250.35]
2023-11-13 08:39:26.523 | INFO     | psldh:train:161 - [epoch:1/1][loss:1.888366][loss_e:1.812752][loss_r:7.561443]
2023-11-13 08:39:26.524 | INFO     | psldh:train:166 - [iter:5/50][iter_time:145.36]
2023-11-13 08:49:23.598 | INFO     | psldh:train:236 - [iter:5/50][code_length:64][mAP:0.82707][mAP_all:0.80785][best_mAP:0.82707]
2023-11-13 08:49:23.599 | INFO     | psldh:train:237 - [iter:5/50][code_length:64][zs_mAP:0.39376][zs_mAP_all:0.25028]
2023-11-13 08:53:28.312 | INFO     | psldh:train:161 - [epoch:1/1][loss:1.819126][loss_e:1.746990][loss_r:7.213588]
2023-11-13 08:53:28.313 | INFO     | psldh:train:166 - [iter:6/50][iter_time:244.71]
2023-11-13 08:57:35.644 | INFO     | psldh:train:161 - [epoch:1/1][loss:1.774149][loss_e:1.704142][loss_r:7.000681]
2023-11-13 08:57:35.645 | INFO     | psldh:train:166 - [iter:7/50][iter_time:247.33]
2023-11-13 09:01:46.535 | INFO     | psldh:train:161 - [epoch:1/1][loss:1.724331][loss_e:1.658193][loss_r:6.613842]
2023-11-13 09:01:46.536 | INFO     | psldh:train:166 - [iter:8/50][iter_time:250.89]
2023-11-13 09:06:02.451 | INFO     | psldh:train:161 - [epoch:1/1][loss:1.662154][loss_e:1.597687][loss_r:6.446664]
2023-11-13 09:06:02.452 | INFO     | psldh:train:166 - [iter:9/50][iter_time:255.92]
2023-11-13 09:08:26.312 | INFO     | psldh:train:161 - [epoch:1/1][loss:1.691038][loss_e:1.627838][loss_r:6.319955]
2023-11-13 09:08:26.313 | INFO     | psldh:train:166 - [iter:10/50][iter_time:143.86]
2023-11-13 09:18:26.457 | INFO     | psldh:train:236 - [iter:10/50][code_length:64][mAP:0.80018][mAP_all:0.77835][best_mAP:0.82707]
2023-11-13 09:18:26.457 | INFO     | psldh:train:237 - [iter:10/50][code_length:64][zs_mAP:0.32763][zs_mAP_all:0.19193]
2023-11-13 09:22:37.649 | INFO     | psldh:train:161 - [epoch:1/1][loss:1.641247][loss_e:1.580435][loss_r:6.081189]
2023-11-13 09:22:37.650 | INFO     | psldh:train:166 - [iter:11/50][iter_time:251.19]
2023-11-13 09:26:42.675 | INFO     | psldh:train:161 - [epoch:1/1][loss:1.559954][loss_e:1.499596][loss_r:6.035856]
2023-11-13 09:26:42.675 | INFO     | psldh:train:166 - [iter:12/50][iter_time:245.03]
2023-11-13 09:30:55.264 | INFO     | psldh:train:161 - [epoch:1/1][loss:1.562295][loss_e:1.502824][loss_r:5.947043]
2023-11-13 09:30:55.264 | INFO     | psldh:train:166 - [iter:13/50][iter_time:252.59]
2023-11-13 09:34:58.257 | INFO     | psldh:train:161 - [epoch:1/1][loss:1.611445][loss_e:1.552528][loss_r:5.891739]
2023-11-13 09:34:58.258 | INFO     | psldh:train:166 - [iter:14/50][iter_time:242.99]
2023-11-13 09:37:04.978 | INFO     | psldh:train:161 - [epoch:1/1][loss:1.538624][loss_e:1.481408][loss_r:5.721569]
2023-11-13 09:37:04.979 | INFO     | psldh:train:166 - [iter:15/50][iter_time:126.72]
2023-11-13 09:46:54.339 | INFO     | psldh:train:236 - [iter:15/50][code_length:64][mAP:0.81443][mAP_all:0.79548][best_mAP:0.82707]
2023-11-13 09:46:54.340 | INFO     | psldh:train:237 - [iter:15/50][code_length:64][zs_mAP:0.32824][zs_mAP_all:0.18963]
2023-11-13 09:50:57.797 | INFO     | psldh:train:161 - [epoch:1/1][loss:1.475016][loss_e:1.419150][loss_r:5.586556]
2023-11-13 09:50:57.798 | INFO     | psldh:train:166 - [iter:16/50][iter_time:243.46]
2023-11-13 09:55:14.922 | INFO     | psldh:train:161 - [epoch:1/1][loss:1.482973][loss_e:1.428034][loss_r:5.493890]
2023-11-13 09:55:14.923 | INFO     | psldh:train:166 - [iter:17/50][iter_time:257.12]
2023-11-13 09:59:20.254 | INFO     | psldh:train:161 - [epoch:1/1][loss:1.408110][loss_e:1.354755][loss_r:5.335547]
2023-11-13 09:59:20.254 | INFO     | psldh:train:166 - [iter:18/50][iter_time:245.33]
2023-11-13 10:03:16.912 | INFO     | psldh:train:161 - [epoch:1/1][loss:1.422491][loss_e:1.369317][loss_r:5.317387]
2023-11-13 10:03:16.913 | INFO     | psldh:train:166 - [iter:19/50][iter_time:236.66]
2023-11-13 10:05:27.318 | INFO     | psldh:train:161 - [epoch:1/1][loss:1.428445][loss_e:1.375100][loss_r:5.334507]
2023-11-13 10:05:27.319 | INFO     | psldh:train:166 - [iter:20/50][iter_time:130.41]
2023-11-13 10:15:30.471 | INFO     | psldh:train:236 - [iter:20/50][code_length:64][mAP:0.81680][mAP_all:0.79483][best_mAP:0.82707]
2023-11-13 10:15:30.472 | INFO     | psldh:train:237 - [iter:20/50][code_length:64][zs_mAP:0.32161][zs_mAP_all:0.19187]
2023-11-13 10:19:27.166 | INFO     | psldh:train:161 - [epoch:1/1][loss:1.347224][loss_e:1.295845][loss_r:5.137945]
2023-11-13 10:19:27.166 | INFO     | psldh:train:166 - [iter:21/50][iter_time:236.69]
2023-11-13 10:23:25.079 | INFO     | psldh:train:161 - [epoch:1/1][loss:1.363938][loss_e:1.312644][loss_r:5.129416]
2023-11-13 10:23:25.080 | INFO     | psldh:train:166 - [iter:22/50][iter_time:237.91]
2023-11-13 10:27:31.392 | INFO     | psldh:train:161 - [epoch:1/1][loss:1.341706][loss_e:1.291465][loss_r:5.024069]
2023-11-13 10:27:31.392 | INFO     | psldh:train:166 - [iter:23/50][iter_time:246.31]
2023-11-13 10:31:14.179 | INFO     | psldh:train:161 - [epoch:1/1][loss:1.295559][loss_e:1.245963][loss_r:4.959578]
2023-11-13 10:31:14.180 | INFO     | psldh:train:166 - [iter:24/50][iter_time:222.79]
2023-11-13 10:33:30.814 | INFO     | psldh:train:161 - [epoch:1/1][loss:1.312156][loss_e:1.262626][loss_r:4.952952]
2023-11-13 10:33:30.814 | INFO     | psldh:train:166 - [iter:25/50][iter_time:136.63]
2023-11-13 10:43:28.608 | INFO     | psldh:train:236 - [iter:25/50][code_length:64][mAP:0.80910][mAP_all:0.78994][best_mAP:0.82707]
2023-11-13 10:43:28.609 | INFO     | psldh:train:237 - [iter:25/50][code_length:64][zs_mAP:0.30260][zs_mAP_all:0.17780]
2023-11-13 10:47:36.055 | INFO     | psldh:train:161 - [epoch:1/1][loss:1.228301][loss_e:1.179531][loss_r:4.877001]
2023-11-13 10:47:36.056 | INFO     | psldh:train:166 - [iter:26/50][iter_time:247.45]
2023-11-13 10:51:53.283 | INFO     | psldh:train:161 - [epoch:1/1][loss:1.298071][loss_e:1.249192][loss_r:4.887845]
2023-11-13 10:51:53.283 | INFO     | psldh:train:166 - [iter:27/50][iter_time:257.23]
2023-11-13 10:56:07.006 | INFO     | psldh:train:161 - [epoch:1/1][loss:1.243406][loss_e:1.195313][loss_r:4.809295]
2023-11-13 10:56:07.007 | INFO     | psldh:train:166 - [iter:28/50][iter_time:253.72]
2023-11-13 10:59:08.409 | INFO     | psldh:train:161 - [epoch:1/1][loss:1.239890][loss_e:1.192675][loss_r:4.721500]
2023-11-13 10:59:08.410 | INFO     | psldh:train:166 - [iter:29/50][iter_time:181.40]
2023-11-13 11:01:27.589 | INFO     | psldh:train:161 - [epoch:1/1][loss:1.260475][loss_e:1.213407][loss_r:4.706876]
2023-11-13 11:01:27.590 | INFO     | psldh:train:166 - [iter:30/50][iter_time:139.18]
2023-11-13 11:11:23.460 | INFO     | psldh:train:236 - [iter:30/50][code_length:64][mAP:0.81381][mAP_all:0.79649][best_mAP:0.82707]
2023-11-13 11:11:23.461 | INFO     | psldh:train:237 - [iter:30/50][code_length:64][zs_mAP:0.28668][zs_mAP_all:0.16495]
2023-11-13 11:14:06.129 | INFO     | psldh:train:161 - [epoch:1/1][loss:1.225269][loss_e:1.178871][loss_r:4.639880]
2023-11-13 11:14:06.130 | INFO     | psldh:train:166 - [iter:31/50][iter_time:162.67]
2023-11-13 11:16:49.359 | INFO     | psldh:train:161 - [epoch:1/1][loss:1.213409][loss_e:1.166765][loss_r:4.664331]
2023-11-13 11:16:49.359 | INFO     | psldh:train:166 - [iter:32/50][iter_time:163.23]
2023-11-13 11:19:32.600 | INFO     | psldh:train:161 - [epoch:1/1][loss:1.216296][loss_e:1.171155][loss_r:4.514035]
2023-11-13 11:19:32.601 | INFO     | psldh:train:166 - [iter:33/50][iter_time:163.24]
2023-11-13 11:23:03.972 | INFO     | psldh:train:161 - [epoch:1/1][loss:1.189295][loss_e:1.143687][loss_r:4.560830]
2023-11-13 11:23:03.972 | INFO     | psldh:train:166 - [iter:34/50][iter_time:211.37]
2023-11-13 11:25:34.508 | INFO     | psldh:train:161 - [epoch:1/1][loss:1.191179][loss_e:1.146009][loss_r:4.516943]
2023-11-13 11:25:34.509 | INFO     | psldh:train:166 - [iter:35/50][iter_time:150.54]
2023-11-13 11:35:23.262 | INFO     | psldh:train:236 - [iter:35/50][code_length:64][mAP:0.80423][mAP_all:0.78705][best_mAP:0.82707]
2023-11-13 11:35:23.262 | INFO     | psldh:train:237 - [iter:35/50][code_length:64][zs_mAP:0.29631][zs_mAP_all:0.17316]
2023-11-13 11:38:02.000 | INFO     | psldh:train:161 - [epoch:1/1][loss:1.177397][loss_e:1.132222][loss_r:4.517484]
2023-11-13 11:38:02.001 | INFO     | psldh:train:166 - [iter:36/50][iter_time:158.74]
2023-11-13 11:47:51.760 | INFO     | psldh:train:236 - [iter:36/50][code_length:64][mAP:0.80654][mAP_all:0.78758][best_mAP:0.82707]
2023-11-13 11:47:51.761 | INFO     | psldh:train:237 - [iter:36/50][code_length:64][zs_mAP:0.28960][zs_mAP_all:0.16801]
2023-11-13 11:50:34.087 | INFO     | psldh:train:161 - [epoch:1/1][loss:1.123957][loss_e:1.079415][loss_r:4.454157]
2023-11-13 11:50:34.088 | INFO     | psldh:train:166 - [iter:37/50][iter_time:162.33]
2023-11-13 12:00:34.729 | INFO     | psldh:train:236 - [iter:37/50][code_length:64][mAP:0.79610][mAP_all:0.77934][best_mAP:0.82707]
2023-11-13 12:00:34.729 | INFO     | psldh:train:237 - [iter:37/50][code_length:64][zs_mAP:0.29524][zs_mAP_all:0.17555]
2023-11-13 12:03:17.346 | INFO     | psldh:train:161 - [epoch:1/1][loss:1.114571][loss_e:1.070678][loss_r:4.389279]
2023-11-13 12:03:17.347 | INFO     | psldh:train:166 - [iter:38/50][iter_time:162.62]
2023-11-13 12:13:20.665 | INFO     | psldh:train:236 - [iter:38/50][code_length:64][mAP:0.81091][mAP_all:0.79105][best_mAP:0.82707]
2023-11-13 12:13:20.666 | INFO     | psldh:train:237 - [iter:38/50][code_length:64][zs_mAP:0.30097][zs_mAP_all:0.18192]
2023-11-13 12:16:02.835 | INFO     | psldh:train:161 - [epoch:1/1][loss:1.092642][loss_e:1.049372][loss_r:4.326956]
2023-11-13 12:16:02.836 | INFO     | psldh:train:166 - [iter:39/50][iter_time:162.17]
2023-11-13 12:25:56.477 | INFO     | psldh:train:236 - [iter:39/50][code_length:64][mAP:0.78731][mAP_all:0.77165][best_mAP:0.82707]
2023-11-13 12:25:56.478 | INFO     | psldh:train:237 - [iter:39/50][code_length:64][zs_mAP:0.28812][zs_mAP_all:0.16918]
2023-11-13 12:28:46.988 | INFO     | psldh:train:161 - [epoch:1/1][loss:1.091308][loss_e:1.047942][loss_r:4.336666]
2023-11-13 12:28:46.989 | INFO     | psldh:train:166 - [iter:40/50][iter_time:170.51]
2023-11-13 12:38:34.842 | INFO     | psldh:train:236 - [iter:40/50][code_length:64][mAP:0.80390][mAP_all:0.78824][best_mAP:0.82707]
2023-11-13 12:38:34.843 | INFO     | psldh:train:237 - [iter:40/50][code_length:64][zs_mAP:0.28832][zs_mAP_all:0.16584]
2023-11-13 12:41:28.397 | INFO     | psldh:train:161 - [epoch:1/1][loss:1.118107][loss_e:1.075000][loss_r:4.310698]
2023-11-13 12:41:28.398 | INFO     | psldh:train:166 - [iter:41/50][iter_time:173.55]
2023-11-13 12:51:17.569 | INFO     | psldh:train:236 - [iter:41/50][code_length:64][mAP:0.81936][mAP_all:0.80133][best_mAP:0.82707]
2023-11-13 12:51:17.570 | INFO     | psldh:train:237 - [iter:41/50][code_length:64][zs_mAP:0.29090][zs_mAP_all:0.17475]
2023-11-13 12:54:24.516 | INFO     | psldh:train:161 - [epoch:1/1][loss:1.056383][loss_e:1.014955][loss_r:4.142785]
2023-11-13 12:54:24.517 | INFO     | psldh:train:166 - [iter:42/50][iter_time:186.95]
2023-11-13 13:04:05.139 | INFO     | psldh:train:236 - [iter:42/50][code_length:64][mAP:0.80943][mAP_all:0.79235][best_mAP:0.82707]
2023-11-13 13:04:05.140 | INFO     | psldh:train:237 - [iter:42/50][code_length:64][zs_mAP:0.29033][zs_mAP_all:0.17785]
2023-11-13 13:07:28.512 | INFO     | psldh:train:161 - [epoch:1/1][loss:1.019177][loss_e:0.977545][loss_r:4.163182]
2023-11-13 13:07:28.513 | INFO     | psldh:train:166 - [iter:43/50][iter_time:203.37]
2023-11-13 13:17:10.571 | INFO     | psldh:train:236 - [iter:43/50][code_length:64][mAP:0.81032][mAP_all:0.79285][best_mAP:0.82707]
2023-11-13 13:17:10.572 | INFO     | psldh:train:237 - [iter:43/50][code_length:64][zs_mAP:0.29754][zs_mAP_all:0.17355]
2023-11-13 13:20:29.917 | INFO     | psldh:train:161 - [epoch:1/1][loss:1.057108][loss_e:1.015980][loss_r:4.112795]
2023-11-13 13:20:29.918 | INFO     | psldh:train:166 - [iter:44/50][iter_time:199.35]
2023-11-13 13:30:19.462 | INFO     | psldh:train:236 - [iter:44/50][code_length:64][mAP:0.81153][mAP_all:0.79384][best_mAP:0.82707]
2023-11-13 13:30:19.463 | INFO     | psldh:train:237 - [iter:44/50][code_length:64][zs_mAP:0.27718][zs_mAP_all:0.15338]
2023-11-13 13:33:34.812 | INFO     | psldh:train:161 - [epoch:1/1][loss:1.015358][loss_e:0.975258][loss_r:4.009993]
2023-11-13 13:33:34.814 | INFO     | psldh:train:166 - [iter:45/50][iter_time:195.35]
2023-11-13 13:43:17.247 | INFO     | psldh:train:236 - [iter:45/50][code_length:64][mAP:0.80802][mAP_all:0.79193][best_mAP:0.82707]
2023-11-13 13:43:17.247 | INFO     | psldh:train:237 - [iter:45/50][code_length:64][zs_mAP:0.29849][zs_mAP_all:0.17653]
2023-11-13 13:46:24.734 | INFO     | psldh:train:161 - [epoch:1/1][loss:0.873370][loss_e:0.834746][loss_r:3.862372]
2023-11-13 13:46:24.735 | INFO     | psldh:train:166 - [iter:46/50][iter_time:187.49]
2023-11-13 13:56:05.718 | INFO     | psldh:train:236 - [iter:46/50][code_length:64][mAP:0.83445][mAP_all:0.82043][best_mAP:0.83445]
2023-11-13 13:56:05.718 | INFO     | psldh:train:237 - [iter:46/50][code_length:64][zs_mAP:0.30471][zs_mAP_all:0.18559]
2023-11-13 13:59:07.910 | INFO     | psldh:train:161 - [epoch:1/1][loss:0.804062][loss_e:0.766908][loss_r:3.715423]
2023-11-13 13:59:07.910 | INFO     | psldh:train:166 - [iter:47/50][iter_time:182.19]
2023-11-13 14:08:47.716 | INFO     | psldh:train:236 - [iter:47/50][code_length:64][mAP:0.84596][mAP_all:0.83142][best_mAP:0.84596]
2023-11-13 14:08:47.716 | INFO     | psldh:train:237 - [iter:47/50][code_length:64][zs_mAP:0.30821][zs_mAP_all:0.18894]
2023-11-13 14:11:37.268 | INFO     | psldh:train:161 - [epoch:1/1][loss:0.775452][loss_e:0.739362][loss_r:3.608963]
2023-11-13 14:11:37.268 | INFO     | psldh:train:166 - [iter:48/50][iter_time:169.55]
2023-11-13 14:21:15.035 | INFO     | psldh:train:236 - [iter:48/50][code_length:64][mAP:0.84358][mAP_all:0.83075][best_mAP:0.84596]
2023-11-13 14:21:15.036 | INFO     | psldh:train:237 - [iter:48/50][code_length:64][zs_mAP:0.30584][zs_mAP_all:0.18800]
2023-11-13 14:23:17.884 | INFO     | psldh:train:161 - [epoch:1/1][loss:0.673372][loss_e:0.639021][loss_r:3.435071]
2023-11-13 14:23:17.885 | INFO     | psldh:train:166 - [iter:49/50][iter_time:122.85]
2023-11-13 14:32:58.517 | INFO     | psldh:train:236 - [iter:49/50][code_length:64][mAP:0.84763][mAP_all:0.83329][best_mAP:0.84763]
2023-11-13 14:32:58.518 | INFO     | psldh:train:237 - [iter:49/50][code_length:64][zs_mAP:0.30874][zs_mAP_all:0.18697]
2023-11-13 14:36:09.304 | INFO     | psldh:train:161 - [epoch:1/1][loss:0.696849][loss_e:0.662950][loss_r:3.389901]
2023-11-13 14:36:09.305 | INFO     | psldh:train:166 - [iter:50/50][iter_time:190.79]
2023-11-13 14:45:53.932 | INFO     | psldh:train:236 - [iter:50/50][code_length:64][mAP:0.84904][mAP_all:0.83533][best_mAP:0.84904]
2023-11-13 14:45:53.933 | INFO     | psldh:train:237 - [iter:50/50][code_length:64][zs_mAP:0.30987][zs_mAP_all:0.19357]
2023-11-13 14:45:53.934 | INFO     | psldh:train:240 - [Training time:23137.71]
2023-11-13 14:45:53.950 | INFO     | __main__:run:126 - [code_length:64][map:0.8490][map_all:0.8353][zs_map:0.3099][zs_map_all:0.1936]
