2023-11-09 11:25:05.591 | SUCCESS  | __main__:run:50 - Namespace(align_step=50, arch='ortho', batch_size=16, cauchy_gamma=20.0, code_length=[16, 32, 64], dataset='cifar100zs', device=device(type='cuda', index=0), epoch_change=11, gamma=200, gpu=0, info='cifar100zs-15-85-ortho-11-09-16,32,64', lambd=0.1, lambd_ch=0.1, lambd_sp=0.1, lr=0.0001, lr_step=[45], margin=0.1, max_epoch=3, max_iter=50, momen=0.9, nesterov=False, net='ResNet50', num_classes=85, num_query=1000, num_samples=2000, num_workers=2, num_zs=15, optim='SGD', pretrain=True, quan_loss=False, root='/home/xsl/datasets/cifar-100-python', save_ckpt='checkpoints/', topk=1000, val_freq=1, wd=0.0005)
2023-11-09 11:25:32.249 | INFO     | ortho:train:225 - [epoch:1/3][loss:6.916930]
2023-11-09 11:25:46.198 | INFO     | ortho:train:225 - [epoch:2/3][loss:6.078107]
2023-11-09 11:26:00.814 | INFO     | ortho:train:225 - [epoch:3/3][loss:5.759755]
2023-11-09 11:26:00.814 | INFO     | ortho:train:228 - [iter:1/50][iter_time:42.85]
2023-11-09 11:28:10.535 | INFO     | ortho:train:299 - [iter:1/50][code_length:16][mAP:0.08258][mAP_all:0.07898][best_mAP:0.08258]
2023-11-09 11:28:10.535 | INFO     | ortho:train:300 - [iter:1/50][code_length:16][zs_mAP:0.24468][zs_mAP_all:0.04061]
2023-11-09 11:28:25.080 | INFO     | ortho:train:225 - [epoch:1/3][loss:5.874243]
2023-11-09 11:28:39.786 | INFO     | ortho:train:225 - [epoch:2/3][loss:5.537721]
2023-11-09 11:28:54.583 | INFO     | ortho:train:225 - [epoch:3/3][loss:5.294227]
2023-11-09 11:28:54.583 | INFO     | ortho:train:228 - [iter:2/50][iter_time:44.05]
2023-11-09 11:31:09.026 | INFO     | ortho:train:299 - [iter:2/50][code_length:16][mAP:0.10650][mAP_all:0.10198][best_mAP:0.10650]
2023-11-09 11:31:09.026 | INFO     | ortho:train:300 - [iter:2/50][code_length:16][zs_mAP:0.27610][zs_mAP_all:0.04868]
2023-11-09 11:31:23.402 | INFO     | ortho:train:225 - [epoch:1/3][loss:5.538841]
2023-11-09 11:31:38.225 | INFO     | ortho:train:225 - [epoch:2/3][loss:5.235167]
2023-11-09 11:31:53.318 | INFO     | ortho:train:225 - [epoch:3/3][loss:5.099886]
2023-11-09 11:31:53.319 | INFO     | ortho:train:228 - [iter:3/50][iter_time:44.29]
2023-11-09 11:34:09.278 | INFO     | ortho:train:299 - [iter:3/50][code_length:16][mAP:0.13919][mAP_all:0.13328][best_mAP:0.13919]
2023-11-09 11:34:09.279 | INFO     | ortho:train:300 - [iter:3/50][code_length:16][zs_mAP:0.30907][zs_mAP_all:0.05659]
2023-11-09 11:34:23.845 | INFO     | ortho:train:225 - [epoch:1/3][loss:5.360478]
2023-11-09 11:34:39.068 | INFO     | ortho:train:225 - [epoch:2/3][loss:5.007882]
2023-11-09 11:34:54.225 | INFO     | ortho:train:225 - [epoch:3/3][loss:4.829537]
2023-11-09 11:34:54.225 | INFO     | ortho:train:228 - [iter:4/50][iter_time:44.95]
2023-11-09 11:37:09.237 | INFO     | ortho:train:299 - [iter:4/50][code_length:16][mAP:0.16661][mAP_all:0.16015][best_mAP:0.16661]
2023-11-09 11:37:09.237 | INFO     | ortho:train:300 - [iter:4/50][code_length:16][zs_mAP:0.31020][zs_mAP_all:0.05649]
2023-11-09 11:37:23.827 | INFO     | ortho:train:225 - [epoch:1/3][loss:4.939459]
2023-11-09 11:37:38.933 | INFO     | ortho:train:225 - [epoch:2/3][loss:4.781865]
2023-11-09 11:37:54.132 | INFO     | ortho:train:225 - [epoch:3/3][loss:4.640782]
2023-11-09 11:37:54.133 | INFO     | ortho:train:228 - [iter:5/50][iter_time:44.90]
2023-11-09 11:40:09.247 | INFO     | ortho:train:299 - [iter:5/50][code_length:16][mAP:0.20024][mAP_all:0.19306][best_mAP:0.20024]
2023-11-09 11:40:09.247 | INFO     | ortho:train:300 - [iter:5/50][code_length:16][zs_mAP:0.33010][zs_mAP_all:0.06239]
2023-11-09 11:40:24.149 | INFO     | ortho:train:225 - [epoch:1/3][loss:4.865875]
2023-11-09 11:40:39.569 | INFO     | ortho:train:225 - [epoch:2/3][loss:4.559594]
2023-11-09 11:40:54.578 | INFO     | ortho:train:225 - [epoch:3/3][loss:4.485172]
2023-11-09 11:40:54.578 | INFO     | ortho:train:228 - [iter:6/50][iter_time:45.33]
2023-11-09 11:43:10.933 | INFO     | ortho:train:299 - [iter:6/50][code_length:16][mAP:0.23603][mAP_all:0.22794][best_mAP:0.23603]
2023-11-09 11:43:10.933 | INFO     | ortho:train:300 - [iter:6/50][code_length:16][zs_mAP:0.33724][zs_mAP_all:0.06746]
2023-11-09 11:43:25.624 | INFO     | ortho:train:225 - [epoch:1/3][loss:4.764191]
2023-11-09 11:43:40.729 | INFO     | ortho:train:225 - [epoch:2/3][loss:4.491165]
2023-11-09 11:43:55.801 | INFO     | ortho:train:225 - [epoch:3/3][loss:4.339983]
2023-11-09 11:43:55.801 | INFO     | ortho:train:228 - [iter:7/50][iter_time:44.87]
2023-11-09 11:46:11.959 | INFO     | ortho:train:299 - [iter:7/50][code_length:16][mAP:0.25866][mAP_all:0.25068][best_mAP:0.25866]
2023-11-09 11:46:11.960 | INFO     | ortho:train:300 - [iter:7/50][code_length:16][zs_mAP:0.32401][zs_mAP_all:0.06738]
2023-11-09 11:46:26.732 | INFO     | ortho:train:225 - [epoch:1/3][loss:4.575328]
2023-11-09 11:46:41.924 | INFO     | ortho:train:225 - [epoch:2/3][loss:4.429551]
2023-11-09 11:46:57.062 | INFO     | ortho:train:225 - [epoch:3/3][loss:4.217014]
2023-11-09 11:46:57.062 | INFO     | ortho:train:228 - [iter:8/50][iter_time:45.10]
2023-11-09 11:49:14.950 | INFO     | ortho:train:299 - [iter:8/50][code_length:16][mAP:0.28753][mAP_all:0.27837][best_mAP:0.28753]
2023-11-09 11:49:14.950 | INFO     | ortho:train:300 - [iter:8/50][code_length:16][zs_mAP:0.34329][zs_mAP_all:0.07463]
2023-11-09 11:49:29.724 | INFO     | ortho:train:225 - [epoch:1/3][loss:4.526972]
2023-11-09 11:49:45.000 | INFO     | ortho:train:225 - [epoch:2/3][loss:4.295963]
2023-11-09 11:50:00.250 | INFO     | ortho:train:225 - [epoch:3/3][loss:4.151426]
2023-11-09 11:50:00.250 | INFO     | ortho:train:228 - [iter:9/50][iter_time:45.30]
2023-11-09 11:52:15.892 | INFO     | ortho:train:299 - [iter:9/50][code_length:16][mAP:0.31098][mAP_all:0.30124][best_mAP:0.31098]
2023-11-09 11:52:15.893 | INFO     | ortho:train:300 - [iter:9/50][code_length:16][zs_mAP:0.35478][zs_mAP_all:0.07722]
2023-11-09 11:52:30.549 | INFO     | ortho:train:225 - [epoch:1/3][loss:4.438177]
2023-11-09 11:52:45.594 | INFO     | ortho:train:225 - [epoch:2/3][loss:4.194313]
2023-11-09 11:53:00.639 | INFO     | ortho:train:225 - [epoch:3/3][loss:4.043903]
2023-11-09 11:53:00.640 | INFO     | ortho:train:228 - [iter:10/50][iter_time:44.75]
2023-11-09 11:55:15.349 | INFO     | ortho:train:299 - [iter:10/50][code_length:16][mAP:0.33707][mAP_all:0.32696][best_mAP:0.33707]
2023-11-09 11:55:15.349 | INFO     | ortho:train:300 - [iter:10/50][code_length:16][zs_mAP:0.33524][zs_mAP_all:0.07244]
2023-11-09 11:55:30.038 | INFO     | ortho:train:225 - [epoch:1/3][loss:4.278159]
2023-11-09 11:55:45.035 | INFO     | ortho:train:225 - [epoch:2/3][loss:4.138142]
2023-11-09 11:56:00.129 | INFO     | ortho:train:225 - [epoch:3/3][loss:3.997337]
2023-11-09 11:56:00.130 | INFO     | ortho:train:228 - [iter:11/50][iter_time:44.78]
2023-11-09 11:58:14.991 | INFO     | ortho:train:299 - [iter:11/50][code_length:16][mAP:0.36094][mAP_all:0.35061][best_mAP:0.36094]
2023-11-09 11:58:14.991 | INFO     | ortho:train:300 - [iter:11/50][code_length:16][zs_mAP:0.33911][zs_mAP_all:0.07361]
2023-11-09 11:58:29.657 | INFO     | ortho:train:225 - [epoch:1/3][loss:4.191269]
2023-11-09 11:58:44.619 | INFO     | ortho:train:225 - [epoch:2/3][loss:4.039295]
2023-11-09 11:58:59.935 | INFO     | ortho:train:225 - [epoch:3/3][loss:3.882497]
2023-11-09 11:58:59.935 | INFO     | ortho:train:228 - [iter:12/50][iter_time:44.94]
2023-11-09 12:01:15.657 | INFO     | ortho:train:299 - [iter:12/50][code_length:16][mAP:0.37565][mAP_all:0.36497][best_mAP:0.37565]
2023-11-09 12:01:15.657 | INFO     | ortho:train:300 - [iter:12/50][code_length:16][zs_mAP:0.35729][zs_mAP_all:0.08091]
2023-11-09 12:01:30.400 | INFO     | ortho:train:225 - [epoch:1/3][loss:4.260405]
2023-11-09 12:01:45.456 | INFO     | ortho:train:225 - [epoch:2/3][loss:4.044393]
2023-11-09 12:02:00.538 | INFO     | ortho:train:225 - [epoch:3/3][loss:3.835500]
2023-11-09 12:02:00.538 | INFO     | ortho:train:228 - [iter:13/50][iter_time:44.88]
2023-11-09 12:04:15.581 | INFO     | ortho:train:299 - [iter:13/50][code_length:16][mAP:0.38689][mAP_all:0.37612][best_mAP:0.38689]
2023-11-09 12:04:15.581 | INFO     | ortho:train:300 - [iter:13/50][code_length:16][zs_mAP:0.34158][zs_mAP_all:0.07503]
2023-11-09 12:04:30.295 | INFO     | ortho:train:225 - [epoch:1/3][loss:4.082204]
2023-11-09 12:04:45.379 | INFO     | ortho:train:225 - [epoch:2/3][loss:3.909209]
2023-11-09 12:05:00.453 | INFO     | ortho:train:225 - [epoch:3/3][loss:3.777559]
2023-11-09 12:05:00.454 | INFO     | ortho:train:228 - [iter:14/50][iter_time:44.87]
2023-11-09 12:07:15.474 | INFO     | ortho:train:299 - [iter:14/50][code_length:16][mAP:0.40460][mAP_all:0.39348][best_mAP:0.40460]
2023-11-09 12:07:15.474 | INFO     | ortho:train:300 - [iter:14/50][code_length:16][zs_mAP:0.35112][zs_mAP_all:0.07881]
2023-11-09 12:07:30.189 | INFO     | ortho:train:225 - [epoch:1/3][loss:4.094324]
2023-11-09 12:07:45.238 | INFO     | ortho:train:225 - [epoch:2/3][loss:3.875708]
2023-11-09 12:08:00.395 | INFO     | ortho:train:225 - [epoch:3/3][loss:3.779074]
2023-11-09 12:08:00.396 | INFO     | ortho:train:228 - [iter:15/50][iter_time:44.92]
2023-11-09 12:10:15.855 | INFO     | ortho:train:299 - [iter:15/50][code_length:16][mAP:0.41840][mAP_all:0.40642][best_mAP:0.41840]
2023-11-09 12:10:15.855 | INFO     | ortho:train:300 - [iter:15/50][code_length:16][zs_mAP:0.35059][zs_mAP_all:0.07833]
2023-11-09 12:10:30.561 | INFO     | ortho:train:225 - [epoch:1/3][loss:4.004652]
2023-11-09 12:10:45.590 | INFO     | ortho:train:225 - [epoch:2/3][loss:3.825382]
2023-11-09 12:11:00.674 | INFO     | ortho:train:225 - [epoch:3/3][loss:3.667372]
2023-11-09 12:11:00.675 | INFO     | ortho:train:228 - [iter:16/50][iter_time:44.82]
2023-11-09 12:13:15.624 | INFO     | ortho:train:299 - [iter:16/50][code_length:16][mAP:0.43427][mAP_all:0.42246][best_mAP:0.43427]
2023-11-09 12:13:15.624 | INFO     | ortho:train:300 - [iter:16/50][code_length:16][zs_mAP:0.34439][zs_mAP_all:0.07941]
2023-11-09 12:13:30.317 | INFO     | ortho:train:225 - [epoch:1/3][loss:4.044192]
2023-11-09 12:13:45.364 | INFO     | ortho:train:225 - [epoch:2/3][loss:3.855425]
2023-11-09 12:14:00.456 | INFO     | ortho:train:225 - [epoch:3/3][loss:3.717726]
2023-11-09 12:14:00.456 | INFO     | ortho:train:228 - [iter:17/50][iter_time:44.83]
2023-11-09 12:16:16.467 | INFO     | ortho:train:299 - [iter:17/50][code_length:16][mAP:0.44296][mAP_all:0.43084][best_mAP:0.44296]
2023-11-09 12:16:16.468 | INFO     | ortho:train:300 - [iter:17/50][code_length:16][zs_mAP:0.36127][zs_mAP_all:0.08608]
2023-11-09 12:16:31.104 | INFO     | ortho:train:225 - [epoch:1/3][loss:3.954860]
2023-11-09 12:16:46.113 | INFO     | ortho:train:225 - [epoch:2/3][loss:3.770894]
2023-11-09 12:17:01.254 | INFO     | ortho:train:225 - [epoch:3/3][loss:3.656893]
2023-11-09 12:17:01.254 | INFO     | ortho:train:228 - [iter:18/50][iter_time:44.79]
2023-11-09 12:19:16.829 | INFO     | ortho:train:299 - [iter:18/50][code_length:16][mAP:0.45633][mAP_all:0.44394][best_mAP:0.45633]
2023-11-09 12:19:16.830 | INFO     | ortho:train:300 - [iter:18/50][code_length:16][zs_mAP:0.35927][zs_mAP_all:0.08408]
2023-11-09 12:19:31.613 | INFO     | ortho:train:225 - [epoch:1/3][loss:3.766718]
2023-11-09 12:19:46.655 | INFO     | ortho:train:225 - [epoch:2/3][loss:3.702588]
2023-11-09 12:20:01.790 | INFO     | ortho:train:225 - [epoch:3/3][loss:3.655752]
2023-11-09 12:20:01.791 | INFO     | ortho:train:228 - [iter:19/50][iter_time:44.96]
2023-11-09 12:22:17.132 | INFO     | ortho:train:299 - [iter:19/50][code_length:16][mAP:0.46841][mAP_all:0.45568][best_mAP:0.46841]
2023-11-09 12:22:17.132 | INFO     | ortho:train:300 - [iter:19/50][code_length:16][zs_mAP:0.34879][zs_mAP_all:0.08228]
2023-11-09 12:22:31.813 | INFO     | ortho:train:225 - [epoch:1/3][loss:3.932843]
2023-11-09 12:22:46.886 | INFO     | ortho:train:225 - [epoch:2/3][loss:3.812956]
2023-11-09 12:23:01.928 | INFO     | ortho:train:225 - [epoch:3/3][loss:3.638878]
2023-11-09 12:23:01.928 | INFO     | ortho:train:228 - [iter:20/50][iter_time:44.80]
2023-11-09 12:25:18.189 | INFO     | ortho:train:299 - [iter:20/50][code_length:16][mAP:0.47484][mAP_all:0.46247][best_mAP:0.47484]
2023-11-09 12:25:18.190 | INFO     | ortho:train:300 - [iter:20/50][code_length:16][zs_mAP:0.34984][zs_mAP_all:0.08580]
2023-11-09 12:25:32.854 | INFO     | ortho:train:225 - [epoch:1/3][loss:3.876603]
2023-11-09 12:25:47.859 | INFO     | ortho:train:225 - [epoch:2/3][loss:3.628725]
2023-11-09 12:26:03.172 | INFO     | ortho:train:225 - [epoch:3/3][loss:3.502210]
2023-11-09 12:26:03.173 | INFO     | ortho:train:228 - [iter:21/50][iter_time:44.98]
2023-11-09 12:28:17.981 | INFO     | ortho:train:299 - [iter:21/50][code_length:16][mAP:0.48089][mAP_all:0.46866][best_mAP:0.48089]
2023-11-09 12:28:17.981 | INFO     | ortho:train:300 - [iter:21/50][code_length:16][zs_mAP:0.35419][zs_mAP_all:0.08846]
2023-11-09 12:28:32.701 | INFO     | ortho:train:225 - [epoch:1/3][loss:3.726882]
2023-11-09 12:28:47.767 | INFO     | ortho:train:225 - [epoch:2/3][loss:3.630210]
2023-11-09 12:29:02.849 | INFO     | ortho:train:225 - [epoch:3/3][loss:3.520024]
2023-11-09 12:29:02.850 | INFO     | ortho:train:228 - [iter:22/50][iter_time:44.87]
2023-11-09 12:31:17.600 | INFO     | ortho:train:299 - [iter:22/50][code_length:16][mAP:0.49529][mAP_all:0.48332][best_mAP:0.49529]
2023-11-09 12:31:17.600 | INFO     | ortho:train:300 - [iter:22/50][code_length:16][zs_mAP:0.36297][zs_mAP_all:0.08823]
2023-11-09 12:31:32.277 | INFO     | ortho:train:225 - [epoch:1/3][loss:3.765310]
2023-11-09 12:31:47.304 | INFO     | ortho:train:225 - [epoch:2/3][loss:3.624133]
2023-11-09 12:32:02.378 | INFO     | ortho:train:225 - [epoch:3/3][loss:3.456313]
2023-11-09 12:32:02.378 | INFO     | ortho:train:228 - [iter:23/50][iter_time:44.78]
2023-11-09 12:34:17.001 | INFO     | ortho:train:299 - [iter:23/50][code_length:16][mAP:0.50743][mAP_all:0.49485][best_mAP:0.50743]
2023-11-09 12:34:17.002 | INFO     | ortho:train:300 - [iter:23/50][code_length:16][zs_mAP:0.38183][zs_mAP_all:0.09840]
2023-11-09 12:34:31.681 | INFO     | ortho:train:225 - [epoch:1/3][loss:3.718694]
2023-11-09 12:34:46.690 | INFO     | ortho:train:225 - [epoch:2/3][loss:3.615557]
2023-11-09 12:35:01.759 | INFO     | ortho:train:225 - [epoch:3/3][loss:3.406420]
2023-11-09 12:35:01.760 | INFO     | ortho:train:228 - [iter:24/50][iter_time:44.76]
2023-11-09 12:37:16.412 | INFO     | ortho:train:299 - [iter:24/50][code_length:16][mAP:0.50810][mAP_all:0.49505][best_mAP:0.50810]
2023-11-09 12:37:16.413 | INFO     | ortho:train:300 - [iter:24/50][code_length:16][zs_mAP:0.38353][zs_mAP_all:0.09513]
2023-11-09 12:37:31.068 | INFO     | ortho:train:225 - [epoch:1/3][loss:3.722607]
2023-11-09 12:37:46.070 | INFO     | ortho:train:225 - [epoch:2/3][loss:3.566070]
2023-11-09 12:38:01.123 | INFO     | ortho:train:225 - [epoch:3/3][loss:3.439579]
2023-11-09 12:38:01.123 | INFO     | ortho:train:228 - [iter:25/50][iter_time:44.71]
2023-11-09 12:40:16.186 | INFO     | ortho:train:299 - [iter:25/50][code_length:16][mAP:0.52438][mAP_all:0.51152][best_mAP:0.52438]
2023-11-09 12:40:16.187 | INFO     | ortho:train:300 - [iter:25/50][code_length:16][zs_mAP:0.37334][zs_mAP_all:0.09583]
2023-11-09 12:40:30.784 | INFO     | ortho:train:225 - [epoch:1/3][loss:3.687548]
2023-11-09 12:40:45.729 | INFO     | ortho:train:225 - [epoch:2/3][loss:3.474237]
2023-11-09 12:41:00.724 | INFO     | ortho:train:225 - [epoch:3/3][loss:3.323573]
2023-11-09 12:41:00.724 | INFO     | ortho:train:228 - [iter:26/50][iter_time:44.54]
2023-11-09 12:43:15.043 | INFO     | ortho:train:299 - [iter:26/50][code_length:16][mAP:0.53481][mAP_all:0.52192][best_mAP:0.53481]
2023-11-09 12:43:15.043 | INFO     | ortho:train:300 - [iter:26/50][code_length:16][zs_mAP:0.36547][zs_mAP_all:0.09148]
2023-11-09 12:43:29.802 | INFO     | ortho:train:225 - [epoch:1/3][loss:3.597552]
2023-11-09 12:43:44.880 | INFO     | ortho:train:225 - [epoch:2/3][loss:3.430886]
2023-11-09 12:43:59.905 | INFO     | ortho:train:225 - [epoch:3/3][loss:3.330738]
2023-11-09 12:43:59.906 | INFO     | ortho:train:228 - [iter:27/50][iter_time:44.86]
2023-11-09 12:46:14.754 | INFO     | ortho:train:299 - [iter:27/50][code_length:16][mAP:0.53427][mAP_all:0.52146][best_mAP:0.53481]
2023-11-09 12:46:14.754 | INFO     | ortho:train:300 - [iter:27/50][code_length:16][zs_mAP:0.36072][zs_mAP_all:0.09334]
2023-11-09 12:46:29.419 | INFO     | ortho:train:225 - [epoch:1/3][loss:3.708051]
2023-11-09 12:46:44.487 | INFO     | ortho:train:225 - [epoch:2/3][loss:3.493723]
2023-11-09 12:46:59.493 | INFO     | ortho:train:225 - [epoch:3/3][loss:3.408378]
2023-11-09 12:46:59.494 | INFO     | ortho:train:228 - [iter:28/50][iter_time:44.74]
2023-11-09 12:49:13.532 | INFO     | ortho:train:299 - [iter:28/50][code_length:16][mAP:0.53772][mAP_all:0.52451][best_mAP:0.53772]
2023-11-09 12:49:13.533 | INFO     | ortho:train:300 - [iter:28/50][code_length:16][zs_mAP:0.37601][zs_mAP_all:0.09724]
2023-11-09 12:49:28.146 | INFO     | ortho:train:225 - [epoch:1/3][loss:3.656876]
2023-11-09 12:49:43.119 | INFO     | ortho:train:225 - [epoch:2/3][loss:3.467772]
2023-11-09 12:49:58.134 | INFO     | ortho:train:225 - [epoch:3/3][loss:3.300622]
2023-11-09 12:49:58.134 | INFO     | ortho:train:228 - [iter:29/50][iter_time:44.60]
2023-11-09 12:52:12.404 | INFO     | ortho:train:299 - [iter:29/50][code_length:16][mAP:0.54522][mAP_all:0.53179][best_mAP:0.54522]
2023-11-09 12:52:12.404 | INFO     | ortho:train:300 - [iter:29/50][code_length:16][zs_mAP:0.36970][zs_mAP_all:0.09399]
2023-11-09 12:52:27.052 | INFO     | ortho:train:225 - [epoch:1/3][loss:3.665690]
2023-11-09 12:52:42.035 | INFO     | ortho:train:225 - [epoch:2/3][loss:3.448394]
2023-11-09 12:52:57.043 | INFO     | ortho:train:225 - [epoch:3/3][loss:3.327196]
2023-11-09 12:52:57.044 | INFO     | ortho:train:228 - [iter:30/50][iter_time:44.64]
2023-11-09 12:55:11.299 | INFO     | ortho:train:299 - [iter:30/50][code_length:16][mAP:0.55212][mAP_all:0.53884][best_mAP:0.55212]
2023-11-09 12:55:11.300 | INFO     | ortho:train:300 - [iter:30/50][code_length:16][zs_mAP:0.35762][zs_mAP_all:0.09094]
2023-11-09 12:55:25.892 | INFO     | ortho:train:225 - [epoch:1/3][loss:3.652332]
2023-11-09 12:55:40.818 | INFO     | ortho:train:225 - [epoch:2/3][loss:3.438334]
2023-11-09 12:55:55.787 | INFO     | ortho:train:225 - [epoch:3/3][loss:3.310091]
2023-11-09 12:55:55.788 | INFO     | ortho:train:228 - [iter:31/50][iter_time:44.49]
2023-11-09 12:58:11.260 | INFO     | ortho:train:299 - [iter:31/50][code_length:16][mAP:0.55617][mAP_all:0.54276][best_mAP:0.55617]
2023-11-09 12:58:11.260 | INFO     | ortho:train:300 - [iter:31/50][code_length:16][zs_mAP:0.38056][zs_mAP_all:0.09609]
2023-11-09 12:58:25.879 | INFO     | ortho:train:225 - [epoch:1/3][loss:3.569377]
2023-11-09 12:58:40.800 | INFO     | ortho:train:225 - [epoch:2/3][loss:3.478897]
2023-11-09 12:58:55.775 | INFO     | ortho:train:225 - [epoch:3/3][loss:3.252512]
2023-11-09 12:58:55.776 | INFO     | ortho:train:228 - [iter:32/50][iter_time:44.52]
2023-11-09 13:01:10.382 | INFO     | ortho:train:299 - [iter:32/50][code_length:16][mAP:0.56226][mAP_all:0.54854][best_mAP:0.56226]
2023-11-09 13:01:10.382 | INFO     | ortho:train:300 - [iter:32/50][code_length:16][zs_mAP:0.38180][zs_mAP_all:0.09689]
2023-11-09 13:01:24.981 | INFO     | ortho:train:225 - [epoch:1/3][loss:3.467347]
2023-11-09 13:01:39.921 | INFO     | ortho:train:225 - [epoch:2/3][loss:3.372950]
2023-11-09 13:01:54.928 | INFO     | ortho:train:225 - [epoch:3/3][loss:3.275674]
2023-11-09 13:01:54.929 | INFO     | ortho:train:228 - [iter:33/50][iter_time:44.55]
2023-11-09 13:04:11.981 | INFO     | ortho:train:299 - [iter:33/50][code_length:16][mAP:0.57062][mAP_all:0.55673][best_mAP:0.57062]
2023-11-09 13:04:11.981 | INFO     | ortho:train:300 - [iter:33/50][code_length:16][zs_mAP:0.36924][zs_mAP_all:0.09503]
2023-11-09 13:04:26.839 | INFO     | ortho:train:225 - [epoch:1/3][loss:3.528488]
2023-11-09 13:04:42.014 | INFO     | ortho:train:225 - [epoch:2/3][loss:3.369978]
2023-11-09 13:04:57.229 | INFO     | ortho:train:225 - [epoch:3/3][loss:3.182014]
2023-11-09 13:04:57.230 | INFO     | ortho:train:228 - [iter:34/50][iter_time:45.25]
2023-11-09 13:07:14.025 | INFO     | ortho:train:299 - [iter:34/50][code_length:16][mAP:0.57281][mAP_all:0.55905][best_mAP:0.57281]
2023-11-09 13:07:14.026 | INFO     | ortho:train:300 - [iter:34/50][code_length:16][zs_mAP:0.36629][zs_mAP_all:0.09176]
2023-11-09 13:07:28.915 | INFO     | ortho:train:225 - [epoch:1/3][loss:3.420161]
2023-11-09 13:07:44.400 | INFO     | ortho:train:225 - [epoch:2/3][loss:3.274535]
2023-11-09 13:07:59.591 | INFO     | ortho:train:225 - [epoch:3/3][loss:3.163037]
2023-11-09 13:07:59.591 | INFO     | ortho:train:228 - [iter:35/50][iter_time:45.57]
2023-11-09 13:10:15.852 | INFO     | ortho:train:299 - [iter:35/50][code_length:16][mAP:0.57439][mAP_all:0.56107][best_mAP:0.57439]
2023-11-09 13:10:15.853 | INFO     | ortho:train:300 - [iter:35/50][code_length:16][zs_mAP:0.37068][zs_mAP_all:0.09510]
2023-11-09 13:10:30.645 | INFO     | ortho:train:225 - [epoch:1/3][loss:3.430765]
2023-11-09 13:10:45.775 | INFO     | ortho:train:225 - [epoch:2/3][loss:3.283785]
2023-11-09 13:11:00.983 | INFO     | ortho:train:225 - [epoch:3/3][loss:3.265273]
2023-11-09 13:11:00.984 | INFO     | ortho:train:228 - [iter:36/50][iter_time:45.13]
2023-11-09 13:13:16.667 | INFO     | ortho:train:299 - [iter:36/50][code_length:16][mAP:0.58198][mAP_all:0.56885][best_mAP:0.58198]
2023-11-09 13:13:16.668 | INFO     | ortho:train:300 - [iter:36/50][code_length:16][zs_mAP:0.36525][zs_mAP_all:0.09222]
2023-11-09 13:13:31.485 | INFO     | ortho:train:225 - [epoch:1/3][loss:3.374572]
2023-11-09 13:13:46.668 | INFO     | ortho:train:225 - [epoch:2/3][loss:3.252258]
2023-11-09 13:14:01.886 | INFO     | ortho:train:225 - [epoch:3/3][loss:3.066935]
2023-11-09 13:14:01.886 | INFO     | ortho:train:228 - [iter:37/50][iter_time:45.22]
2023-11-09 13:16:17.432 | INFO     | ortho:train:299 - [iter:37/50][code_length:16][mAP:0.58642][mAP_all:0.57311][best_mAP:0.58642]
2023-11-09 13:16:17.433 | INFO     | ortho:train:300 - [iter:37/50][code_length:16][zs_mAP:0.37065][zs_mAP_all:0.09300]
2023-11-09 13:16:31.979 | INFO     | ortho:train:225 - [epoch:1/3][loss:3.433698]
2023-11-09 13:16:46.879 | INFO     | ortho:train:225 - [epoch:2/3][loss:3.179691]
2023-11-09 13:17:01.803 | INFO     | ortho:train:225 - [epoch:3/3][loss:3.171726]
2023-11-09 13:17:01.803 | INFO     | ortho:train:228 - [iter:38/50][iter_time:44.37]
2023-11-09 13:19:16.464 | INFO     | ortho:train:299 - [iter:38/50][code_length:16][mAP:0.59209][mAP_all:0.57842][best_mAP:0.59209]
2023-11-09 13:19:16.465 | INFO     | ortho:train:300 - [iter:38/50][code_length:16][zs_mAP:0.36566][zs_mAP_all:0.09318]
2023-11-09 13:19:31.098 | INFO     | ortho:train:225 - [epoch:1/3][loss:3.443776]
2023-11-09 13:19:46.132 | INFO     | ortho:train:225 - [epoch:2/3][loss:3.344174]
2023-11-09 13:20:01.033 | INFO     | ortho:train:225 - [epoch:3/3][loss:3.232808]
2023-11-09 13:20:01.034 | INFO     | ortho:train:228 - [iter:39/50][iter_time:44.57]
2023-11-09 13:22:14.524 | INFO     | ortho:train:299 - [iter:39/50][code_length:16][mAP:0.59162][mAP_all:0.57782][best_mAP:0.59209]
2023-11-09 13:22:14.525 | INFO     | ortho:train:300 - [iter:39/50][code_length:16][zs_mAP:0.38961][zs_mAP_all:0.09946]
2023-11-09 13:22:29.045 | INFO     | ortho:train:225 - [epoch:1/3][loss:3.459053]
2023-11-09 13:22:43.865 | INFO     | ortho:train:225 - [epoch:2/3][loss:3.273002]
2023-11-09 13:22:58.730 | INFO     | ortho:train:225 - [epoch:3/3][loss:3.235035]
2023-11-09 13:22:58.731 | INFO     | ortho:train:228 - [iter:40/50][iter_time:44.21]
2023-11-09 13:25:12.560 | INFO     | ortho:train:299 - [iter:40/50][code_length:16][mAP:0.60886][mAP_all:0.59473][best_mAP:0.60886]
2023-11-09 13:25:12.561 | INFO     | ortho:train:300 - [iter:40/50][code_length:16][zs_mAP:0.38463][zs_mAP_all:0.09864]
2023-11-09 13:25:27.046 | INFO     | ortho:train:225 - [epoch:1/3][loss:3.351929]
2023-11-09 13:25:41.877 | INFO     | ortho:train:225 - [epoch:2/3][loss:3.158546]
2023-11-09 13:25:56.758 | INFO     | ortho:train:225 - [epoch:3/3][loss:3.171805]
2023-11-09 13:25:56.759 | INFO     | ortho:train:228 - [iter:41/50][iter_time:44.20]
2023-11-09 13:28:10.676 | INFO     | ortho:train:299 - [iter:41/50][code_length:16][mAP:0.61081][mAP_all:0.59717][best_mAP:0.61081]
2023-11-09 13:28:10.676 | INFO     | ortho:train:300 - [iter:41/50][code_length:16][zs_mAP:0.39787][zs_mAP_all:0.10525]
2023-11-09 13:28:25.119 | INFO     | ortho:train:225 - [epoch:1/3][loss:3.394537]
2023-11-09 13:28:39.857 | INFO     | ortho:train:225 - [epoch:2/3][loss:3.245352]
2023-11-09 13:28:54.695 | INFO     | ortho:train:225 - [epoch:3/3][loss:3.080190]
2023-11-09 13:28:54.696 | INFO     | ortho:train:228 - [iter:42/50][iter_time:44.02]
2023-11-09 13:31:08.118 | INFO     | ortho:train:299 - [iter:42/50][code_length:16][mAP:0.60710][mAP_all:0.59343][best_mAP:0.61081]
2023-11-09 13:31:08.119 | INFO     | ortho:train:300 - [iter:42/50][code_length:16][zs_mAP:0.38154][zs_mAP_all:0.10078]
2023-11-09 13:31:22.637 | INFO     | ortho:train:225 - [epoch:1/3][loss:3.391693]
2023-11-09 13:31:37.431 | INFO     | ortho:train:225 - [epoch:2/3][loss:3.198060]
2023-11-09 13:31:52.284 | INFO     | ortho:train:225 - [epoch:3/3][loss:3.105760]
2023-11-09 13:31:52.284 | INFO     | ortho:train:228 - [iter:43/50][iter_time:44.16]
2023-11-09 13:34:06.115 | INFO     | ortho:train:299 - [iter:43/50][code_length:16][mAP:0.61329][mAP_all:0.60011][best_mAP:0.61329]
2023-11-09 13:34:06.115 | INFO     | ortho:train:300 - [iter:43/50][code_length:16][zs_mAP:0.37438][zs_mAP_all:0.09617]
2023-11-09 13:34:20.575 | INFO     | ortho:train:225 - [epoch:1/3][loss:3.294462]
2023-11-09 13:34:35.400 | INFO     | ortho:train:225 - [epoch:2/3][loss:3.179751]
2023-11-09 13:34:50.262 | INFO     | ortho:train:225 - [epoch:3/3][loss:3.036002]
2023-11-09 13:34:50.262 | INFO     | ortho:train:228 - [iter:44/50][iter_time:44.15]
2023-11-09 13:37:05.248 | INFO     | ortho:train:299 - [iter:44/50][code_length:16][mAP:0.61634][mAP_all:0.60295][best_mAP:0.61634]
2023-11-09 13:37:05.248 | INFO     | ortho:train:300 - [iter:44/50][code_length:16][zs_mAP:0.37000][zs_mAP_all:0.09327]
2023-11-09 13:37:19.880 | INFO     | ortho:train:225 - [epoch:1/3][loss:3.335117]
2023-11-09 13:37:34.787 | INFO     | ortho:train:225 - [epoch:2/3][loss:3.186227]
2023-11-09 13:37:49.663 | INFO     | ortho:train:225 - [epoch:3/3][loss:3.109863]
2023-11-09 13:37:49.663 | INFO     | ortho:train:228 - [iter:45/50][iter_time:44.42]
2023-11-09 13:40:04.951 | INFO     | ortho:train:299 - [iter:45/50][code_length:16][mAP:0.61834][mAP_all:0.60449][best_mAP:0.61834]
2023-11-09 13:40:04.951 | INFO     | ortho:train:300 - [iter:45/50][code_length:16][zs_mAP:0.38261][zs_mAP_all:0.09914]
2023-11-09 13:40:19.681 | INFO     | ortho:train:225 - [epoch:1/3][loss:3.199892]
2023-11-09 13:40:34.971 | INFO     | ortho:train:225 - [epoch:2/3][loss:3.221113]
2023-11-09 13:40:49.922 | INFO     | ortho:train:225 - [epoch:3/3][loss:3.223870]
2023-11-09 13:40:49.923 | INFO     | ortho:train:228 - [iter:46/50][iter_time:44.97]
2023-11-09 13:43:05.185 | INFO     | ortho:train:299 - [iter:46/50][code_length:16][mAP:0.62870][mAP_all:0.61493][best_mAP:0.62870]
2023-11-09 13:43:05.186 | INFO     | ortho:train:300 - [iter:46/50][code_length:16][zs_mAP:0.38566][zs_mAP_all:0.09869]
2023-11-09 13:43:19.908 | INFO     | ortho:train:225 - [epoch:1/3][loss:3.232157]
2023-11-09 13:43:34.961 | INFO     | ortho:train:225 - [epoch:2/3][loss:3.242411]
2023-11-09 13:43:49.868 | INFO     | ortho:train:225 - [epoch:3/3][loss:3.219222]
2023-11-09 13:43:49.869 | INFO     | ortho:train:228 - [iter:47/50][iter_time:44.68]
2023-11-09 13:46:04.846 | INFO     | ortho:train:299 - [iter:47/50][code_length:16][mAP:0.62988][mAP_all:0.61613][best_mAP:0.62988]
2023-11-09 13:46:04.846 | INFO     | ortho:train:300 - [iter:47/50][code_length:16][zs_mAP:0.39149][zs_mAP_all:0.10043]
2023-11-09 13:46:19.495 | INFO     | ortho:train:225 - [epoch:1/3][loss:3.256914]
2023-11-09 13:46:34.485 | INFO     | ortho:train:225 - [epoch:2/3][loss:3.211708]
2023-11-09 13:46:49.518 | INFO     | ortho:train:225 - [epoch:3/3][loss:3.117060]
2023-11-09 13:46:49.518 | INFO     | ortho:train:228 - [iter:48/50][iter_time:44.67]
2023-11-09 13:49:04.442 | INFO     | ortho:train:299 - [iter:48/50][code_length:16][mAP:0.63569][mAP_all:0.62205][best_mAP:0.63569]
2023-11-09 13:49:04.442 | INFO     | ortho:train:300 - [iter:48/50][code_length:16][zs_mAP:0.38830][zs_mAP_all:0.09966]
2023-11-09 13:49:19.159 | INFO     | ortho:train:225 - [epoch:1/3][loss:3.290390]
2023-11-09 13:49:34.166 | INFO     | ortho:train:225 - [epoch:2/3][loss:3.210584]
2023-11-09 13:49:49.249 | INFO     | ortho:train:225 - [epoch:3/3][loss:3.201610]
2023-11-09 13:49:49.250 | INFO     | ortho:train:228 - [iter:49/50][iter_time:44.81]
2023-11-09 13:52:04.352 | INFO     | ortho:train:299 - [iter:49/50][code_length:16][mAP:0.64090][mAP_all:0.62744][best_mAP:0.64090]
2023-11-09 13:52:04.352 | INFO     | ortho:train:300 - [iter:49/50][code_length:16][zs_mAP:0.38906][zs_mAP_all:0.10147]
2023-11-09 13:52:19.009 | INFO     | ortho:train:225 - [epoch:1/3][loss:3.204740]
2023-11-09 13:52:34.058 | INFO     | ortho:train:225 - [epoch:2/3][loss:3.227621]
2023-11-09 13:52:49.170 | INFO     | ortho:train:225 - [epoch:3/3][loss:3.184206]
2023-11-09 13:52:49.171 | INFO     | ortho:train:228 - [iter:50/50][iter_time:44.82]
2023-11-09 13:55:03.980 | INFO     | ortho:train:299 - [iter:50/50][code_length:16][mAP:0.63862][mAP_all:0.62492][best_mAP:0.64090]
2023-11-09 13:55:03.981 | INFO     | ortho:train:300 - [iter:50/50][code_length:16][zs_mAP:0.39064][zs_mAP_all:0.10228]
2023-11-09 13:55:03.981 | INFO     | ortho:train:302 - [Training time:8986.01]
2023-11-09 13:55:03.982 | INFO     | __main__:run:126 - [code_length:16][map:0.6409][map_all:0.6274][zs_map:0.3891][zs_map_all:0.1015]
2023-11-09 13:55:18.877 | INFO     | ortho:train:225 - [epoch:1/3][loss:6.271484]
2023-11-09 13:55:33.875 | INFO     | ortho:train:225 - [epoch:2/3][loss:5.516631]
2023-11-09 13:55:48.966 | INFO     | ortho:train:225 - [epoch:3/3][loss:5.190307]
2023-11-09 13:55:48.966 | INFO     | ortho:train:228 - [iter:1/50][iter_time:44.63]
2023-11-09 13:58:03.121 | INFO     | ortho:train:299 - [iter:1/50][code_length:32][mAP:0.11384][mAP_all:0.10714][best_mAP:0.11384]
2023-11-09 13:58:03.121 | INFO     | ortho:train:300 - [iter:1/50][code_length:32][zs_mAP:0.30048][zs_mAP_all:0.06543]
2023-11-09 13:58:17.626 | INFO     | ortho:train:225 - [epoch:1/3][loss:5.277512]
2023-11-09 13:58:32.426 | INFO     | ortho:train:225 - [epoch:2/3][loss:4.991545]
2023-11-09 13:58:47.282 | INFO     | ortho:train:225 - [epoch:3/3][loss:4.759439]
2023-11-09 13:58:47.283 | INFO     | ortho:train:228 - [iter:2/50][iter_time:44.16]
2023-11-09 14:01:01.957 | INFO     | ortho:train:299 - [iter:2/50][code_length:32][mAP:0.16327][mAP_all:0.15372][best_mAP:0.16327]
2023-11-09 14:01:01.957 | INFO     | ortho:train:300 - [iter:2/50][code_length:32][zs_mAP:0.35719][zs_mAP_all:0.08544]
2023-11-09 14:01:16.488 | INFO     | ortho:train:225 - [epoch:1/3][loss:4.907704]
2023-11-09 14:01:31.387 | INFO     | ortho:train:225 - [epoch:2/3][loss:4.652592]
2023-11-09 14:01:46.482 | INFO     | ortho:train:225 - [epoch:3/3][loss:4.479263]
2023-11-09 14:01:46.482 | INFO     | ortho:train:228 - [iter:3/50][iter_time:44.52]
2023-11-09 14:04:01.853 | INFO     | ortho:train:299 - [iter:3/50][code_length:32][mAP:0.21544][mAP_all:0.20385][best_mAP:0.21544]
2023-11-09 14:04:01.853 | INFO     | ortho:train:300 - [iter:3/50][code_length:32][zs_mAP:0.40111][zs_mAP_all:0.10294]
2023-11-09 14:04:16.382 | INFO     | ortho:train:225 - [epoch:1/3][loss:4.617309]
2023-11-09 14:04:31.203 | INFO     | ortho:train:225 - [epoch:2/3][loss:4.427496]
2023-11-09 14:04:46.241 | INFO     | ortho:train:225 - [epoch:3/3][loss:4.233897]
2023-11-09 14:04:46.241 | INFO     | ortho:train:228 - [iter:4/50][iter_time:44.39]
2023-11-09 14:07:01.633 | INFO     | ortho:train:299 - [iter:4/50][code_length:32][mAP:0.26012][mAP_all:0.24738][best_mAP:0.26012]
2023-11-09 14:07:01.634 | INFO     | ortho:train:300 - [iter:4/50][code_length:32][zs_mAP:0.41659][zs_mAP_all:0.11364]
2023-11-09 14:07:16.121 | INFO     | ortho:train:225 - [epoch:1/3][loss:4.420024]
2023-11-09 14:07:30.901 | INFO     | ortho:train:225 - [epoch:2/3][loss:4.204978]
2023-11-09 14:07:45.840 | INFO     | ortho:train:225 - [epoch:3/3][loss:4.059042]
2023-11-09 14:07:45.840 | INFO     | ortho:train:228 - [iter:5/50][iter_time:44.21]
2023-11-09 14:10:01.014 | INFO     | ortho:train:299 - [iter:5/50][code_length:32][mAP:0.29862][mAP_all:0.28470][best_mAP:0.29862]
2023-11-09 14:10:01.014 | INFO     | ortho:train:300 - [iter:5/50][code_length:32][zs_mAP:0.42716][zs_mAP_all:0.11724]
2023-11-09 14:10:15.610 | INFO     | ortho:train:225 - [epoch:1/3][loss:4.239719]
2023-11-09 14:10:30.426 | INFO     | ortho:train:225 - [epoch:2/3][loss:4.037196]
2023-11-09 14:10:45.291 | INFO     | ortho:train:225 - [epoch:3/3][loss:3.939365]
2023-11-09 14:10:45.292 | INFO     | ortho:train:228 - [iter:6/50][iter_time:44.28]
2023-11-09 14:13:00.692 | INFO     | ortho:train:299 - [iter:6/50][code_length:32][mAP:0.33821][mAP_all:0.32328][best_mAP:0.33821]
2023-11-09 14:13:00.692 | INFO     | ortho:train:300 - [iter:6/50][code_length:32][zs_mAP:0.44347][zs_mAP_all:0.12721]
2023-11-09 14:13:15.428 | INFO     | ortho:train:225 - [epoch:1/3][loss:4.130140]
2023-11-09 14:13:30.373 | INFO     | ortho:train:225 - [epoch:2/3][loss:3.973055]
2023-11-09 14:13:45.273 | INFO     | ortho:train:225 - [epoch:3/3][loss:3.814930]
2023-11-09 14:13:45.273 | INFO     | ortho:train:228 - [iter:7/50][iter_time:44.58]
2023-11-09 14:16:00.672 | INFO     | ortho:train:299 - [iter:7/50][code_length:32][mAP:0.36839][mAP_all:0.35308][best_mAP:0.36839]
2023-11-09 14:16:00.673 | INFO     | ortho:train:300 - [iter:7/50][code_length:32][zs_mAP:0.45413][zs_mAP_all:0.13088]
2023-11-09 14:16:15.439 | INFO     | ortho:train:225 - [epoch:1/3][loss:3.972884]
2023-11-09 14:16:30.447 | INFO     | ortho:train:225 - [epoch:2/3][loss:3.826957]
2023-11-09 14:16:45.317 | INFO     | ortho:train:225 - [epoch:3/3][loss:3.713726]
2023-11-09 14:16:45.318 | INFO     | ortho:train:228 - [iter:8/50][iter_time:44.64]
2023-11-09 14:19:00.445 | INFO     | ortho:train:299 - [iter:8/50][code_length:32][mAP:0.39612][mAP_all:0.38012][best_mAP:0.39612]
2023-11-09 14:19:00.445 | INFO     | ortho:train:300 - [iter:8/50][code_length:32][zs_mAP:0.45709][zs_mAP_all:0.12968]
2023-11-09 14:19:15.109 | INFO     | ortho:train:225 - [epoch:1/3][loss:3.983190]
2023-11-09 14:19:30.089 | INFO     | ortho:train:225 - [epoch:2/3][loss:3.778051]
2023-11-09 14:19:44.953 | INFO     | ortho:train:225 - [epoch:3/3][loss:3.647739]
2023-11-09 14:19:44.953 | INFO     | ortho:train:228 - [iter:9/50][iter_time:44.51]
2023-11-09 14:21:59.783 | INFO     | ortho:train:299 - [iter:9/50][code_length:32][mAP:0.42026][mAP_all:0.40427][best_mAP:0.42026]
2023-11-09 14:21:59.783 | INFO     | ortho:train:300 - [iter:9/50][code_length:32][zs_mAP:0.45820][zs_mAP_all:0.13117]
2023-11-09 14:22:14.515 | INFO     | ortho:train:225 - [epoch:1/3][loss:3.876557]
2023-11-09 14:22:29.567 | INFO     | ortho:train:225 - [epoch:2/3][loss:3.632971]
2023-11-09 14:22:44.580 | INFO     | ortho:train:225 - [epoch:3/3][loss:3.487981]
2023-11-09 14:22:44.581 | INFO     | ortho:train:228 - [iter:10/50][iter_time:44.80]
2023-11-09 14:24:59.666 | INFO     | ortho:train:299 - [iter:10/50][code_length:32][mAP:0.44815][mAP_all:0.43140][best_mAP:0.44815]
2023-11-09 14:24:59.666 | INFO     | ortho:train:300 - [iter:10/50][code_length:32][zs_mAP:0.45084][zs_mAP_all:0.12692]
2023-11-09 14:25:14.326 | INFO     | ortho:train:225 - [epoch:1/3][loss:3.802505]
2023-11-09 14:25:29.314 | INFO     | ortho:train:225 - [epoch:2/3][loss:3.577410]
2023-11-09 14:25:44.355 | INFO     | ortho:train:225 - [epoch:3/3][loss:3.395884]
2023-11-09 14:25:44.356 | INFO     | ortho:train:228 - [iter:11/50][iter_time:44.69]
2023-11-09 14:27:59.241 | INFO     | ortho:train:299 - [iter:11/50][code_length:32][mAP:0.46964][mAP_all:0.45283][best_mAP:0.46964]
2023-11-09 14:27:59.241 | INFO     | ortho:train:300 - [iter:11/50][code_length:32][zs_mAP:0.44934][zs_mAP_all:0.13066]
2023-11-09 14:28:13.944 | INFO     | ortho:train:225 - [epoch:1/3][loss:3.666692]
2023-11-09 14:28:29.028 | INFO     | ortho:train:225 - [epoch:2/3][loss:3.460624]
2023-11-09 14:28:44.111 | INFO     | ortho:train:225 - [epoch:3/3][loss:3.382428]
2023-11-09 14:28:44.111 | INFO     | ortho:train:228 - [iter:12/50][iter_time:44.87]
2023-11-09 14:30:59.124 | INFO     | ortho:train:299 - [iter:12/50][code_length:32][mAP:0.48358][mAP_all:0.46631][best_mAP:0.48358]
2023-11-09 14:30:59.124 | INFO     | ortho:train:300 - [iter:12/50][code_length:32][zs_mAP:0.45185][zs_mAP_all:0.13520]
2023-11-09 14:31:13.695 | INFO     | ortho:train:225 - [epoch:1/3][loss:3.569399]
2023-11-09 14:31:28.721 | INFO     | ortho:train:225 - [epoch:2/3][loss:3.395668]
2023-11-09 14:31:43.793 | INFO     | ortho:train:225 - [epoch:3/3][loss:3.352199]
2023-11-09 14:31:43.794 | INFO     | ortho:train:228 - [iter:13/50][iter_time:44.67]
2023-11-09 14:33:58.702 | INFO     | ortho:train:299 - [iter:13/50][code_length:32][mAP:0.49994][mAP_all:0.48209][best_mAP:0.49994]
2023-11-09 14:33:58.703 | INFO     | ortho:train:300 - [iter:13/50][code_length:32][zs_mAP:0.46676][zs_mAP_all:0.13501]
2023-11-09 14:34:13.234 | INFO     | ortho:train:225 - [epoch:1/3][loss:3.590223]
2023-11-09 14:34:28.190 | INFO     | ortho:train:225 - [epoch:2/3][loss:3.375208]
2023-11-09 14:34:43.196 | INFO     | ortho:train:225 - [epoch:3/3][loss:3.266410]
2023-11-09 14:34:43.196 | INFO     | ortho:train:228 - [iter:14/50][iter_time:44.49]
2023-11-09 14:36:58.014 | INFO     | ortho:train:299 - [iter:14/50][code_length:32][mAP:0.51619][mAP_all:0.49870][best_mAP:0.51619]
2023-11-09 14:36:58.015 | INFO     | ortho:train:300 - [iter:14/50][code_length:32][zs_mAP:0.46495][zs_mAP_all:0.13356]
2023-11-09 14:37:12.494 | INFO     | ortho:train:225 - [epoch:1/3][loss:3.549471]
2023-11-09 14:37:27.390 | INFO     | ortho:train:225 - [epoch:2/3][loss:3.326055]
2023-11-09 14:37:42.405 | INFO     | ortho:train:225 - [epoch:3/3][loss:3.311516]
2023-11-09 14:37:42.405 | INFO     | ortho:train:228 - [iter:15/50][iter_time:44.39]
2023-11-09 14:39:57.380 | INFO     | ortho:train:299 - [iter:15/50][code_length:32][mAP:0.52710][mAP_all:0.50854][best_mAP:0.52710]
2023-11-09 14:39:57.380 | INFO     | ortho:train:300 - [iter:15/50][code_length:32][zs_mAP:0.46784][zs_mAP_all:0.13291]
2023-11-09 14:40:11.833 | INFO     | ortho:train:225 - [epoch:1/3][loss:3.595155]
2023-11-09 14:40:26.639 | INFO     | ortho:train:225 - [epoch:2/3][loss:3.330733]
2023-11-09 14:40:41.665 | INFO     | ortho:train:225 - [epoch:3/3][loss:3.210717]
2023-11-09 14:40:41.665 | INFO     | ortho:train:228 - [iter:16/50][iter_time:44.29]
2023-11-09 14:42:56.942 | INFO     | ortho:train:299 - [iter:16/50][code_length:32][mAP:0.54059][mAP_all:0.52182][best_mAP:0.54059]
2023-11-09 14:42:56.943 | INFO     | ortho:train:300 - [iter:16/50][code_length:32][zs_mAP:0.46130][zs_mAP_all:0.13686]
2023-11-09 14:43:11.746 | INFO     | ortho:train:225 - [epoch:1/3][loss:3.439817]
2023-11-09 14:43:26.999 | INFO     | ortho:train:225 - [epoch:2/3][loss:3.268201]
2023-11-09 14:43:42.524 | INFO     | ortho:train:225 - [epoch:3/3][loss:3.226865]
2023-11-09 14:43:42.524 | INFO     | ortho:train:228 - [iter:17/50][iter_time:45.58]
2023-11-09 14:45:57.678 | INFO     | ortho:train:299 - [iter:17/50][code_length:32][mAP:0.55601][mAP_all:0.53729][best_mAP:0.55601]
2023-11-09 14:45:57.678 | INFO     | ortho:train:300 - [iter:17/50][code_length:32][zs_mAP:0.47849][zs_mAP_all:0.13798]
2023-11-09 14:46:12.165 | INFO     | ortho:train:225 - [epoch:1/3][loss:3.426082]
2023-11-09 14:46:27.148 | INFO     | ortho:train:225 - [epoch:2/3][loss:3.298873]
2023-11-09 14:46:42.056 | INFO     | ortho:train:225 - [epoch:3/3][loss:3.093748]
2023-11-09 14:46:42.057 | INFO     | ortho:train:228 - [iter:18/50][iter_time:44.38]
2023-11-09 14:48:57.436 | INFO     | ortho:train:299 - [iter:18/50][code_length:32][mAP:0.56710][mAP_all:0.54789][best_mAP:0.56710]
2023-11-09 14:48:57.437 | INFO     | ortho:train:300 - [iter:18/50][code_length:32][zs_mAP:0.48123][zs_mAP_all:0.14149]
2023-11-09 14:49:12.137 | INFO     | ortho:train:225 - [epoch:1/3][loss:3.378825]
2023-11-09 14:49:27.000 | INFO     | ortho:train:225 - [epoch:2/3][loss:3.307442]
2023-11-09 14:49:41.907 | INFO     | ortho:train:225 - [epoch:3/3][loss:3.110317]
2023-11-09 14:49:41.908 | INFO     | ortho:train:228 - [iter:19/50][iter_time:44.47]
2023-11-09 14:51:57.670 | INFO     | ortho:train:299 - [iter:19/50][code_length:32][mAP:0.57121][mAP_all:0.55187][best_mAP:0.57121]
2023-11-09 14:51:57.670 | INFO     | ortho:train:300 - [iter:19/50][code_length:32][zs_mAP:0.47419][zs_mAP_all:0.14026]
2023-11-09 14:52:12.321 | INFO     | ortho:train:225 - [epoch:1/3][loss:3.377897]
2023-11-09 14:52:27.219 | INFO     | ortho:train:225 - [epoch:2/3][loss:3.197777]
2023-11-09 14:52:42.101 | INFO     | ortho:train:225 - [epoch:3/3][loss:3.175386]
2023-11-09 14:52:42.102 | INFO     | ortho:train:228 - [iter:20/50][iter_time:44.43]
2023-11-09 14:54:56.975 | INFO     | ortho:train:299 - [iter:20/50][code_length:32][mAP:0.57096][mAP_all:0.55177][best_mAP:0.57121]
2023-11-09 14:54:56.976 | INFO     | ortho:train:300 - [iter:20/50][code_length:32][zs_mAP:0.48974][zs_mAP_all:0.14856]
2023-11-09 14:55:11.651 | INFO     | ortho:train:225 - [epoch:1/3][loss:3.277055]
2023-11-09 14:55:26.639 | INFO     | ortho:train:225 - [epoch:2/3][loss:3.140791]
2023-11-09 14:55:41.481 | INFO     | ortho:train:225 - [epoch:3/3][loss:3.053003]
2023-11-09 14:55:41.481 | INFO     | ortho:train:228 - [iter:21/50][iter_time:44.51]
2023-11-09 14:57:56.448 | INFO     | ortho:train:299 - [iter:21/50][code_length:32][mAP:0.58799][mAP_all:0.56790][best_mAP:0.58799]
2023-11-09 14:57:56.449 | INFO     | ortho:train:300 - [iter:21/50][code_length:32][zs_mAP:0.49434][zs_mAP_all:0.14284]
2023-11-09 14:58:11.188 | INFO     | ortho:train:225 - [epoch:1/3][loss:3.317160]
2023-11-09 14:58:26.263 | INFO     | ortho:train:225 - [epoch:2/3][loss:3.131728]
2023-11-09 14:58:41.291 | INFO     | ortho:train:225 - [epoch:3/3][loss:3.012662]
2023-11-09 14:58:41.291 | INFO     | ortho:train:228 - [iter:22/50][iter_time:44.84]
2023-11-09 15:00:58.613 | INFO     | ortho:train:299 - [iter:22/50][code_length:32][mAP:0.59626][mAP_all:0.57619][best_mAP:0.59626]
2023-11-09 15:00:58.614 | INFO     | ortho:train:300 - [iter:22/50][code_length:32][zs_mAP:0.50386][zs_mAP_all:0.14495]
2023-11-09 15:01:13.509 | INFO     | ortho:train:225 - [epoch:1/3][loss:3.169275]
2023-11-09 15:01:28.511 | INFO     | ortho:train:225 - [epoch:2/3][loss:3.070067]
2023-11-09 15:01:43.542 | INFO     | ortho:train:225 - [epoch:3/3][loss:3.003296]
2023-11-09 15:01:43.542 | INFO     | ortho:train:228 - [iter:23/50][iter_time:44.93]
2023-11-09 15:03:58.493 | INFO     | ortho:train:299 - [iter:23/50][code_length:32][mAP:0.59561][mAP_all:0.57527][best_mAP:0.59626]
2023-11-09 15:03:58.494 | INFO     | ortho:train:300 - [iter:23/50][code_length:32][zs_mAP:0.49621][zs_mAP_all:0.14270]
2023-11-09 15:04:13.040 | INFO     | ortho:train:225 - [epoch:1/3][loss:3.271091]
2023-11-09 15:04:27.870 | INFO     | ortho:train:225 - [epoch:2/3][loss:3.037921]
2023-11-09 15:04:42.714 | INFO     | ortho:train:225 - [epoch:3/3][loss:2.968111]
2023-11-09 15:04:42.715 | INFO     | ortho:train:228 - [iter:24/50][iter_time:44.22]
2023-11-09 15:06:56.822 | INFO     | ortho:train:299 - [iter:24/50][code_length:32][mAP:0.61168][mAP_all:0.59129][best_mAP:0.61168]
2023-11-09 15:06:56.823 | INFO     | ortho:train:300 - [iter:24/50][code_length:32][zs_mAP:0.49061][zs_mAP_all:0.14271]
2023-11-09 15:07:11.379 | INFO     | ortho:train:225 - [epoch:1/3][loss:3.274395]
2023-11-09 15:07:26.203 | INFO     | ortho:train:225 - [epoch:2/3][loss:2.992114]
2023-11-09 15:07:41.115 | INFO     | ortho:train:225 - [epoch:3/3][loss:3.045134]
2023-11-09 15:07:41.115 | INFO     | ortho:train:228 - [iter:25/50][iter_time:44.29]
2023-11-09 15:09:54.852 | INFO     | ortho:train:299 - [iter:25/50][code_length:32][mAP:0.61148][mAP_all:0.59142][best_mAP:0.61168]
2023-11-09 15:09:54.853 | INFO     | ortho:train:300 - [iter:25/50][code_length:32][zs_mAP:0.47903][zs_mAP_all:0.13785]
2023-11-09 15:10:09.419 | INFO     | ortho:train:225 - [epoch:1/3][loss:3.262098]
2023-11-09 15:10:24.236 | INFO     | ortho:train:225 - [epoch:2/3][loss:3.087681]
2023-11-09 15:10:39.135 | INFO     | ortho:train:225 - [epoch:3/3][loss:3.046816]
2023-11-09 15:10:39.136 | INFO     | ortho:train:228 - [iter:26/50][iter_time:44.28]
2023-11-09 15:12:54.853 | INFO     | ortho:train:299 - [iter:26/50][code_length:32][mAP:0.61769][mAP_all:0.59683][best_mAP:0.61769]
2023-11-09 15:12:54.853 | INFO     | ortho:train:300 - [iter:26/50][code_length:32][zs_mAP:0.49057][zs_mAP_all:0.14199]
2023-11-09 15:13:09.868 | INFO     | ortho:train:225 - [epoch:1/3][loss:3.208337]
2023-11-09 15:13:24.756 | INFO     | ortho:train:225 - [epoch:2/3][loss:3.029800]
2023-11-09 15:13:40.000 | INFO     | ortho:train:225 - [epoch:3/3][loss:2.948911]
2023-11-09 15:13:40.000 | INFO     | ortho:train:228 - [iter:27/50][iter_time:45.15]
2023-11-09 15:15:55.167 | INFO     | ortho:train:299 - [iter:27/50][code_length:32][mAP:0.62074][mAP_all:0.60064][best_mAP:0.62074]
2023-11-09 15:15:55.167 | INFO     | ortho:train:300 - [iter:27/50][code_length:32][zs_mAP:0.48333][zs_mAP_all:0.13786]
2023-11-09 15:16:09.937 | INFO     | ortho:train:225 - [epoch:1/3][loss:3.137967]
2023-11-09 15:16:24.765 | INFO     | ortho:train:225 - [epoch:2/3][loss:3.005535]
2023-11-09 15:16:39.656 | INFO     | ortho:train:225 - [epoch:3/3][loss:2.839084]
2023-11-09 15:16:39.656 | INFO     | ortho:train:228 - [iter:28/50][iter_time:44.49]
2023-11-09 15:18:55.394 | INFO     | ortho:train:299 - [iter:28/50][code_length:32][mAP:0.62578][mAP_all:0.60510][best_mAP:0.62578]
2023-11-09 15:18:55.394 | INFO     | ortho:train:300 - [iter:28/50][code_length:32][zs_mAP:0.49578][zs_mAP_all:0.14734]
2023-11-09 15:19:09.891 | INFO     | ortho:train:225 - [epoch:1/3][loss:3.086718]
2023-11-09 15:19:24.711 | INFO     | ortho:train:225 - [epoch:2/3][loss:2.924406]
2023-11-09 15:19:39.656 | INFO     | ortho:train:225 - [epoch:3/3][loss:2.904457]
2023-11-09 15:19:39.656 | INFO     | ortho:train:228 - [iter:29/50][iter_time:44.26]
2023-11-09 15:21:57.110 | INFO     | ortho:train:299 - [iter:29/50][code_length:32][mAP:0.62823][mAP_all:0.60743][best_mAP:0.62823]
2023-11-09 15:21:57.110 | INFO     | ortho:train:300 - [iter:29/50][code_length:32][zs_mAP:0.48762][zs_mAP_all:0.14138]
2023-11-09 15:22:11.909 | INFO     | ortho:train:225 - [epoch:1/3][loss:3.139482]
2023-11-09 15:22:26.962 | INFO     | ortho:train:225 - [epoch:2/3][loss:3.038853]
2023-11-09 15:22:42.534 | INFO     | ortho:train:225 - [epoch:3/3][loss:2.944381]
2023-11-09 15:22:42.535 | INFO     | ortho:train:228 - [iter:30/50][iter_time:45.42]
2023-11-09 15:24:59.001 | INFO     | ortho:train:299 - [iter:30/50][code_length:32][mAP:0.64017][mAP_all:0.61907][best_mAP:0.64017]
2023-11-09 15:24:59.001 | INFO     | ortho:train:300 - [iter:30/50][code_length:32][zs_mAP:0.49690][zs_mAP_all:0.14840]
2023-11-09 15:25:13.589 | INFO     | ortho:train:225 - [epoch:1/3][loss:3.104493]
2023-11-09 15:25:28.466 | INFO     | ortho:train:225 - [epoch:2/3][loss:2.989318]
2023-11-09 15:25:43.577 | INFO     | ortho:train:225 - [epoch:3/3][loss:2.870179]
2023-11-09 15:25:43.578 | INFO     | ortho:train:228 - [iter:31/50][iter_time:44.58]
2023-11-09 15:27:58.743 | INFO     | ortho:train:299 - [iter:31/50][code_length:32][mAP:0.64254][mAP_all:0.62170][best_mAP:0.64254]
2023-11-09 15:27:58.744 | INFO     | ortho:train:300 - [iter:31/50][code_length:32][zs_mAP:0.49024][zs_mAP_all:0.14164]
2023-11-09 15:28:13.801 | INFO     | ortho:train:225 - [epoch:1/3][loss:3.009330]
2023-11-09 15:28:28.804 | INFO     | ortho:train:225 - [epoch:2/3][loss:2.899753]
2023-11-09 15:28:44.006 | INFO     | ortho:train:225 - [epoch:3/3][loss:2.891386]
2023-11-09 15:28:44.006 | INFO     | ortho:train:228 - [iter:32/50][iter_time:45.26]
2023-11-09 15:30:59.877 | INFO     | ortho:train:299 - [iter:32/50][code_length:32][mAP:0.64686][mAP_all:0.62640][best_mAP:0.64686]
2023-11-09 15:30:59.877 | INFO     | ortho:train:300 - [iter:32/50][code_length:32][zs_mAP:0.49244][zs_mAP_all:0.14343]
2023-11-09 15:31:14.549 | INFO     | ortho:train:225 - [epoch:1/3][loss:3.151955]
2023-11-09 15:31:29.487 | INFO     | ortho:train:225 - [epoch:2/3][loss:2.920084]
2023-11-09 15:31:44.453 | INFO     | ortho:train:225 - [epoch:3/3][loss:2.871633]
2023-11-09 15:31:44.453 | INFO     | ortho:train:228 - [iter:33/50][iter_time:44.58]
2023-11-09 15:33:59.424 | INFO     | ortho:train:299 - [iter:33/50][code_length:32][mAP:0.65482][mAP_all:0.63396][best_mAP:0.65482]
2023-11-09 15:33:59.424 | INFO     | ortho:train:300 - [iter:33/50][code_length:32][zs_mAP:0.48578][zs_mAP_all:0.13690]
2023-11-09 15:34:14.067 | INFO     | ortho:train:225 - [epoch:1/3][loss:3.125677]
2023-11-09 15:34:28.999 | INFO     | ortho:train:225 - [epoch:2/3][loss:2.997232]
2023-11-09 15:34:43.938 | INFO     | ortho:train:225 - [epoch:3/3][loss:2.848095]
2023-11-09 15:34:43.939 | INFO     | ortho:train:228 - [iter:34/50][iter_time:44.51]
2023-11-09 15:36:58.909 | INFO     | ortho:train:299 - [iter:34/50][code_length:32][mAP:0.65933][mAP_all:0.63866][best_mAP:0.65933]
2023-11-09 15:36:58.910 | INFO     | ortho:train:300 - [iter:34/50][code_length:32][zs_mAP:0.49408][zs_mAP_all:0.13958]
2023-11-09 15:37:13.503 | INFO     | ortho:train:225 - [epoch:1/3][loss:2.991492]
2023-11-09 15:37:28.448 | INFO     | ortho:train:225 - [epoch:2/3][loss:2.915669]
2023-11-09 15:37:43.395 | INFO     | ortho:train:225 - [epoch:3/3][loss:2.786522]
2023-11-09 15:37:43.396 | INFO     | ortho:train:228 - [iter:35/50][iter_time:44.49]
2023-11-09 15:39:58.370 | INFO     | ortho:train:299 - [iter:35/50][code_length:32][mAP:0.66281][mAP_all:0.64177][best_mAP:0.66281]
2023-11-09 15:39:58.370 | INFO     | ortho:train:300 - [iter:35/50][code_length:32][zs_mAP:0.48487][zs_mAP_all:0.13841]
2023-11-09 15:40:12.979 | INFO     | ortho:train:225 - [epoch:1/3][loss:2.986439]
2023-11-09 15:40:27.910 | INFO     | ortho:train:225 - [epoch:2/3][loss:2.798737]
2023-11-09 15:40:42.873 | INFO     | ortho:train:225 - [epoch:3/3][loss:2.719703]
2023-11-09 15:40:42.873 | INFO     | ortho:train:228 - [iter:36/50][iter_time:44.50]
2023-11-09 15:42:57.653 | INFO     | ortho:train:299 - [iter:36/50][code_length:32][mAP:0.66494][mAP_all:0.64427][best_mAP:0.66494]
2023-11-09 15:42:57.654 | INFO     | ortho:train:300 - [iter:36/50][code_length:32][zs_mAP:0.49691][zs_mAP_all:0.14389]
2023-11-09 15:43:12.245 | INFO     | ortho:train:225 - [epoch:1/3][loss:3.079854]
2023-11-09 15:43:27.148 | INFO     | ortho:train:225 - [epoch:2/3][loss:2.842355]
2023-11-09 15:43:42.091 | INFO     | ortho:train:225 - [epoch:3/3][loss:2.796706]
2023-11-09 15:43:42.091 | INFO     | ortho:train:228 - [iter:37/50][iter_time:44.44]
2023-11-09 15:45:56.667 | INFO     | ortho:train:299 - [iter:37/50][code_length:32][mAP:0.66517][mAP_all:0.64414][best_mAP:0.66517]
2023-11-09 15:45:56.668 | INFO     | ortho:train:300 - [iter:37/50][code_length:32][zs_mAP:0.48649][zs_mAP_all:0.13452]
2023-11-09 15:46:11.206 | INFO     | ortho:train:225 - [epoch:1/3][loss:2.925501]
2023-11-09 15:46:26.066 | INFO     | ortho:train:225 - [epoch:2/3][loss:2.782022]
2023-11-09 15:46:40.976 | INFO     | ortho:train:225 - [epoch:3/3][loss:2.700549]
2023-11-09 15:46:40.976 | INFO     | ortho:train:228 - [iter:38/50][iter_time:44.31]
2023-11-09 15:48:55.787 | INFO     | ortho:train:299 - [iter:38/50][code_length:32][mAP:0.67020][mAP_all:0.64944][best_mAP:0.67020]
2023-11-09 15:48:55.787 | INFO     | ortho:train:300 - [iter:38/50][code_length:32][zs_mAP:0.50076][zs_mAP_all:0.14825]
2023-11-09 15:49:10.534 | INFO     | ortho:train:225 - [epoch:1/3][loss:2.972576]
2023-11-09 15:49:25.733 | INFO     | ortho:train:225 - [epoch:2/3][loss:2.822597]
2023-11-09 15:49:40.749 | INFO     | ortho:train:225 - [epoch:3/3][loss:2.795936]
2023-11-09 15:49:40.750 | INFO     | ortho:train:228 - [iter:39/50][iter_time:44.96]
2023-11-09 15:51:57.027 | INFO     | ortho:train:299 - [iter:39/50][code_length:32][mAP:0.67226][mAP_all:0.65099][best_mAP:0.67226]
2023-11-09 15:51:57.027 | INFO     | ortho:train:300 - [iter:39/50][code_length:32][zs_mAP:0.49928][zs_mAP_all:0.13894]
2023-11-09 15:52:11.685 | INFO     | ortho:train:225 - [epoch:1/3][loss:2.933722]
2023-11-09 15:52:26.714 | INFO     | ortho:train:225 - [epoch:2/3][loss:2.758761]
2023-11-09 15:52:42.033 | INFO     | ortho:train:225 - [epoch:3/3][loss:2.677509]
2023-11-09 15:52:42.033 | INFO     | ortho:train:228 - [iter:40/50][iter_time:45.01]
2023-11-09 15:54:58.101 | INFO     | ortho:train:299 - [iter:40/50][code_length:32][mAP:0.67864][mAP_all:0.65734][best_mAP:0.67864]
2023-11-09 15:54:58.102 | INFO     | ortho:train:300 - [iter:40/50][code_length:32][zs_mAP:0.49216][zs_mAP_all:0.14029]
2023-11-09 15:55:12.715 | INFO     | ortho:train:225 - [epoch:1/3][loss:2.926617]
2023-11-09 15:55:27.687 | INFO     | ortho:train:225 - [epoch:2/3][loss:2.826553]
2023-11-09 15:55:42.667 | INFO     | ortho:train:225 - [epoch:3/3][loss:2.694798]
2023-11-09 15:55:42.667 | INFO     | ortho:train:228 - [iter:41/50][iter_time:44.57]
2023-11-09 15:57:58.607 | INFO     | ortho:train:299 - [iter:41/50][code_length:32][mAP:0.67998][mAP_all:0.65887][best_mAP:0.67998]
2023-11-09 15:57:58.608 | INFO     | ortho:train:300 - [iter:41/50][code_length:32][zs_mAP:0.50190][zs_mAP_all:0.14367]
2023-11-09 15:58:13.502 | INFO     | ortho:train:225 - [epoch:1/3][loss:2.863244]
2023-11-09 15:58:28.578 | INFO     | ortho:train:225 - [epoch:2/3][loss:2.833443]
2023-11-09 15:58:43.651 | INFO     | ortho:train:225 - [epoch:3/3][loss:2.695106]
2023-11-09 15:58:43.651 | INFO     | ortho:train:228 - [iter:42/50][iter_time:45.04]
2023-11-09 16:00:58.436 | INFO     | ortho:train:299 - [iter:42/50][code_length:32][mAP:0.68190][mAP_all:0.66046][best_mAP:0.68190]
2023-11-09 16:00:58.436 | INFO     | ortho:train:300 - [iter:42/50][code_length:32][zs_mAP:0.50683][zs_mAP_all:0.14629]
2023-11-09 16:01:12.911 | INFO     | ortho:train:225 - [epoch:1/3][loss:2.866080]
2023-11-09 16:01:27.684 | INFO     | ortho:train:225 - [epoch:2/3][loss:2.707235]
2023-11-09 16:01:42.524 | INFO     | ortho:train:225 - [epoch:3/3][loss:2.643876]
2023-11-09 16:01:42.524 | INFO     | ortho:train:228 - [iter:43/50][iter_time:44.09]
2023-11-09 16:03:57.299 | INFO     | ortho:train:299 - [iter:43/50][code_length:32][mAP:0.68691][mAP_all:0.66608][best_mAP:0.68691]
2023-11-09 16:03:57.299 | INFO     | ortho:train:300 - [iter:43/50][code_length:32][zs_mAP:0.49878][zs_mAP_all:0.14634]
2023-11-09 16:04:12.257 | INFO     | ortho:train:225 - [epoch:1/3][loss:2.879518]
2023-11-09 16:04:27.186 | INFO     | ortho:train:225 - [epoch:2/3][loss:2.724241]
2023-11-09 16:04:42.548 | INFO     | ortho:train:225 - [epoch:3/3][loss:2.607017]
2023-11-09 16:04:42.549 | INFO     | ortho:train:228 - [iter:44/50][iter_time:45.25]
2023-11-09 16:06:57.838 | INFO     | ortho:train:299 - [iter:44/50][code_length:32][mAP:0.68750][mAP_all:0.66600][best_mAP:0.68750]
2023-11-09 16:06:57.838 | INFO     | ortho:train:300 - [iter:44/50][code_length:32][zs_mAP:0.49372][zs_mAP_all:0.13673]
2023-11-09 16:07:12.566 | INFO     | ortho:train:225 - [epoch:1/3][loss:2.914923]
2023-11-09 16:07:27.704 | INFO     | ortho:train:225 - [epoch:2/3][loss:2.731824]
2023-11-09 16:07:43.120 | INFO     | ortho:train:225 - [epoch:3/3][loss:2.621916]
2023-11-09 16:07:43.120 | INFO     | ortho:train:228 - [iter:45/50][iter_time:45.28]
2023-11-09 16:09:58.824 | INFO     | ortho:train:299 - [iter:45/50][code_length:32][mAP:0.69037][mAP_all:0.66918][best_mAP:0.69037]
2023-11-09 16:09:58.824 | INFO     | ortho:train:300 - [iter:45/50][code_length:32][zs_mAP:0.50207][zs_mAP_all:0.14462]
2023-11-09 16:10:13.414 | INFO     | ortho:train:225 - [epoch:1/3][loss:2.822205]
2023-11-09 16:10:28.222 | INFO     | ortho:train:225 - [epoch:2/3][loss:2.862466]
2023-11-09 16:10:43.008 | INFO     | ortho:train:225 - [epoch:3/3][loss:2.739329]
2023-11-09 16:10:43.009 | INFO     | ortho:train:228 - [iter:46/50][iter_time:44.18]
2023-11-09 16:12:56.375 | INFO     | ortho:train:299 - [iter:46/50][code_length:32][mAP:0.69407][mAP_all:0.67301][best_mAP:0.69407]
2023-11-09 16:12:56.376 | INFO     | ortho:train:300 - [iter:46/50][code_length:32][zs_mAP:0.50064][zs_mAP_all:0.14764]
2023-11-09 16:13:10.845 | INFO     | ortho:train:225 - [epoch:1/3][loss:2.760895]
2023-11-09 16:13:25.607 | INFO     | ortho:train:225 - [epoch:2/3][loss:2.816408]
2023-11-09 16:13:40.415 | INFO     | ortho:train:225 - [epoch:3/3][loss:2.645405]
2023-11-09 16:13:40.415 | INFO     | ortho:train:228 - [iter:47/50][iter_time:44.04]
2023-11-09 16:15:55.113 | INFO     | ortho:train:299 - [iter:47/50][code_length:32][mAP:0.70003][mAP_all:0.67894][best_mAP:0.70003]
2023-11-09 16:15:55.114 | INFO     | ortho:train:300 - [iter:47/50][code_length:32][zs_mAP:0.50081][zs_mAP_all:0.14602]
2023-11-09 16:16:09.706 | INFO     | ortho:train:225 - [epoch:1/3][loss:2.838269]
2023-11-09 16:16:24.573 | INFO     | ortho:train:225 - [epoch:2/3][loss:2.847439]
2023-11-09 16:16:39.462 | INFO     | ortho:train:225 - [epoch:3/3][loss:2.773176]
2023-11-09 16:16:39.462 | INFO     | ortho:train:228 - [iter:48/50][iter_time:44.35]
2023-11-09 16:18:56.081 | INFO     | ortho:train:299 - [iter:48/50][code_length:32][mAP:0.70193][mAP_all:0.68063][best_mAP:0.70193]
2023-11-09 16:18:56.081 | INFO     | ortho:train:300 - [iter:48/50][code_length:32][zs_mAP:0.49925][zs_mAP_all:0.14520]
2023-11-09 16:19:10.614 | INFO     | ortho:train:225 - [epoch:1/3][loss:2.766108]
2023-11-09 16:19:25.546 | INFO     | ortho:train:225 - [epoch:2/3][loss:2.769345]
2023-11-09 16:19:40.498 | INFO     | ortho:train:225 - [epoch:3/3][loss:2.679009]
2023-11-09 16:19:40.499 | INFO     | ortho:train:228 - [iter:49/50][iter_time:44.42]
2023-11-09 16:21:55.279 | INFO     | ortho:train:299 - [iter:49/50][code_length:32][mAP:0.70301][mAP_all:0.68178][best_mAP:0.70301]
2023-11-09 16:21:55.280 | INFO     | ortho:train:300 - [iter:49/50][code_length:32][zs_mAP:0.49966][zs_mAP_all:0.14554]
2023-11-09 16:22:09.801 | INFO     | ortho:train:225 - [epoch:1/3][loss:2.804693]
2023-11-09 16:22:24.738 | INFO     | ortho:train:225 - [epoch:2/3][loss:2.773694]
2023-11-09 16:22:40.308 | INFO     | ortho:train:225 - [epoch:3/3][loss:2.749140]
2023-11-09 16:22:40.308 | INFO     | ortho:train:228 - [iter:50/50][iter_time:45.03]
2023-11-09 16:24:55.694 | INFO     | ortho:train:299 - [iter:50/50][code_length:32][mAP:0.70281][mAP_all:0.68156][best_mAP:0.70301]
2023-11-09 16:24:55.695 | INFO     | ortho:train:300 - [iter:50/50][code_length:32][zs_mAP:0.50221][zs_mAP_all:0.14442]
2023-11-09 16:24:55.695 | INFO     | ortho:train:302 - [Training time:8991.36]
2023-11-09 16:24:55.696 | INFO     | __main__:run:126 - [code_length:32][map:0.7030][map_all:0.6818][zs_map:0.4997][zs_map_all:0.1455]
2023-11-09 16:25:10.646 | INFO     | ortho:train:225 - [epoch:1/3][loss:6.125742]
2023-11-09 16:25:25.759 | INFO     | ortho:train:225 - [epoch:2/3][loss:5.512076]
2023-11-09 16:25:40.988 | INFO     | ortho:train:225 - [epoch:3/3][loss:5.184309]
2023-11-09 16:25:40.988 | INFO     | ortho:train:228 - [iter:1/50][iter_time:44.94]
2023-11-09 16:27:57.343 | INFO     | ortho:train:299 - [iter:1/50][code_length:64][mAP:0.12347][mAP_all:0.11515][best_mAP:0.12347]
2023-11-09 16:27:57.343 | INFO     | ortho:train:300 - [iter:1/50][code_length:64][zs_mAP:0.32316][zs_mAP_all:0.09011]
2023-11-09 16:28:12.262 | INFO     | ortho:train:225 - [epoch:1/3][loss:5.197426]
2023-11-09 16:28:27.330 | INFO     | ortho:train:225 - [epoch:2/3][loss:4.961588]
2023-11-09 16:28:42.396 | INFO     | ortho:train:225 - [epoch:3/3][loss:4.714752]
2023-11-09 16:28:42.397 | INFO     | ortho:train:228 - [iter:2/50][iter_time:45.05]
2023-11-09 16:30:57.227 | INFO     | ortho:train:299 - [iter:2/50][code_length:64][mAP:0.18581][mAP_all:0.17422][best_mAP:0.18581]
2023-11-09 16:30:57.245 | INFO     | ortho:train:300 - [iter:2/50][code_length:64][zs_mAP:0.40814][zs_mAP_all:0.12065]
2023-11-09 16:31:11.936 | INFO     | ortho:train:225 - [epoch:1/3][loss:4.828739]
2023-11-09 16:31:27.149 | INFO     | ortho:train:225 - [epoch:2/3][loss:4.579840]
2023-11-09 16:31:42.452 | INFO     | ortho:train:225 - [epoch:3/3][loss:4.439814]
2023-11-09 16:31:42.452 | INFO     | ortho:train:228 - [iter:3/50][iter_time:45.21]
2023-11-09 16:33:58.016 | INFO     | ortho:train:299 - [iter:3/50][code_length:64][mAP:0.23785][mAP_all:0.22395][best_mAP:0.23785]
2023-11-09 16:33:58.092 | INFO     | ortho:train:300 - [iter:3/50][code_length:64][zs_mAP:0.44261][zs_mAP_all:0.13683]
2023-11-09 16:34:12.718 | INFO     | ortho:train:225 - [epoch:1/3][loss:4.565168]
2023-11-09 16:34:27.636 | INFO     | ortho:train:225 - [epoch:2/3][loss:4.324066]
2023-11-09 16:34:42.609 | INFO     | ortho:train:225 - [epoch:3/3][loss:4.181769]
2023-11-09 16:34:42.610 | INFO     | ortho:train:228 - [iter:4/50][iter_time:44.52]
2023-11-09 16:36:57.329 | INFO     | ortho:train:299 - [iter:4/50][code_length:64][mAP:0.28554][mAP_all:0.27032][best_mAP:0.28554]
2023-11-09 16:36:57.329 | INFO     | ortho:train:300 - [iter:4/50][code_length:64][zs_mAP:0.48051][zs_mAP_all:0.15081]
2023-11-09 16:37:11.918 | INFO     | ortho:train:225 - [epoch:1/3][loss:4.328572]
2023-11-09 16:37:26.852 | INFO     | ortho:train:225 - [epoch:2/3][loss:4.207144]
2023-11-09 16:37:41.835 | INFO     | ortho:train:225 - [epoch:3/3][loss:4.000883]
2023-11-09 16:37:41.835 | INFO     | ortho:train:228 - [iter:5/50][iter_time:44.51]
2023-11-09 16:39:57.407 | INFO     | ortho:train:299 - [iter:5/50][code_length:64][mAP:0.33120][mAP_all:0.31430][best_mAP:0.33120]
2023-11-09 16:39:57.421 | INFO     | ortho:train:300 - [iter:5/50][code_length:64][zs_mAP:0.50984][zs_mAP_all:0.16309]
2023-11-09 16:40:12.299 | INFO     | ortho:train:225 - [epoch:1/3][loss:4.225365]
2023-11-09 16:40:28.164 | INFO     | ortho:train:225 - [epoch:2/3][loss:4.028241]
2023-11-09 16:40:43.973 | INFO     | ortho:train:225 - [epoch:3/3][loss:3.878058]
2023-11-09 16:40:43.973 | INFO     | ortho:train:228 - [iter:6/50][iter_time:46.55]
2023-11-09 16:43:01.435 | INFO     | ortho:train:299 - [iter:6/50][code_length:64][mAP:0.36835][mAP_all:0.34996][best_mAP:0.36835]
2023-11-09 16:43:01.435 | INFO     | ortho:train:300 - [iter:6/50][code_length:64][zs_mAP:0.52630][zs_mAP_all:0.17169]
2023-11-09 16:43:16.088 | INFO     | ortho:train:225 - [epoch:1/3][loss:3.978219]
2023-11-09 16:43:31.294 | INFO     | ortho:train:225 - [epoch:2/3][loss:3.850864]
2023-11-09 16:43:47.050 | INFO     | ortho:train:225 - [epoch:3/3][loss:3.744720]
2023-11-09 16:43:47.050 | INFO     | ortho:train:228 - [iter:7/50][iter_time:45.61]
2023-11-09 16:46:02.850 | INFO     | ortho:train:299 - [iter:7/50][code_length:64][mAP:0.40596][mAP_all:0.38720][best_mAP:0.40596]
2023-11-09 16:46:02.864 | INFO     | ortho:train:300 - [iter:7/50][code_length:64][zs_mAP:0.53907][zs_mAP_all:0.18257]
2023-11-09 16:46:17.520 | INFO     | ortho:train:225 - [epoch:1/3][loss:3.890902]
2023-11-09 16:46:32.560 | INFO     | ortho:train:225 - [epoch:2/3][loss:3.754967]
2023-11-09 16:46:47.673 | INFO     | ortho:train:225 - [epoch:3/3][loss:3.668826]
2023-11-09 16:46:47.673 | INFO     | ortho:train:228 - [iter:8/50][iter_time:44.81]
2023-11-09 16:49:04.589 | INFO     | ortho:train:299 - [iter:8/50][code_length:64][mAP:0.43552][mAP_all:0.41635][best_mAP:0.43552]
2023-11-09 16:49:04.589 | INFO     | ortho:train:300 - [iter:8/50][code_length:64][zs_mAP:0.55621][zs_mAP_all:0.18752]
2023-11-09 16:49:19.418 | INFO     | ortho:train:225 - [epoch:1/3][loss:3.699474]
2023-11-09 16:49:34.533 | INFO     | ortho:train:225 - [epoch:2/3][loss:3.612716]
2023-11-09 16:49:49.552 | INFO     | ortho:train:225 - [epoch:3/3][loss:3.499052]
2023-11-09 16:49:49.553 | INFO     | ortho:train:228 - [iter:9/50][iter_time:44.96]
2023-11-09 16:52:04.020 | INFO     | ortho:train:299 - [iter:9/50][code_length:64][mAP:0.45735][mAP_all:0.43742][best_mAP:0.45735]
2023-11-09 16:52:04.020 | INFO     | ortho:train:300 - [iter:9/50][code_length:64][zs_mAP:0.55108][zs_mAP_all:0.18515]
2023-11-09 16:52:18.605 | INFO     | ortho:train:225 - [epoch:1/3][loss:3.677352]
2023-11-09 16:52:33.499 | INFO     | ortho:train:225 - [epoch:2/3][loss:3.542522]
2023-11-09 16:52:48.465 | INFO     | ortho:train:225 - [epoch:3/3][loss:3.401803]
2023-11-09 16:52:48.466 | INFO     | ortho:train:228 - [iter:10/50][iter_time:44.45]
2023-11-09 16:55:03.641 | INFO     | ortho:train:299 - [iter:10/50][code_length:64][mAP:0.48182][mAP_all:0.46136][best_mAP:0.48182]
2023-11-09 16:55:03.732 | INFO     | ortho:train:300 - [iter:10/50][code_length:64][zs_mAP:0.54945][zs_mAP_all:0.18268]
2023-11-09 16:55:18.944 | INFO     | ortho:train:225 - [epoch:1/3][loss:3.658480]
2023-11-09 16:55:33.884 | INFO     | ortho:train:225 - [epoch:2/3][loss:3.454905]
2023-11-09 16:55:48.879 | INFO     | ortho:train:225 - [epoch:3/3][loss:3.376245]
2023-11-09 16:55:48.880 | INFO     | ortho:train:228 - [iter:11/50][iter_time:45.15]
2023-11-09 16:58:03.665 | INFO     | ortho:train:299 - [iter:11/50][code_length:64][mAP:0.50119][mAP_all:0.48093][best_mAP:0.50119]
2023-11-09 16:58:03.676 | INFO     | ortho:train:300 - [iter:11/50][code_length:64][zs_mAP:0.55013][zs_mAP_all:0.18219]
2023-11-09 16:58:18.392 | INFO     | ortho:train:225 - [epoch:1/3][loss:3.555243]
2023-11-09 16:58:33.530 | INFO     | ortho:train:225 - [epoch:2/3][loss:3.500964]
2023-11-09 16:58:48.908 | INFO     | ortho:train:225 - [epoch:3/3][loss:3.288049]
2023-11-09 16:58:48.908 | INFO     | ortho:train:228 - [iter:12/50][iter_time:45.23]
2023-11-09 17:01:06.014 | INFO     | ortho:train:299 - [iter:12/50][code_length:64][mAP:0.52425][mAP_all:0.50283][best_mAP:0.52425]
2023-11-09 17:01:06.015 | INFO     | ortho:train:300 - [iter:12/50][code_length:64][zs_mAP:0.55659][zs_mAP_all:0.18682]
2023-11-09 17:01:20.624 | INFO     | ortho:train:225 - [epoch:1/3][loss:3.501411]
2023-11-09 17:01:35.527 | INFO     | ortho:train:225 - [epoch:2/3][loss:3.365609]
2023-11-09 17:01:50.505 | INFO     | ortho:train:225 - [epoch:3/3][loss:3.247997]
2023-11-09 17:01:50.506 | INFO     | ortho:train:228 - [iter:13/50][iter_time:44.49]
2023-11-09 17:04:04.704 | INFO     | ortho:train:299 - [iter:13/50][code_length:64][mAP:0.53792][mAP_all:0.51642][best_mAP:0.53792]
2023-11-09 17:04:04.704 | INFO     | ortho:train:300 - [iter:13/50][code_length:64][zs_mAP:0.56032][zs_mAP_all:0.19051]
2023-11-09 17:04:19.435 | INFO     | ortho:train:225 - [epoch:1/3][loss:3.358928]
2023-11-09 17:04:34.833 | INFO     | ortho:train:225 - [epoch:2/3][loss:3.196139]
2023-11-09 17:04:50.001 | INFO     | ortho:train:225 - [epoch:3/3][loss:3.131913]
2023-11-09 17:04:50.001 | INFO     | ortho:train:228 - [iter:14/50][iter_time:45.30]
2023-11-09 17:07:07.272 | INFO     | ortho:train:299 - [iter:14/50][code_length:64][mAP:0.55412][mAP_all:0.53281][best_mAP:0.55412]
2023-11-09 17:07:07.272 | INFO     | ortho:train:300 - [iter:14/50][code_length:64][zs_mAP:0.55454][zs_mAP_all:0.18685]
2023-11-09 17:07:22.178 | INFO     | ortho:train:225 - [epoch:1/3][loss:3.337113]
2023-11-09 17:07:37.410 | INFO     | ortho:train:225 - [epoch:2/3][loss:3.252169]
2023-11-09 17:07:52.625 | INFO     | ortho:train:225 - [epoch:3/3][loss:3.180223]
2023-11-09 17:07:52.626 | INFO     | ortho:train:228 - [iter:15/50][iter_time:45.35]
2023-11-09 17:10:08.303 | INFO     | ortho:train:299 - [iter:15/50][code_length:64][mAP:0.56384][mAP_all:0.54143][best_mAP:0.56384]
2023-11-09 17:10:08.313 | INFO     | ortho:train:300 - [iter:15/50][code_length:64][zs_mAP:0.57251][zs_mAP_all:0.19846]
2023-11-09 17:10:22.974 | INFO     | ortho:train:225 - [epoch:1/3][loss:3.300865]
2023-11-09 17:10:38.179 | INFO     | ortho:train:225 - [epoch:2/3][loss:3.161628]
2023-11-09 17:10:53.455 | INFO     | ortho:train:225 - [epoch:3/3][loss:3.106114]
2023-11-09 17:10:53.455 | INFO     | ortho:train:228 - [iter:16/50][iter_time:45.14]
2023-11-09 17:13:09.376 | INFO     | ortho:train:299 - [iter:16/50][code_length:64][mAP:0.57747][mAP_all:0.55535][best_mAP:0.57747]
2023-11-09 17:13:09.376 | INFO     | ortho:train:300 - [iter:16/50][code_length:64][zs_mAP:0.56093][zs_mAP_all:0.18832]
2023-11-09 17:13:24.277 | INFO     | ortho:train:225 - [epoch:1/3][loss:3.259897]
2023-11-09 17:13:39.264 | INFO     | ortho:train:225 - [epoch:2/3][loss:3.204256]
2023-11-09 17:13:54.400 | INFO     | ortho:train:225 - [epoch:3/3][loss:3.044106]
2023-11-09 17:13:54.401 | INFO     | ortho:train:228 - [iter:17/50][iter_time:45.02]
2023-11-09 17:16:09.959 | INFO     | ortho:train:299 - [iter:17/50][code_length:64][mAP:0.58892][mAP_all:0.56627][best_mAP:0.58892]
2023-11-09 17:16:09.959 | INFO     | ortho:train:300 - [iter:17/50][code_length:64][zs_mAP:0.57030][zs_mAP_all:0.19377]
2023-11-09 17:16:25.228 | INFO     | ortho:train:225 - [epoch:1/3][loss:3.273152]
2023-11-09 17:16:40.198 | INFO     | ortho:train:225 - [epoch:2/3][loss:3.221866]
2023-11-09 17:16:55.146 | INFO     | ortho:train:225 - [epoch:3/3][loss:3.089648]
2023-11-09 17:16:55.147 | INFO     | ortho:train:228 - [iter:18/50][iter_time:45.19]
2023-11-09 17:19:11.119 | INFO     | ortho:train:299 - [iter:18/50][code_length:64][mAP:0.59713][mAP_all:0.57481][best_mAP:0.59713]
2023-11-09 17:19:11.120 | INFO     | ortho:train:300 - [iter:18/50][code_length:64][zs_mAP:0.56359][zs_mAP_all:0.18883]
2023-11-09 17:19:25.909 | INFO     | ortho:train:225 - [epoch:1/3][loss:3.232815]
2023-11-09 17:19:40.938 | INFO     | ortho:train:225 - [epoch:2/3][loss:3.104587]
2023-11-09 17:19:56.056 | INFO     | ortho:train:225 - [epoch:3/3][loss:3.006579]
2023-11-09 17:19:56.057 | INFO     | ortho:train:228 - [iter:19/50][iter_time:44.94]
2023-11-09 17:22:11.890 | INFO     | ortho:train:299 - [iter:19/50][code_length:64][mAP:0.60847][mAP_all:0.58583][best_mAP:0.60847]
2023-11-09 17:22:11.890 | INFO     | ortho:train:300 - [iter:19/50][code_length:64][zs_mAP:0.57258][zs_mAP_all:0.19764]
2023-11-09 17:22:26.840 | INFO     | ortho:train:225 - [epoch:1/3][loss:3.153231]
2023-11-09 17:22:42.053 | INFO     | ortho:train:225 - [epoch:2/3][loss:2.984905]
2023-11-09 17:22:57.410 | INFO     | ortho:train:225 - [epoch:3/3][loss:2.913131]
2023-11-09 17:22:57.410 | INFO     | ortho:train:228 - [iter:20/50][iter_time:45.52]
2023-11-09 17:25:12.788 | INFO     | ortho:train:299 - [iter:20/50][code_length:64][mAP:0.61809][mAP_all:0.59468][best_mAP:0.61809]
2023-11-09 17:25:12.789 | INFO     | ortho:train:300 - [iter:20/50][code_length:64][zs_mAP:0.57461][zs_mAP_all:0.19848]
2023-11-09 17:25:27.330 | INFO     | ortho:train:225 - [epoch:1/3][loss:3.074843]
2023-11-09 17:25:42.190 | INFO     | ortho:train:225 - [epoch:2/3][loss:2.981865]
2023-11-09 17:25:57.132 | INFO     | ortho:train:225 - [epoch:3/3][loss:2.903011]
2023-11-09 17:25:57.133 | INFO     | ortho:train:228 - [iter:21/50][iter_time:44.34]
2023-11-09 17:28:12.068 | INFO     | ortho:train:299 - [iter:21/50][code_length:64][mAP:0.62371][mAP_all:0.60060][best_mAP:0.62371]
2023-11-09 17:28:12.068 | INFO     | ortho:train:300 - [iter:21/50][code_length:64][zs_mAP:0.56186][zs_mAP_all:0.19409]
2023-11-09 17:28:26.709 | INFO     | ortho:train:225 - [epoch:1/3][loss:3.071625]
2023-11-09 17:28:41.670 | INFO     | ortho:train:225 - [epoch:2/3][loss:2.976325]
2023-11-09 17:28:56.758 | INFO     | ortho:train:225 - [epoch:3/3][loss:2.880741]
2023-11-09 17:28:56.758 | INFO     | ortho:train:228 - [iter:22/50][iter_time:44.69]
2023-11-09 17:31:11.876 | INFO     | ortho:train:299 - [iter:22/50][code_length:64][mAP:0.63766][mAP_all:0.61425][best_mAP:0.63766]
2023-11-09 17:31:11.876 | INFO     | ortho:train:300 - [iter:22/50][code_length:64][zs_mAP:0.56622][zs_mAP_all:0.19160]
2023-11-09 17:31:26.400 | INFO     | ortho:train:225 - [epoch:1/3][loss:3.070500]
2023-11-09 17:31:41.617 | INFO     | ortho:train:225 - [epoch:2/3][loss:2.972257]
2023-11-09 17:31:56.905 | INFO     | ortho:train:225 - [epoch:3/3][loss:2.899990]
2023-11-09 17:31:56.961 | INFO     | ortho:train:228 - [iter:23/50][iter_time:45.08]
2023-11-09 17:34:12.582 | INFO     | ortho:train:299 - [iter:23/50][code_length:64][mAP:0.64220][mAP_all:0.61885][best_mAP:0.64220]
2023-11-09 17:34:12.582 | INFO     | ortho:train:300 - [iter:23/50][code_length:64][zs_mAP:0.56832][zs_mAP_all:0.19525]
2023-11-09 17:34:27.243 | INFO     | ortho:train:225 - [epoch:1/3][loss:3.105724]
2023-11-09 17:34:42.127 | INFO     | ortho:train:225 - [epoch:2/3][loss:2.960145]
2023-11-09 17:34:57.081 | INFO     | ortho:train:225 - [epoch:3/3][loss:2.884549]
2023-11-09 17:34:57.082 | INFO     | ortho:train:228 - [iter:24/50][iter_time:44.50]
2023-11-09 17:37:11.698 | INFO     | ortho:train:299 - [iter:24/50][code_length:64][mAP:0.64533][mAP_all:0.62199][best_mAP:0.64533]
2023-11-09 17:37:11.698 | INFO     | ortho:train:300 - [iter:24/50][code_length:64][zs_mAP:0.55928][zs_mAP_all:0.18957]
2023-11-09 17:37:26.255 | INFO     | ortho:train:225 - [epoch:1/3][loss:3.023047]
2023-11-09 17:37:41.126 | INFO     | ortho:train:225 - [epoch:2/3][loss:2.893382]
2023-11-09 17:37:56.010 | INFO     | ortho:train:225 - [epoch:3/3][loss:2.862041]
2023-11-09 17:37:56.010 | INFO     | ortho:train:228 - [iter:25/50][iter_time:44.31]
2023-11-09 17:40:09.591 | INFO     | ortho:train:299 - [iter:25/50][code_length:64][mAP:0.65562][mAP_all:0.63180][best_mAP:0.65562]
2023-11-09 17:40:09.592 | INFO     | ortho:train:300 - [iter:25/50][code_length:64][zs_mAP:0.56973][zs_mAP_all:0.19385]
2023-11-09 17:40:24.166 | INFO     | ortho:train:225 - [epoch:1/3][loss:2.970609]
2023-11-09 17:40:39.054 | INFO     | ortho:train:225 - [epoch:2/3][loss:2.858889]
2023-11-09 17:40:53.995 | INFO     | ortho:train:225 - [epoch:3/3][loss:2.817328]
2023-11-09 17:40:53.995 | INFO     | ortho:train:228 - [iter:26/50][iter_time:44.40]
2023-11-09 17:43:07.921 | INFO     | ortho:train:299 - [iter:26/50][code_length:64][mAP:0.65605][mAP_all:0.63214][best_mAP:0.65605]
2023-11-09 17:43:07.921 | INFO     | ortho:train:300 - [iter:26/50][code_length:64][zs_mAP:0.57647][zs_mAP_all:0.19815]
2023-11-09 17:43:22.533 | INFO     | ortho:train:225 - [epoch:1/3][loss:3.001992]
2023-11-09 17:43:37.365 | INFO     | ortho:train:225 - [epoch:2/3][loss:2.807441]
2023-11-09 17:43:52.272 | INFO     | ortho:train:225 - [epoch:3/3][loss:2.714301]
2023-11-09 17:43:52.272 | INFO     | ortho:train:228 - [iter:27/50][iter_time:44.35]
2023-11-09 17:46:05.935 | INFO     | ortho:train:299 - [iter:27/50][code_length:64][mAP:0.66282][mAP_all:0.63903][best_mAP:0.66282]
2023-11-09 17:46:05.935 | INFO     | ortho:train:300 - [iter:27/50][code_length:64][zs_mAP:0.57107][zs_mAP_all:0.18976]
2023-11-09 17:46:20.497 | INFO     | ortho:train:225 - [epoch:1/3][loss:3.068296]
2023-11-09 17:46:35.356 | INFO     | ortho:train:225 - [epoch:2/3][loss:2.852772]
2023-11-09 17:46:50.278 | INFO     | ortho:train:225 - [epoch:3/3][loss:2.735102]
2023-11-09 17:46:50.278 | INFO     | ortho:train:228 - [iter:28/50][iter_time:44.34]
2023-11-09 17:49:03.994 | INFO     | ortho:train:299 - [iter:28/50][code_length:64][mAP:0.66679][mAP_all:0.64217][best_mAP:0.66679]
2023-11-09 17:49:03.995 | INFO     | ortho:train:300 - [iter:28/50][code_length:64][zs_mAP:0.57181][zs_mAP_all:0.19080]
2023-11-09 17:49:18.568 | INFO     | ortho:train:225 - [epoch:1/3][loss:2.939045]
2023-11-09 17:49:33.444 | INFO     | ortho:train:225 - [epoch:2/3][loss:2.755194]
2023-11-09 17:49:48.344 | INFO     | ortho:train:225 - [epoch:3/3][loss:2.708647]
2023-11-09 17:49:48.345 | INFO     | ortho:train:228 - [iter:29/50][iter_time:44.35]
2023-11-09 17:52:01.851 | INFO     | ortho:train:299 - [iter:29/50][code_length:64][mAP:0.67422][mAP_all:0.65015][best_mAP:0.67422]
2023-11-09 17:52:01.851 | INFO     | ortho:train:300 - [iter:29/50][code_length:64][zs_mAP:0.57040][zs_mAP_all:0.19305]
2023-11-09 17:52:16.414 | INFO     | ortho:train:225 - [epoch:1/3][loss:2.868262]
2023-11-09 17:52:31.296 | INFO     | ortho:train:225 - [epoch:2/3][loss:2.779829]
2023-11-09 17:52:46.209 | INFO     | ortho:train:225 - [epoch:3/3][loss:2.682661]
2023-11-09 17:52:46.209 | INFO     | ortho:train:228 - [iter:30/50][iter_time:44.36]
2023-11-09 17:54:59.719 | INFO     | ortho:train:299 - [iter:30/50][code_length:64][mAP:0.67819][mAP_all:0.65393][best_mAP:0.67819]
2023-11-09 17:54:59.719 | INFO     | ortho:train:300 - [iter:30/50][code_length:64][zs_mAP:0.56559][zs_mAP_all:0.18131]
2023-11-09 17:55:14.121 | INFO     | ortho:train:225 - [epoch:1/3][loss:2.897954]
2023-11-09 17:55:28.851 | INFO     | ortho:train:225 - [epoch:2/3][loss:2.747476]
2023-11-09 17:55:43.627 | INFO     | ortho:train:225 - [epoch:3/3][loss:2.620639]
2023-11-09 17:55:43.627 | INFO     | ortho:train:228 - [iter:31/50][iter_time:43.91]
2023-11-09 17:57:56.999 | INFO     | ortho:train:299 - [iter:31/50][code_length:64][mAP:0.68340][mAP_all:0.65908][best_mAP:0.68340]
2023-11-09 17:57:57.018 | INFO     | ortho:train:300 - [iter:31/50][code_length:64][zs_mAP:0.56296][zs_mAP_all:0.18496]
2023-11-09 17:58:11.425 | INFO     | ortho:train:225 - [epoch:1/3][loss:2.848392]
2023-11-09 17:58:26.159 | INFO     | ortho:train:225 - [epoch:2/3][loss:2.750113]
2023-11-09 17:58:40.936 | INFO     | ortho:train:225 - [epoch:3/3][loss:2.632393]
2023-11-09 17:58:40.936 | INFO     | ortho:train:228 - [iter:32/50][iter_time:43.92]
2023-11-09 18:00:54.261 | INFO     | ortho:train:299 - [iter:32/50][code_length:64][mAP:0.68509][mAP_all:0.66046][best_mAP:0.68509]
2023-11-09 18:00:54.261 | INFO     | ortho:train:300 - [iter:32/50][code_length:64][zs_mAP:0.57835][zs_mAP_all:0.19266]
2023-11-09 18:01:08.671 | INFO     | ortho:train:225 - [epoch:1/3][loss:2.818713]
2023-11-09 18:01:23.411 | INFO     | ortho:train:225 - [epoch:2/3][loss:2.750427]
2023-11-09 18:01:38.182 | INFO     | ortho:train:225 - [epoch:3/3][loss:2.691140]
2023-11-09 18:01:38.182 | INFO     | ortho:train:228 - [iter:33/50][iter_time:43.92]
2023-11-09 18:03:51.587 | INFO     | ortho:train:299 - [iter:33/50][code_length:64][mAP:0.68545][mAP_all:0.66039][best_mAP:0.68545]
2023-11-09 18:03:51.588 | INFO     | ortho:train:300 - [iter:33/50][code_length:64][zs_mAP:0.56584][zs_mAP_all:0.18591]
2023-11-09 18:04:05.982 | INFO     | ortho:train:225 - [epoch:1/3][loss:2.849061]
2023-11-09 18:04:20.662 | INFO     | ortho:train:225 - [epoch:2/3][loss:2.736591]
2023-11-09 18:04:35.418 | INFO     | ortho:train:225 - [epoch:3/3][loss:2.631942]
2023-11-09 18:04:35.419 | INFO     | ortho:train:228 - [iter:34/50][iter_time:43.83]
2023-11-09 18:06:48.853 | INFO     | ortho:train:299 - [iter:34/50][code_length:64][mAP:0.69438][mAP_all:0.66949][best_mAP:0.69438]
2023-11-09 18:06:48.854 | INFO     | ortho:train:300 - [iter:34/50][code_length:64][zs_mAP:0.56448][zs_mAP_all:0.18113]
2023-11-09 18:07:03.286 | INFO     | ortho:train:225 - [epoch:1/3][loss:2.807067]
2023-11-09 18:07:18.053 | INFO     | ortho:train:225 - [epoch:2/3][loss:2.634933]
2023-11-09 18:07:32.873 | INFO     | ortho:train:225 - [epoch:3/3][loss:2.574258]
2023-11-09 18:07:32.874 | INFO     | ortho:train:228 - [iter:35/50][iter_time:44.02]
2023-11-09 18:09:46.045 | INFO     | ortho:train:299 - [iter:35/50][code_length:64][mAP:0.69200][mAP_all:0.66670][best_mAP:0.69438]
2023-11-09 18:09:46.046 | INFO     | ortho:train:300 - [iter:35/50][code_length:64][zs_mAP:0.55731][zs_mAP_all:0.18440]
2023-11-09 18:10:00.517 | INFO     | ortho:train:225 - [epoch:1/3][loss:2.799182]
2023-11-09 18:10:15.262 | INFO     | ortho:train:225 - [epoch:2/3][loss:2.682235]
2023-11-09 18:10:30.053 | INFO     | ortho:train:225 - [epoch:3/3][loss:2.530966]
2023-11-09 18:10:30.053 | INFO     | ortho:train:228 - [iter:36/50][iter_time:44.01]
2023-11-09 18:12:43.453 | INFO     | ortho:train:299 - [iter:36/50][code_length:64][mAP:0.69769][mAP_all:0.67305][best_mAP:0.69769]
2023-11-09 18:12:43.454 | INFO     | ortho:train:300 - [iter:36/50][code_length:64][zs_mAP:0.55830][zs_mAP_all:0.18096]
2023-11-09 18:12:57.863 | INFO     | ortho:train:225 - [epoch:1/3][loss:2.741117]
2023-11-09 18:13:12.617 | INFO     | ortho:train:225 - [epoch:2/3][loss:2.676035]
2023-11-09 18:13:27.385 | INFO     | ortho:train:225 - [epoch:3/3][loss:2.533147]
2023-11-09 18:13:27.386 | INFO     | ortho:train:228 - [iter:37/50][iter_time:43.93]
2023-11-09 18:15:40.627 | INFO     | ortho:train:299 - [iter:37/50][code_length:64][mAP:0.70631][mAP_all:0.68144][best_mAP:0.70631]
2023-11-09 18:15:40.628 | INFO     | ortho:train:300 - [iter:37/50][code_length:64][zs_mAP:0.56656][zs_mAP_all:0.18755]
2023-11-09 18:15:55.019 | INFO     | ortho:train:225 - [epoch:1/3][loss:2.833414]
2023-11-09 18:16:09.710 | INFO     | ortho:train:225 - [epoch:2/3][loss:2.626128]
2023-11-09 18:16:24.461 | INFO     | ortho:train:225 - [epoch:3/3][loss:2.559324]
2023-11-09 18:16:24.461 | INFO     | ortho:train:228 - [iter:38/50][iter_time:43.83]
2023-11-09 18:18:37.361 | INFO     | ortho:train:299 - [iter:38/50][code_length:64][mAP:0.70147][mAP_all:0.67725][best_mAP:0.70631]
2023-11-09 18:18:37.362 | INFO     | ortho:train:300 - [iter:38/50][code_length:64][zs_mAP:0.55885][zs_mAP_all:0.17984]
2023-11-09 18:18:51.796 | INFO     | ortho:train:225 - [epoch:1/3][loss:2.871172]
2023-11-09 18:19:06.535 | INFO     | ortho:train:225 - [epoch:2/3][loss:2.716544]
2023-11-09 18:19:21.275 | INFO     | ortho:train:225 - [epoch:3/3][loss:2.542162]
2023-11-09 18:19:21.276 | INFO     | ortho:train:228 - [iter:39/50][iter_time:43.91]
2023-11-09 18:21:34.557 | INFO     | ortho:train:299 - [iter:39/50][code_length:64][mAP:0.70832][mAP_all:0.68339][best_mAP:0.70832]
2023-11-09 18:21:34.570 | INFO     | ortho:train:300 - [iter:39/50][code_length:64][zs_mAP:0.56479][zs_mAP_all:0.18050]
2023-11-09 18:21:48.950 | INFO     | ortho:train:225 - [epoch:1/3][loss:2.667122]
2023-11-09 18:22:03.682 | INFO     | ortho:train:225 - [epoch:2/3][loss:2.681199]
2023-11-09 18:22:18.463 | INFO     | ortho:train:225 - [epoch:3/3][loss:2.514086]
2023-11-09 18:22:18.464 | INFO     | ortho:train:228 - [iter:40/50][iter_time:43.89]
2023-11-09 18:24:31.751 | INFO     | ortho:train:299 - [iter:40/50][code_length:64][mAP:0.71182][mAP_all:0.68682][best_mAP:0.71182]
2023-11-09 18:24:31.752 | INFO     | ortho:train:300 - [iter:40/50][code_length:64][zs_mAP:0.57472][zs_mAP_all:0.18178]
2023-11-09 18:24:46.150 | INFO     | ortho:train:225 - [epoch:1/3][loss:2.755277]
2023-11-09 18:25:00.911 | INFO     | ortho:train:225 - [epoch:2/3][loss:2.554093]
2023-11-09 18:25:15.686 | INFO     | ortho:train:225 - [epoch:3/3][loss:2.529175]
2023-11-09 18:25:15.687 | INFO     | ortho:train:228 - [iter:41/50][iter_time:43.93]
2023-11-09 18:27:29.115 | INFO     | ortho:train:299 - [iter:41/50][code_length:64][mAP:0.71523][mAP_all:0.69015][best_mAP:0.71523]
2023-11-09 18:27:29.115 | INFO     | ortho:train:300 - [iter:41/50][code_length:64][zs_mAP:0.57605][zs_mAP_all:0.18624]
2023-11-09 18:27:43.515 | INFO     | ortho:train:225 - [epoch:1/3][loss:2.665743]
2023-11-09 18:27:58.265 | INFO     | ortho:train:225 - [epoch:2/3][loss:2.526593]
2023-11-09 18:28:13.032 | INFO     | ortho:train:225 - [epoch:3/3][loss:2.499696]
2023-11-09 18:28:13.032 | INFO     | ortho:train:228 - [iter:42/50][iter_time:43.92]
2023-11-09 18:30:27.312 | INFO     | ortho:train:299 - [iter:42/50][code_length:64][mAP:0.71849][mAP_all:0.69350][best_mAP:0.71849]
2023-11-09 18:30:27.312 | INFO     | ortho:train:300 - [iter:42/50][code_length:64][zs_mAP:0.56366][zs_mAP_all:0.18746]
2023-11-09 18:30:41.977 | INFO     | ortho:train:225 - [epoch:1/3][loss:2.740102]
2023-11-09 18:30:56.860 | INFO     | ortho:train:225 - [epoch:2/3][loss:2.536317]
2023-11-09 18:31:11.834 | INFO     | ortho:train:225 - [epoch:3/3][loss:2.529931]
2023-11-09 18:31:11.834 | INFO     | ortho:train:228 - [iter:43/50][iter_time:44.52]
2023-11-09 18:33:27.864 | INFO     | ortho:train:299 - [iter:43/50][code_length:64][mAP:0.72175][mAP_all:0.69724][best_mAP:0.72175]
2023-11-09 18:33:27.879 | INFO     | ortho:train:300 - [iter:43/50][code_length:64][zs_mAP:0.55948][zs_mAP_all:0.18664]
2023-11-09 18:33:42.644 | INFO     | ortho:train:225 - [epoch:1/3][loss:2.782886]
2023-11-09 18:33:57.548 | INFO     | ortho:train:225 - [epoch:2/3][loss:2.567527]
2023-11-09 18:34:12.752 | INFO     | ortho:train:225 - [epoch:3/3][loss:2.599176]
2023-11-09 18:34:12.752 | INFO     | ortho:train:228 - [iter:44/50][iter_time:44.87]
2023-11-09 18:36:27.208 | INFO     | ortho:train:299 - [iter:44/50][code_length:64][mAP:0.72319][mAP_all:0.69881][best_mAP:0.72319]
2023-11-09 18:36:27.208 | INFO     | ortho:train:300 - [iter:44/50][code_length:64][zs_mAP:0.56295][zs_mAP_all:0.18451]
2023-11-09 18:36:41.911 | INFO     | ortho:train:225 - [epoch:1/3][loss:2.691254]
2023-11-09 18:36:56.955 | INFO     | ortho:train:225 - [epoch:2/3][loss:2.620740]
2023-11-09 18:37:12.139 | INFO     | ortho:train:225 - [epoch:3/3][loss:2.573568]
2023-11-09 18:37:12.139 | INFO     | ortho:train:228 - [iter:45/50][iter_time:44.93]
2023-11-09 18:39:27.032 | INFO     | ortho:train:299 - [iter:45/50][code_length:64][mAP:0.72293][mAP_all:0.69857][best_mAP:0.72319]
2023-11-09 18:39:27.033 | INFO     | ortho:train:300 - [iter:45/50][code_length:64][zs_mAP:0.56944][zs_mAP_all:0.18702]
2023-11-09 18:39:41.714 | INFO     | ortho:train:225 - [epoch:1/3][loss:2.659844]
2023-11-09 18:39:57.240 | INFO     | ortho:train:225 - [epoch:2/3][loss:2.596398]
2023-11-09 18:40:12.533 | INFO     | ortho:train:225 - [epoch:3/3][loss:2.538032]
2023-11-09 18:40:12.533 | INFO     | ortho:train:228 - [iter:46/50][iter_time:45.50]
2023-11-09 18:42:29.452 | INFO     | ortho:train:299 - [iter:46/50][code_length:64][mAP:0.72659][mAP_all:0.70210][best_mAP:0.72659]
2023-11-09 18:42:29.453 | INFO     | ortho:train:300 - [iter:46/50][code_length:64][zs_mAP:0.57425][zs_mAP_all:0.19165]
2023-11-09 18:42:44.386 | INFO     | ortho:train:225 - [epoch:1/3][loss:2.669446]
2023-11-09 18:42:59.579 | INFO     | ortho:train:225 - [epoch:2/3][loss:2.676786]
2023-11-09 18:43:14.839 | INFO     | ortho:train:225 - [epoch:3/3][loss:2.565309]
2023-11-09 18:43:14.839 | INFO     | ortho:train:228 - [iter:47/50][iter_time:45.39]
2023-11-09 18:45:30.442 | INFO     | ortho:train:299 - [iter:47/50][code_length:64][mAP:0.73078][mAP_all:0.70610][best_mAP:0.73078]
2023-11-09 18:45:30.443 | INFO     | ortho:train:300 - [iter:47/50][code_length:64][zs_mAP:0.58237][zs_mAP_all:0.19403]
2023-11-09 18:45:45.181 | INFO     | ortho:train:225 - [epoch:1/3][loss:2.556635]
2023-11-09 18:46:00.118 | INFO     | ortho:train:225 - [epoch:2/3][loss:2.582387]
2023-11-09 18:46:15.111 | INFO     | ortho:train:225 - [epoch:3/3][loss:2.601838]
2023-11-09 18:46:15.112 | INFO     | ortho:train:228 - [iter:48/50][iter_time:44.67]
2023-11-09 18:48:29.463 | INFO     | ortho:train:299 - [iter:48/50][code_length:64][mAP:0.73363][mAP_all:0.70911][best_mAP:0.73363]
2023-11-09 18:48:29.464 | INFO     | ortho:train:300 - [iter:48/50][code_length:64][zs_mAP:0.57660][zs_mAP_all:0.19013]
2023-11-09 18:48:43.972 | INFO     | ortho:train:225 - [epoch:1/3][loss:2.572536]
2023-11-09 18:48:58.886 | INFO     | ortho:train:225 - [epoch:2/3][loss:2.554900]
2023-11-09 18:49:13.888 | INFO     | ortho:train:225 - [epoch:3/3][loss:2.584650]
2023-11-09 18:49:13.889 | INFO     | ortho:train:228 - [iter:49/50][iter_time:44.43]
2023-11-09 18:51:27.821 | INFO     | ortho:train:299 - [iter:49/50][code_length:64][mAP:0.73499][mAP_all:0.71021][best_mAP:0.73499]
2023-11-09 18:51:27.822 | INFO     | ortho:train:300 - [iter:49/50][code_length:64][zs_mAP:0.57653][zs_mAP_all:0.19069]
2023-11-09 18:51:42.338 | INFO     | ortho:train:225 - [epoch:1/3][loss:2.575993]
2023-11-09 18:51:57.196 | INFO     | ortho:train:225 - [epoch:2/3][loss:2.577958]
2023-11-09 18:52:12.090 | INFO     | ortho:train:225 - [epoch:3/3][loss:2.556675]
2023-11-09 18:52:12.090 | INFO     | ortho:train:228 - [iter:50/50][iter_time:44.27]
2023-11-09 18:54:25.532 | INFO     | ortho:train:299 - [iter:50/50][code_length:64][mAP:0.73798][mAP_all:0.71359][best_mAP:0.73798]
2023-11-09 18:54:25.532 | INFO     | ortho:train:300 - [iter:50/50][code_length:64][zs_mAP:0.57288][zs_mAP_all:0.18996]
2023-11-09 18:54:25.532 | INFO     | ortho:train:302 - [Training time:8969.49]
2023-11-09 18:54:25.533 | INFO     | __main__:run:126 - [code_length:64][map:0.7380][map_all:0.7136][zs_map:0.5729][zs_map_all:0.1900]
