2024-08-21 00:49:28.775 | SUCCESS  | __main__:run:53 - Namespace(dataset='imagenetzs', root='/data1/dataset/ImageNet/ILSVRC', batch_size=16, lr=0.001, wd=0.0001, optim='SGD', code_length=[16, 32, 64], max_iter=50, max_epoch=1, num_query=1000, num_samples=11050, num_workers=2, topk=1000, gpu=4, gamma=200, info='imagenetzs-15-85-agmh-08-21-16,32,64-tanh1', arch='agmh', net='ResNet', save_ckpt='checkpoints/', lr_step=[45], align_step=50, pretrain=True, quan_loss=False, lambd_sp=0.1, lambd_ch=0.1, lambd=0.1, momen=0.9, nesterov=False, num_classes=85, val_freq=5, cauchy_gamma=20.0, margin=0.1, num_zs=15, epoch_change=11, ZS=15, flag='agmh', data='imagenetzs', device=device(type='cuda', index=4))
2024-08-21 00:55:17.922 | INFO     | AGMH:train:145 - [epoch:1/1][cnn_loss:2.548151][hash_loss:2.324868][quan_loss:0.216953][feat_loss:0.006331]
2024-08-21 00:55:17.931 | INFO     | AGMH:train:153 - [iter:1/50][iter_time:337.88]
2024-08-21 01:00:09.797 | INFO     | AGMH:train:145 - [epoch:1/1][cnn_loss:2.432707][hash_loss:2.230668][quan_loss:0.196651][feat_loss:0.005387]
2024-08-21 01:00:09.809 | INFO     | AGMH:train:153 - [iter:2/50][iter_time:291.88]
2024-08-21 01:04:00.491 | INFO     | AGMH:train:145 - [epoch:1/1][cnn_loss:2.310158][hash_loss:2.126670][quan_loss:0.176713][feat_loss:0.006775]
2024-08-21 01:04:00.497 | INFO     | AGMH:train:153 - [iter:3/50][iter_time:230.69]
2024-08-21 01:07:14.258 | INFO     | AGMH:train:145 - [epoch:1/1][cnn_loss:2.268203][hash_loss:2.090611][quan_loss:0.170263][feat_loss:0.007329]
2024-08-21 01:07:14.267 | INFO     | AGMH:train:153 - [iter:4/50][iter_time:193.77]
2024-08-21 01:10:43.746 | INFO     | AGMH:train:145 - [epoch:1/1][cnn_loss:2.245037][hash_loss:2.069863][quan_loss:0.167563][feat_loss:0.007611]
2024-08-21 01:10:43.753 | INFO     | AGMH:train:153 - [iter:5/50][iter_time:209.49]
2024-08-21 01:18:47.208 | INFO     | AGMH:train:231 - [iter:5/50][code_length:16][mAP:0.78126][mAP_all:0.77104][best_mAP:0.78126]
2024-08-21 01:18:47.209 | INFO     | AGMH:train:232 - [iter:5/50][code_length:16][zs_mAP:0.33082][zs_mAP_all:0.14424]
2024-08-21 01:23:57.525 | INFO     | AGMH:train:145 - [epoch:1/1][cnn_loss:2.230231][hash_loss:2.056404][quan_loss:0.166000][feat_loss:0.007827]
2024-08-21 01:23:57.538 | INFO     | AGMH:train:153 - [iter:6/50][iter_time:310.33]
2024-08-21 01:28:56.945 | INFO     | AGMH:train:145 - [epoch:1/1][cnn_loss:2.218116][hash_loss:2.045327][quan_loss:0.164984][feat_loss:0.007805]
2024-08-21 01:28:56.954 | INFO     | AGMH:train:153 - [iter:7/50][iter_time:299.41]
2024-08-21 01:33:59.193 | INFO     | AGMH:train:145 - [epoch:1/1][cnn_loss:2.205734][hash_loss:2.034160][quan_loss:0.163910][feat_loss:0.007664]
2024-08-21 01:33:59.201 | INFO     | AGMH:train:153 - [iter:8/50][iter_time:302.25]
2024-08-21 01:37:14.242 | INFO     | AGMH:train:145 - [epoch:1/1][cnn_loss:2.196152][hash_loss:2.025564][quan_loss:0.163395][feat_loss:0.007193]
2024-08-21 01:37:14.254 | INFO     | AGMH:train:153 - [iter:9/50][iter_time:195.05]
2024-08-21 01:40:48.587 | INFO     | AGMH:train:145 - [epoch:1/1][cnn_loss:2.185300][hash_loss:2.016502][quan_loss:0.162571][feat_loss:0.006227]
2024-08-21 01:40:48.591 | INFO     | AGMH:train:153 - [iter:10/50][iter_time:214.34]
2024-08-21 01:49:19.090 | INFO     | AGMH:train:231 - [iter:10/50][code_length:16][mAP:0.79916][mAP_all:0.78989][best_mAP:0.79916]
2024-08-21 01:49:19.090 | INFO     | AGMH:train:232 - [iter:10/50][code_length:16][zs_mAP:0.35298][zs_mAP_all:0.16460]
2024-08-21 01:57:06.755 | INFO     | AGMH:train:145 - [epoch:1/1][cnn_loss:2.175991][hash_loss:2.008757][quan_loss:0.161913][feat_loss:0.005321]
2024-08-21 01:57:06.761 | INFO     | AGMH:train:153 - [iter:11/50][iter_time:467.67]
2024-08-21 02:04:38.252 | INFO     | AGMH:train:145 - [epoch:1/1][cnn_loss:2.167547][hash_loss:2.001679][quan_loss:0.161254][feat_loss:0.004613]
2024-08-21 02:04:38.264 | INFO     | AGMH:train:153 - [iter:12/50][iter_time:451.50]
2024-08-21 02:12:25.823 | INFO     | AGMH:train:145 - [epoch:1/1][cnn_loss:2.160408][hash_loss:1.995699][quan_loss:0.160739][feat_loss:0.003970]
2024-08-21 02:12:25.832 | INFO     | AGMH:train:153 - [iter:13/50][iter_time:467.57]
2024-08-21 02:18:38.466 | INFO     | AGMH:train:145 - [epoch:1/1][cnn_loss:2.153721][hash_loss:1.990150][quan_loss:0.160160][feat_loss:0.003411]
2024-08-21 02:18:38.469 | INFO     | AGMH:train:153 - [iter:14/50][iter_time:372.64]
2024-08-21 02:22:30.503 | INFO     | AGMH:train:145 - [epoch:1/1][cnn_loss:2.145862][hash_loss:1.983833][quan_loss:0.159420][feat_loss:0.002609]
2024-08-21 02:22:30.512 | INFO     | AGMH:train:153 - [iter:15/50][iter_time:232.04]
2024-08-21 02:30:47.813 | INFO     | AGMH:train:231 - [iter:15/50][code_length:16][mAP:0.83172][mAP_all:0.82287][best_mAP:0.83172]
2024-08-21 02:30:47.813 | INFO     | AGMH:train:232 - [iter:15/50][code_length:16][zs_mAP:0.34955][zs_mAP_all:0.16989]
2024-08-21 02:34:42.998 | INFO     | AGMH:train:145 - [epoch:1/1][cnn_loss:2.142791][hash_loss:1.981475][quan_loss:0.159172][feat_loss:0.002145]
2024-08-21 02:34:43.003 | INFO     | AGMH:train:153 - [iter:16/50][iter_time:235.19]
2024-08-21 02:38:22.807 | INFO     | AGMH:train:145 - [epoch:1/1][cnn_loss:2.136169][hash_loss:1.975824][quan_loss:0.158378][feat_loss:0.001967]
2024-08-21 02:38:22.820 | INFO     | AGMH:train:153 - [iter:17/50][iter_time:219.82]
2024-08-21 02:46:11.579 | INFO     | AGMH:train:145 - [epoch:1/1][cnn_loss:2.134224][hash_loss:1.974242][quan_loss:0.158259][feat_loss:0.001723]
2024-08-21 02:46:11.593 | INFO     | AGMH:train:153 - [iter:18/50][iter_time:468.77]
2024-08-21 02:50:30.792 | INFO     | AGMH:train:145 - [epoch:1/1][cnn_loss:2.129032][hash_loss:1.970064][quan_loss:0.157697][feat_loss:0.001271]
2024-08-21 02:50:30.799 | INFO     | AGMH:train:153 - [iter:19/50][iter_time:259.21]
2024-08-21 02:54:38.993 | INFO     | AGMH:train:145 - [epoch:1/1][cnn_loss:2.125675][hash_loss:1.967279][quan_loss:0.157340][feat_loss:0.001056]
2024-08-21 02:54:38.998 | INFO     | AGMH:train:153 - [iter:20/50][iter_time:248.20]
2024-08-21 03:02:46.245 | INFO     | AGMH:train:231 - [iter:20/50][code_length:16][mAP:0.84958][mAP_all:0.84232][best_mAP:0.84958]
2024-08-21 03:02:46.246 | INFO     | AGMH:train:232 - [iter:20/50][code_length:16][zs_mAP:0.37026][zs_mAP_all:0.18018]
2024-08-21 03:06:03.449 | INFO     | AGMH:train:145 - [epoch:1/1][cnn_loss:2.119970][hash_loss:1.962442][quan_loss:0.156602][feat_loss:0.000926]
2024-08-21 03:06:03.458 | INFO     | AGMH:train:153 - [iter:21/50][iter_time:197.21]
2024-08-21 03:10:10.075 | INFO     | AGMH:train:145 - [epoch:1/1][cnn_loss:2.117635][hash_loss:1.960401][quan_loss:0.156395][feat_loss:0.000839]
2024-08-21 03:10:10.081 | INFO     | AGMH:train:153 - [iter:22/50][iter_time:246.62]
2024-08-21 03:14:37.454 | INFO     | AGMH:train:145 - [epoch:1/1][cnn_loss:2.113854][hash_loss:1.957280][quan_loss:0.155847][feat_loss:0.000727]
2024-08-21 03:14:37.458 | INFO     | AGMH:train:153 - [iter:23/50][iter_time:267.38]
2024-08-21 03:17:52.313 | INFO     | AGMH:train:145 - [epoch:1/1][cnn_loss:2.113964][hash_loss:1.957345][quan_loss:0.155950][feat_loss:0.000669]
2024-08-21 03:17:52.320 | INFO     | AGMH:train:153 - [iter:24/50][iter_time:194.86]
2024-08-21 03:21:03.415 | INFO     | AGMH:train:145 - [epoch:1/1][cnn_loss:2.111207][hash_loss:1.955006][quan_loss:0.155544][feat_loss:0.000657]
2024-08-21 03:21:03.422 | INFO     | AGMH:train:153 - [iter:25/50][iter_time:191.10]
2024-08-21 03:28:53.034 | INFO     | AGMH:train:231 - [iter:25/50][code_length:16][mAP:0.84996][mAP_all:0.84355][best_mAP:0.84996]
2024-08-21 03:28:53.035 | INFO     | AGMH:train:232 - [iter:25/50][code_length:16][zs_mAP:0.34752][zs_mAP_all:0.16806]
2024-08-21 03:32:14.465 | INFO     | AGMH:train:145 - [epoch:1/1][cnn_loss:2.108909][hash_loss:1.952960][quan_loss:0.155313][feat_loss:0.000636]
2024-08-21 03:32:14.469 | INFO     | AGMH:train:153 - [iter:26/50][iter_time:201.43]
2024-08-21 03:36:46.699 | INFO     | AGMH:train:145 - [epoch:1/1][cnn_loss:2.108217][hash_loss:1.952388][quan_loss:0.155199][feat_loss:0.000631]
2024-08-21 03:36:46.706 | INFO     | AGMH:train:153 - [iter:27/50][iter_time:272.24]
2024-08-21 03:40:45.567 | INFO     | AGMH:train:145 - [epoch:1/1][cnn_loss:2.105622][hash_loss:1.950081][quan_loss:0.154894][feat_loss:0.000647]
2024-08-21 03:40:45.571 | INFO     | AGMH:train:153 - [iter:28/50][iter_time:238.86]
2024-08-21 03:43:50.478 | INFO     | AGMH:train:145 - [epoch:1/1][cnn_loss:2.102583][hash_loss:1.947450][quan_loss:0.154458][feat_loss:0.000676]
2024-08-21 03:43:50.482 | INFO     | AGMH:train:153 - [iter:29/50][iter_time:184.91]
2024-08-21 03:46:58.720 | INFO     | AGMH:train:145 - [epoch:1/1][cnn_loss:2.100597][hash_loss:1.945838][quan_loss:0.154155][feat_loss:0.000603]
2024-08-21 03:46:58.724 | INFO     | AGMH:train:153 - [iter:30/50][iter_time:188.24]
2024-08-21 03:54:50.285 | INFO     | AGMH:train:231 - [iter:30/50][code_length:16][mAP:0.84974][mAP_all:0.84247][best_mAP:0.84996]
2024-08-21 03:54:50.285 | INFO     | AGMH:train:232 - [iter:30/50][code_length:16][zs_mAP:0.35500][zs_mAP_all:0.15806]
2024-08-21 03:57:56.455 | INFO     | AGMH:train:145 - [epoch:1/1][cnn_loss:2.097997][hash_loss:1.943571][quan_loss:0.153891][feat_loss:0.000534]
2024-08-21 03:57:56.459 | INFO     | AGMH:train:153 - [iter:31/50][iter_time:186.17]
2024-08-21 04:02:39.796 | INFO     | AGMH:train:145 - [epoch:1/1][cnn_loss:2.096310][hash_loss:1.942152][quan_loss:0.153594][feat_loss:0.000563]
2024-08-21 04:02:39.802 | INFO     | AGMH:train:153 - [iter:32/50][iter_time:283.34]
2024-08-21 04:06:31.461 | INFO     | AGMH:train:145 - [epoch:1/1][cnn_loss:2.094851][hash_loss:1.940863][quan_loss:0.153440][feat_loss:0.000548]
2024-08-21 04:06:31.470 | INFO     | AGMH:train:153 - [iter:33/50][iter_time:231.67]
2024-08-21 04:09:46.396 | INFO     | AGMH:train:145 - [epoch:1/1][cnn_loss:2.094218][hash_loss:1.940431][quan_loss:0.153330][feat_loss:0.000457]
2024-08-21 04:09:46.404 | INFO     | AGMH:train:153 - [iter:34/50][iter_time:194.93]
2024-08-21 04:13:13.997 | INFO     | AGMH:train:145 - [epoch:1/1][cnn_loss:2.094440][hash_loss:1.940581][quan_loss:0.153377][feat_loss:0.000481]
2024-08-21 04:13:14.001 | INFO     | AGMH:train:153 - [iter:35/50][iter_time:207.60]
2024-08-21 04:21:00.332 | INFO     | AGMH:train:231 - [iter:35/50][code_length:16][mAP:0.85162][mAP_all:0.84491][best_mAP:0.85162]
2024-08-21 04:21:00.333 | INFO     | AGMH:train:232 - [iter:35/50][code_length:16][zs_mAP:0.37377][zs_mAP_all:0.18055]
2024-08-21 04:24:14.675 | INFO     | AGMH:train:145 - [epoch:1/1][cnn_loss:2.092403][hash_loss:1.938822][quan_loss:0.153066][feat_loss:0.000515]
2024-08-21 04:24:14.684 | INFO     | AGMH:train:153 - [iter:36/50][iter_time:194.35]
2024-08-21 04:32:02.698 | INFO     | AGMH:train:231 - [iter:36/50][code_length:16][mAP:0.85232][mAP_all:0.84529][best_mAP:0.85232]
2024-08-21 04:32:02.698 | INFO     | AGMH:train:232 - [iter:36/50][code_length:16][zs_mAP:0.34992][zs_mAP_all:0.18116]
2024-08-21 04:35:18.507 | INFO     | AGMH:train:145 - [epoch:1/1][cnn_loss:2.088168][hash_loss:1.935173][quan_loss:0.152491][feat_loss:0.000504]
2024-08-21 04:35:18.515 | INFO     | AGMH:train:153 - [iter:37/50][iter_time:195.82]
2024-08-21 04:43:11.812 | INFO     | AGMH:train:231 - [iter:37/50][code_length:16][mAP:0.84756][mAP_all:0.84047][best_mAP:0.85232]
2024-08-21 04:43:11.812 | INFO     | AGMH:train:232 - [iter:37/50][code_length:16][zs_mAP:0.35740][zs_mAP_all:0.16913]
2024-08-21 04:46:26.770 | INFO     | AGMH:train:145 - [epoch:1/1][cnn_loss:2.089344][hash_loss:1.936205][quan_loss:0.152691][feat_loss:0.000448]
2024-08-21 04:46:26.779 | INFO     | AGMH:train:153 - [iter:38/50][iter_time:194.97]
2024-08-21 04:54:20.585 | INFO     | AGMH:train:231 - [iter:38/50][code_length:16][mAP:0.84638][mAP_all:0.83930][best_mAP:0.85232]
2024-08-21 04:54:20.586 | INFO     | AGMH:train:232 - [iter:38/50][code_length:16][zs_mAP:0.33580][zs_mAP_all:0.15855]
2024-08-21 04:57:37.513 | INFO     | AGMH:train:145 - [epoch:1/1][cnn_loss:2.088957][hash_loss:1.935867][quan_loss:0.152589][feat_loss:0.000500]
2024-08-21 04:57:37.521 | INFO     | AGMH:train:153 - [iter:39/50][iter_time:196.94]
2024-08-21 05:05:28.610 | INFO     | AGMH:train:231 - [iter:39/50][code_length:16][mAP:0.85211][mAP_all:0.84546][best_mAP:0.85232]
2024-08-21 05:05:28.611 | INFO     | AGMH:train:232 - [iter:39/50][code_length:16][zs_mAP:0.35002][zs_mAP_all:0.16530]
2024-08-21 05:08:45.421 | INFO     | AGMH:train:145 - [epoch:1/1][cnn_loss:2.085997][hash_loss:1.933354][quan_loss:0.152185][feat_loss:0.000458]
2024-08-21 05:08:45.429 | INFO     | AGMH:train:153 - [iter:40/50][iter_time:196.82]
2024-08-21 05:16:41.208 | INFO     | AGMH:train:231 - [iter:40/50][code_length:16][mAP:0.85486][mAP_all:0.84781][best_mAP:0.85486]
2024-08-21 05:16:41.209 | INFO     | AGMH:train:232 - [iter:40/50][code_length:16][zs_mAP:0.34615][zs_mAP_all:0.16011]
2024-08-21 05:19:58.474 | INFO     | AGMH:train:145 - [epoch:1/1][cnn_loss:2.086131][hash_loss:1.933525][quan_loss:0.152200][feat_loss:0.000406]
2024-08-21 05:19:58.479 | INFO     | AGMH:train:153 - [iter:41/50][iter_time:197.27]
2024-08-21 05:27:51.012 | INFO     | AGMH:train:231 - [iter:41/50][code_length:16][mAP:0.85773][mAP_all:0.85141][best_mAP:0.85773]
2024-08-21 05:27:51.013 | INFO     | AGMH:train:232 - [iter:41/50][code_length:16][zs_mAP:0.35266][zs_mAP_all:0.16714]
2024-08-21 05:31:05.510 | INFO     | AGMH:train:145 - [epoch:1/1][cnn_loss:2.083534][hash_loss:1.931289][quan_loss:0.151823][feat_loss:0.000422]
2024-08-21 05:31:05.514 | INFO     | AGMH:train:153 - [iter:42/50][iter_time:194.50]
2024-08-21 05:39:03.826 | INFO     | AGMH:train:231 - [iter:42/50][code_length:16][mAP:0.85182][mAP_all:0.84466][best_mAP:0.85773]
2024-08-21 05:39:03.826 | INFO     | AGMH:train:232 - [iter:42/50][code_length:16][zs_mAP:0.34509][zs_mAP_all:0.16549]
2024-08-21 05:44:13.536 | INFO     | AGMH:train:145 - [epoch:1/1][cnn_loss:2.083044][hash_loss:1.930818][quan_loss:0.151801][feat_loss:0.000425]
2024-08-21 05:44:13.545 | INFO     | AGMH:train:153 - [iter:43/50][iter_time:309.72]
2024-08-21 05:52:14.831 | INFO     | AGMH:train:231 - [iter:43/50][code_length:16][mAP:0.85172][mAP_all:0.84523][best_mAP:0.85773]
2024-08-21 05:52:14.832 | INFO     | AGMH:train:232 - [iter:43/50][code_length:16][zs_mAP:0.36523][zs_mAP_all:0.16936]
2024-08-21 05:56:14.568 | INFO     | AGMH:train:145 - [epoch:1/1][cnn_loss:2.082800][hash_loss:1.930674][quan_loss:0.151741][feat_loss:0.000386]
2024-08-21 05:56:14.573 | INFO     | AGMH:train:153 - [iter:44/50][iter_time:239.74]
2024-08-21 06:04:02.312 | INFO     | AGMH:train:231 - [iter:44/50][code_length:16][mAP:0.85113][mAP_all:0.84434][best_mAP:0.85773]
2024-08-21 06:04:02.312 | INFO     | AGMH:train:232 - [iter:44/50][code_length:16][zs_mAP:0.35426][zs_mAP_all:0.17057]
2024-08-21 06:09:13.605 | INFO     | AGMH:train:145 - [epoch:1/1][cnn_loss:2.082654][hash_loss:1.930544][quan_loss:0.151747][feat_loss:0.000363]
2024-08-21 06:09:13.609 | INFO     | AGMH:train:153 - [iter:45/50][iter_time:311.30]
2024-08-21 06:17:15.867 | INFO     | AGMH:train:231 - [iter:45/50][code_length:16][mAP:0.85298][mAP_all:0.84686][best_mAP:0.85773]
2024-08-21 06:17:15.867 | INFO     | AGMH:train:232 - [iter:45/50][code_length:16][zs_mAP:0.36509][zs_mAP_all:0.16259]
2024-08-21 06:22:32.379 | INFO     | AGMH:train:145 - [epoch:1/1][cnn_loss:2.076342][hash_loss:1.924832][quan_loss:0.151147][feat_loss:0.000363]
2024-08-21 06:22:32.383 | INFO     | AGMH:train:153 - [iter:46/50][iter_time:316.52]
2024-08-21 06:30:15.786 | INFO     | AGMH:train:231 - [iter:46/50][code_length:16][mAP:0.85390][mAP_all:0.84763][best_mAP:0.85773]
2024-08-21 06:30:15.787 | INFO     | AGMH:train:232 - [iter:46/50][code_length:16][zs_mAP:0.36911][zs_mAP_all:0.16907]
2024-08-21 06:34:33.439 | INFO     | AGMH:train:145 - [epoch:1/1][cnn_loss:2.074831][hash_loss:1.923421][quan_loss:0.151066][feat_loss:0.000344]
2024-08-21 06:34:33.447 | INFO     | AGMH:train:153 - [iter:47/50][iter_time:257.66]
2024-08-21 06:42:36.353 | INFO     | AGMH:train:231 - [iter:47/50][code_length:16][mAP:0.85394][mAP_all:0.84807][best_mAP:0.85773]
2024-08-21 06:42:36.354 | INFO     | AGMH:train:232 - [iter:47/50][code_length:16][zs_mAP:0.36597][zs_mAP_all:0.15417]
2024-08-21 06:47:46.980 | INFO     | AGMH:train:145 - [epoch:1/1][cnn_loss:2.072844][hash_loss:1.921759][quan_loss:0.150738][feat_loss:0.000347]
2024-08-21 06:47:46.988 | INFO     | AGMH:train:153 - [iter:48/50][iter_time:310.63]
2024-08-21 06:55:42.349 | INFO     | AGMH:train:231 - [iter:48/50][code_length:16][mAP:0.85604][mAP_all:0.85050][best_mAP:0.85773]
2024-08-21 06:55:42.350 | INFO     | AGMH:train:232 - [iter:48/50][code_length:16][zs_mAP:0.36931][zs_mAP_all:0.16158]
2024-08-21 06:58:59.821 | INFO     | AGMH:train:145 - [epoch:1/1][cnn_loss:2.072492][hash_loss:1.921468][quan_loss:0.150689][feat_loss:0.000335]
2024-08-21 06:58:59.829 | INFO     | AGMH:train:153 - [iter:49/50][iter_time:197.48]
2024-08-21 07:07:00.803 | INFO     | AGMH:train:231 - [iter:49/50][code_length:16][mAP:0.85654][mAP_all:0.85080][best_mAP:0.85773]
2024-08-21 07:07:00.804 | INFO     | AGMH:train:232 - [iter:49/50][code_length:16][zs_mAP:0.36665][zs_mAP_all:0.15924]
2024-08-21 07:12:24.011 | INFO     | AGMH:train:145 - [epoch:1/1][cnn_loss:2.072495][hash_loss:1.921472][quan_loss:0.150701][feat_loss:0.000321]
2024-08-21 07:12:24.018 | INFO     | AGMH:train:153 - [iter:50/50][iter_time:323.21]
2024-08-21 07:20:25.159 | INFO     | AGMH:train:231 - [iter:50/50][code_length:16][mAP:0.85793][mAP_all:0.85221][best_mAP:0.85793]
2024-08-21 07:20:25.159 | INFO     | AGMH:train:232 - [iter:50/50][code_length:16][zs_mAP:0.36450][zs_mAP_all:0.16138]
2024-08-21 07:20:25.160 | INFO     | AGMH:train:234 - [Training time:23445.11]
2024-08-21 07:20:25.168 | INFO     | __main__:run:135 - [code_length:16][map:0.8579][map_all:0.8522][zs_map:0.3645][zs_map_all:0.1614]
2024-08-21 07:24:16.449 | INFO     | AGMH:train:145 - [epoch:1/1][cnn_loss:4.842407][hash_loss:4.617316][quan_loss:0.218145][feat_loss:0.006946]
2024-08-21 07:24:16.460 | INFO     | AGMH:train:153 - [iter:1/50][iter_time:230.63]
2024-08-21 07:27:31.583 | INFO     | AGMH:train:145 - [epoch:1/1][cnn_loss:4.257170][hash_loss:4.074401][quan_loss:0.175011][feat_loss:0.007759]
2024-08-21 07:27:31.592 | INFO     | AGMH:train:153 - [iter:2/50][iter_time:195.13]
2024-08-21 07:30:53.456 | INFO     | AGMH:train:145 - [epoch:1/1][cnn_loss:3.843187][hash_loss:3.686846][quan_loss:0.145655][feat_loss:0.010686]
2024-08-21 07:30:53.466 | INFO     | AGMH:train:153 - [iter:3/50][iter_time:201.87]
2024-08-21 07:36:04.596 | INFO     | AGMH:train:145 - [epoch:1/1][cnn_loss:3.712464][hash_loss:3.563302][quan_loss:0.137287][feat_loss:0.011874]
2024-08-21 07:36:04.608 | INFO     | AGMH:train:153 - [iter:4/50][iter_time:311.14]
2024-08-21 07:41:12.466 | INFO     | AGMH:train:145 - [epoch:1/1][cnn_loss:3.655757][hash_loss:3.508872][quan_loss:0.134013][feat_loss:0.012872]
2024-08-21 07:41:12.473 | INFO     | AGMH:train:153 - [iter:5/50][iter_time:307.87]
2024-08-21 07:49:13.146 | INFO     | AGMH:train:231 - [iter:5/50][code_length:32][mAP:0.87272][mAP_all:0.86077][best_mAP:0.87272]
2024-08-21 07:49:13.147 | INFO     | AGMH:train:232 - [iter:5/50][code_length:32][zs_mAP:0.49073][zs_mAP_all:0.28453]
2024-08-21 07:54:14.556 | INFO     | AGMH:train:145 - [epoch:1/1][cnn_loss:3.593783][hash_loss:3.449526][quan_loss:0.130524][feat_loss:0.013733]
2024-08-21 07:54:14.565 | INFO     | AGMH:train:153 - [iter:6/50][iter_time:301.42]
2024-08-21 07:57:29.521 | INFO     | AGMH:train:145 - [epoch:1/1][cnn_loss:3.560799][hash_loss:3.417925][quan_loss:0.129055][feat_loss:0.013818]
2024-08-21 07:57:29.531 | INFO     | AGMH:train:153 - [iter:7/50][iter_time:194.97]
2024-08-21 08:00:45.599 | INFO     | AGMH:train:145 - [epoch:1/1][cnn_loss:3.520601][hash_loss:3.381061][quan_loss:0.126836][feat_loss:0.012704]
2024-08-21 08:00:45.606 | INFO     | AGMH:train:153 - [iter:8/50][iter_time:196.07]
2024-08-21 08:05:01.811 | INFO     | AGMH:train:145 - [epoch:1/1][cnn_loss:3.489694][hash_loss:3.353601][quan_loss:0.125296][feat_loss:0.010797]
2024-08-21 08:05:01.822 | INFO     | AGMH:train:153 - [iter:9/50][iter_time:256.22]
2024-08-21 08:09:53.826 | INFO     | AGMH:train:145 - [epoch:1/1][cnn_loss:3.459543][hash_loss:3.326970][quan_loss:0.123732][feat_loss:0.008841]
2024-08-21 08:09:53.835 | INFO     | AGMH:train:153 - [iter:10/50][iter_time:292.01]
2024-08-21 08:17:56.439 | INFO     | AGMH:train:231 - [iter:10/50][code_length:32][mAP:0.87305][mAP_all:0.86028][best_mAP:0.87305]
2024-08-21 08:17:56.440 | INFO     | AGMH:train:232 - [iter:10/50][code_length:32][zs_mAP:0.48096][zs_mAP_all:0.25146]
2024-08-21 08:23:10.251 | INFO     | AGMH:train:145 - [epoch:1/1][cnn_loss:3.432262][hash_loss:3.302645][quan_loss:0.122429][feat_loss:0.007188]
2024-08-21 08:23:10.260 | INFO     | AGMH:train:153 - [iter:11/50][iter_time:313.82]
2024-08-21 08:27:23.187 | INFO     | AGMH:train:145 - [epoch:1/1][cnn_loss:3.426298][hash_loss:3.297970][quan_loss:0.122223][feat_loss:0.006105]
2024-08-21 08:27:23.203 | INFO     | AGMH:train:153 - [iter:12/50][iter_time:252.94]
2024-08-21 08:30:40.092 | INFO     | AGMH:train:145 - [epoch:1/1][cnn_loss:3.393045][hash_loss:3.268574][quan_loss:0.120380][feat_loss:0.004090]
2024-08-21 08:30:40.104 | INFO     | AGMH:train:153 - [iter:13/50][iter_time:196.90]
2024-08-21 08:33:55.499 | INFO     | AGMH:train:145 - [epoch:1/1][cnn_loss:3.388634][hash_loss:3.265946][quan_loss:0.120295][feat_loss:0.002394]
2024-08-21 08:33:55.508 | INFO     | AGMH:train:153 - [iter:14/50][iter_time:195.40]
2024-08-21 08:39:01.567 | INFO     | AGMH:train:145 - [epoch:1/1][cnn_loss:3.356904][hash_loss:3.236713][quan_loss:0.118455][feat_loss:0.001736]
2024-08-21 08:39:01.577 | INFO     | AGMH:train:153 - [iter:15/50][iter_time:306.07]
2024-08-21 08:47:01.936 | INFO     | AGMH:train:231 - [iter:15/50][code_length:32][mAP:0.87350][mAP_all:0.86002][best_mAP:0.87350]
2024-08-21 08:47:01.937 | INFO     | AGMH:train:232 - [iter:15/50][code_length:32][zs_mAP:0.44195][zs_mAP_all:0.21046]
2024-08-21 08:52:11.702 | INFO     | AGMH:train:145 - [epoch:1/1][cnn_loss:3.346982][hash_loss:3.227833][quan_loss:0.117882][feat_loss:0.001267]
2024-08-21 08:52:11.713 | INFO     | AGMH:train:153 - [iter:16/50][iter_time:309.78]
2024-08-21 08:57:19.284 | INFO     | AGMH:train:145 - [epoch:1/1][cnn_loss:3.338582][hash_loss:3.220069][quan_loss:0.117476][feat_loss:0.001037]
2024-08-21 08:57:19.290 | INFO     | AGMH:train:153 - [iter:17/50][iter_time:307.58]
2024-08-21 09:00:53.459 | INFO     | AGMH:train:145 - [epoch:1/1][cnn_loss:3.317291][hash_loss:3.200298][quan_loss:0.116103][feat_loss:0.000890]
2024-08-21 09:00:53.467 | INFO     | AGMH:train:153 - [iter:18/50][iter_time:214.18]
2024-08-21 09:04:01.986 | INFO     | AGMH:train:145 - [epoch:1/1][cnn_loss:3.309456][hash_loss:3.193104][quan_loss:0.115614][feat_loss:0.000737]
2024-08-21 09:04:01.993 | INFO     | AGMH:train:153 - [iter:19/50][iter_time:188.53]
2024-08-21 09:07:53.744 | INFO     | AGMH:train:145 - [epoch:1/1][cnn_loss:3.295764][hash_loss:3.180265][quan_loss:0.114803][feat_loss:0.000696]
2024-08-21 09:07:53.760 | INFO     | AGMH:train:153 - [iter:20/50][iter_time:231.77]
2024-08-21 09:15:39.076 | INFO     | AGMH:train:231 - [iter:20/50][code_length:32][mAP:0.86785][mAP_all:0.85326][best_mAP:0.87350]
2024-08-21 09:15:39.076 | INFO     | AGMH:train:232 - [iter:20/50][code_length:32][zs_mAP:0.41999][zs_mAP_all:0.19543]
2024-08-21 09:19:10.524 | INFO     | AGMH:train:145 - [epoch:1/1][cnn_loss:3.295638][hash_loss:3.180200][quan_loss:0.114773][feat_loss:0.000665]
2024-08-21 09:19:10.535 | INFO     | AGMH:train:153 - [iter:21/50][iter_time:211.46]
2024-08-21 09:24:13.394 | INFO     | AGMH:train:145 - [epoch:1/1][cnn_loss:3.290592][hash_loss:3.175448][quan_loss:0.114546][feat_loss:0.000599]
2024-08-21 09:24:13.400 | INFO     | AGMH:train:153 - [iter:22/50][iter_time:302.87]
2024-08-21 09:27:26.319 | INFO     | AGMH:train:145 - [epoch:1/1][cnn_loss:3.273369][hash_loss:3.159421][quan_loss:0.113443][feat_loss:0.000505]
2024-08-21 09:27:26.326 | INFO     | AGMH:train:153 - [iter:23/50][iter_time:192.93]
2024-08-21 09:30:40.135 | INFO     | AGMH:train:145 - [epoch:1/1][cnn_loss:3.272345][hash_loss:3.158452][quan_loss:0.113373][feat_loss:0.000520]
2024-08-21 09:30:40.145 | INFO     | AGMH:train:153 - [iter:24/50][iter_time:193.82]
2024-08-21 09:34:54.794 | INFO     | AGMH:train:145 - [epoch:1/1][cnn_loss:3.261725][hash_loss:3.148491][quan_loss:0.112638][feat_loss:0.000596]
2024-08-21 09:34:54.800 | INFO     | AGMH:train:153 - [iter:25/50][iter_time:254.66]
2024-08-21 09:42:34.662 | INFO     | AGMH:train:231 - [iter:25/50][code_length:32][mAP:0.86214][mAP_all:0.84849][best_mAP:0.87350]
2024-08-21 09:42:34.662 | INFO     | AGMH:train:232 - [iter:25/50][code_length:32][zs_mAP:0.40246][zs_mAP_all:0.17185]
2024-08-21 09:46:39.644 | INFO     | AGMH:train:145 - [epoch:1/1][cnn_loss:3.262339][hash_loss:3.149070][quan_loss:0.112745][feat_loss:0.000524]
2024-08-21 09:46:39.660 | INFO     | AGMH:train:153 - [iter:26/50][iter_time:245.00]
2024-08-21 09:51:18.791 | INFO     | AGMH:train:145 - [epoch:1/1][cnn_loss:3.255193][hash_loss:3.142491][quan_loss:0.112310][feat_loss:0.000392]
2024-08-21 09:51:18.797 | INFO     | AGMH:train:153 - [iter:27/50][iter_time:279.14]
2024-08-21 09:54:31.870 | INFO     | AGMH:train:145 - [epoch:1/1][cnn_loss:3.249567][hash_loss:3.137263][quan_loss:0.111918][feat_loss:0.000386]
2024-08-21 09:54:31.877 | INFO     | AGMH:train:153 - [iter:28/50][iter_time:193.08]
2024-08-21 09:57:49.400 | INFO     | AGMH:train:145 - [epoch:1/1][cnn_loss:3.242940][hash_loss:3.131070][quan_loss:0.111485][feat_loss:0.000384]
2024-08-21 09:57:49.406 | INFO     | AGMH:train:153 - [iter:29/50][iter_time:197.53]
2024-08-21 10:02:16.584 | INFO     | AGMH:train:145 - [epoch:1/1][cnn_loss:3.237322][hash_loss:3.125713][quan_loss:0.111135][feat_loss:0.000473]
2024-08-21 10:02:16.593 | INFO     | AGMH:train:153 - [iter:30/50][iter_time:267.19]
2024-08-21 10:09:57.491 | INFO     | AGMH:train:231 - [iter:30/50][code_length:32][mAP:0.86110][mAP_all:0.84589][best_mAP:0.87350]
2024-08-21 10:09:57.491 | INFO     | AGMH:train:232 - [iter:30/50][code_length:32][zs_mAP:0.40469][zs_mAP_all:0.17171]
2024-08-21 10:14:24.076 | INFO     | AGMH:train:145 - [epoch:1/1][cnn_loss:3.226732][hash_loss:3.115902][quan_loss:0.110471][feat_loss:0.000359]
2024-08-21 10:14:24.088 | INFO     | AGMH:train:153 - [iter:31/50][iter_time:266.60]
2024-08-21 10:18:38.836 | INFO     | AGMH:train:145 - [epoch:1/1][cnn_loss:3.231256][hash_loss:3.120104][quan_loss:0.110822][feat_loss:0.000329]
2024-08-21 10:18:38.843 | INFO     | AGMH:train:153 - [iter:32/50][iter_time:254.76]
2024-08-21 10:21:43.280 | INFO     | AGMH:train:145 - [epoch:1/1][cnn_loss:3.226982][hash_loss:3.116170][quan_loss:0.110482][feat_loss:0.000330]
2024-08-21 10:21:43.290 | INFO     | AGMH:train:153 - [iter:33/50][iter_time:184.45]
2024-08-21 10:24:58.275 | INFO     | AGMH:train:145 - [epoch:1/1][cnn_loss:3.217944][hash_loss:3.107744][quan_loss:0.109900][feat_loss:0.000300]
2024-08-21 10:24:58.286 | INFO     | AGMH:train:153 - [iter:34/50][iter_time:195.00]
2024-08-21 10:29:55.517 | INFO     | AGMH:train:145 - [epoch:1/1][cnn_loss:3.214886][hash_loss:3.104891][quan_loss:0.109675][feat_loss:0.000320]
2024-08-21 10:29:55.524 | INFO     | AGMH:train:153 - [iter:35/50][iter_time:297.24]
2024-08-21 10:37:36.186 | INFO     | AGMH:train:231 - [iter:35/50][code_length:32][mAP:0.85942][mAP_all:0.84546][best_mAP:0.87350]
2024-08-21 10:37:36.187 | INFO     | AGMH:train:232 - [iter:35/50][code_length:32][zs_mAP:0.39709][zs_mAP_all:0.17673]
2024-08-21 10:42:33.407 | INFO     | AGMH:train:145 - [epoch:1/1][cnn_loss:3.204571][hash_loss:3.095247][quan_loss:0.109022][feat_loss:0.000303]
2024-08-21 10:42:33.420 | INFO     | AGMH:train:153 - [iter:36/50][iter_time:297.23]
2024-08-21 10:50:12.325 | INFO     | AGMH:train:231 - [iter:36/50][code_length:32][mAP:0.86141][mAP_all:0.84762][best_mAP:0.87350]
2024-08-21 10:50:12.325 | INFO     | AGMH:train:232 - [iter:36/50][code_length:32][zs_mAP:0.39249][zs_mAP_all:0.16695]
2024-08-21 10:54:45.732 | INFO     | AGMH:train:145 - [epoch:1/1][cnn_loss:3.213965][hash_loss:3.103908][quan_loss:0.109665][feat_loss:0.000393]
2024-08-21 10:54:45.742 | INFO     | AGMH:train:153 - [iter:37/50][iter_time:273.42]
2024-08-21 11:02:27.785 | INFO     | AGMH:train:231 - [iter:37/50][code_length:32][mAP:0.85970][mAP_all:0.84547][best_mAP:0.87350]
2024-08-21 11:02:27.785 | INFO     | AGMH:train:232 - [iter:37/50][code_length:32][zs_mAP:0.37654][zs_mAP_all:0.16553]
2024-08-21 11:06:48.039 | INFO     | AGMH:train:145 - [epoch:1/1][cnn_loss:3.201605][hash_loss:3.092474][quan_loss:0.108814][feat_loss:0.000317]
2024-08-21 11:06:48.054 | INFO     | AGMH:train:153 - [iter:38/50][iter_time:260.27]
2024-08-21 11:14:29.740 | INFO     | AGMH:train:231 - [iter:38/50][code_length:32][mAP:0.85853][mAP_all:0.84424][best_mAP:0.87350]
2024-08-21 11:14:29.741 | INFO     | AGMH:train:232 - [iter:38/50][code_length:32][zs_mAP:0.39714][zs_mAP_all:0.17974]
2024-08-21 11:18:25.966 | INFO     | AGMH:train:145 - [epoch:1/1][cnn_loss:3.204439][hash_loss:3.095164][quan_loss:0.109027][feat_loss:0.000248]
2024-08-21 11:18:25.976 | INFO     | AGMH:train:153 - [iter:39/50][iter_time:236.24]
2024-08-21 11:26:12.621 | INFO     | AGMH:train:231 - [iter:39/50][code_length:32][mAP:0.85704][mAP_all:0.84149][best_mAP:0.87350]
2024-08-21 11:26:12.622 | INFO     | AGMH:train:232 - [iter:39/50][code_length:32][zs_mAP:0.39513][zs_mAP_all:0.18102]
2024-08-21 11:29:41.658 | INFO     | AGMH:train:145 - [epoch:1/1][cnn_loss:3.197070][hash_loss:3.088263][quan_loss:0.108549][feat_loss:0.000258]
2024-08-21 11:29:41.673 | INFO     | AGMH:train:153 - [iter:40/50][iter_time:209.05]
2024-08-21 11:37:29.839 | INFO     | AGMH:train:231 - [iter:40/50][code_length:32][mAP:0.85638][mAP_all:0.84293][best_mAP:0.87350]
2024-08-21 11:37:29.839 | INFO     | AGMH:train:232 - [iter:40/50][code_length:32][zs_mAP:0.39435][zs_mAP_all:0.17271]
2024-08-21 11:40:50.274 | INFO     | AGMH:train:145 - [epoch:1/1][cnn_loss:3.188683][hash_loss:3.080431][quan_loss:0.108010][feat_loss:0.000241]
2024-08-21 11:40:50.286 | INFO     | AGMH:train:153 - [iter:41/50][iter_time:200.45]
2024-08-21 11:48:38.004 | INFO     | AGMH:train:231 - [iter:41/50][code_length:32][mAP:0.85703][mAP_all:0.84207][best_mAP:0.87350]
2024-08-21 11:48:38.005 | INFO     | AGMH:train:232 - [iter:41/50][code_length:32][zs_mAP:0.38417][zs_mAP_all:0.16233]
2024-08-21 11:51:53.919 | INFO     | AGMH:train:145 - [epoch:1/1][cnn_loss:3.179549][hash_loss:3.071873][quan_loss:0.107412][feat_loss:0.000265]
2024-08-21 11:51:53.928 | INFO     | AGMH:train:153 - [iter:42/50][iter_time:195.92]
2024-08-21 11:59:44.823 | INFO     | AGMH:train:231 - [iter:42/50][code_length:32][mAP:0.85730][mAP_all:0.84326][best_mAP:0.87350]
2024-08-21 11:59:44.824 | INFO     | AGMH:train:232 - [iter:42/50][code_length:32][zs_mAP:0.38565][zs_mAP_all:0.16133]
2024-08-21 12:02:58.909 | INFO     | AGMH:train:145 - [epoch:1/1][cnn_loss:3.180393][hash_loss:3.072723][quan_loss:0.107411][feat_loss:0.000259]
2024-08-21 12:02:58.916 | INFO     | AGMH:train:153 - [iter:43/50][iter_time:194.09]
2024-08-21 12:10:52.638 | INFO     | AGMH:train:231 - [iter:43/50][code_length:32][mAP:0.85703][mAP_all:0.84276][best_mAP:0.87350]
2024-08-21 12:10:52.638 | INFO     | AGMH:train:232 - [iter:43/50][code_length:32][zs_mAP:0.38476][zs_mAP_all:0.16126]
2024-08-21 12:14:10.790 | INFO     | AGMH:train:145 - [epoch:1/1][cnn_loss:3.183876][hash_loss:3.075997][quan_loss:0.107619][feat_loss:0.000260]
2024-08-21 12:14:10.801 | INFO     | AGMH:train:153 - [iter:44/50][iter_time:198.16]
2024-08-21 12:22:11.417 | INFO     | AGMH:train:231 - [iter:44/50][code_length:32][mAP:0.85327][mAP_all:0.84005][best_mAP:0.87350]
2024-08-21 12:22:11.418 | INFO     | AGMH:train:232 - [iter:44/50][code_length:32][zs_mAP:0.37576][zs_mAP_all:0.15293]
2024-08-21 12:27:33.865 | INFO     | AGMH:train:145 - [epoch:1/1][cnn_loss:3.178513][hash_loss:3.070893][quan_loss:0.107365][feat_loss:0.000255]
2024-08-21 12:27:33.875 | INFO     | AGMH:train:153 - [iter:45/50][iter_time:322.46]
2024-08-21 12:35:35.950 | INFO     | AGMH:train:231 - [iter:45/50][code_length:32][mAP:0.86101][mAP_all:0.84577][best_mAP:0.87350]
2024-08-21 12:35:35.950 | INFO     | AGMH:train:232 - [iter:45/50][code_length:32][zs_mAP:0.37624][zs_mAP_all:0.15525]
2024-08-21 12:38:52.455 | INFO     | AGMH:train:145 - [epoch:1/1][cnn_loss:3.150532][hash_loss:3.044448][quan_loss:0.105838][feat_loss:0.000245]
2024-08-21 12:38:52.464 | INFO     | AGMH:train:153 - [iter:46/50][iter_time:196.51]
2024-08-21 12:46:49.852 | INFO     | AGMH:train:231 - [iter:46/50][code_length:32][mAP:0.86437][mAP_all:0.85082][best_mAP:0.87350]
2024-08-21 12:46:49.853 | INFO     | AGMH:train:232 - [iter:46/50][code_length:32][zs_mAP:0.38344][zs_mAP_all:0.16687]
2024-08-21 12:51:56.045 | INFO     | AGMH:train:145 - [epoch:1/1][cnn_loss:3.143762][hash_loss:3.038181][quan_loss:0.105355][feat_loss:0.000225]
2024-08-21 12:51:56.056 | INFO     | AGMH:train:153 - [iter:47/50][iter_time:306.20]
2024-08-21 13:00:02.100 | INFO     | AGMH:train:231 - [iter:47/50][code_length:32][mAP:0.86468][mAP_all:0.85109][best_mAP:0.87350]
2024-08-21 13:00:02.100 | INFO     | AGMH:train:232 - [iter:47/50][code_length:32][zs_mAP:0.38350][zs_mAP_all:0.16369]
2024-08-21 13:05:09.346 | INFO     | AGMH:train:145 - [epoch:1/1][cnn_loss:3.139352][hash_loss:3.034043][quan_loss:0.105072][feat_loss:0.000237]
2024-08-21 13:05:09.353 | INFO     | AGMH:train:153 - [iter:48/50][iter_time:307.25]
2024-08-21 13:12:43.116 | INFO     | AGMH:train:231 - [iter:48/50][code_length:32][mAP:0.86554][mAP_all:0.85279][best_mAP:0.87350]
2024-08-21 13:12:43.117 | INFO     | AGMH:train:232 - [iter:48/50][code_length:32][zs_mAP:0.38834][zs_mAP_all:0.16721]
2024-08-21 13:18:07.488 | INFO     | AGMH:train:145 - [epoch:1/1][cnn_loss:3.134231][hash_loss:3.029351][quan_loss:0.104683][feat_loss:0.000197]
2024-08-21 13:18:07.505 | INFO     | AGMH:train:153 - [iter:49/50][iter_time:324.39]
2024-08-21 13:26:10.014 | INFO     | AGMH:train:231 - [iter:49/50][code_length:32][mAP:0.86619][mAP_all:0.85243][best_mAP:0.87350]
2024-08-21 13:26:10.015 | INFO     | AGMH:train:232 - [iter:49/50][code_length:32][zs_mAP:0.37883][zs_mAP_all:0.16485]
2024-08-21 13:31:27.144 | INFO     | AGMH:train:145 - [epoch:1/1][cnn_loss:3.131911][hash_loss:3.027145][quan_loss:0.104575][feat_loss:0.000190]
2024-08-21 13:31:27.154 | INFO     | AGMH:train:153 - [iter:50/50][iter_time:317.14]
2024-08-21 13:39:16.089 | INFO     | AGMH:train:231 - [iter:50/50][code_length:32][mAP:0.86679][mAP_all:0.85311][best_mAP:0.87350]
2024-08-21 13:39:16.089 | INFO     | AGMH:train:232 - [iter:50/50][code_length:32][zs_mAP:0.38672][zs_mAP_all:0.16339]
2024-08-21 13:39:16.090 | INFO     | AGMH:train:234 - [Training time:22730.25]
2024-08-21 13:39:16.098 | INFO     | __main__:run:135 - [code_length:32][map:0.8735][map_all:0.8600][zs_map:0.4419][zs_map_all:0.2105]
2024-08-21 13:42:31.450 | INFO     | AGMH:train:145 - [epoch:1/1][cnn_loss:9.420010][hash_loss:9.193718][quan_loss:0.218674][feat_loss:0.007619]
2024-08-21 13:42:31.464 | INFO     | AGMH:train:153 - [iter:1/50][iter_time:194.73]
2024-08-21 13:47:24.984 | INFO     | AGMH:train:145 - [epoch:1/1][cnn_loss:7.350472][hash_loss:7.182877][quan_loss:0.156727][feat_loss:0.010868]
2024-08-21 13:47:24.998 | INFO     | AGMH:train:153 - [iter:2/50][iter_time:293.53]
2024-08-21 13:52:38.153 | INFO     | AGMH:train:145 - [epoch:1/1][cnn_loss:6.003986][hash_loss:5.862701][quan_loss:0.123249][feat_loss:0.018036]
2024-08-21 13:52:38.163 | INFO     | AGMH:train:153 - [iter:3/50][iter_time:313.16]
2024-08-21 13:57:20.241 | INFO     | AGMH:train:145 - [epoch:1/1][cnn_loss:5.488048][hash_loss:5.354006][quan_loss:0.114557][feat_loss:0.019486]
2024-08-21 13:57:20.254 | INFO     | AGMH:train:153 - [iter:4/50][iter_time:282.09]
2024-08-21 14:02:30.104 | INFO     | AGMH:train:145 - [epoch:1/1][cnn_loss:5.311274][hash_loss:5.179701][quan_loss:0.113099][feat_loss:0.018474]
2024-08-21 14:02:30.115 | INFO     | AGMH:train:153 - [iter:5/50][iter_time:309.86]
2024-08-21 14:10:23.825 | INFO     | AGMH:train:231 - [iter:5/50][code_length:64][mAP:0.83965][mAP_all:0.82640][best_mAP:0.83965]
2024-08-21 14:10:23.826 | INFO     | AGMH:train:232 - [iter:5/50][code_length:64][zs_mAP:0.48867][zs_mAP_all:0.25639]
2024-08-21 14:13:41.248 | INFO     | AGMH:train:145 - [epoch:1/1][cnn_loss:5.194387][hash_loss:5.065615][quan_loss:0.111917][feat_loss:0.016856]
2024-08-21 14:13:41.261 | INFO     | AGMH:train:153 - [iter:6/50][iter_time:197.44]
2024-08-21 14:17:16.989 | INFO     | AGMH:train:145 - [epoch:1/1][cnn_loss:5.119977][hash_loss:4.993360][quan_loss:0.111034][feat_loss:0.015584]
2024-08-21 14:17:17.013 | INFO     | AGMH:train:153 - [iter:7/50][iter_time:215.75]
2024-08-21 14:22:27.703 | INFO     | AGMH:train:145 - [epoch:1/1][cnn_loss:5.047416][hash_loss:4.923972][quan_loss:0.109868][feat_loss:0.013576]
2024-08-21 14:22:27.718 | INFO     | AGMH:train:153 - [iter:8/50][iter_time:310.71]
2024-08-21 14:27:39.940 | INFO     | AGMH:train:145 - [epoch:1/1][cnn_loss:4.998724][hash_loss:4.878700][quan_loss:0.108931][feat_loss:0.011094]
2024-08-21 14:27:39.951 | INFO     | AGMH:train:153 - [iter:9/50][iter_time:312.23]
2024-08-21 14:32:54.079 | INFO     | AGMH:train:145 - [epoch:1/1][cnn_loss:4.901895][hash_loss:4.785776][quan_loss:0.106863][feat_loss:0.009256]
2024-08-21 14:32:54.089 | INFO     | AGMH:train:153 - [iter:10/50][iter_time:314.14]
2024-08-21 14:40:52.919 | INFO     | AGMH:train:231 - [iter:10/50][code_length:64][mAP:0.83031][mAP_all:0.81378][best_mAP:0.83965]
2024-08-21 14:40:52.920 | INFO     | AGMH:train:232 - [iter:10/50][code_length:64][zs_mAP:0.40277][zs_mAP_all:0.16903]
2024-08-21 14:44:08.286 | INFO     | AGMH:train:145 - [epoch:1/1][cnn_loss:4.880138][hash_loss:4.766092][quan_loss:0.106417][feat_loss:0.007630]
2024-08-21 14:44:08.299 | INFO     | AGMH:train:153 - [iter:11/50][iter_time:195.38]
2024-08-21 14:47:21.698 | INFO     | AGMH:train:145 - [epoch:1/1][cnn_loss:4.817830][hash_loss:4.705040][quan_loss:0.104943][feat_loss:0.007847]
2024-08-21 14:47:21.709 | INFO     | AGMH:train:153 - [iter:12/50][iter_time:193.41]
2024-08-21 14:51:34.237 | INFO     | AGMH:train:145 - [epoch:1/1][cnn_loss:4.721360][hash_loss:4.614097][quan_loss:0.102532][feat_loss:0.004731]
2024-08-21 14:51:34.257 | INFO     | AGMH:train:153 - [iter:13/50][iter_time:252.55]
2024-08-21 14:56:48.973 | INFO     | AGMH:train:145 - [epoch:1/1][cnn_loss:4.679407][hash_loss:4.574333][quan_loss:0.101474][feat_loss:0.003600]
2024-08-21 14:56:48.988 | INFO     | AGMH:train:153 - [iter:14/50][iter_time:314.73]
2024-08-21 15:02:07.751 | INFO     | AGMH:train:145 - [epoch:1/1][cnn_loss:4.605971][hash_loss:4.502969][quan_loss:0.099840][feat_loss:0.003162]
2024-08-21 15:02:07.770 | INFO     | AGMH:train:153 - [iter:15/50][iter_time:318.78]
2024-08-21 15:10:10.364 | INFO     | AGMH:train:231 - [iter:15/50][code_length:64][mAP:0.82157][mAP_all:0.80418][best_mAP:0.83965]
2024-08-21 15:10:10.365 | INFO     | AGMH:train:232 - [iter:15/50][code_length:64][zs_mAP:0.38868][zs_mAP_all:0.16457]
2024-08-21 15:14:23.105 | INFO     | AGMH:train:145 - [epoch:1/1][cnn_loss:4.560603][hash_loss:4.459024][quan_loss:0.098807][feat_loss:0.002771]
2024-08-21 15:14:23.120 | INFO     | AGMH:train:153 - [iter:16/50][iter_time:252.75]
2024-08-21 15:17:37.449 | INFO     | AGMH:train:145 - [epoch:1/1][cnn_loss:4.487654][hash_loss:4.388321][quan_loss:0.097141][feat_loss:0.002192]
2024-08-21 15:17:37.461 | INFO     | AGMH:train:153 - [iter:17/50][iter_time:194.34]
2024-08-21 15:20:48.513 | INFO     | AGMH:train:145 - [epoch:1/1][cnn_loss:4.468002][hash_loss:4.369095][quan_loss:0.096820][feat_loss:0.002088]
2024-08-21 15:20:48.524 | INFO     | AGMH:train:153 - [iter:18/50][iter_time:191.06]
2024-08-21 15:26:03.910 | INFO     | AGMH:train:145 - [epoch:1/1][cnn_loss:4.413638][hash_loss:4.316183][quan_loss:0.095576][feat_loss:0.001879]
2024-08-21 15:26:03.930 | INFO     | AGMH:train:153 - [iter:19/50][iter_time:315.41]
2024-08-21 15:30:46.679 | INFO     | AGMH:train:145 - [epoch:1/1][cnn_loss:4.392619][hash_loss:4.295572][quan_loss:0.095165][feat_loss:0.001882]
2024-08-21 15:30:46.691 | INFO     | AGMH:train:153 - [iter:20/50][iter_time:282.76]
2024-08-21 15:38:48.158 | INFO     | AGMH:train:231 - [iter:20/50][code_length:64][mAP:0.81183][mAP_all:0.79412][best_mAP:0.83965]
2024-08-21 15:38:48.159 | INFO     | AGMH:train:232 - [iter:20/50][code_length:64][zs_mAP:0.37993][zs_mAP_all:0.15589]
2024-08-21 15:44:01.154 | INFO     | AGMH:train:145 - [epoch:1/1][cnn_loss:4.391521][hash_loss:4.294405][quan_loss:0.095339][feat_loss:0.001777]
2024-08-21 15:44:01.175 | INFO     | AGMH:train:153 - [iter:21/50][iter_time:313.02]
2024-08-21 15:47:32.420 | INFO     | AGMH:train:145 - [epoch:1/1][cnn_loss:4.329661][hash_loss:4.234142][quan_loss:0.093766][feat_loss:0.001753]
2024-08-21 15:47:32.434 | INFO     | AGMH:train:153 - [iter:22/50][iter_time:211.26]
2024-08-21 15:50:46.767 | INFO     | AGMH:train:145 - [epoch:1/1][cnn_loss:4.315092][hash_loss:4.219819][quan_loss:0.093672][feat_loss:0.001602]
2024-08-21 15:50:46.777 | INFO     | AGMH:train:153 - [iter:23/50][iter_time:194.34]
2024-08-21 15:54:40.593 | INFO     | AGMH:train:145 - [epoch:1/1][cnn_loss:4.236211][hash_loss:4.142943][quan_loss:0.091765][feat_loss:0.001504]
2024-08-21 15:54:40.607 | INFO     | AGMH:train:153 - [iter:24/50][iter_time:233.83]
2024-08-21 15:59:19.212 | INFO     | AGMH:train:145 - [epoch:1/1][cnn_loss:4.242141][hash_loss:4.148680][quan_loss:0.091996][feat_loss:0.001465]
2024-08-21 15:59:19.223 | INFO     | AGMH:train:153 - [iter:25/50][iter_time:278.62]
2024-08-21 16:06:59.249 | INFO     | AGMH:train:231 - [iter:25/50][code_length:64][mAP:0.80601][mAP_all:0.78711][best_mAP:0.83965]
2024-08-21 16:06:59.250 | INFO     | AGMH:train:232 - [iter:25/50][code_length:64][zs_mAP:0.35098][zs_mAP_all:0.13566]
2024-08-21 16:12:06.170 | INFO     | AGMH:train:145 - [epoch:1/1][cnn_loss:4.239632][hash_loss:4.146151][quan_loss:0.092089][feat_loss:0.001392]
2024-08-21 16:12:06.185 | INFO     | AGMH:train:153 - [iter:26/50][iter_time:306.94]
2024-08-21 16:15:20.463 | INFO     | AGMH:train:145 - [epoch:1/1][cnn_loss:4.232042][hash_loss:4.138926][quan_loss:0.091960][feat_loss:0.001156]
2024-08-21 16:15:20.477 | INFO     | AGMH:train:153 - [iter:27/50][iter_time:194.29]
2024-08-21 16:18:33.685 | INFO     | AGMH:train:145 - [epoch:1/1][cnn_loss:4.174790][hash_loss:4.083253][quan_loss:0.090577][feat_loss:0.000960]
2024-08-21 16:18:33.700 | INFO     | AGMH:train:153 - [iter:28/50][iter_time:193.22]
2024-08-21 16:23:05.174 | INFO     | AGMH:train:145 - [epoch:1/1][cnn_loss:4.182985][hash_loss:4.091202][quan_loss:0.090826][feat_loss:0.000957]
2024-08-21 16:23:05.188 | INFO     | AGMH:train:153 - [iter:29/50][iter_time:271.49]
2024-08-21 16:27:15.866 | INFO     | AGMH:train:145 - [epoch:1/1][cnn_loss:4.165841][hash_loss:4.074392][quan_loss:0.090538][feat_loss:0.000911]
2024-08-21 16:27:15.886 | INFO     | AGMH:train:153 - [iter:30/50][iter_time:250.70]
2024-08-21 16:34:59.770 | INFO     | AGMH:train:231 - [iter:30/50][code_length:64][mAP:0.80223][mAP_all:0.78314][best_mAP:0.83965]
2024-08-21 16:34:59.771 | INFO     | AGMH:train:232 - [iter:30/50][code_length:64][zs_mAP:0.34582][zs_mAP_all:0.13229]
2024-08-21 16:39:22.185 | INFO     | AGMH:train:145 - [epoch:1/1][cnn_loss:4.139272][hash_loss:4.048602][quan_loss:0.089942][feat_loss:0.000728]
2024-08-21 16:39:22.198 | INFO     | AGMH:train:153 - [iter:31/50][iter_time:262.43]
2024-08-21 16:42:35.572 | INFO     | AGMH:train:145 - [epoch:1/1][cnn_loss:4.103480][hash_loss:4.013726][quan_loss:0.089055][feat_loss:0.000699]
2024-08-21 16:42:35.582 | INFO     | AGMH:train:153 - [iter:32/50][iter_time:193.38]
2024-08-21 16:45:44.753 | INFO     | AGMH:train:145 - [epoch:1/1][cnn_loss:4.110318][hash_loss:4.020247][quan_loss:0.089348][feat_loss:0.000723]
2024-08-21 16:45:44.767 | INFO     | AGMH:train:153 - [iter:33/50][iter_time:189.18]
2024-08-21 16:50:33.721 | INFO     | AGMH:train:145 - [epoch:1/1][cnn_loss:4.081693][hash_loss:3.992290][quan_loss:0.088684][feat_loss:0.000719]
2024-08-21 16:50:33.738 | INFO     | AGMH:train:153 - [iter:34/50][iter_time:288.97]
2024-08-21 16:54:02.595 | INFO     | AGMH:train:145 - [epoch:1/1][cnn_loss:4.103885][hash_loss:4.013958][quan_loss:0.089232][feat_loss:0.000694]
2024-08-21 16:54:02.605 | INFO     | AGMH:train:153 - [iter:35/50][iter_time:208.87]
2024-08-21 17:01:49.996 | INFO     | AGMH:train:231 - [iter:35/50][code_length:64][mAP:0.80830][mAP_all:0.79064][best_mAP:0.83965]
2024-08-21 17:01:49.997 | INFO     | AGMH:train:232 - [iter:35/50][code_length:64][zs_mAP:0.35002][zs_mAP_all:0.13499]
2024-08-21 17:05:51.904 | INFO     | AGMH:train:145 - [epoch:1/1][cnn_loss:4.051704][hash_loss:3.962905][quan_loss:0.088019][feat_loss:0.000780]
2024-08-21 17:05:51.918 | INFO     | AGMH:train:153 - [iter:36/50][iter_time:241.92]
2024-08-21 17:13:39.187 | INFO     | AGMH:train:231 - [iter:36/50][code_length:64][mAP:0.80484][mAP_all:0.78571][best_mAP:0.83965]
2024-08-21 17:13:39.187 | INFO     | AGMH:train:232 - [iter:36/50][code_length:64][zs_mAP:0.35337][zs_mAP_all:0.13387]
2024-08-21 17:17:52.352 | INFO     | AGMH:train:145 - [epoch:1/1][cnn_loss:3.982921][hash_loss:3.895672][quan_loss:0.086372][feat_loss:0.000876]
2024-08-21 17:17:52.364 | INFO     | AGMH:train:153 - [iter:37/50][iter_time:253.18]
2024-08-21 17:25:30.639 | INFO     | AGMH:train:231 - [iter:37/50][code_length:64][mAP:0.80577][mAP_all:0.78710][best_mAP:0.83965]
2024-08-21 17:25:30.640 | INFO     | AGMH:train:232 - [iter:37/50][code_length:64][zs_mAP:0.32937][zs_mAP_all:0.12047]
2024-08-21 17:30:00.479 | INFO     | AGMH:train:145 - [epoch:1/1][cnn_loss:4.007796][hash_loss:3.920097][quan_loss:0.087020][feat_loss:0.000679]
2024-08-21 17:30:00.492 | INFO     | AGMH:train:153 - [iter:38/50][iter_time:269.85]
2024-08-21 17:37:42.000 | INFO     | AGMH:train:231 - [iter:38/50][code_length:64][mAP:0.80724][mAP_all:0.78966][best_mAP:0.83965]
2024-08-21 17:37:42.001 | INFO     | AGMH:train:232 - [iter:38/50][code_length:64][zs_mAP:0.32472][zs_mAP_all:0.12696]
2024-08-21 17:42:33.711 | INFO     | AGMH:train:145 - [epoch:1/1][cnn_loss:3.967715][hash_loss:3.880860][quan_loss:0.086143][feat_loss:0.000713]
2024-08-21 17:42:33.724 | INFO     | AGMH:train:153 - [iter:39/50][iter_time:291.72]
2024-08-21 17:50:11.505 | INFO     | AGMH:train:231 - [iter:39/50][code_length:64][mAP:0.80168][mAP_all:0.78347][best_mAP:0.83965]
2024-08-21 17:50:11.506 | INFO     | AGMH:train:232 - [iter:39/50][code_length:64][zs_mAP:0.34840][zs_mAP_all:0.13449]
2024-08-21 17:55:17.978 | INFO     | AGMH:train:145 - [epoch:1/1][cnn_loss:3.992614][hash_loss:3.905252][quan_loss:0.086751][feat_loss:0.000611]
2024-08-21 17:55:17.989 | INFO     | AGMH:train:153 - [iter:40/50][iter_time:306.48]
2024-08-21 18:02:54.955 | INFO     | AGMH:train:231 - [iter:40/50][code_length:64][mAP:0.80713][mAP_all:0.78852][best_mAP:0.83965]
2024-08-21 18:02:54.956 | INFO     | AGMH:train:232 - [iter:40/50][code_length:64][zs_mAP:0.35313][zs_mAP_all:0.14723]
2024-08-21 18:08:32.320 | INFO     | AGMH:train:145 - [epoch:1/1][cnn_loss:4.033140][hash_loss:3.944765][quan_loss:0.087736][feat_loss:0.000640]
2024-08-21 18:08:32.340 | INFO     | AGMH:train:153 - [iter:41/50][iter_time:337.38]
2024-08-21 18:16:10.555 | INFO     | AGMH:train:231 - [iter:41/50][code_length:64][mAP:0.79655][mAP_all:0.77830][best_mAP:0.83965]
2024-08-21 18:16:10.555 | INFO     | AGMH:train:232 - [iter:41/50][code_length:64][zs_mAP:0.33487][zs_mAP_all:0.13256]
2024-08-21 18:21:28.635 | INFO     | AGMH:train:145 - [epoch:1/1][cnn_loss:3.995129][hash_loss:3.907767][quan_loss:0.086884][feat_loss:0.000479]
2024-08-21 18:21:28.648 | INFO     | AGMH:train:153 - [iter:42/50][iter_time:318.09]
2024-08-21 18:29:07.891 | INFO     | AGMH:train:231 - [iter:42/50][code_length:64][mAP:0.80156][mAP_all:0.78366][best_mAP:0.83965]
2024-08-21 18:29:07.891 | INFO     | AGMH:train:232 - [iter:42/50][code_length:64][zs_mAP:0.36751][zs_mAP_all:0.13857]
2024-08-21 18:34:10.450 | INFO     | AGMH:train:145 - [epoch:1/1][cnn_loss:3.929365][hash_loss:3.843611][quan_loss:0.085295][feat_loss:0.000458]
2024-08-21 18:34:10.465 | INFO     | AGMH:train:153 - [iter:43/50][iter_time:302.57]
2024-08-21 18:41:48.561 | INFO     | AGMH:train:231 - [iter:43/50][code_length:64][mAP:0.80921][mAP_all:0.79132][best_mAP:0.83965]
2024-08-21 18:41:48.562 | INFO     | AGMH:train:232 - [iter:43/50][code_length:64][zs_mAP:0.33463][zs_mAP_all:0.13530]
2024-08-21 18:46:24.041 | INFO     | AGMH:train:145 - [epoch:1/1][cnn_loss:3.894201][hash_loss:3.808996][quan_loss:0.084571][feat_loss:0.000634]
2024-08-21 18:46:24.062 | INFO     | AGMH:train:153 - [iter:44/50][iter_time:275.50]
2024-08-21 18:54:04.253 | INFO     | AGMH:train:231 - [iter:44/50][code_length:64][mAP:0.80048][mAP_all:0.78286][best_mAP:0.83965]
2024-08-21 18:54:04.254 | INFO     | AGMH:train:232 - [iter:44/50][code_length:64][zs_mAP:0.33477][zs_mAP_all:0.12373]
2024-08-21 18:57:58.968 | INFO     | AGMH:train:145 - [epoch:1/1][cnn_loss:3.953854][hash_loss:3.867249][quan_loss:0.085965][feat_loss:0.000640]
2024-08-21 18:57:58.982 | INFO     | AGMH:train:153 - [iter:45/50][iter_time:234.73]
2024-08-21 19:05:43.080 | INFO     | AGMH:train:231 - [iter:45/50][code_length:64][mAP:0.78935][mAP_all:0.76988][best_mAP:0.83965]
2024-08-21 19:05:43.080 | INFO     | AGMH:train:232 - [iter:45/50][code_length:64][zs_mAP:0.35134][zs_mAP_all:0.13711]
2024-08-21 19:08:33.152 | INFO     | AGMH:train:145 - [epoch:1/1][cnn_loss:3.764926][hash_loss:3.682733][quan_loss:0.081696][feat_loss:0.000497]
2024-08-21 19:08:33.161 | INFO     | AGMH:train:153 - [iter:46/50][iter_time:170.08]
2024-08-21 19:16:01.803 | INFO     | AGMH:train:231 - [iter:46/50][code_length:64][mAP:0.82321][mAP_all:0.80396][best_mAP:0.83965]
2024-08-21 19:16:01.803 | INFO     | AGMH:train:232 - [iter:46/50][code_length:64][zs_mAP:0.36123][zs_mAP_all:0.14481]
2024-08-21 19:18:14.569 | INFO     | AGMH:train:145 - [epoch:1/1][cnn_loss:3.704478][hash_loss:3.623697][quan_loss:0.080261][feat_loss:0.000520]
2024-08-21 19:18:14.578 | INFO     | AGMH:train:153 - [iter:47/50][iter_time:132.77]
2024-08-21 19:25:41.710 | INFO     | AGMH:train:231 - [iter:47/50][code_length:64][mAP:0.82574][mAP_all:0.80751][best_mAP:0.83965]
2024-08-21 19:25:41.710 | INFO     | AGMH:train:232 - [iter:47/50][code_length:64][zs_mAP:0.35529][zs_mAP_all:0.14141]
2024-08-21 19:28:04.796 | INFO     | AGMH:train:145 - [epoch:1/1][cnn_loss:3.660753][hash_loss:3.581132][quan_loss:0.079180][feat_loss:0.000442]
2024-08-21 19:28:04.807 | INFO     | AGMH:train:153 - [iter:48/50][iter_time:143.10]
2024-08-21 19:35:35.861 | INFO     | AGMH:train:231 - [iter:48/50][code_length:64][mAP:0.82947][mAP_all:0.81106][best_mAP:0.83965]
2024-08-21 19:35:35.861 | INFO     | AGMH:train:232 - [iter:48/50][code_length:64][zs_mAP:0.35746][zs_mAP_all:0.14332]
2024-08-21 19:37:47.438 | INFO     | AGMH:train:145 - [epoch:1/1][cnn_loss:3.603035][hash_loss:3.524814][quan_loss:0.077702][feat_loss:0.000520]
2024-08-21 19:37:47.451 | INFO     | AGMH:train:153 - [iter:49/50][iter_time:131.59]
2024-08-21 19:45:16.387 | INFO     | AGMH:train:231 - [iter:49/50][code_length:64][mAP:0.83050][mAP_all:0.81252][best_mAP:0.83965]
2024-08-21 19:45:16.388 | INFO     | AGMH:train:232 - [iter:49/50][code_length:64][zs_mAP:0.36036][zs_mAP_all:0.14929]
2024-08-21 19:47:26.328 | INFO     | AGMH:train:145 - [epoch:1/1][cnn_loss:3.629649][hash_loss:3.550669][quan_loss:0.078421][feat_loss:0.000558]
2024-08-21 19:47:26.337 | INFO     | AGMH:train:153 - [iter:50/50][iter_time:129.95]
2024-08-21 19:54:57.539 | INFO     | AGMH:train:231 - [iter:50/50][code_length:64][mAP:0.83249][mAP_all:0.81341][best_mAP:0.83965]
2024-08-21 19:54:57.539 | INFO     | AGMH:train:232 - [iter:50/50][code_length:64][zs_mAP:0.36068][zs_mAP_all:0.15003]
2024-08-21 19:54:57.539 | INFO     | AGMH:train:234 - [Training time:22540.80]
2024-08-21 19:54:57.545 | INFO     | __main__:run:135 - [code_length:64][map:0.8396][map_all:0.8264][zs_map:0.4887][zs_map_all:0.2564]
