2023-11-16 13:57:20.787 | SUCCESS  | __main__:run:50 - Namespace(align_step=50, arch='center', batch_size=16, cauchy_gamma=20.0, code_length=[16, 32, 64], dataset='cifar100zs', device=device(type='cuda', index=1), epoch_change=1, gamma=200, gpu=1, info='cifar100zs-15-85-center-11-16-16,32,64', lambd=0.1, lambd_ch=0.1, lambd_sp=0.1, lr=1e-05, lr_step=[45], margin=0.1, max_epoch=3, max_iter=50, momen=0.9, nesterov=False, net='ResNet50', num_classes=85, num_query=1000, num_samples=2000, num_workers=2, num_zs=15, optim='RMSprop', pretrain=True, quan_loss=False, root='/root/autodl-tmp/cifar-100-python', save_ckpt='checkpoints/', topk=1000, val_freq=1, wd=1e-05)
2023-11-16 13:58:47.744 | INFO     | center:train:227 - [epoch:1/3][loss:0.030490][pair_loss:0.000000]
2023-11-16 13:58:58.090 | INFO     | center:train:227 - [epoch:2/3][loss:0.069469][pair_loss:0.849456]
2023-11-16 13:59:08.703 | INFO     | center:train:227 - [epoch:3/3][loss:0.066748][pair_loss:0.800395]
2023-11-16 13:59:08.703 | INFO     | center:train:230 - [iter:1/50][iter_time:30.88]
2023-11-16 14:00:26.659 | INFO     | center:train:301 - [iter:1/50][code_length:16][mAP:0.08433][mAP_all:0.08198][best_mAP:0.08433]
2023-11-16 14:00:26.660 | INFO     | center:train:302 - [iter:1/50][code_length:16][zs_mAP:0.22467][zs_mAP_all:0.03142]
2023-11-16 14:00:37.686 | INFO     | center:train:227 - [epoch:1/3][loss:0.028664][pair_loss:0.000000]
2023-11-16 14:00:48.282 | INFO     | center:train:227 - [epoch:2/3][loss:0.068711][pair_loss:0.863701]
2023-11-16 14:00:58.668 | INFO     | center:train:227 - [epoch:3/3][loss:0.066127][pair_loss:0.825366]
2023-11-16 14:00:58.668 | INFO     | center:train:230 - [iter:2/50][iter_time:32.01]
2023-11-16 14:02:20.823 | INFO     | center:train:301 - [iter:2/50][code_length:16][mAP:0.12804][mAP_all:0.12427][best_mAP:0.12804]
2023-11-16 14:02:20.828 | INFO     | center:train:302 - [iter:2/50][code_length:16][zs_mAP:0.25564][zs_mAP_all:0.04107]
2023-11-16 14:02:30.954 | INFO     | center:train:227 - [epoch:1/3][loss:0.027467][pair_loss:0.000000]
2023-11-16 14:02:40.897 | INFO     | center:train:227 - [epoch:2/3][loss:0.067479][pair_loss:0.864164]
2023-11-16 14:02:53.082 | INFO     | center:train:227 - [epoch:3/3][loss:0.065440][pair_loss:0.831194]
2023-11-16 14:02:53.083 | INFO     | center:train:230 - [iter:3/50][iter_time:32.26]
2023-11-16 14:04:14.342 | INFO     | center:train:301 - [iter:3/50][code_length:16][mAP:0.16139][mAP_all:0.15639][best_mAP:0.16139]
2023-11-16 14:04:14.343 | INFO     | center:train:302 - [iter:3/50][code_length:16][zs_mAP:0.27116][zs_mAP_all:0.04765]
2023-11-16 14:04:25.600 | INFO     | center:train:227 - [epoch:1/3][loss:0.026848][pair_loss:0.000000]
2023-11-16 14:04:37.367 | INFO     | center:train:227 - [epoch:2/3][loss:0.066938][pair_loss:0.870776]
2023-11-16 14:04:49.584 | INFO     | center:train:227 - [epoch:3/3][loss:0.064870][pair_loss:0.842007]
2023-11-16 14:04:49.585 | INFO     | center:train:230 - [iter:4/50][iter_time:35.24]
2023-11-16 14:06:10.145 | INFO     | center:train:301 - [iter:4/50][code_length:16][mAP:0.19852][mAP_all:0.19185][best_mAP:0.19852]
2023-11-16 14:06:10.146 | INFO     | center:train:302 - [iter:4/50][code_length:16][zs_mAP:0.28286][zs_mAP_all:0.04871]
2023-11-16 14:06:22.506 | INFO     | center:train:227 - [epoch:1/3][loss:0.025593][pair_loss:0.000000]
2023-11-16 14:06:33.036 | INFO     | center:train:227 - [epoch:2/3][loss:0.065527][pair_loss:0.863670]
2023-11-16 14:06:44.116 | INFO     | center:train:227 - [epoch:3/3][loss:0.064051][pair_loss:0.842346]
2023-11-16 14:06:44.117 | INFO     | center:train:230 - [iter:5/50][iter_time:33.97]
2023-11-16 14:08:05.561 | INFO     | center:train:301 - [iter:5/50][code_length:16][mAP:0.23824][mAP_all:0.23108][best_mAP:0.23824]
2023-11-16 14:08:05.563 | INFO     | center:train:302 - [iter:5/50][code_length:16][zs_mAP:0.32288][zs_mAP_all:0.06209]
2023-11-16 14:08:16.051 | INFO     | center:train:227 - [epoch:1/3][loss:0.025471][pair_loss:0.000000]
2023-11-16 14:08:27.780 | INFO     | center:train:227 - [epoch:2/3][loss:0.065502][pair_loss:0.869552]
2023-11-16 14:08:40.186 | INFO     | center:train:227 - [epoch:3/3][loss:0.063802][pair_loss:0.849535]
2023-11-16 14:08:40.187 | INFO     | center:train:230 - [iter:6/50][iter_time:34.62]
2023-11-16 14:10:01.708 | INFO     | center:train:301 - [iter:6/50][code_length:16][mAP:0.26558][mAP_all:0.25734][best_mAP:0.26558]
2023-11-16 14:10:01.710 | INFO     | center:train:302 - [iter:6/50][code_length:16][zs_mAP:0.31222][zs_mAP_all:0.06186]
2023-11-16 14:10:13.696 | INFO     | center:train:227 - [epoch:1/3][loss:0.024871][pair_loss:0.000000]
2023-11-16 14:10:24.684 | INFO     | center:train:227 - [epoch:2/3][loss:0.065228][pair_loss:0.871558]
2023-11-16 14:10:35.427 | INFO     | center:train:227 - [epoch:3/3][loss:0.063825][pair_loss:0.853042]
2023-11-16 14:10:35.428 | INFO     | center:train:230 - [iter:7/50][iter_time:33.72]
2023-11-16 14:11:56.805 | INFO     | center:train:301 - [iter:7/50][code_length:16][mAP:0.28378][mAP_all:0.27541][best_mAP:0.28378]
2023-11-16 14:11:56.807 | INFO     | center:train:302 - [iter:7/50][code_length:16][zs_mAP:0.31535][zs_mAP_all:0.06383]
2023-11-16 14:12:06.731 | INFO     | center:train:227 - [epoch:1/3][loss:0.024254][pair_loss:0.000000]
2023-11-16 14:12:16.415 | INFO     | center:train:227 - [epoch:2/3][loss:0.064619][pair_loss:0.867063]
2023-11-16 14:12:28.091 | INFO     | center:train:227 - [epoch:3/3][loss:0.063229][pair_loss:0.850037]
2023-11-16 14:12:28.092 | INFO     | center:train:230 - [iter:8/50][iter_time:31.29]
2023-11-16 14:13:48.567 | INFO     | center:train:301 - [iter:8/50][code_length:16][mAP:0.29724][mAP_all:0.28815][best_mAP:0.29724]
2023-11-16 14:13:48.568 | INFO     | center:train:302 - [iter:8/50][code_length:16][zs_mAP:0.34536][zs_mAP_all:0.06734]
2023-11-16 14:14:01.091 | INFO     | center:train:227 - [epoch:1/3][loss:0.024042][pair_loss:0.000000]
2023-11-16 14:14:11.724 | INFO     | center:train:227 - [epoch:2/3][loss:0.064340][pair_loss:0.868796]
2023-11-16 14:14:22.680 | INFO     | center:train:227 - [epoch:3/3][loss:0.062689][pair_loss:0.851265]
2023-11-16 14:14:22.681 | INFO     | center:train:230 - [iter:9/50][iter_time:34.11]
2023-11-16 14:15:44.538 | INFO     | center:train:301 - [iter:9/50][code_length:16][mAP:0.32047][mAP_all:0.31087][best_mAP:0.32047]
2023-11-16 14:15:44.539 | INFO     | center:train:302 - [iter:9/50][code_length:16][zs_mAP:0.30512][zs_mAP_all:0.06082]
2023-11-16 14:15:54.958 | INFO     | center:train:227 - [epoch:1/3][loss:0.023824][pair_loss:0.000000]
2023-11-16 14:16:05.514 | INFO     | center:train:227 - [epoch:2/3][loss:0.063662][pair_loss:0.860452]
2023-11-16 14:16:16.406 | INFO     | center:train:227 - [epoch:3/3][loss:0.062300][pair_loss:0.844531]
2023-11-16 14:16:16.407 | INFO     | center:train:230 - [iter:10/50][iter_time:31.87]
2023-11-16 14:17:38.997 | INFO     | center:train:301 - [iter:10/50][code_length:16][mAP:0.33399][mAP_all:0.32475][best_mAP:0.33399]
2023-11-16 14:17:38.998 | INFO     | center:train:302 - [iter:10/50][code_length:16][zs_mAP:0.33033][zs_mAP_all:0.06226]
2023-11-16 14:17:51.082 | INFO     | center:train:227 - [epoch:1/3][loss:0.023936][pair_loss:0.000000]
2023-11-16 14:18:02.834 | INFO     | center:train:227 - [epoch:2/3][loss:0.063720][pair_loss:0.866743]
2023-11-16 14:18:14.602 | INFO     | center:train:227 - [epoch:3/3][loss:0.062535][pair_loss:0.851904]
2023-11-16 14:18:14.603 | INFO     | center:train:230 - [iter:11/50][iter_time:35.60]
2023-11-16 14:19:36.062 | INFO     | center:train:301 - [iter:11/50][code_length:16][mAP:0.35121][mAP_all:0.34133][best_mAP:0.35121]
2023-11-16 14:19:36.063 | INFO     | center:train:302 - [iter:11/50][code_length:16][zs_mAP:0.34025][zs_mAP_all:0.06734]
2023-11-16 14:19:46.079 | INFO     | center:train:227 - [epoch:1/3][loss:0.023769][pair_loss:0.000000]
2023-11-16 14:19:56.325 | INFO     | center:train:227 - [epoch:2/3][loss:0.063810][pair_loss:0.864939]
2023-11-16 14:20:06.771 | INFO     | center:train:227 - [epoch:3/3][loss:0.062346][pair_loss:0.849434]
2023-11-16 14:20:06.772 | INFO     | center:train:230 - [iter:12/50][iter_time:30.71]
2023-11-16 14:21:26.928 | INFO     | center:train:301 - [iter:12/50][code_length:16][mAP:0.35798][mAP_all:0.34790][best_mAP:0.35798]
2023-11-16 14:21:26.929 | INFO     | center:train:302 - [iter:12/50][code_length:16][zs_mAP:0.32878][zs_mAP_all:0.06779]
2023-11-16 14:21:37.712 | INFO     | center:train:227 - [epoch:1/3][loss:0.023032][pair_loss:0.000000]
2023-11-16 14:21:48.620 | INFO     | center:train:227 - [epoch:2/3][loss:0.062740][pair_loss:0.858406]
2023-11-16 14:22:00.323 | INFO     | center:train:227 - [epoch:3/3][loss:0.061785][pair_loss:0.848363]
2023-11-16 14:22:00.325 | INFO     | center:train:230 - [iter:13/50][iter_time:33.40]
2023-11-16 14:23:20.521 | INFO     | center:train:301 - [iter:13/50][code_length:16][mAP:0.37401][mAP_all:0.36340][best_mAP:0.37401]
2023-11-16 14:23:20.522 | INFO     | center:train:302 - [iter:13/50][code_length:16][zs_mAP:0.36160][zs_mAP_all:0.07183]
2023-11-16 14:23:31.780 | INFO     | center:train:227 - [epoch:1/3][loss:0.023260][pair_loss:0.000000]
2023-11-16 14:23:42.275 | INFO     | center:train:227 - [epoch:2/3][loss:0.063429][pair_loss:0.862587]
2023-11-16 14:23:52.573 | INFO     | center:train:227 - [epoch:3/3][loss:0.061789][pair_loss:0.846242]
2023-11-16 14:23:52.574 | INFO     | center:train:230 - [iter:14/50][iter_time:32.05]
2023-11-16 14:25:12.562 | INFO     | center:train:301 - [iter:14/50][code_length:16][mAP:0.35082][mAP_all:0.34116][best_mAP:0.37401]
2023-11-16 14:25:12.563 | INFO     | center:train:302 - [iter:14/50][code_length:16][zs_mAP:0.33351][zs_mAP_all:0.06647]
2023-11-16 14:25:22.311 | INFO     | center:train:227 - [epoch:1/3][loss:0.023108][pair_loss:0.000000]
2023-11-16 14:25:32.458 | INFO     | center:train:227 - [epoch:2/3][loss:0.062727][pair_loss:0.859443]
2023-11-16 14:25:44.981 | INFO     | center:train:227 - [epoch:3/3][loss:0.061602][pair_loss:0.847779]
2023-11-16 14:25:44.982 | INFO     | center:train:230 - [iter:15/50][iter_time:32.42]
2023-11-16 14:27:05.607 | INFO     | center:train:301 - [iter:15/50][code_length:16][mAP:0.36452][mAP_all:0.35426][best_mAP:0.37401]
2023-11-16 14:27:05.607 | INFO     | center:train:302 - [iter:15/50][code_length:16][zs_mAP:0.33443][zs_mAP_all:0.07191]
2023-11-16 14:27:17.570 | INFO     | center:train:227 - [epoch:1/3][loss:0.022843][pair_loss:0.000000]
2023-11-16 14:27:29.206 | INFO     | center:train:227 - [epoch:2/3][loss:0.062510][pair_loss:0.860580]
2023-11-16 14:27:39.766 | INFO     | center:train:227 - [epoch:3/3][loss:0.061657][pair_loss:0.850884]
2023-11-16 14:27:39.767 | INFO     | center:train:230 - [iter:16/50][iter_time:34.16]
2023-11-16 14:29:00.680 | INFO     | center:train:301 - [iter:16/50][code_length:16][mAP:0.39734][mAP_all:0.38754][best_mAP:0.39734]
2023-11-16 14:29:00.682 | INFO     | center:train:302 - [iter:16/50][code_length:16][zs_mAP:0.33934][zs_mAP_all:0.06868]
2023-11-16 14:29:11.290 | INFO     | center:train:227 - [epoch:1/3][loss:0.022739][pair_loss:0.000000]
2023-11-16 14:29:22.047 | INFO     | center:train:227 - [epoch:2/3][loss:0.062441][pair_loss:0.859782]
2023-11-16 14:29:32.299 | INFO     | center:train:227 - [epoch:3/3][loss:0.061031][pair_loss:0.846663]
2023-11-16 14:29:32.300 | INFO     | center:train:230 - [iter:17/50][iter_time:31.62]
2023-11-16 14:30:51.676 | INFO     | center:train:301 - [iter:17/50][code_length:16][mAP:0.38966][mAP_all:0.37900][best_mAP:0.39734]
2023-11-16 14:30:51.677 | INFO     | center:train:302 - [iter:17/50][code_length:16][zs_mAP:0.32780][zs_mAP_all:0.06914]
2023-11-16 14:31:03.879 | INFO     | center:train:227 - [epoch:1/3][loss:0.022498][pair_loss:0.000000]
2023-11-16 14:31:15.260 | INFO     | center:train:227 - [epoch:2/3][loss:0.061970][pair_loss:0.857584]
2023-11-16 14:31:26.089 | INFO     | center:train:227 - [epoch:3/3][loss:0.060932][pair_loss:0.846772]
2023-11-16 14:31:26.090 | INFO     | center:train:230 - [iter:18/50][iter_time:34.41]
2023-11-16 14:32:46.347 | INFO     | center:train:301 - [iter:18/50][code_length:16][mAP:0.40341][mAP_all:0.39300][best_mAP:0.40341]
2023-11-16 14:32:46.349 | INFO     | center:train:302 - [iter:18/50][code_length:16][zs_mAP:0.33691][zs_mAP_all:0.06488]
2023-11-16 14:32:57.727 | INFO     | center:train:227 - [epoch:1/3][loss:0.022635][pair_loss:0.000000]
2023-11-16 14:33:08.363 | INFO     | center:train:227 - [epoch:2/3][loss:0.061855][pair_loss:0.857377]
2023-11-16 14:33:17.951 | INFO     | center:train:227 - [epoch:3/3][loss:0.060574][pair_loss:0.842099]
2023-11-16 14:33:17.952 | INFO     | center:train:230 - [iter:19/50][iter_time:31.60]
2023-11-16 14:34:40.278 | INFO     | center:train:301 - [iter:19/50][code_length:16][mAP:0.42808][mAP_all:0.41734][best_mAP:0.42808]
2023-11-16 14:34:40.279 | INFO     | center:train:302 - [iter:19/50][code_length:16][zs_mAP:0.29358][zs_mAP_all:0.06297]
2023-11-16 14:34:50.964 | INFO     | center:train:227 - [epoch:1/3][loss:0.022134][pair_loss:0.000000]
2023-11-16 14:35:02.499 | INFO     | center:train:227 - [epoch:2/3][loss:0.062265][pair_loss:0.860713]
2023-11-16 14:35:14.210 | INFO     | center:train:227 - [epoch:3/3][loss:0.060379][pair_loss:0.843163]
2023-11-16 14:35:14.210 | INFO     | center:train:230 - [iter:20/50][iter_time:33.93]
2023-11-16 14:36:34.378 | INFO     | center:train:301 - [iter:20/50][code_length:16][mAP:0.41389][mAP_all:0.40383][best_mAP:0.42808]
2023-11-16 14:36:34.379 | INFO     | center:train:302 - [iter:20/50][code_length:16][zs_mAP:0.32901][zs_mAP_all:0.06721]
2023-11-16 14:36:48.061 | INFO     | center:train:227 - [epoch:1/3][loss:0.022272][pair_loss:0.000000]
2023-11-16 14:36:59.487 | INFO     | center:train:227 - [epoch:2/3][loss:0.061753][pair_loss:0.856286]
2023-11-16 14:37:10.149 | INFO     | center:train:227 - [epoch:3/3][loss:0.060557][pair_loss:0.846264]
2023-11-16 14:37:10.149 | INFO     | center:train:230 - [iter:21/50][iter_time:35.77]
2023-11-16 14:38:31.371 | INFO     | center:train:301 - [iter:21/50][code_length:16][mAP:0.43117][mAP_all:0.42001][best_mAP:0.43117]
2023-11-16 14:38:31.372 | INFO     | center:train:302 - [iter:21/50][code_length:16][zs_mAP:0.34950][zs_mAP_all:0.07348]
2023-11-16 14:38:42.020 | INFO     | center:train:227 - [epoch:1/3][loss:0.022318][pair_loss:0.000000]
2023-11-16 14:38:52.308 | INFO     | center:train:227 - [epoch:2/3][loss:0.061730][pair_loss:0.857864]
2023-11-16 14:39:04.601 | INFO     | center:train:227 - [epoch:3/3][loss:0.061133][pair_loss:0.846979]
2023-11-16 14:39:04.602 | INFO     | center:train:230 - [iter:22/50][iter_time:33.23]
2023-11-16 14:40:23.409 | INFO     | center:train:301 - [iter:22/50][code_length:16][mAP:0.42990][mAP_all:0.42018][best_mAP:0.43117]
2023-11-16 14:40:23.409 | INFO     | center:train:302 - [iter:22/50][code_length:16][zs_mAP:0.32139][zs_mAP_all:0.06383]
2023-11-16 14:40:35.684 | INFO     | center:train:227 - [epoch:1/3][loss:0.022128][pair_loss:0.000000]
2023-11-16 14:40:48.749 | INFO     | center:train:227 - [epoch:2/3][loss:0.061594][pair_loss:0.858135]
2023-11-16 14:40:59.914 | INFO     | center:train:227 - [epoch:3/3][loss:0.060694][pair_loss:0.848895]
2023-11-16 14:40:59.915 | INFO     | center:train:230 - [iter:23/50][iter_time:36.50]
2023-11-16 14:42:20.355 | INFO     | center:train:301 - [iter:23/50][code_length:16][mAP:0.44612][mAP_all:0.43566][best_mAP:0.44612]
2023-11-16 14:42:20.357 | INFO     | center:train:302 - [iter:23/50][code_length:16][zs_mAP:0.35154][zs_mAP_all:0.07336]
2023-11-16 14:42:31.718 | INFO     | center:train:227 - [epoch:1/3][loss:0.021822][pair_loss:0.000000]
2023-11-16 14:42:42.166 | INFO     | center:train:227 - [epoch:2/3][loss:0.061617][pair_loss:0.856684]
2023-11-16 14:42:52.844 | INFO     | center:train:227 - [epoch:3/3][loss:0.060007][pair_loss:0.842440]
2023-11-16 14:42:52.845 | INFO     | center:train:230 - [iter:24/50][iter_time:32.49]
2023-11-16 14:44:14.270 | INFO     | center:train:301 - [iter:24/50][code_length:16][mAP:0.45485][mAP_all:0.44428][best_mAP:0.45485]
2023-11-16 14:44:14.272 | INFO     | center:train:302 - [iter:24/50][code_length:16][zs_mAP:0.36650][zs_mAP_all:0.07331]
2023-11-16 14:44:26.760 | INFO     | center:train:227 - [epoch:1/3][loss:0.021804][pair_loss:0.000000]
2023-11-16 14:44:39.029 | INFO     | center:train:227 - [epoch:2/3][loss:0.061027][pair_loss:0.854780]
2023-11-16 14:44:52.180 | INFO     | center:train:227 - [epoch:3/3][loss:0.060178][pair_loss:0.845748]
2023-11-16 14:44:52.181 | INFO     | center:train:230 - [iter:25/50][iter_time:37.91]
2023-11-16 14:46:12.799 | INFO     | center:train:301 - [iter:25/50][code_length:16][mAP:0.45727][mAP_all:0.44705][best_mAP:0.45727]
2023-11-16 14:46:12.801 | INFO     | center:train:302 - [iter:25/50][code_length:16][zs_mAP:0.32040][zs_mAP_all:0.06704]
2023-11-16 14:46:24.150 | INFO     | center:train:227 - [epoch:1/3][loss:0.021741][pair_loss:0.000000]
2023-11-16 14:46:34.689 | INFO     | center:train:227 - [epoch:2/3][loss:0.060882][pair_loss:0.852720]
2023-11-16 14:46:45.192 | INFO     | center:train:227 - [epoch:3/3][loss:0.059952][pair_loss:0.843819]
2023-11-16 14:46:45.193 | INFO     | center:train:230 - [iter:26/50][iter_time:32.39]
2023-11-16 14:48:06.080 | INFO     | center:train:301 - [iter:26/50][code_length:16][mAP:0.46403][mAP_all:0.45343][best_mAP:0.46403]
2023-11-16 14:48:06.082 | INFO     | center:train:302 - [iter:26/50][code_length:16][zs_mAP:0.33665][zs_mAP_all:0.06857]
2023-11-16 14:48:16.271 | INFO     | center:train:227 - [epoch:1/3][loss:0.021758][pair_loss:0.000000]
2023-11-16 14:48:27.048 | INFO     | center:train:227 - [epoch:2/3][loss:0.061180][pair_loss:0.855374]
2023-11-16 14:48:38.518 | INFO     | center:train:227 - [epoch:3/3][loss:0.059968][pair_loss:0.842646]
2023-11-16 14:48:38.519 | INFO     | center:train:230 - [iter:27/50][iter_time:32.44]
2023-11-16 14:49:59.558 | INFO     | center:train:301 - [iter:27/50][code_length:16][mAP:0.46488][mAP_all:0.45403][best_mAP:0.46488]
2023-11-16 14:49:59.559 | INFO     | center:train:302 - [iter:27/50][code_length:16][zs_mAP:0.32745][zs_mAP_all:0.06882]
2023-11-16 14:50:10.063 | INFO     | center:train:227 - [epoch:1/3][loss:0.021698][pair_loss:0.000000]
2023-11-16 14:50:20.219 | INFO     | center:train:227 - [epoch:2/3][loss:0.061147][pair_loss:0.852307]
2023-11-16 14:50:30.165 | INFO     | center:train:227 - [epoch:3/3][loss:0.060228][pair_loss:0.842385]
2023-11-16 14:50:30.165 | INFO     | center:train:230 - [iter:28/50][iter_time:30.61]
2023-11-16 14:51:50.381 | INFO     | center:train:301 - [iter:28/50][code_length:16][mAP:0.46538][mAP_all:0.45478][best_mAP:0.46538]
2023-11-16 14:51:50.383 | INFO     | center:train:302 - [iter:28/50][code_length:16][zs_mAP:0.34561][zs_mAP_all:0.07127]
2023-11-16 14:52:00.748 | INFO     | center:train:227 - [epoch:1/3][loss:0.021154][pair_loss:0.000000]
2023-11-16 14:52:11.160 | INFO     | center:train:227 - [epoch:2/3][loss:0.060730][pair_loss:0.852816]
2023-11-16 14:52:21.436 | INFO     | center:train:227 - [epoch:3/3][loss:0.059501][pair_loss:0.843063]
2023-11-16 14:52:21.436 | INFO     | center:train:230 - [iter:29/50][iter_time:31.05]
2023-11-16 14:53:41.232 | INFO     | center:train:301 - [iter:29/50][code_length:16][mAP:0.48198][mAP_all:0.47127][best_mAP:0.48198]
2023-11-16 14:53:41.234 | INFO     | center:train:302 - [iter:29/50][code_length:16][zs_mAP:0.36009][zs_mAP_all:0.07992]
2023-11-16 14:53:53.751 | INFO     | center:train:227 - [epoch:1/3][loss:0.021515][pair_loss:0.000000]
2023-11-16 14:54:05.717 | INFO     | center:train:227 - [epoch:2/3][loss:0.060924][pair_loss:0.853981]
2023-11-16 14:54:16.639 | INFO     | center:train:227 - [epoch:3/3][loss:0.059746][pair_loss:0.842105]
2023-11-16 14:54:16.639 | INFO     | center:train:230 - [iter:30/50][iter_time:35.41]
2023-11-16 14:55:35.771 | INFO     | center:train:301 - [iter:30/50][code_length:16][mAP:0.46730][mAP_all:0.45560][best_mAP:0.48198]
2023-11-16 14:55:35.771 | INFO     | center:train:302 - [iter:30/50][code_length:16][zs_mAP:0.34724][zs_mAP_all:0.07129]
2023-11-16 14:55:46.375 | INFO     | center:train:227 - [epoch:1/3][loss:0.021502][pair_loss:0.000000]
2023-11-16 14:55:56.467 | INFO     | center:train:227 - [epoch:2/3][loss:0.060497][pair_loss:0.850659]
2023-11-16 14:56:07.211 | INFO     | center:train:227 - [epoch:3/3][loss:0.059307][pair_loss:0.839745]
2023-11-16 14:56:07.211 | INFO     | center:train:230 - [iter:31/50][iter_time:31.44]
2023-11-16 14:57:26.834 | INFO     | center:train:301 - [iter:31/50][code_length:16][mAP:0.48254][mAP_all:0.47147][best_mAP:0.48254]
2023-11-16 14:57:26.836 | INFO     | center:train:302 - [iter:31/50][code_length:16][zs_mAP:0.33613][zs_mAP_all:0.06939]
2023-11-16 14:57:37.243 | INFO     | center:train:227 - [epoch:1/3][loss:0.021357][pair_loss:0.000000]
2023-11-16 14:57:47.843 | INFO     | center:train:227 - [epoch:2/3][loss:0.060527][pair_loss:0.852293]
2023-11-16 14:57:58.260 | INFO     | center:train:227 - [epoch:3/3][loss:0.059993][pair_loss:0.842658]
2023-11-16 14:57:58.261 | INFO     | center:train:230 - [iter:32/50][iter_time:31.42]
2023-11-16 14:59:15.359 | INFO     | center:train:301 - [iter:32/50][code_length:16][mAP:0.47435][mAP_all:0.46269][best_mAP:0.48254]
2023-11-16 14:59:15.360 | INFO     | center:train:302 - [iter:32/50][code_length:16][zs_mAP:0.32910][zs_mAP_all:0.06756]
2023-11-16 14:59:25.239 | INFO     | center:train:227 - [epoch:1/3][loss:0.021545][pair_loss:0.000000]
2023-11-16 14:59:35.459 | INFO     | center:train:227 - [epoch:2/3][loss:0.060163][pair_loss:0.848702]
2023-11-16 14:59:45.636 | INFO     | center:train:227 - [epoch:3/3][loss:0.059338][pair_loss:0.837945]
2023-11-16 14:59:45.636 | INFO     | center:train:230 - [iter:33/50][iter_time:30.28]
2023-11-16 15:01:05.446 | INFO     | center:train:301 - [iter:33/50][code_length:16][mAP:0.48820][mAP_all:0.47730][best_mAP:0.48820]
2023-11-16 15:01:05.447 | INFO     | center:train:302 - [iter:33/50][code_length:16][zs_mAP:0.33881][zs_mAP_all:0.06801]
2023-11-16 15:01:15.656 | INFO     | center:train:227 - [epoch:1/3][loss:0.021130][pair_loss:0.000000]
2023-11-16 15:01:27.168 | INFO     | center:train:227 - [epoch:2/3][loss:0.060018][pair_loss:0.848085]
2023-11-16 15:01:39.421 | INFO     | center:train:227 - [epoch:3/3][loss:0.059094][pair_loss:0.837523]
2023-11-16 15:01:39.421 | INFO     | center:train:230 - [iter:34/50][iter_time:33.97]
2023-11-16 15:02:59.004 | INFO     | center:train:301 - [iter:34/50][code_length:16][mAP:0.49402][mAP_all:0.48315][best_mAP:0.49402]
2023-11-16 15:02:59.005 | INFO     | center:train:302 - [iter:34/50][code_length:16][zs_mAP:0.33696][zs_mAP_all:0.06979]
2023-11-16 15:03:09.378 | INFO     | center:train:227 - [epoch:1/3][loss:0.021193][pair_loss:0.000000]
2023-11-16 15:03:19.723 | INFO     | center:train:227 - [epoch:2/3][loss:0.060273][pair_loss:0.850832]
2023-11-16 15:03:29.667 | INFO     | center:train:227 - [epoch:3/3][loss:0.059105][pair_loss:0.839054]
2023-11-16 15:03:29.667 | INFO     | center:train:230 - [iter:35/50][iter_time:30.66]
2023-11-16 15:04:49.148 | INFO     | center:train:301 - [iter:35/50][code_length:16][mAP:0.49007][mAP_all:0.47966][best_mAP:0.49402]
2023-11-16 15:04:49.148 | INFO     | center:train:302 - [iter:35/50][code_length:16][zs_mAP:0.33643][zs_mAP_all:0.06762]
2023-11-16 15:04:59.300 | INFO     | center:train:227 - [epoch:1/3][loss:0.021159][pair_loss:0.000000]
2023-11-16 15:05:09.600 | INFO     | center:train:227 - [epoch:2/3][loss:0.060421][pair_loss:0.851190]
2023-11-16 15:05:19.701 | INFO     | center:train:227 - [epoch:3/3][loss:0.059454][pair_loss:0.842452]
2023-11-16 15:05:19.701 | INFO     | center:train:230 - [iter:36/50][iter_time:30.55]
2023-11-16 15:06:38.904 | INFO     | center:train:301 - [iter:36/50][code_length:16][mAP:0.48884][mAP_all:0.47821][best_mAP:0.49402]
2023-11-16 15:06:38.905 | INFO     | center:train:302 - [iter:36/50][code_length:16][zs_mAP:0.34672][zs_mAP_all:0.07327]
2023-11-16 15:06:49.615 | INFO     | center:train:227 - [epoch:1/3][loss:0.021300][pair_loss:0.000000]
2023-11-16 15:07:00.351 | INFO     | center:train:227 - [epoch:2/3][loss:0.060224][pair_loss:0.852173]
2023-11-16 15:07:11.065 | INFO     | center:train:227 - [epoch:3/3][loss:0.059207][pair_loss:0.841529]
2023-11-16 15:07:11.065 | INFO     | center:train:230 - [iter:37/50][iter_time:32.16]
2023-11-16 15:08:31.301 | INFO     | center:train:301 - [iter:37/50][code_length:16][mAP:0.49718][mAP_all:0.48737][best_mAP:0.49718]
2023-11-16 15:08:31.302 | INFO     | center:train:302 - [iter:37/50][code_length:16][zs_mAP:0.34171][zs_mAP_all:0.07053]
2023-11-16 15:08:41.763 | INFO     | center:train:227 - [epoch:1/3][loss:0.020959][pair_loss:0.000000]
2023-11-16 15:08:52.056 | INFO     | center:train:227 - [epoch:2/3][loss:0.060601][pair_loss:0.853450]
2023-11-16 15:09:02.107 | INFO     | center:train:227 - [epoch:3/3][loss:0.059135][pair_loss:0.840117]
2023-11-16 15:09:02.108 | INFO     | center:train:230 - [iter:38/50][iter_time:30.81]
2023-11-16 15:10:23.144 | INFO     | center:train:301 - [iter:38/50][code_length:16][mAP:0.50271][mAP_all:0.49165][best_mAP:0.50271]
2023-11-16 15:10:23.145 | INFO     | center:train:302 - [iter:38/50][code_length:16][zs_mAP:0.35129][zs_mAP_all:0.07568]
2023-11-16 15:10:33.377 | INFO     | center:train:227 - [epoch:1/3][loss:0.020774][pair_loss:0.000000]
2023-11-16 15:10:43.593 | INFO     | center:train:227 - [epoch:2/3][loss:0.060164][pair_loss:0.850398]
2023-11-16 15:10:53.873 | INFO     | center:train:227 - [epoch:3/3][loss:0.058281][pair_loss:0.834758]
2023-11-16 15:10:53.874 | INFO     | center:train:230 - [iter:39/50][iter_time:30.73]
2023-11-16 15:12:13.695 | INFO     | center:train:301 - [iter:39/50][code_length:16][mAP:0.51935][mAP_all:0.50847][best_mAP:0.51935]
2023-11-16 15:12:13.696 | INFO     | center:train:302 - [iter:39/50][code_length:16][zs_mAP:0.33625][zs_mAP_all:0.07099]
2023-11-16 15:12:23.865 | INFO     | center:train:227 - [epoch:1/3][loss:0.021005][pair_loss:0.000000]
2023-11-16 15:12:34.269 | INFO     | center:train:227 - [epoch:2/3][loss:0.060441][pair_loss:0.853759]
2023-11-16 15:12:44.532 | INFO     | center:train:227 - [epoch:3/3][loss:0.059487][pair_loss:0.843132]
2023-11-16 15:12:44.532 | INFO     | center:train:230 - [iter:40/50][iter_time:30.84]
2023-11-16 15:14:04.584 | INFO     | center:train:301 - [iter:40/50][code_length:16][mAP:0.51097][mAP_all:0.49920][best_mAP:0.51935]
2023-11-16 15:14:04.585 | INFO     | center:train:302 - [iter:40/50][code_length:16][zs_mAP:0.34997][zs_mAP_all:0.07608]
2023-11-16 15:14:14.906 | INFO     | center:train:227 - [epoch:1/3][loss:0.020854][pair_loss:0.000000]
2023-11-16 15:14:25.956 | INFO     | center:train:227 - [epoch:2/3][loss:0.059966][pair_loss:0.848292]
2023-11-16 15:14:38.154 | INFO     | center:train:227 - [epoch:3/3][loss:0.059318][pair_loss:0.839906]
2023-11-16 15:14:38.155 | INFO     | center:train:230 - [iter:41/50][iter_time:33.57]
2023-11-16 15:15:59.791 | INFO     | center:train:301 - [iter:41/50][code_length:16][mAP:0.51070][mAP_all:0.50056][best_mAP:0.51935]
2023-11-16 15:15:59.792 | INFO     | center:train:302 - [iter:41/50][code_length:16][zs_mAP:0.35465][zs_mAP_all:0.07536]
2023-11-16 15:16:09.922 | INFO     | center:train:227 - [epoch:1/3][loss:0.020630][pair_loss:0.000000]
2023-11-16 15:16:20.017 | INFO     | center:train:227 - [epoch:2/3][loss:0.059806][pair_loss:0.846637]
2023-11-16 15:16:31.029 | INFO     | center:train:227 - [epoch:3/3][loss:0.058523][pair_loss:0.834461]
2023-11-16 15:16:31.030 | INFO     | center:train:230 - [iter:42/50][iter_time:31.24]
2023-11-16 15:17:50.368 | INFO     | center:train:301 - [iter:42/50][code_length:16][mAP:0.51770][mAP_all:0.50854][best_mAP:0.51935]
2023-11-16 15:17:50.369 | INFO     | center:train:302 - [iter:42/50][code_length:16][zs_mAP:0.35936][zs_mAP_all:0.07347]
2023-11-16 15:18:01.346 | INFO     | center:train:227 - [epoch:1/3][loss:0.020277][pair_loss:0.000000]
2023-11-16 15:18:11.619 | INFO     | center:train:227 - [epoch:2/3][loss:0.059858][pair_loss:0.846713]
2023-11-16 15:18:23.125 | INFO     | center:train:227 - [epoch:3/3][loss:0.058678][pair_loss:0.836910]
2023-11-16 15:18:23.126 | INFO     | center:train:230 - [iter:43/50][iter_time:32.76]
2023-11-16 15:19:42.991 | INFO     | center:train:301 - [iter:43/50][code_length:16][mAP:0.50797][mAP_all:0.49747][best_mAP:0.51935]
2023-11-16 15:19:42.992 | INFO     | center:train:302 - [iter:43/50][code_length:16][zs_mAP:0.33444][zs_mAP_all:0.07031]
2023-11-16 15:19:54.675 | INFO     | center:train:227 - [epoch:1/3][loss:0.020730][pair_loss:0.000000]
2023-11-16 15:20:06.010 | INFO     | center:train:227 - [epoch:2/3][loss:0.060083][pair_loss:0.850933]
2023-11-16 15:20:16.707 | INFO     | center:train:227 - [epoch:3/3][loss:0.059459][pair_loss:0.843161]
2023-11-16 15:20:16.708 | INFO     | center:train:230 - [iter:44/50][iter_time:33.72]
2023-11-16 15:21:36.753 | INFO     | center:train:301 - [iter:44/50][code_length:16][mAP:0.52079][mAP_all:0.50971][best_mAP:0.52079]
2023-11-16 15:21:36.754 | INFO     | center:train:302 - [iter:44/50][code_length:16][zs_mAP:0.34247][zs_mAP_all:0.07256]
2023-11-16 15:21:46.832 | INFO     | center:train:227 - [epoch:1/3][loss:0.020972][pair_loss:0.000000]
2023-11-16 15:21:57.398 | INFO     | center:train:227 - [epoch:2/3][loss:0.059638][pair_loss:0.847010]
2023-11-16 15:22:07.314 | INFO     | center:train:227 - [epoch:3/3][loss:0.058713][pair_loss:0.837285]
2023-11-16 15:22:07.315 | INFO     | center:train:230 - [iter:45/50][iter_time:30.56]
2023-11-16 15:23:26.675 | INFO     | center:train:301 - [iter:45/50][code_length:16][mAP:0.52756][mAP_all:0.51690][best_mAP:0.52756]
2023-11-16 15:23:26.676 | INFO     | center:train:302 - [iter:45/50][code_length:16][zs_mAP:0.35934][zs_mAP_all:0.07910]
2023-11-16 15:23:37.452 | INFO     | center:train:227 - [epoch:1/3][loss:0.019878][pair_loss:0.000000]
2023-11-16 15:23:49.301 | INFO     | center:train:227 - [epoch:2/3][loss:0.059360][pair_loss:0.841561]
2023-11-16 15:24:00.830 | INFO     | center:train:227 - [epoch:3/3][loss:0.058717][pair_loss:0.836576]
2023-11-16 15:24:00.830 | INFO     | center:train:230 - [iter:46/50][iter_time:34.15]
2023-11-16 15:25:21.164 | INFO     | center:train:301 - [iter:46/50][code_length:16][mAP:0.56695][mAP_all:0.55576][best_mAP:0.56695]
2023-11-16 15:25:21.166 | INFO     | center:train:302 - [iter:46/50][code_length:16][zs_mAP:0.37016][zs_mAP_all:0.08540]
2023-11-16 15:25:32.837 | INFO     | center:train:227 - [epoch:1/3][loss:0.020087][pair_loss:0.000000]
2023-11-16 15:25:43.407 | INFO     | center:train:227 - [epoch:2/3][loss:0.059048][pair_loss:0.842835]
2023-11-16 15:25:53.822 | INFO     | center:train:227 - [epoch:3/3][loss:0.058080][pair_loss:0.834942]
2023-11-16 15:25:53.823 | INFO     | center:train:230 - [iter:47/50][iter_time:32.66]
2023-11-16 15:27:14.686 | INFO     | center:train:301 - [iter:47/50][code_length:16][mAP:0.57930][mAP_all:0.56818][best_mAP:0.57930]
2023-11-16 15:27:14.687 | INFO     | center:train:302 - [iter:47/50][code_length:16][zs_mAP:0.37177][zs_mAP_all:0.08346]
2023-11-16 15:27:25.135 | INFO     | center:train:227 - [epoch:1/3][loss:0.019439][pair_loss:0.000000]
2023-11-16 15:27:35.458 | INFO     | center:train:227 - [epoch:2/3][loss:0.058782][pair_loss:0.841973]
2023-11-16 15:27:47.440 | INFO     | center:train:227 - [epoch:3/3][loss:0.058651][pair_loss:0.839487]
2023-11-16 15:27:47.441 | INFO     | center:train:230 - [iter:48/50][iter_time:32.75]
2023-11-16 15:29:07.484 | INFO     | center:train:301 - [iter:48/50][code_length:16][mAP:0.59574][mAP_all:0.58494][best_mAP:0.59574]
2023-11-16 15:29:07.485 | INFO     | center:train:302 - [iter:48/50][code_length:16][zs_mAP:0.36936][zs_mAP_all:0.08379]
2023-11-16 15:29:19.544 | INFO     | center:train:227 - [epoch:1/3][loss:0.019392][pair_loss:0.000000]
2023-11-16 15:29:31.209 | INFO     | center:train:227 - [epoch:2/3][loss:0.058366][pair_loss:0.836203]
2023-11-16 15:29:41.996 | INFO     | center:train:227 - [epoch:3/3][loss:0.058002][pair_loss:0.832128]
2023-11-16 15:29:41.997 | INFO     | center:train:230 - [iter:49/50][iter_time:34.51]
2023-11-16 15:31:02.771 | INFO     | center:train:301 - [iter:49/50][code_length:16][mAP:0.59846][mAP_all:0.58792][best_mAP:0.59846]
2023-11-16 15:31:02.771 | INFO     | center:train:302 - [iter:49/50][code_length:16][zs_mAP:0.38087][zs_mAP_all:0.08617]
2023-11-16 15:31:13.335 | INFO     | center:train:227 - [epoch:1/3][loss:0.019340][pair_loss:0.000000]
2023-11-16 15:31:23.704 | INFO     | center:train:227 - [epoch:2/3][loss:0.058257][pair_loss:0.836189]
2023-11-16 15:31:33.702 | INFO     | center:train:227 - [epoch:3/3][loss:0.058041][pair_loss:0.832582]
2023-11-16 15:31:33.703 | INFO     | center:train:230 - [iter:50/50][iter_time:30.93]
2023-11-16 15:32:54.226 | INFO     | center:train:301 - [iter:50/50][code_length:16][mAP:0.60187][mAP_all:0.59092][best_mAP:0.60187]
2023-11-16 15:32:54.228 | INFO     | center:train:302 - [iter:50/50][code_length:16][zs_mAP:0.38039][zs_mAP_all:0.08315]
2023-11-16 15:32:54.229 | INFO     | center:train:305 - [Training time:5656.40]
2023-11-16 15:32:54.231 | INFO     | __main__:run:126 - [code_length:16][map:0.6019][map_all:0.5909][zs_map:0.3804][zs_map_all:0.0832]
2023-11-16 15:33:51.098 | INFO     | center:train:227 - [epoch:1/3][loss:0.030443][pair_loss:0.000000]
2023-11-16 15:34:01.576 | INFO     | center:train:227 - [epoch:2/3][loss:0.065755][pair_loss:0.801221]
2023-11-16 15:34:11.468 | INFO     | center:train:227 - [epoch:3/3][loss:0.063628][pair_loss:0.785427]
2023-11-16 15:34:11.469 | INFO     | center:train:230 - [iter:1/50][iter_time:31.67]
2023-11-16 15:35:30.085 | INFO     | center:train:301 - [iter:1/50][code_length:32][mAP:0.15064][mAP_all:0.14346][best_mAP:0.15064]
2023-11-16 15:35:30.086 | INFO     | center:train:302 - [iter:1/50][code_length:32][zs_mAP:0.30422][zs_mAP_all:0.06121]
2023-11-16 15:35:40.894 | INFO     | center:train:227 - [epoch:1/3][loss:0.026421][pair_loss:0.000000]
2023-11-16 15:35:53.390 | INFO     | center:train:227 - [epoch:2/3][loss:0.064903][pair_loss:0.860602]
2023-11-16 15:36:04.853 | INFO     | center:train:227 - [epoch:3/3][loss:0.062375][pair_loss:0.834891]
2023-11-16 15:36:04.853 | INFO     | center:train:230 - [iter:2/50][iter_time:34.77]
2023-11-16 15:37:24.268 | INFO     | center:train:301 - [iter:2/50][code_length:32][mAP:0.23624][mAP_all:0.22473][best_mAP:0.23624]
2023-11-16 15:37:24.269 | INFO     | center:train:302 - [iter:2/50][code_length:32][zs_mAP:0.37837][zs_mAP_all:0.08298]
2023-11-16 15:37:35.821 | INFO     | center:train:227 - [epoch:1/3][loss:0.023931][pair_loss:0.000000]
2023-11-16 15:37:46.581 | INFO     | center:train:227 - [epoch:2/3][loss:0.062985][pair_loss:0.862506]
2023-11-16 15:37:57.165 | INFO     | center:train:227 - [epoch:3/3][loss:0.060739][pair_loss:0.842071]
2023-11-16 15:37:57.166 | INFO     | center:train:230 - [iter:3/50][iter_time:32.90]
2023-11-16 15:39:18.310 | INFO     | center:train:301 - [iter:3/50][code_length:32][mAP:0.30133][mAP_all:0.28750][best_mAP:0.30133]
2023-11-16 15:39:18.311 | INFO     | center:train:302 - [iter:3/50][code_length:32][zs_mAP:0.38575][zs_mAP_all:0.08693]
2023-11-16 15:39:28.264 | INFO     | center:train:227 - [epoch:1/3][loss:0.022496][pair_loss:0.000000]
2023-11-16 15:39:38.027 | INFO     | center:train:227 - [epoch:2/3][loss:0.062148][pair_loss:0.869945]
2023-11-16 15:39:49.664 | INFO     | center:train:227 - [epoch:3/3][loss:0.060096][pair_loss:0.852655]
2023-11-16 15:39:49.665 | INFO     | center:train:230 - [iter:4/50][iter_time:31.35]
2023-11-16 15:41:12.270 | INFO     | center:train:301 - [iter:4/50][code_length:32][mAP:0.35028][mAP_all:0.33305][best_mAP:0.35028]
2023-11-16 15:41:12.272 | INFO     | center:train:302 - [iter:4/50][code_length:32][zs_mAP:0.44159][zs_mAP_all:0.10845]
2023-11-16 15:41:23.631 | INFO     | center:train:227 - [epoch:1/3][loss:0.021710][pair_loss:0.000000]
2023-11-16 15:41:35.260 | INFO     | center:train:227 - [epoch:2/3][loss:0.060896][pair_loss:0.864336]
2023-11-16 15:41:45.763 | INFO     | center:train:227 - [epoch:3/3][loss:0.059049][pair_loss:0.849427]
2023-11-16 15:41:45.764 | INFO     | center:train:230 - [iter:5/50][iter_time:33.49]
2023-11-16 15:43:05.164 | INFO     | center:train:301 - [iter:5/50][code_length:32][mAP:0.36682][mAP_all:0.35003][best_mAP:0.36682]
2023-11-16 15:43:05.165 | INFO     | center:train:302 - [iter:5/50][code_length:32][zs_mAP:0.39845][zs_mAP_all:0.09878]
2023-11-16 15:43:14.950 | INFO     | center:train:227 - [epoch:1/3][loss:0.021404][pair_loss:0.000000]
2023-11-16 15:43:24.610 | INFO     | center:train:227 - [epoch:2/3][loss:0.060563][pair_loss:0.865417]
2023-11-16 15:43:34.643 | INFO     | center:train:227 - [epoch:3/3][loss:0.058969][pair_loss:0.851244]
2023-11-16 15:43:34.644 | INFO     | center:train:230 - [iter:6/50][iter_time:29.48]
2023-11-16 15:44:55.058 | INFO     | center:train:301 - [iter:6/50][code_length:32][mAP:0.41009][mAP_all:0.39224][best_mAP:0.41009]
2023-11-16 15:44:55.059 | INFO     | center:train:302 - [iter:6/50][code_length:32][zs_mAP:0.41082][zs_mAP_all:0.10198]
2023-11-16 15:45:05.380 | INFO     | center:train:227 - [epoch:1/3][loss:0.020526][pair_loss:0.000000]
2023-11-16 15:45:17.584 | INFO     | center:train:227 - [epoch:2/3][loss:0.059734][pair_loss:0.857225]
2023-11-16 15:45:28.018 | INFO     | center:train:227 - [epoch:3/3][loss:0.057744][pair_loss:0.842338]
2023-11-16 15:45:28.018 | INFO     | center:train:230 - [iter:7/50][iter_time:32.96]
2023-11-16 15:46:48.291 | INFO     | center:train:301 - [iter:7/50][code_length:32][mAP:0.42117][mAP_all:0.40360][best_mAP:0.42117]
2023-11-16 15:46:48.292 | INFO     | center:train:302 - [iter:7/50][code_length:32][zs_mAP:0.40958][zs_mAP_all:0.10463]
2023-11-16 15:46:59.480 | INFO     | center:train:227 - [epoch:1/3][loss:0.020217][pair_loss:0.000000]
2023-11-16 15:47:10.704 | INFO     | center:train:227 - [epoch:2/3][loss:0.059011][pair_loss:0.858804]
2023-11-16 15:47:21.020 | INFO     | center:train:227 - [epoch:3/3][loss:0.057461][pair_loss:0.845192]
2023-11-16 15:47:21.021 | INFO     | center:train:230 - [iter:8/50][iter_time:32.73]
2023-11-16 15:48:41.169 | INFO     | center:train:301 - [iter:8/50][code_length:32][mAP:0.43982][mAP_all:0.42168][best_mAP:0.43982]
2023-11-16 15:48:41.170 | INFO     | center:train:302 - [iter:8/50][code_length:32][zs_mAP:0.41890][zs_mAP_all:0.10350]
2023-11-16 15:48:51.818 | INFO     | center:train:227 - [epoch:1/3][loss:0.019655][pair_loss:0.000000]
2023-11-16 15:49:02.968 | INFO     | center:train:227 - [epoch:2/3][loss:0.058737][pair_loss:0.857054]
2023-11-16 15:49:13.576 | INFO     | center:train:227 - [epoch:3/3][loss:0.057003][pair_loss:0.843717]
2023-11-16 15:49:13.576 | INFO     | center:train:230 - [iter:9/50][iter_time:32.41]
2023-11-16 15:50:33.194 | INFO     | center:train:301 - [iter:9/50][code_length:32][mAP:0.46058][mAP_all:0.44312][best_mAP:0.46058]
2023-11-16 15:50:33.195 | INFO     | center:train:302 - [iter:9/50][code_length:32][zs_mAP:0.41321][zs_mAP_all:0.10255]
2023-11-16 15:50:45.459 | INFO     | center:train:227 - [epoch:1/3][loss:0.019743][pair_loss:0.000000]
2023-11-16 15:50:57.327 | INFO     | center:train:227 - [epoch:2/3][loss:0.059200][pair_loss:0.861075]
2023-11-16 15:51:09.229 | INFO     | center:train:227 - [epoch:3/3][loss:0.057067][pair_loss:0.844644]
2023-11-16 15:51:09.229 | INFO     | center:train:230 - [iter:10/50][iter_time:36.03]
2023-11-16 15:52:29.242 | INFO     | center:train:301 - [iter:10/50][code_length:32][mAP:0.47373][mAP_all:0.45503][best_mAP:0.47373]
2023-11-16 15:52:29.243 | INFO     | center:train:302 - [iter:10/50][code_length:32][zs_mAP:0.39117][zs_mAP_all:0.10402]
2023-11-16 15:52:40.393 | INFO     | center:train:227 - [epoch:1/3][loss:0.019117][pair_loss:0.000000]
2023-11-16 15:52:50.865 | INFO     | center:train:227 - [epoch:2/3][loss:0.057958][pair_loss:0.856025]
2023-11-16 15:53:01.464 | INFO     | center:train:227 - [epoch:3/3][loss:0.057194][pair_loss:0.846245]
2023-11-16 15:53:01.465 | INFO     | center:train:230 - [iter:11/50][iter_time:32.22]
2023-11-16 15:54:22.188 | INFO     | center:train:301 - [iter:11/50][code_length:32][mAP:0.47366][mAP_all:0.45391][best_mAP:0.47373]
2023-11-16 15:54:22.189 | INFO     | center:train:302 - [iter:11/50][code_length:32][zs_mAP:0.41280][zs_mAP_all:0.10357]
2023-11-16 15:54:31.945 | INFO     | center:train:227 - [epoch:1/3][loss:0.019137][pair_loss:0.000000]
2023-11-16 15:54:43.133 | INFO     | center:train:227 - [epoch:2/3][loss:0.058385][pair_loss:0.858554]
2023-11-16 15:54:55.131 | INFO     | center:train:227 - [epoch:3/3][loss:0.057061][pair_loss:0.847158]
2023-11-16 15:54:55.132 | INFO     | center:train:230 - [iter:12/50][iter_time:32.94]
2023-11-16 15:56:15.199 | INFO     | center:train:301 - [iter:12/50][code_length:32][mAP:0.48843][mAP_all:0.46950][best_mAP:0.48843]
2023-11-16 15:56:15.201 | INFO     | center:train:302 - [iter:12/50][code_length:32][zs_mAP:0.40361][zs_mAP_all:0.10440]
2023-11-16 15:56:27.151 | INFO     | center:train:227 - [epoch:1/3][loss:0.019175][pair_loss:0.000000]
2023-11-16 15:56:37.697 | INFO     | center:train:227 - [epoch:2/3][loss:0.058116][pair_loss:0.855669]
2023-11-16 15:56:48.425 | INFO     | center:train:227 - [epoch:3/3][loss:0.056190][pair_loss:0.841628]
2023-11-16 15:56:48.426 | INFO     | center:train:230 - [iter:13/50][iter_time:33.22]
2023-11-16 15:58:10.749 | INFO     | center:train:301 - [iter:13/50][code_length:32][mAP:0.49784][mAP_all:0.47768][best_mAP:0.49784]
2023-11-16 15:58:10.751 | INFO     | center:train:302 - [iter:13/50][code_length:32][zs_mAP:0.43355][zs_mAP_all:0.11242]
2023-11-16 15:58:21.472 | INFO     | center:train:227 - [epoch:1/3][loss:0.018573][pair_loss:0.000000]
2023-11-16 15:58:31.588 | INFO     | center:train:227 - [epoch:2/3][loss:0.058518][pair_loss:0.860649]
2023-11-16 15:58:42.873 | INFO     | center:train:227 - [epoch:3/3][loss:0.056309][pair_loss:0.844901]
2023-11-16 15:58:42.874 | INFO     | center:train:230 - [iter:14/50][iter_time:32.12]
2023-11-16 16:00:03.629 | INFO     | center:train:301 - [iter:14/50][code_length:32][mAP:0.50115][mAP_all:0.48251][best_mAP:0.50115]
2023-11-16 16:00:03.630 | INFO     | center:train:302 - [iter:14/50][code_length:32][zs_mAP:0.39234][zs_mAP_all:0.09460]
2023-11-16 16:00:15.915 | INFO     | center:train:227 - [epoch:1/3][loss:0.018158][pair_loss:0.000000]
2023-11-16 16:00:26.612 | INFO     | center:train:227 - [epoch:2/3][loss:0.057051][pair_loss:0.854065]
2023-11-16 16:00:37.999 | INFO     | center:train:227 - [epoch:3/3][loss:0.055698][pair_loss:0.843252]
2023-11-16 16:00:38.000 | INFO     | center:train:230 - [iter:15/50][iter_time:34.37]
2023-11-16 16:01:57.117 | INFO     | center:train:301 - [iter:15/50][code_length:32][mAP:0.51613][mAP_all:0.49716][best_mAP:0.51613]
2023-11-16 16:01:57.118 | INFO     | center:train:302 - [iter:15/50][code_length:32][zs_mAP:0.39580][zs_mAP_all:0.09503]
2023-11-16 16:02:07.402 | INFO     | center:train:227 - [epoch:1/3][loss:0.018527][pair_loss:0.000000]
2023-11-16 16:02:17.887 | INFO     | center:train:227 - [epoch:2/3][loss:0.057537][pair_loss:0.856146]
2023-11-16 16:02:28.620 | INFO     | center:train:227 - [epoch:3/3][loss:0.056056][pair_loss:0.842971]
2023-11-16 16:02:28.621 | INFO     | center:train:230 - [iter:16/50][iter_time:31.50]
2023-11-16 16:03:47.103 | INFO     | center:train:301 - [iter:16/50][code_length:32][mAP:0.50938][mAP_all:0.49108][best_mAP:0.51613]
2023-11-16 16:03:47.104 | INFO     | center:train:302 - [iter:16/50][code_length:32][zs_mAP:0.41933][zs_mAP_all:0.10821]
2023-11-16 16:03:56.343 | INFO     | center:train:227 - [epoch:1/3][loss:0.018220][pair_loss:0.000000]
2023-11-16 16:04:06.795 | INFO     | center:train:227 - [epoch:2/3][loss:0.056966][pair_loss:0.852092]
2023-11-16 16:04:19.255 | INFO     | center:train:227 - [epoch:3/3][loss:0.055898][pair_loss:0.842703]
2023-11-16 16:04:19.256 | INFO     | center:train:230 - [iter:17/50][iter_time:32.15]
2023-11-16 16:05:37.944 | INFO     | center:train:301 - [iter:17/50][code_length:32][mAP:0.52132][mAP_all:0.50089][best_mAP:0.52132]
2023-11-16 16:05:37.945 | INFO     | center:train:302 - [iter:17/50][code_length:32][zs_mAP:0.42398][zs_mAP_all:0.10811]
2023-11-16 16:05:49.649 | INFO     | center:train:227 - [epoch:1/3][loss:0.018026][pair_loss:0.000000]
2023-11-16 16:06:01.355 | INFO     | center:train:227 - [epoch:2/3][loss:0.057129][pair_loss:0.854525]
2023-11-16 16:06:11.787 | INFO     | center:train:227 - [epoch:3/3][loss:0.055504][pair_loss:0.842907]
2023-11-16 16:06:11.787 | INFO     | center:train:230 - [iter:18/50][iter_time:33.84]
2023-11-16 16:07:31.426 | INFO     | center:train:301 - [iter:18/50][code_length:32][mAP:0.52988][mAP_all:0.51053][best_mAP:0.52988]
2023-11-16 16:07:31.427 | INFO     | center:train:302 - [iter:18/50][code_length:32][zs_mAP:0.41026][zs_mAP_all:0.10176]
2023-11-16 16:07:42.495 | INFO     | center:train:227 - [epoch:1/3][loss:0.017958][pair_loss:0.000000]
2023-11-16 16:07:52.744 | INFO     | center:train:227 - [epoch:2/3][loss:0.056728][pair_loss:0.851199]
2023-11-16 16:08:03.343 | INFO     | center:train:227 - [epoch:3/3][loss:0.054993][pair_loss:0.838880]
2023-11-16 16:08:03.344 | INFO     | center:train:230 - [iter:19/50][iter_time:31.92]
2023-11-16 16:09:22.533 | INFO     | center:train:301 - [iter:19/50][code_length:32][mAP:0.53767][mAP_all:0.51791][best_mAP:0.53767]
2023-11-16 16:09:22.534 | INFO     | center:train:302 - [iter:19/50][code_length:32][zs_mAP:0.42137][zs_mAP_all:0.10477]
2023-11-16 16:09:33.961 | INFO     | center:train:227 - [epoch:1/3][loss:0.017884][pair_loss:0.000000]
2023-11-16 16:09:44.877 | INFO     | center:train:227 - [epoch:2/3][loss:0.057151][pair_loss:0.855291]
2023-11-16 16:09:57.036 | INFO     | center:train:227 - [epoch:3/3][loss:0.055110][pair_loss:0.840172]
2023-11-16 16:09:57.036 | INFO     | center:train:230 - [iter:20/50][iter_time:34.50]
2023-11-16 16:11:15.627 | INFO     | center:train:301 - [iter:20/50][code_length:32][mAP:0.53196][mAP_all:0.51376][best_mAP:0.53767]
2023-11-16 16:11:15.628 | INFO     | center:train:302 - [iter:20/50][code_length:32][zs_mAP:0.41113][zs_mAP_all:0.10723]
2023-11-16 16:11:26.117 | INFO     | center:train:227 - [epoch:1/3][loss:0.017523][pair_loss:0.000000]
2023-11-16 16:11:36.204 | INFO     | center:train:227 - [epoch:2/3][loss:0.056281][pair_loss:0.847847]
2023-11-16 16:11:46.492 | INFO     | center:train:227 - [epoch:3/3][loss:0.054827][pair_loss:0.838794]
2023-11-16 16:11:46.493 | INFO     | center:train:230 - [iter:21/50][iter_time:30.86]
2023-11-16 16:13:05.431 | INFO     | center:train:301 - [iter:21/50][code_length:32][mAP:0.54474][mAP_all:0.52595][best_mAP:0.54474]
2023-11-16 16:13:05.433 | INFO     | center:train:302 - [iter:21/50][code_length:32][zs_mAP:0.42200][zs_mAP_all:0.10912]
2023-11-16 16:13:15.280 | INFO     | center:train:227 - [epoch:1/3][loss:0.018352][pair_loss:0.000000]
2023-11-16 16:13:25.358 | INFO     | center:train:227 - [epoch:2/3][loss:0.057018][pair_loss:0.852625]
2023-11-16 16:13:35.290 | INFO     | center:train:227 - [epoch:3/3][loss:0.055463][pair_loss:0.841140]
2023-11-16 16:13:35.291 | INFO     | center:train:230 - [iter:22/50][iter_time:29.86]
2023-11-16 16:14:53.520 | INFO     | center:train:301 - [iter:22/50][code_length:32][mAP:0.55557][mAP_all:0.53528][best_mAP:0.55557]
2023-11-16 16:14:53.521 | INFO     | center:train:302 - [iter:22/50][code_length:32][zs_mAP:0.42159][zs_mAP_all:0.10600]
2023-11-16 16:15:04.936 | INFO     | center:train:227 - [epoch:1/3][loss:0.017529][pair_loss:0.000000]
2023-11-16 16:15:16.020 | INFO     | center:train:227 - [epoch:2/3][loss:0.056102][pair_loss:0.850119]
2023-11-16 16:15:26.070 | INFO     | center:train:227 - [epoch:3/3][loss:0.054382][pair_loss:0.836306]
2023-11-16 16:15:26.070 | INFO     | center:train:230 - [iter:23/50][iter_time:32.55]
2023-11-16 16:16:46.914 | INFO     | center:train:301 - [iter:23/50][code_length:32][mAP:0.56904][mAP_all:0.55002][best_mAP:0.56904]
2023-11-16 16:16:46.915 | INFO     | center:train:302 - [iter:23/50][code_length:32][zs_mAP:0.43155][zs_mAP_all:0.10882]
2023-11-16 16:16:57.069 | INFO     | center:train:227 - [epoch:1/3][loss:0.017550][pair_loss:0.000000]
2023-11-16 16:17:06.943 | INFO     | center:train:227 - [epoch:2/3][loss:0.056565][pair_loss:0.852514]
2023-11-16 16:17:17.741 | INFO     | center:train:227 - [epoch:3/3][loss:0.054441][pair_loss:0.838894]
2023-11-16 16:17:17.743 | INFO     | center:train:230 - [iter:24/50][iter_time:30.83]
2023-11-16 16:18:37.537 | INFO     | center:train:301 - [iter:24/50][code_length:32][mAP:0.56504][mAP_all:0.54577][best_mAP:0.56904]
2023-11-16 16:18:37.538 | INFO     | center:train:302 - [iter:24/50][code_length:32][zs_mAP:0.41744][zs_mAP_all:0.10750]
2023-11-16 16:18:47.320 | INFO     | center:train:227 - [epoch:1/3][loss:0.017310][pair_loss:0.000000]
2023-11-16 16:18:57.124 | INFO     | center:train:227 - [epoch:2/3][loss:0.056550][pair_loss:0.851431]
2023-11-16 16:19:07.094 | INFO     | center:train:227 - [epoch:3/3][loss:0.055161][pair_loss:0.840969]
2023-11-16 16:19:07.095 | INFO     | center:train:230 - [iter:25/50][iter_time:29.56]
2023-11-16 16:20:25.509 | INFO     | center:train:301 - [iter:25/50][code_length:32][mAP:0.56671][mAP_all:0.54805][best_mAP:0.56904]
2023-11-16 16:20:25.509 | INFO     | center:train:302 - [iter:25/50][code_length:32][zs_mAP:0.40826][zs_mAP_all:0.10599]
2023-11-16 16:20:35.729 | INFO     | center:train:227 - [epoch:1/3][loss:0.017432][pair_loss:0.000000]
2023-11-16 16:20:45.835 | INFO     | center:train:227 - [epoch:2/3][loss:0.056095][pair_loss:0.849539]
2023-11-16 16:20:56.338 | INFO     | center:train:227 - [epoch:3/3][loss:0.054364][pair_loss:0.836268]
2023-11-16 16:20:56.339 | INFO     | center:train:230 - [iter:26/50][iter_time:30.83]
2023-11-16 16:22:16.738 | INFO     | center:train:301 - [iter:26/50][code_length:32][mAP:0.57326][mAP_all:0.55341][best_mAP:0.57326]
2023-11-16 16:22:16.739 | INFO     | center:train:302 - [iter:26/50][code_length:32][zs_mAP:0.43291][zs_mAP_all:0.11405]
2023-11-16 16:22:28.088 | INFO     | center:train:227 - [epoch:1/3][loss:0.016984][pair_loss:0.000000]
2023-11-16 16:22:39.088 | INFO     | center:train:227 - [epoch:2/3][loss:0.055438][pair_loss:0.844080]
2023-11-16 16:22:50.288 | INFO     | center:train:227 - [epoch:3/3][loss:0.054117][pair_loss:0.833242]
2023-11-16 16:22:50.290 | INFO     | center:train:230 - [iter:27/50][iter_time:33.55]
2023-11-16 16:24:09.108 | INFO     | center:train:301 - [iter:27/50][code_length:32][mAP:0.57093][mAP_all:0.55188][best_mAP:0.57326]
2023-11-16 16:24:09.108 | INFO     | center:train:302 - [iter:27/50][code_length:32][zs_mAP:0.39808][zs_mAP_all:0.10174]
2023-11-16 16:24:19.132 | INFO     | center:train:227 - [epoch:1/3][loss:0.016690][pair_loss:0.000000]
2023-11-16 16:24:29.686 | INFO     | center:train:227 - [epoch:2/3][loss:0.054795][pair_loss:0.841991]
2023-11-16 16:24:40.415 | INFO     | center:train:227 - [epoch:3/3][loss:0.053215][pair_loss:0.827430]
2023-11-16 16:24:40.416 | INFO     | center:train:230 - [iter:28/50][iter_time:31.31]
2023-11-16 16:26:00.448 | INFO     | center:train:301 - [iter:28/50][code_length:32][mAP:0.57628][mAP_all:0.55695][best_mAP:0.57628]
2023-11-16 16:26:00.450 | INFO     | center:train:302 - [iter:28/50][code_length:32][zs_mAP:0.41341][zs_mAP_all:0.09883]
2023-11-16 16:26:10.613 | INFO     | center:train:227 - [epoch:1/3][loss:0.016991][pair_loss:0.000000]
2023-11-16 16:26:21.220 | INFO     | center:train:227 - [epoch:2/3][loss:0.055534][pair_loss:0.846768]
2023-11-16 16:26:31.204 | INFO     | center:train:227 - [epoch:3/3][loss:0.053472][pair_loss:0.830925]
2023-11-16 16:26:31.204 | INFO     | center:train:230 - [iter:29/50][iter_time:30.75]
2023-11-16 16:27:49.751 | INFO     | center:train:301 - [iter:29/50][code_length:32][mAP:0.56723][mAP_all:0.54819][best_mAP:0.57628]
2023-11-16 16:27:49.751 | INFO     | center:train:302 - [iter:29/50][code_length:32][zs_mAP:0.41985][zs_mAP_all:0.10767]
2023-11-16 16:28:01.311 | INFO     | center:train:227 - [epoch:1/3][loss:0.017247][pair_loss:0.000000]
2023-11-16 16:28:11.496 | INFO     | center:train:227 - [epoch:2/3][loss:0.055243][pair_loss:0.842952]
2023-11-16 16:28:22.159 | INFO     | center:train:227 - [epoch:3/3][loss:0.053920][pair_loss:0.831020]
2023-11-16 16:28:22.160 | INFO     | center:train:230 - [iter:30/50][iter_time:32.41]
2023-11-16 16:29:43.157 | INFO     | center:train:301 - [iter:30/50][code_length:32][mAP:0.58399][mAP_all:0.56508][best_mAP:0.58399]
2023-11-16 16:29:43.158 | INFO     | center:train:302 - [iter:30/50][code_length:32][zs_mAP:0.42651][zs_mAP_all:0.10756]
2023-11-16 16:29:53.907 | INFO     | center:train:227 - [epoch:1/3][loss:0.016998][pair_loss:0.000000]
2023-11-16 16:30:04.868 | INFO     | center:train:227 - [epoch:2/3][loss:0.055425][pair_loss:0.843189]
2023-11-16 16:30:16.278 | INFO     | center:train:227 - [epoch:3/3][loss:0.053797][pair_loss:0.833149]
2023-11-16 16:30:16.279 | INFO     | center:train:230 - [iter:31/50][iter_time:33.12]
2023-11-16 16:31:37.652 | INFO     | center:train:301 - [iter:31/50][code_length:32][mAP:0.58494][mAP_all:0.56715][best_mAP:0.58494]
2023-11-16 16:31:37.654 | INFO     | center:train:302 - [iter:31/50][code_length:32][zs_mAP:0.44698][zs_mAP_all:0.11143]
2023-11-16 16:31:48.663 | INFO     | center:train:227 - [epoch:1/3][loss:0.016968][pair_loss:0.000000]
2023-11-16 16:31:58.783 | INFO     | center:train:227 - [epoch:2/3][loss:0.055492][pair_loss:0.846963]
2023-11-16 16:32:09.037 | INFO     | center:train:227 - [epoch:3/3][loss:0.054442][pair_loss:0.836824]
2023-11-16 16:32:09.038 | INFO     | center:train:230 - [iter:32/50][iter_time:31.38]
2023-11-16 16:33:27.516 | INFO     | center:train:301 - [iter:32/50][code_length:32][mAP:0.59140][mAP_all:0.57060][best_mAP:0.59140]
2023-11-16 16:33:27.517 | INFO     | center:train:302 - [iter:32/50][code_length:32][zs_mAP:0.41106][zs_mAP_all:0.10112]
2023-11-16 16:33:37.935 | INFO     | center:train:227 - [epoch:1/3][loss:0.016521][pair_loss:0.000000]
2023-11-16 16:33:48.184 | INFO     | center:train:227 - [epoch:2/3][loss:0.054917][pair_loss:0.841621]
2023-11-16 16:33:58.631 | INFO     | center:train:227 - [epoch:3/3][loss:0.053577][pair_loss:0.831229]
2023-11-16 16:33:58.632 | INFO     | center:train:230 - [iter:33/50][iter_time:31.11]
2023-11-16 16:35:18.453 | INFO     | center:train:301 - [iter:33/50][code_length:32][mAP:0.59351][mAP_all:0.57418][best_mAP:0.59351]
2023-11-16 16:35:18.456 | INFO     | center:train:302 - [iter:33/50][code_length:32][zs_mAP:0.40792][zs_mAP_all:0.09906]
2023-11-16 16:35:29.876 | INFO     | center:train:227 - [epoch:1/3][loss:0.016808][pair_loss:0.000000]
2023-11-16 16:35:40.885 | INFO     | center:train:227 - [epoch:2/3][loss:0.055196][pair_loss:0.844519]
2023-11-16 16:35:51.832 | INFO     | center:train:227 - [epoch:3/3][loss:0.054148][pair_loss:0.835225]
2023-11-16 16:35:51.833 | INFO     | center:train:230 - [iter:34/50][iter_time:33.38]
2023-11-16 16:37:11.816 | INFO     | center:train:301 - [iter:34/50][code_length:32][mAP:0.58843][mAP_all:0.56867][best_mAP:0.59351]
2023-11-16 16:37:11.816 | INFO     | center:train:302 - [iter:34/50][code_length:32][zs_mAP:0.42324][zs_mAP_all:0.10836]
2023-11-16 16:37:22.786 | INFO     | center:train:227 - [epoch:1/3][loss:0.016946][pair_loss:0.000000]
2023-11-16 16:37:33.245 | INFO     | center:train:227 - [epoch:2/3][loss:0.055704][pair_loss:0.844452]
2023-11-16 16:37:43.047 | INFO     | center:train:227 - [epoch:3/3][loss:0.053733][pair_loss:0.830350]
2023-11-16 16:37:43.048 | INFO     | center:train:230 - [iter:35/50][iter_time:31.23]
2023-11-16 16:39:02.926 | INFO     | center:train:301 - [iter:35/50][code_length:32][mAP:0.59542][mAP_all:0.57465][best_mAP:0.59542]
2023-11-16 16:39:02.928 | INFO     | center:train:302 - [iter:35/50][code_length:32][zs_mAP:0.42299][zs_mAP_all:0.10834]
2023-11-16 16:39:14.203 | INFO     | center:train:227 - [epoch:1/3][loss:0.016307][pair_loss:0.000000]
2023-11-16 16:39:25.399 | INFO     | center:train:227 - [epoch:2/3][loss:0.054599][pair_loss:0.841623]
2023-11-16 16:39:37.171 | INFO     | center:train:227 - [epoch:3/3][loss:0.053080][pair_loss:0.829638]
2023-11-16 16:39:37.172 | INFO     | center:train:230 - [iter:36/50][iter_time:34.24]
2023-11-16 16:40:57.665 | INFO     | center:train:301 - [iter:36/50][code_length:32][mAP:0.59018][mAP_all:0.57056][best_mAP:0.59542]
2023-11-16 16:40:57.666 | INFO     | center:train:302 - [iter:36/50][code_length:32][zs_mAP:0.41728][zs_mAP_all:0.10638]
2023-11-16 16:41:08.815 | INFO     | center:train:227 - [epoch:1/3][loss:0.016193][pair_loss:0.000000]
2023-11-16 16:41:19.156 | INFO     | center:train:227 - [epoch:2/3][loss:0.054546][pair_loss:0.839501]
2023-11-16 16:41:30.362 | INFO     | center:train:227 - [epoch:3/3][loss:0.053362][pair_loss:0.828658]
2023-11-16 16:41:30.363 | INFO     | center:train:230 - [iter:37/50][iter_time:32.70]
2023-11-16 16:42:48.586 | INFO     | center:train:301 - [iter:37/50][code_length:32][mAP:0.60059][mAP_all:0.57991][best_mAP:0.60059]
2023-11-16 16:42:48.587 | INFO     | center:train:302 - [iter:37/50][code_length:32][zs_mAP:0.39621][zs_mAP_all:0.10493]
2023-11-16 16:42:58.932 | INFO     | center:train:227 - [epoch:1/3][loss:0.016315][pair_loss:0.000000]
2023-11-16 16:43:09.249 | INFO     | center:train:227 - [epoch:2/3][loss:0.054944][pair_loss:0.839631]
2023-11-16 16:43:20.835 | INFO     | center:train:227 - [epoch:3/3][loss:0.052931][pair_loss:0.827376]
2023-11-16 16:43:20.836 | INFO     | center:train:230 - [iter:38/50][iter_time:32.25]
2023-11-16 16:44:40.218 | INFO     | center:train:301 - [iter:38/50][code_length:32][mAP:0.60070][mAP_all:0.58150][best_mAP:0.60070]
2023-11-16 16:44:40.220 | INFO     | center:train:302 - [iter:38/50][code_length:32][zs_mAP:0.39593][zs_mAP_all:0.10229]
2023-11-16 16:44:50.950 | INFO     | center:train:227 - [epoch:1/3][loss:0.016374][pair_loss:0.000000]
2023-11-16 16:45:02.237 | INFO     | center:train:227 - [epoch:2/3][loss:0.055109][pair_loss:0.842880]
2023-11-16 16:45:12.871 | INFO     | center:train:227 - [epoch:3/3][loss:0.053335][pair_loss:0.828579]
2023-11-16 16:45:12.872 | INFO     | center:train:230 - [iter:39/50][iter_time:32.65]
2023-11-16 16:46:32.132 | INFO     | center:train:301 - [iter:39/50][code_length:32][mAP:0.60189][mAP_all:0.58245][best_mAP:0.60189]
2023-11-16 16:46:32.133 | INFO     | center:train:302 - [iter:39/50][code_length:32][zs_mAP:0.40625][zs_mAP_all:0.10481]
2023-11-16 16:46:42.359 | INFO     | center:train:227 - [epoch:1/3][loss:0.016074][pair_loss:0.000000]
2023-11-16 16:46:53.142 | INFO     | center:train:227 - [epoch:2/3][loss:0.054400][pair_loss:0.839748]
2023-11-16 16:47:02.892 | INFO     | center:train:227 - [epoch:3/3][loss:0.052618][pair_loss:0.827795]
2023-11-16 16:47:02.892 | INFO     | center:train:230 - [iter:40/50][iter_time:30.76]
2023-11-16 16:48:23.345 | INFO     | center:train:301 - [iter:40/50][code_length:32][mAP:0.62041][mAP_all:0.60013][best_mAP:0.62041]
2023-11-16 16:48:23.346 | INFO     | center:train:302 - [iter:40/50][code_length:32][zs_mAP:0.41927][zs_mAP_all:0.10624]
2023-11-16 16:48:34.317 | INFO     | center:train:227 - [epoch:1/3][loss:0.016201][pair_loss:0.000000]
2023-11-16 16:48:46.048 | INFO     | center:train:227 - [epoch:2/3][loss:0.054312][pair_loss:0.839711]
2023-11-16 16:48:57.280 | INFO     | center:train:227 - [epoch:3/3][loss:0.053467][pair_loss:0.831995]
2023-11-16 16:48:57.281 | INFO     | center:train:230 - [iter:41/50][iter_time:33.94]
2023-11-16 16:50:16.847 | INFO     | center:train:301 - [iter:41/50][code_length:32][mAP:0.61692][mAP_all:0.59753][best_mAP:0.62041]
2023-11-16 16:50:16.847 | INFO     | center:train:302 - [iter:41/50][code_length:32][zs_mAP:0.40404][zs_mAP_all:0.10280]
2023-11-16 16:50:28.588 | INFO     | center:train:227 - [epoch:1/3][loss:0.016062][pair_loss:0.000000]
2023-11-16 16:50:39.456 | INFO     | center:train:227 - [epoch:2/3][loss:0.054762][pair_loss:0.840090]
2023-11-16 16:50:49.954 | INFO     | center:train:227 - [epoch:3/3][loss:0.052941][pair_loss:0.828495]
2023-11-16 16:50:49.954 | INFO     | center:train:230 - [iter:42/50][iter_time:33.11]
2023-11-16 16:52:10.448 | INFO     | center:train:301 - [iter:42/50][code_length:32][mAP:0.60137][mAP_all:0.58309][best_mAP:0.62041]
2023-11-16 16:52:10.449 | INFO     | center:train:302 - [iter:42/50][code_length:32][zs_mAP:0.39361][zs_mAP_all:0.10019]
2023-11-16 16:52:20.439 | INFO     | center:train:227 - [epoch:1/3][loss:0.015563][pair_loss:0.000000]
2023-11-16 16:52:30.183 | INFO     | center:train:227 - [epoch:2/3][loss:0.053940][pair_loss:0.836294]
2023-11-16 16:52:42.086 | INFO     | center:train:227 - [epoch:3/3][loss:0.053310][pair_loss:0.831615]
2023-11-16 16:52:42.087 | INFO     | center:train:230 - [iter:43/50][iter_time:31.64]
2023-11-16 16:54:01.847 | INFO     | center:train:301 - [iter:43/50][code_length:32][mAP:0.61570][mAP_all:0.59632][best_mAP:0.62041]
2023-11-16 16:54:01.848 | INFO     | center:train:302 - [iter:43/50][code_length:32][zs_mAP:0.40630][zs_mAP_all:0.10553]
2023-11-16 16:54:14.043 | INFO     | center:train:227 - [epoch:1/3][loss:0.016405][pair_loss:0.000000]
2023-11-16 16:54:24.842 | INFO     | center:train:227 - [epoch:2/3][loss:0.054214][pair_loss:0.838691]
2023-11-16 16:54:35.560 | INFO     | center:train:227 - [epoch:3/3][loss:0.052781][pair_loss:0.826476]
2023-11-16 16:54:35.561 | INFO     | center:train:230 - [iter:44/50][iter_time:33.71]
2023-11-16 16:55:54.695 | INFO     | center:train:301 - [iter:44/50][code_length:32][mAP:0.61506][mAP_all:0.59540][best_mAP:0.62041]
2023-11-16 16:55:54.697 | INFO     | center:train:302 - [iter:44/50][code_length:32][zs_mAP:0.41668][zs_mAP_all:0.10196]
2023-11-16 16:56:05.124 | INFO     | center:train:227 - [epoch:1/3][loss:0.015982][pair_loss:0.000000]
2023-11-16 16:56:15.377 | INFO     | center:train:227 - [epoch:2/3][loss:0.054848][pair_loss:0.842888]
2023-11-16 16:56:25.553 | INFO     | center:train:227 - [epoch:3/3][loss:0.052706][pair_loss:0.828679]
2023-11-16 16:56:25.553 | INFO     | center:train:230 - [iter:45/50][iter_time:30.86]
2023-11-16 16:57:44.791 | INFO     | center:train:301 - [iter:45/50][code_length:32][mAP:0.61125][mAP_all:0.59342][best_mAP:0.62041]
2023-11-16 16:57:44.792 | INFO     | center:train:302 - [iter:45/50][code_length:32][zs_mAP:0.41861][zs_mAP_all:0.10589]
2023-11-16 16:57:55.091 | INFO     | center:train:227 - [epoch:1/3][loss:0.016102][pair_loss:0.000000]
2023-11-16 16:58:06.141 | INFO     | center:train:227 - [epoch:2/3][loss:0.054232][pair_loss:0.834949]
2023-11-16 16:58:16.979 | INFO     | center:train:227 - [epoch:3/3][loss:0.053397][pair_loss:0.828573]
2023-11-16 16:58:16.979 | INFO     | center:train:230 - [iter:46/50][iter_time:32.19]
2023-11-16 16:59:34.968 | INFO     | center:train:301 - [iter:46/50][code_length:32][mAP:0.65245][mAP_all:0.63434][best_mAP:0.65245]
2023-11-16 16:59:34.969 | INFO     | center:train:302 - [iter:46/50][code_length:32][zs_mAP:0.43294][zs_mAP_all:0.10726]
2023-11-16 16:59:45.955 | INFO     | center:train:227 - [epoch:1/3][loss:0.015044][pair_loss:0.000000]
2023-11-16 16:59:57.064 | INFO     | center:train:227 - [epoch:2/3][loss:0.053718][pair_loss:0.832863]
2023-11-16 17:00:07.612 | INFO     | center:train:227 - [epoch:3/3][loss:0.052867][pair_loss:0.827517]
2023-11-16 17:00:07.613 | INFO     | center:train:230 - [iter:47/50][iter_time:32.64]
2023-11-16 17:01:27.442 | INFO     | center:train:301 - [iter:47/50][code_length:32][mAP:0.66995][mAP_all:0.65150][best_mAP:0.66995]
2023-11-16 17:01:27.443 | INFO     | center:train:302 - [iter:47/50][code_length:32][zs_mAP:0.44208][zs_mAP_all:0.11305]
2023-11-16 17:01:38.209 | INFO     | center:train:227 - [epoch:1/3][loss:0.014130][pair_loss:0.000000]
2023-11-16 17:01:48.277 | INFO     | center:train:227 - [epoch:2/3][loss:0.053000][pair_loss:0.827400]
2023-11-16 17:01:58.729 | INFO     | center:train:227 - [epoch:3/3][loss:0.052145][pair_loss:0.822038]
2023-11-16 17:01:58.730 | INFO     | center:train:230 - [iter:48/50][iter_time:31.29]
2023-11-16 17:03:17.234 | INFO     | center:train:301 - [iter:48/50][code_length:32][mAP:0.68057][mAP_all:0.66190][best_mAP:0.68057]
2023-11-16 17:03:17.236 | INFO     | center:train:302 - [iter:48/50][code_length:32][zs_mAP:0.44361][zs_mAP_all:0.11217]
2023-11-16 17:03:28.693 | INFO     | center:train:227 - [epoch:1/3][loss:0.014419][pair_loss:0.000000]
2023-11-16 17:03:40.017 | INFO     | center:train:227 - [epoch:2/3][loss:0.052619][pair_loss:0.826877]
2023-11-16 17:03:52.231 | INFO     | center:train:227 - [epoch:3/3][loss:0.052410][pair_loss:0.824508]
2023-11-16 17:03:52.232 | INFO     | center:train:230 - [iter:49/50][iter_time:35.00]
2023-11-16 17:05:11.916 | INFO     | center:train:301 - [iter:49/50][code_length:32][mAP:0.68747][mAP_all:0.66980][best_mAP:0.68747]
2023-11-16 17:05:11.917 | INFO     | center:train:302 - [iter:49/50][code_length:32][zs_mAP:0.44537][zs_mAP_all:0.11204]
2023-11-16 17:05:22.634 | INFO     | center:train:227 - [epoch:1/3][loss:0.013801][pair_loss:0.000000]
2023-11-16 17:05:33.189 | INFO     | center:train:227 - [epoch:2/3][loss:0.052396][pair_loss:0.825113]
2023-11-16 17:05:43.556 | INFO     | center:train:227 - [epoch:3/3][loss:0.051833][pair_loss:0.821025]
2023-11-16 17:05:43.556 | INFO     | center:train:230 - [iter:50/50][iter_time:31.64]
2023-11-16 17:07:02.326 | INFO     | center:train:301 - [iter:50/50][code_length:32][mAP:0.69022][mAP_all:0.67172][best_mAP:0.69022]
2023-11-16 17:07:02.327 | INFO     | center:train:302 - [iter:50/50][code_length:32][zs_mAP:0.44790][zs_mAP_all:0.11818]
2023-11-16 17:07:02.327 | INFO     | center:train:305 - [Training time:5602.53]
2023-11-16 17:07:02.329 | INFO     | __main__:run:126 - [code_length:32][map:0.6902][map_all:0.6717][zs_map:0.4479][zs_map_all:0.1182]
2023-11-16 17:08:00.732 | INFO     | center:train:227 - [epoch:1/3][loss:0.029218][pair_loss:0.000000]
2023-11-16 17:08:11.025 | INFO     | center:train:227 - [epoch:2/3][loss:0.063514][pair_loss:0.810654]
2023-11-16 17:08:22.268 | INFO     | center:train:227 - [epoch:3/3][loss:0.060865][pair_loss:0.798652]
2023-11-16 17:08:22.269 | INFO     | center:train:230 - [iter:1/50][iter_time:32.30]
2023-11-16 17:09:41.782 | INFO     | center:train:301 - [iter:1/50][code_length:64][mAP:0.20154][mAP_all:0.18912][best_mAP:0.20154]
2023-11-16 17:09:41.782 | INFO     | center:train:302 - [iter:1/50][code_length:64][zs_mAP:0.35908][zs_mAP_all:0.09584]
2023-11-16 17:09:51.368 | INFO     | center:train:227 - [epoch:1/3][loss:0.023170][pair_loss:0.000000]
2023-11-16 17:10:01.582 | INFO     | center:train:227 - [epoch:2/3][loss:0.061126][pair_loss:0.861684]
2023-11-16 17:10:12.194 | INFO     | center:train:227 - [epoch:3/3][loss:0.058388][pair_loss:0.841661]
2023-11-16 17:10:12.194 | INFO     | center:train:230 - [iter:2/50][iter_time:30.41]
2023-11-16 17:11:31.934 | INFO     | center:train:301 - [iter:2/50][code_length:64][mAP:0.32753][mAP_all:0.30893][best_mAP:0.32753]
2023-11-16 17:11:31.935 | INFO     | center:train:302 - [iter:2/50][code_length:64][zs_mAP:0.46076][zs_mAP_all:0.14077]
2023-11-16 17:11:43.955 | INFO     | center:train:227 - [epoch:1/3][loss:0.020533][pair_loss:0.000000]
2023-11-16 17:11:55.508 | INFO     | center:train:227 - [epoch:2/3][loss:0.059310][pair_loss:0.861546]
2023-11-16 17:12:06.604 | INFO     | center:train:227 - [epoch:3/3][loss:0.057203][pair_loss:0.845421]
2023-11-16 17:12:06.605 | INFO     | center:train:230 - [iter:3/50][iter_time:34.67]
2023-11-16 17:13:27.194 | INFO     | center:train:301 - [iter:3/50][code_length:64][mAP:0.37780][mAP_all:0.35696][best_mAP:0.37780]
2023-11-16 17:13:27.197 | INFO     | center:train:302 - [iter:3/50][code_length:64][zs_mAP:0.47954][zs_mAP_all:0.13561]
2023-11-16 17:13:37.067 | INFO     | center:train:227 - [epoch:1/3][loss:0.019326][pair_loss:0.000000]
2023-11-16 17:13:47.195 | INFO     | center:train:227 - [epoch:2/3][loss:0.057775][pair_loss:0.854394]
2023-11-16 17:13:57.770 | INFO     | center:train:227 - [epoch:3/3][loss:0.055536][pair_loss:0.839161]
2023-11-16 17:13:57.770 | INFO     | center:train:230 - [iter:4/50][iter_time:30.57]
2023-11-16 17:15:16.663 | INFO     | center:train:301 - [iter:4/50][code_length:64][mAP:0.41402][mAP_all:0.39350][best_mAP:0.41402]
2023-11-16 17:15:16.663 | INFO     | center:train:302 - [iter:4/50][code_length:64][zs_mAP:0.47067][zs_mAP_all:0.13872]
2023-11-16 17:15:26.922 | INFO     | center:train:227 - [epoch:1/3][loss:0.018548][pair_loss:0.000000]
2023-11-16 17:15:37.895 | INFO     | center:train:227 - [epoch:2/3][loss:0.056763][pair_loss:0.852851]
2023-11-16 17:15:49.191 | INFO     | center:train:227 - [epoch:3/3][loss:0.054614][pair_loss:0.835898]
2023-11-16 17:15:49.192 | INFO     | center:train:230 - [iter:5/50][iter_time:32.53]
2023-11-16 17:17:10.434 | INFO     | center:train:301 - [iter:5/50][code_length:64][mAP:0.43745][mAP_all:0.41429][best_mAP:0.43745]
2023-11-16 17:17:10.436 | INFO     | center:train:302 - [iter:5/50][code_length:64][zs_mAP:0.49775][zs_mAP_all:0.14658]
2023-11-16 17:17:22.288 | INFO     | center:train:227 - [epoch:1/3][loss:0.018049][pair_loss:0.000000]
2023-11-16 17:17:33.796 | INFO     | center:train:227 - [epoch:2/3][loss:0.056543][pair_loss:0.850491]
2023-11-16 17:17:44.285 | INFO     | center:train:227 - [epoch:3/3][loss:0.054940][pair_loss:0.836472]
2023-11-16 17:17:44.286 | INFO     | center:train:230 - [iter:6/50][iter_time:33.85]
2023-11-16 17:19:04.057 | INFO     | center:train:301 - [iter:6/50][code_length:64][mAP:0.44950][mAP_all:0.42578][best_mAP:0.44950]
2023-11-16 17:19:04.059 | INFO     | center:train:302 - [iter:6/50][code_length:64][zs_mAP:0.47996][zs_mAP_all:0.14619]
2023-11-16 17:19:14.773 | INFO     | center:train:227 - [epoch:1/3][loss:0.017752][pair_loss:0.000000]
2023-11-16 17:19:25.931 | INFO     | center:train:227 - [epoch:2/3][loss:0.056008][pair_loss:0.851500]
2023-11-16 17:19:36.037 | INFO     | center:train:227 - [epoch:3/3][loss:0.054239][pair_loss:0.837151]
2023-11-16 17:19:36.038 | INFO     | center:train:230 - [iter:7/50][iter_time:31.98]
2023-11-16 17:20:56.601 | INFO     | center:train:301 - [iter:7/50][code_length:64][mAP:0.48580][mAP_all:0.46141][best_mAP:0.48580]
2023-11-16 17:20:56.602 | INFO     | center:train:302 - [iter:7/50][code_length:64][zs_mAP:0.47266][zs_mAP_all:0.13371]
2023-11-16 17:21:07.665 | INFO     | center:train:227 - [epoch:1/3][loss:0.017326][pair_loss:0.000000]
2023-11-16 17:21:18.404 | INFO     | center:train:227 - [epoch:2/3][loss:0.056138][pair_loss:0.853583]
2023-11-16 17:21:29.352 | INFO     | center:train:227 - [epoch:3/3][loss:0.054207][pair_loss:0.838254]
2023-11-16 17:21:29.352 | INFO     | center:train:230 - [iter:8/50][iter_time:32.75]
2023-11-16 17:22:49.235 | INFO     | center:train:301 - [iter:8/50][code_length:64][mAP:0.48340][mAP_all:0.45870][best_mAP:0.48580]
2023-11-16 17:22:49.237 | INFO     | center:train:302 - [iter:8/50][code_length:64][zs_mAP:0.48103][zs_mAP_all:0.14171]
2023-11-16 17:22:59.865 | INFO     | center:train:227 - [epoch:1/3][loss:0.017057][pair_loss:0.000000]
2023-11-16 17:23:10.335 | INFO     | center:train:227 - [epoch:2/3][loss:0.055565][pair_loss:0.849701]
2023-11-16 17:23:20.645 | INFO     | center:train:227 - [epoch:3/3][loss:0.053199][pair_loss:0.833198]
2023-11-16 17:23:20.646 | INFO     | center:train:230 - [iter:9/50][iter_time:31.41]
2023-11-16 17:24:40.923 | INFO     | center:train:301 - [iter:9/50][code_length:64][mAP:0.49550][mAP_all:0.46996][best_mAP:0.49550]
2023-11-16 17:24:40.925 | INFO     | center:train:302 - [iter:9/50][code_length:64][zs_mAP:0.49791][zs_mAP_all:0.15374]
2023-11-16 17:24:50.647 | INFO     | center:train:227 - [epoch:1/3][loss:0.016490][pair_loss:0.000000]
2023-11-16 17:25:00.801 | INFO     | center:train:227 - [epoch:2/3][loss:0.054739][pair_loss:0.848287]
2023-11-16 17:25:12.324 | INFO     | center:train:227 - [epoch:3/3][loss:0.053180][pair_loss:0.834883]
2023-11-16 17:25:12.324 | INFO     | center:train:230 - [iter:10/50][iter_time:31.40]
2023-11-16 17:26:32.561 | INFO     | center:train:301 - [iter:10/50][code_length:64][mAP:0.50883][mAP_all:0.48426][best_mAP:0.50883]
2023-11-16 17:26:32.562 | INFO     | center:train:302 - [iter:10/50][code_length:64][zs_mAP:0.50080][zs_mAP_all:0.14942]
2023-11-16 17:26:43.948 | INFO     | center:train:227 - [epoch:1/3][loss:0.016497][pair_loss:0.000000]
2023-11-16 17:26:55.077 | INFO     | center:train:227 - [epoch:2/3][loss:0.054303][pair_loss:0.844732]
2023-11-16 17:27:05.047 | INFO     | center:train:227 - [epoch:3/3][loss:0.052421][pair_loss:0.830026]
2023-11-16 17:27:05.048 | INFO     | center:train:230 - [iter:11/50][iter_time:32.49]
2023-11-16 17:28:25.647 | INFO     | center:train:301 - [iter:11/50][code_length:64][mAP:0.53154][mAP_all:0.50589][best_mAP:0.53154]
2023-11-16 17:28:25.649 | INFO     | center:train:302 - [iter:11/50][code_length:64][zs_mAP:0.49088][zs_mAP_all:0.14648]
2023-11-16 17:28:35.964 | INFO     | center:train:227 - [epoch:1/3][loss:0.015808][pair_loss:0.000000]
2023-11-16 17:28:45.531 | INFO     | center:train:227 - [epoch:2/3][loss:0.054363][pair_loss:0.843225]
2023-11-16 17:28:55.753 | INFO     | center:train:227 - [epoch:3/3][loss:0.052379][pair_loss:0.829855]
2023-11-16 17:28:55.753 | INFO     | center:train:230 - [iter:12/50][iter_time:30.10]
2023-11-16 17:30:14.045 | INFO     | center:train:301 - [iter:12/50][code_length:64][mAP:0.52380][mAP_all:0.49871][best_mAP:0.53154]
2023-11-16 17:30:14.045 | INFO     | center:train:302 - [iter:12/50][code_length:64][zs_mAP:0.49010][zs_mAP_all:0.14799]
2023-11-16 17:30:24.100 | INFO     | center:train:227 - [epoch:1/3][loss:0.016249][pair_loss:0.000000]
2023-11-16 17:30:36.044 | INFO     | center:train:227 - [epoch:2/3][loss:0.054372][pair_loss:0.844146]
2023-11-16 17:30:47.760 | INFO     | center:train:227 - [epoch:3/3][loss:0.052139][pair_loss:0.830337]
2023-11-16 17:30:47.760 | INFO     | center:train:230 - [iter:13/50][iter_time:33.71]
2023-11-16 17:32:07.822 | INFO     | center:train:301 - [iter:13/50][code_length:64][mAP:0.53647][mAP_all:0.51175][best_mAP:0.53647]
2023-11-16 17:32:07.824 | INFO     | center:train:302 - [iter:13/50][code_length:64][zs_mAP:0.46266][zs_mAP_all:0.12894]
2023-11-16 17:32:18.320 | INFO     | center:train:227 - [epoch:1/3][loss:0.016026][pair_loss:0.000000]
2023-11-16 17:32:28.384 | INFO     | center:train:227 - [epoch:2/3][loss:0.053907][pair_loss:0.843503]
2023-11-16 17:32:38.876 | INFO     | center:train:227 - [epoch:3/3][loss:0.052410][pair_loss:0.830546]
2023-11-16 17:32:38.876 | INFO     | center:train:230 - [iter:14/50][iter_time:31.05]
2023-11-16 17:33:58.431 | INFO     | center:train:301 - [iter:14/50][code_length:64][mAP:0.54830][mAP_all:0.52307][best_mAP:0.54830]
2023-11-16 17:33:58.433 | INFO     | center:train:302 - [iter:14/50][code_length:64][zs_mAP:0.48754][zs_mAP_all:0.13827]
2023-11-16 17:34:08.424 | INFO     | center:train:227 - [epoch:1/3][loss:0.016027][pair_loss:0.000000]
2023-11-16 17:34:18.567 | INFO     | center:train:227 - [epoch:2/3][loss:0.053901][pair_loss:0.841981]
2023-11-16 17:34:28.667 | INFO     | center:train:227 - [epoch:3/3][loss:0.052028][pair_loss:0.828572]
2023-11-16 17:34:28.668 | INFO     | center:train:230 - [iter:15/50][iter_time:30.23]
2023-11-16 17:35:47.295 | INFO     | center:train:301 - [iter:15/50][code_length:64][mAP:0.54656][mAP_all:0.52111][best_mAP:0.54830]
2023-11-16 17:35:47.296 | INFO     | center:train:302 - [iter:15/50][code_length:64][zs_mAP:0.48200][zs_mAP_all:0.14460]
2023-11-16 17:35:59.128 | INFO     | center:train:227 - [epoch:1/3][loss:0.015924][pair_loss:0.000000]
2023-11-16 17:36:10.336 | INFO     | center:train:227 - [epoch:2/3][loss:0.053312][pair_loss:0.841907]
2023-11-16 17:36:20.655 | INFO     | center:train:227 - [epoch:3/3][loss:0.052087][pair_loss:0.831102]
2023-11-16 17:36:20.656 | INFO     | center:train:230 - [iter:16/50][iter_time:33.36]
2023-11-16 17:37:40.448 | INFO     | center:train:301 - [iter:16/50][code_length:64][mAP:0.56034][mAP_all:0.53371][best_mAP:0.56034]
2023-11-16 17:37:40.450 | INFO     | center:train:302 - [iter:16/50][code_length:64][zs_mAP:0.48438][zs_mAP_all:0.14325]
2023-11-16 17:37:50.644 | INFO     | center:train:227 - [epoch:1/3][loss:0.015287][pair_loss:0.000000]
2023-11-16 17:38:00.861 | INFO     | center:train:227 - [epoch:2/3][loss:0.052869][pair_loss:0.839805]
2023-11-16 17:38:10.928 | INFO     | center:train:227 - [epoch:3/3][loss:0.051683][pair_loss:0.829834]
2023-11-16 17:38:10.928 | INFO     | center:train:230 - [iter:17/50][iter_time:30.48]
2023-11-16 17:39:31.889 | INFO     | center:train:301 - [iter:17/50][code_length:64][mAP:0.56288][mAP_all:0.53663][best_mAP:0.56288]
2023-11-16 17:39:31.890 | INFO     | center:train:302 - [iter:17/50][code_length:64][zs_mAP:0.47445][zs_mAP_all:0.13990]
2023-11-16 17:39:42.180 | INFO     | center:train:227 - [epoch:1/3][loss:0.015422][pair_loss:0.000000]
2023-11-16 17:39:53.193 | INFO     | center:train:227 - [epoch:2/3][loss:0.053540][pair_loss:0.842395]
2023-11-16 17:40:03.876 | INFO     | center:train:227 - [epoch:3/3][loss:0.051263][pair_loss:0.828233]
2023-11-16 17:40:03.876 | INFO     | center:train:230 - [iter:18/50][iter_time:31.99]
2023-11-16 17:41:23.192 | INFO     | center:train:301 - [iter:18/50][code_length:64][mAP:0.56820][mAP_all:0.54087][best_mAP:0.56820]
2023-11-16 17:41:23.193 | INFO     | center:train:302 - [iter:18/50][code_length:64][zs_mAP:0.47238][zs_mAP_all:0.13739]
2023-11-16 17:41:33.372 | INFO     | center:train:227 - [epoch:1/3][loss:0.015349][pair_loss:0.000000]
2023-11-16 17:41:43.608 | INFO     | center:train:227 - [epoch:2/3][loss:0.052904][pair_loss:0.839173]
2023-11-16 17:41:53.563 | INFO     | center:train:227 - [epoch:3/3][loss:0.051402][pair_loss:0.829210]
2023-11-16 17:41:53.563 | INFO     | center:train:230 - [iter:19/50][iter_time:30.37]
2023-11-16 17:43:12.705 | INFO     | center:train:301 - [iter:19/50][code_length:64][mAP:0.56988][mAP_all:0.54348][best_mAP:0.56988]
2023-11-16 17:43:12.707 | INFO     | center:train:302 - [iter:19/50][code_length:64][zs_mAP:0.48705][zs_mAP_all:0.14090]
2023-11-16 17:43:22.428 | INFO     | center:train:227 - [epoch:1/3][loss:0.015673][pair_loss:0.000000]
2023-11-16 17:43:32.668 | INFO     | center:train:227 - [epoch:2/3][loss:0.053528][pair_loss:0.839172]
2023-11-16 17:43:45.000 | INFO     | center:train:227 - [epoch:3/3][loss:0.051185][pair_loss:0.824014]
2023-11-16 17:43:45.000 | INFO     | center:train:230 - [iter:20/50][iter_time:32.29]
2023-11-16 17:45:03.703 | INFO     | center:train:301 - [iter:20/50][code_length:64][mAP:0.57789][mAP_all:0.55127][best_mAP:0.57789]
2023-11-16 17:45:03.705 | INFO     | center:train:302 - [iter:20/50][code_length:64][zs_mAP:0.47790][zs_mAP_all:0.14378]
2023-11-16 17:45:14.248 | INFO     | center:train:227 - [epoch:1/3][loss:0.015204][pair_loss:0.000000]
2023-11-16 17:45:24.791 | INFO     | center:train:227 - [epoch:2/3][loss:0.052604][pair_loss:0.835327]
2023-11-16 17:45:35.305 | INFO     | center:train:227 - [epoch:3/3][loss:0.050939][pair_loss:0.822633]
2023-11-16 17:45:35.305 | INFO     | center:train:230 - [iter:21/50][iter_time:31.60]
2023-11-16 17:46:54.614 | INFO     | center:train:301 - [iter:21/50][code_length:64][mAP:0.57769][mAP_all:0.55032][best_mAP:0.57789]
2023-11-16 17:46:54.614 | INFO     | center:train:302 - [iter:21/50][code_length:64][zs_mAP:0.47367][zs_mAP_all:0.14042]
2023-11-16 17:47:04.931 | INFO     | center:train:227 - [epoch:1/3][loss:0.014846][pair_loss:0.000000]
2023-11-16 17:47:15.288 | INFO     | center:train:227 - [epoch:2/3][loss:0.052248][pair_loss:0.835840]
2023-11-16 17:47:26.012 | INFO     | center:train:227 - [epoch:3/3][loss:0.050993][pair_loss:0.826153]
2023-11-16 17:47:26.012 | INFO     | center:train:230 - [iter:22/50][iter_time:31.40]
2023-11-16 17:48:45.886 | INFO     | center:train:301 - [iter:22/50][code_length:64][mAP:0.58021][mAP_all:0.55402][best_mAP:0.58021]
2023-11-16 17:48:45.887 | INFO     | center:train:302 - [iter:22/50][code_length:64][zs_mAP:0.48844][zs_mAP_all:0.14352]
2023-11-16 17:48:57.191 | INFO     | center:train:227 - [epoch:1/3][loss:0.015221][pair_loss:0.000000]
2023-11-16 17:49:08.498 | INFO     | center:train:227 - [epoch:2/3][loss:0.052837][pair_loss:0.838209]
2023-11-16 17:49:19.497 | INFO     | center:train:227 - [epoch:3/3][loss:0.051306][pair_loss:0.826759]
2023-11-16 17:49:19.497 | INFO     | center:train:230 - [iter:23/50][iter_time:33.61]
2023-11-16 17:50:37.879 | INFO     | center:train:301 - [iter:23/50][code_length:64][mAP:0.57943][mAP_all:0.55391][best_mAP:0.58021]
2023-11-16 17:50:37.880 | INFO     | center:train:302 - [iter:23/50][code_length:64][zs_mAP:0.47576][zs_mAP_all:0.14540]
2023-11-16 17:50:47.972 | INFO     | center:train:227 - [epoch:1/3][loss:0.014683][pair_loss:0.000000]
2023-11-16 17:50:59.364 | INFO     | center:train:227 - [epoch:2/3][loss:0.052586][pair_loss:0.835793]
2023-11-16 17:51:09.792 | INFO     | center:train:227 - [epoch:3/3][loss:0.051196][pair_loss:0.824957]
2023-11-16 17:51:09.793 | INFO     | center:train:230 - [iter:24/50][iter_time:31.91]
2023-11-16 17:52:28.776 | INFO     | center:train:301 - [iter:24/50][code_length:64][mAP:0.58423][mAP_all:0.55733][best_mAP:0.58423]
2023-11-16 17:52:28.777 | INFO     | center:train:302 - [iter:24/50][code_length:64][zs_mAP:0.49689][zs_mAP_all:0.14726]
2023-11-16 17:52:39.378 | INFO     | center:train:227 - [epoch:1/3][loss:0.014908][pair_loss:0.000000]
2023-11-16 17:52:49.452 | INFO     | center:train:227 - [epoch:2/3][loss:0.052963][pair_loss:0.838110]
2023-11-16 17:52:59.411 | INFO     | center:train:227 - [epoch:3/3][loss:0.050803][pair_loss:0.824517]
2023-11-16 17:52:59.411 | INFO     | center:train:230 - [iter:25/50][iter_time:30.63]
2023-11-16 17:54:17.422 | INFO     | center:train:301 - [iter:25/50][code_length:64][mAP:0.57469][mAP_all:0.54856][best_mAP:0.58423]
2023-11-16 17:54:17.423 | INFO     | center:train:302 - [iter:25/50][code_length:64][zs_mAP:0.47079][zs_mAP_all:0.14289]
2023-11-16 17:54:28.983 | INFO     | center:train:227 - [epoch:1/3][loss:0.015209][pair_loss:0.000000]
2023-11-16 17:54:39.840 | INFO     | center:train:227 - [epoch:2/3][loss:0.052078][pair_loss:0.837476]
2023-11-16 17:54:50.675 | INFO     | center:train:227 - [epoch:3/3][loss:0.051040][pair_loss:0.826834]
2023-11-16 17:54:50.675 | INFO     | center:train:230 - [iter:26/50][iter_time:33.25]
2023-11-16 17:56:13.420 | INFO     | center:train:301 - [iter:26/50][code_length:64][mAP:0.60079][mAP_all:0.57375][best_mAP:0.60079]
2023-11-16 17:56:13.422 | INFO     | center:train:302 - [iter:26/50][code_length:64][zs_mAP:0.48674][zs_mAP_all:0.14398]
2023-11-16 17:56:23.407 | INFO     | center:train:227 - [epoch:1/3][loss:0.015065][pair_loss:0.000000]
2023-11-16 17:56:34.356 | INFO     | center:train:227 - [epoch:2/3][loss:0.052440][pair_loss:0.835539]
2023-11-16 17:56:45.255 | INFO     | center:train:227 - [epoch:3/3][loss:0.050563][pair_loss:0.822151]
2023-11-16 17:56:45.256 | INFO     | center:train:230 - [iter:27/50][iter_time:31.83]
2023-11-16 17:58:04.701 | INFO     | center:train:301 - [iter:27/50][code_length:64][mAP:0.60329][mAP_all:0.57622][best_mAP:0.60329]
2023-11-16 17:58:04.703 | INFO     | center:train:302 - [iter:27/50][code_length:64][zs_mAP:0.48222][zs_mAP_all:0.14441]
2023-11-16 17:58:15.075 | INFO     | center:train:227 - [epoch:1/3][loss:0.014517][pair_loss:0.000000]
2023-11-16 17:58:25.868 | INFO     | center:train:227 - [epoch:2/3][loss:0.051955][pair_loss:0.833716]
2023-11-16 17:58:36.276 | INFO     | center:train:227 - [epoch:3/3][loss:0.050666][pair_loss:0.822576]
2023-11-16 17:58:36.277 | INFO     | center:train:230 - [iter:28/50][iter_time:31.57]
2023-11-16 17:59:52.643 | INFO     | center:train:301 - [iter:28/50][code_length:64][mAP:0.59423][mAP_all:0.56576][best_mAP:0.60329]
2023-11-16 17:59:52.644 | INFO     | center:train:302 - [iter:28/50][code_length:64][zs_mAP:0.50556][zs_mAP_all:0.15215]
2023-11-16 18:00:02.415 | INFO     | center:train:227 - [epoch:1/3][loss:0.014075][pair_loss:0.000000]
2023-11-16 18:00:12.193 | INFO     | center:train:227 - [epoch:2/3][loss:0.051828][pair_loss:0.833374]
2023-11-16 18:00:21.982 | INFO     | center:train:227 - [epoch:3/3][loss:0.050233][pair_loss:0.821968]
2023-11-16 18:00:21.983 | INFO     | center:train:230 - [iter:29/50][iter_time:29.34]
2023-11-16 18:01:36.276 | INFO     | center:train:301 - [iter:29/50][code_length:64][mAP:0.59862][mAP_all:0.57231][best_mAP:0.60329]
2023-11-16 18:01:36.278 | INFO     | center:train:302 - [iter:29/50][code_length:64][zs_mAP:0.49338][zs_mAP_all:0.15103]
2023-11-16 18:01:46.084 | INFO     | center:train:227 - [epoch:1/3][loss:0.014541][pair_loss:0.000000]
2023-11-16 18:01:56.184 | INFO     | center:train:227 - [epoch:2/3][loss:0.051646][pair_loss:0.831294]
2023-11-16 18:02:06.092 | INFO     | center:train:227 - [epoch:3/3][loss:0.050534][pair_loss:0.820126]
2023-11-16 18:02:06.093 | INFO     | center:train:230 - [iter:30/50][iter_time:29.81]
2023-11-16 18:03:21.922 | INFO     | center:train:301 - [iter:30/50][code_length:64][mAP:0.59982][mAP_all:0.57380][best_mAP:0.60329]
2023-11-16 18:03:21.923 | INFO     | center:train:302 - [iter:30/50][code_length:64][zs_mAP:0.48034][zs_mAP_all:0.14340]
2023-11-16 18:03:31.920 | INFO     | center:train:227 - [epoch:1/3][loss:0.014602][pair_loss:0.000000]
2023-11-16 18:03:41.691 | INFO     | center:train:227 - [epoch:2/3][loss:0.052291][pair_loss:0.835947]
2023-11-16 18:03:51.429 | INFO     | center:train:227 - [epoch:3/3][loss:0.050365][pair_loss:0.821101]
2023-11-16 18:03:51.429 | INFO     | center:train:230 - [iter:31/50][iter_time:29.51]
2023-11-16 18:05:07.969 | INFO     | center:train:301 - [iter:31/50][code_length:64][mAP:0.61088][mAP_all:0.58260][best_mAP:0.61088]
2023-11-16 18:05:07.971 | INFO     | center:train:302 - [iter:31/50][code_length:64][zs_mAP:0.51101][zs_mAP_all:0.16739]
2023-11-16 18:05:17.685 | INFO     | center:train:227 - [epoch:1/3][loss:0.014609][pair_loss:0.000000]
2023-11-16 18:05:27.499 | INFO     | center:train:227 - [epoch:2/3][loss:0.052066][pair_loss:0.834093]
2023-11-16 18:05:37.359 | INFO     | center:train:227 - [epoch:3/3][loss:0.050016][pair_loss:0.821106]
2023-11-16 18:05:37.360 | INFO     | center:train:230 - [iter:32/50][iter_time:29.39]
2023-11-16 18:06:53.641 | INFO     | center:train:301 - [iter:32/50][code_length:64][mAP:0.61132][mAP_all:0.58412][best_mAP:0.61132]
2023-11-16 18:06:53.642 | INFO     | center:train:302 - [iter:32/50][code_length:64][zs_mAP:0.48918][zs_mAP_all:0.14713]
2023-11-16 18:07:03.481 | INFO     | center:train:227 - [epoch:1/3][loss:0.014344][pair_loss:0.000000]
2023-11-16 18:07:13.383 | INFO     | center:train:227 - [epoch:2/3][loss:0.051428][pair_loss:0.833418]
2023-11-16 18:07:23.208 | INFO     | center:train:227 - [epoch:3/3][loss:0.049876][pair_loss:0.820396]
2023-11-16 18:07:23.208 | INFO     | center:train:230 - [iter:33/50][iter_time:29.57]
2023-11-16 18:08:41.897 | INFO     | center:train:301 - [iter:33/50][code_length:64][mAP:0.61971][mAP_all:0.59162][best_mAP:0.61971]
2023-11-16 18:08:41.899 | INFO     | center:train:302 - [iter:33/50][code_length:64][zs_mAP:0.48934][zs_mAP_all:0.15191]
2023-11-16 18:08:57.984 | INFO     | center:train:227 - [epoch:1/3][loss:0.013778][pair_loss:0.000000]
2023-11-16 18:09:16.611 | INFO     | center:train:227 - [epoch:2/3][loss:0.051626][pair_loss:0.832856]
2023-11-16 18:09:29.795 | INFO     | center:train:227 - [epoch:3/3][loss:0.049836][pair_loss:0.820348]
2023-11-16 18:09:29.795 | INFO     | center:train:230 - [iter:34/50][iter_time:47.90]
2023-11-16 18:10:50.500 | INFO     | center:train:301 - [iter:34/50][code_length:64][mAP:0.62081][mAP_all:0.59266][best_mAP:0.62081]
2023-11-16 18:10:50.501 | INFO     | center:train:302 - [iter:34/50][code_length:64][zs_mAP:0.48092][zs_mAP_all:0.14689]
2023-11-16 18:11:07.013 | INFO     | center:train:227 - [epoch:1/3][loss:0.014170][pair_loss:0.000000]
2023-11-16 18:11:22.416 | INFO     | center:train:227 - [epoch:2/3][loss:0.051190][pair_loss:0.827598]
2023-11-16 18:11:35.427 | INFO     | center:train:227 - [epoch:3/3][loss:0.049846][pair_loss:0.817808]
2023-11-16 18:11:35.428 | INFO     | center:train:230 - [iter:35/50][iter_time:44.93]
2023-11-16 18:12:55.976 | INFO     | center:train:301 - [iter:35/50][code_length:64][mAP:0.61937][mAP_all:0.59274][best_mAP:0.62081]
2023-11-16 18:12:55.977 | INFO     | center:train:302 - [iter:35/50][code_length:64][zs_mAP:0.50511][zs_mAP_all:0.15345]
2023-11-16 18:13:09.023 | INFO     | center:train:227 - [epoch:1/3][loss:0.013916][pair_loss:0.000000]
2023-11-16 18:13:22.253 | INFO     | center:train:227 - [epoch:2/3][loss:0.051175][pair_loss:0.829652]
2023-11-16 18:13:37.067 | INFO     | center:train:227 - [epoch:3/3][loss:0.049990][pair_loss:0.818687]
2023-11-16 18:13:37.068 | INFO     | center:train:230 - [iter:36/50][iter_time:41.09]
2023-11-16 18:14:59.637 | INFO     | center:train:301 - [iter:36/50][code_length:64][mAP:0.62703][mAP_all:0.59881][best_mAP:0.62703]
2023-11-16 18:14:59.638 | INFO     | center:train:302 - [iter:36/50][code_length:64][zs_mAP:0.49026][zs_mAP_all:0.14915]
2023-11-16 18:15:15.102 | INFO     | center:train:227 - [epoch:1/3][loss:0.014399][pair_loss:0.000000]
2023-11-16 18:15:30.231 | INFO     | center:train:227 - [epoch:2/3][loss:0.051654][pair_loss:0.832369]
2023-11-16 18:15:46.458 | INFO     | center:train:227 - [epoch:3/3][loss:0.050930][pair_loss:0.822474]
2023-11-16 18:15:46.459 | INFO     | center:train:230 - [iter:37/50][iter_time:46.82]
2023-11-16 18:17:08.478 | INFO     | center:train:301 - [iter:37/50][code_length:64][mAP:0.62420][mAP_all:0.59550][best_mAP:0.62703]
2023-11-16 18:17:08.478 | INFO     | center:train:302 - [iter:37/50][code_length:64][zs_mAP:0.49150][zs_mAP_all:0.15559]
2023-11-16 18:17:22.642 | INFO     | center:train:227 - [epoch:1/3][loss:0.013609][pair_loss:0.000000]
2023-11-16 18:17:38.084 | INFO     | center:train:227 - [epoch:2/3][loss:0.051488][pair_loss:0.831178]
2023-11-16 18:17:52.182 | INFO     | center:train:227 - [epoch:3/3][loss:0.049739][pair_loss:0.820406]
2023-11-16 18:17:52.182 | INFO     | center:train:230 - [iter:38/50][iter_time:43.70]
2023-11-16 18:19:12.471 | INFO     | center:train:301 - [iter:38/50][code_length:64][mAP:0.62153][mAP_all:0.59389][best_mAP:0.62703]
2023-11-16 18:19:12.472 | INFO     | center:train:302 - [iter:38/50][code_length:64][zs_mAP:0.50129][zs_mAP_all:0.15038]
2023-11-16 18:19:27.103 | INFO     | center:train:227 - [epoch:1/3][loss:0.014019][pair_loss:0.000000]
2023-11-16 18:19:43.158 | INFO     | center:train:227 - [epoch:2/3][loss:0.051386][pair_loss:0.831742]
2023-11-16 18:19:57.834 | INFO     | center:train:227 - [epoch:3/3][loss:0.049826][pair_loss:0.819870]
2023-11-16 18:19:57.835 | INFO     | center:train:230 - [iter:39/50][iter_time:45.36]
2023-11-16 18:21:18.773 | INFO     | center:train:301 - [iter:39/50][code_length:64][mAP:0.62036][mAP_all:0.59283][best_mAP:0.62703]
2023-11-16 18:21:18.774 | INFO     | center:train:302 - [iter:39/50][code_length:64][zs_mAP:0.48305][zs_mAP_all:0.14326]
2023-11-16 18:21:34.691 | INFO     | center:train:227 - [epoch:1/3][loss:0.013712][pair_loss:0.000000]
2023-11-16 18:21:47.984 | INFO     | center:train:227 - [epoch:2/3][loss:0.050914][pair_loss:0.825812]
2023-11-16 18:22:03.752 | INFO     | center:train:227 - [epoch:3/3][loss:0.049542][pair_loss:0.816000]
2023-11-16 18:22:03.753 | INFO     | center:train:230 - [iter:40/50][iter_time:44.98]
2023-11-16 18:23:25.718 | INFO     | center:train:301 - [iter:40/50][code_length:64][mAP:0.62951][mAP_all:0.60199][best_mAP:0.62951]
2023-11-16 18:23:25.719 | INFO     | center:train:302 - [iter:40/50][code_length:64][zs_mAP:0.49972][zs_mAP_all:0.15124]
2023-11-16 18:23:40.333 | INFO     | center:train:227 - [epoch:1/3][loss:0.014073][pair_loss:0.000000]
2023-11-16 18:23:54.905 | INFO     | center:train:227 - [epoch:2/3][loss:0.051346][pair_loss:0.828389]
2023-11-16 18:24:07.986 | INFO     | center:train:227 - [epoch:3/3][loss:0.049462][pair_loss:0.815341]
2023-11-16 18:24:07.987 | INFO     | center:train:230 - [iter:41/50][iter_time:42.27]
2023-11-16 18:25:29.172 | INFO     | center:train:301 - [iter:41/50][code_length:64][mAP:0.62674][mAP_all:0.59753][best_mAP:0.62951]
2023-11-16 18:25:29.173 | INFO     | center:train:302 - [iter:41/50][code_length:64][zs_mAP:0.49716][zs_mAP_all:0.15020]
2023-11-16 18:25:42.485 | INFO     | center:train:227 - [epoch:1/3][loss:0.013395][pair_loss:0.000000]
2023-11-16 18:25:56.502 | INFO     | center:train:227 - [epoch:2/3][loss:0.050915][pair_loss:0.828752]
2023-11-16 18:26:10.881 | INFO     | center:train:227 - [epoch:3/3][loss:0.049162][pair_loss:0.816998]
2023-11-16 18:26:10.882 | INFO     | center:train:230 - [iter:42/50][iter_time:41.71]
2023-11-16 18:27:33.952 | INFO     | center:train:301 - [iter:42/50][code_length:64][mAP:0.63679][mAP_all:0.60907][best_mAP:0.63679]
2023-11-16 18:27:33.953 | INFO     | center:train:302 - [iter:42/50][code_length:64][zs_mAP:0.48285][zs_mAP_all:0.14367]
2023-11-16 18:27:49.012 | INFO     | center:train:227 - [epoch:1/3][loss:0.013222][pair_loss:0.000000]
2023-11-16 18:28:03.268 | INFO     | center:train:227 - [epoch:2/3][loss:0.050881][pair_loss:0.828850]
2023-11-16 18:28:16.851 | INFO     | center:train:227 - [epoch:3/3][loss:0.049668][pair_loss:0.819019]
2023-11-16 18:28:16.852 | INFO     | center:train:230 - [iter:43/50][iter_time:42.90]
2023-11-16 18:29:39.868 | INFO     | center:train:301 - [iter:43/50][code_length:64][mAP:0.63929][mAP_all:0.61077][best_mAP:0.63929]
2023-11-16 18:29:39.869 | INFO     | center:train:302 - [iter:43/50][code_length:64][zs_mAP:0.49995][zs_mAP_all:0.15297]
2023-11-16 18:29:54.374 | INFO     | center:train:227 - [epoch:1/3][loss:0.013107][pair_loss:0.000000]
2023-11-16 18:30:08.377 | INFO     | center:train:227 - [epoch:2/3][loss:0.050385][pair_loss:0.826154]
2023-11-16 18:30:22.069 | INFO     | center:train:227 - [epoch:3/3][loss:0.049512][pair_loss:0.818506]
2023-11-16 18:30:22.070 | INFO     | center:train:230 - [iter:44/50][iter_time:42.20]
2023-11-16 18:31:43.020 | INFO     | center:train:301 - [iter:44/50][code_length:64][mAP:0.64240][mAP_all:0.61455][best_mAP:0.64240]
2023-11-16 18:31:43.021 | INFO     | center:train:302 - [iter:44/50][code_length:64][zs_mAP:0.49327][zs_mAP_all:0.15073]
2023-11-16 18:31:56.450 | INFO     | center:train:227 - [epoch:1/3][loss:0.013593][pair_loss:0.000000]
2023-11-16 18:32:08.984 | INFO     | center:train:227 - [epoch:2/3][loss:0.050163][pair_loss:0.826014]
2023-11-16 18:32:23.010 | INFO     | center:train:227 - [epoch:3/3][loss:0.049362][pair_loss:0.815923]
2023-11-16 18:32:23.011 | INFO     | center:train:230 - [iter:45/50][iter_time:39.99]
2023-11-16 18:33:46.305 | INFO     | center:train:301 - [iter:45/50][code_length:64][mAP:0.64549][mAP_all:0.61712][best_mAP:0.64549]
2023-11-16 18:33:46.306 | INFO     | center:train:302 - [iter:45/50][code_length:64][zs_mAP:0.50101][zs_mAP_all:0.15498]
2023-11-16 18:34:01.158 | INFO     | center:train:227 - [epoch:1/3][loss:0.013083][pair_loss:0.000000]
2023-11-16 18:34:14.068 | INFO     | center:train:227 - [epoch:2/3][loss:0.050978][pair_loss:0.823793]
2023-11-16 18:34:27.240 | INFO     | center:train:227 - [epoch:3/3][loss:0.050177][pair_loss:0.818640]
2023-11-16 18:34:27.241 | INFO     | center:train:230 - [iter:46/50][iter_time:40.93]
2023-11-16 18:35:50.781 | INFO     | center:train:301 - [iter:46/50][code_length:64][mAP:0.68235][mAP_all:0.65387][best_mAP:0.68235]
2023-11-16 18:35:50.782 | INFO     | center:train:302 - [iter:46/50][code_length:64][zs_mAP:0.51969][zs_mAP_all:0.15918]
2023-11-16 18:36:02.988 | INFO     | center:train:227 - [epoch:1/3][loss:0.011560][pair_loss:0.000000]
2023-11-16 18:36:16.702 | INFO     | center:train:227 - [epoch:2/3][loss:0.049435][pair_loss:0.816018]
2023-11-16 18:36:29.649 | INFO     | center:train:227 - [epoch:3/3][loss:0.049332][pair_loss:0.814103]
2023-11-16 18:36:29.650 | INFO     | center:train:230 - [iter:47/50][iter_time:38.87]
2023-11-16 18:37:52.518 | INFO     | center:train:301 - [iter:47/50][code_length:64][mAP:0.69302][mAP_all:0.66396][best_mAP:0.69302]
2023-11-16 18:37:52.520 | INFO     | center:train:302 - [iter:47/50][code_length:64][zs_mAP:0.52669][zs_mAP_all:0.16221]
2023-11-16 18:38:05.147 | INFO     | center:train:227 - [epoch:1/3][loss:0.011752][pair_loss:0.000000]
2023-11-16 18:38:18.003 | INFO     | center:train:227 - [epoch:2/3][loss:0.049990][pair_loss:0.819332]
2023-11-16 18:38:32.878 | INFO     | center:train:227 - [epoch:3/3][loss:0.049269][pair_loss:0.813938]
2023-11-16 18:38:32.878 | INFO     | center:train:230 - [iter:48/50][iter_time:40.36]
2023-11-16 18:39:54.148 | INFO     | center:train:301 - [iter:48/50][code_length:64][mAP:0.70068][mAP_all:0.67162][best_mAP:0.70068]
2023-11-16 18:39:54.149 | INFO     | center:train:302 - [iter:48/50][code_length:64][zs_mAP:0.52412][zs_mAP_all:0.16812]
2023-11-16 18:40:08.485 | INFO     | center:train:227 - [epoch:1/3][loss:0.011196][pair_loss:0.000000]
2023-11-16 18:40:23.706 | INFO     | center:train:227 - [epoch:2/3][loss:0.048965][pair_loss:0.812041]
2023-11-16 18:40:37.950 | INFO     | center:train:227 - [epoch:3/3][loss:0.049074][pair_loss:0.812357]
2023-11-16 18:40:37.951 | INFO     | center:train:230 - [iter:49/50][iter_time:43.80]
2023-11-16 18:42:00.853 | INFO     | center:train:301 - [iter:49/50][code_length:64][mAP:0.70676][mAP_all:0.67756][best_mAP:0.70676]
2023-11-16 18:42:00.854 | INFO     | center:train:302 - [iter:49/50][code_length:64][zs_mAP:0.52220][zs_mAP_all:0.16183]
2023-11-16 18:42:18.274 | INFO     | center:train:227 - [epoch:1/3][loss:0.011033][pair_loss:0.000000]
2023-11-16 18:42:33.415 | INFO     | center:train:227 - [epoch:2/3][loss:0.049285][pair_loss:0.816806]
2023-11-16 18:42:47.119 | INFO     | center:train:227 - [epoch:3/3][loss:0.048668][pair_loss:0.813402]
2023-11-16 18:42:47.120 | INFO     | center:train:230 - [iter:50/50][iter_time:46.27]
2023-11-16 18:44:11.984 | INFO     | center:train:301 - [iter:50/50][code_length:64][mAP:0.71366][mAP_all:0.68483][best_mAP:0.71366]
2023-11-16 18:44:11.986 | INFO     | center:train:302 - [iter:50/50][code_length:64][zs_mAP:0.52673][zs_mAP_all:0.16516]
2023-11-16 18:44:11.986 | INFO     | center:train:305 - [Training time:5782.01]
2023-11-16 18:44:11.989 | INFO     | __main__:run:126 - [code_length:64][map:0.7137][map_all:0.6848][zs_map:0.5267][zs_map_all:0.1652]
