2024-08-22 03:14:53.626 | SUCCESS  | __main__:run:54 - Namespace(ZS=5, align_step=50, arch='dsh', batch_size=16, cauchy_gamma=20.0, code_length=[16, 32, 64], data='coco', dataset='cocozs', device=device(type='cuda', index=2), epoch_change=11, flag='dsh', gamma=200, gpu=2, info='cocozs-35-45-dsh-08-22-16,32,64-tanh1', lambd=0.1, lambd_ch=0.1, lambd_sp=0.1, lr=0.001, lr_step=[45], margin=0.1, max_epoch=3, max_iter=50, momen=0.9, nesterov=False, net='ResNet50', num_classes=45, num_query=1000, num_samples=2000, num_workers=2, num_zs=35, optim='SGD', pretrain=True, quan_loss=False, root='/4T/dataset/coco', save_ckpt='checkpoints/', topk=5000, val_freq=1, wd=0.0001)
2024-08-22 03:15:30.829 | INFO     | DSH:train:124 - [epoch:1/3][loss:3.850422]
2024-08-22 03:15:56.811 | INFO     | DSH:train:124 - [epoch:2/3][loss:4.036323]
2024-08-22 03:16:24.578 | INFO     | DSH:train:124 - [epoch:3/3][loss:3.028585]
2024-08-22 03:16:24.578 | INFO     | DSH:train:127 - [iter:1/50][iter_time:81.18]
2024-08-22 03:23:53.485 | INFO     | DSH:train:199 - [iter:1/50][code_length:16][mAP:0.30972][mAP_all:0.55456][best_mAP:0.30972]
2024-08-22 03:23:53.486 | INFO     | DSH:train:200 - [iter:1/50][code_length:16][zs_mAP:0.38226][zs_mAP_all:0.33504]
2024-08-22 03:24:20.764 | INFO     | DSH:train:124 - [epoch:1/3][loss:1.579790]
2024-08-22 03:24:46.935 | INFO     | DSH:train:124 - [epoch:2/3][loss:2.778402]
2024-08-22 03:25:13.127 | INFO     | DSH:train:124 - [epoch:3/3][loss:2.634497]
2024-08-22 03:25:13.128 | INFO     | DSH:train:127 - [iter:2/50][iter_time:79.64]
2024-08-22 03:32:29.380 | INFO     | DSH:train:199 - [iter:2/50][code_length:16][mAP:0.33096][mAP_all:0.56946][best_mAP:0.33096]
2024-08-22 03:32:29.380 | INFO     | DSH:train:200 - [iter:2/50][code_length:16][zs_mAP:0.40593][zs_mAP_all:0.34480]
2024-08-22 03:32:56.034 | INFO     | DSH:train:124 - [epoch:1/3][loss:1.376123]
2024-08-22 03:33:22.783 | INFO     | DSH:train:124 - [epoch:2/3][loss:2.530201]
2024-08-22 03:33:49.623 | INFO     | DSH:train:124 - [epoch:3/3][loss:2.441949]
2024-08-22 03:33:49.624 | INFO     | DSH:train:127 - [iter:3/50][iter_time:80.24]
2024-08-22 03:41:07.721 | INFO     | DSH:train:199 - [iter:3/50][code_length:16][mAP:0.33780][mAP_all:0.57582][best_mAP:0.33780]
2024-08-22 03:41:07.721 | INFO     | DSH:train:200 - [iter:3/50][code_length:16][zs_mAP:0.37478][zs_mAP_all:0.32441]
2024-08-22 03:41:33.995 | INFO     | DSH:train:124 - [epoch:1/3][loss:1.390463]
2024-08-22 03:42:00.708 | INFO     | DSH:train:124 - [epoch:2/3][loss:2.608079]
2024-08-22 03:42:28.821 | INFO     | DSH:train:124 - [epoch:3/3][loss:2.540783]
2024-08-22 03:42:28.822 | INFO     | DSH:train:127 - [iter:4/50][iter_time:81.10]
2024-08-22 03:49:42.220 | INFO     | DSH:train:199 - [iter:4/50][code_length:16][mAP:0.30680][mAP_all:0.54771][best_mAP:0.33780]
2024-08-22 03:49:42.221 | INFO     | DSH:train:200 - [iter:4/50][code_length:16][zs_mAP:0.37759][zs_mAP_all:0.33649]
2024-08-22 03:50:08.730 | INFO     | DSH:train:124 - [epoch:1/3][loss:1.315180]
2024-08-22 03:50:35.830 | INFO     | DSH:train:124 - [epoch:2/3][loss:2.491428]
2024-08-22 03:51:02.791 | INFO     | DSH:train:124 - [epoch:3/3][loss:2.396479]
2024-08-22 03:51:02.792 | INFO     | DSH:train:127 - [iter:5/50][iter_time:80.57]
2024-08-22 03:58:18.304 | INFO     | DSH:train:199 - [iter:5/50][code_length:16][mAP:0.35735][mAP_all:0.58045][best_mAP:0.35735]
2024-08-22 03:58:18.304 | INFO     | DSH:train:200 - [iter:5/50][code_length:16][zs_mAP:0.36752][zs_mAP_all:0.33312]
2024-08-22 03:58:44.876 | INFO     | DSH:train:124 - [epoch:1/3][loss:1.287175]
2024-08-22 03:59:12.369 | INFO     | DSH:train:124 - [epoch:2/3][loss:2.450647]
2024-08-22 03:59:40.469 | INFO     | DSH:train:124 - [epoch:3/3][loss:2.381278]
2024-08-22 03:59:40.470 | INFO     | DSH:train:127 - [iter:6/50][iter_time:82.17]
2024-08-22 04:06:56.352 | INFO     | DSH:train:199 - [iter:6/50][code_length:16][mAP:0.32598][mAP_all:0.56046][best_mAP:0.35735]
2024-08-22 04:06:56.352 | INFO     | DSH:train:200 - [iter:6/50][code_length:16][zs_mAP:0.37408][zs_mAP_all:0.34304]
2024-08-22 04:07:22.536 | INFO     | DSH:train:124 - [epoch:1/3][loss:1.220754]
2024-08-22 04:07:49.091 | INFO     | DSH:train:124 - [epoch:2/3][loss:2.323974]
2024-08-22 04:08:15.584 | INFO     | DSH:train:124 - [epoch:3/3][loss:2.275016]
2024-08-22 04:08:15.584 | INFO     | DSH:train:127 - [iter:7/50][iter_time:79.23]
2024-08-22 04:15:31.583 | INFO     | DSH:train:199 - [iter:7/50][code_length:16][mAP:0.34961][mAP_all:0.56941][best_mAP:0.35735]
2024-08-22 04:15:31.583 | INFO     | DSH:train:200 - [iter:7/50][code_length:16][zs_mAP:0.38534][zs_mAP_all:0.34743]
2024-08-22 04:15:58.631 | INFO     | DSH:train:124 - [epoch:1/3][loss:1.213137]
2024-08-22 04:16:25.052 | INFO     | DSH:train:124 - [epoch:2/3][loss:2.334037]
2024-08-22 04:16:53.192 | INFO     | DSH:train:124 - [epoch:3/3][loss:2.271384]
2024-08-22 04:16:53.193 | INFO     | DSH:train:127 - [iter:8/50][iter_time:81.61]
2024-08-22 04:24:11.477 | INFO     | DSH:train:199 - [iter:8/50][code_length:16][mAP:0.36033][mAP_all:0.58975][best_mAP:0.36033]
2024-08-22 04:24:11.477 | INFO     | DSH:train:200 - [iter:8/50][code_length:16][zs_mAP:0.41616][zs_mAP_all:0.35512]
2024-08-22 04:24:39.473 | INFO     | DSH:train:124 - [epoch:1/3][loss:1.239961]
2024-08-22 04:25:06.621 | INFO     | DSH:train:124 - [epoch:2/3][loss:2.398597]
2024-08-22 04:25:33.959 | INFO     | DSH:train:124 - [epoch:3/3][loss:2.350446]
2024-08-22 04:25:33.960 | INFO     | DSH:train:127 - [iter:9/50][iter_time:82.48]
2024-08-22 04:32:50.280 | INFO     | DSH:train:199 - [iter:9/50][code_length:16][mAP:0.39167][mAP_all:0.61137][best_mAP:0.39167]
2024-08-22 04:32:50.281 | INFO     | DSH:train:200 - [iter:9/50][code_length:16][zs_mAP:0.40178][zs_mAP_all:0.35476]
2024-08-22 04:33:17.427 | INFO     | DSH:train:124 - [epoch:1/3][loss:1.235267]
2024-08-22 04:33:44.713 | INFO     | DSH:train:124 - [epoch:2/3][loss:2.361148]
2024-08-22 04:34:12.381 | INFO     | DSH:train:124 - [epoch:3/3][loss:2.294228]
2024-08-22 04:34:12.382 | INFO     | DSH:train:127 - [iter:10/50][iter_time:82.10]
2024-08-22 04:41:26.095 | INFO     | DSH:train:199 - [iter:10/50][code_length:16][mAP:0.38310][mAP_all:0.60882][best_mAP:0.39167]
2024-08-22 04:41:26.096 | INFO     | DSH:train:200 - [iter:10/50][code_length:16][zs_mAP:0.39262][zs_mAP_all:0.36017]
2024-08-22 04:41:52.521 | INFO     | DSH:train:124 - [epoch:1/3][loss:1.230799]
2024-08-22 04:42:18.503 | INFO     | DSH:train:124 - [epoch:2/3][loss:2.370133]
2024-08-22 04:42:44.615 | INFO     | DSH:train:124 - [epoch:3/3][loss:2.320159]
2024-08-22 04:42:44.616 | INFO     | DSH:train:127 - [iter:11/50][iter_time:78.52]
2024-08-22 04:50:01.208 | INFO     | DSH:train:199 - [iter:11/50][code_length:16][mAP:0.37776][mAP_all:0.61580][best_mAP:0.39167]
2024-08-22 04:50:01.209 | INFO     | DSH:train:200 - [iter:11/50][code_length:16][zs_mAP:0.46581][zs_mAP_all:0.43228]
2024-08-22 04:50:27.948 | INFO     | DSH:train:124 - [epoch:1/3][loss:1.198864]
2024-08-22 04:50:55.380 | INFO     | DSH:train:124 - [epoch:2/3][loss:2.331999]
2024-08-22 04:51:22.310 | INFO     | DSH:train:124 - [epoch:3/3][loss:2.275124]
2024-08-22 04:51:22.311 | INFO     | DSH:train:127 - [iter:12/50][iter_time:81.10]
2024-08-22 04:58:37.418 | INFO     | DSH:train:199 - [iter:12/50][code_length:16][mAP:0.35527][mAP_all:0.61308][best_mAP:0.39167]
2024-08-22 04:58:37.419 | INFO     | DSH:train:200 - [iter:12/50][code_length:16][zs_mAP:0.50833][zs_mAP_all:0.48123]
2024-08-22 04:59:05.033 | INFO     | DSH:train:124 - [epoch:1/3][loss:1.164142]
2024-08-22 04:59:32.287 | INFO     | DSH:train:124 - [epoch:2/3][loss:2.240867]
2024-08-22 04:59:59.044 | INFO     | DSH:train:124 - [epoch:3/3][loss:2.220485]
2024-08-22 04:59:59.045 | INFO     | DSH:train:127 - [iter:13/50][iter_time:81.63]
2024-08-22 05:07:15.622 | INFO     | DSH:train:199 - [iter:13/50][code_length:16][mAP:0.34294][mAP_all:0.60379][best_mAP:0.39167]
2024-08-22 05:07:15.623 | INFO     | DSH:train:200 - [iter:13/50][code_length:16][zs_mAP:0.47544][zs_mAP_all:0.44714]
2024-08-22 05:07:41.838 | INFO     | DSH:train:124 - [epoch:1/3][loss:1.230268]
2024-08-22 05:08:10.957 | INFO     | DSH:train:124 - [epoch:2/3][loss:2.375817]
2024-08-22 05:08:38.104 | INFO     | DSH:train:124 - [epoch:3/3][loss:2.337374]
2024-08-22 05:08:38.105 | INFO     | DSH:train:127 - [iter:14/50][iter_time:82.48]
2024-08-22 05:15:55.084 | INFO     | DSH:train:199 - [iter:14/50][code_length:16][mAP:0.36050][mAP_all:0.61064][best_mAP:0.39167]
2024-08-22 05:15:55.085 | INFO     | DSH:train:200 - [iter:14/50][code_length:16][zs_mAP:0.47216][zs_mAP_all:0.45264]
2024-08-22 05:16:22.300 | INFO     | DSH:train:124 - [epoch:1/3][loss:1.113364]
2024-08-22 05:16:49.918 | INFO     | DSH:train:124 - [epoch:2/3][loss:2.147667]
2024-08-22 05:17:17.042 | INFO     | DSH:train:124 - [epoch:3/3][loss:2.100138]
2024-08-22 05:17:17.043 | INFO     | DSH:train:127 - [iter:15/50][iter_time:81.96]
2024-08-22 05:24:33.978 | INFO     | DSH:train:199 - [iter:15/50][code_length:16][mAP:0.39832][mAP_all:0.64333][best_mAP:0.39832]
2024-08-22 05:24:33.979 | INFO     | DSH:train:200 - [iter:15/50][code_length:16][zs_mAP:0.44921][zs_mAP_all:0.43648]
2024-08-22 05:25:01.359 | INFO     | DSH:train:124 - [epoch:1/3][loss:1.204149]
2024-08-22 05:25:28.082 | INFO     | DSH:train:124 - [epoch:2/3][loss:2.348492]
2024-08-22 05:25:54.327 | INFO     | DSH:train:124 - [epoch:3/3][loss:2.302350]
2024-08-22 05:25:54.328 | INFO     | DSH:train:127 - [iter:16/50][iter_time:80.35]
2024-08-22 05:33:08.373 | INFO     | DSH:train:199 - [iter:16/50][code_length:16][mAP:0.40681][mAP_all:0.63840][best_mAP:0.40681]
2024-08-22 05:33:08.374 | INFO     | DSH:train:200 - [iter:16/50][code_length:16][zs_mAP:0.41330][zs_mAP_all:0.40033]
2024-08-22 05:33:36.684 | INFO     | DSH:train:124 - [epoch:1/3][loss:1.222110]
2024-08-22 05:34:03.562 | INFO     | DSH:train:124 - [epoch:2/3][loss:2.382719]
2024-08-22 05:34:29.770 | INFO     | DSH:train:124 - [epoch:3/3][loss:2.347986]
2024-08-22 05:34:29.770 | INFO     | DSH:train:127 - [iter:17/50][iter_time:81.40]
2024-08-22 05:41:45.663 | INFO     | DSH:train:199 - [iter:17/50][code_length:16][mAP:0.36679][mAP_all:0.60428][best_mAP:0.40681]
2024-08-22 05:41:45.663 | INFO     | DSH:train:200 - [iter:17/50][code_length:16][zs_mAP:0.41109][zs_mAP_all:0.39726]
2024-08-22 05:42:12.357 | INFO     | DSH:train:124 - [epoch:1/3][loss:1.158331]
2024-08-22 05:42:38.713 | INFO     | DSH:train:124 - [epoch:2/3][loss:2.242554]
2024-08-22 05:43:04.916 | INFO     | DSH:train:124 - [epoch:3/3][loss:2.213678]
2024-08-22 05:43:04.917 | INFO     | DSH:train:127 - [iter:18/50][iter_time:79.25]
2024-08-22 05:50:21.225 | INFO     | DSH:train:199 - [iter:18/50][code_length:16][mAP:0.39154][mAP_all:0.61735][best_mAP:0.40681]
2024-08-22 05:50:21.226 | INFO     | DSH:train:200 - [iter:18/50][code_length:16][zs_mAP:0.43704][zs_mAP_all:0.40950]
2024-08-22 05:50:48.741 | INFO     | DSH:train:124 - [epoch:1/3][loss:1.125884]
2024-08-22 05:51:14.818 | INFO     | DSH:train:124 - [epoch:2/3][loss:2.165772]
2024-08-22 05:51:41.963 | INFO     | DSH:train:124 - [epoch:3/3][loss:2.150664]
2024-08-22 05:51:41.964 | INFO     | DSH:train:127 - [iter:19/50][iter_time:80.74]
2024-08-22 05:58:57.883 | INFO     | DSH:train:199 - [iter:19/50][code_length:16][mAP:0.36253][mAP_all:0.57136][best_mAP:0.40681]
2024-08-22 05:58:57.884 | INFO     | DSH:train:200 - [iter:19/50][code_length:16][zs_mAP:0.41107][zs_mAP_all:0.39953]
2024-08-22 05:59:25.824 | INFO     | DSH:train:124 - [epoch:1/3][loss:1.140123]
2024-08-22 05:59:52.727 | INFO     | DSH:train:124 - [epoch:2/3][loss:2.227778]
2024-08-22 06:00:19.915 | INFO     | DSH:train:124 - [epoch:3/3][loss:2.187608]
2024-08-22 06:00:19.916 | INFO     | DSH:train:127 - [iter:20/50][iter_time:82.03]
2024-08-22 06:07:36.113 | INFO     | DSH:train:199 - [iter:20/50][code_length:16][mAP:0.32052][mAP_all:0.54557][best_mAP:0.40681]
2024-08-22 06:07:36.113 | INFO     | DSH:train:200 - [iter:20/50][code_length:16][zs_mAP:0.35470][zs_mAP_all:0.35759]
2024-08-22 06:08:03.908 | INFO     | DSH:train:124 - [epoch:1/3][loss:1.139939]
2024-08-22 06:08:31.822 | INFO     | DSH:train:124 - [epoch:2/3][loss:2.227043]
2024-08-22 06:09:00.216 | INFO     | DSH:train:124 - [epoch:3/3][loss:2.183656]
2024-08-22 06:09:00.217 | INFO     | DSH:train:127 - [iter:21/50][iter_time:84.10]
2024-08-22 06:16:13.616 | INFO     | DSH:train:199 - [iter:21/50][code_length:16][mAP:0.36541][mAP_all:0.58232][best_mAP:0.40681]
2024-08-22 06:16:13.617 | INFO     | DSH:train:200 - [iter:21/50][code_length:16][zs_mAP:0.37516][zs_mAP_all:0.36133]
2024-08-22 06:16:39.926 | INFO     | DSH:train:124 - [epoch:1/3][loss:1.153672]
2024-08-22 06:17:07.439 | INFO     | DSH:train:124 - [epoch:2/3][loss:2.250350]
2024-08-22 06:17:34.981 | INFO     | DSH:train:124 - [epoch:3/3][loss:2.207608]
2024-08-22 06:17:34.982 | INFO     | DSH:train:127 - [iter:22/50][iter_time:81.36]
2024-08-22 06:24:51.465 | INFO     | DSH:train:199 - [iter:22/50][code_length:16][mAP:0.34960][mAP_all:0.57277][best_mAP:0.40681]
2024-08-22 06:24:51.465 | INFO     | DSH:train:200 - [iter:22/50][code_length:16][zs_mAP:0.40384][zs_mAP_all:0.41726]
2024-08-22 06:25:17.863 | INFO     | DSH:train:124 - [epoch:1/3][loss:1.148326]
2024-08-22 06:25:44.959 | INFO     | DSH:train:124 - [epoch:2/3][loss:2.249674]
2024-08-22 06:26:11.275 | INFO     | DSH:train:124 - [epoch:3/3][loss:2.207742]
2024-08-22 06:26:11.276 | INFO     | DSH:train:127 - [iter:23/50][iter_time:79.81]
2024-08-22 06:33:26.170 | INFO     | DSH:train:199 - [iter:23/50][code_length:16][mAP:0.39895][mAP_all:0.61609][best_mAP:0.40681]
2024-08-22 06:33:26.170 | INFO     | DSH:train:200 - [iter:23/50][code_length:16][zs_mAP:0.49913][zs_mAP_all:0.48488]
2024-08-22 06:33:53.173 | INFO     | DSH:train:124 - [epoch:1/3][loss:1.156095]
2024-08-22 06:34:20.072 | INFO     | DSH:train:124 - [epoch:2/3][loss:2.245545]
2024-08-22 06:34:46.437 | INFO     | DSH:train:124 - [epoch:3/3][loss:2.205344]
2024-08-22 06:34:46.437 | INFO     | DSH:train:127 - [iter:24/50][iter_time:80.27]
2024-08-22 06:42:02.093 | INFO     | DSH:train:199 - [iter:24/50][code_length:16][mAP:0.44042][mAP_all:0.64919][best_mAP:0.44042]
2024-08-22 06:42:02.094 | INFO     | DSH:train:200 - [iter:24/50][code_length:16][zs_mAP:0.45408][zs_mAP_all:0.44965]
2024-08-22 06:42:29.135 | INFO     | DSH:train:124 - [epoch:1/3][loss:1.130391]
2024-08-22 06:42:56.503 | INFO     | DSH:train:124 - [epoch:2/3][loss:2.201303]
2024-08-22 06:43:24.320 | INFO     | DSH:train:124 - [epoch:3/3][loss:2.178471]
2024-08-22 06:43:24.321 | INFO     | DSH:train:127 - [iter:25/50][iter_time:82.23]
2024-08-22 06:50:37.718 | INFO     | DSH:train:199 - [iter:25/50][code_length:16][mAP:0.40213][mAP_all:0.60602][best_mAP:0.44042]
2024-08-22 06:50:37.719 | INFO     | DSH:train:200 - [iter:25/50][code_length:16][zs_mAP:0.41174][zs_mAP_all:0.39597]
2024-08-22 06:51:05.199 | INFO     | DSH:train:124 - [epoch:1/3][loss:1.100063]
2024-08-22 06:51:32.669 | INFO     | DSH:train:124 - [epoch:2/3][loss:2.143016]
2024-08-22 06:51:59.569 | INFO     | DSH:train:124 - [epoch:3/3][loss:2.105743]
2024-08-22 06:51:59.569 | INFO     | DSH:train:127 - [iter:26/50][iter_time:81.85]
2024-08-22 06:59:14.365 | INFO     | DSH:train:199 - [iter:26/50][code_length:16][mAP:0.37400][mAP_all:0.58645][best_mAP:0.44042]
2024-08-22 06:59:14.366 | INFO     | DSH:train:200 - [iter:26/50][code_length:16][zs_mAP:0.37335][zs_mAP_all:0.37530]
2024-08-22 06:59:40.510 | INFO     | DSH:train:124 - [epoch:1/3][loss:1.199624]
2024-08-22 07:00:07.526 | INFO     | DSH:train:124 - [epoch:2/3][loss:2.355878]
2024-08-22 07:00:35.203 | INFO     | DSH:train:124 - [epoch:3/3][loss:2.321641]
2024-08-22 07:00:35.204 | INFO     | DSH:train:127 - [iter:27/50][iter_time:80.84]
2024-08-22 07:07:53.352 | INFO     | DSH:train:199 - [iter:27/50][code_length:16][mAP:0.39493][mAP_all:0.59595][best_mAP:0.44042]
2024-08-22 07:07:53.353 | INFO     | DSH:train:200 - [iter:27/50][code_length:16][zs_mAP:0.37470][zs_mAP_all:0.35836]
2024-08-22 07:08:21.311 | INFO     | DSH:train:124 - [epoch:1/3][loss:1.174659]
2024-08-22 07:08:48.272 | INFO     | DSH:train:124 - [epoch:2/3][loss:2.292212]
2024-08-22 07:09:15.403 | INFO     | DSH:train:124 - [epoch:3/3][loss:2.273229]
2024-08-22 07:09:15.404 | INFO     | DSH:train:127 - [iter:28/50][iter_time:82.05]
2024-08-22 07:16:30.870 | INFO     | DSH:train:199 - [iter:28/50][code_length:16][mAP:0.40983][mAP_all:0.61460][best_mAP:0.44042]
2024-08-22 07:16:30.870 | INFO     | DSH:train:200 - [iter:28/50][code_length:16][zs_mAP:0.36069][zs_mAP_all:0.35902]
2024-08-22 07:16:58.192 | INFO     | DSH:train:124 - [epoch:1/3][loss:1.188180]
2024-08-22 07:17:25.911 | INFO     | DSH:train:124 - [epoch:2/3][loss:2.316242]
2024-08-22 07:17:53.883 | INFO     | DSH:train:124 - [epoch:3/3][loss:2.272091]
2024-08-22 07:17:53.884 | INFO     | DSH:train:127 - [iter:29/50][iter_time:83.01]
2024-08-22 07:25:12.229 | INFO     | DSH:train:199 - [iter:29/50][code_length:16][mAP:0.43531][mAP_all:0.64059][best_mAP:0.44042]
2024-08-22 07:25:12.230 | INFO     | DSH:train:200 - [iter:29/50][code_length:16][zs_mAP:0.40337][zs_mAP_all:0.37765]
2024-08-22 07:25:39.195 | INFO     | DSH:train:124 - [epoch:1/3][loss:1.070441]
2024-08-22 07:26:05.736 | INFO     | DSH:train:124 - [epoch:2/3][loss:2.103573]
2024-08-22 07:26:31.895 | INFO     | DSH:train:124 - [epoch:3/3][loss:2.064799]
2024-08-22 07:26:31.895 | INFO     | DSH:train:127 - [iter:30/50][iter_time:79.67]
2024-08-22 07:33:53.765 | INFO     | DSH:train:199 - [iter:30/50][code_length:16][mAP:0.42357][mAP_all:0.63887][best_mAP:0.44042]
2024-08-22 07:33:53.766 | INFO     | DSH:train:200 - [iter:30/50][code_length:16][zs_mAP:0.42887][zs_mAP_all:0.40903]
2024-08-22 07:34:20.727 | INFO     | DSH:train:124 - [epoch:1/3][loss:1.119447]
2024-08-22 07:34:47.742 | INFO     | DSH:train:124 - [epoch:2/3][loss:2.195977]
2024-08-22 07:35:14.493 | INFO     | DSH:train:124 - [epoch:3/3][loss:2.151967]
2024-08-22 07:35:14.494 | INFO     | DSH:train:127 - [iter:31/50][iter_time:80.73]
2024-08-22 07:42:30.625 | INFO     | DSH:train:199 - [iter:31/50][code_length:16][mAP:0.45890][mAP_all:0.65507][best_mAP:0.45890]
2024-08-22 07:42:30.626 | INFO     | DSH:train:200 - [iter:31/50][code_length:16][zs_mAP:0.41557][zs_mAP_all:0.39436]
2024-08-22 07:42:59.130 | INFO     | DSH:train:124 - [epoch:1/3][loss:1.116951]
2024-08-22 07:43:26.737 | INFO     | DSH:train:124 - [epoch:2/3][loss:2.182001]
2024-08-22 07:43:54.802 | INFO     | DSH:train:124 - [epoch:3/3][loss:2.129319]
2024-08-22 07:43:54.803 | INFO     | DSH:train:127 - [iter:32/50][iter_time:84.18]
2024-08-22 07:51:07.549 | INFO     | DSH:train:199 - [iter:32/50][code_length:16][mAP:0.45371][mAP_all:0.65176][best_mAP:0.45890]
2024-08-22 07:51:07.550 | INFO     | DSH:train:200 - [iter:32/50][code_length:16][zs_mAP:0.42571][zs_mAP_all:0.40585]
2024-08-22 07:51:34.113 | INFO     | DSH:train:124 - [epoch:1/3][loss:1.129718]
2024-08-22 07:52:01.588 | INFO     | DSH:train:124 - [epoch:2/3][loss:2.221428]
2024-08-22 07:52:29.093 | INFO     | DSH:train:124 - [epoch:3/3][loss:2.166421]
2024-08-22 07:52:29.093 | INFO     | DSH:train:127 - [iter:33/50][iter_time:81.54]
2024-08-22 07:59:46.573 | INFO     | DSH:train:199 - [iter:33/50][code_length:16][mAP:0.46724][mAP_all:0.65709][best_mAP:0.46724]
2024-08-22 07:59:46.573 | INFO     | DSH:train:200 - [iter:33/50][code_length:16][zs_mAP:0.43585][zs_mAP_all:0.41637]
2024-08-22 08:00:14.897 | INFO     | DSH:train:124 - [epoch:1/3][loss:1.094631]
2024-08-22 08:00:42.456 | INFO     | DSH:train:124 - [epoch:2/3][loss:2.128217]
2024-08-22 08:01:09.772 | INFO     | DSH:train:124 - [epoch:3/3][loss:2.106304]
2024-08-22 08:01:09.773 | INFO     | DSH:train:127 - [iter:34/50][iter_time:83.20]
2024-08-22 08:08:26.299 | INFO     | DSH:train:199 - [iter:34/50][code_length:16][mAP:0.41662][mAP_all:0.63765][best_mAP:0.46724]
2024-08-22 08:08:26.299 | INFO     | DSH:train:200 - [iter:34/50][code_length:16][zs_mAP:0.44266][zs_mAP_all:0.41212]
2024-08-22 08:08:53.395 | INFO     | DSH:train:124 - [epoch:1/3][loss:1.148173]
2024-08-22 08:09:20.480 | INFO     | DSH:train:124 - [epoch:2/3][loss:2.268689]
2024-08-22 08:09:47.805 | INFO     | DSH:train:124 - [epoch:3/3][loss:2.230691]
2024-08-22 08:09:47.806 | INFO     | DSH:train:127 - [iter:35/50][iter_time:81.51]
2024-08-22 08:17:05.215 | INFO     | DSH:train:199 - [iter:35/50][code_length:16][mAP:0.40809][mAP_all:0.63183][best_mAP:0.46724]
2024-08-22 08:17:05.215 | INFO     | DSH:train:200 - [iter:35/50][code_length:16][zs_mAP:0.46295][zs_mAP_all:0.42962]
2024-08-22 08:17:31.772 | INFO     | DSH:train:124 - [epoch:1/3][loss:1.118229]
2024-08-22 08:17:59.720 | INFO     | DSH:train:124 - [epoch:2/3][loss:2.190364]
2024-08-22 08:18:27.318 | INFO     | DSH:train:124 - [epoch:3/3][loss:2.158308]
2024-08-22 08:18:27.319 | INFO     | DSH:train:127 - [iter:36/50][iter_time:82.10]
2024-08-22 08:25:41.109 | INFO     | DSH:train:199 - [iter:36/50][code_length:16][mAP:0.42353][mAP_all:0.63507][best_mAP:0.46724]
2024-08-22 08:25:41.110 | INFO     | DSH:train:200 - [iter:36/50][code_length:16][zs_mAP:0.38585][zs_mAP_all:0.38947]
2024-08-22 08:26:09.332 | INFO     | DSH:train:124 - [epoch:1/3][loss:1.145977]
2024-08-22 08:26:36.336 | INFO     | DSH:train:124 - [epoch:2/3][loss:2.217599]
2024-08-22 08:27:03.620 | INFO     | DSH:train:124 - [epoch:3/3][loss:2.178203]
2024-08-22 08:27:03.622 | INFO     | DSH:train:127 - [iter:37/50][iter_time:82.51]
2024-08-22 08:34:18.619 | INFO     | DSH:train:199 - [iter:37/50][code_length:16][mAP:0.42693][mAP_all:0.63844][best_mAP:0.46724]
2024-08-22 08:34:18.620 | INFO     | DSH:train:200 - [iter:37/50][code_length:16][zs_mAP:0.37008][zs_mAP_all:0.36765]
2024-08-22 08:34:45.534 | INFO     | DSH:train:124 - [epoch:1/3][loss:1.125399]
2024-08-22 08:35:13.247 | INFO     | DSH:train:124 - [epoch:2/3][loss:2.184788]
2024-08-22 08:35:40.579 | INFO     | DSH:train:124 - [epoch:3/3][loss:2.160529]
2024-08-22 08:35:40.579 | INFO     | DSH:train:127 - [iter:38/50][iter_time:81.96]
2024-08-22 08:42:55.723 | INFO     | DSH:train:199 - [iter:38/50][code_length:16][mAP:0.42854][mAP_all:0.64749][best_mAP:0.46724]
2024-08-22 08:42:55.723 | INFO     | DSH:train:200 - [iter:38/50][code_length:16][zs_mAP:0.40596][zs_mAP_all:0.39858]
2024-08-22 08:43:23.308 | INFO     | DSH:train:124 - [epoch:1/3][loss:1.139096]
2024-08-22 08:43:50.761 | INFO     | DSH:train:124 - [epoch:2/3][loss:2.217836]
2024-08-22 08:44:17.920 | INFO     | DSH:train:124 - [epoch:3/3][loss:2.171232]
2024-08-22 08:44:17.920 | INFO     | DSH:train:127 - [iter:39/50][iter_time:82.20]
2024-08-22 08:51:34.205 | INFO     | DSH:train:199 - [iter:39/50][code_length:16][mAP:0.43465][mAP_all:0.65506][best_mAP:0.46724]
2024-08-22 08:51:34.205 | INFO     | DSH:train:200 - [iter:39/50][code_length:16][zs_mAP:0.47396][zs_mAP_all:0.47505]
2024-08-22 08:52:00.326 | INFO     | DSH:train:124 - [epoch:1/3][loss:1.116258]
2024-08-22 08:52:27.806 | INFO     | DSH:train:124 - [epoch:2/3][loss:2.156387]
2024-08-22 08:52:54.703 | INFO     | DSH:train:124 - [epoch:3/3][loss:2.105676]
2024-08-22 08:52:54.704 | INFO     | DSH:train:127 - [iter:40/50][iter_time:80.50]
2024-08-22 09:00:15.364 | INFO     | DSH:train:199 - [iter:40/50][code_length:16][mAP:0.44269][mAP_all:0.65845][best_mAP:0.46724]
2024-08-22 09:00:15.365 | INFO     | DSH:train:200 - [iter:40/50][code_length:16][zs_mAP:0.42600][zs_mAP_all:0.41455]
2024-08-22 09:00:43.149 | INFO     | DSH:train:124 - [epoch:1/3][loss:1.112103]
2024-08-22 09:01:10.582 | INFO     | DSH:train:124 - [epoch:2/3][loss:2.191097]
2024-08-22 09:01:38.435 | INFO     | DSH:train:124 - [epoch:3/3][loss:2.165246]
2024-08-22 09:01:38.436 | INFO     | DSH:train:127 - [iter:41/50][iter_time:83.07]
2024-08-22 09:08:59.684 | INFO     | DSH:train:199 - [iter:41/50][code_length:16][mAP:0.46168][mAP_all:0.67109][best_mAP:0.46724]
2024-08-22 09:08:59.684 | INFO     | DSH:train:200 - [iter:41/50][code_length:16][zs_mAP:0.42805][zs_mAP_all:0.41738]
2024-08-22 09:09:26.124 | INFO     | DSH:train:124 - [epoch:1/3][loss:1.071378]
2024-08-22 09:09:53.723 | INFO     | DSH:train:124 - [epoch:2/3][loss:2.119492]
2024-08-22 09:10:20.936 | INFO     | DSH:train:124 - [epoch:3/3][loss:2.078073]
2024-08-22 09:10:20.937 | INFO     | DSH:train:127 - [iter:42/50][iter_time:81.25]
2024-08-22 09:17:37.532 | INFO     | DSH:train:199 - [iter:42/50][code_length:16][mAP:0.46856][mAP_all:0.68090][best_mAP:0.46856]
2024-08-22 09:17:37.533 | INFO     | DSH:train:200 - [iter:42/50][code_length:16][zs_mAP:0.41668][zs_mAP_all:0.41761]
2024-08-22 09:18:03.768 | INFO     | DSH:train:124 - [epoch:1/3][loss:1.121379]
2024-08-22 09:18:32.069 | INFO     | DSH:train:124 - [epoch:2/3][loss:2.203950]
2024-08-22 09:18:58.924 | INFO     | DSH:train:124 - [epoch:3/3][loss:2.149234]
2024-08-22 09:18:58.924 | INFO     | DSH:train:127 - [iter:43/50][iter_time:81.39]
2024-08-22 09:26:25.652 | INFO     | DSH:train:199 - [iter:43/50][code_length:16][mAP:0.46808][mAP_all:0.68382][best_mAP:0.46856]
2024-08-22 09:26:25.652 | INFO     | DSH:train:200 - [iter:43/50][code_length:16][zs_mAP:0.43163][zs_mAP_all:0.42329]
2024-08-22 09:26:53.093 | INFO     | DSH:train:124 - [epoch:1/3][loss:1.078345]
2024-08-22 09:27:20.384 | INFO     | DSH:train:124 - [epoch:2/3][loss:2.130204]
2024-08-22 09:27:48.462 | INFO     | DSH:train:124 - [epoch:3/3][loss:2.115275]
2024-08-22 09:27:48.463 | INFO     | DSH:train:127 - [iter:44/50][iter_time:82.81]
2024-08-22 09:35:04.459 | INFO     | DSH:train:199 - [iter:44/50][code_length:16][mAP:0.46173][mAP_all:0.68030][best_mAP:0.46856]
2024-08-22 09:35:04.460 | INFO     | DSH:train:200 - [iter:44/50][code_length:16][zs_mAP:0.44285][zs_mAP_all:0.42946]
2024-08-22 09:35:32.321 | INFO     | DSH:train:124 - [epoch:1/3][loss:1.097207]
2024-08-22 09:35:59.812 | INFO     | DSH:train:124 - [epoch:2/3][loss:2.151533]
2024-08-22 09:36:26.476 | INFO     | DSH:train:124 - [epoch:3/3][loss:2.111005]
2024-08-22 09:36:26.477 | INFO     | DSH:train:127 - [iter:45/50][iter_time:82.02]
2024-08-22 09:43:42.424 | INFO     | DSH:train:199 - [iter:45/50][code_length:16][mAP:0.45832][mAP_all:0.68046][best_mAP:0.46856]
2024-08-22 09:43:42.425 | INFO     | DSH:train:200 - [iter:45/50][code_length:16][zs_mAP:0.43701][zs_mAP_all:0.42170]
2024-08-22 09:44:10.225 | INFO     | DSH:train:124 - [epoch:1/3][loss:1.121358]
2024-08-22 09:44:37.355 | INFO     | DSH:train:124 - [epoch:2/3][loss:2.195633]
2024-08-22 09:45:05.209 | INFO     | DSH:train:124 - [epoch:3/3][loss:2.150953]
2024-08-22 09:45:05.210 | INFO     | DSH:train:127 - [iter:46/50][iter_time:82.79]
2024-08-22 09:52:20.252 | INFO     | DSH:train:199 - [iter:46/50][code_length:16][mAP:0.46677][mAP_all:0.68390][best_mAP:0.46856]
2024-08-22 09:52:20.252 | INFO     | DSH:train:200 - [iter:46/50][code_length:16][zs_mAP:0.44118][zs_mAP_all:0.42736]
2024-08-22 09:52:48.068 | INFO     | DSH:train:124 - [epoch:1/3][loss:1.110450]
2024-08-22 09:53:15.299 | INFO     | DSH:train:124 - [epoch:2/3][loss:2.200100]
2024-08-22 09:53:42.438 | INFO     | DSH:train:124 - [epoch:3/3][loss:2.206200]
2024-08-22 09:53:42.439 | INFO     | DSH:train:127 - [iter:47/50][iter_time:82.19]
2024-08-22 10:00:58.408 | INFO     | DSH:train:199 - [iter:47/50][code_length:16][mAP:0.46825][mAP_all:0.68638][best_mAP:0.46856]
2024-08-22 10:00:58.408 | INFO     | DSH:train:200 - [iter:47/50][code_length:16][zs_mAP:0.43706][zs_mAP_all:0.42240]
2024-08-22 10:01:24.561 | INFO     | DSH:train:124 - [epoch:1/3][loss:1.077073]
2024-08-22 10:01:51.811 | INFO     | DSH:train:124 - [epoch:2/3][loss:2.122936]
2024-08-22 10:02:19.271 | INFO     | DSH:train:124 - [epoch:3/3][loss:2.112839]
2024-08-22 10:02:19.272 | INFO     | DSH:train:127 - [iter:48/50][iter_time:80.86]
2024-08-22 10:09:32.323 | INFO     | DSH:train:199 - [iter:48/50][code_length:16][mAP:0.46891][mAP_all:0.68840][best_mAP:0.46891]
2024-08-22 10:09:32.324 | INFO     | DSH:train:200 - [iter:48/50][code_length:16][zs_mAP:0.44830][zs_mAP_all:0.43664]
2024-08-22 10:10:00.004 | INFO     | DSH:train:124 - [epoch:1/3][loss:1.120107]
2024-08-22 10:10:27.163 | INFO     | DSH:train:124 - [epoch:2/3][loss:2.177090]
2024-08-22 10:10:54.192 | INFO     | DSH:train:124 - [epoch:3/3][loss:2.180237]
2024-08-22 10:10:54.193 | INFO     | DSH:train:127 - [iter:49/50][iter_time:81.87]
2024-08-22 10:18:10.146 | INFO     | DSH:train:199 - [iter:49/50][code_length:16][mAP:0.47969][mAP_all:0.69604][best_mAP:0.47969]
2024-08-22 10:18:10.148 | INFO     | DSH:train:200 - [iter:49/50][code_length:16][zs_mAP:0.45061][zs_mAP_all:0.43930]
2024-08-22 10:18:37.205 | INFO     | DSH:train:124 - [epoch:1/3][loss:1.083709]
2024-08-22 10:19:04.809 | INFO     | DSH:train:124 - [epoch:2/3][loss:2.132750]
2024-08-22 10:19:32.367 | INFO     | DSH:train:124 - [epoch:3/3][loss:2.128374]
2024-08-22 10:19:32.368 | INFO     | DSH:train:127 - [iter:50/50][iter_time:82.22]
2024-08-22 10:26:58.643 | INFO     | DSH:train:199 - [iter:50/50][code_length:16][mAP:0.48156][mAP_all:0.69299][best_mAP:0.48156]
2024-08-22 10:26:58.644 | INFO     | DSH:train:200 - [iter:50/50][code_length:16][zs_mAP:0.45121][zs_mAP_all:0.43602]
2024-08-22 10:26:58.644 | INFO     | DSH:train:203 - [Training time:25915.24]
2024-08-22 10:26:58.646 | INFO     | __main__:run:138 - [code_length:16][map:0.4816][map_all:0.6930][zs_map:0.4512][zs_map_all:0.4360]
2024-08-22 10:27:27.149 | INFO     | DSH:train:124 - [epoch:1/3][loss:7.943323]
2024-08-22 10:27:54.841 | INFO     | DSH:train:124 - [epoch:2/3][loss:7.810165]
2024-08-22 10:28:22.756 | INFO     | DSH:train:124 - [epoch:3/3][loss:5.546026]
2024-08-22 10:28:22.757 | INFO     | DSH:train:127 - [iter:1/50][iter_time:83.52]
2024-08-22 10:35:40.135 | INFO     | DSH:train:199 - [iter:1/50][code_length:32][mAP:0.31443][mAP_all:0.54129][best_mAP:0.31443]
2024-08-22 10:35:40.135 | INFO     | DSH:train:200 - [iter:1/50][code_length:32][zs_mAP:0.38999][zs_mAP_all:0.32719]
2024-08-22 10:36:06.722 | INFO     | DSH:train:124 - [epoch:1/3][loss:3.063994]
2024-08-22 10:36:33.354 | INFO     | DSH:train:124 - [epoch:2/3][loss:5.477363]
2024-08-22 10:37:00.240 | INFO     | DSH:train:124 - [epoch:3/3][loss:5.160604]
2024-08-22 10:37:00.241 | INFO     | DSH:train:127 - [iter:2/50][iter_time:80.11]
2024-08-22 10:44:17.516 | INFO     | DSH:train:199 - [iter:2/50][code_length:32][mAP:0.32273][mAP_all:0.56423][best_mAP:0.32273]
2024-08-22 10:44:17.517 | INFO     | DSH:train:200 - [iter:2/50][code_length:32][zs_mAP:0.48526][zs_mAP_all:0.44805]
2024-08-22 10:44:44.664 | INFO     | DSH:train:124 - [epoch:1/3][loss:2.806863]
2024-08-22 10:45:13.262 | INFO     | DSH:train:124 - [epoch:2/3][loss:5.177040]
2024-08-22 10:45:41.099 | INFO     | DSH:train:124 - [epoch:3/3][loss:4.913359]
2024-08-22 10:45:41.100 | INFO     | DSH:train:127 - [iter:3/50][iter_time:83.58]
2024-08-22 10:52:54.806 | INFO     | DSH:train:199 - [iter:3/50][code_length:32][mAP:0.39396][mAP_all:0.61447][best_mAP:0.39396]
2024-08-22 10:52:54.807 | INFO     | DSH:train:200 - [iter:3/50][code_length:32][zs_mAP:0.48413][zs_mAP_all:0.42444]
2024-08-22 10:53:22.920 | INFO     | DSH:train:124 - [epoch:1/3][loss:2.611750]
2024-08-22 10:53:50.241 | INFO     | DSH:train:124 - [epoch:2/3][loss:5.027296]
2024-08-22 10:54:17.515 | INFO     | DSH:train:124 - [epoch:3/3][loss:4.752636]
2024-08-22 10:54:17.516 | INFO     | DSH:train:127 - [iter:4/50][iter_time:82.71]
2024-08-22 11:01:37.899 | INFO     | DSH:train:199 - [iter:4/50][code_length:32][mAP:0.38994][mAP_all:0.59041][best_mAP:0.39396]
2024-08-22 11:01:37.900 | INFO     | DSH:train:200 - [iter:4/50][code_length:32][zs_mAP:0.41317][zs_mAP_all:0.38015]
2024-08-22 11:02:04.798 | INFO     | DSH:train:124 - [epoch:1/3][loss:2.554954]
2024-08-22 11:02:31.993 | INFO     | DSH:train:124 - [epoch:2/3][loss:4.898916]
2024-08-22 11:02:59.111 | INFO     | DSH:train:124 - [epoch:3/3][loss:4.700435]
2024-08-22 11:02:59.112 | INFO     | DSH:train:127 - [iter:5/50][iter_time:81.21]
2024-08-22 11:10:31.520 | INFO     | DSH:train:199 - [iter:5/50][code_length:32][mAP:0.40086][mAP_all:0.62988][best_mAP:0.40086]
2024-08-22 11:10:31.521 | INFO     | DSH:train:200 - [iter:5/50][code_length:32][zs_mAP:0.49367][zs_mAP_all:0.44357]
2024-08-22 11:10:59.219 | INFO     | DSH:train:124 - [epoch:1/3][loss:2.413896]
2024-08-22 11:11:26.059 | INFO     | DSH:train:124 - [epoch:2/3][loss:4.647243]
2024-08-22 11:11:52.359 | INFO     | DSH:train:124 - [epoch:3/3][loss:4.484946]
2024-08-22 11:11:52.359 | INFO     | DSH:train:127 - [iter:6/50][iter_time:80.84]
2024-08-22 11:19:15.125 | INFO     | DSH:train:199 - [iter:6/50][code_length:32][mAP:0.39360][mAP_all:0.60673][best_mAP:0.40086]
2024-08-22 11:19:15.126 | INFO     | DSH:train:200 - [iter:6/50][code_length:32][zs_mAP:0.47623][zs_mAP_all:0.46810]
2024-08-22 11:19:42.473 | INFO     | DSH:train:124 - [epoch:1/3][loss:2.351196]
2024-08-22 11:20:09.931 | INFO     | DSH:train:124 - [epoch:2/3][loss:4.576310]
2024-08-22 11:20:37.028 | INFO     | DSH:train:124 - [epoch:3/3][loss:4.451636]
2024-08-22 11:20:37.029 | INFO     | DSH:train:127 - [iter:7/50][iter_time:81.90]
2024-08-22 11:27:51.821 | INFO     | DSH:train:199 - [iter:7/50][code_length:32][mAP:0.42073][mAP_all:0.61809][best_mAP:0.42073]
2024-08-22 11:27:51.822 | INFO     | DSH:train:200 - [iter:7/50][code_length:32][zs_mAP:0.49089][zs_mAP_all:0.44354]
2024-08-22 11:28:18.300 | INFO     | DSH:train:124 - [epoch:1/3][loss:2.334217]
2024-08-22 11:28:44.998 | INFO     | DSH:train:124 - [epoch:2/3][loss:4.559297]
2024-08-22 11:29:11.198 | INFO     | DSH:train:124 - [epoch:3/3][loss:4.391306]
2024-08-22 11:29:11.199 | INFO     | DSH:train:127 - [iter:8/50][iter_time:79.38]
2024-08-22 11:36:28.233 | INFO     | DSH:train:199 - [iter:8/50][code_length:32][mAP:0.40053][mAP_all:0.62430][best_mAP:0.42073]
2024-08-22 11:36:28.234 | INFO     | DSH:train:200 - [iter:8/50][code_length:32][zs_mAP:0.43302][zs_mAP_all:0.41765]
2024-08-22 11:36:56.037 | INFO     | DSH:train:124 - [epoch:1/3][loss:2.298423]
2024-08-22 11:37:23.099 | INFO     | DSH:train:124 - [epoch:2/3][loss:4.466574]
2024-08-22 11:37:50.504 | INFO     | DSH:train:124 - [epoch:3/3][loss:4.341977]
2024-08-22 11:37:50.505 | INFO     | DSH:train:127 - [iter:9/50][iter_time:82.27]
2024-08-22 11:45:09.254 | INFO     | DSH:train:199 - [iter:9/50][code_length:32][mAP:0.42565][mAP_all:0.63298][best_mAP:0.42565]
2024-08-22 11:45:09.255 | INFO     | DSH:train:200 - [iter:9/50][code_length:32][zs_mAP:0.46165][zs_mAP_all:0.43902]
2024-08-22 11:45:37.561 | INFO     | DSH:train:124 - [epoch:1/3][loss:2.173234]
2024-08-22 11:46:05.313 | INFO     | DSH:train:124 - [epoch:2/3][loss:4.231266]
2024-08-22 11:46:33.301 | INFO     | DSH:train:124 - [epoch:3/3][loss:4.169918]
2024-08-22 11:46:33.302 | INFO     | DSH:train:127 - [iter:10/50][iter_time:84.05]
2024-08-22 11:53:55.510 | INFO     | DSH:train:199 - [iter:10/50][code_length:32][mAP:0.37401][mAP_all:0.59841][best_mAP:0.42565]
2024-08-22 11:53:55.510 | INFO     | DSH:train:200 - [iter:10/50][code_length:32][zs_mAP:0.40619][zs_mAP_all:0.40224]
2024-08-22 11:54:22.691 | INFO     | DSH:train:124 - [epoch:1/3][loss:2.321518]
2024-08-22 11:54:49.109 | INFO     | DSH:train:124 - [epoch:2/3][loss:4.506145]
2024-08-22 11:55:16.501 | INFO     | DSH:train:124 - [epoch:3/3][loss:4.482518]
2024-08-22 11:55:16.502 | INFO     | DSH:train:127 - [iter:11/50][iter_time:80.99]
2024-08-22 12:02:39.547 | INFO     | DSH:train:199 - [iter:11/50][code_length:32][mAP:0.42376][mAP_all:0.62713][best_mAP:0.42565]
2024-08-22 12:02:39.548 | INFO     | DSH:train:200 - [iter:11/50][code_length:32][zs_mAP:0.46305][zs_mAP_all:0.43198]
2024-08-22 12:03:06.272 | INFO     | DSH:train:124 - [epoch:1/3][loss:2.312488]
2024-08-22 12:03:33.962 | INFO     | DSH:train:124 - [epoch:2/3][loss:4.513352]
2024-08-22 12:04:02.030 | INFO     | DSH:train:124 - [epoch:3/3][loss:4.418464]
2024-08-22 12:04:02.030 | INFO     | DSH:train:127 - [iter:12/50][iter_time:82.48]
2024-08-22 12:11:15.855 | INFO     | DSH:train:199 - [iter:12/50][code_length:32][mAP:0.37445][mAP_all:0.58851][best_mAP:0.42565]
2024-08-22 12:11:15.856 | INFO     | DSH:train:200 - [iter:12/50][code_length:32][zs_mAP:0.41836][zs_mAP_all:0.38778]
2024-08-22 12:11:42.840 | INFO     | DSH:train:124 - [epoch:1/3][loss:2.255900]
2024-08-22 12:12:09.799 | INFO     | DSH:train:124 - [epoch:2/3][loss:4.373537]
2024-08-22 12:12:36.149 | INFO     | DSH:train:124 - [epoch:3/3][loss:4.280431]
2024-08-22 12:12:36.150 | INFO     | DSH:train:127 - [iter:13/50][iter_time:80.29]
2024-08-22 12:19:51.536 | INFO     | DSH:train:199 - [iter:13/50][code_length:32][mAP:0.39620][mAP_all:0.59620][best_mAP:0.42565]
2024-08-22 12:19:51.536 | INFO     | DSH:train:200 - [iter:13/50][code_length:32][zs_mAP:0.46986][zs_mAP_all:0.43028]
2024-08-22 12:20:19.003 | INFO     | DSH:train:124 - [epoch:1/3][loss:2.283690]
2024-08-22 12:20:47.091 | INFO     | DSH:train:124 - [epoch:2/3][loss:4.446110]
2024-08-22 12:21:14.782 | INFO     | DSH:train:124 - [epoch:3/3][loss:4.382045]
2024-08-22 12:21:14.783 | INFO     | DSH:train:127 - [iter:14/50][iter_time:83.25]
2024-08-22 12:28:34.653 | INFO     | DSH:train:199 - [iter:14/50][code_length:32][mAP:0.40454][mAP_all:0.59662][best_mAP:0.42565]
2024-08-22 12:28:34.654 | INFO     | DSH:train:200 - [iter:14/50][code_length:32][zs_mAP:0.43193][zs_mAP_all:0.40439]
2024-08-22 12:29:01.374 | INFO     | DSH:train:124 - [epoch:1/3][loss:2.270761]
2024-08-22 12:29:28.528 | INFO     | DSH:train:124 - [epoch:2/3][loss:4.446388]
2024-08-22 12:29:55.543 | INFO     | DSH:train:124 - [epoch:3/3][loss:4.353649]
2024-08-22 12:29:55.544 | INFO     | DSH:train:127 - [iter:15/50][iter_time:80.89]
2024-08-22 12:37:11.597 | INFO     | DSH:train:199 - [iter:15/50][code_length:32][mAP:0.40555][mAP_all:0.61051][best_mAP:0.42565]
2024-08-22 12:37:11.598 | INFO     | DSH:train:200 - [iter:15/50][code_length:32][zs_mAP:0.43378][zs_mAP_all:0.41615]
2024-08-22 12:37:37.730 | INFO     | DSH:train:124 - [epoch:1/3][loss:2.173439]
2024-08-22 12:38:05.345 | INFO     | DSH:train:124 - [epoch:2/3][loss:4.234611]
2024-08-22 12:38:34.122 | INFO     | DSH:train:124 - [epoch:3/3][loss:4.185588]
2024-08-22 12:38:34.122 | INFO     | DSH:train:127 - [iter:16/50][iter_time:82.52]
2024-08-22 12:45:48.993 | INFO     | DSH:train:199 - [iter:16/50][code_length:32][mAP:0.41920][mAP_all:0.61100][best_mAP:0.42565]
2024-08-22 12:45:48.994 | INFO     | DSH:train:200 - [iter:16/50][code_length:32][zs_mAP:0.46007][zs_mAP_all:0.42623]
2024-08-22 12:46:16.760 | INFO     | DSH:train:124 - [epoch:1/3][loss:2.181884]
2024-08-22 12:46:43.120 | INFO     | DSH:train:124 - [epoch:2/3][loss:4.247639]
2024-08-22 12:47:09.903 | INFO     | DSH:train:124 - [epoch:3/3][loss:4.167090]
2024-08-22 12:47:09.904 | INFO     | DSH:train:127 - [iter:17/50][iter_time:80.91]
2024-08-22 12:54:23.835 | INFO     | DSH:train:199 - [iter:17/50][code_length:32][mAP:0.41793][mAP_all:0.61017][best_mAP:0.42565]
2024-08-22 12:54:23.836 | INFO     | DSH:train:200 - [iter:17/50][code_length:32][zs_mAP:0.44053][zs_mAP_all:0.42468]
2024-08-22 12:54:51.094 | INFO     | DSH:train:124 - [epoch:1/3][loss:2.264773]
2024-08-22 12:55:17.776 | INFO     | DSH:train:124 - [epoch:2/3][loss:4.399006]
2024-08-22 12:55:44.137 | INFO     | DSH:train:124 - [epoch:3/3][loss:4.352173]
2024-08-22 12:55:44.138 | INFO     | DSH:train:127 - [iter:18/50][iter_time:80.30]
2024-08-22 13:03:03.407 | INFO     | DSH:train:199 - [iter:18/50][code_length:32][mAP:0.41441][mAP_all:0.60574][best_mAP:0.42565]
2024-08-22 13:03:03.408 | INFO     | DSH:train:200 - [iter:18/50][code_length:32][zs_mAP:0.44761][zs_mAP_all:0.42524]
2024-08-22 13:03:30.716 | INFO     | DSH:train:124 - [epoch:1/3][loss:2.214128]
2024-08-22 13:03:58.566 | INFO     | DSH:train:124 - [epoch:2/3][loss:4.401521]
2024-08-22 13:04:25.687 | INFO     | DSH:train:124 - [epoch:3/3][loss:4.357567]
2024-08-22 13:04:25.687 | INFO     | DSH:train:127 - [iter:19/50][iter_time:82.28]
2024-08-22 13:11:41.714 | INFO     | DSH:train:199 - [iter:19/50][code_length:32][mAP:0.38643][mAP_all:0.59149][best_mAP:0.42565]
2024-08-22 13:11:41.715 | INFO     | DSH:train:200 - [iter:19/50][code_length:32][zs_mAP:0.45671][zs_mAP_all:0.41791]
2024-08-22 13:12:09.227 | INFO     | DSH:train:124 - [epoch:1/3][loss:2.163959]
2024-08-22 13:12:35.824 | INFO     | DSH:train:124 - [epoch:2/3][loss:4.249618]
2024-08-22 13:13:02.078 | INFO     | DSH:train:124 - [epoch:3/3][loss:4.217928]
2024-08-22 13:13:02.078 | INFO     | DSH:train:127 - [iter:20/50][iter_time:80.36]
2024-08-22 13:20:17.252 | INFO     | DSH:train:199 - [iter:20/50][code_length:32][mAP:0.40285][mAP_all:0.60266][best_mAP:0.42565]
2024-08-22 13:20:17.253 | INFO     | DSH:train:200 - [iter:20/50][code_length:32][zs_mAP:0.42869][zs_mAP_all:0.40117]
2024-08-22 13:20:44.191 | INFO     | DSH:train:124 - [epoch:1/3][loss:2.134046]
2024-08-22 13:21:10.405 | INFO     | DSH:train:124 - [epoch:2/3][loss:4.155006]
2024-08-22 13:21:37.690 | INFO     | DSH:train:124 - [epoch:3/3][loss:4.038374]
2024-08-22 13:21:37.691 | INFO     | DSH:train:127 - [iter:21/50][iter_time:80.44]
2024-08-22 13:28:50.264 | INFO     | DSH:train:199 - [iter:21/50][code_length:32][mAP:0.39865][mAP_all:0.61001][best_mAP:0.42565]
2024-08-22 13:28:50.264 | INFO     | DSH:train:200 - [iter:21/50][code_length:32][zs_mAP:0.43309][zs_mAP_all:0.40218]
2024-08-22 13:29:17.965 | INFO     | DSH:train:124 - [epoch:1/3][loss:2.234268]
2024-08-22 13:29:45.612 | INFO     | DSH:train:124 - [epoch:2/3][loss:4.347060]
2024-08-22 13:30:13.784 | INFO     | DSH:train:124 - [epoch:3/3][loss:4.292206]
2024-08-22 13:30:13.785 | INFO     | DSH:train:127 - [iter:22/50][iter_time:83.52]
2024-08-22 13:37:37.596 | INFO     | DSH:train:199 - [iter:22/50][code_length:32][mAP:0.42132][mAP_all:0.62863][best_mAP:0.42565]
2024-08-22 13:37:37.596 | INFO     | DSH:train:200 - [iter:22/50][code_length:32][zs_mAP:0.43268][zs_mAP_all:0.42098]
2024-08-22 13:38:05.513 | INFO     | DSH:train:124 - [epoch:1/3][loss:2.176716]
2024-08-22 13:38:32.747 | INFO     | DSH:train:124 - [epoch:2/3][loss:4.213434]
2024-08-22 13:38:59.481 | INFO     | DSH:train:124 - [epoch:3/3][loss:4.139551]
2024-08-22 13:38:59.482 | INFO     | DSH:train:127 - [iter:23/50][iter_time:81.89]
2024-08-22 13:46:18.176 | INFO     | DSH:train:199 - [iter:23/50][code_length:32][mAP:0.43015][mAP_all:0.62867][best_mAP:0.43015]
2024-08-22 13:46:18.177 | INFO     | DSH:train:200 - [iter:23/50][code_length:32][zs_mAP:0.46110][zs_mAP_all:0.42934]
2024-08-22 13:46:45.069 | INFO     | DSH:train:124 - [epoch:1/3][loss:2.260364]
2024-08-22 13:47:11.942 | INFO     | DSH:train:124 - [epoch:2/3][loss:4.438340]
2024-08-22 13:47:38.617 | INFO     | DSH:train:124 - [epoch:3/3][loss:4.293538]
2024-08-22 13:47:38.617 | INFO     | DSH:train:127 - [iter:24/50][iter_time:80.44]
2024-08-22 13:54:55.332 | INFO     | DSH:train:199 - [iter:24/50][code_length:32][mAP:0.43098][mAP_all:0.63151][best_mAP:0.43098]
2024-08-22 13:54:55.333 | INFO     | DSH:train:200 - [iter:24/50][code_length:32][zs_mAP:0.48246][zs_mAP_all:0.44960]
2024-08-22 13:55:22.634 | INFO     | DSH:train:124 - [epoch:1/3][loss:2.270636]
2024-08-22 13:55:49.787 | INFO     | DSH:train:124 - [epoch:2/3][loss:4.436607]
2024-08-22 13:56:17.155 | INFO     | DSH:train:124 - [epoch:3/3][loss:4.349092]
2024-08-22 13:56:17.156 | INFO     | DSH:train:127 - [iter:25/50][iter_time:81.82]
2024-08-22 14:03:43.608 | INFO     | DSH:train:199 - [iter:25/50][code_length:32][mAP:0.41632][mAP_all:0.64792][best_mAP:0.43098]
2024-08-22 14:03:43.609 | INFO     | DSH:train:200 - [iter:25/50][code_length:32][zs_mAP:0.48072][zs_mAP_all:0.45291]
2024-08-22 14:04:12.016 | INFO     | DSH:train:124 - [epoch:1/3][loss:2.177114]
2024-08-22 14:04:39.871 | INFO     | DSH:train:124 - [epoch:2/3][loss:4.277977]
2024-08-22 14:05:08.548 | INFO     | DSH:train:124 - [epoch:3/3][loss:4.189245]
2024-08-22 14:05:08.548 | INFO     | DSH:train:127 - [iter:26/50][iter_time:84.94]
2024-08-22 14:12:54.148 | INFO     | DSH:train:199 - [iter:26/50][code_length:32][mAP:0.46890][mAP_all:0.68256][best_mAP:0.46890]
2024-08-22 14:12:54.149 | INFO     | DSH:train:200 - [iter:26/50][code_length:32][zs_mAP:0.50095][zs_mAP_all:0.49177]
2024-08-22 14:13:22.097 | INFO     | DSH:train:124 - [epoch:1/3][loss:2.179564]
2024-08-22 14:13:48.525 | INFO     | DSH:train:124 - [epoch:2/3][loss:4.282352]
2024-08-22 14:14:15.083 | INFO     | DSH:train:124 - [epoch:3/3][loss:4.213209]
2024-08-22 14:14:15.084 | INFO     | DSH:train:127 - [iter:27/50][iter_time:80.93]
2024-08-22 14:21:55.982 | INFO     | DSH:train:199 - [iter:27/50][code_length:32][mAP:0.46153][mAP_all:0.66235][best_mAP:0.46890]
2024-08-22 14:21:55.983 | INFO     | DSH:train:200 - [iter:27/50][code_length:32][zs_mAP:0.49875][zs_mAP_all:0.48159]
2024-08-22 14:22:22.778 | INFO     | DSH:train:124 - [epoch:1/3][loss:2.157307]
2024-08-22 14:22:49.416 | INFO     | DSH:train:124 - [epoch:2/3][loss:4.230231]
2024-08-22 14:23:16.384 | INFO     | DSH:train:124 - [epoch:3/3][loss:4.181980]
2024-08-22 14:23:16.385 | INFO     | DSH:train:127 - [iter:28/50][iter_time:80.40]
2024-08-22 14:30:57.332 | INFO     | DSH:train:199 - [iter:28/50][code_length:32][mAP:0.46328][mAP_all:0.66956][best_mAP:0.46890]
2024-08-22 14:30:57.333 | INFO     | DSH:train:200 - [iter:28/50][code_length:32][zs_mAP:0.50308][zs_mAP_all:0.48188]
2024-08-22 14:31:23.490 | INFO     | DSH:train:124 - [epoch:1/3][loss:2.216676]
2024-08-22 14:31:49.926 | INFO     | DSH:train:124 - [epoch:2/3][loss:4.371514]
2024-08-22 14:32:16.359 | INFO     | DSH:train:124 - [epoch:3/3][loss:4.298827]
2024-08-22 14:32:16.360 | INFO     | DSH:train:127 - [iter:29/50][iter_time:79.03]
2024-08-22 14:40:01.415 | INFO     | DSH:train:199 - [iter:29/50][code_length:32][mAP:0.44976][mAP_all:0.65402][best_mAP:0.46890]
2024-08-22 14:40:01.416 | INFO     | DSH:train:200 - [iter:29/50][code_length:32][zs_mAP:0.49210][zs_mAP_all:0.46841]
2024-08-22 14:40:29.225 | INFO     | DSH:train:124 - [epoch:1/3][loss:2.163678]
2024-08-22 14:40:56.593 | INFO     | DSH:train:124 - [epoch:2/3][loss:4.210566]
2024-08-22 14:41:22.879 | INFO     | DSH:train:124 - [epoch:3/3][loss:4.168167]
2024-08-22 14:41:22.880 | INFO     | DSH:train:127 - [iter:30/50][iter_time:81.46]
2024-08-22 14:49:05.995 | INFO     | DSH:train:199 - [iter:30/50][code_length:32][mAP:0.45444][mAP_all:0.66299][best_mAP:0.46890]
2024-08-22 14:49:05.995 | INFO     | DSH:train:200 - [iter:30/50][code_length:32][zs_mAP:0.49119][zs_mAP_all:0.45662]
2024-08-22 14:49:32.011 | INFO     | DSH:train:124 - [epoch:1/3][loss:2.158297]
2024-08-22 14:49:58.535 | INFO     | DSH:train:124 - [epoch:2/3][loss:4.238667]
2024-08-22 14:50:25.785 | INFO     | DSH:train:124 - [epoch:3/3][loss:4.133972]
2024-08-22 14:50:25.785 | INFO     | DSH:train:127 - [iter:31/50][iter_time:79.79]
2024-08-22 14:58:06.099 | INFO     | DSH:train:199 - [iter:31/50][code_length:32][mAP:0.44188][mAP_all:0.67284][best_mAP:0.46890]
2024-08-22 14:58:06.099 | INFO     | DSH:train:200 - [iter:31/50][code_length:32][zs_mAP:0.49014][zs_mAP_all:0.46918]
2024-08-22 14:58:32.917 | INFO     | DSH:train:124 - [epoch:1/3][loss:2.161499]
2024-08-22 14:59:00.489 | INFO     | DSH:train:124 - [epoch:2/3][loss:4.224308]
2024-08-22 14:59:27.680 | INFO     | DSH:train:124 - [epoch:3/3][loss:4.169603]
2024-08-22 14:59:27.680 | INFO     | DSH:train:127 - [iter:32/50][iter_time:81.58]
2024-08-22 15:07:05.150 | INFO     | DSH:train:199 - [iter:32/50][code_length:32][mAP:0.50833][mAP_all:0.71000][best_mAP:0.50833]
2024-08-22 15:07:05.151 | INFO     | DSH:train:200 - [iter:32/50][code_length:32][zs_mAP:0.54567][zs_mAP_all:0.50666]
2024-08-22 15:07:38.309 | INFO     | DSH:train:124 - [epoch:1/3][loss:2.109185]
2024-08-22 15:08:04.291 | INFO     | DSH:train:124 - [epoch:2/3][loss:4.152110]
2024-08-22 15:08:32.092 | INFO     | DSH:train:124 - [epoch:3/3][loss:4.091942]
2024-08-22 15:08:32.092 | INFO     | DSH:train:127 - [iter:33/50][iter_time:86.94]
2024-08-22 15:15:52.648 | INFO     | DSH:train:199 - [iter:33/50][code_length:32][mAP:0.50929][mAP_all:0.71006][best_mAP:0.50929]
2024-08-22 15:15:52.648 | INFO     | DSH:train:200 - [iter:33/50][code_length:32][zs_mAP:0.56616][zs_mAP_all:0.53335]
2024-08-22 15:16:21.319 | INFO     | DSH:train:124 - [epoch:1/3][loss:2.091679]
2024-08-22 15:16:50.791 | INFO     | DSH:train:124 - [epoch:2/3][loss:4.037226]
2024-08-22 15:17:20.524 | INFO     | DSH:train:124 - [epoch:3/3][loss:3.959680]
2024-08-22 15:17:20.524 | INFO     | DSH:train:127 - [iter:34/50][iter_time:87.88]
2024-08-22 15:25:03.526 | INFO     | DSH:train:199 - [iter:34/50][code_length:32][mAP:0.52397][mAP_all:0.71933][best_mAP:0.52397]
2024-08-22 15:25:03.527 | INFO     | DSH:train:200 - [iter:34/50][code_length:32][zs_mAP:0.55369][zs_mAP_all:0.51723]
2024-08-22 15:25:31.100 | INFO     | DSH:train:124 - [epoch:1/3][loss:2.042059]
2024-08-22 15:25:58.315 | INFO     | DSH:train:124 - [epoch:2/3][loss:3.979355]
2024-08-22 15:26:24.903 | INFO     | DSH:train:124 - [epoch:3/3][loss:3.928836]
2024-08-22 15:26:24.904 | INFO     | DSH:train:127 - [iter:35/50][iter_time:81.38]
2024-08-22 15:34:12.744 | INFO     | DSH:train:199 - [iter:35/50][code_length:32][mAP:0.52821][mAP_all:0.73034][best_mAP:0.52821]
2024-08-22 15:34:12.745 | INFO     | DSH:train:200 - [iter:35/50][code_length:32][zs_mAP:0.56035][zs_mAP_all:0.52143]
2024-08-22 15:34:41.275 | INFO     | DSH:train:124 - [epoch:1/3][loss:2.189372]
2024-08-22 15:35:09.731 | INFO     | DSH:train:124 - [epoch:2/3][loss:4.297672]
2024-08-22 15:35:36.435 | INFO     | DSH:train:124 - [epoch:3/3][loss:4.214876]
2024-08-22 15:35:36.436 | INFO     | DSH:train:127 - [iter:36/50][iter_time:83.69]
2024-08-22 15:43:02.489 | INFO     | DSH:train:199 - [iter:36/50][code_length:32][mAP:0.51148][mAP_all:0.71869][best_mAP:0.52821]
2024-08-22 15:43:02.490 | INFO     | DSH:train:200 - [iter:36/50][code_length:32][zs_mAP:0.54292][zs_mAP_all:0.50683]
2024-08-22 15:43:29.643 | INFO     | DSH:train:124 - [epoch:1/3][loss:2.083747]
2024-08-22 15:43:55.641 | INFO     | DSH:train:124 - [epoch:2/3][loss:4.056588]
2024-08-22 15:44:20.673 | INFO     | DSH:train:124 - [epoch:3/3][loss:3.963311]
2024-08-22 15:44:20.673 | INFO     | DSH:train:127 - [iter:37/50][iter_time:78.18]
2024-08-22 15:51:21.126 | INFO     | DSH:train:199 - [iter:37/50][code_length:32][mAP:0.51934][mAP_all:0.72877][best_mAP:0.52821]
2024-08-22 15:51:21.127 | INFO     | DSH:train:200 - [iter:37/50][code_length:32][zs_mAP:0.52931][zs_mAP_all:0.49834]
2024-08-22 15:51:46.189 | INFO     | DSH:train:124 - [epoch:1/3][loss:2.171889]
2024-08-22 15:52:11.063 | INFO     | DSH:train:124 - [epoch:2/3][loss:4.240375]
2024-08-22 15:52:37.147 | INFO     | DSH:train:124 - [epoch:3/3][loss:4.175045]
2024-08-22 15:52:37.148 | INFO     | DSH:train:127 - [iter:38/50][iter_time:76.02]
2024-08-22 15:59:36.888 | INFO     | DSH:train:199 - [iter:38/50][code_length:32][mAP:0.54970][mAP_all:0.73727][best_mAP:0.54970]
2024-08-22 15:59:36.889 | INFO     | DSH:train:200 - [iter:38/50][code_length:32][zs_mAP:0.52379][zs_mAP_all:0.49709]
2024-08-22 16:00:03.062 | INFO     | DSH:train:124 - [epoch:1/3][loss:2.244055]
2024-08-22 16:00:28.389 | INFO     | DSH:train:124 - [epoch:2/3][loss:4.363882]
2024-08-22 16:00:53.525 | INFO     | DSH:train:124 - [epoch:3/3][loss:4.278265]
2024-08-22 16:00:53.526 | INFO     | DSH:train:127 - [iter:39/50][iter_time:76.64]
2024-08-22 16:08:02.739 | INFO     | DSH:train:199 - [iter:39/50][code_length:32][mAP:0.53537][mAP_all:0.73358][best_mAP:0.54970]
2024-08-22 16:08:02.740 | INFO     | DSH:train:200 - [iter:39/50][code_length:32][zs_mAP:0.52496][zs_mAP_all:0.51088]
2024-08-22 16:08:29.956 | INFO     | DSH:train:124 - [epoch:1/3][loss:2.180760]
2024-08-22 16:08:56.112 | INFO     | DSH:train:124 - [epoch:2/3][loss:4.256378]
2024-08-22 16:09:22.278 | INFO     | DSH:train:124 - [epoch:3/3][loss:4.198668]
2024-08-22 16:09:22.279 | INFO     | DSH:train:127 - [iter:40/50][iter_time:79.54]
2024-08-22 16:16:20.837 | INFO     | DSH:train:199 - [iter:40/50][code_length:32][mAP:0.55081][mAP_all:0.73757][best_mAP:0.55081]
2024-08-22 16:16:20.838 | INFO     | DSH:train:200 - [iter:40/50][code_length:32][zs_mAP:0.56940][zs_mAP_all:0.54976]
2024-08-22 16:16:45.856 | INFO     | DSH:train:124 - [epoch:1/3][loss:2.092844]
2024-08-22 16:17:10.834 | INFO     | DSH:train:124 - [epoch:2/3][loss:4.094202]
2024-08-22 16:17:35.898 | INFO     | DSH:train:124 - [epoch:3/3][loss:4.039336]
2024-08-22 16:17:35.899 | INFO     | DSH:train:127 - [iter:41/50][iter_time:75.06]
2024-08-22 16:24:31.644 | INFO     | DSH:train:199 - [iter:41/50][code_length:32][mAP:0.53804][mAP_all:0.73877][best_mAP:0.55081]
2024-08-22 16:24:31.644 | INFO     | DSH:train:200 - [iter:41/50][code_length:32][zs_mAP:0.51671][zs_mAP_all:0.51246]
2024-08-22 16:24:58.734 | INFO     | DSH:train:124 - [epoch:1/3][loss:2.295231]
2024-08-22 16:25:24.811 | INFO     | DSH:train:124 - [epoch:2/3][loss:4.450348]
2024-08-22 16:25:51.250 | INFO     | DSH:train:124 - [epoch:3/3][loss:4.403534]
2024-08-22 16:25:51.250 | INFO     | DSH:train:127 - [iter:42/50][iter_time:79.61]
2024-08-22 16:33:09.431 | INFO     | DSH:train:199 - [iter:42/50][code_length:32][mAP:0.54080][mAP_all:0.72986][best_mAP:0.55081]
2024-08-22 16:33:09.432 | INFO     | DSH:train:200 - [iter:42/50][code_length:32][zs_mAP:0.54597][zs_mAP_all:0.53136]
2024-08-22 16:33:35.555 | INFO     | DSH:train:124 - [epoch:1/3][loss:2.136676]
2024-08-22 16:34:04.472 | INFO     | DSH:train:124 - [epoch:2/3][loss:4.181017]
2024-08-22 16:34:33.573 | INFO     | DSH:train:124 - [epoch:3/3][loss:4.133753]
2024-08-22 16:34:33.574 | INFO     | DSH:train:127 - [iter:43/50][iter_time:84.14]
2024-08-22 16:42:05.006 | INFO     | DSH:train:199 - [iter:43/50][code_length:32][mAP:0.51980][mAP_all:0.71195][best_mAP:0.55081]
2024-08-22 16:42:05.007 | INFO     | DSH:train:200 - [iter:43/50][code_length:32][zs_mAP:0.50851][zs_mAP_all:0.49647]
2024-08-22 16:42:30.929 | INFO     | DSH:train:124 - [epoch:1/3][loss:2.106715]
2024-08-22 16:42:55.963 | INFO     | DSH:train:124 - [epoch:2/3][loss:4.128106]
2024-08-22 16:43:22.375 | INFO     | DSH:train:124 - [epoch:3/3][loss:4.088700]
2024-08-22 16:43:22.376 | INFO     | DSH:train:127 - [iter:44/50][iter_time:77.37]
2024-08-22 16:51:20.053 | INFO     | DSH:train:199 - [iter:44/50][code_length:32][mAP:0.49417][mAP_all:0.70082][best_mAP:0.55081]
2024-08-22 16:51:20.054 | INFO     | DSH:train:200 - [iter:44/50][code_length:32][zs_mAP:0.49940][zs_mAP_all:0.49289]
2024-08-22 16:51:49.517 | INFO     | DSH:train:124 - [epoch:1/3][loss:2.023095]
2024-08-22 16:52:22.309 | INFO     | DSH:train:124 - [epoch:2/3][loss:3.954233]
2024-08-22 16:52:56.264 | INFO     | DSH:train:124 - [epoch:3/3][loss:3.882452]
2024-08-22 16:52:56.265 | INFO     | DSH:train:127 - [iter:45/50][iter_time:96.21]
2024-08-22 17:00:44.532 | INFO     | DSH:train:199 - [iter:45/50][code_length:32][mAP:0.53513][mAP_all:0.72508][best_mAP:0.55081]
2024-08-22 17:00:44.532 | INFO     | DSH:train:200 - [iter:45/50][code_length:32][zs_mAP:0.52404][zs_mAP_all:0.50520]
2024-08-22 17:01:18.095 | INFO     | DSH:train:124 - [epoch:1/3][loss:2.095175]
2024-08-22 17:01:52.085 | INFO     | DSH:train:124 - [epoch:2/3][loss:4.085718]
2024-08-22 17:02:28.284 | INFO     | DSH:train:124 - [epoch:3/3][loss:4.082507]
2024-08-22 17:02:28.285 | INFO     | DSH:train:127 - [iter:46/50][iter_time:103.75]
2024-08-22 17:10:23.045 | INFO     | DSH:train:199 - [iter:46/50][code_length:32][mAP:0.53548][mAP_all:0.72837][best_mAP:0.55081]
2024-08-22 17:10:23.046 | INFO     | DSH:train:200 - [iter:46/50][code_length:32][zs_mAP:0.53115][zs_mAP_all:0.51404]
2024-08-22 17:10:57.680 | INFO     | DSH:train:124 - [epoch:1/3][loss:2.008220]
2024-08-22 17:11:29.707 | INFO     | DSH:train:124 - [epoch:2/3][loss:3.975172]
2024-08-22 17:12:00.449 | INFO     | DSH:train:124 - [epoch:3/3][loss:3.941413]
2024-08-22 17:12:00.449 | INFO     | DSH:train:127 - [iter:47/50][iter_time:97.40]
2024-08-22 17:20:02.868 | INFO     | DSH:train:199 - [iter:47/50][code_length:32][mAP:0.53927][mAP_all:0.73185][best_mAP:0.55081]
2024-08-22 17:20:02.869 | INFO     | DSH:train:200 - [iter:47/50][code_length:32][zs_mAP:0.53430][zs_mAP_all:0.51287]
2024-08-22 17:20:32.480 | INFO     | DSH:train:124 - [epoch:1/3][loss:2.026036]
2024-08-22 17:21:06.862 | INFO     | DSH:train:124 - [epoch:2/3][loss:4.005934]
2024-08-22 17:21:42.939 | INFO     | DSH:train:124 - [epoch:3/3][loss:3.966682]
2024-08-22 17:21:42.940 | INFO     | DSH:train:127 - [iter:48/50][iter_time:100.07]
2024-08-22 17:29:35.301 | INFO     | DSH:train:199 - [iter:48/50][code_length:32][mAP:0.54242][mAP_all:0.73302][best_mAP:0.55081]
2024-08-22 17:29:35.302 | INFO     | DSH:train:200 - [iter:48/50][code_length:32][zs_mAP:0.53932][zs_mAP_all:0.51815]
2024-08-22 17:30:10.828 | INFO     | DSH:train:124 - [epoch:1/3][loss:2.057726]
2024-08-22 17:30:42.915 | INFO     | DSH:train:124 - [epoch:2/3][loss:4.056762]
2024-08-22 17:31:16.427 | INFO     | DSH:train:124 - [epoch:3/3][loss:4.034393]
2024-08-22 17:31:16.428 | INFO     | DSH:train:127 - [iter:49/50][iter_time:101.13]
2024-08-22 17:39:15.452 | INFO     | DSH:train:199 - [iter:49/50][code_length:32][mAP:0.54735][mAP_all:0.73746][best_mAP:0.55081]
2024-08-22 17:39:15.453 | INFO     | DSH:train:200 - [iter:49/50][code_length:32][zs_mAP:0.55201][zs_mAP_all:0.52940]
2024-08-22 17:39:49.106 | INFO     | DSH:train:124 - [epoch:1/3][loss:1.977185]
2024-08-22 17:40:23.701 | INFO     | DSH:train:124 - [epoch:2/3][loss:3.870141]
2024-08-22 17:40:57.607 | INFO     | DSH:train:124 - [epoch:3/3][loss:3.894849]
2024-08-22 17:40:57.608 | INFO     | DSH:train:127 - [iter:50/50][iter_time:102.16]
2024-08-22 17:49:20.636 | INFO     | DSH:train:199 - [iter:50/50][code_length:32][mAP:0.54920][mAP_all:0.73801][best_mAP:0.55081]
2024-08-22 17:49:20.637 | INFO     | DSH:train:200 - [iter:50/50][code_length:32][zs_mAP:0.56166][zs_mAP_all:0.54005]
2024-08-22 17:49:20.638 | INFO     | DSH:train:203 - [Training time:26541.40]
2024-08-22 17:49:20.641 | INFO     | __main__:run:138 - [code_length:32][map:0.5508][map_all:0.7376][zs_map:0.5694][zs_map_all:0.5498]
2024-08-22 17:49:57.293 | INFO     | DSH:train:124 - [epoch:1/3][loss:15.022938]
2024-08-22 17:50:33.693 | INFO     | DSH:train:124 - [epoch:2/3][loss:15.210094]
2024-08-22 17:51:09.712 | INFO     | DSH:train:124 - [epoch:3/3][loss:11.508126]
2024-08-22 17:51:09.712 | INFO     | DSH:train:127 - [iter:1/50][iter_time:108.32]
2024-08-22 17:59:55.261 | INFO     | DSH:train:199 - [iter:1/50][code_length:64][mAP:0.29229][mAP_all:0.53270][best_mAP:0.29229]
2024-08-22 17:59:55.262 | INFO     | DSH:train:200 - [iter:1/50][code_length:64][zs_mAP:0.36095][zs_mAP_all:0.32623]
2024-08-22 18:00:30.038 | INFO     | DSH:train:124 - [epoch:1/3][loss:6.450160]
2024-08-22 18:01:01.819 | INFO     | DSH:train:124 - [epoch:2/3][loss:11.411119]
2024-08-22 18:01:31.980 | INFO     | DSH:train:124 - [epoch:3/3][loss:10.625126]
2024-08-22 18:01:31.981 | INFO     | DSH:train:127 - [iter:2/50][iter_time:96.72]
2024-08-22 18:10:22.766 | INFO     | DSH:train:199 - [iter:2/50][code_length:64][mAP:0.35972][mAP_all:0.60222][best_mAP:0.35972]
2024-08-22 18:10:22.767 | INFO     | DSH:train:200 - [iter:2/50][code_length:64][zs_mAP:0.46209][zs_mAP_all:0.39759]
2024-08-22 18:10:59.072 | INFO     | DSH:train:124 - [epoch:1/3][loss:5.731937]
2024-08-22 18:11:35.578 | INFO     | DSH:train:124 - [epoch:2/3][loss:10.664277]
2024-08-22 18:12:11.923 | INFO     | DSH:train:124 - [epoch:3/3][loss:10.129472]
2024-08-22 18:12:11.924 | INFO     | DSH:train:127 - [iter:3/50][iter_time:109.16]
2024-08-22 18:20:53.958 | INFO     | DSH:train:199 - [iter:3/50][code_length:64][mAP:0.36525][mAP_all:0.60105][best_mAP:0.36525]
2024-08-22 18:20:53.960 | INFO     | DSH:train:200 - [iter:3/50][code_length:64][zs_mAP:0.42231][zs_mAP_all:0.39678]
2024-08-22 18:21:30.045 | INFO     | DSH:train:124 - [epoch:1/3][loss:5.318667]
2024-08-22 18:22:05.806 | INFO     | DSH:train:124 - [epoch:2/3][loss:10.146278]
2024-08-22 18:22:40.946 | INFO     | DSH:train:124 - [epoch:3/3][loss:9.738223]
2024-08-22 18:22:40.948 | INFO     | DSH:train:127 - [iter:4/50][iter_time:106.99]
2024-08-22 18:31:34.097 | INFO     | DSH:train:199 - [iter:4/50][code_length:64][mAP:0.38518][mAP_all:0.60917][best_mAP:0.38518]
2024-08-22 18:31:34.098 | INFO     | DSH:train:200 - [iter:4/50][code_length:64][zs_mAP:0.42519][zs_mAP_all:0.40020]
2024-08-22 18:32:10.547 | INFO     | DSH:train:124 - [epoch:1/3][loss:5.230294]
2024-08-22 18:32:46.770 | INFO     | DSH:train:124 - [epoch:2/3][loss:9.931814]
2024-08-22 18:33:23.508 | INFO     | DSH:train:124 - [epoch:3/3][loss:9.660323]
2024-08-22 18:33:23.509 | INFO     | DSH:train:127 - [iter:5/50][iter_time:109.41]
2024-08-22 18:42:05.198 | INFO     | DSH:train:199 - [iter:5/50][code_length:64][mAP:0.41304][mAP_all:0.64027][best_mAP:0.41304]
2024-08-22 18:42:05.200 | INFO     | DSH:train:200 - [iter:5/50][code_length:64][zs_mAP:0.48012][zs_mAP_all:0.45783]
2024-08-22 18:42:37.810 | INFO     | DSH:train:124 - [epoch:1/3][loss:5.052938]
2024-08-22 18:43:11.319 | INFO     | DSH:train:124 - [epoch:2/3][loss:9.888482]
2024-08-22 18:43:43.092 | INFO     | DSH:train:124 - [epoch:3/3][loss:9.574021]
2024-08-22 18:43:43.093 | INFO     | DSH:train:127 - [iter:6/50][iter_time:97.89]
2024-08-22 18:52:13.542 | INFO     | DSH:train:199 - [iter:6/50][code_length:64][mAP:0.42489][mAP_all:0.65727][best_mAP:0.42489]
2024-08-22 18:52:13.544 | INFO     | DSH:train:200 - [iter:6/50][code_length:64][zs_mAP:0.50755][zs_mAP_all:0.47790]
2024-08-22 18:52:49.092 | INFO     | DSH:train:124 - [epoch:1/3][loss:4.833376]
2024-08-22 18:53:25.699 | INFO     | DSH:train:124 - [epoch:2/3][loss:9.243591]
2024-08-22 18:53:56.144 | INFO     | DSH:train:124 - [epoch:3/3][loss:9.022925]
2024-08-22 18:53:56.144 | INFO     | DSH:train:127 - [iter:7/50][iter_time:102.60]
2024-08-22 19:02:30.252 | INFO     | DSH:train:199 - [iter:7/50][code_length:64][mAP:0.42830][mAP_all:0.65567][best_mAP:0.42830]
2024-08-22 19:02:30.253 | INFO     | DSH:train:200 - [iter:7/50][code_length:64][zs_mAP:0.50416][zs_mAP_all:0.49388]
2024-08-22 19:03:02.860 | INFO     | DSH:train:124 - [epoch:1/3][loss:4.627269]
2024-08-22 19:03:36.268 | INFO     | DSH:train:124 - [epoch:2/3][loss:8.862298]
2024-08-22 19:04:12.558 | INFO     | DSH:train:124 - [epoch:3/3][loss:8.572658]
2024-08-22 19:04:12.559 | INFO     | DSH:train:127 - [iter:8/50][iter_time:102.31]
2024-08-22 19:12:43.958 | INFO     | DSH:train:199 - [iter:8/50][code_length:64][mAP:0.43971][mAP_all:0.66783][best_mAP:0.43971]
2024-08-22 19:12:43.960 | INFO     | DSH:train:200 - [iter:8/50][code_length:64][zs_mAP:0.52822][zs_mAP_all:0.48183]
2024-08-22 19:13:19.615 | INFO     | DSH:train:124 - [epoch:1/3][loss:4.611157]
2024-08-22 19:13:51.515 | INFO     | DSH:train:124 - [epoch:2/3][loss:8.919820]
2024-08-22 19:14:23.693 | INFO     | DSH:train:124 - [epoch:3/3][loss:8.770670]
2024-08-22 19:14:23.694 | INFO     | DSH:train:127 - [iter:9/50][iter_time:99.73]
2024-08-22 19:22:51.804 | INFO     | DSH:train:199 - [iter:9/50][code_length:64][mAP:0.45107][mAP_all:0.66966][best_mAP:0.45107]
2024-08-22 19:22:51.806 | INFO     | DSH:train:200 - [iter:9/50][code_length:64][zs_mAP:0.50565][zs_mAP_all:0.47215]
2024-08-22 19:23:24.640 | INFO     | DSH:train:124 - [epoch:1/3][loss:4.789160]
2024-08-22 19:24:00.215 | INFO     | DSH:train:124 - [epoch:2/3][loss:9.299627]
2024-08-22 19:24:35.466 | INFO     | DSH:train:124 - [epoch:3/3][loss:9.212673]
2024-08-22 19:24:35.467 | INFO     | DSH:train:127 - [iter:10/50][iter_time:103.66]
2024-08-22 19:33:20.526 | INFO     | DSH:train:199 - [iter:10/50][code_length:64][mAP:0.44677][mAP_all:0.66484][best_mAP:0.45107]
2024-08-22 19:33:20.527 | INFO     | DSH:train:200 - [iter:10/50][code_length:64][zs_mAP:0.47349][zs_mAP_all:0.43872]
2024-08-22 19:33:53.268 | INFO     | DSH:train:124 - [epoch:1/3][loss:4.513926]
2024-08-22 19:34:26.255 | INFO     | DSH:train:124 - [epoch:2/3][loss:8.739622]
2024-08-22 19:35:01.078 | INFO     | DSH:train:124 - [epoch:3/3][loss:8.575188]
2024-08-22 19:35:01.078 | INFO     | DSH:train:127 - [iter:11/50][iter_time:100.55]
2024-08-22 19:43:27.300 | INFO     | DSH:train:199 - [iter:11/50][code_length:64][mAP:0.43469][mAP_all:0.64542][best_mAP:0.45107]
2024-08-22 19:43:27.301 | INFO     | DSH:train:200 - [iter:11/50][code_length:64][zs_mAP:0.47501][zs_mAP_all:0.44814]
2024-08-22 19:44:04.342 | INFO     | DSH:train:124 - [epoch:1/3][loss:4.515236]
2024-08-22 19:44:39.269 | INFO     | DSH:train:124 - [epoch:2/3][loss:8.704146]
2024-08-22 19:45:15.670 | INFO     | DSH:train:124 - [epoch:3/3][loss:8.649145]
2024-08-22 19:45:15.671 | INFO     | DSH:train:127 - [iter:12/50][iter_time:108.37]
2024-08-22 19:54:05.044 | INFO     | DSH:train:199 - [iter:12/50][code_length:64][mAP:0.42584][mAP_all:0.64817][best_mAP:0.45107]
2024-08-22 19:54:05.044 | INFO     | DSH:train:200 - [iter:12/50][code_length:64][zs_mAP:0.45858][zs_mAP_all:0.42773]
2024-08-22 19:54:41.412 | INFO     | DSH:train:124 - [epoch:1/3][loss:4.743611]
2024-08-22 19:55:17.382 | INFO     | DSH:train:124 - [epoch:2/3][loss:9.168849]
2024-08-22 19:55:52.844 | INFO     | DSH:train:124 - [epoch:3/3][loss:8.940903]
2024-08-22 19:55:52.845 | INFO     | DSH:train:127 - [iter:13/50][iter_time:107.80]
2024-08-22 20:04:39.158 | INFO     | DSH:train:199 - [iter:13/50][code_length:64][mAP:0.44200][mAP_all:0.66933][best_mAP:0.45107]
2024-08-22 20:04:39.159 | INFO     | DSH:train:200 - [iter:13/50][code_length:64][zs_mAP:0.45439][zs_mAP_all:0.44252]
2024-08-22 20:05:15.725 | INFO     | DSH:train:124 - [epoch:1/3][loss:4.362390]
2024-08-22 20:05:52.379 | INFO     | DSH:train:124 - [epoch:2/3][loss:8.489700]
2024-08-22 20:06:27.193 | INFO     | DSH:train:124 - [epoch:3/3][loss:8.386436]
2024-08-22 20:06:27.194 | INFO     | DSH:train:127 - [iter:14/50][iter_time:108.03]
2024-08-22 20:15:23.419 | INFO     | DSH:train:199 - [iter:14/50][code_length:64][mAP:0.47027][mAP_all:0.69592][best_mAP:0.47027]
2024-08-22 20:15:23.420 | INFO     | DSH:train:200 - [iter:14/50][code_length:64][zs_mAP:0.49902][zs_mAP_all:0.49869]
2024-08-22 20:15:57.222 | INFO     | DSH:train:124 - [epoch:1/3][loss:4.265145]
2024-08-22 20:16:31.857 | INFO     | DSH:train:124 - [epoch:2/3][loss:8.319721]
2024-08-22 20:17:08.625 | INFO     | DSH:train:124 - [epoch:3/3][loss:8.207431]
2024-08-22 20:17:08.626 | INFO     | DSH:train:127 - [iter:15/50][iter_time:105.21]
2024-08-22 20:26:00.771 | INFO     | DSH:train:199 - [iter:15/50][code_length:64][mAP:0.45437][mAP_all:0.67575][best_mAP:0.47027]
2024-08-22 20:26:00.772 | INFO     | DSH:train:200 - [iter:15/50][code_length:64][zs_mAP:0.46119][zs_mAP_all:0.45742]
2024-08-22 20:26:35.259 | INFO     | DSH:train:124 - [epoch:1/3][loss:4.607696]
2024-08-22 20:27:09.433 | INFO     | DSH:train:124 - [epoch:2/3][loss:8.932060]
2024-08-22 20:27:43.764 | INFO     | DSH:train:124 - [epoch:3/3][loss:8.869708]
2024-08-22 20:27:43.765 | INFO     | DSH:train:127 - [iter:16/50][iter_time:102.99]
2024-08-22 20:36:13.503 | INFO     | DSH:train:199 - [iter:16/50][code_length:64][mAP:0.48329][mAP_all:0.70444][best_mAP:0.48329]
2024-08-22 20:36:13.504 | INFO     | DSH:train:200 - [iter:16/50][code_length:64][zs_mAP:0.47194][zs_mAP_all:0.46782]
2024-08-22 20:36:49.698 | INFO     | DSH:train:124 - [epoch:1/3][loss:4.413631]
2024-08-22 20:37:25.759 | INFO     | DSH:train:124 - [epoch:2/3][loss:8.625985]
2024-08-22 20:38:00.819 | INFO     | DSH:train:124 - [epoch:3/3][loss:8.502962]
2024-08-22 20:38:00.820 | INFO     | DSH:train:127 - [iter:17/50][iter_time:107.32]
2024-08-22 20:46:33.836 | INFO     | DSH:train:199 - [iter:17/50][code_length:64][mAP:0.46585][mAP_all:0.68082][best_mAP:0.48329]
2024-08-22 20:46:33.836 | INFO     | DSH:train:200 - [iter:17/50][code_length:64][zs_mAP:0.45212][zs_mAP_all:0.45018]
2024-08-22 20:47:07.294 | INFO     | DSH:train:124 - [epoch:1/3][loss:4.844434]
2024-08-22 20:47:41.514 | INFO     | DSH:train:124 - [epoch:2/3][loss:9.356508]
2024-08-22 20:48:16.512 | INFO     | DSH:train:124 - [epoch:3/3][loss:9.231007]
2024-08-22 20:48:16.512 | INFO     | DSH:train:127 - [iter:18/50][iter_time:102.68]
2024-08-22 20:56:46.798 | INFO     | DSH:train:199 - [iter:18/50][code_length:64][mAP:0.49659][mAP_all:0.69865][best_mAP:0.49659]
2024-08-22 20:56:46.799 | INFO     | DSH:train:200 - [iter:18/50][code_length:64][zs_mAP:0.46158][zs_mAP_all:0.44598]
2024-08-22 20:57:23.010 | INFO     | DSH:train:124 - [epoch:1/3][loss:4.645874]
2024-08-22 20:57:57.301 | INFO     | DSH:train:124 - [epoch:2/3][loss:8.974133]
2024-08-22 20:58:29.597 | INFO     | DSH:train:124 - [epoch:3/3][loss:8.856958]
2024-08-22 20:58:29.598 | INFO     | DSH:train:127 - [iter:19/50][iter_time:102.80]
2024-08-22 21:06:49.464 | INFO     | DSH:train:199 - [iter:19/50][code_length:64][mAP:0.49312][mAP_all:0.69893][best_mAP:0.49659]
2024-08-22 21:06:49.465 | INFO     | DSH:train:200 - [iter:19/50][code_length:64][zs_mAP:0.50452][zs_mAP_all:0.48863]
2024-08-22 21:07:22.192 | INFO     | DSH:train:124 - [epoch:1/3][loss:4.431489]
2024-08-22 21:07:58.747 | INFO     | DSH:train:124 - [epoch:2/3][loss:8.592420]
2024-08-22 21:08:32.229 | INFO     | DSH:train:124 - [epoch:3/3][loss:8.452539]
2024-08-22 21:08:32.230 | INFO     | DSH:train:127 - [iter:20/50][iter_time:102.77]
2024-08-22 21:17:19.440 | INFO     | DSH:train:199 - [iter:20/50][code_length:64][mAP:0.46915][mAP_all:0.67521][best_mAP:0.49659]
2024-08-22 21:17:19.441 | INFO     | DSH:train:200 - [iter:20/50][code_length:64][zs_mAP:0.48857][zs_mAP_all:0.45898]
2024-08-22 21:17:49.956 | INFO     | DSH:train:124 - [epoch:1/3][loss:4.450888]
2024-08-22 21:18:18.032 | INFO     | DSH:train:124 - [epoch:2/3][loss:8.658343]
2024-08-22 21:18:47.234 | INFO     | DSH:train:124 - [epoch:3/3][loss:8.612190]
2024-08-22 21:18:47.235 | INFO     | DSH:train:127 - [iter:21/50][iter_time:87.79]
2024-08-22 21:27:27.391 | INFO     | DSH:train:199 - [iter:21/50][code_length:64][mAP:0.48346][mAP_all:0.69288][best_mAP:0.49659]
2024-08-22 21:27:27.391 | INFO     | DSH:train:200 - [iter:21/50][code_length:64][zs_mAP:0.48748][zs_mAP_all:0.46327]
2024-08-22 21:28:02.518 | INFO     | DSH:train:124 - [epoch:1/3][loss:4.334572]
2024-08-22 21:28:37.354 | INFO     | DSH:train:124 - [epoch:2/3][loss:8.399955]
2024-08-22 21:29:12.656 | INFO     | DSH:train:124 - [epoch:3/3][loss:8.348710]
2024-08-22 21:29:12.656 | INFO     | DSH:train:127 - [iter:22/50][iter_time:105.27]
2024-08-22 21:37:50.838 | INFO     | DSH:train:199 - [iter:22/50][code_length:64][mAP:0.48900][mAP_all:0.69335][best_mAP:0.49659]
2024-08-22 21:37:50.839 | INFO     | DSH:train:200 - [iter:22/50][code_length:64][zs_mAP:0.50246][zs_mAP_all:0.49082]
2024-08-22 21:38:26.025 | INFO     | DSH:train:124 - [epoch:1/3][loss:4.390764]
2024-08-22 21:39:00.954 | INFO     | DSH:train:124 - [epoch:2/3][loss:8.718406]
2024-08-22 21:39:34.731 | INFO     | DSH:train:124 - [epoch:3/3][loss:8.559987]
2024-08-22 21:39:34.732 | INFO     | DSH:train:127 - [iter:23/50][iter_time:103.89]
2024-08-22 21:48:10.515 | INFO     | DSH:train:199 - [iter:23/50][code_length:64][mAP:0.48966][mAP_all:0.69393][best_mAP:0.49659]
2024-08-22 21:48:10.516 | INFO     | DSH:train:200 - [iter:23/50][code_length:64][zs_mAP:0.49592][zs_mAP_all:0.47689]
2024-08-22 21:48:43.097 | INFO     | DSH:train:124 - [epoch:1/3][loss:4.381449]
2024-08-22 21:49:15.331 | INFO     | DSH:train:124 - [epoch:2/3][loss:8.552823]
2024-08-22 21:49:50.287 | INFO     | DSH:train:124 - [epoch:3/3][loss:8.334989]
2024-08-22 21:49:50.288 | INFO     | DSH:train:127 - [iter:24/50][iter_time:99.77]
2024-08-22 21:58:22.734 | INFO     | DSH:train:199 - [iter:24/50][code_length:64][mAP:0.48839][mAP_all:0.68586][best_mAP:0.49659]
2024-08-22 21:58:22.735 | INFO     | DSH:train:200 - [iter:24/50][code_length:64][zs_mAP:0.47057][zs_mAP_all:0.45710]
2024-08-22 21:58:57.766 | INFO     | DSH:train:124 - [epoch:1/3][loss:4.390633]
2024-08-22 21:59:33.265 | INFO     | DSH:train:124 - [epoch:2/3][loss:8.568510]
2024-08-22 22:00:06.699 | INFO     | DSH:train:124 - [epoch:3/3][loss:8.428536]
2024-08-22 22:00:06.700 | INFO     | DSH:train:127 - [iter:25/50][iter_time:103.96]
2024-08-22 22:08:37.076 | INFO     | DSH:train:199 - [iter:25/50][code_length:64][mAP:0.49320][mAP_all:0.68551][best_mAP:0.49659]
2024-08-22 22:08:37.077 | INFO     | DSH:train:200 - [iter:25/50][code_length:64][zs_mAP:0.47693][zs_mAP_all:0.47528]
2024-08-22 22:09:12.228 | INFO     | DSH:train:124 - [epoch:1/3][loss:4.341278]
2024-08-22 22:09:47.368 | INFO     | DSH:train:124 - [epoch:2/3][loss:8.441309]
2024-08-22 22:10:17.963 | INFO     | DSH:train:124 - [epoch:3/3][loss:8.371023]
2024-08-22 22:10:17.964 | INFO     | DSH:train:127 - [iter:26/50][iter_time:100.89]
2024-08-22 22:18:41.347 | INFO     | DSH:train:199 - [iter:26/50][code_length:64][mAP:0.51934][mAP_all:0.71245][best_mAP:0.51934]
2024-08-22 22:18:41.348 | INFO     | DSH:train:200 - [iter:26/50][code_length:64][zs_mAP:0.51152][zs_mAP_all:0.50921]
2024-08-22 22:19:12.982 | INFO     | DSH:train:124 - [epoch:1/3][loss:4.274331]
2024-08-22 22:19:43.052 | INFO     | DSH:train:124 - [epoch:2/3][loss:8.410311]
2024-08-22 22:20:17.216 | INFO     | DSH:train:124 - [epoch:3/3][loss:8.251004]
2024-08-22 22:20:17.217 | INFO     | DSH:train:127 - [iter:27/50][iter_time:95.87]
2024-08-22 22:28:37.299 | INFO     | DSH:train:199 - [iter:27/50][code_length:64][mAP:0.49852][mAP_all:0.69868][best_mAP:0.51934]
2024-08-22 22:28:37.300 | INFO     | DSH:train:200 - [iter:27/50][code_length:64][zs_mAP:0.51228][zs_mAP_all:0.51182]
2024-08-22 22:29:11.847 | INFO     | DSH:train:124 - [epoch:1/3][loss:4.396072]
2024-08-22 22:29:46.948 | INFO     | DSH:train:124 - [epoch:2/3][loss:8.640899]
2024-08-22 22:30:17.664 | INFO     | DSH:train:124 - [epoch:3/3][loss:8.495517]
2024-08-22 22:30:17.665 | INFO     | DSH:train:127 - [iter:28/50][iter_time:100.36]
2024-08-22 22:38:45.226 | INFO     | DSH:train:199 - [iter:28/50][code_length:64][mAP:0.47684][mAP_all:0.67105][best_mAP:0.51934]
2024-08-22 22:38:45.226 | INFO     | DSH:train:200 - [iter:28/50][code_length:64][zs_mAP:0.49295][zs_mAP_all:0.47717]
2024-08-22 22:39:17.312 | INFO     | DSH:train:124 - [epoch:1/3][loss:4.309915]
2024-08-22 22:39:49.534 | INFO     | DSH:train:124 - [epoch:2/3][loss:8.388092]
2024-08-22 22:40:24.489 | INFO     | DSH:train:124 - [epoch:3/3][loss:8.190296]
2024-08-22 22:40:24.490 | INFO     | DSH:train:127 - [iter:29/50][iter_time:99.26]
2024-08-22 22:48:42.455 | INFO     | DSH:train:199 - [iter:29/50][code_length:64][mAP:0.49496][mAP_all:0.68166][best_mAP:0.51934]
2024-08-22 22:48:42.456 | INFO     | DSH:train:200 - [iter:29/50][code_length:64][zs_mAP:0.47182][zs_mAP_all:0.46028]
2024-08-22 22:49:10.771 | INFO     | DSH:train:124 - [epoch:1/3][loss:4.302075]
2024-08-22 22:49:39.894 | INFO     | DSH:train:124 - [epoch:2/3][loss:8.402753]
2024-08-22 22:50:14.538 | INFO     | DSH:train:124 - [epoch:3/3][loss:8.245185]
2024-08-22 22:50:14.539 | INFO     | DSH:train:127 - [iter:30/50][iter_time:92.08]
2024-08-22 22:58:50.957 | INFO     | DSH:train:199 - [iter:30/50][code_length:64][mAP:0.48137][mAP_all:0.67827][best_mAP:0.51934]
2024-08-22 22:58:50.957 | INFO     | DSH:train:200 - [iter:30/50][code_length:64][zs_mAP:0.47422][zs_mAP_all:0.47581]
2024-08-22 22:59:26.121 | INFO     | DSH:train:124 - [epoch:1/3][loss:4.286711]
2024-08-22 23:00:01.146 | INFO     | DSH:train:124 - [epoch:2/3][loss:8.438423]
2024-08-22 23:00:36.273 | INFO     | DSH:train:124 - [epoch:3/3][loss:8.263765]
2024-08-22 23:00:36.274 | INFO     | DSH:train:127 - [iter:31/50][iter_time:105.32]
2024-08-22 23:09:14.557 | INFO     | DSH:train:199 - [iter:31/50][code_length:64][mAP:0.49906][mAP_all:0.67014][best_mAP:0.51934]
2024-08-22 23:09:14.558 | INFO     | DSH:train:200 - [iter:31/50][code_length:64][zs_mAP:0.45400][zs_mAP_all:0.45269]
2024-08-22 23:09:49.365 | INFO     | DSH:train:124 - [epoch:1/3][loss:4.252677]
2024-08-22 23:10:23.315 | INFO     | DSH:train:124 - [epoch:2/3][loss:8.338510]
2024-08-22 23:10:57.524 | INFO     | DSH:train:124 - [epoch:3/3][loss:8.160698]
2024-08-22 23:10:57.525 | INFO     | DSH:train:127 - [iter:32/50][iter_time:102.97]
2024-08-22 23:19:34.301 | INFO     | DSH:train:199 - [iter:32/50][code_length:64][mAP:0.51191][mAP_all:0.69466][best_mAP:0.51934]
2024-08-22 23:19:34.302 | INFO     | DSH:train:200 - [iter:32/50][code_length:64][zs_mAP:0.48054][zs_mAP_all:0.46782]
2024-08-22 23:20:09.779 | INFO     | DSH:train:124 - [epoch:1/3][loss:4.553225]
2024-08-22 23:20:42.847 | INFO     | DSH:train:124 - [epoch:2/3][loss:8.953359]
2024-08-22 23:21:15.304 | INFO     | DSH:train:124 - [epoch:3/3][loss:8.829166]
2024-08-22 23:21:15.306 | INFO     | DSH:train:127 - [iter:33/50][iter_time:101.00]
2024-08-22 23:29:45.908 | INFO     | DSH:train:199 - [iter:33/50][code_length:64][mAP:0.51071][mAP_all:0.69449][best_mAP:0.51934]
2024-08-22 23:29:45.909 | INFO     | DSH:train:200 - [iter:33/50][code_length:64][zs_mAP:0.46017][zs_mAP_all:0.45964]
2024-08-22 23:30:16.020 | INFO     | DSH:train:124 - [epoch:1/3][loss:4.362844]
2024-08-22 23:30:51.398 | INFO     | DSH:train:124 - [epoch:2/3][loss:8.410358]
2024-08-22 23:31:26.802 | INFO     | DSH:train:124 - [epoch:3/3][loss:8.230530]
2024-08-22 23:31:26.803 | INFO     | DSH:train:127 - [iter:34/50][iter_time:100.89]
2024-08-22 23:40:00.963 | INFO     | DSH:train:199 - [iter:34/50][code_length:64][mAP:0.50171][mAP_all:0.68868][best_mAP:0.51934]
2024-08-22 23:40:00.964 | INFO     | DSH:train:200 - [iter:34/50][code_length:64][zs_mAP:0.44871][zs_mAP_all:0.45062]
2024-08-22 23:40:36.509 | INFO     | DSH:train:124 - [epoch:1/3][loss:4.261689]
2024-08-22 23:41:11.613 | INFO     | DSH:train:124 - [epoch:2/3][loss:8.287107]
2024-08-22 23:41:45.330 | INFO     | DSH:train:124 - [epoch:3/3][loss:8.237197]
2024-08-22 23:41:45.330 | INFO     | DSH:train:127 - [iter:35/50][iter_time:104.37]
2024-08-22 23:50:18.288 | INFO     | DSH:train:199 - [iter:35/50][code_length:64][mAP:0.48368][mAP_all:0.68593][best_mAP:0.51934]
2024-08-22 23:50:18.289 | INFO     | DSH:train:200 - [iter:35/50][code_length:64][zs_mAP:0.45780][zs_mAP_all:0.45401]
2024-08-22 23:50:51.512 | INFO     | DSH:train:124 - [epoch:1/3][loss:4.296569]
2024-08-22 23:51:23.441 | INFO     | DSH:train:124 - [epoch:2/3][loss:8.442343]
2024-08-22 23:51:55.266 | INFO     | DSH:train:124 - [epoch:3/3][loss:8.322637]
2024-08-22 23:51:55.268 | INFO     | DSH:train:127 - [iter:36/50][iter_time:96.98]
2024-08-23 00:00:24.089 | INFO     | DSH:train:199 - [iter:36/50][code_length:64][mAP:0.49207][mAP_all:0.68496][best_mAP:0.51934]
2024-08-23 00:00:24.090 | INFO     | DSH:train:200 - [iter:36/50][code_length:64][zs_mAP:0.45764][zs_mAP_all:0.45105]
2024-08-23 00:00:58.509 | INFO     | DSH:train:124 - [epoch:1/3][loss:4.400210]
2024-08-23 00:01:31.481 | INFO     | DSH:train:124 - [epoch:2/3][loss:8.602733]
2024-08-23 00:02:05.684 | INFO     | DSH:train:124 - [epoch:3/3][loss:8.539365]
2024-08-23 00:02:05.685 | INFO     | DSH:train:127 - [iter:37/50][iter_time:101.59]
2024-08-23 00:10:34.589 | INFO     | DSH:train:199 - [iter:37/50][code_length:64][mAP:0.49424][mAP_all:0.69305][best_mAP:0.51934]
2024-08-23 00:10:34.589 | INFO     | DSH:train:200 - [iter:37/50][code_length:64][zs_mAP:0.47285][zs_mAP_all:0.47372]
2024-08-23 00:11:07.183 | INFO     | DSH:train:124 - [epoch:1/3][loss:4.357899]
2024-08-23 00:11:39.416 | INFO     | DSH:train:124 - [epoch:2/3][loss:8.605137]
2024-08-23 00:12:11.447 | INFO     | DSH:train:124 - [epoch:3/3][loss:8.539664]
2024-08-23 00:12:11.447 | INFO     | DSH:train:127 - [iter:38/50][iter_time:96.86]
2024-08-23 00:20:35.942 | INFO     | DSH:train:199 - [iter:38/50][code_length:64][mAP:0.47890][mAP_all:0.68339][best_mAP:0.51934]
2024-08-23 00:20:35.943 | INFO     | DSH:train:200 - [iter:38/50][code_length:64][zs_mAP:0.45335][zs_mAP_all:0.43674]
2024-08-23 00:21:08.370 | INFO     | DSH:train:124 - [epoch:1/3][loss:4.248787]
2024-08-23 00:21:43.390 | INFO     | DSH:train:124 - [epoch:2/3][loss:8.304141]
2024-08-23 00:22:17.834 | INFO     | DSH:train:124 - [epoch:3/3][loss:8.138230]
2024-08-23 00:22:17.835 | INFO     | DSH:train:127 - [iter:39/50][iter_time:101.89]
2024-08-23 00:30:43.792 | INFO     | DSH:train:199 - [iter:39/50][code_length:64][mAP:0.49541][mAP_all:0.69760][best_mAP:0.51934]
2024-08-23 00:30:43.792 | INFO     | DSH:train:200 - [iter:39/50][code_length:64][zs_mAP:0.47050][zs_mAP_all:0.46428]
2024-08-23 00:31:19.268 | INFO     | DSH:train:124 - [epoch:1/3][loss:4.157271]
2024-08-23 00:31:55.010 | INFO     | DSH:train:124 - [epoch:2/3][loss:8.095960]
2024-08-23 00:32:28.280 | INFO     | DSH:train:124 - [epoch:3/3][loss:7.999325]
2024-08-23 00:32:28.281 | INFO     | DSH:train:127 - [iter:40/50][iter_time:104.49]
2024-08-23 00:41:02.460 | INFO     | DSH:train:199 - [iter:40/50][code_length:64][mAP:0.51612][mAP_all:0.71071][best_mAP:0.51934]
2024-08-23 00:41:02.461 | INFO     | DSH:train:200 - [iter:40/50][code_length:64][zs_mAP:0.47702][zs_mAP_all:0.47615]
2024-08-23 00:41:38.234 | INFO     | DSH:train:124 - [epoch:1/3][loss:4.290471]
2024-08-23 00:42:11.951 | INFO     | DSH:train:124 - [epoch:2/3][loss:8.454535]
2024-08-23 00:42:48.376 | INFO     | DSH:train:124 - [epoch:3/3][loss:8.288918]
2024-08-23 00:42:48.377 | INFO     | DSH:train:127 - [iter:41/50][iter_time:105.92]
2024-08-23 00:51:24.271 | INFO     | DSH:train:199 - [iter:41/50][code_length:64][mAP:0.50214][mAP_all:0.71078][best_mAP:0.51934]
2024-08-23 00:51:24.272 | INFO     | DSH:train:200 - [iter:41/50][code_length:64][zs_mAP:0.47061][zs_mAP_all:0.46463]
2024-08-23 00:51:55.619 | INFO     | DSH:train:124 - [epoch:1/3][loss:4.414573]
2024-08-23 00:52:21.356 | INFO     | DSH:train:124 - [epoch:2/3][loss:8.645665]
2024-08-23 00:52:47.460 | INFO     | DSH:train:124 - [epoch:3/3][loss:8.552142]
2024-08-23 00:52:47.460 | INFO     | DSH:train:127 - [iter:42/50][iter_time:83.19]
2024-08-23 01:01:21.293 | INFO     | DSH:train:199 - [iter:42/50][code_length:64][mAP:0.50736][mAP_all:0.70419][best_mAP:0.51934]
2024-08-23 01:01:21.293 | INFO     | DSH:train:200 - [iter:42/50][code_length:64][zs_mAP:0.48132][zs_mAP_all:0.46931]
2024-08-23 01:01:56.759 | INFO     | DSH:train:124 - [epoch:1/3][loss:4.286474]
2024-08-23 01:02:32.235 | INFO     | DSH:train:124 - [epoch:2/3][loss:8.409228]
2024-08-23 01:03:07.300 | INFO     | DSH:train:124 - [epoch:3/3][loss:8.211568]
2024-08-23 01:03:07.301 | INFO     | DSH:train:127 - [iter:43/50][iter_time:106.01]
2024-08-23 01:11:43.686 | INFO     | DSH:train:199 - [iter:43/50][code_length:64][mAP:0.48761][mAP_all:0.68441][best_mAP:0.51934]
2024-08-23 01:11:43.687 | INFO     | DSH:train:200 - [iter:43/50][code_length:64][zs_mAP:0.47035][zs_mAP_all:0.46576]
2024-08-23 01:12:18.577 | INFO     | DSH:train:124 - [epoch:1/3][loss:4.053684]
2024-08-23 01:12:54.267 | INFO     | DSH:train:124 - [epoch:2/3][loss:7.897227]
2024-08-23 01:13:29.728 | INFO     | DSH:train:124 - [epoch:3/3][loss:7.898317]
2024-08-23 01:13:29.729 | INFO     | DSH:train:127 - [iter:44/50][iter_time:106.04]
2024-08-23 01:22:04.174 | INFO     | DSH:train:199 - [iter:44/50][code_length:64][mAP:0.49588][mAP_all:0.69007][best_mAP:0.51934]
2024-08-23 01:22:04.175 | INFO     | DSH:train:200 - [iter:44/50][code_length:64][zs_mAP:0.44370][zs_mAP_all:0.46483]
2024-08-23 01:22:39.438 | INFO     | DSH:train:124 - [epoch:1/3][loss:4.239458]
2024-08-23 01:23:14.531 | INFO     | DSH:train:124 - [epoch:2/3][loss:8.251948]
2024-08-23 01:23:49.822 | INFO     | DSH:train:124 - [epoch:3/3][loss:8.104392]
2024-08-23 01:23:49.823 | INFO     | DSH:train:127 - [iter:45/50][iter_time:105.65]
2024-08-23 01:32:17.832 | INFO     | DSH:train:199 - [iter:45/50][code_length:64][mAP:0.49753][mAP_all:0.70234][best_mAP:0.51934]
2024-08-23 01:32:17.833 | INFO     | DSH:train:200 - [iter:45/50][code_length:64][zs_mAP:0.46077][zs_mAP_all:0.45270]
2024-08-23 01:32:48.167 | INFO     | DSH:train:124 - [epoch:1/3][loss:4.176541]
2024-08-23 01:33:16.384 | INFO     | DSH:train:124 - [epoch:2/3][loss:8.176368]
2024-08-23 01:33:45.792 | INFO     | DSH:train:124 - [epoch:3/3][loss:8.078032]
2024-08-23 01:33:45.793 | INFO     | DSH:train:127 - [iter:46/50][iter_time:87.96]
2024-08-23 01:42:10.222 | INFO     | DSH:train:199 - [iter:46/50][code_length:64][mAP:0.50818][mAP_all:0.70433][best_mAP:0.51934]
2024-08-23 01:42:10.223 | INFO     | DSH:train:200 - [iter:46/50][code_length:64][zs_mAP:0.44694][zs_mAP_all:0.44874]
2024-08-23 01:42:44.082 | INFO     | DSH:train:124 - [epoch:1/3][loss:4.133024]
2024-08-23 01:43:19.761 | INFO     | DSH:train:124 - [epoch:2/3][loss:8.131644]
2024-08-23 01:43:54.603 | INFO     | DSH:train:124 - [epoch:3/3][loss:8.071357]
2024-08-23 01:43:54.604 | INFO     | DSH:train:127 - [iter:47/50][iter_time:104.38]
2024-08-23 01:52:14.483 | INFO     | DSH:train:199 - [iter:47/50][code_length:64][mAP:0.51334][mAP_all:0.70665][best_mAP:0.51934]
2024-08-23 01:52:14.483 | INFO     | DSH:train:200 - [iter:47/50][code_length:64][zs_mAP:0.45499][zs_mAP_all:0.45616]
2024-08-23 01:52:46.360 | INFO     | DSH:train:124 - [epoch:1/3][loss:4.032193]
2024-08-23 01:53:13.279 | INFO     | DSH:train:124 - [epoch:2/3][loss:8.004522]
2024-08-23 01:53:40.231 | INFO     | DSH:train:124 - [epoch:3/3][loss:8.004193]
2024-08-23 01:53:40.232 | INFO     | DSH:train:127 - [iter:48/50][iter_time:85.75]
2024-08-23 02:01:54.513 | INFO     | DSH:train:199 - [iter:48/50][code_length:64][mAP:0.50855][mAP_all:0.70660][best_mAP:0.51934]
2024-08-23 02:01:54.513 | INFO     | DSH:train:200 - [iter:48/50][code_length:64][zs_mAP:0.45436][zs_mAP_all:0.45538]
2024-08-23 02:02:26.596 | INFO     | DSH:train:124 - [epoch:1/3][loss:4.254913]
2024-08-23 02:03:01.690 | INFO     | DSH:train:124 - [epoch:2/3][loss:8.304130]
2024-08-23 02:03:34.787 | INFO     | DSH:train:124 - [epoch:3/3][loss:8.280571]
2024-08-23 02:03:34.788 | INFO     | DSH:train:127 - [iter:49/50][iter_time:100.27]
2024-08-23 02:11:56.808 | INFO     | DSH:train:199 - [iter:49/50][code_length:64][mAP:0.52257][mAP_all:0.71623][best_mAP:0.52257]
2024-08-23 02:11:56.809 | INFO     | DSH:train:200 - [iter:49/50][code_length:64][zs_mAP:0.45844][zs_mAP_all:0.46202]
2024-08-23 02:12:29.655 | INFO     | DSH:train:124 - [epoch:1/3][loss:4.130014]
2024-08-23 02:13:02.285 | INFO     | DSH:train:124 - [epoch:2/3][loss:8.132473]
2024-08-23 02:13:32.442 | INFO     | DSH:train:124 - [epoch:3/3][loss:8.151629]
2024-08-23 02:13:32.443 | INFO     | DSH:train:127 - [iter:50/50][iter_time:95.63]
2024-08-23 02:21:57.781 | INFO     | DSH:train:199 - [iter:50/50][code_length:64][mAP:0.52329][mAP_all:0.71226][best_mAP:0.52329]
2024-08-23 02:21:57.782 | INFO     | DSH:train:200 - [iter:50/50][code_length:64][zs_mAP:0.45808][zs_mAP_all:0.45483]
2024-08-23 02:21:57.782 | INFO     | DSH:train:203 - [Training time:30756.38]
2024-08-23 02:21:57.784 | INFO     | __main__:run:138 - [code_length:64][map:0.5233][map_all:0.7123][zs_map:0.4581][zs_map_all:0.4548]
