2023-11-11 13:01:46.927 | SUCCESS  | __main__:run:50 - Namespace(align_step=50, arch='dsh', batch_size=16, cauchy_gamma=20.0, code_length=[16, 32, 64], dataset='cifar100zs', device=device(type='cuda', index=0), epoch_change=11, gamma=200, gpu=0, info='cifar100zs-25-75-dsh-11-11-16,32,64', lambd=0.1, lambd_ch=0.1, lambd_sp=0.1, lr=0.001, lr_step=[45], margin=0.1, max_epoch=3, max_iter=50, momen=0.9, nesterov=False, net='ResNet50', num_classes=75, num_query=1000, num_samples=2000, num_workers=2, num_zs=25, optim='SGD', pretrain=True, quan_loss=False, root='/home/xsl/datasets/cifar-100-python', save_ckpt='checkpoints/', topk=1000, val_freq=1, wd=0.0001)
2023-11-11 13:02:12.958 | INFO     | DSH:train:125 - [epoch:1/3][loss:2.017516]
2023-11-11 13:02:26.477 | INFO     | DSH:train:125 - [epoch:2/3][loss:1.689186]
2023-11-11 13:02:40.186 | INFO     | DSH:train:125 - [epoch:3/3][loss:1.073420]
2023-11-11 13:02:40.186 | INFO     | DSH:train:129 - [iter:1/50][iter_time:40.88]
2023-11-11 13:04:48.043 | INFO     | DSH:train:200 - [iter:1/50][code_length:16][mAP:0.02300][mAP_all:0.02299][best_mAP:0.02300]
2023-11-11 13:04:48.043 | INFO     | DSH:train:201 - [iter:1/50][code_length:16][zs_mAP:0.05785][zs_mAP_all:0.00012]
2023-11-11 13:05:02.123 | INFO     | DSH:train:125 - [epoch:1/3][loss:0.562256]
2023-11-11 13:05:16.484 | INFO     | DSH:train:125 - [epoch:2/3][loss:0.815483]
2023-11-11 13:05:30.813 | INFO     | DSH:train:125 - [epoch:3/3][loss:0.745688]
2023-11-11 13:05:30.814 | INFO     | DSH:train:129 - [iter:2/50][iter_time:42.77]
2023-11-11 13:07:39.651 | INFO     | DSH:train:200 - [iter:2/50][code_length:16][mAP:0.03944][mAP_all:0.03944][best_mAP:0.03944]
2023-11-11 13:07:39.651 | INFO     | DSH:train:201 - [iter:2/50][code_length:16][zs_mAP:0.10152][zs_mAP_all:0.00545]
2023-11-11 13:07:53.603 | INFO     | DSH:train:125 - [epoch:1/3][loss:0.434036]
2023-11-11 13:08:08.061 | INFO     | DSH:train:125 - [epoch:2/3][loss:0.700576]
2023-11-11 13:08:22.423 | INFO     | DSH:train:125 - [epoch:3/3][loss:0.642516]
2023-11-11 13:08:22.423 | INFO     | DSH:train:129 - [iter:3/50][iter_time:42.77]
2023-11-11 13:10:32.913 | INFO     | DSH:train:200 - [iter:3/50][code_length:16][mAP:0.03586][mAP_all:0.03590][best_mAP:0.03944]
2023-11-11 13:10:32.914 | INFO     | DSH:train:201 - [iter:3/50][code_length:16][zs_mAP:0.08836][zs_mAP_all:0.00489]
2023-11-11 13:10:47.302 | INFO     | DSH:train:125 - [epoch:1/3][loss:0.381093]
2023-11-11 13:11:01.852 | INFO     | DSH:train:125 - [epoch:2/3][loss:0.644964]
2023-11-11 13:11:16.311 | INFO     | DSH:train:125 - [epoch:3/3][loss:0.606801]
2023-11-11 13:11:16.311 | INFO     | DSH:train:129 - [iter:4/50][iter_time:43.40]
2023-11-11 13:13:26.339 | INFO     | DSH:train:200 - [iter:4/50][code_length:16][mAP:0.04760][mAP_all:0.04727][best_mAP:0.04760]
2023-11-11 13:13:26.340 | INFO     | DSH:train:201 - [iter:4/50][code_length:16][zs_mAP:0.11748][zs_mAP_all:0.01020]
2023-11-11 13:13:40.418 | INFO     | DSH:train:125 - [epoch:1/3][loss:0.349775]
2023-11-11 13:13:54.958 | INFO     | DSH:train:125 - [epoch:2/3][loss:0.590198]
2023-11-11 13:14:09.506 | INFO     | DSH:train:125 - [epoch:3/3][loss:0.563751]
2023-11-11 13:14:09.506 | INFO     | DSH:train:129 - [iter:5/50][iter_time:43.17]
2023-11-11 13:16:20.822 | INFO     | DSH:train:200 - [iter:5/50][code_length:16][mAP:0.05298][mAP_all:0.05184][best_mAP:0.05298]
2023-11-11 13:16:20.822 | INFO     | DSH:train:201 - [iter:5/50][code_length:16][zs_mAP:0.13194][zs_mAP_all:0.01709]
2023-11-11 13:16:34.962 | INFO     | DSH:train:125 - [epoch:1/3][loss:0.312586]
2023-11-11 13:16:49.544 | INFO     | DSH:train:125 - [epoch:2/3][loss:0.550342]
2023-11-11 13:17:04.343 | INFO     | DSH:train:125 - [epoch:3/3][loss:0.537462]
2023-11-11 13:17:04.344 | INFO     | DSH:train:129 - [iter:6/50][iter_time:43.52]
2023-11-11 13:19:17.166 | INFO     | DSH:train:200 - [iter:6/50][code_length:16][mAP:0.06064][mAP_all:0.05860][best_mAP:0.06064]
2023-11-11 13:19:17.167 | INFO     | DSH:train:201 - [iter:6/50][code_length:16][zs_mAP:0.13431][zs_mAP_all:0.02496]
2023-11-11 13:19:31.396 | INFO     | DSH:train:125 - [epoch:1/3][loss:0.294125]
2023-11-11 13:19:45.892 | INFO     | DSH:train:125 - [epoch:2/3][loss:0.528677]
2023-11-11 13:20:00.574 | INFO     | DSH:train:125 - [epoch:3/3][loss:0.511976]
2023-11-11 13:20:00.574 | INFO     | DSH:train:129 - [iter:7/50][iter_time:43.41]
2023-11-11 13:22:12.001 | INFO     | DSH:train:200 - [iter:7/50][code_length:16][mAP:0.05763][mAP_all:0.05604][best_mAP:0.06064]
2023-11-11 13:22:12.002 | INFO     | DSH:train:201 - [iter:7/50][code_length:16][zs_mAP:0.13439][zs_mAP_all:0.01884]
2023-11-11 13:22:26.497 | INFO     | DSH:train:125 - [epoch:1/3][loss:0.287365]
2023-11-11 13:22:41.113 | INFO     | DSH:train:125 - [epoch:2/3][loss:0.518271]
2023-11-11 13:22:55.691 | INFO     | DSH:train:125 - [epoch:3/3][loss:0.500968]
2023-11-11 13:22:55.691 | INFO     | DSH:train:129 - [iter:8/50][iter_time:43.69]
2023-11-11 13:25:08.305 | INFO     | DSH:train:200 - [iter:8/50][code_length:16][mAP:0.06938][mAP_all:0.06666][best_mAP:0.06938]
2023-11-11 13:25:08.305 | INFO     | DSH:train:201 - [iter:8/50][code_length:16][zs_mAP:0.16237][zs_mAP_all:0.02756]
2023-11-11 13:25:22.702 | INFO     | DSH:train:125 - [epoch:1/3][loss:0.278016]
2023-11-11 13:25:37.340 | INFO     | DSH:train:125 - [epoch:2/3][loss:0.502537]
2023-11-11 13:25:52.155 | INFO     | DSH:train:125 - [epoch:3/3][loss:0.488249]
2023-11-11 13:25:52.156 | INFO     | DSH:train:129 - [iter:9/50][iter_time:43.85]
2023-11-11 13:28:04.376 | INFO     | DSH:train:200 - [iter:9/50][code_length:16][mAP:0.06762][mAP_all:0.06581][best_mAP:0.06938]
2023-11-11 13:28:04.376 | INFO     | DSH:train:201 - [iter:9/50][code_length:16][zs_mAP:0.14679][zs_mAP_all:0.02411]
2023-11-11 13:28:18.565 | INFO     | DSH:train:125 - [epoch:1/3][loss:0.272808]
2023-11-11 13:28:33.468 | INFO     | DSH:train:125 - [epoch:2/3][loss:0.494680]
2023-11-11 13:28:48.355 | INFO     | DSH:train:125 - [epoch:3/3][loss:0.481827]
2023-11-11 13:28:48.356 | INFO     | DSH:train:129 - [iter:10/50][iter_time:43.98]
2023-11-11 13:31:00.462 | INFO     | DSH:train:200 - [iter:10/50][code_length:16][mAP:0.07427][mAP_all:0.07174][best_mAP:0.07427]
2023-11-11 13:31:00.462 | INFO     | DSH:train:201 - [iter:10/50][code_length:16][zs_mAP:0.15684][zs_mAP_all:0.02950]
2023-11-11 13:31:14.781 | INFO     | DSH:train:125 - [epoch:1/3][loss:0.264219]
2023-11-11 13:31:29.505 | INFO     | DSH:train:125 - [epoch:2/3][loss:0.476199]
2023-11-11 13:31:44.271 | INFO     | DSH:train:125 - [epoch:3/3][loss:0.463806]
2023-11-11 13:31:44.271 | INFO     | DSH:train:129 - [iter:11/50][iter_time:43.81]
2023-11-11 13:33:57.398 | INFO     | DSH:train:200 - [iter:11/50][code_length:16][mAP:0.07646][mAP_all:0.07341][best_mAP:0.07646]
2023-11-11 13:33:57.398 | INFO     | DSH:train:201 - [iter:11/50][code_length:16][zs_mAP:0.15998][zs_mAP_all:0.03241]
2023-11-11 13:34:11.720 | INFO     | DSH:train:125 - [epoch:1/3][loss:0.256571]
2023-11-11 13:34:26.691 | INFO     | DSH:train:125 - [epoch:2/3][loss:0.462814]
2023-11-11 13:34:42.244 | INFO     | DSH:train:125 - [epoch:3/3][loss:0.453423]
2023-11-11 13:34:42.245 | INFO     | DSH:train:129 - [iter:12/50][iter_time:44.85]
2023-11-11 13:36:54.116 | INFO     | DSH:train:200 - [iter:12/50][code_length:16][mAP:0.09018][mAP_all:0.08524][best_mAP:0.09018]
2023-11-11 13:36:54.116 | INFO     | DSH:train:201 - [iter:12/50][code_length:16][zs_mAP:0.16969][zs_mAP_all:0.03919]
2023-11-11 13:37:08.404 | INFO     | DSH:train:125 - [epoch:1/3][loss:0.249541]
2023-11-11 13:37:22.944 | INFO     | DSH:train:125 - [epoch:2/3][loss:0.451716]
2023-11-11 13:37:37.636 | INFO     | DSH:train:125 - [epoch:3/3][loss:0.447299]
2023-11-11 13:37:37.637 | INFO     | DSH:train:129 - [iter:13/50][iter_time:43.52]
2023-11-11 13:39:50.185 | INFO     | DSH:train:200 - [iter:13/50][code_length:16][mAP:0.07381][mAP_all:0.07172][best_mAP:0.09018]
2023-11-11 13:39:50.186 | INFO     | DSH:train:201 - [iter:13/50][code_length:16][zs_mAP:0.15486][zs_mAP_all:0.03071]
2023-11-11 13:40:04.446 | INFO     | DSH:train:125 - [epoch:1/3][loss:0.244142]
2023-11-11 13:40:19.157 | INFO     | DSH:train:125 - [epoch:2/3][loss:0.447873]
2023-11-11 13:40:34.365 | INFO     | DSH:train:125 - [epoch:3/3][loss:0.439242]
2023-11-11 13:40:34.366 | INFO     | DSH:train:129 - [iter:14/50][iter_time:44.18]
2023-11-11 13:42:47.012 | INFO     | DSH:train:200 - [iter:14/50][code_length:16][mAP:0.09933][mAP_all:0.09338][best_mAP:0.09933]
2023-11-11 13:42:47.013 | INFO     | DSH:train:201 - [iter:14/50][code_length:16][zs_mAP:0.18388][zs_mAP_all:0.04443]
2023-11-11 13:43:01.494 | INFO     | DSH:train:125 - [epoch:1/3][loss:0.241415]
2023-11-11 13:43:16.277 | INFO     | DSH:train:125 - [epoch:2/3][loss:0.442425]
2023-11-11 13:43:31.237 | INFO     | DSH:train:125 - [epoch:3/3][loss:0.433844]
2023-11-11 13:43:31.237 | INFO     | DSH:train:129 - [iter:15/50][iter_time:44.22]
2023-11-11 13:45:45.753 | INFO     | DSH:train:200 - [iter:15/50][code_length:16][mAP:0.08962][mAP_all:0.08578][best_mAP:0.09933]
2023-11-11 13:45:45.753 | INFO     | DSH:train:201 - [iter:15/50][code_length:16][zs_mAP:0.16996][zs_mAP_all:0.03739]
2023-11-11 13:46:00.437 | INFO     | DSH:train:125 - [epoch:1/3][loss:0.238040]
2023-11-11 13:46:15.293 | INFO     | DSH:train:125 - [epoch:2/3][loss:0.436548]
2023-11-11 13:46:29.927 | INFO     | DSH:train:125 - [epoch:3/3][loss:0.427531]
2023-11-11 13:46:29.927 | INFO     | DSH:train:129 - [iter:16/50][iter_time:44.17]
2023-11-11 13:48:42.662 | INFO     | DSH:train:200 - [iter:16/50][code_length:16][mAP:0.10918][mAP_all:0.10232][best_mAP:0.10918]
2023-11-11 13:48:42.663 | INFO     | DSH:train:201 - [iter:16/50][code_length:16][zs_mAP:0.19799][zs_mAP_all:0.05122]
2023-11-11 13:48:56.921 | INFO     | DSH:train:125 - [epoch:1/3][loss:0.233631]
2023-11-11 13:49:11.558 | INFO     | DSH:train:125 - [epoch:2/3][loss:0.429779]
2023-11-11 13:49:26.246 | INFO     | DSH:train:125 - [epoch:3/3][loss:0.426026]
2023-11-11 13:49:26.247 | INFO     | DSH:train:129 - [iter:17/50][iter_time:43.58]
2023-11-11 13:51:36.914 | INFO     | DSH:train:200 - [iter:17/50][code_length:16][mAP:0.08762][mAP_all:0.08463][best_mAP:0.10918]
2023-11-11 13:51:36.915 | INFO     | DSH:train:201 - [iter:17/50][code_length:16][zs_mAP:0.15806][zs_mAP_all:0.03513]
2023-11-11 13:51:51.225 | INFO     | DSH:train:125 - [epoch:1/3][loss:0.232202]
2023-11-11 13:52:05.841 | INFO     | DSH:train:125 - [epoch:2/3][loss:0.424258]
2023-11-11 13:52:20.520 | INFO     | DSH:train:125 - [epoch:3/3][loss:0.421727]
2023-11-11 13:52:20.520 | INFO     | DSH:train:129 - [iter:18/50][iter_time:43.61]
2023-11-11 13:54:32.016 | INFO     | DSH:train:200 - [iter:18/50][code_length:16][mAP:0.11613][mAP_all:0.10859][best_mAP:0.11613]
2023-11-11 13:54:32.017 | INFO     | DSH:train:201 - [iter:18/50][code_length:16][zs_mAP:0.20606][zs_mAP_all:0.05220]
2023-11-11 13:54:46.085 | INFO     | DSH:train:125 - [epoch:1/3][loss:0.224148]
2023-11-11 13:55:00.537 | INFO     | DSH:train:125 - [epoch:2/3][loss:0.417467]
2023-11-11 13:55:15.043 | INFO     | DSH:train:125 - [epoch:3/3][loss:0.416302]
2023-11-11 13:55:15.043 | INFO     | DSH:train:129 - [iter:19/50][iter_time:43.03]
2023-11-11 13:57:25.439 | INFO     | DSH:train:200 - [iter:19/50][code_length:16][mAP:0.09571][mAP_all:0.09124][best_mAP:0.11613]
2023-11-11 13:57:25.439 | INFO     | DSH:train:201 - [iter:19/50][code_length:16][zs_mAP:0.17309][zs_mAP_all:0.03838]
2023-11-11 13:57:39.677 | INFO     | DSH:train:125 - [epoch:1/3][loss:0.226430]
2023-11-11 13:57:54.133 | INFO     | DSH:train:125 - [epoch:2/3][loss:0.419080]
2023-11-11 13:58:08.642 | INFO     | DSH:train:125 - [epoch:3/3][loss:0.419361]
2023-11-11 13:58:08.642 | INFO     | DSH:train:129 - [iter:20/50][iter_time:43.20]
2023-11-11 14:00:19.413 | INFO     | DSH:train:200 - [iter:20/50][code_length:16][mAP:0.12142][mAP_all:0.11336][best_mAP:0.12142]
2023-11-11 14:00:19.414 | INFO     | DSH:train:201 - [iter:20/50][code_length:16][zs_mAP:0.21234][zs_mAP_all:0.05451]
2023-11-11 14:00:33.520 | INFO     | DSH:train:125 - [epoch:1/3][loss:0.225415]
2023-11-11 14:00:47.970 | INFO     | DSH:train:125 - [epoch:2/3][loss:0.414411]
2023-11-11 14:01:02.471 | INFO     | DSH:train:125 - [epoch:3/3][loss:0.417615]
2023-11-11 14:01:02.472 | INFO     | DSH:train:129 - [iter:21/50][iter_time:43.06]
2023-11-11 14:03:12.688 | INFO     | DSH:train:200 - [iter:21/50][code_length:16][mAP:0.09762][mAP_all:0.09437][best_mAP:0.12142]
2023-11-11 14:03:12.689 | INFO     | DSH:train:201 - [iter:21/50][code_length:16][zs_mAP:0.16114][zs_mAP_all:0.03519]
2023-11-11 14:03:26.753 | INFO     | DSH:train:125 - [epoch:1/3][loss:0.223194]
2023-11-11 14:03:41.164 | INFO     | DSH:train:125 - [epoch:2/3][loss:0.413445]
2023-11-11 14:03:55.614 | INFO     | DSH:train:125 - [epoch:3/3][loss:0.408809]
2023-11-11 14:03:55.614 | INFO     | DSH:train:129 - [iter:22/50][iter_time:42.93]
2023-11-11 14:06:06.321 | INFO     | DSH:train:200 - [iter:22/50][code_length:16][mAP:0.12976][mAP_all:0.12093][best_mAP:0.12976]
2023-11-11 14:06:06.322 | INFO     | DSH:train:201 - [iter:22/50][code_length:16][zs_mAP:0.22548][zs_mAP_all:0.05899]
2023-11-11 14:06:20.348 | INFO     | DSH:train:125 - [epoch:1/3][loss:0.212902]
2023-11-11 14:06:34.747 | INFO     | DSH:train:125 - [epoch:2/3][loss:0.396884]
2023-11-11 14:06:49.228 | INFO     | DSH:train:125 - [epoch:3/3][loss:0.400633]
2023-11-11 14:06:49.228 | INFO     | DSH:train:129 - [iter:23/50][iter_time:42.91]
2023-11-11 14:08:59.630 | INFO     | DSH:train:200 - [iter:23/50][code_length:16][mAP:0.11191][mAP_all:0.10619][best_mAP:0.12976]
2023-11-11 14:08:59.631 | INFO     | DSH:train:201 - [iter:23/50][code_length:16][zs_mAP:0.19296][zs_mAP_all:0.04575]
2023-11-11 14:09:13.759 | INFO     | DSH:train:125 - [epoch:1/3][loss:0.220576]
2023-11-11 14:09:28.187 | INFO     | DSH:train:125 - [epoch:2/3][loss:0.408356]
2023-11-11 14:09:42.648 | INFO     | DSH:train:125 - [epoch:3/3][loss:0.407082]
2023-11-11 14:09:42.649 | INFO     | DSH:train:129 - [iter:24/50][iter_time:43.02]
2023-11-11 14:11:53.898 | INFO     | DSH:train:200 - [iter:24/50][code_length:16][mAP:0.14265][mAP_all:0.13269][best_mAP:0.14265]
2023-11-11 14:11:53.898 | INFO     | DSH:train:201 - [iter:24/50][code_length:16][zs_mAP:0.24074][zs_mAP_all:0.06429]
2023-11-11 14:12:08.498 | INFO     | DSH:train:125 - [epoch:1/3][loss:0.213279]
2023-11-11 14:12:23.171 | INFO     | DSH:train:125 - [epoch:2/3][loss:0.402145]
2023-11-11 14:12:37.808 | INFO     | DSH:train:125 - [epoch:3/3][loss:0.400528]
2023-11-11 14:12:37.808 | INFO     | DSH:train:129 - [iter:25/50][iter_time:43.91]
2023-11-11 14:14:48.377 | INFO     | DSH:train:200 - [iter:25/50][code_length:16][mAP:0.12192][mAP_all:0.11590][best_mAP:0.14265]
2023-11-11 14:14:48.378 | INFO     | DSH:train:201 - [iter:25/50][code_length:16][zs_mAP:0.18900][zs_mAP_all:0.04420]
2023-11-11 14:15:02.616 | INFO     | DSH:train:125 - [epoch:1/3][loss:0.213204]
2023-11-11 14:15:17.147 | INFO     | DSH:train:125 - [epoch:2/3][loss:0.392344]
2023-11-11 14:15:31.796 | INFO     | DSH:train:125 - [epoch:3/3][loss:0.391553]
2023-11-11 14:15:31.797 | INFO     | DSH:train:129 - [iter:26/50][iter_time:43.42]
2023-11-11 14:17:42.726 | INFO     | DSH:train:200 - [iter:26/50][code_length:16][mAP:0.15059][mAP_all:0.14008][best_mAP:0.15059]
2023-11-11 14:17:42.726 | INFO     | DSH:train:201 - [iter:26/50][code_length:16][zs_mAP:0.24379][zs_mAP_all:0.06369]
2023-11-11 14:17:56.846 | INFO     | DSH:train:125 - [epoch:1/3][loss:0.208215]
2023-11-11 14:18:11.319 | INFO     | DSH:train:125 - [epoch:2/3][loss:0.391777]
2023-11-11 14:18:25.781 | INFO     | DSH:train:125 - [epoch:3/3][loss:0.393127]
2023-11-11 14:18:25.782 | INFO     | DSH:train:129 - [iter:27/50][iter_time:43.06]
2023-11-11 14:20:36.182 | INFO     | DSH:train:200 - [iter:27/50][code_length:16][mAP:0.12474][mAP_all:0.11857][best_mAP:0.15059]
2023-11-11 14:20:36.183 | INFO     | DSH:train:201 - [iter:27/50][code_length:16][zs_mAP:0.18861][zs_mAP_all:0.04505]
2023-11-11 14:20:50.319 | INFO     | DSH:train:125 - [epoch:1/3][loss:0.207805]
2023-11-11 14:21:04.793 | INFO     | DSH:train:125 - [epoch:2/3][loss:0.386757]
2023-11-11 14:21:19.333 | INFO     | DSH:train:125 - [epoch:3/3][loss:0.385481]
2023-11-11 14:21:19.333 | INFO     | DSH:train:129 - [iter:28/50][iter_time:43.15]
2023-11-11 14:23:30.352 | INFO     | DSH:train:200 - [iter:28/50][code_length:16][mAP:0.15892][mAP_all:0.14784][best_mAP:0.15892]
2023-11-11 14:23:30.353 | INFO     | DSH:train:201 - [iter:28/50][code_length:16][zs_mAP:0.24873][zs_mAP_all:0.06641]
2023-11-11 14:23:44.485 | INFO     | DSH:train:125 - [epoch:1/3][loss:0.203155]
2023-11-11 14:23:58.978 | INFO     | DSH:train:125 - [epoch:2/3][loss:0.384723]
2023-11-11 14:24:13.508 | INFO     | DSH:train:125 - [epoch:3/3][loss:0.384044]
2023-11-11 14:24:13.509 | INFO     | DSH:train:129 - [iter:29/50][iter_time:43.16]
2023-11-11 14:26:24.281 | INFO     | DSH:train:200 - [iter:29/50][code_length:16][mAP:0.14529][mAP_all:0.13741][best_mAP:0.15892]
2023-11-11 14:26:24.282 | INFO     | DSH:train:201 - [iter:29/50][code_length:16][zs_mAP:0.21157][zs_mAP_all:0.05180]
2023-11-11 14:26:38.448 | INFO     | DSH:train:125 - [epoch:1/3][loss:0.206266]
2023-11-11 14:26:52.991 | INFO     | DSH:train:125 - [epoch:2/3][loss:0.388836]
2023-11-11 14:27:07.518 | INFO     | DSH:train:125 - [epoch:3/3][loss:0.390834]
2023-11-11 14:27:07.518 | INFO     | DSH:train:129 - [iter:30/50][iter_time:43.24]
2023-11-11 14:29:19.225 | INFO     | DSH:train:200 - [iter:30/50][code_length:16][mAP:0.16589][mAP_all:0.15427][best_mAP:0.16589]
2023-11-11 14:29:19.225 | INFO     | DSH:train:201 - [iter:30/50][code_length:16][zs_mAP:0.25074][zs_mAP_all:0.06567]
2023-11-11 14:29:33.467 | INFO     | DSH:train:125 - [epoch:1/3][loss:0.200967]
2023-11-11 14:29:47.967 | INFO     | DSH:train:125 - [epoch:2/3][loss:0.382369]
2023-11-11 14:30:02.495 | INFO     | DSH:train:125 - [epoch:3/3][loss:0.380527]
2023-11-11 14:30:02.495 | INFO     | DSH:train:129 - [iter:31/50][iter_time:43.27]
2023-11-11 14:32:12.993 | INFO     | DSH:train:200 - [iter:31/50][code_length:16][mAP:0.15285][mAP_all:0.14465][best_mAP:0.16589]
2023-11-11 14:32:12.993 | INFO     | DSH:train:201 - [iter:31/50][code_length:16][zs_mAP:0.21208][zs_mAP_all:0.05302]
2023-11-11 14:32:27.167 | INFO     | DSH:train:125 - [epoch:1/3][loss:0.206841]
2023-11-11 14:32:41.685 | INFO     | DSH:train:125 - [epoch:2/3][loss:0.387223]
2023-11-11 14:32:56.204 | INFO     | DSH:train:125 - [epoch:3/3][loss:0.382634]
2023-11-11 14:32:56.204 | INFO     | DSH:train:129 - [iter:32/50][iter_time:43.21]
2023-11-11 14:35:07.341 | INFO     | DSH:train:200 - [iter:32/50][code_length:16][mAP:0.17643][mAP_all:0.16452][best_mAP:0.17643]
2023-11-11 14:35:07.341 | INFO     | DSH:train:201 - [iter:32/50][code_length:16][zs_mAP:0.25251][zs_mAP_all:0.06822]
2023-11-11 14:35:21.452 | INFO     | DSH:train:125 - [epoch:1/3][loss:0.200588]
2023-11-11 14:35:35.929 | INFO     | DSH:train:125 - [epoch:2/3][loss:0.380315]
2023-11-11 14:35:50.443 | INFO     | DSH:train:125 - [epoch:3/3][loss:0.374448]
2023-11-11 14:35:50.444 | INFO     | DSH:train:129 - [iter:33/50][iter_time:43.10]
2023-11-11 14:38:00.959 | INFO     | DSH:train:200 - [iter:33/50][code_length:16][mAP:0.16187][mAP_all:0.15221][best_mAP:0.17643]
2023-11-11 14:38:00.959 | INFO     | DSH:train:201 - [iter:33/50][code_length:16][zs_mAP:0.22036][zs_mAP_all:0.05533]
2023-11-11 14:38:15.125 | INFO     | DSH:train:125 - [epoch:1/3][loss:0.200029]
2023-11-11 14:38:29.622 | INFO     | DSH:train:125 - [epoch:2/3][loss:0.377393]
2023-11-11 14:38:44.162 | INFO     | DSH:train:125 - [epoch:3/3][loss:0.371639]
2023-11-11 14:38:44.162 | INFO     | DSH:train:129 - [iter:34/50][iter_time:43.20]
2023-11-11 14:40:55.084 | INFO     | DSH:train:200 - [iter:34/50][code_length:16][mAP:0.18605][mAP_all:0.17362][best_mAP:0.18605]
2023-11-11 14:40:55.085 | INFO     | DSH:train:201 - [iter:34/50][code_length:16][zs_mAP:0.25957][zs_mAP_all:0.07093]
2023-11-11 14:41:09.196 | INFO     | DSH:train:125 - [epoch:1/3][loss:0.199689]
2023-11-11 14:41:23.665 | INFO     | DSH:train:125 - [epoch:2/3][loss:0.383862]
2023-11-11 14:41:38.157 | INFO     | DSH:train:125 - [epoch:3/3][loss:0.380051]
2023-11-11 14:41:38.158 | INFO     | DSH:train:129 - [iter:35/50][iter_time:43.07]
2023-11-11 14:43:48.415 | INFO     | DSH:train:200 - [iter:35/50][code_length:16][mAP:0.16977][mAP_all:0.15988][best_mAP:0.18605]
2023-11-11 14:43:48.415 | INFO     | DSH:train:201 - [iter:35/50][code_length:16][zs_mAP:0.22928][zs_mAP_all:0.05943]
2023-11-11 14:44:02.505 | INFO     | DSH:train:125 - [epoch:1/3][loss:0.196782]
2023-11-11 14:44:16.923 | INFO     | DSH:train:125 - [epoch:2/3][loss:0.372176]
2023-11-11 14:44:31.407 | INFO     | DSH:train:125 - [epoch:3/3][loss:0.370375]
2023-11-11 14:44:31.408 | INFO     | DSH:train:129 - [iter:36/50][iter_time:42.99]
2023-11-11 14:46:42.224 | INFO     | DSH:train:200 - [iter:36/50][code_length:16][mAP:0.19215][mAP_all:0.17895][best_mAP:0.19215]
2023-11-11 14:46:42.224 | INFO     | DSH:train:201 - [iter:36/50][code_length:16][zs_mAP:0.26012][zs_mAP_all:0.07232]
2023-11-11 14:46:56.349 | INFO     | DSH:train:125 - [epoch:1/3][loss:0.198889]
2023-11-11 14:47:10.828 | INFO     | DSH:train:125 - [epoch:2/3][loss:0.378962]
2023-11-11 14:47:25.369 | INFO     | DSH:train:125 - [epoch:3/3][loss:0.371290]
2023-11-11 14:47:25.369 | INFO     | DSH:train:129 - [iter:37/50][iter_time:43.15]
2023-11-11 14:49:37.767 | INFO     | DSH:train:200 - [iter:37/50][code_length:16][mAP:0.18683][mAP_all:0.17506][best_mAP:0.19215]
2023-11-11 14:49:37.768 | INFO     | DSH:train:201 - [iter:37/50][code_length:16][zs_mAP:0.24029][zs_mAP_all:0.06411]
2023-11-11 14:49:52.428 | INFO     | DSH:train:125 - [epoch:1/3][loss:0.197456]
2023-11-11 14:50:07.254 | INFO     | DSH:train:125 - [epoch:2/3][loss:0.372007]
2023-11-11 14:50:22.120 | INFO     | DSH:train:125 - [epoch:3/3][loss:0.363458]
2023-11-11 14:50:22.121 | INFO     | DSH:train:129 - [iter:38/50][iter_time:44.35]
2023-11-11 14:52:35.312 | INFO     | DSH:train:200 - [iter:38/50][code_length:16][mAP:0.19346][mAP_all:0.18054][best_mAP:0.19346]
2023-11-11 14:52:35.313 | INFO     | DSH:train:201 - [iter:38/50][code_length:16][zs_mAP:0.25799][zs_mAP_all:0.07219]
2023-11-11 14:52:49.863 | INFO     | DSH:train:125 - [epoch:1/3][loss:0.196173]
2023-11-11 14:53:04.549 | INFO     | DSH:train:125 - [epoch:2/3][loss:0.374464]
2023-11-11 14:53:19.559 | INFO     | DSH:train:125 - [epoch:3/3][loss:0.373103]
2023-11-11 14:53:19.560 | INFO     | DSH:train:129 - [iter:39/50][iter_time:44.25]
2023-11-11 14:55:33.977 | INFO     | DSH:train:200 - [iter:39/50][code_length:16][mAP:0.19479][mAP_all:0.18249][best_mAP:0.19479]
2023-11-11 14:55:33.978 | INFO     | DSH:train:201 - [iter:39/50][code_length:16][zs_mAP:0.25741][zs_mAP_all:0.07121]
2023-11-11 14:55:48.249 | INFO     | DSH:train:125 - [epoch:1/3][loss:0.194001]
2023-11-11 14:56:02.893 | INFO     | DSH:train:125 - [epoch:2/3][loss:0.369250]
2023-11-11 14:56:17.628 | INFO     | DSH:train:125 - [epoch:3/3][loss:0.367938]
2023-11-11 14:56:17.629 | INFO     | DSH:train:129 - [iter:40/50][iter_time:43.65]
2023-11-11 14:58:29.548 | INFO     | DSH:train:200 - [iter:40/50][code_length:16][mAP:0.20225][mAP_all:0.18874][best_mAP:0.20225]
2023-11-11 14:58:29.548 | INFO     | DSH:train:201 - [iter:40/50][code_length:16][zs_mAP:0.26724][zs_mAP_all:0.07621]
2023-11-11 14:58:43.863 | INFO     | DSH:train:125 - [epoch:1/3][loss:0.192304]
2023-11-11 14:58:58.588 | INFO     | DSH:train:125 - [epoch:2/3][loss:0.368916]
2023-11-11 14:59:13.328 | INFO     | DSH:train:125 - [epoch:3/3][loss:0.362830]
2023-11-11 14:59:13.329 | INFO     | DSH:train:129 - [iter:41/50][iter_time:43.78]
2023-11-11 15:01:25.002 | INFO     | DSH:train:200 - [iter:41/50][code_length:16][mAP:0.20900][mAP_all:0.19515][best_mAP:0.20900]
2023-11-11 15:01:25.002 | INFO     | DSH:train:201 - [iter:41/50][code_length:16][zs_mAP:0.26798][zs_mAP_all:0.07679]
2023-11-11 15:01:39.256 | INFO     | DSH:train:125 - [epoch:1/3][loss:0.190455]
2023-11-11 15:01:53.821 | INFO     | DSH:train:125 - [epoch:2/3][loss:0.363719]
2023-11-11 15:02:08.541 | INFO     | DSH:train:125 - [epoch:3/3][loss:0.364105]
2023-11-11 15:02:08.541 | INFO     | DSH:train:129 - [iter:42/50][iter_time:43.54]
2023-11-11 15:04:20.296 | INFO     | DSH:train:200 - [iter:42/50][code_length:16][mAP:0.21305][mAP_all:0.19926][best_mAP:0.21305]
2023-11-11 15:04:20.296 | INFO     | DSH:train:201 - [iter:42/50][code_length:16][zs_mAP:0.26935][zs_mAP_all:0.07891]
2023-11-11 15:04:34.550 | INFO     | DSH:train:125 - [epoch:1/3][loss:0.190113]
2023-11-11 15:04:49.204 | INFO     | DSH:train:125 - [epoch:2/3][loss:0.367088]
2023-11-11 15:05:04.016 | INFO     | DSH:train:125 - [epoch:3/3][loss:0.368347]
2023-11-11 15:05:04.016 | INFO     | DSH:train:129 - [iter:43/50][iter_time:43.72]
2023-11-11 15:07:17.305 | INFO     | DSH:train:200 - [iter:43/50][code_length:16][mAP:0.21530][mAP_all:0.20135][best_mAP:0.21530]
2023-11-11 15:07:17.306 | INFO     | DSH:train:201 - [iter:43/50][code_length:16][zs_mAP:0.27277][zs_mAP_all:0.07957]
2023-11-11 15:07:32.154 | INFO     | DSH:train:125 - [epoch:1/3][loss:0.190782]
2023-11-11 15:07:47.083 | INFO     | DSH:train:125 - [epoch:2/3][loss:0.370291]
2023-11-11 15:08:02.105 | INFO     | DSH:train:125 - [epoch:3/3][loss:0.362273]
2023-11-11 15:08:02.106 | INFO     | DSH:train:129 - [iter:44/50][iter_time:44.80]
2023-11-11 15:10:13.954 | INFO     | DSH:train:200 - [iter:44/50][code_length:16][mAP:0.21699][mAP_all:0.20314][best_mAP:0.21699]
2023-11-11 15:10:13.954 | INFO     | DSH:train:201 - [iter:44/50][code_length:16][zs_mAP:0.26984][zs_mAP_all:0.07948]
2023-11-11 15:10:28.231 | INFO     | DSH:train:125 - [epoch:1/3][loss:0.186703]
2023-11-11 15:10:42.871 | INFO     | DSH:train:125 - [epoch:2/3][loss:0.356716]
2023-11-11 15:10:57.526 | INFO     | DSH:train:125 - [epoch:3/3][loss:0.355447]
2023-11-11 15:10:57.527 | INFO     | DSH:train:129 - [iter:45/50][iter_time:43.57]
2023-11-11 15:13:09.822 | INFO     | DSH:train:200 - [iter:45/50][code_length:16][mAP:0.22390][mAP_all:0.20953][best_mAP:0.22390]
2023-11-11 15:13:09.822 | INFO     | DSH:train:201 - [iter:45/50][code_length:16][zs_mAP:0.27719][zs_mAP_all:0.08162]
2023-11-11 15:13:24.407 | INFO     | DSH:train:125 - [epoch:1/3][loss:0.184586]
2023-11-11 15:13:39.795 | INFO     | DSH:train:125 - [epoch:2/3][loss:0.357229]
2023-11-11 15:13:54.578 | INFO     | DSH:train:125 - [epoch:3/3][loss:0.356668]
2023-11-11 15:13:54.579 | INFO     | DSH:train:129 - [iter:46/50][iter_time:44.76]
2023-11-11 15:16:06.715 | INFO     | DSH:train:200 - [iter:46/50][code_length:16][mAP:0.22441][mAP_all:0.21001][best_mAP:0.22441]
2023-11-11 15:16:06.715 | INFO     | DSH:train:201 - [iter:46/50][code_length:16][zs_mAP:0.27780][zs_mAP_all:0.08114]
2023-11-11 15:16:21.003 | INFO     | DSH:train:125 - [epoch:1/3][loss:0.186814]
2023-11-11 15:16:35.656 | INFO     | DSH:train:125 - [epoch:2/3][loss:0.364881]
2023-11-11 15:16:50.335 | INFO     | DSH:train:125 - [epoch:3/3][loss:0.365188]
2023-11-11 15:16:50.335 | INFO     | DSH:train:129 - [iter:47/50][iter_time:43.62]
2023-11-11 15:19:01.459 | INFO     | DSH:train:200 - [iter:47/50][code_length:16][mAP:0.22436][mAP_all:0.20987][best_mAP:0.22441]
2023-11-11 15:19:01.460 | INFO     | DSH:train:201 - [iter:47/50][code_length:16][zs_mAP:0.27910][zs_mAP_all:0.08230]
2023-11-11 15:19:15.798 | INFO     | DSH:train:125 - [epoch:1/3][loss:0.187208]
2023-11-11 15:19:30.443 | INFO     | DSH:train:125 - [epoch:2/3][loss:0.359388]
2023-11-11 15:19:45.130 | INFO     | DSH:train:125 - [epoch:3/3][loss:0.356432]
2023-11-11 15:19:45.130 | INFO     | DSH:train:129 - [iter:48/50][iter_time:43.67]
2023-11-11 15:21:56.123 | INFO     | DSH:train:200 - [iter:48/50][code_length:16][mAP:0.22304][mAP_all:0.20878][best_mAP:0.22441]
2023-11-11 15:21:56.123 | INFO     | DSH:train:201 - [iter:48/50][code_length:16][zs_mAP:0.27185][zs_mAP_all:0.07987]
2023-11-11 15:22:10.483 | INFO     | DSH:train:125 - [epoch:1/3][loss:0.187169]
2023-11-11 15:22:25.187 | INFO     | DSH:train:125 - [epoch:2/3][loss:0.359079]
2023-11-11 15:22:39.880 | INFO     | DSH:train:125 - [epoch:3/3][loss:0.357760]
2023-11-11 15:22:39.881 | INFO     | DSH:train:129 - [iter:49/50][iter_time:43.76]
2023-11-11 15:24:51.682 | INFO     | DSH:train:200 - [iter:49/50][code_length:16][mAP:0.22621][mAP_all:0.21165][best_mAP:0.22621]
2023-11-11 15:24:51.683 | INFO     | DSH:train:201 - [iter:49/50][code_length:16][zs_mAP:0.27810][zs_mAP_all:0.08196]
2023-11-11 15:25:06.029 | INFO     | DSH:train:125 - [epoch:1/3][loss:0.184764]
2023-11-11 15:25:20.773 | INFO     | DSH:train:125 - [epoch:2/3][loss:0.362537]
2023-11-11 15:25:35.427 | INFO     | DSH:train:125 - [epoch:3/3][loss:0.360981]
2023-11-11 15:25:35.427 | INFO     | DSH:train:129 - [iter:50/50][iter_time:43.74]
2023-11-11 15:27:47.043 | INFO     | DSH:train:200 - [iter:50/50][code_length:16][mAP:0.22738][mAP_all:0.21275][best_mAP:0.22738]
2023-11-11 15:27:47.043 | INFO     | DSH:train:201 - [iter:50/50][code_length:16][zs_mAP:0.28365][zs_mAP_all:0.08479]
2023-11-11 15:27:47.043 | INFO     | DSH:train:204 - [Training time:8747.74]
2023-11-11 15:27:47.044 | INFO     | __main__:run:126 - [code_length:16][map:0.2274][map_all:0.2127][zs_map:0.2837][zs_map_all:0.0848]
2023-11-11 15:28:01.752 | INFO     | DSH:train:125 - [epoch:1/3][loss:4.058785]
2023-11-11 15:28:16.399 | INFO     | DSH:train:125 - [epoch:2/3][loss:3.568264]
2023-11-11 15:28:31.124 | INFO     | DSH:train:125 - [epoch:3/3][loss:2.187582]
2023-11-11 15:28:31.124 | INFO     | DSH:train:129 - [iter:1/50][iter_time:43.73]
2023-11-11 15:30:42.351 | INFO     | DSH:train:200 - [iter:1/50][code_length:32][mAP:0.03147][mAP_all:0.03164][best_mAP:0.03147]
2023-11-11 15:30:42.352 | INFO     | DSH:train:201 - [iter:1/50][code_length:32][zs_mAP:0.07706][zs_mAP_all:0.00262]
2023-11-11 15:30:56.550 | INFO     | DSH:train:125 - [epoch:1/3][loss:1.161546]
2023-11-11 15:31:11.067 | INFO     | DSH:train:125 - [epoch:2/3][loss:1.742504]
2023-11-11 15:31:25.643 | INFO     | DSH:train:125 - [epoch:3/3][loss:1.433527]
2023-11-11 15:31:25.644 | INFO     | DSH:train:129 - [iter:2/50][iter_time:43.29]
2023-11-11 15:33:36.602 | INFO     | DSH:train:200 - [iter:2/50][code_length:32][mAP:0.03642][mAP_all:0.03628][best_mAP:0.03642]
2023-11-11 15:33:36.602 | INFO     | DSH:train:201 - [iter:2/50][code_length:32][zs_mAP:0.08942][zs_mAP_all:0.00530]
2023-11-11 15:33:50.775 | INFO     | DSH:train:125 - [epoch:1/3][loss:0.798317]
2023-11-11 15:34:05.280 | INFO     | DSH:train:125 - [epoch:2/3][loss:1.322356]
2023-11-11 15:34:19.836 | INFO     | DSH:train:125 - [epoch:3/3][loss:1.229832]
2023-11-11 15:34:19.836 | INFO     | DSH:train:129 - [iter:3/50][iter_time:43.23]
2023-11-11 15:36:30.943 | INFO     | DSH:train:200 - [iter:3/50][code_length:32][mAP:0.04081][mAP_all:0.04065][best_mAP:0.04081]
2023-11-11 15:36:30.944 | INFO     | DSH:train:201 - [iter:3/50][code_length:32][zs_mAP:0.09482][zs_mAP_all:0.00687]
2023-11-11 15:36:45.171 | INFO     | DSH:train:125 - [epoch:1/3][loss:0.678193]
2023-11-11 15:36:59.695 | INFO     | DSH:train:125 - [epoch:2/3][loss:1.186985]
2023-11-11 15:37:14.270 | INFO     | DSH:train:125 - [epoch:3/3][loss:1.138905]
2023-11-11 15:37:14.271 | INFO     | DSH:train:129 - [iter:4/50][iter_time:43.33]
2023-11-11 15:39:25.765 | INFO     | DSH:train:200 - [iter:4/50][code_length:32][mAP:0.05220][mAP_all:0.05069][best_mAP:0.05220]
2023-11-11 15:39:25.765 | INFO     | DSH:train:201 - [iter:4/50][code_length:32][zs_mAP:0.11534][zs_mAP_all:0.01665]
2023-11-11 15:39:39.916 | INFO     | DSH:train:125 - [epoch:1/3][loss:0.628025]
2023-11-11 15:39:54.407 | INFO     | DSH:train:125 - [epoch:2/3][loss:1.129803]
2023-11-11 15:40:08.948 | INFO     | DSH:train:125 - [epoch:3/3][loss:1.089681]
2023-11-11 15:40:08.949 | INFO     | DSH:train:129 - [iter:5/50][iter_time:43.18]
2023-11-11 15:42:20.419 | INFO     | DSH:train:200 - [iter:5/50][code_length:32][mAP:0.06205][mAP_all:0.05975][best_mAP:0.06205]
2023-11-11 15:42:20.419 | INFO     | DSH:train:201 - [iter:5/50][code_length:32][zs_mAP:0.13008][zs_mAP_all:0.02251]
2023-11-11 15:42:34.640 | INFO     | DSH:train:125 - [epoch:1/3][loss:0.597403]
2023-11-11 15:42:49.188 | INFO     | DSH:train:125 - [epoch:2/3][loss:1.070115]
2023-11-11 15:43:03.789 | INFO     | DSH:train:125 - [epoch:3/3][loss:1.036156]
2023-11-11 15:43:03.790 | INFO     | DSH:train:129 - [iter:6/50][iter_time:43.37]
2023-11-11 15:45:15.370 | INFO     | DSH:train:200 - [iter:6/50][code_length:32][mAP:0.06913][mAP_all:0.06539][best_mAP:0.06913]
2023-11-11 15:45:15.370 | INFO     | DSH:train:201 - [iter:6/50][code_length:32][zs_mAP:0.13512][zs_mAP_all:0.02768]
2023-11-11 15:45:29.607 | INFO     | DSH:train:125 - [epoch:1/3][loss:0.570996]
2023-11-11 15:45:44.189 | INFO     | DSH:train:125 - [epoch:2/3][loss:1.026762]
2023-11-11 15:45:58.763 | INFO     | DSH:train:125 - [epoch:3/3][loss:0.990187]
2023-11-11 15:45:58.763 | INFO     | DSH:train:129 - [iter:7/50][iter_time:43.39]
2023-11-11 15:48:10.304 | INFO     | DSH:train:200 - [iter:7/50][code_length:32][mAP:0.06964][mAP_all:0.06640][best_mAP:0.06964]
2023-11-11 15:48:10.304 | INFO     | DSH:train:201 - [iter:7/50][code_length:32][zs_mAP:0.14298][zs_mAP_all:0.02862]
2023-11-11 15:48:24.529 | INFO     | DSH:train:125 - [epoch:1/3][loss:0.541798]
2023-11-11 15:48:39.041 | INFO     | DSH:train:125 - [epoch:2/3][loss:0.992324]
2023-11-11 15:48:53.611 | INFO     | DSH:train:125 - [epoch:3/3][loss:0.964983]
2023-11-11 15:48:53.611 | INFO     | DSH:train:129 - [iter:8/50][iter_time:43.31]
2023-11-11 15:51:04.910 | INFO     | DSH:train:200 - [iter:8/50][code_length:32][mAP:0.06974][mAP_all:0.06603][best_mAP:0.06974]
2023-11-11 15:51:04.910 | INFO     | DSH:train:201 - [iter:8/50][code_length:32][zs_mAP:0.13527][zs_mAP_all:0.02853]
2023-11-11 15:51:19.101 | INFO     | DSH:train:125 - [epoch:1/3][loss:0.521351]
2023-11-11 15:51:33.619 | INFO     | DSH:train:125 - [epoch:2/3][loss:0.959937]
2023-11-11 15:51:48.178 | INFO     | DSH:train:125 - [epoch:3/3][loss:0.930825]
2023-11-11 15:51:48.179 | INFO     | DSH:train:129 - [iter:9/50][iter_time:43.27]
2023-11-11 15:53:59.399 | INFO     | DSH:train:200 - [iter:9/50][code_length:32][mAP:0.07759][mAP_all:0.07309][best_mAP:0.07759]
2023-11-11 15:53:59.399 | INFO     | DSH:train:201 - [iter:9/50][code_length:32][zs_mAP:0.14997][zs_mAP_all:0.03616]
2023-11-11 15:54:13.616 | INFO     | DSH:train:125 - [epoch:1/3][loss:0.510434]
2023-11-11 15:54:28.158 | INFO     | DSH:train:125 - [epoch:2/3][loss:0.933133]
2023-11-11 15:54:42.735 | INFO     | DSH:train:125 - [epoch:3/3][loss:0.908049]
2023-11-11 15:54:42.735 | INFO     | DSH:train:129 - [iter:10/50][iter_time:43.34]
2023-11-11 15:56:54.098 | INFO     | DSH:train:200 - [iter:10/50][code_length:32][mAP:0.08395][mAP_all:0.07840][best_mAP:0.08395]
2023-11-11 15:56:54.098 | INFO     | DSH:train:201 - [iter:10/50][code_length:32][zs_mAP:0.15948][zs_mAP_all:0.03856]
2023-11-11 15:57:08.276 | INFO     | DSH:train:125 - [epoch:1/3][loss:0.500017]
2023-11-11 15:57:22.810 | INFO     | DSH:train:125 - [epoch:2/3][loss:0.904959]
2023-11-11 15:57:37.382 | INFO     | DSH:train:125 - [epoch:3/3][loss:0.887086]
2023-11-11 15:57:37.383 | INFO     | DSH:train:129 - [iter:11/50][iter_time:43.28]
2023-11-11 15:59:48.669 | INFO     | DSH:train:200 - [iter:11/50][code_length:32][mAP:0.09403][mAP_all:0.08746][best_mAP:0.09403]
2023-11-11 15:59:48.670 | INFO     | DSH:train:201 - [iter:11/50][code_length:32][zs_mAP:0.16815][zs_mAP_all:0.04226]
2023-11-11 16:00:02.850 | INFO     | DSH:train:125 - [epoch:1/3][loss:0.482259]
2023-11-11 16:00:17.406 | INFO     | DSH:train:125 - [epoch:2/3][loss:0.884790]
2023-11-11 16:00:31.942 | INFO     | DSH:train:125 - [epoch:3/3][loss:0.868377]
2023-11-11 16:00:31.942 | INFO     | DSH:train:129 - [iter:12/50][iter_time:43.27]
2023-11-11 16:02:42.645 | INFO     | DSH:train:200 - [iter:12/50][code_length:32][mAP:0.09389][mAP_all:0.08731][best_mAP:0.09403]
2023-11-11 16:02:42.646 | INFO     | DSH:train:201 - [iter:12/50][code_length:32][zs_mAP:0.17164][zs_mAP_all:0.04304]
2023-11-11 16:02:56.860 | INFO     | DSH:train:125 - [epoch:1/3][loss:0.468955]
2023-11-11 16:03:11.370 | INFO     | DSH:train:125 - [epoch:2/3][loss:0.860723]
2023-11-11 16:03:25.910 | INFO     | DSH:train:125 - [epoch:3/3][loss:0.848665]
2023-11-11 16:03:25.910 | INFO     | DSH:train:129 - [iter:13/50][iter_time:43.26]
2023-11-11 16:05:37.089 | INFO     | DSH:train:200 - [iter:13/50][code_length:32][mAP:0.11019][mAP_all:0.10184][best_mAP:0.11019]
2023-11-11 16:05:37.090 | INFO     | DSH:train:201 - [iter:13/50][code_length:32][zs_mAP:0.18630][zs_mAP_all:0.05004]
2023-11-11 16:05:51.251 | INFO     | DSH:train:125 - [epoch:1/3][loss:0.458810]
2023-11-11 16:06:05.796 | INFO     | DSH:train:125 - [epoch:2/3][loss:0.843451]
2023-11-11 16:06:20.364 | INFO     | DSH:train:125 - [epoch:3/3][loss:0.831264]
2023-11-11 16:06:20.365 | INFO     | DSH:train:129 - [iter:14/50][iter_time:43.28]
2023-11-11 16:08:31.379 | INFO     | DSH:train:200 - [iter:14/50][code_length:32][mAP:0.11613][mAP_all:0.10588][best_mAP:0.11613]
2023-11-11 16:08:31.380 | INFO     | DSH:train:201 - [iter:14/50][code_length:32][zs_mAP:0.19353][zs_mAP_all:0.05368]
2023-11-11 16:08:45.516 | INFO     | DSH:train:125 - [epoch:1/3][loss:0.438586]
2023-11-11 16:09:00.058 | INFO     | DSH:train:125 - [epoch:2/3][loss:0.817351]
2023-11-11 16:09:14.591 | INFO     | DSH:train:125 - [epoch:3/3][loss:0.805743]
2023-11-11 16:09:14.592 | INFO     | DSH:train:129 - [iter:15/50][iter_time:43.21]
2023-11-11 16:11:25.550 | INFO     | DSH:train:200 - [iter:15/50][code_length:32][mAP:0.11867][mAP_all:0.10897][best_mAP:0.11867]
2023-11-11 16:11:25.550 | INFO     | DSH:train:201 - [iter:15/50][code_length:32][zs_mAP:0.20266][zs_mAP_all:0.05634]
2023-11-11 16:11:39.678 | INFO     | DSH:train:125 - [epoch:1/3][loss:0.437586]
2023-11-11 16:11:54.173 | INFO     | DSH:train:125 - [epoch:2/3][loss:0.813544]
2023-11-11 16:12:08.658 | INFO     | DSH:train:125 - [epoch:3/3][loss:0.805586]
2023-11-11 16:12:08.658 | INFO     | DSH:train:129 - [iter:16/50][iter_time:43.11]
2023-11-11 16:14:19.468 | INFO     | DSH:train:200 - [iter:16/50][code_length:32][mAP:0.13240][mAP_all:0.12108][best_mAP:0.13240]
2023-11-11 16:14:19.468 | INFO     | DSH:train:201 - [iter:16/50][code_length:32][zs_mAP:0.21231][zs_mAP_all:0.06047]
2023-11-11 16:14:33.876 | INFO     | DSH:train:125 - [epoch:1/3][loss:0.429017]
2023-11-11 16:14:48.515 | INFO     | DSH:train:125 - [epoch:2/3][loss:0.796220]
2023-11-11 16:15:03.264 | INFO     | DSH:train:125 - [epoch:3/3][loss:0.789134]
2023-11-11 16:15:03.265 | INFO     | DSH:train:129 - [iter:17/50][iter_time:43.80]
2023-11-11 16:17:14.878 | INFO     | DSH:train:200 - [iter:17/50][code_length:32][mAP:0.13577][mAP_all:0.12439][best_mAP:0.13577]
2023-11-11 16:17:14.878 | INFO     | DSH:train:201 - [iter:17/50][code_length:32][zs_mAP:0.20804][zs_mAP_all:0.05890]
2023-11-11 16:17:29.208 | INFO     | DSH:train:125 - [epoch:1/3][loss:0.416348]
2023-11-11 16:17:43.882 | INFO     | DSH:train:125 - [epoch:2/3][loss:0.783727]
2023-11-11 16:17:58.615 | INFO     | DSH:train:125 - [epoch:3/3][loss:0.774547]
2023-11-11 16:17:58.615 | INFO     | DSH:train:129 - [iter:18/50][iter_time:43.74]
2023-11-11 16:20:10.117 | INFO     | DSH:train:200 - [iter:18/50][code_length:32][mAP:0.15397][mAP_all:0.13999][best_mAP:0.15397]
2023-11-11 16:20:10.117 | INFO     | DSH:train:201 - [iter:18/50][code_length:32][zs_mAP:0.23048][zs_mAP_all:0.06730]
2023-11-11 16:20:24.310 | INFO     | DSH:train:125 - [epoch:1/3][loss:0.415318]
2023-11-11 16:20:38.835 | INFO     | DSH:train:125 - [epoch:2/3][loss:0.772532]
2023-11-11 16:20:53.403 | INFO     | DSH:train:125 - [epoch:3/3][loss:0.771092]
2023-11-11 16:20:53.403 | INFO     | DSH:train:129 - [iter:19/50][iter_time:43.29]
2023-11-11 16:23:04.100 | INFO     | DSH:train:200 - [iter:19/50][code_length:32][mAP:0.14623][mAP_all:0.13351][best_mAP:0.15397]
2023-11-11 16:23:04.100 | INFO     | DSH:train:201 - [iter:19/50][code_length:32][zs_mAP:0.22723][zs_mAP_all:0.06443]
2023-11-11 16:23:18.298 | INFO     | DSH:train:125 - [epoch:1/3][loss:0.406541]
2023-11-11 16:23:32.860 | INFO     | DSH:train:125 - [epoch:2/3][loss:0.764172]
2023-11-11 16:23:47.527 | INFO     | DSH:train:125 - [epoch:3/3][loss:0.766267]
2023-11-11 16:23:47.527 | INFO     | DSH:train:129 - [iter:20/50][iter_time:43.43]
2023-11-11 16:25:58.468 | INFO     | DSH:train:200 - [iter:20/50][code_length:32][mAP:0.14205][mAP_all:0.13021][best_mAP:0.15397]
2023-11-11 16:25:58.468 | INFO     | DSH:train:201 - [iter:20/50][code_length:32][zs_mAP:0.21793][zs_mAP_all:0.06322]
2023-11-11 16:26:12.656 | INFO     | DSH:train:125 - [epoch:1/3][loss:0.398987]
2023-11-11 16:26:27.184 | INFO     | DSH:train:125 - [epoch:2/3][loss:0.753351]
2023-11-11 16:26:41.773 | INFO     | DSH:train:125 - [epoch:3/3][loss:0.749900]
2023-11-11 16:26:41.774 | INFO     | DSH:train:129 - [iter:21/50][iter_time:43.31]
2023-11-11 16:28:56.321 | INFO     | DSH:train:200 - [iter:21/50][code_length:32][mAP:0.15526][mAP_all:0.14191][best_mAP:0.15526]
2023-11-11 16:28:56.322 | INFO     | DSH:train:201 - [iter:21/50][code_length:32][zs_mAP:0.23135][zs_mAP_all:0.06870]
2023-11-11 16:29:11.402 | INFO     | DSH:train:125 - [epoch:1/3][loss:0.391250]
2023-11-11 16:29:26.739 | INFO     | DSH:train:125 - [epoch:2/3][loss:0.743130]
2023-11-11 16:29:41.950 | INFO     | DSH:train:125 - [epoch:3/3][loss:0.736685]
2023-11-11 16:29:41.950 | INFO     | DSH:train:129 - [iter:22/50][iter_time:45.63]
2023-11-11 16:31:56.029 | INFO     | DSH:train:200 - [iter:22/50][code_length:32][mAP:0.16504][mAP_all:0.15116][best_mAP:0.16504]
2023-11-11 16:31:56.029 | INFO     | DSH:train:201 - [iter:22/50][code_length:32][zs_mAP:0.23429][zs_mAP_all:0.07245]
2023-11-11 16:32:10.303 | INFO     | DSH:train:125 - [epoch:1/3][loss:0.386888]
2023-11-11 16:32:24.984 | INFO     | DSH:train:125 - [epoch:2/3][loss:0.731442]
2023-11-11 16:32:39.651 | INFO     | DSH:train:125 - [epoch:3/3][loss:0.728815]
2023-11-11 16:32:39.651 | INFO     | DSH:train:129 - [iter:23/50][iter_time:43.62]
2023-11-11 16:34:50.908 | INFO     | DSH:train:200 - [iter:23/50][code_length:32][mAP:0.16525][mAP_all:0.15067][best_mAP:0.16525]
2023-11-11 16:34:50.909 | INFO     | DSH:train:201 - [iter:23/50][code_length:32][zs_mAP:0.23637][zs_mAP_all:0.07261]
2023-11-11 16:35:05.224 | INFO     | DSH:train:125 - [epoch:1/3][loss:0.386189]
2023-11-11 16:35:19.894 | INFO     | DSH:train:125 - [epoch:2/3][loss:0.726347]
2023-11-11 16:35:34.580 | INFO     | DSH:train:125 - [epoch:3/3][loss:0.724324]
2023-11-11 16:35:34.580 | INFO     | DSH:train:129 - [iter:24/50][iter_time:43.67]
2023-11-11 16:37:46.068 | INFO     | DSH:train:200 - [iter:24/50][code_length:32][mAP:0.17308][mAP_all:0.15747][best_mAP:0.17308]
2023-11-11 16:37:46.068 | INFO     | DSH:train:201 - [iter:24/50][code_length:32][zs_mAP:0.24434][zs_mAP_all:0.07803]
2023-11-11 16:38:00.402 | INFO     | DSH:train:125 - [epoch:1/3][loss:0.378278]
2023-11-11 16:38:15.043 | INFO     | DSH:train:125 - [epoch:2/3][loss:0.722404]
2023-11-11 16:38:29.777 | INFO     | DSH:train:125 - [epoch:3/3][loss:0.720308]
2023-11-11 16:38:29.778 | INFO     | DSH:train:129 - [iter:25/50][iter_time:43.71]
2023-11-11 16:40:41.360 | INFO     | DSH:train:200 - [iter:25/50][code_length:32][mAP:0.18548][mAP_all:0.16943][best_mAP:0.18548]
2023-11-11 16:40:41.360 | INFO     | DSH:train:201 - [iter:25/50][code_length:32][zs_mAP:0.25046][zs_mAP_all:0.07915]
2023-11-11 16:40:55.691 | INFO     | DSH:train:125 - [epoch:1/3][loss:0.376739]
2023-11-11 16:41:10.392 | INFO     | DSH:train:125 - [epoch:2/3][loss:0.713346]
2023-11-11 16:41:25.115 | INFO     | DSH:train:125 - [epoch:3/3][loss:0.710656]
2023-11-11 16:41:25.116 | INFO     | DSH:train:129 - [iter:26/50][iter_time:43.76]
2023-11-11 16:43:35.904 | INFO     | DSH:train:200 - [iter:26/50][code_length:32][mAP:0.18396][mAP_all:0.16862][best_mAP:0.18548]
2023-11-11 16:43:35.905 | INFO     | DSH:train:201 - [iter:26/50][code_length:32][zs_mAP:0.24930][zs_mAP_all:0.07985]
2023-11-11 16:43:50.244 | INFO     | DSH:train:125 - [epoch:1/3][loss:0.370397]
2023-11-11 16:44:04.988 | INFO     | DSH:train:125 - [epoch:2/3][loss:0.705494]
2023-11-11 16:44:19.719 | INFO     | DSH:train:125 - [epoch:3/3][loss:0.701626]
2023-11-11 16:44:19.719 | INFO     | DSH:train:129 - [iter:27/50][iter_time:43.81]
2023-11-11 16:46:31.135 | INFO     | DSH:train:200 - [iter:27/50][code_length:32][mAP:0.19140][mAP_all:0.17523][best_mAP:0.19140]
2023-11-11 16:46:31.135 | INFO     | DSH:train:201 - [iter:27/50][code_length:32][zs_mAP:0.26253][zs_mAP_all:0.08662]
2023-11-11 16:46:45.457 | INFO     | DSH:train:125 - [epoch:1/3][loss:0.368440]
2023-11-11 16:47:00.073 | INFO     | DSH:train:125 - [epoch:2/3][loss:0.696764]
2023-11-11 16:47:14.837 | INFO     | DSH:train:125 - [epoch:3/3][loss:0.698073]
2023-11-11 16:47:14.838 | INFO     | DSH:train:129 - [iter:28/50][iter_time:43.70]
2023-11-11 16:49:26.154 | INFO     | DSH:train:200 - [iter:28/50][code_length:32][mAP:0.21588][mAP_all:0.19766][best_mAP:0.21588]
2023-11-11 16:49:26.154 | INFO     | DSH:train:201 - [iter:28/50][code_length:32][zs_mAP:0.26712][zs_mAP_all:0.08783]
2023-11-11 16:49:40.521 | INFO     | DSH:train:125 - [epoch:1/3][loss:0.373018]
2023-11-11 16:49:55.140 | INFO     | DSH:train:125 - [epoch:2/3][loss:0.706665]
2023-11-11 16:50:09.836 | INFO     | DSH:train:125 - [epoch:3/3][loss:0.702811]
2023-11-11 16:50:09.837 | INFO     | DSH:train:129 - [iter:29/50][iter_time:43.68]
2023-11-11 16:52:21.367 | INFO     | DSH:train:200 - [iter:29/50][code_length:32][mAP:0.21722][mAP_all:0.19902][best_mAP:0.21722]
2023-11-11 16:52:21.367 | INFO     | DSH:train:201 - [iter:29/50][code_length:32][zs_mAP:0.26538][zs_mAP_all:0.08962]
2023-11-11 16:52:35.480 | INFO     | DSH:train:125 - [epoch:1/3][loss:0.362838]
2023-11-11 16:52:49.954 | INFO     | DSH:train:125 - [epoch:2/3][loss:0.687942]
2023-11-11 16:53:04.499 | INFO     | DSH:train:125 - [epoch:3/3][loss:0.683399]
2023-11-11 16:53:04.500 | INFO     | DSH:train:129 - [iter:30/50][iter_time:43.13]
2023-11-11 16:55:15.374 | INFO     | DSH:train:200 - [iter:30/50][code_length:32][mAP:0.21883][mAP_all:0.20012][best_mAP:0.21883]
2023-11-11 16:55:15.374 | INFO     | DSH:train:201 - [iter:30/50][code_length:32][zs_mAP:0.27876][zs_mAP_all:0.09232]
2023-11-11 16:55:29.491 | INFO     | DSH:train:125 - [epoch:1/3][loss:0.363525]
2023-11-11 16:55:43.996 | INFO     | DSH:train:125 - [epoch:2/3][loss:0.691818]
2023-11-11 16:55:58.522 | INFO     | DSH:train:125 - [epoch:3/3][loss:0.685027]
2023-11-11 16:55:58.522 | INFO     | DSH:train:129 - [iter:31/50][iter_time:43.15]
2023-11-11 16:58:09.058 | INFO     | DSH:train:200 - [iter:31/50][code_length:32][mAP:0.20828][mAP_all:0.19083][best_mAP:0.21883]
2023-11-11 16:58:09.059 | INFO     | DSH:train:201 - [iter:31/50][code_length:32][zs_mAP:0.26724][zs_mAP_all:0.09222]
2023-11-11 16:58:23.235 | INFO     | DSH:train:125 - [epoch:1/3][loss:0.359703]
2023-11-11 16:58:37.750 | INFO     | DSH:train:125 - [epoch:2/3][loss:0.687888]
2023-11-11 16:58:52.291 | INFO     | DSH:train:125 - [epoch:3/3][loss:0.679513]
2023-11-11 16:58:52.291 | INFO     | DSH:train:129 - [iter:32/50][iter_time:43.23]
2023-11-11 17:01:03.447 | INFO     | DSH:train:200 - [iter:32/50][code_length:32][mAP:0.23226][mAP_all:0.21366][best_mAP:0.23226]
2023-11-11 17:01:03.447 | INFO     | DSH:train:201 - [iter:32/50][code_length:32][zs_mAP:0.27656][zs_mAP_all:0.09410]
2023-11-11 17:01:17.625 | INFO     | DSH:train:125 - [epoch:1/3][loss:0.353906]
2023-11-11 17:01:32.150 | INFO     | DSH:train:125 - [epoch:2/3][loss:0.680784]
2023-11-11 17:01:46.728 | INFO     | DSH:train:125 - [epoch:3/3][loss:0.675152]
2023-11-11 17:01:46.728 | INFO     | DSH:train:129 - [iter:33/50][iter_time:43.28]
2023-11-11 17:03:57.593 | INFO     | DSH:train:200 - [iter:33/50][code_length:32][mAP:0.23199][mAP_all:0.21310][best_mAP:0.23226]
2023-11-11 17:03:57.593 | INFO     | DSH:train:201 - [iter:33/50][code_length:32][zs_mAP:0.28154][zs_mAP_all:0.09746]
2023-11-11 17:04:11.804 | INFO     | DSH:train:125 - [epoch:1/3][loss:0.361244]
2023-11-11 17:04:26.355 | INFO     | DSH:train:125 - [epoch:2/3][loss:0.689260]
2023-11-11 17:04:40.924 | INFO     | DSH:train:125 - [epoch:3/3][loss:0.679802]
2023-11-11 17:04:40.924 | INFO     | DSH:train:129 - [iter:34/50][iter_time:43.33]
2023-11-11 17:06:52.190 | INFO     | DSH:train:200 - [iter:34/50][code_length:32][mAP:0.24473][mAP_all:0.22431][best_mAP:0.24473]
2023-11-11 17:06:52.190 | INFO     | DSH:train:201 - [iter:34/50][code_length:32][zs_mAP:0.28687][zs_mAP_all:0.09604]
2023-11-11 17:07:06.346 | INFO     | DSH:train:125 - [epoch:1/3][loss:0.349546]
2023-11-11 17:07:20.846 | INFO     | DSH:train:125 - [epoch:2/3][loss:0.664818]
2023-11-11 17:07:35.376 | INFO     | DSH:train:125 - [epoch:3/3][loss:0.661834]
2023-11-11 17:07:35.376 | INFO     | DSH:train:129 - [iter:35/50][iter_time:43.19]
2023-11-11 17:09:46.429 | INFO     | DSH:train:200 - [iter:35/50][code_length:32][mAP:0.24686][mAP_all:0.22749][best_mAP:0.24686]
2023-11-11 17:09:46.430 | INFO     | DSH:train:201 - [iter:35/50][code_length:32][zs_mAP:0.28620][zs_mAP_all:0.09785]
2023-11-11 17:10:00.625 | INFO     | DSH:train:125 - [epoch:1/3][loss:0.352388]
2023-11-11 17:10:15.167 | INFO     | DSH:train:125 - [epoch:2/3][loss:0.678650]
2023-11-11 17:10:29.733 | INFO     | DSH:train:125 - [epoch:3/3][loss:0.675375]
2023-11-11 17:10:29.734 | INFO     | DSH:train:129 - [iter:36/50][iter_time:43.30]
2023-11-11 17:12:41.239 | INFO     | DSH:train:200 - [iter:36/50][code_length:32][mAP:0.24747][mAP_all:0.22784][best_mAP:0.24747]
2023-11-11 17:12:41.239 | INFO     | DSH:train:201 - [iter:36/50][code_length:32][zs_mAP:0.28313][zs_mAP_all:0.09740]
2023-11-11 17:12:55.438 | INFO     | DSH:train:125 - [epoch:1/3][loss:0.350196]
2023-11-11 17:13:10.028 | INFO     | DSH:train:125 - [epoch:2/3][loss:0.675253]
2023-11-11 17:13:24.629 | INFO     | DSH:train:125 - [epoch:3/3][loss:0.665669]
2023-11-11 17:13:24.630 | INFO     | DSH:train:129 - [iter:37/50][iter_time:43.39]
2023-11-11 17:15:36.163 | INFO     | DSH:train:200 - [iter:37/50][code_length:32][mAP:0.25481][mAP_all:0.23414][best_mAP:0.25481]
2023-11-11 17:15:36.163 | INFO     | DSH:train:201 - [iter:37/50][code_length:32][zs_mAP:0.29562][zs_mAP_all:0.10383]
2023-11-11 17:15:50.368 | INFO     | DSH:train:125 - [epoch:1/3][loss:0.347084]
2023-11-11 17:16:04.929 | INFO     | DSH:train:125 - [epoch:2/3][loss:0.664426]
2023-11-11 17:16:19.513 | INFO     | DSH:train:125 - [epoch:3/3][loss:0.655819]
2023-11-11 17:16:19.513 | INFO     | DSH:train:129 - [iter:38/50][iter_time:43.35]
2023-11-11 17:18:30.920 | INFO     | DSH:train:200 - [iter:38/50][code_length:32][mAP:0.26437][mAP_all:0.24352][best_mAP:0.26437]
2023-11-11 17:18:30.920 | INFO     | DSH:train:201 - [iter:38/50][code_length:32][zs_mAP:0.30149][zs_mAP_all:0.10663]
2023-11-11 17:18:45.123 | INFO     | DSH:train:125 - [epoch:1/3][loss:0.347510]
2023-11-11 17:18:59.677 | INFO     | DSH:train:125 - [epoch:2/3][loss:0.662198]
2023-11-11 17:19:14.267 | INFO     | DSH:train:125 - [epoch:3/3][loss:0.652699]
2023-11-11 17:19:14.267 | INFO     | DSH:train:129 - [iter:39/50][iter_time:43.35]
2023-11-11 17:21:25.462 | INFO     | DSH:train:200 - [iter:39/50][code_length:32][mAP:0.26401][mAP_all:0.24288][best_mAP:0.26437]
2023-11-11 17:21:25.463 | INFO     | DSH:train:201 - [iter:39/50][code_length:32][zs_mAP:0.29257][zs_mAP_all:0.10345]
2023-11-11 17:21:39.717 | INFO     | DSH:train:125 - [epoch:1/3][loss:0.342166]
2023-11-11 17:21:54.313 | INFO     | DSH:train:125 - [epoch:2/3][loss:0.656912]
2023-11-11 17:22:08.914 | INFO     | DSH:train:125 - [epoch:3/3][loss:0.642300]
2023-11-11 17:22:08.915 | INFO     | DSH:train:129 - [iter:40/50][iter_time:43.45]
2023-11-11 17:24:20.597 | INFO     | DSH:train:200 - [iter:40/50][code_length:32][mAP:0.27750][mAP_all:0.25537][best_mAP:0.27750]
2023-11-11 17:24:20.597 | INFO     | DSH:train:201 - [iter:40/50][code_length:32][zs_mAP:0.29688][zs_mAP_all:0.10467]
2023-11-11 17:24:34.821 | INFO     | DSH:train:125 - [epoch:1/3][loss:0.345421]
2023-11-11 17:24:49.385 | INFO     | DSH:train:125 - [epoch:2/3][loss:0.663370]
2023-11-11 17:25:03.989 | INFO     | DSH:train:125 - [epoch:3/3][loss:0.656826]
2023-11-11 17:25:03.989 | INFO     | DSH:train:129 - [iter:41/50][iter_time:43.39]
2023-11-11 17:27:15.645 | INFO     | DSH:train:200 - [iter:41/50][code_length:32][mAP:0.28078][mAP_all:0.25855][best_mAP:0.28078]
2023-11-11 17:27:15.645 | INFO     | DSH:train:201 - [iter:41/50][code_length:32][zs_mAP:0.31026][zs_mAP_all:0.11352]
2023-11-11 17:27:29.846 | INFO     | DSH:train:125 - [epoch:1/3][loss:0.337688]
2023-11-11 17:27:44.404 | INFO     | DSH:train:125 - [epoch:2/3][loss:0.644983]
2023-11-11 17:27:58.975 | INFO     | DSH:train:125 - [epoch:3/3][loss:0.639956]
2023-11-11 17:27:58.975 | INFO     | DSH:train:129 - [iter:42/50][iter_time:43.33]
2023-11-11 17:30:10.137 | INFO     | DSH:train:200 - [iter:42/50][code_length:32][mAP:0.27894][mAP_all:0.25753][best_mAP:0.28078]
2023-11-11 17:30:10.138 | INFO     | DSH:train:201 - [iter:42/50][code_length:32][zs_mAP:0.28933][zs_mAP_all:0.10043]
2023-11-11 17:30:24.411 | INFO     | DSH:train:125 - [epoch:1/3][loss:0.337995]
2023-11-11 17:30:39.006 | INFO     | DSH:train:125 - [epoch:2/3][loss:0.649231]
2023-11-11 17:30:53.609 | INFO     | DSH:train:125 - [epoch:3/3][loss:0.636832]
2023-11-11 17:30:53.610 | INFO     | DSH:train:129 - [iter:43/50][iter_time:43.47]
2023-11-11 17:33:05.331 | INFO     | DSH:train:200 - [iter:43/50][code_length:32][mAP:0.28956][mAP_all:0.26677][best_mAP:0.28956]
2023-11-11 17:33:05.332 | INFO     | DSH:train:201 - [iter:43/50][code_length:32][zs_mAP:0.30806][zs_mAP_all:0.11290]
2023-11-11 17:33:19.546 | INFO     | DSH:train:125 - [epoch:1/3][loss:0.334180]
2023-11-11 17:33:34.122 | INFO     | DSH:train:125 - [epoch:2/3][loss:0.645242]
2023-11-11 17:33:48.716 | INFO     | DSH:train:125 - [epoch:3/3][loss:0.636238]
2023-11-11 17:33:48.716 | INFO     | DSH:train:129 - [iter:44/50][iter_time:43.38]
2023-11-11 17:36:00.475 | INFO     | DSH:train:200 - [iter:44/50][code_length:32][mAP:0.29037][mAP_all:0.26736][best_mAP:0.29037]
2023-11-11 17:36:00.475 | INFO     | DSH:train:201 - [iter:44/50][code_length:32][zs_mAP:0.30836][zs_mAP_all:0.11064]
2023-11-11 17:36:14.714 | INFO     | DSH:train:125 - [epoch:1/3][loss:0.335512]
2023-11-11 17:36:29.356 | INFO     | DSH:train:125 - [epoch:2/3][loss:0.638991]
2023-11-11 17:36:43.957 | INFO     | DSH:train:125 - [epoch:3/3][loss:0.628176]
2023-11-11 17:36:43.958 | INFO     | DSH:train:129 - [iter:45/50][iter_time:43.48]
2023-11-11 17:38:55.917 | INFO     | DSH:train:200 - [iter:45/50][code_length:32][mAP:0.30114][mAP_all:0.27693][best_mAP:0.30114]
2023-11-11 17:38:55.918 | INFO     | DSH:train:201 - [iter:45/50][code_length:32][zs_mAP:0.31833][zs_mAP_all:0.11710]
2023-11-11 17:39:10.198 | INFO     | DSH:train:125 - [epoch:1/3][loss:0.334171]
2023-11-11 17:39:24.771 | INFO     | DSH:train:125 - [epoch:2/3][loss:0.646432]
2023-11-11 17:39:39.413 | INFO     | DSH:train:125 - [epoch:3/3][loss:0.645408]
2023-11-11 17:39:39.413 | INFO     | DSH:train:129 - [iter:46/50][iter_time:43.50]
2023-11-11 17:41:51.079 | INFO     | DSH:train:200 - [iter:46/50][code_length:32][mAP:0.30188][mAP_all:0.27772][best_mAP:0.30188]
2023-11-11 17:41:51.079 | INFO     | DSH:train:201 - [iter:46/50][code_length:32][zs_mAP:0.31442][zs_mAP_all:0.11566]
2023-11-11 17:42:05.312 | INFO     | DSH:train:125 - [epoch:1/3][loss:0.329529]
2023-11-11 17:42:19.859 | INFO     | DSH:train:125 - [epoch:2/3][loss:0.638968]
2023-11-11 17:42:34.436 | INFO     | DSH:train:125 - [epoch:3/3][loss:0.639650]
2023-11-11 17:42:34.437 | INFO     | DSH:train:129 - [iter:47/50][iter_time:43.36]
2023-11-11 17:44:45.811 | INFO     | DSH:train:200 - [iter:47/50][code_length:32][mAP:0.30568][mAP_all:0.28152][best_mAP:0.30568]
2023-11-11 17:44:45.812 | INFO     | DSH:train:201 - [iter:47/50][code_length:32][zs_mAP:0.32003][zs_mAP_all:0.11808]
2023-11-11 17:44:59.977 | INFO     | DSH:train:125 - [epoch:1/3][loss:0.329127]
2023-11-11 17:45:14.498 | INFO     | DSH:train:125 - [epoch:2/3][loss:0.636574]
2023-11-11 17:45:29.074 | INFO     | DSH:train:125 - [epoch:3/3][loss:0.635337]
2023-11-11 17:45:29.075 | INFO     | DSH:train:129 - [iter:48/50][iter_time:43.26]
2023-11-11 17:47:40.338 | INFO     | DSH:train:200 - [iter:48/50][code_length:32][mAP:0.30625][mAP_all:0.28191][best_mAP:0.30625]
2023-11-11 17:47:40.338 | INFO     | DSH:train:201 - [iter:48/50][code_length:32][zs_mAP:0.32063][zs_mAP_all:0.11907]
2023-11-11 17:47:54.466 | INFO     | DSH:train:125 - [epoch:1/3][loss:0.334698]
2023-11-11 17:48:08.972 | INFO     | DSH:train:125 - [epoch:2/3][loss:0.643706]
2023-11-11 17:48:23.536 | INFO     | DSH:train:125 - [epoch:3/3][loss:0.640805]
2023-11-11 17:48:23.537 | INFO     | DSH:train:129 - [iter:49/50][iter_time:43.20]
2023-11-11 17:50:34.699 | INFO     | DSH:train:200 - [iter:49/50][code_length:32][mAP:0.30729][mAP_all:0.28306][best_mAP:0.30729]
2023-11-11 17:50:34.700 | INFO     | DSH:train:201 - [iter:49/50][code_length:32][zs_mAP:0.31680][zs_mAP_all:0.11737]
2023-11-11 17:50:48.856 | INFO     | DSH:train:125 - [epoch:1/3][loss:0.329777]
2023-11-11 17:51:03.367 | INFO     | DSH:train:125 - [epoch:2/3][loss:0.634480]
2023-11-11 17:51:17.906 | INFO     | DSH:train:125 - [epoch:3/3][loss:0.631281]
2023-11-11 17:51:17.906 | INFO     | DSH:train:129 - [iter:50/50][iter_time:43.21]
2023-11-11 17:53:28.434 | INFO     | DSH:train:200 - [iter:50/50][code_length:32][mAP:0.30601][mAP_all:0.28188][best_mAP:0.30729]
2023-11-11 17:53:28.435 | INFO     | DSH:train:201 - [iter:50/50][code_length:32][zs_mAP:0.31800][zs_mAP_all:0.11686]
2023-11-11 17:53:28.435 | INFO     | DSH:train:204 - [Training time:8741.04]
2023-11-11 17:53:28.437 | INFO     | __main__:run:126 - [code_length:32][map:0.3073][map_all:0.2831][zs_map:0.3168][zs_map_all:0.1174]
2023-11-11 17:53:42.965 | INFO     | DSH:train:125 - [epoch:1/3][loss:8.138918]
2023-11-11 17:53:57.467 | INFO     | DSH:train:125 - [epoch:2/3][loss:7.472795]
2023-11-11 17:54:12.008 | INFO     | DSH:train:125 - [epoch:3/3][loss:3.845444]
2023-11-11 17:54:12.008 | INFO     | DSH:train:129 - [iter:1/50][iter_time:43.22]
2023-11-11 17:56:22.914 | INFO     | DSH:train:200 - [iter:1/50][code_length:64][mAP:0.04261][mAP_all:0.04194][best_mAP:0.04261]
2023-11-11 17:56:22.914 | INFO     | DSH:train:201 - [iter:1/50][code_length:64][zs_mAP:0.09944][zs_mAP_all:0.01046]
2023-11-11 17:56:37.120 | INFO     | DSH:train:125 - [epoch:1/3][loss:2.173317]
2023-11-11 17:56:51.646 | INFO     | DSH:train:125 - [epoch:2/3][loss:3.277460]
2023-11-11 17:57:06.165 | INFO     | DSH:train:125 - [epoch:3/3][loss:2.826491]
2023-11-11 17:57:06.166 | INFO     | DSH:train:129 - [iter:2/50][iter_time:43.25]
2023-11-11 17:59:17.294 | INFO     | DSH:train:200 - [iter:2/50][code_length:64][mAP:0.05384][mAP_all:0.05103][best_mAP:0.05384]
2023-11-11 17:59:17.295 | INFO     | DSH:train:201 - [iter:2/50][code_length:64][zs_mAP:0.12118][zs_mAP_all:0.02162]
2023-11-11 17:59:31.433 | INFO     | DSH:train:125 - [epoch:1/3][loss:1.646838]
2023-11-11 17:59:45.918 | INFO     | DSH:train:125 - [epoch:2/3][loss:2.773829]
2023-11-11 18:00:00.443 | INFO     | DSH:train:125 - [epoch:3/3][loss:2.505155]
2023-11-11 18:00:00.444 | INFO     | DSH:train:129 - [iter:3/50][iter_time:43.15]
2023-11-11 18:02:11.453 | INFO     | DSH:train:200 - [iter:3/50][code_length:64][mAP:0.06774][mAP_all:0.06257][best_mAP:0.06774]
2023-11-11 18:02:11.454 | INFO     | DSH:train:201 - [iter:3/50][code_length:64][zs_mAP:0.13784][zs_mAP_all:0.03071]
2023-11-11 18:02:25.523 | INFO     | DSH:train:125 - [epoch:1/3][loss:1.404300]
2023-11-11 18:02:39.978 | INFO     | DSH:train:125 - [epoch:2/3][loss:2.435365]
2023-11-11 18:02:54.467 | INFO     | DSH:train:125 - [epoch:3/3][loss:2.248619]
2023-11-11 18:02:54.467 | INFO     | DSH:train:129 - [iter:4/50][iter_time:43.01]
2023-11-11 18:05:05.615 | INFO     | DSH:train:200 - [iter:4/50][code_length:64][mAP:0.08292][mAP_all:0.07586][best_mAP:0.08292]
2023-11-11 18:05:05.615 | INFO     | DSH:train:201 - [iter:4/50][code_length:64][zs_mAP:0.15791][zs_mAP_all:0.03784]
2023-11-11 18:05:19.786 | INFO     | DSH:train:125 - [epoch:1/3][loss:1.241357]
2023-11-11 18:05:34.280 | INFO     | DSH:train:125 - [epoch:2/3][loss:2.259332]
2023-11-11 18:05:48.834 | INFO     | DSH:train:125 - [epoch:3/3][loss:2.077845]
2023-11-11 18:05:48.834 | INFO     | DSH:train:129 - [iter:5/50][iter_time:43.22]
2023-11-11 18:07:59.939 | INFO     | DSH:train:200 - [iter:5/50][code_length:64][mAP:0.08775][mAP_all:0.08171][best_mAP:0.08775]
2023-11-11 18:07:59.940 | INFO     | DSH:train:201 - [iter:5/50][code_length:64][zs_mAP:0.15396][zs_mAP_all:0.03615]
2023-11-11 18:08:14.105 | INFO     | DSH:train:125 - [epoch:1/3][loss:1.137667]
2023-11-11 18:08:28.619 | INFO     | DSH:train:125 - [epoch:2/3][loss:2.064075]
2023-11-11 18:08:43.161 | INFO     | DSH:train:125 - [epoch:3/3][loss:1.937545]
2023-11-11 18:08:43.162 | INFO     | DSH:train:129 - [iter:6/50][iter_time:43.22]
2023-11-11 18:10:54.379 | INFO     | DSH:train:200 - [iter:6/50][code_length:64][mAP:0.10916][mAP_all:0.09938][best_mAP:0.10916]
2023-11-11 18:10:54.379 | INFO     | DSH:train:201 - [iter:6/50][code_length:64][zs_mAP:0.19622][zs_mAP_all:0.05362]
2023-11-11 18:11:08.577 | INFO     | DSH:train:125 - [epoch:1/3][loss:1.056800]
2023-11-11 18:11:23.200 | INFO     | DSH:train:125 - [epoch:2/3][loss:1.912410]
2023-11-11 18:11:37.729 | INFO     | DSH:train:125 - [epoch:3/3][loss:1.831568]
2023-11-11 18:11:37.729 | INFO     | DSH:train:129 - [iter:7/50][iter_time:43.35]
2023-11-11 18:13:50.517 | INFO     | DSH:train:200 - [iter:7/50][code_length:64][mAP:0.11640][mAP_all:0.10642][best_mAP:0.11640]
2023-11-11 18:13:50.517 | INFO     | DSH:train:201 - [iter:7/50][code_length:64][zs_mAP:0.19959][zs_mAP_all:0.05619]
2023-11-11 18:14:05.267 | INFO     | DSH:train:125 - [epoch:1/3][loss:1.012455]
2023-11-11 18:14:20.555 | INFO     | DSH:train:125 - [epoch:2/3][loss:1.859588]
2023-11-11 18:14:36.135 | INFO     | DSH:train:125 - [epoch:3/3][loss:1.778702]
2023-11-11 18:14:36.136 | INFO     | DSH:train:129 - [iter:8/50][iter_time:45.62]
2023-11-11 18:16:55.094 | INFO     | DSH:train:200 - [iter:8/50][code_length:64][mAP:0.12369][mAP_all:0.11284][best_mAP:0.12369]
2023-11-11 18:16:55.094 | INFO     | DSH:train:201 - [iter:8/50][code_length:64][zs_mAP:0.19583][zs_mAP_all:0.05645]
2023-11-11 18:17:09.321 | INFO     | DSH:train:125 - [epoch:1/3][loss:0.963481]
2023-11-11 18:17:23.924 | INFO     | DSH:train:125 - [epoch:2/3][loss:1.785140]
2023-11-11 18:17:38.548 | INFO     | DSH:train:125 - [epoch:3/3][loss:1.720174]
2023-11-11 18:17:38.548 | INFO     | DSH:train:129 - [iter:9/50][iter_time:43.45]
2023-11-11 18:19:50.243 | INFO     | DSH:train:200 - [iter:9/50][code_length:64][mAP:0.12912][mAP_all:0.11786][best_mAP:0.12912]
2023-11-11 18:19:50.244 | INFO     | DSH:train:201 - [iter:9/50][code_length:64][zs_mAP:0.19602][zs_mAP_all:0.05724]
2023-11-11 18:20:04.477 | INFO     | DSH:train:125 - [epoch:1/3][loss:0.929706]
2023-11-11 18:20:19.083 | INFO     | DSH:train:125 - [epoch:2/3][loss:1.721079]
2023-11-11 18:20:33.775 | INFO     | DSH:train:125 - [epoch:3/3][loss:1.662131]
2023-11-11 18:20:33.776 | INFO     | DSH:train:129 - [iter:10/50][iter_time:43.53]
2023-11-11 18:22:45.909 | INFO     | DSH:train:200 - [iter:10/50][code_length:64][mAP:0.15144][mAP_all:0.13757][best_mAP:0.15144]
2023-11-11 18:22:45.910 | INFO     | DSH:train:201 - [iter:10/50][code_length:64][zs_mAP:0.22720][zs_mAP_all:0.06902]
2023-11-11 18:23:00.161 | INFO     | DSH:train:125 - [epoch:1/3][loss:0.900552]
2023-11-11 18:23:14.798 | INFO     | DSH:train:125 - [epoch:2/3][loss:1.665073]
2023-11-11 18:23:29.515 | INFO     | DSH:train:125 - [epoch:3/3][loss:1.631254]
2023-11-11 18:23:29.515 | INFO     | DSH:train:129 - [iter:11/50][iter_time:43.61]
2023-11-11 18:25:41.673 | INFO     | DSH:train:200 - [iter:11/50][code_length:64][mAP:0.16645][mAP_all:0.15021][best_mAP:0.16645]
2023-11-11 18:25:41.673 | INFO     | DSH:train:201 - [iter:11/50][code_length:64][zs_mAP:0.25385][zs_mAP_all:0.08343]
2023-11-11 18:25:55.991 | INFO     | DSH:train:125 - [epoch:1/3][loss:0.867691]
2023-11-11 18:26:10.623 | INFO     | DSH:train:125 - [epoch:2/3][loss:1.625144]
2023-11-11 18:26:25.298 | INFO     | DSH:train:125 - [epoch:3/3][loss:1.601918]
2023-11-11 18:26:25.298 | INFO     | DSH:train:129 - [iter:12/50][iter_time:43.62]
2023-11-11 18:28:37.346 | INFO     | DSH:train:200 - [iter:12/50][code_length:64][mAP:0.17941][mAP_all:0.16215][best_mAP:0.17941]
2023-11-11 18:28:37.346 | INFO     | DSH:train:201 - [iter:12/50][code_length:64][zs_mAP:0.25226][zs_mAP_all:0.08182]
2023-11-11 18:28:51.701 | INFO     | DSH:train:125 - [epoch:1/3][loss:0.839161]
2023-11-11 18:29:06.367 | INFO     | DSH:train:125 - [epoch:2/3][loss:1.555045]
2023-11-11 18:29:21.100 | INFO     | DSH:train:125 - [epoch:3/3][loss:1.533144]
2023-11-11 18:29:21.100 | INFO     | DSH:train:129 - [iter:13/50][iter_time:43.75]
2023-11-11 18:31:33.040 | INFO     | DSH:train:200 - [iter:13/50][code_length:64][mAP:0.19595][mAP_all:0.17602][best_mAP:0.19595]
2023-11-11 18:31:33.040 | INFO     | DSH:train:201 - [iter:13/50][code_length:64][zs_mAP:0.27204][zs_mAP_all:0.09290]
2023-11-11 18:31:47.325 | INFO     | DSH:train:125 - [epoch:1/3][loss:0.804119]
2023-11-11 18:32:01.997 | INFO     | DSH:train:125 - [epoch:2/3][loss:1.523308]
2023-11-11 18:32:16.676 | INFO     | DSH:train:125 - [epoch:3/3][loss:1.501151]
2023-11-11 18:32:16.677 | INFO     | DSH:train:129 - [iter:14/50][iter_time:43.64]
2023-11-11 18:34:28.553 | INFO     | DSH:train:200 - [iter:14/50][code_length:64][mAP:0.20071][mAP_all:0.18062][best_mAP:0.20071]
2023-11-11 18:34:28.554 | INFO     | DSH:train:201 - [iter:14/50][code_length:64][zs_mAP:0.27815][zs_mAP_all:0.09662]
2023-11-11 18:34:42.872 | INFO     | DSH:train:125 - [epoch:1/3][loss:0.787301]
2023-11-11 18:34:57.534 | INFO     | DSH:train:125 - [epoch:2/3][loss:1.481349]
2023-11-11 18:35:12.258 | INFO     | DSH:train:125 - [epoch:3/3][loss:1.483526]
2023-11-11 18:35:12.258 | INFO     | DSH:train:129 - [iter:15/50][iter_time:43.70]
2023-11-11 18:37:24.305 | INFO     | DSH:train:200 - [iter:15/50][code_length:64][mAP:0.20502][mAP_all:0.18438][best_mAP:0.20502]
2023-11-11 18:37:24.305 | INFO     | DSH:train:201 - [iter:15/50][code_length:64][zs_mAP:0.28246][zs_mAP_all:0.10113]
2023-11-11 18:37:38.481 | INFO     | DSH:train:125 - [epoch:1/3][loss:0.781327]
2023-11-11 18:37:53.067 | INFO     | DSH:train:125 - [epoch:2/3][loss:1.487667]
2023-11-11 18:38:07.630 | INFO     | DSH:train:125 - [epoch:3/3][loss:1.475248]
2023-11-11 18:38:07.631 | INFO     | DSH:train:129 - [iter:16/50][iter_time:43.33]
2023-11-11 18:40:19.101 | INFO     | DSH:train:200 - [iter:16/50][code_length:64][mAP:0.21758][mAP_all:0.19647][best_mAP:0.21758]
2023-11-11 18:40:19.101 | INFO     | DSH:train:201 - [iter:16/50][code_length:64][zs_mAP:0.28145][zs_mAP_all:0.10048]
2023-11-11 18:40:33.314 | INFO     | DSH:train:125 - [epoch:1/3][loss:0.783722]
2023-11-11 18:40:47.883 | INFO     | DSH:train:125 - [epoch:2/3][loss:1.482519]
2023-11-11 18:41:02.552 | INFO     | DSH:train:125 - [epoch:3/3][loss:1.458488]
2023-11-11 18:41:02.552 | INFO     | DSH:train:129 - [iter:17/50][iter_time:43.45]
2023-11-11 18:43:14.741 | INFO     | DSH:train:200 - [iter:17/50][code_length:64][mAP:0.24146][mAP_all:0.21800][best_mAP:0.24146]
2023-11-11 18:43:14.742 | INFO     | DSH:train:201 - [iter:17/50][code_length:64][zs_mAP:0.30975][zs_mAP_all:0.11291]
2023-11-11 18:43:28.948 | INFO     | DSH:train:125 - [epoch:1/3][loss:0.747262]
2023-11-11 18:43:43.505 | INFO     | DSH:train:125 - [epoch:2/3][loss:1.408451]
2023-11-11 18:43:58.108 | INFO     | DSH:train:125 - [epoch:3/3][loss:1.396486]
2023-11-11 18:43:58.108 | INFO     | DSH:train:129 - [iter:18/50][iter_time:43.37]
2023-11-11 18:46:09.549 | INFO     | DSH:train:200 - [iter:18/50][code_length:64][mAP:0.25350][mAP_all:0.22839][best_mAP:0.25350]
2023-11-11 18:46:09.549 | INFO     | DSH:train:201 - [iter:18/50][code_length:64][zs_mAP:0.32446][zs_mAP_all:0.12266]
2023-11-11 18:46:23.703 | INFO     | DSH:train:125 - [epoch:1/3][loss:0.753219]
2023-11-11 18:46:38.196 | INFO     | DSH:train:125 - [epoch:2/3][loss:1.427140]
2023-11-11 18:46:52.778 | INFO     | DSH:train:125 - [epoch:3/3][loss:1.416617]
2023-11-11 18:46:52.778 | INFO     | DSH:train:129 - [iter:19/50][iter_time:43.23]
2023-11-11 18:49:04.056 | INFO     | DSH:train:200 - [iter:19/50][code_length:64][mAP:0.25462][mAP_all:0.22948][best_mAP:0.25462]
2023-11-11 18:49:04.056 | INFO     | DSH:train:201 - [iter:19/50][code_length:64][zs_mAP:0.32322][zs_mAP_all:0.11970]
2023-11-11 18:49:18.226 | INFO     | DSH:train:125 - [epoch:1/3][loss:0.732024]
2023-11-11 18:49:32.756 | INFO     | DSH:train:125 - [epoch:2/3][loss:1.405720]
2023-11-11 18:49:47.339 | INFO     | DSH:train:125 - [epoch:3/3][loss:1.396772]
2023-11-11 18:49:47.340 | INFO     | DSH:train:129 - [iter:20/50][iter_time:43.28]
2023-11-11 18:51:58.678 | INFO     | DSH:train:200 - [iter:20/50][code_length:64][mAP:0.26309][mAP_all:0.23819][best_mAP:0.26309]
2023-11-11 18:51:58.679 | INFO     | DSH:train:201 - [iter:20/50][code_length:64][zs_mAP:0.32502][zs_mAP_all:0.11981]
2023-11-11 18:52:12.901 | INFO     | DSH:train:125 - [epoch:1/3][loss:0.730693]
2023-11-11 18:52:27.595 | INFO     | DSH:train:125 - [epoch:2/3][loss:1.385662]
2023-11-11 18:52:42.257 | INFO     | DSH:train:125 - [epoch:3/3][loss:1.377863]
2023-11-11 18:52:42.257 | INFO     | DSH:train:129 - [iter:21/50][iter_time:43.58]
2023-11-11 18:54:53.832 | INFO     | DSH:train:200 - [iter:21/50][code_length:64][mAP:0.27106][mAP_all:0.24552][best_mAP:0.27106]
2023-11-11 18:54:53.832 | INFO     | DSH:train:201 - [iter:21/50][code_length:64][zs_mAP:0.33316][zs_mAP_all:0.12734]
2023-11-11 18:55:08.037 | INFO     | DSH:train:125 - [epoch:1/3][loss:0.727144]
2023-11-11 18:55:22.605 | INFO     | DSH:train:125 - [epoch:2/3][loss:1.380278]
2023-11-11 18:55:37.223 | INFO     | DSH:train:125 - [epoch:3/3][loss:1.353578]
2023-11-11 18:55:37.223 | INFO     | DSH:train:129 - [iter:22/50][iter_time:43.39]
2023-11-11 18:57:48.708 | INFO     | DSH:train:200 - [iter:22/50][code_length:64][mAP:0.28559][mAP_all:0.25936][best_mAP:0.28559]
2023-11-11 18:57:48.708 | INFO     | DSH:train:201 - [iter:22/50][code_length:64][zs_mAP:0.32297][zs_mAP_all:0.12334]
2023-11-11 18:58:02.924 | INFO     | DSH:train:125 - [epoch:1/3][loss:0.723090]
2023-11-11 18:58:17.488 | INFO     | DSH:train:125 - [epoch:2/3][loss:1.376990]
2023-11-11 18:58:32.115 | INFO     | DSH:train:125 - [epoch:3/3][loss:1.364361]
2023-11-11 18:58:32.115 | INFO     | DSH:train:129 - [iter:23/50][iter_time:43.41]
2023-11-11 19:00:43.594 | INFO     | DSH:train:200 - [iter:23/50][code_length:64][mAP:0.29113][mAP_all:0.26461][best_mAP:0.29113]
2023-11-11 19:00:43.594 | INFO     | DSH:train:201 - [iter:23/50][code_length:64][zs_mAP:0.32556][zs_mAP_all:0.12602]
2023-11-11 19:00:57.808 | INFO     | DSH:train:125 - [epoch:1/3][loss:0.701379]
2023-11-11 19:01:12.365 | INFO     | DSH:train:125 - [epoch:2/3][loss:1.344974]
2023-11-11 19:01:27.000 | INFO     | DSH:train:125 - [epoch:3/3][loss:1.333318]
2023-11-11 19:01:27.001 | INFO     | DSH:train:129 - [iter:24/50][iter_time:43.41]
2023-11-11 19:03:38.346 | INFO     | DSH:train:200 - [iter:24/50][code_length:64][mAP:0.30211][mAP_all:0.27446][best_mAP:0.30211]
2023-11-11 19:03:38.347 | INFO     | DSH:train:201 - [iter:24/50][code_length:64][zs_mAP:0.32800][zs_mAP_all:0.12767]
2023-11-11 19:03:52.577 | INFO     | DSH:train:125 - [epoch:1/3][loss:0.700815]
2023-11-11 19:04:07.129 | INFO     | DSH:train:125 - [epoch:2/3][loss:1.344151]
2023-11-11 19:04:21.764 | INFO     | DSH:train:125 - [epoch:3/3][loss:1.319997]
2023-11-11 19:04:21.764 | INFO     | DSH:train:129 - [iter:25/50][iter_time:43.42]
2023-11-11 19:06:33.135 | INFO     | DSH:train:200 - [iter:25/50][code_length:64][mAP:0.30339][mAP_all:0.27567][best_mAP:0.30339]
2023-11-11 19:06:33.135 | INFO     | DSH:train:201 - [iter:25/50][code_length:64][zs_mAP:0.33810][zs_mAP_all:0.13058]
2023-11-11 19:06:47.379 | INFO     | DSH:train:125 - [epoch:1/3][loss:0.693844]
2023-11-11 19:07:01.887 | INFO     | DSH:train:125 - [epoch:2/3][loss:1.333418]
2023-11-11 19:07:16.455 | INFO     | DSH:train:125 - [epoch:3/3][loss:1.326031]
2023-11-11 19:07:16.455 | INFO     | DSH:train:129 - [iter:26/50][iter_time:43.32]
2023-11-11 19:09:27.774 | INFO     | DSH:train:200 - [iter:26/50][code_length:64][mAP:0.30540][mAP_all:0.27759][best_mAP:0.30540]
2023-11-11 19:09:27.774 | INFO     | DSH:train:201 - [iter:26/50][code_length:64][zs_mAP:0.34110][zs_mAP_all:0.13275]
2023-11-11 19:09:41.916 | INFO     | DSH:train:125 - [epoch:1/3][loss:0.681249]
2023-11-11 19:09:56.398 | INFO     | DSH:train:125 - [epoch:2/3][loss:1.302979]
2023-11-11 19:10:10.930 | INFO     | DSH:train:125 - [epoch:3/3][loss:1.273900]
2023-11-11 19:10:10.930 | INFO     | DSH:train:129 - [iter:27/50][iter_time:43.16]
2023-11-11 19:12:21.946 | INFO     | DSH:train:200 - [iter:27/50][code_length:64][mAP:0.32472][mAP_all:0.29535][best_mAP:0.32472]
2023-11-11 19:12:21.947 | INFO     | DSH:train:201 - [iter:27/50][code_length:64][zs_mAP:0.35004][zs_mAP_all:0.14104]
2023-11-11 19:12:36.092 | INFO     | DSH:train:125 - [epoch:1/3][loss:0.676907]
2023-11-11 19:12:50.578 | INFO     | DSH:train:125 - [epoch:2/3][loss:1.305694]
2023-11-11 19:13:05.104 | INFO     | DSH:train:125 - [epoch:3/3][loss:1.290011]
2023-11-11 19:13:05.105 | INFO     | DSH:train:129 - [iter:28/50][iter_time:43.16]
2023-11-11 19:15:16.343 | INFO     | DSH:train:200 - [iter:28/50][code_length:64][mAP:0.32943][mAP_all:0.30030][best_mAP:0.32943]
2023-11-11 19:15:16.344 | INFO     | DSH:train:201 - [iter:28/50][code_length:64][zs_mAP:0.35598][zs_mAP_all:0.14150]
2023-11-11 19:15:30.462 | INFO     | DSH:train:125 - [epoch:1/3][loss:0.677157]
2023-11-11 19:15:44.975 | INFO     | DSH:train:125 - [epoch:2/3][loss:1.302710]
2023-11-11 19:15:59.554 | INFO     | DSH:train:125 - [epoch:3/3][loss:1.283628]
2023-11-11 19:15:59.555 | INFO     | DSH:train:129 - [iter:29/50][iter_time:43.21]
2023-11-11 19:18:11.087 | INFO     | DSH:train:200 - [iter:29/50][code_length:64][mAP:0.33470][mAP_all:0.30474][best_mAP:0.33470]
2023-11-11 19:18:11.087 | INFO     | DSH:train:201 - [iter:29/50][code_length:64][zs_mAP:0.35091][zs_mAP_all:0.13842]
2023-11-11 19:18:25.229 | INFO     | DSH:train:125 - [epoch:1/3][loss:0.668003]
2023-11-11 19:18:39.707 | INFO     | DSH:train:125 - [epoch:2/3][loss:1.287762]
2023-11-11 19:18:54.244 | INFO     | DSH:train:125 - [epoch:3/3][loss:1.260032]
2023-11-11 19:18:54.244 | INFO     | DSH:train:129 - [iter:30/50][iter_time:43.16]
2023-11-11 19:21:05.735 | INFO     | DSH:train:200 - [iter:30/50][code_length:64][mAP:0.34085][mAP_all:0.31172][best_mAP:0.34085]
2023-11-11 19:21:05.736 | INFO     | DSH:train:201 - [iter:30/50][code_length:64][zs_mAP:0.34047][zs_mAP_all:0.13686]
2023-11-11 19:21:19.933 | INFO     | DSH:train:125 - [epoch:1/3][loss:0.658764]
2023-11-11 19:21:34.482 | INFO     | DSH:train:125 - [epoch:2/3][loss:1.273945]
2023-11-11 19:21:49.070 | INFO     | DSH:train:125 - [epoch:3/3][loss:1.249185]
2023-11-11 19:21:49.071 | INFO     | DSH:train:129 - [iter:31/50][iter_time:43.34]
2023-11-11 19:24:00.553 | INFO     | DSH:train:200 - [iter:31/50][code_length:64][mAP:0.34981][mAP_all:0.32023][best_mAP:0.34981]
2023-11-11 19:24:00.554 | INFO     | DSH:train:201 - [iter:31/50][code_length:64][zs_mAP:0.35617][zs_mAP_all:0.14389]
2023-11-11 19:24:14.790 | INFO     | DSH:train:125 - [epoch:1/3][loss:0.654049]
2023-11-11 19:24:29.366 | INFO     | DSH:train:125 - [epoch:2/3][loss:1.259395]
2023-11-11 19:24:44.005 | INFO     | DSH:train:125 - [epoch:3/3][loss:1.251859]
2023-11-11 19:24:44.006 | INFO     | DSH:train:129 - [iter:32/50][iter_time:43.45]
2023-11-11 19:26:55.531 | INFO     | DSH:train:200 - [iter:32/50][code_length:64][mAP:0.36109][mAP_all:0.33027][best_mAP:0.36109]
2023-11-11 19:26:55.531 | INFO     | DSH:train:201 - [iter:32/50][code_length:64][zs_mAP:0.36909][zs_mAP_all:0.14901]
2023-11-11 19:27:09.818 | INFO     | DSH:train:125 - [epoch:1/3][loss:0.642375]
2023-11-11 19:27:24.401 | INFO     | DSH:train:125 - [epoch:2/3][loss:1.239041]
2023-11-11 19:27:39.087 | INFO     | DSH:train:125 - [epoch:3/3][loss:1.220251]
2023-11-11 19:27:39.087 | INFO     | DSH:train:129 - [iter:33/50][iter_time:43.56]
2023-11-11 19:29:50.752 | INFO     | DSH:train:200 - [iter:33/50][code_length:64][mAP:0.36610][mAP_all:0.33640][best_mAP:0.36610]
2023-11-11 19:29:50.753 | INFO     | DSH:train:201 - [iter:33/50][code_length:64][zs_mAP:0.35870][zs_mAP_all:0.14441]
2023-11-11 19:30:04.999 | INFO     | DSH:train:125 - [epoch:1/3][loss:0.654899]
2023-11-11 19:30:19.579 | INFO     | DSH:train:125 - [epoch:2/3][loss:1.258518]
2023-11-11 19:30:34.175 | INFO     | DSH:train:125 - [epoch:3/3][loss:1.239485]
2023-11-11 19:30:34.176 | INFO     | DSH:train:129 - [iter:34/50][iter_time:43.42]
2023-11-11 19:32:46.589 | INFO     | DSH:train:200 - [iter:34/50][code_length:64][mAP:0.36436][mAP_all:0.33487][best_mAP:0.36610]
2023-11-11 19:32:46.589 | INFO     | DSH:train:201 - [iter:34/50][code_length:64][zs_mAP:0.34742][zs_mAP_all:0.13713]
2023-11-11 19:33:00.914 | INFO     | DSH:train:125 - [epoch:1/3][loss:0.651248]
2023-11-11 19:33:15.750 | INFO     | DSH:train:125 - [epoch:2/3][loss:1.264112]
2023-11-11 19:33:30.700 | INFO     | DSH:train:125 - [epoch:3/3][loss:1.232784]
2023-11-11 19:33:30.700 | INFO     | DSH:train:129 - [iter:35/50][iter_time:44.11]
2023-11-11 19:35:43.364 | INFO     | DSH:train:200 - [iter:35/50][code_length:64][mAP:0.36356][mAP_all:0.33333][best_mAP:0.36610]
2023-11-11 19:35:43.364 | INFO     | DSH:train:201 - [iter:35/50][code_length:64][zs_mAP:0.35238][zs_mAP_all:0.13921]
2023-11-11 19:35:57.787 | INFO     | DSH:train:125 - [epoch:1/3][loss:0.629690]
2023-11-11 19:36:12.393 | INFO     | DSH:train:125 - [epoch:2/3][loss:1.214621]
2023-11-11 19:36:26.986 | INFO     | DSH:train:125 - [epoch:3/3][loss:1.201022]
2023-11-11 19:36:26.987 | INFO     | DSH:train:129 - [iter:36/50][iter_time:43.62]
2023-11-11 19:38:39.317 | INFO     | DSH:train:200 - [iter:36/50][code_length:64][mAP:0.37920][mAP_all:0.34754][best_mAP:0.37920]
2023-11-11 19:38:39.317 | INFO     | DSH:train:201 - [iter:36/50][code_length:64][zs_mAP:0.35548][zs_mAP_all:0.14546]
2023-11-11 19:38:53.568 | INFO     | DSH:train:125 - [epoch:1/3][loss:0.640682]
2023-11-11 19:39:08.231 | INFO     | DSH:train:125 - [epoch:2/3][loss:1.242870]
2023-11-11 19:39:22.867 | INFO     | DSH:train:125 - [epoch:3/3][loss:1.216942]
2023-11-11 19:39:22.868 | INFO     | DSH:train:129 - [iter:37/50][iter_time:43.55]
2023-11-11 19:41:34.326 | INFO     | DSH:train:200 - [iter:37/50][code_length:64][mAP:0.38648][mAP_all:0.35456][best_mAP:0.38648]
2023-11-11 19:41:34.326 | INFO     | DSH:train:201 - [iter:37/50][code_length:64][zs_mAP:0.35556][zs_mAP_all:0.14826]
2023-11-11 19:41:48.481 | INFO     | DSH:train:125 - [epoch:1/3][loss:0.630796]
2023-11-11 19:42:02.988 | INFO     | DSH:train:125 - [epoch:2/3][loss:1.216029]
2023-11-11 19:42:17.575 | INFO     | DSH:train:125 - [epoch:3/3][loss:1.194040]
2023-11-11 19:42:17.576 | INFO     | DSH:train:129 - [iter:38/50][iter_time:43.25]
2023-11-11 19:44:28.987 | INFO     | DSH:train:200 - [iter:38/50][code_length:64][mAP:0.39023][mAP_all:0.35753][best_mAP:0.39023]
2023-11-11 19:44:28.988 | INFO     | DSH:train:201 - [iter:38/50][code_length:64][zs_mAP:0.36565][zs_mAP_all:0.15271]
2023-11-11 19:44:43.204 | INFO     | DSH:train:125 - [epoch:1/3][loss:0.627013]
2023-11-11 19:44:57.798 | INFO     | DSH:train:125 - [epoch:2/3][loss:1.210968]
2023-11-11 19:45:12.444 | INFO     | DSH:train:125 - [epoch:3/3][loss:1.196815]
2023-11-11 19:45:12.445 | INFO     | DSH:train:129 - [iter:39/50][iter_time:43.46]
2023-11-11 19:47:25.063 | INFO     | DSH:train:200 - [iter:39/50][code_length:64][mAP:0.39779][mAP_all:0.36490][best_mAP:0.39779]
2023-11-11 19:47:25.063 | INFO     | DSH:train:201 - [iter:39/50][code_length:64][zs_mAP:0.36607][zs_mAP_all:0.15371]
2023-11-11 19:47:39.219 | INFO     | DSH:train:125 - [epoch:1/3][loss:0.623923]
2023-11-11 19:47:53.735 | INFO     | DSH:train:125 - [epoch:2/3][loss:1.198768]
2023-11-11 19:48:08.352 | INFO     | DSH:train:125 - [epoch:3/3][loss:1.182096]
2023-11-11 19:48:08.352 | INFO     | DSH:train:129 - [iter:40/50][iter_time:43.29]
2023-11-11 19:50:19.589 | INFO     | DSH:train:200 - [iter:40/50][code_length:64][mAP:0.40772][mAP_all:0.37497][best_mAP:0.40772]
2023-11-11 19:50:19.589 | INFO     | DSH:train:201 - [iter:40/50][code_length:64][zs_mAP:0.36693][zs_mAP_all:0.15085]
2023-11-11 19:50:33.799 | INFO     | DSH:train:125 - [epoch:1/3][loss:0.626803]
2023-11-11 19:50:48.405 | INFO     | DSH:train:125 - [epoch:2/3][loss:1.200507]
2023-11-11 19:51:03.019 | INFO     | DSH:train:125 - [epoch:3/3][loss:1.186600]
2023-11-11 19:51:03.020 | INFO     | DSH:train:129 - [iter:41/50][iter_time:43.43]
2023-11-11 19:53:13.780 | INFO     | DSH:train:200 - [iter:41/50][code_length:64][mAP:0.40750][mAP_all:0.37515][best_mAP:0.40772]
2023-11-11 19:53:13.781 | INFO     | DSH:train:201 - [iter:41/50][code_length:64][zs_mAP:0.36503][zs_mAP_all:0.14760]
2023-11-11 19:53:27.960 | INFO     | DSH:train:125 - [epoch:1/3][loss:0.620864]
2023-11-11 19:53:42.473 | INFO     | DSH:train:125 - [epoch:2/3][loss:1.195183]
2023-11-11 19:53:57.068 | INFO     | DSH:train:125 - [epoch:3/3][loss:1.192344]
2023-11-11 19:53:57.068 | INFO     | DSH:train:129 - [iter:42/50][iter_time:43.29]
2023-11-11 19:56:08.241 | INFO     | DSH:train:200 - [iter:42/50][code_length:64][mAP:0.41518][mAP_all:0.38243][best_mAP:0.41518]
2023-11-11 19:56:08.241 | INFO     | DSH:train:201 - [iter:42/50][code_length:64][zs_mAP:0.37390][zs_mAP_all:0.15289]
2023-11-11 19:56:22.383 | INFO     | DSH:train:125 - [epoch:1/3][loss:0.618731]
2023-11-11 19:56:36.872 | INFO     | DSH:train:125 - [epoch:2/3][loss:1.196916]
2023-11-11 19:56:51.374 | INFO     | DSH:train:125 - [epoch:3/3][loss:1.190317]
2023-11-11 19:56:51.374 | INFO     | DSH:train:129 - [iter:43/50][iter_time:43.13]
2023-11-11 19:59:02.456 | INFO     | DSH:train:200 - [iter:43/50][code_length:64][mAP:0.42150][mAP_all:0.38862][best_mAP:0.42150]
2023-11-11 19:59:02.457 | INFO     | DSH:train:201 - [iter:43/50][code_length:64][zs_mAP:0.38023][zs_mAP_all:0.15871]
2023-11-11 19:59:16.563 | INFO     | DSH:train:125 - [epoch:1/3][loss:0.616122]
2023-11-11 19:59:30.972 | INFO     | DSH:train:125 - [epoch:2/3][loss:1.186598]
2023-11-11 19:59:45.436 | INFO     | DSH:train:125 - [epoch:3/3][loss:1.189374]
2023-11-11 19:59:45.436 | INFO     | DSH:train:129 - [iter:44/50][iter_time:42.98]
2023-11-11 20:01:56.986 | INFO     | DSH:train:200 - [iter:44/50][code_length:64][mAP:0.42173][mAP_all:0.38841][best_mAP:0.42173]
2023-11-11 20:01:56.986 | INFO     | DSH:train:201 - [iter:44/50][code_length:64][zs_mAP:0.37584][zs_mAP_all:0.15658]
2023-11-11 20:02:11.327 | INFO     | DSH:train:125 - [epoch:1/3][loss:0.604322]
2023-11-11 20:02:26.193 | INFO     | DSH:train:125 - [epoch:2/3][loss:1.178412]
2023-11-11 20:02:41.068 | INFO     | DSH:train:125 - [epoch:3/3][loss:1.155944]
2023-11-11 20:02:41.068 | INFO     | DSH:train:129 - [iter:45/50][iter_time:44.08]
2023-11-11 20:04:53.970 | INFO     | DSH:train:200 - [iter:45/50][code_length:64][mAP:0.43511][mAP_all:0.40097][best_mAP:0.43511]
2023-11-11 20:04:53.970 | INFO     | DSH:train:201 - [iter:45/50][code_length:64][zs_mAP:0.38968][zs_mAP_all:0.16017]
2023-11-11 20:05:08.432 | INFO     | DSH:train:125 - [epoch:1/3][loss:0.603553]
2023-11-11 20:05:23.101 | INFO     | DSH:train:125 - [epoch:2/3][loss:1.172720]
2023-11-11 20:05:37.728 | INFO     | DSH:train:125 - [epoch:3/3][loss:1.165673]
2023-11-11 20:05:37.728 | INFO     | DSH:train:129 - [iter:46/50][iter_time:43.76]
2023-11-11 20:07:50.031 | INFO     | DSH:train:200 - [iter:46/50][code_length:64][mAP:0.43275][mAP_all:0.39842][best_mAP:0.43511]
2023-11-11 20:07:50.032 | INFO     | DSH:train:201 - [iter:46/50][code_length:64][zs_mAP:0.38654][zs_mAP_all:0.15838]
2023-11-11 20:08:04.505 | INFO     | DSH:train:125 - [epoch:1/3][loss:0.599109]
2023-11-11 20:08:19.286 | INFO     | DSH:train:125 - [epoch:2/3][loss:1.172938]
2023-11-11 20:08:34.282 | INFO     | DSH:train:125 - [epoch:3/3][loss:1.170652]
2023-11-11 20:08:34.283 | INFO     | DSH:train:129 - [iter:47/50][iter_time:44.25]
2023-11-11 20:10:47.431 | INFO     | DSH:train:200 - [iter:47/50][code_length:64][mAP:0.43600][mAP_all:0.40146][best_mAP:0.43600]
2023-11-11 20:10:47.431 | INFO     | DSH:train:201 - [iter:47/50][code_length:64][zs_mAP:0.38603][zs_mAP_all:0.16115]
2023-11-11 20:11:01.670 | INFO     | DSH:train:125 - [epoch:1/3][loss:0.603238]
2023-11-11 20:11:16.255 | INFO     | DSH:train:125 - [epoch:2/3][loss:1.181361]
2023-11-11 20:11:31.136 | INFO     | DSH:train:125 - [epoch:3/3][loss:1.183678]
2023-11-11 20:11:31.137 | INFO     | DSH:train:129 - [iter:48/50][iter_time:43.71]
2023-11-11 20:13:44.426 | INFO     | DSH:train:200 - [iter:48/50][code_length:64][mAP:0.43841][mAP_all:0.40458][best_mAP:0.43841]
2023-11-11 20:13:44.427 | INFO     | DSH:train:201 - [iter:48/50][code_length:64][zs_mAP:0.38682][zs_mAP_all:0.15973]
2023-11-11 20:13:58.834 | INFO     | DSH:train:125 - [epoch:1/3][loss:0.594378]
2023-11-11 20:14:13.593 | INFO     | DSH:train:125 - [epoch:2/3][loss:1.159720]
2023-11-11 20:14:28.480 | INFO     | DSH:train:125 - [epoch:3/3][loss:1.160133]
2023-11-11 20:14:28.480 | INFO     | DSH:train:129 - [iter:49/50][iter_time:44.05]
2023-11-11 20:16:41.705 | INFO     | DSH:train:200 - [iter:49/50][code_length:64][mAP:0.43998][mAP_all:0.40556][best_mAP:0.43998]
2023-11-11 20:16:41.706 | INFO     | DSH:train:201 - [iter:49/50][code_length:64][zs_mAP:0.39197][zs_mAP_all:0.16369]
2023-11-11 20:16:56.107 | INFO     | DSH:train:125 - [epoch:1/3][loss:0.597974]
2023-11-11 20:17:10.867 | INFO     | DSH:train:125 - [epoch:2/3][loss:1.163590]
2023-11-11 20:17:25.721 | INFO     | DSH:train:125 - [epoch:3/3][loss:1.156270]
2023-11-11 20:17:25.722 | INFO     | DSH:train:129 - [iter:50/50][iter_time:44.02]
2023-11-11 20:19:40.438 | INFO     | DSH:train:200 - [iter:50/50][code_length:64][mAP:0.43974][mAP_all:0.40536][best_mAP:0.43998]
2023-11-11 20:19:40.438 | INFO     | DSH:train:201 - [iter:50/50][code_length:64][zs_mAP:0.38768][zs_mAP_all:0.16206]
2023-11-11 20:19:40.439 | INFO     | DSH:train:204 - [Training time:8771.65]
2023-11-11 20:19:40.440 | INFO     | __main__:run:126 - [code_length:64][map:0.4400][map_all:0.4056][zs_map:0.3920][zs_map_all:0.1637]
