2024-09-06 06:55:05.036 | SUCCESS  | __main__:run:55 - Namespace(dataset='cifar100zs', root='/data1/dataset/cifar100/cifar-100-python', batch_size=16, lr=0.0001, wd=0.0005, optim='SGD', code_length=[96, 128, 256], max_iter=50, max_epoch=3, num_query=1000, num_samples=2000, num_workers=2, topk=1000, gpu=0, gamma=200, info='cifar100zs-5-95-ortho-09-06-96,128,256-tanh1', arch='ortho', net='ResNet50', save_ckpt='checkpoints/', lr_step=[45], align_step=50, pretrain=True, quan_loss=False, lambd_sp=0.1, lambd_ch=0.1, lambd=0.1, momen=0.9, nesterov=False, num_classes=95, val_freq=1, cauchy_gamma=20.0, margin=0.1, num_zs=5, epoch_change=11, ZS=5, flag='ortho', data='cifar100', device=device(type='cuda', index=0))
2024-09-06 06:55:26.217 | INFO     | ortho:train:225 - [epoch:1/3][loss:6.258092]
2024-09-06 06:55:42.618 | INFO     | ortho:train:225 - [epoch:2/3][loss:5.772049]
2024-09-06 06:55:59.558 | INFO     | ortho:train:225 - [epoch:3/3][loss:5.447569]
2024-09-06 06:55:59.559 | INFO     | ortho:train:228 - [iter:1/50][iter_time:50.01]
2024-09-06 06:57:22.870 | INFO     | ortho:train:299 - [iter:1/50][code_length:96][mAP:0.12797][mAP_all:0.12480][best_mAP:0.12797]
2024-09-06 06:57:22.871 | INFO     | ortho:train:300 - [iter:1/50][code_length:96][zs_mAP:0.61729][zs_mAP_all:0.10415]
2024-09-06 06:57:38.878 | INFO     | ortho:train:225 - [epoch:1/3][loss:5.501314]
2024-09-06 06:57:55.639 | INFO     | ortho:train:225 - [epoch:2/3][loss:5.258963]
2024-09-06 06:58:12.092 | INFO     | ortho:train:225 - [epoch:3/3][loss:5.078491]
2024-09-06 06:58:12.092 | INFO     | ortho:train:228 - [iter:2/50][iter_time:49.22]
2024-09-06 06:59:35.187 | INFO     | ortho:train:299 - [iter:2/50][code_length:96][mAP:0.17751][mAP_all:0.17327][best_mAP:0.17751]
2024-09-06 06:59:35.187 | INFO     | ortho:train:300 - [iter:2/50][code_length:96][zs_mAP:0.69003][zs_mAP_all:0.14016]
2024-09-06 06:59:51.258 | INFO     | ortho:train:225 - [epoch:1/3][loss:5.054733]
2024-09-06 07:00:06.592 | INFO     | ortho:train:225 - [epoch:2/3][loss:4.918528]
2024-09-06 07:00:22.570 | INFO     | ortho:train:225 - [epoch:3/3][loss:4.755679]
2024-09-06 07:00:22.571 | INFO     | ortho:train:228 - [iter:3/50][iter_time:47.38]
2024-09-06 07:01:45.440 | INFO     | ortho:train:299 - [iter:3/50][code_length:96][mAP:0.22583][mAP_all:0.22043][best_mAP:0.22583]
2024-09-06 07:01:45.441 | INFO     | ortho:train:300 - [iter:3/50][code_length:96][zs_mAP:0.74496][zs_mAP_all:0.16581]
2024-09-06 07:02:01.183 | INFO     | ortho:train:225 - [epoch:1/3][loss:4.852926]
2024-09-06 07:02:16.229 | INFO     | ortho:train:225 - [epoch:2/3][loss:4.671668]
2024-09-06 07:02:31.043 | INFO     | ortho:train:225 - [epoch:3/3][loss:4.491115]
2024-09-06 07:02:31.044 | INFO     | ortho:train:228 - [iter:4/50][iter_time:45.60]
2024-09-06 07:03:53.691 | INFO     | ortho:train:299 - [iter:4/50][code_length:96][mAP:0.27487][mAP_all:0.26902][best_mAP:0.27487]
2024-09-06 07:03:53.691 | INFO     | ortho:train:300 - [iter:4/50][code_length:96][zs_mAP:0.77727][zs_mAP_all:0.18146]
2024-09-06 07:04:09.006 | INFO     | ortho:train:225 - [epoch:1/3][loss:4.575069]
2024-09-06 07:04:24.362 | INFO     | ortho:train:225 - [epoch:2/3][loss:4.414644]
2024-09-06 07:04:41.115 | INFO     | ortho:train:225 - [epoch:3/3][loss:4.286146]
2024-09-06 07:04:41.116 | INFO     | ortho:train:228 - [iter:5/50][iter_time:47.42]
2024-09-06 07:06:04.234 | INFO     | ortho:train:299 - [iter:5/50][code_length:96][mAP:0.31814][mAP_all:0.31168][best_mAP:0.31814]
2024-09-06 07:06:04.234 | INFO     | ortho:train:300 - [iter:5/50][code_length:96][zs_mAP:0.80189][zs_mAP_all:0.20190]
2024-09-06 07:06:20.453 | INFO     | ortho:train:225 - [epoch:1/3][loss:4.465979]
2024-09-06 07:06:35.891 | INFO     | ortho:train:225 - [epoch:2/3][loss:4.249955]
2024-09-06 07:06:51.779 | INFO     | ortho:train:225 - [epoch:3/3][loss:4.207213]
2024-09-06 07:06:51.779 | INFO     | ortho:train:228 - [iter:6/50][iter_time:47.54]
2024-09-06 07:08:15.213 | INFO     | ortho:train:299 - [iter:6/50][code_length:96][mAP:0.35982][mAP_all:0.35299][best_mAP:0.35982]
2024-09-06 07:08:15.213 | INFO     | ortho:train:300 - [iter:6/50][code_length:96][zs_mAP:0.82899][zs_mAP_all:0.22437]
2024-09-06 07:08:30.926 | INFO     | ortho:train:225 - [epoch:1/3][loss:4.300388]
2024-09-06 07:08:46.903 | INFO     | ortho:train:225 - [epoch:2/3][loss:4.100483]
2024-09-06 07:09:02.101 | INFO     | ortho:train:225 - [epoch:3/3][loss:4.001725]
2024-09-06 07:09:02.101 | INFO     | ortho:train:228 - [iter:7/50][iter_time:46.89]
2024-09-06 07:10:25.602 | INFO     | ortho:train:299 - [iter:7/50][code_length:96][mAP:0.38795][mAP_all:0.38065][best_mAP:0.38795]
2024-09-06 07:10:25.602 | INFO     | ortho:train:300 - [iter:7/50][code_length:96][zs_mAP:0.84054][zs_mAP_all:0.22520]
2024-09-06 07:10:42.160 | INFO     | ortho:train:225 - [epoch:1/3][loss:4.122549]
2024-09-06 07:10:57.699 | INFO     | ortho:train:225 - [epoch:2/3][loss:3.961445]
2024-09-06 07:11:13.386 | INFO     | ortho:train:225 - [epoch:3/3][loss:3.866995]
2024-09-06 07:11:13.387 | INFO     | ortho:train:228 - [iter:8/50][iter_time:47.78]
2024-09-06 07:12:36.638 | INFO     | ortho:train:299 - [iter:8/50][code_length:96][mAP:0.42037][mAP_all:0.41242][best_mAP:0.42037]
2024-09-06 07:12:36.639 | INFO     | ortho:train:300 - [iter:8/50][code_length:96][zs_mAP:0.84884][zs_mAP_all:0.22890]
2024-09-06 07:12:53.135 | INFO     | ortho:train:225 - [epoch:1/3][loss:4.028620]
2024-09-06 07:13:09.311 | INFO     | ortho:train:225 - [epoch:2/3][loss:3.877023]
2024-09-06 07:13:25.844 | INFO     | ortho:train:225 - [epoch:3/3][loss:3.766463]
2024-09-06 07:13:25.845 | INFO     | ortho:train:228 - [iter:9/50][iter_time:49.21]
2024-09-06 07:14:48.691 | INFO     | ortho:train:299 - [iter:9/50][code_length:96][mAP:0.45094][mAP_all:0.44284][best_mAP:0.45094]
2024-09-06 07:14:48.691 | INFO     | ortho:train:300 - [iter:9/50][code_length:96][zs_mAP:0.85780][zs_mAP_all:0.23245]
2024-09-06 07:15:03.976 | INFO     | ortho:train:225 - [epoch:1/3][loss:3.837705]
2024-09-06 07:15:19.531 | INFO     | ortho:train:225 - [epoch:2/3][loss:3.767081]
2024-09-06 07:15:35.385 | INFO     | ortho:train:225 - [epoch:3/3][loss:3.656530]
2024-09-06 07:15:35.386 | INFO     | ortho:train:228 - [iter:10/50][iter_time:46.69]
2024-09-06 07:16:58.046 | INFO     | ortho:train:299 - [iter:10/50][code_length:96][mAP:0.47570][mAP_all:0.46750][best_mAP:0.47570]
2024-09-06 07:16:58.046 | INFO     | ortho:train:300 - [iter:10/50][code_length:96][zs_mAP:0.85699][zs_mAP_all:0.23895]
2024-09-06 07:17:12.428 | INFO     | ortho:train:225 - [epoch:1/3][loss:3.826783]
2024-09-06 07:17:27.903 | INFO     | ortho:train:225 - [epoch:2/3][loss:3.670464]
2024-09-06 07:17:44.506 | INFO     | ortho:train:225 - [epoch:3/3][loss:3.565935]
2024-09-06 07:17:44.507 | INFO     | ortho:train:228 - [iter:11/50][iter_time:46.46]
2024-09-06 07:19:09.786 | INFO     | ortho:train:299 - [iter:11/50][code_length:96][mAP:0.49450][mAP_all:0.48619][best_mAP:0.49450]
2024-09-06 07:19:09.786 | INFO     | ortho:train:300 - [iter:11/50][code_length:96][zs_mAP:0.86616][zs_mAP_all:0.24017]
2024-09-06 07:19:20.021 | INFO     | ortho:train:225 - [epoch:1/3][loss:3.620602]
2024-09-06 07:19:30.003 | INFO     | ortho:train:225 - [epoch:2/3][loss:3.565597]
2024-09-06 07:19:40.259 | INFO     | ortho:train:225 - [epoch:3/3][loss:3.414658]
2024-09-06 07:19:40.259 | INFO     | ortho:train:228 - [iter:12/50][iter_time:30.47]
2024-09-06 07:21:05.270 | INFO     | ortho:train:299 - [iter:12/50][code_length:96][mAP:0.51024][mAP_all:0.50193][best_mAP:0.51024]
2024-09-06 07:21:05.271 | INFO     | ortho:train:300 - [iter:12/50][code_length:96][zs_mAP:0.86611][zs_mAP_all:0.23853]
2024-09-06 07:21:15.452 | INFO     | ortho:train:225 - [epoch:1/3][loss:3.646147]
2024-09-06 07:21:25.186 | INFO     | ortho:train:225 - [epoch:2/3][loss:3.520258]
2024-09-06 07:21:33.516 | INFO     | ortho:train:225 - [epoch:3/3][loss:3.377693]
2024-09-06 07:21:33.517 | INFO     | ortho:train:228 - [iter:13/50][iter_time:28.25]
2024-09-06 07:22:46.600 | INFO     | ortho:train:299 - [iter:13/50][code_length:96][mAP:0.52261][mAP_all:0.51417][best_mAP:0.52261]
2024-09-06 07:22:46.601 | INFO     | ortho:train:300 - [iter:13/50][code_length:96][zs_mAP:0.85020][zs_mAP_all:0.23211]
2024-09-06 07:23:01.655 | INFO     | ortho:train:225 - [epoch:1/3][loss:3.581543]
2024-09-06 07:23:15.941 | INFO     | ortho:train:225 - [epoch:2/3][loss:3.465210]
2024-09-06 07:23:29.953 | INFO     | ortho:train:225 - [epoch:3/3][loss:3.399720]
2024-09-06 07:23:29.953 | INFO     | ortho:train:228 - [iter:14/50][iter_time:43.35]
2024-09-06 07:24:52.908 | INFO     | ortho:train:299 - [iter:14/50][code_length:96][mAP:0.54281][mAP_all:0.53412][best_mAP:0.54281]
2024-09-06 07:24:52.908 | INFO     | ortho:train:300 - [iter:14/50][code_length:96][zs_mAP:0.85985][zs_mAP_all:0.23381]
2024-09-06 07:25:07.668 | INFO     | ortho:train:225 - [epoch:1/3][loss:3.455724]
2024-09-06 07:25:23.954 | INFO     | ortho:train:225 - [epoch:2/3][loss:3.425066]
2024-09-06 07:25:40.428 | INFO     | ortho:train:225 - [epoch:3/3][loss:3.286414]
2024-09-06 07:25:40.429 | INFO     | ortho:train:228 - [iter:15/50][iter_time:47.52]
2024-09-06 07:27:03.719 | INFO     | ortho:train:299 - [iter:15/50][code_length:96][mAP:0.55554][mAP_all:0.54665][best_mAP:0.55554]
2024-09-06 07:27:03.720 | INFO     | ortho:train:300 - [iter:15/50][code_length:96][zs_mAP:0.86288][zs_mAP_all:0.23490]
2024-09-06 07:27:17.758 | INFO     | ortho:train:225 - [epoch:1/3][loss:3.534622]
2024-09-06 07:27:33.044 | INFO     | ortho:train:225 - [epoch:2/3][loss:3.361347]
2024-09-06 07:27:48.681 | INFO     | ortho:train:225 - [epoch:3/3][loss:3.239543]
2024-09-06 07:27:48.682 | INFO     | ortho:train:228 - [iter:16/50][iter_time:44.96]
2024-09-06 07:29:11.344 | INFO     | ortho:train:299 - [iter:16/50][code_length:96][mAP:0.56746][mAP_all:0.55835][best_mAP:0.56746]
2024-09-06 07:29:11.345 | INFO     | ortho:train:300 - [iter:16/50][code_length:96][zs_mAP:0.85901][zs_mAP_all:0.24004]
2024-09-06 07:29:26.905 | INFO     | ortho:train:225 - [epoch:1/3][loss:3.472411]
2024-09-06 07:29:43.777 | INFO     | ortho:train:225 - [epoch:2/3][loss:3.315793]
2024-09-06 07:29:58.246 | INFO     | ortho:train:225 - [epoch:3/3][loss:3.209594]
2024-09-06 07:29:58.246 | INFO     | ortho:train:228 - [iter:17/50][iter_time:46.90]
2024-09-06 07:31:20.525 | INFO     | ortho:train:299 - [iter:17/50][code_length:96][mAP:0.57934][mAP_all:0.57045][best_mAP:0.57934]
2024-09-06 07:31:20.526 | INFO     | ortho:train:300 - [iter:17/50][code_length:96][zs_mAP:0.85223][zs_mAP_all:0.23683]
2024-09-06 07:31:35.535 | INFO     | ortho:train:225 - [epoch:1/3][loss:3.380488]
2024-09-06 07:31:50.777 | INFO     | ortho:train:225 - [epoch:2/3][loss:3.250020]
2024-09-06 07:32:06.586 | INFO     | ortho:train:225 - [epoch:3/3][loss:3.173673]
2024-09-06 07:32:06.587 | INFO     | ortho:train:228 - [iter:18/50][iter_time:46.06]
2024-09-06 07:33:29.524 | INFO     | ortho:train:299 - [iter:18/50][code_length:96][mAP:0.58726][mAP_all:0.57806][best_mAP:0.58726]
2024-09-06 07:33:29.524 | INFO     | ortho:train:300 - [iter:18/50][code_length:96][zs_mAP:0.86310][zs_mAP_all:0.23144]
2024-09-06 07:33:44.771 | INFO     | ortho:train:225 - [epoch:1/3][loss:3.371703]
2024-09-06 07:33:59.200 | INFO     | ortho:train:225 - [epoch:2/3][loss:3.256365]
2024-09-06 07:34:14.704 | INFO     | ortho:train:225 - [epoch:3/3][loss:3.144259]
2024-09-06 07:34:14.705 | INFO     | ortho:train:228 - [iter:19/50][iter_time:45.18]
2024-09-06 07:35:37.441 | INFO     | ortho:train:299 - [iter:19/50][code_length:96][mAP:0.59461][mAP_all:0.58559][best_mAP:0.59461]
2024-09-06 07:35:37.441 | INFO     | ortho:train:300 - [iter:19/50][code_length:96][zs_mAP:0.85763][zs_mAP_all:0.23172]
2024-09-06 07:35:53.333 | INFO     | ortho:train:225 - [epoch:1/3][loss:3.403213]
2024-09-06 07:36:08.908 | INFO     | ortho:train:225 - [epoch:2/3][loss:3.290125]
2024-09-06 07:36:24.010 | INFO     | ortho:train:225 - [epoch:3/3][loss:3.155053]
2024-09-06 07:36:24.011 | INFO     | ortho:train:228 - [iter:20/50][iter_time:46.57]
2024-09-06 07:37:46.853 | INFO     | ortho:train:299 - [iter:20/50][code_length:96][mAP:0.60731][mAP_all:0.59839][best_mAP:0.60731]
2024-09-06 07:37:46.854 | INFO     | ortho:train:300 - [iter:20/50][code_length:96][zs_mAP:0.85124][zs_mAP_all:0.23119]
2024-09-06 07:38:03.141 | INFO     | ortho:train:225 - [epoch:1/3][loss:3.261685]
2024-09-06 07:38:18.560 | INFO     | ortho:train:225 - [epoch:2/3][loss:3.137290]
2024-09-06 07:38:34.193 | INFO     | ortho:train:225 - [epoch:3/3][loss:3.071723]
2024-09-06 07:38:34.194 | INFO     | ortho:train:228 - [iter:21/50][iter_time:47.34]
2024-09-06 07:39:58.593 | INFO     | ortho:train:299 - [iter:21/50][code_length:96][mAP:0.61540][mAP_all:0.60612][best_mAP:0.61540]
2024-09-06 07:39:58.594 | INFO     | ortho:train:300 - [iter:21/50][code_length:96][zs_mAP:0.86741][zs_mAP_all:0.24190]
2024-09-06 07:40:08.072 | INFO     | ortho:train:225 - [epoch:1/3][loss:3.198859]
2024-09-06 07:40:17.591 | INFO     | ortho:train:225 - [epoch:2/3][loss:3.111882]
2024-09-06 07:40:27.731 | INFO     | ortho:train:225 - [epoch:3/3][loss:3.000083]
2024-09-06 07:40:27.731 | INFO     | ortho:train:228 - [iter:22/50][iter_time:29.14]
2024-09-06 07:41:52.515 | INFO     | ortho:train:299 - [iter:22/50][code_length:96][mAP:0.62003][mAP_all:0.61076][best_mAP:0.62003]
2024-09-06 07:41:52.516 | INFO     | ortho:train:300 - [iter:22/50][code_length:96][zs_mAP:0.85257][zs_mAP_all:0.23117]
2024-09-06 07:42:07.987 | INFO     | ortho:train:225 - [epoch:1/3][loss:3.265374]
2024-09-06 07:42:24.000 | INFO     | ortho:train:225 - [epoch:2/3][loss:3.091548]
2024-09-06 07:42:39.115 | INFO     | ortho:train:225 - [epoch:3/3][loss:2.980106]
2024-09-06 07:42:39.116 | INFO     | ortho:train:228 - [iter:23/50][iter_time:46.60]
2024-09-06 07:44:02.372 | INFO     | ortho:train:299 - [iter:23/50][code_length:96][mAP:0.62363][mAP_all:0.61452][best_mAP:0.62363]
2024-09-06 07:44:02.373 | INFO     | ortho:train:300 - [iter:23/50][code_length:96][zs_mAP:0.87904][zs_mAP_all:0.24722]
2024-09-06 07:44:18.115 | INFO     | ortho:train:225 - [epoch:1/3][loss:3.219294]
2024-09-06 07:44:34.167 | INFO     | ortho:train:225 - [epoch:2/3][loss:3.028404]
2024-09-06 07:44:50.994 | INFO     | ortho:train:225 - [epoch:3/3][loss:2.959487]
2024-09-06 07:44:50.994 | INFO     | ortho:train:228 - [iter:24/50][iter_time:48.62]
2024-09-06 07:46:13.844 | INFO     | ortho:train:299 - [iter:24/50][code_length:96][mAP:0.63212][mAP_all:0.62298][best_mAP:0.63212]
2024-09-06 07:46:13.844 | INFO     | ortho:train:300 - [iter:24/50][code_length:96][zs_mAP:0.87050][zs_mAP_all:0.24321]
2024-09-06 07:46:29.422 | INFO     | ortho:train:225 - [epoch:1/3][loss:3.112024]
2024-09-06 07:46:43.633 | INFO     | ortho:train:225 - [epoch:2/3][loss:3.071380]
2024-09-06 07:46:58.057 | INFO     | ortho:train:225 - [epoch:3/3][loss:2.935401]
2024-09-06 07:46:58.057 | INFO     | ortho:train:228 - [iter:25/50][iter_time:44.21]
2024-09-06 07:48:21.501 | INFO     | ortho:train:299 - [iter:25/50][code_length:96][mAP:0.63796][mAP_all:0.62889][best_mAP:0.63796]
2024-09-06 07:48:21.502 | INFO     | ortho:train:300 - [iter:25/50][code_length:96][zs_mAP:0.85465][zs_mAP_all:0.23240]
2024-09-06 07:48:37.151 | INFO     | ortho:train:225 - [epoch:1/3][loss:3.045712]
2024-09-06 07:48:52.626 | INFO     | ortho:train:225 - [epoch:2/3][loss:2.987583]
2024-09-06 07:49:07.596 | INFO     | ortho:train:225 - [epoch:3/3][loss:2.860529]
2024-09-06 07:49:07.596 | INFO     | ortho:train:228 - [iter:26/50][iter_time:46.09]
2024-09-06 07:50:30.337 | INFO     | ortho:train:299 - [iter:26/50][code_length:96][mAP:0.64492][mAP_all:0.63575][best_mAP:0.64492]
2024-09-06 07:50:30.338 | INFO     | ortho:train:300 - [iter:26/50][code_length:96][zs_mAP:0.85801][zs_mAP_all:0.23510]
2024-09-06 07:50:46.105 | INFO     | ortho:train:225 - [epoch:1/3][loss:3.214413]
2024-09-06 07:51:01.679 | INFO     | ortho:train:225 - [epoch:2/3][loss:3.098558]
2024-09-06 07:51:16.311 | INFO     | ortho:train:225 - [epoch:3/3][loss:2.981797]
2024-09-06 07:51:16.311 | INFO     | ortho:train:228 - [iter:27/50][iter_time:45.97]
2024-09-06 07:52:38.787 | INFO     | ortho:train:299 - [iter:27/50][code_length:96][mAP:0.65059][mAP_all:0.64137][best_mAP:0.65059]
2024-09-06 07:52:38.788 | INFO     | ortho:train:300 - [iter:27/50][code_length:96][zs_mAP:0.86087][zs_mAP_all:0.23256]
2024-09-06 07:52:53.640 | INFO     | ortho:train:225 - [epoch:1/3][loss:3.081242]
2024-09-06 07:53:08.307 | INFO     | ortho:train:225 - [epoch:2/3][loss:2.963699]
2024-09-06 07:53:23.507 | INFO     | ortho:train:225 - [epoch:3/3][loss:2.882520]
2024-09-06 07:53:23.508 | INFO     | ortho:train:228 - [iter:28/50][iter_time:44.72]
2024-09-06 07:54:45.729 | INFO     | ortho:train:299 - [iter:28/50][code_length:96][mAP:0.65768][mAP_all:0.64852][best_mAP:0.65768]
2024-09-06 07:54:45.730 | INFO     | ortho:train:300 - [iter:28/50][code_length:96][zs_mAP:0.84986][zs_mAP_all:0.22576]
2024-09-06 07:55:00.344 | INFO     | ortho:train:225 - [epoch:1/3][loss:3.139755]
2024-09-06 07:55:16.485 | INFO     | ortho:train:225 - [epoch:2/3][loss:2.988948]
2024-09-06 07:55:31.747 | INFO     | ortho:train:225 - [epoch:3/3][loss:2.899689]
2024-09-06 07:55:31.748 | INFO     | ortho:train:228 - [iter:29/50][iter_time:46.02]
2024-09-06 07:56:54.683 | INFO     | ortho:train:299 - [iter:29/50][code_length:96][mAP:0.66102][mAP_all:0.65162][best_mAP:0.66102]
2024-09-06 07:56:54.683 | INFO     | ortho:train:300 - [iter:29/50][code_length:96][zs_mAP:0.85706][zs_mAP_all:0.22605]
2024-09-06 07:57:11.315 | INFO     | ortho:train:225 - [epoch:1/3][loss:3.087430]
2024-09-06 07:57:26.673 | INFO     | ortho:train:225 - [epoch:2/3][loss:2.984262]
2024-09-06 07:57:41.883 | INFO     | ortho:train:225 - [epoch:3/3][loss:2.832852]
2024-09-06 07:57:41.884 | INFO     | ortho:train:228 - [iter:30/50][iter_time:47.20]
2024-09-06 07:59:06.157 | INFO     | ortho:train:299 - [iter:30/50][code_length:96][mAP:0.66412][mAP_all:0.65488][best_mAP:0.66412]
2024-09-06 07:59:06.157 | INFO     | ortho:train:300 - [iter:30/50][code_length:96][zs_mAP:0.86610][zs_mAP_all:0.23930]
2024-09-06 07:59:15.623 | INFO     | ortho:train:225 - [epoch:1/3][loss:2.986246]
2024-09-06 07:59:26.474 | INFO     | ortho:train:225 - [epoch:2/3][loss:2.910011]
2024-09-06 07:59:37.441 | INFO     | ortho:train:225 - [epoch:3/3][loss:2.765757]
2024-09-06 07:59:37.442 | INFO     | ortho:train:228 - [iter:31/50][iter_time:31.28]
2024-09-06 08:01:00.985 | INFO     | ortho:train:299 - [iter:31/50][code_length:96][mAP:0.67112][mAP_all:0.66179][best_mAP:0.67112]
2024-09-06 08:01:00.986 | INFO     | ortho:train:300 - [iter:31/50][code_length:96][zs_mAP:0.85476][zs_mAP_all:0.23080]
2024-09-06 08:01:16.943 | INFO     | ortho:train:225 - [epoch:1/3][loss:3.000766]
2024-09-06 08:01:32.270 | INFO     | ortho:train:225 - [epoch:2/3][loss:2.958387]
2024-09-06 08:01:47.849 | INFO     | ortho:train:225 - [epoch:3/3][loss:2.753097]
2024-09-06 08:01:47.850 | INFO     | ortho:train:228 - [iter:32/50][iter_time:46.86]
2024-09-06 08:03:10.501 | INFO     | ortho:train:299 - [iter:32/50][code_length:96][mAP:0.67242][mAP_all:0.66301][best_mAP:0.67242]
2024-09-06 08:03:10.502 | INFO     | ortho:train:300 - [iter:32/50][code_length:96][zs_mAP:0.86447][zs_mAP_all:0.23721]
2024-09-06 08:03:25.872 | INFO     | ortho:train:225 - [epoch:1/3][loss:2.899183]
2024-09-06 08:03:40.763 | INFO     | ortho:train:225 - [epoch:2/3][loss:2.746980]
2024-09-06 08:03:55.156 | INFO     | ortho:train:225 - [epoch:3/3][loss:2.686517]
2024-09-06 08:03:55.157 | INFO     | ortho:train:228 - [iter:33/50][iter_time:44.65]
2024-09-06 08:05:18.194 | INFO     | ortho:train:299 - [iter:33/50][code_length:96][mAP:0.67873][mAP_all:0.66914][best_mAP:0.67873]
2024-09-06 08:05:18.195 | INFO     | ortho:train:300 - [iter:33/50][code_length:96][zs_mAP:0.85194][zs_mAP_all:0.22699]
2024-09-06 08:05:33.181 | INFO     | ortho:train:225 - [epoch:1/3][loss:3.060916]
2024-09-06 08:05:48.517 | INFO     | ortho:train:225 - [epoch:2/3][loss:2.911944]
2024-09-06 08:06:03.894 | INFO     | ortho:train:225 - [epoch:3/3][loss:2.776691]
2024-09-06 08:06:03.894 | INFO     | ortho:train:228 - [iter:34/50][iter_time:45.70]
2024-09-06 08:07:26.033 | INFO     | ortho:train:299 - [iter:34/50][code_length:96][mAP:0.68486][mAP_all:0.67545][best_mAP:0.68486]
2024-09-06 08:07:26.034 | INFO     | ortho:train:300 - [iter:34/50][code_length:96][zs_mAP:0.86022][zs_mAP_all:0.22900]
2024-09-06 08:07:41.349 | INFO     | ortho:train:225 - [epoch:1/3][loss:2.879862]
2024-09-06 08:07:56.458 | INFO     | ortho:train:225 - [epoch:2/3][loss:2.790202]
2024-09-06 08:08:11.837 | INFO     | ortho:train:225 - [epoch:3/3][loss:2.751495]
2024-09-06 08:08:11.837 | INFO     | ortho:train:228 - [iter:35/50][iter_time:45.80]
2024-09-06 08:09:34.577 | INFO     | ortho:train:299 - [iter:35/50][code_length:96][mAP:0.68853][mAP_all:0.67915][best_mAP:0.68853]
2024-09-06 08:09:34.578 | INFO     | ortho:train:300 - [iter:35/50][code_length:96][zs_mAP:0.85693][zs_mAP_all:0.22432]
2024-09-06 08:09:50.363 | INFO     | ortho:train:225 - [epoch:1/3][loss:2.980360]
2024-09-06 08:10:05.385 | INFO     | ortho:train:225 - [epoch:2/3][loss:2.818346]
2024-09-06 08:10:20.038 | INFO     | ortho:train:225 - [epoch:3/3][loss:2.743023]
2024-09-06 08:10:20.039 | INFO     | ortho:train:228 - [iter:36/50][iter_time:45.46]
2024-09-06 08:11:42.690 | INFO     | ortho:train:299 - [iter:36/50][code_length:96][mAP:0.68981][mAP_all:0.68022][best_mAP:0.68981]
2024-09-06 08:11:42.691 | INFO     | ortho:train:300 - [iter:36/50][code_length:96][zs_mAP:0.85528][zs_mAP_all:0.22903]
2024-09-06 08:11:57.955 | INFO     | ortho:train:225 - [epoch:1/3][loss:2.940556]
2024-09-06 08:12:12.903 | INFO     | ortho:train:225 - [epoch:2/3][loss:2.868259]
2024-09-06 08:12:27.865 | INFO     | ortho:train:225 - [epoch:3/3][loss:2.717265]
2024-09-06 08:12:27.866 | INFO     | ortho:train:228 - [iter:37/50][iter_time:45.17]
2024-09-06 08:13:50.799 | INFO     | ortho:train:299 - [iter:37/50][code_length:96][mAP:0.69138][mAP_all:0.68164][best_mAP:0.69138]
2024-09-06 08:13:50.800 | INFO     | ortho:train:300 - [iter:37/50][code_length:96][zs_mAP:0.86662][zs_mAP_all:0.24396]
2024-09-06 08:14:05.736 | INFO     | ortho:train:225 - [epoch:1/3][loss:2.914385]
2024-09-06 08:14:21.005 | INFO     | ortho:train:225 - [epoch:2/3][loss:2.790774]
2024-09-06 08:14:35.860 | INFO     | ortho:train:225 - [epoch:3/3][loss:2.703278]
2024-09-06 08:14:35.861 | INFO     | ortho:train:228 - [iter:38/50][iter_time:45.06]
2024-09-06 08:15:58.563 | INFO     | ortho:train:299 - [iter:38/50][code_length:96][mAP:0.69249][mAP_all:0.68327][best_mAP:0.69249]
2024-09-06 08:15:58.564 | INFO     | ortho:train:300 - [iter:38/50][code_length:96][zs_mAP:0.84959][zs_mAP_all:0.23358]
2024-09-06 08:16:12.378 | INFO     | ortho:train:225 - [epoch:1/3][loss:2.980809]
2024-09-06 08:16:22.110 | INFO     | ortho:train:225 - [epoch:2/3][loss:2.758094]
2024-09-06 08:16:32.927 | INFO     | ortho:train:225 - [epoch:3/3][loss:2.659940]
2024-09-06 08:16:32.928 | INFO     | ortho:train:228 - [iter:39/50][iter_time:34.36]
2024-09-06 08:17:57.851 | INFO     | ortho:train:299 - [iter:39/50][code_length:96][mAP:0.70174][mAP_all:0.69233][best_mAP:0.70174]
2024-09-06 08:17:57.852 | INFO     | ortho:train:300 - [iter:39/50][code_length:96][zs_mAP:0.84257][zs_mAP_all:0.22998]
2024-09-06 08:18:07.538 | INFO     | ortho:train:225 - [epoch:1/3][loss:2.873149]
2024-09-06 08:18:18.140 | INFO     | ortho:train:225 - [epoch:2/3][loss:2.754452]
2024-09-06 08:18:28.641 | INFO     | ortho:train:225 - [epoch:3/3][loss:2.652039]
2024-09-06 08:18:28.641 | INFO     | ortho:train:228 - [iter:40/50][iter_time:30.79]
2024-09-06 08:19:52.409 | INFO     | ortho:train:299 - [iter:40/50][code_length:96][mAP:0.70501][mAP_all:0.69537][best_mAP:0.70501]
2024-09-06 08:19:52.410 | INFO     | ortho:train:300 - [iter:40/50][code_length:96][zs_mAP:0.84729][zs_mAP_all:0.23252]
2024-09-06 08:20:08.610 | INFO     | ortho:train:225 - [epoch:1/3][loss:2.900975]
2024-09-06 08:20:24.592 | INFO     | ortho:train:225 - [epoch:2/3][loss:2.737480]
2024-09-06 08:20:40.567 | INFO     | ortho:train:225 - [epoch:3/3][loss:2.672266]
2024-09-06 08:20:40.568 | INFO     | ortho:train:228 - [iter:41/50][iter_time:48.16]
2024-09-06 08:22:03.745 | INFO     | ortho:train:299 - [iter:41/50][code_length:96][mAP:0.70450][mAP_all:0.69488][best_mAP:0.70501]
2024-09-06 08:22:03.745 | INFO     | ortho:train:300 - [iter:41/50][code_length:96][zs_mAP:0.85315][zs_mAP_all:0.21948]
2024-09-06 08:22:18.987 | INFO     | ortho:train:225 - [epoch:1/3][loss:2.803635]
2024-09-06 08:22:34.238 | INFO     | ortho:train:225 - [epoch:2/3][loss:2.765152]
2024-09-06 08:22:50.263 | INFO     | ortho:train:225 - [epoch:3/3][loss:2.580577]
2024-09-06 08:22:50.264 | INFO     | ortho:train:228 - [iter:42/50][iter_time:46.52]
2024-09-06 08:24:12.332 | INFO     | ortho:train:299 - [iter:42/50][code_length:96][mAP:0.70947][mAP_all:0.69993][best_mAP:0.70947]
2024-09-06 08:24:12.332 | INFO     | ortho:train:300 - [iter:42/50][code_length:96][zs_mAP:0.86238][zs_mAP_all:0.23028]
2024-09-06 08:24:27.277 | INFO     | ortho:train:225 - [epoch:1/3][loss:2.897092]
2024-09-06 08:24:41.922 | INFO     | ortho:train:225 - [epoch:2/3][loss:2.706954]
2024-09-06 08:24:57.197 | INFO     | ortho:train:225 - [epoch:3/3][loss:2.646621]
2024-09-06 08:24:57.198 | INFO     | ortho:train:228 - [iter:43/50][iter_time:44.87]
2024-09-06 08:26:19.819 | INFO     | ortho:train:299 - [iter:43/50][code_length:96][mAP:0.71459][mAP_all:0.70491][best_mAP:0.71459]
2024-09-06 08:26:19.820 | INFO     | ortho:train:300 - [iter:43/50][code_length:96][zs_mAP:0.85751][zs_mAP_all:0.22987]
2024-09-06 08:26:34.836 | INFO     | ortho:train:225 - [epoch:1/3][loss:2.812544]
2024-09-06 08:26:48.671 | INFO     | ortho:train:225 - [epoch:2/3][loss:2.714560]
2024-09-06 08:27:03.287 | INFO     | ortho:train:225 - [epoch:3/3][loss:2.683227]
2024-09-06 08:27:03.287 | INFO     | ortho:train:228 - [iter:44/50][iter_time:43.47]
2024-09-06 08:28:25.444 | INFO     | ortho:train:299 - [iter:44/50][code_length:96][mAP:0.71379][mAP_all:0.70421][best_mAP:0.71459]
2024-09-06 08:28:25.445 | INFO     | ortho:train:300 - [iter:44/50][code_length:96][zs_mAP:0.84793][zs_mAP_all:0.22093]
2024-09-06 08:28:41.374 | INFO     | ortho:train:225 - [epoch:1/3][loss:2.687742]
2024-09-06 08:28:57.031 | INFO     | ortho:train:225 - [epoch:2/3][loss:2.614173]
2024-09-06 08:29:12.285 | INFO     | ortho:train:225 - [epoch:3/3][loss:2.537187]
2024-09-06 08:29:12.286 | INFO     | ortho:train:228 - [iter:45/50][iter_time:46.84]
2024-09-06 08:30:33.314 | INFO     | ortho:train:299 - [iter:45/50][code_length:96][mAP:0.71755][mAP_all:0.70795][best_mAP:0.71755]
2024-09-06 08:30:33.314 | INFO     | ortho:train:300 - [iter:45/50][code_length:96][zs_mAP:0.84419][zs_mAP_all:0.22487]
2024-09-06 08:30:48.854 | INFO     | ortho:train:225 - [epoch:1/3][loss:2.762659]
2024-09-06 08:31:04.875 | INFO     | ortho:train:225 - [epoch:2/3][loss:2.811153]
2024-09-06 08:31:20.634 | INFO     | ortho:train:225 - [epoch:3/3][loss:2.764542]
2024-09-06 08:31:20.635 | INFO     | ortho:train:228 - [iter:46/50][iter_time:47.32]
2024-09-06 08:32:42.920 | INFO     | ortho:train:299 - [iter:46/50][code_length:96][mAP:0.72353][mAP_all:0.71382][best_mAP:0.72353]
2024-09-06 08:32:42.921 | INFO     | ortho:train:300 - [iter:46/50][code_length:96][zs_mAP:0.84958][zs_mAP_all:0.22769]
2024-09-06 08:32:58.818 | INFO     | ortho:train:225 - [epoch:1/3][loss:2.771590]
2024-09-06 08:33:14.974 | INFO     | ortho:train:225 - [epoch:2/3][loss:2.669892]
2024-09-06 08:33:29.375 | INFO     | ortho:train:225 - [epoch:3/3][loss:2.701522]
2024-09-06 08:33:29.376 | INFO     | ortho:train:228 - [iter:47/50][iter_time:46.46]
2024-09-06 08:34:51.737 | INFO     | ortho:train:299 - [iter:47/50][code_length:96][mAP:0.72617][mAP_all:0.71637][best_mAP:0.72617]
2024-09-06 08:34:51.737 | INFO     | ortho:train:300 - [iter:47/50][code_length:96][zs_mAP:0.85183][zs_mAP_all:0.23400]
2024-09-06 08:35:00.735 | INFO     | ortho:train:225 - [epoch:1/3][loss:2.712209]
2024-09-06 08:35:09.739 | INFO     | ortho:train:225 - [epoch:2/3][loss:2.711133]
2024-09-06 08:35:18.745 | INFO     | ortho:train:225 - [epoch:3/3][loss:2.606353]
2024-09-06 08:35:18.746 | INFO     | ortho:train:228 - [iter:48/50][iter_time:27.01]
2024-09-06 08:36:46.830 | INFO     | ortho:train:299 - [iter:48/50][code_length:96][mAP:0.72726][mAP_all:0.71764][best_mAP:0.72726]
2024-09-06 08:36:46.831 | INFO     | ortho:train:300 - [iter:48/50][code_length:96][zs_mAP:0.85503][zs_mAP_all:0.23448]
2024-09-06 08:36:56.359 | INFO     | ortho:train:225 - [epoch:1/3][loss:2.691367]
2024-09-06 08:37:06.307 | INFO     | ortho:train:225 - [epoch:2/3][loss:2.735449]
2024-09-06 08:37:16.353 | INFO     | ortho:train:225 - [epoch:3/3][loss:2.667198]
2024-09-06 08:37:16.354 | INFO     | ortho:train:228 - [iter:49/50][iter_time:29.52]
2024-09-06 08:38:43.977 | INFO     | ortho:train:299 - [iter:49/50][code_length:96][mAP:0.72895][mAP_all:0.71950][best_mAP:0.72895]
2024-09-06 08:38:43.978 | INFO     | ortho:train:300 - [iter:49/50][code_length:96][zs_mAP:0.85626][zs_mAP_all:0.23423]
2024-09-06 08:38:52.008 | INFO     | ortho:train:225 - [epoch:1/3][loss:2.584493]
2024-09-06 08:39:00.956 | INFO     | ortho:train:225 - [epoch:2/3][loss:2.584332]
2024-09-06 08:39:10.118 | INFO     | ortho:train:225 - [epoch:3/3][loss:2.631195]
2024-09-06 08:39:10.118 | INFO     | ortho:train:228 - [iter:50/50][iter_time:26.14]
2024-09-06 08:40:32.688 | INFO     | ortho:train:299 - [iter:50/50][code_length:96][mAP:0.72977][mAP_all:0.72020][best_mAP:0.72977]
2024-09-06 08:40:32.688 | INFO     | ortho:train:300 - [iter:50/50][code_length:96][zs_mAP:0.85797][zs_mAP_all:0.24041]
2024-09-06 08:40:32.688 | INFO     | ortho:train:302 - [Training time:6323.14]
2024-09-06 08:40:32.690 | INFO     | __main__:run:138 - [code_length:96][map:0.7298][map_all:0.7202][zs_map:0.8580][zs_map_all:0.2404]
2024-09-06 08:40:48.208 | INFO     | ortho:train:225 - [epoch:1/3][loss:6.218063]
2024-09-06 08:41:04.248 | INFO     | ortho:train:225 - [epoch:2/3][loss:5.799549]
2024-09-06 08:41:20.542 | INFO     | ortho:train:225 - [epoch:3/3][loss:5.546518]
2024-09-06 08:41:20.542 | INFO     | ortho:train:228 - [iter:1/50][iter_time:47.37]
2024-09-06 08:42:43.672 | INFO     | ortho:train:299 - [iter:1/50][code_length:128][mAP:0.11771][mAP_all:0.11452][best_mAP:0.11771]
2024-09-06 08:42:43.672 | INFO     | ortho:train:300 - [iter:1/50][code_length:128][zs_mAP:0.59187][zs_mAP_all:0.10056]
2024-09-06 08:42:58.473 | INFO     | ortho:train:225 - [epoch:1/3][loss:5.584756]
2024-09-06 08:43:13.206 | INFO     | ortho:train:225 - [epoch:2/3][loss:5.349380]
2024-09-06 08:43:28.824 | INFO     | ortho:train:225 - [epoch:3/3][loss:5.158073]
2024-09-06 08:43:28.824 | INFO     | ortho:train:228 - [iter:2/50][iter_time:45.15]
2024-09-06 08:44:50.434 | INFO     | ortho:train:299 - [iter:2/50][code_length:128][mAP:0.16267][mAP_all:0.15859][best_mAP:0.16267]
2024-09-06 08:44:50.435 | INFO     | ortho:train:300 - [iter:2/50][code_length:128][zs_mAP:0.68935][zs_mAP_all:0.13479]
2024-09-06 08:45:05.631 | INFO     | ortho:train:225 - [epoch:1/3][loss:5.207763]
2024-09-06 08:45:20.592 | INFO     | ortho:train:225 - [epoch:2/3][loss:5.026407]
2024-09-06 08:45:36.183 | INFO     | ortho:train:225 - [epoch:3/3][loss:4.847325]
2024-09-06 08:45:36.183 | INFO     | ortho:train:228 - [iter:3/50][iter_time:45.75]
2024-09-06 08:46:59.623 | INFO     | ortho:train:299 - [iter:3/50][code_length:128][mAP:0.20936][mAP_all:0.20420][best_mAP:0.20936]
2024-09-06 08:46:59.624 | INFO     | ortho:train:300 - [iter:3/50][code_length:128][zs_mAP:0.76450][zs_mAP_all:0.17010]
2024-09-06 08:47:14.866 | INFO     | ortho:train:225 - [epoch:1/3][loss:4.965416]
2024-09-06 08:47:30.564 | INFO     | ortho:train:225 - [epoch:2/3][loss:4.799024]
2024-09-06 08:47:44.923 | INFO     | ortho:train:225 - [epoch:3/3][loss:4.665498]
2024-09-06 08:47:44.924 | INFO     | ortho:train:228 - [iter:4/50][iter_time:45.30]
2024-09-06 08:49:08.519 | INFO     | ortho:train:299 - [iter:4/50][code_length:128][mAP:0.25373][mAP_all:0.24759][best_mAP:0.25373]
2024-09-06 08:49:08.520 | INFO     | ortho:train:300 - [iter:4/50][code_length:128][zs_mAP:0.80630][zs_mAP_all:0.19073]
2024-09-06 08:49:23.830 | INFO     | ortho:train:225 - [epoch:1/3][loss:4.779465]
2024-09-06 08:49:38.972 | INFO     | ortho:train:225 - [epoch:2/3][loss:4.608416]
2024-09-06 08:49:55.000 | INFO     | ortho:train:225 - [epoch:3/3][loss:4.520094]
2024-09-06 08:49:55.001 | INFO     | ortho:train:228 - [iter:5/50][iter_time:46.48]
2024-09-06 08:51:18.041 | INFO     | ortho:train:299 - [iter:5/50][code_length:128][mAP:0.29437][mAP_all:0.28779][best_mAP:0.29437]
2024-09-06 08:51:18.041 | INFO     | ortho:train:300 - [iter:5/50][code_length:128][zs_mAP:0.83502][zs_mAP_all:0.19794]
2024-09-06 08:51:34.410 | INFO     | ortho:train:225 - [epoch:1/3][loss:4.558352]
2024-09-06 08:51:50.141 | INFO     | ortho:train:225 - [epoch:2/3][loss:4.428166]
2024-09-06 08:52:03.680 | INFO     | ortho:train:225 - [epoch:3/3][loss:4.292368]
2024-09-06 08:52:03.681 | INFO     | ortho:train:228 - [iter:6/50][iter_time:45.64]
2024-09-06 08:53:28.877 | INFO     | ortho:train:299 - [iter:6/50][code_length:128][mAP:0.33038][mAP_all:0.32345][best_mAP:0.33038]
2024-09-06 08:53:28.878 | INFO     | ortho:train:300 - [iter:6/50][code_length:128][zs_mAP:0.85405][zs_mAP_all:0.20778]
2024-09-06 08:53:38.434 | INFO     | ortho:train:225 - [epoch:1/3][loss:4.415476]
2024-09-06 08:53:48.793 | INFO     | ortho:train:225 - [epoch:2/3][loss:4.285009]
2024-09-06 08:53:58.687 | INFO     | ortho:train:225 - [epoch:3/3][loss:4.207608]
2024-09-06 08:53:58.687 | INFO     | ortho:train:228 - [iter:7/50][iter_time:29.81]
2024-09-06 08:55:20.970 | INFO     | ortho:train:299 - [iter:7/50][code_length:128][mAP:0.36574][mAP_all:0.35877][best_mAP:0.36574]
2024-09-06 08:55:20.970 | INFO     | ortho:train:300 - [iter:7/50][code_length:128][zs_mAP:0.85908][zs_mAP_all:0.21688]
2024-09-06 08:55:37.561 | INFO     | ortho:train:225 - [epoch:1/3][loss:4.271737]
2024-09-06 08:55:52.624 | INFO     | ortho:train:225 - [epoch:2/3][loss:4.145721]
2024-09-06 08:56:06.867 | INFO     | ortho:train:225 - [epoch:3/3][loss:4.010403]
2024-09-06 08:56:06.868 | INFO     | ortho:train:228 - [iter:8/50][iter_time:45.90]
2024-09-06 08:57:29.713 | INFO     | ortho:train:299 - [iter:8/50][code_length:128][mAP:0.39567][mAP_all:0.38804][best_mAP:0.39567]
2024-09-06 08:57:29.714 | INFO     | ortho:train:300 - [iter:8/50][code_length:128][zs_mAP:0.86603][zs_mAP_all:0.22752]
2024-09-06 08:57:44.516 | INFO     | ortho:train:225 - [epoch:1/3][loss:4.161087]
2024-09-06 08:58:00.141 | INFO     | ortho:train:225 - [epoch:2/3][loss:3.963995]
2024-09-06 08:58:15.676 | INFO     | ortho:train:225 - [epoch:3/3][loss:3.904929]
2024-09-06 08:58:15.677 | INFO     | ortho:train:228 - [iter:9/50][iter_time:45.96]
2024-09-06 08:59:38.185 | INFO     | ortho:train:299 - [iter:9/50][code_length:128][mAP:0.42572][mAP_all:0.41805][best_mAP:0.42572]
2024-09-06 08:59:38.186 | INFO     | ortho:train:300 - [iter:9/50][code_length:128][zs_mAP:0.86397][zs_mAP_all:0.24213]
2024-09-06 08:59:53.690 | INFO     | ortho:train:225 - [epoch:1/3][loss:4.048252]
2024-09-06 09:00:10.412 | INFO     | ortho:train:225 - [epoch:2/3][loss:3.894163]
2024-09-06 09:00:25.916 | INFO     | ortho:train:225 - [epoch:3/3][loss:3.816799]
2024-09-06 09:00:25.917 | INFO     | ortho:train:228 - [iter:10/50][iter_time:47.73]
2024-09-06 09:01:49.095 | INFO     | ortho:train:299 - [iter:10/50][code_length:128][mAP:0.44965][mAP_all:0.44162][best_mAP:0.44965]
2024-09-06 09:01:49.096 | INFO     | ortho:train:300 - [iter:10/50][code_length:128][zs_mAP:0.88095][zs_mAP_all:0.24354]
2024-09-06 09:02:04.453 | INFO     | ortho:train:225 - [epoch:1/3][loss:3.958226]
2024-09-06 09:02:19.123 | INFO     | ortho:train:225 - [epoch:2/3][loss:3.865679]
2024-09-06 09:02:34.968 | INFO     | ortho:train:225 - [epoch:3/3][loss:3.712630]
2024-09-06 09:02:34.969 | INFO     | ortho:train:228 - [iter:11/50][iter_time:45.87]
2024-09-06 09:03:58.238 | INFO     | ortho:train:299 - [iter:11/50][code_length:128][mAP:0.47345][mAP_all:0.46534][best_mAP:0.47345]
2024-09-06 09:03:58.239 | INFO     | ortho:train:300 - [iter:11/50][code_length:128][zs_mAP:0.88512][zs_mAP_all:0.25756]
2024-09-06 09:04:13.920 | INFO     | ortho:train:225 - [epoch:1/3][loss:3.871068]
2024-09-06 09:04:30.096 | INFO     | ortho:train:225 - [epoch:2/3][loss:3.664858]
2024-09-06 09:04:45.701 | INFO     | ortho:train:225 - [epoch:3/3][loss:3.645548]
2024-09-06 09:04:45.702 | INFO     | ortho:train:228 - [iter:12/50][iter_time:47.46]
2024-09-06 09:06:08.829 | INFO     | ortho:train:299 - [iter:12/50][code_length:128][mAP:0.48874][mAP_all:0.48053][best_mAP:0.48874]
2024-09-06 09:06:08.829 | INFO     | ortho:train:300 - [iter:12/50][code_length:128][zs_mAP:0.87584][zs_mAP_all:0.25679]
2024-09-06 09:06:23.341 | INFO     | ortho:train:225 - [epoch:1/3][loss:3.687104]
2024-09-06 09:06:39.769 | INFO     | ortho:train:225 - [epoch:2/3][loss:3.566735]
2024-09-06 09:06:55.139 | INFO     | ortho:train:225 - [epoch:3/3][loss:3.455056]
2024-09-06 09:06:55.140 | INFO     | ortho:train:228 - [iter:13/50][iter_time:46.31]
2024-09-06 09:08:18.778 | INFO     | ortho:train:299 - [iter:13/50][code_length:128][mAP:0.50744][mAP_all:0.49908][best_mAP:0.50744]
2024-09-06 09:08:18.778 | INFO     | ortho:train:300 - [iter:13/50][code_length:128][zs_mAP:0.87722][zs_mAP_all:0.25462]
2024-09-06 09:08:34.122 | INFO     | ortho:train:225 - [epoch:1/3][loss:3.626332]
2024-09-06 09:08:50.294 | INFO     | ortho:train:225 - [epoch:2/3][loss:3.547468]
2024-09-06 09:09:06.150 | INFO     | ortho:train:225 - [epoch:3/3][loss:3.505371]
2024-09-06 09:09:06.150 | INFO     | ortho:train:228 - [iter:14/50][iter_time:47.37]
2024-09-06 09:10:30.394 | INFO     | ortho:train:299 - [iter:14/50][code_length:128][mAP:0.52246][mAP_all:0.51395][best_mAP:0.52246]
2024-09-06 09:10:30.394 | INFO     | ortho:train:300 - [iter:14/50][code_length:128][zs_mAP:0.89057][zs_mAP_all:0.26162]
2024-09-06 09:10:39.953 | INFO     | ortho:train:225 - [epoch:1/3][loss:3.579456]
2024-09-06 09:10:49.967 | INFO     | ortho:train:225 - [epoch:2/3][loss:3.525872]
2024-09-06 09:10:59.979 | INFO     | ortho:train:225 - [epoch:3/3][loss:3.345544]
2024-09-06 09:10:59.980 | INFO     | ortho:train:228 - [iter:15/50][iter_time:29.59]
2024-09-06 09:12:24.871 | INFO     | ortho:train:299 - [iter:15/50][code_length:128][mAP:0.53724][mAP_all:0.52877][best_mAP:0.53724]
2024-09-06 09:12:24.872 | INFO     | ortho:train:300 - [iter:15/50][code_length:128][zs_mAP:0.88808][zs_mAP_all:0.26068]
2024-09-06 09:12:34.069 | INFO     | ortho:train:225 - [epoch:1/3][loss:3.546625]
2024-09-06 09:12:44.134 | INFO     | ortho:train:225 - [epoch:2/3][loss:3.428201]
2024-09-06 09:13:00.623 | INFO     | ortho:train:225 - [epoch:3/3][loss:3.312822]
2024-09-06 09:13:00.624 | INFO     | ortho:train:228 - [iter:16/50][iter_time:35.75]
2024-09-06 09:14:22.649 | INFO     | ortho:train:299 - [iter:16/50][code_length:128][mAP:0.54767][mAP_all:0.53893][best_mAP:0.54767]
2024-09-06 09:14:22.650 | INFO     | ortho:train:300 - [iter:16/50][code_length:128][zs_mAP:0.89329][zs_mAP_all:0.26618]
2024-09-06 09:14:37.555 | INFO     | ortho:train:225 - [epoch:1/3][loss:3.553647]
2024-09-06 09:14:52.616 | INFO     | ortho:train:225 - [epoch:2/3][loss:3.387140]
2024-09-06 09:15:07.383 | INFO     | ortho:train:225 - [epoch:3/3][loss:3.322503]
2024-09-06 09:15:07.384 | INFO     | ortho:train:228 - [iter:17/50][iter_time:44.73]
2024-09-06 09:16:30.666 | INFO     | ortho:train:299 - [iter:17/50][code_length:128][mAP:0.56546][mAP_all:0.55660][best_mAP:0.56546]
2024-09-06 09:16:30.667 | INFO     | ortho:train:300 - [iter:17/50][code_length:128][zs_mAP:0.89472][zs_mAP_all:0.27488]
2024-09-06 09:16:47.173 | INFO     | ortho:train:225 - [epoch:1/3][loss:3.410163]
2024-09-06 09:17:02.206 | INFO     | ortho:train:225 - [epoch:2/3][loss:3.320848]
2024-09-06 09:17:17.262 | INFO     | ortho:train:225 - [epoch:3/3][loss:3.223618]
2024-09-06 09:17:17.263 | INFO     | ortho:train:228 - [iter:18/50][iter_time:46.60]
2024-09-06 09:18:40.583 | INFO     | ortho:train:299 - [iter:18/50][code_length:128][mAP:0.57493][mAP_all:0.56610][best_mAP:0.57493]
2024-09-06 09:18:40.584 | INFO     | ortho:train:300 - [iter:18/50][code_length:128][zs_mAP:0.89189][zs_mAP_all:0.25878]
2024-09-06 09:18:55.847 | INFO     | ortho:train:225 - [epoch:1/3][loss:3.449193]
2024-09-06 09:19:12.044 | INFO     | ortho:train:225 - [epoch:2/3][loss:3.355086]
2024-09-06 09:19:27.937 | INFO     | ortho:train:225 - [epoch:3/3][loss:3.199247]
2024-09-06 09:19:27.937 | INFO     | ortho:train:228 - [iter:19/50][iter_time:47.35]
2024-09-06 09:20:50.945 | INFO     | ortho:train:299 - [iter:19/50][code_length:128][mAP:0.58640][mAP_all:0.57727][best_mAP:0.58640]
2024-09-06 09:20:50.946 | INFO     | ortho:train:300 - [iter:19/50][code_length:128][zs_mAP:0.88032][zs_mAP_all:0.26166]
2024-09-06 09:21:06.922 | INFO     | ortho:train:225 - [epoch:1/3][loss:3.408559]
2024-09-06 09:21:22.787 | INFO     | ortho:train:225 - [epoch:2/3][loss:3.254835]
2024-09-06 09:21:36.765 | INFO     | ortho:train:225 - [epoch:3/3][loss:3.170889]
2024-09-06 09:21:36.765 | INFO     | ortho:train:228 - [iter:20/50][iter_time:45.82]
2024-09-06 09:22:59.968 | INFO     | ortho:train:299 - [iter:20/50][code_length:128][mAP:0.59350][mAP_all:0.58450][best_mAP:0.59350]
2024-09-06 09:22:59.969 | INFO     | ortho:train:300 - [iter:20/50][code_length:128][zs_mAP:0.88880][zs_mAP_all:0.25892]
2024-09-06 09:23:15.354 | INFO     | ortho:train:225 - [epoch:1/3][loss:3.406549]
2024-09-06 09:23:30.608 | INFO     | ortho:train:225 - [epoch:2/3][loss:3.234037]
2024-09-06 09:23:46.085 | INFO     | ortho:train:225 - [epoch:3/3][loss:3.135200]
2024-09-06 09:23:46.086 | INFO     | ortho:train:228 - [iter:21/50][iter_time:46.12]
2024-09-06 09:25:09.511 | INFO     | ortho:train:299 - [iter:21/50][code_length:128][mAP:0.60188][mAP_all:0.59273][best_mAP:0.60188]
2024-09-06 09:25:09.512 | INFO     | ortho:train:300 - [iter:21/50][code_length:128][zs_mAP:0.88663][zs_mAP_all:0.26111]
2024-09-06 09:25:25.998 | INFO     | ortho:train:225 - [epoch:1/3][loss:3.262308]
2024-09-06 09:25:41.515 | INFO     | ortho:train:225 - [epoch:2/3][loss:3.139343]
2024-09-06 09:25:56.209 | INFO     | ortho:train:225 - [epoch:3/3][loss:3.055333]
2024-09-06 09:25:56.210 | INFO     | ortho:train:228 - [iter:22/50][iter_time:46.70]
2024-09-06 09:27:19.493 | INFO     | ortho:train:299 - [iter:22/50][code_length:128][mAP:0.61033][mAP_all:0.60091][best_mAP:0.61033]
2024-09-06 09:27:19.494 | INFO     | ortho:train:300 - [iter:22/50][code_length:128][zs_mAP:0.88094][zs_mAP_all:0.25721]
2024-09-06 09:27:35.538 | INFO     | ortho:train:225 - [epoch:1/3][loss:3.221537]
2024-09-06 09:27:50.903 | INFO     | ortho:train:225 - [epoch:2/3][loss:3.050932]
2024-09-06 09:28:06.428 | INFO     | ortho:train:225 - [epoch:3/3][loss:3.003572]
2024-09-06 09:28:06.429 | INFO     | ortho:train:228 - [iter:23/50][iter_time:46.93]
2024-09-06 09:29:30.150 | INFO     | ortho:train:299 - [iter:23/50][code_length:128][mAP:0.62073][mAP_all:0.61135][best_mAP:0.62073]
2024-09-06 09:29:30.151 | INFO     | ortho:train:300 - [iter:23/50][code_length:128][zs_mAP:0.89021][zs_mAP_all:0.26666]
2024-09-06 09:29:45.810 | INFO     | ortho:train:225 - [epoch:1/3][loss:3.142788]
2024-09-06 09:30:01.607 | INFO     | ortho:train:225 - [epoch:2/3][loss:3.060362]
2024-09-06 09:30:16.299 | INFO     | ortho:train:225 - [epoch:3/3][loss:2.955770]
2024-09-06 09:30:16.300 | INFO     | ortho:train:228 - [iter:24/50][iter_time:46.15]
2024-09-06 09:31:37.880 | INFO     | ortho:train:299 - [iter:24/50][code_length:128][mAP:0.62454][mAP_all:0.61505][best_mAP:0.62454]
2024-09-06 09:31:37.881 | INFO     | ortho:train:300 - [iter:24/50][code_length:128][zs_mAP:0.88728][zs_mAP_all:0.25453]
2024-09-06 09:31:53.252 | INFO     | ortho:train:225 - [epoch:1/3][loss:3.133520]
2024-09-06 09:32:09.239 | INFO     | ortho:train:225 - [epoch:2/3][loss:3.036516]
2024-09-06 09:32:25.151 | INFO     | ortho:train:225 - [epoch:3/3][loss:2.956736]
2024-09-06 09:32:25.152 | INFO     | ortho:train:228 - [iter:25/50][iter_time:47.27]
2024-09-06 09:33:48.615 | INFO     | ortho:train:299 - [iter:25/50][code_length:128][mAP:0.62886][mAP_all:0.61959][best_mAP:0.62886]
2024-09-06 09:33:48.615 | INFO     | ortho:train:300 - [iter:25/50][code_length:128][zs_mAP:0.90111][zs_mAP_all:0.26199]
2024-09-06 09:34:03.623 | INFO     | ortho:train:225 - [epoch:1/3][loss:3.210557]
2024-09-06 09:34:19.006 | INFO     | ortho:train:225 - [epoch:2/3][loss:3.104462]
2024-09-06 09:34:35.108 | INFO     | ortho:train:225 - [epoch:3/3][loss:3.010997]
2024-09-06 09:34:35.108 | INFO     | ortho:train:228 - [iter:26/50][iter_time:46.49]
2024-09-06 09:35:58.667 | INFO     | ortho:train:299 - [iter:26/50][code_length:128][mAP:0.63631][mAP_all:0.62678][best_mAP:0.63631]
2024-09-06 09:35:58.667 | INFO     | ortho:train:300 - [iter:26/50][code_length:128][zs_mAP:0.89792][zs_mAP_all:0.25240]
2024-09-06 09:36:14.267 | INFO     | ortho:train:225 - [epoch:1/3][loss:3.245508]
2024-09-06 09:36:29.936 | INFO     | ortho:train:225 - [epoch:2/3][loss:3.017049]
2024-09-06 09:36:46.290 | INFO     | ortho:train:225 - [epoch:3/3][loss:3.024993]
2024-09-06 09:36:46.290 | INFO     | ortho:train:228 - [iter:27/50][iter_time:47.62]
2024-09-06 09:38:09.443 | INFO     | ortho:train:299 - [iter:27/50][code_length:128][mAP:0.64342][mAP_all:0.63381][best_mAP:0.64342]
2024-09-06 09:38:09.443 | INFO     | ortho:train:300 - [iter:27/50][code_length:128][zs_mAP:0.90053][zs_mAP_all:0.26033]
2024-09-06 09:38:24.537 | INFO     | ortho:train:225 - [epoch:1/3][loss:3.153064]
2024-09-06 09:38:39.259 | INFO     | ortho:train:225 - [epoch:2/3][loss:2.989350]
2024-09-06 09:38:54.186 | INFO     | ortho:train:225 - [epoch:3/3][loss:2.882733]
2024-09-06 09:38:54.187 | INFO     | ortho:train:228 - [iter:28/50][iter_time:44.74]
2024-09-06 09:40:16.236 | INFO     | ortho:train:299 - [iter:28/50][code_length:128][mAP:0.65016][mAP_all:0.64039][best_mAP:0.65016]
2024-09-06 09:40:16.237 | INFO     | ortho:train:300 - [iter:28/50][code_length:128][zs_mAP:0.88725][zs_mAP_all:0.25631]
2024-09-06 09:40:32.265 | INFO     | ortho:train:225 - [epoch:1/3][loss:3.063213]
2024-09-06 09:40:47.513 | INFO     | ortho:train:225 - [epoch:2/3][loss:2.960322]
2024-09-06 09:41:02.619 | INFO     | ortho:train:225 - [epoch:3/3][loss:2.862105]
2024-09-06 09:41:02.619 | INFO     | ortho:train:228 - [iter:29/50][iter_time:46.38]
2024-09-06 09:42:25.430 | INFO     | ortho:train:299 - [iter:29/50][code_length:128][mAP:0.65497][mAP_all:0.64557][best_mAP:0.65497]
2024-09-06 09:42:25.431 | INFO     | ortho:train:300 - [iter:29/50][code_length:128][zs_mAP:0.88385][zs_mAP_all:0.24696]
2024-09-06 09:42:41.489 | INFO     | ortho:train:225 - [epoch:1/3][loss:3.084659]
2024-09-06 09:42:57.509 | INFO     | ortho:train:225 - [epoch:2/3][loss:3.021161]
2024-09-06 09:43:12.627 | INFO     | ortho:train:225 - [epoch:3/3][loss:2.874826]
2024-09-06 09:43:12.628 | INFO     | ortho:train:228 - [iter:30/50][iter_time:47.20]
2024-09-06 09:44:35.341 | INFO     | ortho:train:299 - [iter:30/50][code_length:128][mAP:0.66032][mAP_all:0.65074][best_mAP:0.66032]
2024-09-06 09:44:35.342 | INFO     | ortho:train:300 - [iter:30/50][code_length:128][zs_mAP:0.88881][zs_mAP_all:0.25835]
2024-09-06 09:44:52.621 | INFO     | ortho:train:225 - [epoch:1/3][loss:3.073661]
2024-09-06 09:45:07.548 | INFO     | ortho:train:225 - [epoch:2/3][loss:3.001729]
2024-09-06 09:45:22.549 | INFO     | ortho:train:225 - [epoch:3/3][loss:2.824754]
2024-09-06 09:45:22.550 | INFO     | ortho:train:228 - [iter:31/50][iter_time:47.21]
2024-09-06 09:46:45.556 | INFO     | ortho:train:299 - [iter:31/50][code_length:128][mAP:0.66257][mAP_all:0.65312][best_mAP:0.66257]
2024-09-06 09:46:45.557 | INFO     | ortho:train:300 - [iter:31/50][code_length:128][zs_mAP:0.87858][zs_mAP_all:0.25011]
2024-09-06 09:47:01.210 | INFO     | ortho:train:225 - [epoch:1/3][loss:3.027487]
2024-09-06 09:47:17.369 | INFO     | ortho:train:225 - [epoch:2/3][loss:2.878821]
2024-09-06 09:47:32.610 | INFO     | ortho:train:225 - [epoch:3/3][loss:2.836716]
2024-09-06 09:47:32.611 | INFO     | ortho:train:228 - [iter:32/50][iter_time:47.05]
2024-09-06 09:48:55.990 | INFO     | ortho:train:299 - [iter:32/50][code_length:128][mAP:0.67233][mAP_all:0.66298][best_mAP:0.67233]
2024-09-06 09:48:55.990 | INFO     | ortho:train:300 - [iter:32/50][code_length:128][zs_mAP:0.88105][zs_mAP_all:0.24475]
2024-09-06 09:49:10.463 | INFO     | ortho:train:225 - [epoch:1/3][loss:2.960944]
2024-09-06 09:49:25.749 | INFO     | ortho:train:225 - [epoch:2/3][loss:2.860076]
2024-09-06 09:49:41.300 | INFO     | ortho:train:225 - [epoch:3/3][loss:2.795138]
2024-09-06 09:49:41.300 | INFO     | ortho:train:228 - [iter:33/50][iter_time:45.31]
2024-09-06 09:51:04.121 | INFO     | ortho:train:299 - [iter:33/50][code_length:128][mAP:0.67242][mAP_all:0.66266][best_mAP:0.67242]
2024-09-06 09:51:04.121 | INFO     | ortho:train:300 - [iter:33/50][code_length:128][zs_mAP:0.88967][zs_mAP_all:0.24641]
2024-09-06 09:51:18.559 | INFO     | ortho:train:225 - [epoch:1/3][loss:3.005614]
2024-09-06 09:51:33.721 | INFO     | ortho:train:225 - [epoch:2/3][loss:2.852326]
2024-09-06 09:51:49.198 | INFO     | ortho:train:225 - [epoch:3/3][loss:2.810807]
2024-09-06 09:51:49.199 | INFO     | ortho:train:228 - [iter:34/50][iter_time:45.08]
2024-09-06 09:53:15.064 | INFO     | ortho:train:299 - [iter:34/50][code_length:128][mAP:0.68183][mAP_all:0.67230][best_mAP:0.68183]
2024-09-06 09:53:15.064 | INFO     | ortho:train:300 - [iter:34/50][code_length:128][zs_mAP:0.87122][zs_mAP_all:0.24236]
2024-09-06 09:53:25.364 | INFO     | ortho:train:225 - [epoch:1/3][loss:2.908023]
2024-09-06 09:53:36.269 | INFO     | ortho:train:225 - [epoch:2/3][loss:2.813462]
2024-09-06 09:53:46.140 | INFO     | ortho:train:225 - [epoch:3/3][loss:2.659425]
2024-09-06 09:53:46.140 | INFO     | ortho:train:228 - [iter:35/50][iter_time:31.08]
2024-09-06 09:55:11.615 | INFO     | ortho:train:299 - [iter:35/50][code_length:128][mAP:0.68238][mAP_all:0.67276][best_mAP:0.68238]
2024-09-06 09:55:11.615 | INFO     | ortho:train:300 - [iter:35/50][code_length:128][zs_mAP:0.87205][zs_mAP_all:0.24512]
2024-09-06 09:55:21.538 | INFO     | ortho:train:225 - [epoch:1/3][loss:2.888277]
2024-09-06 09:55:31.300 | INFO     | ortho:train:225 - [epoch:2/3][loss:2.717756]
2024-09-06 09:55:40.877 | INFO     | ortho:train:225 - [epoch:3/3][loss:2.734500]
2024-09-06 09:55:40.878 | INFO     | ortho:train:228 - [iter:36/50][iter_time:29.26]
2024-09-06 09:56:55.020 | INFO     | ortho:train:299 - [iter:36/50][code_length:128][mAP:0.68381][mAP_all:0.67440][best_mAP:0.68381]
2024-09-06 09:56:55.021 | INFO     | ortho:train:300 - [iter:36/50][code_length:128][zs_mAP:0.87999][zs_mAP_all:0.24771]
2024-09-06 09:57:10.860 | INFO     | ortho:train:225 - [epoch:1/3][loss:2.957412]
2024-09-06 09:57:26.993 | INFO     | ortho:train:225 - [epoch:2/3][loss:2.787479]
2024-09-06 09:57:42.034 | INFO     | ortho:train:225 - [epoch:3/3][loss:2.724706]
2024-09-06 09:57:42.035 | INFO     | ortho:train:228 - [iter:37/50][iter_time:47.01]
2024-09-06 09:59:04.430 | INFO     | ortho:train:299 - [iter:37/50][code_length:128][mAP:0.68617][mAP_all:0.67678][best_mAP:0.68617]
2024-09-06 09:59:04.431 | INFO     | ortho:train:300 - [iter:37/50][code_length:128][zs_mAP:0.88236][zs_mAP_all:0.24791]
2024-09-06 09:59:18.737 | INFO     | ortho:train:225 - [epoch:1/3][loss:2.984030]
2024-09-06 09:59:32.935 | INFO     | ortho:train:225 - [epoch:2/3][loss:2.844499]
2024-09-06 09:59:47.499 | INFO     | ortho:train:225 - [epoch:3/3][loss:2.800042]
2024-09-06 09:59:47.500 | INFO     | ortho:train:228 - [iter:38/50][iter_time:43.07]
2024-09-06 10:01:10.375 | INFO     | ortho:train:299 - [iter:38/50][code_length:128][mAP:0.69142][mAP_all:0.68163][best_mAP:0.69142]
2024-09-06 10:01:10.375 | INFO     | ortho:train:300 - [iter:38/50][code_length:128][zs_mAP:0.86896][zs_mAP_all:0.23699]
2024-09-06 10:01:26.194 | INFO     | ortho:train:225 - [epoch:1/3][loss:2.825076]
2024-09-06 10:01:41.922 | INFO     | ortho:train:225 - [epoch:2/3][loss:2.796914]
2024-09-06 10:01:58.221 | INFO     | ortho:train:225 - [epoch:3/3][loss:2.732642]
2024-09-06 10:01:58.221 | INFO     | ortho:train:228 - [iter:39/50][iter_time:47.85]
2024-09-06 10:03:21.349 | INFO     | ortho:train:299 - [iter:39/50][code_length:128][mAP:0.70079][mAP_all:0.69104][best_mAP:0.70079]
2024-09-06 10:03:21.350 | INFO     | ortho:train:300 - [iter:39/50][code_length:128][zs_mAP:0.87874][zs_mAP_all:0.23705]
2024-09-06 10:03:37.220 | INFO     | ortho:train:225 - [epoch:1/3][loss:2.874734]
2024-09-06 10:03:52.266 | INFO     | ortho:train:225 - [epoch:2/3][loss:2.728392]
2024-09-06 10:04:07.033 | INFO     | ortho:train:225 - [epoch:3/3][loss:2.645501]
2024-09-06 10:04:07.033 | INFO     | ortho:train:228 - [iter:40/50][iter_time:45.68]
2024-09-06 10:05:30.135 | INFO     | ortho:train:299 - [iter:40/50][code_length:128][mAP:0.70149][mAP_all:0.69166][best_mAP:0.70149]
2024-09-06 10:05:30.136 | INFO     | ortho:train:300 - [iter:40/50][code_length:128][zs_mAP:0.87550][zs_mAP_all:0.24499]
2024-09-06 10:05:45.263 | INFO     | ortho:train:225 - [epoch:1/3][loss:2.877297]
2024-09-06 10:06:00.278 | INFO     | ortho:train:225 - [epoch:2/3][loss:2.788397]
2024-09-06 10:06:15.946 | INFO     | ortho:train:225 - [epoch:3/3][loss:2.666732]
2024-09-06 10:06:15.947 | INFO     | ortho:train:228 - [iter:41/50][iter_time:45.81]
2024-09-06 10:07:39.111 | INFO     | ortho:train:299 - [iter:41/50][code_length:128][mAP:0.70219][mAP_all:0.69228][best_mAP:0.70219]
2024-09-06 10:07:39.112 | INFO     | ortho:train:300 - [iter:41/50][code_length:128][zs_mAP:0.88151][zs_mAP_all:0.24457]
2024-09-06 10:07:54.929 | INFO     | ortho:train:225 - [epoch:1/3][loss:2.823145]
2024-09-06 10:08:09.767 | INFO     | ortho:train:225 - [epoch:2/3][loss:2.688612]
2024-09-06 10:08:25.399 | INFO     | ortho:train:225 - [epoch:3/3][loss:2.646145]
2024-09-06 10:08:25.400 | INFO     | ortho:train:228 - [iter:42/50][iter_time:46.29]
2024-09-06 10:09:47.961 | INFO     | ortho:train:299 - [iter:42/50][code_length:128][mAP:0.70266][mAP_all:0.69290][best_mAP:0.70266]
2024-09-06 10:09:47.962 | INFO     | ortho:train:300 - [iter:42/50][code_length:128][zs_mAP:0.88185][zs_mAP_all:0.24159]
2024-09-06 10:10:02.641 | INFO     | ortho:train:225 - [epoch:1/3][loss:2.801536]
2024-09-06 10:10:19.106 | INFO     | ortho:train:225 - [epoch:2/3][loss:2.652567]
2024-09-06 10:10:35.391 | INFO     | ortho:train:225 - [epoch:3/3][loss:2.633435]
2024-09-06 10:10:35.392 | INFO     | ortho:train:228 - [iter:43/50][iter_time:47.43]
2024-09-06 10:11:57.762 | INFO     | ortho:train:299 - [iter:43/50][code_length:128][mAP:0.70829][mAP_all:0.69858][best_mAP:0.70829]
2024-09-06 10:11:57.763 | INFO     | ortho:train:300 - [iter:43/50][code_length:128][zs_mAP:0.88525][zs_mAP_all:0.24120]
2024-09-06 10:12:12.929 | INFO     | ortho:train:225 - [epoch:1/3][loss:2.745559]
2024-09-06 10:12:28.278 | INFO     | ortho:train:225 - [epoch:2/3][loss:2.640615]
2024-09-06 10:12:44.114 | INFO     | ortho:train:225 - [epoch:3/3][loss:2.564498]
2024-09-06 10:12:44.115 | INFO     | ortho:train:228 - [iter:44/50][iter_time:46.35]
2024-09-06 10:14:06.382 | INFO     | ortho:train:299 - [iter:44/50][code_length:128][mAP:0.71112][mAP_all:0.70150][best_mAP:0.71112]
2024-09-06 10:14:06.382 | INFO     | ortho:train:300 - [iter:44/50][code_length:128][zs_mAP:0.89069][zs_mAP_all:0.24786]
2024-09-06 10:14:22.723 | INFO     | ortho:train:225 - [epoch:1/3][loss:2.853056]
2024-09-06 10:14:38.661 | INFO     | ortho:train:225 - [epoch:2/3][loss:2.750478]
2024-09-06 10:14:54.388 | INFO     | ortho:train:225 - [epoch:3/3][loss:2.648675]
2024-09-06 10:14:54.389 | INFO     | ortho:train:228 - [iter:45/50][iter_time:48.01]
2024-09-06 10:16:16.619 | INFO     | ortho:train:299 - [iter:45/50][code_length:128][mAP:0.71511][mAP_all:0.70521][best_mAP:0.71511]
2024-09-06 10:16:16.620 | INFO     | ortho:train:300 - [iter:45/50][code_length:128][zs_mAP:0.88317][zs_mAP_all:0.23833]
2024-09-06 10:16:32.135 | INFO     | ortho:train:225 - [epoch:1/3][loss:2.694805]
2024-09-06 10:16:49.113 | INFO     | ortho:train:225 - [epoch:2/3][loss:2.733509]
2024-09-06 10:17:03.678 | INFO     | ortho:train:225 - [epoch:3/3][loss:2.663692]
2024-09-06 10:17:03.678 | INFO     | ortho:train:228 - [iter:46/50][iter_time:47.06]
2024-09-06 10:18:26.460 | INFO     | ortho:train:299 - [iter:46/50][code_length:128][mAP:0.71720][mAP_all:0.70733][best_mAP:0.71720]
2024-09-06 10:18:26.461 | INFO     | ortho:train:300 - [iter:46/50][code_length:128][zs_mAP:0.88009][zs_mAP_all:0.23916]
2024-09-06 10:18:41.781 | INFO     | ortho:train:225 - [epoch:1/3][loss:2.769555]
2024-09-06 10:18:57.751 | INFO     | ortho:train:225 - [epoch:2/3][loss:2.681091]
2024-09-06 10:19:12.890 | INFO     | ortho:train:225 - [epoch:3/3][loss:2.725779]
2024-09-06 10:19:12.891 | INFO     | ortho:train:228 - [iter:47/50][iter_time:46.43]
2024-09-06 10:20:32.990 | INFO     | ortho:train:299 - [iter:47/50][code_length:128][mAP:0.72147][mAP_all:0.71156][best_mAP:0.72147]
2024-09-06 10:20:32.991 | INFO     | ortho:train:300 - [iter:47/50][code_length:128][zs_mAP:0.88744][zs_mAP_all:0.24773]
2024-09-06 10:20:49.083 | INFO     | ortho:train:225 - [epoch:1/3][loss:2.742745]
2024-09-06 10:21:04.449 | INFO     | ortho:train:225 - [epoch:2/3][loss:2.681062]
2024-09-06 10:21:20.540 | INFO     | ortho:train:225 - [epoch:3/3][loss:2.705635]
2024-09-06 10:21:20.541 | INFO     | ortho:train:228 - [iter:48/50][iter_time:47.55]
2024-09-06 10:22:43.675 | INFO     | ortho:train:299 - [iter:48/50][code_length:128][mAP:0.72371][mAP_all:0.71379][best_mAP:0.72371]
2024-09-06 10:22:43.676 | INFO     | ortho:train:300 - [iter:48/50][code_length:128][zs_mAP:0.88608][zs_mAP_all:0.24121]
2024-09-06 10:22:58.055 | INFO     | ortho:train:225 - [epoch:1/3][loss:2.822563]
2024-09-06 10:23:13.111 | INFO     | ortho:train:225 - [epoch:2/3][loss:2.754195]
2024-09-06 10:23:28.663 | INFO     | ortho:train:225 - [epoch:3/3][loss:2.645325]
2024-09-06 10:23:28.663 | INFO     | ortho:train:228 - [iter:49/50][iter_time:44.99]
2024-09-06 10:24:51.269 | INFO     | ortho:train:299 - [iter:49/50][code_length:128][mAP:0.72504][mAP_all:0.71521][best_mAP:0.72504]
2024-09-06 10:24:51.270 | INFO     | ortho:train:300 - [iter:49/50][code_length:128][zs_mAP:0.88827][zs_mAP_all:0.24491]
2024-09-06 10:25:06.509 | INFO     | ortho:train:225 - [epoch:1/3][loss:2.640014]
2024-09-06 10:25:21.341 | INFO     | ortho:train:225 - [epoch:2/3][loss:2.635946]
2024-09-06 10:25:37.070 | INFO     | ortho:train:225 - [epoch:3/3][loss:2.688417]
2024-09-06 10:25:37.071 | INFO     | ortho:train:228 - [iter:50/50][iter_time:45.80]
2024-09-06 10:27:00.092 | INFO     | ortho:train:299 - [iter:50/50][code_length:128][mAP:0.72655][mAP_all:0.71655][best_mAP:0.72655]
2024-09-06 10:27:00.093 | INFO     | ortho:train:300 - [iter:50/50][code_length:128][zs_mAP:0.89098][zs_mAP_all:0.24863]
2024-09-06 10:27:00.093 | INFO     | ortho:train:302 - [Training time:6386.92]
2024-09-06 10:27:00.099 | INFO     | __main__:run:138 - [code_length:128][map:0.7266][map_all:0.7166][zs_map:0.8910][zs_map_all:0.2486]
2024-09-06 10:27:16.918 | INFO     | ortho:train:225 - [epoch:1/3][loss:6.169339]
2024-09-06 10:27:33.070 | INFO     | ortho:train:225 - [epoch:2/3][loss:5.915265]
2024-09-06 10:27:49.345 | INFO     | ortho:train:225 - [epoch:3/3][loss:5.692316]
2024-09-06 10:27:49.345 | INFO     | ortho:train:228 - [iter:1/50][iter_time:48.66]
2024-09-06 10:29:12.143 | INFO     | ortho:train:299 - [iter:1/50][code_length:256][mAP:0.14211][mAP_all:0.13850][best_mAP:0.14211]
2024-09-06 10:29:12.144 | INFO     | ortho:train:300 - [iter:1/50][code_length:256][zs_mAP:0.61295][zs_mAP_all:0.13314]
2024-09-06 10:29:26.621 | INFO     | ortho:train:225 - [epoch:1/3][loss:5.668901]
2024-09-06 10:29:43.617 | INFO     | ortho:train:225 - [epoch:2/3][loss:5.491349]
2024-09-06 10:29:57.953 | INFO     | ortho:train:225 - [epoch:3/3][loss:5.337193]
2024-09-06 10:29:57.953 | INFO     | ortho:train:228 - [iter:2/50][iter_time:45.81]
2024-09-06 10:31:21.781 | INFO     | ortho:train:299 - [iter:2/50][code_length:256][mAP:0.17242][mAP_all:0.16814][best_mAP:0.17242]
2024-09-06 10:31:21.782 | INFO     | ortho:train:300 - [iter:2/50][code_length:256][zs_mAP:0.68393][zs_mAP_all:0.14795]
2024-09-06 10:31:31.762 | INFO     | ortho:train:225 - [epoch:1/3][loss:5.388036]
2024-09-06 10:31:41.457 | INFO     | ortho:train:225 - [epoch:2/3][loss:5.254425]
2024-09-06 10:31:51.408 | INFO     | ortho:train:225 - [epoch:3/3][loss:5.131849]
2024-09-06 10:31:51.409 | INFO     | ortho:train:228 - [iter:3/50][iter_time:29.63]
2024-09-06 10:33:17.395 | INFO     | ortho:train:299 - [iter:3/50][code_length:256][mAP:0.20856][mAP_all:0.20327][best_mAP:0.20856]
2024-09-06 10:33:17.396 | INFO     | ortho:train:300 - [iter:3/50][code_length:256][zs_mAP:0.74739][zs_mAP_all:0.17558]
2024-09-06 10:33:28.301 | INFO     | ortho:train:225 - [epoch:1/3][loss:5.081716]
2024-09-06 10:33:44.952 | INFO     | ortho:train:225 - [epoch:2/3][loss:4.958706]
2024-09-06 10:34:01.927 | INFO     | ortho:train:225 - [epoch:3/3][loss:4.858177]
2024-09-06 10:34:01.927 | INFO     | ortho:train:228 - [iter:4/50][iter_time:44.53]
2024-09-06 10:35:23.138 | INFO     | ortho:train:299 - [iter:4/50][code_length:256][mAP:0.25611][mAP_all:0.24992][best_mAP:0.25611]
2024-09-06 10:35:23.139 | INFO     | ortho:train:300 - [iter:4/50][code_length:256][zs_mAP:0.79851][zs_mAP_all:0.20027]
2024-09-06 10:35:39.081 | INFO     | ortho:train:225 - [epoch:1/3][loss:4.890709]
2024-09-06 10:35:55.412 | INFO     | ortho:train:225 - [epoch:2/3][loss:4.800055]
2024-09-06 10:36:11.296 | INFO     | ortho:train:225 - [epoch:3/3][loss:4.681574]
2024-09-06 10:36:11.297 | INFO     | ortho:train:228 - [iter:5/50][iter_time:48.16]
2024-09-06 10:37:34.594 | INFO     | ortho:train:299 - [iter:5/50][code_length:256][mAP:0.29383][mAP_all:0.28720][best_mAP:0.29383]
2024-09-06 10:37:34.595 | INFO     | ortho:train:300 - [iter:5/50][code_length:256][zs_mAP:0.82366][zs_mAP_all:0.21453]
2024-09-06 10:37:49.671 | INFO     | ortho:train:225 - [epoch:1/3][loss:4.691538]
2024-09-06 10:38:04.466 | INFO     | ortho:train:225 - [epoch:2/3][loss:4.596786]
2024-09-06 10:38:20.350 | INFO     | ortho:train:225 - [epoch:3/3][loss:4.486408]
2024-09-06 10:38:20.350 | INFO     | ortho:train:228 - [iter:6/50][iter_time:45.76]
2024-09-06 10:39:42.799 | INFO     | ortho:train:299 - [iter:6/50][code_length:256][mAP:0.32693][mAP_all:0.31991][best_mAP:0.32693]
2024-09-06 10:39:42.800 | INFO     | ortho:train:300 - [iter:6/50][code_length:256][zs_mAP:0.84314][zs_mAP_all:0.22458]
2024-09-06 10:39:58.513 | INFO     | ortho:train:225 - [epoch:1/3][loss:4.563157]
2024-09-06 10:40:14.434 | INFO     | ortho:train:225 - [epoch:2/3][loss:4.444882]
2024-09-06 10:40:30.050 | INFO     | ortho:train:225 - [epoch:3/3][loss:4.348685]
2024-09-06 10:40:30.050 | INFO     | ortho:train:228 - [iter:7/50][iter_time:47.25]
2024-09-06 10:41:52.675 | INFO     | ortho:train:299 - [iter:7/50][code_length:256][mAP:0.35402][mAP_all:0.34648][best_mAP:0.35402]
2024-09-06 10:41:52.676 | INFO     | ortho:train:300 - [iter:7/50][code_length:256][zs_mAP:0.86874][zs_mAP_all:0.23645]
2024-09-06 10:42:07.965 | INFO     | ortho:train:225 - [epoch:1/3][loss:4.380607]
2024-09-06 10:42:24.772 | INFO     | ortho:train:225 - [epoch:2/3][loss:4.289190]
2024-09-06 10:42:39.194 | INFO     | ortho:train:225 - [epoch:3/3][loss:4.178272]
2024-09-06 10:42:39.195 | INFO     | ortho:train:228 - [iter:8/50][iter_time:46.52]
2024-09-06 10:44:03.238 | INFO     | ortho:train:299 - [iter:8/50][code_length:256][mAP:0.38600][mAP_all:0.37835][best_mAP:0.38600]
2024-09-06 10:44:03.239 | INFO     | ortho:train:300 - [iter:8/50][code_length:256][zs_mAP:0.87316][zs_mAP_all:0.24099]
2024-09-06 10:47:42.136 | INFO     | ortho:train:225 - [epoch:1/3][loss:4.240081]
2024-09-06 10:51:28.414 | INFO     | ortho:train:225 - [epoch:2/3][loss:4.105952]
2024-09-06 10:55:11.684 | INFO     | ortho:train:225 - [epoch:3/3][loss:4.065108]
2024-09-06 10:55:11.685 | INFO     | ortho:train:228 - [iter:9/50][iter_time:668.45]
2024-09-06 10:56:35.847 | INFO     | ortho:train:299 - [iter:9/50][code_length:256][mAP:0.41396][mAP_all:0.40591][best_mAP:0.41396]
2024-09-06 10:56:35.848 | INFO     | ortho:train:300 - [iter:9/50][code_length:256][zs_mAP:0.89002][zs_mAP_all:0.25662]
2024-09-06 11:00:16.846 | INFO     | ortho:train:225 - [epoch:1/3][loss:4.149115]
2024-09-06 11:03:45.985 | INFO     | ortho:train:225 - [epoch:2/3][loss:3.990075]
2024-09-06 11:07:24.034 | INFO     | ortho:train:225 - [epoch:3/3][loss:4.011598]
2024-09-06 11:07:24.035 | INFO     | ortho:train:228 - [iter:10/50][iter_time:648.19]
2024-09-06 11:08:47.370 | INFO     | ortho:train:299 - [iter:10/50][code_length:256][mAP:0.43869][mAP_all:0.43032][best_mAP:0.43869]
2024-09-06 11:08:47.380 | INFO     | ortho:train:300 - [iter:10/50][code_length:256][zs_mAP:0.89404][zs_mAP_all:0.26421]
2024-09-06 11:12:05.602 | INFO     | ortho:train:225 - [epoch:1/3][loss:4.020354]
2024-09-06 11:15:28.712 | INFO     | ortho:train:225 - [epoch:2/3][loss:3.954753]
2024-09-06 11:18:55.443 | INFO     | ortho:train:225 - [epoch:3/3][loss:3.835678]
2024-09-06 11:18:55.444 | INFO     | ortho:train:228 - [iter:11/50][iter_time:608.06]
2024-09-06 11:20:18.581 | INFO     | ortho:train:299 - [iter:11/50][code_length:256][mAP:0.45428][mAP_all:0.44596][best_mAP:0.45428]
2024-09-06 11:20:18.586 | INFO     | ortho:train:300 - [iter:11/50][code_length:256][zs_mAP:0.89241][zs_mAP_all:0.26378]
2024-09-06 11:23:49.116 | INFO     | ortho:train:225 - [epoch:1/3][loss:3.993718]
2024-09-06 11:27:13.277 | INFO     | ortho:train:225 - [epoch:2/3][loss:3.915163]
2024-09-06 11:30:33.470 | INFO     | ortho:train:225 - [epoch:3/3][loss:3.828233]
2024-09-06 11:30:33.470 | INFO     | ortho:train:228 - [iter:12/50][iter_time:614.88]
2024-09-06 11:31:57.148 | INFO     | ortho:train:299 - [iter:12/50][code_length:256][mAP:0.47738][mAP_all:0.46898][best_mAP:0.47738]
2024-09-06 11:31:57.149 | INFO     | ortho:train:300 - [iter:12/50][code_length:256][zs_mAP:0.90317][zs_mAP_all:0.27067]
2024-09-06 11:35:12.906 | INFO     | ortho:train:225 - [epoch:1/3][loss:3.845439]
2024-09-06 11:38:17.787 | INFO     | ortho:train:225 - [epoch:2/3][loss:3.803992]
2024-09-06 11:41:39.985 | INFO     | ortho:train:225 - [epoch:3/3][loss:3.726471]
2024-09-06 11:41:39.986 | INFO     | ortho:train:228 - [iter:13/50][iter_time:582.84]
2024-09-06 11:43:04.416 | INFO     | ortho:train:299 - [iter:13/50][code_length:256][mAP:0.49177][mAP_all:0.48318][best_mAP:0.49177]
2024-09-06 11:43:04.416 | INFO     | ortho:train:300 - [iter:13/50][code_length:256][zs_mAP:0.90579][zs_mAP_all:0.27712]
2024-09-06 11:46:06.907 | INFO     | ortho:train:225 - [epoch:1/3][loss:3.822330]
2024-09-06 11:48:33.204 | INFO     | ortho:train:225 - [epoch:2/3][loss:3.710962]
2024-09-06 11:48:47.351 | INFO     | ortho:train:225 - [epoch:3/3][loss:3.622660]
2024-09-06 11:48:47.351 | INFO     | ortho:train:228 - [iter:14/50][iter_time:342.93]
2024-09-06 11:50:07.577 | INFO     | ortho:train:299 - [iter:14/50][code_length:256][mAP:0.50688][mAP_all:0.49799][best_mAP:0.50688]
2024-09-06 11:50:07.578 | INFO     | ortho:train:300 - [iter:14/50][code_length:256][zs_mAP:0.90770][zs_mAP_all:0.28208]
2024-09-06 11:50:22.974 | INFO     | ortho:train:225 - [epoch:1/3][loss:3.716890]
2024-09-06 11:50:38.628 | INFO     | ortho:train:225 - [epoch:2/3][loss:3.610225]
2024-09-06 11:50:53.858 | INFO     | ortho:train:225 - [epoch:3/3][loss:3.518934]
2024-09-06 11:50:53.859 | INFO     | ortho:train:228 - [iter:15/50][iter_time:46.28]
2024-09-06 11:52:16.242 | INFO     | ortho:train:299 - [iter:15/50][code_length:256][mAP:0.52145][mAP_all:0.51265][best_mAP:0.52145]
2024-09-06 11:52:16.242 | INFO     | ortho:train:300 - [iter:15/50][code_length:256][zs_mAP:0.90534][zs_mAP_all:0.28066]
2024-09-06 11:52:31.477 | INFO     | ortho:train:225 - [epoch:1/3][loss:3.624212]
2024-09-06 11:52:46.610 | INFO     | ortho:train:225 - [epoch:2/3][loss:3.535679]
2024-09-06 11:53:02.013 | INFO     | ortho:train:225 - [epoch:3/3][loss:3.425182]
2024-09-06 11:53:02.014 | INFO     | ortho:train:228 - [iter:16/50][iter_time:45.77]
2024-09-06 11:54:24.875 | INFO     | ortho:train:299 - [iter:16/50][code_length:256][mAP:0.53792][mAP_all:0.52884][best_mAP:0.53792]
2024-09-06 11:54:24.876 | INFO     | ortho:train:300 - [iter:16/50][code_length:256][zs_mAP:0.90402][zs_mAP_all:0.28500]
2024-09-06 11:54:39.034 | INFO     | ortho:train:225 - [epoch:1/3][loss:3.576340]
2024-09-06 11:54:54.121 | INFO     | ortho:train:225 - [epoch:2/3][loss:3.506458]
2024-09-06 11:55:09.414 | INFO     | ortho:train:225 - [epoch:3/3][loss:3.382133]
2024-09-06 11:55:09.414 | INFO     | ortho:train:228 - [iter:17/50][iter_time:44.54]
2024-09-06 11:56:32.388 | INFO     | ortho:train:299 - [iter:17/50][code_length:256][mAP:0.54667][mAP_all:0.53733][best_mAP:0.54667]
2024-09-06 11:56:32.388 | INFO     | ortho:train:300 - [iter:17/50][code_length:256][zs_mAP:0.91542][zs_mAP_all:0.29032]
2024-09-06 11:56:48.182 | INFO     | ortho:train:225 - [epoch:1/3][loss:3.547948]
2024-09-06 11:57:02.655 | INFO     | ortho:train:225 - [epoch:2/3][loss:3.503167]
2024-09-06 11:57:18.473 | INFO     | ortho:train:225 - [epoch:3/3][loss:3.403269]
2024-09-06 11:57:18.473 | INFO     | ortho:train:228 - [iter:18/50][iter_time:46.08]
2024-09-06 11:58:41.484 | INFO     | ortho:train:299 - [iter:18/50][code_length:256][mAP:0.55633][mAP_all:0.54707][best_mAP:0.55633]
2024-09-06 11:58:41.484 | INFO     | ortho:train:300 - [iter:18/50][code_length:256][zs_mAP:0.91095][zs_mAP_all:0.28592]
2024-09-06 11:58:56.657 | INFO     | ortho:train:225 - [epoch:1/3][loss:3.523749]
2024-09-06 11:59:07.389 | INFO     | ortho:train:225 - [epoch:2/3][loss:3.436147]
2024-09-06 11:59:16.702 | INFO     | ortho:train:225 - [epoch:3/3][loss:3.355252]
2024-09-06 11:59:16.703 | INFO     | ortho:train:228 - [iter:19/50][iter_time:35.22]
2024-09-06 12:00:43.322 | INFO     | ortho:train:299 - [iter:19/50][code_length:256][mAP:0.56882][mAP_all:0.55960][best_mAP:0.56882]
2024-09-06 12:00:43.322 | INFO     | ortho:train:300 - [iter:19/50][code_length:256][zs_mAP:0.92246][zs_mAP_all:0.28279]
2024-09-06 12:00:53.377 | INFO     | ortho:train:225 - [epoch:1/3][loss:3.437084]
2024-09-06 12:01:03.547 | INFO     | ortho:train:225 - [epoch:2/3][loss:3.356113]
2024-09-06 12:01:13.769 | INFO     | ortho:train:225 - [epoch:3/3][loss:3.286756]
2024-09-06 12:01:13.770 | INFO     | ortho:train:228 - [iter:20/50][iter_time:30.45]
2024-09-06 12:02:43.890 | INFO     | ortho:train:299 - [iter:20/50][code_length:256][mAP:0.57922][mAP_all:0.57036][best_mAP:0.57922]
2024-09-06 12:02:43.891 | INFO     | ortho:train:300 - [iter:20/50][code_length:256][zs_mAP:0.90790][zs_mAP_all:0.27577]
2024-09-06 12:02:51.865 | INFO     | ortho:train:225 - [epoch:1/3][loss:3.455998]
2024-09-06 12:02:59.716 | INFO     | ortho:train:225 - [epoch:2/3][loss:3.330143]
2024-09-06 12:03:07.820 | INFO     | ortho:train:225 - [epoch:3/3][loss:3.208722]
2024-09-06 12:03:07.820 | INFO     | ortho:train:228 - [iter:21/50][iter_time:23.93]
2024-09-06 12:04:22.470 | INFO     | ortho:train:299 - [iter:21/50][code_length:256][mAP:0.59058][mAP_all:0.58164][best_mAP:0.59058]
2024-09-06 12:04:22.471 | INFO     | ortho:train:300 - [iter:21/50][code_length:256][zs_mAP:0.91289][zs_mAP_all:0.27836]
2024-09-06 12:04:38.744 | INFO     | ortho:train:225 - [epoch:1/3][loss:3.394888]
2024-09-06 12:04:53.841 | INFO     | ortho:train:225 - [epoch:2/3][loss:3.253367]
2024-09-06 12:05:08.908 | INFO     | ortho:train:225 - [epoch:3/3][loss:3.228234]
2024-09-06 12:05:08.908 | INFO     | ortho:train:228 - [iter:22/50][iter_time:46.44]
2024-09-06 12:06:31.774 | INFO     | ortho:train:299 - [iter:22/50][code_length:256][mAP:0.60184][mAP_all:0.59279][best_mAP:0.60184]
2024-09-06 12:06:31.774 | INFO     | ortho:train:300 - [iter:22/50][code_length:256][zs_mAP:0.90896][zs_mAP_all:0.27909]
2024-09-06 12:06:47.952 | INFO     | ortho:train:225 - [epoch:1/3][loss:3.325256]
2024-09-06 12:07:03.706 | INFO     | ortho:train:225 - [epoch:2/3][loss:3.240164]
2024-09-06 12:07:18.389 | INFO     | ortho:train:225 - [epoch:3/3][loss:3.200617]
2024-09-06 12:07:18.390 | INFO     | ortho:train:228 - [iter:23/50][iter_time:46.62]
2024-09-06 12:08:41.275 | INFO     | ortho:train:299 - [iter:23/50][code_length:256][mAP:0.60542][mAP_all:0.59575][best_mAP:0.60542]
2024-09-06 12:08:41.276 | INFO     | ortho:train:300 - [iter:23/50][code_length:256][zs_mAP:0.91280][zs_mAP_all:0.27646]
2024-09-06 12:08:56.854 | INFO     | ortho:train:225 - [epoch:1/3][loss:3.323200]
2024-09-06 12:09:12.652 | INFO     | ortho:train:225 - [epoch:2/3][loss:3.251158]
2024-09-06 12:09:27.770 | INFO     | ortho:train:225 - [epoch:3/3][loss:3.101788]
2024-09-06 12:09:27.770 | INFO     | ortho:train:228 - [iter:24/50][iter_time:46.49]
2024-09-06 12:10:50.507 | INFO     | ortho:train:299 - [iter:24/50][code_length:256][mAP:0.61647][mAP_all:0.60697][best_mAP:0.61647]
2024-09-06 12:10:50.508 | INFO     | ortho:train:300 - [iter:24/50][code_length:256][zs_mAP:0.91303][zs_mAP_all:0.28321]
2024-09-06 12:11:05.363 | INFO     | ortho:train:225 - [epoch:1/3][loss:3.280762]
2024-09-06 12:11:20.028 | INFO     | ortho:train:225 - [epoch:2/3][loss:3.187460]
2024-09-06 12:11:34.950 | INFO     | ortho:train:225 - [epoch:3/3][loss:3.109542]
2024-09-06 12:11:34.950 | INFO     | ortho:train:228 - [iter:25/50][iter_time:44.44]
2024-09-06 12:12:58.338 | INFO     | ortho:train:299 - [iter:25/50][code_length:256][mAP:0.62367][mAP_all:0.61431][best_mAP:0.62367]
2024-09-06 12:12:58.339 | INFO     | ortho:train:300 - [iter:25/50][code_length:256][zs_mAP:0.91291][zs_mAP_all:0.27641]
2024-09-06 12:13:15.139 | INFO     | ortho:train:225 - [epoch:1/3][loss:3.173024]
2024-09-06 12:13:30.736 | INFO     | ortho:train:225 - [epoch:2/3][loss:3.064874]
2024-09-06 12:13:45.954 | INFO     | ortho:train:225 - [epoch:3/3][loss:3.036182]
2024-09-06 12:13:45.955 | INFO     | ortho:train:228 - [iter:26/50][iter_time:47.62]
2024-09-06 12:15:08.429 | INFO     | ortho:train:299 - [iter:26/50][code_length:256][mAP:0.62579][mAP_all:0.61629][best_mAP:0.62579]
2024-09-06 12:15:08.430 | INFO     | ortho:train:300 - [iter:26/50][code_length:256][zs_mAP:0.90971][zs_mAP_all:0.27771]
2024-09-06 12:15:23.062 | INFO     | ortho:train:225 - [epoch:1/3][loss:3.267009]
2024-09-06 12:15:38.443 | INFO     | ortho:train:225 - [epoch:2/3][loss:3.152732]
2024-09-06 12:15:54.299 | INFO     | ortho:train:225 - [epoch:3/3][loss:3.069827]
2024-09-06 12:15:54.300 | INFO     | ortho:train:228 - [iter:27/50][iter_time:45.87]
2024-09-06 12:17:14.132 | INFO     | ortho:train:299 - [iter:27/50][code_length:256][mAP:0.63589][mAP_all:0.62664][best_mAP:0.63589]
2024-09-06 12:17:14.133 | INFO     | ortho:train:300 - [iter:27/50][code_length:256][zs_mAP:0.90139][zs_mAP_all:0.26960]
2024-09-06 12:17:28.280 | INFO     | ortho:train:225 - [epoch:1/3][loss:3.138091]
2024-09-06 12:17:43.072 | INFO     | ortho:train:225 - [epoch:2/3][loss:3.054815]
2024-09-06 12:17:58.169 | INFO     | ortho:train:225 - [epoch:3/3][loss:2.964421]
2024-09-06 12:17:58.169 | INFO     | ortho:train:228 - [iter:28/50][iter_time:44.04]
2024-09-06 12:19:20.509 | INFO     | ortho:train:299 - [iter:28/50][code_length:256][mAP:0.64029][mAP_all:0.63078][best_mAP:0.64029]
2024-09-06 12:19:20.510 | INFO     | ortho:train:300 - [iter:28/50][code_length:256][zs_mAP:0.91175][zs_mAP_all:0.27749]
2024-09-06 12:19:35.931 | INFO     | ortho:train:225 - [epoch:1/3][loss:3.142691]
2024-09-06 12:19:52.296 | INFO     | ortho:train:225 - [epoch:2/3][loss:3.017748]
2024-09-06 12:20:07.358 | INFO     | ortho:train:225 - [epoch:3/3][loss:2.935583]
2024-09-06 12:20:07.359 | INFO     | ortho:train:228 - [iter:29/50][iter_time:46.85]
2024-09-06 12:21:30.110 | INFO     | ortho:train:299 - [iter:29/50][code_length:256][mAP:0.64704][mAP_all:0.63740][best_mAP:0.64704]
2024-09-06 12:21:30.111 | INFO     | ortho:train:300 - [iter:29/50][code_length:256][zs_mAP:0.91993][zs_mAP_all:0.28526]
2024-09-06 12:21:44.604 | INFO     | ortho:train:225 - [epoch:1/3][loss:3.080633]
2024-09-06 12:22:00.972 | INFO     | ortho:train:225 - [epoch:2/3][loss:2.963511]
2024-09-06 12:22:15.907 | INFO     | ortho:train:225 - [epoch:3/3][loss:2.943927]
2024-09-06 12:22:15.908 | INFO     | ortho:train:228 - [iter:30/50][iter_time:45.80]
2024-09-06 12:23:38.989 | INFO     | ortho:train:299 - [iter:30/50][code_length:256][mAP:0.65262][mAP_all:0.64319][best_mAP:0.65262]
2024-09-06 12:23:38.990 | INFO     | ortho:train:300 - [iter:30/50][code_length:256][zs_mAP:0.91669][zs_mAP_all:0.27923]
2024-09-06 12:23:55.332 | INFO     | ortho:train:225 - [epoch:1/3][loss:3.047656]
2024-09-06 12:24:10.584 | INFO     | ortho:train:225 - [epoch:2/3][loss:2.940861]
2024-09-06 12:24:26.854 | INFO     | ortho:train:225 - [epoch:3/3][loss:2.866665]
2024-09-06 12:24:26.855 | INFO     | ortho:train:228 - [iter:31/50][iter_time:47.86]
2024-09-06 12:25:49.523 | INFO     | ortho:train:299 - [iter:31/50][code_length:256][mAP:0.65517][mAP_all:0.64584][best_mAP:0.65517]
2024-09-06 12:25:49.524 | INFO     | ortho:train:300 - [iter:31/50][code_length:256][zs_mAP:0.90864][zs_mAP_all:0.26912]
2024-09-06 12:26:04.421 | INFO     | ortho:train:225 - [epoch:1/3][loss:3.062654]
2024-09-06 12:26:19.695 | INFO     | ortho:train:225 - [epoch:2/3][loss:3.000700]
2024-09-06 12:26:36.134 | INFO     | ortho:train:225 - [epoch:3/3][loss:2.928320]
2024-09-06 12:26:36.135 | INFO     | ortho:train:228 - [iter:32/50][iter_time:46.61]
2024-09-06 12:27:59.184 | INFO     | ortho:train:299 - [iter:32/50][code_length:256][mAP:0.66200][mAP_all:0.65223][best_mAP:0.66200]
2024-09-06 12:27:59.185 | INFO     | ortho:train:300 - [iter:32/50][code_length:256][zs_mAP:0.91098][zs_mAP_all:0.26894]
2024-09-06 12:28:14.542 | INFO     | ortho:train:225 - [epoch:1/3][loss:3.039835]
2024-09-06 12:28:30.244 | INFO     | ortho:train:225 - [epoch:2/3][loss:2.929135]
2024-09-06 12:28:45.369 | INFO     | ortho:train:225 - [epoch:3/3][loss:2.875467]
2024-09-06 12:28:45.369 | INFO     | ortho:train:228 - [iter:33/50][iter_time:46.18]
2024-09-06 12:30:08.403 | INFO     | ortho:train:299 - [iter:33/50][code_length:256][mAP:0.66927][mAP_all:0.65980][best_mAP:0.66927]
2024-09-06 12:30:08.404 | INFO     | ortho:train:300 - [iter:33/50][code_length:256][zs_mAP:0.91223][zs_mAP_all:0.27300]
2024-09-06 12:30:23.552 | INFO     | ortho:train:225 - [epoch:1/3][loss:3.041060]
2024-09-06 12:30:39.211 | INFO     | ortho:train:225 - [epoch:2/3][loss:2.950738]
2024-09-06 12:30:55.623 | INFO     | ortho:train:225 - [epoch:3/3][loss:2.871512]
2024-09-06 12:30:55.623 | INFO     | ortho:train:228 - [iter:34/50][iter_time:47.22]
2024-09-06 12:32:17.607 | INFO     | ortho:train:299 - [iter:34/50][code_length:256][mAP:0.66788][mAP_all:0.65794][best_mAP:0.66927]
2024-09-06 12:32:17.608 | INFO     | ortho:train:300 - [iter:34/50][code_length:256][zs_mAP:0.91760][zs_mAP_all:0.27592]
2024-09-06 12:32:33.694 | INFO     | ortho:train:225 - [epoch:1/3][loss:2.947389]
2024-09-06 12:32:48.541 | INFO     | ortho:train:225 - [epoch:2/3][loss:2.854273]
2024-09-06 12:33:03.988 | INFO     | ortho:train:225 - [epoch:3/3][loss:2.753255]
2024-09-06 12:33:03.989 | INFO     | ortho:train:228 - [iter:35/50][iter_time:46.38]
2024-09-06 12:34:26.536 | INFO     | ortho:train:299 - [iter:35/50][code_length:256][mAP:0.67462][mAP_all:0.66440][best_mAP:0.67462]
2024-09-06 12:34:26.536 | INFO     | ortho:train:300 - [iter:35/50][code_length:256][zs_mAP:0.91891][zs_mAP_all:0.27069]
2024-09-06 12:34:41.949 | INFO     | ortho:train:225 - [epoch:1/3][loss:2.976384]
2024-09-06 12:34:57.493 | INFO     | ortho:train:225 - [epoch:2/3][loss:2.870646]
2024-09-06 12:35:12.439 | INFO     | ortho:train:225 - [epoch:3/3][loss:2.755126]
2024-09-06 12:35:12.439 | INFO     | ortho:train:228 - [iter:36/50][iter_time:45.90]
2024-09-06 12:36:35.920 | INFO     | ortho:train:299 - [iter:36/50][code_length:256][mAP:0.67831][mAP_all:0.66822][best_mAP:0.67831]
2024-09-06 12:36:35.921 | INFO     | ortho:train:300 - [iter:36/50][code_length:256][zs_mAP:0.92141][zs_mAP_all:0.27720]
2024-09-06 12:36:51.098 | INFO     | ortho:train:225 - [epoch:1/3][loss:2.979128]
2024-09-06 12:37:06.721 | INFO     | ortho:train:225 - [epoch:2/3][loss:2.835249]
2024-09-06 12:37:22.211 | INFO     | ortho:train:225 - [epoch:3/3][loss:2.758124]
2024-09-06 12:37:22.212 | INFO     | ortho:train:228 - [iter:37/50][iter_time:46.29]
2024-09-06 12:38:45.156 | INFO     | ortho:train:299 - [iter:37/50][code_length:256][mAP:0.68072][mAP_all:0.67061][best_mAP:0.68072]
2024-09-06 12:38:45.157 | INFO     | ortho:train:300 - [iter:37/50][code_length:256][zs_mAP:0.91414][zs_mAP_all:0.27227]
2024-09-06 12:39:01.367 | INFO     | ortho:train:225 - [epoch:1/3][loss:2.985904]
2024-09-06 12:39:17.188 | INFO     | ortho:train:225 - [epoch:2/3][loss:2.887248]
2024-09-06 12:39:31.826 | INFO     | ortho:train:225 - [epoch:3/3][loss:2.815627]
2024-09-06 12:39:31.827 | INFO     | ortho:train:228 - [iter:38/50][iter_time:46.67]
2024-09-06 12:40:54.996 | INFO     | ortho:train:299 - [iter:38/50][code_length:256][mAP:0.68417][mAP_all:0.67400][best_mAP:0.68417]
2024-09-06 12:40:54.997 | INFO     | ortho:train:300 - [iter:38/50][code_length:256][zs_mAP:0.91603][zs_mAP_all:0.27406]
2024-09-06 12:41:09.874 | INFO     | ortho:train:225 - [epoch:1/3][loss:2.848419]
2024-09-06 12:41:26.370 | INFO     | ortho:train:225 - [epoch:2/3][loss:2.734594]
2024-09-06 12:41:42.381 | INFO     | ortho:train:225 - [epoch:3/3][loss:2.633353]
2024-09-06 12:41:42.382 | INFO     | ortho:train:228 - [iter:39/50][iter_time:47.38]
2024-09-06 12:43:05.320 | INFO     | ortho:train:299 - [iter:39/50][code_length:256][mAP:0.68951][mAP_all:0.67958][best_mAP:0.68951]
2024-09-06 12:43:05.320 | INFO     | ortho:train:300 - [iter:39/50][code_length:256][zs_mAP:0.91452][zs_mAP_all:0.26765]
2024-09-06 12:43:21.786 | INFO     | ortho:train:225 - [epoch:1/3][loss:2.817787]
2024-09-06 12:43:37.160 | INFO     | ortho:train:225 - [epoch:2/3][loss:2.781375]
2024-09-06 12:43:51.794 | INFO     | ortho:train:225 - [epoch:3/3][loss:2.691316]
2024-09-06 12:43:51.795 | INFO     | ortho:train:228 - [iter:40/50][iter_time:46.47]
2024-09-06 12:45:14.217 | INFO     | ortho:train:299 - [iter:40/50][code_length:256][mAP:0.68888][mAP_all:0.67871][best_mAP:0.68951]
2024-09-06 12:45:14.217 | INFO     | ortho:train:300 - [iter:40/50][code_length:256][zs_mAP:0.91116][zs_mAP_all:0.26584]
2024-09-06 12:45:28.272 | INFO     | ortho:train:225 - [epoch:1/3][loss:2.878981]
2024-09-06 12:45:43.394 | INFO     | ortho:train:225 - [epoch:2/3][loss:2.737722]
2024-09-06 12:45:58.962 | INFO     | ortho:train:225 - [epoch:3/3][loss:2.688969]
2024-09-06 12:45:58.963 | INFO     | ortho:train:228 - [iter:41/50][iter_time:44.75]
2024-09-06 12:47:22.286 | INFO     | ortho:train:299 - [iter:41/50][code_length:256][mAP:0.69115][mAP_all:0.68095][best_mAP:0.69115]
2024-09-06 12:47:22.286 | INFO     | ortho:train:300 - [iter:41/50][code_length:256][zs_mAP:0.91185][zs_mAP_all:0.26897]
2024-09-06 12:47:39.053 | INFO     | ortho:train:225 - [epoch:1/3][loss:2.965801]
2024-09-06 12:47:54.197 | INFO     | ortho:train:225 - [epoch:2/3][loss:2.814353]
2024-09-06 12:48:09.445 | INFO     | ortho:train:225 - [epoch:3/3][loss:2.755648]
2024-09-06 12:48:09.446 | INFO     | ortho:train:228 - [iter:42/50][iter_time:47.16]
2024-09-06 12:49:32.507 | INFO     | ortho:train:299 - [iter:42/50][code_length:256][mAP:0.69719][mAP_all:0.68689][best_mAP:0.69719]
2024-09-06 12:49:32.507 | INFO     | ortho:train:300 - [iter:42/50][code_length:256][zs_mAP:0.90736][zs_mAP_all:0.25276]
2024-09-06 12:49:42.275 | INFO     | ortho:train:225 - [epoch:1/3][loss:2.806459]
2024-09-06 12:49:52.496 | INFO     | ortho:train:225 - [epoch:2/3][loss:2.701046]
2024-09-06 12:50:02.573 | INFO     | ortho:train:225 - [epoch:3/3][loss:2.656459]
2024-09-06 12:50:02.574 | INFO     | ortho:train:228 - [iter:43/50][iter_time:30.07]
2024-09-06 12:51:28.189 | INFO     | ortho:train:299 - [iter:43/50][code_length:256][mAP:0.69844][mAP_all:0.68822][best_mAP:0.69844]
2024-09-06 12:51:28.190 | INFO     | ortho:train:300 - [iter:43/50][code_length:256][zs_mAP:0.91077][zs_mAP_all:0.26220]
2024-09-06 12:51:38.072 | INFO     | ortho:train:225 - [epoch:1/3][loss:2.845458]
2024-09-06 12:51:47.878 | INFO     | ortho:train:225 - [epoch:2/3][loss:2.715894]
2024-09-06 12:51:57.151 | INFO     | ortho:train:225 - [epoch:3/3][loss:2.659098]
2024-09-06 12:51:57.151 | INFO     | ortho:train:228 - [iter:44/50][iter_time:28.96]
2024-09-06 12:53:20.005 | INFO     | ortho:train:299 - [iter:44/50][code_length:256][mAP:0.70157][mAP_all:0.69164][best_mAP:0.70157]
2024-09-06 12:53:20.006 | INFO     | ortho:train:300 - [iter:44/50][code_length:256][zs_mAP:0.91652][zs_mAP_all:0.26754]
2024-09-06 12:53:36.621 | INFO     | ortho:train:225 - [epoch:1/3][loss:2.835933]
2024-09-06 12:53:52.488 | INFO     | ortho:train:225 - [epoch:2/3][loss:2.744640]
2024-09-06 12:54:07.736 | INFO     | ortho:train:225 - [epoch:3/3][loss:2.648565]
2024-09-06 12:54:07.736 | INFO     | ortho:train:228 - [iter:45/50][iter_time:47.73]
2024-09-06 12:55:31.114 | INFO     | ortho:train:299 - [iter:45/50][code_length:256][mAP:0.70770][mAP_all:0.69737][best_mAP:0.70770]
2024-09-06 12:55:31.115 | INFO     | ortho:train:300 - [iter:45/50][code_length:256][zs_mAP:0.91018][zs_mAP_all:0.26687]
2024-09-06 12:55:46.925 | INFO     | ortho:train:225 - [epoch:1/3][loss:2.781573]
2024-09-06 12:56:02.204 | INFO     | ortho:train:225 - [epoch:2/3][loss:2.763378]
2024-09-06 12:56:17.784 | INFO     | ortho:train:225 - [epoch:3/3][loss:2.757397]
2024-09-06 12:56:17.784 | INFO     | ortho:train:228 - [iter:46/50][iter_time:46.67]
2024-09-06 12:57:40.435 | INFO     | ortho:train:299 - [iter:46/50][code_length:256][mAP:0.70857][mAP_all:0.69837][best_mAP:0.70857]
2024-09-06 12:57:40.436 | INFO     | ortho:train:300 - [iter:46/50][code_length:256][zs_mAP:0.90567][zs_mAP_all:0.26945]
2024-09-06 12:57:56.255 | INFO     | ortho:train:225 - [epoch:1/3][loss:2.738788]
2024-09-06 12:58:12.819 | INFO     | ortho:train:225 - [epoch:2/3][loss:2.752494]
2024-09-06 12:58:28.689 | INFO     | ortho:train:225 - [epoch:3/3][loss:2.774100]
2024-09-06 12:58:28.690 | INFO     | ortho:train:228 - [iter:47/50][iter_time:48.25]
2024-09-06 12:59:50.835 | INFO     | ortho:train:299 - [iter:47/50][code_length:256][mAP:0.71087][mAP_all:0.70085][best_mAP:0.71087]
2024-09-06 12:59:50.836 | INFO     | ortho:train:300 - [iter:47/50][code_length:256][zs_mAP:0.91178][zs_mAP_all:0.27239]
2024-09-06 13:00:06.563 | INFO     | ortho:train:225 - [epoch:1/3][loss:2.825590]
2024-09-06 13:00:21.833 | INFO     | ortho:train:225 - [epoch:2/3][loss:2.776667]
2024-09-06 13:00:36.502 | INFO     | ortho:train:225 - [epoch:3/3][loss:2.759329]
2024-09-06 13:00:36.503 | INFO     | ortho:train:228 - [iter:48/50][iter_time:45.67]
2024-09-06 13:01:59.124 | INFO     | ortho:train:299 - [iter:48/50][code_length:256][mAP:0.71536][mAP_all:0.70522][best_mAP:0.71536]
2024-09-06 13:01:59.125 | INFO     | ortho:train:300 - [iter:48/50][code_length:256][zs_mAP:0.90973][zs_mAP_all:0.27003]
2024-09-06 13:02:14.149 | INFO     | ortho:train:225 - [epoch:1/3][loss:2.772213]
2024-09-06 13:02:29.987 | INFO     | ortho:train:225 - [epoch:2/3][loss:2.707497]
2024-09-06 13:02:45.914 | INFO     | ortho:train:225 - [epoch:3/3][loss:2.687809]
2024-09-06 13:02:45.915 | INFO     | ortho:train:228 - [iter:49/50][iter_time:46.79]
2024-09-06 13:04:08.719 | INFO     | ortho:train:299 - [iter:49/50][code_length:256][mAP:0.71584][mAP_all:0.70537][best_mAP:0.71584]
2024-09-06 13:04:08.720 | INFO     | ortho:train:300 - [iter:49/50][code_length:256][zs_mAP:0.91391][zs_mAP_all:0.27726]
2024-09-06 13:04:24.888 | INFO     | ortho:train:225 - [epoch:1/3][loss:2.736475]
2024-09-06 13:04:41.970 | INFO     | ortho:train:225 - [epoch:2/3][loss:2.640234]
2024-09-06 13:04:57.375 | INFO     | ortho:train:225 - [epoch:3/3][loss:2.693035]
2024-09-06 13:04:57.376 | INFO     | ortho:train:228 - [iter:50/50][iter_time:48.66]
2024-09-06 13:06:19.766 | INFO     | ortho:train:299 - [iter:50/50][code_length:256][mAP:0.71760][mAP_all:0.70721][best_mAP:0.71760]
2024-09-06 13:06:19.767 | INFO     | ortho:train:300 - [iter:50/50][code_length:256][zs_mAP:0.91211][zs_mAP_all:0.27398]
2024-09-06 13:06:19.767 | INFO     | ortho:train:302 - [Training time:9559.08]
2024-09-06 13:06:19.769 | INFO     | __main__:run:138 - [code_length:256][map:0.7176][map_all:0.7072][zs_map:0.9121][zs_map_all:0.2740]
