2024-09-01 13:43:03.879 | SUCCESS  | __main__:run:55 - Namespace(ZS=5, align_step=50, arch='baseline', batch_size=16, cauchy_gamma=20.0, code_length=[16, 32, 64], data='flickr25k', dataset='flickr25kzs', device=device(type='cuda', index=2), epoch_change=11, flag='adsh', gamma=200, gpu=2, info='flickr25kzs-6-32-baseline-09-01-16,32,64-tanh1', lambd=0.1, lambd_ch=0.1, lambd_sp=0.1, lr=0.0001, lr_step=[45], margin=0.1, max_epoch=3, max_iter=50, momen=0.9, nesterov=False, net='resnet50', num_classes=32, num_query=1000, num_samples=2000, num_workers=2, num_zs=6, optim='SGD', pretrain=True, quan_loss=False, root='/4T/dataset/flickr25k', save_ckpt='checkpoints/', topk=5000, val_freq=5, wd=0.0001)
2024-09-01 13:43:34.051 | INFO     | adsh:train:144 - [epoch:1/3][cnn_loss:194.800091][hash_loss:194.668421][quan_loss:0.131670]
2024-09-01 13:43:56.771 | INFO     | adsh:train:144 - [epoch:2/3][cnn_loss:194.592500][hash_loss:194.462481][quan_loss:0.130018]
2024-09-01 13:44:18.556 | INFO     | adsh:train:144 - [epoch:3/3][cnn_loss:194.533447][hash_loss:194.404007][quan_loss:0.129440]
2024-09-01 13:44:18.566 | INFO     | adsh:train:155 - [iter:1/50][loss:245.243149][iter_time:66.35]
2024-09-01 13:44:39.846 | INFO     | adsh:train:144 - [epoch:1/3][cnn_loss:151.441131][hash_loss:151.275453][quan_loss:0.165677]
2024-09-01 13:45:01.582 | INFO     | adsh:train:144 - [epoch:2/3][cnn_loss:140.673478][hash_loss:140.517221][quan_loss:0.156257]
2024-09-01 13:45:23.756 | INFO     | adsh:train:144 - [epoch:3/3][cnn_loss:137.991297][hash_loss:137.840907][quan_loss:0.150391]
2024-09-01 13:45:23.766 | INFO     | adsh:train:155 - [iter:2/50][loss:178.386932][iter_time:65.20]
2024-09-01 13:45:45.943 | INFO     | adsh:train:144 - [epoch:1/3][cnn_loss:139.521895][hash_loss:139.360965][quan_loss:0.160929]
2024-09-01 13:46:08.627 | INFO     | adsh:train:144 - [epoch:2/3][cnn_loss:140.685579][hash_loss:140.523504][quan_loss:0.162076]
2024-09-01 13:46:30.710 | INFO     | adsh:train:144 - [epoch:3/3][cnn_loss:134.633545][hash_loss:134.480066][quan_loss:0.153479]
2024-09-01 13:46:30.719 | INFO     | adsh:train:155 - [iter:3/50][loss:178.619995][iter_time:66.95]
2024-09-01 13:46:52.414 | INFO     | adsh:train:144 - [epoch:1/3][cnn_loss:136.620267][hash_loss:136.454562][quan_loss:0.165704]
2024-09-01 13:47:14.294 | INFO     | adsh:train:144 - [epoch:2/3][cnn_loss:135.763961][hash_loss:135.599070][quan_loss:0.164891]
2024-09-01 13:47:35.260 | INFO     | adsh:train:144 - [epoch:3/3][cnn_loss:133.260834][hash_loss:133.098463][quan_loss:0.162371]
2024-09-01 13:47:35.270 | INFO     | adsh:train:155 - [iter:4/50][loss:176.995132][iter_time:64.55]
2024-09-01 13:47:56.779 | INFO     | adsh:train:144 - [epoch:1/3][cnn_loss:137.395885][hash_loss:137.232745][quan_loss:0.163140]
2024-09-01 13:48:17.652 | INFO     | adsh:train:144 - [epoch:2/3][cnn_loss:133.252439][hash_loss:133.097078][quan_loss:0.155361]
2024-09-01 13:48:39.051 | INFO     | adsh:train:144 - [epoch:3/3][cnn_loss:129.739153][hash_loss:129.589654][quan_loss:0.149499]
2024-09-01 13:48:39.061 | INFO     | adsh:train:155 - [iter:5/50][loss:172.555145][iter_time:63.79]
2024-09-01 13:48:50.722 | INFO     | adsh:train:227 - [iter:5/50][code_length:16][mAP:0.87383][mAP_all:0.80782][best_mAP:0.87383]
2024-09-01 13:48:50.722 | INFO     | adsh:train:228 - [iter:5/50][code_length:16][zs_mAP:0.41792][zs_mAP_all:0.31375]
2024-09-01 13:49:13.138 | INFO     | adsh:train:144 - [epoch:1/3][cnn_loss:132.677209][hash_loss:132.522498][quan_loss:0.154711]
2024-09-01 13:49:35.878 | INFO     | adsh:train:144 - [epoch:2/3][cnn_loss:131.008838][hash_loss:130.856891][quan_loss:0.151947]
2024-09-01 13:49:58.297 | INFO     | adsh:train:144 - [epoch:3/3][cnn_loss:128.702398][hash_loss:128.554136][quan_loss:0.148262]
2024-09-01 13:49:58.307 | INFO     | adsh:train:155 - [iter:6/50][loss:171.316238][iter_time:67.58]
2024-09-01 13:50:20.375 | INFO     | adsh:train:144 - [epoch:1/3][cnn_loss:130.999999][hash_loss:130.841753][quan_loss:0.158246]
2024-09-01 13:50:43.145 | INFO     | adsh:train:144 - [epoch:2/3][cnn_loss:128.081750][hash_loss:127.929175][quan_loss:0.152576]
2024-09-01 13:51:05.135 | INFO     | adsh:train:144 - [epoch:3/3][cnn_loss:129.281833][hash_loss:129.127840][quan_loss:0.153993]
2024-09-01 13:51:05.145 | INFO     | adsh:train:155 - [iter:7/50][loss:172.093658][iter_time:66.84]
2024-09-01 13:51:26.960 | INFO     | adsh:train:144 - [epoch:1/3][cnn_loss:132.110806][hash_loss:131.950638][quan_loss:0.160169]
2024-09-01 13:51:48.989 | INFO     | adsh:train:144 - [epoch:2/3][cnn_loss:126.558897][hash_loss:126.403472][quan_loss:0.155426]
2024-09-01 13:52:10.605 | INFO     | adsh:train:144 - [epoch:3/3][cnn_loss:124.452773][hash_loss:124.303605][quan_loss:0.149168]
2024-09-01 13:52:10.615 | INFO     | adsh:train:155 - [iter:8/50][loss:165.763596][iter_time:65.47]
2024-09-01 13:52:32.754 | INFO     | adsh:train:144 - [epoch:1/3][cnn_loss:133.708988][hash_loss:133.546920][quan_loss:0.162068]
2024-09-01 13:52:53.051 | INFO     | adsh:train:144 - [epoch:2/3][cnn_loss:128.311650][hash_loss:128.156724][quan_loss:0.154926]
2024-09-01 13:53:13.180 | INFO     | adsh:train:144 - [epoch:3/3][cnn_loss:126.889204][hash_loss:126.735576][quan_loss:0.153627]
2024-09-01 13:53:13.192 | INFO     | adsh:train:155 - [iter:9/50][loss:169.065506][iter_time:62.58]
2024-09-01 13:53:33.387 | INFO     | adsh:train:144 - [epoch:1/3][cnn_loss:129.273009][hash_loss:129.116994][quan_loss:0.156016]
2024-09-01 13:53:55.768 | INFO     | adsh:train:144 - [epoch:2/3][cnn_loss:124.839497][hash_loss:124.691512][quan_loss:0.147985]
2024-09-01 13:54:17.979 | INFO     | adsh:train:144 - [epoch:3/3][cnn_loss:126.199937][hash_loss:126.050940][quan_loss:0.148997]
2024-09-01 13:54:17.989 | INFO     | adsh:train:155 - [iter:10/50][loss:168.142212][iter_time:64.80]
2024-09-01 13:54:29.376 | INFO     | adsh:train:227 - [iter:10/50][code_length:16][mAP:0.89119][mAP_all:0.83208][best_mAP:0.89119]
2024-09-01 13:54:29.377 | INFO     | adsh:train:228 - [iter:10/50][code_length:16][zs_mAP:0.40659][zs_mAP_all:0.28605]
2024-09-01 13:54:51.363 | INFO     | adsh:train:144 - [epoch:1/3][cnn_loss:132.541645][hash_loss:132.378208][quan_loss:0.163437]
2024-09-01 13:55:13.571 | INFO     | adsh:train:144 - [epoch:2/3][cnn_loss:128.125107][hash_loss:127.970501][quan_loss:0.154607]
2024-09-01 13:55:35.669 | INFO     | adsh:train:144 - [epoch:3/3][cnn_loss:126.890637][hash_loss:126.736965][quan_loss:0.153672]
2024-09-01 13:55:35.679 | INFO     | adsh:train:155 - [iter:11/50][loss:169.068680][iter_time:66.30]
2024-09-01 13:55:57.980 | INFO     | adsh:train:144 - [epoch:1/3][cnn_loss:128.382397][hash_loss:128.224443][quan_loss:0.157953]
2024-09-01 13:56:20.874 | INFO     | adsh:train:144 - [epoch:2/3][cnn_loss:126.223466][hash_loss:126.071111][quan_loss:0.152355]
2024-09-01 13:56:42.476 | INFO     | adsh:train:144 - [epoch:3/3][cnn_loss:125.043584][hash_loss:124.892840][quan_loss:0.150745]
2024-09-01 13:56:42.486 | INFO     | adsh:train:155 - [iter:12/50][loss:166.568069][iter_time:66.81]
2024-09-01 13:57:04.279 | INFO     | adsh:train:144 - [epoch:1/3][cnn_loss:125.657688][hash_loss:125.502471][quan_loss:0.155217]
2024-09-01 13:57:29.966 | INFO     | adsh:train:144 - [epoch:2/3][cnn_loss:121.199282][hash_loss:121.049725][quan_loss:0.149557]
2024-09-01 13:57:59.217 | INFO     | adsh:train:144 - [epoch:3/3][cnn_loss:121.866245][hash_loss:121.713365][quan_loss:0.152880]
2024-09-01 13:57:59.227 | INFO     | adsh:train:155 - [iter:13/50][loss:162.406448][iter_time:76.74]
2024-09-01 13:58:21.480 | INFO     | adsh:train:144 - [epoch:1/3][cnn_loss:126.306802][hash_loss:126.157518][quan_loss:0.149284]
2024-09-01 13:58:45.093 | INFO     | adsh:train:144 - [epoch:2/3][cnn_loss:124.002198][hash_loss:123.852021][quan_loss:0.150176]
2024-09-01 13:59:08.114 | INFO     | adsh:train:144 - [epoch:3/3][cnn_loss:121.392994][hash_loss:121.247648][quan_loss:0.145347]
2024-09-01 13:59:08.124 | INFO     | adsh:train:155 - [iter:14/50][loss:161.779770][iter_time:68.90]
2024-09-01 13:59:32.810 | INFO     | adsh:train:144 - [epoch:1/3][cnn_loss:125.885017][hash_loss:125.734680][quan_loss:0.150337]
2024-09-01 13:59:58.862 | INFO     | adsh:train:144 - [epoch:2/3][cnn_loss:124.787064][hash_loss:124.640014][quan_loss:0.147050]
2024-09-01 14:00:24.530 | INFO     | adsh:train:144 - [epoch:3/3][cnn_loss:126.369257][hash_loss:126.220576][quan_loss:0.148681]
2024-09-01 14:00:24.540 | INFO     | adsh:train:155 - [iter:15/50][loss:168.344254][iter_time:76.42]
2024-09-01 14:00:36.270 | INFO     | adsh:train:227 - [iter:15/50][code_length:16][mAP:0.90157][mAP_all:0.84121][best_mAP:0.90157]
2024-09-01 14:00:36.271 | INFO     | adsh:train:228 - [iter:15/50][code_length:16][zs_mAP:0.40968][zs_mAP_all:0.27142]
2024-09-01 14:01:00.980 | INFO     | adsh:train:144 - [epoch:1/3][cnn_loss:130.324795][hash_loss:130.175558][quan_loss:0.149237]
2024-09-01 14:01:25.978 | INFO     | adsh:train:144 - [epoch:2/3][cnn_loss:127.686617][hash_loss:127.537302][quan_loss:0.149315]
2024-09-01 14:01:51.837 | INFO     | adsh:train:144 - [epoch:3/3][cnn_loss:125.534971][hash_loss:125.389488][quan_loss:0.145482]
2024-09-01 14:01:51.847 | INFO     | adsh:train:155 - [iter:16/50][loss:167.161728][iter_time:75.58]
2024-09-01 14:02:15.252 | INFO     | adsh:train:144 - [epoch:1/3][cnn_loss:128.685024][hash_loss:128.536465][quan_loss:0.148559]
2024-09-01 14:02:37.815 | INFO     | adsh:train:144 - [epoch:2/3][cnn_loss:129.834770][hash_loss:129.685297][quan_loss:0.149474]
2024-09-01 14:03:00.211 | INFO     | adsh:train:144 - [epoch:3/3][cnn_loss:126.999902][hash_loss:126.851932][quan_loss:0.147970]
2024-09-01 14:03:00.222 | INFO     | adsh:train:155 - [iter:17/50][loss:169.283966][iter_time:68.37]
2024-09-01 14:03:24.220 | INFO     | adsh:train:144 - [epoch:1/3][cnn_loss:126.166241][hash_loss:126.016938][quan_loss:0.149303]
2024-09-01 14:03:47.102 | INFO     | adsh:train:144 - [epoch:2/3][cnn_loss:124.523881][hash_loss:124.377916][quan_loss:0.145965]
2024-09-01 14:04:09.832 | INFO     | adsh:train:144 - [epoch:3/3][cnn_loss:124.407117][hash_loss:124.262579][quan_loss:0.144539]
2024-09-01 14:04:09.842 | INFO     | adsh:train:155 - [iter:18/50][loss:165.795944][iter_time:69.62]
2024-09-01 14:04:31.777 | INFO     | adsh:train:144 - [epoch:1/3][cnn_loss:129.812017][hash_loss:129.659107][quan_loss:0.152910]
2024-09-01 14:04:53.816 | INFO     | adsh:train:144 - [epoch:2/3][cnn_loss:125.330159][hash_loss:125.184984][quan_loss:0.145175]
2024-09-01 14:05:16.310 | INFO     | adsh:train:144 - [epoch:3/3][cnn_loss:124.277258][hash_loss:124.133504][quan_loss:0.143754]
2024-09-01 14:05:16.320 | INFO     | adsh:train:155 - [iter:19/50][loss:165.633362][iter_time:66.48]
2024-09-01 14:05:39.309 | INFO     | adsh:train:144 - [epoch:1/3][cnn_loss:125.579007][hash_loss:125.434187][quan_loss:0.144819]
2024-09-01 14:06:03.002 | INFO     | adsh:train:144 - [epoch:2/3][cnn_loss:124.275987][hash_loss:124.132706][quan_loss:0.143281]
2024-09-01 14:06:28.826 | INFO     | adsh:train:144 - [epoch:3/3][cnn_loss:123.254551][hash_loss:123.112740][quan_loss:0.141811]
2024-09-01 14:06:28.836 | INFO     | adsh:train:155 - [iter:20/50][loss:164.263779][iter_time:72.52]
2024-09-01 14:06:40.233 | INFO     | adsh:train:227 - [iter:20/50][code_length:16][mAP:0.90315][mAP_all:0.84094][best_mAP:0.90315]
2024-09-01 14:06:40.235 | INFO     | adsh:train:228 - [iter:20/50][code_length:16][zs_mAP:0.40905][zs_mAP_all:0.27994]
2024-09-01 14:07:03.473 | INFO     | adsh:train:144 - [epoch:1/3][cnn_loss:129.354868][hash_loss:129.204481][quan_loss:0.150387]
2024-09-01 14:07:26.738 | INFO     | adsh:train:144 - [epoch:2/3][cnn_loss:126.318824][hash_loss:126.170875][quan_loss:0.147948]
2024-09-01 14:07:48.566 | INFO     | adsh:train:144 - [epoch:3/3][cnn_loss:126.583797][hash_loss:126.437284][quan_loss:0.146513]
2024-09-01 14:07:48.576 | INFO     | adsh:train:155 - [iter:21/50][loss:168.685837][iter_time:68.34]
2024-09-01 14:08:10.988 | INFO     | adsh:train:144 - [epoch:1/3][cnn_loss:128.605452][hash_loss:128.459336][quan_loss:0.146117]
2024-09-01 14:08:33.474 | INFO     | adsh:train:144 - [epoch:2/3][cnn_loss:126.699642][hash_loss:126.554127][quan_loss:0.145514]
2024-09-01 14:08:56.091 | INFO     | adsh:train:144 - [epoch:3/3][cnn_loss:124.044539][hash_loss:123.902550][quan_loss:0.141989]
2024-09-01 14:08:56.101 | INFO     | adsh:train:155 - [iter:22/50][loss:165.293671][iter_time:67.52]
2024-09-01 14:09:18.318 | INFO     | adsh:train:144 - [epoch:1/3][cnn_loss:124.567329][hash_loss:124.419993][quan_loss:0.147336]
2024-09-01 14:09:40.787 | INFO     | adsh:train:144 - [epoch:2/3][cnn_loss:121.093664][hash_loss:120.951783][quan_loss:0.141881]
2024-09-01 14:10:03.677 | INFO     | adsh:train:144 - [epoch:3/3][cnn_loss:122.010753][hash_loss:121.868613][quan_loss:0.142139]
2024-09-01 14:10:03.687 | INFO     | adsh:train:155 - [iter:23/50][loss:162.564651][iter_time:67.59]
2024-09-01 14:10:25.663 | INFO     | adsh:train:144 - [epoch:1/3][cnn_loss:127.461228][hash_loss:127.311292][quan_loss:0.149937]
2024-09-01 14:10:47.550 | INFO     | adsh:train:144 - [epoch:2/3][cnn_loss:122.115061][hash_loss:121.973340][quan_loss:0.141720]
2024-09-01 14:11:09.433 | INFO     | adsh:train:144 - [epoch:3/3][cnn_loss:122.297021][hash_loss:122.155860][quan_loss:0.141160]
2024-09-01 14:11:09.443 | INFO     | adsh:train:155 - [iter:24/50][loss:162.971039][iter_time:65.76]
2024-09-01 14:11:31.202 | INFO     | adsh:train:144 - [epoch:1/3][cnn_loss:132.980471][hash_loss:132.830012][quan_loss:0.150458]
2024-09-01 14:11:52.854 | INFO     | adsh:train:144 - [epoch:2/3][cnn_loss:130.164323][hash_loss:130.016624][quan_loss:0.147699]
2024-09-01 14:12:16.200 | INFO     | adsh:train:144 - [epoch:3/3][cnn_loss:128.432923][hash_loss:128.288573][quan_loss:0.144349]
2024-09-01 14:12:16.210 | INFO     | adsh:train:155 - [iter:25/50][loss:171.040222][iter_time:66.77]
2024-09-01 14:12:27.153 | INFO     | adsh:train:227 - [iter:25/50][code_length:16][mAP:0.89339][mAP_all:0.83525][best_mAP:0.90315]
2024-09-01 14:12:27.154 | INFO     | adsh:train:228 - [iter:25/50][code_length:16][zs_mAP:0.41606][zs_mAP_all:0.30509]
2024-09-01 14:12:49.404 | INFO     | adsh:train:144 - [epoch:1/3][cnn_loss:127.547354][hash_loss:127.401495][quan_loss:0.145859]
2024-09-01 14:13:11.586 | INFO     | adsh:train:144 - [epoch:2/3][cnn_loss:126.123359][hash_loss:125.982223][quan_loss:0.141135]
2024-09-01 14:13:34.279 | INFO     | adsh:train:144 - [epoch:3/3][cnn_loss:125.496650][hash_loss:125.357226][quan_loss:0.139424]
2024-09-01 14:13:34.289 | INFO     | adsh:train:155 - [iter:26/50][loss:167.230164][iter_time:67.14]
2024-09-01 14:13:56.852 | INFO     | adsh:train:144 - [epoch:1/3][cnn_loss:127.950594][hash_loss:127.794603][quan_loss:0.155991]
2024-09-01 14:14:19.693 | INFO     | adsh:train:144 - [epoch:2/3][cnn_loss:123.275135][hash_loss:123.123937][quan_loss:0.151198]
2024-09-01 14:14:41.625 | INFO     | adsh:train:144 - [epoch:3/3][cnn_loss:122.960991][hash_loss:122.809702][quan_loss:0.151289]
2024-09-01 14:14:41.635 | INFO     | adsh:train:155 - [iter:27/50][loss:163.886429][iter_time:67.35]
2024-09-01 14:15:03.885 | INFO     | adsh:train:144 - [epoch:1/3][cnn_loss:129.275192][hash_loss:129.120331][quan_loss:0.154862]
2024-09-01 14:15:26.900 | INFO     | adsh:train:144 - [epoch:2/3][cnn_loss:122.861239][hash_loss:122.715126][quan_loss:0.146113]
2024-09-01 14:15:49.498 | INFO     | adsh:train:144 - [epoch:3/3][cnn_loss:123.040990][hash_loss:122.897837][quan_loss:0.143153]
2024-09-01 14:15:49.508 | INFO     | adsh:train:155 - [iter:28/50][loss:163.939651][iter_time:67.87]
2024-09-01 14:16:12.430 | INFO     | adsh:train:144 - [epoch:1/3][cnn_loss:127.908802][hash_loss:127.750958][quan_loss:0.157844]
2024-09-01 14:16:34.950 | INFO     | adsh:train:144 - [epoch:2/3][cnn_loss:122.761287][hash_loss:122.610028][quan_loss:0.151259]
2024-09-01 14:16:57.432 | INFO     | adsh:train:144 - [epoch:3/3][cnn_loss:120.429390][hash_loss:120.281107][quan_loss:0.148284]
2024-09-01 14:16:57.442 | INFO     | adsh:train:155 - [iter:29/50][loss:160.404984][iter_time:67.93]
2024-09-01 14:17:19.978 | INFO     | adsh:train:144 - [epoch:1/3][cnn_loss:128.090430][hash_loss:127.944174][quan_loss:0.146257]
2024-09-01 14:17:42.250 | INFO     | adsh:train:144 - [epoch:2/3][cnn_loss:126.086425][hash_loss:125.941828][quan_loss:0.144596]
2024-09-01 14:18:04.392 | INFO     | adsh:train:144 - [epoch:3/3][cnn_loss:121.921970][hash_loss:121.783126][quan_loss:0.138844]
2024-09-01 14:18:04.402 | INFO     | adsh:train:155 - [iter:30/50][loss:162.217377][iter_time:66.96]
2024-09-01 14:18:15.599 | INFO     | adsh:train:227 - [iter:30/50][code_length:16][mAP:0.90813][mAP_all:0.83929][best_mAP:0.90813]
2024-09-01 14:18:15.600 | INFO     | adsh:train:228 - [iter:30/50][code_length:16][zs_mAP:0.40316][zs_mAP_all:0.27970]
2024-09-01 14:18:37.540 | INFO     | adsh:train:144 - [epoch:1/3][cnn_loss:121.740838][hash_loss:121.593038][quan_loss:0.147800]
2024-09-01 14:18:59.385 | INFO     | adsh:train:144 - [epoch:2/3][cnn_loss:119.802534][hash_loss:119.658624][quan_loss:0.143910]
2024-09-01 14:19:22.359 | INFO     | adsh:train:144 - [epoch:3/3][cnn_loss:118.564897][hash_loss:118.423586][quan_loss:0.141312]
2024-09-01 14:19:22.369 | INFO     | adsh:train:155 - [iter:31/50][loss:157.840561][iter_time:66.77]
2024-09-01 14:19:44.357 | INFO     | adsh:train:144 - [epoch:1/3][cnn_loss:125.435037][hash_loss:125.292429][quan_loss:0.142608]
2024-09-01 14:20:06.165 | INFO     | adsh:train:144 - [epoch:2/3][cnn_loss:122.264560][hash_loss:122.125667][quan_loss:0.138893]
2024-09-01 14:20:28.831 | INFO     | adsh:train:144 - [epoch:3/3][cnn_loss:119.411222][hash_loss:119.275924][quan_loss:0.135298]
2024-09-01 14:20:28.841 | INFO     | adsh:train:155 - [iter:32/50][loss:159.148392][iter_time:66.47]
2024-09-01 14:20:52.562 | INFO     | adsh:train:144 - [epoch:1/3][cnn_loss:124.880304][hash_loss:124.734706][quan_loss:0.145597]
2024-09-01 14:21:14.753 | INFO     | adsh:train:144 - [epoch:2/3][cnn_loss:121.503461][hash_loss:121.363513][quan_loss:0.139948]
2024-09-01 14:21:36.653 | INFO     | adsh:train:144 - [epoch:3/3][cnn_loss:120.444575][hash_loss:120.304913][quan_loss:0.139661]
2024-09-01 14:21:36.663 | INFO     | adsh:train:155 - [iter:33/50][loss:160.485001][iter_time:67.82]
2024-09-01 14:21:59.506 | INFO     | adsh:train:144 - [epoch:1/3][cnn_loss:124.596984][hash_loss:124.444786][quan_loss:0.152198]
2024-09-01 14:22:22.184 | INFO     | adsh:train:144 - [epoch:2/3][cnn_loss:120.689848][hash_loss:120.540737][quan_loss:0.149112]
2024-09-01 14:22:44.890 | INFO     | adsh:train:144 - [epoch:3/3][cnn_loss:119.733947][hash_loss:119.588106][quan_loss:0.145841]
2024-09-01 14:22:44.900 | INFO     | adsh:train:155 - [iter:34/50][loss:159.556396][iter_time:68.24]
2024-09-01 14:23:06.968 | INFO     | adsh:train:144 - [epoch:1/3][cnn_loss:123.403590][hash_loss:123.252424][quan_loss:0.151166]
2024-09-01 14:23:29.096 | INFO     | adsh:train:144 - [epoch:2/3][cnn_loss:119.737464][hash_loss:119.591349][quan_loss:0.146114]
2024-09-01 14:23:52.039 | INFO     | adsh:train:144 - [epoch:3/3][cnn_loss:118.265675][hash_loss:118.124531][quan_loss:0.141144]
2024-09-01 14:23:52.050 | INFO     | adsh:train:155 - [iter:35/50][loss:157.616257][iter_time:67.15]
2024-09-01 14:24:03.013 | INFO     | adsh:train:227 - [iter:35/50][code_length:16][mAP:0.90942][mAP_all:0.83999][best_mAP:0.90942]
2024-09-01 14:24:03.014 | INFO     | adsh:train:228 - [iter:35/50][code_length:16][zs_mAP:0.40772][zs_mAP_all:0.27005]
2024-09-01 14:24:24.785 | INFO     | adsh:train:144 - [epoch:1/3][cnn_loss:126.258739][hash_loss:126.113296][quan_loss:0.145443]
2024-09-01 14:24:46.771 | INFO     | adsh:train:144 - [epoch:2/3][cnn_loss:125.302735][hash_loss:125.157973][quan_loss:0.144762]
2024-09-01 14:25:09.826 | INFO     | adsh:train:144 - [epoch:3/3][cnn_loss:121.351887][hash_loss:121.211995][quan_loss:0.139892]
2024-09-01 14:25:09.836 | INFO     | adsh:train:155 - [iter:36/50][loss:161.720169][iter_time:66.82]
2024-09-01 14:25:21.499 | INFO     | adsh:train:227 - [iter:36/50][code_length:16][mAP:0.91011][mAP_all:0.84405][best_mAP:0.91011]
2024-09-01 14:25:21.500 | INFO     | adsh:train:228 - [iter:36/50][code_length:16][zs_mAP:0.40030][zs_mAP_all:0.24774]
2024-09-01 14:25:43.781 | INFO     | adsh:train:144 - [epoch:1/3][cnn_loss:124.942813][hash_loss:124.796919][quan_loss:0.145894]
2024-09-01 14:26:05.741 | INFO     | adsh:train:144 - [epoch:2/3][cnn_loss:120.398242][hash_loss:120.258851][quan_loss:0.139391]
2024-09-01 14:26:28.530 | INFO     | adsh:train:144 - [epoch:3/3][cnn_loss:118.357549][hash_loss:118.222531][quan_loss:0.135018]
2024-09-01 14:26:28.540 | INFO     | adsh:train:155 - [iter:37/50][loss:157.648972][iter_time:67.04]
2024-09-01 14:26:39.479 | INFO     | adsh:train:227 - [iter:37/50][code_length:16][mAP:0.90485][mAP_all:0.83765][best_mAP:0.91011]
2024-09-01 14:26:39.480 | INFO     | adsh:train:228 - [iter:37/50][code_length:16][zs_mAP:0.39925][zs_mAP_all:0.26987]
2024-09-01 14:27:01.944 | INFO     | adsh:train:144 - [epoch:1/3][cnn_loss:119.044628][hash_loss:118.905852][quan_loss:0.138776]
2024-09-01 14:27:25.180 | INFO     | adsh:train:144 - [epoch:2/3][cnn_loss:116.066330][hash_loss:115.930973][quan_loss:0.135357]
2024-09-01 14:27:47.503 | INFO     | adsh:train:144 - [epoch:3/3][cnn_loss:115.448768][hash_loss:115.315375][quan_loss:0.133393]
2024-09-01 14:27:47.513 | INFO     | adsh:train:155 - [iter:38/50][loss:153.804230][iter_time:68.03]
2024-09-01 14:27:58.330 | INFO     | adsh:train:227 - [iter:38/50][code_length:16][mAP:0.90884][mAP_all:0.84945][best_mAP:0.91011]
2024-09-01 14:27:58.331 | INFO     | adsh:train:228 - [iter:38/50][code_length:16][zs_mAP:0.40707][zs_mAP_all:0.24713]
2024-09-01 14:28:20.316 | INFO     | adsh:train:144 - [epoch:1/3][cnn_loss:120.082511][hash_loss:119.942917][quan_loss:0.139594]
2024-09-01 14:28:42.018 | INFO     | adsh:train:144 - [epoch:2/3][cnn_loss:119.599160][hash_loss:119.458844][quan_loss:0.140316]
2024-09-01 14:29:04.100 | INFO     | adsh:train:144 - [epoch:3/3][cnn_loss:116.337149][hash_loss:116.201839][quan_loss:0.135310]
2024-09-01 14:29:04.110 | INFO     | adsh:train:155 - [iter:39/50][loss:155.070496][iter_time:65.78]
2024-09-01 14:29:15.376 | INFO     | adsh:train:227 - [iter:39/50][code_length:16][mAP:0.91016][mAP_all:0.84462][best_mAP:0.91016]
2024-09-01 14:29:15.377 | INFO     | adsh:train:228 - [iter:39/50][code_length:16][zs_mAP:0.40240][zs_mAP_all:0.26635]
2024-09-01 14:29:38.315 | INFO     | adsh:train:144 - [epoch:1/3][cnn_loss:120.736288][hash_loss:120.594949][quan_loss:0.141339]
2024-09-01 14:30:01.290 | INFO     | adsh:train:144 - [epoch:2/3][cnn_loss:121.075039][hash_loss:120.930692][quan_loss:0.144346]
2024-09-01 14:30:22.760 | INFO     | adsh:train:144 - [epoch:3/3][cnn_loss:117.759342][hash_loss:117.622450][quan_loss:0.136891]
2024-09-01 14:30:22.772 | INFO     | adsh:train:155 - [iter:40/50][loss:156.888809][iter_time:67.40]
2024-09-01 14:30:33.972 | INFO     | adsh:train:227 - [iter:40/50][code_length:16][mAP:0.90177][mAP_all:0.83900][best_mAP:0.91016]
2024-09-01 14:30:33.973 | INFO     | adsh:train:228 - [iter:40/50][code_length:16][zs_mAP:0.40091][zs_mAP_all:0.22707]
2024-09-01 14:30:56.536 | INFO     | adsh:train:144 - [epoch:1/3][cnn_loss:123.897484][hash_loss:123.757958][quan_loss:0.139525]
2024-09-01 14:31:19.663 | INFO     | adsh:train:144 - [epoch:2/3][cnn_loss:122.581185][hash_loss:122.442062][quan_loss:0.139123]
2024-09-01 14:31:42.665 | INFO     | adsh:train:144 - [epoch:3/3][cnn_loss:120.121675][hash_loss:119.986168][quan_loss:0.135508]
2024-09-01 14:31:42.675 | INFO     | adsh:train:155 - [iter:41/50][loss:160.094528][iter_time:68.70]
2024-09-01 14:31:54.330 | INFO     | adsh:train:227 - [iter:41/50][code_length:16][mAP:0.91081][mAP_all:0.84357][best_mAP:0.91081]
2024-09-01 14:31:54.330 | INFO     | adsh:train:228 - [iter:41/50][code_length:16][zs_mAP:0.40213][zs_mAP_all:0.26063]
2024-09-01 14:32:16.024 | INFO     | adsh:train:144 - [epoch:1/3][cnn_loss:123.418568][hash_loss:123.276412][quan_loss:0.142156]
2024-09-01 14:32:37.563 | INFO     | adsh:train:144 - [epoch:2/3][cnn_loss:120.343961][hash_loss:120.206918][quan_loss:0.137043]
2024-09-01 14:32:59.157 | INFO     | adsh:train:144 - [epoch:3/3][cnn_loss:120.331486][hash_loss:120.194915][quan_loss:0.136571]
2024-09-01 14:32:59.167 | INFO     | adsh:train:155 - [iter:42/50][loss:160.244644][iter_time:64.84]
2024-09-01 14:33:10.284 | INFO     | adsh:train:227 - [iter:42/50][code_length:16][mAP:0.90642][mAP_all:0.84011][best_mAP:0.91081]
2024-09-01 14:33:10.285 | INFO     | adsh:train:228 - [iter:42/50][code_length:16][zs_mAP:0.40032][zs_mAP_all:0.25653]
2024-09-01 14:33:32.769 | INFO     | adsh:train:144 - [epoch:1/3][cnn_loss:122.372836][hash_loss:122.235938][quan_loss:0.136898]
2024-09-01 14:33:54.151 | INFO     | adsh:train:144 - [epoch:2/3][cnn_loss:118.761849][hash_loss:118.628747][quan_loss:0.133101]
2024-09-01 14:34:15.627 | INFO     | adsh:train:144 - [epoch:3/3][cnn_loss:118.464060][hash_loss:118.331415][quan_loss:0.132646]
2024-09-01 14:34:15.637 | INFO     | adsh:train:155 - [iter:43/50][loss:157.894028][iter_time:65.35]
2024-09-01 14:34:26.382 | INFO     | adsh:train:227 - [iter:43/50][code_length:16][mAP:0.89881][mAP_all:0.84323][best_mAP:0.91081]
2024-09-01 14:34:26.383 | INFO     | adsh:train:228 - [iter:43/50][code_length:16][zs_mAP:0.40050][zs_mAP_all:0.25890]
2024-09-01 14:34:48.247 | INFO     | adsh:train:144 - [epoch:1/3][cnn_loss:121.990416][hash_loss:121.849681][quan_loss:0.140735]
2024-09-01 14:35:10.055 | INFO     | adsh:train:144 - [epoch:2/3][cnn_loss:121.339210][hash_loss:121.200239][quan_loss:0.138971]
2024-09-01 14:35:32.328 | INFO     | adsh:train:144 - [epoch:3/3][cnn_loss:119.949397][hash_loss:119.812064][quan_loss:0.137334]
2024-09-01 14:35:32.338 | INFO     | adsh:train:155 - [iter:44/50][loss:159.777390][iter_time:65.95]
2024-09-01 14:35:43.955 | INFO     | adsh:train:227 - [iter:44/50][code_length:16][mAP:0.91362][mAP_all:0.85409][best_mAP:0.91362]
2024-09-01 14:35:43.956 | INFO     | adsh:train:228 - [iter:44/50][code_length:16][zs_mAP:0.40692][zs_mAP_all:0.29816]
2024-09-01 14:36:06.449 | INFO     | adsh:train:144 - [epoch:1/3][cnn_loss:121.233039][hash_loss:121.089059][quan_loss:0.143980]
2024-09-01 14:36:28.768 | INFO     | adsh:train:144 - [epoch:2/3][cnn_loss:118.904615][hash_loss:118.765130][quan_loss:0.139485]
2024-09-01 14:36:51.150 | INFO     | adsh:train:144 - [epoch:3/3][cnn_loss:117.117926][hash_loss:116.981894][quan_loss:0.136032]
2024-09-01 14:36:51.160 | INFO     | adsh:train:155 - [iter:45/50][loss:156.098923][iter_time:67.20]
2024-09-01 14:37:02.314 | INFO     | adsh:train:227 - [iter:45/50][code_length:16][mAP:0.89856][mAP_all:0.84016][best_mAP:0.91362]
2024-09-01 14:37:02.315 | INFO     | adsh:train:228 - [iter:45/50][code_length:16][zs_mAP:0.40302][zs_mAP_all:0.27010]
2024-09-01 14:37:25.414 | INFO     | adsh:train:144 - [epoch:1/3][cnn_loss:120.421879][hash_loss:120.286790][quan_loss:0.135089]
2024-09-01 14:37:47.962 | INFO     | adsh:train:144 - [epoch:2/3][cnn_loss:120.164556][hash_loss:120.029241][quan_loss:0.135315]
2024-09-01 14:38:10.528 | INFO     | adsh:train:144 - [epoch:3/3][cnn_loss:118.141457][hash_loss:118.009653][quan_loss:0.131804]
2024-09-01 14:38:10.538 | INFO     | adsh:train:155 - [iter:46/50][loss:157.477615][iter_time:68.22]
2024-09-01 14:38:21.650 | INFO     | adsh:train:227 - [iter:46/50][code_length:16][mAP:0.91224][mAP_all:0.85026][best_mAP:0.91362]
2024-09-01 14:38:21.650 | INFO     | adsh:train:228 - [iter:46/50][code_length:16][zs_mAP:0.40417][zs_mAP_all:0.27459]
2024-09-01 14:38:44.089 | INFO     | adsh:train:144 - [epoch:1/3][cnn_loss:120.789584][hash_loss:120.653128][quan_loss:0.136456]
2024-09-01 14:39:06.795 | INFO     | adsh:train:144 - [epoch:2/3][cnn_loss:119.980837][hash_loss:119.844695][quan_loss:0.136142]
2024-09-01 14:39:28.412 | INFO     | adsh:train:144 - [epoch:3/3][cnn_loss:118.777211][hash_loss:118.642210][quan_loss:0.135002]
2024-09-01 14:39:28.424 | INFO     | adsh:train:155 - [iter:47/50][loss:158.335022][iter_time:66.77]
2024-09-01 14:39:39.029 | INFO     | adsh:train:227 - [iter:47/50][code_length:16][mAP:0.91170][mAP_all:0.85169][best_mAP:0.91362]
2024-09-01 14:39:39.030 | INFO     | adsh:train:228 - [iter:47/50][code_length:16][zs_mAP:0.40078][zs_mAP_all:0.28588]
2024-09-01 14:40:02.541 | INFO     | adsh:train:144 - [epoch:1/3][cnn_loss:115.061289][hash_loss:114.926212][quan_loss:0.135077]
2024-09-01 14:40:25.067 | INFO     | adsh:train:144 - [epoch:2/3][cnn_loss:115.324357][hash_loss:115.188020][quan_loss:0.136337]
2024-09-01 14:40:47.304 | INFO     | adsh:train:144 - [epoch:3/3][cnn_loss:114.221622][hash_loss:114.087139][quan_loss:0.134482]
2024-09-01 14:40:47.314 | INFO     | adsh:train:155 - [iter:48/50][loss:152.246155][iter_time:68.28]
2024-09-01 14:40:59.180 | INFO     | adsh:train:227 - [iter:48/50][code_length:16][mAP:0.91613][mAP_all:0.85503][best_mAP:0.91613]
2024-09-01 14:40:59.182 | INFO     | adsh:train:228 - [iter:48/50][code_length:16][zs_mAP:0.40607][zs_mAP_all:0.28277]
2024-09-01 14:41:21.052 | INFO     | adsh:train:144 - [epoch:1/3][cnn_loss:115.990138][hash_loss:115.855009][quan_loss:0.135129]
2024-09-01 14:41:42.945 | INFO     | adsh:train:144 - [epoch:2/3][cnn_loss:114.808577][hash_loss:114.674892][quan_loss:0.133686]
2024-09-01 14:42:05.124 | INFO     | adsh:train:144 - [epoch:3/3][cnn_loss:114.516661][hash_loss:114.383850][quan_loss:0.132812]
2024-09-01 14:42:05.134 | INFO     | adsh:train:155 - [iter:49/50][loss:152.669510][iter_time:65.95]
2024-09-01 14:42:16.500 | INFO     | adsh:train:227 - [iter:49/50][code_length:16][mAP:0.91741][mAP_all:0.85644][best_mAP:0.91741]
2024-09-01 14:42:16.501 | INFO     | adsh:train:228 - [iter:49/50][code_length:16][zs_mAP:0.40420][zs_mAP_all:0.27117]
2024-09-01 14:42:39.114 | INFO     | adsh:train:144 - [epoch:1/3][cnn_loss:119.085532][hash_loss:118.949976][quan_loss:0.135556]
2024-09-01 14:43:00.748 | INFO     | adsh:train:144 - [epoch:2/3][cnn_loss:117.275323][hash_loss:117.142572][quan_loss:0.132751]
2024-09-01 14:43:22.854 | INFO     | adsh:train:144 - [epoch:3/3][cnn_loss:117.411029][hash_loss:117.278457][quan_loss:0.132572]
2024-09-01 14:43:22.863 | INFO     | adsh:train:155 - [iter:50/50][loss:156.516006][iter_time:66.36]
2024-09-01 14:43:33.917 | INFO     | adsh:train:227 - [iter:50/50][code_length:16][mAP:0.91467][mAP_all:0.85409][best_mAP:0.91741]
2024-09-01 14:43:33.918 | INFO     | adsh:train:228 - [iter:50/50][code_length:16][zs_mAP:0.40026][zs_mAP_all:0.28348]
2024-09-01 14:43:33.918 | INFO     | adsh:train:230 - [Training time:3621.70]
2024-09-01 14:43:33.920 | INFO     | __main__:run:138 - [code_length:16][map:0.9174][map_all:0.8564][zs_map:0.4042][zs_map_all:0.2712]
2024-09-01 14:43:56.614 | INFO     | adsh:train:144 - [epoch:1/3][cnn_loss:391.241333][hash_loss:391.108461][quan_loss:0.132872]
2024-09-01 14:44:20.144 | INFO     | adsh:train:144 - [epoch:2/3][cnn_loss:390.953348][hash_loss:390.820928][quan_loss:0.132420]
2024-09-01 14:44:42.814 | INFO     | adsh:train:144 - [epoch:3/3][cnn_loss:390.866158][hash_loss:390.733803][quan_loss:0.132356]
2024-09-01 14:44:42.832 | INFO     | adsh:train:155 - [iter:1/50][loss:939.532471][iter_time:68.32]
2024-09-01 14:45:04.051 | INFO     | adsh:train:144 - [epoch:1/3][cnn_loss:331.551141][hash_loss:331.369909][quan_loss:0.181233]
2024-09-01 14:45:26.394 | INFO     | adsh:train:144 - [epoch:2/3][cnn_loss:325.948241][hash_loss:325.758565][quan_loss:0.189676]
2024-09-01 14:45:48.553 | INFO     | adsh:train:144 - [epoch:3/3][cnn_loss:315.769554][hash_loss:315.588206][quan_loss:0.181349]
2024-09-01 14:45:48.571 | INFO     | adsh:train:155 - [iter:2/50][loss:823.973755][iter_time:65.74]
2024-09-01 14:46:11.559 | INFO     | adsh:train:144 - [epoch:1/3][cnn_loss:305.437537][hash_loss:305.240332][quan_loss:0.197204]
2024-09-01 14:46:34.224 | INFO     | adsh:train:144 - [epoch:2/3][cnn_loss:294.654066][hash_loss:294.466752][quan_loss:0.187315]
2024-09-01 14:46:56.463 | INFO     | adsh:train:144 - [epoch:3/3][cnn_loss:293.351032][hash_loss:293.164299][quan_loss:0.186733]
2024-09-01 14:46:56.481 | INFO     | adsh:train:155 - [iter:3/50][loss:778.308899][iter_time:67.91]
2024-09-01 14:47:19.184 | INFO     | adsh:train:144 - [epoch:1/3][cnn_loss:288.183341][hash_loss:287.995006][quan_loss:0.188335]
2024-09-01 14:47:40.840 | INFO     | adsh:train:144 - [epoch:2/3][cnn_loss:280.998782][hash_loss:280.816400][quan_loss:0.182382]
2024-09-01 14:48:03.066 | INFO     | adsh:train:144 - [epoch:3/3][cnn_loss:280.340344][hash_loss:280.159568][quan_loss:0.180776]
2024-09-01 14:48:03.084 | INFO     | adsh:train:155 - [iter:4/50][loss:744.299622][iter_time:66.60]
2024-09-01 14:48:25.543 | INFO     | adsh:train:144 - [epoch:1/3][cnn_loss:283.184229][hash_loss:282.997621][quan_loss:0.186609]
2024-09-01 14:48:47.474 | INFO     | adsh:train:144 - [epoch:2/3][cnn_loss:277.038780][hash_loss:276.859620][quan_loss:0.179160]
2024-09-01 14:49:09.478 | INFO     | adsh:train:144 - [epoch:3/3][cnn_loss:283.597761][hash_loss:283.414071][quan_loss:0.183691]
2024-09-01 14:49:09.495 | INFO     | adsh:train:155 - [iter:5/50][loss:754.128662][iter_time:66.41]
2024-09-01 14:49:20.388 | INFO     | adsh:train:227 - [iter:5/50][code_length:32][mAP:0.86861][mAP_all:0.76999][best_mAP:0.86861]
2024-09-01 14:49:20.389 | INFO     | adsh:train:228 - [iter:5/50][code_length:32][zs_mAP:0.41161][zs_mAP_all:0.28449]
2024-09-01 14:49:43.639 | INFO     | adsh:train:144 - [epoch:1/3][cnn_loss:280.244886][hash_loss:280.068576][quan_loss:0.176311]
2024-09-01 14:50:06.514 | INFO     | adsh:train:144 - [epoch:2/3][cnn_loss:272.787672][hash_loss:272.618423][quan_loss:0.169249]
2024-09-01 14:50:29.352 | INFO     | adsh:train:144 - [epoch:3/3][cnn_loss:280.490146][hash_loss:280.314967][quan_loss:0.175179]
2024-09-01 14:50:29.370 | INFO     | adsh:train:155 - [iter:6/50][loss:746.370850][iter_time:68.98]
2024-09-01 14:50:52.667 | INFO     | adsh:train:144 - [epoch:1/3][cnn_loss:279.663567][hash_loss:279.482251][quan_loss:0.181317]
2024-09-01 14:51:16.039 | INFO     | adsh:train:144 - [epoch:2/3][cnn_loss:272.197578][hash_loss:272.023117][quan_loss:0.174461]
2024-09-01 14:51:39.165 | INFO     | adsh:train:144 - [epoch:3/3][cnn_loss:271.553290][hash_loss:271.379249][quan_loss:0.174040]
2024-09-01 14:51:39.183 | INFO     | adsh:train:155 - [iter:7/50][loss:721.959106][iter_time:69.81]
2024-09-01 14:52:00.930 | INFO     | adsh:train:144 - [epoch:1/3][cnn_loss:282.015559][hash_loss:281.841334][quan_loss:0.174224]
2024-09-01 14:52:23.125 | INFO     | adsh:train:144 - [epoch:2/3][cnn_loss:277.949780][hash_loss:277.779110][quan_loss:0.170671]
2024-09-01 14:52:45.417 | INFO     | adsh:train:144 - [epoch:3/3][cnn_loss:275.919609][hash_loss:275.752024][quan_loss:0.167585]
2024-09-01 14:52:45.434 | INFO     | adsh:train:155 - [iter:8/50][loss:734.032837][iter_time:66.25]
2024-09-01 14:53:07.407 | INFO     | adsh:train:144 - [epoch:1/3][cnn_loss:275.580159][hash_loss:275.407632][quan_loss:0.172527]
2024-09-01 14:53:29.347 | INFO     | adsh:train:144 - [epoch:2/3][cnn_loss:270.807072][hash_loss:270.637166][quan_loss:0.169906]
2024-09-01 14:53:51.182 | INFO     | adsh:train:144 - [epoch:3/3][cnn_loss:265.957993][hash_loss:265.793502][quan_loss:0.164491]
2024-09-01 14:53:51.200 | INFO     | adsh:train:155 - [iter:9/50][loss:708.151794][iter_time:65.77]
2024-09-01 14:54:13.926 | INFO     | adsh:train:144 - [epoch:1/3][cnn_loss:279.587841][hash_loss:279.418454][quan_loss:0.169388]
2024-09-01 14:54:37.754 | INFO     | adsh:train:144 - [epoch:2/3][cnn_loss:275.793432][hash_loss:275.625240][quan_loss:0.168193]
2024-09-01 14:55:00.586 | INFO     | adsh:train:144 - [epoch:3/3][cnn_loss:274.213380][hash_loss:274.046861][quan_loss:0.166519]
2024-09-01 14:55:00.605 | INFO     | adsh:train:155 - [iter:10/50][loss:730.513000][iter_time:69.40]
2024-09-01 14:55:12.036 | INFO     | adsh:train:227 - [iter:10/50][code_length:32][mAP:0.89617][mAP_all:0.80563][best_mAP:0.89617]
2024-09-01 14:55:12.037 | INFO     | adsh:train:228 - [iter:10/50][code_length:32][zs_mAP:0.40323][zs_mAP_all:0.26852]
2024-09-01 14:55:34.487 | INFO     | adsh:train:144 - [epoch:1/3][cnn_loss:271.828401][hash_loss:271.656047][quan_loss:0.172355]
2024-09-01 14:55:57.380 | INFO     | adsh:train:144 - [epoch:2/3][cnn_loss:270.274102][hash_loss:270.102085][quan_loss:0.172016]
2024-09-01 14:56:19.852 | INFO     | adsh:train:144 - [epoch:3/3][cnn_loss:264.540459][hash_loss:264.371662][quan_loss:0.168797]
2024-09-01 14:56:19.870 | INFO     | adsh:train:155 - [iter:11/50][loss:704.079712][iter_time:67.83]
2024-09-01 14:56:41.686 | INFO     | adsh:train:144 - [epoch:1/3][cnn_loss:273.406434][hash_loss:273.231710][quan_loss:0.174724]
2024-09-01 14:57:04.050 | INFO     | adsh:train:144 - [epoch:2/3][cnn_loss:265.933743][hash_loss:265.766608][quan_loss:0.167136]
2024-09-01 14:57:26.544 | INFO     | adsh:train:144 - [epoch:3/3][cnn_loss:269.140838][hash_loss:268.970326][quan_loss:0.170513]
2024-09-01 14:57:26.562 | INFO     | adsh:train:155 - [iter:12/50][loss:716.592712][iter_time:66.69]
2024-09-01 14:57:49.506 | INFO     | adsh:train:144 - [epoch:1/3][cnn_loss:273.072026][hash_loss:272.902999][quan_loss:0.169027]
2024-09-01 14:58:11.727 | INFO     | adsh:train:144 - [epoch:2/3][cnn_loss:267.959283][hash_loss:267.792903][quan_loss:0.166380]
2024-09-01 14:58:33.642 | INFO     | adsh:train:144 - [epoch:3/3][cnn_loss:263.843985][hash_loss:263.681438][quan_loss:0.162547]
2024-09-01 14:58:33.661 | INFO     | adsh:train:155 - [iter:13/50][loss:702.283142][iter_time:67.10]
2024-09-01 14:58:55.711 | INFO     | adsh:train:144 - [epoch:1/3][cnn_loss:266.344927][hash_loss:266.175365][quan_loss:0.169562]
2024-09-01 14:59:18.063 | INFO     | adsh:train:144 - [epoch:2/3][cnn_loss:270.877058][hash_loss:270.704000][quan_loss:0.173057]
2024-09-01 14:59:39.624 | INFO     | adsh:train:144 - [epoch:3/3][cnn_loss:266.209125][hash_loss:266.038250][quan_loss:0.170876]
2024-09-01 14:59:39.642 | INFO     | adsh:train:155 - [iter:14/50][loss:708.399658][iter_time:65.98]
2024-09-01 15:00:01.843 | INFO     | adsh:train:144 - [epoch:1/3][cnn_loss:268.264962][hash_loss:268.102777][quan_loss:0.162185]
2024-09-01 15:00:24.695 | INFO     | adsh:train:144 - [epoch:2/3][cnn_loss:265.309870][hash_loss:265.151262][quan_loss:0.158609]
2024-09-01 15:00:47.859 | INFO     | adsh:train:144 - [epoch:3/3][cnn_loss:265.547106][hash_loss:265.388645][quan_loss:0.158461]
2024-09-01 15:00:47.877 | INFO     | adsh:train:155 - [iter:15/50][loss:707.248291][iter_time:68.23]
2024-09-01 15:00:58.568 | INFO     | adsh:train:227 - [iter:15/50][code_length:32][mAP:0.89577][mAP_all:0.81454][best_mAP:0.89617]
2024-09-01 15:00:58.568 | INFO     | adsh:train:228 - [iter:15/50][code_length:32][zs_mAP:0.39970][zs_mAP_all:0.25142]
2024-09-01 15:01:20.856 | INFO     | adsh:train:144 - [epoch:1/3][cnn_loss:269.081627][hash_loss:268.919414][quan_loss:0.162212]
2024-09-01 15:01:44.299 | INFO     | adsh:train:144 - [epoch:2/3][cnn_loss:266.265986][hash_loss:266.107430][quan_loss:0.158557]
2024-09-01 15:02:06.508 | INFO     | adsh:train:144 - [epoch:3/3][cnn_loss:265.370986][hash_loss:265.210953][quan_loss:0.160032]
2024-09-01 15:02:06.526 | INFO     | adsh:train:155 - [iter:16/50][loss:706.173889][iter_time:67.96]
2024-09-01 15:02:30.187 | INFO     | adsh:train:144 - [epoch:1/3][cnn_loss:265.517466][hash_loss:265.349616][quan_loss:0.167850]
2024-09-01 15:02:52.867 | INFO     | adsh:train:144 - [epoch:2/3][cnn_loss:262.094911][hash_loss:261.932231][quan_loss:0.162680]
2024-09-01 15:03:14.945 | INFO     | adsh:train:144 - [epoch:3/3][cnn_loss:262.299362][hash_loss:262.135095][quan_loss:0.164267]
2024-09-01 15:03:14.963 | INFO     | adsh:train:155 - [iter:17/50][loss:697.852356][iter_time:68.44]
2024-09-01 15:03:37.788 | INFO     | adsh:train:144 - [epoch:1/3][cnn_loss:264.002357][hash_loss:263.831880][quan_loss:0.170475]
2024-09-01 15:03:59.567 | INFO     | adsh:train:144 - [epoch:2/3][cnn_loss:260.862798][hash_loss:260.694345][quan_loss:0.168453]
2024-09-01 15:04:21.901 | INFO     | adsh:train:144 - [epoch:3/3][cnn_loss:254.645279][hash_loss:254.481756][quan_loss:0.163523]
2024-09-01 15:04:21.919 | INFO     | adsh:train:155 - [iter:18/50][loss:677.861389][iter_time:66.96]
2024-09-01 15:04:43.949 | INFO     | adsh:train:144 - [epoch:1/3][cnn_loss:256.024802][hash_loss:255.860665][quan_loss:0.164138]
2024-09-01 15:05:06.849 | INFO     | adsh:train:144 - [epoch:2/3][cnn_loss:257.697902][hash_loss:257.530167][quan_loss:0.167735]
2024-09-01 15:05:28.929 | INFO     | adsh:train:144 - [epoch:3/3][cnn_loss:252.406354][hash_loss:252.245018][quan_loss:0.161336]
2024-09-01 15:05:28.947 | INFO     | adsh:train:155 - [iter:19/50][loss:672.466980][iter_time:67.03]
2024-09-01 15:05:51.567 | INFO     | adsh:train:144 - [epoch:1/3][cnn_loss:261.953655][hash_loss:261.790141][quan_loss:0.163514]
2024-09-01 15:06:14.450 | INFO     | adsh:train:144 - [epoch:2/3][cnn_loss:257.864291][hash_loss:257.701883][quan_loss:0.162409]
2024-09-01 15:06:37.064 | INFO     | adsh:train:144 - [epoch:3/3][cnn_loss:254.644945][hash_loss:254.485536][quan_loss:0.159409]
2024-09-01 15:06:37.084 | INFO     | adsh:train:155 - [iter:20/50][loss:678.448242][iter_time:68.14]
2024-09-01 15:06:48.379 | INFO     | adsh:train:227 - [iter:20/50][code_length:32][mAP:0.90179][mAP_all:0.82138][best_mAP:0.90179]
2024-09-01 15:06:48.380 | INFO     | adsh:train:228 - [iter:20/50][code_length:32][zs_mAP:0.40560][zs_mAP_all:0.29054]
2024-09-01 15:07:11.681 | INFO     | adsh:train:144 - [epoch:1/3][cnn_loss:263.782809][hash_loss:263.617040][quan_loss:0.165768]
2024-09-01 15:07:33.408 | INFO     | adsh:train:144 - [epoch:2/3][cnn_loss:264.563170][hash_loss:264.397212][quan_loss:0.165958]
2024-09-01 15:07:55.246 | INFO     | adsh:train:144 - [epoch:3/3][cnn_loss:256.508125][hash_loss:256.346188][quan_loss:0.161937]
2024-09-01 15:07:55.265 | INFO     | adsh:train:155 - [iter:21/50][loss:682.915955][iter_time:66.88]
2024-09-01 15:08:17.758 | INFO     | adsh:train:144 - [epoch:1/3][cnn_loss:272.496745][hash_loss:272.336974][quan_loss:0.159770]
2024-09-01 15:08:41.260 | INFO     | adsh:train:144 - [epoch:2/3][cnn_loss:271.954571][hash_loss:271.795549][quan_loss:0.159022]
2024-09-01 15:09:04.292 | INFO     | adsh:train:144 - [epoch:3/3][cnn_loss:267.257679][hash_loss:267.100567][quan_loss:0.157112]
2024-09-01 15:09:04.310 | INFO     | adsh:train:155 - [iter:22/50][loss:711.898376][iter_time:69.04]
2024-09-01 15:09:27.368 | INFO     | adsh:train:144 - [epoch:1/3][cnn_loss:258.333145][hash_loss:258.170083][quan_loss:0.163062]
2024-09-01 15:09:50.134 | INFO     | adsh:train:144 - [epoch:2/3][cnn_loss:264.066713][hash_loss:263.898946][quan_loss:0.167766]
2024-09-01 15:10:13.287 | INFO     | adsh:train:144 - [epoch:3/3][cnn_loss:259.669470][hash_loss:259.504830][quan_loss:0.164640]
2024-09-01 15:10:13.305 | INFO     | adsh:train:155 - [iter:23/50][loss:691.525574][iter_time:68.99]
2024-09-01 15:10:36.498 | INFO     | adsh:train:144 - [epoch:1/3][cnn_loss:261.813190][hash_loss:261.651230][quan_loss:0.161959]
2024-09-01 15:10:59.037 | INFO     | adsh:train:144 - [epoch:2/3][cnn_loss:257.101977][hash_loss:256.942960][quan_loss:0.159017]
2024-09-01 15:11:22.221 | INFO     | adsh:train:144 - [epoch:3/3][cnn_loss:256.474196][hash_loss:256.317617][quan_loss:0.156580]
2024-09-01 15:11:22.238 | INFO     | adsh:train:155 - [iter:24/50][loss:683.029175][iter_time:68.93]
2024-09-01 15:11:44.905 | INFO     | adsh:train:144 - [epoch:1/3][cnn_loss:246.154344][hash_loss:245.994289][quan_loss:0.160055]
2024-09-01 15:12:07.488 | INFO     | adsh:train:144 - [epoch:2/3][cnn_loss:244.317058][hash_loss:244.158271][quan_loss:0.158787]
2024-09-01 15:12:31.046 | INFO     | adsh:train:144 - [epoch:3/3][cnn_loss:242.662974][hash_loss:242.507336][quan_loss:0.155638]
2024-09-01 15:12:31.064 | INFO     | adsh:train:155 - [iter:25/50][loss:646.357971][iter_time:68.83]
2024-09-01 15:12:42.612 | INFO     | adsh:train:227 - [iter:25/50][code_length:32][mAP:0.90946][mAP_all:0.82792][best_mAP:0.90946]
2024-09-01 15:12:42.614 | INFO     | adsh:train:228 - [iter:25/50][code_length:32][zs_mAP:0.41302][zs_mAP_all:0.25451]
2024-09-01 15:13:05.265 | INFO     | adsh:train:144 - [epoch:1/3][cnn_loss:260.837336][hash_loss:260.680337][quan_loss:0.156998]
2024-09-01 15:13:27.240 | INFO     | adsh:train:144 - [epoch:2/3][cnn_loss:261.880720][hash_loss:261.723720][quan_loss:0.157001]
2024-09-01 15:13:50.082 | INFO     | adsh:train:144 - [epoch:3/3][cnn_loss:257.711633][hash_loss:257.555981][quan_loss:0.155652]
2024-09-01 15:13:50.101 | INFO     | adsh:train:155 - [iter:26/50][loss:686.479309][iter_time:67.49]
2024-09-01 15:14:12.414 | INFO     | adsh:train:144 - [epoch:1/3][cnn_loss:259.006704][hash_loss:258.847974][quan_loss:0.158728]
2024-09-01 15:14:35.399 | INFO     | adsh:train:144 - [epoch:2/3][cnn_loss:256.094520][hash_loss:255.939920][quan_loss:0.154600]
2024-09-01 15:14:58.077 | INFO     | adsh:train:144 - [epoch:3/3][cnn_loss:256.639449][hash_loss:256.486024][quan_loss:0.153426]
2024-09-01 15:14:58.095 | INFO     | adsh:train:155 - [iter:27/50][loss:683.424377][iter_time:67.99]
2024-09-01 15:15:20.991 | INFO     | adsh:train:144 - [epoch:1/3][cnn_loss:262.235759][hash_loss:262.076644][quan_loss:0.159114]
2024-09-01 15:15:43.423 | INFO     | adsh:train:144 - [epoch:2/3][cnn_loss:255.185037][hash_loss:255.029187][quan_loss:0.155851]
2024-09-01 15:16:05.970 | INFO     | adsh:train:144 - [epoch:3/3][cnn_loss:252.795412][hash_loss:252.641080][quan_loss:0.154333]
2024-09-01 15:16:05.987 | INFO     | adsh:train:155 - [iter:28/50][loss:673.119507][iter_time:67.89]
2024-09-01 15:16:28.757 | INFO     | adsh:train:144 - [epoch:1/3][cnn_loss:259.528717][hash_loss:259.368198][quan_loss:0.160519]
2024-09-01 15:16:51.865 | INFO     | adsh:train:144 - [epoch:2/3][cnn_loss:253.151312][hash_loss:252.994526][quan_loss:0.156786]
2024-09-01 15:17:13.987 | INFO     | adsh:train:144 - [epoch:3/3][cnn_loss:251.720517][hash_loss:251.563943][quan_loss:0.156574]
2024-09-01 15:17:14.005 | INFO     | adsh:train:155 - [iter:29/50][loss:670.117249][iter_time:68.02]
2024-09-01 15:17:36.037 | INFO     | adsh:train:144 - [epoch:1/3][cnn_loss:257.306842][hash_loss:257.147355][quan_loss:0.159488]
2024-09-01 15:17:58.347 | INFO     | adsh:train:144 - [epoch:2/3][cnn_loss:255.950891][hash_loss:255.792990][quan_loss:0.157901]
2024-09-01 15:18:21.843 | INFO     | adsh:train:144 - [epoch:3/3][cnn_loss:255.281847][hash_loss:255.126360][quan_loss:0.155487]
2024-09-01 15:18:21.860 | INFO     | adsh:train:155 - [iter:30/50][loss:680.283630][iter_time:67.86]
2024-09-01 15:18:32.741 | INFO     | adsh:train:227 - [iter:30/50][code_length:32][mAP:0.90648][mAP_all:0.83818][best_mAP:0.90946]
2024-09-01 15:18:32.742 | INFO     | adsh:train:228 - [iter:30/50][code_length:32][zs_mAP:0.40795][zs_mAP_all:0.27304]
2024-09-01 15:18:56.083 | INFO     | adsh:train:144 - [epoch:1/3][cnn_loss:258.725694][hash_loss:258.571240][quan_loss:0.154454]
2024-09-01 15:19:19.226 | INFO     | adsh:train:144 - [epoch:2/3][cnn_loss:255.731245][hash_loss:255.579769][quan_loss:0.151476]
2024-09-01 15:19:41.257 | INFO     | adsh:train:144 - [epoch:3/3][cnn_loss:253.747004][hash_loss:253.597501][quan_loss:0.149502]
2024-09-01 15:19:41.275 | INFO     | adsh:train:155 - [iter:31/50][loss:676.203003][iter_time:68.53]
2024-09-01 15:20:03.642 | INFO     | adsh:train:144 - [epoch:1/3][cnn_loss:265.689491][hash_loss:265.531318][quan_loss:0.158172]
2024-09-01 15:20:26.023 | INFO     | adsh:train:144 - [epoch:2/3][cnn_loss:258.224188][hash_loss:258.070644][quan_loss:0.153545]
2024-09-01 15:20:48.952 | INFO     | adsh:train:144 - [epoch:3/3][cnn_loss:256.051665][hash_loss:255.897717][quan_loss:0.153948]
2024-09-01 15:20:48.970 | INFO     | adsh:train:155 - [iter:32/50][loss:682.131470][iter_time:67.70]
2024-09-01 15:21:11.313 | INFO     | adsh:train:144 - [epoch:1/3][cnn_loss:257.599843][hash_loss:257.443723][quan_loss:0.156120]
2024-09-01 15:21:33.268 | INFO     | adsh:train:144 - [epoch:2/3][cnn_loss:252.891195][hash_loss:252.738029][quan_loss:0.153166]
2024-09-01 15:21:54.897 | INFO     | adsh:train:144 - [epoch:3/3][cnn_loss:251.168780][hash_loss:251.016579][quan_loss:0.152200]
2024-09-01 15:21:54.915 | INFO     | adsh:train:155 - [iter:33/50][loss:669.340881][iter_time:65.94]
2024-09-01 15:22:17.238 | INFO     | adsh:train:144 - [epoch:1/3][cnn_loss:256.510461][hash_loss:256.357855][quan_loss:0.152606]
2024-09-01 15:22:39.435 | INFO     | adsh:train:144 - [epoch:2/3][cnn_loss:251.263204][hash_loss:251.113425][quan_loss:0.149778]
2024-09-01 15:23:02.170 | INFO     | adsh:train:144 - [epoch:3/3][cnn_loss:247.422265][hash_loss:247.276077][quan_loss:0.146189]
2024-09-01 15:23:02.188 | INFO     | adsh:train:155 - [iter:34/50][loss:659.145264][iter_time:67.27]
2024-09-01 15:23:24.341 | INFO     | adsh:train:144 - [epoch:1/3][cnn_loss:250.031288][hash_loss:249.878432][quan_loss:0.152858]
2024-09-01 15:23:47.257 | INFO     | adsh:train:144 - [epoch:2/3][cnn_loss:245.804707][hash_loss:245.654090][quan_loss:0.150617]
2024-09-01 15:24:09.355 | INFO     | adsh:train:144 - [epoch:3/3][cnn_loss:244.506512][hash_loss:244.356928][quan_loss:0.149584]
2024-09-01 15:24:09.373 | INFO     | adsh:train:155 - [iter:35/50][loss:651.347717][iter_time:67.18]
2024-09-01 15:24:20.745 | INFO     | adsh:train:227 - [iter:35/50][code_length:32][mAP:0.91055][mAP_all:0.83699][best_mAP:0.91055]
2024-09-01 15:24:20.746 | INFO     | adsh:train:228 - [iter:35/50][code_length:32][zs_mAP:0.40772][zs_mAP_all:0.26011]
2024-09-01 15:24:42.472 | INFO     | adsh:train:144 - [epoch:1/3][cnn_loss:255.239704][hash_loss:255.085778][quan_loss:0.153925]
2024-09-01 15:25:05.331 | INFO     | adsh:train:144 - [epoch:2/3][cnn_loss:247.356016][hash_loss:247.207999][quan_loss:0.148017]
2024-09-01 15:25:28.513 | INFO     | adsh:train:144 - [epoch:3/3][cnn_loss:246.312694][hash_loss:246.167541][quan_loss:0.145153]
2024-09-01 15:25:28.531 | INFO     | adsh:train:155 - [iter:36/50][loss:656.218262][iter_time:67.78]
2024-09-01 15:25:39.467 | INFO     | adsh:train:227 - [iter:36/50][code_length:32][mAP:0.90597][mAP_all:0.83494][best_mAP:0.91055]
2024-09-01 15:25:39.468 | INFO     | adsh:train:228 - [iter:36/50][code_length:32][zs_mAP:0.40393][zs_mAP_all:0.24395]
2024-09-01 15:26:01.733 | INFO     | adsh:train:144 - [epoch:1/3][cnn_loss:257.794391][hash_loss:257.637518][quan_loss:0.156873]
2024-09-01 15:26:24.322 | INFO     | adsh:train:144 - [epoch:2/3][cnn_loss:251.298087][hash_loss:251.145708][quan_loss:0.152379]
2024-09-01 15:26:46.701 | INFO     | adsh:train:144 - [epoch:3/3][cnn_loss:248.053633][hash_loss:247.904209][quan_loss:0.149424]
2024-09-01 15:26:46.719 | INFO     | adsh:train:155 - [iter:37/50][loss:660.948547][iter_time:67.25]
2024-09-01 15:26:57.930 | INFO     | adsh:train:227 - [iter:37/50][code_length:32][mAP:0.90262][mAP_all:0.83417][best_mAP:0.91055]
2024-09-01 15:26:57.931 | INFO     | adsh:train:228 - [iter:37/50][code_length:32][zs_mAP:0.40344][zs_mAP_all:0.25995]
2024-09-01 15:27:20.705 | INFO     | adsh:train:144 - [epoch:1/3][cnn_loss:266.048498][hash_loss:265.894211][quan_loss:0.154286]
2024-09-01 15:27:42.784 | INFO     | adsh:train:144 - [epoch:2/3][cnn_loss:259.683860][hash_loss:259.534223][quan_loss:0.149637]
2024-09-01 15:28:04.864 | INFO     | adsh:train:144 - [epoch:3/3][cnn_loss:257.645157][hash_loss:257.498036][quan_loss:0.147122]
2024-09-01 15:28:04.882 | INFO     | adsh:train:155 - [iter:38/50][loss:685.705505][iter_time:66.95]
2024-09-01 15:28:15.623 | INFO     | adsh:train:227 - [iter:38/50][code_length:32][mAP:0.89628][mAP_all:0.82228][best_mAP:0.91055]
2024-09-01 15:28:15.624 | INFO     | adsh:train:228 - [iter:38/50][code_length:32][zs_mAP:0.40980][zs_mAP_all:0.25563]
2024-09-01 15:28:37.415 | INFO     | adsh:train:144 - [epoch:1/3][cnn_loss:258.718471][hash_loss:258.561159][quan_loss:0.157312]
2024-09-01 15:28:59.028 | INFO     | adsh:train:144 - [epoch:2/3][cnn_loss:252.314720][hash_loss:252.162056][quan_loss:0.152665]
2024-09-01 15:29:21.338 | INFO     | adsh:train:144 - [epoch:3/3][cnn_loss:249.584936][hash_loss:249.433901][quan_loss:0.151035]
2024-09-01 15:29:21.357 | INFO     | adsh:train:155 - [iter:39/50][loss:664.247009][iter_time:65.73]
2024-09-01 15:29:32.254 | INFO     | adsh:train:227 - [iter:39/50][code_length:32][mAP:0.89320][mAP_all:0.81752][best_mAP:0.91055]
2024-09-01 15:29:32.254 | INFO     | adsh:train:228 - [iter:39/50][code_length:32][zs_mAP:0.41050][zs_mAP_all:0.26480]
2024-09-01 15:29:54.190 | INFO     | adsh:train:144 - [epoch:1/3][cnn_loss:254.519295][hash_loss:254.363577][quan_loss:0.155719]
2024-09-01 15:30:17.497 | INFO     | adsh:train:144 - [epoch:2/3][cnn_loss:250.102318][hash_loss:249.948383][quan_loss:0.153935]
2024-09-01 15:30:39.206 | INFO     | adsh:train:144 - [epoch:3/3][cnn_loss:244.917557][hash_loss:244.768097][quan_loss:0.149460]
2024-09-01 15:30:39.224 | INFO     | adsh:train:155 - [iter:40/50][loss:652.138916][iter_time:66.97]
2024-09-01 15:30:49.999 | INFO     | adsh:train:227 - [iter:40/50][code_length:32][mAP:0.90870][mAP_all:0.83334][best_mAP:0.91055]
2024-09-01 15:30:49.999 | INFO     | adsh:train:228 - [iter:40/50][code_length:32][zs_mAP:0.40123][zs_mAP_all:0.22315]
2024-09-01 15:31:12.123 | INFO     | adsh:train:144 - [epoch:1/3][cnn_loss:254.823126][hash_loss:254.672664][quan_loss:0.150462]
2024-09-01 15:31:34.412 | INFO     | adsh:train:144 - [epoch:2/3][cnn_loss:249.114712][hash_loss:248.968491][quan_loss:0.146222]
2024-09-01 15:31:56.082 | INFO     | adsh:train:144 - [epoch:3/3][cnn_loss:247.162349][hash_loss:247.016245][quan_loss:0.146104]
2024-09-01 15:31:56.100 | INFO     | adsh:train:155 - [iter:41/50][loss:658.376526][iter_time:66.10]
2024-09-01 15:32:07.193 | INFO     | adsh:train:227 - [iter:41/50][code_length:32][mAP:0.90773][mAP_all:0.83583][best_mAP:0.91055]
2024-09-01 15:32:07.194 | INFO     | adsh:train:228 - [iter:41/50][code_length:32][zs_mAP:0.40068][zs_mAP_all:0.22477]
2024-09-01 15:32:29.305 | INFO     | adsh:train:144 - [epoch:1/3][cnn_loss:250.403060][hash_loss:250.247172][quan_loss:0.155888]
2024-09-01 15:32:51.020 | INFO     | adsh:train:144 - [epoch:2/3][cnn_loss:246.592234][hash_loss:246.438764][quan_loss:0.153470]
2024-09-01 15:33:13.385 | INFO     | adsh:train:144 - [epoch:3/3][cnn_loss:244.922477][hash_loss:244.769683][quan_loss:0.152794]
2024-09-01 15:33:13.403 | INFO     | adsh:train:155 - [iter:42/50][loss:651.848145][iter_time:66.21]
2024-09-01 15:33:24.363 | INFO     | adsh:train:227 - [iter:42/50][code_length:32][mAP:0.90350][mAP_all:0.83317][best_mAP:0.91055]
2024-09-01 15:33:24.364 | INFO     | adsh:train:228 - [iter:42/50][code_length:32][zs_mAP:0.40513][zs_mAP_all:0.25214]
2024-09-01 15:33:46.368 | INFO     | adsh:train:144 - [epoch:1/3][cnn_loss:251.636368][hash_loss:251.484491][quan_loss:0.151877]
2024-09-01 15:34:08.378 | INFO     | adsh:train:144 - [epoch:2/3][cnn_loss:249.439294][hash_loss:249.288952][quan_loss:0.150342]
2024-09-01 15:34:30.891 | INFO     | adsh:train:144 - [epoch:3/3][cnn_loss:245.617346][hash_loss:245.469931][quan_loss:0.147415]
2024-09-01 15:34:30.908 | INFO     | adsh:train:155 - [iter:43/50][loss:654.404358][iter_time:66.54]
2024-09-01 15:34:41.883 | INFO     | adsh:train:227 - [iter:43/50][code_length:32][mAP:0.90131][mAP_all:0.83200][best_mAP:0.91055]
2024-09-01 15:34:41.883 | INFO     | adsh:train:228 - [iter:43/50][code_length:32][zs_mAP:0.40673][zs_mAP_all:0.23392]
2024-09-01 15:35:04.462 | INFO     | adsh:train:144 - [epoch:1/3][cnn_loss:256.771966][hash_loss:256.619052][quan_loss:0.152913]
2024-09-01 15:35:26.925 | INFO     | adsh:train:144 - [epoch:2/3][cnn_loss:250.090341][hash_loss:249.942555][quan_loss:0.147786]
2024-09-01 15:35:50.150 | INFO     | adsh:train:144 - [epoch:3/3][cnn_loss:249.741277][hash_loss:249.592866][quan_loss:0.148410]
2024-09-01 15:35:50.168 | INFO     | adsh:train:155 - [iter:44/50][loss:665.044495][iter_time:68.28]
2024-09-01 15:36:01.834 | INFO     | adsh:train:227 - [iter:44/50][code_length:32][mAP:0.90032][mAP_all:0.83627][best_mAP:0.91055]
2024-09-01 15:36:01.834 | INFO     | adsh:train:228 - [iter:44/50][code_length:32][zs_mAP:0.40940][zs_mAP_all:0.25201]
2024-09-01 15:36:25.059 | INFO     | adsh:train:144 - [epoch:1/3][cnn_loss:254.828466][hash_loss:254.675567][quan_loss:0.152900]
2024-09-01 15:36:47.596 | INFO     | adsh:train:144 - [epoch:2/3][cnn_loss:245.492748][hash_loss:245.347381][quan_loss:0.145367]
2024-09-01 15:37:10.211 | INFO     | adsh:train:144 - [epoch:3/3][cnn_loss:246.672324][hash_loss:246.527534][quan_loss:0.144790]
2024-09-01 15:37:10.229 | INFO     | adsh:train:155 - [iter:45/50][loss:656.891113][iter_time:68.39]
2024-09-01 15:37:21.356 | INFO     | adsh:train:227 - [iter:45/50][code_length:32][mAP:0.90603][mAP_all:0.84005][best_mAP:0.91055]
2024-09-01 15:37:21.356 | INFO     | adsh:train:228 - [iter:45/50][code_length:32][zs_mAP:0.40565][zs_mAP_all:0.27754]
2024-09-01 15:37:43.531 | INFO     | adsh:train:144 - [epoch:1/3][cnn_loss:259.738161][hash_loss:259.589003][quan_loss:0.149159]
2024-09-01 15:38:05.636 | INFO     | adsh:train:144 - [epoch:2/3][cnn_loss:250.758042][hash_loss:250.613365][quan_loss:0.144677]
2024-09-01 15:38:28.316 | INFO     | adsh:train:144 - [epoch:3/3][cnn_loss:250.860742][hash_loss:250.715907][quan_loss:0.144835]
2024-09-01 15:38:28.334 | INFO     | adsh:train:155 - [iter:46/50][loss:667.673706][iter_time:66.98]
2024-09-01 15:38:39.804 | INFO     | adsh:train:227 - [iter:46/50][code_length:32][mAP:0.91589][mAP_all:0.84998][best_mAP:0.91589]
2024-09-01 15:38:39.805 | INFO     | adsh:train:228 - [iter:46/50][code_length:32][zs_mAP:0.40871][zs_mAP_all:0.25003]
2024-09-01 15:39:02.046 | INFO     | adsh:train:144 - [epoch:1/3][cnn_loss:245.837696][hash_loss:245.688943][quan_loss:0.148752]
2024-09-01 15:39:23.701 | INFO     | adsh:train:144 - [epoch:2/3][cnn_loss:242.458946][hash_loss:242.312698][quan_loss:0.146247]
2024-09-01 15:39:46.109 | INFO     | adsh:train:144 - [epoch:3/3][cnn_loss:240.382536][hash_loss:240.237096][quan_loss:0.145441]
2024-09-01 15:39:46.128 | INFO     | adsh:train:155 - [iter:47/50][loss:639.897339][iter_time:66.32]
2024-09-01 15:39:57.335 | INFO     | adsh:train:227 - [iter:47/50][code_length:32][mAP:0.91736][mAP_all:0.85111][best_mAP:0.91736]
2024-09-01 15:39:57.336 | INFO     | adsh:train:228 - [iter:47/50][code_length:32][zs_mAP:0.41001][zs_mAP_all:0.26430]
2024-09-01 15:40:20.041 | INFO     | adsh:train:144 - [epoch:1/3][cnn_loss:242.024009][hash_loss:241.879855][quan_loss:0.144154]
2024-09-01 15:40:43.197 | INFO     | adsh:train:144 - [epoch:2/3][cnn_loss:239.043997][hash_loss:238.901898][quan_loss:0.142099]
2024-09-01 15:41:05.964 | INFO     | adsh:train:144 - [epoch:3/3][cnn_loss:238.387379][hash_loss:238.245413][quan_loss:0.141966]
2024-09-01 15:41:05.982 | INFO     | adsh:train:155 - [iter:48/50][loss:634.506226][iter_time:68.65]
2024-09-01 15:41:17.458 | INFO     | adsh:train:227 - [iter:48/50][code_length:32][mAP:0.92341][mAP_all:0.85676][best_mAP:0.92341]
2024-09-01 15:41:17.460 | INFO     | adsh:train:228 - [iter:48/50][code_length:32][zs_mAP:0.41656][zs_mAP_all:0.27389]
2024-09-01 15:41:39.844 | INFO     | adsh:train:144 - [epoch:1/3][cnn_loss:237.183780][hash_loss:237.041695][quan_loss:0.142084]
2024-09-01 15:42:03.032 | INFO     | adsh:train:144 - [epoch:2/3][cnn_loss:230.609865][hash_loss:230.472079][quan_loss:0.137784]
2024-09-01 15:42:25.685 | INFO     | adsh:train:144 - [epoch:3/3][cnn_loss:228.645476][hash_loss:228.509476][quan_loss:0.136000]
2024-09-01 15:42:25.703 | INFO     | adsh:train:155 - [iter:49/50][loss:609.255066][iter_time:68.24]
2024-09-01 15:42:36.605 | INFO     | adsh:train:227 - [iter:49/50][code_length:32][mAP:0.92138][mAP_all:0.85504][best_mAP:0.92341]
2024-09-01 15:42:36.605 | INFO     | adsh:train:228 - [iter:49/50][code_length:32][zs_mAP:0.41348][zs_mAP_all:0.26750]
2024-09-01 15:42:59.275 | INFO     | adsh:train:144 - [epoch:1/3][cnn_loss:241.457088][hash_loss:241.320525][quan_loss:0.136563]
2024-09-01 15:43:22.879 | INFO     | adsh:train:144 - [epoch:2/3][cnn_loss:238.808363][hash_loss:238.672986][quan_loss:0.135378]
2024-09-01 15:43:45.626 | INFO     | adsh:train:144 - [epoch:3/3][cnn_loss:239.460519][hash_loss:239.325043][quan_loss:0.135477]
2024-09-01 15:43:45.644 | INFO     | adsh:train:155 - [iter:50/50][loss:638.310852][iter_time:69.04]
2024-09-01 15:43:57.020 | INFO     | adsh:train:227 - [iter:50/50][code_length:32][mAP:0.91958][mAP_all:0.85328][best_mAP:0.92341]
2024-09-01 15:43:57.021 | INFO     | adsh:train:228 - [iter:50/50][code_length:32][zs_mAP:0.40613][zs_mAP_all:0.25784]
2024-09-01 15:43:57.021 | INFO     | adsh:train:230 - [Training time:3622.51]
2024-09-01 15:43:57.023 | INFO     | __main__:run:138 - [code_length:32][map:0.9234][map_all:0.8568][zs_map:0.4166][zs_map_all:0.2739]
2024-09-01 15:44:20.177 | INFO     | adsh:train:144 - [epoch:1/3][cnn_loss:782.960616][hash_loss:782.825076][quan_loss:0.135541]
2024-09-01 15:44:43.032 | INFO     | adsh:train:144 - [epoch:2/3][cnn_loss:782.323379][hash_loss:782.185744][quan_loss:0.137636]
2024-09-01 15:45:05.408 | INFO     | adsh:train:144 - [epoch:3/3][cnn_loss:782.108375][hash_loss:781.968842][quan_loss:0.139535]
2024-09-01 15:45:05.446 | INFO     | adsh:train:155 - [iter:1/50][loss:3452.864990][iter_time:67.81]
2024-09-01 15:45:27.751 | INFO     | adsh:train:144 - [epoch:1/3][cnn_loss:662.092139][hash_loss:661.892803][quan_loss:0.199334]
2024-09-01 15:45:49.542 | INFO     | adsh:train:144 - [epoch:2/3][cnn_loss:665.628886][hash_loss:665.414100][quan_loss:0.214787]
2024-09-01 15:46:12.276 | INFO     | adsh:train:144 - [epoch:3/3][cnn_loss:656.990766][hash_loss:656.776083][quan_loss:0.214684]
2024-09-01 15:46:12.313 | INFO     | adsh:train:155 - [iter:2/50][loss:3466.678711][iter_time:66.87]
2024-09-01 15:46:34.458 | INFO     | adsh:train:144 - [epoch:1/3][cnn_loss:621.949865][hash_loss:621.726473][quan_loss:0.223393]
2024-09-01 15:46:57.024 | INFO     | adsh:train:144 - [epoch:2/3][cnn_loss:617.075363][hash_loss:616.853841][quan_loss:0.221521]
2024-09-01 15:47:19.486 | INFO     | adsh:train:144 - [epoch:3/3][cnn_loss:617.127675][hash_loss:616.901546][quan_loss:0.226128]
2024-09-01 15:47:19.523 | INFO     | adsh:train:155 - [iter:3/50][loss:3275.197998][iter_time:67.21]
2024-09-01 15:47:41.450 | INFO     | adsh:train:144 - [epoch:1/3][cnn_loss:626.087309][hash_loss:625.876916][quan_loss:0.210390]
2024-09-01 15:48:04.469 | INFO     | adsh:train:144 - [epoch:2/3][cnn_loss:633.179749][hash_loss:632.964466][quan_loss:0.215282]
2024-09-01 15:48:26.957 | INFO     | adsh:train:144 - [epoch:3/3][cnn_loss:619.969042][hash_loss:619.762070][quan_loss:0.206970]
2024-09-01 15:48:26.993 | INFO     | adsh:train:155 - [iter:4/50][loss:3291.128174][iter_time:67.47]
2024-09-01 15:48:48.969 | INFO     | adsh:train:144 - [epoch:1/3][cnn_loss:637.390837][hash_loss:637.175058][quan_loss:0.215780]
2024-09-01 15:49:11.108 | INFO     | adsh:train:144 - [epoch:2/3][cnn_loss:637.941041][hash_loss:637.725810][quan_loss:0.215230]
2024-09-01 15:49:33.768 | INFO     | adsh:train:144 - [epoch:3/3][cnn_loss:629.154066][hash_loss:628.939506][quan_loss:0.214560]
2024-09-01 15:49:33.804 | INFO     | adsh:train:155 - [iter:5/50][loss:3340.657227][iter_time:66.81]
2024-09-01 15:49:44.816 | INFO     | adsh:train:227 - [iter:5/50][code_length:64][mAP:0.83164][mAP_all:0.65775][best_mAP:0.83164]
2024-09-01 15:49:44.816 | INFO     | adsh:train:228 - [iter:5/50][code_length:64][zs_mAP:0.39680][zs_mAP_all:0.29510]
2024-09-01 15:50:06.564 | INFO     | adsh:train:144 - [epoch:1/3][cnn_loss:613.036876][hash_loss:612.823312][quan_loss:0.213565]
2024-09-01 15:50:28.639 | INFO     | adsh:train:144 - [epoch:2/3][cnn_loss:603.069390][hash_loss:602.860763][quan_loss:0.208629]
2024-09-01 15:50:50.761 | INFO     | adsh:train:144 - [epoch:3/3][cnn_loss:599.320140][hash_loss:599.113543][quan_loss:0.206600]
2024-09-01 15:50:50.798 | INFO     | adsh:train:155 - [iter:6/50][loss:3187.115234][iter_time:65.98]
2024-09-01 15:51:13.123 | INFO     | adsh:train:144 - [epoch:1/3][cnn_loss:607.903461][hash_loss:607.695269][quan_loss:0.208194]
2024-09-01 15:51:35.826 | INFO     | adsh:train:144 - [epoch:2/3][cnn_loss:597.468376][hash_loss:597.262341][quan_loss:0.206034]
2024-09-01 15:51:58.466 | INFO     | adsh:train:144 - [epoch:3/3][cnn_loss:599.387340][hash_loss:599.180731][quan_loss:0.206609]
2024-09-01 15:51:58.502 | INFO     | adsh:train:155 - [iter:7/50][loss:3187.399170][iter_time:67.70]
2024-09-01 15:52:21.742 | INFO     | adsh:train:144 - [epoch:1/3][cnn_loss:596.673727][hash_loss:596.465928][quan_loss:0.207800]
2024-09-01 15:52:44.002 | INFO     | adsh:train:144 - [epoch:2/3][cnn_loss:595.963145][hash_loss:595.755771][quan_loss:0.207375]
2024-09-01 15:53:06.226 | INFO     | adsh:train:144 - [epoch:3/3][cnn_loss:584.729112][hash_loss:584.524511][quan_loss:0.204599]
2024-09-01 15:53:06.263 | INFO     | adsh:train:155 - [iter:8/50][loss:3108.869141][iter_time:67.76]
2024-09-01 15:53:28.009 | INFO     | adsh:train:144 - [epoch:1/3][cnn_loss:606.156626][hash_loss:605.953561][quan_loss:0.203066]
2024-09-01 15:53:50.053 | INFO     | adsh:train:144 - [epoch:2/3][cnn_loss:596.233505][hash_loss:596.032590][quan_loss:0.200913]
2024-09-01 15:54:12.203 | INFO     | adsh:train:144 - [epoch:3/3][cnn_loss:589.793859][hash_loss:589.598198][quan_loss:0.195660]
2024-09-01 15:54:12.240 | INFO     | adsh:train:155 - [iter:9/50][loss:3137.853760][iter_time:65.98]
2024-09-01 15:54:34.637 | INFO     | adsh:train:144 - [epoch:1/3][cnn_loss:603.810581][hash_loss:603.610038][quan_loss:0.200546]
2024-09-01 15:54:57.103 | INFO     | adsh:train:144 - [epoch:2/3][cnn_loss:598.053432][hash_loss:597.855486][quan_loss:0.197945]
2024-09-01 15:55:18.965 | INFO     | adsh:train:144 - [epoch:3/3][cnn_loss:590.951725][hash_loss:590.757017][quan_loss:0.194707]
2024-09-01 15:55:19.002 | INFO     | adsh:train:155 - [iter:10/50][loss:3142.516602][iter_time:66.76]
2024-09-01 15:55:30.262 | INFO     | adsh:train:227 - [iter:10/50][code_length:64][mAP:0.84653][mAP_all:0.70538][best_mAP:0.84653]
2024-09-01 15:55:30.263 | INFO     | adsh:train:228 - [iter:10/50][code_length:64][zs_mAP:0.40370][zs_mAP_all:0.32637]
2024-09-01 15:55:52.244 | INFO     | adsh:train:144 - [epoch:1/3][cnn_loss:600.548765][hash_loss:600.353203][quan_loss:0.195565]
2024-09-01 15:56:14.038 | INFO     | adsh:train:144 - [epoch:2/3][cnn_loss:590.432846][hash_loss:590.240670][quan_loss:0.192177]
2024-09-01 15:56:36.208 | INFO     | adsh:train:144 - [epoch:3/3][cnn_loss:592.949477][hash_loss:592.756352][quan_loss:0.193127]
2024-09-01 15:56:36.246 | INFO     | adsh:train:155 - [iter:11/50][loss:3153.086426][iter_time:65.98]
2024-09-01 15:56:58.198 | INFO     | adsh:train:144 - [epoch:1/3][cnn_loss:598.387905][hash_loss:598.196122][quan_loss:0.191783]
2024-09-01 15:57:20.746 | INFO     | adsh:train:144 - [epoch:2/3][cnn_loss:598.327098][hash_loss:598.135157][quan_loss:0.191940]
2024-09-01 15:57:43.139 | INFO     | adsh:train:144 - [epoch:3/3][cnn_loss:589.488197][hash_loss:589.299055][quan_loss:0.189141]
2024-09-01 15:57:43.176 | INFO     | adsh:train:155 - [iter:12/50][loss:3137.008301][iter_time:66.93]
2024-09-01 15:58:05.208 | INFO     | adsh:train:144 - [epoch:1/3][cnn_loss:592.646891][hash_loss:592.451939][quan_loss:0.194953]
2024-09-01 15:58:27.125 | INFO     | adsh:train:144 - [epoch:2/3][cnn_loss:588.846719][hash_loss:588.652770][quan_loss:0.193946]
2024-09-01 15:58:49.110 | INFO     | adsh:train:144 - [epoch:3/3][cnn_loss:593.260496][hash_loss:593.063750][quan_loss:0.196744]
2024-09-01 15:58:49.148 | INFO     | adsh:train:155 - [iter:13/50][loss:3157.544189][iter_time:65.97]
2024-09-01 15:59:12.565 | INFO     | adsh:train:144 - [epoch:1/3][cnn_loss:607.438877][hash_loss:607.240549][quan_loss:0.198329]
2024-09-01 15:59:35.021 | INFO     | adsh:train:144 - [epoch:2/3][cnn_loss:602.212963][hash_loss:602.017014][quan_loss:0.195950]
2024-09-01 15:59:57.734 | INFO     | adsh:train:144 - [epoch:3/3][cnn_loss:590.420239][hash_loss:590.230028][quan_loss:0.190212]
2024-09-01 15:59:57.771 | INFO     | adsh:train:155 - [iter:14/50][loss:3138.733643][iter_time:68.62]
2024-09-01 16:00:20.145 | INFO     | adsh:train:144 - [epoch:1/3][cnn_loss:593.600187][hash_loss:593.409141][quan_loss:0.191045]
2024-09-01 16:00:42.783 | INFO     | adsh:train:144 - [epoch:2/3][cnn_loss:587.888832][hash_loss:587.696586][quan_loss:0.192247]
2024-09-01 16:01:04.604 | INFO     | adsh:train:144 - [epoch:3/3][cnn_loss:583.751425][hash_loss:583.559586][quan_loss:0.191840]
2024-09-01 16:01:04.641 | INFO     | adsh:train:155 - [iter:15/50][loss:3103.396729][iter_time:66.87]
2024-09-01 16:01:16.028 | INFO     | adsh:train:227 - [iter:15/50][code_length:64][mAP:0.85996][mAP_all:0.72705][best_mAP:0.85996]
2024-09-01 16:01:16.029 | INFO     | adsh:train:228 - [iter:15/50][code_length:64][zs_mAP:0.41376][zs_mAP_all:0.27459]
2024-09-01 16:01:38.226 | INFO     | adsh:train:144 - [epoch:1/3][cnn_loss:583.756420][hash_loss:583.559715][quan_loss:0.196704]
2024-09-01 16:01:59.750 | INFO     | adsh:train:144 - [epoch:2/3][cnn_loss:585.067478][hash_loss:584.870633][quan_loss:0.196846]
2024-09-01 16:02:22.173 | INFO     | adsh:train:144 - [epoch:3/3][cnn_loss:580.550817][hash_loss:580.355853][quan_loss:0.194964]
2024-09-01 16:02:22.210 | INFO     | adsh:train:155 - [iter:16/50][loss:3089.488525][iter_time:66.18]
2024-09-01 16:02:44.091 | INFO     | adsh:train:144 - [epoch:1/3][cnn_loss:588.589395][hash_loss:588.393751][quan_loss:0.195646]
2024-09-01 16:03:06.015 | INFO     | adsh:train:144 - [epoch:2/3][cnn_loss:572.710781][hash_loss:572.519948][quan_loss:0.190832]
2024-09-01 16:03:27.583 | INFO     | adsh:train:144 - [epoch:3/3][cnn_loss:574.476807][hash_loss:574.285810][quan_loss:0.190998]
2024-09-01 16:03:27.620 | INFO     | adsh:train:155 - [iter:17/50][loss:3056.864502][iter_time:65.41]
2024-09-01 16:03:50.180 | INFO     | adsh:train:144 - [epoch:1/3][cnn_loss:556.341044][hash_loss:556.151226][quan_loss:0.189818]
2024-09-01 16:04:12.705 | INFO     | adsh:train:144 - [epoch:2/3][cnn_loss:561.146332][hash_loss:560.954275][quan_loss:0.192057]
2024-09-01 16:04:34.065 | INFO     | adsh:train:144 - [epoch:3/3][cnn_loss:550.293214][hash_loss:550.102438][quan_loss:0.190777]
2024-09-01 16:04:34.102 | INFO     | adsh:train:155 - [iter:18/50][loss:2928.925293][iter_time:66.48]
2024-09-01 16:04:56.288 | INFO     | adsh:train:144 - [epoch:1/3][cnn_loss:574.407532][hash_loss:574.216229][quan_loss:0.191301]
2024-09-01 16:05:18.869 | INFO     | adsh:train:144 - [epoch:2/3][cnn_loss:566.755385][hash_loss:566.565264][quan_loss:0.190122]
2024-09-01 16:05:40.978 | INFO     | adsh:train:144 - [epoch:3/3][cnn_loss:567.288122][hash_loss:567.099290][quan_loss:0.188830]
2024-09-01 16:05:41.016 | INFO     | adsh:train:155 - [iter:19/50][loss:3018.378174][iter_time:66.91]
2024-09-01 16:06:03.892 | INFO     | adsh:train:144 - [epoch:1/3][cnn_loss:561.722581][hash_loss:561.533766][quan_loss:0.188813]
2024-09-01 16:06:26.933 | INFO     | adsh:train:144 - [epoch:2/3][cnn_loss:565.460405][hash_loss:565.270219][quan_loss:0.190184]
2024-09-01 16:06:48.756 | INFO     | adsh:train:144 - [epoch:3/3][cnn_loss:558.597588][hash_loss:558.409781][quan_loss:0.187803]
2024-09-01 16:06:48.792 | INFO     | adsh:train:155 - [iter:20/50][loss:2972.440674][iter_time:67.78]
2024-09-01 16:07:00.224 | INFO     | adsh:train:227 - [iter:20/50][code_length:64][mAP:0.87656][mAP_all:0.75237][best_mAP:0.87656]
2024-09-01 16:07:00.225 | INFO     | adsh:train:228 - [iter:20/50][code_length:64][zs_mAP:0.41624][zs_mAP_all:0.28245]
2024-09-01 16:07:22.737 | INFO     | adsh:train:144 - [epoch:1/3][cnn_loss:574.048553][hash_loss:573.861739][quan_loss:0.186815]
2024-09-01 16:07:44.690 | INFO     | adsh:train:144 - [epoch:2/3][cnn_loss:577.550128][hash_loss:577.362136][quan_loss:0.187992]
2024-09-01 16:08:06.890 | INFO     | adsh:train:144 - [epoch:3/3][cnn_loss:566.837870][hash_loss:566.653146][quan_loss:0.184723]
2024-09-01 16:08:06.927 | INFO     | adsh:train:155 - [iter:21/50][loss:3016.041016][iter_time:66.70]
2024-09-01 16:08:28.673 | INFO     | adsh:train:144 - [epoch:1/3][cnn_loss:573.749776][hash_loss:573.562293][quan_loss:0.187482]
2024-09-01 16:08:50.894 | INFO     | adsh:train:144 - [epoch:2/3][cnn_loss:569.975440][hash_loss:569.789134][quan_loss:0.186309]
2024-09-01 16:09:13.444 | INFO     | adsh:train:144 - [epoch:3/3][cnn_loss:571.373731][hash_loss:571.187563][quan_loss:0.186168]
2024-09-01 16:09:13.481 | INFO     | adsh:train:155 - [iter:22/50][loss:3041.511719][iter_time:66.55]
2024-09-01 16:09:35.247 | INFO     | adsh:train:144 - [epoch:1/3][cnn_loss:589.973841][hash_loss:589.790256][quan_loss:0.183587]
2024-09-01 16:09:57.654 | INFO     | adsh:train:144 - [epoch:2/3][cnn_loss:593.310693][hash_loss:593.125179][quan_loss:0.185513]
2024-09-01 16:10:20.201 | INFO     | adsh:train:144 - [epoch:3/3][cnn_loss:586.451798][hash_loss:586.268831][quan_loss:0.182965]
2024-09-01 16:10:20.238 | INFO     | adsh:train:155 - [iter:23/50][loss:3122.249512][iter_time:66.76]
2024-09-01 16:10:42.703 | INFO     | adsh:train:144 - [epoch:1/3][cnn_loss:562.623153][hash_loss:562.439122][quan_loss:0.184030]
2024-09-01 16:11:05.831 | INFO     | adsh:train:144 - [epoch:2/3][cnn_loss:559.144321][hash_loss:558.961499][quan_loss:0.182824]
2024-09-01 16:11:27.781 | INFO     | adsh:train:144 - [epoch:3/3][cnn_loss:557.526046][hash_loss:557.343104][quan_loss:0.182943]
2024-09-01 16:11:27.818 | INFO     | adsh:train:155 - [iter:24/50][loss:2968.351074][iter_time:67.58]
2024-09-01 16:11:50.995 | INFO     | adsh:train:144 - [epoch:1/3][cnn_loss:571.946631][hash_loss:571.762051][quan_loss:0.184581]
2024-09-01 16:12:14.860 | INFO     | adsh:train:144 - [epoch:2/3][cnn_loss:565.754254][hash_loss:565.572215][quan_loss:0.182039]
2024-09-01 16:12:36.938 | INFO     | adsh:train:144 - [epoch:3/3][cnn_loss:563.368029][hash_loss:563.188777][quan_loss:0.179253]
2024-09-01 16:12:36.975 | INFO     | adsh:train:155 - [iter:25/50][loss:2999.768311][iter_time:69.16]
2024-09-01 16:12:48.028 | INFO     | adsh:train:227 - [iter:25/50][code_length:64][mAP:0.87340][mAP_all:0.75658][best_mAP:0.87656]
2024-09-01 16:12:48.028 | INFO     | adsh:train:228 - [iter:25/50][code_length:64][zs_mAP:0.41285][zs_mAP_all:0.27225]
2024-09-01 16:13:10.267 | INFO     | adsh:train:144 - [epoch:1/3][cnn_loss:574.016576][hash_loss:573.825603][quan_loss:0.190974]
2024-09-01 16:13:32.551 | INFO     | adsh:train:144 - [epoch:2/3][cnn_loss:574.899966][hash_loss:574.706688][quan_loss:0.193280]
2024-09-01 16:13:54.857 | INFO     | adsh:train:144 - [epoch:3/3][cnn_loss:560.310497][hash_loss:560.122439][quan_loss:0.188061]
2024-09-01 16:13:54.894 | INFO     | adsh:train:155 - [iter:26/50][loss:2982.049316][iter_time:66.87]
2024-09-01 16:14:17.789 | INFO     | adsh:train:144 - [epoch:1/3][cnn_loss:551.376467][hash_loss:551.191268][quan_loss:0.185199]
2024-09-01 16:14:41.559 | INFO     | adsh:train:144 - [epoch:2/3][cnn_loss:560.352184][hash_loss:560.163042][quan_loss:0.189142]
2024-09-01 16:15:04.731 | INFO     | adsh:train:144 - [epoch:3/3][cnn_loss:537.877202][hash_loss:537.694174][quan_loss:0.183026]
2024-09-01 16:15:04.769 | INFO     | adsh:train:155 - [iter:27/50][loss:2862.917969][iter_time:69.87]
2024-09-01 16:15:27.453 | INFO     | adsh:train:144 - [epoch:1/3][cnn_loss:557.330564][hash_loss:557.145362][quan_loss:0.185200]
2024-09-01 16:15:49.616 | INFO     | adsh:train:144 - [epoch:2/3][cnn_loss:556.695212][hash_loss:556.508606][quan_loss:0.186604]
2024-09-01 16:16:11.928 | INFO     | adsh:train:144 - [epoch:3/3][cnn_loss:551.872417][hash_loss:551.687906][quan_loss:0.184511]
2024-09-01 16:16:11.965 | INFO     | adsh:train:155 - [iter:28/50][loss:2936.394043][iter_time:67.20]
2024-09-01 16:16:34.511 | INFO     | adsh:train:144 - [epoch:1/3][cnn_loss:562.061553][hash_loss:561.877132][quan_loss:0.184422]
2024-09-01 16:16:57.280 | INFO     | adsh:train:144 - [epoch:2/3][cnn_loss:554.929843][hash_loss:554.748109][quan_loss:0.181733]
2024-09-01 16:17:18.990 | INFO     | adsh:train:144 - [epoch:3/3][cnn_loss:554.551932][hash_loss:554.370667][quan_loss:0.181265]
2024-09-01 16:17:19.026 | INFO     | adsh:train:155 - [iter:29/50][loss:2954.406738][iter_time:67.06]
2024-09-01 16:17:42.147 | INFO     | adsh:train:144 - [epoch:1/3][cnn_loss:563.209515][hash_loss:563.025598][quan_loss:0.183918]
2024-09-01 16:18:04.619 | INFO     | adsh:train:144 - [epoch:2/3][cnn_loss:555.323403][hash_loss:555.141498][quan_loss:0.181906]
2024-09-01 16:18:27.309 | INFO     | adsh:train:144 - [epoch:3/3][cnn_loss:553.492657][hash_loss:553.311759][quan_loss:0.180897]
2024-09-01 16:18:27.346 | INFO     | adsh:train:155 - [iter:30/50][loss:2947.092285][iter_time:68.32]
2024-09-01 16:18:38.519 | INFO     | adsh:train:227 - [iter:30/50][code_length:64][mAP:0.88305][mAP_all:0.77060][best_mAP:0.88305]
2024-09-01 16:18:38.521 | INFO     | adsh:train:228 - [iter:30/50][code_length:64][zs_mAP:0.40649][zs_mAP_all:0.27982]
2024-09-01 16:19:01.006 | INFO     | adsh:train:144 - [epoch:1/3][cnn_loss:551.389825][hash_loss:551.208872][quan_loss:0.180952]
2024-09-01 16:19:23.301 | INFO     | adsh:train:144 - [epoch:2/3][cnn_loss:557.288295][hash_loss:557.104693][quan_loss:0.183600]
2024-09-01 16:19:45.220 | INFO     | adsh:train:144 - [epoch:3/3][cnn_loss:552.263041][hash_loss:552.082928][quan_loss:0.180113]
2024-09-01 16:19:45.259 | INFO     | adsh:train:155 - [iter:31/50][loss:2941.258545][iter_time:66.74]
2024-09-01 16:20:08.363 | INFO     | adsh:train:144 - [epoch:1/3][cnn_loss:540.637212][hash_loss:540.454163][quan_loss:0.183050]
2024-09-01 16:20:31.269 | INFO     | adsh:train:144 - [epoch:2/3][cnn_loss:534.847279][hash_loss:534.665017][quan_loss:0.182263]
2024-09-01 16:20:54.278 | INFO     | adsh:train:144 - [epoch:3/3][cnn_loss:531.532583][hash_loss:531.352491][quan_loss:0.180090]
2024-09-01 16:20:54.315 | INFO     | adsh:train:155 - [iter:32/50][loss:2829.971680][iter_time:69.06]
2024-09-01 16:21:17.061 | INFO     | adsh:train:144 - [epoch:1/3][cnn_loss:560.191435][hash_loss:560.013857][quan_loss:0.177579]
2024-09-01 16:21:38.702 | INFO     | adsh:train:144 - [epoch:2/3][cnn_loss:549.000769][hash_loss:548.827948][quan_loss:0.172820]
2024-09-01 16:22:00.591 | INFO     | adsh:train:144 - [epoch:3/3][cnn_loss:558.579236][hash_loss:558.403902][quan_loss:0.175334]
2024-09-01 16:22:00.628 | INFO     | adsh:train:155 - [iter:33/50][loss:2973.179932][iter_time:66.31]
2024-09-01 16:22:22.464 | INFO     | adsh:train:144 - [epoch:1/3][cnn_loss:549.535375][hash_loss:549.357245][quan_loss:0.178130]
2024-09-01 16:22:44.032 | INFO     | adsh:train:144 - [epoch:2/3][cnn_loss:544.932444][hash_loss:544.755901][quan_loss:0.176544]
2024-09-01 16:23:06.693 | INFO     | adsh:train:144 - [epoch:3/3][cnn_loss:543.046246][hash_loss:542.870951][quan_loss:0.175296]
2024-09-01 16:23:06.730 | INFO     | adsh:train:155 - [iter:34/50][loss:2893.409912][iter_time:66.10]
2024-09-01 16:23:29.802 | INFO     | adsh:train:144 - [epoch:1/3][cnn_loss:562.126505][hash_loss:561.946499][quan_loss:0.180006]
2024-09-01 16:23:51.936 | INFO     | adsh:train:144 - [epoch:2/3][cnn_loss:558.348629][hash_loss:558.171109][quan_loss:0.177523]
2024-09-01 16:24:14.180 | INFO     | adsh:train:144 - [epoch:3/3][cnn_loss:548.645884][hash_loss:548.471499][quan_loss:0.174386]
2024-09-01 16:24:14.219 | INFO     | adsh:train:155 - [iter:35/50][loss:2922.248779][iter_time:67.49]
2024-09-01 16:24:25.972 | INFO     | adsh:train:227 - [iter:35/50][code_length:64][mAP:0.88769][mAP_all:0.78944][best_mAP:0.88769]
2024-09-01 16:24:25.973 | INFO     | adsh:train:228 - [iter:35/50][code_length:64][zs_mAP:0.40801][zs_mAP_all:0.29186]
2024-09-01 16:24:48.205 | INFO     | adsh:train:144 - [epoch:1/3][cnn_loss:544.501265][hash_loss:544.320331][quan_loss:0.180936]
2024-09-01 16:25:10.035 | INFO     | adsh:train:144 - [epoch:2/3][cnn_loss:539.771059][hash_loss:539.591517][quan_loss:0.179543]
2024-09-01 16:25:32.209 | INFO     | adsh:train:144 - [epoch:3/3][cnn_loss:544.969867][hash_loss:544.787699][quan_loss:0.182169]
2024-09-01 16:25:32.246 | INFO     | adsh:train:155 - [iter:36/50][loss:2901.632324][iter_time:66.27]
2024-09-01 16:25:43.926 | INFO     | adsh:train:227 - [iter:36/50][code_length:64][mAP:0.89214][mAP_all:0.79595][best_mAP:0.89214]
2024-09-01 16:25:43.927 | INFO     | adsh:train:228 - [iter:36/50][code_length:64][zs_mAP:0.41321][zs_mAP_all:0.28483]
2024-09-01 16:26:06.508 | INFO     | adsh:train:144 - [epoch:1/3][cnn_loss:533.176586][hash_loss:533.001590][quan_loss:0.174996]
2024-09-01 16:26:28.260 | INFO     | adsh:train:144 - [epoch:2/3][cnn_loss:532.859328][hash_loss:532.685937][quan_loss:0.173390]
2024-09-01 16:26:50.342 | INFO     | adsh:train:144 - [epoch:3/3][cnn_loss:532.027126][hash_loss:531.853952][quan_loss:0.173172]
2024-09-01 16:26:50.380 | INFO     | adsh:train:155 - [iter:37/50][loss:2831.895264][iter_time:66.45]
2024-09-01 16:27:01.675 | INFO     | adsh:train:227 - [iter:37/50][code_length:64][mAP:0.87722][mAP_all:0.78307][best_mAP:0.89214]
2024-09-01 16:27:01.676 | INFO     | adsh:train:228 - [iter:37/50][code_length:64][zs_mAP:0.39977][zs_mAP_all:0.27417]
2024-09-01 16:27:23.988 | INFO     | adsh:train:144 - [epoch:1/3][cnn_loss:578.332737][hash_loss:578.153889][quan_loss:0.178850]
2024-09-01 16:27:47.204 | INFO     | adsh:train:144 - [epoch:2/3][cnn_loss:563.685146][hash_loss:563.509921][quan_loss:0.175227]
2024-09-01 16:28:09.732 | INFO     | adsh:train:144 - [epoch:3/3][cnn_loss:565.577326][hash_loss:565.404130][quan_loss:0.173194]
2024-09-01 16:28:09.771 | INFO     | adsh:train:155 - [iter:38/50][loss:3013.987305][iter_time:68.10]
2024-09-01 16:28:21.947 | INFO     | adsh:train:227 - [iter:38/50][code_length:64][mAP:0.89363][mAP_all:0.79121][best_mAP:0.89363]
2024-09-01 16:28:21.949 | INFO     | adsh:train:228 - [iter:38/50][code_length:64][zs_mAP:0.41114][zs_mAP_all:0.27408]
2024-09-01 16:28:45.014 | INFO     | adsh:train:144 - [epoch:1/3][cnn_loss:543.286586][hash_loss:543.112558][quan_loss:0.174027]
2024-09-01 16:29:07.429 | INFO     | adsh:train:144 - [epoch:2/3][cnn_loss:547.594791][hash_loss:547.419577][quan_loss:0.175214]
2024-09-01 16:29:30.536 | INFO     | adsh:train:144 - [epoch:3/3][cnn_loss:548.717882][hash_loss:548.542565][quan_loss:0.175319]
2024-09-01 16:29:30.573 | INFO     | adsh:train:155 - [iter:39/50][loss:2924.245850][iter_time:68.62]
2024-09-01 16:29:41.619 | INFO     | adsh:train:227 - [iter:39/50][code_length:64][mAP:0.88989][mAP_all:0.78370][best_mAP:0.89363]
2024-09-01 16:29:41.620 | INFO     | adsh:train:228 - [iter:39/50][code_length:64][zs_mAP:0.41098][zs_mAP_all:0.25278]
2024-09-01 16:30:04.343 | INFO     | adsh:train:144 - [epoch:1/3][cnn_loss:562.317770][hash_loss:562.144861][quan_loss:0.172909]
2024-09-01 16:30:26.642 | INFO     | adsh:train:144 - [epoch:2/3][cnn_loss:565.989003][hash_loss:565.814482][quan_loss:0.174520]
2024-09-01 16:30:49.316 | INFO     | adsh:train:144 - [epoch:3/3][cnn_loss:561.326341][hash_loss:561.154087][quan_loss:0.172252]
2024-09-01 16:30:49.354 | INFO     | adsh:train:155 - [iter:40/50][loss:2989.208252][iter_time:67.73]
2024-09-01 16:31:00.407 | INFO     | adsh:train:227 - [iter:40/50][code_length:64][mAP:0.88887][mAP_all:0.78826][best_mAP:0.89363]
2024-09-01 16:31:00.407 | INFO     | adsh:train:228 - [iter:40/50][code_length:64][zs_mAP:0.40428][zs_mAP_all:0.24831]
2024-09-01 16:31:22.258 | INFO     | adsh:train:144 - [epoch:1/3][cnn_loss:545.503577][hash_loss:545.326445][quan_loss:0.177132]
2024-09-01 16:31:44.906 | INFO     | adsh:train:144 - [epoch:2/3][cnn_loss:535.791465][hash_loss:535.617481][quan_loss:0.173984]
2024-09-01 16:32:06.978 | INFO     | adsh:train:144 - [epoch:3/3][cnn_loss:539.866103][hash_loss:539.690720][quan_loss:0.175380]
2024-09-01 16:32:07.017 | INFO     | adsh:train:155 - [iter:41/50][loss:2875.718994][iter_time:66.61]
2024-09-01 16:32:18.056 | INFO     | adsh:train:227 - [iter:41/50][code_length:64][mAP:0.89273][mAP_all:0.79281][best_mAP:0.89363]
2024-09-01 16:32:18.057 | INFO     | adsh:train:228 - [iter:41/50][code_length:64][zs_mAP:0.41184][zs_mAP_all:0.25222]
2024-09-01 16:32:40.209 | INFO     | adsh:train:144 - [epoch:1/3][cnn_loss:555.023417][hash_loss:554.848600][quan_loss:0.174816]
2024-09-01 16:33:02.632 | INFO     | adsh:train:144 - [epoch:2/3][cnn_loss:551.986498][hash_loss:551.811167][quan_loss:0.175330]
2024-09-01 16:33:24.549 | INFO     | adsh:train:144 - [epoch:3/3][cnn_loss:546.878055][hash_loss:546.706599][quan_loss:0.171458]
2024-09-01 16:33:24.586 | INFO     | adsh:train:155 - [iter:42/50][loss:2912.076172][iter_time:66.53]
2024-09-01 16:33:35.432 | INFO     | adsh:train:227 - [iter:42/50][code_length:64][mAP:0.88455][mAP_all:0.77971][best_mAP:0.89363]
2024-09-01 16:33:35.433 | INFO     | adsh:train:228 - [iter:42/50][code_length:64][zs_mAP:0.41336][zs_mAP_all:0.27449]
2024-09-01 16:33:57.900 | INFO     | adsh:train:144 - [epoch:1/3][cnn_loss:562.244318][hash_loss:562.064096][quan_loss:0.180222]
2024-09-01 16:34:20.305 | INFO     | adsh:train:144 - [epoch:2/3][cnn_loss:550.914489][hash_loss:550.735925][quan_loss:0.178564]
2024-09-01 16:34:43.472 | INFO     | adsh:train:144 - [epoch:3/3][cnn_loss:550.919724][hash_loss:550.741574][quan_loss:0.178151]
2024-09-01 16:34:43.510 | INFO     | adsh:train:155 - [iter:43/50][loss:2931.531738][iter_time:68.08]
2024-09-01 16:34:54.994 | INFO     | adsh:train:227 - [iter:43/50][code_length:64][mAP:0.89544][mAP_all:0.79619][best_mAP:0.89544]
2024-09-01 16:34:54.996 | INFO     | adsh:train:228 - [iter:43/50][code_length:64][zs_mAP:0.42008][zs_mAP_all:0.28697]
2024-09-01 16:35:17.416 | INFO     | adsh:train:144 - [epoch:1/3][cnn_loss:552.904070][hash_loss:552.731135][quan_loss:0.172931]
2024-09-01 16:35:39.387 | INFO     | adsh:train:144 - [epoch:2/3][cnn_loss:553.336561][hash_loss:553.165439][quan_loss:0.171121]
2024-09-01 16:36:01.174 | INFO     | adsh:train:144 - [epoch:3/3][cnn_loss:550.991955][hash_loss:550.820184][quan_loss:0.171770]
2024-09-01 16:36:01.212 | INFO     | adsh:train:155 - [iter:44/50][loss:2932.496826][iter_time:66.22]
2024-09-01 16:36:13.095 | INFO     | adsh:train:227 - [iter:44/50][code_length:64][mAP:0.90046][mAP_all:0.80130][best_mAP:0.90046]
2024-09-01 16:36:13.096 | INFO     | adsh:train:228 - [iter:44/50][code_length:64][zs_mAP:0.40446][zs_mAP_all:0.27327]
2024-09-01 16:36:35.713 | INFO     | adsh:train:144 - [epoch:1/3][cnn_loss:546.409025][hash_loss:546.229393][quan_loss:0.179631]
2024-09-01 16:36:58.608 | INFO     | adsh:train:144 - [epoch:2/3][cnn_loss:541.771343][hash_loss:541.592873][quan_loss:0.178470]
2024-09-01 16:37:21.578 | INFO     | adsh:train:144 - [epoch:3/3][cnn_loss:541.268005][hash_loss:541.089880][quan_loss:0.178126]
2024-09-01 16:37:21.615 | INFO     | adsh:train:155 - [iter:45/50][loss:2880.947266][iter_time:68.52]
2024-09-01 16:37:32.623 | INFO     | adsh:train:227 - [iter:45/50][code_length:64][mAP:0.89654][mAP_all:0.78978][best_mAP:0.90046]
2024-09-01 16:37:32.623 | INFO     | adsh:train:228 - [iter:45/50][code_length:64][zs_mAP:0.41324][zs_mAP_all:0.26723]
2024-09-01 16:37:54.543 | INFO     | adsh:train:144 - [epoch:1/3][cnn_loss:526.060574][hash_loss:525.887039][quan_loss:0.173535]
2024-09-01 16:38:17.536 | INFO     | adsh:train:144 - [epoch:2/3][cnn_loss:521.423437][hash_loss:521.251935][quan_loss:0.171501]
2024-09-01 16:38:40.592 | INFO     | adsh:train:144 - [epoch:3/3][cnn_loss:517.796252][hash_loss:517.625770][quan_loss:0.170481]
2024-09-01 16:38:40.629 | INFO     | adsh:train:155 - [iter:46/50][loss:2753.729492][iter_time:68.01]
2024-09-01 16:38:52.290 | INFO     | adsh:train:227 - [iter:46/50][code_length:64][mAP:0.90913][mAP_all:0.80669][best_mAP:0.90913]
2024-09-01 16:38:52.291 | INFO     | adsh:train:228 - [iter:46/50][code_length:64][zs_mAP:0.40697][zs_mAP_all:0.26426]
2024-09-01 16:39:14.640 | INFO     | adsh:train:144 - [epoch:1/3][cnn_loss:520.884942][hash_loss:520.715884][quan_loss:0.169059]
2024-09-01 16:39:36.396 | INFO     | adsh:train:144 - [epoch:2/3][cnn_loss:525.760910][hash_loss:525.589759][quan_loss:0.171152]
2024-09-01 16:39:58.796 | INFO     | adsh:train:144 - [epoch:3/3][cnn_loss:518.740626][hash_loss:518.571910][quan_loss:0.168715]
2024-09-01 16:39:58.833 | INFO     | adsh:train:155 - [iter:47/50][loss:2760.909912][iter_time:66.54]
2024-09-01 16:40:10.161 | INFO     | adsh:train:227 - [iter:47/50][code_length:64][mAP:0.90371][mAP_all:0.80881][best_mAP:0.90913]
2024-09-01 16:40:10.161 | INFO     | adsh:train:228 - [iter:47/50][code_length:64][zs_mAP:0.41618][zs_mAP_all:0.27026]
2024-09-01 16:40:33.061 | INFO     | adsh:train:144 - [epoch:1/3][cnn_loss:536.137906][hash_loss:535.969108][quan_loss:0.168799]
2024-09-01 16:40:55.084 | INFO     | adsh:train:144 - [epoch:2/3][cnn_loss:529.792934][hash_loss:529.626542][quan_loss:0.166390]
2024-09-01 16:41:17.801 | INFO     | adsh:train:144 - [epoch:3/3][cnn_loss:526.039977][hash_loss:525.874308][quan_loss:0.165669]
2024-09-01 16:41:17.838 | INFO     | adsh:train:155 - [iter:48/50][loss:2803.417480][iter_time:67.68]
2024-09-01 16:41:28.879 | INFO     | adsh:train:227 - [iter:48/50][code_length:64][mAP:0.90771][mAP_all:0.80357][best_mAP:0.90913]
2024-09-01 16:41:28.880 | INFO     | adsh:train:228 - [iter:48/50][code_length:64][zs_mAP:0.40721][zs_mAP_all:0.26947]
2024-09-01 16:41:50.954 | INFO     | adsh:train:144 - [epoch:1/3][cnn_loss:535.509027][hash_loss:535.342349][quan_loss:0.166678]
2024-09-01 16:42:13.559 | INFO     | adsh:train:144 - [epoch:2/3][cnn_loss:531.323141][hash_loss:531.157638][quan_loss:0.165502]
2024-09-01 16:42:36.254 | INFO     | adsh:train:144 - [epoch:3/3][cnn_loss:529.434202][hash_loss:529.268760][quan_loss:0.165442]
2024-09-01 16:42:36.291 | INFO     | adsh:train:155 - [iter:49/50][loss:2821.049316][iter_time:67.41]
2024-09-01 16:42:47.336 | INFO     | adsh:train:227 - [iter:49/50][code_length:64][mAP:0.90904][mAP_all:0.81008][best_mAP:0.90913]
2024-09-01 16:42:47.337 | INFO     | adsh:train:228 - [iter:49/50][code_length:64][zs_mAP:0.40931][zs_mAP_all:0.27718]
2024-09-01 16:43:10.097 | INFO     | adsh:train:144 - [epoch:1/3][cnn_loss:514.367060][hash_loss:514.197906][quan_loss:0.169154]
2024-09-01 16:43:32.178 | INFO     | adsh:train:144 - [epoch:2/3][cnn_loss:514.096004][hash_loss:513.927696][quan_loss:0.168309]
2024-09-01 16:43:54.477 | INFO     | adsh:train:144 - [epoch:3/3][cnn_loss:505.378474][hash_loss:505.212093][quan_loss:0.166379]
2024-09-01 16:43:54.515 | INFO     | adsh:train:155 - [iter:50/50][loss:2688.301025][iter_time:67.18]
2024-09-01 16:44:05.862 | INFO     | adsh:train:227 - [iter:50/50][code_length:64][mAP:0.91130][mAP_all:0.80494][best_mAP:0.91130]
2024-09-01 16:44:05.863 | INFO     | adsh:train:228 - [iter:50/50][code_length:64][zs_mAP:0.41018][zs_mAP_all:0.28404]
2024-09-01 16:44:05.863 | INFO     | adsh:train:230 - [Training time:3608.22]
2024-09-01 16:44:05.866 | INFO     | __main__:run:138 - [code_length:64][map:0.9113][map_all:0.8049][zs_map:0.4102][zs_map_all:0.2840]
