2024-08-24 12:05:39.777 | SUCCESS  | __main__:run:53 - Namespace(dataset='cifar100zs', root='/data1/dataset/cifar100/cifar-100-python', batch_size=16, lr=0.001, wd=0.0001, optim='SGD', code_length=[16, 32, 64], max_iter=50, max_epoch=3, num_query=1000, num_samples=2000, num_workers=2, topk=1000, gpu=2, gamma=200, info='cifar100zs-15-85-dpah-08-24-16,32,64-tanh1', arch='dpah', net='ResNet', save_ckpt='checkpoints/', lr_step=[45], align_step=50, pretrain=True, quan_loss=False, lambd_sp=0.1, lambd_ch=0.1, lambd=0.1, momen=0.9, nesterov=False, num_classes=85, val_freq=1, cauchy_gamma=20.0, margin=0.1, num_zs=15, epoch_change=11, ZS=15, flag='dpah', data='cifar100', device=device(type='cuda', index=2))
2024-08-24 12:05:54.268 | INFO     | DPAH:train:159 - [epoch:1/3][loss:4.635478]
2024-08-24 12:06:02.169 | INFO     | DPAH:train:159 - [epoch:2/3][loss:4.567281]
2024-08-24 12:06:09.790 | INFO     | DPAH:train:159 - [epoch:3/3][loss:4.556128]
2024-08-24 12:06:09.790 | INFO     | DPAH:train:162 - [iter:1/50][iter_time:26.05]
2024-08-24 12:07:16.590 | INFO     | DPAH:train:234 - [iter:1/50][code_length:16][mAP:0.02015][mAP_all:0.02011][best_mAP:0.02015]
2024-08-24 12:07:16.591 | INFO     | DPAH:train:235 - [iter:1/50][code_length:16][zs_mAP:0.08346][zs_mAP_all:0.00072]
2024-08-24 12:07:24.052 | INFO     | DPAH:train:159 - [epoch:1/3][loss:4.572836]
2024-08-24 12:07:31.575 | INFO     | DPAH:train:159 - [epoch:2/3][loss:4.555043]
2024-08-24 12:07:39.024 | INFO     | DPAH:train:159 - [epoch:3/3][loss:4.537016]
2024-08-24 12:07:39.025 | INFO     | DPAH:train:162 - [iter:2/50][iter_time:22.43]
2024-08-24 12:08:47.429 | INFO     | DPAH:train:234 - [iter:2/50][code_length:16][mAP:0.02342][mAP_all:0.02341][best_mAP:0.02342]
2024-08-24 12:08:47.430 | INFO     | DPAH:train:235 - [iter:2/50][code_length:16][zs_mAP:0.09611][zs_mAP_all:0.00027]
2024-08-24 12:08:55.045 | INFO     | DPAH:train:159 - [epoch:1/3][loss:4.527747]
2024-08-24 12:09:02.679 | INFO     | DPAH:train:159 - [epoch:2/3][loss:4.507440]
2024-08-24 12:09:10.535 | INFO     | DPAH:train:159 - [epoch:3/3][loss:4.483073]
2024-08-24 12:09:10.536 | INFO     | DPAH:train:162 - [iter:3/50][iter_time:23.11]
2024-08-24 12:10:16.633 | INFO     | DPAH:train:234 - [iter:3/50][code_length:16][mAP:0.03586][mAP_all:0.03570][best_mAP:0.03586]
2024-08-24 12:10:16.634 | INFO     | DPAH:train:235 - [iter:3/50][code_length:16][zs_mAP:0.13385][zs_mAP_all:0.00465]
2024-08-24 12:10:24.385 | INFO     | DPAH:train:159 - [epoch:1/3][loss:4.469146]
2024-08-24 12:10:31.947 | INFO     | DPAH:train:159 - [epoch:2/3][loss:4.441432]
2024-08-24 12:10:39.181 | INFO     | DPAH:train:159 - [epoch:3/3][loss:4.409343]
2024-08-24 12:10:39.181 | INFO     | DPAH:train:162 - [iter:4/50][iter_time:22.55]
2024-08-24 12:11:46.235 | INFO     | DPAH:train:234 - [iter:4/50][code_length:16][mAP:0.05839][mAP_all:0.05800][best_mAP:0.05839]
2024-08-24 12:11:46.236 | INFO     | DPAH:train:235 - [iter:4/50][code_length:16][zs_mAP:0.18504][zs_mAP_all:0.01142]
2024-08-24 12:11:53.755 | INFO     | DPAH:train:159 - [epoch:1/3][loss:4.406494]
2024-08-24 12:12:00.910 | INFO     | DPAH:train:159 - [epoch:2/3][loss:4.381297]
2024-08-24 12:12:08.761 | INFO     | DPAH:train:159 - [epoch:3/3][loss:4.336861]
2024-08-24 12:12:08.761 | INFO     | DPAH:train:162 - [iter:5/50][iter_time:22.52]
2024-08-24 12:13:15.328 | INFO     | DPAH:train:234 - [iter:5/50][code_length:16][mAP:0.07697][mAP_all:0.07618][best_mAP:0.07697]
2024-08-24 12:13:15.328 | INFO     | DPAH:train:235 - [iter:5/50][code_length:16][zs_mAP:0.25005][zs_mAP_all:0.02372]
2024-08-24 12:13:24.094 | INFO     | DPAH:train:159 - [epoch:1/3][loss:4.368894]
2024-08-24 12:13:35.141 | INFO     | DPAH:train:159 - [epoch:2/3][loss:4.318199]
2024-08-24 12:13:46.210 | INFO     | DPAH:train:159 - [epoch:3/3][loss:4.277302]
2024-08-24 12:13:46.211 | INFO     | DPAH:train:162 - [iter:6/50][iter_time:30.88]
2024-08-24 12:14:54.231 | INFO     | DPAH:train:234 - [iter:6/50][code_length:16][mAP:0.09457][mAP_all:0.09254][best_mAP:0.09457]
2024-08-24 12:14:54.232 | INFO     | DPAH:train:235 - [iter:6/50][code_length:16][zs_mAP:0.26598][zs_mAP_all:0.03311]
2024-08-24 12:15:04.564 | INFO     | DPAH:train:159 - [epoch:1/3][loss:4.290069]
2024-08-24 12:15:17.104 | INFO     | DPAH:train:159 - [epoch:2/3][loss:4.268025]
2024-08-24 12:15:29.194 | INFO     | DPAH:train:159 - [epoch:3/3][loss:4.213146]
2024-08-24 12:15:29.194 | INFO     | DPAH:train:162 - [iter:7/50][iter_time:34.96]
2024-08-24 12:16:34.725 | INFO     | DPAH:train:234 - [iter:7/50][code_length:16][mAP:0.11361][mAP_all:0.11093][best_mAP:0.11361]
2024-08-24 12:16:34.725 | INFO     | DPAH:train:235 - [iter:7/50][code_length:16][zs_mAP:0.27748][zs_mAP_all:0.03499]
2024-08-24 12:16:44.287 | INFO     | DPAH:train:159 - [epoch:1/3][loss:4.228453]
2024-08-24 12:16:56.170 | INFO     | DPAH:train:159 - [epoch:2/3][loss:4.184945]
2024-08-24 12:17:08.821 | INFO     | DPAH:train:159 - [epoch:3/3][loss:4.159697]
2024-08-24 12:17:08.821 | INFO     | DPAH:train:162 - [iter:8/50][iter_time:34.10]
2024-08-24 12:18:15.511 | INFO     | DPAH:train:234 - [iter:8/50][code_length:16][mAP:0.13445][mAP_all:0.13139][best_mAP:0.13445]
2024-08-24 12:18:15.513 | INFO     | DPAH:train:235 - [iter:8/50][code_length:16][zs_mAP:0.30839][zs_mAP_all:0.04485]
2024-08-24 12:18:25.849 | INFO     | DPAH:train:159 - [epoch:1/3][loss:4.189423]
2024-08-24 12:18:39.080 | INFO     | DPAH:train:159 - [epoch:2/3][loss:4.137740]
2024-08-24 12:18:50.919 | INFO     | DPAH:train:159 - [epoch:3/3][loss:4.087667]
2024-08-24 12:18:50.919 | INFO     | DPAH:train:162 - [iter:9/50][iter_time:35.41]
2024-08-24 12:19:57.000 | INFO     | DPAH:train:234 - [iter:9/50][code_length:16][mAP:0.16040][mAP_all:0.15672][best_mAP:0.16040]
2024-08-24 12:19:57.001 | INFO     | DPAH:train:235 - [iter:9/50][code_length:16][zs_mAP:0.32289][zs_mAP_all:0.04692]
2024-08-24 12:20:09.015 | INFO     | DPAH:train:159 - [epoch:1/3][loss:4.114491]
2024-08-24 12:20:19.486 | INFO     | DPAH:train:159 - [epoch:2/3][loss:4.062478]
2024-08-24 12:20:31.695 | INFO     | DPAH:train:159 - [epoch:3/3][loss:4.031789]
2024-08-24 12:20:31.695 | INFO     | DPAH:train:162 - [iter:10/50][iter_time:34.69]
2024-08-24 12:21:38.638 | INFO     | DPAH:train:234 - [iter:10/50][code_length:16][mAP:0.18730][mAP_all:0.18245][best_mAP:0.18730]
2024-08-24 12:21:38.638 | INFO     | DPAH:train:235 - [iter:10/50][code_length:16][zs_mAP:0.33937][zs_mAP_all:0.05513]
2024-08-24 12:21:49.524 | INFO     | DPAH:train:159 - [epoch:1/3][loss:4.050519]
2024-08-24 12:22:01.146 | INFO     | DPAH:train:159 - [epoch:2/3][loss:3.989933]
2024-08-24 12:22:14.133 | INFO     | DPAH:train:159 - [epoch:3/3][loss:3.946077]
2024-08-24 12:22:14.133 | INFO     | DPAH:train:162 - [iter:11/50][iter_time:35.50]
2024-08-24 12:23:22.633 | INFO     | DPAH:train:234 - [iter:11/50][code_length:16][mAP:0.20052][mAP_all:0.19542][best_mAP:0.20052]
2024-08-24 12:23:22.634 | INFO     | DPAH:train:235 - [iter:11/50][code_length:16][zs_mAP:0.35635][zs_mAP_all:0.05607]
2024-08-24 12:23:33.144 | INFO     | DPAH:train:159 - [epoch:1/3][loss:3.989024]
2024-08-24 12:23:45.646 | INFO     | DPAH:train:159 - [epoch:2/3][loss:3.954024]
2024-08-24 12:23:56.229 | INFO     | DPAH:train:159 - [epoch:3/3][loss:3.910712]
2024-08-24 12:23:56.230 | INFO     | DPAH:train:162 - [iter:12/50][iter_time:33.60]
2024-08-24 12:25:05.415 | INFO     | DPAH:train:234 - [iter:12/50][code_length:16][mAP:0.22154][mAP_all:0.21628][best_mAP:0.22154]
2024-08-24 12:25:05.415 | INFO     | DPAH:train:235 - [iter:12/50][code_length:16][zs_mAP:0.36605][zs_mAP_all:0.06173]
2024-08-24 12:25:17.581 | INFO     | DPAH:train:159 - [epoch:1/3][loss:3.931735]
2024-08-24 12:25:31.576 | INFO     | DPAH:train:159 - [epoch:2/3][loss:3.881378]
2024-08-24 12:25:43.496 | INFO     | DPAH:train:159 - [epoch:3/3][loss:3.836741]
2024-08-24 12:25:43.496 | INFO     | DPAH:train:162 - [iter:13/50][iter_time:38.08]
2024-08-24 12:26:52.847 | INFO     | DPAH:train:234 - [iter:13/50][code_length:16][mAP:0.24203][mAP_all:0.23622][best_mAP:0.24203]
2024-08-24 12:26:52.847 | INFO     | DPAH:train:235 - [iter:13/50][code_length:16][zs_mAP:0.36487][zs_mAP_all:0.06273]
2024-08-24 12:27:05.038 | INFO     | DPAH:train:159 - [epoch:1/3][loss:3.912678]
2024-08-24 12:27:17.847 | INFO     | DPAH:train:159 - [epoch:2/3][loss:3.996622]
2024-08-24 12:27:28.861 | INFO     | DPAH:train:159 - [epoch:3/3][loss:3.959760]
2024-08-24 12:27:28.861 | INFO     | DPAH:train:162 - [iter:14/50][iter_time:36.01]
2024-08-24 12:28:37.191 | INFO     | DPAH:train:234 - [iter:14/50][code_length:16][mAP:0.25878][mAP_all:0.25308][best_mAP:0.25878]
2024-08-24 12:28:37.191 | INFO     | DPAH:train:235 - [iter:14/50][code_length:16][zs_mAP:0.35418][zs_mAP_all:0.06184]
2024-08-24 12:28:50.684 | INFO     | DPAH:train:159 - [epoch:1/3][loss:4.015160]
2024-08-24 12:29:02.661 | INFO     | DPAH:train:159 - [epoch:2/3][loss:3.927397]
2024-08-24 12:29:16.199 | INFO     | DPAH:train:159 - [epoch:3/3][loss:3.893598]
2024-08-24 12:29:16.200 | INFO     | DPAH:train:162 - [iter:15/50][iter_time:39.01]
2024-08-24 12:30:25.163 | INFO     | DPAH:train:234 - [iter:15/50][code_length:16][mAP:0.27643][mAP_all:0.27062][best_mAP:0.27643]
2024-08-24 12:30:25.163 | INFO     | DPAH:train:235 - [iter:15/50][code_length:16][zs_mAP:0.38361][zs_mAP_all:0.06476]
2024-08-24 12:30:36.922 | INFO     | DPAH:train:159 - [epoch:1/3][loss:3.976835]
2024-08-24 12:30:50.312 | INFO     | DPAH:train:159 - [epoch:2/3][loss:3.907767]
2024-08-24 12:31:00.455 | INFO     | DPAH:train:159 - [epoch:3/3][loss:3.854882]
2024-08-24 12:31:00.455 | INFO     | DPAH:train:162 - [iter:16/50][iter_time:35.29]
2024-08-24 12:32:08.140 | INFO     | DPAH:train:234 - [iter:16/50][code_length:16][mAP:0.27901][mAP_all:0.27258][best_mAP:0.27901]
2024-08-24 12:32:08.141 | INFO     | DPAH:train:235 - [iter:16/50][code_length:16][zs_mAP:0.37082][zs_mAP_all:0.06343]
2024-08-24 12:32:19.662 | INFO     | DPAH:train:159 - [epoch:1/3][loss:3.897405]
2024-08-24 12:32:31.599 | INFO     | DPAH:train:159 - [epoch:2/3][loss:3.843680]
2024-08-24 12:32:42.253 | INFO     | DPAH:train:159 - [epoch:3/3][loss:3.783984]
2024-08-24 12:32:42.253 | INFO     | DPAH:train:162 - [iter:17/50][iter_time:34.11]
2024-08-24 12:33:49.341 | INFO     | DPAH:train:234 - [iter:17/50][code_length:16][mAP:0.29823][mAP_all:0.29158][best_mAP:0.29823]
2024-08-24 12:33:49.341 | INFO     | DPAH:train:235 - [iter:17/50][code_length:16][zs_mAP:0.37285][zs_mAP_all:0.06442]
2024-08-24 12:34:00.912 | INFO     | DPAH:train:159 - [epoch:1/3][loss:3.885751]
2024-08-24 12:34:11.881 | INFO     | DPAH:train:159 - [epoch:2/3][loss:3.801267]
2024-08-24 12:34:22.361 | INFO     | DPAH:train:159 - [epoch:3/3][loss:3.762008]
2024-08-24 12:34:22.362 | INFO     | DPAH:train:162 - [iter:18/50][iter_time:33.02]
2024-08-24 12:35:30.860 | INFO     | DPAH:train:234 - [iter:18/50][code_length:16][mAP:0.31711][mAP_all:0.30969][best_mAP:0.31711]
2024-08-24 12:35:30.861 | INFO     | DPAH:train:235 - [iter:18/50][code_length:16][zs_mAP:0.39606][zs_mAP_all:0.07141]
2024-08-24 12:35:44.359 | INFO     | DPAH:train:159 - [epoch:1/3][loss:3.826848]
2024-08-24 12:35:56.583 | INFO     | DPAH:train:159 - [epoch:2/3][loss:3.740032]
2024-08-24 12:36:06.501 | INFO     | DPAH:train:159 - [epoch:3/3][loss:3.685888]
2024-08-24 12:36:06.502 | INFO     | DPAH:train:162 - [iter:19/50][iter_time:35.64]
2024-08-24 12:37:12.219 | INFO     | DPAH:train:234 - [iter:19/50][code_length:16][mAP:0.32847][mAP_all:0.32081][best_mAP:0.32847]
2024-08-24 12:37:12.220 | INFO     | DPAH:train:235 - [iter:19/50][code_length:16][zs_mAP:0.38202][zs_mAP_all:0.06561]
2024-08-24 12:37:23.735 | INFO     | DPAH:train:159 - [epoch:1/3][loss:3.822031]
2024-08-24 12:37:36.224 | INFO     | DPAH:train:159 - [epoch:2/3][loss:3.741369]
2024-08-24 12:37:46.510 | INFO     | DPAH:train:159 - [epoch:3/3][loss:3.679076]
2024-08-24 12:37:46.511 | INFO     | DPAH:train:162 - [iter:20/50][iter_time:34.29]
2024-08-24 12:38:52.716 | INFO     | DPAH:train:234 - [iter:20/50][code_length:16][mAP:0.33542][mAP_all:0.32739][best_mAP:0.33542]
2024-08-24 12:38:52.717 | INFO     | DPAH:train:235 - [iter:20/50][code_length:16][zs_mAP:0.41125][zs_mAP_all:0.07300]
2024-08-24 12:39:04.199 | INFO     | DPAH:train:159 - [epoch:1/3][loss:3.772528]
2024-08-24 12:39:15.942 | INFO     | DPAH:train:159 - [epoch:2/3][loss:3.698637]
2024-08-24 12:39:25.788 | INFO     | DPAH:train:159 - [epoch:3/3][loss:3.648245]
2024-08-24 12:39:25.789 | INFO     | DPAH:train:162 - [iter:21/50][iter_time:33.07]
2024-08-24 12:40:32.002 | INFO     | DPAH:train:234 - [iter:21/50][code_length:16][mAP:0.34983][mAP_all:0.34252][best_mAP:0.34983]
2024-08-24 12:40:32.003 | INFO     | DPAH:train:235 - [iter:21/50][code_length:16][zs_mAP:0.39164][zs_mAP_all:0.06624]
2024-08-24 12:40:44.728 | INFO     | DPAH:train:159 - [epoch:1/3][loss:3.781434]
2024-08-24 12:40:55.608 | INFO     | DPAH:train:159 - [epoch:2/3][loss:3.728985]
2024-08-24 12:41:05.787 | INFO     | DPAH:train:159 - [epoch:3/3][loss:3.664228]
2024-08-24 12:41:05.787 | INFO     | DPAH:train:162 - [iter:22/50][iter_time:33.78]
2024-08-24 12:42:11.053 | INFO     | DPAH:train:234 - [iter:22/50][code_length:16][mAP:0.35998][mAP_all:0.35240][best_mAP:0.35998]
2024-08-24 12:42:11.054 | INFO     | DPAH:train:235 - [iter:22/50][code_length:16][zs_mAP:0.39243][zs_mAP_all:0.06439]
2024-08-24 12:42:24.520 | INFO     | DPAH:train:159 - [epoch:1/3][loss:3.728857]
2024-08-24 12:42:34.473 | INFO     | DPAH:train:159 - [epoch:2/3][loss:3.669620]
2024-08-24 12:42:44.830 | INFO     | DPAH:train:159 - [epoch:3/3][loss:3.603369]
2024-08-24 12:42:44.831 | INFO     | DPAH:train:162 - [iter:23/50][iter_time:33.78]
2024-08-24 12:43:50.498 | INFO     | DPAH:train:234 - [iter:23/50][code_length:16][mAP:0.36914][mAP_all:0.36111][best_mAP:0.36914]
2024-08-24 12:43:50.498 | INFO     | DPAH:train:235 - [iter:23/50][code_length:16][zs_mAP:0.39340][zs_mAP_all:0.07232]
2024-08-24 12:44:02.699 | INFO     | DPAH:train:159 - [epoch:1/3][loss:3.723553]
2024-08-24 12:44:12.458 | INFO     | DPAH:train:159 - [epoch:2/3][loss:3.645807]
2024-08-24 12:44:22.902 | INFO     | DPAH:train:159 - [epoch:3/3][loss:3.542902]
2024-08-24 12:44:22.903 | INFO     | DPAH:train:162 - [iter:24/50][iter_time:32.40]
2024-08-24 12:45:28.690 | INFO     | DPAH:train:234 - [iter:24/50][code_length:16][mAP:0.37650][mAP_all:0.36827][best_mAP:0.37650]
2024-08-24 12:45:28.690 | INFO     | DPAH:train:235 - [iter:24/50][code_length:16][zs_mAP:0.41424][zs_mAP_all:0.07027]
2024-08-24 12:45:39.587 | INFO     | DPAH:train:159 - [epoch:1/3][loss:3.664131]
2024-08-24 12:45:49.041 | INFO     | DPAH:train:159 - [epoch:2/3][loss:3.562390]
2024-08-24 12:45:59.202 | INFO     | DPAH:train:159 - [epoch:3/3][loss:3.541610]
2024-08-24 12:45:59.202 | INFO     | DPAH:train:162 - [iter:25/50][iter_time:30.51]
2024-08-24 12:47:05.905 | INFO     | DPAH:train:234 - [iter:25/50][code_length:16][mAP:0.38008][mAP_all:0.37141][best_mAP:0.38008]
2024-08-24 12:47:05.906 | INFO     | DPAH:train:235 - [iter:25/50][code_length:16][zs_mAP:0.41738][zs_mAP_all:0.07546]
2024-08-24 12:47:17.142 | INFO     | DPAH:train:159 - [epoch:1/3][loss:3.657777]
2024-08-24 12:47:27.507 | INFO     | DPAH:train:159 - [epoch:2/3][loss:3.581535]
2024-08-24 12:47:37.921 | INFO     | DPAH:train:159 - [epoch:3/3][loss:3.503899]
2024-08-24 12:47:37.922 | INFO     | DPAH:train:162 - [iter:26/50][iter_time:32.02]
2024-08-24 12:48:43.664 | INFO     | DPAH:train:234 - [iter:26/50][code_length:16][mAP:0.39545][mAP_all:0.38689][best_mAP:0.39545]
2024-08-24 12:48:43.664 | INFO     | DPAH:train:235 - [iter:26/50][code_length:16][zs_mAP:0.42486][zs_mAP_all:0.07757]
2024-08-24 12:48:53.673 | INFO     | DPAH:train:159 - [epoch:1/3][loss:3.629269]
2024-08-24 12:49:03.091 | INFO     | DPAH:train:159 - [epoch:2/3][loss:3.593064]
2024-08-24 12:49:14.062 | INFO     | DPAH:train:159 - [epoch:3/3][loss:3.505813]
2024-08-24 12:49:14.062 | INFO     | DPAH:train:162 - [iter:27/50][iter_time:30.40]
2024-08-24 12:50:19.348 | INFO     | DPAH:train:234 - [iter:27/50][code_length:16][mAP:0.39749][mAP_all:0.38912][best_mAP:0.39749]
2024-08-24 12:50:19.349 | INFO     | DPAH:train:235 - [iter:27/50][code_length:16][zs_mAP:0.42137][zs_mAP_all:0.07540]
2024-08-24 12:50:28.875 | INFO     | DPAH:train:159 - [epoch:1/3][loss:3.575602]
2024-08-24 12:50:38.742 | INFO     | DPAH:train:159 - [epoch:2/3][loss:3.521793]
2024-08-24 12:50:49.736 | INFO     | DPAH:train:159 - [epoch:3/3][loss:3.457248]
2024-08-24 12:50:49.736 | INFO     | DPAH:train:162 - [iter:28/50][iter_time:30.39]
2024-08-24 12:51:55.248 | INFO     | DPAH:train:234 - [iter:28/50][code_length:16][mAP:0.41086][mAP_all:0.40194][best_mAP:0.41086]
2024-08-24 12:51:55.250 | INFO     | DPAH:train:235 - [iter:28/50][code_length:16][zs_mAP:0.40822][zs_mAP_all:0.07478]
2024-08-24 12:52:05.581 | INFO     | DPAH:train:159 - [epoch:1/3][loss:3.531534]
2024-08-24 12:52:16.418 | INFO     | DPAH:train:159 - [epoch:2/3][loss:3.445327]
2024-08-24 12:52:27.220 | INFO     | DPAH:train:159 - [epoch:3/3][loss:3.398121]
2024-08-24 12:52:27.220 | INFO     | DPAH:train:162 - [iter:29/50][iter_time:31.97]
2024-08-24 12:53:33.337 | INFO     | DPAH:train:234 - [iter:29/50][code_length:16][mAP:0.40889][mAP_all:0.40038][best_mAP:0.41086]
2024-08-24 12:53:33.338 | INFO     | DPAH:train:235 - [iter:29/50][code_length:16][zs_mAP:0.40098][zs_mAP_all:0.07519]
2024-08-24 12:53:43.972 | INFO     | DPAH:train:159 - [epoch:1/3][loss:3.543500]
2024-08-24 12:53:54.998 | INFO     | DPAH:train:159 - [epoch:2/3][loss:3.458273]
2024-08-24 12:54:05.596 | INFO     | DPAH:train:159 - [epoch:3/3][loss:3.388801]
2024-08-24 12:54:05.597 | INFO     | DPAH:train:162 - [iter:30/50][iter_time:32.26]
2024-08-24 12:55:11.685 | INFO     | DPAH:train:234 - [iter:30/50][code_length:16][mAP:0.41103][mAP_all:0.40274][best_mAP:0.41103]
2024-08-24 12:55:11.685 | INFO     | DPAH:train:235 - [iter:30/50][code_length:16][zs_mAP:0.42098][zs_mAP_all:0.07719]
2024-08-24 12:55:22.965 | INFO     | DPAH:train:159 - [epoch:1/3][loss:3.504256]
2024-08-24 12:55:33.688 | INFO     | DPAH:train:159 - [epoch:2/3][loss:3.458702]
2024-08-24 12:55:44.969 | INFO     | DPAH:train:159 - [epoch:3/3][loss:3.371371]
2024-08-24 12:55:44.970 | INFO     | DPAH:train:162 - [iter:31/50][iter_time:33.28]
2024-08-24 12:56:51.121 | INFO     | DPAH:train:234 - [iter:31/50][code_length:16][mAP:0.42396][mAP_all:0.41501][best_mAP:0.42396]
2024-08-24 12:56:51.122 | INFO     | DPAH:train:235 - [iter:31/50][code_length:16][zs_mAP:0.41884][zs_mAP_all:0.07330]
2024-08-24 12:57:03.285 | INFO     | DPAH:train:159 - [epoch:1/3][loss:3.503679]
2024-08-24 12:57:13.955 | INFO     | DPAH:train:159 - [epoch:2/3][loss:3.420157]
2024-08-24 12:57:24.233 | INFO     | DPAH:train:159 - [epoch:3/3][loss:3.341299]
2024-08-24 12:57:24.233 | INFO     | DPAH:train:162 - [iter:32/50][iter_time:33.11]
2024-08-24 12:58:31.380 | INFO     | DPAH:train:234 - [iter:32/50][code_length:16][mAP:0.43196][mAP_all:0.42356][best_mAP:0.43196]
2024-08-24 12:58:31.380 | INFO     | DPAH:train:235 - [iter:32/50][code_length:16][zs_mAP:0.41697][zs_mAP_all:0.07344]
2024-08-24 12:58:42.269 | INFO     | DPAH:train:159 - [epoch:1/3][loss:3.445214]
2024-08-24 12:58:53.007 | INFO     | DPAH:train:159 - [epoch:2/3][loss:3.347440]
2024-08-24 12:59:02.663 | INFO     | DPAH:train:159 - [epoch:3/3][loss:3.333971]
2024-08-24 12:59:02.664 | INFO     | DPAH:train:162 - [iter:33/50][iter_time:31.28]
2024-08-24 13:00:08.953 | INFO     | DPAH:train:234 - [iter:33/50][code_length:16][mAP:0.43590][mAP_all:0.42683][best_mAP:0.43590]
2024-08-24 13:00:08.954 | INFO     | DPAH:train:235 - [iter:33/50][code_length:16][zs_mAP:0.42390][zs_mAP_all:0.07363]
2024-08-24 13:00:21.294 | INFO     | DPAH:train:159 - [epoch:1/3][loss:3.467781]
2024-08-24 13:00:31.937 | INFO     | DPAH:train:159 - [epoch:2/3][loss:3.365157]
2024-08-24 13:00:42.506 | INFO     | DPAH:train:159 - [epoch:3/3][loss:3.294117]
2024-08-24 13:00:42.506 | INFO     | DPAH:train:162 - [iter:34/50][iter_time:33.55]
2024-08-24 13:01:47.354 | INFO     | DPAH:train:234 - [iter:34/50][code_length:16][mAP:0.43803][mAP_all:0.42956][best_mAP:0.43803]
2024-08-24 13:01:47.355 | INFO     | DPAH:train:235 - [iter:34/50][code_length:16][zs_mAP:0.40675][zs_mAP_all:0.07659]
2024-08-24 13:01:58.420 | INFO     | DPAH:train:159 - [epoch:1/3][loss:3.440468]
2024-08-24 13:02:08.543 | INFO     | DPAH:train:159 - [epoch:2/3][loss:3.352235]
2024-08-24 13:02:17.983 | INFO     | DPAH:train:159 - [epoch:3/3][loss:3.290269]
2024-08-24 13:02:17.984 | INFO     | DPAH:train:162 - [iter:35/50][iter_time:30.63]
2024-08-24 13:03:23.309 | INFO     | DPAH:train:234 - [iter:35/50][code_length:16][mAP:0.44668][mAP_all:0.43783][best_mAP:0.44668]
2024-08-24 13:03:23.310 | INFO     | DPAH:train:235 - [iter:35/50][code_length:16][zs_mAP:0.42524][zs_mAP_all:0.07341]
2024-08-24 13:03:34.879 | INFO     | DPAH:train:159 - [epoch:1/3][loss:3.404914]
2024-08-24 13:03:45.511 | INFO     | DPAH:train:159 - [epoch:2/3][loss:3.326967]
2024-08-24 13:03:55.167 | INFO     | DPAH:train:159 - [epoch:3/3][loss:3.252692]
2024-08-24 13:03:55.167 | INFO     | DPAH:train:162 - [iter:36/50][iter_time:31.86]
2024-08-24 13:04:59.419 | INFO     | DPAH:train:234 - [iter:36/50][code_length:16][mAP:0.44353][mAP_all:0.43506][best_mAP:0.44668]
2024-08-24 13:04:59.420 | INFO     | DPAH:train:235 - [iter:36/50][code_length:16][zs_mAP:0.40831][zs_mAP_all:0.07205]
2024-08-24 13:05:11.139 | INFO     | DPAH:train:159 - [epoch:1/3][loss:3.345380]
2024-08-24 13:05:21.830 | INFO     | DPAH:train:159 - [epoch:2/3][loss:3.299989]
2024-08-24 13:05:31.612 | INFO     | DPAH:train:159 - [epoch:3/3][loss:3.201938]
2024-08-24 13:05:31.612 | INFO     | DPAH:train:162 - [iter:37/50][iter_time:32.19]
2024-08-24 13:06:36.186 | INFO     | DPAH:train:234 - [iter:37/50][code_length:16][mAP:0.45905][mAP_all:0.44992][best_mAP:0.45905]
2024-08-24 13:06:36.186 | INFO     | DPAH:train:235 - [iter:37/50][code_length:16][zs_mAP:0.43685][zs_mAP_all:0.07703]
2024-08-24 13:06:47.776 | INFO     | DPAH:train:159 - [epoch:1/3][loss:3.316466]
2024-08-24 13:06:58.622 | INFO     | DPAH:train:159 - [epoch:2/3][loss:3.329552]
2024-08-24 13:07:08.370 | INFO     | DPAH:train:159 - [epoch:3/3][loss:3.223066]
2024-08-24 13:07:08.370 | INFO     | DPAH:train:162 - [iter:38/50][iter_time:32.18]
2024-08-24 13:08:12.513 | INFO     | DPAH:train:234 - [iter:38/50][code_length:16][mAP:0.45324][mAP_all:0.44465][best_mAP:0.45905]
2024-08-24 13:08:12.514 | INFO     | DPAH:train:235 - [iter:38/50][code_length:16][zs_mAP:0.41649][zs_mAP_all:0.07309]
2024-08-24 13:08:23.303 | INFO     | DPAH:train:159 - [epoch:1/3][loss:3.288114]
2024-08-24 13:08:34.352 | INFO     | DPAH:train:159 - [epoch:2/3][loss:3.204123]
2024-08-24 13:08:43.447 | INFO     | DPAH:train:159 - [epoch:3/3][loss:3.157737]
2024-08-24 13:08:43.447 | INFO     | DPAH:train:162 - [iter:39/50][iter_time:30.93]
2024-08-24 13:09:48.804 | INFO     | DPAH:train:234 - [iter:39/50][code_length:16][mAP:0.46711][mAP_all:0.45799][best_mAP:0.46711]
2024-08-24 13:09:48.804 | INFO     | DPAH:train:235 - [iter:39/50][code_length:16][zs_mAP:0.42290][zs_mAP_all:0.07445]
2024-08-24 13:10:00.661 | INFO     | DPAH:train:159 - [epoch:1/3][loss:3.280278]
2024-08-24 13:10:11.866 | INFO     | DPAH:train:159 - [epoch:2/3][loss:3.238856]
2024-08-24 13:10:21.259 | INFO     | DPAH:train:159 - [epoch:3/3][loss:3.167994]
2024-08-24 13:10:21.260 | INFO     | DPAH:train:162 - [iter:40/50][iter_time:32.46]
2024-08-24 13:11:26.255 | INFO     | DPAH:train:234 - [iter:40/50][code_length:16][mAP:0.47844][mAP_all:0.46928][best_mAP:0.47844]
2024-08-24 13:11:26.256 | INFO     | DPAH:train:235 - [iter:40/50][code_length:16][zs_mAP:0.42502][zs_mAP_all:0.07422]
2024-08-24 13:11:37.884 | INFO     | DPAH:train:159 - [epoch:1/3][loss:3.275267]
2024-08-24 13:11:48.533 | INFO     | DPAH:train:159 - [epoch:2/3][loss:3.180790]
2024-08-24 13:11:58.072 | INFO     | DPAH:train:159 - [epoch:3/3][loss:3.098170]
2024-08-24 13:11:58.073 | INFO     | DPAH:train:162 - [iter:41/50][iter_time:31.82]
2024-08-24 13:13:04.176 | INFO     | DPAH:train:234 - [iter:41/50][code_length:16][mAP:0.48421][mAP_all:0.47586][best_mAP:0.48421]
2024-08-24 13:13:04.177 | INFO     | DPAH:train:235 - [iter:41/50][code_length:16][zs_mAP:0.41509][zs_mAP_all:0.07455]
2024-08-24 13:13:15.054 | INFO     | DPAH:train:159 - [epoch:1/3][loss:3.236071]
2024-08-24 13:13:25.053 | INFO     | DPAH:train:159 - [epoch:2/3][loss:3.168138]
2024-08-24 13:13:34.572 | INFO     | DPAH:train:159 - [epoch:3/3][loss:3.106877]
2024-08-24 13:13:34.573 | INFO     | DPAH:train:162 - [iter:42/50][iter_time:30.40]
2024-08-24 13:14:41.198 | INFO     | DPAH:train:234 - [iter:42/50][code_length:16][mAP:0.47736][mAP_all:0.46824][best_mAP:0.48421]
2024-08-24 13:14:41.198 | INFO     | DPAH:train:235 - [iter:42/50][code_length:16][zs_mAP:0.42653][zs_mAP_all:0.07375]
2024-08-24 13:14:51.887 | INFO     | DPAH:train:159 - [epoch:1/3][loss:3.244972]
2024-08-24 13:15:01.377 | INFO     | DPAH:train:159 - [epoch:2/3][loss:3.162101]
2024-08-24 13:15:11.447 | INFO     | DPAH:train:159 - [epoch:3/3][loss:3.080314]
2024-08-24 13:15:11.447 | INFO     | DPAH:train:162 - [iter:43/50][iter_time:30.25]
2024-08-24 13:16:16.763 | INFO     | DPAH:train:234 - [iter:43/50][code_length:16][mAP:0.47707][mAP_all:0.46821][best_mAP:0.48421]
2024-08-24 13:16:16.764 | INFO     | DPAH:train:235 - [iter:43/50][code_length:16][zs_mAP:0.43701][zs_mAP_all:0.07538]
2024-08-24 13:16:27.672 | INFO     | DPAH:train:159 - [epoch:1/3][loss:3.270982]
2024-08-24 13:16:37.329 | INFO     | DPAH:train:159 - [epoch:2/3][loss:3.152083]
2024-08-24 13:16:48.451 | INFO     | DPAH:train:159 - [epoch:3/3][loss:3.083132]
2024-08-24 13:16:48.452 | INFO     | DPAH:train:162 - [iter:44/50][iter_time:31.69]
2024-08-24 13:17:53.577 | INFO     | DPAH:train:234 - [iter:44/50][code_length:16][mAP:0.48975][mAP_all:0.47985][best_mAP:0.48975]
2024-08-24 13:17:53.577 | INFO     | DPAH:train:235 - [iter:44/50][code_length:16][zs_mAP:0.44550][zs_mAP_all:0.08130]
2024-08-24 13:18:04.129 | INFO     | DPAH:train:159 - [epoch:1/3][loss:3.252917]
2024-08-24 13:18:13.507 | INFO     | DPAH:train:159 - [epoch:2/3][loss:3.145966]
2024-08-24 13:18:23.625 | INFO     | DPAH:train:159 - [epoch:3/3][loss:3.116168]
2024-08-24 13:18:23.626 | INFO     | DPAH:train:162 - [iter:45/50][iter_time:30.05]
2024-08-24 13:19:28.364 | INFO     | DPAH:train:234 - [iter:45/50][code_length:16][mAP:0.48321][mAP_all:0.47379][best_mAP:0.48975]
2024-08-24 13:19:28.364 | INFO     | DPAH:train:235 - [iter:45/50][code_length:16][zs_mAP:0.43542][zs_mAP_all:0.08088]
2024-08-24 13:19:39.530 | INFO     | DPAH:train:159 - [epoch:1/3][loss:3.141343]
2024-08-24 13:19:48.678 | INFO     | DPAH:train:159 - [epoch:2/3][loss:3.111561]
2024-08-24 13:19:59.290 | INFO     | DPAH:train:159 - [epoch:3/3][loss:3.050805]
2024-08-24 13:19:59.290 | INFO     | DPAH:train:162 - [iter:46/50][iter_time:30.93]
2024-08-24 13:21:05.099 | INFO     | DPAH:train:234 - [iter:46/50][code_length:16][mAP:0.51352][mAP_all:0.50410][best_mAP:0.51352]
2024-08-24 13:21:05.099 | INFO     | DPAH:train:235 - [iter:46/50][code_length:16][zs_mAP:0.45488][zs_mAP_all:0.08279]
2024-08-24 13:21:15.023 | INFO     | DPAH:train:159 - [epoch:1/3][loss:3.102323]
2024-08-24 13:21:24.092 | INFO     | DPAH:train:159 - [epoch:2/3][loss:3.062047]
2024-08-24 13:21:35.875 | INFO     | DPAH:train:159 - [epoch:3/3][loss:3.073618]
2024-08-24 13:21:35.876 | INFO     | DPAH:train:162 - [iter:47/50][iter_time:30.78]
2024-08-24 13:22:42.866 | INFO     | DPAH:train:234 - [iter:47/50][code_length:16][mAP:0.52056][mAP_all:0.51094][best_mAP:0.52056]
2024-08-24 13:22:42.867 | INFO     | DPAH:train:235 - [iter:47/50][code_length:16][zs_mAP:0.46272][zs_mAP_all:0.08426]
2024-08-24 13:22:52.866 | INFO     | DPAH:train:159 - [epoch:1/3][loss:3.072901]
2024-08-24 13:23:01.773 | INFO     | DPAH:train:159 - [epoch:2/3][loss:3.054317]
2024-08-24 13:23:13.042 | INFO     | DPAH:train:159 - [epoch:3/3][loss:3.010473]
2024-08-24 13:23:13.043 | INFO     | DPAH:train:162 - [iter:48/50][iter_time:30.17]
2024-08-24 13:24:19.269 | INFO     | DPAH:train:234 - [iter:48/50][code_length:16][mAP:0.52750][mAP_all:0.51775][best_mAP:0.52750]
2024-08-24 13:24:19.270 | INFO     | DPAH:train:235 - [iter:48/50][code_length:16][zs_mAP:0.47099][zs_mAP_all:0.08436]
2024-08-24 13:24:30.033 | INFO     | DPAH:train:159 - [epoch:1/3][loss:3.041010]
2024-08-24 13:24:38.812 | INFO     | DPAH:train:159 - [epoch:2/3][loss:3.013782]
2024-08-24 13:24:49.745 | INFO     | DPAH:train:159 - [epoch:3/3][loss:3.023889]
2024-08-24 13:24:49.747 | INFO     | DPAH:train:162 - [iter:49/50][iter_time:30.48]
2024-08-24 13:25:57.263 | INFO     | DPAH:train:234 - [iter:49/50][code_length:16][mAP:0.53201][mAP_all:0.52231][best_mAP:0.53201]
2024-08-24 13:25:57.264 | INFO     | DPAH:train:235 - [iter:49/50][code_length:16][zs_mAP:0.47087][zs_mAP_all:0.08693]
2024-08-24 13:26:07.549 | INFO     | DPAH:train:159 - [epoch:1/3][loss:3.070271]
2024-08-24 13:26:16.430 | INFO     | DPAH:train:159 - [epoch:2/3][loss:3.060236]
2024-08-24 13:26:27.240 | INFO     | DPAH:train:159 - [epoch:3/3][loss:2.988762]
2024-08-24 13:26:27.241 | INFO     | DPAH:train:162 - [iter:50/50][iter_time:29.98]
2024-08-24 13:27:32.615 | INFO     | DPAH:train:234 - [iter:50/50][code_length:16][mAP:0.53560][mAP_all:0.52555][best_mAP:0.53560]
2024-08-24 13:27:32.616 | INFO     | DPAH:train:235 - [iter:50/50][code_length:16][zs_mAP:0.47416][zs_mAP_all:0.08958]
2024-08-24 13:27:32.616 | INFO     | DPAH:train:238 - [Training time:4908.88]
2024-08-24 13:27:32.618 | INFO     | __main__:run:135 - [code_length:16][map:0.5356][map_all:0.5255][zs_map:0.4742][zs_map_all:0.0896]
2024-08-24 13:27:43.483 | INFO     | DPAH:train:159 - [epoch:1/3][loss:4.703692]
2024-08-24 13:27:53.017 | INFO     | DPAH:train:159 - [epoch:2/3][loss:4.578052]
2024-08-24 13:28:05.118 | INFO     | DPAH:train:159 - [epoch:3/3][loss:4.563791]
2024-08-24 13:28:05.119 | INFO     | DPAH:train:162 - [iter:1/50][iter_time:32.05]
2024-08-24 13:29:12.285 | INFO     | DPAH:train:234 - [iter:1/50][code_length:32][mAP:0.01779][mAP_all:0.01779][best_mAP:0.01779]
2024-08-24 13:29:12.286 | INFO     | DPAH:train:235 - [iter:1/50][code_length:32][zs_mAP:0.07254][zs_mAP_all:0.00000]
2024-08-24 13:29:22.376 | INFO     | DPAH:train:159 - [epoch:1/3][loss:4.551512]
2024-08-24 13:29:31.178 | INFO     | DPAH:train:159 - [epoch:2/3][loss:4.534298]
2024-08-24 13:29:43.566 | INFO     | DPAH:train:159 - [epoch:3/3][loss:4.517618]
2024-08-24 13:29:43.567 | INFO     | DPAH:train:162 - [iter:2/50][iter_time:31.28]
2024-08-24 13:30:49.758 | INFO     | DPAH:train:234 - [iter:2/50][code_length:32][mAP:0.02609][mAP_all:0.02608][best_mAP:0.02609]
2024-08-24 13:30:49.759 | INFO     | DPAH:train:235 - [iter:2/50][code_length:32][zs_mAP:0.10322][zs_mAP_all:0.00002]
2024-08-24 13:30:59.498 | INFO     | DPAH:train:159 - [epoch:1/3][loss:4.512947]
2024-08-24 13:31:08.545 | INFO     | DPAH:train:159 - [epoch:2/3][loss:4.496267]
2024-08-24 13:31:19.928 | INFO     | DPAH:train:159 - [epoch:3/3][loss:4.475466]
2024-08-24 13:31:19.928 | INFO     | DPAH:train:162 - [iter:3/50][iter_time:30.17]
2024-08-24 13:32:25.723 | INFO     | DPAH:train:234 - [iter:3/50][code_length:32][mAP:0.03697][mAP_all:0.03690][best_mAP:0.03697]
2024-08-24 13:32:25.724 | INFO     | DPAH:train:235 - [iter:3/50][code_length:32][zs_mAP:0.13911][zs_mAP_all:0.00280]
2024-08-24 13:32:36.582 | INFO     | DPAH:train:159 - [epoch:1/3][loss:4.474229]
2024-08-24 13:32:45.452 | INFO     | DPAH:train:159 - [epoch:2/3][loss:4.451222]
2024-08-24 13:32:57.344 | INFO     | DPAH:train:159 - [epoch:3/3][loss:4.426053]
2024-08-24 13:32:57.344 | INFO     | DPAH:train:162 - [iter:4/50][iter_time:31.62]
2024-08-24 13:34:03.320 | INFO     | DPAH:train:234 - [iter:4/50][code_length:32][mAP:0.06564][mAP_all:0.06477][best_mAP:0.06564]
2024-08-24 13:34:03.320 | INFO     | DPAH:train:235 - [iter:4/50][code_length:32][zs_mAP:0.20398][zs_mAP_all:0.01794]
2024-08-24 13:34:13.322 | INFO     | DPAH:train:159 - [epoch:1/3][loss:4.407607]
2024-08-24 13:34:22.042 | INFO     | DPAH:train:159 - [epoch:2/3][loss:4.377142]
2024-08-24 13:34:32.668 | INFO     | DPAH:train:159 - [epoch:3/3][loss:4.332159]
2024-08-24 13:34:32.668 | INFO     | DPAH:train:162 - [iter:5/50][iter_time:29.35]
2024-08-24 13:35:39.515 | INFO     | DPAH:train:234 - [iter:5/50][code_length:32][mAP:0.10833][mAP_all:0.10552][best_mAP:0.10833]
2024-08-24 13:35:39.517 | INFO     | DPAH:train:235 - [iter:5/50][code_length:32][zs_mAP:0.28307][zs_mAP_all:0.03655]
2024-08-24 13:35:49.747 | INFO     | DPAH:train:159 - [epoch:1/3][loss:4.343150]
2024-08-24 13:35:58.645 | INFO     | DPAH:train:159 - [epoch:2/3][loss:4.293126]
2024-08-24 13:36:09.624 | INFO     | DPAH:train:159 - [epoch:3/3][loss:4.255852]
2024-08-24 13:36:09.624 | INFO     | DPAH:train:162 - [iter:6/50][iter_time:30.11]
2024-08-24 13:37:15.580 | INFO     | DPAH:train:234 - [iter:6/50][code_length:32][mAP:0.13788][mAP_all:0.13382][best_mAP:0.13788]
2024-08-24 13:37:15.581 | INFO     | DPAH:train:235 - [iter:6/50][code_length:32][zs_mAP:0.33682][zs_mAP_all:0.05523]
2024-08-24 13:37:25.848 | INFO     | DPAH:train:159 - [epoch:1/3][loss:4.258615]
2024-08-24 13:37:34.897 | INFO     | DPAH:train:159 - [epoch:2/3][loss:4.207472]
2024-08-24 13:37:45.035 | INFO     | DPAH:train:159 - [epoch:3/3][loss:4.165961]
2024-08-24 13:37:45.036 | INFO     | DPAH:train:162 - [iter:7/50][iter_time:29.45]
2024-08-24 13:38:52.301 | INFO     | DPAH:train:234 - [iter:7/50][code_length:32][mAP:0.16762][mAP_all:0.16127][best_mAP:0.16762]
2024-08-24 13:38:52.303 | INFO     | DPAH:train:235 - [iter:7/50][code_length:32][zs_mAP:0.36736][zs_mAP_all:0.07097]
2024-08-24 13:39:02.953 | INFO     | DPAH:train:159 - [epoch:1/3][loss:4.164734]
2024-08-24 13:39:12.327 | INFO     | DPAH:train:159 - [epoch:2/3][loss:4.115198]
2024-08-24 13:39:23.875 | INFO     | DPAH:train:159 - [epoch:3/3][loss:4.059002]
2024-08-24 13:39:23.876 | INFO     | DPAH:train:162 - [iter:8/50][iter_time:31.57]
2024-08-24 13:40:30.854 | INFO     | DPAH:train:234 - [iter:8/50][code_length:32][mAP:0.19544][mAP_all:0.18767][best_mAP:0.19544]
2024-08-24 13:40:30.854 | INFO     | DPAH:train:235 - [iter:8/50][code_length:32][zs_mAP:0.40143][zs_mAP_all:0.07726]
2024-08-24 13:40:41.349 | INFO     | DPAH:train:159 - [epoch:1/3][loss:4.105537]
2024-08-24 13:40:50.367 | INFO     | DPAH:train:159 - [epoch:2/3][loss:4.046358]
2024-08-24 13:41:02.735 | INFO     | DPAH:train:159 - [epoch:3/3][loss:4.000338]
2024-08-24 13:41:02.736 | INFO     | DPAH:train:162 - [iter:9/50][iter_time:31.88]
2024-08-24 13:42:08.274 | INFO     | DPAH:train:234 - [iter:9/50][code_length:32][mAP:0.22572][mAP_all:0.21668][best_mAP:0.22572]
2024-08-24 13:42:08.274 | INFO     | DPAH:train:235 - [iter:9/50][code_length:32][zs_mAP:0.41231][zs_mAP_all:0.07935]
2024-08-24 13:42:19.114 | INFO     | DPAH:train:159 - [epoch:1/3][loss:3.997705]
2024-08-24 13:42:27.946 | INFO     | DPAH:train:159 - [epoch:2/3][loss:3.933428]
2024-08-24 13:42:40.949 | INFO     | DPAH:train:159 - [epoch:3/3][loss:3.896189]
2024-08-24 13:42:40.949 | INFO     | DPAH:train:162 - [iter:10/50][iter_time:32.67]
2024-08-24 13:43:45.903 | INFO     | DPAH:train:234 - [iter:10/50][code_length:32][mAP:0.25168][mAP_all:0.24160][best_mAP:0.25168]
2024-08-24 13:43:45.903 | INFO     | DPAH:train:235 - [iter:10/50][code_length:32][zs_mAP:0.44536][zs_mAP_all:0.09147]
2024-08-24 13:43:55.771 | INFO     | DPAH:train:159 - [epoch:1/3][loss:3.941516]
2024-08-24 13:44:04.229 | INFO     | DPAH:train:159 - [epoch:2/3][loss:3.862248]
2024-08-24 13:44:15.441 | INFO     | DPAH:train:159 - [epoch:3/3][loss:3.819832]
2024-08-24 13:44:15.441 | INFO     | DPAH:train:162 - [iter:11/50][iter_time:29.54]
2024-08-24 13:45:23.517 | INFO     | DPAH:train:234 - [iter:11/50][code_length:32][mAP:0.27112][mAP_all:0.26064][best_mAP:0.27112]
2024-08-24 13:45:23.518 | INFO     | DPAH:train:235 - [iter:11/50][code_length:32][zs_mAP:0.46830][zs_mAP_all:0.09826]
2024-08-24 13:45:33.915 | INFO     | DPAH:train:159 - [epoch:1/3][loss:3.823131]
2024-08-24 13:45:42.624 | INFO     | DPAH:train:159 - [epoch:2/3][loss:3.738698]
2024-08-24 13:45:55.731 | INFO     | DPAH:train:159 - [epoch:3/3][loss:3.707708]
2024-08-24 13:45:55.731 | INFO     | DPAH:train:162 - [iter:12/50][iter_time:32.21]
2024-08-24 13:47:04.688 | INFO     | DPAH:train:234 - [iter:12/50][code_length:32][mAP:0.29736][mAP_all:0.28563][best_mAP:0.29736]
2024-08-24 13:47:04.688 | INFO     | DPAH:train:235 - [iter:12/50][code_length:32][zs_mAP:0.48179][zs_mAP_all:0.09840]
2024-08-24 13:47:14.674 | INFO     | DPAH:train:159 - [epoch:1/3][loss:3.740427]
2024-08-24 13:47:23.180 | INFO     | DPAH:train:159 - [epoch:2/3][loss:3.673134]
2024-08-24 13:47:34.647 | INFO     | DPAH:train:159 - [epoch:3/3][loss:3.628655]
2024-08-24 13:47:34.648 | INFO     | DPAH:train:162 - [iter:13/50][iter_time:29.96]
2024-08-24 13:48:41.410 | INFO     | DPAH:train:234 - [iter:13/50][code_length:32][mAP:0.31431][mAP_all:0.30123][best_mAP:0.31431]
2024-08-24 13:48:41.411 | INFO     | DPAH:train:235 - [iter:13/50][code_length:32][zs_mAP:0.47877][zs_mAP_all:0.10230]
2024-08-24 13:48:51.993 | INFO     | DPAH:train:159 - [epoch:1/3][loss:3.666693]
2024-08-24 13:49:01.335 | INFO     | DPAH:train:159 - [epoch:2/3][loss:3.813477]
2024-08-24 13:49:13.169 | INFO     | DPAH:train:159 - [epoch:3/3][loss:3.746675]
2024-08-24 13:49:13.170 | INFO     | DPAH:train:162 - [iter:14/50][iter_time:31.76]
2024-08-24 13:50:20.364 | INFO     | DPAH:train:234 - [iter:14/50][code_length:32][mAP:0.32601][mAP_all:0.31286][best_mAP:0.32601]
2024-08-24 13:50:20.365 | INFO     | DPAH:train:235 - [iter:14/50][code_length:32][zs_mAP:0.47924][zs_mAP_all:0.10295]
2024-08-24 13:50:30.993 | INFO     | DPAH:train:159 - [epoch:1/3][loss:3.777600]
2024-08-24 13:50:41.276 | INFO     | DPAH:train:159 - [epoch:2/3][loss:3.690149]
2024-08-24 13:50:53.327 | INFO     | DPAH:train:159 - [epoch:3/3][loss:3.644346]
2024-08-24 13:50:53.327 | INFO     | DPAH:train:162 - [iter:15/50][iter_time:32.96]
2024-08-24 13:51:58.521 | INFO     | DPAH:train:234 - [iter:15/50][code_length:32][mAP:0.34028][mAP_all:0.32762][best_mAP:0.34028]
2024-08-24 13:51:58.522 | INFO     | DPAH:train:235 - [iter:15/50][code_length:32][zs_mAP:0.47586][zs_mAP_all:0.10666]
2024-08-24 13:52:08.577 | INFO     | DPAH:train:159 - [epoch:1/3][loss:3.756050]
2024-08-24 13:52:17.900 | INFO     | DPAH:train:159 - [epoch:2/3][loss:3.668116]
2024-08-24 13:52:30.170 | INFO     | DPAH:train:159 - [epoch:3/3][loss:3.618432]
2024-08-24 13:52:30.171 | INFO     | DPAH:train:162 - [iter:16/50][iter_time:31.65]
2024-08-24 13:53:35.970 | INFO     | DPAH:train:234 - [iter:16/50][code_length:32][mAP:0.36142][mAP_all:0.34782][best_mAP:0.36142]
2024-08-24 13:53:35.970 | INFO     | DPAH:train:235 - [iter:16/50][code_length:32][zs_mAP:0.46344][zs_mAP_all:0.10451]
2024-08-24 13:53:45.776 | INFO     | DPAH:train:159 - [epoch:1/3][loss:3.656571]
2024-08-24 13:53:54.423 | INFO     | DPAH:train:159 - [epoch:2/3][loss:3.581627]
2024-08-24 13:54:06.203 | INFO     | DPAH:train:159 - [epoch:3/3][loss:3.531121]
2024-08-24 13:54:06.204 | INFO     | DPAH:train:162 - [iter:17/50][iter_time:30.23]
2024-08-24 13:55:11.838 | INFO     | DPAH:train:234 - [iter:17/50][code_length:32][mAP:0.37369][mAP_all:0.35852][best_mAP:0.37369]
2024-08-24 13:55:11.839 | INFO     | DPAH:train:235 - [iter:17/50][code_length:32][zs_mAP:0.48197][zs_mAP_all:0.10991]
2024-08-24 13:55:22.211 | INFO     | DPAH:train:159 - [epoch:1/3][loss:3.616206]
2024-08-24 13:55:31.596 | INFO     | DPAH:train:159 - [epoch:2/3][loss:3.538073]
2024-08-24 13:55:43.855 | INFO     | DPAH:train:159 - [epoch:3/3][loss:3.455927]
2024-08-24 13:55:43.856 | INFO     | DPAH:train:162 - [iter:18/50][iter_time:32.02]
2024-08-24 13:56:49.916 | INFO     | DPAH:train:234 - [iter:18/50][code_length:32][mAP:0.38548][mAP_all:0.37011][best_mAP:0.38548]
2024-08-24 13:56:49.916 | INFO     | DPAH:train:235 - [iter:18/50][code_length:32][zs_mAP:0.48438][zs_mAP_all:0.10979]
2024-08-24 13:57:00.242 | INFO     | DPAH:train:159 - [epoch:1/3][loss:3.539153]
2024-08-24 13:57:09.444 | INFO     | DPAH:train:159 - [epoch:2/3][loss:3.441753]
2024-08-24 13:57:22.302 | INFO     | DPAH:train:159 - [epoch:3/3][loss:3.409423]
2024-08-24 13:57:22.302 | INFO     | DPAH:train:162 - [iter:19/50][iter_time:32.39]
2024-08-24 13:58:27.893 | INFO     | DPAH:train:234 - [iter:19/50][code_length:32][mAP:0.39839][mAP_all:0.38261][best_mAP:0.39839]
2024-08-24 13:58:27.893 | INFO     | DPAH:train:235 - [iter:19/50][code_length:32][zs_mAP:0.47430][zs_mAP_all:0.10693]
2024-08-24 13:58:38.195 | INFO     | DPAH:train:159 - [epoch:1/3][loss:3.502272]
2024-08-24 13:58:48.064 | INFO     | DPAH:train:159 - [epoch:2/3][loss:3.395827]
2024-08-24 13:58:59.196 | INFO     | DPAH:train:159 - [epoch:3/3][loss:3.335997]
2024-08-24 13:58:59.197 | INFO     | DPAH:train:162 - [iter:20/50][iter_time:31.30]
2024-08-24 14:00:04.796 | INFO     | DPAH:train:234 - [iter:20/50][code_length:32][mAP:0.40676][mAP_all:0.39061][best_mAP:0.40676]
2024-08-24 14:00:04.797 | INFO     | DPAH:train:235 - [iter:20/50][code_length:32][zs_mAP:0.47723][zs_mAP_all:0.11186]
2024-08-24 14:00:15.342 | INFO     | DPAH:train:159 - [epoch:1/3][loss:3.432793]
2024-08-24 14:00:25.573 | INFO     | DPAH:train:159 - [epoch:2/3][loss:3.311600]
2024-08-24 14:00:36.120 | INFO     | DPAH:train:159 - [epoch:3/3][loss:3.244716]
2024-08-24 14:00:36.120 | INFO     | DPAH:train:162 - [iter:21/50][iter_time:31.32]
2024-08-24 14:01:42.754 | INFO     | DPAH:train:234 - [iter:21/50][code_length:32][mAP:0.41690][mAP_all:0.40021][best_mAP:0.41690]
2024-08-24 14:01:42.755 | INFO     | DPAH:train:235 - [iter:21/50][code_length:32][zs_mAP:0.49335][zs_mAP_all:0.10905]
2024-08-24 14:01:52.169 | INFO     | DPAH:train:159 - [epoch:1/3][loss:3.386950]
2024-08-24 14:02:01.705 | INFO     | DPAH:train:159 - [epoch:2/3][loss:3.299223]
2024-08-24 14:02:13.241 | INFO     | DPAH:train:159 - [epoch:3/3][loss:3.230012]
2024-08-24 14:02:13.242 | INFO     | DPAH:train:162 - [iter:22/50][iter_time:30.49]
2024-08-24 14:03:18.813 | INFO     | DPAH:train:234 - [iter:22/50][code_length:32][mAP:0.42390][mAP_all:0.40725][best_mAP:0.42390]
2024-08-24 14:03:18.814 | INFO     | DPAH:train:235 - [iter:22/50][code_length:32][zs_mAP:0.47763][zs_mAP_all:0.10534]
2024-08-24 14:03:29.418 | INFO     | DPAH:train:159 - [epoch:1/3][loss:3.328668]
2024-08-24 14:03:39.618 | INFO     | DPAH:train:159 - [epoch:2/3][loss:3.249483]
2024-08-24 14:03:51.860 | INFO     | DPAH:train:159 - [epoch:3/3][loss:3.173142]
2024-08-24 14:03:51.861 | INFO     | DPAH:train:162 - [iter:23/50][iter_time:33.05]
2024-08-24 14:04:57.548 | INFO     | DPAH:train:234 - [iter:23/50][code_length:32][mAP:0.43761][mAP_all:0.42095][best_mAP:0.43761]
2024-08-24 14:04:57.549 | INFO     | DPAH:train:235 - [iter:23/50][code_length:32][zs_mAP:0.48178][zs_mAP_all:0.10766]
2024-08-24 14:05:08.009 | INFO     | DPAH:train:159 - [epoch:1/3][loss:3.326223]
2024-08-24 14:05:16.957 | INFO     | DPAH:train:159 - [epoch:2/3][loss:3.184288]
2024-08-24 14:05:29.265 | INFO     | DPAH:train:159 - [epoch:3/3][loss:3.111574]
2024-08-24 14:05:29.266 | INFO     | DPAH:train:162 - [iter:24/50][iter_time:31.72]
2024-08-24 14:06:34.624 | INFO     | DPAH:train:234 - [iter:24/50][code_length:32][mAP:0.44206][mAP_all:0.42514][best_mAP:0.44206]
2024-08-24 14:06:34.625 | INFO     | DPAH:train:235 - [iter:24/50][code_length:32][zs_mAP:0.47251][zs_mAP_all:0.10527]
2024-08-24 14:06:44.582 | INFO     | DPAH:train:159 - [epoch:1/3][loss:3.216364]
2024-08-24 14:06:54.284 | INFO     | DPAH:train:159 - [epoch:2/3][loss:3.104166]
2024-08-24 14:07:05.740 | INFO     | DPAH:train:159 - [epoch:3/3][loss:3.054110]
2024-08-24 14:07:05.740 | INFO     | DPAH:train:162 - [iter:25/50][iter_time:31.12]
2024-08-24 14:08:12.583 | INFO     | DPAH:train:234 - [iter:25/50][code_length:32][mAP:0.45572][mAP_all:0.43719][best_mAP:0.45572]
2024-08-24 14:08:12.584 | INFO     | DPAH:train:235 - [iter:25/50][code_length:32][zs_mAP:0.50697][zs_mAP_all:0.11920]
2024-08-24 14:08:22.442 | INFO     | DPAH:train:159 - [epoch:1/3][loss:3.246225]
2024-08-24 14:08:32.641 | INFO     | DPAH:train:159 - [epoch:2/3][loss:3.122910]
2024-08-24 14:08:44.342 | INFO     | DPAH:train:159 - [epoch:3/3][loss:3.040812]
2024-08-24 14:08:44.342 | INFO     | DPAH:train:162 - [iter:26/50][iter_time:31.76]
2024-08-24 14:09:49.479 | INFO     | DPAH:train:234 - [iter:26/50][code_length:32][mAP:0.45960][mAP_all:0.44218][best_mAP:0.45960]
2024-08-24 14:09:49.480 | INFO     | DPAH:train:235 - [iter:26/50][code_length:32][zs_mAP:0.49954][zs_mAP_all:0.10871]
2024-08-24 14:09:59.621 | INFO     | DPAH:train:159 - [epoch:1/3][loss:3.121686]
2024-08-24 14:10:09.201 | INFO     | DPAH:train:159 - [epoch:2/3][loss:3.032915]
2024-08-24 14:10:21.981 | INFO     | DPAH:train:159 - [epoch:3/3][loss:2.947451]
2024-08-24 14:10:21.982 | INFO     | DPAH:train:162 - [iter:27/50][iter_time:32.50]
2024-08-24 14:11:28.401 | INFO     | DPAH:train:234 - [iter:27/50][code_length:32][mAP:0.46450][mAP_all:0.44755][best_mAP:0.46450]
2024-08-24 14:11:28.401 | INFO     | DPAH:train:235 - [iter:27/50][code_length:32][zs_mAP:0.49294][zs_mAP_all:0.10875]
2024-08-24 14:11:38.740 | INFO     | DPAH:train:159 - [epoch:1/3][loss:3.167788]
2024-08-24 14:11:48.415 | INFO     | DPAH:train:159 - [epoch:2/3][loss:3.043397]
2024-08-24 14:12:00.034 | INFO     | DPAH:train:159 - [epoch:3/3][loss:2.960756]
2024-08-24 14:12:00.035 | INFO     | DPAH:train:162 - [iter:28/50][iter_time:31.63]
2024-08-24 14:13:06.301 | INFO     | DPAH:train:234 - [iter:28/50][code_length:32][mAP:0.46913][mAP_all:0.45160][best_mAP:0.46913]
2024-08-24 14:13:06.301 | INFO     | DPAH:train:235 - [iter:28/50][code_length:32][zs_mAP:0.49905][zs_mAP_all:0.11041]
2024-08-24 14:13:16.126 | INFO     | DPAH:train:159 - [epoch:1/3][loss:3.106345]
2024-08-24 14:13:25.503 | INFO     | DPAH:train:159 - [epoch:2/3][loss:3.007811]
2024-08-24 14:13:36.370 | INFO     | DPAH:train:159 - [epoch:3/3][loss:2.929885]
2024-08-24 14:13:36.371 | INFO     | DPAH:train:162 - [iter:29/50][iter_time:30.07]
2024-08-24 14:14:42.501 | INFO     | DPAH:train:234 - [iter:29/50][code_length:32][mAP:0.47728][mAP_all:0.45855][best_mAP:0.47728]
2024-08-24 14:14:42.502 | INFO     | DPAH:train:235 - [iter:29/50][code_length:32][zs_mAP:0.50607][zs_mAP_all:0.11081]
2024-08-24 14:14:52.710 | INFO     | DPAH:train:159 - [epoch:1/3][loss:3.092935]
2024-08-24 14:15:01.967 | INFO     | DPAH:train:159 - [epoch:2/3][loss:2.964000]
2024-08-24 14:15:13.670 | INFO     | DPAH:train:159 - [epoch:3/3][loss:2.880903]
2024-08-24 14:15:13.671 | INFO     | DPAH:train:162 - [iter:30/50][iter_time:31.17]
2024-08-24 14:16:21.036 | INFO     | DPAH:train:234 - [iter:30/50][code_length:32][mAP:0.48698][mAP_all:0.46910][best_mAP:0.48698]
2024-08-24 14:16:21.036 | INFO     | DPAH:train:235 - [iter:30/50][code_length:32][zs_mAP:0.50773][zs_mAP_all:0.11259]
2024-08-24 14:16:28.941 | INFO     | DPAH:train:159 - [epoch:1/3][loss:3.004507]
2024-08-24 14:16:36.648 | INFO     | DPAH:train:159 - [epoch:2/3][loss:2.891808]
2024-08-24 14:16:44.309 | INFO     | DPAH:train:159 - [epoch:3/3][loss:2.872696]
2024-08-24 14:16:44.309 | INFO     | DPAH:train:162 - [iter:31/50][iter_time:23.27]
2024-08-24 14:17:50.963 | INFO     | DPAH:train:234 - [iter:31/50][code_length:32][mAP:0.49167][mAP_all:0.47349][best_mAP:0.49167]
2024-08-24 14:17:50.963 | INFO     | DPAH:train:235 - [iter:31/50][code_length:32][zs_mAP:0.50005][zs_mAP_all:0.10981]
2024-08-24 14:17:58.914 | INFO     | DPAH:train:159 - [epoch:1/3][loss:2.975748]
2024-08-24 14:18:06.210 | INFO     | DPAH:train:159 - [epoch:2/3][loss:2.814163]
2024-08-24 14:18:13.883 | INFO     | DPAH:train:159 - [epoch:3/3][loss:2.762293]
2024-08-24 14:18:13.884 | INFO     | DPAH:train:162 - [iter:32/50][iter_time:22.92]
2024-08-24 14:19:18.767 | INFO     | DPAH:train:234 - [iter:32/50][code_length:32][mAP:0.49893][mAP_all:0.48037][best_mAP:0.49893]
2024-08-24 14:19:18.768 | INFO     | DPAH:train:235 - [iter:32/50][code_length:32][zs_mAP:0.48775][zs_mAP_all:0.10520]
2024-08-24 14:19:27.294 | INFO     | DPAH:train:159 - [epoch:1/3][loss:2.972169]
2024-08-24 14:19:34.928 | INFO     | DPAH:train:159 - [epoch:2/3][loss:2.881505]
2024-08-24 14:19:42.493 | INFO     | DPAH:train:159 - [epoch:3/3][loss:2.797320]
2024-08-24 14:19:42.493 | INFO     | DPAH:train:162 - [iter:33/50][iter_time:23.73]
2024-08-24 14:20:47.021 | INFO     | DPAH:train:234 - [iter:33/50][code_length:32][mAP:0.51089][mAP_all:0.49273][best_mAP:0.51089]
2024-08-24 14:20:47.022 | INFO     | DPAH:train:235 - [iter:33/50][code_length:32][zs_mAP:0.47823][zs_mAP_all:0.10103]
2024-08-24 14:20:55.318 | INFO     | DPAH:train:159 - [epoch:1/3][loss:2.875334]
2024-08-24 14:21:02.857 | INFO     | DPAH:train:159 - [epoch:2/3][loss:2.782029]
2024-08-24 14:21:10.564 | INFO     | DPAH:train:159 - [epoch:3/3][loss:2.680087]
2024-08-24 14:21:10.564 | INFO     | DPAH:train:162 - [iter:34/50][iter_time:23.54]
2024-08-24 14:22:15.854 | INFO     | DPAH:train:234 - [iter:34/50][code_length:32][mAP:0.50764][mAP_all:0.48981][best_mAP:0.51089]
2024-08-24 14:22:15.855 | INFO     | DPAH:train:235 - [iter:34/50][code_length:32][zs_mAP:0.50932][zs_mAP_all:0.11228]
2024-08-24 14:22:24.015 | INFO     | DPAH:train:159 - [epoch:1/3][loss:2.882840]
2024-08-24 14:22:31.656 | INFO     | DPAH:train:159 - [epoch:2/3][loss:2.792364]
2024-08-24 14:22:39.291 | INFO     | DPAH:train:159 - [epoch:3/3][loss:2.721454]
2024-08-24 14:22:39.291 | INFO     | DPAH:train:162 - [iter:35/50][iter_time:23.44]
2024-08-24 14:23:44.343 | INFO     | DPAH:train:234 - [iter:35/50][code_length:32][mAP:0.51744][mAP_all:0.49919][best_mAP:0.51744]
2024-08-24 14:23:44.344 | INFO     | DPAH:train:235 - [iter:35/50][code_length:32][zs_mAP:0.50486][zs_mAP_all:0.11512]
2024-08-24 14:23:52.286 | INFO     | DPAH:train:159 - [epoch:1/3][loss:2.921611]
2024-08-24 14:23:59.446 | INFO     | DPAH:train:159 - [epoch:2/3][loss:2.780766]
2024-08-24 14:24:06.878 | INFO     | DPAH:train:159 - [epoch:3/3][loss:2.700157]
2024-08-24 14:24:06.879 | INFO     | DPAH:train:162 - [iter:36/50][iter_time:22.53]
2024-08-24 14:25:11.716 | INFO     | DPAH:train:234 - [iter:36/50][code_length:32][mAP:0.52300][mAP_all:0.50511][best_mAP:0.52300]
2024-08-24 14:25:11.716 | INFO     | DPAH:train:235 - [iter:36/50][code_length:32][zs_mAP:0.49939][zs_mAP_all:0.11457]
2024-08-24 14:25:21.287 | INFO     | DPAH:train:159 - [epoch:1/3][loss:2.812661]
2024-08-24 14:25:31.932 | INFO     | DPAH:train:159 - [epoch:2/3][loss:2.739567]
2024-08-24 14:25:43.718 | INFO     | DPAH:train:159 - [epoch:3/3][loss:2.570274]
2024-08-24 14:25:43.719 | INFO     | DPAH:train:162 - [iter:37/50][iter_time:32.00]
2024-08-24 14:26:49.836 | INFO     | DPAH:train:234 - [iter:37/50][code_length:32][mAP:0.52330][mAP_all:0.50395][best_mAP:0.52330]
2024-08-24 14:26:49.837 | INFO     | DPAH:train:235 - [iter:37/50][code_length:32][zs_mAP:0.50712][zs_mAP_all:0.11638]
2024-08-24 14:26:59.964 | INFO     | DPAH:train:159 - [epoch:1/3][loss:2.762459]
2024-08-24 14:27:11.849 | INFO     | DPAH:train:159 - [epoch:2/3][loss:2.646040]
2024-08-24 14:27:24.416 | INFO     | DPAH:train:159 - [epoch:3/3][loss:2.621095]
2024-08-24 14:27:24.416 | INFO     | DPAH:train:162 - [iter:38/50][iter_time:34.58]
2024-08-24 14:28:29.989 | INFO     | DPAH:train:234 - [iter:38/50][code_length:32][mAP:0.52687][mAP_all:0.50863][best_mAP:0.52687]
2024-08-24 14:28:29.989 | INFO     | DPAH:train:235 - [iter:38/50][code_length:32][zs_mAP:0.48322][zs_mAP_all:0.10584]
2024-08-24 14:28:40.005 | INFO     | DPAH:train:159 - [epoch:1/3][loss:2.810742]
2024-08-24 14:28:51.536 | INFO     | DPAH:train:159 - [epoch:2/3][loss:2.673949]
2024-08-24 14:29:03.977 | INFO     | DPAH:train:159 - [epoch:3/3][loss:2.600906]
2024-08-24 14:29:03.977 | INFO     | DPAH:train:162 - [iter:39/50][iter_time:33.99]
2024-08-24 14:30:11.053 | INFO     | DPAH:train:234 - [iter:39/50][code_length:32][mAP:0.52383][mAP_all:0.50508][best_mAP:0.52687]
2024-08-24 14:30:11.053 | INFO     | DPAH:train:235 - [iter:39/50][code_length:32][zs_mAP:0.48545][zs_mAP_all:0.10832]
2024-08-24 14:30:20.214 | INFO     | DPAH:train:159 - [epoch:1/3][loss:2.744995]
2024-08-24 14:30:30.822 | INFO     | DPAH:train:159 - [epoch:2/3][loss:2.605115]
2024-08-24 14:30:44.475 | INFO     | DPAH:train:159 - [epoch:3/3][loss:2.528327]
2024-08-24 14:30:44.475 | INFO     | DPAH:train:162 - [iter:40/50][iter_time:33.42]
2024-08-24 14:31:51.677 | INFO     | DPAH:train:234 - [iter:40/50][code_length:32][mAP:0.53680][mAP_all:0.51817][best_mAP:0.53680]
2024-08-24 14:31:51.678 | INFO     | DPAH:train:235 - [iter:40/50][code_length:32][zs_mAP:0.48904][zs_mAP_all:0.10762]
2024-08-24 14:32:01.658 | INFO     | DPAH:train:159 - [epoch:1/3][loss:2.763586]
2024-08-24 14:32:12.040 | INFO     | DPAH:train:159 - [epoch:2/3][loss:2.589125]
2024-08-24 14:32:23.076 | INFO     | DPAH:train:159 - [epoch:3/3][loss:2.549794]
2024-08-24 14:32:23.076 | INFO     | DPAH:train:162 - [iter:41/50][iter_time:31.40]
2024-08-24 14:33:28.791 | INFO     | DPAH:train:234 - [iter:41/50][code_length:32][mAP:0.53411][mAP_all:0.51491][best_mAP:0.53680]
2024-08-24 14:33:28.792 | INFO     | DPAH:train:235 - [iter:41/50][code_length:32][zs_mAP:0.50492][zs_mAP_all:0.11570]
2024-08-24 14:33:37.997 | INFO     | DPAH:train:159 - [epoch:1/3][loss:2.757595]
2024-08-24 14:33:49.109 | INFO     | DPAH:train:159 - [epoch:2/3][loss:2.635143]
2024-08-24 14:33:58.980 | INFO     | DPAH:train:159 - [epoch:3/3][loss:2.499260]
2024-08-24 14:33:58.981 | INFO     | DPAH:train:162 - [iter:42/50][iter_time:30.19]
2024-08-24 14:35:06.209 | INFO     | DPAH:train:234 - [iter:42/50][code_length:32][mAP:0.53652][mAP_all:0.51714][best_mAP:0.53680]
2024-08-24 14:35:06.210 | INFO     | DPAH:train:235 - [iter:42/50][code_length:32][zs_mAP:0.50448][zs_mAP_all:0.11179]
2024-08-24 14:35:16.119 | INFO     | DPAH:train:159 - [epoch:1/3][loss:2.706565]
2024-08-24 14:35:26.513 | INFO     | DPAH:train:159 - [epoch:2/3][loss:2.564741]
2024-08-24 14:35:38.031 | INFO     | DPAH:train:159 - [epoch:3/3][loss:2.517210]
2024-08-24 14:35:38.031 | INFO     | DPAH:train:162 - [iter:43/50][iter_time:31.82]
2024-08-24 14:36:45.234 | INFO     | DPAH:train:234 - [iter:43/50][code_length:32][mAP:0.53617][mAP_all:0.51747][best_mAP:0.53680]
2024-08-24 14:36:45.235 | INFO     | DPAH:train:235 - [iter:43/50][code_length:32][zs_mAP:0.50531][zs_mAP_all:0.11712]
2024-08-24 14:36:54.864 | INFO     | DPAH:train:159 - [epoch:1/3][loss:2.661698]
2024-08-24 14:37:05.449 | INFO     | DPAH:train:159 - [epoch:2/3][loss:2.533774]
2024-08-24 14:37:17.864 | INFO     | DPAH:train:159 - [epoch:3/3][loss:2.428181]
2024-08-24 14:37:17.864 | INFO     | DPAH:train:162 - [iter:44/50][iter_time:32.63]
2024-08-24 14:38:25.093 | INFO     | DPAH:train:234 - [iter:44/50][code_length:32][mAP:0.54245][mAP_all:0.52374][best_mAP:0.54245]
2024-08-24 14:38:25.093 | INFO     | DPAH:train:235 - [iter:44/50][code_length:32][zs_mAP:0.49043][zs_mAP_all:0.10936]
2024-08-24 14:38:34.760 | INFO     | DPAH:train:159 - [epoch:1/3][loss:2.696016]
2024-08-24 14:38:46.375 | INFO     | DPAH:train:159 - [epoch:2/3][loss:2.543311]
2024-08-24 14:38:58.511 | INFO     | DPAH:train:159 - [epoch:3/3][loss:2.454235]
2024-08-24 14:38:58.512 | INFO     | DPAH:train:162 - [iter:45/50][iter_time:33.42]
2024-08-24 14:40:07.682 | INFO     | DPAH:train:234 - [iter:45/50][code_length:32][mAP:0.55173][mAP_all:0.53262][best_mAP:0.55173]
2024-08-24 14:40:07.683 | INFO     | DPAH:train:235 - [iter:45/50][code_length:32][zs_mAP:0.47836][zs_mAP_all:0.10425]
2024-08-24 14:40:16.712 | INFO     | DPAH:train:159 - [epoch:1/3][loss:2.608834]
2024-08-24 14:40:28.315 | INFO     | DPAH:train:159 - [epoch:2/3][loss:2.506262]
2024-08-24 14:40:40.211 | INFO     | DPAH:train:159 - [epoch:3/3][loss:2.494927]
2024-08-24 14:40:40.212 | INFO     | DPAH:train:162 - [iter:46/50][iter_time:32.53]
2024-08-24 14:41:47.796 | INFO     | DPAH:train:234 - [iter:46/50][code_length:32][mAP:0.57269][mAP_all:0.55272][best_mAP:0.57269]
2024-08-24 14:41:47.797 | INFO     | DPAH:train:235 - [iter:46/50][code_length:32][zs_mAP:0.51313][zs_mAP_all:0.11642]
2024-08-24 14:41:57.859 | INFO     | DPAH:train:159 - [epoch:1/3][loss:2.478459]
2024-08-24 14:42:08.812 | INFO     | DPAH:train:159 - [epoch:2/3][loss:2.446695]
2024-08-24 14:42:19.586 | INFO     | DPAH:train:159 - [epoch:3/3][loss:2.394567]
2024-08-24 14:42:19.586 | INFO     | DPAH:train:162 - [iter:47/50][iter_time:31.79]
2024-08-24 14:43:28.148 | INFO     | DPAH:train:234 - [iter:47/50][code_length:32][mAP:0.58335][mAP_all:0.56374][best_mAP:0.58335]
2024-08-24 14:43:28.148 | INFO     | DPAH:train:235 - [iter:47/50][code_length:32][zs_mAP:0.52218][zs_mAP_all:0.12005]
2024-08-24 14:43:37.151 | INFO     | DPAH:train:159 - [epoch:1/3][loss:2.559973]
2024-08-24 14:43:50.752 | INFO     | DPAH:train:159 - [epoch:2/3][loss:2.448237]
2024-08-24 14:44:03.007 | INFO     | DPAH:train:159 - [epoch:3/3][loss:2.412893]
2024-08-24 14:44:03.008 | INFO     | DPAH:train:162 - [iter:48/50][iter_time:34.86]
2024-08-24 14:45:09.550 | INFO     | DPAH:train:234 - [iter:48/50][code_length:32][mAP:0.58612][mAP_all:0.56664][best_mAP:0.58612]
2024-08-24 14:45:09.551 | INFO     | DPAH:train:235 - [iter:48/50][code_length:32][zs_mAP:0.52458][zs_mAP_all:0.12007]
2024-08-24 14:45:18.831 | INFO     | DPAH:train:159 - [epoch:1/3][loss:2.481162]
2024-08-24 14:45:30.619 | INFO     | DPAH:train:159 - [epoch:2/3][loss:2.418055]
2024-08-24 14:45:41.350 | INFO     | DPAH:train:159 - [epoch:3/3][loss:2.479287]
2024-08-24 14:45:41.351 | INFO     | DPAH:train:162 - [iter:49/50][iter_time:31.80]
2024-08-24 14:46:47.831 | INFO     | DPAH:train:234 - [iter:49/50][code_length:32][mAP:0.59066][mAP_all:0.57166][best_mAP:0.59066]
2024-08-24 14:46:47.831 | INFO     | DPAH:train:235 - [iter:49/50][code_length:32][zs_mAP:0.52416][zs_mAP_all:0.11919]
2024-08-24 14:46:56.776 | INFO     | DPAH:train:159 - [epoch:1/3][loss:2.418586]
2024-08-24 14:47:08.433 | INFO     | DPAH:train:159 - [epoch:2/3][loss:2.433746]
2024-08-24 14:47:20.816 | INFO     | DPAH:train:159 - [epoch:3/3][loss:2.401421]
2024-08-24 14:47:20.816 | INFO     | DPAH:train:162 - [iter:50/50][iter_time:32.98]
2024-08-24 14:48:29.080 | INFO     | DPAH:train:234 - [iter:50/50][code_length:32][mAP:0.59366][mAP_all:0.57478][best_mAP:0.59366]
2024-08-24 14:48:29.081 | INFO     | DPAH:train:235 - [iter:50/50][code_length:32][zs_mAP:0.51339][zs_mAP_all:0.12001]
2024-08-24 14:48:29.081 | INFO     | DPAH:train:238 - [Training time:4856.01]
2024-08-24 14:48:29.087 | INFO     | __main__:run:135 - [code_length:32][map:0.5937][map_all:0.5748][zs_map:0.5134][zs_map_all:0.1200]
2024-08-24 14:48:38.436 | INFO     | DPAH:train:159 - [epoch:1/3][loss:4.764138]
2024-08-24 14:48:50.315 | INFO     | DPAH:train:159 - [epoch:2/3][loss:4.568811]
2024-08-24 14:49:01.778 | INFO     | DPAH:train:159 - [epoch:3/3][loss:4.554070]
2024-08-24 14:49:01.779 | INFO     | DPAH:train:162 - [iter:1/50][iter_time:32.18]
2024-08-24 14:50:10.137 | INFO     | DPAH:train:234 - [iter:1/50][code_length:64][mAP:0.01779][mAP_all:0.01779][best_mAP:0.01779]
2024-08-24 14:50:10.138 | INFO     | DPAH:train:235 - [iter:1/50][code_length:64][zs_mAP:0.07254][zs_mAP_all:0.00000]
2024-08-24 14:50:18.768 | INFO     | DPAH:train:159 - [epoch:1/3][loss:4.563373]
2024-08-24 14:50:30.848 | INFO     | DPAH:train:159 - [epoch:2/3][loss:4.551689]
2024-08-24 14:50:43.350 | INFO     | DPAH:train:159 - [epoch:3/3][loss:4.539711]
2024-08-24 14:50:43.351 | INFO     | DPAH:train:162 - [iter:2/50][iter_time:33.21]
2024-08-24 14:51:54.752 | INFO     | DPAH:train:234 - [iter:2/50][code_length:64][mAP:0.02229][mAP_all:0.02229][best_mAP:0.02229]
2024-08-24 14:51:54.752 | INFO     | DPAH:train:235 - [iter:2/50][code_length:64][zs_mAP:0.07917][zs_mAP_all:0.00000]
2024-08-24 14:52:03.564 | INFO     | DPAH:train:159 - [epoch:1/3][loss:4.529157]
2024-08-24 14:52:15.729 | INFO     | DPAH:train:159 - [epoch:2/3][loss:4.515215]
2024-08-24 14:52:28.535 | INFO     | DPAH:train:159 - [epoch:3/3][loss:4.500131]
2024-08-24 14:52:28.536 | INFO     | DPAH:train:162 - [iter:3/50][iter_time:33.78]
2024-08-24 14:53:35.217 | INFO     | DPAH:train:234 - [iter:3/50][code_length:64][mAP:0.03250][mAP_all:0.03247][best_mAP:0.03250]
2024-08-24 14:53:35.217 | INFO     | DPAH:train:235 - [iter:3/50][code_length:64][zs_mAP:0.11955][zs_mAP_all:0.00077]
2024-08-24 14:53:45.267 | INFO     | DPAH:train:159 - [epoch:1/3][loss:4.494530]
2024-08-24 14:53:56.913 | INFO     | DPAH:train:159 - [epoch:2/3][loss:4.480623]
2024-08-24 14:54:09.306 | INFO     | DPAH:train:159 - [epoch:3/3][loss:4.458687]
2024-08-24 14:54:09.307 | INFO     | DPAH:train:162 - [iter:4/50][iter_time:34.09]
2024-08-24 14:55:16.352 | INFO     | DPAH:train:234 - [iter:4/50][code_length:64][mAP:0.04244][mAP_all:0.04194][best_mAP:0.04244]
2024-08-24 14:55:16.353 | INFO     | DPAH:train:235 - [iter:4/50][code_length:64][zs_mAP:0.13921][zs_mAP_all:0.00487]
2024-08-24 14:55:25.376 | INFO     | DPAH:train:159 - [epoch:1/3][loss:4.461017]
2024-08-24 14:55:35.294 | INFO     | DPAH:train:159 - [epoch:2/3][loss:4.438713]
2024-08-24 14:55:46.187 | INFO     | DPAH:train:159 - [epoch:3/3][loss:4.413563]
2024-08-24 14:55:46.187 | INFO     | DPAH:train:162 - [iter:5/50][iter_time:29.83]
2024-08-24 14:56:53.032 | INFO     | DPAH:train:234 - [iter:5/50][code_length:64][mAP:0.06002][mAP_all:0.05902][best_mAP:0.06002]
2024-08-24 14:56:53.033 | INFO     | DPAH:train:235 - [iter:5/50][code_length:64][zs_mAP:0.16386][zs_mAP_all:0.00858]
2024-08-24 14:57:02.686 | INFO     | DPAH:train:159 - [epoch:1/3][loss:4.403962]
2024-08-24 14:57:13.588 | INFO     | DPAH:train:159 - [epoch:2/3][loss:4.378792]
2024-08-24 14:57:26.323 | INFO     | DPAH:train:159 - [epoch:3/3][loss:4.349486]
2024-08-24 14:57:26.324 | INFO     | DPAH:train:162 - [iter:6/50][iter_time:33.29]
2024-08-24 14:58:34.951 | INFO     | DPAH:train:234 - [iter:6/50][code_length:64][mAP:0.09090][mAP_all:0.08887][best_mAP:0.09090]
2024-08-24 14:58:34.952 | INFO     | DPAH:train:235 - [iter:6/50][code_length:64][zs_mAP:0.21829][zs_mAP_all:0.02136]
2024-08-24 14:58:44.072 | INFO     | DPAH:train:159 - [epoch:1/3][loss:4.349801]
2024-08-24 14:58:56.543 | INFO     | DPAH:train:159 - [epoch:2/3][loss:4.313654]
2024-08-24 14:59:08.983 | INFO     | DPAH:train:159 - [epoch:3/3][loss:4.272513]
2024-08-24 14:59:08.983 | INFO     | DPAH:train:162 - [iter:7/50][iter_time:34.03]
2024-08-24 15:00:18.430 | INFO     | DPAH:train:234 - [iter:7/50][code_length:64][mAP:0.12170][mAP_all:0.11801][best_mAP:0.12170]
2024-08-24 15:00:18.430 | INFO     | DPAH:train:235 - [iter:7/50][code_length:64][zs_mAP:0.27070][zs_mAP_all:0.03293]
2024-08-24 15:00:28.156 | INFO     | DPAH:train:159 - [epoch:1/3][loss:4.279398]
2024-08-24 15:00:38.541 | INFO     | DPAH:train:159 - [epoch:2/3][loss:4.238310]
2024-08-24 15:00:52.570 | INFO     | DPAH:train:159 - [epoch:3/3][loss:4.212742]
2024-08-24 15:00:52.571 | INFO     | DPAH:train:162 - [iter:8/50][iter_time:34.14]
2024-08-24 15:01:58.778 | INFO     | DPAH:train:234 - [iter:8/50][code_length:64][mAP:0.14986][mAP_all:0.14506][best_mAP:0.14986]
2024-08-24 15:01:58.778 | INFO     | DPAH:train:235 - [iter:8/50][code_length:64][zs_mAP:0.30931][zs_mAP_all:0.04707]
2024-08-24 15:02:07.459 | INFO     | DPAH:train:159 - [epoch:1/3][loss:4.216785]
2024-08-24 15:02:18.843 | INFO     | DPAH:train:159 - [epoch:2/3][loss:4.163223]
2024-08-24 15:02:32.353 | INFO     | DPAH:train:159 - [epoch:3/3][loss:4.122137]
2024-08-24 15:02:32.353 | INFO     | DPAH:train:162 - [iter:9/50][iter_time:33.57]
2024-08-24 15:03:39.251 | INFO     | DPAH:train:234 - [iter:9/50][code_length:64][mAP:0.18581][mAP_all:0.17887][best_mAP:0.18581]
2024-08-24 15:03:39.252 | INFO     | DPAH:train:235 - [iter:9/50][code_length:64][zs_mAP:0.34302][zs_mAP_all:0.06362]
2024-08-24 15:03:48.315 | INFO     | DPAH:train:159 - [epoch:1/3][loss:4.098393]
2024-08-24 15:04:00.182 | INFO     | DPAH:train:159 - [epoch:2/3][loss:4.030879]
2024-08-24 15:04:10.762 | INFO     | DPAH:train:159 - [epoch:3/3][loss:3.981725]
2024-08-24 15:04:10.762 | INFO     | DPAH:train:162 - [iter:10/50][iter_time:31.51]
2024-08-24 15:05:17.936 | INFO     | DPAH:train:234 - [iter:10/50][code_length:64][mAP:0.21970][mAP_all:0.21062][best_mAP:0.21970]
2024-08-24 15:05:17.937 | INFO     | DPAH:train:235 - [iter:10/50][code_length:64][zs_mAP:0.35749][zs_mAP_all:0.07981]
2024-08-24 15:05:27.284 | INFO     | DPAH:train:159 - [epoch:1/3][loss:4.013164]
2024-08-24 15:05:38.917 | INFO     | DPAH:train:159 - [epoch:2/3][loss:3.955899]
2024-08-24 15:05:50.660 | INFO     | DPAH:train:159 - [epoch:3/3][loss:3.900595]
2024-08-24 15:05:50.661 | INFO     | DPAH:train:162 - [iter:11/50][iter_time:32.72]
2024-08-24 15:06:58.584 | INFO     | DPAH:train:234 - [iter:11/50][code_length:64][mAP:0.25319][mAP_all:0.24263][best_mAP:0.25319]
2024-08-24 15:06:58.585 | INFO     | DPAH:train:235 - [iter:11/50][code_length:64][zs_mAP:0.40014][zs_mAP_all:0.08887]
2024-08-24 15:07:07.324 | INFO     | DPAH:train:159 - [epoch:1/3][loss:3.930958]
2024-08-24 15:07:19.952 | INFO     | DPAH:train:159 - [epoch:2/3][loss:3.869924]
2024-08-24 15:07:31.459 | INFO     | DPAH:train:159 - [epoch:3/3][loss:3.813446]
2024-08-24 15:07:31.459 | INFO     | DPAH:train:162 - [iter:12/50][iter_time:32.87]
2024-08-24 15:08:38.473 | INFO     | DPAH:train:234 - [iter:12/50][code_length:64][mAP:0.28205][mAP_all:0.27024][best_mAP:0.28205]
2024-08-24 15:08:38.474 | INFO     | DPAH:train:235 - [iter:12/50][code_length:64][zs_mAP:0.41589][zs_mAP_all:0.09422]
2024-08-24 15:08:48.072 | INFO     | DPAH:train:159 - [epoch:1/3][loss:3.834876]
2024-08-24 15:08:59.609 | INFO     | DPAH:train:159 - [epoch:2/3][loss:3.748556]
2024-08-24 15:09:10.106 | INFO     | DPAH:train:159 - [epoch:3/3][loss:3.688492]
2024-08-24 15:09:10.107 | INFO     | DPAH:train:162 - [iter:13/50][iter_time:31.63]
2024-08-24 15:10:18.429 | INFO     | DPAH:train:234 - [iter:13/50][code_length:64][mAP:0.31752][mAP_all:0.30286][best_mAP:0.31752]
2024-08-24 15:10:18.429 | INFO     | DPAH:train:235 - [iter:13/50][code_length:64][zs_mAP:0.44374][zs_mAP_all:0.11082]
2024-08-24 15:10:30.364 | INFO     | DPAH:train:159 - [epoch:1/3][loss:3.764545]
2024-08-24 15:10:41.769 | INFO     | DPAH:train:159 - [epoch:2/3][loss:3.918043]
2024-08-24 15:10:54.105 | INFO     | DPAH:train:159 - [epoch:3/3][loss:3.855577]
2024-08-24 15:10:54.106 | INFO     | DPAH:train:162 - [iter:14/50][iter_time:35.68]
2024-08-24 15:12:01.577 | INFO     | DPAH:train:234 - [iter:14/50][code_length:64][mAP:0.32511][mAP_all:0.31162][best_mAP:0.32511]
2024-08-24 15:12:01.578 | INFO     | DPAH:train:235 - [iter:14/50][code_length:64][zs_mAP:0.40484][zs_mAP_all:0.09399]
2024-08-24 15:12:11.155 | INFO     | DPAH:train:159 - [epoch:1/3][loss:3.895369]
2024-08-24 15:12:23.473 | INFO     | DPAH:train:159 - [epoch:2/3][loss:3.820074]
2024-08-24 15:12:35.475 | INFO     | DPAH:train:159 - [epoch:3/3][loss:3.767673]
2024-08-24 15:12:35.476 | INFO     | DPAH:train:162 - [iter:15/50][iter_time:33.90]
2024-08-24 15:13:44.386 | INFO     | DPAH:train:234 - [iter:15/50][code_length:64][mAP:0.35163][mAP_all:0.33662][best_mAP:0.35163]
2024-08-24 15:13:44.387 | INFO     | DPAH:train:235 - [iter:15/50][code_length:64][zs_mAP:0.42952][zs_mAP_all:0.10489]
2024-08-24 15:13:54.487 | INFO     | DPAH:train:159 - [epoch:1/3][loss:3.818781]
2024-08-24 15:14:06.666 | INFO     | DPAH:train:159 - [epoch:2/3][loss:3.727007]
2024-08-24 15:14:19.471 | INFO     | DPAH:train:159 - [epoch:3/3][loss:3.675466]
2024-08-24 15:14:19.471 | INFO     | DPAH:train:162 - [iter:16/50][iter_time:35.08]
2024-08-24 15:15:27.742 | INFO     | DPAH:train:234 - [iter:16/50][code_length:64][mAP:0.37095][mAP_all:0.35499][best_mAP:0.37095]
2024-08-24 15:15:27.742 | INFO     | DPAH:train:235 - [iter:16/50][code_length:64][zs_mAP:0.45451][zs_mAP_all:0.11017]
2024-08-24 15:15:36.191 | INFO     | DPAH:train:159 - [epoch:1/3][loss:3.700091]
2024-08-24 15:15:44.225 | INFO     | DPAH:train:159 - [epoch:2/3][loss:3.633387]
2024-08-24 15:15:51.686 | INFO     | DPAH:train:159 - [epoch:3/3][loss:3.575127]
2024-08-24 15:15:51.686 | INFO     | DPAH:train:162 - [iter:17/50][iter_time:23.94]
2024-08-24 15:16:56.856 | INFO     | DPAH:train:234 - [iter:17/50][code_length:64][mAP:0.39424][mAP_all:0.37702][best_mAP:0.39424]
2024-08-24 15:16:56.857 | INFO     | DPAH:train:235 - [iter:17/50][code_length:64][zs_mAP:0.46630][zs_mAP_all:0.11568]
2024-08-24 15:17:18.561 | INFO     | DPAH:train:159 - [epoch:1/3][loss:3.692189]
2024-08-24 15:17:40.416 | INFO     | DPAH:train:159 - [epoch:2/3][loss:3.609004]
2024-08-24 15:18:02.659 | INFO     | DPAH:train:159 - [epoch:3/3][loss:3.512293]
2024-08-24 15:18:02.659 | INFO     | DPAH:train:162 - [iter:18/50][iter_time:65.80]
2024-08-24 15:19:09.823 | INFO     | DPAH:train:234 - [iter:18/50][code_length:64][mAP:0.41246][mAP_all:0.39477][best_mAP:0.41246]
2024-08-24 15:19:09.824 | INFO     | DPAH:train:235 - [iter:18/50][code_length:64][zs_mAP:0.47091][zs_mAP_all:0.12346]
2024-08-24 15:19:30.047 | INFO     | DPAH:train:159 - [epoch:1/3][loss:3.577192]
2024-08-24 15:19:50.843 | INFO     | DPAH:train:159 - [epoch:2/3][loss:3.509655]
2024-08-24 15:20:12.649 | INFO     | DPAH:train:159 - [epoch:3/3][loss:3.426746]
2024-08-24 15:20:12.650 | INFO     | DPAH:train:162 - [iter:19/50][iter_time:62.83]
2024-08-24 15:21:20.729 | INFO     | DPAH:train:234 - [iter:19/50][code_length:64][mAP:0.42495][mAP_all:0.40684][best_mAP:0.42495]
2024-08-24 15:21:20.730 | INFO     | DPAH:train:235 - [iter:19/50][code_length:64][zs_mAP:0.47573][zs_mAP_all:0.12019]
2024-08-24 15:21:41.321 | INFO     | DPAH:train:159 - [epoch:1/3][loss:3.478999]
2024-08-24 15:22:01.030 | INFO     | DPAH:train:159 - [epoch:2/3][loss:3.402025]
2024-08-24 15:22:23.147 | INFO     | DPAH:train:159 - [epoch:3/3][loss:3.359323]
2024-08-24 15:22:23.147 | INFO     | DPAH:train:162 - [iter:20/50][iter_time:62.42]
2024-08-24 15:23:29.610 | INFO     | DPAH:train:234 - [iter:20/50][code_length:64][mAP:0.43968][mAP_all:0.42028][best_mAP:0.43968]
2024-08-24 15:23:29.611 | INFO     | DPAH:train:235 - [iter:20/50][code_length:64][zs_mAP:0.48254][zs_mAP_all:0.12672]
2024-08-24 15:23:49.216 | INFO     | DPAH:train:159 - [epoch:1/3][loss:3.457284]
2024-08-24 15:24:09.930 | INFO     | DPAH:train:159 - [epoch:2/3][loss:3.333499]
2024-08-24 15:24:30.848 | INFO     | DPAH:train:159 - [epoch:3/3][loss:3.247812]
2024-08-24 15:24:30.849 | INFO     | DPAH:train:162 - [iter:21/50][iter_time:61.24]
2024-08-24 15:25:36.834 | INFO     | DPAH:train:234 - [iter:21/50][code_length:64][mAP:0.45499][mAP_all:0.43504][best_mAP:0.45499]
2024-08-24 15:25:36.834 | INFO     | DPAH:train:235 - [iter:21/50][code_length:64][zs_mAP:0.48267][zs_mAP_all:0.12582]
2024-08-24 15:25:57.292 | INFO     | DPAH:train:159 - [epoch:1/3][loss:3.389588]
2024-08-24 15:26:17.392 | INFO     | DPAH:train:159 - [epoch:2/3][loss:3.252105]
2024-08-24 15:26:37.393 | INFO     | DPAH:train:159 - [epoch:3/3][loss:3.227801]
2024-08-24 15:26:37.393 | INFO     | DPAH:train:162 - [iter:22/50][iter_time:60.56]
2024-08-24 15:27:43.481 | INFO     | DPAH:train:234 - [iter:22/50][code_length:64][mAP:0.46285][mAP_all:0.44208][best_mAP:0.46285]
2024-08-24 15:27:43.481 | INFO     | DPAH:train:235 - [iter:22/50][code_length:64][zs_mAP:0.46815][zs_mAP_all:0.12640]
2024-08-24 15:28:02.484 | INFO     | DPAH:train:159 - [epoch:1/3][loss:3.268893]
2024-08-24 15:28:22.050 | INFO     | DPAH:train:159 - [epoch:2/3][loss:3.151892]
2024-08-24 15:28:41.812 | INFO     | DPAH:train:159 - [epoch:3/3][loss:3.121345]
2024-08-24 15:28:41.813 | INFO     | DPAH:train:162 - [iter:23/50][iter_time:58.33]
2024-08-24 15:29:47.500 | INFO     | DPAH:train:234 - [iter:23/50][code_length:64][mAP:0.46926][mAP_all:0.44911][best_mAP:0.46926]
2024-08-24 15:29:47.500 | INFO     | DPAH:train:235 - [iter:23/50][code_length:64][zs_mAP:0.48485][zs_mAP_all:0.12613]
2024-08-24 15:30:07.523 | INFO     | DPAH:train:159 - [epoch:1/3][loss:3.248727]
2024-08-24 15:30:24.863 | INFO     | DPAH:train:159 - [epoch:2/3][loss:3.102224]
2024-08-24 15:30:43.054 | INFO     | DPAH:train:159 - [epoch:3/3][loss:3.027735]
2024-08-24 15:30:43.055 | INFO     | DPAH:train:162 - [iter:24/50][iter_time:55.55]
2024-08-24 15:31:47.715 | INFO     | DPAH:train:234 - [iter:24/50][code_length:64][mAP:0.47991][mAP_all:0.45916][best_mAP:0.47991]
2024-08-24 15:31:47.717 | INFO     | DPAH:train:235 - [iter:24/50][code_length:64][zs_mAP:0.47234][zs_mAP_all:0.12398]
2024-08-24 15:32:06.581 | INFO     | DPAH:train:159 - [epoch:1/3][loss:3.169231]
2024-08-24 15:32:25.275 | INFO     | DPAH:train:159 - [epoch:2/3][loss:3.007890]
2024-08-24 15:32:43.007 | INFO     | DPAH:train:159 - [epoch:3/3][loss:2.976363]
2024-08-24 15:32:43.008 | INFO     | DPAH:train:162 - [iter:25/50][iter_time:55.29]
2024-08-24 15:33:47.899 | INFO     | DPAH:train:234 - [iter:25/50][code_length:64][mAP:0.48992][mAP_all:0.46897][best_mAP:0.48992]
2024-08-24 15:33:47.900 | INFO     | DPAH:train:235 - [iter:25/50][code_length:64][zs_mAP:0.47887][zs_mAP_all:0.12396]
2024-08-24 15:33:57.081 | INFO     | DPAH:train:159 - [epoch:1/3][loss:3.115997]
2024-08-24 15:34:06.493 | INFO     | DPAH:train:159 - [epoch:2/3][loss:2.996003]
2024-08-24 15:34:15.283 | INFO     | DPAH:train:159 - [epoch:3/3][loss:2.940083]
2024-08-24 15:34:15.283 | INFO     | DPAH:train:162 - [iter:26/50][iter_time:27.38]
2024-08-24 15:35:20.379 | INFO     | DPAH:train:234 - [iter:26/50][code_length:64][mAP:0.50002][mAP_all:0.47926][best_mAP:0.50002]
2024-08-24 15:35:20.379 | INFO     | DPAH:train:235 - [iter:26/50][code_length:64][zs_mAP:0.49161][zs_mAP_all:0.12956]
2024-08-24 15:35:29.416 | INFO     | DPAH:train:159 - [epoch:1/3][loss:3.068552]
2024-08-24 15:35:39.349 | INFO     | DPAH:train:159 - [epoch:2/3][loss:2.948697]
2024-08-24 15:35:48.189 | INFO     | DPAH:train:159 - [epoch:3/3][loss:2.865035]
2024-08-24 15:35:48.189 | INFO     | DPAH:train:162 - [iter:27/50][iter_time:27.81]
2024-08-24 15:36:52.601 | INFO     | DPAH:train:234 - [iter:27/50][code_length:64][mAP:0.50080][mAP_all:0.48003][best_mAP:0.50080]
2024-08-24 15:36:52.602 | INFO     | DPAH:train:235 - [iter:27/50][code_length:64][zs_mAP:0.48462][zs_mAP_all:0.12655]
2024-08-24 15:37:01.620 | INFO     | DPAH:train:159 - [epoch:1/3][loss:3.065726]
2024-08-24 15:37:10.622 | INFO     | DPAH:train:159 - [epoch:2/3][loss:2.879471]
2024-08-24 15:37:20.218 | INFO     | DPAH:train:159 - [epoch:3/3][loss:2.803637]
2024-08-24 15:37:20.218 | INFO     | DPAH:train:162 - [iter:28/50][iter_time:27.62]
2024-08-24 15:38:25.198 | INFO     | DPAH:train:234 - [iter:28/50][code_length:64][mAP:0.51337][mAP_all:0.49228][best_mAP:0.51337]
2024-08-24 15:38:25.199 | INFO     | DPAH:train:235 - [iter:28/50][code_length:64][zs_mAP:0.48395][zs_mAP_all:0.12863]
2024-08-24 15:38:35.037 | INFO     | DPAH:train:159 - [epoch:1/3][loss:2.976044]
2024-08-24 15:38:44.036 | INFO     | DPAH:train:159 - [epoch:2/3][loss:2.813481]
2024-08-24 15:38:52.666 | INFO     | DPAH:train:159 - [epoch:3/3][loss:2.784659]
2024-08-24 15:38:52.666 | INFO     | DPAH:train:162 - [iter:29/50][iter_time:27.47]
2024-08-24 15:39:56.568 | INFO     | DPAH:train:234 - [iter:29/50][code_length:64][mAP:0.51976][mAP_all:0.49765][best_mAP:0.51976]
2024-08-24 15:39:56.569 | INFO     | DPAH:train:235 - [iter:29/50][code_length:64][zs_mAP:0.49169][zs_mAP_all:0.13098]
2024-08-24 15:40:07.177 | INFO     | DPAH:train:159 - [epoch:1/3][loss:2.902250]
2024-08-24 15:40:16.604 | INFO     | DPAH:train:159 - [epoch:2/3][loss:2.734983]
2024-08-24 15:40:25.581 | INFO     | DPAH:train:159 - [epoch:3/3][loss:2.701687]
2024-08-24 15:40:25.582 | INFO     | DPAH:train:162 - [iter:30/50][iter_time:29.01]
2024-08-24 15:41:30.419 | INFO     | DPAH:train:234 - [iter:30/50][code_length:64][mAP:0.52609][mAP_all:0.50470][best_mAP:0.52609]
2024-08-24 15:41:30.420 | INFO     | DPAH:train:235 - [iter:30/50][code_length:64][zs_mAP:0.48719][zs_mAP_all:0.12508]
2024-08-24 15:41:53.402 | INFO     | DPAH:train:159 - [epoch:1/3][loss:2.891584]
2024-08-24 15:42:14.004 | INFO     | DPAH:train:159 - [epoch:2/3][loss:2.729161]
2024-08-24 15:42:36.281 | INFO     | DPAH:train:159 - [epoch:3/3][loss:2.613536]
2024-08-24 15:42:36.281 | INFO     | DPAH:train:162 - [iter:31/50][iter_time:65.86]
2024-08-24 15:43:42.749 | INFO     | DPAH:train:234 - [iter:31/50][code_length:64][mAP:0.52269][mAP_all:0.50003][best_mAP:0.52609]
2024-08-24 15:43:42.750 | INFO     | DPAH:train:235 - [iter:31/50][code_length:64][zs_mAP:0.48673][zs_mAP_all:0.12881]
2024-08-24 15:44:01.406 | INFO     | DPAH:train:159 - [epoch:1/3][loss:2.786320]
2024-08-24 15:44:21.582 | INFO     | DPAH:train:159 - [epoch:2/3][loss:2.674156]
2024-08-24 15:44:41.733 | INFO     | DPAH:train:159 - [epoch:3/3][loss:2.649175]
2024-08-24 15:44:41.733 | INFO     | DPAH:train:162 - [iter:32/50][iter_time:58.98]
2024-08-24 15:45:47.015 | INFO     | DPAH:train:234 - [iter:32/50][code_length:64][mAP:0.53861][mAP_all:0.51538][best_mAP:0.53861]
2024-08-24 15:45:47.016 | INFO     | DPAH:train:235 - [iter:32/50][code_length:64][zs_mAP:0.49850][zs_mAP_all:0.13573]
2024-08-24 15:46:05.614 | INFO     | DPAH:train:159 - [epoch:1/3][loss:2.829151]
2024-08-24 15:46:21.715 | INFO     | DPAH:train:159 - [epoch:2/3][loss:2.664542]
2024-08-24 15:46:38.872 | INFO     | DPAH:train:159 - [epoch:3/3][loss:2.568470]
2024-08-24 15:46:38.873 | INFO     | DPAH:train:162 - [iter:33/50][iter_time:51.86]
2024-08-24 15:47:40.429 | INFO     | DPAH:train:234 - [iter:33/50][code_length:64][mAP:0.54451][mAP_all:0.52148][best_mAP:0.54451]
2024-08-24 15:47:40.430 | INFO     | DPAH:train:235 - [iter:33/50][code_length:64][zs_mAP:0.48663][zs_mAP_all:0.12826]
2024-08-24 15:47:57.853 | INFO     | DPAH:train:159 - [epoch:1/3][loss:2.781504]
2024-08-24 15:48:12.588 | INFO     | DPAH:train:159 - [epoch:2/3][loss:2.607204]
2024-08-24 15:48:27.646 | INFO     | DPAH:train:159 - [epoch:3/3][loss:2.545770]
2024-08-24 15:48:27.647 | INFO     | DPAH:train:162 - [iter:34/50][iter_time:47.22]
2024-08-24 15:49:30.226 | INFO     | DPAH:train:234 - [iter:34/50][code_length:64][mAP:0.54617][mAP_all:0.52384][best_mAP:0.54617]
2024-08-24 15:49:30.227 | INFO     | DPAH:train:235 - [iter:34/50][code_length:64][zs_mAP:0.49601][zs_mAP_all:0.12656]
2024-08-24 15:49:47.608 | INFO     | DPAH:train:159 - [epoch:1/3][loss:2.669760]
2024-08-24 15:50:05.298 | INFO     | DPAH:train:159 - [epoch:2/3][loss:2.594791]
2024-08-24 15:50:21.999 | INFO     | DPAH:train:159 - [epoch:3/3][loss:2.469641]
2024-08-24 15:50:21.999 | INFO     | DPAH:train:162 - [iter:35/50][iter_time:51.77]
2024-08-24 15:51:24.729 | INFO     | DPAH:train:234 - [iter:35/50][code_length:64][mAP:0.55304][mAP_all:0.53096][best_mAP:0.55304]
2024-08-24 15:51:24.729 | INFO     | DPAH:train:235 - [iter:35/50][code_length:64][zs_mAP:0.49874][zs_mAP_all:0.12843]
2024-08-24 15:51:40.914 | INFO     | DPAH:train:159 - [epoch:1/3][loss:2.743799]
2024-08-24 15:51:56.775 | INFO     | DPAH:train:159 - [epoch:2/3][loss:2.561660]
2024-08-24 15:52:13.069 | INFO     | DPAH:train:159 - [epoch:3/3][loss:2.473026]
2024-08-24 15:52:13.069 | INFO     | DPAH:train:162 - [iter:36/50][iter_time:48.34]
2024-08-24 15:53:15.350 | INFO     | DPAH:train:234 - [iter:36/50][code_length:64][mAP:0.55919][mAP_all:0.53633][best_mAP:0.55919]
2024-08-24 15:53:15.351 | INFO     | DPAH:train:235 - [iter:36/50][code_length:64][zs_mAP:0.49355][zs_mAP_all:0.13015]
2024-08-24 15:53:32.161 | INFO     | DPAH:train:159 - [epoch:1/3][loss:2.584664]
2024-08-24 15:53:47.375 | INFO     | DPAH:train:159 - [epoch:2/3][loss:2.419189]
2024-08-24 15:54:01.247 | INFO     | DPAH:train:159 - [epoch:3/3][loss:2.417601]
2024-08-24 15:54:01.247 | INFO     | DPAH:train:162 - [iter:37/50][iter_time:45.90]
2024-08-24 15:55:03.989 | INFO     | DPAH:train:234 - [iter:37/50][code_length:64][mAP:0.56134][mAP_all:0.53932][best_mAP:0.56134]
2024-08-24 15:55:03.990 | INFO     | DPAH:train:235 - [iter:37/50][code_length:64][zs_mAP:0.48684][zs_mAP_all:0.12398]
2024-08-24 15:55:21.019 | INFO     | DPAH:train:159 - [epoch:1/3][loss:2.673180]
2024-08-24 15:55:37.533 | INFO     | DPAH:train:159 - [epoch:2/3][loss:2.485273]
2024-08-24 15:55:54.193 | INFO     | DPAH:train:159 - [epoch:3/3][loss:2.388270]
2024-08-24 15:55:54.193 | INFO     | DPAH:train:162 - [iter:38/50][iter_time:50.20]
2024-08-24 15:56:56.568 | INFO     | DPAH:train:234 - [iter:38/50][code_length:64][mAP:0.56394][mAP_all:0.53992][best_mAP:0.56394]
2024-08-24 15:56:56.569 | INFO     | DPAH:train:235 - [iter:38/50][code_length:64][zs_mAP:0.51754][zs_mAP_all:0.14025]
2024-08-24 15:57:04.624 | INFO     | DPAH:train:159 - [epoch:1/3][loss:2.587951]
2024-08-24 15:57:12.764 | INFO     | DPAH:train:159 - [epoch:2/3][loss:2.491479]
2024-08-24 15:57:20.561 | INFO     | DPAH:train:159 - [epoch:3/3][loss:2.364690]
2024-08-24 15:57:20.561 | INFO     | DPAH:train:162 - [iter:39/50][iter_time:23.99]
2024-08-24 15:58:23.215 | INFO     | DPAH:train:234 - [iter:39/50][code_length:64][mAP:0.56662][mAP_all:0.54278][best_mAP:0.56662]
2024-08-24 15:58:23.215 | INFO     | DPAH:train:235 - [iter:39/50][code_length:64][zs_mAP:0.49317][zs_mAP_all:0.12870]
2024-08-24 15:58:31.340 | INFO     | DPAH:train:159 - [epoch:1/3][loss:2.552643]
2024-08-24 15:58:39.342 | INFO     | DPAH:train:159 - [epoch:2/3][loss:2.352584]
2024-08-24 15:58:46.964 | INFO     | DPAH:train:159 - [epoch:3/3][loss:2.259409]
2024-08-24 15:58:46.965 | INFO     | DPAH:train:162 - [iter:40/50][iter_time:23.75]
2024-08-24 15:59:51.446 | INFO     | DPAH:train:234 - [iter:40/50][code_length:64][mAP:0.57636][mAP_all:0.55190][best_mAP:0.57636]
2024-08-24 15:59:51.447 | INFO     | DPAH:train:235 - [iter:40/50][code_length:64][zs_mAP:0.50948][zs_mAP_all:0.13650]
2024-08-24 15:59:59.686 | INFO     | DPAH:train:159 - [epoch:1/3][loss:2.547307]
2024-08-24 16:00:07.920 | INFO     | DPAH:train:159 - [epoch:2/3][loss:2.390907]
2024-08-24 16:00:15.742 | INFO     | DPAH:train:159 - [epoch:3/3][loss:2.317236]
2024-08-24 16:00:15.743 | INFO     | DPAH:train:162 - [iter:41/50][iter_time:24.30]
2024-08-24 16:01:19.019 | INFO     | DPAH:train:234 - [iter:41/50][code_length:64][mAP:0.57940][mAP_all:0.55435][best_mAP:0.57940]
2024-08-24 16:01:19.019 | INFO     | DPAH:train:235 - [iter:41/50][code_length:64][zs_mAP:0.51226][zs_mAP_all:0.13390]
2024-08-24 16:01:27.122 | INFO     | DPAH:train:159 - [epoch:1/3][loss:2.547541]
2024-08-24 16:01:35.377 | INFO     | DPAH:train:159 - [epoch:2/3][loss:2.351256]
2024-08-24 16:01:43.274 | INFO     | DPAH:train:159 - [epoch:3/3][loss:2.246673]
2024-08-24 16:01:43.275 | INFO     | DPAH:train:162 - [iter:42/50][iter_time:24.26]
2024-08-24 16:02:47.764 | INFO     | DPAH:train:234 - [iter:42/50][code_length:64][mAP:0.58386][mAP_all:0.56021][best_mAP:0.58386]
2024-08-24 16:02:47.765 | INFO     | DPAH:train:235 - [iter:42/50][code_length:64][zs_mAP:0.48363][zs_mAP_all:0.13124]
2024-08-24 16:02:56.141 | INFO     | DPAH:train:159 - [epoch:1/3][loss:2.527728]
2024-08-24 16:03:04.298 | INFO     | DPAH:train:159 - [epoch:2/3][loss:2.314509]
2024-08-24 16:03:12.869 | INFO     | DPAH:train:159 - [epoch:3/3][loss:2.216521]
2024-08-24 16:03:12.869 | INFO     | DPAH:train:162 - [iter:43/50][iter_time:25.10]
2024-08-24 16:04:16.358 | INFO     | DPAH:train:234 - [iter:43/50][code_length:64][mAP:0.58551][mAP_all:0.56187][best_mAP:0.58551]
2024-08-24 16:04:16.358 | INFO     | DPAH:train:235 - [iter:43/50][code_length:64][zs_mAP:0.51039][zs_mAP_all:0.13493]
2024-08-24 16:04:35.959 | INFO     | DPAH:train:159 - [epoch:1/3][loss:2.464502]
2024-08-24 16:04:52.298 | INFO     | DPAH:train:159 - [epoch:2/3][loss:2.333082]
2024-08-24 16:05:10.436 | INFO     | DPAH:train:159 - [epoch:3/3][loss:2.193579]
2024-08-24 16:05:10.436 | INFO     | DPAH:train:162 - [iter:44/50][iter_time:54.08]
2024-08-24 16:06:14.141 | INFO     | DPAH:train:234 - [iter:44/50][code_length:64][mAP:0.59126][mAP_all:0.56680][best_mAP:0.59126]
2024-08-24 16:06:14.142 | INFO     | DPAH:train:235 - [iter:44/50][code_length:64][zs_mAP:0.50396][zs_mAP_all:0.13428]
2024-08-24 16:06:32.247 | INFO     | DPAH:train:159 - [epoch:1/3][loss:2.392649]
2024-08-24 16:06:51.806 | INFO     | DPAH:train:159 - [epoch:2/3][loss:2.236191]
2024-08-24 16:07:09.336 | INFO     | DPAH:train:159 - [epoch:3/3][loss:2.184700]
2024-08-24 16:07:09.337 | INFO     | DPAH:train:162 - [iter:45/50][iter_time:55.19]
2024-08-24 16:08:12.105 | INFO     | DPAH:train:234 - [iter:45/50][code_length:64][mAP:0.59657][mAP_all:0.57244][best_mAP:0.59657]
2024-08-24 16:08:12.105 | INFO     | DPAH:train:235 - [iter:45/50][code_length:64][zs_mAP:0.50263][zs_mAP_all:0.13338]
2024-08-24 16:08:28.286 | INFO     | DPAH:train:159 - [epoch:1/3][loss:2.418663]
2024-08-24 16:08:45.590 | INFO     | DPAH:train:159 - [epoch:2/3][loss:2.310364]
2024-08-24 16:09:03.638 | INFO     | DPAH:train:159 - [epoch:3/3][loss:2.231143]
2024-08-24 16:09:03.638 | INFO     | DPAH:train:162 - [iter:46/50][iter_time:51.53]
2024-08-24 16:10:07.168 | INFO     | DPAH:train:234 - [iter:46/50][code_length:64][mAP:0.62332][mAP_all:0.59860][best_mAP:0.62332]
2024-08-24 16:10:07.168 | INFO     | DPAH:train:235 - [iter:46/50][code_length:64][zs_mAP:0.53143][zs_mAP_all:0.14258]
2024-08-24 16:10:24.515 | INFO     | DPAH:train:159 - [epoch:1/3][loss:2.245204]
2024-08-24 16:10:41.828 | INFO     | DPAH:train:159 - [epoch:2/3][loss:2.150032]
2024-08-24 16:11:00.682 | INFO     | DPAH:train:159 - [epoch:3/3][loss:2.161124]
2024-08-24 16:11:00.683 | INFO     | DPAH:train:162 - [iter:47/50][iter_time:53.51]
2024-08-24 16:12:04.046 | INFO     | DPAH:train:234 - [iter:47/50][code_length:64][mAP:0.63292][mAP_all:0.60807][best_mAP:0.63292]
2024-08-24 16:12:04.047 | INFO     | DPAH:train:235 - [iter:47/50][code_length:64][zs_mAP:0.52880][zs_mAP_all:0.14351]
2024-08-24 16:12:20.174 | INFO     | DPAH:train:159 - [epoch:1/3][loss:2.285926]
2024-08-24 16:12:37.250 | INFO     | DPAH:train:159 - [epoch:2/3][loss:2.186732]
2024-08-24 16:12:54.028 | INFO     | DPAH:train:159 - [epoch:3/3][loss:2.203161]
2024-08-24 16:12:54.029 | INFO     | DPAH:train:162 - [iter:48/50][iter_time:49.98]
2024-08-24 16:13:57.717 | INFO     | DPAH:train:234 - [iter:48/50][code_length:64][mAP:0.63630][mAP_all:0.61128][best_mAP:0.63630]
2024-08-24 16:13:57.717 | INFO     | DPAH:train:235 - [iter:48/50][code_length:64][zs_mAP:0.52936][zs_mAP_all:0.14628]
2024-08-24 16:14:14.439 | INFO     | DPAH:train:159 - [epoch:1/3][loss:2.218172]
2024-08-24 16:14:29.920 | INFO     | DPAH:train:159 - [epoch:2/3][loss:2.113181]
2024-08-24 16:14:47.060 | INFO     | DPAH:train:159 - [epoch:3/3][loss:2.083679]
2024-08-24 16:14:47.060 | INFO     | DPAH:train:162 - [iter:49/50][iter_time:49.34]
2024-08-24 16:15:51.445 | INFO     | DPAH:train:234 - [iter:49/50][code_length:64][mAP:0.64125][mAP_all:0.61627][best_mAP:0.64125]
2024-08-24 16:15:51.446 | INFO     | DPAH:train:235 - [iter:49/50][code_length:64][zs_mAP:0.53551][zs_mAP_all:0.14792]
2024-08-24 16:16:10.510 | INFO     | DPAH:train:159 - [epoch:1/3][loss:2.193059]
2024-08-24 16:16:27.696 | INFO     | DPAH:train:159 - [epoch:2/3][loss:2.131291]
2024-08-24 16:16:44.130 | INFO     | DPAH:train:159 - [epoch:3/3][loss:2.157779]
2024-08-24 16:16:44.131 | INFO     | DPAH:train:162 - [iter:50/50][iter_time:52.68]
2024-08-24 16:17:47.206 | INFO     | DPAH:train:234 - [iter:50/50][code_length:64][mAP:0.64293][mAP_all:0.61788][best_mAP:0.64293]
2024-08-24 16:17:47.207 | INFO     | DPAH:train:235 - [iter:50/50][code_length:64][zs_mAP:0.53278][zs_mAP_all:0.14841]
2024-08-24 16:17:47.207 | INFO     | DPAH:train:238 - [Training time:5357.61]
2024-08-24 16:17:47.214 | INFO     | __main__:run:135 - [code_length:64][map:0.6429][map_all:0.6179][zs_map:0.5328][zs_map_all:0.1484]
