2024-08-29 00:25:46.680 | SUCCESS  | __main__:run:55 - Namespace(ZS=15, align_step=50, arch='hyp2', batch_size=16, cauchy_gamma=20.0, code_length=[16, 32, 64], criterion_rate=0.001, data='flickr25k', dataset='flickr25kzs', device=device(type='cuda', index=1), epoch_change=11, flag='hyp2', gamma=200, gpu=1, info='flickr25kzs-15-23-hyp2-08-29-16,32,64-tanh1', lambd=0.1, lambd_ch=0.1, lambd_sp=0.1, lr=0.01, lr_step=[45], margin=0.1, max_epoch=3, max_iter=50, momen=0.9, nesterov=False, net='ResNet50', num_classes=23, num_query=1000, num_samples=2000, num_workers=2, num_zs=15, optim='SGD', pretrain=True, quan_loss=False, root='/4T/dataset/flickr25k', save_ckpt='checkpoints/', topk=5000, val_freq=5, wd=0.0005)
2024-08-29 00:26:18.052 | INFO     | hyp2:train:147 - [epoch:1/3][loss:0.932976]
2024-08-29 00:26:40.683 | INFO     | hyp2:train:147 - [epoch:2/3][loss:0.628188]
2024-08-29 00:27:04.309 | INFO     | hyp2:train:147 - [epoch:3/3][loss:0.714259]
2024-08-29 00:27:04.310 | INFO     | hyp2:train:154 - [iter:1/50][iter_time:68.70]
2024-08-29 00:27:27.193 | INFO     | hyp2:train:147 - [epoch:1/3][loss:0.660212]
2024-08-29 00:27:50.859 | INFO     | hyp2:train:147 - [epoch:2/3][loss:0.655157]
2024-08-29 00:28:13.810 | INFO     | hyp2:train:147 - [epoch:3/3][loss:0.692175]
2024-08-29 00:28:13.811 | INFO     | hyp2:train:154 - [iter:2/50][iter_time:69.50]
2024-08-29 00:28:35.893 | INFO     | hyp2:train:147 - [epoch:1/3][loss:0.676296]
2024-08-29 00:28:58.241 | INFO     | hyp2:train:147 - [epoch:2/3][loss:0.746889]
2024-08-29 00:29:21.444 | INFO     | hyp2:train:147 - [epoch:3/3][loss:0.687271]
2024-08-29 00:29:21.445 | INFO     | hyp2:train:154 - [iter:3/50][iter_time:67.63]
2024-08-29 00:29:43.915 | INFO     | hyp2:train:147 - [epoch:1/3][loss:0.721269]
2024-08-29 00:30:06.401 | INFO     | hyp2:train:147 - [epoch:2/3][loss:0.664493]
2024-08-29 00:30:28.667 | INFO     | hyp2:train:147 - [epoch:3/3][loss:0.504421]
2024-08-29 00:30:28.668 | INFO     | hyp2:train:154 - [iter:4/50][iter_time:67.22]
2024-08-29 00:30:51.228 | INFO     | hyp2:train:147 - [epoch:1/3][loss:0.505711]
2024-08-29 00:31:13.284 | INFO     | hyp2:train:147 - [epoch:2/3][loss:0.521422]
2024-08-29 00:31:35.987 | INFO     | hyp2:train:147 - [epoch:3/3][loss:0.508020]
2024-08-29 00:31:35.987 | INFO     | hyp2:train:154 - [iter:5/50][iter_time:67.32]
2024-08-29 00:33:01.225 | INFO     | hyp2:train:226 - [iter:5/50][code_length:16][mAP:0.78820][mAP_all:0.84013][best_mAP:0.78820]
2024-08-29 00:33:01.225 | INFO     | hyp2:train:227 - [iter:5/50][code_length:16][zs_mAP:0.64287][zs_mAP_all:0.52860]
2024-08-29 00:33:23.743 | INFO     | hyp2:train:147 - [epoch:1/3][loss:0.616571]
2024-08-29 00:33:46.167 | INFO     | hyp2:train:147 - [epoch:2/3][loss:0.556790]
2024-08-29 00:34:07.478 | INFO     | hyp2:train:147 - [epoch:3/3][loss:0.517036]
2024-08-29 00:34:07.479 | INFO     | hyp2:train:154 - [iter:6/50][iter_time:66.25]
2024-08-29 00:34:29.873 | INFO     | hyp2:train:147 - [epoch:1/3][loss:0.764400]
2024-08-29 00:34:52.269 | INFO     | hyp2:train:147 - [epoch:2/3][loss:0.444693]
2024-08-29 00:35:14.658 | INFO     | hyp2:train:147 - [epoch:3/3][loss:0.495908]
2024-08-29 00:35:14.658 | INFO     | hyp2:train:154 - [iter:7/50][iter_time:67.18]
2024-08-29 00:35:36.855 | INFO     | hyp2:train:147 - [epoch:1/3][loss:0.653430]
2024-08-29 00:35:58.709 | INFO     | hyp2:train:147 - [epoch:2/3][loss:0.507261]
2024-08-29 00:36:20.752 | INFO     | hyp2:train:147 - [epoch:3/3][loss:0.411068]
2024-08-29 00:36:20.753 | INFO     | hyp2:train:154 - [iter:8/50][iter_time:66.09]
2024-08-29 00:36:43.506 | INFO     | hyp2:train:147 - [epoch:1/3][loss:0.453276]
2024-08-29 00:37:06.494 | INFO     | hyp2:train:147 - [epoch:2/3][loss:0.539627]
2024-08-29 00:37:29.457 | INFO     | hyp2:train:147 - [epoch:3/3][loss:0.576798]
2024-08-29 00:37:29.457 | INFO     | hyp2:train:154 - [iter:9/50][iter_time:68.70]
2024-08-29 00:37:52.212 | INFO     | hyp2:train:147 - [epoch:1/3][loss:0.572715]
2024-08-29 00:38:15.107 | INFO     | hyp2:train:147 - [epoch:2/3][loss:0.441104]
2024-08-29 00:38:37.978 | INFO     | hyp2:train:147 - [epoch:3/3][loss:0.534507]
2024-08-29 00:38:37.979 | INFO     | hyp2:train:154 - [iter:10/50][iter_time:68.52]
2024-08-29 00:40:03.131 | INFO     | hyp2:train:226 - [iter:10/50][code_length:16][mAP:0.80141][mAP_all:0.84619][best_mAP:0.80141]
2024-08-29 00:40:03.132 | INFO     | hyp2:train:227 - [iter:10/50][code_length:16][zs_mAP:0.62817][zs_mAP_all:0.48495]
2024-08-29 00:40:25.626 | INFO     | hyp2:train:147 - [epoch:1/3][loss:0.486123]
2024-08-29 00:40:48.329 | INFO     | hyp2:train:147 - [epoch:2/3][loss:0.475357]
2024-08-29 00:41:10.485 | INFO     | hyp2:train:147 - [epoch:3/3][loss:0.553284]
2024-08-29 00:41:10.486 | INFO     | hyp2:train:154 - [iter:11/50][iter_time:67.35]
2024-08-29 00:41:33.263 | INFO     | hyp2:train:147 - [epoch:1/3][loss:0.608820]
2024-08-29 00:41:55.716 | INFO     | hyp2:train:147 - [epoch:2/3][loss:0.538191]
2024-08-29 00:42:18.003 | INFO     | hyp2:train:147 - [epoch:3/3][loss:0.465784]
2024-08-29 00:42:18.004 | INFO     | hyp2:train:154 - [iter:12/50][iter_time:67.52]
2024-08-29 00:42:40.123 | INFO     | hyp2:train:147 - [epoch:1/3][loss:0.464479]
2024-08-29 00:43:02.486 | INFO     | hyp2:train:147 - [epoch:2/3][loss:0.387817]
2024-08-29 00:43:24.488 | INFO     | hyp2:train:147 - [epoch:3/3][loss:0.459325]
2024-08-29 00:43:24.489 | INFO     | hyp2:train:154 - [iter:13/50][iter_time:66.48]
2024-08-29 00:43:46.507 | INFO     | hyp2:train:147 - [epoch:1/3][loss:0.480593]
2024-08-29 00:44:09.172 | INFO     | hyp2:train:147 - [epoch:2/3][loss:0.534253]
2024-08-29 00:44:30.117 | INFO     | hyp2:train:147 - [epoch:3/3][loss:0.571814]
2024-08-29 00:44:30.117 | INFO     | hyp2:train:154 - [iter:14/50][iter_time:65.63]
2024-08-29 00:44:50.963 | INFO     | hyp2:train:147 - [epoch:1/3][loss:0.481533]
2024-08-29 00:45:13.188 | INFO     | hyp2:train:147 - [epoch:2/3][loss:0.423926]
2024-08-29 00:45:35.993 | INFO     | hyp2:train:147 - [epoch:3/3][loss:0.472577]
2024-08-29 00:45:35.993 | INFO     | hyp2:train:154 - [iter:15/50][iter_time:65.88]
2024-08-29 00:47:01.103 | INFO     | hyp2:train:226 - [iter:15/50][code_length:16][mAP:0.82594][mAP_all:0.86294][best_mAP:0.82594]
2024-08-29 00:47:01.104 | INFO     | hyp2:train:227 - [iter:15/50][code_length:16][zs_mAP:0.63557][zs_mAP_all:0.51612]
2024-08-29 00:47:24.213 | INFO     | hyp2:train:147 - [epoch:1/3][loss:0.465508]
2024-08-29 00:47:46.654 | INFO     | hyp2:train:147 - [epoch:2/3][loss:0.535011]
2024-08-29 00:48:08.728 | INFO     | hyp2:train:147 - [epoch:3/3][loss:0.328389]
2024-08-29 00:48:08.729 | INFO     | hyp2:train:154 - [iter:16/50][iter_time:67.62]
2024-08-29 00:48:31.282 | INFO     | hyp2:train:147 - [epoch:1/3][loss:0.536336]
2024-08-29 00:48:52.915 | INFO     | hyp2:train:147 - [epoch:2/3][loss:0.462114]
2024-08-29 00:49:14.508 | INFO     | hyp2:train:147 - [epoch:3/3][loss:0.423500]
2024-08-29 00:49:14.509 | INFO     | hyp2:train:154 - [iter:17/50][iter_time:65.78]
2024-08-29 00:49:36.012 | INFO     | hyp2:train:147 - [epoch:1/3][loss:0.415396]
2024-08-29 00:49:57.825 | INFO     | hyp2:train:147 - [epoch:2/3][loss:0.579682]
2024-08-29 00:50:19.771 | INFO     | hyp2:train:147 - [epoch:3/3][loss:0.376000]
2024-08-29 00:50:19.772 | INFO     | hyp2:train:154 - [iter:18/50][iter_time:65.26]
2024-08-29 00:50:41.631 | INFO     | hyp2:train:147 - [epoch:1/3][loss:0.497110]
2024-08-29 00:51:04.265 | INFO     | hyp2:train:147 - [epoch:2/3][loss:0.495908]
2024-08-29 00:51:27.101 | INFO     | hyp2:train:147 - [epoch:3/3][loss:0.442787]
2024-08-29 00:51:27.101 | INFO     | hyp2:train:154 - [iter:19/50][iter_time:67.33]
2024-08-29 00:51:49.673 | INFO     | hyp2:train:147 - [epoch:1/3][loss:0.504944]
2024-08-29 00:52:12.791 | INFO     | hyp2:train:147 - [epoch:2/3][loss:0.436088]
2024-08-29 00:52:35.294 | INFO     | hyp2:train:147 - [epoch:3/3][loss:0.354558]
2024-08-29 00:52:35.294 | INFO     | hyp2:train:154 - [iter:20/50][iter_time:68.19]
2024-08-29 00:53:59.762 | INFO     | hyp2:train:226 - [iter:20/50][code_length:16][mAP:0.83678][mAP_all:0.86990][best_mAP:0.83678]
2024-08-29 00:53:59.763 | INFO     | hyp2:train:227 - [iter:20/50][code_length:16][zs_mAP:0.63759][zs_mAP_all:0.51912]
2024-08-29 00:54:21.826 | INFO     | hyp2:train:147 - [epoch:1/3][loss:0.450908]
2024-08-29 00:54:44.413 | INFO     | hyp2:train:147 - [epoch:2/3][loss:0.426309]
2024-08-29 00:55:06.496 | INFO     | hyp2:train:147 - [epoch:3/3][loss:0.625323]
2024-08-29 00:55:06.497 | INFO     | hyp2:train:154 - [iter:21/50][iter_time:66.73]
2024-08-29 00:55:28.416 | INFO     | hyp2:train:147 - [epoch:1/3][loss:0.407688]
2024-08-29 00:55:50.438 | INFO     | hyp2:train:147 - [epoch:2/3][loss:0.418970]
2024-08-29 00:56:12.790 | INFO     | hyp2:train:147 - [epoch:3/3][loss:0.390126]
2024-08-29 00:56:12.791 | INFO     | hyp2:train:154 - [iter:22/50][iter_time:66.29]
2024-08-29 00:56:35.156 | INFO     | hyp2:train:147 - [epoch:1/3][loss:0.391317]
2024-08-29 00:56:57.297 | INFO     | hyp2:train:147 - [epoch:2/3][loss:0.453240]
2024-08-29 00:57:19.644 | INFO     | hyp2:train:147 - [epoch:3/3][loss:0.505239]
2024-08-29 00:57:19.645 | INFO     | hyp2:train:154 - [iter:23/50][iter_time:66.85]
2024-08-29 00:57:41.924 | INFO     | hyp2:train:147 - [epoch:1/3][loss:0.374196]
2024-08-29 00:58:04.556 | INFO     | hyp2:train:147 - [epoch:2/3][loss:0.313594]
2024-08-29 00:58:26.865 | INFO     | hyp2:train:147 - [epoch:3/3][loss:0.368605]
2024-08-29 00:58:26.865 | INFO     | hyp2:train:154 - [iter:24/50][iter_time:67.22]
2024-08-29 00:58:48.918 | INFO     | hyp2:train:147 - [epoch:1/3][loss:0.439522]
2024-08-29 00:59:11.273 | INFO     | hyp2:train:147 - [epoch:2/3][loss:0.430387]
2024-08-29 00:59:33.491 | INFO     | hyp2:train:147 - [epoch:3/3][loss:0.322815]
2024-08-29 00:59:33.492 | INFO     | hyp2:train:154 - [iter:25/50][iter_time:66.63]
2024-08-29 01:00:58.947 | INFO     | hyp2:train:226 - [iter:25/50][code_length:16][mAP:0.83177][mAP_all:0.86733][best_mAP:0.83678]
2024-08-29 01:00:58.948 | INFO     | hyp2:train:227 - [iter:25/50][code_length:16][zs_mAP:0.63398][zs_mAP_all:0.50530]
2024-08-29 01:01:20.884 | INFO     | hyp2:train:147 - [epoch:1/3][loss:0.449629]
2024-08-29 01:01:42.627 | INFO     | hyp2:train:147 - [epoch:2/3][loss:0.397731]
2024-08-29 01:02:04.592 | INFO     | hyp2:train:147 - [epoch:3/3][loss:0.475162]
2024-08-29 01:02:04.593 | INFO     | hyp2:train:154 - [iter:26/50][iter_time:65.64]
2024-08-29 01:02:26.541 | INFO     | hyp2:train:147 - [epoch:1/3][loss:0.593328]
2024-08-29 01:02:48.435 | INFO     | hyp2:train:147 - [epoch:2/3][loss:0.465227]
2024-08-29 01:03:10.309 | INFO     | hyp2:train:147 - [epoch:3/3][loss:0.559655]
2024-08-29 01:03:10.310 | INFO     | hyp2:train:154 - [iter:27/50][iter_time:65.72]
2024-08-29 01:03:32.187 | INFO     | hyp2:train:147 - [epoch:1/3][loss:0.510320]
2024-08-29 01:03:54.413 | INFO     | hyp2:train:147 - [epoch:2/3][loss:0.496490]
2024-08-29 01:04:16.964 | INFO     | hyp2:train:147 - [epoch:3/3][loss:0.454074]
2024-08-29 01:04:16.964 | INFO     | hyp2:train:154 - [iter:28/50][iter_time:66.65]
2024-08-29 01:04:38.978 | INFO     | hyp2:train:147 - [epoch:1/3][loss:0.391990]
2024-08-29 01:05:00.981 | INFO     | hyp2:train:147 - [epoch:2/3][loss:0.413837]
2024-08-29 01:05:23.277 | INFO     | hyp2:train:147 - [epoch:3/3][loss:0.573238]
2024-08-29 01:05:23.278 | INFO     | hyp2:train:154 - [iter:29/50][iter_time:66.31]
2024-08-29 01:05:45.725 | INFO     | hyp2:train:147 - [epoch:1/3][loss:0.495236]
2024-08-29 01:06:07.886 | INFO     | hyp2:train:147 - [epoch:2/3][loss:0.337225]
2024-08-29 01:06:30.043 | INFO     | hyp2:train:147 - [epoch:3/3][loss:0.553737]
2024-08-29 01:06:30.044 | INFO     | hyp2:train:154 - [iter:30/50][iter_time:66.77]
2024-08-29 01:07:55.329 | INFO     | hyp2:train:226 - [iter:30/50][code_length:16][mAP:0.83453][mAP_all:0.86631][best_mAP:0.83678]
2024-08-29 01:07:55.330 | INFO     | hyp2:train:227 - [iter:30/50][code_length:16][zs_mAP:0.63804][zs_mAP_all:0.50877]
2024-08-29 01:08:17.709 | INFO     | hyp2:train:147 - [epoch:1/3][loss:0.459665]
2024-08-29 01:08:39.904 | INFO     | hyp2:train:147 - [epoch:2/3][loss:0.407207]
2024-08-29 01:09:02.440 | INFO     | hyp2:train:147 - [epoch:3/3][loss:0.473650]
2024-08-29 01:09:02.441 | INFO     | hyp2:train:154 - [iter:31/50][iter_time:67.11]
2024-08-29 01:09:24.283 | INFO     | hyp2:train:147 - [epoch:1/3][loss:0.470566]
2024-08-29 01:09:46.979 | INFO     | hyp2:train:147 - [epoch:2/3][loss:0.399203]
2024-08-29 01:10:08.957 | INFO     | hyp2:train:147 - [epoch:3/3][loss:0.539836]
2024-08-29 01:10:08.958 | INFO     | hyp2:train:154 - [iter:32/50][iter_time:66.52]
2024-08-29 01:10:31.365 | INFO     | hyp2:train:147 - [epoch:1/3][loss:0.409542]
2024-08-29 01:10:53.675 | INFO     | hyp2:train:147 - [epoch:2/3][loss:0.414339]
2024-08-29 01:11:16.130 | INFO     | hyp2:train:147 - [epoch:3/3][loss:0.380468]
2024-08-29 01:11:16.130 | INFO     | hyp2:train:154 - [iter:33/50][iter_time:67.17]
2024-08-29 01:11:38.249 | INFO     | hyp2:train:147 - [epoch:1/3][loss:0.447652]
2024-08-29 01:12:00.413 | INFO     | hyp2:train:147 - [epoch:2/3][loss:0.457678]
2024-08-29 01:12:22.981 | INFO     | hyp2:train:147 - [epoch:3/3][loss:0.518748]
2024-08-29 01:12:22.982 | INFO     | hyp2:train:154 - [iter:34/50][iter_time:66.85]
2024-08-29 01:12:44.895 | INFO     | hyp2:train:147 - [epoch:1/3][loss:0.443731]
2024-08-29 01:13:06.832 | INFO     | hyp2:train:147 - [epoch:2/3][loss:0.411480]
2024-08-29 01:13:28.767 | INFO     | hyp2:train:147 - [epoch:3/3][loss:0.554353]
2024-08-29 01:13:28.767 | INFO     | hyp2:train:154 - [iter:35/50][iter_time:65.79]
2024-08-29 01:14:51.643 | INFO     | hyp2:train:226 - [iter:35/50][code_length:16][mAP:0.83390][mAP_all:0.86793][best_mAP:0.83678]
2024-08-29 01:14:51.644 | INFO     | hyp2:train:227 - [iter:35/50][code_length:16][zs_mAP:0.63440][zs_mAP_all:0.49814]
2024-08-29 01:15:13.378 | INFO     | hyp2:train:147 - [epoch:1/3][loss:0.482663]
2024-08-29 01:15:35.519 | INFO     | hyp2:train:147 - [epoch:2/3][loss:0.429354]
2024-08-29 01:15:57.127 | INFO     | hyp2:train:147 - [epoch:3/3][loss:0.386148]
2024-08-29 01:15:57.128 | INFO     | hyp2:train:154 - [iter:36/50][iter_time:65.48]
2024-08-29 01:16:19.062 | INFO     | hyp2:train:147 - [epoch:1/3][loss:0.572520]
2024-08-29 01:16:40.862 | INFO     | hyp2:train:147 - [epoch:2/3][loss:0.468566]
2024-08-29 01:17:02.678 | INFO     | hyp2:train:147 - [epoch:3/3][loss:0.408429]
2024-08-29 01:17:02.679 | INFO     | hyp2:train:154 - [iter:37/50][iter_time:65.55]
2024-08-29 01:17:24.798 | INFO     | hyp2:train:147 - [epoch:1/3][loss:0.451844]
2024-08-29 01:17:47.095 | INFO     | hyp2:train:147 - [epoch:2/3][loss:0.434998]
2024-08-29 01:18:08.955 | INFO     | hyp2:train:147 - [epoch:3/3][loss:0.364184]
2024-08-29 01:18:08.956 | INFO     | hyp2:train:154 - [iter:38/50][iter_time:66.28]
2024-08-29 01:18:30.957 | INFO     | hyp2:train:147 - [epoch:1/3][loss:0.432223]
2024-08-29 01:18:53.026 | INFO     | hyp2:train:147 - [epoch:2/3][loss:0.465436]
2024-08-29 01:19:15.580 | INFO     | hyp2:train:147 - [epoch:3/3][loss:0.455223]
2024-08-29 01:19:15.581 | INFO     | hyp2:train:154 - [iter:39/50][iter_time:66.62]
2024-08-29 01:19:37.022 | INFO     | hyp2:train:147 - [epoch:1/3][loss:0.387995]
2024-08-29 01:19:58.832 | INFO     | hyp2:train:147 - [epoch:2/3][loss:0.439315]
2024-08-29 01:20:20.369 | INFO     | hyp2:train:147 - [epoch:3/3][loss:0.471032]
2024-08-29 01:20:20.370 | INFO     | hyp2:train:154 - [iter:40/50][iter_time:64.79]
2024-08-29 01:21:43.283 | INFO     | hyp2:train:226 - [iter:40/50][code_length:16][mAP:0.83190][mAP_all:0.86589][best_mAP:0.83678]
2024-08-29 01:21:43.284 | INFO     | hyp2:train:227 - [iter:40/50][code_length:16][zs_mAP:0.63436][zs_mAP_all:0.50574]
2024-08-29 01:22:05.588 | INFO     | hyp2:train:147 - [epoch:1/3][loss:0.376376]
2024-08-29 01:22:27.679 | INFO     | hyp2:train:147 - [epoch:2/3][loss:0.554574]
2024-08-29 01:22:49.481 | INFO     | hyp2:train:147 - [epoch:3/3][loss:0.481142]
2024-08-29 01:22:49.481 | INFO     | hyp2:train:154 - [iter:41/50][iter_time:66.20]
2024-08-29 01:23:11.413 | INFO     | hyp2:train:147 - [epoch:1/3][loss:0.499330]
2024-08-29 01:23:33.196 | INFO     | hyp2:train:147 - [epoch:2/3][loss:0.533365]
2024-08-29 01:23:54.932 | INFO     | hyp2:train:147 - [epoch:3/3][loss:0.495909]
2024-08-29 01:23:54.932 | INFO     | hyp2:train:154 - [iter:42/50][iter_time:65.45]
2024-08-29 01:24:16.992 | INFO     | hyp2:train:147 - [epoch:1/3][loss:0.336387]
2024-08-29 01:24:39.075 | INFO     | hyp2:train:147 - [epoch:2/3][loss:0.379187]
2024-08-29 01:25:01.110 | INFO     | hyp2:train:147 - [epoch:3/3][loss:0.545233]
2024-08-29 01:25:01.110 | INFO     | hyp2:train:154 - [iter:43/50][iter_time:66.18]
2024-08-29 01:25:23.023 | INFO     | hyp2:train:147 - [epoch:1/3][loss:0.425411]
2024-08-29 01:25:45.356 | INFO     | hyp2:train:147 - [epoch:2/3][loss:0.431922]
2024-08-29 01:26:08.324 | INFO     | hyp2:train:147 - [epoch:3/3][loss:0.443761]
2024-08-29 01:26:08.325 | INFO     | hyp2:train:154 - [iter:44/50][iter_time:67.21]
2024-08-29 01:26:32.541 | INFO     | hyp2:train:147 - [epoch:1/3][loss:0.422729]
2024-08-29 01:26:55.161 | INFO     | hyp2:train:147 - [epoch:2/3][loss:0.396769]
2024-08-29 01:27:16.788 | INFO     | hyp2:train:147 - [epoch:3/3][loss:0.421123]
2024-08-29 01:27:16.789 | INFO     | hyp2:train:154 - [iter:45/50][iter_time:68.46]
2024-08-29 01:28:38.967 | INFO     | hyp2:train:226 - [iter:45/50][code_length:16][mAP:0.83539][mAP_all:0.86464][best_mAP:0.83678]
2024-08-29 01:28:38.967 | INFO     | hyp2:train:227 - [iter:45/50][code_length:16][zs_mAP:0.63431][zs_mAP_all:0.50160]
2024-08-29 01:29:01.081 | INFO     | hyp2:train:147 - [epoch:1/3][loss:0.474584]
2024-08-29 01:29:23.921 | INFO     | hyp2:train:147 - [epoch:2/3][loss:0.582226]
2024-08-29 01:29:46.380 | INFO     | hyp2:train:147 - [epoch:3/3][loss:0.379386]
2024-08-29 01:29:46.381 | INFO     | hyp2:train:154 - [iter:46/50][iter_time:67.41]
2024-08-29 01:31:10.384 | INFO     | hyp2:train:226 - [iter:46/50][code_length:16][mAP:0.83630][mAP_all:0.86794][best_mAP:0.83678]
2024-08-29 01:31:10.384 | INFO     | hyp2:train:227 - [iter:46/50][code_length:16][zs_mAP:0.63868][zs_mAP_all:0.51884]
2024-08-29 01:31:32.413 | INFO     | hyp2:train:147 - [epoch:1/3][loss:0.407933]
2024-08-29 01:31:54.477 | INFO     | hyp2:train:147 - [epoch:2/3][loss:0.453477]
2024-08-29 01:32:16.304 | INFO     | hyp2:train:147 - [epoch:3/3][loss:0.408785]
2024-08-29 01:32:16.305 | INFO     | hyp2:train:154 - [iter:47/50][iter_time:65.92]
2024-08-29 01:33:40.451 | INFO     | hyp2:train:226 - [iter:47/50][code_length:16][mAP:0.83788][mAP_all:0.87171][best_mAP:0.83788]
2024-08-29 01:33:40.452 | INFO     | hyp2:train:227 - [iter:47/50][code_length:16][zs_mAP:0.64125][zs_mAP_all:0.51994]
2024-08-29 01:34:02.815 | INFO     | hyp2:train:147 - [epoch:1/3][loss:0.452730]
2024-08-29 01:34:23.686 | INFO     | hyp2:train:147 - [epoch:2/3][loss:0.361363]
2024-08-29 01:34:46.901 | INFO     | hyp2:train:147 - [epoch:3/3][loss:0.440575]
2024-08-29 01:34:46.901 | INFO     | hyp2:train:154 - [iter:48/50][iter_time:66.45]
2024-08-29 01:36:10.135 | INFO     | hyp2:train:226 - [iter:48/50][code_length:16][mAP:0.83486][mAP_all:0.87011][best_mAP:0.83788]
2024-08-29 01:36:10.136 | INFO     | hyp2:train:227 - [iter:48/50][code_length:16][zs_mAP:0.63801][zs_mAP_all:0.51365]
2024-08-29 01:36:31.948 | INFO     | hyp2:train:147 - [epoch:1/3][loss:0.411088]
2024-08-29 01:36:53.821 | INFO     | hyp2:train:147 - [epoch:2/3][loss:0.544655]
2024-08-29 01:37:15.863 | INFO     | hyp2:train:147 - [epoch:3/3][loss:0.447747]
2024-08-29 01:37:15.864 | INFO     | hyp2:train:154 - [iter:49/50][iter_time:65.73]
2024-08-29 01:38:40.194 | INFO     | hyp2:train:226 - [iter:49/50][code_length:16][mAP:0.83690][mAP_all:0.86767][best_mAP:0.83788]
2024-08-29 01:38:40.194 | INFO     | hyp2:train:227 - [iter:49/50][code_length:16][zs_mAP:0.63432][zs_mAP_all:0.50018]
2024-08-29 01:39:02.360 | INFO     | hyp2:train:147 - [epoch:1/3][loss:0.515820]
2024-08-29 01:39:24.845 | INFO     | hyp2:train:147 - [epoch:2/3][loss:0.429099]
2024-08-29 01:39:47.029 | INFO     | hyp2:train:147 - [epoch:3/3][loss:0.439346]
2024-08-29 01:39:47.030 | INFO     | hyp2:train:154 - [iter:50/50][iter_time:66.84]
2024-08-29 01:41:11.287 | INFO     | hyp2:train:226 - [iter:50/50][code_length:16][mAP:0.83814][mAP_all:0.87168][best_mAP:0.83814]
2024-08-29 01:41:11.288 | INFO     | hyp2:train:227 - [iter:50/50][code_length:16][zs_mAP:0.63885][zs_mAP_all:0.51429]
2024-08-29 01:41:11.289 | INFO     | hyp2:train:229 - [Training time:4515.68]
2024-08-29 01:41:11.291 | INFO     | __main__:run:138 - [code_length:16][map:0.8381][map_all:0.8717][zs_map:0.6388][zs_map_all:0.5143]
2024-08-29 01:41:34.368 | INFO     | hyp2:train:147 - [epoch:1/3][loss:0.849836]
2024-08-29 01:41:56.396 | INFO     | hyp2:train:147 - [epoch:2/3][loss:0.805686]
2024-08-29 01:42:19.592 | INFO     | hyp2:train:147 - [epoch:3/3][loss:0.755586]
2024-08-29 01:42:19.592 | INFO     | hyp2:train:154 - [iter:1/50][iter_time:67.38]
2024-08-29 01:42:42.093 | INFO     | hyp2:train:147 - [epoch:1/3][loss:0.754098]
2024-08-29 01:43:05.151 | INFO     | hyp2:train:147 - [epoch:2/3][loss:0.763902]
2024-08-29 01:43:28.062 | INFO     | hyp2:train:147 - [epoch:3/3][loss:0.650868]
2024-08-29 01:43:28.063 | INFO     | hyp2:train:154 - [iter:2/50][iter_time:68.47]
2024-08-29 01:43:50.781 | INFO     | hyp2:train:147 - [epoch:1/3][loss:0.716507]
2024-08-29 01:44:12.896 | INFO     | hyp2:train:147 - [epoch:2/3][loss:0.634944]
2024-08-29 01:44:34.963 | INFO     | hyp2:train:147 - [epoch:3/3][loss:0.645831]
2024-08-29 01:44:34.964 | INFO     | hyp2:train:154 - [iter:3/50][iter_time:66.90]
2024-08-29 01:44:56.697 | INFO     | hyp2:train:147 - [epoch:1/3][loss:0.845151]
2024-08-29 01:45:18.760 | INFO     | hyp2:train:147 - [epoch:2/3][loss:0.701425]
2024-08-29 01:45:40.571 | INFO     | hyp2:train:147 - [epoch:3/3][loss:0.690735]
2024-08-29 01:45:40.571 | INFO     | hyp2:train:154 - [iter:4/50][iter_time:65.61]
2024-08-29 01:46:02.522 | INFO     | hyp2:train:147 - [epoch:1/3][loss:0.653755]
2024-08-29 01:46:25.280 | INFO     | hyp2:train:147 - [epoch:2/3][loss:0.580000]
2024-08-29 01:46:47.805 | INFO     | hyp2:train:147 - [epoch:3/3][loss:0.511091]
2024-08-29 01:46:47.806 | INFO     | hyp2:train:154 - [iter:5/50][iter_time:67.23]
2024-08-29 01:48:12.887 | INFO     | hyp2:train:226 - [iter:5/50][code_length:32][mAP:0.80395][mAP_all:0.85176][best_mAP:0.80395]
2024-08-29 01:48:12.887 | INFO     | hyp2:train:227 - [iter:5/50][code_length:32][zs_mAP:0.64582][zs_mAP_all:0.52982]
2024-08-29 01:48:35.570 | INFO     | hyp2:train:147 - [epoch:1/3][loss:0.531096]
2024-08-29 01:48:57.441 | INFO     | hyp2:train:147 - [epoch:2/3][loss:0.592330]
2024-08-29 01:49:19.384 | INFO     | hyp2:train:147 - [epoch:3/3][loss:0.435194]
2024-08-29 01:49:19.384 | INFO     | hyp2:train:154 - [iter:6/50][iter_time:66.50]
2024-08-29 01:49:41.160 | INFO     | hyp2:train:147 - [epoch:1/3][loss:0.482838]
2024-08-29 01:50:03.145 | INFO     | hyp2:train:147 - [epoch:2/3][loss:0.523849]
2024-08-29 01:50:24.908 | INFO     | hyp2:train:147 - [epoch:3/3][loss:0.467964]
2024-08-29 01:50:24.909 | INFO     | hyp2:train:154 - [iter:7/50][iter_time:65.52]
2024-08-29 01:50:47.004 | INFO     | hyp2:train:147 - [epoch:1/3][loss:0.471512]
2024-08-29 01:51:10.289 | INFO     | hyp2:train:147 - [epoch:2/3][loss:0.605536]
2024-08-29 01:51:33.515 | INFO     | hyp2:train:147 - [epoch:3/3][loss:0.524855]
2024-08-29 01:51:33.515 | INFO     | hyp2:train:154 - [iter:8/50][iter_time:68.61]
2024-08-29 01:51:56.415 | INFO     | hyp2:train:147 - [epoch:1/3][loss:0.538575]
2024-08-29 01:52:19.100 | INFO     | hyp2:train:147 - [epoch:2/3][loss:0.570088]
2024-08-29 01:52:41.631 | INFO     | hyp2:train:147 - [epoch:3/3][loss:0.582239]
2024-08-29 01:52:41.632 | INFO     | hyp2:train:154 - [iter:9/50][iter_time:68.12]
2024-08-29 01:53:03.425 | INFO     | hyp2:train:147 - [epoch:1/3][loss:0.428890]
2024-08-29 01:53:24.779 | INFO     | hyp2:train:147 - [epoch:2/3][loss:0.649775]
2024-08-29 01:53:46.553 | INFO     | hyp2:train:147 - [epoch:3/3][loss:0.486757]
2024-08-29 01:53:46.554 | INFO     | hyp2:train:154 - [iter:10/50][iter_time:64.92]
2024-08-29 01:55:10.350 | INFO     | hyp2:train:226 - [iter:10/50][code_length:32][mAP:0.83817][mAP_all:0.87222][best_mAP:0.83817]
2024-08-29 01:55:10.350 | INFO     | hyp2:train:227 - [iter:10/50][code_length:32][zs_mAP:0.64238][zs_mAP_all:0.53088]
2024-08-29 01:55:33.827 | INFO     | hyp2:train:147 - [epoch:1/3][loss:0.479299]
2024-08-29 01:55:57.003 | INFO     | hyp2:train:147 - [epoch:2/3][loss:0.476264]
2024-08-29 01:56:19.616 | INFO     | hyp2:train:147 - [epoch:3/3][loss:0.485928]
2024-08-29 01:56:19.617 | INFO     | hyp2:train:154 - [iter:11/50][iter_time:69.27]
2024-08-29 01:56:41.885 | INFO     | hyp2:train:147 - [epoch:1/3][loss:0.450841]
2024-08-29 01:57:03.975 | INFO     | hyp2:train:147 - [epoch:2/3][loss:0.514857]
2024-08-29 01:57:25.888 | INFO     | hyp2:train:147 - [epoch:3/3][loss:0.521267]
2024-08-29 01:57:25.889 | INFO     | hyp2:train:154 - [iter:12/50][iter_time:66.27]
2024-08-29 01:57:47.652 | INFO     | hyp2:train:147 - [epoch:1/3][loss:0.602794]
2024-08-29 01:58:09.569 | INFO     | hyp2:train:147 - [epoch:2/3][loss:0.501687]
2024-08-29 01:58:31.451 | INFO     | hyp2:train:147 - [epoch:3/3][loss:0.405428]
2024-08-29 01:58:31.452 | INFO     | hyp2:train:154 - [iter:13/50][iter_time:65.56]
2024-08-29 01:58:53.419 | INFO     | hyp2:train:147 - [epoch:1/3][loss:0.522122]
2024-08-29 01:59:15.425 | INFO     | hyp2:train:147 - [epoch:2/3][loss:0.492030]
2024-08-29 01:59:37.495 | INFO     | hyp2:train:147 - [epoch:3/3][loss:0.506552]
2024-08-29 01:59:37.496 | INFO     | hyp2:train:154 - [iter:14/50][iter_time:66.04]
2024-08-29 01:59:59.528 | INFO     | hyp2:train:147 - [epoch:1/3][loss:0.561852]
2024-08-29 02:00:21.959 | INFO     | hyp2:train:147 - [epoch:2/3][loss:0.547969]
2024-08-29 02:00:44.462 | INFO     | hyp2:train:147 - [epoch:3/3][loss:0.522595]
2024-08-29 02:00:44.463 | INFO     | hyp2:train:154 - [iter:15/50][iter_time:66.97]
2024-08-29 02:02:10.273 | INFO     | hyp2:train:226 - [iter:15/50][code_length:32][mAP:0.84990][mAP_all:0.88235][best_mAP:0.84990]
2024-08-29 02:02:10.274 | INFO     | hyp2:train:227 - [iter:15/50][code_length:32][zs_mAP:0.64549][zs_mAP_all:0.53865]
2024-08-29 02:02:32.655 | INFO     | hyp2:train:147 - [epoch:1/3][loss:0.473967]
2024-08-29 02:02:54.815 | INFO     | hyp2:train:147 - [epoch:2/3][loss:0.498307]
2024-08-29 02:03:17.045 | INFO     | hyp2:train:147 - [epoch:3/3][loss:0.482323]
2024-08-29 02:03:17.046 | INFO     | hyp2:train:154 - [iter:16/50][iter_time:66.77]
2024-08-29 02:03:39.748 | INFO     | hyp2:train:147 - [epoch:1/3][loss:0.619899]
2024-08-29 02:04:02.312 | INFO     | hyp2:train:147 - [epoch:2/3][loss:0.501305]
2024-08-29 02:04:24.988 | INFO     | hyp2:train:147 - [epoch:3/3][loss:0.446820]
2024-08-29 02:04:24.989 | INFO     | hyp2:train:154 - [iter:17/50][iter_time:67.94]
2024-08-29 02:04:47.693 | INFO     | hyp2:train:147 - [epoch:1/3][loss:0.541226]
2024-08-29 02:05:10.042 | INFO     | hyp2:train:147 - [epoch:2/3][loss:0.447160]
2024-08-29 02:05:32.145 | INFO     | hyp2:train:147 - [epoch:3/3][loss:0.530477]
2024-08-29 02:05:32.145 | INFO     | hyp2:train:154 - [iter:18/50][iter_time:67.16]
2024-08-29 02:05:54.186 | INFO     | hyp2:train:147 - [epoch:1/3][loss:0.450215]
2024-08-29 02:06:15.963 | INFO     | hyp2:train:147 - [epoch:2/3][loss:0.468898]
2024-08-29 02:06:37.813 | INFO     | hyp2:train:147 - [epoch:3/3][loss:0.502584]
2024-08-29 02:06:37.814 | INFO     | hyp2:train:154 - [iter:19/50][iter_time:65.67]
2024-08-29 02:06:59.617 | INFO     | hyp2:train:147 - [epoch:1/3][loss:0.515104]
2024-08-29 02:07:21.490 | INFO     | hyp2:train:147 - [epoch:2/3][loss:0.491176]
2024-08-29 02:07:43.453 | INFO     | hyp2:train:147 - [epoch:3/3][loss:0.426441]
2024-08-29 02:07:43.454 | INFO     | hyp2:train:154 - [iter:20/50][iter_time:65.64]
2024-08-29 02:09:07.120 | INFO     | hyp2:train:226 - [iter:20/50][code_length:32][mAP:0.85427][mAP_all:0.88130][best_mAP:0.85427]
2024-08-29 02:09:07.121 | INFO     | hyp2:train:227 - [iter:20/50][code_length:32][zs_mAP:0.65329][zs_mAP_all:0.55498]
2024-08-29 02:09:29.410 | INFO     | hyp2:train:147 - [epoch:1/3][loss:0.414379]
2024-08-29 02:09:51.485 | INFO     | hyp2:train:147 - [epoch:2/3][loss:0.445949]
2024-08-29 02:10:13.989 | INFO     | hyp2:train:147 - [epoch:3/3][loss:0.510287]
2024-08-29 02:10:13.990 | INFO     | hyp2:train:154 - [iter:21/50][iter_time:66.87]
2024-08-29 02:10:35.941 | INFO     | hyp2:train:147 - [epoch:1/3][loss:0.497010]
2024-08-29 02:10:57.929 | INFO     | hyp2:train:147 - [epoch:2/3][loss:0.400265]
2024-08-29 02:11:19.449 | INFO     | hyp2:train:147 - [epoch:3/3][loss:0.537175]
2024-08-29 02:11:19.450 | INFO     | hyp2:train:154 - [iter:22/50][iter_time:65.46]
2024-08-29 02:11:41.356 | INFO     | hyp2:train:147 - [epoch:1/3][loss:0.598862]
2024-08-29 02:12:03.682 | INFO     | hyp2:train:147 - [epoch:2/3][loss:0.609840]
2024-08-29 02:12:26.669 | INFO     | hyp2:train:147 - [epoch:3/3][loss:0.467677]
2024-08-29 02:12:26.670 | INFO     | hyp2:train:154 - [iter:23/50][iter_time:67.22]
2024-08-29 02:12:48.709 | INFO     | hyp2:train:147 - [epoch:1/3][loss:0.455476]
2024-08-29 02:13:10.780 | INFO     | hyp2:train:147 - [epoch:2/3][loss:0.431030]
2024-08-29 02:13:32.678 | INFO     | hyp2:train:147 - [epoch:3/3][loss:0.498386]
2024-08-29 02:13:32.678 | INFO     | hyp2:train:154 - [iter:24/50][iter_time:66.01]
2024-08-29 02:13:55.800 | INFO     | hyp2:train:147 - [epoch:1/3][loss:0.480974]
2024-08-29 02:14:17.516 | INFO     | hyp2:train:147 - [epoch:2/3][loss:0.548247]
2024-08-29 02:14:39.812 | INFO     | hyp2:train:147 - [epoch:3/3][loss:0.512249]
2024-08-29 02:14:39.813 | INFO     | hyp2:train:154 - [iter:25/50][iter_time:67.13]
2024-08-29 02:16:02.822 | INFO     | hyp2:train:226 - [iter:25/50][code_length:32][mAP:0.85759][mAP_all:0.88363][best_mAP:0.85759]
2024-08-29 02:16:02.823 | INFO     | hyp2:train:227 - [iter:25/50][code_length:32][zs_mAP:0.64717][zs_mAP_all:0.54093]
2024-08-29 02:16:26.281 | INFO     | hyp2:train:147 - [epoch:1/3][loss:0.454902]
2024-08-29 02:16:48.562 | INFO     | hyp2:train:147 - [epoch:2/3][loss:0.453711]
2024-08-29 02:17:11.368 | INFO     | hyp2:train:147 - [epoch:3/3][loss:0.502034]
2024-08-29 02:17:11.368 | INFO     | hyp2:train:154 - [iter:26/50][iter_time:68.54]
2024-08-29 02:17:34.322 | INFO     | hyp2:train:147 - [epoch:1/3][loss:0.422940]
2024-08-29 02:17:57.487 | INFO     | hyp2:train:147 - [epoch:2/3][loss:0.443976]
2024-08-29 02:18:19.759 | INFO     | hyp2:train:147 - [epoch:3/3][loss:0.465032]
2024-08-29 02:18:19.760 | INFO     | hyp2:train:154 - [iter:27/50][iter_time:68.39]
2024-08-29 02:18:41.581 | INFO     | hyp2:train:147 - [epoch:1/3][loss:0.472883]
2024-08-29 02:19:03.309 | INFO     | hyp2:train:147 - [epoch:2/3][loss:0.614196]
2024-08-29 02:19:25.187 | INFO     | hyp2:train:147 - [epoch:3/3][loss:0.544611]
2024-08-29 02:19:25.188 | INFO     | hyp2:train:154 - [iter:28/50][iter_time:65.43]
2024-08-29 02:19:46.924 | INFO     | hyp2:train:147 - [epoch:1/3][loss:0.405885]
2024-08-29 02:20:08.653 | INFO     | hyp2:train:147 - [epoch:2/3][loss:0.456683]
2024-08-29 02:20:30.813 | INFO     | hyp2:train:147 - [epoch:3/3][loss:0.649998]
2024-08-29 02:20:30.814 | INFO     | hyp2:train:154 - [iter:29/50][iter_time:65.63]
2024-08-29 02:20:53.510 | INFO     | hyp2:train:147 - [epoch:1/3][loss:0.470635]
2024-08-29 02:21:16.062 | INFO     | hyp2:train:147 - [epoch:2/3][loss:0.418828]
2024-08-29 02:21:38.437 | INFO     | hyp2:train:147 - [epoch:3/3][loss:0.413214]
2024-08-29 02:21:38.438 | INFO     | hyp2:train:154 - [iter:30/50][iter_time:67.62]
2024-08-29 02:23:03.630 | INFO     | hyp2:train:226 - [iter:30/50][code_length:32][mAP:0.85794][mAP_all:0.88546][best_mAP:0.85794]
2024-08-29 02:23:03.631 | INFO     | hyp2:train:227 - [iter:30/50][code_length:32][zs_mAP:0.64962][zs_mAP_all:0.54968]
2024-08-29 02:23:26.616 | INFO     | hyp2:train:147 - [epoch:1/3][loss:0.463414]
2024-08-29 02:23:48.726 | INFO     | hyp2:train:147 - [epoch:2/3][loss:0.518201]
2024-08-29 02:24:11.426 | INFO     | hyp2:train:147 - [epoch:3/3][loss:0.462408]
2024-08-29 02:24:11.427 | INFO     | hyp2:train:154 - [iter:31/50][iter_time:67.80]
2024-08-29 02:24:33.535 | INFO     | hyp2:train:147 - [epoch:1/3][loss:0.341706]
2024-08-29 02:24:55.932 | INFO     | hyp2:train:147 - [epoch:2/3][loss:0.383716]
2024-08-29 02:25:18.495 | INFO     | hyp2:train:147 - [epoch:3/3][loss:0.437971]
2024-08-29 02:25:18.496 | INFO     | hyp2:train:154 - [iter:32/50][iter_time:67.07]
2024-08-29 02:25:40.745 | INFO     | hyp2:train:147 - [epoch:1/3][loss:0.481909]
2024-08-29 02:26:01.859 | INFO     | hyp2:train:147 - [epoch:2/3][loss:0.531515]
2024-08-29 02:26:22.485 | INFO     | hyp2:train:147 - [epoch:3/3][loss:0.455549]
2024-08-29 02:26:22.486 | INFO     | hyp2:train:154 - [iter:33/50][iter_time:63.99]
2024-08-29 02:26:44.649 | INFO     | hyp2:train:147 - [epoch:1/3][loss:0.583015]
2024-08-29 02:27:07.008 | INFO     | hyp2:train:147 - [epoch:2/3][loss:0.614223]
2024-08-29 02:27:29.615 | INFO     | hyp2:train:147 - [epoch:3/3][loss:0.404553]
2024-08-29 02:27:29.616 | INFO     | hyp2:train:154 - [iter:34/50][iter_time:67.13]
2024-08-29 02:27:52.187 | INFO     | hyp2:train:147 - [epoch:1/3][loss:0.642475]
2024-08-29 02:28:14.990 | INFO     | hyp2:train:147 - [epoch:2/3][loss:0.526265]
2024-08-29 02:28:37.551 | INFO     | hyp2:train:147 - [epoch:3/3][loss:0.496870]
2024-08-29 02:28:37.552 | INFO     | hyp2:train:154 - [iter:35/50][iter_time:67.94]
2024-08-29 02:30:01.974 | INFO     | hyp2:train:226 - [iter:35/50][code_length:32][mAP:0.85929][mAP_all:0.88557][best_mAP:0.85929]
2024-08-29 02:30:01.975 | INFO     | hyp2:train:227 - [iter:35/50][code_length:32][zs_mAP:0.64736][zs_mAP_all:0.53925]
2024-08-29 02:30:24.355 | INFO     | hyp2:train:147 - [epoch:1/3][loss:0.580158]
2024-08-29 02:30:47.160 | INFO     | hyp2:train:147 - [epoch:2/3][loss:0.480891]
2024-08-29 02:31:09.449 | INFO     | hyp2:train:147 - [epoch:3/3][loss:0.466963]
2024-08-29 02:31:09.449 | INFO     | hyp2:train:154 - [iter:36/50][iter_time:67.47]
2024-08-29 02:31:32.261 | INFO     | hyp2:train:147 - [epoch:1/3][loss:0.454390]
2024-08-29 02:31:54.499 | INFO     | hyp2:train:147 - [epoch:2/3][loss:0.437173]
2024-08-29 02:32:16.210 | INFO     | hyp2:train:147 - [epoch:3/3][loss:0.383296]
2024-08-29 02:32:16.210 | INFO     | hyp2:train:154 - [iter:37/50][iter_time:66.76]
2024-08-29 02:32:39.371 | INFO     | hyp2:train:147 - [epoch:1/3][loss:0.603245]
2024-08-29 02:33:02.400 | INFO     | hyp2:train:147 - [epoch:2/3][loss:0.422175]
2024-08-29 02:33:24.754 | INFO     | hyp2:train:147 - [epoch:3/3][loss:0.431696]
2024-08-29 02:33:24.755 | INFO     | hyp2:train:154 - [iter:38/50][iter_time:68.54]
2024-08-29 02:33:47.085 | INFO     | hyp2:train:147 - [epoch:1/3][loss:0.492942]
2024-08-29 02:34:09.859 | INFO     | hyp2:train:147 - [epoch:2/3][loss:0.508814]
2024-08-29 02:34:32.356 | INFO     | hyp2:train:147 - [epoch:3/3][loss:0.484135]
2024-08-29 02:34:32.357 | INFO     | hyp2:train:154 - [iter:39/50][iter_time:67.60]
2024-08-29 02:34:54.054 | INFO     | hyp2:train:147 - [epoch:1/3][loss:0.472923]
2024-08-29 02:35:16.556 | INFO     | hyp2:train:147 - [epoch:2/3][loss:0.582169]
2024-08-29 02:35:40.255 | INFO     | hyp2:train:147 - [epoch:3/3][loss:0.508426]
2024-08-29 02:35:40.255 | INFO     | hyp2:train:154 - [iter:40/50][iter_time:67.90]
2024-08-29 02:37:02.642 | INFO     | hyp2:train:226 - [iter:40/50][code_length:32][mAP:0.85658][mAP_all:0.88357][best_mAP:0.85929]
2024-08-29 02:37:02.643 | INFO     | hyp2:train:227 - [iter:40/50][code_length:32][zs_mAP:0.64733][zs_mAP_all:0.54360]
2024-08-29 02:37:24.693 | INFO     | hyp2:train:147 - [epoch:1/3][loss:0.412515]
2024-08-29 02:37:46.925 | INFO     | hyp2:train:147 - [epoch:2/3][loss:0.620659]
2024-08-29 02:38:09.536 | INFO     | hyp2:train:147 - [epoch:3/3][loss:0.501894]
2024-08-29 02:38:09.536 | INFO     | hyp2:train:154 - [iter:41/50][iter_time:66.89]
2024-08-29 02:38:31.707 | INFO     | hyp2:train:147 - [epoch:1/3][loss:0.486236]
2024-08-29 02:38:54.443 | INFO     | hyp2:train:147 - [epoch:2/3][loss:0.488005]
2024-08-29 02:39:17.452 | INFO     | hyp2:train:147 - [epoch:3/3][loss:0.398093]
2024-08-29 02:39:17.452 | INFO     | hyp2:train:154 - [iter:42/50][iter_time:67.92]
2024-08-29 02:39:40.125 | INFO     | hyp2:train:147 - [epoch:1/3][loss:0.448976]
2024-08-29 02:40:02.472 | INFO     | hyp2:train:147 - [epoch:2/3][loss:0.445383]
2024-08-29 02:40:24.748 | INFO     | hyp2:train:147 - [epoch:3/3][loss:0.497332]
2024-08-29 02:40:24.749 | INFO     | hyp2:train:154 - [iter:43/50][iter_time:67.30]
2024-08-29 02:40:47.247 | INFO     | hyp2:train:147 - [epoch:1/3][loss:0.537893]
2024-08-29 02:41:09.344 | INFO     | hyp2:train:147 - [epoch:2/3][loss:0.486840]
2024-08-29 02:41:31.580 | INFO     | hyp2:train:147 - [epoch:3/3][loss:0.511591]
2024-08-29 02:41:31.581 | INFO     | hyp2:train:154 - [iter:44/50][iter_time:66.83]
2024-08-29 02:41:54.437 | INFO     | hyp2:train:147 - [epoch:1/3][loss:0.540388]
2024-08-29 02:42:17.155 | INFO     | hyp2:train:147 - [epoch:2/3][loss:0.407459]
2024-08-29 02:42:40.199 | INFO     | hyp2:train:147 - [epoch:3/3][loss:0.525070]
2024-08-29 02:42:40.200 | INFO     | hyp2:train:154 - [iter:45/50][iter_time:68.62]
2024-08-29 02:44:04.376 | INFO     | hyp2:train:226 - [iter:45/50][code_length:32][mAP:0.85715][mAP_all:0.88446][best_mAP:0.85929]
2024-08-29 02:44:04.377 | INFO     | hyp2:train:227 - [iter:45/50][code_length:32][zs_mAP:0.64733][zs_mAP_all:0.54378]
2024-08-29 02:44:26.588 | INFO     | hyp2:train:147 - [epoch:1/3][loss:0.505236]
2024-08-29 02:44:49.942 | INFO     | hyp2:train:147 - [epoch:2/3][loss:0.505209]
2024-08-29 02:45:12.544 | INFO     | hyp2:train:147 - [epoch:3/3][loss:0.581577]
2024-08-29 02:45:12.545 | INFO     | hyp2:train:154 - [iter:46/50][iter_time:68.17]
2024-08-29 02:46:37.127 | INFO     | hyp2:train:226 - [iter:46/50][code_length:32][mAP:0.85608][mAP_all:0.88280][best_mAP:0.85929]
2024-08-29 02:46:37.128 | INFO     | hyp2:train:227 - [iter:46/50][code_length:32][zs_mAP:0.65286][zs_mAP_all:0.55282]
2024-08-29 02:46:59.735 | INFO     | hyp2:train:147 - [epoch:1/3][loss:0.511669]
2024-08-29 02:47:22.438 | INFO     | hyp2:train:147 - [epoch:2/3][loss:0.491772]
2024-08-29 02:47:44.639 | INFO     | hyp2:train:147 - [epoch:3/3][loss:0.548216]
2024-08-29 02:47:44.640 | INFO     | hyp2:train:154 - [iter:47/50][iter_time:67.51]
2024-08-29 02:49:09.042 | INFO     | hyp2:train:226 - [iter:47/50][code_length:32][mAP:0.85708][mAP_all:0.88258][best_mAP:0.85929]
2024-08-29 02:49:09.043 | INFO     | hyp2:train:227 - [iter:47/50][code_length:32][zs_mAP:0.64638][zs_mAP_all:0.54329]
2024-08-29 02:49:31.772 | INFO     | hyp2:train:147 - [epoch:1/3][loss:0.434711]
2024-08-29 02:49:54.105 | INFO     | hyp2:train:147 - [epoch:2/3][loss:0.529800]
2024-08-29 02:50:17.214 | INFO     | hyp2:train:147 - [epoch:3/3][loss:0.498738]
2024-08-29 02:50:17.215 | INFO     | hyp2:train:154 - [iter:48/50][iter_time:68.17]
2024-08-29 02:51:41.183 | INFO     | hyp2:train:226 - [iter:48/50][code_length:32][mAP:0.85738][mAP_all:0.88209][best_mAP:0.85929]
2024-08-29 02:51:41.183 | INFO     | hyp2:train:227 - [iter:48/50][code_length:32][zs_mAP:0.64518][zs_mAP_all:0.54069]
2024-08-29 02:52:03.468 | INFO     | hyp2:train:147 - [epoch:1/3][loss:0.443326]
2024-08-29 02:52:26.653 | INFO     | hyp2:train:147 - [epoch:2/3][loss:0.557293]
2024-08-29 02:52:49.480 | INFO     | hyp2:train:147 - [epoch:3/3][loss:0.625591]
2024-08-29 02:52:49.480 | INFO     | hyp2:train:154 - [iter:49/50][iter_time:68.30]
2024-08-29 02:54:12.415 | INFO     | hyp2:train:226 - [iter:49/50][code_length:32][mAP:0.85826][mAP_all:0.88451][best_mAP:0.85929]
2024-08-29 02:54:12.415 | INFO     | hyp2:train:227 - [iter:49/50][code_length:32][zs_mAP:0.64484][zs_mAP_all:0.53923]
2024-08-29 02:54:35.396 | INFO     | hyp2:train:147 - [epoch:1/3][loss:0.616482]
2024-08-29 02:54:57.272 | INFO     | hyp2:train:147 - [epoch:2/3][loss:0.528197]
2024-08-29 02:55:19.347 | INFO     | hyp2:train:147 - [epoch:3/3][loss:0.513612]
2024-08-29 02:55:19.348 | INFO     | hyp2:train:154 - [iter:50/50][iter_time:66.93]
2024-08-29 02:56:43.280 | INFO     | hyp2:train:226 - [iter:50/50][code_length:32][mAP:0.85964][mAP_all:0.88478][best_mAP:0.85964]
2024-08-29 02:56:43.281 | INFO     | hyp2:train:227 - [iter:50/50][code_length:32][zs_mAP:0.64701][zs_mAP_all:0.54307]
2024-08-29 02:56:43.282 | INFO     | hyp2:train:229 - [Training time:4531.07]
2024-08-29 02:56:43.285 | INFO     | __main__:run:138 - [code_length:32][map:0.8596][map_all:0.8848][zs_map:0.6470][zs_map_all:0.5431]
2024-08-29 02:57:06.725 | INFO     | hyp2:train:147 - [epoch:1/3][loss:0.681696]
2024-08-29 02:57:28.858 | INFO     | hyp2:train:147 - [epoch:2/3][loss:0.735755]
2024-08-29 02:57:51.156 | INFO     | hyp2:train:147 - [epoch:3/3][loss:0.593619]
2024-08-29 02:57:51.157 | INFO     | hyp2:train:154 - [iter:1/50][iter_time:66.83]
2024-08-29 02:58:13.524 | INFO     | hyp2:train:147 - [epoch:1/3][loss:0.784460]
2024-08-29 02:58:35.815 | INFO     | hyp2:train:147 - [epoch:2/3][loss:0.609680]
2024-08-29 02:58:58.478 | INFO     | hyp2:train:147 - [epoch:3/3][loss:0.682610]
2024-08-29 02:58:58.479 | INFO     | hyp2:train:154 - [iter:2/50][iter_time:67.32]
2024-08-29 02:59:20.775 | INFO     | hyp2:train:147 - [epoch:1/3][loss:0.913159]
2024-08-29 02:59:42.862 | INFO     | hyp2:train:147 - [epoch:2/3][loss:0.736222]
2024-08-29 03:00:05.777 | INFO     | hyp2:train:147 - [epoch:3/3][loss:0.541856]
2024-08-29 03:00:05.777 | INFO     | hyp2:train:154 - [iter:3/50][iter_time:67.30]
2024-08-29 03:00:28.339 | INFO     | hyp2:train:147 - [epoch:1/3][loss:0.632873]
2024-08-29 03:00:51.285 | INFO     | hyp2:train:147 - [epoch:2/3][loss:0.607983]
2024-08-29 03:01:13.437 | INFO     | hyp2:train:147 - [epoch:3/3][loss:0.650996]
2024-08-29 03:01:13.438 | INFO     | hyp2:train:154 - [iter:4/50][iter_time:67.66]
2024-08-29 03:01:36.312 | INFO     | hyp2:train:147 - [epoch:1/3][loss:0.566715]
2024-08-29 03:01:58.446 | INFO     | hyp2:train:147 - [epoch:2/3][loss:0.670591]
2024-08-29 03:02:21.147 | INFO     | hyp2:train:147 - [epoch:3/3][loss:0.534136]
2024-08-29 03:02:21.148 | INFO     | hyp2:train:154 - [iter:5/50][iter_time:67.71]
2024-08-29 03:03:45.503 | INFO     | hyp2:train:226 - [iter:5/50][code_length:64][mAP:0.82422][mAP_all:0.86078][best_mAP:0.82422]
2024-08-29 03:03:45.503 | INFO     | hyp2:train:227 - [iter:5/50][code_length:64][zs_mAP:0.63806][zs_mAP_all:0.52187]
2024-08-29 03:04:08.788 | INFO     | hyp2:train:147 - [epoch:1/3][loss:0.732126]
2024-08-29 03:04:32.075 | INFO     | hyp2:train:147 - [epoch:2/3][loss:0.660491]
2024-08-29 03:04:54.240 | INFO     | hyp2:train:147 - [epoch:3/3][loss:0.488794]
2024-08-29 03:04:54.240 | INFO     | hyp2:train:154 - [iter:6/50][iter_time:68.74]
2024-08-29 03:05:16.732 | INFO     | hyp2:train:147 - [epoch:1/3][loss:0.625985]
2024-08-29 03:05:38.630 | INFO     | hyp2:train:147 - [epoch:2/3][loss:0.543078]
2024-08-29 03:06:00.762 | INFO     | hyp2:train:147 - [epoch:3/3][loss:0.514028]
2024-08-29 03:06:00.763 | INFO     | hyp2:train:154 - [iter:7/50][iter_time:66.52]
2024-08-29 03:06:23.310 | INFO     | hyp2:train:147 - [epoch:1/3][loss:0.507424]
2024-08-29 03:06:45.745 | INFO     | hyp2:train:147 - [epoch:2/3][loss:0.561574]
2024-08-29 03:07:08.105 | INFO     | hyp2:train:147 - [epoch:3/3][loss:0.637722]
2024-08-29 03:07:08.106 | INFO     | hyp2:train:154 - [iter:8/50][iter_time:67.34]
2024-08-29 03:07:29.910 | INFO     | hyp2:train:147 - [epoch:1/3][loss:0.641533]
2024-08-29 03:07:52.250 | INFO     | hyp2:train:147 - [epoch:2/3][loss:0.628518]
2024-08-29 03:08:14.689 | INFO     | hyp2:train:147 - [epoch:3/3][loss:0.496083]
2024-08-29 03:08:14.690 | INFO     | hyp2:train:154 - [iter:9/50][iter_time:66.58]
2024-08-29 03:08:37.292 | INFO     | hyp2:train:147 - [epoch:1/3][loss:0.582107]
2024-08-29 03:09:01.167 | INFO     | hyp2:train:147 - [epoch:2/3][loss:0.567594]
2024-08-29 03:09:23.570 | INFO     | hyp2:train:147 - [epoch:3/3][loss:0.560084]
2024-08-29 03:09:23.570 | INFO     | hyp2:train:154 - [iter:10/50][iter_time:68.88]
2024-08-29 03:10:47.330 | INFO     | hyp2:train:226 - [iter:10/50][code_length:64][mAP:0.84366][mAP_all:0.87277][best_mAP:0.84366]
2024-08-29 03:10:47.331 | INFO     | hyp2:train:227 - [iter:10/50][code_length:64][zs_mAP:0.63414][zs_mAP_all:0.51670]
2024-08-29 03:11:10.181 | INFO     | hyp2:train:147 - [epoch:1/3][loss:0.560119]
2024-08-29 03:11:32.490 | INFO     | hyp2:train:147 - [epoch:2/3][loss:0.464614]
2024-08-29 03:11:54.585 | INFO     | hyp2:train:147 - [epoch:3/3][loss:0.545796]
2024-08-29 03:11:54.586 | INFO     | hyp2:train:154 - [iter:11/50][iter_time:67.25]
2024-08-29 03:12:17.112 | INFO     | hyp2:train:147 - [epoch:1/3][loss:0.555797]
2024-08-29 03:12:38.820 | INFO     | hyp2:train:147 - [epoch:2/3][loss:0.496021]
2024-08-29 03:13:00.727 | INFO     | hyp2:train:147 - [epoch:3/3][loss:0.629997]
2024-08-29 03:13:00.728 | INFO     | hyp2:train:154 - [iter:12/50][iter_time:66.14]
2024-08-29 03:13:22.150 | INFO     | hyp2:train:147 - [epoch:1/3][loss:0.543906]
2024-08-29 03:13:44.138 | INFO     | hyp2:train:147 - [epoch:2/3][loss:0.650007]
2024-08-29 03:14:06.096 | INFO     | hyp2:train:147 - [epoch:3/3][loss:0.454438]
2024-08-29 03:14:06.096 | INFO     | hyp2:train:154 - [iter:13/50][iter_time:65.37]
2024-08-29 03:14:28.241 | INFO     | hyp2:train:147 - [epoch:1/3][loss:0.491868]
2024-08-29 03:14:50.722 | INFO     | hyp2:train:147 - [epoch:2/3][loss:0.657284]
2024-08-29 03:15:13.977 | INFO     | hyp2:train:147 - [epoch:3/3][loss:0.485819]
2024-08-29 03:15:13.978 | INFO     | hyp2:train:154 - [iter:14/50][iter_time:67.88]
2024-08-29 03:15:37.162 | INFO     | hyp2:train:147 - [epoch:1/3][loss:0.534491]
2024-08-29 03:15:58.998 | INFO     | hyp2:train:147 - [epoch:2/3][loss:0.522233]
2024-08-29 03:16:21.304 | INFO     | hyp2:train:147 - [epoch:3/3][loss:0.560255]
2024-08-29 03:16:21.305 | INFO     | hyp2:train:154 - [iter:15/50][iter_time:67.33]
2024-08-29 03:17:45.896 | INFO     | hyp2:train:226 - [iter:15/50][code_length:64][mAP:0.86550][mAP_all:0.88326][best_mAP:0.86550]
2024-08-29 03:17:45.897 | INFO     | hyp2:train:227 - [iter:15/50][code_length:64][zs_mAP:0.63221][zs_mAP_all:0.51609]
2024-08-29 03:18:08.019 | INFO     | hyp2:train:147 - [epoch:1/3][loss:0.512456]
2024-08-29 03:18:30.996 | INFO     | hyp2:train:147 - [epoch:2/3][loss:0.512657]
2024-08-29 03:18:53.597 | INFO     | hyp2:train:147 - [epoch:3/3][loss:0.495454]
2024-08-29 03:18:53.598 | INFO     | hyp2:train:154 - [iter:16/50][iter_time:67.70]
2024-08-29 03:19:16.053 | INFO     | hyp2:train:147 - [epoch:1/3][loss:0.696917]
2024-08-29 03:19:38.573 | INFO     | hyp2:train:147 - [epoch:2/3][loss:0.606962]
2024-08-29 03:20:01.329 | INFO     | hyp2:train:147 - [epoch:3/3][loss:0.517344]
2024-08-29 03:20:01.330 | INFO     | hyp2:train:154 - [iter:17/50][iter_time:67.73]
2024-08-29 03:20:23.256 | INFO     | hyp2:train:147 - [epoch:1/3][loss:0.630584]
2024-08-29 03:20:44.192 | INFO     | hyp2:train:147 - [epoch:2/3][loss:0.673051]
2024-08-29 03:21:07.304 | INFO     | hyp2:train:147 - [epoch:3/3][loss:0.425948]
2024-08-29 03:21:07.305 | INFO     | hyp2:train:154 - [iter:18/50][iter_time:65.97]
2024-08-29 03:21:29.626 | INFO     | hyp2:train:147 - [epoch:1/3][loss:0.432798]
2024-08-29 03:21:52.156 | INFO     | hyp2:train:147 - [epoch:2/3][loss:0.524047]
2024-08-29 03:22:14.362 | INFO     | hyp2:train:147 - [epoch:3/3][loss:0.556034]
2024-08-29 03:22:14.363 | INFO     | hyp2:train:154 - [iter:19/50][iter_time:67.06]
2024-08-29 03:22:36.440 | INFO     | hyp2:train:147 - [epoch:1/3][loss:0.484243]
2024-08-29 03:22:58.251 | INFO     | hyp2:train:147 - [epoch:2/3][loss:0.465452]
2024-08-29 03:23:20.445 | INFO     | hyp2:train:147 - [epoch:3/3][loss:0.542580]
2024-08-29 03:23:20.446 | INFO     | hyp2:train:154 - [iter:20/50][iter_time:66.08]
2024-08-29 03:24:45.744 | INFO     | hyp2:train:226 - [iter:20/50][code_length:64][mAP:0.86488][mAP_all:0.88923][best_mAP:0.86550]
2024-08-29 03:24:45.745 | INFO     | hyp2:train:227 - [iter:20/50][code_length:64][zs_mAP:0.63675][zs_mAP_all:0.53290]
2024-08-29 03:25:08.435 | INFO     | hyp2:train:147 - [epoch:1/3][loss:0.462040]
2024-08-29 03:25:30.872 | INFO     | hyp2:train:147 - [epoch:2/3][loss:0.482700]
2024-08-29 03:25:52.912 | INFO     | hyp2:train:147 - [epoch:3/3][loss:0.564063]
2024-08-29 03:25:52.912 | INFO     | hyp2:train:154 - [iter:21/50][iter_time:67.17]
2024-08-29 03:26:15.133 | INFO     | hyp2:train:147 - [epoch:1/3][loss:0.444258]
2024-08-29 03:26:37.081 | INFO     | hyp2:train:147 - [epoch:2/3][loss:0.522519]
2024-08-29 03:26:59.322 | INFO     | hyp2:train:147 - [epoch:3/3][loss:0.575701]
2024-08-29 03:26:59.322 | INFO     | hyp2:train:154 - [iter:22/50][iter_time:66.41]
2024-08-29 03:27:21.827 | INFO     | hyp2:train:147 - [epoch:1/3][loss:0.507913]
2024-08-29 03:27:45.221 | INFO     | hyp2:train:147 - [epoch:2/3][loss:0.579119]
2024-08-29 03:28:08.320 | INFO     | hyp2:train:147 - [epoch:3/3][loss:0.546714]
2024-08-29 03:28:08.320 | INFO     | hyp2:train:154 - [iter:23/50][iter_time:69.00]
2024-08-29 03:28:30.316 | INFO     | hyp2:train:147 - [epoch:1/3][loss:0.500703]
2024-08-29 03:28:51.607 | INFO     | hyp2:train:147 - [epoch:2/3][loss:0.423202]
2024-08-29 03:29:14.096 | INFO     | hyp2:train:147 - [epoch:3/3][loss:0.582787]
2024-08-29 03:29:14.097 | INFO     | hyp2:train:154 - [iter:24/50][iter_time:65.78]
2024-08-29 03:29:35.350 | INFO     | hyp2:train:147 - [epoch:1/3][loss:0.537092]
2024-08-29 03:29:56.207 | INFO     | hyp2:train:147 - [epoch:2/3][loss:0.479488]
2024-08-29 03:30:18.187 | INFO     | hyp2:train:147 - [epoch:3/3][loss:0.627846]
2024-08-29 03:30:18.188 | INFO     | hyp2:train:154 - [iter:25/50][iter_time:64.09]
2024-08-29 03:31:41.076 | INFO     | hyp2:train:226 - [iter:25/50][code_length:64][mAP:0.86591][mAP_all:0.88875][best_mAP:0.86591]
2024-08-29 03:31:41.077 | INFO     | hyp2:train:227 - [iter:25/50][code_length:64][zs_mAP:0.63482][zs_mAP_all:0.52565]
2024-08-29 03:32:02.917 | INFO     | hyp2:train:147 - [epoch:1/3][loss:0.516260]
2024-08-29 03:32:24.949 | INFO     | hyp2:train:147 - [epoch:2/3][loss:0.518139]
2024-08-29 03:32:47.328 | INFO     | hyp2:train:147 - [epoch:3/3][loss:0.481890]
2024-08-29 03:32:47.329 | INFO     | hyp2:train:154 - [iter:26/50][iter_time:66.25]
2024-08-29 03:33:09.998 | INFO     | hyp2:train:147 - [epoch:1/3][loss:0.525479]
2024-08-29 03:33:32.245 | INFO     | hyp2:train:147 - [epoch:2/3][loss:0.499160]
2024-08-29 03:33:54.954 | INFO     | hyp2:train:147 - [epoch:3/3][loss:0.640416]
2024-08-29 03:33:54.954 | INFO     | hyp2:train:154 - [iter:27/50][iter_time:67.62]
2024-08-29 03:34:16.863 | INFO     | hyp2:train:147 - [epoch:1/3][loss:0.563796]
2024-08-29 03:34:38.966 | INFO     | hyp2:train:147 - [epoch:2/3][loss:0.604603]
2024-08-29 03:35:01.476 | INFO     | hyp2:train:147 - [epoch:3/3][loss:0.442990]
2024-08-29 03:35:01.477 | INFO     | hyp2:train:154 - [iter:28/50][iter_time:66.52]
2024-08-29 03:35:23.594 | INFO     | hyp2:train:147 - [epoch:1/3][loss:0.521283]
2024-08-29 03:35:45.789 | INFO     | hyp2:train:147 - [epoch:2/3][loss:0.512958]
2024-08-29 03:36:08.223 | INFO     | hyp2:train:147 - [epoch:3/3][loss:0.447626]
2024-08-29 03:36:08.224 | INFO     | hyp2:train:154 - [iter:29/50][iter_time:66.75]
2024-08-29 03:36:30.887 | INFO     | hyp2:train:147 - [epoch:1/3][loss:0.501831]
2024-08-29 03:36:53.091 | INFO     | hyp2:train:147 - [epoch:2/3][loss:0.463875]
2024-08-29 03:37:16.449 | INFO     | hyp2:train:147 - [epoch:3/3][loss:0.440713]
2024-08-29 03:37:16.449 | INFO     | hyp2:train:154 - [iter:30/50][iter_time:68.23]
2024-08-29 03:38:40.695 | INFO     | hyp2:train:226 - [iter:30/50][code_length:64][mAP:0.86935][mAP_all:0.89270][best_mAP:0.86935]
2024-08-29 03:38:40.696 | INFO     | hyp2:train:227 - [iter:30/50][code_length:64][zs_mAP:0.63782][zs_mAP_all:0.53337]
2024-08-29 03:39:03.260 | INFO     | hyp2:train:147 - [epoch:1/3][loss:0.448772]
2024-08-29 03:39:25.807 | INFO     | hyp2:train:147 - [epoch:2/3][loss:0.579581]
2024-08-29 03:39:47.640 | INFO     | hyp2:train:147 - [epoch:3/3][loss:0.449908]
2024-08-29 03:39:47.641 | INFO     | hyp2:train:154 - [iter:31/50][iter_time:66.94]
2024-08-29 03:40:10.185 | INFO     | hyp2:train:147 - [epoch:1/3][loss:0.580331]
2024-08-29 03:40:32.833 | INFO     | hyp2:train:147 - [epoch:2/3][loss:0.505301]
2024-08-29 03:40:55.093 | INFO     | hyp2:train:147 - [epoch:3/3][loss:0.469539]
2024-08-29 03:40:55.093 | INFO     | hyp2:train:154 - [iter:32/50][iter_time:67.45]
2024-08-29 03:41:18.025 | INFO     | hyp2:train:147 - [epoch:1/3][loss:0.620948]
2024-08-29 03:41:40.254 | INFO     | hyp2:train:147 - [epoch:2/3][loss:0.473031]
2024-08-29 03:42:02.781 | INFO     | hyp2:train:147 - [epoch:3/3][loss:0.552077]
2024-08-29 03:42:02.782 | INFO     | hyp2:train:154 - [iter:33/50][iter_time:67.69]
2024-08-29 03:42:25.646 | INFO     | hyp2:train:147 - [epoch:1/3][loss:0.545508]
2024-08-29 03:42:48.277 | INFO     | hyp2:train:147 - [epoch:2/3][loss:0.547094]
2024-08-29 03:43:11.548 | INFO     | hyp2:train:147 - [epoch:3/3][loss:0.531691]
2024-08-29 03:43:11.548 | INFO     | hyp2:train:154 - [iter:34/50][iter_time:68.77]
2024-08-29 03:43:34.077 | INFO     | hyp2:train:147 - [epoch:1/3][loss:0.503955]
2024-08-29 03:43:56.882 | INFO     | hyp2:train:147 - [epoch:2/3][loss:0.525015]
2024-08-29 03:44:19.396 | INFO     | hyp2:train:147 - [epoch:3/3][loss:0.521486]
2024-08-29 03:44:19.397 | INFO     | hyp2:train:154 - [iter:35/50][iter_time:67.85]
2024-08-29 03:45:45.431 | INFO     | hyp2:train:226 - [iter:35/50][code_length:64][mAP:0.86993][mAP_all:0.89292][best_mAP:0.86993]
2024-08-29 03:45:45.431 | INFO     | hyp2:train:227 - [iter:35/50][code_length:64][zs_mAP:0.63897][zs_mAP_all:0.53652]
2024-08-29 03:46:07.578 | INFO     | hyp2:train:147 - [epoch:1/3][loss:0.468982]
2024-08-29 03:46:30.478 | INFO     | hyp2:train:147 - [epoch:2/3][loss:0.565569]
2024-08-29 03:46:53.281 | INFO     | hyp2:train:147 - [epoch:3/3][loss:0.533767]
2024-08-29 03:46:53.281 | INFO     | hyp2:train:154 - [iter:36/50][iter_time:67.85]
2024-08-29 03:47:15.772 | INFO     | hyp2:train:147 - [epoch:1/3][loss:0.599668]
2024-08-29 03:47:37.464 | INFO     | hyp2:train:147 - [epoch:2/3][loss:0.627405]
2024-08-29 03:47:59.492 | INFO     | hyp2:train:147 - [epoch:3/3][loss:0.665651]
2024-08-29 03:47:59.493 | INFO     | hyp2:train:154 - [iter:37/50][iter_time:66.21]
2024-08-29 03:48:21.325 | INFO     | hyp2:train:147 - [epoch:1/3][loss:0.687087]
2024-08-29 03:48:43.368 | INFO     | hyp2:train:147 - [epoch:2/3][loss:0.498353]
2024-08-29 03:49:05.453 | INFO     | hyp2:train:147 - [epoch:3/3][loss:0.487862]
2024-08-29 03:49:05.453 | INFO     | hyp2:train:154 - [iter:38/50][iter_time:65.96]
2024-08-29 03:49:27.427 | INFO     | hyp2:train:147 - [epoch:1/3][loss:0.449902]
2024-08-29 03:49:49.522 | INFO     | hyp2:train:147 - [epoch:2/3][loss:0.497166]
2024-08-29 03:50:11.750 | INFO     | hyp2:train:147 - [epoch:3/3][loss:0.525944]
2024-08-29 03:50:11.751 | INFO     | hyp2:train:154 - [iter:39/50][iter_time:66.30]
2024-08-29 03:50:34.336 | INFO     | hyp2:train:147 - [epoch:1/3][loss:0.459075]
2024-08-29 03:50:56.198 | INFO     | hyp2:train:147 - [epoch:2/3][loss:0.475321]
2024-08-29 03:51:18.915 | INFO     | hyp2:train:147 - [epoch:3/3][loss:0.454845]
2024-08-29 03:51:18.916 | INFO     | hyp2:train:154 - [iter:40/50][iter_time:67.17]
2024-08-29 03:52:44.468 | INFO     | hyp2:train:226 - [iter:40/50][code_length:64][mAP:0.86975][mAP_all:0.89023][best_mAP:0.86993]
2024-08-29 03:52:44.468 | INFO     | hyp2:train:227 - [iter:40/50][code_length:64][zs_mAP:0.63746][zs_mAP_all:0.52836]
2024-08-29 03:53:06.736 | INFO     | hyp2:train:147 - [epoch:1/3][loss:0.563894]
2024-08-29 03:53:29.069 | INFO     | hyp2:train:147 - [epoch:2/3][loss:0.512762]
2024-08-29 03:53:51.047 | INFO     | hyp2:train:147 - [epoch:3/3][loss:0.493266]
2024-08-29 03:53:51.048 | INFO     | hyp2:train:154 - [iter:41/50][iter_time:66.58]
2024-08-29 03:54:13.065 | INFO     | hyp2:train:147 - [epoch:1/3][loss:0.523410]
2024-08-29 03:54:35.187 | INFO     | hyp2:train:147 - [epoch:2/3][loss:0.319520]
2024-08-29 03:54:57.439 | INFO     | hyp2:train:147 - [epoch:3/3][loss:0.537133]
2024-08-29 03:54:57.440 | INFO     | hyp2:train:154 - [iter:42/50][iter_time:66.39]
2024-08-29 03:55:20.108 | INFO     | hyp2:train:147 - [epoch:1/3][loss:0.522768]
2024-08-29 03:55:42.343 | INFO     | hyp2:train:147 - [epoch:2/3][loss:0.565008]
2024-08-29 03:56:04.514 | INFO     | hyp2:train:147 - [epoch:3/3][loss:0.645680]
2024-08-29 03:56:04.514 | INFO     | hyp2:train:154 - [iter:43/50][iter_time:67.07]
2024-08-29 03:56:27.143 | INFO     | hyp2:train:147 - [epoch:1/3][loss:0.505307]
2024-08-29 03:56:49.769 | INFO     | hyp2:train:147 - [epoch:2/3][loss:0.466055]
2024-08-29 03:57:12.373 | INFO     | hyp2:train:147 - [epoch:3/3][loss:0.699506]
2024-08-29 03:57:12.374 | INFO     | hyp2:train:154 - [iter:44/50][iter_time:67.86]
2024-08-29 03:57:34.780 | INFO     | hyp2:train:147 - [epoch:1/3][loss:0.465791]
2024-08-29 03:57:56.834 | INFO     | hyp2:train:147 - [epoch:2/3][loss:0.429480]
2024-08-29 03:58:19.602 | INFO     | hyp2:train:147 - [epoch:3/3][loss:0.655060]
2024-08-29 03:58:19.603 | INFO     | hyp2:train:154 - [iter:45/50][iter_time:67.23]
2024-08-29 03:59:43.206 | INFO     | hyp2:train:226 - [iter:45/50][code_length:64][mAP:0.86725][mAP_all:0.89002][best_mAP:0.86993]
2024-08-29 03:59:43.207 | INFO     | hyp2:train:227 - [iter:45/50][code_length:64][zs_mAP:0.63679][zs_mAP_all:0.53643]
2024-08-29 04:00:06.003 | INFO     | hyp2:train:147 - [epoch:1/3][loss:0.532254]
2024-08-29 04:00:29.056 | INFO     | hyp2:train:147 - [epoch:2/3][loss:0.554463]
2024-08-29 04:00:51.595 | INFO     | hyp2:train:147 - [epoch:3/3][loss:0.476678]
2024-08-29 04:00:51.596 | INFO     | hyp2:train:154 - [iter:46/50][iter_time:68.39]
2024-08-29 04:02:15.110 | INFO     | hyp2:train:226 - [iter:46/50][code_length:64][mAP:0.86881][mAP_all:0.88971][best_mAP:0.86993]
2024-08-29 04:02:15.111 | INFO     | hyp2:train:227 - [iter:46/50][code_length:64][zs_mAP:0.63567][zs_mAP_all:0.52643]
2024-08-29 04:02:37.864 | INFO     | hyp2:train:147 - [epoch:1/3][loss:0.507829]
2024-08-29 04:02:59.659 | INFO     | hyp2:train:147 - [epoch:2/3][loss:0.582045]
2024-08-29 04:03:22.429 | INFO     | hyp2:train:147 - [epoch:3/3][loss:0.563549]
2024-08-29 04:03:22.430 | INFO     | hyp2:train:154 - [iter:47/50][iter_time:67.32]
2024-08-29 04:04:46.248 | INFO     | hyp2:train:226 - [iter:47/50][code_length:64][mAP:0.87036][mAP_all:0.89183][best_mAP:0.87036]
2024-08-29 04:04:46.249 | INFO     | hyp2:train:227 - [iter:47/50][code_length:64][zs_mAP:0.63532][zs_mAP_all:0.52584]
2024-08-29 04:05:08.813 | INFO     | hyp2:train:147 - [epoch:1/3][loss:0.509881]
2024-08-29 04:05:30.861 | INFO     | hyp2:train:147 - [epoch:2/3][loss:0.585895]
2024-08-29 04:05:52.738 | INFO     | hyp2:train:147 - [epoch:3/3][loss:0.541087]
2024-08-29 04:05:52.739 | INFO     | hyp2:train:154 - [iter:48/50][iter_time:66.49]
2024-08-29 04:07:15.517 | INFO     | hyp2:train:226 - [iter:48/50][code_length:64][mAP:0.86828][mAP_all:0.88989][best_mAP:0.87036]
2024-08-29 04:07:15.517 | INFO     | hyp2:train:227 - [iter:48/50][code_length:64][zs_mAP:0.63668][zs_mAP_all:0.53035]
2024-08-29 04:07:37.508 | INFO     | hyp2:train:147 - [epoch:1/3][loss:0.681604]
2024-08-29 04:07:59.032 | INFO     | hyp2:train:147 - [epoch:2/3][loss:0.493844]
2024-08-29 04:08:21.367 | INFO     | hyp2:train:147 - [epoch:3/3][loss:0.510807]
2024-08-29 04:08:21.367 | INFO     | hyp2:train:154 - [iter:49/50][iter_time:65.85]
2024-08-29 04:09:44.985 | INFO     | hyp2:train:226 - [iter:49/50][code_length:64][mAP:0.86728][mAP_all:0.89010][best_mAP:0.87036]
2024-08-29 04:09:44.986 | INFO     | hyp2:train:227 - [iter:49/50][code_length:64][zs_mAP:0.63245][zs_mAP_all:0.52105]
2024-08-29 04:10:07.118 | INFO     | hyp2:train:147 - [epoch:1/3][loss:0.475868]
2024-08-29 04:10:29.333 | INFO     | hyp2:train:147 - [epoch:2/3][loss:0.478842]
2024-08-29 04:10:52.303 | INFO     | hyp2:train:147 - [epoch:3/3][loss:0.501497]
2024-08-29 04:10:52.303 | INFO     | hyp2:train:154 - [iter:50/50][iter_time:67.32]
2024-08-29 04:12:17.464 | INFO     | hyp2:train:226 - [iter:50/50][code_length:64][mAP:0.86527][mAP_all:0.88713][best_mAP:0.87036]
2024-08-29 04:12:17.465 | INFO     | hyp2:train:227 - [iter:50/50][code_length:64][zs_mAP:0.63651][zs_mAP_all:0.53085]
2024-08-29 04:12:17.465 | INFO     | hyp2:train:229 - [Training time:4533.14]
2024-08-29 04:12:17.468 | INFO     | __main__:run:138 - [code_length:64][map:0.8704][map_all:0.8918][zs_map:0.6353][zs_map_all:0.5258]
