2023-11-14 12:20:24.466 | SUCCESS  | __main__:run:50 - Namespace(align_step=50, arch='baseline', batch_size=16, cauchy_gamma=20.0, code_length=[16, 32, 64], dataset='imagenetzs', device=device(type='cuda', index=2), epoch_change=11, gamma=200, gpu=2, info='imagenetzs-15-85-baseline-11-14-16,32,64', lambd=0.1, lambd_ch=0.1, lambd_sp=0.1, lr=0.0001, lr_step=[45], margin=0.1, max_epoch=1, max_iter=50, momen=0.9, nesterov=False, net='resnet50', num_classes=85, num_query=1000, num_samples=11050, num_workers=2, num_zs=15, optim='SGD', pretrain=True, quan_loss=False, root='/2T/dataset/ImageNet/ILSVRC', save_ckpt='checkpoints/', topk=1000, val_freq=5, wd=1e-05)
2023-11-14 12:22:47.664 | INFO     | adsh:train:138 - [epoch:1/1][cnn_loss:2.705028][hash_loss:2.483780][quan_loss:0.221248]
2023-11-14 12:22:47.691 | INFO     | adsh:train:149 - [iter:1/50][loss:3.397213][iter_time:122.92]
2023-11-14 12:24:45.295 | INFO     | adsh:train:138 - [epoch:1/1][cnn_loss:2.451033][hash_loss:2.250997][quan_loss:0.200036]
2023-11-14 12:24:45.323 | INFO     | adsh:train:149 - [iter:2/50][loss:3.216202][iter_time:117.63]
2023-11-14 12:26:45.890 | INFO     | adsh:train:138 - [epoch:1/1][cnn_loss:2.330655][hash_loss:2.146732][quan_loss:0.183922]
2023-11-14 12:26:45.917 | INFO     | adsh:train:149 - [iter:3/50][loss:3.093572][iter_time:120.59]
2023-11-14 12:30:44.576 | INFO     | adsh:train:138 - [epoch:1/1][cnn_loss:2.285026][hash_loss:2.107393][quan_loss:0.177634]
2023-11-14 12:30:44.610 | INFO     | adsh:train:149 - [iter:4/50][loss:3.042298][iter_time:238.69]
2023-11-14 12:35:43.354 | INFO     | adsh:train:138 - [epoch:1/1][cnn_loss:2.265208][hash_loss:2.090220][quan_loss:0.174988]
2023-11-14 12:35:43.387 | INFO     | adsh:train:149 - [iter:5/50][loss:3.018798][iter_time:298.78]
2023-11-14 12:46:36.924 | INFO     | adsh:train:221 - [iter:5/50][code_length:16][mAP:0.66600][mAP_all:0.65720][best_mAP:0.66600]
2023-11-14 12:46:36.925 | INFO     | adsh:train:222 - [iter:5/50][code_length:16][zs_mAP:0.43738][zs_mAP_all:0.18880]
2023-11-14 12:48:46.484 | INFO     | adsh:train:138 - [epoch:1/1][cnn_loss:2.249923][hash_loss:2.076730][quan_loss:0.173193]
2023-11-14 12:48:46.511 | INFO     | adsh:train:149 - [iter:6/50][loss:2.999125][iter_time:129.59]
2023-11-14 12:50:54.764 | INFO     | adsh:train:138 - [epoch:1/1][cnn_loss:2.241804][hash_loss:2.069627][quan_loss:0.172178]
2023-11-14 12:50:54.791 | INFO     | adsh:train:149 - [iter:7/50][loss:2.988896][iter_time:128.28]
2023-11-14 12:53:01.952 | INFO     | adsh:train:138 - [epoch:1/1][cnn_loss:2.233646][hash_loss:2.062385][quan_loss:0.171261]
2023-11-14 12:53:01.979 | INFO     | adsh:train:149 - [iter:8/50][loss:2.977978][iter_time:127.19]
2023-11-14 12:56:03.587 | INFO     | adsh:train:138 - [epoch:1/1][cnn_loss:2.229547][hash_loss:2.058914][quan_loss:0.170633]
2023-11-14 12:56:03.620 | INFO     | adsh:train:149 - [iter:9/50][loss:2.972557][iter_time:181.64]
2023-11-14 13:01:04.109 | INFO     | adsh:train:138 - [epoch:1/1][cnn_loss:2.223301][hash_loss:2.053171][quan_loss:0.170130]
2023-11-14 13:01:04.142 | INFO     | adsh:train:149 - [iter:10/50][loss:2.964376][iter_time:300.52]
2023-11-14 13:12:10.566 | INFO     | adsh:train:221 - [iter:10/50][code_length:16][mAP:0.74141][mAP_all:0.73214][best_mAP:0.74141]
2023-11-14 13:12:10.567 | INFO     | adsh:train:222 - [iter:10/50][code_length:16][zs_mAP:0.43799][zs_mAP_all:0.19754]
2023-11-14 13:14:19.121 | INFO     | adsh:train:138 - [epoch:1/1][cnn_loss:2.216558][hash_loss:2.047225][quan_loss:0.169333]
2023-11-14 13:14:19.148 | INFO     | adsh:train:149 - [iter:11/50][loss:2.955386][iter_time:128.58]
2023-11-14 13:16:26.649 | INFO     | adsh:train:138 - [epoch:1/1][cnn_loss:2.213595][hash_loss:2.044735][quan_loss:0.168860]
2023-11-14 13:16:26.678 | INFO     | adsh:train:149 - [iter:12/50][loss:2.951416][iter_time:127.53]
2023-11-14 13:18:36.565 | INFO     | adsh:train:138 - [epoch:1/1][cnn_loss:2.210788][hash_loss:2.042142][quan_loss:0.168646]
2023-11-14 13:18:36.592 | INFO     | adsh:train:149 - [iter:13/50][loss:2.947668][iter_time:129.91]
2023-11-14 13:20:48.695 | INFO     | adsh:train:138 - [epoch:1/1][cnn_loss:2.206770][hash_loss:2.038744][quan_loss:0.168026]
2023-11-14 13:20:48.725 | INFO     | adsh:train:149 - [iter:14/50][loss:2.942352][iter_time:132.13]
2023-11-14 13:24:51.409 | INFO     | adsh:train:138 - [epoch:1/1][cnn_loss:2.203708][hash_loss:2.035841][quan_loss:0.167867]
2023-11-14 13:24:51.441 | INFO     | adsh:train:149 - [iter:15/50][loss:2.938242][iter_time:242.72]
2023-11-14 13:36:04.984 | INFO     | adsh:train:221 - [iter:15/50][code_length:16][mAP:0.77715][mAP_all:0.76839][best_mAP:0.77715]
2023-11-14 13:36:04.985 | INFO     | adsh:train:222 - [iter:15/50][code_length:16][zs_mAP:0.44760][zs_mAP_all:0.21865]
2023-11-14 13:38:43.786 | INFO     | adsh:train:138 - [epoch:1/1][cnn_loss:2.200633][hash_loss:2.033288][quan_loss:0.167346]
2023-11-14 13:38:43.814 | INFO     | adsh:train:149 - [iter:16/50][loss:2.934203][iter_time:158.83]
2023-11-14 13:40:53.678 | INFO     | adsh:train:138 - [epoch:1/1][cnn_loss:2.198180][hash_loss:2.031007][quan_loss:0.167173]
2023-11-14 13:40:53.705 | INFO     | adsh:train:149 - [iter:17/50][loss:2.930879][iter_time:129.89]
2023-11-14 13:43:03.098 | INFO     | adsh:train:138 - [epoch:1/1][cnn_loss:2.194310][hash_loss:2.027395][quan_loss:0.166916]
2023-11-14 13:43:03.126 | INFO     | adsh:train:149 - [iter:18/50][loss:2.925760][iter_time:129.42]
2023-11-14 13:45:09.830 | INFO     | adsh:train:138 - [epoch:1/1][cnn_loss:2.192894][hash_loss:2.026039][quan_loss:0.166855]
2023-11-14 13:45:09.857 | INFO     | adsh:train:149 - [iter:19/50][loss:2.923864][iter_time:126.73]
2023-11-14 13:47:29.585 | INFO     | adsh:train:138 - [epoch:1/1][cnn_loss:2.188587][hash_loss:2.022130][quan_loss:0.166457]
2023-11-14 13:47:29.617 | INFO     | adsh:train:149 - [iter:20/50][loss:2.918076][iter_time:139.76]
2023-11-14 13:58:44.065 | INFO     | adsh:train:221 - [iter:20/50][code_length:16][mAP:0.78687][mAP_all:0.77781][best_mAP:0.78687]
2023-11-14 13:58:44.066 | INFO     | adsh:train:222 - [iter:20/50][code_length:16][zs_mAP:0.43275][zs_mAP_all:0.20321]
2023-11-14 14:03:05.978 | INFO     | adsh:train:138 - [epoch:1/1][cnn_loss:2.187426][hash_loss:2.021265][quan_loss:0.166161]
2023-11-14 14:03:06.005 | INFO     | adsh:train:149 - [iter:21/50][loss:2.916543][iter_time:261.94]
2023-11-14 14:05:26.106 | INFO     | adsh:train:138 - [epoch:1/1][cnn_loss:2.185334][hash_loss:2.019216][quan_loss:0.166117]
2023-11-14 14:05:26.133 | INFO     | adsh:train:149 - [iter:22/50][loss:2.913767][iter_time:140.13]
2023-11-14 14:07:34.234 | INFO     | adsh:train:138 - [epoch:1/1][cnn_loss:2.184160][hash_loss:2.018070][quan_loss:0.166089]
2023-11-14 14:07:34.261 | INFO     | adsh:train:149 - [iter:23/50][loss:2.912158][iter_time:128.13]
2023-11-14 14:09:42.468 | INFO     | adsh:train:138 - [epoch:1/1][cnn_loss:2.180276][hash_loss:2.014711][quan_loss:0.165565]
2023-11-14 14:09:42.495 | INFO     | adsh:train:149 - [iter:24/50][loss:2.906996][iter_time:128.23]
2023-11-14 14:11:50.195 | INFO     | adsh:train:138 - [epoch:1/1][cnn_loss:2.178709][hash_loss:2.013124][quan_loss:0.165585]
2023-11-14 14:11:50.226 | INFO     | adsh:train:149 - [iter:25/50][loss:2.904908][iter_time:127.73]
2023-11-14 14:22:51.328 | INFO     | adsh:train:221 - [iter:25/50][code_length:16][mAP:0.80612][mAP_all:0.79678][best_mAP:0.80612]
2023-11-14 14:22:51.329 | INFO     | adsh:train:222 - [iter:25/50][code_length:16][zs_mAP:0.42572][zs_mAP_all:0.21363]
2023-11-14 14:27:17.902 | INFO     | adsh:train:138 - [epoch:1/1][cnn_loss:2.175010][hash_loss:2.009829][quan_loss:0.165181]
2023-11-14 14:27:17.933 | INFO     | adsh:train:149 - [iter:26/50][loss:2.899990][iter_time:266.60]
2023-11-14 14:31:24.082 | INFO     | adsh:train:138 - [epoch:1/1][cnn_loss:2.172435][hash_loss:2.007589][quan_loss:0.164846]
2023-11-14 14:31:24.109 | INFO     | adsh:train:149 - [iter:27/50][loss:2.896504][iter_time:246.18]
2023-11-14 14:33:35.336 | INFO     | adsh:train:138 - [epoch:1/1][cnn_loss:2.171529][hash_loss:2.006772][quan_loss:0.164757]
2023-11-14 14:33:35.364 | INFO     | adsh:train:149 - [iter:28/50][loss:2.895338][iter_time:131.25]
2023-11-14 14:35:45.751 | INFO     | adsh:train:138 - [epoch:1/1][cnn_loss:2.171550][hash_loss:2.006713][quan_loss:0.164837]
2023-11-14 14:35:45.778 | INFO     | adsh:train:149 - [iter:29/50][loss:2.895371][iter_time:130.41]
2023-11-14 14:37:55.350 | INFO     | adsh:train:138 - [epoch:1/1][cnn_loss:2.168728][hash_loss:2.004245][quan_loss:0.164483]
2023-11-14 14:37:55.377 | INFO     | adsh:train:149 - [iter:30/50][loss:2.891661][iter_time:129.60]
2023-11-14 14:48:41.722 | INFO     | adsh:train:221 - [iter:30/50][code_length:16][mAP:0.81542][mAP_all:0.80710][best_mAP:0.81542]
2023-11-14 14:48:41.722 | INFO     | adsh:train:222 - [iter:30/50][code_length:16][zs_mAP:0.43258][zs_mAP_all:0.21301]
2023-11-14 14:53:03.308 | INFO     | adsh:train:138 - [epoch:1/1][cnn_loss:2.166582][hash_loss:2.002329][quan_loss:0.164252]
2023-11-14 14:53:03.337 | INFO     | adsh:train:149 - [iter:31/50][loss:2.888750][iter_time:261.61]
2023-11-14 14:57:26.479 | INFO     | adsh:train:138 - [epoch:1/1][cnn_loss:2.163566][hash_loss:1.999568][quan_loss:0.163998]
2023-11-14 14:57:26.512 | INFO     | adsh:train:149 - [iter:32/50][loss:2.884682][iter_time:263.17]
2023-11-14 15:00:42.826 | INFO     | adsh:train:138 - [epoch:1/1][cnn_loss:2.163064][hash_loss:1.999163][quan_loss:0.163902]
2023-11-14 15:00:42.853 | INFO     | adsh:train:149 - [iter:33/50][loss:2.884074][iter_time:196.34]
2023-11-14 15:02:49.203 | INFO     | adsh:train:138 - [epoch:1/1][cnn_loss:2.160925][hash_loss:1.997364][quan_loss:0.163561]
2023-11-14 15:02:49.230 | INFO     | adsh:train:149 - [iter:34/50][loss:2.881221][iter_time:126.38]
2023-11-14 15:04:57.321 | INFO     | adsh:train:138 - [epoch:1/1][cnn_loss:2.159961][hash_loss:1.996440][quan_loss:0.163520]
2023-11-14 15:04:57.349 | INFO     | adsh:train:149 - [iter:35/50][loss:2.879875][iter_time:128.12]
2023-11-14 15:15:31.771 | INFO     | adsh:train:221 - [iter:35/50][code_length:16][mAP:0.81865][mAP_all:0.81022][best_mAP:0.81865]
2023-11-14 15:15:31.772 | INFO     | adsh:train:222 - [iter:35/50][code_length:16][zs_mAP:0.42291][zs_mAP_all:0.21068]
2023-11-14 15:19:50.097 | INFO     | adsh:train:138 - [epoch:1/1][cnn_loss:2.159068][hash_loss:1.995640][quan_loss:0.163428]
2023-11-14 15:19:50.129 | INFO     | adsh:train:149 - [iter:36/50][loss:2.878820][iter_time:258.36]
2023-11-14 15:30:25.257 | INFO     | adsh:train:221 - [iter:36/50][code_length:16][mAP:0.82638][mAP_all:0.81775][best_mAP:0.82638]
2023-11-14 15:30:25.258 | INFO     | adsh:train:222 - [iter:36/50][code_length:16][zs_mAP:0.42866][zs_mAP_all:0.21900]
2023-11-14 15:32:35.462 | INFO     | adsh:train:138 - [epoch:1/1][cnn_loss:2.158126][hash_loss:1.994861][quan_loss:0.163265]
2023-11-14 15:32:35.489 | INFO     | adsh:train:149 - [iter:37/50][loss:2.877543][iter_time:130.23]
2023-11-14 15:42:47.499 | INFO     | adsh:train:221 - [iter:37/50][code_length:16][mAP:0.82414][mAP_all:0.81612][best_mAP:0.82638]
2023-11-14 15:42:47.500 | INFO     | adsh:train:222 - [iter:37/50][code_length:16][zs_mAP:0.42656][zs_mAP_all:0.21738]
2023-11-14 15:44:54.311 | INFO     | adsh:train:138 - [epoch:1/1][cnn_loss:2.157247][hash_loss:1.994105][quan_loss:0.163142]
2023-11-14 15:44:54.338 | INFO     | adsh:train:149 - [iter:38/50][loss:2.876326][iter_time:126.84]
2023-11-14 15:55:05.131 | INFO     | adsh:train:221 - [iter:38/50][code_length:16][mAP:0.82748][mAP_all:0.81875][best_mAP:0.82748]
2023-11-14 15:55:05.132 | INFO     | adsh:train:222 - [iter:38/50][code_length:16][zs_mAP:0.42545][zs_mAP_all:0.21345]
2023-11-14 15:57:10.641 | INFO     | adsh:train:138 - [epoch:1/1][cnn_loss:2.157587][hash_loss:1.994321][quan_loss:0.163266]
2023-11-14 15:57:10.668 | INFO     | adsh:train:149 - [iter:39/50][loss:2.876824][iter_time:125.54]
2023-11-14 16:07:21.396 | INFO     | adsh:train:221 - [iter:39/50][code_length:16][mAP:0.82602][mAP_all:0.81835][best_mAP:0.82748]
2023-11-14 16:07:21.397 | INFO     | adsh:train:222 - [iter:39/50][code_length:16][zs_mAP:0.41593][zs_mAP_all:0.20670]
2023-11-14 16:09:24.621 | INFO     | adsh:train:138 - [epoch:1/1][cnn_loss:2.153842][hash_loss:1.991202][quan_loss:0.162641]
2023-11-14 16:09:24.647 | INFO     | adsh:train:149 - [iter:40/50][loss:2.871707][iter_time:123.25]
2023-11-14 16:19:34.065 | INFO     | adsh:train:221 - [iter:40/50][code_length:16][mAP:0.82532][mAP_all:0.81726][best_mAP:0.82748]
2023-11-14 16:19:34.066 | INFO     | adsh:train:222 - [iter:40/50][code_length:16][zs_mAP:0.41226][zs_mAP_all:0.19855]
2023-11-14 16:21:42.428 | INFO     | adsh:train:138 - [epoch:1/1][cnn_loss:2.154213][hash_loss:1.991369][quan_loss:0.162844]
2023-11-14 16:21:42.455 | INFO     | adsh:train:149 - [iter:41/50][loss:2.872292][iter_time:128.39]
2023-11-14 16:31:51.553 | INFO     | adsh:train:221 - [iter:41/50][code_length:16][mAP:0.82473][mAP_all:0.81628][best_mAP:0.82748]
2023-11-14 16:31:51.554 | INFO     | adsh:train:222 - [iter:41/50][code_length:16][zs_mAP:0.42812][zs_mAP_all:0.21413]
2023-11-14 16:33:59.994 | INFO     | adsh:train:138 - [epoch:1/1][cnn_loss:2.152323][hash_loss:1.989794][quan_loss:0.162530]
2023-11-14 16:34:00.021 | INFO     | adsh:train:149 - [iter:42/50][loss:2.869744][iter_time:128.47]
2023-11-14 16:44:13.035 | INFO     | adsh:train:221 - [iter:42/50][code_length:16][mAP:0.82974][mAP_all:0.82190][best_mAP:0.82974]
2023-11-14 16:44:13.036 | INFO     | adsh:train:222 - [iter:42/50][code_length:16][zs_mAP:0.41660][zs_mAP_all:0.20635]
2023-11-14 16:46:22.424 | INFO     | adsh:train:138 - [epoch:1/1][cnn_loss:2.151889][hash_loss:1.989372][quan_loss:0.162517]
2023-11-14 16:46:22.451 | INFO     | adsh:train:149 - [iter:43/50][loss:2.869200][iter_time:129.42]
2023-11-14 16:56:33.729 | INFO     | adsh:train:221 - [iter:43/50][code_length:16][mAP:0.82810][mAP_all:0.81970][best_mAP:0.82974]
2023-11-14 16:56:33.730 | INFO     | adsh:train:222 - [iter:43/50][code_length:16][zs_mAP:0.40288][zs_mAP_all:0.19975]
2023-11-14 16:58:41.557 | INFO     | adsh:train:138 - [epoch:1/1][cnn_loss:2.149502][hash_loss:1.987312][quan_loss:0.162190]
2023-11-14 16:58:41.584 | INFO     | adsh:train:149 - [iter:44/50][loss:2.866014][iter_time:127.85]
2023-11-14 17:08:55.155 | INFO     | adsh:train:221 - [iter:44/50][code_length:16][mAP:0.82688][mAP_all:0.81923][best_mAP:0.82974]
2023-11-14 17:08:55.156 | INFO     | adsh:train:222 - [iter:44/50][code_length:16][zs_mAP:0.42006][zs_mAP_all:0.21689]
2023-11-14 17:11:00.724 | INFO     | adsh:train:138 - [epoch:1/1][cnn_loss:2.147012][hash_loss:1.985218][quan_loss:0.161794]
2023-11-14 17:11:00.751 | INFO     | adsh:train:149 - [iter:45/50][loss:2.862696][iter_time:125.60]
2023-11-14 17:21:14.463 | INFO     | adsh:train:221 - [iter:45/50][code_length:16][mAP:0.83058][mAP_all:0.82248][best_mAP:0.83058]
2023-11-14 17:21:14.464 | INFO     | adsh:train:222 - [iter:45/50][code_length:16][zs_mAP:0.41366][zs_mAP_all:0.20953]
2023-11-14 17:23:20.965 | INFO     | adsh:train:138 - [epoch:1/1][cnn_loss:2.142892][hash_loss:1.981335][quan_loss:0.161557]
2023-11-14 17:23:20.993 | INFO     | adsh:train:149 - [iter:46/50][loss:2.857224][iter_time:126.53]
2023-11-14 17:33:32.271 | INFO     | adsh:train:221 - [iter:46/50][code_length:16][mAP:0.83460][mAP_all:0.82684][best_mAP:0.83460]
2023-11-14 17:33:32.273 | INFO     | adsh:train:222 - [iter:46/50][code_length:16][zs_mAP:0.42302][zs_mAP_all:0.21765]
2023-11-14 17:35:42.216 | INFO     | adsh:train:138 - [epoch:1/1][cnn_loss:2.142529][hash_loss:1.980914][quan_loss:0.161615]
2023-11-14 17:35:42.243 | INFO     | adsh:train:149 - [iter:47/50][loss:2.856606][iter_time:129.97]
2023-11-14 17:45:48.946 | INFO     | adsh:train:221 - [iter:47/50][code_length:16][mAP:0.83249][mAP_all:0.82484][best_mAP:0.83460]
2023-11-14 17:45:48.947 | INFO     | adsh:train:222 - [iter:47/50][code_length:16][zs_mAP:0.41898][zs_mAP_all:0.21238]
2023-11-14 17:47:57.131 | INFO     | adsh:train:138 - [epoch:1/1][cnn_loss:2.141325][hash_loss:1.979807][quan_loss:0.161518]
2023-11-14 17:47:57.158 | INFO     | adsh:train:149 - [iter:48/50][loss:2.855131][iter_time:128.21]
2023-11-14 17:58:06.101 | INFO     | adsh:train:221 - [iter:48/50][code_length:16][mAP:0.83359][mAP_all:0.82587][best_mAP:0.83460]
2023-11-14 17:58:06.101 | INFO     | adsh:train:222 - [iter:48/50][code_length:16][zs_mAP:0.42369][zs_mAP_all:0.22093]
2023-11-14 18:00:18.504 | INFO     | adsh:train:138 - [epoch:1/1][cnn_loss:2.142467][hash_loss:1.980639][quan_loss:0.161827]
2023-11-14 18:00:18.531 | INFO     | adsh:train:149 - [iter:49/50][loss:2.856599][iter_time:132.43]
2023-11-14 18:10:27.808 | INFO     | adsh:train:221 - [iter:49/50][code_length:16][mAP:0.83176][mAP_all:0.82393][best_mAP:0.83460]
2023-11-14 18:10:27.809 | INFO     | adsh:train:222 - [iter:49/50][code_length:16][zs_mAP:0.41082][zs_mAP_all:0.20736]
2023-11-14 18:12:36.076 | INFO     | adsh:train:138 - [epoch:1/1][cnn_loss:2.142644][hash_loss:1.980865][quan_loss:0.161779]
2023-11-14 18:12:36.103 | INFO     | adsh:train:149 - [iter:50/50][loss:2.856860][iter_time:128.29]
2023-11-14 18:22:45.562 | INFO     | adsh:train:221 - [iter:50/50][code_length:16][mAP:0.83344][mAP_all:0.82585][best_mAP:0.83460]
2023-11-14 18:22:45.563 | INFO     | adsh:train:222 - [iter:50/50][code_length:16][zs_mAP:0.41565][zs_mAP_all:0.21066]
2023-11-14 18:22:45.563 | INFO     | adsh:train:224 - [Training time:21720.79]
2023-11-14 18:22:45.575 | INFO     | __main__:run:126 - [code_length:16][map:0.8346][map_all:0.8268][zs_map:0.4230][zs_map_all:0.2177]
2023-11-14 18:24:53.521 | INFO     | adsh:train:138 - [epoch:1/1][cnn_loss:5.056973][hash_loss:4.835744][quan_loss:0.221229]
2023-11-14 18:24:53.571 | INFO     | adsh:train:149 - [iter:1/50][loss:12.378653][iter_time:127.35]
2023-11-14 18:27:01.972 | INFO     | adsh:train:138 - [epoch:1/1][cnn_loss:4.409565][hash_loss:4.221371][quan_loss:0.188194]
2023-11-14 18:27:02.023 | INFO     | adsh:train:149 - [iter:2/50][loss:11.556486][iter_time:128.45]
2023-11-14 18:29:10.787 | INFO     | adsh:train:138 - [epoch:1/1][cnn_loss:4.048743][hash_loss:3.885134][quan_loss:0.163609]
2023-11-14 18:29:10.838 | INFO     | adsh:train:149 - [iter:3/50][loss:10.743556][iter_time:128.81]
2023-11-14 18:32:03.081 | INFO     | adsh:train:138 - [epoch:1/1][cnn_loss:3.890032][hash_loss:3.736896][quan_loss:0.153136]
2023-11-14 18:32:03.136 | INFO     | adsh:train:149 - [iter:4/50][loss:10.357903][iter_time:172.30]
2023-11-14 18:35:30.154 | INFO     | adsh:train:138 - [epoch:1/1][cnn_loss:3.806221][hash_loss:3.658738][quan_loss:0.147483]
2023-11-14 18:35:30.204 | INFO     | adsh:train:149 - [iter:5/50][loss:10.144978][iter_time:207.07]
2023-11-14 18:45:23.618 | INFO     | adsh:train:221 - [iter:5/50][code_length:32][mAP:0.83206][mAP_all:0.82275][best_mAP:0.83206]
2023-11-14 18:45:23.619 | INFO     | adsh:train:222 - [iter:5/50][code_length:32][zs_mAP:0.62309][zs_mAP_all:0.38350]
2023-11-14 18:49:52.633 | INFO     | adsh:train:138 - [epoch:1/1][cnn_loss:3.752724][hash_loss:3.608825][quan_loss:0.143899]
2023-11-14 18:49:52.684 | INFO     | adsh:train:149 - [iter:6/50][loss:10.006166][iter_time:269.06]
2023-11-14 18:54:25.970 | INFO     | adsh:train:138 - [epoch:1/1][cnn_loss:3.717681][hash_loss:3.576116][quan_loss:0.141565]
2023-11-14 18:54:26.024 | INFO     | adsh:train:149 - [iter:7/50][loss:9.913284][iter_time:273.34]
2023-11-14 18:58:48.517 | INFO     | adsh:train:138 - [epoch:1/1][cnn_loss:3.689112][hash_loss:3.549525][quan_loss:0.139587]
2023-11-14 18:58:48.572 | INFO     | adsh:train:149 - [iter:8/50][loss:9.837611][iter_time:262.55]
2023-11-14 19:03:19.216 | INFO     | adsh:train:138 - [epoch:1/1][cnn_loss:3.670469][hash_loss:3.532078][quan_loss:0.138390]
2023-11-14 19:03:19.272 | INFO     | adsh:train:149 - [iter:9/50][loss:9.788052][iter_time:270.70]
2023-11-14 19:06:57.086 | INFO     | adsh:train:138 - [epoch:1/1][cnn_loss:3.644653][hash_loss:3.507923][quan_loss:0.136730]
2023-11-14 19:06:57.136 | INFO     | adsh:train:149 - [iter:10/50][loss:9.718964][iter_time:217.86]
2023-11-14 19:16:49.580 | INFO     | adsh:train:221 - [iter:10/50][code_length:32][mAP:0.85978][mAP_all:0.85136][best_mAP:0.85978]
2023-11-14 19:16:49.581 | INFO     | adsh:train:222 - [iter:10/50][code_length:32][zs_mAP:0.61246][zs_mAP_all:0.37016]
2023-11-14 19:20:53.960 | INFO     | adsh:train:138 - [epoch:1/1][cnn_loss:3.623782][hash_loss:3.488313][quan_loss:0.135470]
2023-11-14 19:20:54.022 | INFO     | adsh:train:149 - [iter:11/50][loss:9.663257][iter_time:244.44]
2023-11-14 19:25:38.090 | INFO     | adsh:train:138 - [epoch:1/1][cnn_loss:3.614044][hash_loss:3.479108][quan_loss:0.134936]
2023-11-14 19:25:38.142 | INFO     | adsh:train:149 - [iter:12/50][loss:9.636679][iter_time:284.12]
2023-11-14 19:30:28.688 | INFO     | adsh:train:138 - [epoch:1/1][cnn_loss:3.596732][hash_loss:3.462790][quan_loss:0.133942]
2023-11-14 19:30:28.741 | INFO     | adsh:train:149 - [iter:13/50][loss:9.591124][iter_time:290.60]
2023-11-14 19:35:22.966 | INFO     | adsh:train:138 - [epoch:1/1][cnn_loss:3.585831][hash_loss:3.452400][quan_loss:0.133431]
2023-11-14 19:35:23.016 | INFO     | adsh:train:149 - [iter:14/50][loss:9.561972][iter_time:294.28]
2023-11-14 19:38:16.501 | INFO     | adsh:train:138 - [epoch:1/1][cnn_loss:3.569597][hash_loss:3.437067][quan_loss:0.132530]
2023-11-14 19:38:16.552 | INFO     | adsh:train:149 - [iter:15/50][loss:9.518597][iter_time:173.54]
2023-11-14 19:48:13.330 | INFO     | adsh:train:221 - [iter:15/50][code_length:32][mAP:0.87243][mAP_all:0.86383][best_mAP:0.87243]
2023-11-14 19:48:13.331 | INFO     | adsh:train:222 - [iter:15/50][code_length:32][zs_mAP:0.59120][zs_mAP_all:0.33872]
2023-11-14 19:52:57.764 | INFO     | adsh:train:138 - [epoch:1/1][cnn_loss:3.562097][hash_loss:3.429838][quan_loss:0.132259]
2023-11-14 19:52:57.821 | INFO     | adsh:train:149 - [iter:16/50][loss:9.498951][iter_time:284.49]
2023-11-14 19:58:01.427 | INFO     | adsh:train:138 - [epoch:1/1][cnn_loss:3.548714][hash_loss:3.417226][quan_loss:0.131488]
2023-11-14 19:58:01.477 | INFO     | adsh:train:149 - [iter:17/50][loss:9.462532][iter_time:303.66]
2023-11-14 20:02:38.183 | INFO     | adsh:train:138 - [epoch:1/1][cnn_loss:3.532464][hash_loss:3.401950][quan_loss:0.130513]
2023-11-14 20:02:38.234 | INFO     | adsh:train:149 - [iter:18/50][loss:9.419639][iter_time:276.76]
2023-11-14 20:06:58.128 | INFO     | adsh:train:138 - [epoch:1/1][cnn_loss:3.528494][hash_loss:3.398159][quan_loss:0.130335]
2023-11-14 20:06:58.178 | INFO     | adsh:train:149 - [iter:19/50][loss:9.409677][iter_time:259.94]
2023-11-14 20:09:48.397 | INFO     | adsh:train:138 - [epoch:1/1][cnn_loss:3.518792][hash_loss:3.389136][quan_loss:0.129656]
2023-11-14 20:09:48.447 | INFO     | adsh:train:149 - [iter:20/50][loss:9.382858][iter_time:170.27]
2023-11-14 20:19:50.153 | INFO     | adsh:train:221 - [iter:20/50][code_length:32][mAP:0.88156][mAP_all:0.87207][best_mAP:0.88156]
2023-11-14 20:19:50.154 | INFO     | adsh:train:222 - [iter:20/50][code_length:32][zs_mAP:0.58797][zs_mAP_all:0.33719]
2023-11-14 20:24:04.875 | INFO     | adsh:train:138 - [epoch:1/1][cnn_loss:3.504346][hash_loss:3.375549][quan_loss:0.128797]
2023-11-14 20:24:04.928 | INFO     | adsh:train:149 - [iter:21/50][loss:9.344986][iter_time:254.77]
2023-11-14 20:28:19.628 | INFO     | adsh:train:138 - [epoch:1/1][cnn_loss:3.503177][hash_loss:3.374526][quan_loss:0.128651]
2023-11-14 20:28:19.679 | INFO     | adsh:train:149 - [iter:22/50][loss:9.341377][iter_time:254.75]
2023-11-14 20:32:49.361 | INFO     | adsh:train:138 - [epoch:1/1][cnn_loss:3.491583][hash_loss:3.363577][quan_loss:0.128006]
2023-11-14 20:32:49.418 | INFO     | adsh:train:149 - [iter:23/50][loss:9.310742][iter_time:269.74]
2023-11-14 20:37:39.184 | INFO     | adsh:train:138 - [epoch:1/1][cnn_loss:3.483972][hash_loss:3.356506][quan_loss:0.127465]
2023-11-14 20:37:39.240 | INFO     | adsh:train:149 - [iter:24/50][loss:9.290118][iter_time:289.82]
2023-11-14 20:40:04.327 | INFO     | adsh:train:138 - [epoch:1/1][cnn_loss:3.472523][hash_loss:3.345807][quan_loss:0.126716]
2023-11-14 20:40:04.378 | INFO     | adsh:train:149 - [iter:25/50][loss:9.260124][iter_time:145.14]
2023-11-14 20:49:57.115 | INFO     | adsh:train:221 - [iter:25/50][code_length:32][mAP:0.88777][mAP_all:0.87806][best_mAP:0.88777]
2023-11-14 20:49:57.116 | INFO     | adsh:train:222 - [iter:25/50][code_length:32][zs_mAP:0.58441][zs_mAP_all:0.33367]
2023-11-14 20:54:12.959 | INFO     | adsh:train:138 - [epoch:1/1][cnn_loss:3.467115][hash_loss:3.340832][quan_loss:0.126284]
2023-11-14 20:54:13.009 | INFO     | adsh:train:149 - [iter:26/50][loss:9.245331][iter_time:255.89]
2023-11-14 20:58:31.587 | INFO     | adsh:train:138 - [epoch:1/1][cnn_loss:3.456688][hash_loss:3.331020][quan_loss:0.125669]
2023-11-14 20:58:31.638 | INFO     | adsh:train:149 - [iter:27/50][loss:9.217728][iter_time:258.63]
2023-11-14 21:02:50.894 | INFO     | adsh:train:138 - [epoch:1/1][cnn_loss:3.449254][hash_loss:3.324069][quan_loss:0.125185]
2023-11-14 21:02:50.944 | INFO     | adsh:train:149 - [iter:28/50][loss:9.197827][iter_time:259.31]
2023-11-14 21:07:11.208 | INFO     | adsh:train:138 - [epoch:1/1][cnn_loss:3.448793][hash_loss:3.323618][quan_loss:0.125175]
2023-11-14 21:07:11.264 | INFO     | adsh:train:149 - [iter:29/50][loss:9.196625][iter_time:260.32]
2023-11-14 21:10:18.455 | INFO     | adsh:train:138 - [epoch:1/1][cnn_loss:3.445996][hash_loss:3.321015][quan_loss:0.124981]
2023-11-14 21:10:18.511 | INFO     | adsh:train:149 - [iter:30/50][loss:9.189240][iter_time:187.25]
2023-11-14 21:20:17.747 | INFO     | adsh:train:221 - [iter:30/50][code_length:32][mAP:0.89190][mAP_all:0.88151][best_mAP:0.89190]
2023-11-14 21:20:17.748 | INFO     | adsh:train:222 - [iter:30/50][code_length:32][zs_mAP:0.57927][zs_mAP_all:0.33567]
2023-11-14 21:24:48.485 | INFO     | adsh:train:138 - [epoch:1/1][cnn_loss:3.429592][hash_loss:3.305750][quan_loss:0.123841]
2023-11-14 21:24:48.540 | INFO     | adsh:train:149 - [iter:31/50][loss:9.145678][iter_time:270.79]
2023-11-14 21:29:01.793 | INFO     | adsh:train:138 - [epoch:1/1][cnn_loss:3.428538][hash_loss:3.304759][quan_loss:0.123779]
2023-11-14 21:29:01.844 | INFO     | adsh:train:149 - [iter:32/50][loss:9.142646][iter_time:253.30]
2023-11-14 21:33:17.327 | INFO     | adsh:train:138 - [epoch:1/1][cnn_loss:3.422980][hash_loss:3.299514][quan_loss:0.123466]
2023-11-14 21:33:17.386 | INFO     | adsh:train:149 - [iter:33/50][loss:9.127626][iter_time:255.54]
2023-11-14 21:37:50.039 | INFO     | adsh:train:138 - [epoch:1/1][cnn_loss:3.413770][hash_loss:3.291015][quan_loss:0.122755]
2023-11-14 21:37:50.090 | INFO     | adsh:train:149 - [iter:34/50][loss:9.103424][iter_time:272.70]
2023-11-14 21:40:42.414 | INFO     | adsh:train:138 - [epoch:1/1][cnn_loss:3.403642][hash_loss:3.281514][quan_loss:0.122128]
2023-11-14 21:40:42.465 | INFO     | adsh:train:149 - [iter:35/50][loss:9.075940][iter_time:172.37]
2023-11-14 21:50:36.232 | INFO     | adsh:train:221 - [iter:35/50][code_length:32][mAP:0.89487][mAP_all:0.88438][best_mAP:0.89487]
2023-11-14 21:50:36.234 | INFO     | adsh:train:222 - [iter:35/50][code_length:32][zs_mAP:0.56923][zs_mAP_all:0.32759]
2023-11-14 21:54:42.111 | INFO     | adsh:train:138 - [epoch:1/1][cnn_loss:3.405046][hash_loss:3.282788][quan_loss:0.122258]
2023-11-14 21:54:42.165 | INFO     | adsh:train:149 - [iter:36/50][loss:9.079998][iter_time:245.93]
2023-11-14 22:05:30.202 | INFO     | adsh:train:221 - [iter:36/50][code_length:32][mAP:0.89266][mAP_all:0.88136][best_mAP:0.89487]
2023-11-14 22:05:30.202 | INFO     | adsh:train:222 - [iter:36/50][code_length:32][zs_mAP:0.55836][zs_mAP_all:0.31667]
2023-11-14 22:07:38.180 | INFO     | adsh:train:138 - [epoch:1/1][cnn_loss:3.401555][hash_loss:3.279599][quan_loss:0.121955]
2023-11-14 22:07:38.231 | INFO     | adsh:train:149 - [iter:37/50][loss:9.071080][iter_time:128.03]
2023-11-14 22:17:33.021 | INFO     | adsh:train:221 - [iter:37/50][code_length:32][mAP:0.89226][mAP_all:0.88171][best_mAP:0.89487]
2023-11-14 22:17:33.021 | INFO     | adsh:train:222 - [iter:37/50][code_length:32][zs_mAP:0.56184][zs_mAP_all:0.31301]
2023-11-14 22:19:42.901 | INFO     | adsh:train:138 - [epoch:1/1][cnn_loss:3.404754][hash_loss:3.282449][quan_loss:0.122304]
2023-11-14 22:19:42.951 | INFO     | adsh:train:149 - [iter:38/50][loss:9.079184][iter_time:129.93]
2023-11-14 22:29:45.868 | INFO     | adsh:train:221 - [iter:38/50][code_length:32][mAP:0.89428][mAP_all:0.88340][best_mAP:0.89487]
2023-11-14 22:29:45.869 | INFO     | adsh:train:222 - [iter:38/50][code_length:32][zs_mAP:0.56147][zs_mAP_all:0.31972]
2023-11-14 22:31:54.996 | INFO     | adsh:train:138 - [epoch:1/1][cnn_loss:3.390166][hash_loss:3.268905][quan_loss:0.121260]
2023-11-14 22:31:55.047 | INFO     | adsh:train:149 - [iter:39/50][loss:9.040331][iter_time:129.18]
2023-11-14 22:42:01.133 | INFO     | adsh:train:221 - [iter:39/50][code_length:32][mAP:0.89615][mAP_all:0.88481][best_mAP:0.89615]
2023-11-14 22:42:01.134 | INFO     | adsh:train:222 - [iter:39/50][code_length:32][zs_mAP:0.54697][zs_mAP_all:0.31123]
2023-11-14 22:44:09.206 | INFO     | adsh:train:138 - [epoch:1/1][cnn_loss:3.389897][hash_loss:3.268630][quan_loss:0.121267]
2023-11-14 22:44:09.256 | INFO     | adsh:train:149 - [iter:40/50][loss:9.039639][iter_time:128.12]
2023-11-14 22:54:14.267 | INFO     | adsh:train:221 - [iter:40/50][code_length:32][mAP:0.89354][mAP_all:0.88205][best_mAP:0.89615]
2023-11-14 22:54:14.268 | INFO     | adsh:train:222 - [iter:40/50][code_length:32][zs_mAP:0.55439][zs_mAP_all:0.32014]
2023-11-14 22:56:18.717 | INFO     | adsh:train:138 - [epoch:1/1][cnn_loss:3.383835][hash_loss:3.263014][quan_loss:0.120821]
2023-11-14 22:56:18.767 | INFO     | adsh:train:149 - [iter:41/50][loss:9.023192][iter_time:124.50]
2023-11-14 23:06:26.605 | INFO     | adsh:train:221 - [iter:41/50][code_length:32][mAP:0.89463][mAP_all:0.88349][best_mAP:0.89615]
2023-11-14 23:06:26.606 | INFO     | adsh:train:222 - [iter:41/50][code_length:32][zs_mAP:0.56478][zs_mAP_all:0.32271]
2023-11-14 23:08:32.945 | INFO     | adsh:train:138 - [epoch:1/1][cnn_loss:3.374112][hash_loss:3.253864][quan_loss:0.120249]
2023-11-14 23:08:32.995 | INFO     | adsh:train:149 - [iter:42/50][loss:8.997401][iter_time:126.39]
2023-11-14 23:18:45.168 | INFO     | adsh:train:221 - [iter:42/50][code_length:32][mAP:0.89724][mAP_all:0.88601][best_mAP:0.89724]
2023-11-14 23:18:45.169 | INFO     | adsh:train:222 - [iter:42/50][code_length:32][zs_mAP:0.55379][zs_mAP_all:0.30731]
2023-11-14 23:20:53.135 | INFO     | adsh:train:138 - [epoch:1/1][cnn_loss:3.371103][hash_loss:3.251124][quan_loss:0.119979]
2023-11-14 23:20:53.185 | INFO     | adsh:train:149 - [iter:43/50][loss:8.989276][iter_time:128.02]
2023-11-14 23:31:03.818 | INFO     | adsh:train:221 - [iter:43/50][code_length:32][mAP:0.89414][mAP_all:0.88244][best_mAP:0.89724]
2023-11-14 23:31:03.819 | INFO     | adsh:train:222 - [iter:43/50][code_length:32][zs_mAP:0.54895][zs_mAP_all:0.30278]
2023-11-14 23:33:13.456 | INFO     | adsh:train:138 - [epoch:1/1][cnn_loss:3.376621][hash_loss:3.256251][quan_loss:0.120370]
2023-11-14 23:33:13.506 | INFO     | adsh:train:149 - [iter:44/50][loss:9.004066][iter_time:129.69]
2023-11-14 23:43:22.785 | INFO     | adsh:train:221 - [iter:44/50][code_length:32][mAP:0.89584][mAP_all:0.88518][best_mAP:0.89724]
2023-11-14 23:43:22.786 | INFO     | adsh:train:222 - [iter:44/50][code_length:32][zs_mAP:0.55544][zs_mAP_all:0.31004]
2023-11-14 23:45:31.578 | INFO     | adsh:train:138 - [epoch:1/1][cnn_loss:3.376011][hash_loss:3.255572][quan_loss:0.120440]
2023-11-14 23:45:31.632 | INFO     | adsh:train:149 - [iter:45/50][loss:9.002640][iter_time:128.85]
2023-11-14 23:55:44.113 | INFO     | adsh:train:221 - [iter:45/50][code_length:32][mAP:0.89564][mAP_all:0.88485][best_mAP:0.89724]
2023-11-14 23:55:44.114 | INFO     | adsh:train:222 - [iter:45/50][code_length:32][zs_mAP:0.55363][zs_mAP_all:0.31915]
2023-11-14 23:57:52.476 | INFO     | adsh:train:138 - [epoch:1/1][cnn_loss:3.348044][hash_loss:3.229297][quan_loss:0.118746]
2023-11-14 23:57:52.527 | INFO     | adsh:train:149 - [iter:46/50][loss:8.927748][iter_time:128.41]
2023-11-15 00:08:06.792 | INFO     | adsh:train:221 - [iter:46/50][code_length:32][mAP:0.89680][mAP_all:0.88609][best_mAP:0.89724]
2023-11-15 00:08:06.792 | INFO     | adsh:train:222 - [iter:46/50][code_length:32][zs_mAP:0.55006][zs_mAP_all:0.31139]
2023-11-15 00:10:16.972 | INFO     | adsh:train:138 - [epoch:1/1][cnn_loss:3.361937][hash_loss:3.242377][quan_loss:0.119560]
2023-11-15 00:10:17.022 | INFO     | adsh:train:149 - [iter:47/50][loss:8.964983][iter_time:130.23]
2023-11-15 00:20:27.898 | INFO     | adsh:train:221 - [iter:47/50][code_length:32][mAP:0.89675][mAP_all:0.88558][best_mAP:0.89724]
2023-11-15 00:20:27.898 | INFO     | adsh:train:222 - [iter:47/50][code_length:32][zs_mAP:0.54277][zs_mAP_all:0.30252]
2023-11-15 00:22:37.491 | INFO     | adsh:train:138 - [epoch:1/1][cnn_loss:3.350512][hash_loss:3.231607][quan_loss:0.118905]
2023-11-15 00:22:37.541 | INFO     | adsh:train:149 - [iter:48/50][loss:8.934587][iter_time:129.64]
2023-11-15 00:32:47.620 | INFO     | adsh:train:221 - [iter:48/50][code_length:32][mAP:0.89578][mAP_all:0.88463][best_mAP:0.89724]
2023-11-15 00:32:47.621 | INFO     | adsh:train:222 - [iter:48/50][code_length:32][zs_mAP:0.55226][zs_mAP_all:0.31293]
2023-11-15 00:34:57.716 | INFO     | adsh:train:138 - [epoch:1/1][cnn_loss:3.354673][hash_loss:3.235443][quan_loss:0.119230]
2023-11-15 00:34:57.766 | INFO     | adsh:train:149 - [iter:49/50][loss:8.945625][iter_time:130.15]
2023-11-15 00:45:11.341 | INFO     | adsh:train:221 - [iter:49/50][code_length:32][mAP:0.89598][mAP_all:0.88495][best_mAP:0.89724]
2023-11-15 00:45:11.341 | INFO     | adsh:train:222 - [iter:49/50][code_length:32][zs_mAP:0.54987][zs_mAP_all:0.30417]
2023-11-15 00:47:21.009 | INFO     | adsh:train:138 - [epoch:1/1][cnn_loss:3.347096][hash_loss:3.228316][quan_loss:0.118780]
2023-11-15 00:47:21.059 | INFO     | adsh:train:149 - [iter:50/50][loss:8.925201][iter_time:129.72]
2023-11-15 00:57:31.919 | INFO     | adsh:train:221 - [iter:50/50][code_length:32][mAP:0.89528][mAP_all:0.88455][best_mAP:0.89724]
2023-11-15 00:57:31.920 | INFO     | adsh:train:222 - [iter:50/50][code_length:32][zs_mAP:0.54794][zs_mAP_all:0.30825]
2023-11-15 00:57:31.920 | INFO     | adsh:train:224 - [Training time:23685.70]
2023-11-15 00:57:31.928 | INFO     | __main__:run:126 - [code_length:32][map:0.8972][map_all:0.8860][zs_map:0.5538][zs_map_all:0.3073]
2023-11-15 00:59:43.237 | INFO     | adsh:train:138 - [epoch:1/1][cnn_loss:9.698819][hash_loss:9.475336][quan_loss:0.223483]
2023-11-15 00:59:43.352 | INFO     | adsh:train:149 - [iter:1/50][loss:46.318985][iter_time:130.83]
2023-11-15 01:01:49.775 | INFO     | adsh:train:138 - [epoch:1/1][cnn_loss:8.038546][hash_loss:7.860351][quan_loss:0.178195]
2023-11-15 01:01:49.890 | INFO     | adsh:train:149 - [iter:2/50][loss:42.177971][iter_time:126.54]
2023-11-15 01:03:58.735 | INFO     | adsh:train:138 - [epoch:1/1][cnn_loss:6.991951][hash_loss:6.844933][quan_loss:0.147018]
2023-11-15 01:03:58.850 | INFO     | adsh:train:149 - [iter:3/50][loss:37.026363][iter_time:128.96]
2023-11-15 01:06:34.444 | INFO     | adsh:train:138 - [epoch:1/1][cnn_loss:6.435996][hash_loss:6.303641][quan_loss:0.132355]
2023-11-15 01:06:34.557 | INFO     | adsh:train:149 - [iter:4/50][loss:34.220104][iter_time:155.71]
2023-11-15 01:10:26.758 | INFO     | adsh:train:138 - [epoch:1/1][cnn_loss:6.084813][hash_loss:5.960936][quan_loss:0.123876]
2023-11-15 01:10:26.874 | INFO     | adsh:train:149 - [iter:5/50][loss:32.397434][iter_time:232.32]
2023-11-15 01:20:18.088 | INFO     | adsh:train:221 - [iter:5/50][code_length:64][mAP:0.87840][mAP_all:0.87010][best_mAP:0.87840]
2023-11-15 01:20:18.089 | INFO     | adsh:train:222 - [iter:5/50][code_length:64][zs_mAP:0.73160][zs_mAP_all:0.49682]
2023-11-15 01:24:35.397 | INFO     | adsh:train:138 - [epoch:1/1][cnn_loss:5.822994][hash_loss:5.705142][quan_loss:0.117852]
2023-11-15 01:24:35.516 | INFO     | adsh:train:149 - [iter:6/50][loss:31.032211][iter_time:257.43]
2023-11-15 01:28:55.513 | INFO     | adsh:train:138 - [epoch:1/1][cnn_loss:5.644836][hash_loss:5.530716][quan_loss:0.114120]
2023-11-15 01:28:55.632 | INFO     | adsh:train:149 - [iter:7/50][loss:30.097326][iter_time:260.12]
2023-11-15 01:33:29.174 | INFO     | adsh:train:138 - [epoch:1/1][cnn_loss:5.465863][hash_loss:5.355489][quan_loss:0.110374]
2023-11-15 01:33:29.289 | INFO     | adsh:train:149 - [iter:8/50][loss:29.138334][iter_time:273.66]
2023-11-15 01:38:04.732 | INFO     | adsh:train:138 - [epoch:1/1][cnn_loss:5.347217][hash_loss:5.239074][quan_loss:0.108143]
2023-11-15 01:38:04.846 | INFO     | adsh:train:149 - [iter:9/50][loss:28.510483][iter_time:275.56]
2023-11-15 01:42:22.368 | INFO     | adsh:train:138 - [epoch:1/1][cnn_loss:5.202709][hash_loss:5.097743][quan_loss:0.104966]
2023-11-15 01:42:22.488 | INFO     | adsh:train:149 - [iter:10/50][loss:27.743326][iter_time:257.64]
2023-11-15 01:52:18.182 | INFO     | adsh:train:221 - [iter:10/50][code_length:64][mAP:0.89493][mAP_all:0.88554][best_mAP:0.89493]
2023-11-15 01:52:18.183 | INFO     | adsh:train:222 - [iter:10/50][code_length:64][zs_mAP:0.69608][zs_mAP_all:0.44809]
2023-11-15 01:56:39.046 | INFO     | adsh:train:138 - [epoch:1/1][cnn_loss:5.113344][hash_loss:5.010009][quan_loss:0.103334]
2023-11-15 01:56:39.172 | INFO     | adsh:train:149 - [iter:11/50][loss:27.263647][iter_time:260.99]
2023-11-15 02:01:00.293 | INFO     | adsh:train:138 - [epoch:1/1][cnn_loss:5.024627][hash_loss:4.922997][quan_loss:0.101630]
2023-11-15 02:01:00.413 | INFO     | adsh:train:149 - [iter:12/50][loss:26.790421][iter_time:261.24]
2023-11-15 02:05:20.722 | INFO     | adsh:train:138 - [epoch:1/1][cnn_loss:4.932901][hash_loss:4.833095][quan_loss:0.099806]
2023-11-15 02:05:20.842 | INFO     | adsh:train:149 - [iter:13/50][loss:26.305090][iter_time:260.43]
2023-11-15 02:09:42.848 | INFO     | adsh:train:138 - [epoch:1/1][cnn_loss:4.874481][hash_loss:4.775700][quan_loss:0.098781]
2023-11-15 02:09:42.970 | INFO     | adsh:train:149 - [iter:14/50][loss:25.995726][iter_time:262.13]
2023-11-15 02:13:57.457 | INFO     | adsh:train:138 - [epoch:1/1][cnn_loss:4.813599][hash_loss:4.715927][quan_loss:0.097672]
2023-11-15 02:13:57.577 | INFO     | adsh:train:149 - [iter:15/50][loss:25.670267][iter_time:254.61]
2023-11-15 02:24:02.305 | INFO     | adsh:train:221 - [iter:15/50][code_length:64][mAP:0.90011][mAP_all:0.89047][best_mAP:0.90011]
2023-11-15 02:24:02.306 | INFO     | adsh:train:222 - [iter:15/50][code_length:64][zs_mAP:0.66364][zs_mAP_all:0.41323]
2023-11-15 02:27:18.941 | INFO     | adsh:train:138 - [epoch:1/1][cnn_loss:4.739283][hash_loss:4.643133][quan_loss:0.096150]
2023-11-15 02:27:19.061 | INFO     | adsh:train:149 - [iter:16/50][loss:25.277020][iter_time:196.75]
2023-11-15 02:31:39.119 | INFO     | adsh:train:138 - [epoch:1/1][cnn_loss:4.676668][hash_loss:4.581776][quan_loss:0.094892]
2023-11-15 02:31:39.237 | INFO     | adsh:train:149 - [iter:17/50][loss:24.941900][iter_time:260.18]
2023-11-15 02:36:01.075 | INFO     | adsh:train:138 - [epoch:1/1][cnn_loss:4.642470][hash_loss:4.548075][quan_loss:0.094395]
2023-11-15 02:36:01.194 | INFO     | adsh:train:149 - [iter:18/50][loss:24.756197][iter_time:261.96]
2023-11-15 02:40:22.281 | INFO     | adsh:train:138 - [epoch:1/1][cnn_loss:4.578403][hash_loss:4.485427][quan_loss:0.092976]
2023-11-15 02:40:22.403 | INFO     | adsh:train:149 - [iter:19/50][loss:24.415817][iter_time:261.21]
2023-11-15 02:44:44.665 | INFO     | adsh:train:138 - [epoch:1/1][cnn_loss:4.569962][hash_loss:4.476917][quan_loss:0.093045]
2023-11-15 02:44:44.782 | INFO     | adsh:train:149 - [iter:20/50][loss:24.369402][iter_time:262.38]
2023-11-15 02:54:53.562 | INFO     | adsh:train:221 - [iter:20/50][code_length:64][mAP:0.90411][mAP_all:0.89309][best_mAP:0.90411]
2023-11-15 02:54:53.564 | INFO     | adsh:train:222 - [iter:20/50][code_length:64][zs_mAP:0.64620][zs_mAP_all:0.39292]
2023-11-15 02:58:01.172 | INFO     | adsh:train:138 - [epoch:1/1][cnn_loss:4.506305][hash_loss:4.414606][quan_loss:0.091700]
2023-11-15 02:58:01.292 | INFO     | adsh:train:149 - [iter:21/50][loss:24.031672][iter_time:187.73]
2023-11-15 03:02:41.942 | INFO     | adsh:train:138 - [epoch:1/1][cnn_loss:4.481173][hash_loss:4.389956][quan_loss:0.091217]
2023-11-15 03:02:42.066 | INFO     | adsh:train:149 - [iter:22/50][loss:23.894306][iter_time:280.77]
2023-11-15 03:07:21.563 | INFO     | adsh:train:138 - [epoch:1/1][cnn_loss:4.467146][hash_loss:4.376028][quan_loss:0.091118]
2023-11-15 03:07:21.690 | INFO     | adsh:train:149 - [iter:23/50][loss:23.824261][iter_time:279.62]
2023-11-15 03:12:01.727 | INFO     | adsh:train:138 - [epoch:1/1][cnn_loss:4.425521][hash_loss:4.335241][quan_loss:0.090280]
2023-11-15 03:12:01.850 | INFO     | adsh:train:149 - [iter:24/50][loss:23.603519][iter_time:280.16]
2023-11-15 03:16:36.153 | INFO     | adsh:train:138 - [epoch:1/1][cnn_loss:4.378479][hash_loss:4.289157][quan_loss:0.089322]
2023-11-15 03:16:36.268 | INFO     | adsh:train:149 - [iter:25/50][loss:23.351469][iter_time:274.42]
2023-11-15 03:26:19.865 | INFO     | adsh:train:221 - [iter:25/50][code_length:64][mAP:0.90159][mAP_all:0.89005][best_mAP:0.90411]
2023-11-15 03:26:19.866 | INFO     | adsh:train:222 - [iter:25/50][code_length:64][zs_mAP:0.62207][zs_mAP_all:0.36324]
2023-11-15 03:30:00.044 | INFO     | adsh:train:138 - [epoch:1/1][cnn_loss:4.371919][hash_loss:4.282552][quan_loss:0.089367]
2023-11-15 03:30:00.173 | INFO     | adsh:train:149 - [iter:26/50][loss:23.316179][iter_time:220.31]
2023-11-15 03:34:35.210 | INFO     | adsh:train:138 - [epoch:1/1][cnn_loss:4.325533][hash_loss:4.237185][quan_loss:0.088348]
2023-11-15 03:34:35.330 | INFO     | adsh:train:149 - [iter:27/50][loss:23.063652][iter_time:275.16]
2023-11-15 03:39:20.143 | INFO     | adsh:train:138 - [epoch:1/1][cnn_loss:4.304508][hash_loss:4.216530][quan_loss:0.087978]
2023-11-15 03:39:20.259 | INFO     | adsh:train:149 - [iter:28/50][loss:22.957315][iter_time:284.93]
2023-11-15 03:44:00.388 | INFO     | adsh:train:138 - [epoch:1/1][cnn_loss:4.303973][hash_loss:4.215920][quan_loss:0.088053]
2023-11-15 03:44:00.507 | INFO     | adsh:train:149 - [iter:29/50][loss:22.955482][iter_time:280.25]
2023-11-15 03:48:18.078 | INFO     | adsh:train:138 - [epoch:1/1][cnn_loss:4.280503][hash_loss:4.192946][quan_loss:0.087557]
2023-11-15 03:48:18.197 | INFO     | adsh:train:149 - [iter:30/50][loss:22.828886][iter_time:257.69]
2023-11-15 03:58:11.830 | INFO     | adsh:train:221 - [iter:30/50][code_length:64][mAP:0.90432][mAP_all:0.89261][best_mAP:0.90432]
2023-11-15 03:58:11.831 | INFO     | adsh:train:222 - [iter:30/50][code_length:64][zs_mAP:0.57961][zs_mAP_all:0.33402]
2023-11-15 04:01:39.458 | INFO     | adsh:train:138 - [epoch:1/1][cnn_loss:4.260972][hash_loss:4.173646][quan_loss:0.087326]
2023-11-15 04:01:39.573 | INFO     | adsh:train:149 - [iter:31/50][loss:22.724901][iter_time:207.74]
2023-11-15 04:06:03.703 | INFO     | adsh:train:138 - [epoch:1/1][cnn_loss:4.192357][hash_loss:4.106765][quan_loss:0.085592]
2023-11-15 04:06:03.829 | INFO     | adsh:train:149 - [iter:32/50][loss:22.359137][iter_time:264.26]
2023-11-15 04:10:22.077 | INFO     | adsh:train:138 - [epoch:1/1][cnn_loss:4.204841][hash_loss:4.118731][quan_loss:0.086110]
2023-11-15 04:10:22.195 | INFO     | adsh:train:149 - [iter:33/50][loss:22.422441][iter_time:258.37]
2023-11-15 04:14:45.631 | INFO     | adsh:train:138 - [epoch:1/1][cnn_loss:4.199227][hash_loss:4.113199][quan_loss:0.086029]
2023-11-15 04:14:45.749 | INFO     | adsh:train:149 - [iter:34/50][loss:22.394276][iter_time:263.55]
2023-11-15 04:18:51.464 | INFO     | adsh:train:138 - [epoch:1/1][cnn_loss:4.166591][hash_loss:4.081336][quan_loss:0.085255]
2023-11-15 04:18:51.585 | INFO     | adsh:train:149 - [iter:35/50][loss:22.221766][iter_time:245.84]
2023-11-15 04:28:42.819 | INFO     | adsh:train:221 - [iter:35/50][code_length:64][mAP:0.90077][mAP_all:0.88917][best_mAP:0.90432]
2023-11-15 04:28:42.820 | INFO     | adsh:train:222 - [iter:35/50][code_length:64][zs_mAP:0.57651][zs_mAP_all:0.32841]
2023-11-15 04:31:34.867 | INFO     | adsh:train:138 - [epoch:1/1][cnn_loss:4.135376][hash_loss:4.050896][quan_loss:0.084480]
2023-11-15 04:31:34.994 | INFO     | adsh:train:149 - [iter:36/50][loss:22.051353][iter_time:172.17]
2023-11-15 04:42:48.746 | INFO     | adsh:train:221 - [iter:36/50][code_length:64][mAP:0.90287][mAP_all:0.89066][best_mAP:0.90432]
2023-11-15 04:42:48.747 | INFO     | adsh:train:222 - [iter:36/50][code_length:64][zs_mAP:0.57723][zs_mAP_all:0.32245]
2023-11-15 04:45:41.558 | INFO     | adsh:train:138 - [epoch:1/1][cnn_loss:4.133823][hash_loss:4.049220][quan_loss:0.084602]
2023-11-15 04:45:41.673 | INFO     | adsh:train:149 - [iter:37/50][loss:22.044828][iter_time:172.93]
2023-11-15 04:55:38.109 | INFO     | adsh:train:221 - [iter:37/50][code_length:64][mAP:0.89974][mAP_all:0.88716][best_mAP:0.90432]
2023-11-15 04:55:38.110 | INFO     | adsh:train:222 - [iter:37/50][code_length:64][zs_mAP:0.55304][zs_mAP_all:0.30103]
2023-11-15 04:58:20.582 | INFO     | adsh:train:138 - [epoch:1/1][cnn_loss:4.125384][hash_loss:4.040933][quan_loss:0.084451]
2023-11-15 04:58:20.698 | INFO     | adsh:train:149 - [iter:38/50][loss:22.000128][iter_time:162.59]
2023-11-15 05:08:23.917 | INFO     | adsh:train:221 - [iter:38/50][code_length:64][mAP:0.90235][mAP_all:0.89042][best_mAP:0.90432]
2023-11-15 05:08:23.918 | INFO     | adsh:train:222 - [iter:38/50][code_length:64][zs_mAP:0.57015][zs_mAP_all:0.31834]
2023-11-15 05:10:57.132 | INFO     | adsh:train:138 - [epoch:1/1][cnn_loss:4.105579][hash_loss:4.021375][quan_loss:0.084204]
2023-11-15 05:10:57.247 | INFO     | adsh:train:149 - [iter:39/50][loss:21.893314][iter_time:153.33]
2023-11-15 05:20:58.085 | INFO     | adsh:train:221 - [iter:39/50][code_length:64][mAP:0.90076][mAP_all:0.88916][best_mAP:0.90432]
2023-11-15 05:20:58.086 | INFO     | adsh:train:222 - [iter:39/50][code_length:64][zs_mAP:0.55625][zs_mAP_all:0.30652]
2023-11-15 05:23:24.698 | INFO     | adsh:train:138 - [epoch:1/1][cnn_loss:4.081593][hash_loss:3.998030][quan_loss:0.083563]
2023-11-15 05:23:24.814 | INFO     | adsh:train:149 - [iter:40/50][loss:21.767635][iter_time:146.73]
2023-11-15 05:33:27.340 | INFO     | adsh:train:221 - [iter:40/50][code_length:64][mAP:0.90081][mAP_all:0.88845][best_mAP:0.90432]
2023-11-15 05:33:27.340 | INFO     | adsh:train:222 - [iter:40/50][code_length:64][zs_mAP:0.57138][zs_mAP_all:0.31205]
2023-11-15 05:35:48.742 | INFO     | adsh:train:138 - [epoch:1/1][cnn_loss:4.069482][hash_loss:3.986185][quan_loss:0.083297]
2023-11-15 05:35:48.858 | INFO     | adsh:train:149 - [iter:41/50][loss:21.703995][iter_time:141.52]
2023-11-15 05:45:56.018 | INFO     | adsh:train:221 - [iter:41/50][code_length:64][mAP:0.90019][mAP_all:0.88720][best_mAP:0.90432]
2023-11-15 05:45:56.019 | INFO     | adsh:train:222 - [iter:41/50][code_length:64][zs_mAP:0.55609][zs_mAP_all:0.30778]
2023-11-15 05:48:17.094 | INFO     | adsh:train:138 - [epoch:1/1][cnn_loss:4.071939][hash_loss:3.988527][quan_loss:0.083412]
2023-11-15 05:48:17.211 | INFO     | adsh:train:149 - [iter:42/50][loss:21.717869][iter_time:141.19]
2023-11-15 05:58:28.101 | INFO     | adsh:train:221 - [iter:42/50][code_length:64][mAP:0.89857][mAP_all:0.88615][best_mAP:0.90432]
2023-11-15 05:58:28.101 | INFO     | adsh:train:222 - [iter:42/50][code_length:64][zs_mAP:0.55843][zs_mAP_all:0.30854]
2023-11-15 06:00:47.036 | INFO     | adsh:train:138 - [epoch:1/1][cnn_loss:4.044470][hash_loss:3.961582][quan_loss:0.082888]
2023-11-15 06:00:47.153 | INFO     | adsh:train:149 - [iter:43/50][loss:21.569593][iter_time:139.05]
2023-11-15 06:11:05.416 | INFO     | adsh:train:221 - [iter:43/50][code_length:64][mAP:0.89908][mAP_all:0.88685][best_mAP:0.90432]
2023-11-15 06:11:05.417 | INFO     | adsh:train:222 - [iter:43/50][code_length:64][zs_mAP:0.55085][zs_mAP_all:0.29962]
2023-11-15 06:13:16.058 | INFO     | adsh:train:138 - [epoch:1/1][cnn_loss:4.018149][hash_loss:3.935910][quan_loss:0.082239]
2023-11-15 06:13:16.175 | INFO     | adsh:train:149 - [iter:44/50][loss:21.430498][iter_time:130.76]
2023-11-15 06:23:37.046 | INFO     | adsh:train:221 - [iter:44/50][code_length:64][mAP:0.89954][mAP_all:0.88690][best_mAP:0.90432]
2023-11-15 06:23:37.047 | INFO     | adsh:train:222 - [iter:44/50][code_length:64][zs_mAP:0.54682][zs_mAP_all:0.30262]
2023-11-15 06:25:47.134 | INFO     | adsh:train:138 - [epoch:1/1][cnn_loss:4.042344][hash_loss:3.959391][quan_loss:0.082954]
2023-11-15 06:25:47.249 | INFO     | adsh:train:149 - [iter:45/50][loss:21.558491][iter_time:130.20]
2023-11-15 06:36:14.184 | INFO     | adsh:train:221 - [iter:45/50][code_length:64][mAP:0.89902][mAP_all:0.88707][best_mAP:0.90432]
2023-11-15 06:36:14.185 | INFO     | adsh:train:222 - [iter:45/50][code_length:64][zs_mAP:0.54713][zs_mAP_all:0.29954]
2023-11-15 06:38:24.552 | INFO     | adsh:train:138 - [epoch:1/1][cnn_loss:4.000690][hash_loss:3.918691][quan_loss:0.081999]
2023-11-15 06:38:24.669 | INFO     | adsh:train:149 - [iter:46/50][loss:21.337200][iter_time:130.48]
2023-11-15 06:48:42.080 | INFO     | adsh:train:221 - [iter:46/50][code_length:64][mAP:0.90077][mAP_all:0.88823][best_mAP:0.90432]
2023-11-15 06:48:42.081 | INFO     | adsh:train:222 - [iter:46/50][code_length:64][zs_mAP:0.55503][zs_mAP_all:0.30508]
2023-11-15 06:50:56.464 | INFO     | adsh:train:138 - [epoch:1/1][cnn_loss:3.955330][hash_loss:3.874341][quan_loss:0.080990]
2023-11-15 06:50:56.579 | INFO     | adsh:train:149 - [iter:47/50][loss:21.091347][iter_time:134.50]
2023-11-15 07:01:21.812 | INFO     | adsh:train:221 - [iter:47/50][code_length:64][mAP:0.90395][mAP_all:0.89163][best_mAP:0.90432]
2023-11-15 07:01:21.813 | INFO     | adsh:train:222 - [iter:47/50][code_length:64][zs_mAP:0.55567][zs_mAP_all:0.31851]
2023-11-15 07:04:01.046 | INFO     | adsh:train:138 - [epoch:1/1][cnn_loss:3.976693][hash_loss:3.895244][quan_loss:0.081449]
2023-11-15 07:04:01.163 | INFO     | adsh:train:149 - [iter:48/50][loss:21.209831][iter_time:159.35]
2023-11-15 07:14:57.014 | INFO     | adsh:train:221 - [iter:48/50][code_length:64][mAP:0.90240][mAP_all:0.88964][best_mAP:0.90432]
2023-11-15 07:14:57.015 | INFO     | adsh:train:222 - [iter:48/50][code_length:64][zs_mAP:0.55640][zs_mAP_all:0.30838]
2023-11-15 07:22:43.188 | INFO     | adsh:train:138 - [epoch:1/1][cnn_loss:3.945987][hash_loss:3.865275][quan_loss:0.080712]
2023-11-15 07:22:43.304 | INFO     | adsh:train:149 - [iter:49/50][loss:21.045610][iter_time:466.29]
2023-11-15 07:33:03.083 | INFO     | adsh:train:221 - [iter:49/50][code_length:64][mAP:0.90306][mAP_all:0.88990][best_mAP:0.90432]
2023-11-15 07:33:03.084 | INFO     | adsh:train:222 - [iter:49/50][code_length:64][zs_mAP:0.54629][zs_mAP_all:0.30669]
2023-11-15 07:40:15.248 | INFO     | adsh:train:138 - [epoch:1/1][cnn_loss:3.981224][hash_loss:3.899606][quan_loss:0.081618]
2023-11-15 07:40:15.370 | INFO     | adsh:train:149 - [iter:50/50][loss:21.229761][iter_time:432.29]
2023-11-15 07:51:17.351 | INFO     | adsh:train:221 - [iter:50/50][code_length:64][mAP:0.90147][mAP_all:0.88926][best_mAP:0.90432]
2023-11-15 07:51:17.351 | INFO     | adsh:train:222 - [iter:50/50][code_length:64][zs_mAP:0.55277][zs_mAP_all:0.30335]
2023-11-15 07:51:17.352 | INFO     | adsh:train:224 - [Training time:24824.83]
2023-11-15 07:51:17.367 | INFO     | __main__:run:126 - [code_length:64][map:0.9043][map_all:0.8926][zs_map:0.5796][zs_map_all:0.3340]
