2023-11-15 21:28:35.195 | SUCCESS  | __main__:run:50 - Namespace(align_step=50, arch='fish', batch_size=16, cauchy_gamma=20.0, code_length=[16, 32, 64], dataset='cifar100zs', device=device(type='cuda', index=0), epoch_change=11, gamma=200, gpu=0, info='cifar100zs-15-85-fish-11-15-16,32,64', lambd=0.1, lambd_ch=0.1, lambd_sp=0.1, lr=0.01, lr_step=[5, 15, 35], margin=0.1, max_epoch=3, max_iter=50, momen=0.9, nesterov=False, net='ResNet50', num_classes=85, num_query=1000, num_samples=2000, num_workers=2, num_zs=15, optim='SGD', pretrain=True, quan_loss=False, root='/home/xsl/datasets/cifar-100-python', save_ckpt='checkpoints/', topk=1000, val_freq=1, wd=1e-05)
2023-11-15 21:29:55.667 | INFO     | fish:train:90 - [epoch:1/3][loss:10.1132]
2023-11-15 21:30:27.579 | INFO     | fish:train:90 - [epoch:2/3][loss:9.3440]
2023-11-15 21:30:58.909 | INFO     | fish:train:90 - [epoch:3/3][loss:9.0352]
2023-11-15 21:30:58.909 | INFO     | fish:train:93 - [iter:1/50][iter_time:95.35]
2023-11-15 21:31:43.471 | INFO     | fish:train:171 - [iter:1/50][code_length:16][mAP:0.02655][mAP_all:0.00527][best_mAP:0.02655]
2023-11-15 21:31:43.472 | INFO     | fish:train:172 - [iter:1/50][code_length:16][zs_mAP:0.19081][zs_mAP_all:0.19060]
2023-11-15 21:32:14.312 | INFO     | fish:train:90 - [epoch:1/3][loss:8.9652]
2023-11-15 21:32:46.221 | INFO     | fish:train:90 - [epoch:2/3][loss:8.7817]
2023-11-15 21:33:18.226 | INFO     | fish:train:90 - [epoch:3/3][loss:8.3859]
2023-11-15 21:33:18.227 | INFO     | fish:train:93 - [iter:2/50][iter_time:94.75]
2023-11-15 21:34:04.420 | INFO     | fish:train:171 - [iter:2/50][code_length:16][mAP:0.03233][mAP_all:0.01504][best_mAP:0.03233]
2023-11-15 21:34:04.421 | INFO     | fish:train:172 - [iter:2/50][code_length:16][zs_mAP:0.22251][zs_mAP_all:0.22347]
2023-11-15 21:34:36.063 | INFO     | fish:train:90 - [epoch:1/3][loss:8.3011]
2023-11-15 21:35:07.869 | INFO     | fish:train:90 - [epoch:2/3][loss:7.9245]
2023-11-15 21:35:39.691 | INFO     | fish:train:90 - [epoch:3/3][loss:7.7467]
2023-11-15 21:35:39.691 | INFO     | fish:train:93 - [iter:3/50][iter_time:95.27]
2023-11-15 21:36:24.789 | INFO     | fish:train:171 - [iter:3/50][code_length:16][mAP:0.04583][mAP_all:0.02456][best_mAP:0.04583]
2023-11-15 21:36:24.790 | INFO     | fish:train:172 - [iter:3/50][code_length:16][zs_mAP:0.26309][zs_mAP_all:0.25910]
2023-11-15 21:36:55.086 | INFO     | fish:train:90 - [epoch:1/3][loss:7.7262]
2023-11-15 21:37:26.742 | INFO     | fish:train:90 - [epoch:2/3][loss:7.3043]
2023-11-15 21:37:57.805 | INFO     | fish:train:90 - [epoch:3/3][loss:7.1357]
2023-11-15 21:37:57.805 | INFO     | fish:train:93 - [iter:4/50][iter_time:93.02]
2023-11-15 21:38:42.128 | INFO     | fish:train:171 - [iter:4/50][code_length:16][mAP:0.06113][mAP_all:0.04104][best_mAP:0.06113]
2023-11-15 21:38:42.128 | INFO     | fish:train:172 - [iter:4/50][code_length:16][zs_mAP:0.25569][zs_mAP_all:0.23367]
2023-11-15 21:39:13.063 | INFO     | fish:train:90 - [epoch:1/3][loss:7.2666]
2023-11-15 21:39:56.590 | INFO     | fish:train:90 - [epoch:2/3][loss:6.8037]
2023-11-15 21:40:28.660 | INFO     | fish:train:90 - [epoch:3/3][loss:6.5564]
2023-11-15 21:40:28.661 | INFO     | fish:train:93 - [iter:5/50][iter_time:106.53]
2023-11-15 21:41:14.153 | INFO     | fish:train:171 - [iter:5/50][code_length:16][mAP:0.10668][mAP_all:0.08096][best_mAP:0.10668]
2023-11-15 21:41:14.154 | INFO     | fish:train:172 - [iter:5/50][code_length:16][zs_mAP:0.25489][zs_mAP_all:0.22857]
2023-11-15 21:41:45.223 | INFO     | fish:train:90 - [epoch:1/3][loss:6.4590]
2023-11-15 21:42:16.208 | INFO     | fish:train:90 - [epoch:2/3][loss:6.0012]
2023-11-15 21:42:47.637 | INFO     | fish:train:90 - [epoch:3/3][loss:5.8167]
2023-11-15 21:42:47.638 | INFO     | fish:train:93 - [iter:6/50][iter_time:93.48]
2023-11-15 21:43:32.680 | INFO     | fish:train:171 - [iter:6/50][code_length:16][mAP:0.16856][mAP_all:0.14074][best_mAP:0.16856]
2023-11-15 21:43:32.680 | INFO     | fish:train:172 - [iter:6/50][code_length:16][zs_mAP:0.27639][zs_mAP_all:0.25007]
2023-11-15 21:44:04.366 | INFO     | fish:train:90 - [epoch:1/3][loss:5.9171]
2023-11-15 21:44:35.245 | INFO     | fish:train:90 - [epoch:2/3][loss:5.7394]
2023-11-15 21:45:20.939 | INFO     | fish:train:90 - [epoch:3/3][loss:5.4376]
2023-11-15 21:45:20.939 | INFO     | fish:train:93 - [iter:7/50][iter_time:108.26]
2023-11-15 21:46:04.766 | INFO     | fish:train:171 - [iter:7/50][code_length:16][mAP:0.19094][mAP_all:0.16545][best_mAP:0.19094]
2023-11-15 21:46:04.767 | INFO     | fish:train:172 - [iter:7/50][code_length:16][zs_mAP:0.28427][zs_mAP_all:0.27167]
2023-11-15 21:46:35.816 | INFO     | fish:train:90 - [epoch:1/3][loss:5.7228]
2023-11-15 21:47:07.042 | INFO     | fish:train:90 - [epoch:2/3][loss:5.6464]
2023-11-15 21:47:37.508 | INFO     | fish:train:90 - [epoch:3/3][loss:5.2805]
2023-11-15 21:47:37.508 | INFO     | fish:train:93 - [iter:8/50][iter_time:92.74]
2023-11-15 21:48:22.138 | INFO     | fish:train:171 - [iter:8/50][code_length:16][mAP:0.21375][mAP_all:0.18478][best_mAP:0.21375]
2023-11-15 21:48:22.138 | INFO     | fish:train:172 - [iter:8/50][code_length:16][zs_mAP:0.29594][zs_mAP_all:0.26287]
2023-11-15 21:48:52.456 | INFO     | fish:train:90 - [epoch:1/3][loss:5.4114]
2023-11-15 21:49:22.714 | INFO     | fish:train:90 - [epoch:2/3][loss:5.1575]
2023-11-15 21:49:53.154 | INFO     | fish:train:90 - [epoch:3/3][loss:4.9761]
2023-11-15 21:49:53.154 | INFO     | fish:train:93 - [iter:9/50][iter_time:91.02]
2023-11-15 21:50:37.900 | INFO     | fish:train:171 - [iter:9/50][code_length:16][mAP:0.23127][mAP_all:0.20150][best_mAP:0.23127]
2023-11-15 21:50:37.901 | INFO     | fish:train:172 - [iter:9/50][code_length:16][zs_mAP:0.31896][zs_mAP_all:0.28017]
2023-11-15 21:51:12.308 | INFO     | fish:train:90 - [epoch:1/3][loss:5.4043]
2023-11-15 21:51:43.526 | INFO     | fish:train:90 - [epoch:2/3][loss:5.0773]
2023-11-15 21:52:13.827 | INFO     | fish:train:90 - [epoch:3/3][loss:4.9112]
2023-11-15 21:52:13.828 | INFO     | fish:train:93 - [iter:10/50][iter_time:95.93]
2023-11-15 21:52:58.595 | INFO     | fish:train:171 - [iter:10/50][code_length:16][mAP:0.24922][mAP_all:0.22249][best_mAP:0.24922]
2023-11-15 21:52:58.595 | INFO     | fish:train:172 - [iter:10/50][code_length:16][zs_mAP:0.31901][zs_mAP_all:0.28374]
2023-11-15 21:53:28.949 | INFO     | fish:train:90 - [epoch:1/3][loss:5.1582]
2023-11-15 21:53:59.469 | INFO     | fish:train:90 - [epoch:2/3][loss:4.9048]
2023-11-15 21:54:29.964 | INFO     | fish:train:90 - [epoch:3/3][loss:4.6928]
2023-11-15 21:54:29.965 | INFO     | fish:train:93 - [iter:11/50][iter_time:91.37]
2023-11-15 21:55:14.871 | INFO     | fish:train:171 - [iter:11/50][code_length:16][mAP:0.28741][mAP_all:0.25437][best_mAP:0.28741]
2023-11-15 21:55:14.871 | INFO     | fish:train:172 - [iter:11/50][code_length:16][zs_mAP:0.30605][zs_mAP_all:0.28155]
2023-11-15 21:55:45.029 | INFO     | fish:train:90 - [epoch:1/3][loss:5.2654]
2023-11-15 21:56:15.436 | INFO     | fish:train:90 - [epoch:2/3][loss:4.8865]
2023-11-15 21:56:46.079 | INFO     | fish:train:90 - [epoch:3/3][loss:4.6218]
2023-11-15 21:56:46.079 | INFO     | fish:train:93 - [iter:12/50][iter_time:91.21]
2023-11-15 21:57:51.195 | INFO     | fish:train:171 - [iter:12/50][code_length:16][mAP:0.30693][mAP_all:0.27810][best_mAP:0.30693]
2023-11-15 21:57:51.205 | INFO     | fish:train:172 - [iter:12/50][code_length:16][zs_mAP:0.32875][zs_mAP_all:0.28123]
2023-11-15 21:58:21.571 | INFO     | fish:train:90 - [epoch:1/3][loss:4.9151]
2023-11-15 21:58:52.460 | INFO     | fish:train:90 - [epoch:2/3][loss:4.5188]
2023-11-15 21:59:23.086 | INFO     | fish:train:90 - [epoch:3/3][loss:4.2610]
2023-11-15 21:59:23.087 | INFO     | fish:train:93 - [iter:13/50][iter_time:91.88]
2023-11-15 22:00:07.278 | INFO     | fish:train:171 - [iter:13/50][code_length:16][mAP:0.33125][mAP_all:0.30253][best_mAP:0.33125]
2023-11-15 22:00:07.278 | INFO     | fish:train:172 - [iter:13/50][code_length:16][zs_mAP:0.32634][zs_mAP_all:0.28894]
2023-11-15 22:00:37.435 | INFO     | fish:train:90 - [epoch:1/3][loss:4.9017]
2023-11-15 22:01:08.611 | INFO     | fish:train:90 - [epoch:2/3][loss:4.3866]
2023-11-15 22:01:39.276 | INFO     | fish:train:90 - [epoch:3/3][loss:4.1865]
2023-11-15 22:01:39.277 | INFO     | fish:train:93 - [iter:14/50][iter_time:92.00]
2023-11-15 22:02:23.072 | INFO     | fish:train:171 - [iter:14/50][code_length:16][mAP:0.34885][mAP_all:0.32381][best_mAP:0.34885]
2023-11-15 22:02:23.072 | INFO     | fish:train:172 - [iter:14/50][code_length:16][zs_mAP:0.32230][zs_mAP_all:0.26655]
2023-11-15 22:02:53.456 | INFO     | fish:train:90 - [epoch:1/3][loss:4.8670]
2023-11-15 22:03:26.063 | INFO     | fish:train:90 - [epoch:2/3][loss:4.5570]
2023-11-15 22:04:00.917 | INFO     | fish:train:90 - [epoch:3/3][loss:4.2320]
2023-11-15 22:04:00.917 | INFO     | fish:train:93 - [iter:15/50][iter_time:97.84]
2023-11-15 22:04:46.356 | INFO     | fish:train:171 - [iter:15/50][code_length:16][mAP:0.36116][mAP_all:0.33283][best_mAP:0.36116]
2023-11-15 22:04:46.356 | INFO     | fish:train:172 - [iter:15/50][code_length:16][zs_mAP:0.32321][zs_mAP_all:0.26430]
2023-11-15 22:05:18.978 | INFO     | fish:train:90 - [epoch:1/3][loss:4.6733]
2023-11-15 22:05:53.584 | INFO     | fish:train:90 - [epoch:2/3][loss:4.5600]
2023-11-15 22:06:24.149 | INFO     | fish:train:90 - [epoch:3/3][loss:4.2985]
2023-11-15 22:06:24.149 | INFO     | fish:train:93 - [iter:16/50][iter_time:97.79]
2023-11-15 22:07:27.293 | INFO     | fish:train:171 - [iter:16/50][code_length:16][mAP:0.40224][mAP_all:0.37435][best_mAP:0.40224]
2023-11-15 22:07:27.471 | INFO     | fish:train:172 - [iter:16/50][code_length:16][zs_mAP:0.30725][zs_mAP_all:0.26248]
2023-11-15 22:07:58.966 | INFO     | fish:train:90 - [epoch:1/3][loss:4.3677]
2023-11-15 22:08:33.669 | INFO     | fish:train:90 - [epoch:2/3][loss:4.2102]
2023-11-15 22:09:06.336 | INFO     | fish:train:90 - [epoch:3/3][loss:4.2338]
2023-11-15 22:09:06.337 | INFO     | fish:train:93 - [iter:17/50][iter_time:98.87]
2023-11-15 22:09:50.751 | INFO     | fish:train:171 - [iter:17/50][code_length:16][mAP:0.41603][mAP_all:0.38790][best_mAP:0.41603]
2023-11-15 22:09:50.751 | INFO     | fish:train:172 - [iter:17/50][code_length:16][zs_mAP:0.31802][zs_mAP_all:0.26857]
2023-11-15 22:10:40.669 | INFO     | fish:train:90 - [epoch:1/3][loss:4.2621]
2023-11-15 22:11:11.355 | INFO     | fish:train:90 - [epoch:2/3][loss:4.2459]
2023-11-15 22:11:59.442 | INFO     | fish:train:90 - [epoch:3/3][loss:4.0132]
2023-11-15 22:11:59.443 | INFO     | fish:train:93 - [iter:18/50][iter_time:128.69]
2023-11-15 22:12:47.265 | INFO     | fish:train:171 - [iter:18/50][code_length:16][mAP:0.41907][mAP_all:0.39170][best_mAP:0.41907]
2023-11-15 22:12:47.266 | INFO     | fish:train:172 - [iter:18/50][code_length:16][zs_mAP:0.30784][zs_mAP_all:0.25426]
2023-11-15 22:13:17.930 | INFO     | fish:train:90 - [epoch:1/3][loss:4.2948]
2023-11-15 22:13:48.743 | INFO     | fish:train:90 - [epoch:2/3][loss:4.2904]
2023-11-15 22:14:20.192 | INFO     | fish:train:90 - [epoch:3/3][loss:4.0911]
2023-11-15 22:14:20.193 | INFO     | fish:train:93 - [iter:19/50][iter_time:92.93]
2023-11-15 22:15:04.961 | INFO     | fish:train:171 - [iter:19/50][code_length:16][mAP:0.42560][mAP_all:0.40203][best_mAP:0.42560]
2023-11-15 22:15:04.961 | INFO     | fish:train:172 - [iter:19/50][code_length:16][zs_mAP:0.30948][zs_mAP_all:0.25728]
2023-11-15 22:15:35.562 | INFO     | fish:train:90 - [epoch:1/3][loss:4.1736]
2023-11-15 22:16:06.442 | INFO     | fish:train:90 - [epoch:2/3][loss:4.0029]
2023-11-15 22:16:37.359 | INFO     | fish:train:90 - [epoch:3/3][loss:3.9612]
2023-11-15 22:16:37.360 | INFO     | fish:train:93 - [iter:20/50][iter_time:92.40]
2023-11-15 22:17:22.092 | INFO     | fish:train:171 - [iter:20/50][code_length:16][mAP:0.43168][mAP_all:0.40508][best_mAP:0.43168]
2023-11-15 22:17:22.093 | INFO     | fish:train:172 - [iter:20/50][code_length:16][zs_mAP:0.32613][zs_mAP_all:0.27851]
2023-11-15 22:17:52.884 | INFO     | fish:train:90 - [epoch:1/3][loss:4.2665]
2023-11-15 22:18:23.940 | INFO     | fish:train:90 - [epoch:2/3][loss:4.1618]
2023-11-15 22:18:55.616 | INFO     | fish:train:90 - [epoch:3/3][loss:4.1631]
2023-11-15 22:18:55.617 | INFO     | fish:train:93 - [iter:21/50][iter_time:93.52]
2023-11-15 22:19:41.490 | INFO     | fish:train:171 - [iter:21/50][code_length:16][mAP:0.43528][mAP_all:0.40897][best_mAP:0.43528]
2023-11-15 22:19:41.490 | INFO     | fish:train:172 - [iter:21/50][code_length:16][zs_mAP:0.31988][zs_mAP_all:0.27002]
2023-11-15 22:20:11.926 | INFO     | fish:train:90 - [epoch:1/3][loss:4.1111]
2023-11-15 22:20:42.826 | INFO     | fish:train:90 - [epoch:2/3][loss:4.1155]
2023-11-15 22:21:34.025 | INFO     | fish:train:90 - [epoch:3/3][loss:4.0281]
2023-11-15 22:21:34.026 | INFO     | fish:train:93 - [iter:22/50][iter_time:112.54]
2023-11-15 22:22:39.535 | INFO     | fish:train:171 - [iter:22/50][code_length:16][mAP:0.44127][mAP_all:0.41521][best_mAP:0.44127]
2023-11-15 22:22:39.536 | INFO     | fish:train:172 - [iter:22/50][code_length:16][zs_mAP:0.30897][zs_mAP_all:0.26235]
2023-11-15 22:23:30.805 | INFO     | fish:train:90 - [epoch:1/3][loss:4.1590]
2023-11-15 22:24:02.066 | INFO     | fish:train:90 - [epoch:2/3][loss:4.1258]
2023-11-15 22:24:32.938 | INFO     | fish:train:90 - [epoch:3/3][loss:3.9153]
2023-11-15 22:24:32.938 | INFO     | fish:train:93 - [iter:23/50][iter_time:113.40]
2023-11-15 22:25:17.259 | INFO     | fish:train:171 - [iter:23/50][code_length:16][mAP:0.44789][mAP_all:0.42197][best_mAP:0.44789]
2023-11-15 22:25:17.259 | INFO     | fish:train:172 - [iter:23/50][code_length:16][zs_mAP:0.31667][zs_mAP_all:0.26797]
2023-11-15 22:25:47.733 | INFO     | fish:train:90 - [epoch:1/3][loss:4.3234]
2023-11-15 22:26:18.551 | INFO     | fish:train:90 - [epoch:2/3][loss:4.1629]
2023-11-15 22:26:49.776 | INFO     | fish:train:90 - [epoch:3/3][loss:4.0044]
2023-11-15 22:26:49.777 | INFO     | fish:train:93 - [iter:24/50][iter_time:92.52]
2023-11-15 22:27:34.788 | INFO     | fish:train:171 - [iter:24/50][code_length:16][mAP:0.45260][mAP_all:0.42642][best_mAP:0.45260]
2023-11-15 22:27:34.788 | INFO     | fish:train:172 - [iter:24/50][code_length:16][zs_mAP:0.32023][zs_mAP_all:0.26861]
2023-11-15 22:28:05.756 | INFO     | fish:train:90 - [epoch:1/3][loss:4.1048]
2023-11-15 22:28:37.206 | INFO     | fish:train:90 - [epoch:2/3][loss:4.0084]
2023-11-15 22:29:08.436 | INFO     | fish:train:90 - [epoch:3/3][loss:4.0451]
2023-11-15 22:29:08.436 | INFO     | fish:train:93 - [iter:25/50][iter_time:93.65]
2023-11-15 22:29:53.214 | INFO     | fish:train:171 - [iter:25/50][code_length:16][mAP:0.45168][mAP_all:0.42523][best_mAP:0.45260]
2023-11-15 22:29:53.214 | INFO     | fish:train:172 - [iter:25/50][code_length:16][zs_mAP:0.31064][zs_mAP_all:0.25535]
2023-11-15 22:30:23.776 | INFO     | fish:train:90 - [epoch:1/3][loss:4.0314]
2023-11-15 22:30:54.709 | INFO     | fish:train:90 - [epoch:2/3][loss:3.9398]
2023-11-15 22:31:25.733 | INFO     | fish:train:90 - [epoch:3/3][loss:3.8289]
2023-11-15 22:31:25.734 | INFO     | fish:train:93 - [iter:26/50][iter_time:92.52]
2023-11-15 22:32:10.734 | INFO     | fish:train:171 - [iter:26/50][code_length:16][mAP:0.46560][mAP_all:0.43905][best_mAP:0.46560]
2023-11-15 22:32:10.735 | INFO     | fish:train:172 - [iter:26/50][code_length:16][zs_mAP:0.31025][zs_mAP_all:0.25820]
2023-11-15 22:32:41.133 | INFO     | fish:train:90 - [epoch:1/3][loss:3.9877]
2023-11-15 22:33:12.107 | INFO     | fish:train:90 - [epoch:2/3][loss:3.8744]
2023-11-15 22:33:42.767 | INFO     | fish:train:90 - [epoch:3/3][loss:3.8348]
2023-11-15 22:33:42.768 | INFO     | fish:train:93 - [iter:27/50][iter_time:92.03]
2023-11-15 22:34:27.169 | INFO     | fish:train:171 - [iter:27/50][code_length:16][mAP:0.46494][mAP_all:0.43941][best_mAP:0.46560]
2023-11-15 22:34:27.169 | INFO     | fish:train:172 - [iter:27/50][code_length:16][zs_mAP:0.32458][zs_mAP_all:0.26961]
2023-11-15 22:34:57.717 | INFO     | fish:train:90 - [epoch:1/3][loss:4.0734]
2023-11-15 22:35:28.279 | INFO     | fish:train:90 - [epoch:2/3][loss:3.9349]
2023-11-15 22:35:58.583 | INFO     | fish:train:90 - [epoch:3/3][loss:3.8043]
2023-11-15 22:35:58.584 | INFO     | fish:train:93 - [iter:28/50][iter_time:91.41]
2023-11-15 22:36:43.334 | INFO     | fish:train:171 - [iter:28/50][code_length:16][mAP:0.47089][mAP_all:0.44629][best_mAP:0.47089]
2023-11-15 22:36:43.334 | INFO     | fish:train:172 - [iter:28/50][code_length:16][zs_mAP:0.31377][zs_mAP_all:0.24706]
2023-11-15 22:37:13.507 | INFO     | fish:train:90 - [epoch:1/3][loss:4.1701]
2023-11-15 22:37:44.221 | INFO     | fish:train:90 - [epoch:2/3][loss:3.9108]
2023-11-15 22:38:15.012 | INFO     | fish:train:90 - [epoch:3/3][loss:3.9138]
2023-11-15 22:38:15.012 | INFO     | fish:train:93 - [iter:29/50][iter_time:91.68]
2023-11-15 22:38:59.851 | INFO     | fish:train:171 - [iter:29/50][code_length:16][mAP:0.47098][mAP_all:0.44586][best_mAP:0.47098]
2023-11-15 22:38:59.851 | INFO     | fish:train:172 - [iter:29/50][code_length:16][zs_mAP:0.32105][zs_mAP_all:0.26702]
2023-11-15 22:39:30.655 | INFO     | fish:train:90 - [epoch:1/3][loss:3.8451]
2023-11-15 22:40:01.671 | INFO     | fish:train:90 - [epoch:2/3][loss:3.8864]
2023-11-15 22:40:31.959 | INFO     | fish:train:90 - [epoch:3/3][loss:3.7809]
2023-11-15 22:40:31.960 | INFO     | fish:train:93 - [iter:30/50][iter_time:92.11]
2023-11-15 22:41:17.210 | INFO     | fish:train:171 - [iter:30/50][code_length:16][mAP:0.47225][mAP_all:0.44796][best_mAP:0.47225]
2023-11-15 22:41:17.210 | INFO     | fish:train:172 - [iter:30/50][code_length:16][zs_mAP:0.31981][zs_mAP_all:0.25893]
2023-11-15 22:41:47.379 | INFO     | fish:train:90 - [epoch:1/3][loss:4.0439]
2023-11-15 22:42:18.462 | INFO     | fish:train:90 - [epoch:2/3][loss:3.9071]
2023-11-15 22:42:48.943 | INFO     | fish:train:90 - [epoch:3/3][loss:3.8176]
2023-11-15 22:42:48.943 | INFO     | fish:train:93 - [iter:31/50][iter_time:91.73]
2023-11-15 22:43:33.873 | INFO     | fish:train:171 - [iter:31/50][code_length:16][mAP:0.47747][mAP_all:0.45395][best_mAP:0.47747]
2023-11-15 22:43:33.873 | INFO     | fish:train:172 - [iter:31/50][code_length:16][zs_mAP:0.31373][zs_mAP_all:0.25511]
2023-11-15 22:44:03.796 | INFO     | fish:train:90 - [epoch:1/3][loss:3.9033]
2023-11-15 22:44:34.559 | INFO     | fish:train:90 - [epoch:2/3][loss:3.7972]
2023-11-15 22:45:05.244 | INFO     | fish:train:90 - [epoch:3/3][loss:3.6508]
2023-11-15 22:45:05.245 | INFO     | fish:train:93 - [iter:32/50][iter_time:91.37]
2023-11-15 22:45:49.726 | INFO     | fish:train:171 - [iter:32/50][code_length:16][mAP:0.48078][mAP_all:0.45540][best_mAP:0.48078]
2023-11-15 22:45:49.726 | INFO     | fish:train:172 - [iter:32/50][code_length:16][zs_mAP:0.31413][zs_mAP_all:0.25378]
2023-11-15 22:46:20.079 | INFO     | fish:train:90 - [epoch:1/3][loss:4.0339]
2023-11-15 22:46:50.880 | INFO     | fish:train:90 - [epoch:2/3][loss:3.7059]
2023-11-15 22:47:21.851 | INFO     | fish:train:90 - [epoch:3/3][loss:3.7323]
2023-11-15 22:47:21.852 | INFO     | fish:train:93 - [iter:33/50][iter_time:92.13]
2023-11-15 22:48:06.272 | INFO     | fish:train:171 - [iter:33/50][code_length:16][mAP:0.48676][mAP_all:0.46146][best_mAP:0.48676]
2023-11-15 22:48:06.272 | INFO     | fish:train:172 - [iter:33/50][code_length:16][zs_mAP:0.32061][zs_mAP_all:0.25886]
2023-11-15 22:48:36.746 | INFO     | fish:train:90 - [epoch:1/3][loss:3.8544]
2023-11-15 22:49:07.474 | INFO     | fish:train:90 - [epoch:2/3][loss:3.6908]
2023-11-15 22:49:38.442 | INFO     | fish:train:90 - [epoch:3/3][loss:3.6904]
2023-11-15 22:49:38.443 | INFO     | fish:train:93 - [iter:34/50][iter_time:92.17]
2023-11-15 22:50:22.663 | INFO     | fish:train:171 - [iter:34/50][code_length:16][mAP:0.49140][mAP_all:0.46507][best_mAP:0.49140]
2023-11-15 22:50:22.664 | INFO     | fish:train:172 - [iter:34/50][code_length:16][zs_mAP:0.31659][zs_mAP_all:0.26141]
2023-11-15 22:50:52.781 | INFO     | fish:train:90 - [epoch:1/3][loss:3.9035]
2023-11-15 22:51:23.017 | INFO     | fish:train:90 - [epoch:2/3][loss:3.8412]
2023-11-15 22:51:53.626 | INFO     | fish:train:90 - [epoch:3/3][loss:3.6935]
2023-11-15 22:51:53.627 | INFO     | fish:train:93 - [iter:35/50][iter_time:90.96]
2023-11-15 22:52:39.012 | INFO     | fish:train:171 - [iter:35/50][code_length:16][mAP:0.49757][mAP_all:0.47242][best_mAP:0.49757]
2023-11-15 22:52:39.012 | INFO     | fish:train:172 - [iter:35/50][code_length:16][zs_mAP:0.31955][zs_mAP_all:0.26194]
2023-11-15 22:53:09.066 | INFO     | fish:train:90 - [epoch:1/3][loss:3.9552]
2023-11-15 22:53:39.412 | INFO     | fish:train:90 - [epoch:2/3][loss:3.7794]
2023-11-15 22:54:09.888 | INFO     | fish:train:90 - [epoch:3/3][loss:3.9387]
2023-11-15 22:54:09.888 | INFO     | fish:train:93 - [iter:36/50][iter_time:90.88]
2023-11-15 22:54:54.375 | INFO     | fish:train:171 - [iter:36/50][code_length:16][mAP:0.50143][mAP_all:0.47598][best_mAP:0.50143]
2023-11-15 22:54:54.376 | INFO     | fish:train:172 - [iter:36/50][code_length:16][zs_mAP:0.31307][zs_mAP_all:0.25018]
2023-11-15 22:55:24.690 | INFO     | fish:train:90 - [epoch:1/3][loss:3.8925]
2023-11-15 22:55:55.294 | INFO     | fish:train:90 - [epoch:2/3][loss:3.8345]
2023-11-15 22:56:25.905 | INFO     | fish:train:90 - [epoch:3/3][loss:3.8773]
2023-11-15 22:56:25.905 | INFO     | fish:train:93 - [iter:37/50][iter_time:91.53]
2023-11-15 22:57:10.364 | INFO     | fish:train:171 - [iter:37/50][code_length:16][mAP:0.50079][mAP_all:0.47589][best_mAP:0.50143]
2023-11-15 22:57:10.364 | INFO     | fish:train:172 - [iter:37/50][code_length:16][zs_mAP:0.31729][zs_mAP_all:0.25405]
2023-11-15 22:57:40.539 | INFO     | fish:train:90 - [epoch:1/3][loss:3.7969]
2023-11-15 22:58:14.027 | INFO     | fish:train:90 - [epoch:2/3][loss:3.8451]
2023-11-15 22:58:48.781 | INFO     | fish:train:90 - [epoch:3/3][loss:3.7709]
2023-11-15 22:58:48.782 | INFO     | fish:train:93 - [iter:38/50][iter_time:98.42]
2023-11-15 22:59:33.122 | INFO     | fish:train:171 - [iter:38/50][code_length:16][mAP:0.50298][mAP_all:0.47908][best_mAP:0.50298]
2023-11-15 22:59:33.122 | INFO     | fish:train:172 - [iter:38/50][code_length:16][zs_mAP:0.32155][zs_mAP_all:0.25681]
2023-11-15 23:00:06.996 | INFO     | fish:train:90 - [epoch:1/3][loss:3.8628]
2023-11-15 23:00:41.122 | INFO     | fish:train:90 - [epoch:2/3][loss:3.8357]
2023-11-15 23:01:11.981 | INFO     | fish:train:90 - [epoch:3/3][loss:3.8593]
2023-11-15 23:01:11.982 | INFO     | fish:train:93 - [iter:39/50][iter_time:98.86]
2023-11-15 23:01:56.212 | INFO     | fish:train:171 - [iter:39/50][code_length:16][mAP:0.50405][mAP_all:0.47953][best_mAP:0.50405]
2023-11-15 23:01:56.212 | INFO     | fish:train:172 - [iter:39/50][code_length:16][zs_mAP:0.31674][zs_mAP_all:0.25263]
2023-11-15 23:02:26.514 | INFO     | fish:train:90 - [epoch:1/3][loss:3.9367]
2023-11-15 23:02:57.291 | INFO     | fish:train:90 - [epoch:2/3][loss:3.8172]
2023-11-15 23:03:29.314 | INFO     | fish:train:90 - [epoch:3/3][loss:3.7664]
2023-11-15 23:03:29.315 | INFO     | fish:train:93 - [iter:40/50][iter_time:93.10]
2023-11-15 23:04:13.790 | INFO     | fish:train:171 - [iter:40/50][code_length:16][mAP:0.50381][mAP_all:0.47916][best_mAP:0.50405]
2023-11-15 23:04:13.791 | INFO     | fish:train:172 - [iter:40/50][code_length:16][zs_mAP:0.32174][zs_mAP_all:0.25782]
2023-11-15 23:04:44.127 | INFO     | fish:train:90 - [epoch:1/3][loss:3.8651]
2023-11-15 23:05:14.789 | INFO     | fish:train:90 - [epoch:2/3][loss:3.9474]
2023-11-15 23:05:45.435 | INFO     | fish:train:90 - [epoch:3/3][loss:3.8611]
2023-11-15 23:05:45.435 | INFO     | fish:train:93 - [iter:41/50][iter_time:91.64]
2023-11-15 23:06:28.907 | INFO     | fish:train:171 - [iter:41/50][code_length:16][mAP:0.50125][mAP_all:0.47738][best_mAP:0.50405]
2023-11-15 23:06:28.908 | INFO     | fish:train:172 - [iter:41/50][code_length:16][zs_mAP:0.31927][zs_mAP_all:0.25487]
2023-11-15 23:06:58.911 | INFO     | fish:train:90 - [epoch:1/3][loss:3.9567]
2023-11-15 23:07:29.194 | INFO     | fish:train:90 - [epoch:2/3][loss:3.8037]
2023-11-15 23:07:59.421 | INFO     | fish:train:90 - [epoch:3/3][loss:3.8439]
2023-11-15 23:07:59.422 | INFO     | fish:train:93 - [iter:42/50][iter_time:90.51]
2023-11-15 23:08:44.123 | INFO     | fish:train:171 - [iter:42/50][code_length:16][mAP:0.50831][mAP_all:0.48351][best_mAP:0.50831]
2023-11-15 23:08:44.124 | INFO     | fish:train:172 - [iter:42/50][code_length:16][zs_mAP:0.31895][zs_mAP_all:0.25384]
2023-11-15 23:09:14.425 | INFO     | fish:train:90 - [epoch:1/3][loss:3.8946]
2023-11-15 23:09:45.094 | INFO     | fish:train:90 - [epoch:2/3][loss:3.8482]
2023-11-15 23:10:15.383 | INFO     | fish:train:90 - [epoch:3/3][loss:3.8276]
2023-11-15 23:10:15.383 | INFO     | fish:train:93 - [iter:43/50][iter_time:91.26]
2023-11-15 23:10:59.130 | INFO     | fish:train:171 - [iter:43/50][code_length:16][mAP:0.50707][mAP_all:0.48293][best_mAP:0.50831]
2023-11-15 23:10:59.131 | INFO     | fish:train:172 - [iter:43/50][code_length:16][zs_mAP:0.32231][zs_mAP_all:0.26087]
2023-11-15 23:11:30.884 | INFO     | fish:train:90 - [epoch:1/3][loss:3.7544]
2023-11-15 23:12:01.459 | INFO     | fish:train:90 - [epoch:2/3][loss:3.7196]
2023-11-15 23:12:32.013 | INFO     | fish:train:90 - [epoch:3/3][loss:3.7777]
2023-11-15 23:12:32.013 | INFO     | fish:train:93 - [iter:44/50][iter_time:92.88]
2023-11-15 23:13:15.607 | INFO     | fish:train:171 - [iter:44/50][code_length:16][mAP:0.50320][mAP_all:0.47910][best_mAP:0.50831]
2023-11-15 23:13:15.608 | INFO     | fish:train:172 - [iter:44/50][code_length:16][zs_mAP:0.31886][zs_mAP_all:0.25637]
2023-11-15 23:13:45.527 | INFO     | fish:train:90 - [epoch:1/3][loss:3.8495]
2023-11-15 23:14:15.878 | INFO     | fish:train:90 - [epoch:2/3][loss:3.6558]
2023-11-15 23:14:46.157 | INFO     | fish:train:90 - [epoch:3/3][loss:3.7435]
2023-11-15 23:14:46.157 | INFO     | fish:train:93 - [iter:45/50][iter_time:90.55]
2023-11-15 23:15:29.802 | INFO     | fish:train:171 - [iter:45/50][code_length:16][mAP:0.50518][mAP_all:0.48157][best_mAP:0.50831]
2023-11-15 23:15:29.802 | INFO     | fish:train:172 - [iter:45/50][code_length:16][zs_mAP:0.32233][zs_mAP_all:0.25045]
2023-11-15 23:15:59.554 | INFO     | fish:train:90 - [epoch:1/3][loss:3.6739]
2023-11-15 23:16:30.079 | INFO     | fish:train:90 - [epoch:2/3][loss:3.6441]
2023-11-15 23:17:00.660 | INFO     | fish:train:90 - [epoch:3/3][loss:3.6487]
2023-11-15 23:17:00.660 | INFO     | fish:train:93 - [iter:46/50][iter_time:90.86]
2023-11-15 23:17:45.114 | INFO     | fish:train:171 - [iter:46/50][code_length:16][mAP:0.50883][mAP_all:0.48424][best_mAP:0.50883]
2023-11-15 23:17:45.114 | INFO     | fish:train:172 - [iter:46/50][code_length:16][zs_mAP:0.32450][zs_mAP_all:0.25487]
2023-11-15 23:18:15.142 | INFO     | fish:train:90 - [epoch:1/3][loss:3.8082]
2023-11-15 23:18:46.970 | INFO     | fish:train:90 - [epoch:2/3][loss:3.7033]
2023-11-15 23:19:19.159 | INFO     | fish:train:90 - [epoch:3/3][loss:3.7047]
2023-11-15 23:19:19.160 | INFO     | fish:train:93 - [iter:47/50][iter_time:94.04]
2023-11-15 23:20:05.903 | INFO     | fish:train:171 - [iter:47/50][code_length:16][mAP:0.50914][mAP_all:0.48520][best_mAP:0.50914]
2023-11-15 23:20:05.904 | INFO     | fish:train:172 - [iter:47/50][code_length:16][zs_mAP:0.32485][zs_mAP_all:0.25916]
2023-11-15 23:20:37.224 | INFO     | fish:train:90 - [epoch:1/3][loss:3.7412]
2023-11-15 23:21:09.002 | INFO     | fish:train:90 - [epoch:2/3][loss:3.7134]
2023-11-15 23:21:40.934 | INFO     | fish:train:90 - [epoch:3/3][loss:3.7604]
2023-11-15 23:21:40.934 | INFO     | fish:train:93 - [iter:48/50][iter_time:95.03]
2023-11-15 23:22:26.149 | INFO     | fish:train:171 - [iter:48/50][code_length:16][mAP:0.50766][mAP_all:0.48247][best_mAP:0.50914]
2023-11-15 23:22:26.149 | INFO     | fish:train:172 - [iter:48/50][code_length:16][zs_mAP:0.32657][zs_mAP_all:0.25779]
2023-11-15 23:22:57.814 | INFO     | fish:train:90 - [epoch:1/3][loss:3.8104]
2023-11-15 23:23:29.943 | INFO     | fish:train:90 - [epoch:2/3][loss:3.8701]
2023-11-15 23:24:01.788 | INFO     | fish:train:90 - [epoch:3/3][loss:3.8097]
2023-11-15 23:24:01.789 | INFO     | fish:train:93 - [iter:49/50][iter_time:95.64]
2023-11-15 23:24:48.059 | INFO     | fish:train:171 - [iter:49/50][code_length:16][mAP:0.50979][mAP_all:0.48493][best_mAP:0.50979]
2023-11-15 23:24:48.059 | INFO     | fish:train:172 - [iter:49/50][code_length:16][zs_mAP:0.31679][zs_mAP_all:0.25585]
2023-11-15 23:25:19.755 | INFO     | fish:train:90 - [epoch:1/3][loss:3.7362]
2023-11-15 23:25:51.880 | INFO     | fish:train:90 - [epoch:2/3][loss:3.7319]
2023-11-15 23:26:23.931 | INFO     | fish:train:90 - [epoch:3/3][loss:3.6935]
2023-11-15 23:26:23.931 | INFO     | fish:train:93 - [iter:50/50][iter_time:95.87]
2023-11-15 23:27:10.186 | INFO     | fish:train:171 - [iter:50/50][code_length:16][mAP:0.50671][mAP_all:0.48350][best_mAP:0.50979]
2023-11-15 23:27:10.186 | INFO     | fish:train:172 - [iter:50/50][code_length:16][zs_mAP:0.31802][zs_mAP_all:0.25004]
2023-11-15 23:27:10.186 | INFO     | fish:train:177 - [Training time:7102.57]
2023-11-15 23:27:10.188 | INFO     | __main__:run:126 - [code_length:16][map:0.5098][map_all:0.4849][zs_map:0.3168][zs_map_all:0.2559]
2023-11-15 23:28:13.430 | INFO     | fish:train:90 - [epoch:1/3][loss:10.0622]
2023-11-15 23:28:44.209 | INFO     | fish:train:90 - [epoch:2/3][loss:9.2738]
2023-11-15 23:29:14.657 | INFO     | fish:train:90 - [epoch:3/3][loss:8.9764]
2023-11-15 23:29:14.658 | INFO     | fish:train:93 - [iter:1/50][iter_time:91.82]
2023-11-15 23:29:58.957 | INFO     | fish:train:171 - [iter:1/50][code_length:32][mAP:0.02974][mAP_all:0.00427][best_mAP:0.02974]
2023-11-15 23:29:58.957 | INFO     | fish:train:172 - [iter:1/50][code_length:32][zs_mAP:0.16494][zs_mAP_all:0.16654]
2023-11-15 23:30:30.027 | INFO     | fish:train:90 - [epoch:1/3][loss:8.9093]
2023-11-15 23:31:00.346 | INFO     | fish:train:90 - [epoch:2/3][loss:8.5328]
2023-11-15 23:31:30.682 | INFO     | fish:train:90 - [epoch:3/3][loss:8.2064]
2023-11-15 23:31:30.682 | INFO     | fish:train:93 - [iter:2/50][iter_time:91.72]
2023-11-15 23:32:14.691 | INFO     | fish:train:171 - [iter:2/50][code_length:32][mAP:0.05515][mAP_all:0.01202][best_mAP:0.05515]
2023-11-15 23:32:14.692 | INFO     | fish:train:172 - [iter:2/50][code_length:32][zs_mAP:0.23392][zs_mAP_all:0.23908]
2023-11-15 23:32:45.772 | INFO     | fish:train:90 - [epoch:1/3][loss:8.1739]
2023-11-15 23:33:16.068 | INFO     | fish:train:90 - [epoch:2/3][loss:7.7317]
2023-11-15 23:33:46.594 | INFO     | fish:train:90 - [epoch:3/3][loss:7.3971]
2023-11-15 23:33:46.595 | INFO     | fish:train:93 - [iter:3/50][iter_time:91.90]
2023-11-15 23:34:35.095 | INFO     | fish:train:171 - [iter:3/50][code_length:32][mAP:0.08361][mAP_all:0.03747][best_mAP:0.08361]
2023-11-15 23:34:35.096 | INFO     | fish:train:172 - [iter:3/50][code_length:32][zs_mAP:0.28176][zs_mAP_all:0.27631]
2023-11-15 23:35:07.627 | INFO     | fish:train:90 - [epoch:1/3][loss:7.6337]
2023-11-15 23:35:38.026 | INFO     | fish:train:90 - [epoch:2/3][loss:7.0990]
2023-11-15 23:36:08.959 | INFO     | fish:train:90 - [epoch:3/3][loss:6.7536]
2023-11-15 23:36:08.960 | INFO     | fish:train:93 - [iter:4/50][iter_time:93.86]
2023-11-15 23:36:52.453 | INFO     | fish:train:171 - [iter:4/50][code_length:32][mAP:0.11755][mAP_all:0.06456][best_mAP:0.11755]
2023-11-15 23:36:52.453 | INFO     | fish:train:172 - [iter:4/50][code_length:32][zs_mAP:0.28800][zs_mAP_all:0.28405]
2023-11-15 23:37:23.127 | INFO     | fish:train:90 - [epoch:1/3][loss:7.0549]
2023-11-15 23:37:53.875 | INFO     | fish:train:90 - [epoch:2/3][loss:6.6725]
2023-11-15 23:38:24.244 | INFO     | fish:train:90 - [epoch:3/3][loss:6.3879]
2023-11-15 23:38:24.244 | INFO     | fish:train:93 - [iter:5/50][iter_time:91.79]
2023-11-15 23:39:07.242 | INFO     | fish:train:171 - [iter:5/50][code_length:32][mAP:0.15094][mAP_all:0.08729][best_mAP:0.15094]
2023-11-15 23:39:07.243 | INFO     | fish:train:172 - [iter:5/50][code_length:32][zs_mAP:0.31717][zs_mAP_all:0.30203]
2023-11-15 23:39:36.909 | INFO     | fish:train:90 - [epoch:1/3][loss:6.5154]
2023-11-15 23:40:07.032 | INFO     | fish:train:90 - [epoch:2/3][loss:5.9292]
2023-11-15 23:40:37.478 | INFO     | fish:train:90 - [epoch:3/3][loss:5.7990]
2023-11-15 23:40:37.479 | INFO     | fish:train:93 - [iter:6/50][iter_time:90.24]
2023-11-15 23:41:21.299 | INFO     | fish:train:171 - [iter:6/50][code_length:32][mAP:0.25065][mAP_all:0.18502][best_mAP:0.25065]
2023-11-15 23:41:21.300 | INFO     | fish:train:172 - [iter:6/50][code_length:32][zs_mAP:0.37294][zs_mAP_all:0.33618]
2023-11-15 23:41:51.546 | INFO     | fish:train:90 - [epoch:1/3][loss:5.7239]
2023-11-15 23:42:23.586 | INFO     | fish:train:90 - [epoch:2/3][loss:5.5845]
2023-11-15 23:42:55.008 | INFO     | fish:train:90 - [epoch:3/3][loss:5.3664]
2023-11-15 23:42:55.009 | INFO     | fish:train:93 - [iter:7/50][iter_time:93.71]
2023-11-15 23:43:39.722 | INFO     | fish:train:171 - [iter:7/50][code_length:32][mAP:0.28208][mAP_all:0.21182][best_mAP:0.28208]
2023-11-15 23:43:39.722 | INFO     | fish:train:172 - [iter:7/50][code_length:32][zs_mAP:0.39396][zs_mAP_all:0.35365]
2023-11-15 23:44:09.616 | INFO     | fish:train:90 - [epoch:1/3][loss:5.3846]
2023-11-15 23:44:39.719 | INFO     | fish:train:90 - [epoch:2/3][loss:5.1577]
2023-11-15 23:45:10.353 | INFO     | fish:train:90 - [epoch:3/3][loss:4.8406]
2023-11-15 23:45:10.354 | INFO     | fish:train:93 - [iter:8/50][iter_time:90.63]
2023-11-15 23:45:54.857 | INFO     | fish:train:171 - [iter:8/50][code_length:32][mAP:0.29459][mAP_all:0.22763][best_mAP:0.29459]
2023-11-15 23:45:54.858 | INFO     | fish:train:172 - [iter:8/50][code_length:32][zs_mAP:0.38339][zs_mAP_all:0.34421]
2023-11-15 23:46:25.215 | INFO     | fish:train:90 - [epoch:1/3][loss:5.1721]
2023-11-15 23:46:56.139 | INFO     | fish:train:90 - [epoch:2/3][loss:4.9911]
2023-11-15 23:47:26.976 | INFO     | fish:train:90 - [epoch:3/3][loss:4.8013]
2023-11-15 23:47:26.977 | INFO     | fish:train:93 - [iter:9/50][iter_time:92.12]
2023-11-15 23:48:11.298 | INFO     | fish:train:171 - [iter:9/50][code_length:32][mAP:0.31945][mAP_all:0.24982][best_mAP:0.31945]
2023-11-15 23:48:11.298 | INFO     | fish:train:172 - [iter:9/50][code_length:32][zs_mAP:0.39322][zs_mAP_all:0.34230]
2023-11-15 23:48:41.691 | INFO     | fish:train:90 - [epoch:1/3][loss:5.3162]
2023-11-15 23:49:12.475 | INFO     | fish:train:90 - [epoch:2/3][loss:5.0445]
2023-11-15 23:49:43.259 | INFO     | fish:train:90 - [epoch:3/3][loss:4.7332]
2023-11-15 23:49:43.259 | INFO     | fish:train:93 - [iter:10/50][iter_time:91.96]
2023-11-15 23:50:27.484 | INFO     | fish:train:171 - [iter:10/50][code_length:32][mAP:0.34195][mAP_all:0.27475][best_mAP:0.34195]
2023-11-15 23:50:27.484 | INFO     | fish:train:172 - [iter:10/50][code_length:32][zs_mAP:0.39039][zs_mAP_all:0.33414]
2023-11-15 23:50:57.693 | INFO     | fish:train:90 - [epoch:1/3][loss:5.1709]
2023-11-15 23:51:28.715 | INFO     | fish:train:90 - [epoch:2/3][loss:4.7325]
2023-11-15 23:52:00.693 | INFO     | fish:train:90 - [epoch:3/3][loss:4.6880]
2023-11-15 23:52:00.694 | INFO     | fish:train:93 - [iter:11/50][iter_time:93.21]
2023-11-15 23:52:46.213 | INFO     | fish:train:171 - [iter:11/50][code_length:32][mAP:0.36756][mAP_all:0.29403][best_mAP:0.36756]
2023-11-15 23:52:46.213 | INFO     | fish:train:172 - [iter:11/50][code_length:32][zs_mAP:0.38775][zs_mAP_all:0.32972]
2023-11-15 23:53:17.767 | INFO     | fish:train:90 - [epoch:1/3][loss:5.0232]
2023-11-15 23:53:49.537 | INFO     | fish:train:90 - [epoch:2/3][loss:4.6592]
2023-11-15 23:54:21.245 | INFO     | fish:train:90 - [epoch:3/3][loss:4.4655]
2023-11-15 23:54:21.245 | INFO     | fish:train:93 - [iter:12/50][iter_time:95.03]
2023-11-15 23:55:05.927 | INFO     | fish:train:171 - [iter:12/50][code_length:32][mAP:0.38867][mAP_all:0.32229][best_mAP:0.38867]
2023-11-15 23:55:05.927 | INFO     | fish:train:172 - [iter:12/50][code_length:32][zs_mAP:0.40923][zs_mAP_all:0.34416]
2023-11-15 23:55:36.791 | INFO     | fish:train:90 - [epoch:1/3][loss:4.7515]
2023-11-15 23:56:08.004 | INFO     | fish:train:90 - [epoch:2/3][loss:4.5197]
2023-11-15 23:56:39.911 | INFO     | fish:train:90 - [epoch:3/3][loss:4.2633]
2023-11-15 23:56:39.911 | INFO     | fish:train:93 - [iter:13/50][iter_time:93.98]
2023-11-15 23:57:25.476 | INFO     | fish:train:171 - [iter:13/50][code_length:32][mAP:0.40237][mAP_all:0.33909][best_mAP:0.40237]
2023-11-15 23:57:25.477 | INFO     | fish:train:172 - [iter:13/50][code_length:32][zs_mAP:0.38406][zs_mAP_all:0.31454]
2023-11-15 23:57:55.957 | INFO     | fish:train:90 - [epoch:1/3][loss:4.9898]
2023-11-15 23:58:27.813 | INFO     | fish:train:90 - [epoch:2/3][loss:4.4818]
2023-11-15 23:58:59.852 | INFO     | fish:train:90 - [epoch:3/3][loss:4.3011]
2023-11-15 23:58:59.872 | INFO     | fish:train:93 - [iter:14/50][iter_time:94.40]
2023-11-15 23:59:44.284 | INFO     | fish:train:171 - [iter:14/50][code_length:32][mAP:0.42291][mAP_all:0.35981][best_mAP:0.42291]
2023-11-15 23:59:44.285 | INFO     | fish:train:172 - [iter:14/50][code_length:32][zs_mAP:0.40346][zs_mAP_all:0.33198]
2023-11-16 00:00:14.484 | INFO     | fish:train:90 - [epoch:1/3][loss:4.7785]
2023-11-16 00:00:45.796 | INFO     | fish:train:90 - [epoch:2/3][loss:4.3996]
2023-11-16 00:01:17.454 | INFO     | fish:train:90 - [epoch:3/3][loss:4.1666]
2023-11-16 00:01:17.454 | INFO     | fish:train:93 - [iter:15/50][iter_time:93.17]
2023-11-16 00:02:02.157 | INFO     | fish:train:171 - [iter:15/50][code_length:32][mAP:0.42725][mAP_all:0.36769][best_mAP:0.42725]
2023-11-16 00:02:02.158 | INFO     | fish:train:172 - [iter:15/50][code_length:32][zs_mAP:0.38654][zs_mAP_all:0.30851]
2023-11-16 00:02:32.069 | INFO     | fish:train:90 - [epoch:1/3][loss:4.5494]
2023-11-16 00:03:02.406 | INFO     | fish:train:90 - [epoch:2/3][loss:4.4739]
2023-11-16 00:03:33.818 | INFO     | fish:train:90 - [epoch:3/3][loss:4.3272]
2023-11-16 00:03:33.819 | INFO     | fish:train:93 - [iter:16/50][iter_time:91.66]
2023-11-16 00:04:18.571 | INFO     | fish:train:171 - [iter:16/50][code_length:32][mAP:0.46031][mAP_all:0.40111][best_mAP:0.46031]
2023-11-16 00:04:18.571 | INFO     | fish:train:172 - [iter:16/50][code_length:32][zs_mAP:0.40956][zs_mAP_all:0.32707]
2023-11-16 00:04:48.978 | INFO     | fish:train:90 - [epoch:1/3][loss:4.5122]
2023-11-16 00:05:19.925 | INFO     | fish:train:90 - [epoch:2/3][loss:4.3773]
2023-11-16 00:05:51.897 | INFO     | fish:train:90 - [epoch:3/3][loss:4.1942]
2023-11-16 00:05:51.898 | INFO     | fish:train:93 - [iter:17/50][iter_time:93.33]
2023-11-16 00:06:37.489 | INFO     | fish:train:171 - [iter:17/50][code_length:32][mAP:0.47255][mAP_all:0.41000][best_mAP:0.47255]
2023-11-16 00:06:37.489 | INFO     | fish:train:172 - [iter:17/50][code_length:32][zs_mAP:0.41149][zs_mAP_all:0.33731]
2023-11-16 00:07:08.215 | INFO     | fish:train:90 - [epoch:1/3][loss:4.3076]
2023-11-16 00:07:39.498 | INFO     | fish:train:90 - [epoch:2/3][loss:4.1582]
2023-11-16 00:08:10.930 | INFO     | fish:train:90 - [epoch:3/3][loss:4.1233]
2023-11-16 00:08:10.930 | INFO     | fish:train:93 - [iter:18/50][iter_time:93.44]
2023-11-16 00:08:55.614 | INFO     | fish:train:171 - [iter:18/50][code_length:32][mAP:0.48317][mAP_all:0.42079][best_mAP:0.48317]
2023-11-16 00:08:55.615 | INFO     | fish:train:172 - [iter:18/50][code_length:32][zs_mAP:0.42097][zs_mAP_all:0.33534]
2023-11-16 00:09:26.182 | INFO     | fish:train:90 - [epoch:1/3][loss:4.2843]
2023-11-16 00:09:57.234 | INFO     | fish:train:90 - [epoch:2/3][loss:4.2545]
2023-11-16 00:10:28.036 | INFO     | fish:train:90 - [epoch:3/3][loss:4.1644]
2023-11-16 00:10:28.037 | INFO     | fish:train:93 - [iter:19/50][iter_time:92.42]
2023-11-16 00:11:12.283 | INFO     | fish:train:171 - [iter:19/50][code_length:32][mAP:0.48965][mAP_all:0.42724][best_mAP:0.48965]
2023-11-16 00:11:12.284 | INFO     | fish:train:172 - [iter:19/50][code_length:32][zs_mAP:0.41429][zs_mAP_all:0.32859]
2023-11-16 00:11:42.659 | INFO     | fish:train:90 - [epoch:1/3][loss:4.2278]
2023-11-16 00:12:13.345 | INFO     | fish:train:90 - [epoch:2/3][loss:4.1446]
2023-11-16 00:12:43.979 | INFO     | fish:train:90 - [epoch:3/3][loss:4.0089]
2023-11-16 00:12:43.980 | INFO     | fish:train:93 - [iter:20/50][iter_time:91.70]
2023-11-16 00:13:27.931 | INFO     | fish:train:171 - [iter:20/50][code_length:32][mAP:0.49183][mAP_all:0.42957][best_mAP:0.49183]
2023-11-16 00:13:27.931 | INFO     | fish:train:172 - [iter:20/50][code_length:32][zs_mAP:0.41024][zs_mAP_all:0.33070]
2023-11-16 00:13:58.001 | INFO     | fish:train:90 - [epoch:1/3][loss:4.2141]
2023-11-16 00:14:28.565 | INFO     | fish:train:90 - [epoch:2/3][loss:4.1470]
2023-11-16 00:14:58.665 | INFO     | fish:train:90 - [epoch:3/3][loss:4.0839]
2023-11-16 00:14:58.665 | INFO     | fish:train:93 - [iter:21/50][iter_time:90.73]
2023-11-16 00:15:43.138 | INFO     | fish:train:171 - [iter:21/50][code_length:32][mAP:0.49372][mAP_all:0.43277][best_mAP:0.49372]
2023-11-16 00:15:43.138 | INFO     | fish:train:172 - [iter:21/50][code_length:32][zs_mAP:0.41495][zs_mAP_all:0.32988]
2023-11-16 00:16:13.384 | INFO     | fish:train:90 - [epoch:1/3][loss:4.1062]
2023-11-16 00:16:43.906 | INFO     | fish:train:90 - [epoch:2/3][loss:4.0370]
2023-11-16 00:17:14.296 | INFO     | fish:train:90 - [epoch:3/3][loss:3.9601]
2023-11-16 00:17:14.296 | INFO     | fish:train:93 - [iter:22/50][iter_time:91.16]
2023-11-16 00:17:58.318 | INFO     | fish:train:171 - [iter:22/50][code_length:32][mAP:0.50614][mAP_all:0.44521][best_mAP:0.50614]
2023-11-16 00:17:58.319 | INFO     | fish:train:172 - [iter:22/50][code_length:32][zs_mAP:0.41543][zs_mAP_all:0.32615]
2023-11-16 00:18:28.705 | INFO     | fish:train:90 - [epoch:1/3][loss:4.1613]
2023-11-16 00:19:00.736 | INFO     | fish:train:90 - [epoch:2/3][loss:3.9070]
2023-11-16 00:19:32.801 | INFO     | fish:train:90 - [epoch:3/3][loss:3.9265]
2023-11-16 00:19:32.802 | INFO     | fish:train:93 - [iter:23/50][iter_time:94.48]
2023-11-16 00:20:19.699 | INFO     | fish:train:171 - [iter:23/50][code_length:32][mAP:0.50672][mAP_all:0.45063][best_mAP:0.50672]
2023-11-16 00:20:19.699 | INFO     | fish:train:172 - [iter:23/50][code_length:32][zs_mAP:0.42042][zs_mAP_all:0.33138]
2023-11-16 00:20:51.289 | INFO     | fish:train:90 - [epoch:1/3][loss:4.1020]
2023-11-16 00:21:22.786 | INFO     | fish:train:90 - [epoch:2/3][loss:3.9268]
2023-11-16 00:21:53.407 | INFO     | fish:train:90 - [epoch:3/3][loss:3.9302]
2023-11-16 00:21:53.408 | INFO     | fish:train:93 - [iter:24/50][iter_time:93.71]
2023-11-16 00:22:37.373 | INFO     | fish:train:171 - [iter:24/50][code_length:32][mAP:0.50178][mAP_all:0.44258][best_mAP:0.50672]
2023-11-16 00:22:37.374 | INFO     | fish:train:172 - [iter:24/50][code_length:32][zs_mAP:0.41949][zs_mAP_all:0.33300]
2023-11-16 00:23:07.650 | INFO     | fish:train:90 - [epoch:1/3][loss:4.0819]
2023-11-16 00:23:38.279 | INFO     | fish:train:90 - [epoch:2/3][loss:4.0126]
2023-11-16 00:24:09.126 | INFO     | fish:train:90 - [epoch:3/3][loss:3.9605]
2023-11-16 00:24:09.127 | INFO     | fish:train:93 - [iter:25/50][iter_time:91.75]
2023-11-16 00:24:53.006 | INFO     | fish:train:171 - [iter:25/50][code_length:32][mAP:0.51360][mAP_all:0.45633][best_mAP:0.51360]
2023-11-16 00:24:53.007 | INFO     | fish:train:172 - [iter:25/50][code_length:32][zs_mAP:0.42432][zs_mAP_all:0.33490]
2023-11-16 00:25:22.685 | INFO     | fish:train:90 - [epoch:1/3][loss:4.0502]
2023-11-16 00:25:52.723 | INFO     | fish:train:90 - [epoch:2/3][loss:3.9291]
2023-11-16 00:26:22.797 | INFO     | fish:train:90 - [epoch:3/3][loss:3.9469]
2023-11-16 00:26:22.797 | INFO     | fish:train:93 - [iter:26/50][iter_time:89.79]
2023-11-16 00:27:06.575 | INFO     | fish:train:171 - [iter:26/50][code_length:32][mAP:0.51572][mAP_all:0.46041][best_mAP:0.51572]
2023-11-16 00:27:06.575 | INFO     | fish:train:172 - [iter:26/50][code_length:32][zs_mAP:0.41603][zs_mAP_all:0.32769]
2023-11-16 00:27:36.194 | INFO     | fish:train:90 - [epoch:1/3][loss:4.0726]
2023-11-16 00:28:06.441 | INFO     | fish:train:90 - [epoch:2/3][loss:4.0774]
2023-11-16 00:28:36.986 | INFO     | fish:train:90 - [epoch:3/3][loss:3.9599]
2023-11-16 00:28:36.986 | INFO     | fish:train:93 - [iter:27/50][iter_time:90.41]
2023-11-16 00:29:21.769 | INFO     | fish:train:171 - [iter:27/50][code_length:32][mAP:0.52254][mAP_all:0.46499][best_mAP:0.52254]
2023-11-16 00:29:21.769 | INFO     | fish:train:172 - [iter:27/50][code_length:32][zs_mAP:0.41827][zs_mAP_all:0.32489]
2023-11-16 00:29:51.622 | INFO     | fish:train:90 - [epoch:1/3][loss:4.0506]
2023-11-16 00:30:21.852 | INFO     | fish:train:90 - [epoch:2/3][loss:3.8492]
2023-11-16 00:30:52.078 | INFO     | fish:train:90 - [epoch:3/3][loss:3.9025]
2023-11-16 00:30:52.078 | INFO     | fish:train:93 - [iter:28/50][iter_time:90.31]
2023-11-16 00:31:35.379 | INFO     | fish:train:171 - [iter:28/50][code_length:32][mAP:0.52029][mAP_all:0.46756][best_mAP:0.52254]
2023-11-16 00:31:35.380 | INFO     | fish:train:172 - [iter:28/50][code_length:32][zs_mAP:0.41838][zs_mAP_all:0.33093]
2023-11-16 00:32:05.021 | INFO     | fish:train:90 - [epoch:1/3][loss:4.1249]
2023-11-16 00:32:35.259 | INFO     | fish:train:90 - [epoch:2/3][loss:3.9913]
2023-11-16 00:33:05.653 | INFO     | fish:train:90 - [epoch:3/3][loss:3.8748]
2023-11-16 00:33:05.654 | INFO     | fish:train:93 - [iter:29/50][iter_time:90.27]
2023-11-16 00:33:49.476 | INFO     | fish:train:171 - [iter:29/50][code_length:32][mAP:0.52768][mAP_all:0.47289][best_mAP:0.52768]
2023-11-16 00:33:49.477 | INFO     | fish:train:172 - [iter:29/50][code_length:32][zs_mAP:0.41914][zs_mAP_all:0.31678]
2023-11-16 00:34:19.552 | INFO     | fish:train:90 - [epoch:1/3][loss:4.0048]
2023-11-16 00:34:49.872 | INFO     | fish:train:90 - [epoch:2/3][loss:3.9004]
2023-11-16 00:35:20.601 | INFO     | fish:train:90 - [epoch:3/3][loss:3.7294]
2023-11-16 00:35:20.601 | INFO     | fish:train:93 - [iter:30/50][iter_time:91.12]
2023-11-16 00:36:06.256 | INFO     | fish:train:171 - [iter:30/50][code_length:32][mAP:0.53255][mAP_all:0.47563][best_mAP:0.53255]
2023-11-16 00:36:06.258 | INFO     | fish:train:172 - [iter:30/50][code_length:32][zs_mAP:0.41714][zs_mAP_all:0.32393]
2023-11-16 00:36:38.364 | INFO     | fish:train:90 - [epoch:1/3][loss:4.0943]
2023-11-16 00:37:08.907 | INFO     | fish:train:90 - [epoch:2/3][loss:3.9966]
2023-11-16 00:37:39.272 | INFO     | fish:train:90 - [epoch:3/3][loss:3.8622]
2023-11-16 00:37:39.273 | INFO     | fish:train:93 - [iter:31/50][iter_time:93.01]
2023-11-16 00:38:25.087 | INFO     | fish:train:171 - [iter:31/50][code_length:32][mAP:0.54089][mAP_all:0.48379][best_mAP:0.54089]
2023-11-16 00:38:25.087 | INFO     | fish:train:172 - [iter:31/50][code_length:32][zs_mAP:0.42586][zs_mAP_all:0.33379]
2023-11-16 00:38:55.139 | INFO     | fish:train:90 - [epoch:1/3][loss:3.9517]
2023-11-16 00:39:26.045 | INFO     | fish:train:90 - [epoch:2/3][loss:3.8650]
2023-11-16 00:39:57.937 | INFO     | fish:train:90 - [epoch:3/3][loss:3.8608]
2023-11-16 00:39:57.937 | INFO     | fish:train:93 - [iter:32/50][iter_time:92.85]
2023-11-16 00:40:42.072 | INFO     | fish:train:171 - [iter:32/50][code_length:32][mAP:0.53599][mAP_all:0.48366][best_mAP:0.54089]
2023-11-16 00:40:42.073 | INFO     | fish:train:172 - [iter:32/50][code_length:32][zs_mAP:0.42195][zs_mAP_all:0.32517]
2023-11-16 00:41:12.402 | INFO     | fish:train:90 - [epoch:1/3][loss:3.8461]
2023-11-16 00:41:42.962 | INFO     | fish:train:90 - [epoch:2/3][loss:3.7650]
2023-11-16 00:42:14.938 | INFO     | fish:train:90 - [epoch:3/3][loss:3.7243]
2023-11-16 00:42:14.939 | INFO     | fish:train:93 - [iter:33/50][iter_time:92.87]
2023-11-16 00:42:59.618 | INFO     | fish:train:171 - [iter:33/50][code_length:32][mAP:0.54364][mAP_all:0.48790][best_mAP:0.54364]
2023-11-16 00:42:59.618 | INFO     | fish:train:172 - [iter:33/50][code_length:32][zs_mAP:0.42044][zs_mAP_all:0.31880]
2023-11-16 00:43:31.102 | INFO     | fish:train:90 - [epoch:1/3][loss:3.8666]
2023-11-16 00:44:01.984 | INFO     | fish:train:90 - [epoch:2/3][loss:3.7912]
2023-11-16 00:44:32.179 | INFO     | fish:train:90 - [epoch:3/3][loss:3.6776]
2023-11-16 00:44:32.180 | INFO     | fish:train:93 - [iter:34/50][iter_time:92.56]
2023-11-16 00:45:16.520 | INFO     | fish:train:171 - [iter:34/50][code_length:32][mAP:0.54430][mAP_all:0.49282][best_mAP:0.54430]
2023-11-16 00:45:16.521 | INFO     | fish:train:172 - [iter:34/50][code_length:32][zs_mAP:0.41371][zs_mAP_all:0.31925]
2023-11-16 00:45:46.217 | INFO     | fish:train:90 - [epoch:1/3][loss:3.9119]
2023-11-16 00:46:17.381 | INFO     | fish:train:90 - [epoch:2/3][loss:3.8746]
2023-11-16 00:46:48.697 | INFO     | fish:train:90 - [epoch:3/3][loss:3.8495]
2023-11-16 00:46:48.697 | INFO     | fish:train:93 - [iter:35/50][iter_time:92.18]
2023-11-16 00:47:33.088 | INFO     | fish:train:171 - [iter:35/50][code_length:32][mAP:0.55397][mAP_all:0.50269][best_mAP:0.55397]
2023-11-16 00:47:33.089 | INFO     | fish:train:172 - [iter:35/50][code_length:32][zs_mAP:0.40761][zs_mAP_all:0.31122]
2023-11-16 00:48:03.396 | INFO     | fish:train:90 - [epoch:1/3][loss:3.9631]
2023-11-16 00:48:34.172 | INFO     | fish:train:90 - [epoch:2/3][loss:3.9654]
2023-11-16 00:49:05.883 | INFO     | fish:train:90 - [epoch:3/3][loss:4.0762]
2023-11-16 00:49:05.884 | INFO     | fish:train:93 - [iter:36/50][iter_time:92.79]
2023-11-16 00:49:50.049 | INFO     | fish:train:171 - [iter:36/50][code_length:32][mAP:0.55615][mAP_all:0.50223][best_mAP:0.55615]
2023-11-16 00:49:50.049 | INFO     | fish:train:172 - [iter:36/50][code_length:32][zs_mAP:0.41080][zs_mAP_all:0.30569]
2023-11-16 00:50:20.277 | INFO     | fish:train:90 - [epoch:1/3][loss:3.9420]
2023-11-16 00:50:50.893 | INFO     | fish:train:90 - [epoch:2/3][loss:3.9973]
2023-11-16 00:51:21.911 | INFO     | fish:train:90 - [epoch:3/3][loss:3.8770]
2023-11-16 00:51:21.911 | INFO     | fish:train:93 - [iter:37/50][iter_time:91.86]
2023-11-16 00:52:07.771 | INFO     | fish:train:171 - [iter:37/50][code_length:32][mAP:0.55949][mAP_all:0.50852][best_mAP:0.55949]
2023-11-16 00:52:07.772 | INFO     | fish:train:172 - [iter:37/50][code_length:32][zs_mAP:0.41528][zs_mAP_all:0.31070]
2023-11-16 00:52:38.004 | INFO     | fish:train:90 - [epoch:1/3][loss:3.9906]
2023-11-16 00:53:08.539 | INFO     | fish:train:90 - [epoch:2/3][loss:3.9111]
2023-11-16 00:53:39.643 | INFO     | fish:train:90 - [epoch:3/3][loss:3.8512]
2023-11-16 00:53:39.643 | INFO     | fish:train:93 - [iter:38/50][iter_time:91.87]
2023-11-16 00:54:24.340 | INFO     | fish:train:171 - [iter:38/50][code_length:32][mAP:0.55708][mAP_all:0.50322][best_mAP:0.55949]
2023-11-16 00:54:24.340 | INFO     | fish:train:172 - [iter:38/50][code_length:32][zs_mAP:0.40899][zs_mAP_all:0.31683]
2023-11-16 00:54:54.800 | INFO     | fish:train:90 - [epoch:1/3][loss:3.9474]
2023-11-16 00:55:26.452 | INFO     | fish:train:90 - [epoch:2/3][loss:3.8541]
2023-11-16 00:55:57.405 | INFO     | fish:train:90 - [epoch:3/3][loss:3.8531]
2023-11-16 00:55:57.406 | INFO     | fish:train:93 - [iter:39/50][iter_time:93.07]
2023-11-16 00:56:41.435 | INFO     | fish:train:171 - [iter:39/50][code_length:32][mAP:0.55211][mAP_all:0.49861][best_mAP:0.55949]
2023-11-16 00:56:41.436 | INFO     | fish:train:172 - [iter:39/50][code_length:32][zs_mAP:0.40176][zs_mAP_all:0.31125]
2023-11-16 00:57:11.602 | INFO     | fish:train:90 - [epoch:1/3][loss:3.9703]
2023-11-16 00:57:43.529 | INFO     | fish:train:90 - [epoch:2/3][loss:3.8885]
2023-11-16 00:58:14.203 | INFO     | fish:train:90 - [epoch:3/3][loss:3.9597]
2023-11-16 00:58:14.204 | INFO     | fish:train:93 - [iter:40/50][iter_time:92.77]
2023-11-16 00:59:00.253 | INFO     | fish:train:171 - [iter:40/50][code_length:32][mAP:0.55968][mAP_all:0.50808][best_mAP:0.55968]
2023-11-16 00:59:00.253 | INFO     | fish:train:172 - [iter:40/50][code_length:32][zs_mAP:0.41413][zs_mAP_all:0.31577]
2023-11-16 00:59:30.543 | INFO     | fish:train:90 - [epoch:1/3][loss:3.6862]
2023-11-16 01:00:02.739 | INFO     | fish:train:90 - [epoch:2/3][loss:3.6936]
2023-11-16 01:00:33.856 | INFO     | fish:train:90 - [epoch:3/3][loss:3.7492]
2023-11-16 01:00:33.857 | INFO     | fish:train:93 - [iter:41/50][iter_time:93.60]
2023-11-16 01:01:19.453 | INFO     | fish:train:171 - [iter:41/50][code_length:32][mAP:0.55955][mAP_all:0.50743][best_mAP:0.55968]
2023-11-16 01:01:19.453 | INFO     | fish:train:172 - [iter:41/50][code_length:32][zs_mAP:0.41285][zs_mAP_all:0.31417]
2023-11-16 01:01:49.715 | INFO     | fish:train:90 - [epoch:1/3][loss:3.7432]
2023-11-16 01:02:19.891 | INFO     | fish:train:90 - [epoch:2/3][loss:3.7257]
2023-11-16 01:02:49.914 | INFO     | fish:train:90 - [epoch:3/3][loss:3.7866]
2023-11-16 01:02:49.914 | INFO     | fish:train:93 - [iter:42/50][iter_time:90.46]
2023-11-16 01:03:33.493 | INFO     | fish:train:171 - [iter:42/50][code_length:32][mAP:0.55823][mAP_all:0.50855][best_mAP:0.55968]
2023-11-16 01:03:33.494 | INFO     | fish:train:172 - [iter:42/50][code_length:32][zs_mAP:0.41354][zs_mAP_all:0.31429]
2023-11-16 01:04:04.518 | INFO     | fish:train:90 - [epoch:1/3][loss:3.9306]
2023-11-16 01:04:36.811 | INFO     | fish:train:90 - [epoch:2/3][loss:3.9248]
2023-11-16 01:05:08.380 | INFO     | fish:train:90 - [epoch:3/3][loss:3.8053]
2023-11-16 01:05:08.380 | INFO     | fish:train:93 - [iter:43/50][iter_time:94.89]
2023-11-16 01:05:53.471 | INFO     | fish:train:171 - [iter:43/50][code_length:32][mAP:0.56388][mAP_all:0.51180][best_mAP:0.56388]
2023-11-16 01:05:53.472 | INFO     | fish:train:172 - [iter:43/50][code_length:32][zs_mAP:0.41491][zs_mAP_all:0.31217]
2023-11-16 01:06:24.200 | INFO     | fish:train:90 - [epoch:1/3][loss:3.8540]
2023-11-16 01:06:54.719 | INFO     | fish:train:90 - [epoch:2/3][loss:3.8545]
2023-11-16 01:07:24.933 | INFO     | fish:train:90 - [epoch:3/3][loss:3.6930]
2023-11-16 01:07:24.933 | INFO     | fish:train:93 - [iter:44/50][iter_time:91.46]
2023-11-16 01:08:08.665 | INFO     | fish:train:171 - [iter:44/50][code_length:32][mAP:0.55955][mAP_all:0.50846][best_mAP:0.56388]
2023-11-16 01:08:08.666 | INFO     | fish:train:172 - [iter:44/50][code_length:32][zs_mAP:0.41163][zs_mAP_all:0.31003]
2023-11-16 01:08:38.447 | INFO     | fish:train:90 - [epoch:1/3][loss:3.8678]
2023-11-16 01:09:08.738 | INFO     | fish:train:90 - [epoch:2/3][loss:3.8384]
2023-11-16 01:09:38.891 | INFO     | fish:train:90 - [epoch:3/3][loss:3.9093]
2023-11-16 01:09:38.892 | INFO     | fish:train:93 - [iter:45/50][iter_time:90.23]
2023-11-16 01:10:23.274 | INFO     | fish:train:171 - [iter:45/50][code_length:32][mAP:0.55775][mAP_all:0.50707][best_mAP:0.56388]
2023-11-16 01:10:23.274 | INFO     | fish:train:172 - [iter:45/50][code_length:32][zs_mAP:0.41924][zs_mAP_all:0.32058]
2023-11-16 01:10:53.522 | INFO     | fish:train:90 - [epoch:1/3][loss:3.7814]
2023-11-16 01:11:24.039 | INFO     | fish:train:90 - [epoch:2/3][loss:3.8574]
2023-11-16 01:11:54.899 | INFO     | fish:train:90 - [epoch:3/3][loss:3.7948]
2023-11-16 01:11:54.900 | INFO     | fish:train:93 - [iter:46/50][iter_time:91.63]
2023-11-16 01:12:40.144 | INFO     | fish:train:171 - [iter:46/50][code_length:32][mAP:0.55868][mAP_all:0.50624][best_mAP:0.56388]
2023-11-16 01:12:40.144 | INFO     | fish:train:172 - [iter:46/50][code_length:32][zs_mAP:0.41599][zs_mAP_all:0.31842]
2023-11-16 01:13:10.629 | INFO     | fish:train:90 - [epoch:1/3][loss:3.7635]
2023-11-16 01:13:42.866 | INFO     | fish:train:90 - [epoch:2/3][loss:3.7721]
2023-11-16 01:14:13.409 | INFO     | fish:train:90 - [epoch:3/3][loss:3.8523]
2023-11-16 01:14:13.410 | INFO     | fish:train:93 - [iter:47/50][iter_time:93.27]
2023-11-16 01:14:57.049 | INFO     | fish:train:171 - [iter:47/50][code_length:32][mAP:0.56231][mAP_all:0.50894][best_mAP:0.56388]
2023-11-16 01:14:57.049 | INFO     | fish:train:172 - [iter:47/50][code_length:32][zs_mAP:0.42193][zs_mAP_all:0.31951]
2023-11-16 01:15:27.120 | INFO     | fish:train:90 - [epoch:1/3][loss:3.9282]
2023-11-16 01:15:57.304 | INFO     | fish:train:90 - [epoch:2/3][loss:3.9241]
2023-11-16 01:16:27.420 | INFO     | fish:train:90 - [epoch:3/3][loss:3.8205]
2023-11-16 01:16:27.421 | INFO     | fish:train:93 - [iter:48/50][iter_time:90.37]
2023-11-16 01:17:10.962 | INFO     | fish:train:171 - [iter:48/50][code_length:32][mAP:0.56242][mAP_all:0.51005][best_mAP:0.56388]
2023-11-16 01:17:10.963 | INFO     | fish:train:172 - [iter:48/50][code_length:32][zs_mAP:0.41452][zs_mAP_all:0.31269]
2023-11-16 01:17:40.795 | INFO     | fish:train:90 - [epoch:1/3][loss:4.0025]
2023-11-16 01:18:10.929 | INFO     | fish:train:90 - [epoch:2/3][loss:3.8395]
2023-11-16 01:18:41.077 | INFO     | fish:train:90 - [epoch:3/3][loss:3.7991]
2023-11-16 01:18:41.078 | INFO     | fish:train:93 - [iter:49/50][iter_time:90.11]
2023-11-16 01:19:24.607 | INFO     | fish:train:171 - [iter:49/50][code_length:32][mAP:0.56108][mAP_all:0.50928][best_mAP:0.56388]
2023-11-16 01:19:24.607 | INFO     | fish:train:172 - [iter:49/50][code_length:32][zs_mAP:0.42148][zs_mAP_all:0.31532]
2023-11-16 01:19:54.472 | INFO     | fish:train:90 - [epoch:1/3][loss:3.8712]
2023-11-16 01:20:24.730 | INFO     | fish:train:90 - [epoch:2/3][loss:3.8856]
2023-11-16 01:20:55.025 | INFO     | fish:train:90 - [epoch:3/3][loss:3.8850]
2023-11-16 01:20:55.025 | INFO     | fish:train:93 - [iter:50/50][iter_time:90.42]
2023-11-16 01:21:38.573 | INFO     | fish:train:171 - [iter:50/50][code_length:32][mAP:0.55785][mAP_all:0.50710][best_mAP:0.56388]
2023-11-16 01:21:38.573 | INFO     | fish:train:172 - [iter:50/50][code_length:32][zs_mAP:0.41995][zs_mAP_all:0.32010]
2023-11-16 01:21:38.573 | INFO     | fish:train:177 - [Training time:6868.00]
2023-11-16 01:21:38.575 | INFO     | __main__:run:126 - [code_length:32][map:0.5639][map_all:0.5118][zs_map:0.4149][zs_map_all:0.3122]
2023-11-16 01:22:39.768 | INFO     | fish:train:90 - [epoch:1/3][loss:10.0838]
2023-11-16 01:23:09.927 | INFO     | fish:train:90 - [epoch:2/3][loss:9.2053]
2023-11-16 01:23:40.639 | INFO     | fish:train:90 - [epoch:3/3][loss:8.7535]
2023-11-16 01:23:40.639 | INFO     | fish:train:93 - [iter:1/50][iter_time:89.72]
2023-11-16 01:24:23.894 | INFO     | fish:train:171 - [iter:1/50][code_length:64][mAP:0.04536][mAP_all:0.00198][best_mAP:0.04536]
2023-11-16 01:24:23.894 | INFO     | fish:train:172 - [iter:1/50][code_length:64][zs_mAP:0.22520][zs_mAP_all:0.22807]
2023-11-16 01:24:55.193 | INFO     | fish:train:90 - [epoch:1/3][loss:8.6442]
2023-11-16 01:25:25.854 | INFO     | fish:train:90 - [epoch:2/3][loss:8.1397]
2023-11-16 01:25:56.555 | INFO     | fish:train:90 - [epoch:3/3][loss:7.7367]
2023-11-16 01:25:56.556 | INFO     | fish:train:93 - [iter:2/50][iter_time:92.66]
2023-11-16 01:26:40.009 | INFO     | fish:train:171 - [iter:2/50][code_length:64][mAP:0.09087][mAP_all:0.01216][best_mAP:0.09087]
2023-11-16 01:26:40.010 | INFO     | fish:train:172 - [iter:2/50][code_length:64][zs_mAP:0.31278][zs_mAP_all:0.31143]
2023-11-16 01:27:10.324 | INFO     | fish:train:90 - [epoch:1/3][loss:7.9440]
2023-11-16 01:27:40.529 | INFO     | fish:train:90 - [epoch:2/3][loss:7.4527]
2023-11-16 01:28:11.386 | INFO     | fish:train:90 - [epoch:3/3][loss:7.0655]
2023-11-16 01:28:11.387 | INFO     | fish:train:93 - [iter:3/50][iter_time:91.38]
2023-11-16 01:28:55.963 | INFO     | fish:train:171 - [iter:3/50][code_length:64][mAP:0.10915][mAP_all:0.02748][best_mAP:0.10915]
2023-11-16 01:28:55.963 | INFO     | fish:train:172 - [iter:3/50][code_length:64][zs_mAP:0.32098][zs_mAP_all:0.32678]
2023-11-16 01:29:26.332 | INFO     | fish:train:90 - [epoch:1/3][loss:7.2546]
2023-11-16 01:29:56.466 | INFO     | fish:train:90 - [epoch:2/3][loss:6.9657]
2023-11-16 01:30:27.225 | INFO     | fish:train:90 - [epoch:3/3][loss:6.6036]
2023-11-16 01:30:27.226 | INFO     | fish:train:93 - [iter:4/50][iter_time:91.26]
2023-11-16 01:31:11.242 | INFO     | fish:train:171 - [iter:4/50][code_length:64][mAP:0.20142][mAP_all:0.08731][best_mAP:0.20142]
2023-11-16 01:31:11.242 | INFO     | fish:train:172 - [iter:4/50][code_length:64][zs_mAP:0.35137][zs_mAP_all:0.34330]
2023-11-16 01:31:41.055 | INFO     | fish:train:90 - [epoch:1/3][loss:6.9408]
2023-11-16 01:32:11.644 | INFO     | fish:train:90 - [epoch:2/3][loss:6.5459]
2023-11-16 01:32:43.075 | INFO     | fish:train:90 - [epoch:3/3][loss:6.1950]
2023-11-16 01:32:43.075 | INFO     | fish:train:93 - [iter:5/50][iter_time:91.83]
2023-11-16 01:33:27.347 | INFO     | fish:train:171 - [iter:5/50][code_length:64][mAP:0.23704][mAP_all:0.13112][best_mAP:0.23704]
2023-11-16 01:33:27.348 | INFO     | fish:train:172 - [iter:5/50][code_length:64][zs_mAP:0.34761][zs_mAP_all:0.32936]
2023-11-16 01:33:57.710 | INFO     | fish:train:90 - [epoch:1/3][loss:6.2562]
2023-11-16 01:34:28.238 | INFO     | fish:train:90 - [epoch:2/3][loss:5.7947]
2023-11-16 01:34:58.377 | INFO     | fish:train:90 - [epoch:3/3][loss:5.4901]
2023-11-16 01:34:58.377 | INFO     | fish:train:93 - [iter:6/50][iter_time:91.03]
2023-11-16 01:35:43.892 | INFO     | fish:train:171 - [iter:6/50][code_length:64][mAP:0.33734][mAP_all:0.22371][best_mAP:0.33734]
2023-11-16 01:35:43.892 | INFO     | fish:train:172 - [iter:6/50][code_length:64][zs_mAP:0.44464][zs_mAP_all:0.42204]
2023-11-16 01:36:14.118 | INFO     | fish:train:90 - [epoch:1/3][loss:5.6389]
2023-11-16 01:36:44.303 | INFO     | fish:train:90 - [epoch:2/3][loss:5.3272]
2023-11-16 01:37:14.530 | INFO     | fish:train:90 - [epoch:3/3][loss:5.2937]
2023-11-16 01:37:14.530 | INFO     | fish:train:93 - [iter:7/50][iter_time:90.64]
2023-11-16 01:37:58.762 | INFO     | fish:train:171 - [iter:7/50][code_length:64][mAP:0.35965][mAP_all:0.25446][best_mAP:0.35965]
2023-11-16 01:37:58.763 | INFO     | fish:train:172 - [iter:7/50][code_length:64][zs_mAP:0.43618][zs_mAP_all:0.40197]
2023-11-16 01:38:29.185 | INFO     | fish:train:90 - [epoch:1/3][loss:5.4253]
2023-11-16 01:38:59.372 | INFO     | fish:train:90 - [epoch:2/3][loss:5.1638]
2023-11-16 01:39:29.955 | INFO     | fish:train:90 - [epoch:3/3][loss:5.0058]
2023-11-16 01:39:29.955 | INFO     | fish:train:93 - [iter:8/50][iter_time:91.19]
2023-11-16 01:40:14.417 | INFO     | fish:train:171 - [iter:8/50][code_length:64][mAP:0.38484][mAP_all:0.27753][best_mAP:0.38484]
2023-11-16 01:40:14.417 | INFO     | fish:train:172 - [iter:8/50][code_length:64][zs_mAP:0.46296][zs_mAP_all:0.40747]
2023-11-16 01:40:45.195 | INFO     | fish:train:90 - [epoch:1/3][loss:5.1914]
2023-11-16 01:41:15.888 | INFO     | fish:train:90 - [epoch:2/3][loss:4.8731]
2023-11-16 01:41:46.435 | INFO     | fish:train:90 - [epoch:3/3][loss:4.6841]
2023-11-16 01:41:46.435 | INFO     | fish:train:93 - [iter:9/50][iter_time:92.02]
2023-11-16 01:42:31.204 | INFO     | fish:train:171 - [iter:9/50][code_length:64][mAP:0.40373][mAP_all:0.30223][best_mAP:0.40373]
2023-11-16 01:42:31.204 | INFO     | fish:train:172 - [iter:9/50][code_length:64][zs_mAP:0.47182][zs_mAP_all:0.40412]
2023-11-16 01:43:01.599 | INFO     | fish:train:90 - [epoch:1/3][loss:5.1356]
2023-11-16 01:43:32.369 | INFO     | fish:train:90 - [epoch:2/3][loss:4.7765]
2023-11-16 01:44:04.310 | INFO     | fish:train:90 - [epoch:3/3][loss:4.5857]
2023-11-16 01:44:04.310 | INFO     | fish:train:93 - [iter:10/50][iter_time:93.11]
2023-11-16 01:44:49.083 | INFO     | fish:train:171 - [iter:10/50][code_length:64][mAP:0.42157][mAP_all:0.31607][best_mAP:0.42157]
2023-11-16 01:44:49.083 | INFO     | fish:train:172 - [iter:10/50][code_length:64][zs_mAP:0.47361][zs_mAP_all:0.41976]
2023-11-16 01:45:19.387 | INFO     | fish:train:90 - [epoch:1/3][loss:4.9624]
2023-11-16 01:45:49.811 | INFO     | fish:train:90 - [epoch:2/3][loss:4.7585]
2023-11-16 01:46:20.079 | INFO     | fish:train:90 - [epoch:3/3][loss:4.5584]
2023-11-16 01:46:20.080 | INFO     | fish:train:93 - [iter:11/50][iter_time:91.00]
2023-11-16 01:47:04.313 | INFO     | fish:train:171 - [iter:11/50][code_length:64][mAP:0.43337][mAP_all:0.32838][best_mAP:0.43337]
2023-11-16 01:47:04.313 | INFO     | fish:train:172 - [iter:11/50][code_length:64][zs_mAP:0.45101][zs_mAP_all:0.39211]
2023-11-16 01:47:34.280 | INFO     | fish:train:90 - [epoch:1/3][loss:4.8792]
2023-11-16 01:48:04.822 | INFO     | fish:train:90 - [epoch:2/3][loss:4.6406]
2023-11-16 01:48:35.052 | INFO     | fish:train:90 - [epoch:3/3][loss:4.4478]
2023-11-16 01:48:35.052 | INFO     | fish:train:93 - [iter:12/50][iter_time:90.74]
2023-11-16 01:49:20.626 | INFO     | fish:train:171 - [iter:12/50][code_length:64][mAP:0.45761][mAP_all:0.35119][best_mAP:0.45761]
2023-11-16 01:49:20.626 | INFO     | fish:train:172 - [iter:12/50][code_length:64][zs_mAP:0.48774][zs_mAP_all:0.41966]
2023-11-16 01:49:50.376 | INFO     | fish:train:90 - [epoch:1/3][loss:4.8304]
2023-11-16 01:50:21.079 | INFO     | fish:train:90 - [epoch:2/3][loss:4.4675]
2023-11-16 01:50:52.903 | INFO     | fish:train:90 - [epoch:3/3][loss:4.3736]
2023-11-16 01:50:52.904 | INFO     | fish:train:93 - [iter:13/50][iter_time:92.28]
2023-11-16 01:51:38.355 | INFO     | fish:train:171 - [iter:13/50][code_length:64][mAP:0.47476][mAP_all:0.36140][best_mAP:0.47476]
2023-11-16 01:51:38.355 | INFO     | fish:train:172 - [iter:13/50][code_length:64][zs_mAP:0.47798][zs_mAP_all:0.41030]
2023-11-16 01:52:09.438 | INFO     | fish:train:90 - [epoch:1/3][loss:4.9322]
2023-11-16 01:52:40.675 | INFO     | fish:train:90 - [epoch:2/3][loss:4.4510]
2023-11-16 01:53:10.984 | INFO     | fish:train:90 - [epoch:3/3][loss:4.3641]
2023-11-16 01:53:10.984 | INFO     | fish:train:93 - [iter:14/50][iter_time:92.63]
2023-11-16 01:53:57.175 | INFO     | fish:train:171 - [iter:14/50][code_length:64][mAP:0.48400][mAP_all:0.38914][best_mAP:0.48400]
2023-11-16 01:53:57.175 | INFO     | fish:train:172 - [iter:14/50][code_length:64][zs_mAP:0.48356][zs_mAP_all:0.39200]
2023-11-16 01:54:27.558 | INFO     | fish:train:90 - [epoch:1/3][loss:4.6297]
2023-11-16 01:54:57.680 | INFO     | fish:train:90 - [epoch:2/3][loss:4.2595]
2023-11-16 01:55:27.766 | INFO     | fish:train:90 - [epoch:3/3][loss:3.9377]
2023-11-16 01:55:27.766 | INFO     | fish:train:93 - [iter:15/50][iter_time:90.59]
2023-11-16 01:56:11.969 | INFO     | fish:train:171 - [iter:15/50][code_length:64][mAP:0.50307][mAP_all:0.41016][best_mAP:0.50307]
2023-11-16 01:56:11.970 | INFO     | fish:train:172 - [iter:15/50][code_length:64][zs_mAP:0.49214][zs_mAP_all:0.40190]
2023-11-16 01:56:41.926 | INFO     | fish:train:90 - [epoch:1/3][loss:4.4708]
2023-11-16 01:57:12.118 | INFO     | fish:train:90 - [epoch:2/3][loss:4.2985]
2023-11-16 01:57:42.431 | INFO     | fish:train:90 - [epoch:3/3][loss:4.1684]
2023-11-16 01:57:42.432 | INFO     | fish:train:93 - [iter:16/50][iter_time:90.46]
2023-11-16 01:58:27.141 | INFO     | fish:train:171 - [iter:16/50][code_length:64][mAP:0.52544][mAP_all:0.43342][best_mAP:0.52544]
2023-11-16 01:58:27.141 | INFO     | fish:train:172 - [iter:16/50][code_length:64][zs_mAP:0.49930][zs_mAP_all:0.40354]
2023-11-16 01:58:57.580 | INFO     | fish:train:90 - [epoch:1/3][loss:4.3505]
2023-11-16 01:59:29.233 | INFO     | fish:train:90 - [epoch:2/3][loss:4.1930]
2023-11-16 01:59:59.692 | INFO     | fish:train:90 - [epoch:3/3][loss:4.0992]
2023-11-16 01:59:59.692 | INFO     | fish:train:93 - [iter:17/50][iter_time:92.55]
2023-11-16 02:00:43.862 | INFO     | fish:train:171 - [iter:17/50][code_length:64][mAP:0.53715][mAP_all:0.44033][best_mAP:0.53715]
2023-11-16 02:00:43.863 | INFO     | fish:train:172 - [iter:17/50][code_length:64][zs_mAP:0.50520][zs_mAP_all:0.40968]
2023-11-16 02:01:13.768 | INFO     | fish:train:90 - [epoch:1/3][loss:4.3422]
2023-11-16 02:01:44.242 | INFO     | fish:train:90 - [epoch:2/3][loss:4.2616]
2023-11-16 02:02:14.911 | INFO     | fish:train:90 - [epoch:3/3][loss:4.2094]
2023-11-16 02:02:14.912 | INFO     | fish:train:93 - [iter:18/50][iter_time:91.05]
2023-11-16 02:02:58.835 | INFO     | fish:train:171 - [iter:18/50][code_length:64][mAP:0.53678][mAP_all:0.44119][best_mAP:0.53715]
2023-11-16 02:02:58.835 | INFO     | fish:train:172 - [iter:18/50][code_length:64][zs_mAP:0.51265][zs_mAP_all:0.41511]
2023-11-16 02:03:28.881 | INFO     | fish:train:90 - [epoch:1/3][loss:4.1702]
2023-11-16 02:03:59.503 | INFO     | fish:train:90 - [epoch:2/3][loss:4.1930]
2023-11-16 02:04:30.628 | INFO     | fish:train:90 - [epoch:3/3][loss:4.0702]
2023-11-16 02:04:30.628 | INFO     | fish:train:93 - [iter:19/50][iter_time:91.79]
2023-11-16 02:05:15.253 | INFO     | fish:train:171 - [iter:19/50][code_length:64][mAP:0.54139][mAP_all:0.44624][best_mAP:0.54139]
2023-11-16 02:05:15.254 | INFO     | fish:train:172 - [iter:19/50][code_length:64][zs_mAP:0.50778][zs_mAP_all:0.41084]
2023-11-16 02:05:45.170 | INFO     | fish:train:90 - [epoch:1/3][loss:4.1777]
2023-11-16 02:06:16.382 | INFO     | fish:train:90 - [epoch:2/3][loss:4.1409]
2023-11-16 02:06:48.111 | INFO     | fish:train:90 - [epoch:3/3][loss:4.1055]
2023-11-16 02:06:48.111 | INFO     | fish:train:93 - [iter:20/50][iter_time:92.86]
2023-11-16 02:07:32.395 | INFO     | fish:train:171 - [iter:20/50][code_length:64][mAP:0.54395][mAP_all:0.44901][best_mAP:0.54395]
2023-11-16 02:07:32.395 | INFO     | fish:train:172 - [iter:20/50][code_length:64][zs_mAP:0.50925][zs_mAP_all:0.41137]
2023-11-16 02:08:02.609 | INFO     | fish:train:90 - [epoch:1/3][loss:4.1833]
2023-11-16 02:08:32.900 | INFO     | fish:train:90 - [epoch:2/3][loss:4.0809]
2023-11-16 02:09:03.469 | INFO     | fish:train:90 - [epoch:3/3][loss:4.0938]
2023-11-16 02:09:03.469 | INFO     | fish:train:93 - [iter:21/50][iter_time:91.07]
2023-11-16 02:09:48.431 | INFO     | fish:train:171 - [iter:21/50][code_length:64][mAP:0.55757][mAP_all:0.46474][best_mAP:0.55757]
2023-11-16 02:09:48.431 | INFO     | fish:train:172 - [iter:21/50][code_length:64][zs_mAP:0.50765][zs_mAP_all:0.40947]
2023-11-16 02:10:18.735 | INFO     | fish:train:90 - [epoch:1/3][loss:4.0882]
2023-11-16 02:10:49.547 | INFO     | fish:train:90 - [epoch:2/3][loss:3.9953]
2023-11-16 02:11:20.008 | INFO     | fish:train:90 - [epoch:3/3][loss:3.9325]
2023-11-16 02:11:20.009 | INFO     | fish:train:93 - [iter:22/50][iter_time:91.58]
2023-11-16 02:12:04.949 | INFO     | fish:train:171 - [iter:22/50][code_length:64][mAP:0.55774][mAP_all:0.46355][best_mAP:0.55774]
2023-11-16 02:12:04.949 | INFO     | fish:train:172 - [iter:22/50][code_length:64][zs_mAP:0.50994][zs_mAP_all:0.40778]
2023-11-16 02:12:34.968 | INFO     | fish:train:90 - [epoch:1/3][loss:4.1331]
2023-11-16 02:13:05.532 | INFO     | fish:train:90 - [epoch:2/3][loss:4.1273]
2023-11-16 02:13:35.812 | INFO     | fish:train:90 - [epoch:3/3][loss:3.9862]
2023-11-16 02:13:35.812 | INFO     | fish:train:93 - [iter:23/50][iter_time:90.86]
2023-11-16 02:14:20.702 | INFO     | fish:train:171 - [iter:23/50][code_length:64][mAP:0.55940][mAP_all:0.46747][best_mAP:0.55940]
2023-11-16 02:14:20.703 | INFO     | fish:train:172 - [iter:23/50][code_length:64][zs_mAP:0.50599][zs_mAP_all:0.40374]
2023-11-16 02:14:51.074 | INFO     | fish:train:90 - [epoch:1/3][loss:4.1459]
2023-11-16 02:15:21.689 | INFO     | fish:train:90 - [epoch:2/3][loss:4.0440]
2023-11-16 02:15:52.198 | INFO     | fish:train:90 - [epoch:3/3][loss:3.8909]
2023-11-16 02:15:52.198 | INFO     | fish:train:93 - [iter:24/50][iter_time:91.50]
2023-11-16 02:16:37.443 | INFO     | fish:train:171 - [iter:24/50][code_length:64][mAP:0.56092][mAP_all:0.46705][best_mAP:0.56092]
2023-11-16 02:16:37.443 | INFO     | fish:train:172 - [iter:24/50][code_length:64][zs_mAP:0.50823][zs_mAP_all:0.40974]
2023-11-16 02:17:07.791 | INFO     | fish:train:90 - [epoch:1/3][loss:4.1604]
2023-11-16 02:17:38.634 | INFO     | fish:train:90 - [epoch:2/3][loss:4.1230]
2023-11-16 02:18:09.546 | INFO     | fish:train:90 - [epoch:3/3][loss:3.9733]
2023-11-16 02:18:09.547 | INFO     | fish:train:93 - [iter:25/50][iter_time:92.10]
2023-11-16 02:18:53.686 | INFO     | fish:train:171 - [iter:25/50][code_length:64][mAP:0.55778][mAP_all:0.46907][best_mAP:0.56092]
2023-11-16 02:18:53.686 | INFO     | fish:train:172 - [iter:25/50][code_length:64][zs_mAP:0.50791][zs_mAP_all:0.39756]
2023-11-16 02:19:24.374 | INFO     | fish:train:90 - [epoch:1/3][loss:4.1802]
2023-11-16 02:19:55.532 | INFO     | fish:train:90 - [epoch:2/3][loss:4.0009]
2023-11-16 02:20:26.255 | INFO     | fish:train:90 - [epoch:3/3][loss:3.8776]
2023-11-16 02:20:26.256 | INFO     | fish:train:93 - [iter:26/50][iter_time:92.57]
2023-11-16 02:21:11.653 | INFO     | fish:train:171 - [iter:26/50][code_length:64][mAP:0.56467][mAP_all:0.47122][best_mAP:0.56467]
2023-11-16 02:21:11.654 | INFO     | fish:train:172 - [iter:26/50][code_length:64][zs_mAP:0.50514][zs_mAP_all:0.40341]
2023-11-16 02:21:42.314 | INFO     | fish:train:90 - [epoch:1/3][loss:4.0775]
2023-11-16 02:22:13.082 | INFO     | fish:train:90 - [epoch:2/3][loss:3.9944]
2023-11-16 02:22:43.742 | INFO     | fish:train:90 - [epoch:3/3][loss:3.8998]
2023-11-16 02:22:43.742 | INFO     | fish:train:93 - [iter:27/50][iter_time:92.09]
2023-11-16 02:23:28.297 | INFO     | fish:train:171 - [iter:27/50][code_length:64][mAP:0.56658][mAP_all:0.47402][best_mAP:0.56658]
2023-11-16 02:23:28.298 | INFO     | fish:train:172 - [iter:27/50][code_length:64][zs_mAP:0.50700][zs_mAP_all:0.39852]
2023-11-16 02:23:58.832 | INFO     | fish:train:90 - [epoch:1/3][loss:4.1077]
2023-11-16 02:24:30.577 | INFO     | fish:train:90 - [epoch:2/3][loss:4.0166]
2023-11-16 02:25:01.819 | INFO     | fish:train:90 - [epoch:3/3][loss:3.8653]
2023-11-16 02:25:01.820 | INFO     | fish:train:93 - [iter:28/50][iter_time:93.52]
2023-11-16 02:25:47.111 | INFO     | fish:train:171 - [iter:28/50][code_length:64][mAP:0.56643][mAP_all:0.47645][best_mAP:0.56658]
2023-11-16 02:25:47.111 | INFO     | fish:train:172 - [iter:28/50][code_length:64][zs_mAP:0.52524][zs_mAP_all:0.41169]
2023-11-16 02:26:17.984 | INFO     | fish:train:90 - [epoch:1/3][loss:4.0976]
2023-11-16 02:26:49.658 | INFO     | fish:train:90 - [epoch:2/3][loss:3.9119]
2023-11-16 02:27:21.081 | INFO     | fish:train:90 - [epoch:3/3][loss:3.8604]
2023-11-16 02:27:21.082 | INFO     | fish:train:93 - [iter:29/50][iter_time:93.97]
2023-11-16 02:28:06.653 | INFO     | fish:train:171 - [iter:29/50][code_length:64][mAP:0.57226][mAP_all:0.47889][best_mAP:0.57226]
2023-11-16 02:28:06.654 | INFO     | fish:train:172 - [iter:29/50][code_length:64][zs_mAP:0.51595][zs_mAP_all:0.40288]
2023-11-16 02:28:37.782 | INFO     | fish:train:90 - [epoch:1/3][loss:4.0702]
2023-11-16 02:29:08.725 | INFO     | fish:train:90 - [epoch:2/3][loss:3.9703]
2023-11-16 02:29:39.031 | INFO     | fish:train:90 - [epoch:3/3][loss:3.8095]
2023-11-16 02:29:39.032 | INFO     | fish:train:93 - [iter:30/50][iter_time:92.38]
2023-11-16 02:30:24.170 | INFO     | fish:train:171 - [iter:30/50][code_length:64][mAP:0.57727][mAP_all:0.48859][best_mAP:0.57727]
2023-11-16 02:30:24.170 | INFO     | fish:train:172 - [iter:30/50][code_length:64][zs_mAP:0.51553][zs_mAP_all:0.39941]
2023-11-16 02:30:54.257 | INFO     | fish:train:90 - [epoch:1/3][loss:3.8884]
2023-11-16 02:31:25.289 | INFO     | fish:train:90 - [epoch:2/3][loss:3.8482]
2023-11-16 02:31:56.279 | INFO     | fish:train:90 - [epoch:3/3][loss:3.7735]
2023-11-16 02:31:56.280 | INFO     | fish:train:93 - [iter:31/50][iter_time:92.11]
2023-11-16 02:32:40.878 | INFO     | fish:train:171 - [iter:31/50][code_length:64][mAP:0.58264][mAP_all:0.49028][best_mAP:0.58264]
2023-11-16 02:32:40.879 | INFO     | fish:train:172 - [iter:31/50][code_length:64][zs_mAP:0.51734][zs_mAP_all:0.39964]
2023-11-16 02:33:10.767 | INFO     | fish:train:90 - [epoch:1/3][loss:4.0516]
2023-11-16 02:33:40.974 | INFO     | fish:train:90 - [epoch:2/3][loss:3.8641]
2023-11-16 02:34:12.019 | INFO     | fish:train:90 - [epoch:3/3][loss:3.7535]
2023-11-16 02:34:12.019 | INFO     | fish:train:93 - [iter:32/50][iter_time:91.14]
2023-11-16 02:34:56.081 | INFO     | fish:train:171 - [iter:32/50][code_length:64][mAP:0.58263][mAP_all:0.49558][best_mAP:0.58264]
2023-11-16 02:34:56.082 | INFO     | fish:train:172 - [iter:32/50][code_length:64][zs_mAP:0.51543][zs_mAP_all:0.39553]
2023-11-16 02:35:26.561 | INFO     | fish:train:90 - [epoch:1/3][loss:3.9290]
2023-11-16 02:36:00.810 | INFO     | fish:train:90 - [epoch:2/3][loss:3.7835]
2023-11-16 02:36:36.704 | INFO     | fish:train:90 - [epoch:3/3][loss:3.7126]
2023-11-16 02:36:36.705 | INFO     | fish:train:93 - [iter:33/50][iter_time:100.62]
2023-11-16 02:37:21.685 | INFO     | fish:train:171 - [iter:33/50][code_length:64][mAP:0.58830][mAP_all:0.49841][best_mAP:0.58830]
2023-11-16 02:37:21.686 | INFO     | fish:train:172 - [iter:33/50][code_length:64][zs_mAP:0.52064][zs_mAP_all:0.40167]
2023-11-16 02:37:52.022 | INFO     | fish:train:90 - [epoch:1/3][loss:3.8920]
2023-11-16 02:38:22.947 | INFO     | fish:train:90 - [epoch:2/3][loss:3.8008]
2023-11-16 02:38:53.323 | INFO     | fish:train:90 - [epoch:3/3][loss:3.8337]
2023-11-16 02:38:53.323 | INFO     | fish:train:93 - [iter:34/50][iter_time:91.64]
2023-11-16 02:39:37.451 | INFO     | fish:train:171 - [iter:34/50][code_length:64][mAP:0.58468][mAP_all:0.49813][best_mAP:0.58830]
2023-11-16 02:39:37.452 | INFO     | fish:train:172 - [iter:34/50][code_length:64][zs_mAP:0.52212][zs_mAP_all:0.39458]
2023-11-16 02:40:07.251 | INFO     | fish:train:90 - [epoch:1/3][loss:3.8187]
2023-11-16 02:40:37.516 | INFO     | fish:train:90 - [epoch:2/3][loss:3.8366]
2023-11-16 02:41:07.792 | INFO     | fish:train:90 - [epoch:3/3][loss:3.6854]
2023-11-16 02:41:07.793 | INFO     | fish:train:93 - [iter:35/50][iter_time:90.34]
2023-11-16 02:41:52.558 | INFO     | fish:train:171 - [iter:35/50][code_length:64][mAP:0.59114][mAP_all:0.50337][best_mAP:0.59114]
2023-11-16 02:41:52.558 | INFO     | fish:train:172 - [iter:35/50][code_length:64][zs_mAP:0.51656][zs_mAP_all:0.39110]
2023-11-16 02:42:22.785 | INFO     | fish:train:90 - [epoch:1/3][loss:3.9111]
2023-11-16 02:42:53.568 | INFO     | fish:train:90 - [epoch:2/3][loss:3.8965]
2023-11-16 02:43:24.346 | INFO     | fish:train:90 - [epoch:3/3][loss:3.9539]
2023-11-16 02:43:24.346 | INFO     | fish:train:93 - [iter:36/50][iter_time:91.79]
2023-11-16 02:44:09.906 | INFO     | fish:train:171 - [iter:36/50][code_length:64][mAP:0.59724][mAP_all:0.50946][best_mAP:0.59724]
2023-11-16 02:44:09.906 | INFO     | fish:train:172 - [iter:36/50][code_length:64][zs_mAP:0.51372][zs_mAP_all:0.39377]
2023-11-16 02:44:40.242 | INFO     | fish:train:90 - [epoch:1/3][loss:3.8379]
2023-11-16 02:45:11.377 | INFO     | fish:train:90 - [epoch:2/3][loss:3.9522]
2023-11-16 02:45:42.745 | INFO     | fish:train:90 - [epoch:3/3][loss:3.9212]
2023-11-16 02:45:42.746 | INFO     | fish:train:93 - [iter:37/50][iter_time:92.84]
2023-11-16 02:46:27.322 | INFO     | fish:train:171 - [iter:37/50][code_length:64][mAP:0.59706][mAP_all:0.50639][best_mAP:0.59724]
2023-11-16 02:46:27.323 | INFO     | fish:train:172 - [iter:37/50][code_length:64][zs_mAP:0.51198][zs_mAP_all:0.39251]
2023-11-16 02:46:57.383 | INFO     | fish:train:90 - [epoch:1/3][loss:3.9271]
2023-11-16 02:47:27.521 | INFO     | fish:train:90 - [epoch:2/3][loss:3.7157]
2023-11-16 02:47:58.200 | INFO     | fish:train:90 - [epoch:3/3][loss:3.7767]
2023-11-16 02:47:58.201 | INFO     | fish:train:93 - [iter:38/50][iter_time:90.88]
2023-11-16 02:48:42.965 | INFO     | fish:train:171 - [iter:38/50][code_length:64][mAP:0.59482][mAP_all:0.50723][best_mAP:0.59724]
2023-11-16 02:48:42.966 | INFO     | fish:train:172 - [iter:38/50][code_length:64][zs_mAP:0.51855][zs_mAP_all:0.39120]
2023-11-16 02:49:12.692 | INFO     | fish:train:90 - [epoch:1/3][loss:3.8936]
2023-11-16 02:49:42.954 | INFO     | fish:train:90 - [epoch:2/3][loss:3.7794]
2023-11-16 02:50:13.790 | INFO     | fish:train:90 - [epoch:3/3][loss:3.8020]
2023-11-16 02:50:13.790 | INFO     | fish:train:93 - [iter:39/50][iter_time:90.82]
2023-11-16 02:50:58.510 | INFO     | fish:train:171 - [iter:39/50][code_length:64][mAP:0.59784][mAP_all:0.51024][best_mAP:0.59784]
2023-11-16 02:50:58.510 | INFO     | fish:train:172 - [iter:39/50][code_length:64][zs_mAP:0.51771][zs_mAP_all:0.39768]
2023-11-16 02:51:28.561 | INFO     | fish:train:90 - [epoch:1/3][loss:3.8169]
2023-11-16 02:51:59.236 | INFO     | fish:train:90 - [epoch:2/3][loss:3.8602]
2023-11-16 02:52:30.157 | INFO     | fish:train:90 - [epoch:3/3][loss:3.8791]
2023-11-16 02:52:30.157 | INFO     | fish:train:93 - [iter:40/50][iter_time:91.65]
2023-11-16 02:53:15.513 | INFO     | fish:train:171 - [iter:40/50][code_length:64][mAP:0.59834][mAP_all:0.51207][best_mAP:0.59834]
2023-11-16 02:53:15.514 | INFO     | fish:train:172 - [iter:40/50][code_length:64][zs_mAP:0.51868][zs_mAP_all:0.39263]
2023-11-16 02:53:46.550 | INFO     | fish:train:90 - [epoch:1/3][loss:3.8316]
2023-11-16 02:54:18.291 | INFO     | fish:train:90 - [epoch:2/3][loss:3.8221]
2023-11-16 02:54:50.870 | INFO     | fish:train:90 - [epoch:3/3][loss:3.7898]
2023-11-16 02:54:50.870 | INFO     | fish:train:93 - [iter:41/50][iter_time:95.36]
2023-11-16 02:55:38.405 | INFO     | fish:train:171 - [iter:41/50][code_length:64][mAP:0.59901][mAP_all:0.51284][best_mAP:0.59901]
2023-11-16 02:55:38.405 | INFO     | fish:train:172 - [iter:41/50][code_length:64][zs_mAP:0.52088][zs_mAP_all:0.39296]
2023-11-16 02:56:09.678 | INFO     | fish:train:90 - [epoch:1/3][loss:3.7689]
2023-11-16 02:56:41.356 | INFO     | fish:train:90 - [epoch:2/3][loss:3.8020]
2023-11-16 02:57:12.477 | INFO     | fish:train:90 - [epoch:3/3][loss:3.7446]
2023-11-16 02:57:12.478 | INFO     | fish:train:93 - [iter:42/50][iter_time:94.07]
2023-11-16 02:57:56.780 | INFO     | fish:train:171 - [iter:42/50][code_length:64][mAP:0.59527][mAP_all:0.50960][best_mAP:0.59901]
2023-11-16 02:57:56.781 | INFO     | fish:train:172 - [iter:42/50][code_length:64][zs_mAP:0.51428][zs_mAP_all:0.39068]
2023-11-16 02:58:26.933 | INFO     | fish:train:90 - [epoch:1/3][loss:3.8281]
2023-11-16 02:58:57.799 | INFO     | fish:train:90 - [epoch:2/3][loss:3.9288]
2023-11-16 02:59:30.127 | INFO     | fish:train:90 - [epoch:3/3][loss:3.8830]
2023-11-16 02:59:30.127 | INFO     | fish:train:93 - [iter:43/50][iter_time:93.35]
2023-11-16 03:00:15.530 | INFO     | fish:train:171 - [iter:43/50][code_length:64][mAP:0.59962][mAP_all:0.51320][best_mAP:0.59962]
2023-11-16 03:00:15.530 | INFO     | fish:train:172 - [iter:43/50][code_length:64][zs_mAP:0.51895][zs_mAP_all:0.39247]
2023-11-16 03:00:46.919 | INFO     | fish:train:90 - [epoch:1/3][loss:3.7567]
2023-11-16 03:01:18.465 | INFO     | fish:train:90 - [epoch:2/3][loss:3.7361]
2023-11-16 03:01:49.433 | INFO     | fish:train:90 - [epoch:3/3][loss:3.7919]
2023-11-16 03:01:49.433 | INFO     | fish:train:93 - [iter:44/50][iter_time:93.90]
2023-11-16 03:02:34.229 | INFO     | fish:train:171 - [iter:44/50][code_length:64][mAP:0.60009][mAP_all:0.51398][best_mAP:0.60009]
2023-11-16 03:02:34.230 | INFO     | fish:train:172 - [iter:44/50][code_length:64][zs_mAP:0.52605][zs_mAP_all:0.39893]
2023-11-16 03:03:04.654 | INFO     | fish:train:90 - [epoch:1/3][loss:3.8801]
2023-11-16 03:03:35.646 | INFO     | fish:train:90 - [epoch:2/3][loss:3.8567]
2023-11-16 03:04:07.965 | INFO     | fish:train:90 - [epoch:3/3][loss:3.7583]
2023-11-16 03:04:07.965 | INFO     | fish:train:93 - [iter:45/50][iter_time:93.74]
2023-11-16 03:04:52.668 | INFO     | fish:train:171 - [iter:45/50][code_length:64][mAP:0.60237][mAP_all:0.51578][best_mAP:0.60237]
2023-11-16 03:04:52.669 | INFO     | fish:train:172 - [iter:45/50][code_length:64][zs_mAP:0.52275][zs_mAP_all:0.39544]
2023-11-16 03:05:22.693 | INFO     | fish:train:90 - [epoch:1/3][loss:3.8118]
2023-11-16 03:05:53.554 | INFO     | fish:train:90 - [epoch:2/3][loss:3.6924]
2023-11-16 03:06:24.343 | INFO     | fish:train:90 - [epoch:3/3][loss:3.7519]
2023-11-16 03:06:24.343 | INFO     | fish:train:93 - [iter:46/50][iter_time:91.67]
2023-11-16 03:07:08.990 | INFO     | fish:train:171 - [iter:46/50][code_length:64][mAP:0.60082][mAP_all:0.51370][best_mAP:0.60237]
2023-11-16 03:07:08.991 | INFO     | fish:train:172 - [iter:46/50][code_length:64][zs_mAP:0.52344][zs_mAP_all:0.39730]
2023-11-16 03:07:40.221 | INFO     | fish:train:90 - [epoch:1/3][loss:3.5943]
2023-11-16 03:08:13.552 | INFO     | fish:train:90 - [epoch:2/3][loss:3.7194]
2023-11-16 03:08:53.902 | INFO     | fish:train:90 - [epoch:3/3][loss:3.7574]
2023-11-16 03:08:53.903 | INFO     | fish:train:93 - [iter:47/50][iter_time:104.91]
2023-11-16 03:09:38.332 | INFO     | fish:train:171 - [iter:47/50][code_length:64][mAP:0.59909][mAP_all:0.51310][best_mAP:0.60237]
2023-11-16 03:09:38.332 | INFO     | fish:train:172 - [iter:47/50][code_length:64][zs_mAP:0.51353][zs_mAP_all:0.38696]
2023-11-16 03:10:09.335 | INFO     | fish:train:90 - [epoch:1/3][loss:3.8141]
2023-11-16 03:10:40.433 | INFO     | fish:train:90 - [epoch:2/3][loss:3.7505]
2023-11-16 03:11:11.465 | INFO     | fish:train:90 - [epoch:3/3][loss:3.8231]
2023-11-16 03:11:11.465 | INFO     | fish:train:93 - [iter:48/50][iter_time:93.13]
2023-11-16 03:11:56.603 | INFO     | fish:train:171 - [iter:48/50][code_length:64][mAP:0.60339][mAP_all:0.51743][best_mAP:0.60339]
2023-11-16 03:11:56.603 | INFO     | fish:train:172 - [iter:48/50][code_length:64][zs_mAP:0.51837][zs_mAP_all:0.39013]
2023-11-16 03:12:27.030 | INFO     | fish:train:90 - [epoch:1/3][loss:3.8520]
2023-11-16 03:12:57.754 | INFO     | fish:train:90 - [epoch:2/3][loss:3.8247]
2023-11-16 03:13:28.484 | INFO     | fish:train:90 - [epoch:3/3][loss:3.7588]
2023-11-16 03:13:28.485 | INFO     | fish:train:93 - [iter:49/50][iter_time:91.88]
2023-11-16 03:14:14.781 | INFO     | fish:train:171 - [iter:49/50][code_length:64][mAP:0.60431][mAP_all:0.51396][best_mAP:0.60431]
2023-11-16 03:14:14.782 | INFO     | fish:train:172 - [iter:49/50][code_length:64][zs_mAP:0.52522][zs_mAP_all:0.39520]
2023-11-16 03:14:45.924 | INFO     | fish:train:90 - [epoch:1/3][loss:3.7066]
2023-11-16 03:15:17.484 | INFO     | fish:train:90 - [epoch:2/3][loss:3.6425]
2023-11-16 03:15:49.057 | INFO     | fish:train:90 - [epoch:3/3][loss:3.7184]
2023-11-16 03:15:49.058 | INFO     | fish:train:93 - [iter:50/50][iter_time:94.28]
2023-11-16 03:16:34.866 | INFO     | fish:train:171 - [iter:50/50][code_length:64][mAP:0.60171][mAP_all:0.51428][best_mAP:0.60431]
2023-11-16 03:16:34.866 | INFO     | fish:train:172 - [iter:50/50][code_length:64][zs_mAP:0.52258][zs_mAP_all:0.40089]
2023-11-16 03:16:34.867 | INFO     | fish:train:177 - [Training time:6895.93]
2023-11-16 03:16:34.868 | INFO     | __main__:run:126 - [code_length:64][map:0.6043][map_all:0.5140][zs_map:0.5252][zs_map_all:0.3952]
