2023-10-25 17:55:53.439 | SUCCESS  | __main__:run:48 - Namespace(align_step=50, arch='hyp2', batch_size=16, cauchy_gamma=20.0, code_length=[16, 32, 64], criterion_rate=0.001, dataset='nus-widezs', device=device(type='cuda', index=3), epoch_change=10, gamma=200, gpu=3, info='nuswide-11-10-hyp2-1025', lambd=0.1, lambd_ch=0.1, lambd_sp=0.1, lr=0.01, lr_step=[45], margin=0.1, max_epoch=3, max_iter=50, momen=0.9, nesterov=False, net='ResNet50', num_classes=10, num_query=1000, num_samples=2000, num_workers=2, num_zs=11, optim='SGD', pretrain=True, quan_loss=False, root='/2T/dataset/NUS-WIDE', save_ckpt='checkpoints/', topk=5000, val_freq=10, wd=0.0005)
2023-10-25 18:00:01.359 | INFO     | hyp2:train:143 - [epoch:1/3][loss:0.806189]
2023-10-25 18:04:20.911 | INFO     | hyp2:train:143 - [epoch:2/3][loss:0.752470]
2023-10-25 18:08:06.245 | INFO     | hyp2:train:143 - [epoch:3/3][loss:0.564162]
2023-10-25 18:08:06.246 | INFO     | hyp2:train:150 - [iter:1/50][iter_time:710.89]
2023-10-25 18:15:00.446 | INFO     | hyp2:train:220 - [iter:1/50][code_length:16][mAP:0.73141][mAP_all:0.73944][best_mAP:0.73141]
2023-10-25 18:15:00.447 | INFO     | hyp2:train:221 - [iter:1/50][code_length:16][zs_mAP:0.35844][zs_mAP_all:0.14888]
2023-10-25 18:16:35.456 | INFO     | hyp2:train:143 - [epoch:1/3][loss:0.541043]
2023-10-25 18:19:58.755 | INFO     | hyp2:train:143 - [epoch:2/3][loss:0.713497]
2023-10-25 18:22:43.840 | INFO     | hyp2:train:143 - [epoch:3/3][loss:0.711479]
2023-10-25 18:22:43.841 | INFO     | hyp2:train:150 - [iter:2/50][iter_time:463.39]
2023-10-25 18:29:44.925 | INFO     | hyp2:train:220 - [iter:2/50][code_length:16][mAP:0.79718][mAP_all:0.80694][best_mAP:0.79718]
2023-10-25 18:29:44.926 | INFO     | hyp2:train:221 - [iter:2/50][code_length:16][zs_mAP:0.44892][zs_mAP_all:0.20881]
2023-10-25 18:32:41.018 | INFO     | hyp2:train:143 - [epoch:1/3][loss:0.733373]
2023-10-25 18:35:47.404 | INFO     | hyp2:train:143 - [epoch:2/3][loss:0.561415]
2023-10-25 18:37:45.102 | INFO     | hyp2:train:143 - [epoch:3/3][loss:0.565325]
2023-10-25 18:37:45.103 | INFO     | hyp2:train:150 - [iter:3/50][iter_time:480.18]
2023-10-25 18:44:36.715 | INFO     | hyp2:train:220 - [iter:3/50][code_length:16][mAP:0.81111][mAP_all:0.81782][best_mAP:0.81111]
2023-10-25 18:44:36.716 | INFO     | hyp2:train:221 - [iter:3/50][code_length:16][zs_mAP:0.40961][zs_mAP_all:0.19290]
2023-10-25 18:46:15.455 | INFO     | hyp2:train:143 - [epoch:1/3][loss:0.788497]
2023-10-25 18:48:36.703 | INFO     | hyp2:train:143 - [epoch:2/3][loss:0.628606]
2023-10-25 18:49:24.157 | INFO     | hyp2:train:143 - [epoch:3/3][loss:0.509267]
2023-10-25 18:49:24.157 | INFO     | hyp2:train:150 - [iter:4/50][iter_time:287.44]
2023-10-25 18:56:16.188 | INFO     | hyp2:train:220 - [iter:4/50][code_length:16][mAP:0.82906][mAP_all:0.83764][best_mAP:0.82906]
2023-10-25 18:56:16.189 | INFO     | hyp2:train:221 - [iter:4/50][code_length:16][zs_mAP:0.42689][zs_mAP_all:0.21784]
2023-10-25 18:57:02.930 | INFO     | hyp2:train:143 - [epoch:1/3][loss:0.657232]
2023-10-25 18:59:16.235 | INFO     | hyp2:train:143 - [epoch:2/3][loss:0.533189]
2023-10-25 19:02:01.135 | INFO     | hyp2:train:143 - [epoch:3/3][loss:0.453353]
2023-10-25 19:02:01.135 | INFO     | hyp2:train:150 - [iter:5/50][iter_time:344.95]
2023-10-25 19:08:51.266 | INFO     | hyp2:train:220 - [iter:5/50][code_length:16][mAP:0.83878][mAP_all:0.84668][best_mAP:0.83878]
2023-10-25 19:08:51.267 | INFO     | hyp2:train:221 - [iter:5/50][code_length:16][zs_mAP:0.43782][zs_mAP_all:0.22673]
2023-10-25 19:09:21.164 | INFO     | hyp2:train:143 - [epoch:1/3][loss:0.588719]
2023-10-25 19:10:34.782 | INFO     | hyp2:train:143 - [epoch:2/3][loss:0.434005]
2023-10-25 19:13:53.367 | INFO     | hyp2:train:143 - [epoch:3/3][loss:0.653096]
2023-10-25 19:13:53.367 | INFO     | hyp2:train:150 - [iter:6/50][iter_time:302.10]
2023-10-25 19:21:00.015 | INFO     | hyp2:train:220 - [iter:6/50][code_length:16][mAP:0.84460][mAP_all:0.85132][best_mAP:0.84460]
2023-10-25 19:21:00.016 | INFO     | hyp2:train:221 - [iter:6/50][code_length:16][zs_mAP:0.41453][zs_mAP_all:0.20751]
2023-10-25 19:21:57.446 | INFO     | hyp2:train:143 - [epoch:1/3][loss:0.579536]
2023-10-25 19:23:03.764 | INFO     | hyp2:train:143 - [epoch:2/3][loss:0.961707]
2023-10-25 19:24:12.032 | INFO     | hyp2:train:143 - [epoch:3/3][loss:0.621271]
2023-10-25 19:24:12.033 | INFO     | hyp2:train:150 - [iter:7/50][iter_time:192.02]
2023-10-25 19:31:07.669 | INFO     | hyp2:train:220 - [iter:7/50][code_length:16][mAP:0.84967][mAP_all:0.85741][best_mAP:0.84967]
2023-10-25 19:31:07.669 | INFO     | hyp2:train:221 - [iter:7/50][code_length:16][zs_mAP:0.44413][zs_mAP_all:0.23876]
2023-10-25 19:32:11.302 | INFO     | hyp2:train:143 - [epoch:1/3][loss:0.627278]
2023-10-25 19:33:18.038 | INFO     | hyp2:train:143 - [epoch:2/3][loss:0.462680]
2023-10-25 19:36:02.257 | INFO     | hyp2:train:143 - [epoch:3/3][loss:0.394824]
2023-10-25 19:36:02.257 | INFO     | hyp2:train:150 - [iter:8/50][iter_time:294.59]
2023-10-25 19:43:06.843 | INFO     | hyp2:train:220 - [iter:8/50][code_length:16][mAP:0.86062][mAP_all:0.86734][best_mAP:0.86062]
2023-10-25 19:43:06.844 | INFO     | hyp2:train:221 - [iter:8/50][code_length:16][zs_mAP:0.43839][zs_mAP_all:0.23466]
2023-10-25 19:43:39.107 | INFO     | hyp2:train:143 - [epoch:1/3][loss:0.701946]
2023-10-25 19:44:08.133 | INFO     | hyp2:train:143 - [epoch:2/3][loss:0.504550]
2023-10-25 19:44:39.215 | INFO     | hyp2:train:143 - [epoch:3/3][loss:0.581255]
2023-10-25 19:44:39.215 | INFO     | hyp2:train:150 - [iter:9/50][iter_time:92.37]
2023-10-25 19:51:39.934 | INFO     | hyp2:train:220 - [iter:9/50][code_length:16][mAP:0.86098][mAP_all:0.86905][best_mAP:0.86098]
2023-10-25 19:51:39.936 | INFO     | hyp2:train:221 - [iter:9/50][code_length:16][zs_mAP:0.45180][zs_mAP_all:0.22474]
2023-10-25 19:52:29.902 | INFO     | hyp2:train:143 - [epoch:1/3][loss:0.469756]
2023-10-25 19:53:46.130 | INFO     | hyp2:train:143 - [epoch:2/3][loss:0.451134]
2023-10-25 19:54:23.613 | INFO     | hyp2:train:143 - [epoch:3/3][loss:0.428768]
2023-10-25 19:54:23.613 | INFO     | hyp2:train:150 - [iter:10/50][iter_time:163.68]
2023-10-25 20:01:35.066 | INFO     | hyp2:train:220 - [iter:10/50][code_length:16][mAP:0.86133][mAP_all:0.86735][best_mAP:0.86133]
2023-10-25 20:01:35.067 | INFO     | hyp2:train:221 - [iter:10/50][code_length:16][zs_mAP:0.44905][zs_mAP_all:0.23676]
2023-10-25 20:03:49.259 | INFO     | hyp2:train:143 - [epoch:1/3][loss:0.495148]
2023-10-25 20:04:49.353 | INFO     | hyp2:train:143 - [epoch:2/3][loss:0.346538]
2023-10-25 20:05:11.082 | INFO     | hyp2:train:143 - [epoch:3/3][loss:0.589653]
2023-10-25 20:05:11.082 | INFO     | hyp2:train:150 - [iter:11/50][iter_time:216.02]
2023-10-25 20:12:00.125 | INFO     | hyp2:train:220 - [iter:11/50][code_length:16][mAP:0.86414][mAP_all:0.87050][best_mAP:0.86414]
2023-10-25 20:12:00.126 | INFO     | hyp2:train:221 - [iter:11/50][code_length:16][zs_mAP:0.44156][zs_mAP_all:0.23269]
2023-10-25 20:14:43.225 | INFO     | hyp2:train:143 - [epoch:1/3][loss:0.505329]
2023-10-25 20:18:53.672 | INFO     | hyp2:train:143 - [epoch:2/3][loss:0.647562]
2023-10-25 20:20:49.575 | INFO     | hyp2:train:143 - [epoch:3/3][loss:0.662641]
2023-10-25 20:20:49.576 | INFO     | hyp2:train:150 - [iter:12/50][iter_time:529.45]
2023-10-25 20:27:31.443 | INFO     | hyp2:train:220 - [iter:12/50][code_length:16][mAP:0.86766][mAP_all:0.87422][best_mAP:0.86766]
2023-10-25 20:27:31.444 | INFO     | hyp2:train:221 - [iter:12/50][code_length:16][zs_mAP:0.45666][zs_mAP_all:0.23957]
2023-10-25 20:31:08.876 | INFO     | hyp2:train:143 - [epoch:1/3][loss:0.758038]
2023-10-25 20:34:47.037 | INFO     | hyp2:train:143 - [epoch:2/3][loss:0.616904]
2023-10-25 20:37:18.483 | INFO     | hyp2:train:143 - [epoch:3/3][loss:0.594230]
2023-10-25 20:37:18.483 | INFO     | hyp2:train:150 - [iter:13/50][iter_time:587.04]
2023-10-25 20:43:56.283 | INFO     | hyp2:train:220 - [iter:13/50][code_length:16][mAP:0.86986][mAP_all:0.87591][best_mAP:0.86986]
2023-10-25 20:43:56.284 | INFO     | hyp2:train:221 - [iter:13/50][code_length:16][zs_mAP:0.45183][zs_mAP_all:0.23983]
2023-10-25 20:44:25.068 | INFO     | hyp2:train:143 - [epoch:1/3][loss:0.396152]
2023-10-25 20:44:50.239 | INFO     | hyp2:train:143 - [epoch:2/3][loss:0.373022]
2023-10-25 20:45:07.792 | INFO     | hyp2:train:143 - [epoch:3/3][loss:0.617092]
2023-10-25 20:45:07.792 | INFO     | hyp2:train:150 - [iter:14/50][iter_time:71.51]
2023-10-25 20:51:36.777 | INFO     | hyp2:train:220 - [iter:14/50][code_length:16][mAP:0.87153][mAP_all:0.87853][best_mAP:0.87153]
2023-10-25 20:51:36.778 | INFO     | hyp2:train:221 - [iter:14/50][code_length:16][zs_mAP:0.44933][zs_mAP_all:0.24272]
2023-10-25 20:51:57.843 | INFO     | hyp2:train:143 - [epoch:1/3][loss:0.378305]
2023-10-25 20:52:13.116 | INFO     | hyp2:train:143 - [epoch:2/3][loss:0.692081]
2023-10-25 20:52:31.658 | INFO     | hyp2:train:143 - [epoch:3/3][loss:0.462176]
2023-10-25 20:52:31.659 | INFO     | hyp2:train:150 - [iter:15/50][iter_time:54.88]
2023-10-25 20:59:02.240 | INFO     | hyp2:train:220 - [iter:15/50][code_length:16][mAP:0.87642][mAP_all:0.88284][best_mAP:0.87642]
2023-10-25 20:59:02.241 | INFO     | hyp2:train:221 - [iter:15/50][code_length:16][zs_mAP:0.44761][zs_mAP_all:0.23871]
2023-10-25 21:00:05.877 | INFO     | hyp2:train:143 - [epoch:1/3][loss:0.812696]
2023-10-25 21:00:23.645 | INFO     | hyp2:train:143 - [epoch:2/3][loss:0.669266]
2023-10-25 21:00:44.565 | INFO     | hyp2:train:143 - [epoch:3/3][loss:0.610352]
2023-10-25 21:00:44.567 | INFO     | hyp2:train:150 - [iter:16/50][iter_time:102.33]
2023-10-25 21:07:09.096 | INFO     | hyp2:train:220 - [iter:16/50][code_length:16][mAP:0.87633][mAP_all:0.88222][best_mAP:0.87642]
2023-10-25 21:07:09.097 | INFO     | hyp2:train:221 - [iter:16/50][code_length:16][zs_mAP:0.44836][zs_mAP_all:0.24149]
2023-10-25 21:08:03.687 | INFO     | hyp2:train:143 - [epoch:1/3][loss:0.405875]
2023-10-25 21:09:19.861 | INFO     | hyp2:train:143 - [epoch:2/3][loss:0.324151]
2023-10-25 21:10:07.875 | INFO     | hyp2:train:143 - [epoch:3/3][loss:0.589349]
2023-10-25 21:10:07.876 | INFO     | hyp2:train:150 - [iter:17/50][iter_time:178.78]
2023-10-25 21:16:35.356 | INFO     | hyp2:train:220 - [iter:17/50][code_length:16][mAP:0.87540][mAP_all:0.88148][best_mAP:0.87642]
2023-10-25 21:16:35.357 | INFO     | hyp2:train:221 - [iter:17/50][code_length:16][zs_mAP:0.44195][zs_mAP_all:0.23653]
2023-10-25 21:17:44.751 | INFO     | hyp2:train:143 - [epoch:1/3][loss:0.450462]
2023-10-25 21:18:22.891 | INFO     | hyp2:train:143 - [epoch:2/3][loss:0.310230]
2023-10-25 21:18:41.000 | INFO     | hyp2:train:143 - [epoch:3/3][loss:0.559268]
2023-10-25 21:18:41.000 | INFO     | hyp2:train:150 - [iter:18/50][iter_time:125.64]
2023-10-25 21:25:11.414 | INFO     | hyp2:train:220 - [iter:18/50][code_length:16][mAP:0.87926][mAP_all:0.88534][best_mAP:0.87926]
2023-10-25 21:25:11.417 | INFO     | hyp2:train:221 - [iter:18/50][code_length:16][zs_mAP:0.44277][zs_mAP_all:0.24025]
2023-10-25 21:25:46.408 | INFO     | hyp2:train:143 - [epoch:1/3][loss:0.502096]
2023-10-25 21:26:15.632 | INFO     | hyp2:train:143 - [epoch:2/3][loss:0.429063]
2023-10-25 21:26:57.715 | INFO     | hyp2:train:143 - [epoch:3/3][loss:0.337012]
2023-10-25 21:26:57.717 | INFO     | hyp2:train:150 - [iter:19/50][iter_time:106.30]
2023-10-25 21:33:21.095 | INFO     | hyp2:train:220 - [iter:19/50][code_length:16][mAP:0.87849][mAP_all:0.88489][best_mAP:0.87926]
2023-10-25 21:33:21.096 | INFO     | hyp2:train:221 - [iter:19/50][code_length:16][zs_mAP:0.45334][zs_mAP_all:0.24433]
2023-10-25 21:33:59.638 | INFO     | hyp2:train:143 - [epoch:1/3][loss:0.490669]
2023-10-25 21:34:46.240 | INFO     | hyp2:train:143 - [epoch:2/3][loss:0.418961]
2023-10-25 21:35:03.552 | INFO     | hyp2:train:143 - [epoch:3/3][loss:0.333802]
2023-10-25 21:35:03.553 | INFO     | hyp2:train:150 - [iter:20/50][iter_time:102.46]
2023-10-25 21:41:14.561 | INFO     | hyp2:train:220 - [iter:20/50][code_length:16][mAP:0.87718][mAP_all:0.88409][best_mAP:0.87926]
2023-10-25 21:41:14.561 | INFO     | hyp2:train:221 - [iter:20/50][code_length:16][zs_mAP:0.45428][zs_mAP_all:0.24866]
2023-10-25 21:41:30.133 | INFO     | hyp2:train:143 - [epoch:1/3][loss:0.549732]
2023-10-25 21:41:45.609 | INFO     | hyp2:train:143 - [epoch:2/3][loss:0.494973]
2023-10-25 21:42:01.088 | INFO     | hyp2:train:143 - [epoch:3/3][loss:0.448503]
2023-10-25 21:42:01.088 | INFO     | hyp2:train:150 - [iter:21/50][iter_time:46.53]
2023-10-25 21:48:01.474 | INFO     | hyp2:train:220 - [iter:21/50][code_length:16][mAP:0.87729][mAP_all:0.88342][best_mAP:0.87926]
2023-10-25 21:48:01.474 | INFO     | hyp2:train:221 - [iter:21/50][code_length:16][zs_mAP:0.44623][zs_mAP_all:0.24750]
2023-10-25 21:48:15.524 | INFO     | hyp2:train:143 - [epoch:1/3][loss:0.418263]
2023-10-25 21:48:30.676 | INFO     | hyp2:train:143 - [epoch:2/3][loss:0.423501]
2023-10-25 21:48:45.232 | INFO     | hyp2:train:143 - [epoch:3/3][loss:0.326897]
2023-10-25 21:48:45.233 | INFO     | hyp2:train:150 - [iter:22/50][iter_time:43.76]
2023-10-25 21:54:42.455 | INFO     | hyp2:train:220 - [iter:22/50][code_length:16][mAP:0.87856][mAP_all:0.88483][best_mAP:0.87926]
2023-10-25 21:54:42.455 | INFO     | hyp2:train:221 - [iter:22/50][code_length:16][zs_mAP:0.45567][zs_mAP_all:0.24728]
2023-10-25 21:54:58.046 | INFO     | hyp2:train:143 - [epoch:1/3][loss:0.476353]
2023-10-25 21:55:13.768 | INFO     | hyp2:train:143 - [epoch:2/3][loss:0.542274]
2023-10-25 21:55:27.562 | INFO     | hyp2:train:143 - [epoch:3/3][loss:0.426244]
2023-10-25 21:55:27.563 | INFO     | hyp2:train:150 - [iter:23/50][iter_time:45.11]
2023-10-25 22:01:25.481 | INFO     | hyp2:train:220 - [iter:23/50][code_length:16][mAP:0.88071][mAP_all:0.88677][best_mAP:0.88071]
2023-10-25 22:01:25.482 | INFO     | hyp2:train:221 - [iter:23/50][code_length:16][zs_mAP:0.44957][zs_mAP_all:0.24208]
2023-10-25 22:01:41.953 | INFO     | hyp2:train:143 - [epoch:1/3][loss:0.512005]
2023-10-25 22:01:57.628 | INFO     | hyp2:train:143 - [epoch:2/3][loss:0.418178]
2023-10-25 22:02:13.358 | INFO     | hyp2:train:143 - [epoch:3/3][loss:0.753928]
2023-10-25 22:02:13.359 | INFO     | hyp2:train:150 - [iter:24/50][iter_time:47.88]
2023-10-25 22:08:14.098 | INFO     | hyp2:train:220 - [iter:24/50][code_length:16][mAP:0.87889][mAP_all:0.88558][best_mAP:0.88071]
2023-10-25 22:08:14.098 | INFO     | hyp2:train:221 - [iter:24/50][code_length:16][zs_mAP:0.45411][zs_mAP_all:0.24937]
2023-10-25 22:08:29.414 | INFO     | hyp2:train:143 - [epoch:1/3][loss:0.462550]
2023-10-25 22:08:44.289 | INFO     | hyp2:train:143 - [epoch:2/3][loss:0.453550]
2023-10-25 22:08:59.329 | INFO     | hyp2:train:143 - [epoch:3/3][loss:0.397782]
2023-10-25 22:08:59.330 | INFO     | hyp2:train:150 - [iter:25/50][iter_time:45.23]
2023-10-25 22:14:55.865 | INFO     | hyp2:train:220 - [iter:25/50][code_length:16][mAP:0.88036][mAP_all:0.88614][best_mAP:0.88071]
2023-10-25 22:14:55.866 | INFO     | hyp2:train:221 - [iter:25/50][code_length:16][zs_mAP:0.45043][zs_mAP_all:0.24792]
2023-10-25 22:15:10.281 | INFO     | hyp2:train:143 - [epoch:1/3][loss:0.425289]
2023-10-25 22:15:25.249 | INFO     | hyp2:train:143 - [epoch:2/3][loss:0.609679]
2023-10-25 22:15:41.429 | INFO     | hyp2:train:143 - [epoch:3/3][loss:0.417572]
2023-10-25 22:15:41.430 | INFO     | hyp2:train:150 - [iter:26/50][iter_time:45.56]
2023-10-25 22:21:38.525 | INFO     | hyp2:train:220 - [iter:26/50][code_length:16][mAP:0.88055][mAP_all:0.88650][best_mAP:0.88071]
2023-10-25 22:21:38.525 | INFO     | hyp2:train:221 - [iter:26/50][code_length:16][zs_mAP:0.45012][zs_mAP_all:0.23750]
2023-10-25 22:21:53.713 | INFO     | hyp2:train:143 - [epoch:1/3][loss:0.471048]
2023-10-25 22:22:07.622 | INFO     | hyp2:train:143 - [epoch:2/3][loss:0.522784]
2023-10-25 22:22:21.106 | INFO     | hyp2:train:143 - [epoch:3/3][loss:0.629962]
2023-10-25 22:22:21.107 | INFO     | hyp2:train:150 - [iter:27/50][iter_time:42.58]
2023-10-25 22:28:17.280 | INFO     | hyp2:train:220 - [iter:27/50][code_length:16][mAP:0.88314][mAP_all:0.88962][best_mAP:0.88314]
2023-10-25 22:28:17.281 | INFO     | hyp2:train:221 - [iter:27/50][code_length:16][zs_mAP:0.44966][zs_mAP_all:0.24471]
2023-10-25 22:28:33.392 | INFO     | hyp2:train:143 - [epoch:1/3][loss:0.445877]
2023-10-25 22:28:49.214 | INFO     | hyp2:train:143 - [epoch:2/3][loss:0.728344]
2023-10-25 22:29:04.147 | INFO     | hyp2:train:143 - [epoch:3/3][loss:0.713560]
2023-10-25 22:29:04.147 | INFO     | hyp2:train:150 - [iter:28/50][iter_time:46.87]
2023-10-25 22:35:02.869 | INFO     | hyp2:train:220 - [iter:28/50][code_length:16][mAP:0.88072][mAP_all:0.88674][best_mAP:0.88314]
2023-10-25 22:35:02.869 | INFO     | hyp2:train:221 - [iter:28/50][code_length:16][zs_mAP:0.44956][zs_mAP_all:0.24692]
2023-10-25 22:35:18.337 | INFO     | hyp2:train:143 - [epoch:1/3][loss:0.587829]
2023-10-25 22:35:33.504 | INFO     | hyp2:train:143 - [epoch:2/3][loss:0.453990]
2023-10-25 22:35:48.886 | INFO     | hyp2:train:143 - [epoch:3/3][loss:0.407327]
2023-10-25 22:35:48.886 | INFO     | hyp2:train:150 - [iter:29/50][iter_time:46.02]
2023-10-25 22:41:48.779 | INFO     | hyp2:train:220 - [iter:29/50][code_length:16][mAP:0.87962][mAP_all:0.88583][best_mAP:0.88314]
2023-10-25 22:41:48.779 | INFO     | hyp2:train:221 - [iter:29/50][code_length:16][zs_mAP:0.45093][zs_mAP_all:0.24404]
2023-10-25 22:42:04.190 | INFO     | hyp2:train:143 - [epoch:1/3][loss:0.419543]
2023-10-25 22:42:19.639 | INFO     | hyp2:train:143 - [epoch:2/3][loss:0.324325]
2023-10-25 22:42:35.335 | INFO     | hyp2:train:143 - [epoch:3/3][loss:0.355465]
2023-10-25 22:42:35.336 | INFO     | hyp2:train:150 - [iter:30/50][iter_time:46.56]
2023-10-25 22:48:37.222 | INFO     | hyp2:train:220 - [iter:30/50][code_length:16][mAP:0.88244][mAP_all:0.88874][best_mAP:0.88314]
2023-10-25 22:48:37.222 | INFO     | hyp2:train:221 - [iter:30/50][code_length:16][zs_mAP:0.45335][zs_mAP_all:0.24764]
2023-10-25 22:48:51.945 | INFO     | hyp2:train:143 - [epoch:1/3][loss:0.355891]
2023-10-25 22:49:06.595 | INFO     | hyp2:train:143 - [epoch:2/3][loss:0.450158]
2023-10-25 22:49:20.155 | INFO     | hyp2:train:143 - [epoch:3/3][loss:0.499855]
2023-10-25 22:49:20.156 | INFO     | hyp2:train:150 - [iter:31/50][iter_time:42.93]
2023-10-25 22:55:04.488 | INFO     | hyp2:train:220 - [iter:31/50][code_length:16][mAP:0.87865][mAP_all:0.88500][best_mAP:0.88314]
2023-10-25 22:55:04.488 | INFO     | hyp2:train:221 - [iter:31/50][code_length:16][zs_mAP:0.45159][zs_mAP_all:0.24141]
2023-10-25 22:55:19.214 | INFO     | hyp2:train:143 - [epoch:1/3][loss:0.492425]
2023-10-25 22:55:33.997 | INFO     | hyp2:train:143 - [epoch:2/3][loss:0.338226]
2023-10-25 22:55:48.677 | INFO     | hyp2:train:143 - [epoch:3/3][loss:0.366164]
2023-10-25 22:55:48.679 | INFO     | hyp2:train:150 - [iter:32/50][iter_time:44.19]
2023-10-25 23:01:24.191 | INFO     | hyp2:train:220 - [iter:32/50][code_length:16][mAP:0.88014][mAP_all:0.88602][best_mAP:0.88314]
2023-10-25 23:01:24.192 | INFO     | hyp2:train:221 - [iter:32/50][code_length:16][zs_mAP:0.45081][zs_mAP_all:0.24431]
2023-10-25 23:01:38.541 | INFO     | hyp2:train:143 - [epoch:1/3][loss:0.596810]
2023-10-25 23:01:52.999 | INFO     | hyp2:train:143 - [epoch:2/3][loss:0.431136]
2023-10-25 23:02:07.530 | INFO     | hyp2:train:143 - [epoch:3/3][loss:0.430188]
2023-10-25 23:02:07.530 | INFO     | hyp2:train:150 - [iter:33/50][iter_time:43.34]
2023-10-25 23:07:40.229 | INFO     | hyp2:train:220 - [iter:33/50][code_length:16][mAP:0.88151][mAP_all:0.88754][best_mAP:0.88314]
2023-10-25 23:07:40.230 | INFO     | hyp2:train:221 - [iter:33/50][code_length:16][zs_mAP:0.44992][zs_mAP_all:0.24381]
2023-10-25 23:07:54.616 | INFO     | hyp2:train:143 - [epoch:1/3][loss:0.532629]
2023-10-25 23:08:09.146 | INFO     | hyp2:train:143 - [epoch:2/3][loss:0.844018]
2023-10-25 23:08:23.663 | INFO     | hyp2:train:143 - [epoch:3/3][loss:0.398170]
2023-10-25 23:08:23.664 | INFO     | hyp2:train:150 - [iter:34/50][iter_time:43.43]
2023-10-25 23:13:58.165 | INFO     | hyp2:train:220 - [iter:34/50][code_length:16][mAP:0.88090][mAP_all:0.88709][best_mAP:0.88314]
2023-10-25 23:13:58.166 | INFO     | hyp2:train:221 - [iter:34/50][code_length:16][zs_mAP:0.45584][zs_mAP_all:0.24688]
2023-10-25 23:14:12.702 | INFO     | hyp2:train:143 - [epoch:1/3][loss:0.536493]
2023-10-25 23:14:27.265 | INFO     | hyp2:train:143 - [epoch:2/3][loss:0.293766]
2023-10-25 23:14:41.778 | INFO     | hyp2:train:143 - [epoch:3/3][loss:0.504520]
2023-10-25 23:14:41.778 | INFO     | hyp2:train:150 - [iter:35/50][iter_time:43.61]
2023-10-25 23:20:16.057 | INFO     | hyp2:train:220 - [iter:35/50][code_length:16][mAP:0.88381][mAP_all:0.88988][best_mAP:0.88381]
2023-10-25 23:20:16.058 | INFO     | hyp2:train:221 - [iter:35/50][code_length:16][zs_mAP:0.45652][zs_mAP_all:0.25181]
2023-10-25 23:20:30.659 | INFO     | hyp2:train:143 - [epoch:1/3][loss:0.370350]
2023-10-25 23:20:45.231 | INFO     | hyp2:train:143 - [epoch:2/3][loss:0.409375]
2023-10-25 23:20:59.970 | INFO     | hyp2:train:143 - [epoch:3/3][loss:0.473218]
2023-10-25 23:20:59.971 | INFO     | hyp2:train:150 - [iter:36/50][iter_time:43.91]
2023-10-25 23:26:31.396 | INFO     | hyp2:train:220 - [iter:36/50][code_length:16][mAP:0.87977][mAP_all:0.88603][best_mAP:0.88381]
2023-10-25 23:26:31.396 | INFO     | hyp2:train:221 - [iter:36/50][code_length:16][zs_mAP:0.45366][zs_mAP_all:0.24283]
2023-10-25 23:26:45.876 | INFO     | hyp2:train:143 - [epoch:1/3][loss:0.570267]
2023-10-25 23:27:00.361 | INFO     | hyp2:train:143 - [epoch:2/3][loss:0.402086]
2023-10-25 23:27:14.865 | INFO     | hyp2:train:143 - [epoch:3/3][loss:0.489495]
2023-10-25 23:27:14.865 | INFO     | hyp2:train:150 - [iter:37/50][iter_time:43.47]
2023-10-25 23:32:46.674 | INFO     | hyp2:train:220 - [iter:37/50][code_length:16][mAP:0.88156][mAP_all:0.88755][best_mAP:0.88381]
2023-10-25 23:32:46.675 | INFO     | hyp2:train:221 - [iter:37/50][code_length:16][zs_mAP:0.45365][zs_mAP_all:0.24888]
2023-10-25 23:33:01.134 | INFO     | hyp2:train:143 - [epoch:1/3][loss:0.802327]
2023-10-25 23:33:15.703 | INFO     | hyp2:train:143 - [epoch:2/3][loss:0.558260]
2023-10-25 23:33:30.320 | INFO     | hyp2:train:143 - [epoch:3/3][loss:0.409378]
2023-10-25 23:33:30.321 | INFO     | hyp2:train:150 - [iter:38/50][iter_time:43.65]
2023-10-25 23:39:03.333 | INFO     | hyp2:train:220 - [iter:38/50][code_length:16][mAP:0.88124][mAP_all:0.88736][best_mAP:0.88381]
2023-10-25 23:39:03.334 | INFO     | hyp2:train:221 - [iter:38/50][code_length:16][zs_mAP:0.45487][zs_mAP_all:0.24441]
2023-10-25 23:39:17.795 | INFO     | hyp2:train:143 - [epoch:1/3][loss:0.670460]
2023-10-25 23:39:32.114 | INFO     | hyp2:train:143 - [epoch:2/3][loss:0.401608]
2023-10-25 23:39:46.473 | INFO     | hyp2:train:143 - [epoch:3/3][loss:0.514676]
2023-10-25 23:39:46.474 | INFO     | hyp2:train:150 - [iter:39/50][iter_time:43.14]
2023-10-25 23:45:19.761 | INFO     | hyp2:train:220 - [iter:39/50][code_length:16][mAP:0.88269][mAP_all:0.88836][best_mAP:0.88381]
2023-10-25 23:45:19.762 | INFO     | hyp2:train:221 - [iter:39/50][code_length:16][zs_mAP:0.44713][zs_mAP_all:0.24563]
2023-10-25 23:45:33.476 | INFO     | hyp2:train:143 - [epoch:1/3][loss:0.475479]
2023-10-25 23:45:47.901 | INFO     | hyp2:train:143 - [epoch:2/3][loss:0.353352]
2023-10-25 23:46:02.342 | INFO     | hyp2:train:143 - [epoch:3/3][loss:0.355964]
2023-10-25 23:46:02.343 | INFO     | hyp2:train:150 - [iter:40/50][iter_time:42.58]
2023-10-25 23:51:35.428 | INFO     | hyp2:train:220 - [iter:40/50][code_length:16][mAP:0.87995][mAP_all:0.88662][best_mAP:0.88381]
2023-10-25 23:51:35.428 | INFO     | hyp2:train:221 - [iter:40/50][code_length:16][zs_mAP:0.45005][zs_mAP_all:0.24428]
2023-10-25 23:51:49.903 | INFO     | hyp2:train:143 - [epoch:1/3][loss:0.551896]
2023-10-25 23:52:04.365 | INFO     | hyp2:train:143 - [epoch:2/3][loss:0.553142]
2023-10-25 23:52:18.949 | INFO     | hyp2:train:143 - [epoch:3/3][loss:0.570641]
2023-10-25 23:52:18.950 | INFO     | hyp2:train:150 - [iter:41/50][iter_time:43.52]
2023-10-25 23:57:52.233 | INFO     | hyp2:train:220 - [iter:41/50][code_length:16][mAP:0.88036][mAP_all:0.88635][best_mAP:0.88381]
2023-10-25 23:57:52.234 | INFO     | hyp2:train:221 - [iter:41/50][code_length:16][zs_mAP:0.44941][zs_mAP_all:0.24820]
2023-10-25 23:58:06.351 | INFO     | hyp2:train:143 - [epoch:1/3][loss:0.554104]
2023-10-25 23:58:20.975 | INFO     | hyp2:train:143 - [epoch:2/3][loss:0.401870]
2023-10-25 23:58:35.528 | INFO     | hyp2:train:143 - [epoch:3/3][loss:0.558150]
2023-10-25 23:58:35.528 | INFO     | hyp2:train:150 - [iter:42/50][iter_time:43.29]
2023-10-26 00:04:07.997 | INFO     | hyp2:train:220 - [iter:42/50][code_length:16][mAP:0.88173][mAP_all:0.88788][best_mAP:0.88381]
2023-10-26 00:04:07.998 | INFO     | hyp2:train:221 - [iter:42/50][code_length:16][zs_mAP:0.45460][zs_mAP_all:0.24951]
2023-10-26 00:04:22.656 | INFO     | hyp2:train:143 - [epoch:1/3][loss:0.424027]
2023-10-26 00:04:37.427 | INFO     | hyp2:train:143 - [epoch:2/3][loss:0.484197]
2023-10-26 00:04:51.976 | INFO     | hyp2:train:143 - [epoch:3/3][loss:0.381851]
2023-10-26 00:04:51.976 | INFO     | hyp2:train:150 - [iter:43/50][iter_time:43.98]
2023-10-26 00:10:23.853 | INFO     | hyp2:train:220 - [iter:43/50][code_length:16][mAP:0.88209][mAP_all:0.88793][best_mAP:0.88381]
2023-10-26 00:10:23.854 | INFO     | hyp2:train:221 - [iter:43/50][code_length:16][zs_mAP:0.45109][zs_mAP_all:0.24616]
2023-10-26 00:10:38.461 | INFO     | hyp2:train:143 - [epoch:1/3][loss:0.463461]
2023-10-26 00:10:53.037 | INFO     | hyp2:train:143 - [epoch:2/3][loss:0.573677]
2023-10-26 00:11:07.766 | INFO     | hyp2:train:143 - [epoch:3/3][loss:0.363576]
2023-10-26 00:11:07.767 | INFO     | hyp2:train:150 - [iter:44/50][iter_time:43.91]
2023-10-26 00:16:40.912 | INFO     | hyp2:train:220 - [iter:44/50][code_length:16][mAP:0.88168][mAP_all:0.88754][best_mAP:0.88381]
2023-10-26 00:16:40.913 | INFO     | hyp2:train:221 - [iter:44/50][code_length:16][zs_mAP:0.44706][zs_mAP_all:0.24541]
2023-10-26 00:16:53.976 | INFO     | hyp2:train:143 - [epoch:1/3][loss:0.416440]
2023-10-26 00:17:07.313 | INFO     | hyp2:train:143 - [epoch:2/3][loss:0.498823]
2023-10-26 00:17:21.774 | INFO     | hyp2:train:143 - [epoch:3/3][loss:0.374476]
2023-10-26 00:17:21.775 | INFO     | hyp2:train:150 - [iter:45/50][iter_time:40.86]
2023-10-26 00:23:00.469 | INFO     | hyp2:train:220 - [iter:45/50][code_length:16][mAP:0.88085][mAP_all:0.88687][best_mAP:0.88381]
2023-10-26 00:23:00.469 | INFO     | hyp2:train:221 - [iter:45/50][code_length:16][zs_mAP:0.45433][zs_mAP_all:0.24488]
2023-10-26 00:23:14.810 | INFO     | hyp2:train:143 - [epoch:1/3][loss:0.484854]
2023-10-26 00:23:29.482 | INFO     | hyp2:train:143 - [epoch:2/3][loss:0.468370]
2023-10-26 00:23:44.413 | INFO     | hyp2:train:143 - [epoch:3/3][loss:0.527382]
2023-10-26 00:23:44.414 | INFO     | hyp2:train:150 - [iter:46/50][iter_time:43.94]
2023-10-26 00:29:21.594 | INFO     | hyp2:train:220 - [iter:46/50][code_length:16][mAP:0.88193][mAP_all:0.88798][best_mAP:0.88381]
2023-10-26 00:29:21.595 | INFO     | hyp2:train:221 - [iter:46/50][code_length:16][zs_mAP:0.45217][zs_mAP_all:0.24977]
2023-10-26 00:29:36.542 | INFO     | hyp2:train:143 - [epoch:1/3][loss:0.553078]
2023-10-26 00:29:51.653 | INFO     | hyp2:train:143 - [epoch:2/3][loss:0.395970]
2023-10-26 00:30:06.781 | INFO     | hyp2:train:143 - [epoch:3/3][loss:0.521117]
2023-10-26 00:30:06.782 | INFO     | hyp2:train:150 - [iter:47/50][iter_time:45.19]
2023-10-26 00:35:40.536 | INFO     | hyp2:train:220 - [iter:47/50][code_length:16][mAP:0.88262][mAP_all:0.88832][best_mAP:0.88381]
2023-10-26 00:35:40.537 | INFO     | hyp2:train:221 - [iter:47/50][code_length:16][zs_mAP:0.44949][zs_mAP_all:0.24503]
2023-10-26 00:35:55.779 | INFO     | hyp2:train:143 - [epoch:1/3][loss:0.523510]
2023-10-26 00:36:10.979 | INFO     | hyp2:train:143 - [epoch:2/3][loss:0.494903]
2023-10-26 00:36:26.169 | INFO     | hyp2:train:143 - [epoch:3/3][loss:0.517520]
2023-10-26 00:36:26.170 | INFO     | hyp2:train:150 - [iter:48/50][iter_time:45.63]
2023-10-26 00:42:02.480 | INFO     | hyp2:train:220 - [iter:48/50][code_length:16][mAP:0.88298][mAP_all:0.88861][best_mAP:0.88381]
2023-10-26 00:42:02.481 | INFO     | hyp2:train:221 - [iter:48/50][code_length:16][zs_mAP:0.45652][zs_mAP_all:0.24809]
2023-10-26 00:42:17.170 | INFO     | hyp2:train:143 - [epoch:1/3][loss:0.627453]
2023-10-26 00:42:31.699 | INFO     | hyp2:train:143 - [epoch:2/3][loss:0.442090]
2023-10-26 00:42:46.207 | INFO     | hyp2:train:143 - [epoch:3/3][loss:0.513351]
2023-10-26 00:42:46.208 | INFO     | hyp2:train:150 - [iter:49/50][iter_time:43.73]
2023-10-26 00:48:22.164 | INFO     | hyp2:train:220 - [iter:49/50][code_length:16][mAP:0.87922][mAP_all:0.88594][best_mAP:0.88381]
2023-10-26 00:48:22.165 | INFO     | hyp2:train:221 - [iter:49/50][code_length:16][zs_mAP:0.45220][zs_mAP_all:0.25022]
2023-10-26 00:48:36.345 | INFO     | hyp2:train:143 - [epoch:1/3][loss:0.544256]
2023-10-26 00:48:50.878 | INFO     | hyp2:train:143 - [epoch:2/3][loss:0.520347]
2023-10-26 00:49:05.337 | INFO     | hyp2:train:143 - [epoch:3/3][loss:0.537087]
2023-10-26 00:49:05.337 | INFO     | hyp2:train:150 - [iter:50/50][iter_time:43.17]
2023-10-26 00:54:37.544 | INFO     | hyp2:train:220 - [iter:50/50][code_length:16][mAP:0.88110][mAP_all:0.88728][best_mAP:0.88381]
2023-10-26 00:54:37.544 | INFO     | hyp2:train:221 - [iter:50/50][code_length:16][zs_mAP:0.45218][zs_mAP_all:0.24634]
2023-10-26 00:54:37.545 | INFO     | hyp2:train:223 - [Training time:25102.19]
2023-10-26 00:54:37.547 | INFO     | __main__:run:126 - [code_length:16][map:0.8838][map_all:0.8899][zs_map:0.4565][zs_map_all:0.2518]
2023-10-26 00:54:52.217 | INFO     | hyp2:train:143 - [epoch:1/3][loss:0.644813]
2023-10-26 00:55:07.027 | INFO     | hyp2:train:143 - [epoch:2/3][loss:0.847976]
2023-10-26 00:55:21.709 | INFO     | hyp2:train:143 - [epoch:3/3][loss:0.620013]
2023-10-26 00:55:21.710 | INFO     | hyp2:train:150 - [iter:1/50][iter_time:43.38]
2023-10-26 01:00:55.244 | INFO     | hyp2:train:220 - [iter:1/50][code_length:32][mAP:0.82477][mAP_all:0.83049][best_mAP:0.82477]
2023-10-26 01:00:55.244 | INFO     | hyp2:train:221 - [iter:1/50][code_length:32][zs_mAP:0.42810][zs_mAP_all:0.24912]
2023-10-26 01:01:09.575 | INFO     | hyp2:train:143 - [epoch:1/3][loss:0.612704]
2023-10-26 01:01:24.168 | INFO     | hyp2:train:143 - [epoch:2/3][loss:0.478942]
2023-10-26 01:01:38.803 | INFO     | hyp2:train:143 - [epoch:3/3][loss:0.614802]
2023-10-26 01:01:38.804 | INFO     | hyp2:train:150 - [iter:2/50][iter_time:43.56]
2023-10-26 01:07:12.378 | INFO     | hyp2:train:220 - [iter:2/50][code_length:32][mAP:0.83945][mAP_all:0.84525][best_mAP:0.83945]
2023-10-26 01:07:12.378 | INFO     | hyp2:train:221 - [iter:2/50][code_length:32][zs_mAP:0.45106][zs_mAP_all:0.24909]
2023-10-26 01:07:26.942 | INFO     | hyp2:train:143 - [epoch:1/3][loss:0.480959]
2023-10-26 01:07:41.396 | INFO     | hyp2:train:143 - [epoch:2/3][loss:0.436625]
2023-10-26 01:07:55.865 | INFO     | hyp2:train:143 - [epoch:3/3][loss:0.614053]
2023-10-26 01:07:55.866 | INFO     | hyp2:train:150 - [iter:3/50][iter_time:43.49]
2023-10-26 01:13:33.995 | INFO     | hyp2:train:220 - [iter:3/50][code_length:32][mAP:0.82575][mAP_all:0.82879][best_mAP:0.83945]
2023-10-26 01:13:33.996 | INFO     | hyp2:train:221 - [iter:3/50][code_length:32][zs_mAP:0.41052][zs_mAP_all:0.21996]
2023-10-26 01:13:48.585 | INFO     | hyp2:train:143 - [epoch:1/3][loss:0.725704]
2023-10-26 01:14:03.180 | INFO     | hyp2:train:143 - [epoch:2/3][loss:0.546200]
2023-10-26 01:14:17.683 | INFO     | hyp2:train:143 - [epoch:3/3][loss:0.646964]
2023-10-26 01:14:17.684 | INFO     | hyp2:train:150 - [iter:4/50][iter_time:43.69]
2023-10-26 01:19:54.778 | INFO     | hyp2:train:220 - [iter:4/50][code_length:32][mAP:0.85299][mAP_all:0.85677][best_mAP:0.85299]
2023-10-26 01:19:54.778 | INFO     | hyp2:train:221 - [iter:4/50][code_length:32][zs_mAP:0.44237][zs_mAP_all:0.23699]
2023-10-26 01:20:09.318 | INFO     | hyp2:train:143 - [epoch:1/3][loss:0.533045]
2023-10-26 01:20:23.781 | INFO     | hyp2:train:143 - [epoch:2/3][loss:0.502804]
2023-10-26 01:20:38.362 | INFO     | hyp2:train:143 - [epoch:3/3][loss:0.522298]
2023-10-26 01:20:38.363 | INFO     | hyp2:train:150 - [iter:5/50][iter_time:43.58]
2023-10-26 01:26:14.888 | INFO     | hyp2:train:220 - [iter:5/50][code_length:32][mAP:0.86504][mAP_all:0.86826][best_mAP:0.86504]
2023-10-26 01:26:14.889 | INFO     | hyp2:train:221 - [iter:5/50][code_length:32][zs_mAP:0.44648][zs_mAP_all:0.24678]
2023-10-26 01:26:28.058 | INFO     | hyp2:train:143 - [epoch:1/3][loss:0.650707]
2023-10-26 01:26:41.037 | INFO     | hyp2:train:143 - [epoch:2/3][loss:0.469560]
2023-10-26 01:26:54.297 | INFO     | hyp2:train:143 - [epoch:3/3][loss:0.392028]
2023-10-26 01:26:54.298 | INFO     | hyp2:train:150 - [iter:6/50][iter_time:39.41]
2023-10-26 01:32:27.290 | INFO     | hyp2:train:220 - [iter:6/50][code_length:32][mAP:0.86483][mAP_all:0.86923][best_mAP:0.86504]
2023-10-26 01:32:27.291 | INFO     | hyp2:train:221 - [iter:6/50][code_length:32][zs_mAP:0.45521][zs_mAP_all:0.25712]
2023-10-26 01:32:42.042 | INFO     | hyp2:train:143 - [epoch:1/3][loss:0.483273]
2023-10-26 01:32:56.646 | INFO     | hyp2:train:143 - [epoch:2/3][loss:0.353561]
2023-10-26 01:33:11.214 | INFO     | hyp2:train:143 - [epoch:3/3][loss:0.518633]
2023-10-26 01:33:11.214 | INFO     | hyp2:train:150 - [iter:7/50][iter_time:43.92]
2023-10-26 01:38:46.121 | INFO     | hyp2:train:220 - [iter:7/50][code_length:32][mAP:0.87645][mAP_all:0.88008][best_mAP:0.87645]
2023-10-26 01:38:46.122 | INFO     | hyp2:train:221 - [iter:7/50][code_length:32][zs_mAP:0.46004][zs_mAP_all:0.26253]
2023-10-26 01:39:00.776 | INFO     | hyp2:train:143 - [epoch:1/3][loss:0.364639]
2023-10-26 01:39:15.408 | INFO     | hyp2:train:143 - [epoch:2/3][loss:0.531526]
2023-10-26 01:39:30.485 | INFO     | hyp2:train:143 - [epoch:3/3][loss:0.235546]
2023-10-26 01:39:30.485 | INFO     | hyp2:train:150 - [iter:8/50][iter_time:44.36]
2023-10-26 01:45:12.243 | INFO     | hyp2:train:220 - [iter:8/50][code_length:32][mAP:0.88164][mAP_all:0.88424][best_mAP:0.88164]
2023-10-26 01:45:12.243 | INFO     | hyp2:train:221 - [iter:8/50][code_length:32][zs_mAP:0.46561][zs_mAP_all:0.26075]
2023-10-26 01:45:27.452 | INFO     | hyp2:train:143 - [epoch:1/3][loss:0.474789]
2023-10-26 01:45:42.722 | INFO     | hyp2:train:143 - [epoch:2/3][loss:0.421017]
2023-10-26 01:45:57.942 | INFO     | hyp2:train:143 - [epoch:3/3][loss:0.537538]
2023-10-26 01:45:57.943 | INFO     | hyp2:train:150 - [iter:9/50][iter_time:45.70]
2023-10-26 01:51:32.697 | INFO     | hyp2:train:220 - [iter:9/50][code_length:32][mAP:0.88381][mAP_all:0.88630][best_mAP:0.88381]
2023-10-26 01:51:32.697 | INFO     | hyp2:train:221 - [iter:9/50][code_length:32][zs_mAP:0.44970][zs_mAP_all:0.25625]
2023-10-26 01:51:47.446 | INFO     | hyp2:train:143 - [epoch:1/3][loss:0.357231]
2023-10-26 01:52:01.945 | INFO     | hyp2:train:143 - [epoch:2/3][loss:0.452151]
2023-10-26 01:52:16.465 | INFO     | hyp2:train:143 - [epoch:3/3][loss:0.531954]
2023-10-26 01:52:16.466 | INFO     | hyp2:train:150 - [iter:10/50][iter_time:43.77]
2023-10-26 01:57:52.476 | INFO     | hyp2:train:220 - [iter:10/50][code_length:32][mAP:0.88446][mAP_all:0.88756][best_mAP:0.88446]
2023-10-26 01:57:52.477 | INFO     | hyp2:train:221 - [iter:10/50][code_length:32][zs_mAP:0.46267][zs_mAP_all:0.26396]
2023-10-26 01:58:07.066 | INFO     | hyp2:train:143 - [epoch:1/3][loss:0.460340]
2023-10-26 01:58:21.604 | INFO     | hyp2:train:143 - [epoch:2/3][loss:0.381102]
2023-10-26 01:58:36.125 | INFO     | hyp2:train:143 - [epoch:3/3][loss:0.431475]
2023-10-26 01:58:36.126 | INFO     | hyp2:train:150 - [iter:11/50][iter_time:43.65]
2023-10-26 02:04:11.304 | INFO     | hyp2:train:220 - [iter:11/50][code_length:32][mAP:0.88669][mAP_all:0.88940][best_mAP:0.88669]
2023-10-26 02:04:11.304 | INFO     | hyp2:train:221 - [iter:11/50][code_length:32][zs_mAP:0.46115][zs_mAP_all:0.27209]
2023-10-26 02:04:25.758 | INFO     | hyp2:train:143 - [epoch:1/3][loss:0.524909]
2023-10-26 02:04:40.457 | INFO     | hyp2:train:143 - [epoch:2/3][loss:0.459017]
2023-10-26 02:04:55.140 | INFO     | hyp2:train:143 - [epoch:3/3][loss:0.549626]
2023-10-26 02:04:55.140 | INFO     | hyp2:train:150 - [iter:12/50][iter_time:43.84]
2023-10-26 02:10:30.170 | INFO     | hyp2:train:220 - [iter:12/50][code_length:32][mAP:0.88530][mAP_all:0.88734][best_mAP:0.88669]
2023-10-26 02:10:30.170 | INFO     | hyp2:train:221 - [iter:12/50][code_length:32][zs_mAP:0.45139][zs_mAP_all:0.26336]
2023-10-26 02:10:44.836 | INFO     | hyp2:train:143 - [epoch:1/3][loss:0.525541]
2023-10-26 02:10:59.344 | INFO     | hyp2:train:143 - [epoch:2/3][loss:0.374709]
2023-10-26 02:11:13.857 | INFO     | hyp2:train:143 - [epoch:3/3][loss:0.459228]
2023-10-26 02:11:13.858 | INFO     | hyp2:train:150 - [iter:13/50][iter_time:43.69]
2023-10-26 02:16:53.478 | INFO     | hyp2:train:220 - [iter:13/50][code_length:32][mAP:0.88389][mAP_all:0.88709][best_mAP:0.88669]
2023-10-26 02:16:53.479 | INFO     | hyp2:train:221 - [iter:13/50][code_length:32][zs_mAP:0.45434][zs_mAP_all:0.26271]
2023-10-26 02:17:08.259 | INFO     | hyp2:train:143 - [epoch:1/3][loss:0.420334]
2023-10-26 02:17:23.712 | INFO     | hyp2:train:143 - [epoch:2/3][loss:0.518878]
2023-10-26 02:17:39.092 | INFO     | hyp2:train:143 - [epoch:3/3][loss:0.533603]
2023-10-26 02:17:39.092 | INFO     | hyp2:train:150 - [iter:14/50][iter_time:45.61]
2023-10-26 02:23:12.115 | INFO     | hyp2:train:220 - [iter:14/50][code_length:32][mAP:0.88609][mAP_all:0.88881][best_mAP:0.88669]
2023-10-26 02:23:12.116 | INFO     | hyp2:train:221 - [iter:14/50][code_length:32][zs_mAP:0.45443][zs_mAP_all:0.26331]
2023-10-26 02:23:25.913 | INFO     | hyp2:train:143 - [epoch:1/3][loss:0.435267]
2023-10-26 02:23:40.823 | INFO     | hyp2:train:143 - [epoch:2/3][loss:0.402012]
2023-10-26 02:23:55.890 | INFO     | hyp2:train:143 - [epoch:3/3][loss:0.351165]
2023-10-26 02:23:55.890 | INFO     | hyp2:train:150 - [iter:15/50][iter_time:43.77]
2023-10-26 02:29:30.846 | INFO     | hyp2:train:220 - [iter:15/50][code_length:32][mAP:0.89002][mAP_all:0.89187][best_mAP:0.89002]
2023-10-26 02:29:30.847 | INFO     | hyp2:train:221 - [iter:15/50][code_length:32][zs_mAP:0.45094][zs_mAP_all:0.26425]
2023-10-26 02:29:45.903 | INFO     | hyp2:train:143 - [epoch:1/3][loss:0.503217]
2023-10-26 02:30:01.380 | INFO     | hyp2:train:143 - [epoch:2/3][loss:0.446435]
2023-10-26 02:30:16.197 | INFO     | hyp2:train:143 - [epoch:3/3][loss:0.353974]
2023-10-26 02:30:16.198 | INFO     | hyp2:train:150 - [iter:16/50][iter_time:45.35]
2023-10-26 02:35:50.496 | INFO     | hyp2:train:220 - [iter:16/50][code_length:32][mAP:0.88584][mAP_all:0.88797][best_mAP:0.89002]
2023-10-26 02:35:50.497 | INFO     | hyp2:train:221 - [iter:16/50][code_length:32][zs_mAP:0.45574][zs_mAP_all:0.26156]
2023-10-26 02:36:03.721 | INFO     | hyp2:train:143 - [epoch:1/3][loss:0.379679]
2023-10-26 02:36:17.182 | INFO     | hyp2:train:143 - [epoch:2/3][loss:0.408555]
2023-10-26 02:36:30.437 | INFO     | hyp2:train:143 - [epoch:3/3][loss:0.451670]
2023-10-26 02:36:30.437 | INFO     | hyp2:train:150 - [iter:17/50][iter_time:39.94]
2023-10-26 02:42:05.233 | INFO     | hyp2:train:220 - [iter:17/50][code_length:32][mAP:0.88720][mAP_all:0.88966][best_mAP:0.89002]
2023-10-26 02:42:05.233 | INFO     | hyp2:train:221 - [iter:17/50][code_length:32][zs_mAP:0.45688][zs_mAP_all:0.26685]
2023-10-26 02:42:18.333 | INFO     | hyp2:train:143 - [epoch:1/3][loss:0.620587]
2023-10-26 02:42:32.179 | INFO     | hyp2:train:143 - [epoch:2/3][loss:0.569991]
2023-10-26 02:42:46.029 | INFO     | hyp2:train:143 - [epoch:3/3][loss:0.552927]
2023-10-26 02:42:46.031 | INFO     | hyp2:train:150 - [iter:18/50][iter_time:40.80]
2023-10-26 02:48:18.031 | INFO     | hyp2:train:220 - [iter:18/50][code_length:32][mAP:0.88820][mAP_all:0.89032][best_mAP:0.89002]
2023-10-26 02:48:18.032 | INFO     | hyp2:train:221 - [iter:18/50][code_length:32][zs_mAP:0.46006][zs_mAP_all:0.28005]
2023-10-26 02:48:32.353 | INFO     | hyp2:train:143 - [epoch:1/3][loss:0.569095]
2023-10-26 02:48:46.938 | INFO     | hyp2:train:143 - [epoch:2/3][loss:0.349288]
2023-10-26 02:49:01.504 | INFO     | hyp2:train:143 - [epoch:3/3][loss:0.444281]
2023-10-26 02:49:01.505 | INFO     | hyp2:train:150 - [iter:19/50][iter_time:43.47]
2023-10-26 02:54:36.971 | INFO     | hyp2:train:220 - [iter:19/50][code_length:32][mAP:0.88948][mAP_all:0.89185][best_mAP:0.89002]
2023-10-26 02:54:36.972 | INFO     | hyp2:train:221 - [iter:19/50][code_length:32][zs_mAP:0.45150][zs_mAP_all:0.27087]
2023-10-26 02:54:51.431 | INFO     | hyp2:train:143 - [epoch:1/3][loss:0.604236]
2023-10-26 02:55:05.858 | INFO     | hyp2:train:143 - [epoch:2/3][loss:0.460027]
2023-10-26 02:55:20.326 | INFO     | hyp2:train:143 - [epoch:3/3][loss:0.431025]
2023-10-26 02:55:20.327 | INFO     | hyp2:train:150 - [iter:20/50][iter_time:43.35]
2023-10-26 03:00:54.362 | INFO     | hyp2:train:220 - [iter:20/50][code_length:32][mAP:0.89013][mAP_all:0.89196][best_mAP:0.89013]
2023-10-26 03:00:54.363 | INFO     | hyp2:train:221 - [iter:20/50][code_length:32][zs_mAP:0.44697][zs_mAP_all:0.26544]
2023-10-26 03:01:08.941 | INFO     | hyp2:train:143 - [epoch:1/3][loss:0.389943]
2023-10-26 03:01:23.712 | INFO     | hyp2:train:143 - [epoch:2/3][loss:0.550943]
2023-10-26 03:01:38.258 | INFO     | hyp2:train:143 - [epoch:3/3][loss:0.470787]
2023-10-26 03:01:38.258 | INFO     | hyp2:train:150 - [iter:21/50][iter_time:43.90]
2023-10-26 03:07:15.357 | INFO     | hyp2:train:220 - [iter:21/50][code_length:32][mAP:0.88960][mAP_all:0.89205][best_mAP:0.89013]
2023-10-26 03:07:15.357 | INFO     | hyp2:train:221 - [iter:21/50][code_length:32][zs_mAP:0.44847][zs_mAP_all:0.27110]
2023-10-26 03:07:29.924 | INFO     | hyp2:train:143 - [epoch:1/3][loss:0.411573]
2023-10-26 03:07:44.459 | INFO     | hyp2:train:143 - [epoch:2/3][loss:0.568486]
2023-10-26 03:07:59.120 | INFO     | hyp2:train:143 - [epoch:3/3][loss:0.498349]
2023-10-26 03:07:59.121 | INFO     | hyp2:train:150 - [iter:22/50][iter_time:43.76]
2023-10-26 03:13:34.340 | INFO     | hyp2:train:220 - [iter:22/50][code_length:32][mAP:0.89124][mAP_all:0.89367][best_mAP:0.89124]
2023-10-26 03:13:34.341 | INFO     | hyp2:train:221 - [iter:22/50][code_length:32][zs_mAP:0.45719][zs_mAP_all:0.27495]
2023-10-26 03:13:47.273 | INFO     | hyp2:train:143 - [epoch:1/3][loss:0.374378]
2023-10-26 03:14:02.118 | INFO     | hyp2:train:143 - [epoch:2/3][loss:0.425661]
2023-10-26 03:14:16.649 | INFO     | hyp2:train:143 - [epoch:3/3][loss:0.459260]
2023-10-26 03:14:16.650 | INFO     | hyp2:train:150 - [iter:23/50][iter_time:42.31]
2023-10-26 03:19:50.884 | INFO     | hyp2:train:220 - [iter:23/50][code_length:32][mAP:0.89082][mAP_all:0.89323][best_mAP:0.89124]
2023-10-26 03:19:50.885 | INFO     | hyp2:train:221 - [iter:23/50][code_length:32][zs_mAP:0.45680][zs_mAP_all:0.27394]
2023-10-26 03:20:05.336 | INFO     | hyp2:train:143 - [epoch:1/3][loss:0.422365]
2023-10-26 03:20:20.009 | INFO     | hyp2:train:143 - [epoch:2/3][loss:0.476805]
2023-10-26 03:20:34.650 | INFO     | hyp2:train:143 - [epoch:3/3][loss:0.450539]
2023-10-26 03:20:34.651 | INFO     | hyp2:train:150 - [iter:24/50][iter_time:43.77]
2023-10-26 03:26:09.859 | INFO     | hyp2:train:220 - [iter:24/50][code_length:32][mAP:0.89116][mAP_all:0.89363][best_mAP:0.89124]
2023-10-26 03:26:09.860 | INFO     | hyp2:train:221 - [iter:24/50][code_length:32][zs_mAP:0.45503][zs_mAP_all:0.27370]
2023-10-26 03:26:24.640 | INFO     | hyp2:train:143 - [epoch:1/3][loss:0.315089]
2023-10-26 03:26:39.426 | INFO     | hyp2:train:143 - [epoch:2/3][loss:0.383438]
2023-10-26 03:26:54.214 | INFO     | hyp2:train:143 - [epoch:3/3][loss:0.500750]
2023-10-26 03:26:54.215 | INFO     | hyp2:train:150 - [iter:25/50][iter_time:44.36]
2023-10-26 03:32:34.945 | INFO     | hyp2:train:220 - [iter:25/50][code_length:32][mAP:0.89192][mAP_all:0.89450][best_mAP:0.89192]
2023-10-26 03:32:34.945 | INFO     | hyp2:train:221 - [iter:25/50][code_length:32][zs_mAP:0.46035][zs_mAP_all:0.27077]
2023-10-26 03:32:49.766 | INFO     | hyp2:train:143 - [epoch:1/3][loss:0.266370]
2023-10-26 03:33:04.494 | INFO     | hyp2:train:143 - [epoch:2/3][loss:0.463107]
2023-10-26 03:33:19.239 | INFO     | hyp2:train:143 - [epoch:3/3][loss:0.337498]
2023-10-26 03:33:19.240 | INFO     | hyp2:train:150 - [iter:26/50][iter_time:44.29]
2023-10-26 03:38:53.616 | INFO     | hyp2:train:220 - [iter:26/50][code_length:32][mAP:0.89127][mAP_all:0.89381][best_mAP:0.89192]
2023-10-26 03:38:53.616 | INFO     | hyp2:train:221 - [iter:26/50][code_length:32][zs_mAP:0.45096][zs_mAP_all:0.26659]
2023-10-26 03:39:07.766 | INFO     | hyp2:train:143 - [epoch:1/3][loss:0.376607]
2023-10-26 03:39:22.292 | INFO     | hyp2:train:143 - [epoch:2/3][loss:0.472809]
2023-10-26 03:39:36.789 | INFO     | hyp2:train:143 - [epoch:3/3][loss:0.683834]
2023-10-26 03:39:36.789 | INFO     | hyp2:train:150 - [iter:27/50][iter_time:43.17]
2023-10-26 03:45:13.226 | INFO     | hyp2:train:220 - [iter:27/50][code_length:32][mAP:0.89164][mAP_all:0.89435][best_mAP:0.89192]
2023-10-26 03:45:13.227 | INFO     | hyp2:train:221 - [iter:27/50][code_length:32][zs_mAP:0.45206][zs_mAP_all:0.27019]
2023-10-26 03:45:27.747 | INFO     | hyp2:train:143 - [epoch:1/3][loss:0.547171]
2023-10-26 03:45:42.290 | INFO     | hyp2:train:143 - [epoch:2/3][loss:0.408645]
2023-10-26 03:45:56.794 | INFO     | hyp2:train:143 - [epoch:3/3][loss:0.643776]
2023-10-26 03:45:56.795 | INFO     | hyp2:train:150 - [iter:28/50][iter_time:43.57]
2023-10-26 03:51:34.081 | INFO     | hyp2:train:220 - [iter:28/50][code_length:32][mAP:0.89234][mAP_all:0.89479][best_mAP:0.89234]
2023-10-26 03:51:34.081 | INFO     | hyp2:train:221 - [iter:28/50][code_length:32][zs_mAP:0.45195][zs_mAP_all:0.27047]
2023-10-26 03:51:48.759 | INFO     | hyp2:train:143 - [epoch:1/3][loss:0.367338]
2023-10-26 03:52:03.333 | INFO     | hyp2:train:143 - [epoch:2/3][loss:0.587766]
2023-10-26 03:52:17.969 | INFO     | hyp2:train:143 - [epoch:3/3][loss:0.442365]
2023-10-26 03:52:17.970 | INFO     | hyp2:train:150 - [iter:29/50][iter_time:43.89]
2023-10-26 03:57:53.329 | INFO     | hyp2:train:220 - [iter:29/50][code_length:32][mAP:0.89321][mAP_all:0.89548][best_mAP:0.89321]
2023-10-26 03:57:53.329 | INFO     | hyp2:train:221 - [iter:29/50][code_length:32][zs_mAP:0.45518][zs_mAP_all:0.26784]
2023-10-26 03:58:08.273 | INFO     | hyp2:train:143 - [epoch:1/3][loss:0.609975]
2023-10-26 03:58:23.126 | INFO     | hyp2:train:143 - [epoch:2/3][loss:0.402802]
2023-10-26 03:58:37.728 | INFO     | hyp2:train:143 - [epoch:3/3][loss:0.292417]
2023-10-26 03:58:37.729 | INFO     | hyp2:train:150 - [iter:30/50][iter_time:44.40]
2023-10-26 04:04:11.468 | INFO     | hyp2:train:220 - [iter:30/50][code_length:32][mAP:0.89396][mAP_all:0.89592][best_mAP:0.89396]
2023-10-26 04:04:11.469 | INFO     | hyp2:train:221 - [iter:30/50][code_length:32][zs_mAP:0.45139][zs_mAP_all:0.27082]
2023-10-26 04:04:25.467 | INFO     | hyp2:train:143 - [epoch:1/3][loss:0.502505]
2023-10-26 04:04:40.186 | INFO     | hyp2:train:143 - [epoch:2/3][loss:0.373310]
2023-10-26 04:04:54.951 | INFO     | hyp2:train:143 - [epoch:3/3][loss:0.462347]
2023-10-26 04:04:54.951 | INFO     | hyp2:train:150 - [iter:31/50][iter_time:43.48]
2023-10-26 04:10:29.991 | INFO     | hyp2:train:220 - [iter:31/50][code_length:32][mAP:0.89121][mAP_all:0.89359][best_mAP:0.89396]
2023-10-26 04:10:29.992 | INFO     | hyp2:train:221 - [iter:31/50][code_length:32][zs_mAP:0.45773][zs_mAP_all:0.27036]
2023-10-26 04:10:43.993 | INFO     | hyp2:train:143 - [epoch:1/3][loss:0.516914]
2023-10-26 04:10:58.588 | INFO     | hyp2:train:143 - [epoch:2/3][loss:0.566225]
2023-10-26 04:11:13.046 | INFO     | hyp2:train:143 - [epoch:3/3][loss:0.725285]
2023-10-26 04:11:13.047 | INFO     | hyp2:train:150 - [iter:32/50][iter_time:43.06]
2023-10-26 04:16:46.114 | INFO     | hyp2:train:220 - [iter:32/50][code_length:32][mAP:0.89144][mAP_all:0.89407][best_mAP:0.89396]
2023-10-26 04:16:46.115 | INFO     | hyp2:train:221 - [iter:32/50][code_length:32][zs_mAP:0.45814][zs_mAP_all:0.27085]
2023-10-26 04:17:00.813 | INFO     | hyp2:train:143 - [epoch:1/3][loss:0.551962]
2023-10-26 04:17:15.698 | INFO     | hyp2:train:143 - [epoch:2/3][loss:0.561613]
2023-10-26 04:17:30.417 | INFO     | hyp2:train:143 - [epoch:3/3][loss:0.501656]
2023-10-26 04:17:30.418 | INFO     | hyp2:train:150 - [iter:33/50][iter_time:44.30]
2023-10-26 04:23:06.736 | INFO     | hyp2:train:220 - [iter:33/50][code_length:32][mAP:0.89323][mAP_all:0.89566][best_mAP:0.89396]
2023-10-26 04:23:06.736 | INFO     | hyp2:train:221 - [iter:33/50][code_length:32][zs_mAP:0.45761][zs_mAP_all:0.26939]
2023-10-26 04:23:21.328 | INFO     | hyp2:train:143 - [epoch:1/3][loss:0.420919]
2023-10-26 04:23:35.817 | INFO     | hyp2:train:143 - [epoch:2/3][loss:0.488848]
2023-10-26 04:23:50.590 | INFO     | hyp2:train:143 - [epoch:3/3][loss:0.394721]
2023-10-26 04:23:50.591 | INFO     | hyp2:train:150 - [iter:34/50][iter_time:43.85]
2023-10-26 04:29:26.794 | INFO     | hyp2:train:220 - [iter:34/50][code_length:32][mAP:0.89251][mAP_all:0.89485][best_mAP:0.89396]
2023-10-26 04:29:26.795 | INFO     | hyp2:train:221 - [iter:34/50][code_length:32][zs_mAP:0.45549][zs_mAP_all:0.27069]
2023-10-26 04:29:41.822 | INFO     | hyp2:train:143 - [epoch:1/3][loss:0.592040]
2023-10-26 04:29:56.497 | INFO     | hyp2:train:143 - [epoch:2/3][loss:0.386227]
2023-10-26 04:30:11.136 | INFO     | hyp2:train:143 - [epoch:3/3][loss:0.381270]
2023-10-26 04:30:11.136 | INFO     | hyp2:train:150 - [iter:35/50][iter_time:44.34]
2023-10-26 04:35:44.435 | INFO     | hyp2:train:220 - [iter:35/50][code_length:32][mAP:0.89313][mAP_all:0.89539][best_mAP:0.89396]
2023-10-26 04:35:44.436 | INFO     | hyp2:train:221 - [iter:35/50][code_length:32][zs_mAP:0.45219][zs_mAP_all:0.26793]
2023-10-26 04:35:59.076 | INFO     | hyp2:train:143 - [epoch:1/3][loss:0.496019]
2023-10-26 04:36:13.677 | INFO     | hyp2:train:143 - [epoch:2/3][loss:0.380721]
2023-10-26 04:36:28.358 | INFO     | hyp2:train:143 - [epoch:3/3][loss:0.364076]
2023-10-26 04:36:28.359 | INFO     | hyp2:train:150 - [iter:36/50][iter_time:43.92]
2023-10-26 04:42:04.157 | INFO     | hyp2:train:220 - [iter:36/50][code_length:32][mAP:0.89401][mAP_all:0.89651][best_mAP:0.89401]
2023-10-26 04:42:04.157 | INFO     | hyp2:train:221 - [iter:36/50][code_length:32][zs_mAP:0.46052][zs_mAP_all:0.27563]
2023-10-26 04:42:18.852 | INFO     | hyp2:train:143 - [epoch:1/3][loss:0.379352]
2023-10-26 04:42:33.513 | INFO     | hyp2:train:143 - [epoch:2/3][loss:0.470805]
2023-10-26 04:42:48.068 | INFO     | hyp2:train:143 - [epoch:3/3][loss:0.194052]
2023-10-26 04:42:48.069 | INFO     | hyp2:train:150 - [iter:37/50][iter_time:43.91]
2023-10-26 04:48:24.153 | INFO     | hyp2:train:220 - [iter:37/50][code_length:32][mAP:0.89272][mAP_all:0.89492][best_mAP:0.89401]
2023-10-26 04:48:24.153 | INFO     | hyp2:train:221 - [iter:37/50][code_length:32][zs_mAP:0.45152][zs_mAP_all:0.26977]
2023-10-26 04:48:38.612 | INFO     | hyp2:train:143 - [epoch:1/3][loss:0.565237]
2023-10-26 04:48:53.113 | INFO     | hyp2:train:143 - [epoch:2/3][loss:0.632078]
2023-10-26 04:49:07.992 | INFO     | hyp2:train:143 - [epoch:3/3][loss:0.440565]
2023-10-26 04:49:07.993 | INFO     | hyp2:train:150 - [iter:38/50][iter_time:43.84]
2023-10-26 04:54:40.446 | INFO     | hyp2:train:220 - [iter:38/50][code_length:32][mAP:0.89145][mAP_all:0.89431][best_mAP:0.89401]
2023-10-26 04:54:40.447 | INFO     | hyp2:train:221 - [iter:38/50][code_length:32][zs_mAP:0.45983][zs_mAP_all:0.27575]
2023-10-26 04:54:55.125 | INFO     | hyp2:train:143 - [epoch:1/3][loss:0.446719]
2023-10-26 04:55:09.850 | INFO     | hyp2:train:143 - [epoch:2/3][loss:0.464428]
2023-10-26 04:55:24.618 | INFO     | hyp2:train:143 - [epoch:3/3][loss:0.430092]
2023-10-26 04:55:24.619 | INFO     | hyp2:train:150 - [iter:39/50][iter_time:44.17]
2023-10-26 05:00:57.955 | INFO     | hyp2:train:220 - [iter:39/50][code_length:32][mAP:0.89361][mAP_all:0.89606][best_mAP:0.89401]
2023-10-26 05:00:57.956 | INFO     | hyp2:train:221 - [iter:39/50][code_length:32][zs_mAP:0.45368][zs_mAP_all:0.26723]
2023-10-26 05:01:12.442 | INFO     | hyp2:train:143 - [epoch:1/3][loss:0.479786]
2023-10-26 05:01:27.006 | INFO     | hyp2:train:143 - [epoch:2/3][loss:0.433577]
2023-10-26 05:01:41.785 | INFO     | hyp2:train:143 - [epoch:3/3][loss:0.470223]
2023-10-26 05:01:41.786 | INFO     | hyp2:train:150 - [iter:40/50][iter_time:43.83]
2023-10-26 05:07:17.012 | INFO     | hyp2:train:220 - [iter:40/50][code_length:32][mAP:0.89164][mAP_all:0.89399][best_mAP:0.89401]
2023-10-26 05:07:17.013 | INFO     | hyp2:train:221 - [iter:40/50][code_length:32][zs_mAP:0.45660][zs_mAP_all:0.27331]
2023-10-26 05:07:31.678 | INFO     | hyp2:train:143 - [epoch:1/3][loss:0.751833]
2023-10-26 05:07:46.342 | INFO     | hyp2:train:143 - [epoch:2/3][loss:0.492867]
2023-10-26 05:08:00.861 | INFO     | hyp2:train:143 - [epoch:3/3][loss:0.752326]
2023-10-26 05:08:00.862 | INFO     | hyp2:train:150 - [iter:41/50][iter_time:43.85]
2023-10-26 05:13:36.136 | INFO     | hyp2:train:220 - [iter:41/50][code_length:32][mAP:0.89287][mAP_all:0.89518][best_mAP:0.89401]
2023-10-26 05:13:36.137 | INFO     | hyp2:train:221 - [iter:41/50][code_length:32][zs_mAP:0.45843][zs_mAP_all:0.27276]
2023-10-26 05:13:50.662 | INFO     | hyp2:train:143 - [epoch:1/3][loss:0.423721]
2023-10-26 05:14:05.348 | INFO     | hyp2:train:143 - [epoch:2/3][loss:0.403939]
2023-10-26 05:14:20.050 | INFO     | hyp2:train:143 - [epoch:3/3][loss:0.545255]
2023-10-26 05:14:20.051 | INFO     | hyp2:train:150 - [iter:42/50][iter_time:43.91]
2023-10-26 05:19:54.959 | INFO     | hyp2:train:220 - [iter:42/50][code_length:32][mAP:0.89071][mAP_all:0.89327][best_mAP:0.89401]
2023-10-26 05:19:54.960 | INFO     | hyp2:train:221 - [iter:42/50][code_length:32][zs_mAP:0.45820][zs_mAP_all:0.27296]
2023-10-26 05:20:09.432 | INFO     | hyp2:train:143 - [epoch:1/3][loss:0.342391]
2023-10-26 05:20:24.012 | INFO     | hyp2:train:143 - [epoch:2/3][loss:0.567233]
2023-10-26 05:20:38.593 | INFO     | hyp2:train:143 - [epoch:3/3][loss:0.341231]
2023-10-26 05:20:38.594 | INFO     | hyp2:train:150 - [iter:43/50][iter_time:43.63]
2023-10-26 05:26:13.733 | INFO     | hyp2:train:220 - [iter:43/50][code_length:32][mAP:0.89224][mAP_all:0.89501][best_mAP:0.89401]
2023-10-26 05:26:13.733 | INFO     | hyp2:train:221 - [iter:43/50][code_length:32][zs_mAP:0.45608][zs_mAP_all:0.27070]
2023-10-26 05:26:28.656 | INFO     | hyp2:train:143 - [epoch:1/3][loss:0.306537]
2023-10-26 05:26:43.906 | INFO     | hyp2:train:143 - [epoch:2/3][loss:0.461828]
2023-10-26 05:26:59.208 | INFO     | hyp2:train:143 - [epoch:3/3][loss:0.436741]
2023-10-26 05:26:59.209 | INFO     | hyp2:train:150 - [iter:44/50][iter_time:45.48]
2023-10-26 05:32:32.052 | INFO     | hyp2:train:220 - [iter:44/50][code_length:32][mAP:0.89318][mAP_all:0.89532][best_mAP:0.89401]
2023-10-26 05:32:32.053 | INFO     | hyp2:train:221 - [iter:44/50][code_length:32][zs_mAP:0.45311][zs_mAP_all:0.26798]
2023-10-26 05:32:46.717 | INFO     | hyp2:train:143 - [epoch:1/3][loss:0.511815]
2023-10-26 05:33:01.616 | INFO     | hyp2:train:143 - [epoch:2/3][loss:0.502517]
2023-10-26 05:33:16.135 | INFO     | hyp2:train:143 - [epoch:3/3][loss:0.556830]
2023-10-26 05:33:16.135 | INFO     | hyp2:train:150 - [iter:45/50][iter_time:44.08]
2023-10-26 05:38:49.885 | INFO     | hyp2:train:220 - [iter:45/50][code_length:32][mAP:0.89291][mAP_all:0.89559][best_mAP:0.89401]
2023-10-26 05:38:49.885 | INFO     | hyp2:train:221 - [iter:45/50][code_length:32][zs_mAP:0.45735][zs_mAP_all:0.27393]
2023-10-26 05:39:04.386 | INFO     | hyp2:train:143 - [epoch:1/3][loss:0.245247]
2023-10-26 05:39:18.902 | INFO     | hyp2:train:143 - [epoch:2/3][loss:0.294209]
2023-10-26 05:39:33.382 | INFO     | hyp2:train:143 - [epoch:3/3][loss:0.376096]
2023-10-26 05:39:33.383 | INFO     | hyp2:train:150 - [iter:46/50][iter_time:43.50]
2023-10-26 05:45:06.221 | INFO     | hyp2:train:220 - [iter:46/50][code_length:32][mAP:0.89250][mAP_all:0.89502][best_mAP:0.89401]
2023-10-26 05:45:06.221 | INFO     | hyp2:train:221 - [iter:46/50][code_length:32][zs_mAP:0.45603][zs_mAP_all:0.27279]
2023-10-26 05:45:21.158 | INFO     | hyp2:train:143 - [epoch:1/3][loss:0.446127]
2023-10-26 05:45:35.701 | INFO     | hyp2:train:143 - [epoch:2/3][loss:0.450847]
2023-10-26 05:45:50.542 | INFO     | hyp2:train:143 - [epoch:3/3][loss:0.451662]
2023-10-26 05:45:50.543 | INFO     | hyp2:train:150 - [iter:47/50][iter_time:44.32]
2023-10-26 05:51:27.185 | INFO     | hyp2:train:220 - [iter:47/50][code_length:32][mAP:0.89110][mAP_all:0.89347][best_mAP:0.89401]
2023-10-26 05:51:27.185 | INFO     | hyp2:train:221 - [iter:47/50][code_length:32][zs_mAP:0.45519][zs_mAP_all:0.27005]
2023-10-26 05:51:41.758 | INFO     | hyp2:train:143 - [epoch:1/3][loss:0.485473]
2023-10-26 05:51:56.337 | INFO     | hyp2:train:143 - [epoch:2/3][loss:0.514676]
2023-10-26 05:52:10.814 | INFO     | hyp2:train:143 - [epoch:3/3][loss:0.451104]
2023-10-26 05:52:10.815 | INFO     | hyp2:train:150 - [iter:48/50][iter_time:43.63]
2023-10-26 05:57:46.914 | INFO     | hyp2:train:220 - [iter:48/50][code_length:32][mAP:0.89242][mAP_all:0.89471][best_mAP:0.89401]
2023-10-26 05:57:46.915 | INFO     | hyp2:train:221 - [iter:48/50][code_length:32][zs_mAP:0.45897][zs_mAP_all:0.27073]
2023-10-26 05:58:01.456 | INFO     | hyp2:train:143 - [epoch:1/3][loss:0.606851]
2023-10-26 05:58:16.380 | INFO     | hyp2:train:143 - [epoch:2/3][loss:0.494837]
2023-10-26 05:58:31.466 | INFO     | hyp2:train:143 - [epoch:3/3][loss:0.384362]
2023-10-26 05:58:31.467 | INFO     | hyp2:train:150 - [iter:49/50][iter_time:44.55]
2023-10-26 06:04:05.447 | INFO     | hyp2:train:220 - [iter:49/50][code_length:32][mAP:0.89296][mAP_all:0.89535][best_mAP:0.89401]
2023-10-26 06:04:05.447 | INFO     | hyp2:train:221 - [iter:49/50][code_length:32][zs_mAP:0.46286][zs_mAP_all:0.27404]
2023-10-26 06:04:19.538 | INFO     | hyp2:train:143 - [epoch:1/3][loss:0.450871]
2023-10-26 06:04:34.845 | INFO     | hyp2:train:143 - [epoch:2/3][loss:0.263675]
2023-10-26 06:04:50.145 | INFO     | hyp2:train:143 - [epoch:3/3][loss:0.439510]
2023-10-26 06:04:50.145 | INFO     | hyp2:train:150 - [iter:50/50][iter_time:44.70]
2023-10-26 06:10:25.757 | INFO     | hyp2:train:220 - [iter:50/50][code_length:32][mAP:0.89335][mAP_all:0.89510][best_mAP:0.89401]
2023-10-26 06:10:25.758 | INFO     | hyp2:train:221 - [iter:50/50][code_length:32][zs_mAP:0.45366][zs_mAP_all:0.26882]
2023-10-26 06:10:25.758 | INFO     | hyp2:train:223 - [Training time:18947.43]
2023-10-26 06:10:25.770 | INFO     | __main__:run:126 - [code_length:32][map:0.8940][map_all:0.8965][zs_map:0.4605][zs_map_all:0.2756]
2023-10-26 06:10:40.327 | INFO     | hyp2:train:143 - [epoch:1/3][loss:0.981755]
2023-10-26 06:10:54.351 | INFO     | hyp2:train:143 - [epoch:2/3][loss:0.641055]
2023-10-26 06:11:08.964 | INFO     | hyp2:train:143 - [epoch:3/3][loss:0.723962]
2023-10-26 06:11:08.965 | INFO     | hyp2:train:150 - [iter:1/50][iter_time:42.38]
2023-10-26 06:16:43.193 | INFO     | hyp2:train:220 - [iter:1/50][code_length:64][mAP:0.82511][mAP_all:0.82991][best_mAP:0.82511]
2023-10-26 06:16:43.193 | INFO     | hyp2:train:221 - [iter:1/50][code_length:64][zs_mAP:0.43979][zs_mAP_all:0.25986]
2023-10-26 06:16:57.951 | INFO     | hyp2:train:143 - [epoch:1/3][loss:0.654935]
2023-10-26 06:17:12.602 | INFO     | hyp2:train:143 - [epoch:2/3][loss:0.842634]
2023-10-26 06:17:27.270 | INFO     | hyp2:train:143 - [epoch:3/3][loss:0.658998]
2023-10-26 06:17:27.271 | INFO     | hyp2:train:150 - [iter:2/50][iter_time:44.08]
2023-10-26 06:23:01.712 | INFO     | hyp2:train:220 - [iter:2/50][code_length:64][mAP:0.83893][mAP_all:0.84191][best_mAP:0.83893]
2023-10-26 06:23:01.713 | INFO     | hyp2:train:221 - [iter:2/50][code_length:64][zs_mAP:0.42703][zs_mAP_all:0.24363]
2023-10-26 06:23:16.961 | INFO     | hyp2:train:143 - [epoch:1/3][loss:0.639640]
2023-10-26 06:23:31.920 | INFO     | hyp2:train:143 - [epoch:2/3][loss:0.517755]
2023-10-26 06:23:46.998 | INFO     | hyp2:train:143 - [epoch:3/3][loss:0.646178]
2023-10-26 06:23:46.998 | INFO     | hyp2:train:150 - [iter:3/50][iter_time:45.29]
2023-10-26 06:29:19.547 | INFO     | hyp2:train:220 - [iter:3/50][code_length:64][mAP:0.82241][mAP_all:0.82429][best_mAP:0.83893]
2023-10-26 06:29:19.548 | INFO     | hyp2:train:221 - [iter:3/50][code_length:64][zs_mAP:0.38987][zs_mAP_all:0.21267]
2023-10-26 06:29:33.484 | INFO     | hyp2:train:143 - [epoch:1/3][loss:0.740296]
2023-10-26 06:29:47.286 | INFO     | hyp2:train:143 - [epoch:2/3][loss:0.514983]
2023-10-26 06:30:01.276 | INFO     | hyp2:train:143 - [epoch:3/3][loss:0.652441]
2023-10-26 06:30:01.277 | INFO     | hyp2:train:150 - [iter:4/50][iter_time:41.73]
2023-10-26 06:35:36.141 | INFO     | hyp2:train:220 - [iter:4/50][code_length:64][mAP:0.85385][mAP_all:0.85668][best_mAP:0.85385]
2023-10-26 06:35:36.141 | INFO     | hyp2:train:221 - [iter:4/50][code_length:64][zs_mAP:0.46758][zs_mAP_all:0.27340]
2023-10-26 06:35:50.886 | INFO     | hyp2:train:143 - [epoch:1/3][loss:0.537746]
2023-10-26 06:36:05.800 | INFO     | hyp2:train:143 - [epoch:2/3][loss:0.607326]
2023-10-26 06:36:20.656 | INFO     | hyp2:train:143 - [epoch:3/3][loss:0.399637]
2023-10-26 06:36:20.657 | INFO     | hyp2:train:150 - [iter:5/50][iter_time:44.52]
2023-10-26 06:41:53.865 | INFO     | hyp2:train:220 - [iter:5/50][code_length:64][mAP:0.86146][mAP_all:0.86582][best_mAP:0.86146]
2023-10-26 06:41:53.866 | INFO     | hyp2:train:221 - [iter:5/50][code_length:64][zs_mAP:0.48774][zs_mAP_all:0.29282]
2023-10-26 06:42:08.525 | INFO     | hyp2:train:143 - [epoch:1/3][loss:0.572544]
2023-10-26 06:42:23.926 | INFO     | hyp2:train:143 - [epoch:2/3][loss:0.653275]
2023-10-26 06:42:39.178 | INFO     | hyp2:train:143 - [epoch:3/3][loss:0.541605]
2023-10-26 06:42:39.179 | INFO     | hyp2:train:150 - [iter:6/50][iter_time:45.31]
2023-10-26 06:48:13.780 | INFO     | hyp2:train:220 - [iter:6/50][code_length:64][mAP:0.85530][mAP_all:0.85980][best_mAP:0.86146]
2023-10-26 06:48:13.780 | INFO     | hyp2:train:221 - [iter:6/50][code_length:64][zs_mAP:0.46683][zs_mAP_all:0.29462]
2023-10-26 06:48:28.916 | INFO     | hyp2:train:143 - [epoch:1/3][loss:0.526273]
2023-10-26 06:48:44.087 | INFO     | hyp2:train:143 - [epoch:2/3][loss:0.540476]
2023-10-26 06:48:59.276 | INFO     | hyp2:train:143 - [epoch:3/3][loss:0.611388]
2023-10-26 06:48:59.277 | INFO     | hyp2:train:150 - [iter:7/50][iter_time:45.50]
2023-10-26 06:54:32.404 | INFO     | hyp2:train:220 - [iter:7/50][code_length:64][mAP:0.86967][mAP_all:0.87288][best_mAP:0.86967]
2023-10-26 06:54:32.405 | INFO     | hyp2:train:221 - [iter:7/50][code_length:64][zs_mAP:0.47213][zs_mAP_all:0.30393]
2023-10-26 06:54:46.105 | INFO     | hyp2:train:143 - [epoch:1/3][loss:0.441124]
2023-10-26 06:55:00.050 | INFO     | hyp2:train:143 - [epoch:2/3][loss:0.593443]
2023-10-26 06:55:13.882 | INFO     | hyp2:train:143 - [epoch:3/3][loss:0.493623]
2023-10-26 06:55:13.882 | INFO     | hyp2:train:150 - [iter:8/50][iter_time:41.48]
2023-10-26 07:00:46.508 | INFO     | hyp2:train:220 - [iter:8/50][code_length:64][mAP:0.87405][mAP_all:0.87579][best_mAP:0.87405]
2023-10-26 07:00:46.509 | INFO     | hyp2:train:221 - [iter:8/50][code_length:64][zs_mAP:0.47460][zs_mAP_all:0.29794]
2023-10-26 07:01:01.766 | INFO     | hyp2:train:143 - [epoch:1/3][loss:0.522994]
2023-10-26 07:01:17.062 | INFO     | hyp2:train:143 - [epoch:2/3][loss:0.506588]
2023-10-26 07:01:32.166 | INFO     | hyp2:train:143 - [epoch:3/3][loss:0.385268]
2023-10-26 07:01:32.167 | INFO     | hyp2:train:150 - [iter:9/50][iter_time:45.66]
2023-10-26 07:07:06.721 | INFO     | hyp2:train:220 - [iter:9/50][code_length:64][mAP:0.88083][mAP_all:0.88154][best_mAP:0.88083]
2023-10-26 07:07:06.721 | INFO     | hyp2:train:221 - [iter:9/50][code_length:64][zs_mAP:0.46380][zs_mAP_all:0.28648]
2023-10-26 07:07:21.269 | INFO     | hyp2:train:143 - [epoch:1/3][loss:0.552757]
2023-10-26 07:07:35.986 | INFO     | hyp2:train:143 - [epoch:2/3][loss:0.428983]
2023-10-26 07:07:50.496 | INFO     | hyp2:train:143 - [epoch:3/3][loss:0.522245]
2023-10-26 07:07:50.496 | INFO     | hyp2:train:150 - [iter:10/50][iter_time:43.77]
2023-10-26 07:13:27.805 | INFO     | hyp2:train:220 - [iter:10/50][code_length:64][mAP:0.88139][mAP_all:0.88277][best_mAP:0.88139]
2023-10-26 07:13:27.806 | INFO     | hyp2:train:221 - [iter:10/50][code_length:64][zs_mAP:0.45829][zs_mAP_all:0.28573]
2023-10-26 07:13:42.499 | INFO     | hyp2:train:143 - [epoch:1/3][loss:0.608517]
2023-10-26 07:13:57.358 | INFO     | hyp2:train:143 - [epoch:2/3][loss:0.533162]
2023-10-26 07:14:12.503 | INFO     | hyp2:train:143 - [epoch:3/3][loss:0.532342]
2023-10-26 07:14:12.504 | INFO     | hyp2:train:150 - [iter:11/50][iter_time:44.70]
2023-10-26 07:19:47.033 | INFO     | hyp2:train:220 - [iter:11/50][code_length:64][mAP:0.88536][mAP_all:0.88672][best_mAP:0.88536]
2023-10-26 07:19:47.034 | INFO     | hyp2:train:221 - [iter:11/50][code_length:64][zs_mAP:0.46057][zs_mAP_all:0.28557]
2023-10-26 07:20:01.655 | INFO     | hyp2:train:143 - [epoch:1/3][loss:0.621332]
2023-10-26 07:20:16.226 | INFO     | hyp2:train:143 - [epoch:2/3][loss:0.457444]
2023-10-26 07:20:30.686 | INFO     | hyp2:train:143 - [epoch:3/3][loss:0.561168]
2023-10-26 07:20:30.687 | INFO     | hyp2:train:150 - [iter:12/50][iter_time:43.65]
2023-10-26 07:26:05.628 | INFO     | hyp2:train:220 - [iter:12/50][code_length:64][mAP:0.88641][mAP_all:0.88852][best_mAP:0.88641]
2023-10-26 07:26:05.629 | INFO     | hyp2:train:221 - [iter:12/50][code_length:64][zs_mAP:0.46089][zs_mAP_all:0.27139]
2023-10-26 07:26:19.014 | INFO     | hyp2:train:143 - [epoch:1/3][loss:0.516048]
2023-10-26 07:26:32.496 | INFO     | hyp2:train:143 - [epoch:2/3][loss:0.533794]
2023-10-26 07:26:47.389 | INFO     | hyp2:train:143 - [epoch:3/3][loss:0.432980]
2023-10-26 07:26:47.390 | INFO     | hyp2:train:150 - [iter:13/50][iter_time:41.76]
2023-10-26 07:32:21.124 | INFO     | hyp2:train:220 - [iter:13/50][code_length:64][mAP:0.88821][mAP_all:0.88985][best_mAP:0.88821]
2023-10-26 07:32:21.125 | INFO     | hyp2:train:221 - [iter:13/50][code_length:64][zs_mAP:0.45522][zs_mAP_all:0.28809]
2023-10-26 07:32:35.610 | INFO     | hyp2:train:143 - [epoch:1/3][loss:0.739093]
2023-10-26 07:32:50.126 | INFO     | hyp2:train:143 - [epoch:2/3][loss:0.462280]
2023-10-26 07:33:04.657 | INFO     | hyp2:train:143 - [epoch:3/3][loss:0.531776]
2023-10-26 07:33:04.658 | INFO     | hyp2:train:150 - [iter:14/50][iter_time:43.53]
2023-10-26 07:38:41.436 | INFO     | hyp2:train:220 - [iter:14/50][code_length:64][mAP:0.89029][mAP_all:0.89159][best_mAP:0.89029]
2023-10-26 07:38:41.437 | INFO     | hyp2:train:221 - [iter:14/50][code_length:64][zs_mAP:0.45700][zs_mAP_all:0.29465]
2023-10-26 07:38:55.828 | INFO     | hyp2:train:143 - [epoch:1/3][loss:0.479361]
2023-10-26 07:39:10.300 | INFO     | hyp2:train:143 - [epoch:2/3][loss:0.507622]
2023-10-26 07:39:24.924 | INFO     | hyp2:train:143 - [epoch:3/3][loss:0.532792]
2023-10-26 07:39:24.924 | INFO     | hyp2:train:150 - [iter:15/50][iter_time:43.49]
2023-10-26 07:44:59.925 | INFO     | hyp2:train:220 - [iter:15/50][code_length:64][mAP:0.89503][mAP_all:0.89605][best_mAP:0.89503]
2023-10-26 07:44:59.926 | INFO     | hyp2:train:221 - [iter:15/50][code_length:64][zs_mAP:0.46412][zs_mAP_all:0.29619]
2023-10-26 07:45:14.522 | INFO     | hyp2:train:143 - [epoch:1/3][loss:0.474897]
2023-10-26 07:45:29.101 | INFO     | hyp2:train:143 - [epoch:2/3][loss:0.563651]
2023-10-26 07:45:43.603 | INFO     | hyp2:train:143 - [epoch:3/3][loss:0.482412]
2023-10-26 07:45:43.603 | INFO     | hyp2:train:150 - [iter:16/50][iter_time:43.68]
2023-10-26 07:51:16.575 | INFO     | hyp2:train:220 - [iter:16/50][code_length:64][mAP:0.89463][mAP_all:0.89641][best_mAP:0.89503]
2023-10-26 07:51:16.576 | INFO     | hyp2:train:221 - [iter:16/50][code_length:64][zs_mAP:0.46851][zs_mAP_all:0.30059]
2023-10-26 07:51:31.411 | INFO     | hyp2:train:143 - [epoch:1/3][loss:0.597644]
2023-10-26 07:51:45.990 | INFO     | hyp2:train:143 - [epoch:2/3][loss:0.545715]
2023-10-26 07:52:00.553 | INFO     | hyp2:train:143 - [epoch:3/3][loss:0.494937]
2023-10-26 07:52:00.553 | INFO     | hyp2:train:150 - [iter:17/50][iter_time:43.98]
2023-10-26 07:57:32.387 | INFO     | hyp2:train:220 - [iter:17/50][code_length:64][mAP:0.89282][mAP_all:0.89501][best_mAP:0.89503]
2023-10-26 07:57:32.387 | INFO     | hyp2:train:221 - [iter:17/50][code_length:64][zs_mAP:0.46652][zs_mAP_all:0.29714]
2023-10-26 07:57:47.017 | INFO     | hyp2:train:143 - [epoch:1/3][loss:0.797199]
2023-10-26 07:58:01.644 | INFO     | hyp2:train:143 - [epoch:2/3][loss:0.418184]
2023-10-26 07:58:16.400 | INFO     | hyp2:train:143 - [epoch:3/3][loss:0.392293]
2023-10-26 07:58:16.401 | INFO     | hyp2:train:150 - [iter:18/50][iter_time:44.01]
2023-10-26 08:03:49.273 | INFO     | hyp2:train:220 - [iter:18/50][code_length:64][mAP:0.89413][mAP_all:0.89627][best_mAP:0.89503]
2023-10-26 08:03:49.273 | INFO     | hyp2:train:221 - [iter:18/50][code_length:64][zs_mAP:0.47432][zs_mAP_all:0.30202]
2023-10-26 08:04:03.689 | INFO     | hyp2:train:143 - [epoch:1/3][loss:0.478732]
2023-10-26 08:04:18.273 | INFO     | hyp2:train:143 - [epoch:2/3][loss:0.523333]
2023-10-26 08:04:32.786 | INFO     | hyp2:train:143 - [epoch:3/3][loss:0.601367]
2023-10-26 08:04:32.787 | INFO     | hyp2:train:150 - [iter:19/50][iter_time:43.51]
2023-10-26 08:10:07.789 | INFO     | hyp2:train:220 - [iter:19/50][code_length:64][mAP:0.89564][mAP_all:0.89749][best_mAP:0.89564]
2023-10-26 08:10:07.790 | INFO     | hyp2:train:221 - [iter:19/50][code_length:64][zs_mAP:0.47061][zs_mAP_all:0.30288]
2023-10-26 08:10:22.497 | INFO     | hyp2:train:143 - [epoch:1/3][loss:0.587740]
2023-10-26 08:10:37.184 | INFO     | hyp2:train:143 - [epoch:2/3][loss:0.625395]
2023-10-26 08:10:51.681 | INFO     | hyp2:train:143 - [epoch:3/3][loss:0.401001]
2023-10-26 08:10:51.682 | INFO     | hyp2:train:150 - [iter:20/50][iter_time:43.89]
2023-10-26 08:16:24.517 | INFO     | hyp2:train:220 - [iter:20/50][code_length:64][mAP:0.89460][mAP_all:0.89587][best_mAP:0.89564]
2023-10-26 08:16:24.518 | INFO     | hyp2:train:221 - [iter:20/50][code_length:64][zs_mAP:0.46520][zs_mAP_all:0.29853]
2023-10-26 08:16:37.538 | INFO     | hyp2:train:143 - [epoch:1/3][loss:0.469117]
2023-10-26 08:16:51.395 | INFO     | hyp2:train:143 - [epoch:2/3][loss:0.640704]
2023-10-26 08:17:05.198 | INFO     | hyp2:train:143 - [epoch:3/3][loss:0.472236]
2023-10-26 08:17:05.199 | INFO     | hyp2:train:150 - [iter:21/50][iter_time:40.68]
2023-10-26 08:22:38.484 | INFO     | hyp2:train:220 - [iter:21/50][code_length:64][mAP:0.89442][mAP_all:0.89639][best_mAP:0.89564]
2023-10-26 08:22:38.485 | INFO     | hyp2:train:221 - [iter:21/50][code_length:64][zs_mAP:0.47478][zs_mAP_all:0.30433]
2023-10-26 08:22:52.995 | INFO     | hyp2:train:143 - [epoch:1/3][loss:0.597650]
2023-10-26 08:23:07.681 | INFO     | hyp2:train:143 - [epoch:2/3][loss:0.446014]
2023-10-26 08:23:22.547 | INFO     | hyp2:train:143 - [epoch:3/3][loss:0.567985]
2023-10-26 08:23:22.547 | INFO     | hyp2:train:150 - [iter:22/50][iter_time:44.06]
2023-10-26 08:28:59.580 | INFO     | hyp2:train:220 - [iter:22/50][code_length:64][mAP:0.89556][mAP_all:0.89720][best_mAP:0.89564]
2023-10-26 08:28:59.581 | INFO     | hyp2:train:221 - [iter:22/50][code_length:64][zs_mAP:0.46919][zs_mAP_all:0.30052]
2023-10-26 08:29:14.133 | INFO     | hyp2:train:143 - [epoch:1/3][loss:0.490687]
2023-10-26 08:29:28.663 | INFO     | hyp2:train:143 - [epoch:2/3][loss:0.407291]
2023-10-26 08:29:43.278 | INFO     | hyp2:train:143 - [epoch:3/3][loss:0.702513]
2023-10-26 08:29:43.279 | INFO     | hyp2:train:150 - [iter:23/50][iter_time:43.70]
2023-10-26 08:35:18.454 | INFO     | hyp2:train:220 - [iter:23/50][code_length:64][mAP:0.89657][mAP_all:0.89814][best_mAP:0.89657]
2023-10-26 08:35:18.454 | INFO     | hyp2:train:221 - [iter:23/50][code_length:64][zs_mAP:0.47137][zs_mAP_all:0.30330]
2023-10-26 08:35:33.177 | INFO     | hyp2:train:143 - [epoch:1/3][loss:0.732426]
2023-10-26 08:35:47.945 | INFO     | hyp2:train:143 - [epoch:2/3][loss:0.865381]
2023-10-26 08:36:02.644 | INFO     | hyp2:train:143 - [epoch:3/3][loss:0.526946]
2023-10-26 08:36:02.645 | INFO     | hyp2:train:150 - [iter:24/50][iter_time:44.19]
2023-10-26 08:41:34.564 | INFO     | hyp2:train:220 - [iter:24/50][code_length:64][mAP:0.89584][mAP_all:0.89781][best_mAP:0.89657]
2023-10-26 08:41:34.565 | INFO     | hyp2:train:221 - [iter:24/50][code_length:64][zs_mAP:0.47702][zs_mAP_all:0.30671]
2023-10-26 08:41:49.343 | INFO     | hyp2:train:143 - [epoch:1/3][loss:0.564459]
2023-10-26 08:42:03.889 | INFO     | hyp2:train:143 - [epoch:2/3][loss:0.428197]
2023-10-26 08:42:18.407 | INFO     | hyp2:train:143 - [epoch:3/3][loss:0.472262]
2023-10-26 08:42:18.408 | INFO     | hyp2:train:150 - [iter:25/50][iter_time:43.84]
2023-10-26 08:47:53.598 | INFO     | hyp2:train:220 - [iter:25/50][code_length:64][mAP:0.89651][mAP_all:0.89794][best_mAP:0.89657]
2023-10-26 08:47:53.598 | INFO     | hyp2:train:221 - [iter:25/50][code_length:64][zs_mAP:0.47864][zs_mAP_all:0.30567]
2023-10-26 08:48:08.353 | INFO     | hyp2:train:143 - [epoch:1/3][loss:0.378155]
2023-10-26 08:48:22.872 | INFO     | hyp2:train:143 - [epoch:2/3][loss:0.468975]
2023-10-26 08:48:37.402 | INFO     | hyp2:train:143 - [epoch:3/3][loss:0.508922]
2023-10-26 08:48:37.402 | INFO     | hyp2:train:150 - [iter:26/50][iter_time:43.80]
2023-10-26 08:54:08.175 | INFO     | hyp2:train:220 - [iter:26/50][code_length:64][mAP:0.89638][mAP_all:0.89798][best_mAP:0.89657]
2023-10-26 08:54:08.175 | INFO     | hyp2:train:221 - [iter:26/50][code_length:64][zs_mAP:0.47262][zs_mAP_all:0.30183]
2023-10-26 08:54:22.777 | INFO     | hyp2:train:143 - [epoch:1/3][loss:0.485874]
2023-10-26 08:54:37.461 | INFO     | hyp2:train:143 - [epoch:2/3][loss:0.481736]
2023-10-26 08:54:52.088 | INFO     | hyp2:train:143 - [epoch:3/3][loss:0.537718]
2023-10-26 08:54:52.089 | INFO     | hyp2:train:150 - [iter:27/50][iter_time:43.91]
2023-10-26 09:00:23.464 | INFO     | hyp2:train:220 - [iter:27/50][code_length:64][mAP:0.89555][mAP_all:0.89759][best_mAP:0.89657]
2023-10-26 09:00:23.465 | INFO     | hyp2:train:221 - [iter:27/50][code_length:64][zs_mAP:0.47700][zs_mAP_all:0.30332]
2023-10-26 09:00:36.552 | INFO     | hyp2:train:143 - [epoch:1/3][loss:0.535524]
2023-10-26 09:00:49.815 | INFO     | hyp2:train:143 - [epoch:2/3][loss:0.686586]
2023-10-26 09:01:03.036 | INFO     | hyp2:train:143 - [epoch:3/3][loss:0.625327]
2023-10-26 09:01:03.037 | INFO     | hyp2:train:150 - [iter:28/50][iter_time:39.57]
2023-10-26 09:06:35.127 | INFO     | hyp2:train:220 - [iter:28/50][code_length:64][mAP:0.89627][mAP_all:0.89801][best_mAP:0.89657]
2023-10-26 09:06:35.127 | INFO     | hyp2:train:221 - [iter:28/50][code_length:64][zs_mAP:0.47236][zs_mAP_all:0.30452]
2023-10-26 09:06:49.690 | INFO     | hyp2:train:143 - [epoch:1/3][loss:0.430744]
2023-10-26 09:07:04.743 | INFO     | hyp2:train:143 - [epoch:2/3][loss:0.451985]
2023-10-26 09:07:19.958 | INFO     | hyp2:train:143 - [epoch:3/3][loss:0.504423]
2023-10-26 09:07:19.959 | INFO     | hyp2:train:150 - [iter:29/50][iter_time:44.83]
2023-10-26 09:12:54.841 | INFO     | hyp2:train:220 - [iter:29/50][code_length:64][mAP:0.89646][mAP_all:0.89814][best_mAP:0.89657]
2023-10-26 09:12:54.841 | INFO     | hyp2:train:221 - [iter:29/50][code_length:64][zs_mAP:0.47445][zs_mAP_all:0.30141]
2023-10-26 09:13:10.210 | INFO     | hyp2:train:143 - [epoch:1/3][loss:0.653414]
2023-10-26 09:13:25.809 | INFO     | hyp2:train:143 - [epoch:2/3][loss:0.571050]
2023-10-26 09:13:40.973 | INFO     | hyp2:train:143 - [epoch:3/3][loss:0.384871]
2023-10-26 09:13:40.974 | INFO     | hyp2:train:150 - [iter:30/50][iter_time:46.13]
2023-10-26 09:19:21.208 | INFO     | hyp2:train:220 - [iter:30/50][code_length:64][mAP:0.89718][mAP_all:0.89864][best_mAP:0.89718]
2023-10-26 09:19:21.209 | INFO     | hyp2:train:221 - [iter:30/50][code_length:64][zs_mAP:0.47249][zs_mAP_all:0.30430]
2023-10-26 09:19:36.365 | INFO     | hyp2:train:143 - [epoch:1/3][loss:0.717693]
2023-10-26 09:19:51.605 | INFO     | hyp2:train:143 - [epoch:2/3][loss:0.552875]
2023-10-26 09:20:06.786 | INFO     | hyp2:train:143 - [epoch:3/3][loss:0.508341]
2023-10-26 09:20:06.786 | INFO     | hyp2:train:150 - [iter:31/50][iter_time:45.58]
2023-10-26 09:25:42.769 | INFO     | hyp2:train:220 - [iter:31/50][code_length:64][mAP:0.89457][mAP_all:0.89681][best_mAP:0.89718]
2023-10-26 09:25:42.770 | INFO     | hyp2:train:221 - [iter:31/50][code_length:64][zs_mAP:0.46981][zs_mAP_all:0.29609]
2023-10-26 09:25:58.142 | INFO     | hyp2:train:143 - [epoch:1/3][loss:0.586689]
2023-10-26 09:26:13.438 | INFO     | hyp2:train:143 - [epoch:2/3][loss:0.479281]
2023-10-26 09:26:28.575 | INFO     | hyp2:train:143 - [epoch:3/3][loss:0.621416]
2023-10-26 09:26:28.575 | INFO     | hyp2:train:150 - [iter:32/50][iter_time:45.81]
2023-10-26 09:32:03.000 | INFO     | hyp2:train:220 - [iter:32/50][code_length:64][mAP:0.89633][mAP_all:0.89827][best_mAP:0.89718]
2023-10-26 09:32:03.000 | INFO     | hyp2:train:221 - [iter:32/50][code_length:64][zs_mAP:0.47442][zs_mAP_all:0.30236]
2023-10-26 09:32:18.608 | INFO     | hyp2:train:143 - [epoch:1/3][loss:0.540955]
2023-10-26 09:32:33.112 | INFO     | hyp2:train:143 - [epoch:2/3][loss:0.501189]
2023-10-26 09:32:47.682 | INFO     | hyp2:train:143 - [epoch:3/3][loss:0.578558]
2023-10-26 09:32:47.683 | INFO     | hyp2:train:150 - [iter:33/50][iter_time:44.68]
2023-10-26 09:38:21.702 | INFO     | hyp2:train:220 - [iter:33/50][code_length:64][mAP:0.89563][mAP_all:0.89744][best_mAP:0.89718]
2023-10-26 09:38:21.702 | INFO     | hyp2:train:221 - [iter:33/50][code_length:64][zs_mAP:0.46973][zs_mAP_all:0.29856]
2023-10-26 09:38:36.253 | INFO     | hyp2:train:143 - [epoch:1/3][loss:0.563928]
2023-10-26 09:38:50.963 | INFO     | hyp2:train:143 - [epoch:2/3][loss:0.543407]
2023-10-26 09:39:05.478 | INFO     | hyp2:train:143 - [epoch:3/3][loss:0.514665]
2023-10-26 09:39:05.479 | INFO     | hyp2:train:150 - [iter:34/50][iter_time:43.78]
2023-10-26 09:44:44.319 | INFO     | hyp2:train:220 - [iter:34/50][code_length:64][mAP:0.89644][mAP_all:0.89813][best_mAP:0.89718]
2023-10-26 09:44:44.319 | INFO     | hyp2:train:221 - [iter:34/50][code_length:64][zs_mAP:0.46927][zs_mAP_all:0.29988]
2023-10-26 09:44:59.104 | INFO     | hyp2:train:143 - [epoch:1/3][loss:0.358866]
2023-10-26 09:45:13.756 | INFO     | hyp2:train:143 - [epoch:2/3][loss:0.519280]
2023-10-26 09:45:28.288 | INFO     | hyp2:train:143 - [epoch:3/3][loss:0.632097]
2023-10-26 09:45:28.288 | INFO     | hyp2:train:150 - [iter:35/50][iter_time:43.97]
2023-10-26 09:51:03.122 | INFO     | hyp2:train:220 - [iter:35/50][code_length:64][mAP:0.89557][mAP_all:0.89744][best_mAP:0.89718]
2023-10-26 09:51:03.123 | INFO     | hyp2:train:221 - [iter:35/50][code_length:64][zs_mAP:0.47392][zs_mAP_all:0.30263]
2023-10-26 09:51:17.950 | INFO     | hyp2:train:143 - [epoch:1/3][loss:0.597878]
2023-10-26 09:51:32.690 | INFO     | hyp2:train:143 - [epoch:2/3][loss:0.456349]
2023-10-26 09:51:47.445 | INFO     | hyp2:train:143 - [epoch:3/3][loss:0.616486]
2023-10-26 09:51:47.446 | INFO     | hyp2:train:150 - [iter:36/50][iter_time:44.32]
2023-10-26 09:57:26.186 | INFO     | hyp2:train:220 - [iter:36/50][code_length:64][mAP:0.89744][mAP_all:0.89906][best_mAP:0.89744]
2023-10-26 09:57:26.187 | INFO     | hyp2:train:221 - [iter:36/50][code_length:64][zs_mAP:0.47534][zs_mAP_all:0.30003]
2023-10-26 09:57:40.768 | INFO     | hyp2:train:143 - [epoch:1/3][loss:0.490770]
2023-10-26 09:57:55.332 | INFO     | hyp2:train:143 - [epoch:2/3][loss:0.571065]
2023-10-26 09:58:09.936 | INFO     | hyp2:train:143 - [epoch:3/3][loss:0.615351]
2023-10-26 09:58:09.937 | INFO     | hyp2:train:150 - [iter:37/50][iter_time:43.75]
2023-10-26 10:03:42.648 | INFO     | hyp2:train:220 - [iter:37/50][code_length:64][mAP:0.89726][mAP_all:0.89884][best_mAP:0.89744]
2023-10-26 10:03:42.649 | INFO     | hyp2:train:221 - [iter:37/50][code_length:64][zs_mAP:0.47413][zs_mAP_all:0.30332]
2023-10-26 10:03:57.218 | INFO     | hyp2:train:143 - [epoch:1/3][loss:0.596831]
2023-10-26 10:04:11.906 | INFO     | hyp2:train:143 - [epoch:2/3][loss:0.573467]
2023-10-26 10:04:26.510 | INFO     | hyp2:train:143 - [epoch:3/3][loss:0.526587]
2023-10-26 10:04:26.510 | INFO     | hyp2:train:150 - [iter:38/50][iter_time:43.86]
2023-10-26 10:10:02.631 | INFO     | hyp2:train:220 - [iter:38/50][code_length:64][mAP:0.89571][mAP_all:0.89772][best_mAP:0.89744]
2023-10-26 10:10:02.632 | INFO     | hyp2:train:221 - [iter:38/50][code_length:64][zs_mAP:0.46946][zs_mAP_all:0.29608]
2023-10-26 10:10:17.738 | INFO     | hyp2:train:143 - [epoch:1/3][loss:0.481506]
2023-10-26 10:10:33.061 | INFO     | hyp2:train:143 - [epoch:2/3][loss:0.643396]
2023-10-26 10:10:48.308 | INFO     | hyp2:train:143 - [epoch:3/3][loss:0.440789]
2023-10-26 10:10:48.309 | INFO     | hyp2:train:150 - [iter:39/50][iter_time:45.68]
2023-10-26 10:16:23.532 | INFO     | hyp2:train:220 - [iter:39/50][code_length:64][mAP:0.89664][mAP_all:0.89844][best_mAP:0.89744]
2023-10-26 10:16:23.533 | INFO     | hyp2:train:221 - [iter:39/50][code_length:64][zs_mAP:0.47179][zs_mAP_all:0.30083]
2023-10-26 10:16:37.632 | INFO     | hyp2:train:143 - [epoch:1/3][loss:0.489307]
2023-10-26 10:16:52.416 | INFO     | hyp2:train:143 - [epoch:2/3][loss:0.397758]
2023-10-26 10:17:07.723 | INFO     | hyp2:train:143 - [epoch:3/3][loss:0.515566]
2023-10-26 10:17:07.725 | INFO     | hyp2:train:150 - [iter:40/50][iter_time:44.19]
2023-10-26 10:22:41.953 | INFO     | hyp2:train:220 - [iter:40/50][code_length:64][mAP:0.89619][mAP_all:0.89805][best_mAP:0.89744]
2023-10-26 10:22:41.954 | INFO     | hyp2:train:221 - [iter:40/50][code_length:64][zs_mAP:0.47422][zs_mAP_all:0.30333]
2023-10-26 10:22:57.195 | INFO     | hyp2:train:143 - [epoch:1/3][loss:0.368509]
2023-10-26 10:23:12.342 | INFO     | hyp2:train:143 - [epoch:2/3][loss:0.509082]
2023-10-26 10:23:27.546 | INFO     | hyp2:train:143 - [epoch:3/3][loss:0.637983]
2023-10-26 10:23:27.547 | INFO     | hyp2:train:150 - [iter:41/50][iter_time:45.59]
2023-10-26 10:29:02.540 | INFO     | hyp2:train:220 - [iter:41/50][code_length:64][mAP:0.89491][mAP_all:0.89731][best_mAP:0.89744]
2023-10-26 10:29:02.540 | INFO     | hyp2:train:221 - [iter:41/50][code_length:64][zs_mAP:0.47201][zs_mAP_all:0.30054]
2023-10-26 10:29:17.623 | INFO     | hyp2:train:143 - [epoch:1/3][loss:0.487554]
2023-10-26 10:29:32.813 | INFO     | hyp2:train:143 - [epoch:2/3][loss:0.691394]
2023-10-26 10:29:48.244 | INFO     | hyp2:train:143 - [epoch:3/3][loss:0.470909]
2023-10-26 10:29:48.245 | INFO     | hyp2:train:150 - [iter:42/50][iter_time:45.70]
2023-10-26 10:35:21.396 | INFO     | hyp2:train:220 - [iter:42/50][code_length:64][mAP:0.89877][mAP_all:0.89986][best_mAP:0.89877]
2023-10-26 10:35:21.397 | INFO     | hyp2:train:221 - [iter:42/50][code_length:64][zs_mAP:0.47158][zs_mAP_all:0.29998]
2023-10-26 10:35:36.456 | INFO     | hyp2:train:143 - [epoch:1/3][loss:0.754340]
2023-10-26 10:35:51.706 | INFO     | hyp2:train:143 - [epoch:2/3][loss:0.455107]
2023-10-26 10:36:06.909 | INFO     | hyp2:train:143 - [epoch:3/3][loss:0.390960]
2023-10-26 10:36:06.909 | INFO     | hyp2:train:150 - [iter:43/50][iter_time:45.51]
2023-10-26 10:41:39.777 | INFO     | hyp2:train:220 - [iter:43/50][code_length:64][mAP:0.89616][mAP_all:0.89752][best_mAP:0.89877]
2023-10-26 10:41:39.778 | INFO     | hyp2:train:221 - [iter:43/50][code_length:64][zs_mAP:0.47198][zs_mAP_all:0.29866]
2023-10-26 10:41:55.103 | INFO     | hyp2:train:143 - [epoch:1/3][loss:0.480570]
2023-10-26 10:42:10.420 | INFO     | hyp2:train:143 - [epoch:2/3][loss:0.530784]
2023-10-26 10:42:25.685 | INFO     | hyp2:train:143 - [epoch:3/3][loss:0.601221]
2023-10-26 10:42:25.685 | INFO     | hyp2:train:150 - [iter:44/50][iter_time:45.91]
2023-10-26 10:47:59.608 | INFO     | hyp2:train:220 - [iter:44/50][code_length:64][mAP:0.89658][mAP_all:0.89811][best_mAP:0.89877]
2023-10-26 10:47:59.609 | INFO     | hyp2:train:221 - [iter:44/50][code_length:64][zs_mAP:0.46934][zs_mAP_all:0.30164]
2023-10-26 10:48:13.599 | INFO     | hyp2:train:143 - [epoch:1/3][loss:0.501789]
2023-10-26 10:48:28.732 | INFO     | hyp2:train:143 - [epoch:2/3][loss:0.380125]
2023-10-26 10:48:43.961 | INFO     | hyp2:train:143 - [epoch:3/3][loss:0.397076]
2023-10-26 10:48:43.961 | INFO     | hyp2:train:150 - [iter:45/50][iter_time:44.35]
2023-10-26 10:54:17.702 | INFO     | hyp2:train:220 - [iter:45/50][code_length:64][mAP:0.89724][mAP_all:0.89898][best_mAP:0.89877]
2023-10-26 10:54:17.703 | INFO     | hyp2:train:221 - [iter:45/50][code_length:64][zs_mAP:0.47634][zs_mAP_all:0.30201]
2023-10-26 10:54:33.265 | INFO     | hyp2:train:143 - [epoch:1/3][loss:0.526255]
2023-10-26 10:54:48.606 | INFO     | hyp2:train:143 - [epoch:2/3][loss:0.479956]
2023-10-26 10:55:03.906 | INFO     | hyp2:train:143 - [epoch:3/3][loss:0.540415]
2023-10-26 10:55:03.907 | INFO     | hyp2:train:150 - [iter:46/50][iter_time:46.20]
2023-10-26 11:00:38.599 | INFO     | hyp2:train:220 - [iter:46/50][code_length:64][mAP:0.89776][mAP_all:0.89918][best_mAP:0.89877]
2023-10-26 11:00:38.600 | INFO     | hyp2:train:221 - [iter:46/50][code_length:64][zs_mAP:0.47423][zs_mAP_all:0.29988]
2023-10-26 11:00:53.180 | INFO     | hyp2:train:143 - [epoch:1/3][loss:0.444761]
2023-10-26 11:01:08.002 | INFO     | hyp2:train:143 - [epoch:2/3][loss:0.527364]
2023-10-26 11:01:22.668 | INFO     | hyp2:train:143 - [epoch:3/3][loss:0.452033]
2023-10-26 11:01:22.668 | INFO     | hyp2:train:150 - [iter:47/50][iter_time:44.07]
2023-10-26 11:06:58.063 | INFO     | hyp2:train:220 - [iter:47/50][code_length:64][mAP:0.89680][mAP_all:0.89828][best_mAP:0.89877]
2023-10-26 11:06:58.063 | INFO     | hyp2:train:221 - [iter:47/50][code_length:64][zs_mAP:0.47183][zs_mAP_all:0.30296]
2023-10-26 11:07:13.225 | INFO     | hyp2:train:143 - [epoch:1/3][loss:0.420707]
2023-10-26 11:07:28.445 | INFO     | hyp2:train:143 - [epoch:2/3][loss:0.603212]
2023-10-26 11:07:43.635 | INFO     | hyp2:train:143 - [epoch:3/3][loss:0.570826]
2023-10-26 11:07:43.636 | INFO     | hyp2:train:150 - [iter:48/50][iter_time:45.57]
2023-10-26 11:13:18.185 | INFO     | hyp2:train:220 - [iter:48/50][code_length:64][mAP:0.89548][mAP_all:0.89722][best_mAP:0.89877]
2023-10-26 11:13:18.186 | INFO     | hyp2:train:221 - [iter:48/50][code_length:64][zs_mAP:0.46635][zs_mAP_all:0.29961]
2023-10-26 11:13:32.862 | INFO     | hyp2:train:143 - [epoch:1/3][loss:0.469811]
2023-10-26 11:13:47.448 | INFO     | hyp2:train:143 - [epoch:2/3][loss:0.441485]
2023-10-26 11:14:02.530 | INFO     | hyp2:train:143 - [epoch:3/3][loss:0.461664]
2023-10-26 11:14:02.531 | INFO     | hyp2:train:150 - [iter:49/50][iter_time:44.35]
2023-10-26 11:19:35.337 | INFO     | hyp2:train:220 - [iter:49/50][code_length:64][mAP:0.89646][mAP_all:0.89834][best_mAP:0.89877]
2023-10-26 11:19:35.337 | INFO     | hyp2:train:221 - [iter:49/50][code_length:64][zs_mAP:0.47209][zs_mAP_all:0.30306]
2023-10-26 11:19:50.158 | INFO     | hyp2:train:143 - [epoch:1/3][loss:0.407337]
2023-10-26 11:20:04.779 | INFO     | hyp2:train:143 - [epoch:2/3][loss:0.378970]
2023-10-26 11:20:19.374 | INFO     | hyp2:train:143 - [epoch:3/3][loss:0.465439]
2023-10-26 11:20:19.375 | INFO     | hyp2:train:150 - [iter:50/50][iter_time:44.04]
2023-10-26 11:25:53.939 | INFO     | hyp2:train:220 - [iter:50/50][code_length:64][mAP:0.89411][mAP_all:0.89686][best_mAP:0.89877]
2023-10-26 11:25:53.940 | INFO     | hyp2:train:221 - [iter:50/50][code_length:64][zs_mAP:0.47433][zs_mAP_all:0.30071]
2023-10-26 11:25:53.940 | INFO     | hyp2:train:223 - [Training time:18927.35]
2023-10-26 11:25:53.949 | INFO     | __main__:run:126 - [code_length:64][map:0.8988][map_all:0.8999][zs_map:0.4716][zs_map_all:0.3000]
