2023-11-21 19:35:59.167 | SUCCESS  | __main__:run:50 - Namespace(align_step=50, arch='dsh', batch_size=16, cauchy_gamma=20.0, code_length=[16, 32, 64], dataset='nus-widezs', device=device(type='cuda', index=0), epoch_change=11, gamma=200, gpu=0, info='nus-widezs-16-5-dsh-11-21-16,32,64', lambd=0.1, lambd_ch=0.1, lambd_sp=0.1, lr=0.001, lr_step=[45], margin=0.1, max_epoch=3, max_iter=50, momen=0.9, nesterov=False, net='ResNet50', num_classes=5, num_query=1000, num_samples=2000, num_workers=2, num_zs=16, optim='SGD', pretrain=True, quan_loss=False, root='/2T/dataset/NUS-WIDE', save_ckpt='checkpoints/', topk=5000, val_freq=1, wd=0.0001)
2023-11-21 19:36:44.720 | SUCCESS  | __main__:run:50 - Namespace(align_step=50, arch='dsh', batch_size=16, cauchy_gamma=20.0, code_length=[16, 32, 64], dataset='nus-widezs', device=device(type='cuda', index=0), epoch_change=11, gamma=200, gpu=0, info='nus-widezs-16-5-dsh-11-21-16,32,64', lambd=0.1, lambd_ch=0.1, lambd_sp=0.1, lr=0.001, lr_step=[45], margin=0.1, max_epoch=3, max_iter=50, momen=0.9, nesterov=False, net='ResNet50', num_classes=5, num_query=1000, num_samples=2000, num_workers=2, num_zs=16, optim='SGD', pretrain=True, quan_loss=False, root='/2T/dataset/NUS-WIDE', save_ckpt='checkpoints/', topk=5000, val_freq=1, wd=0.0001)
2023-11-22 06:11:13.356 | INFO     | DSH:train:125 - [epoch:1/3][loss:5.754685]
2023-11-22 06:11:26.050 | INFO     | DSH:train:125 - [epoch:2/3][loss:6.719955]
2023-11-22 06:11:38.745 | INFO     | DSH:train:125 - [epoch:3/3][loss:4.776504]
2023-11-22 06:11:38.745 | INFO     | DSH:train:128 - [iter:1/50][iter_time:41.39]
2023-11-22 06:17:42.267 | INFO     | DSH:train:200 - [iter:1/50][code_length:16][mAP:0.76846][mAP_all:0.77966][best_mAP:0.76846]
2023-11-22 06:17:42.268 | INFO     | DSH:train:201 - [iter:1/50][code_length:16][zs_mAP:0.32271][zs_mAP_all:0.07794]
2023-11-22 06:17:57.458 | INFO     | DSH:train:125 - [epoch:1/3][loss:2.359362]
2023-11-22 06:18:11.354 | INFO     | DSH:train:125 - [epoch:2/3][loss:4.639853]
2023-11-22 06:18:24.728 | INFO     | DSH:train:125 - [epoch:3/3][loss:4.569324]
2023-11-22 06:18:24.729 | INFO     | DSH:train:128 - [iter:2/50][iter_time:42.46]
2023-11-22 06:24:25.239 | INFO     | DSH:train:200 - [iter:2/50][code_length:16][mAP:0.80696][mAP_all:0.81530][best_mAP:0.80696]
2023-11-22 06:24:25.240 | INFO     | DSH:train:201 - [iter:2/50][code_length:16][zs_mAP:0.36680][zs_mAP_all:0.08926]
2023-11-22 06:24:42.568 | INFO     | DSH:train:125 - [epoch:1/3][loss:2.337379]
2023-11-22 06:25:00.454 | INFO     | DSH:train:125 - [epoch:2/3][loss:4.587708]
2023-11-22 06:25:18.355 | INFO     | DSH:train:125 - [epoch:3/3][loss:4.420157]
2023-11-22 06:25:18.356 | INFO     | DSH:train:128 - [iter:3/50][iter_time:53.12]
2023-11-22 06:31:11.781 | INFO     | DSH:train:200 - [iter:3/50][code_length:16][mAP:0.79796][mAP_all:0.80905][best_mAP:0.80696]
2023-11-22 06:31:11.782 | INFO     | DSH:train:201 - [iter:3/50][code_length:16][zs_mAP:0.29711][zs_mAP_all:0.07707]
2023-11-22 06:31:28.290 | INFO     | DSH:train:125 - [epoch:1/3][loss:2.266979]
2023-11-22 06:31:41.547 | INFO     | DSH:train:125 - [epoch:2/3][loss:4.394004]
2023-11-22 06:31:54.799 | INFO     | DSH:train:125 - [epoch:3/3][loss:4.350856]
2023-11-22 06:31:54.800 | INFO     | DSH:train:128 - [iter:4/50][iter_time:43.02]
2023-11-22 06:37:57.498 | INFO     | DSH:train:200 - [iter:4/50][code_length:16][mAP:0.80291][mAP_all:0.81299][best_mAP:0.80696]
2023-11-22 06:37:57.498 | INFO     | DSH:train:201 - [iter:4/50][code_length:16][zs_mAP:0.30854][zs_mAP_all:0.07349]
2023-11-22 06:38:12.043 | INFO     | DSH:train:125 - [epoch:1/3][loss:2.235893]
2023-11-22 06:38:25.425 | INFO     | DSH:train:125 - [epoch:2/3][loss:4.232268]
2023-11-22 06:38:45.188 | INFO     | DSH:train:125 - [epoch:3/3][loss:4.124998]
2023-11-22 06:38:45.189 | INFO     | DSH:train:128 - [iter:5/50][iter_time:47.69]
2023-11-22 06:44:50.732 | INFO     | DSH:train:200 - [iter:5/50][code_length:16][mAP:0.78427][mAP_all:0.79226][best_mAP:0.80696]
2023-11-22 06:44:50.732 | INFO     | DSH:train:201 - [iter:5/50][code_length:16][zs_mAP:0.32364][zs_mAP_all:0.06742]
2023-11-22 06:45:08.512 | INFO     | DSH:train:125 - [epoch:1/3][loss:2.232466]
2023-11-22 06:45:23.168 | INFO     | DSH:train:125 - [epoch:2/3][loss:4.412997]
2023-11-22 06:45:36.582 | INFO     | DSH:train:125 - [epoch:3/3][loss:4.300613]
2023-11-22 06:45:36.583 | INFO     | DSH:train:128 - [iter:6/50][iter_time:45.85]
2023-11-22 06:51:43.224 | INFO     | DSH:train:200 - [iter:6/50][code_length:16][mAP:0.80476][mAP_all:0.81177][best_mAP:0.80696]
2023-11-22 06:51:43.224 | INFO     | DSH:train:201 - [iter:6/50][code_length:16][zs_mAP:0.28418][zs_mAP_all:0.07187]
2023-11-22 06:51:58.057 | INFO     | DSH:train:125 - [epoch:1/3][loss:2.117444]
2023-11-22 06:52:12.628 | INFO     | DSH:train:125 - [epoch:2/3][loss:4.258696]
2023-11-22 06:52:31.206 | INFO     | DSH:train:125 - [epoch:3/3][loss:3.976275]
2023-11-22 06:52:31.207 | INFO     | DSH:train:128 - [iter:7/50][iter_time:47.98]
2023-11-22 06:58:38.192 | INFO     | DSH:train:200 - [iter:7/50][code_length:16][mAP:0.63345][mAP_all:0.64190][best_mAP:0.80696]
2023-11-22 06:58:38.192 | INFO     | DSH:train:201 - [iter:7/50][code_length:16][zs_mAP:0.33942][zs_mAP_all:0.07881]
2023-11-22 06:58:53.947 | INFO     | DSH:train:125 - [epoch:1/3][loss:1.984091]
2023-11-22 06:59:07.199 | INFO     | DSH:train:125 - [epoch:2/3][loss:3.941715]
2023-11-22 06:59:21.104 | INFO     | DSH:train:125 - [epoch:3/3][loss:3.819349]
2023-11-22 06:59:21.105 | INFO     | DSH:train:128 - [iter:8/50][iter_time:42.91]
2023-11-22 07:05:29.485 | INFO     | DSH:train:200 - [iter:8/50][code_length:16][mAP:0.55379][mAP_all:0.56127][best_mAP:0.80696]
2023-11-22 07:05:29.485 | INFO     | DSH:train:201 - [iter:8/50][code_length:16][zs_mAP:0.32856][zs_mAP_all:0.08447]
2023-11-22 07:05:44.247 | INFO     | DSH:train:125 - [epoch:1/3][loss:2.061631]
2023-11-22 07:06:01.275 | INFO     | DSH:train:125 - [epoch:2/3][loss:4.080918]
2023-11-22 07:06:19.935 | INFO     | DSH:train:125 - [epoch:3/3][loss:4.083838]
2023-11-22 07:06:19.936 | INFO     | DSH:train:128 - [iter:9/50][iter_time:50.45]
2023-11-22 07:12:29.228 | INFO     | DSH:train:200 - [iter:9/50][code_length:16][mAP:0.79400][mAP_all:0.80313][best_mAP:0.80696]
2023-11-22 07:12:29.229 | INFO     | DSH:train:201 - [iter:9/50][code_length:16][zs_mAP:0.29740][zs_mAP_all:0.06901]
2023-11-22 07:12:44.150 | INFO     | DSH:train:125 - [epoch:1/3][loss:1.969309]
2023-11-22 07:12:57.373 | INFO     | DSH:train:125 - [epoch:2/3][loss:4.059781]
2023-11-22 07:13:11.250 | INFO     | DSH:train:125 - [epoch:3/3][loss:4.085909]
2023-11-22 07:13:11.251 | INFO     | DSH:train:128 - [iter:10/50][iter_time:42.02]
2023-11-22 07:19:19.413 | INFO     | DSH:train:200 - [iter:10/50][code_length:16][mAP:0.80151][mAP_all:0.81035][best_mAP:0.80696]
2023-11-22 07:19:19.414 | INFO     | DSH:train:201 - [iter:10/50][code_length:16][zs_mAP:0.27478][zs_mAP_all:0.06502]
2023-11-22 07:19:35.970 | INFO     | DSH:train:125 - [epoch:1/3][loss:1.920742]
2023-11-22 07:19:53.913 | INFO     | DSH:train:125 - [epoch:2/3][loss:3.745633]
2023-11-22 07:20:10.965 | INFO     | DSH:train:125 - [epoch:3/3][loss:3.734443]
2023-11-22 07:20:10.966 | INFO     | DSH:train:128 - [iter:11/50][iter_time:51.55]
2023-11-22 07:26:17.992 | INFO     | DSH:train:200 - [iter:11/50][code_length:16][mAP:0.77557][mAP_all:0.78432][best_mAP:0.80696]
2023-11-22 07:26:17.992 | INFO     | DSH:train:201 - [iter:11/50][code_length:16][zs_mAP:0.27064][zs_mAP_all:0.06604]
2023-11-22 07:26:31.910 | INFO     | DSH:train:125 - [epoch:1/3][loss:1.972501]
2023-11-22 07:26:45.001 | INFO     | DSH:train:125 - [epoch:2/3][loss:3.909458]
2023-11-22 07:26:59.124 | INFO     | DSH:train:125 - [epoch:3/3][loss:3.692824]
2023-11-22 07:26:59.125 | INFO     | DSH:train:128 - [iter:12/50][iter_time:41.13]
2023-11-22 07:33:04.877 | INFO     | DSH:train:200 - [iter:12/50][code_length:16][mAP:0.80075][mAP_all:0.80975][best_mAP:0.80696]
2023-11-22 07:33:04.878 | INFO     | DSH:train:201 - [iter:12/50][code_length:16][zs_mAP:0.30845][zs_mAP_all:0.06801]
2023-11-22 07:33:18.433 | INFO     | DSH:train:125 - [epoch:1/3][loss:1.973560]
2023-11-22 07:33:31.354 | INFO     | DSH:train:125 - [epoch:2/3][loss:3.945916]
2023-11-22 07:33:45.062 | INFO     | DSH:train:125 - [epoch:3/3][loss:3.919690]
2023-11-22 07:33:45.063 | INFO     | DSH:train:128 - [iter:13/50][iter_time:40.19]
2023-11-22 07:39:46.598 | INFO     | DSH:train:200 - [iter:13/50][code_length:16][mAP:0.79610][mAP_all:0.80558][best_mAP:0.80696]
2023-11-22 07:39:46.599 | INFO     | DSH:train:201 - [iter:13/50][code_length:16][zs_mAP:0.31448][zs_mAP_all:0.06444]
2023-11-22 07:40:00.688 | INFO     | DSH:train:125 - [epoch:1/3][loss:1.933624]
2023-11-22 07:40:14.542 | INFO     | DSH:train:125 - [epoch:2/3][loss:3.896682]
2023-11-22 07:40:29.328 | INFO     | DSH:train:125 - [epoch:3/3][loss:3.771351]
2023-11-22 07:40:29.329 | INFO     | DSH:train:128 - [iter:14/50][iter_time:42.73]
2023-11-22 07:46:32.342 | INFO     | DSH:train:200 - [iter:14/50][code_length:16][mAP:0.75884][mAP_all:0.76835][best_mAP:0.80696]
2023-11-22 07:46:32.342 | INFO     | DSH:train:201 - [iter:14/50][code_length:16][zs_mAP:0.29619][zs_mAP_all:0.06146]
2023-11-22 07:46:46.780 | INFO     | DSH:train:125 - [epoch:1/3][loss:1.923251]
2023-11-22 07:47:00.976 | INFO     | DSH:train:125 - [epoch:2/3][loss:3.851655]
2023-11-22 07:47:14.977 | INFO     | DSH:train:125 - [epoch:3/3][loss:3.605019]
2023-11-22 07:47:14.978 | INFO     | DSH:train:128 - [iter:15/50][iter_time:42.64]
2023-11-22 07:53:22.468 | INFO     | DSH:train:200 - [iter:15/50][code_length:16][mAP:0.55749][mAP_all:0.56485][best_mAP:0.80696]
2023-11-22 07:53:22.469 | INFO     | DSH:train:201 - [iter:15/50][code_length:16][zs_mAP:0.33244][zs_mAP_all:0.07011]
2023-11-22 07:53:36.782 | INFO     | DSH:train:125 - [epoch:1/3][loss:2.021524]
2023-11-22 07:53:51.430 | INFO     | DSH:train:125 - [epoch:2/3][loss:4.003252]
2023-11-22 07:54:05.732 | INFO     | DSH:train:125 - [epoch:3/3][loss:3.790199]
2023-11-22 07:54:05.733 | INFO     | DSH:train:128 - [iter:16/50][iter_time:43.26]
2023-11-22 08:00:08.558 | INFO     | DSH:train:200 - [iter:16/50][code_length:16][mAP:0.54244][mAP_all:0.54917][best_mAP:0.80696]
2023-11-22 08:00:08.559 | INFO     | DSH:train:201 - [iter:16/50][code_length:16][zs_mAP:0.28060][zs_mAP_all:0.05054]
2023-11-22 08:00:23.364 | INFO     | DSH:train:125 - [epoch:1/3][loss:1.888009]
2023-11-22 08:00:37.611 | INFO     | DSH:train:125 - [epoch:2/3][loss:3.692815]
2023-11-22 08:00:51.982 | INFO     | DSH:train:125 - [epoch:3/3][loss:3.677353]
2023-11-22 08:00:51.982 | INFO     | DSH:train:128 - [iter:17/50][iter_time:43.42]
2023-11-22 08:06:46.434 | INFO     | DSH:train:200 - [iter:17/50][code_length:16][mAP:0.56357][mAP_all:0.57063][best_mAP:0.80696]
2023-11-22 08:06:46.434 | INFO     | DSH:train:201 - [iter:17/50][code_length:16][zs_mAP:0.25922][zs_mAP_all:0.05054]
2023-11-22 08:06:59.790 | INFO     | DSH:train:125 - [epoch:1/3][loss:1.959003]
2023-11-22 08:07:13.087 | INFO     | DSH:train:125 - [epoch:2/3][loss:3.668147]
2023-11-22 08:07:26.616 | INFO     | DSH:train:125 - [epoch:3/3][loss:3.644395]
2023-11-22 08:07:26.617 | INFO     | DSH:train:128 - [iter:18/50][iter_time:40.18]
2023-11-22 08:13:13.843 | INFO     | DSH:train:200 - [iter:18/50][code_length:16][mAP:0.55510][mAP_all:0.56183][best_mAP:0.80696]
2023-11-22 08:13:13.843 | INFO     | DSH:train:201 - [iter:18/50][code_length:16][zs_mAP:0.29605][zs_mAP_all:0.06436]
2023-11-22 08:13:27.283 | INFO     | DSH:train:125 - [epoch:1/3][loss:1.821993]
2023-11-22 08:13:40.677 | INFO     | DSH:train:125 - [epoch:2/3][loss:3.648061]
2023-11-22 08:13:54.133 | INFO     | DSH:train:125 - [epoch:3/3][loss:3.659561]
2023-11-22 08:13:54.134 | INFO     | DSH:train:128 - [iter:19/50][iter_time:40.29]
2023-11-22 08:19:43.487 | INFO     | DSH:train:200 - [iter:19/50][code_length:16][mAP:0.54800][mAP_all:0.55655][best_mAP:0.80696]
2023-11-22 08:19:43.487 | INFO     | DSH:train:201 - [iter:19/50][code_length:16][zs_mAP:0.32284][zs_mAP_all:0.08043]
2023-11-22 08:19:56.822 | INFO     | DSH:train:125 - [epoch:1/3][loss:1.943114]
2023-11-22 08:20:11.086 | INFO     | DSH:train:125 - [epoch:2/3][loss:3.788228]
2023-11-22 08:20:25.508 | INFO     | DSH:train:125 - [epoch:3/3][loss:3.767232]
2023-11-22 08:20:25.509 | INFO     | DSH:train:128 - [iter:20/50][iter_time:42.02]
2023-11-22 08:26:08.055 | INFO     | DSH:train:200 - [iter:20/50][code_length:16][mAP:0.55094][mAP_all:0.56005][best_mAP:0.80696]
2023-11-22 08:26:08.055 | INFO     | DSH:train:201 - [iter:20/50][code_length:16][zs_mAP:0.30799][zs_mAP_all:0.06875]
2023-11-22 08:26:22.554 | INFO     | DSH:train:125 - [epoch:1/3][loss:1.838353]
2023-11-22 08:26:36.104 | INFO     | DSH:train:125 - [epoch:2/3][loss:3.719590]
2023-11-22 08:26:49.392 | INFO     | DSH:train:125 - [epoch:3/3][loss:3.643266]
2023-11-22 08:26:49.392 | INFO     | DSH:train:128 - [iter:21/50][iter_time:41.34]
2023-11-22 08:32:34.517 | INFO     | DSH:train:200 - [iter:21/50][code_length:16][mAP:0.69205][mAP_all:0.70042][best_mAP:0.80696]
2023-11-22 08:32:34.518 | INFO     | DSH:train:201 - [iter:21/50][code_length:16][zs_mAP:0.29663][zs_mAP_all:0.05525]
2023-11-22 08:32:47.879 | INFO     | DSH:train:125 - [epoch:1/3][loss:1.786193]
2023-11-22 08:33:01.264 | INFO     | DSH:train:125 - [epoch:2/3][loss:3.564205]
2023-11-22 08:33:14.571 | INFO     | DSH:train:125 - [epoch:3/3][loss:3.533580]
2023-11-22 08:33:14.572 | INFO     | DSH:train:128 - [iter:22/50][iter_time:40.05]
2023-11-22 08:39:05.852 | INFO     | DSH:train:200 - [iter:22/50][code_length:16][mAP:0.72062][mAP_all:0.72940][best_mAP:0.80696]
2023-11-22 08:39:05.852 | INFO     | DSH:train:201 - [iter:22/50][code_length:16][zs_mAP:0.28266][zs_mAP_all:0.05837]
2023-11-22 08:39:19.837 | INFO     | DSH:train:125 - [epoch:1/3][loss:1.851864]
2023-11-22 08:39:33.811 | INFO     | DSH:train:125 - [epoch:2/3][loss:3.586894]
2023-11-22 08:39:48.431 | INFO     | DSH:train:125 - [epoch:3/3][loss:3.531699]
2023-11-22 08:39:48.432 | INFO     | DSH:train:128 - [iter:23/50][iter_time:42.58]
2023-11-22 08:45:32.528 | INFO     | DSH:train:200 - [iter:23/50][code_length:16][mAP:0.55306][mAP_all:0.55995][best_mAP:0.80696]
2023-11-22 08:45:32.528 | INFO     | DSH:train:201 - [iter:23/50][code_length:16][zs_mAP:0.33910][zs_mAP_all:0.05682]
2023-11-22 08:45:47.059 | INFO     | DSH:train:125 - [epoch:1/3][loss:1.974904]
2023-11-22 08:46:01.580 | INFO     | DSH:train:125 - [epoch:2/3][loss:3.847043]
2023-11-22 08:46:15.006 | INFO     | DSH:train:125 - [epoch:3/3][loss:3.576367]
2023-11-22 08:46:15.006 | INFO     | DSH:train:128 - [iter:24/50][iter_time:42.48]
2023-11-22 08:52:02.498 | INFO     | DSH:train:200 - [iter:24/50][code_length:16][mAP:0.52912][mAP_all:0.53593][best_mAP:0.80696]
2023-11-22 08:52:02.498 | INFO     | DSH:train:201 - [iter:24/50][code_length:16][zs_mAP:0.29437][zs_mAP_all:0.04879]
2023-11-22 08:52:16.175 | INFO     | DSH:train:125 - [epoch:1/3][loss:1.885797]
2023-11-22 08:52:30.641 | INFO     | DSH:train:125 - [epoch:2/3][loss:3.751446]
2023-11-22 08:52:46.152 | INFO     | DSH:train:125 - [epoch:3/3][loss:3.648887]
2023-11-22 08:52:46.153 | INFO     | DSH:train:128 - [iter:25/50][iter_time:43.65]
2023-11-22 08:58:37.808 | INFO     | DSH:train:200 - [iter:25/50][code_length:16][mAP:0.53791][mAP_all:0.54455][best_mAP:0.80696]
2023-11-22 08:58:37.809 | INFO     | DSH:train:201 - [iter:25/50][code_length:16][zs_mAP:0.32447][zs_mAP_all:0.05340]
2023-11-22 08:58:52.357 | INFO     | DSH:train:125 - [epoch:1/3][loss:1.982768]
2023-11-22 08:59:06.904 | INFO     | DSH:train:125 - [epoch:2/3][loss:3.725511]
2023-11-22 08:59:21.403 | INFO     | DSH:train:125 - [epoch:3/3][loss:3.745836]
2023-11-22 08:59:21.404 | INFO     | DSH:train:128 - [iter:26/50][iter_time:43.59]
2023-11-22 09:05:09.799 | INFO     | DSH:train:200 - [iter:26/50][code_length:16][mAP:0.54885][mAP_all:0.55568][best_mAP:0.80696]
2023-11-22 09:05:09.800 | INFO     | DSH:train:201 - [iter:26/50][code_length:16][zs_mAP:0.29098][zs_mAP_all:0.04922]
2023-11-22 09:05:23.869 | INFO     | DSH:train:125 - [epoch:1/3][loss:1.934644]
2023-11-22 09:05:38.233 | INFO     | DSH:train:125 - [epoch:2/3][loss:3.722377]
2023-11-22 09:05:52.718 | INFO     | DSH:train:125 - [epoch:3/3][loss:3.781990]
2023-11-22 09:05:52.718 | INFO     | DSH:train:128 - [iter:27/50][iter_time:42.92]
2023-11-22 09:11:45.396 | INFO     | DSH:train:200 - [iter:27/50][code_length:16][mAP:0.74269][mAP_all:0.75158][best_mAP:0.80696]
2023-11-22 09:11:45.397 | INFO     | DSH:train:201 - [iter:27/50][code_length:16][zs_mAP:0.33649][zs_mAP_all:0.05779]
2023-11-22 09:11:59.933 | INFO     | DSH:train:125 - [epoch:1/3][loss:1.887852]
2023-11-22 09:12:14.371 | INFO     | DSH:train:125 - [epoch:2/3][loss:3.679570]
2023-11-22 09:12:28.781 | INFO     | DSH:train:125 - [epoch:3/3][loss:3.620496]
2023-11-22 09:12:28.782 | INFO     | DSH:train:128 - [iter:28/50][iter_time:43.39]
2023-11-22 09:18:20.551 | INFO     | DSH:train:200 - [iter:28/50][code_length:16][mAP:0.55827][mAP_all:0.56475][best_mAP:0.80696]
2023-11-22 09:18:20.552 | INFO     | DSH:train:201 - [iter:28/50][code_length:16][zs_mAP:0.31192][zs_mAP_all:0.05504]
2023-11-22 09:18:34.085 | INFO     | DSH:train:125 - [epoch:1/3][loss:1.815540]
2023-11-22 09:18:47.916 | INFO     | DSH:train:125 - [epoch:2/3][loss:3.549403]
2023-11-22 09:19:02.299 | INFO     | DSH:train:125 - [epoch:3/3][loss:3.596920]
2023-11-22 09:19:02.300 | INFO     | DSH:train:128 - [iter:29/50][iter_time:41.75]
2023-11-22 09:24:49.181 | INFO     | DSH:train:200 - [iter:29/50][code_length:16][mAP:0.54323][mAP_all:0.55014][best_mAP:0.80696]
2023-11-22 09:24:49.182 | INFO     | DSH:train:201 - [iter:29/50][code_length:16][zs_mAP:0.35070][zs_mAP_all:0.05429]
2023-11-22 09:25:03.164 | INFO     | DSH:train:125 - [epoch:1/3][loss:1.781261]
2023-11-22 09:25:17.372 | INFO     | DSH:train:125 - [epoch:2/3][loss:3.587356]
2023-11-22 09:25:31.188 | INFO     | DSH:train:125 - [epoch:3/3][loss:3.601745]
2023-11-22 09:25:31.189 | INFO     | DSH:train:128 - [iter:30/50][iter_time:42.01]
2023-11-22 09:31:20.566 | INFO     | DSH:train:200 - [iter:30/50][code_length:16][mAP:0.54687][mAP_all:0.55335][best_mAP:0.80696]
2023-11-22 09:31:20.567 | INFO     | DSH:train:201 - [iter:30/50][code_length:16][zs_mAP:0.30673][zs_mAP_all:0.05192]
2023-11-22 09:31:34.628 | INFO     | DSH:train:125 - [epoch:1/3][loss:1.901321]
2023-11-22 09:31:49.096 | INFO     | DSH:train:125 - [epoch:2/3][loss:3.723216]
2023-11-22 09:32:03.829 | INFO     | DSH:train:125 - [epoch:3/3][loss:3.574746]
2023-11-22 09:32:03.830 | INFO     | DSH:train:128 - [iter:31/50][iter_time:43.26]
2023-11-22 09:37:58.700 | INFO     | DSH:train:200 - [iter:31/50][code_length:16][mAP:0.54941][mAP_all:0.55564][best_mAP:0.80696]
2023-11-22 09:37:58.701 | INFO     | DSH:train:201 - [iter:31/50][code_length:16][zs_mAP:0.33023][zs_mAP_all:0.05388]
2023-11-22 09:38:13.443 | INFO     | DSH:train:125 - [epoch:1/3][loss:1.835714]
2023-11-22 09:38:28.112 | INFO     | DSH:train:125 - [epoch:2/3][loss:3.652972]
2023-11-22 09:38:42.195 | INFO     | DSH:train:125 - [epoch:3/3][loss:3.458612]
2023-11-22 09:38:42.195 | INFO     | DSH:train:128 - [iter:32/50][iter_time:43.49]
2023-11-22 09:44:35.031 | INFO     | DSH:train:200 - [iter:32/50][code_length:16][mAP:0.54930][mAP_all:0.55555][best_mAP:0.80696]
2023-11-22 09:44:35.031 | INFO     | DSH:train:201 - [iter:32/50][code_length:16][zs_mAP:0.29869][zs_mAP_all:0.05380]
2023-11-22 09:44:46.871 | INFO     | DSH:train:125 - [epoch:1/3][loss:1.841160]
2023-11-22 09:44:58.871 | INFO     | DSH:train:125 - [epoch:2/3][loss:3.781330]
2023-11-22 09:45:13.093 | INFO     | DSH:train:125 - [epoch:3/3][loss:3.644803]
2023-11-22 09:45:13.093 | INFO     | DSH:train:128 - [iter:33/50][iter_time:38.06]
2023-11-22 09:51:00.280 | INFO     | DSH:train:200 - [iter:33/50][code_length:16][mAP:0.55240][mAP_all:0.55905][best_mAP:0.80696]
2023-11-22 09:51:00.280 | INFO     | DSH:train:201 - [iter:33/50][code_length:16][zs_mAP:0.31712][zs_mAP_all:0.05366]
2023-11-22 09:51:15.288 | INFO     | DSH:train:125 - [epoch:1/3][loss:1.775058]
2023-11-22 09:51:30.130 | INFO     | DSH:train:125 - [epoch:2/3][loss:3.521769]
2023-11-22 09:51:44.600 | INFO     | DSH:train:125 - [epoch:3/3][loss:3.472679]
2023-11-22 09:51:44.600 | INFO     | DSH:train:128 - [iter:34/50][iter_time:44.32]
2023-11-22 09:57:34.615 | INFO     | DSH:train:200 - [iter:34/50][code_length:16][mAP:0.55305][mAP_all:0.56014][best_mAP:0.80696]
2023-11-22 09:57:34.616 | INFO     | DSH:train:201 - [iter:34/50][code_length:16][zs_mAP:0.31645][zs_mAP_all:0.06202]
2023-11-22 09:57:49.763 | INFO     | DSH:train:125 - [epoch:1/3][loss:1.891386]
2023-11-22 09:58:04.184 | INFO     | DSH:train:125 - [epoch:2/3][loss:3.695544]
2023-11-22 09:58:18.657 | INFO     | DSH:train:125 - [epoch:3/3][loss:3.664647]
2023-11-22 09:58:18.657 | INFO     | DSH:train:128 - [iter:35/50][iter_time:44.04]
2023-11-22 10:04:05.036 | INFO     | DSH:train:200 - [iter:35/50][code_length:16][mAP:0.54429][mAP_all:0.55086][best_mAP:0.80696]
2023-11-22 10:04:05.037 | INFO     | DSH:train:201 - [iter:35/50][code_length:16][zs_mAP:0.29061][zs_mAP_all:0.05176]
2023-11-22 10:04:18.326 | INFO     | DSH:train:125 - [epoch:1/3][loss:1.723034]
2023-11-22 10:04:32.696 | INFO     | DSH:train:125 - [epoch:2/3][loss:3.487077]
2023-11-22 10:04:47.206 | INFO     | DSH:train:125 - [epoch:3/3][loss:3.504846]
2023-11-22 10:04:47.207 | INFO     | DSH:train:128 - [iter:36/50][iter_time:42.17]
2023-11-22 10:10:34.850 | INFO     | DSH:train:200 - [iter:36/50][code_length:16][mAP:0.54858][mAP_all:0.55529][best_mAP:0.80696]
2023-11-22 10:10:34.850 | INFO     | DSH:train:201 - [iter:36/50][code_length:16][zs_mAP:0.28368][zs_mAP_all:0.05148]
2023-11-22 10:10:50.334 | INFO     | DSH:train:125 - [epoch:1/3][loss:1.771804]
2023-11-22 10:11:04.782 | INFO     | DSH:train:125 - [epoch:2/3][loss:3.363807]
2023-11-22 10:11:19.201 | INFO     | DSH:train:125 - [epoch:3/3][loss:3.268180]
2023-11-22 10:11:19.201 | INFO     | DSH:train:128 - [iter:37/50][iter_time:44.35]
2023-11-22 10:17:03.594 | INFO     | DSH:train:200 - [iter:37/50][code_length:16][mAP:0.55958][mAP_all:0.56684][best_mAP:0.80696]
2023-11-22 10:17:03.595 | INFO     | DSH:train:201 - [iter:37/50][code_length:16][zs_mAP:0.33510][zs_mAP_all:0.05940]
2023-11-22 10:17:17.167 | INFO     | DSH:train:125 - [epoch:1/3][loss:1.740623]
2023-11-22 10:17:31.546 | INFO     | DSH:train:125 - [epoch:2/3][loss:3.412748]
2023-11-22 10:17:45.622 | INFO     | DSH:train:125 - [epoch:3/3][loss:3.312913]
2023-11-22 10:17:45.623 | INFO     | DSH:train:128 - [iter:38/50][iter_time:42.03]
2023-11-22 10:23:30.380 | INFO     | DSH:train:200 - [iter:38/50][code_length:16][mAP:0.56429][mAP_all:0.57103][best_mAP:0.80696]
2023-11-22 10:23:30.381 | INFO     | DSH:train:201 - [iter:38/50][code_length:16][zs_mAP:0.27509][zs_mAP_all:0.05180]
2023-11-22 10:23:43.729 | INFO     | DSH:train:125 - [epoch:1/3][loss:1.733690]
2023-11-22 10:23:56.931 | INFO     | DSH:train:125 - [epoch:2/3][loss:3.481519]
2023-11-22 10:24:10.152 | INFO     | DSH:train:125 - [epoch:3/3][loss:3.247860]
2023-11-22 10:24:10.152 | INFO     | DSH:train:128 - [iter:39/50][iter_time:39.77]
2023-11-22 10:29:57.903 | INFO     | DSH:train:200 - [iter:39/50][code_length:16][mAP:0.55876][mAP_all:0.56574][best_mAP:0.80696]
2023-11-22 10:29:57.903 | INFO     | DSH:train:201 - [iter:39/50][code_length:16][zs_mAP:0.29398][zs_mAP_all:0.05495]
2023-11-22 10:30:11.284 | INFO     | DSH:train:125 - [epoch:1/3][loss:1.813751]
2023-11-22 10:30:24.757 | INFO     | DSH:train:125 - [epoch:2/3][loss:3.627621]
2023-11-22 10:30:38.126 | INFO     | DSH:train:125 - [epoch:3/3][loss:3.632195]
2023-11-22 10:30:38.126 | INFO     | DSH:train:128 - [iter:40/50][iter_time:40.22]
2023-11-22 10:36:26.576 | INFO     | DSH:train:200 - [iter:40/50][code_length:16][mAP:0.56535][mAP_all:0.57194][best_mAP:0.80696]
2023-11-22 10:36:26.577 | INFO     | DSH:train:201 - [iter:40/50][code_length:16][zs_mAP:0.31738][zs_mAP_all:0.05582]
2023-11-22 10:36:39.933 | INFO     | DSH:train:125 - [epoch:1/3][loss:1.743039]
2023-11-22 10:36:53.738 | INFO     | DSH:train:125 - [epoch:2/3][loss:3.432382]
2023-11-22 10:37:08.151 | INFO     | DSH:train:125 - [epoch:3/3][loss:3.289549]
2023-11-22 10:37:08.151 | INFO     | DSH:train:128 - [iter:41/50][iter_time:41.57]
2023-11-22 10:42:53.960 | INFO     | DSH:train:200 - [iter:41/50][code_length:16][mAP:0.55576][mAP_all:0.56204][best_mAP:0.80696]
2023-11-22 10:42:53.961 | INFO     | DSH:train:201 - [iter:41/50][code_length:16][zs_mAP:0.29916][zs_mAP_all:0.05790]
2023-11-22 10:43:07.542 | INFO     | DSH:train:125 - [epoch:1/3][loss:1.731354]
2023-11-22 10:43:20.729 | INFO     | DSH:train:125 - [epoch:2/3][loss:3.302770]
2023-11-22 10:43:33.942 | INFO     | DSH:train:125 - [epoch:3/3][loss:3.261482]
2023-11-22 10:43:33.943 | INFO     | DSH:train:128 - [iter:42/50][iter_time:39.98]
2023-11-22 10:49:16.096 | INFO     | DSH:train:200 - [iter:42/50][code_length:16][mAP:0.55062][mAP_all:0.55730][best_mAP:0.80696]
2023-11-22 10:49:16.097 | INFO     | DSH:train:201 - [iter:42/50][code_length:16][zs_mAP:0.27250][zs_mAP_all:0.05190]
2023-11-22 10:49:29.462 | INFO     | DSH:train:125 - [epoch:1/3][loss:1.731053]
2023-11-22 10:49:42.648 | INFO     | DSH:train:125 - [epoch:2/3][loss:3.522896]
2023-11-22 10:49:55.853 | INFO     | DSH:train:125 - [epoch:3/3][loss:3.450948]
2023-11-22 10:49:55.853 | INFO     | DSH:train:128 - [iter:43/50][iter_time:39.76]
2023-11-22 10:55:45.029 | INFO     | DSH:train:200 - [iter:43/50][code_length:16][mAP:0.55750][mAP_all:0.56412][best_mAP:0.80696]
2023-11-22 10:55:45.029 | INFO     | DSH:train:201 - [iter:43/50][code_length:16][zs_mAP:0.29546][zs_mAP_all:0.05091]
2023-11-22 10:55:58.426 | INFO     | DSH:train:125 - [epoch:1/3][loss:1.748943]
2023-11-22 10:56:11.814 | INFO     | DSH:train:125 - [epoch:2/3][loss:3.505266]
2023-11-22 10:56:25.172 | INFO     | DSH:train:125 - [epoch:3/3][loss:3.323053]
2023-11-22 10:56:25.173 | INFO     | DSH:train:128 - [iter:44/50][iter_time:40.14]
2023-11-22 11:02:12.187 | INFO     | DSH:train:200 - [iter:44/50][code_length:16][mAP:0.54404][mAP_all:0.55035][best_mAP:0.80696]
2023-11-22 11:02:12.188 | INFO     | DSH:train:201 - [iter:44/50][code_length:16][zs_mAP:0.26187][zs_mAP_all:0.04589]
2023-11-22 11:02:25.940 | INFO     | DSH:train:125 - [epoch:1/3][loss:1.847057]
2023-11-22 11:02:40.167 | INFO     | DSH:train:125 - [epoch:2/3][loss:3.469100]
2023-11-22 11:02:54.495 | INFO     | DSH:train:125 - [epoch:3/3][loss:3.552798]
2023-11-22 11:02:54.496 | INFO     | DSH:train:128 - [iter:45/50][iter_time:42.31]
2023-11-22 11:08:41.361 | INFO     | DSH:train:200 - [iter:45/50][code_length:16][mAP:0.54571][mAP_all:0.55223][best_mAP:0.80696]
2023-11-22 11:08:41.362 | INFO     | DSH:train:201 - [iter:45/50][code_length:16][zs_mAP:0.26676][zs_mAP_all:0.05024]
2023-11-22 11:08:54.665 | INFO     | DSH:train:125 - [epoch:1/3][loss:1.733949]
2023-11-22 11:09:08.043 | INFO     | DSH:train:125 - [epoch:2/3][loss:3.311195]
2023-11-22 11:09:21.479 | INFO     | DSH:train:125 - [epoch:3/3][loss:3.261109]
2023-11-22 11:09:21.480 | INFO     | DSH:train:128 - [iter:46/50][iter_time:40.12]
2023-11-22 11:15:05.095 | INFO     | DSH:train:200 - [iter:46/50][code_length:16][mAP:0.54847][mAP_all:0.55457][best_mAP:0.80696]
2023-11-22 11:15:05.095 | INFO     | DSH:train:201 - [iter:46/50][code_length:16][zs_mAP:0.27693][zs_mAP_all:0.04965]
2023-11-22 11:15:18.926 | INFO     | DSH:train:125 - [epoch:1/3][loss:1.686357]
2023-11-22 11:15:33.851 | INFO     | DSH:train:125 - [epoch:2/3][loss:3.260222]
2023-11-22 11:15:48.750 | INFO     | DSH:train:125 - [epoch:3/3][loss:3.263670]
2023-11-22 11:15:48.751 | INFO     | DSH:train:128 - [iter:47/50][iter_time:43.66]
2023-11-22 11:21:35.808 | INFO     | DSH:train:200 - [iter:47/50][code_length:16][mAP:0.54484][mAP_all:0.55110][best_mAP:0.80696]
2023-11-22 11:21:35.809 | INFO     | DSH:train:201 - [iter:47/50][code_length:16][zs_mAP:0.27214][zs_mAP_all:0.05206]
2023-11-22 11:21:49.582 | INFO     | DSH:train:125 - [epoch:1/3][loss:1.561174]
2023-11-22 11:22:02.907 | INFO     | DSH:train:125 - [epoch:2/3][loss:3.117854]
2023-11-22 11:22:16.272 | INFO     | DSH:train:125 - [epoch:3/3][loss:3.010129]
2023-11-22 11:22:16.273 | INFO     | DSH:train:128 - [iter:48/50][iter_time:40.46]
2023-11-22 11:28:04.393 | INFO     | DSH:train:200 - [iter:48/50][code_length:16][mAP:0.54491][mAP_all:0.55118][best_mAP:0.80696]
2023-11-22 11:28:04.394 | INFO     | DSH:train:201 - [iter:48/50][code_length:16][zs_mAP:0.25870][zs_mAP_all:0.04901]
2023-11-22 11:28:17.619 | INFO     | DSH:train:125 - [epoch:1/3][loss:1.532086]
2023-11-22 11:28:32.543 | INFO     | DSH:train:125 - [epoch:2/3][loss:2.927494]
2023-11-22 11:28:46.502 | INFO     | DSH:train:125 - [epoch:3/3][loss:2.979884]
2023-11-22 11:28:46.503 | INFO     | DSH:train:128 - [iter:49/50][iter_time:42.11]
2023-11-22 11:34:35.171 | INFO     | DSH:train:200 - [iter:49/50][code_length:16][mAP:0.54446][mAP_all:0.55092][best_mAP:0.80696]
2023-11-22 11:34:35.172 | INFO     | DSH:train:201 - [iter:49/50][code_length:16][zs_mAP:0.26428][zs_mAP_all:0.05167]
2023-11-22 11:34:49.766 | INFO     | DSH:train:125 - [epoch:1/3][loss:1.610509]
2023-11-22 11:35:04.138 | INFO     | DSH:train:125 - [epoch:2/3][loss:3.113515]
2023-11-22 11:35:18.551 | INFO     | DSH:train:125 - [epoch:3/3][loss:3.110599]
2023-11-22 11:35:18.551 | INFO     | DSH:train:128 - [iter:50/50][iter_time:43.38]
2023-11-22 11:41:10.248 | INFO     | DSH:train:200 - [iter:50/50][code_length:16][mAP:0.54888][mAP_all:0.55523][best_mAP:0.80696]
2023-11-22 11:41:10.249 | INFO     | DSH:train:201 - [iter:50/50][code_length:16][zs_mAP:0.26938][zs_mAP_all:0.05026]
2023-11-22 11:41:10.249 | INFO     | DSH:train:204 - [Training time:19812.89]
2023-11-22 11:41:10.251 | INFO     | __main__:run:126 - [code_length:16][map:0.8070][map_all:0.8153][zs_map:0.3668][zs_map_all:0.0893]
2023-11-22 11:41:25.256 | INFO     | DSH:train:125 - [epoch:1/3][loss:11.716669]
2023-11-22 11:41:39.654 | INFO     | DSH:train:125 - [epoch:2/3][loss:14.029469]
2023-11-22 11:41:54.384 | INFO     | DSH:train:125 - [epoch:3/3][loss:10.215584]
2023-11-22 11:41:54.385 | INFO     | DSH:train:128 - [iter:1/50][iter_time:43.65]
2023-11-22 11:47:48.492 | INFO     | DSH:train:200 - [iter:1/50][code_length:32][mAP:0.77498][mAP_all:0.78461][best_mAP:0.77498]
2023-11-22 11:47:48.493 | INFO     | DSH:train:201 - [iter:1/50][code_length:32][zs_mAP:0.32578][zs_mAP_all:0.07424]
2023-11-22 11:48:02.561 | INFO     | DSH:train:125 - [epoch:1/3][loss:5.093519]
2023-11-22 11:48:16.647 | INFO     | DSH:train:125 - [epoch:2/3][loss:10.110417]
2023-11-22 11:48:30.516 | INFO     | DSH:train:125 - [epoch:3/3][loss:10.043182]
2023-11-22 11:48:30.516 | INFO     | DSH:train:128 - [iter:2/50][iter_time:42.02]
2023-11-22 11:54:20.336 | INFO     | DSH:train:200 - [iter:2/50][code_length:32][mAP:0.78228][mAP_all:0.79221][best_mAP:0.78228]
2023-11-22 11:54:20.337 | INFO     | DSH:train:201 - [iter:2/50][code_length:32][zs_mAP:0.34438][zs_mAP_all:0.10827]
2023-11-22 11:54:34.292 | INFO     | DSH:train:125 - [epoch:1/3][loss:5.126779]
2023-11-22 11:54:47.643 | INFO     | DSH:train:125 - [epoch:2/3][loss:9.863579]
2023-11-22 11:55:01.639 | INFO     | DSH:train:125 - [epoch:3/3][loss:9.512632]
2023-11-22 11:55:01.640 | INFO     | DSH:train:128 - [iter:3/50][iter_time:41.30]
2023-11-22 12:00:52.258 | INFO     | DSH:train:200 - [iter:3/50][code_length:32][mAP:0.79420][mAP_all:0.80311][best_mAP:0.79420]
2023-11-22 12:00:52.259 | INFO     | DSH:train:201 - [iter:3/50][code_length:32][zs_mAP:0.33168][zs_mAP_all:0.09113]
2023-11-22 12:01:07.445 | INFO     | DSH:train:125 - [epoch:1/3][loss:4.629416]
2023-11-22 12:01:21.739 | INFO     | DSH:train:125 - [epoch:2/3][loss:9.349825]
2023-11-22 12:01:35.650 | INFO     | DSH:train:125 - [epoch:3/3][loss:9.445438]
2023-11-22 12:01:35.651 | INFO     | DSH:train:128 - [iter:4/50][iter_time:43.39]
2023-11-22 12:07:25.977 | INFO     | DSH:train:200 - [iter:4/50][code_length:32][mAP:0.81762][mAP_all:0.82409][best_mAP:0.81762]
2023-11-22 12:07:25.977 | INFO     | DSH:train:201 - [iter:4/50][code_length:32][zs_mAP:0.34241][zs_mAP_all:0.10243]
2023-11-22 12:07:40.588 | INFO     | DSH:train:125 - [epoch:1/3][loss:4.519639]
2023-11-22 12:07:55.236 | INFO     | DSH:train:125 - [epoch:2/3][loss:9.130021]
2023-11-22 12:08:10.114 | INFO     | DSH:train:125 - [epoch:3/3][loss:9.203518]
2023-11-22 12:08:10.115 | INFO     | DSH:train:128 - [iter:5/50][iter_time:44.14]
2023-11-22 12:14:00.906 | INFO     | DSH:train:200 - [iter:5/50][code_length:32][mAP:0.83690][mAP_all:0.83931][best_mAP:0.83690]
2023-11-22 12:14:00.907 | INFO     | DSH:train:201 - [iter:5/50][code_length:32][zs_mAP:0.33056][zs_mAP_all:0.13514]
2023-11-22 12:14:14.936 | INFO     | DSH:train:125 - [epoch:1/3][loss:4.512056]
2023-11-22 12:14:29.447 | INFO     | DSH:train:125 - [epoch:2/3][loss:8.940499]
2023-11-22 12:14:43.548 | INFO     | DSH:train:125 - [epoch:3/3][loss:8.864441]
2023-11-22 12:14:43.549 | INFO     | DSH:train:128 - [iter:6/50][iter_time:42.64]
2023-11-22 12:20:35.718 | INFO     | DSH:train:200 - [iter:6/50][code_length:32][mAP:0.82280][mAP_all:0.82969][best_mAP:0.83690]
2023-11-22 12:20:35.719 | INFO     | DSH:train:201 - [iter:6/50][code_length:32][zs_mAP:0.33944][zs_mAP_all:0.10897]
2023-11-22 12:20:49.516 | INFO     | DSH:train:125 - [epoch:1/3][loss:4.585176]
2023-11-22 12:21:04.269 | INFO     | DSH:train:125 - [epoch:2/3][loss:8.958311]
2023-11-22 12:21:18.727 | INFO     | DSH:train:125 - [epoch:3/3][loss:8.835211]
2023-11-22 12:21:18.727 | INFO     | DSH:train:128 - [iter:7/50][iter_time:43.01]
2023-11-22 12:27:10.268 | INFO     | DSH:train:200 - [iter:7/50][code_length:32][mAP:0.83875][mAP_all:0.84356][best_mAP:0.83875]
2023-11-22 12:27:10.269 | INFO     | DSH:train:201 - [iter:7/50][code_length:32][zs_mAP:0.36217][zs_mAP_all:0.11749]
2023-11-22 12:27:24.708 | INFO     | DSH:train:125 - [epoch:1/3][loss:4.335591]
2023-11-22 12:27:39.007 | INFO     | DSH:train:125 - [epoch:2/3][loss:8.697785]
2023-11-22 12:27:53.561 | INFO     | DSH:train:125 - [epoch:3/3][loss:8.676895]
2023-11-22 12:27:53.561 | INFO     | DSH:train:128 - [iter:8/50][iter_time:43.29]
2023-11-22 12:33:36.644 | INFO     | DSH:train:200 - [iter:8/50][code_length:32][mAP:0.84668][mAP_all:0.85003][best_mAP:0.84668]
2023-11-22 12:33:36.644 | INFO     | DSH:train:201 - [iter:8/50][code_length:32][zs_mAP:0.35671][zs_mAP_all:0.12902]
2023-11-22 12:33:50.288 | INFO     | DSH:train:125 - [epoch:1/3][loss:4.222949]
2023-11-22 12:34:05.011 | INFO     | DSH:train:125 - [epoch:2/3][loss:8.564744]
2023-11-22 12:34:19.826 | INFO     | DSH:train:125 - [epoch:3/3][loss:8.572132]
2023-11-22 12:34:19.826 | INFO     | DSH:train:128 - [iter:9/50][iter_time:43.18]
2023-11-22 12:40:03.050 | INFO     | DSH:train:200 - [iter:9/50][code_length:32][mAP:0.84060][mAP_all:0.84429][best_mAP:0.84668]
2023-11-22 12:40:03.050 | INFO     | DSH:train:201 - [iter:9/50][code_length:32][zs_mAP:0.33080][zs_mAP_all:0.11203]
2023-11-22 12:40:14.923 | INFO     | DSH:train:125 - [epoch:1/3][loss:4.526687]
2023-11-22 12:40:28.230 | INFO     | DSH:train:125 - [epoch:2/3][loss:8.908595]
2023-11-22 12:40:41.631 | INFO     | DSH:train:125 - [epoch:3/3][loss:8.697312]
2023-11-22 12:40:41.632 | INFO     | DSH:train:128 - [iter:10/50][iter_time:38.58]
2023-11-22 12:46:26.527 | INFO     | DSH:train:200 - [iter:10/50][code_length:32][mAP:0.82624][mAP_all:0.82948][best_mAP:0.84668]
2023-11-22 12:46:26.528 | INFO     | DSH:train:201 - [iter:10/50][code_length:32][zs_mAP:0.31877][zs_mAP_all:0.12808]
2023-11-22 12:46:39.904 | INFO     | DSH:train:125 - [epoch:1/3][loss:4.378419]
2023-11-22 12:46:53.446 | INFO     | DSH:train:125 - [epoch:2/3][loss:8.783328]
2023-11-22 12:47:07.480 | INFO     | DSH:train:125 - [epoch:3/3][loss:8.534636]
2023-11-22 12:47:07.484 | INFO     | DSH:train:128 - [iter:11/50][iter_time:40.96]
2023-11-22 12:52:55.139 | INFO     | DSH:train:200 - [iter:11/50][code_length:32][mAP:0.84128][mAP_all:0.84129][best_mAP:0.84668]
2023-11-22 12:52:55.140 | INFO     | DSH:train:201 - [iter:11/50][code_length:32][zs_mAP:0.33746][zs_mAP_all:0.14118]
2023-11-22 12:53:08.720 | INFO     | DSH:train:125 - [epoch:1/3][loss:4.312197]
2023-11-22 12:53:23.101 | INFO     | DSH:train:125 - [epoch:2/3][loss:8.656542]
2023-11-22 12:53:37.492 | INFO     | DSH:train:125 - [epoch:3/3][loss:8.517449]
2023-11-22 12:53:37.493 | INFO     | DSH:train:128 - [iter:12/50][iter_time:42.35]
2023-11-22 12:59:22.810 | INFO     | DSH:train:200 - [iter:12/50][code_length:32][mAP:0.83665][mAP_all:0.83691][best_mAP:0.84668]
2023-11-22 12:59:22.810 | INFO     | DSH:train:201 - [iter:12/50][code_length:32][zs_mAP:0.34847][zs_mAP_all:0.12553]
2023-11-22 12:59:39.035 | INFO     | DSH:train:125 - [epoch:1/3][loss:4.267303]
2023-11-22 12:59:53.979 | INFO     | DSH:train:125 - [epoch:2/3][loss:8.571092]
2023-11-22 13:00:07.700 | INFO     | DSH:train:125 - [epoch:3/3][loss:8.323577]
2023-11-22 13:00:07.702 | INFO     | DSH:train:128 - [iter:13/50][iter_time:44.89]
2023-11-22 13:05:55.736 | INFO     | DSH:train:200 - [iter:13/50][code_length:32][mAP:0.83618][mAP_all:0.83901][best_mAP:0.84668]
2023-11-22 13:05:55.737 | INFO     | DSH:train:201 - [iter:13/50][code_length:32][zs_mAP:0.32192][zs_mAP_all:0.11589]
2023-11-22 13:06:10.412 | INFO     | DSH:train:125 - [epoch:1/3][loss:4.007774]
2023-11-22 13:06:25.040 | INFO     | DSH:train:125 - [epoch:2/3][loss:8.225863]
2023-11-22 13:06:39.357 | INFO     | DSH:train:125 - [epoch:3/3][loss:8.122278]
2023-11-22 13:06:39.358 | INFO     | DSH:train:128 - [iter:14/50][iter_time:43.62]
2023-11-22 13:12:25.988 | INFO     | DSH:train:200 - [iter:14/50][code_length:32][mAP:0.83642][mAP_all:0.83661][best_mAP:0.84668]
2023-11-22 13:12:25.989 | INFO     | DSH:train:201 - [iter:14/50][code_length:32][zs_mAP:0.35467][zs_mAP_all:0.13351]
2023-11-22 13:12:39.529 | INFO     | DSH:train:125 - [epoch:1/3][loss:4.076028]
2023-11-22 13:12:52.928 | INFO     | DSH:train:125 - [epoch:2/3][loss:8.091616]
2023-11-22 13:13:06.467 | INFO     | DSH:train:125 - [epoch:3/3][loss:7.881767]
2023-11-22 13:13:06.468 | INFO     | DSH:train:128 - [iter:15/50][iter_time:40.48]
2023-11-22 13:18:55.436 | INFO     | DSH:train:200 - [iter:15/50][code_length:32][mAP:0.83699][mAP_all:0.83980][best_mAP:0.84668]
2023-11-22 13:18:55.437 | INFO     | DSH:train:201 - [iter:15/50][code_length:32][zs_mAP:0.33349][zs_mAP_all:0.11959]
2023-11-22 13:19:11.418 | INFO     | DSH:train:125 - [epoch:1/3][loss:4.172474]
2023-11-22 13:19:26.990 | INFO     | DSH:train:125 - [epoch:2/3][loss:8.772821]
2023-11-22 13:19:43.233 | INFO     | DSH:train:125 - [epoch:3/3][loss:8.445346]
2023-11-22 13:19:43.234 | INFO     | DSH:train:128 - [iter:16/50][iter_time:47.80]
2023-11-22 13:25:47.296 | INFO     | DSH:train:200 - [iter:16/50][code_length:32][mAP:0.83291][mAP_all:0.83377][best_mAP:0.84668]
2023-11-22 13:25:47.297 | INFO     | DSH:train:201 - [iter:16/50][code_length:32][zs_mAP:0.32417][zs_mAP_all:0.12218]
2023-11-22 13:26:01.161 | INFO     | DSH:train:125 - [epoch:1/3][loss:3.899750]
2023-11-22 13:26:16.805 | INFO     | DSH:train:125 - [epoch:2/3][loss:7.783153]
2023-11-22 13:26:32.259 | INFO     | DSH:train:125 - [epoch:3/3][loss:7.890260]
2023-11-22 13:26:32.260 | INFO     | DSH:train:128 - [iter:17/50][iter_time:44.96]
2023-11-22 13:32:36.527 | INFO     | DSH:train:200 - [iter:17/50][code_length:32][mAP:0.82307][mAP_all:0.82440][best_mAP:0.84668]
2023-11-22 13:32:36.528 | INFO     | DSH:train:201 - [iter:17/50][code_length:32][zs_mAP:0.31371][zs_mAP_all:0.11133]
2023-11-22 13:32:50.567 | INFO     | DSH:train:125 - [epoch:1/3][loss:4.221543]
2023-11-22 13:33:04.100 | INFO     | DSH:train:125 - [epoch:2/3][loss:8.139303]
2023-11-22 13:33:17.890 | INFO     | DSH:train:125 - [epoch:3/3][loss:8.066654]
2023-11-22 13:33:17.890 | INFO     | DSH:train:128 - [iter:18/50][iter_time:41.36]
2023-11-22 13:39:24.445 | INFO     | DSH:train:200 - [iter:18/50][code_length:32][mAP:0.82715][mAP_all:0.82948][best_mAP:0.84668]
2023-11-22 13:39:24.446 | INFO     | DSH:train:201 - [iter:18/50][code_length:32][zs_mAP:0.33726][zs_mAP_all:0.10648]
2023-11-22 13:39:38.203 | INFO     | DSH:train:125 - [epoch:1/3][loss:4.043670]
2023-11-22 13:39:51.980 | INFO     | DSH:train:125 - [epoch:2/3][loss:7.701288]
2023-11-22 13:40:05.687 | INFO     | DSH:train:125 - [epoch:3/3][loss:7.748070]
2023-11-22 13:40:05.688 | INFO     | DSH:train:128 - [iter:19/50][iter_time:41.24]
2023-11-22 13:46:04.280 | INFO     | DSH:train:200 - [iter:19/50][code_length:32][mAP:0.83041][mAP_all:0.83461][best_mAP:0.84668]
2023-11-22 13:46:04.280 | INFO     | DSH:train:201 - [iter:19/50][code_length:32][zs_mAP:0.32828][zs_mAP_all:0.11831]
2023-11-22 13:46:18.427 | INFO     | DSH:train:125 - [epoch:1/3][loss:4.054582]
2023-11-22 13:46:32.998 | INFO     | DSH:train:125 - [epoch:2/3][loss:7.932070]
2023-11-22 13:46:47.978 | INFO     | DSH:train:125 - [epoch:3/3][loss:7.791464]
2023-11-22 13:46:47.979 | INFO     | DSH:train:128 - [iter:20/50][iter_time:43.70]
2023-11-22 13:52:38.582 | INFO     | DSH:train:200 - [iter:20/50][code_length:32][mAP:0.83990][mAP_all:0.84296][best_mAP:0.84668]
2023-11-22 13:52:38.583 | INFO     | DSH:train:201 - [iter:20/50][code_length:32][zs_mAP:0.31372][zs_mAP_all:0.10455]
2023-11-22 13:52:52.890 | INFO     | DSH:train:125 - [epoch:1/3][loss:4.051666]
2023-11-22 13:53:06.786 | INFO     | DSH:train:125 - [epoch:2/3][loss:8.025216]
2023-11-22 13:53:20.477 | INFO     | DSH:train:125 - [epoch:3/3][loss:7.988331]
2023-11-22 13:53:20.477 | INFO     | DSH:train:128 - [iter:21/50][iter_time:41.89]
2023-11-22 13:59:10.941 | INFO     | DSH:train:200 - [iter:21/50][code_length:32][mAP:0.83045][mAP_all:0.83392][best_mAP:0.84668]
2023-11-22 13:59:10.941 | INFO     | DSH:train:201 - [iter:21/50][code_length:32][zs_mAP:0.32572][zs_mAP_all:0.11418]
2023-11-22 13:59:25.010 | INFO     | DSH:train:125 - [epoch:1/3][loss:4.013122]
2023-11-22 13:59:39.054 | INFO     | DSH:train:125 - [epoch:2/3][loss:8.394779]
2023-11-22 13:59:53.362 | INFO     | DSH:train:125 - [epoch:3/3][loss:7.819356]
2023-11-22 13:59:53.364 | INFO     | DSH:train:128 - [iter:22/50][iter_time:42.42]
2023-11-22 14:05:44.692 | INFO     | DSH:train:200 - [iter:22/50][code_length:32][mAP:0.85075][mAP_all:0.85220][best_mAP:0.85075]
2023-11-22 14:05:44.692 | INFO     | DSH:train:201 - [iter:22/50][code_length:32][zs_mAP:0.34419][zs_mAP_all:0.11831]
2023-11-22 14:05:58.091 | INFO     | DSH:train:125 - [epoch:1/3][loss:3.889783]
2023-11-22 14:06:12.671 | INFO     | DSH:train:125 - [epoch:2/3][loss:7.708002]
2023-11-22 14:06:26.349 | INFO     | DSH:train:125 - [epoch:3/3][loss:7.372352]
2023-11-22 14:06:26.350 | INFO     | DSH:train:128 - [iter:23/50][iter_time:41.66]
2023-11-22 14:12:13.568 | INFO     | DSH:train:200 - [iter:23/50][code_length:32][mAP:0.85158][mAP_all:0.85274][best_mAP:0.85158]
2023-11-22 14:12:13.569 | INFO     | DSH:train:201 - [iter:23/50][code_length:32][zs_mAP:0.34551][zs_mAP_all:0.11530]
2023-11-22 14:12:27.392 | INFO     | DSH:train:125 - [epoch:1/3][loss:3.732717]
2023-11-22 14:12:41.284 | INFO     | DSH:train:125 - [epoch:2/3][loss:7.767983]
2023-11-22 14:12:55.130 | INFO     | DSH:train:125 - [epoch:3/3][loss:7.179531]
2023-11-22 14:12:55.131 | INFO     | DSH:train:128 - [iter:24/50][iter_time:41.56]
2023-11-22 14:18:43.750 | INFO     | DSH:train:200 - [iter:24/50][code_length:32][mAP:0.83555][mAP_all:0.83965][best_mAP:0.85158]
2023-11-22 14:18:43.750 | INFO     | DSH:train:201 - [iter:24/50][code_length:32][zs_mAP:0.30371][zs_mAP_all:0.10945]
2023-11-22 14:18:57.419 | INFO     | DSH:train:125 - [epoch:1/3][loss:4.101645]
2023-11-22 14:19:11.325 | INFO     | DSH:train:125 - [epoch:2/3][loss:8.018724]
2023-11-22 14:19:25.702 | INFO     | DSH:train:125 - [epoch:3/3][loss:8.238877]
2023-11-22 14:19:25.702 | INFO     | DSH:train:128 - [iter:25/50][iter_time:41.95]
2023-11-22 14:25:15.969 | INFO     | DSH:train:200 - [iter:25/50][code_length:32][mAP:0.84032][mAP_all:0.84457][best_mAP:0.85158]
2023-11-22 14:25:15.970 | INFO     | DSH:train:201 - [iter:25/50][code_length:32][zs_mAP:0.34853][zs_mAP_all:0.12847]
2023-11-22 14:25:29.933 | INFO     | DSH:train:125 - [epoch:1/3][loss:4.044621]
2023-11-22 14:25:44.020 | INFO     | DSH:train:125 - [epoch:2/3][loss:8.138206]
2023-11-22 14:25:57.801 | INFO     | DSH:train:125 - [epoch:3/3][loss:8.001359]
2023-11-22 14:25:57.802 | INFO     | DSH:train:128 - [iter:26/50][iter_time:41.83]
2023-11-22 14:31:48.763 | INFO     | DSH:train:200 - [iter:26/50][code_length:32][mAP:0.85554][mAP_all:0.85810][best_mAP:0.85554]
2023-11-22 14:31:48.764 | INFO     | DSH:train:201 - [iter:26/50][code_length:32][zs_mAP:0.34526][zs_mAP_all:0.13135]
2023-11-22 14:32:02.349 | INFO     | DSH:train:125 - [epoch:1/3][loss:3.730879]
2023-11-22 14:32:16.864 | INFO     | DSH:train:125 - [epoch:2/3][loss:7.694549]
2023-11-22 14:32:31.253 | INFO     | DSH:train:125 - [epoch:3/3][loss:7.168596]
2023-11-22 14:32:31.254 | INFO     | DSH:train:128 - [iter:27/50][iter_time:42.49]
2023-11-22 14:38:16.392 | INFO     | DSH:train:200 - [iter:27/50][code_length:32][mAP:0.84581][mAP_all:0.84811][best_mAP:0.85554]
2023-11-22 14:38:16.393 | INFO     | DSH:train:201 - [iter:27/50][code_length:32][zs_mAP:0.31402][zs_mAP_all:0.10686]
2023-11-22 14:38:30.679 | INFO     | DSH:train:125 - [epoch:1/3][loss:3.922770]
2023-11-22 14:38:45.375 | INFO     | DSH:train:125 - [epoch:2/3][loss:7.802027]
2023-11-22 14:38:59.928 | INFO     | DSH:train:125 - [epoch:3/3][loss:7.813774]
2023-11-22 14:38:59.929 | INFO     | DSH:train:128 - [iter:28/50][iter_time:43.54]
2023-11-22 14:44:49.633 | INFO     | DSH:train:200 - [iter:28/50][code_length:32][mAP:0.84055][mAP_all:0.84283][best_mAP:0.85554]
2023-11-22 14:44:49.633 | INFO     | DSH:train:201 - [iter:28/50][code_length:32][zs_mAP:0.34646][zs_mAP_all:0.11898]
2023-11-22 14:45:02.766 | INFO     | DSH:train:125 - [epoch:1/3][loss:3.843375]
2023-11-22 14:45:15.829 | INFO     | DSH:train:125 - [epoch:2/3][loss:7.812923]
2023-11-22 14:45:29.457 | INFO     | DSH:train:125 - [epoch:3/3][loss:7.634403]
2023-11-22 14:45:29.457 | INFO     | DSH:train:128 - [iter:29/50][iter_time:39.82]
2023-11-22 14:51:19.530 | INFO     | DSH:train:200 - [iter:29/50][code_length:32][mAP:0.84697][mAP_all:0.85009][best_mAP:0.85554]
2023-11-22 14:51:19.531 | INFO     | DSH:train:201 - [iter:29/50][code_length:32][zs_mAP:0.34257][zs_mAP_all:0.14241]
2023-11-22 14:51:32.870 | INFO     | DSH:train:125 - [epoch:1/3][loss:3.900557]
2023-11-22 14:51:46.079 | INFO     | DSH:train:125 - [epoch:2/3][loss:7.707434]
2023-11-22 14:51:59.878 | INFO     | DSH:train:125 - [epoch:3/3][loss:7.312860]
2023-11-22 14:51:59.879 | INFO     | DSH:train:128 - [iter:30/50][iter_time:40.35]
2023-11-22 14:57:52.471 | INFO     | DSH:train:200 - [iter:30/50][code_length:32][mAP:0.84190][mAP_all:0.84442][best_mAP:0.85554]
2023-11-22 14:57:52.472 | INFO     | DSH:train:201 - [iter:30/50][code_length:32][zs_mAP:0.35805][zs_mAP_all:0.11955]
2023-11-22 14:58:06.614 | INFO     | DSH:train:125 - [epoch:1/3][loss:3.918975]
2023-11-22 14:58:20.854 | INFO     | DSH:train:125 - [epoch:2/3][loss:7.890654]
2023-11-22 14:58:35.157 | INFO     | DSH:train:125 - [epoch:3/3][loss:7.734925]
2023-11-22 14:58:35.158 | INFO     | DSH:train:128 - [iter:31/50][iter_time:42.69]
2023-11-22 15:04:24.211 | INFO     | DSH:train:200 - [iter:31/50][code_length:32][mAP:0.84624][mAP_all:0.84664][best_mAP:0.85554]
2023-11-22 15:04:24.212 | INFO     | DSH:train:201 - [iter:31/50][code_length:32][zs_mAP:0.33083][zs_mAP_all:0.13868]
2023-11-22 15:04:38.186 | INFO     | DSH:train:125 - [epoch:1/3][loss:3.849969]
2023-11-22 15:04:52.531 | INFO     | DSH:train:125 - [epoch:2/3][loss:7.702542]
2023-11-22 15:05:06.429 | INFO     | DSH:train:125 - [epoch:3/3][loss:7.758370]
2023-11-22 15:05:06.430 | INFO     | DSH:train:128 - [iter:32/50][iter_time:42.22]
2023-11-22 15:10:55.218 | INFO     | DSH:train:200 - [iter:32/50][code_length:32][mAP:0.84893][mAP_all:0.84894][best_mAP:0.85554]
2023-11-22 15:10:55.218 | INFO     | DSH:train:201 - [iter:32/50][code_length:32][zs_mAP:0.37457][zs_mAP_all:0.16688]
2023-11-22 15:11:09.732 | INFO     | DSH:train:125 - [epoch:1/3][loss:3.675263]
2023-11-22 15:11:24.376 | INFO     | DSH:train:125 - [epoch:2/3][loss:7.678170]
2023-11-22 15:11:39.048 | INFO     | DSH:train:125 - [epoch:3/3][loss:7.546247]
2023-11-22 15:11:39.049 | INFO     | DSH:train:128 - [iter:33/50][iter_time:43.83]
2023-11-22 15:17:30.069 | INFO     | DSH:train:200 - [iter:33/50][code_length:32][mAP:0.85685][mAP_all:0.85818][best_mAP:0.85685]
2023-11-22 15:17:30.070 | INFO     | DSH:train:201 - [iter:33/50][code_length:32][zs_mAP:0.30147][zs_mAP_all:0.11839]
2023-11-22 15:17:44.244 | INFO     | DSH:train:125 - [epoch:1/3][loss:3.840831]
2023-11-22 15:17:58.498 | INFO     | DSH:train:125 - [epoch:2/3][loss:7.672124]
2023-11-22 15:18:12.701 | INFO     | DSH:train:125 - [epoch:3/3][loss:7.649588]
2023-11-22 15:18:12.702 | INFO     | DSH:train:128 - [iter:34/50][iter_time:42.63]
2023-11-22 15:23:58.270 | INFO     | DSH:train:200 - [iter:34/50][code_length:32][mAP:0.83780][mAP_all:0.84006][best_mAP:0.85685]
2023-11-22 15:23:58.270 | INFO     | DSH:train:201 - [iter:34/50][code_length:32][zs_mAP:0.32605][zs_mAP_all:0.11152]
2023-11-22 15:24:12.509 | INFO     | DSH:train:125 - [epoch:1/3][loss:4.112242]
2023-11-22 15:24:26.692 | INFO     | DSH:train:125 - [epoch:2/3][loss:7.732652]
2023-11-22 15:24:40.998 | INFO     | DSH:train:125 - [epoch:3/3][loss:7.651420]
2023-11-22 15:24:40.999 | INFO     | DSH:train:128 - [iter:35/50][iter_time:42.73]
2023-11-22 15:30:27.974 | INFO     | DSH:train:200 - [iter:35/50][code_length:32][mAP:0.85084][mAP_all:0.84935][best_mAP:0.85685]
2023-11-22 15:30:27.974 | INFO     | DSH:train:201 - [iter:35/50][code_length:32][zs_mAP:0.34037][zs_mAP_all:0.12459]
2023-11-22 15:30:41.269 | INFO     | DSH:train:125 - [epoch:1/3][loss:3.762562]
2023-11-22 15:30:54.414 | INFO     | DSH:train:125 - [epoch:2/3][loss:7.252713]
2023-11-22 15:31:07.728 | INFO     | DSH:train:125 - [epoch:3/3][loss:7.466669]
2023-11-22 15:31:07.729 | INFO     | DSH:train:128 - [iter:36/50][iter_time:39.75]
2023-11-22 15:36:54.688 | INFO     | DSH:train:200 - [iter:36/50][code_length:32][mAP:0.85109][mAP_all:0.84984][best_mAP:0.85685]
2023-11-22 15:36:54.689 | INFO     | DSH:train:201 - [iter:36/50][code_length:32][zs_mAP:0.36720][zs_mAP_all:0.11996]
2023-11-22 15:37:07.716 | INFO     | DSH:train:125 - [epoch:1/3][loss:3.829883]
2023-11-22 15:37:20.672 | INFO     | DSH:train:125 - [epoch:2/3][loss:7.697070]
2023-11-22 15:37:33.478 | INFO     | DSH:train:125 - [epoch:3/3][loss:7.464478]
2023-11-22 15:37:33.479 | INFO     | DSH:train:128 - [iter:37/50][iter_time:38.79]
2023-11-22 15:43:19.005 | INFO     | DSH:train:200 - [iter:37/50][code_length:32][mAP:0.82825][mAP_all:0.83217][best_mAP:0.85685]
2023-11-22 15:43:19.006 | INFO     | DSH:train:201 - [iter:37/50][code_length:32][zs_mAP:0.31891][zs_mAP_all:0.11530]
2023-11-22 15:43:32.723 | INFO     | DSH:train:125 - [epoch:1/3][loss:3.775613]
2023-11-22 15:43:46.421 | INFO     | DSH:train:125 - [epoch:2/3][loss:7.548938]
2023-11-22 15:44:00.723 | INFO     | DSH:train:125 - [epoch:3/3][loss:7.206624]
2023-11-22 15:44:00.723 | INFO     | DSH:train:128 - [iter:38/50][iter_time:41.72]
2023-11-22 15:49:44.145 | INFO     | DSH:train:200 - [iter:38/50][code_length:32][mAP:0.84139][mAP_all:0.84185][best_mAP:0.85685]
2023-11-22 15:49:44.145 | INFO     | DSH:train:201 - [iter:38/50][code_length:32][zs_mAP:0.34759][zs_mAP_all:0.13513]
2023-11-22 15:49:58.031 | INFO     | DSH:train:125 - [epoch:1/3][loss:3.630152]
2023-11-22 15:50:11.961 | INFO     | DSH:train:125 - [epoch:2/3][loss:7.483804]
2023-11-22 15:50:26.313 | INFO     | DSH:train:125 - [epoch:3/3][loss:7.465282]
2023-11-22 15:50:26.314 | INFO     | DSH:train:128 - [iter:39/50][iter_time:42.17]
2023-11-22 15:56:10.862 | INFO     | DSH:train:200 - [iter:39/50][code_length:32][mAP:0.85485][mAP_all:0.85540][best_mAP:0.85685]
2023-11-22 15:56:10.863 | INFO     | DSH:train:201 - [iter:39/50][code_length:32][zs_mAP:0.34171][zs_mAP_all:0.12279]
2023-11-22 15:56:24.474 | INFO     | DSH:train:125 - [epoch:1/3][loss:4.045657]
2023-11-22 15:56:39.112 | INFO     | DSH:train:125 - [epoch:2/3][loss:7.908993]
2023-11-22 15:56:52.712 | INFO     | DSH:train:125 - [epoch:3/3][loss:7.499856]
2023-11-22 15:56:52.712 | INFO     | DSH:train:128 - [iter:40/50][iter_time:41.85]
2023-11-22 16:02:39.848 | INFO     | DSH:train:200 - [iter:40/50][code_length:32][mAP:0.85703][mAP_all:0.85842][best_mAP:0.85703]
2023-11-22 16:02:39.848 | INFO     | DSH:train:201 - [iter:40/50][code_length:32][zs_mAP:0.36322][zs_mAP_all:0.11780]
2023-11-22 16:02:53.008 | INFO     | DSH:train:125 - [epoch:1/3][loss:3.915993]
2023-11-22 16:03:06.142 | INFO     | DSH:train:125 - [epoch:2/3][loss:7.827193]
2023-11-22 16:03:20.207 | INFO     | DSH:train:125 - [epoch:3/3][loss:7.564007]
2023-11-22 16:03:20.207 | INFO     | DSH:train:128 - [iter:41/50][iter_time:40.36]
2023-11-22 16:09:07.135 | INFO     | DSH:train:200 - [iter:41/50][code_length:32][mAP:0.85533][mAP_all:0.85295][best_mAP:0.85703]
2023-11-22 16:09:07.135 | INFO     | DSH:train:201 - [iter:41/50][code_length:32][zs_mAP:0.34203][zs_mAP_all:0.14008]
2023-11-22 16:09:20.436 | INFO     | DSH:train:125 - [epoch:1/3][loss:3.683771]
2023-11-22 16:09:33.740 | INFO     | DSH:train:125 - [epoch:2/3][loss:7.155513]
2023-11-22 16:09:47.681 | INFO     | DSH:train:125 - [epoch:3/3][loss:7.220644]
2023-11-22 16:09:47.682 | INFO     | DSH:train:128 - [iter:42/50][iter_time:40.55]
2023-11-22 16:15:37.164 | INFO     | DSH:train:200 - [iter:42/50][code_length:32][mAP:0.84857][mAP_all:0.84700][best_mAP:0.85703]
2023-11-22 16:15:37.164 | INFO     | DSH:train:201 - [iter:42/50][code_length:32][zs_mAP:0.33708][zs_mAP_all:0.11700]
2023-11-22 16:15:50.451 | INFO     | DSH:train:125 - [epoch:1/3][loss:3.611177]
2023-11-22 16:16:04.738 | INFO     | DSH:train:125 - [epoch:2/3][loss:6.987804]
2023-11-22 16:16:18.982 | INFO     | DSH:train:125 - [epoch:3/3][loss:6.837399]
2023-11-22 16:16:18.984 | INFO     | DSH:train:128 - [iter:43/50][iter_time:41.82]
2023-11-22 16:22:04.536 | INFO     | DSH:train:200 - [iter:43/50][code_length:32][mAP:0.83680][mAP_all:0.83552][best_mAP:0.85703]
2023-11-22 16:22:04.537 | INFO     | DSH:train:201 - [iter:43/50][code_length:32][zs_mAP:0.32476][zs_mAP_all:0.13898]
2023-11-22 16:22:17.854 | INFO     | DSH:train:125 - [epoch:1/3][loss:3.891865]
2023-11-22 16:22:31.167 | INFO     | DSH:train:125 - [epoch:2/3][loss:7.557952]
2023-11-22 16:22:44.480 | INFO     | DSH:train:125 - [epoch:3/3][loss:7.376532]
2023-11-22 16:22:44.480 | INFO     | DSH:train:128 - [iter:44/50][iter_time:39.94]
2023-11-22 16:28:31.158 | INFO     | DSH:train:200 - [iter:44/50][code_length:32][mAP:0.85222][mAP_all:0.85047][best_mAP:0.85703]
2023-11-22 16:28:31.159 | INFO     | DSH:train:201 - [iter:44/50][code_length:32][zs_mAP:0.34172][zs_mAP_all:0.13049]
2023-11-22 16:28:44.383 | INFO     | DSH:train:125 - [epoch:1/3][loss:3.885985]
2023-11-22 16:28:57.639 | INFO     | DSH:train:125 - [epoch:2/3][loss:7.731159]
2023-11-22 16:29:11.033 | INFO     | DSH:train:125 - [epoch:3/3][loss:7.774153]
2023-11-22 16:29:11.034 | INFO     | DSH:train:128 - [iter:45/50][iter_time:39.87]
2023-11-22 16:34:57.648 | INFO     | DSH:train:200 - [iter:45/50][code_length:32][mAP:0.85013][mAP_all:0.84719][best_mAP:0.85703]
2023-11-22 16:34:57.649 | INFO     | DSH:train:201 - [iter:45/50][code_length:32][zs_mAP:0.34313][zs_mAP_all:0.13107]
2023-11-22 16:35:11.294 | INFO     | DSH:train:125 - [epoch:1/3][loss:3.793953]
2023-11-22 16:35:25.794 | INFO     | DSH:train:125 - [epoch:2/3][loss:7.444034]
2023-11-22 16:35:40.151 | INFO     | DSH:train:125 - [epoch:3/3][loss:7.041797]
2023-11-22 16:35:40.153 | INFO     | DSH:train:128 - [iter:46/50][iter_time:42.50]
2023-11-22 16:41:26.257 | INFO     | DSH:train:200 - [iter:46/50][code_length:32][mAP:0.85791][mAP_all:0.85497][best_mAP:0.85791]
2023-11-22 16:41:26.259 | INFO     | DSH:train:201 - [iter:46/50][code_length:32][zs_mAP:0.34779][zs_mAP_all:0.13354]
2023-11-22 16:41:40.959 | INFO     | DSH:train:125 - [epoch:1/3][loss:3.666180]
2023-11-22 16:41:54.950 | INFO     | DSH:train:125 - [epoch:2/3][loss:7.277661]
2023-11-22 16:42:09.104 | INFO     | DSH:train:125 - [epoch:3/3][loss:7.080202]
2023-11-22 16:42:09.104 | INFO     | DSH:train:128 - [iter:47/50][iter_time:42.85]
2023-11-22 16:47:56.268 | INFO     | DSH:train:200 - [iter:47/50][code_length:32][mAP:0.86145][mAP_all:0.85678][best_mAP:0.86145]
2023-11-22 16:47:56.269 | INFO     | DSH:train:201 - [iter:47/50][code_length:32][zs_mAP:0.34953][zs_mAP_all:0.13320]
2023-11-22 16:48:10.665 | INFO     | DSH:train:125 - [epoch:1/3][loss:3.479761]
2023-11-22 16:48:24.874 | INFO     | DSH:train:125 - [epoch:2/3][loss:6.858701]
2023-11-22 16:48:38.749 | INFO     | DSH:train:125 - [epoch:3/3][loss:6.827004]
2023-11-22 16:48:38.750 | INFO     | DSH:train:128 - [iter:48/50][iter_time:42.48]
2023-11-22 16:54:23.512 | INFO     | DSH:train:200 - [iter:48/50][code_length:32][mAP:0.85841][mAP_all:0.85385][best_mAP:0.86145]
2023-11-22 16:54:23.513 | INFO     | DSH:train:201 - [iter:48/50][code_length:32][zs_mAP:0.34176][zs_mAP_all:0.13203]
2023-11-22 16:54:38.005 | INFO     | DSH:train:125 - [epoch:1/3][loss:3.529284]
2023-11-22 16:54:52.592 | INFO     | DSH:train:125 - [epoch:2/3][loss:6.921537]
2023-11-22 16:55:07.115 | INFO     | DSH:train:125 - [epoch:3/3][loss:6.487105]
2023-11-22 16:55:07.116 | INFO     | DSH:train:128 - [iter:49/50][iter_time:43.60]
2023-11-22 17:00:50.188 | INFO     | DSH:train:200 - [iter:49/50][code_length:32][mAP:0.86019][mAP_all:0.85542][best_mAP:0.86145]
2023-11-22 17:00:50.189 | INFO     | DSH:train:201 - [iter:49/50][code_length:32][zs_mAP:0.34635][zs_mAP_all:0.13071]
2023-11-22 17:01:04.007 | INFO     | DSH:train:125 - [epoch:1/3][loss:3.212844]
2023-11-22 17:01:18.447 | INFO     | DSH:train:125 - [epoch:2/3][loss:6.304489]
2023-11-22 17:01:32.886 | INFO     | DSH:train:125 - [epoch:3/3][loss:6.253006]
2023-11-22 17:01:32.887 | INFO     | DSH:train:128 - [iter:50/50][iter_time:42.70]
2023-11-22 17:07:18.448 | INFO     | DSH:train:200 - [iter:50/50][code_length:32][mAP:0.86695][mAP_all:0.86045][best_mAP:0.86695]
2023-11-22 17:07:18.449 | INFO     | DSH:train:201 - [iter:50/50][code_length:32][zs_mAP:0.34137][zs_mAP_all:0.13090]
2023-11-22 17:07:18.449 | INFO     | DSH:train:204 - [Training time:19567.71]
2023-11-22 17:07:18.454 | INFO     | __main__:run:126 - [code_length:32][map:0.8669][map_all:0.8604][zs_map:0.3414][zs_map_all:0.1309]
2023-11-22 17:07:33.160 | INFO     | DSH:train:125 - [epoch:1/3][loss:25.253422]
2023-11-22 17:07:47.487 | INFO     | DSH:train:125 - [epoch:2/3][loss:29.609708]
2023-11-22 17:08:01.932 | INFO     | DSH:train:125 - [epoch:3/3][loss:22.784671]
2023-11-22 17:08:01.933 | INFO     | DSH:train:128 - [iter:1/50][iter_time:42.99]
2023-11-22 17:13:48.591 | INFO     | DSH:train:200 - [iter:1/50][code_length:64][mAP:0.75029][mAP_all:0.76009][best_mAP:0.75029]
2023-11-22 17:13:48.591 | INFO     | DSH:train:201 - [iter:1/50][code_length:64][zs_mAP:0.32232][zs_mAP_all:0.13114]
2023-11-22 17:14:01.888 | INFO     | DSH:train:125 - [epoch:1/3][loss:11.050841]
2023-11-22 17:14:15.258 | INFO     | DSH:train:125 - [epoch:2/3][loss:22.241518]
2023-11-22 17:14:28.538 | INFO     | DSH:train:125 - [epoch:3/3][loss:21.365455]
2023-11-22 17:14:28.538 | INFO     | DSH:train:128 - [iter:2/50][iter_time:39.95]
2023-11-22 17:20:12.799 | INFO     | DSH:train:200 - [iter:2/50][code_length:64][mAP:0.80240][mAP_all:0.80531][best_mAP:0.80240]
2023-11-22 17:20:12.800 | INFO     | DSH:train:201 - [iter:2/50][code_length:64][zs_mAP:0.32847][zs_mAP_all:0.12919]
2023-11-22 17:20:24.487 | INFO     | DSH:train:125 - [epoch:1/3][loss:10.303319]
2023-11-22 17:20:36.136 | INFO     | DSH:train:125 - [epoch:2/3][loss:20.954319]
2023-11-22 17:20:47.795 | INFO     | DSH:train:125 - [epoch:3/3][loss:21.596945]
2023-11-22 17:20:47.795 | INFO     | DSH:train:128 - [iter:3/50][iter_time:35.00]
2023-11-22 17:26:33.683 | INFO     | DSH:train:200 - [iter:3/50][code_length:64][mAP:0.78829][mAP_all:0.79269][best_mAP:0.80240]
2023-11-22 17:26:33.684 | INFO     | DSH:train:201 - [iter:3/50][code_length:64][zs_mAP:0.34937][zs_mAP_all:0.12389]
2023-11-22 17:26:45.418 | INFO     | DSH:train:125 - [epoch:1/3][loss:10.140267]
2023-11-22 17:26:57.165 | INFO     | DSH:train:125 - [epoch:2/3][loss:19.416212]
2023-11-22 17:27:08.948 | INFO     | DSH:train:125 - [epoch:3/3][loss:19.774190]
2023-11-22 17:27:08.948 | INFO     | DSH:train:128 - [iter:4/50][iter_time:35.26]
2023-11-22 17:32:52.709 | INFO     | DSH:train:200 - [iter:4/50][code_length:64][mAP:0.78588][mAP_all:0.79090][best_mAP:0.80240]
2023-11-22 17:32:52.709 | INFO     | DSH:train:201 - [iter:4/50][code_length:64][zs_mAP:0.30536][zs_mAP_all:0.10294]
2023-11-22 17:33:05.985 | INFO     | DSH:train:125 - [epoch:1/3][loss:10.126668]
2023-11-22 17:33:19.931 | INFO     | DSH:train:125 - [epoch:2/3][loss:19.897525]
2023-11-22 17:33:34.118 | INFO     | DSH:train:125 - [epoch:3/3][loss:20.094067]
2023-11-22 17:33:34.119 | INFO     | DSH:train:128 - [iter:5/50][iter_time:41.41]
2023-11-22 17:39:20.556 | INFO     | DSH:train:200 - [iter:5/50][code_length:64][mAP:0.79679][mAP_all:0.80183][best_mAP:0.80240]
2023-11-22 17:39:20.556 | INFO     | DSH:train:201 - [iter:5/50][code_length:64][zs_mAP:0.31182][zs_mAP_all:0.10040]
2023-11-22 17:39:33.812 | INFO     | DSH:train:125 - [epoch:1/3][loss:10.252083]
2023-11-22 17:39:47.708 | INFO     | DSH:train:125 - [epoch:2/3][loss:20.450298]
2023-11-22 17:40:02.127 | INFO     | DSH:train:125 - [epoch:3/3][loss:19.903609]
2023-11-22 17:40:02.128 | INFO     | DSH:train:128 - [iter:6/50][iter_time:41.57]
2023-11-22 17:45:44.878 | INFO     | DSH:train:200 - [iter:6/50][code_length:64][mAP:0.79838][mAP_all:0.80485][best_mAP:0.80240]
2023-11-22 17:45:44.878 | INFO     | DSH:train:201 - [iter:6/50][code_length:64][zs_mAP:0.35779][zs_mAP_all:0.10958]
2023-11-22 17:45:58.506 | INFO     | DSH:train:125 - [epoch:1/3][loss:9.596965]
2023-11-22 17:46:11.922 | INFO     | DSH:train:125 - [epoch:2/3][loss:19.112140]
2023-11-22 17:46:25.978 | INFO     | DSH:train:125 - [epoch:3/3][loss:18.631775]
2023-11-22 17:46:25.979 | INFO     | DSH:train:128 - [iter:7/50][iter_time:41.10]
2023-11-22 17:52:11.593 | INFO     | DSH:train:200 - [iter:7/50][code_length:64][mAP:0.75862][mAP_all:0.76585][best_mAP:0.80240]
2023-11-22 17:52:11.594 | INFO     | DSH:train:201 - [iter:7/50][code_length:64][zs_mAP:0.33192][zs_mAP_all:0.10257]
2023-11-22 17:52:26.117 | INFO     | DSH:train:125 - [epoch:1/3][loss:10.126581]
2023-11-22 17:52:40.659 | INFO     | DSH:train:125 - [epoch:2/3][loss:19.954092]
2023-11-22 17:52:55.150 | INFO     | DSH:train:125 - [epoch:3/3][loss:19.374118]
2023-11-22 17:52:55.151 | INFO     | DSH:train:128 - [iter:8/50][iter_time:43.56]
2023-11-22 17:58:40.696 | INFO     | DSH:train:200 - [iter:8/50][code_length:64][mAP:0.80908][mAP_all:0.80884][best_mAP:0.80908]
2023-11-22 17:58:40.697 | INFO     | DSH:train:201 - [iter:8/50][code_length:64][zs_mAP:0.35765][zs_mAP_all:0.11021]
2023-11-22 17:58:54.458 | INFO     | DSH:train:125 - [epoch:1/3][loss:9.812476]
2023-11-22 17:59:08.715 | INFO     | DSH:train:125 - [epoch:2/3][loss:19.431984]
2023-11-22 17:59:22.463 | INFO     | DSH:train:125 - [epoch:3/3][loss:19.223739]
2023-11-22 17:59:22.464 | INFO     | DSH:train:128 - [iter:9/50][iter_time:41.77]
2023-11-22 18:05:08.703 | INFO     | DSH:train:200 - [iter:9/50][code_length:64][mAP:0.80670][mAP_all:0.81145][best_mAP:0.80908]
2023-11-22 18:05:08.703 | INFO     | DSH:train:201 - [iter:9/50][code_length:64][zs_mAP:0.36238][zs_mAP_all:0.13823]
2023-11-22 18:05:21.976 | INFO     | DSH:train:125 - [epoch:1/3][loss:9.068347]
2023-11-22 18:05:35.462 | INFO     | DSH:train:125 - [epoch:2/3][loss:19.185879]
2023-11-22 18:05:49.068 | INFO     | DSH:train:125 - [epoch:3/3][loss:19.088864]
2023-11-22 18:05:49.068 | INFO     | DSH:train:128 - [iter:10/50][iter_time:40.37]
2023-11-22 18:11:31.523 | INFO     | DSH:train:200 - [iter:10/50][code_length:64][mAP:0.77657][mAP_all:0.78153][best_mAP:0.80908]
2023-11-22 18:11:31.523 | INFO     | DSH:train:201 - [iter:10/50][code_length:64][zs_mAP:0.32692][zs_mAP_all:0.11778]
2023-11-22 18:11:45.735 | INFO     | DSH:train:125 - [epoch:1/3][loss:9.141677]
2023-11-22 18:12:00.101 | INFO     | DSH:train:125 - [epoch:2/3][loss:18.279006]
2023-11-22 18:12:13.635 | INFO     | DSH:train:125 - [epoch:3/3][loss:18.217424]
2023-11-22 18:12:13.635 | INFO     | DSH:train:128 - [iter:11/50][iter_time:42.11]
2023-11-22 18:17:57.957 | INFO     | DSH:train:200 - [iter:11/50][code_length:64][mAP:0.80113][mAP_all:0.80452][best_mAP:0.80908]
2023-11-22 18:17:57.958 | INFO     | DSH:train:201 - [iter:11/50][code_length:64][zs_mAP:0.33881][zs_mAP_all:0.12077]
2023-11-22 18:18:11.435 | INFO     | DSH:train:125 - [epoch:1/3][loss:9.301396]
2023-11-22 18:18:25.923 | INFO     | DSH:train:125 - [epoch:2/3][loss:18.268722]
2023-11-22 18:18:40.603 | INFO     | DSH:train:125 - [epoch:3/3][loss:18.266949]
2023-11-22 18:18:40.604 | INFO     | DSH:train:128 - [iter:12/50][iter_time:42.65]
2023-11-22 18:24:23.734 | INFO     | DSH:train:200 - [iter:12/50][code_length:64][mAP:0.80758][mAP_all:0.80987][best_mAP:0.80908]
2023-11-22 18:24:23.734 | INFO     | DSH:train:201 - [iter:12/50][code_length:64][zs_mAP:0.35702][zs_mAP_all:0.13880]
2023-11-22 18:24:37.685 | INFO     | DSH:train:125 - [epoch:1/3][loss:9.519681]
2023-11-22 18:24:51.133 | INFO     | DSH:train:125 - [epoch:2/3][loss:18.207388]
2023-11-22 18:25:04.541 | INFO     | DSH:train:125 - [epoch:3/3][loss:18.534384]
2023-11-22 18:25:04.542 | INFO     | DSH:train:128 - [iter:13/50][iter_time:40.81]
2023-11-22 18:30:48.401 | INFO     | DSH:train:200 - [iter:13/50][code_length:64][mAP:0.81215][mAP_all:0.81307][best_mAP:0.81215]
2023-11-22 18:30:48.401 | INFO     | DSH:train:201 - [iter:13/50][code_length:64][zs_mAP:0.34138][zs_mAP_all:0.13809]
2023-11-22 18:31:01.669 | INFO     | DSH:train:125 - [epoch:1/3][loss:8.902935]
2023-11-22 18:31:14.868 | INFO     | DSH:train:125 - [epoch:2/3][loss:17.272739]
2023-11-22 18:31:27.972 | INFO     | DSH:train:125 - [epoch:3/3][loss:17.555517]
2023-11-22 18:31:27.973 | INFO     | DSH:train:128 - [iter:14/50][iter_time:39.57]
2023-11-22 18:37:10.367 | INFO     | DSH:train:200 - [iter:14/50][code_length:64][mAP:0.81658][mAP_all:0.81358][best_mAP:0.81658]
2023-11-22 18:37:10.367 | INFO     | DSH:train:201 - [iter:14/50][code_length:64][zs_mAP:0.36446][zs_mAP_all:0.12327]
2023-11-22 18:37:23.654 | INFO     | DSH:train:125 - [epoch:1/3][loss:8.958177]
2023-11-22 18:37:36.888 | INFO     | DSH:train:125 - [epoch:2/3][loss:17.606671]
2023-11-22 18:37:50.369 | INFO     | DSH:train:125 - [epoch:3/3][loss:17.477649]
2023-11-22 18:37:50.370 | INFO     | DSH:train:128 - [iter:15/50][iter_time:40.00]
2023-11-22 18:43:33.879 | INFO     | DSH:train:200 - [iter:15/50][code_length:64][mAP:0.81161][mAP_all:0.80986][best_mAP:0.81658]
2023-11-22 18:43:33.879 | INFO     | DSH:train:201 - [iter:15/50][code_length:64][zs_mAP:0.35503][zs_mAP_all:0.10938]
2023-11-22 18:43:48.285 | INFO     | DSH:train:125 - [epoch:1/3][loss:9.187835]
2023-11-22 18:44:02.608 | INFO     | DSH:train:125 - [epoch:2/3][loss:17.579281]
2023-11-22 18:44:16.927 | INFO     | DSH:train:125 - [epoch:3/3][loss:17.390529]
2023-11-22 18:44:16.928 | INFO     | DSH:train:128 - [iter:16/50][iter_time:43.05]
2023-11-22 18:49:59.708 | INFO     | DSH:train:200 - [iter:16/50][code_length:64][mAP:0.82163][mAP_all:0.81753][best_mAP:0.82163]
2023-11-22 18:49:59.709 | INFO     | DSH:train:201 - [iter:16/50][code_length:64][zs_mAP:0.33933][zs_mAP_all:0.10768]
2023-11-22 18:50:12.850 | INFO     | DSH:train:125 - [epoch:1/3][loss:8.616732]
2023-11-22 18:50:26.013 | INFO     | DSH:train:125 - [epoch:2/3][loss:17.157819]
2023-11-22 18:50:40.688 | INFO     | DSH:train:125 - [epoch:3/3][loss:17.297904]
2023-11-22 18:50:40.688 | INFO     | DSH:train:128 - [iter:17/50][iter_time:40.98]
2023-11-22 18:56:23.175 | INFO     | DSH:train:200 - [iter:17/50][code_length:64][mAP:0.80924][mAP_all:0.80702][best_mAP:0.82163]
2023-11-22 18:56:23.176 | INFO     | DSH:train:201 - [iter:17/50][code_length:64][zs_mAP:0.30090][zs_mAP_all:0.11489]
2023-11-22 18:56:36.917 | INFO     | DSH:train:125 - [epoch:1/3][loss:8.509145]
2023-11-22 18:56:50.343 | INFO     | DSH:train:125 - [epoch:2/3][loss:16.420125]
2023-11-22 18:57:04.524 | INFO     | DSH:train:125 - [epoch:3/3][loss:16.364304]
2023-11-22 18:57:04.524 | INFO     | DSH:train:128 - [iter:18/50][iter_time:41.35]
2023-11-22 19:02:47.582 | INFO     | DSH:train:200 - [iter:18/50][code_length:64][mAP:0.80872][mAP_all:0.80872][best_mAP:0.82163]
2023-11-22 19:02:47.583 | INFO     | DSH:train:201 - [iter:18/50][code_length:64][zs_mAP:0.34120][zs_mAP_all:0.10740]
2023-11-22 19:03:01.713 | INFO     | DSH:train:125 - [epoch:1/3][loss:8.515891]
2023-11-22 19:03:15.545 | INFO     | DSH:train:125 - [epoch:2/3][loss:17.117172]
2023-11-22 19:03:29.388 | INFO     | DSH:train:125 - [epoch:3/3][loss:17.057327]
2023-11-22 19:03:29.388 | INFO     | DSH:train:128 - [iter:19/50][iter_time:41.80]
2023-11-22 19:09:14.528 | INFO     | DSH:train:200 - [iter:19/50][code_length:64][mAP:0.81351][mAP_all:0.81201][best_mAP:0.82163]
2023-11-22 19:09:14.529 | INFO     | DSH:train:201 - [iter:19/50][code_length:64][zs_mAP:0.34375][zs_mAP_all:0.13653]
2023-11-22 19:09:28.778 | INFO     | DSH:train:125 - [epoch:1/3][loss:8.757910]
2023-11-22 19:09:43.199 | INFO     | DSH:train:125 - [epoch:2/3][loss:17.303433]
2023-11-22 19:09:57.411 | INFO     | DSH:train:125 - [epoch:3/3][loss:16.594713]
2023-11-22 19:09:57.412 | INFO     | DSH:train:128 - [iter:20/50][iter_time:42.88]
2023-11-22 19:15:44.591 | INFO     | DSH:train:200 - [iter:20/50][code_length:64][mAP:0.79458][mAP_all:0.79521][best_mAP:0.82163]
2023-11-22 19:15:44.592 | INFO     | DSH:train:201 - [iter:20/50][code_length:64][zs_mAP:0.31996][zs_mAP_all:0.11050]
2023-11-22 19:15:58.150 | INFO     | DSH:train:125 - [epoch:1/3][loss:8.432967]
2023-11-22 19:16:12.756 | INFO     | DSH:train:125 - [epoch:2/3][loss:17.061290]
2023-11-22 19:16:26.840 | INFO     | DSH:train:125 - [epoch:3/3][loss:16.994700]
2023-11-22 19:16:26.841 | INFO     | DSH:train:128 - [iter:21/50][iter_time:42.25]
2023-11-22 19:22:21.591 | INFO     | DSH:train:200 - [iter:21/50][code_length:64][mAP:0.81846][mAP_all:0.81740][best_mAP:0.82163]
2023-11-22 19:22:21.592 | INFO     | DSH:train:201 - [iter:21/50][code_length:64][zs_mAP:0.32830][zs_mAP_all:0.10782]
2023-11-22 19:22:35.648 | INFO     | DSH:train:125 - [epoch:1/3][loss:8.281320]
2023-11-22 19:22:50.169 | INFO     | DSH:train:125 - [epoch:2/3][loss:16.452070]
2023-11-22 19:23:04.723 | INFO     | DSH:train:125 - [epoch:3/3][loss:16.184231]
2023-11-22 19:23:04.724 | INFO     | DSH:train:128 - [iter:22/50][iter_time:43.13]
2023-11-22 19:28:59.143 | INFO     | DSH:train:200 - [iter:22/50][code_length:64][mAP:0.82155][mAP_all:0.82304][best_mAP:0.82163]
2023-11-22 19:28:59.143 | INFO     | DSH:train:201 - [iter:22/50][code_length:64][zs_mAP:0.34896][zs_mAP_all:0.12602]
2023-11-22 19:29:12.956 | INFO     | DSH:train:125 - [epoch:1/3][loss:8.349911]
2023-11-22 19:29:26.981 | INFO     | DSH:train:125 - [epoch:2/3][loss:16.706215]
2023-11-22 19:29:41.096 | INFO     | DSH:train:125 - [epoch:3/3][loss:16.679950]
2023-11-22 19:29:41.096 | INFO     | DSH:train:128 - [iter:23/50][iter_time:41.95]
2023-11-22 19:35:32.893 | INFO     | DSH:train:200 - [iter:23/50][code_length:64][mAP:0.82524][mAP_all:0.82566][best_mAP:0.82524]
2023-11-22 19:35:32.894 | INFO     | DSH:train:201 - [iter:23/50][code_length:64][zs_mAP:0.36165][zs_mAP_all:0.13885]
2023-11-22 19:35:48.117 | INFO     | DSH:train:125 - [epoch:1/3][loss:8.072956]
2023-11-22 19:36:03.051 | INFO     | DSH:train:125 - [epoch:2/3][loss:16.471298]
2023-11-22 19:36:18.816 | INFO     | DSH:train:125 - [epoch:3/3][loss:16.467633]
2023-11-22 19:36:18.817 | INFO     | DSH:train:128 - [iter:24/50][iter_time:45.92]
2023-11-22 19:42:11.288 | INFO     | DSH:train:200 - [iter:24/50][code_length:64][mAP:0.83020][mAP_all:0.82642][best_mAP:0.83020]
2023-11-22 19:42:11.289 | INFO     | DSH:train:201 - [iter:24/50][code_length:64][zs_mAP:0.35906][zs_mAP_all:0.13289]
2023-11-22 19:42:25.612 | INFO     | DSH:train:125 - [epoch:1/3][loss:8.462125]
2023-11-22 19:42:40.833 | INFO     | DSH:train:125 - [epoch:2/3][loss:16.590098]
2023-11-22 19:42:55.779 | INFO     | DSH:train:125 - [epoch:3/3][loss:16.133405]
2023-11-22 19:42:55.780 | INFO     | DSH:train:128 - [iter:25/50][iter_time:44.49]
2023-11-22 19:48:49.758 | INFO     | DSH:train:200 - [iter:25/50][code_length:64][mAP:0.82067][mAP_all:0.81689][best_mAP:0.83020]
2023-11-22 19:48:49.759 | INFO     | DSH:train:201 - [iter:25/50][code_length:64][zs_mAP:0.34617][zs_mAP_all:0.13086]
2023-11-22 19:49:05.241 | INFO     | DSH:train:125 - [epoch:1/3][loss:8.806185]
2023-11-22 19:49:19.882 | INFO     | DSH:train:125 - [epoch:2/3][loss:17.039255]
2023-11-22 19:49:33.506 | INFO     | DSH:train:125 - [epoch:3/3][loss:16.872524]
2023-11-22 19:49:33.507 | INFO     | DSH:train:128 - [iter:26/50][iter_time:43.75]
2023-11-22 19:55:28.964 | INFO     | DSH:train:200 - [iter:26/50][code_length:64][mAP:0.83108][mAP_all:0.82519][best_mAP:0.83108]
2023-11-22 19:55:28.965 | INFO     | DSH:train:201 - [iter:26/50][code_length:64][zs_mAP:0.34012][zs_mAP_all:0.14390]
2023-11-22 19:55:43.328 | INFO     | DSH:train:125 - [epoch:1/3][loss:8.250085]
2023-11-22 19:55:57.859 | INFO     | DSH:train:125 - [epoch:2/3][loss:16.163946]
2023-11-22 19:56:12.302 | INFO     | DSH:train:125 - [epoch:3/3][loss:16.339360]
2023-11-22 19:56:12.303 | INFO     | DSH:train:128 - [iter:27/50][iter_time:43.34]
2023-11-22 20:02:05.411 | INFO     | DSH:train:200 - [iter:27/50][code_length:64][mAP:0.83608][mAP_all:0.83338][best_mAP:0.83608]
2023-11-22 20:02:05.412 | INFO     | DSH:train:201 - [iter:27/50][code_length:64][zs_mAP:0.34361][zs_mAP_all:0.14774]
2023-11-22 20:02:19.985 | INFO     | DSH:train:125 - [epoch:1/3][loss:8.142681]
2023-11-22 20:02:34.588 | INFO     | DSH:train:125 - [epoch:2/3][loss:15.942911]
2023-11-22 20:02:48.819 | INFO     | DSH:train:125 - [epoch:3/3][loss:15.837240]
2023-11-22 20:02:48.819 | INFO     | DSH:train:128 - [iter:28/50][iter_time:43.41]
2023-11-22 20:08:42.056 | INFO     | DSH:train:200 - [iter:28/50][code_length:64][mAP:0.83589][mAP_all:0.83079][best_mAP:0.83608]
2023-11-22 20:08:42.057 | INFO     | DSH:train:201 - [iter:28/50][code_length:64][zs_mAP:0.34671][zs_mAP_all:0.14487]
2023-11-22 20:08:55.862 | INFO     | DSH:train:125 - [epoch:1/3][loss:8.180473]
2023-11-22 20:09:09.427 | INFO     | DSH:train:125 - [epoch:2/3][loss:16.883685]
2023-11-22 20:09:23.567 | INFO     | DSH:train:125 - [epoch:3/3][loss:16.688991]
2023-11-22 20:09:23.568 | INFO     | DSH:train:128 - [iter:29/50][iter_time:41.51]
2023-11-22 20:15:16.059 | INFO     | DSH:train:200 - [iter:29/50][code_length:64][mAP:0.83422][mAP_all:0.83347][best_mAP:0.83608]
2023-11-22 20:15:16.060 | INFO     | DSH:train:201 - [iter:29/50][code_length:64][zs_mAP:0.38026][zs_mAP_all:0.13720]
2023-11-22 20:15:30.887 | INFO     | DSH:train:125 - [epoch:1/3][loss:7.945607]
2023-11-22 20:15:45.848 | INFO     | DSH:train:125 - [epoch:2/3][loss:16.285764]
2023-11-22 20:16:01.994 | INFO     | DSH:train:125 - [epoch:3/3][loss:16.725594]
2023-11-22 20:16:01.995 | INFO     | DSH:train:128 - [iter:30/50][iter_time:45.93]
2023-11-22 20:21:52.520 | INFO     | DSH:train:200 - [iter:30/50][code_length:64][mAP:0.82405][mAP_all:0.82521][best_mAP:0.83608]
2023-11-22 20:21:52.520 | INFO     | DSH:train:201 - [iter:30/50][code_length:64][zs_mAP:0.36566][zs_mAP_all:0.13084]
2023-11-22 20:22:08.075 | INFO     | DSH:train:125 - [epoch:1/3][loss:8.232266]
2023-11-22 20:22:23.577 | INFO     | DSH:train:125 - [epoch:2/3][loss:16.651138]
2023-11-22 20:22:38.925 | INFO     | DSH:train:125 - [epoch:3/3][loss:16.195946]
2023-11-22 20:22:38.926 | INFO     | DSH:train:128 - [iter:31/50][iter_time:46.41]
2023-11-22 20:28:31.533 | INFO     | DSH:train:200 - [iter:31/50][code_length:64][mAP:0.84042][mAP_all:0.83892][best_mAP:0.84042]
2023-11-22 20:28:31.534 | INFO     | DSH:train:201 - [iter:31/50][code_length:64][zs_mAP:0.33785][zs_mAP_all:0.13375]
2023-11-22 20:28:46.483 | INFO     | DSH:train:125 - [epoch:1/3][loss:8.091812]
2023-11-22 20:28:59.568 | INFO     | DSH:train:125 - [epoch:2/3][loss:16.631767]
2023-11-22 20:29:12.969 | INFO     | DSH:train:125 - [epoch:3/3][loss:15.628309]
2023-11-22 20:29:12.970 | INFO     | DSH:train:128 - [iter:32/50][iter_time:41.44]
2023-11-22 20:35:05.395 | INFO     | DSH:train:200 - [iter:32/50][code_length:64][mAP:0.83353][mAP_all:0.82855][best_mAP:0.84042]
2023-11-22 20:35:05.396 | INFO     | DSH:train:201 - [iter:32/50][code_length:64][zs_mAP:0.31026][zs_mAP_all:0.14635]
2023-11-22 20:35:18.767 | INFO     | DSH:train:125 - [epoch:1/3][loss:7.835809]
2023-11-22 20:35:32.129 | INFO     | DSH:train:125 - [epoch:2/3][loss:15.796085]
2023-11-22 20:35:45.615 | INFO     | DSH:train:125 - [epoch:3/3][loss:15.274419]
2023-11-22 20:35:45.615 | INFO     | DSH:train:128 - [iter:33/50][iter_time:40.22]
2023-11-22 20:41:41.979 | INFO     | DSH:train:200 - [iter:33/50][code_length:64][mAP:0.83176][mAP_all:0.82976][best_mAP:0.84042]
2023-11-22 20:41:41.979 | INFO     | DSH:train:201 - [iter:33/50][code_length:64][zs_mAP:0.32047][zs_mAP_all:0.13439]
2023-11-22 20:41:55.217 | INFO     | DSH:train:125 - [epoch:1/3][loss:8.229437]
2023-11-22 20:42:08.221 | INFO     | DSH:train:125 - [epoch:2/3][loss:16.636924]
2023-11-22 20:42:21.582 | INFO     | DSH:train:125 - [epoch:3/3][loss:16.341310]
2023-11-22 20:42:21.583 | INFO     | DSH:train:128 - [iter:34/50][iter_time:39.60]
2023-11-22 20:48:12.511 | INFO     | DSH:train:200 - [iter:34/50][code_length:64][mAP:0.83983][mAP_all:0.83577][best_mAP:0.84042]
2023-11-22 20:48:12.512 | INFO     | DSH:train:201 - [iter:34/50][code_length:64][zs_mAP:0.36204][zs_mAP_all:0.13522]
2023-11-22 20:48:26.721 | INFO     | DSH:train:125 - [epoch:1/3][loss:8.129836]
2023-11-22 20:48:41.109 | INFO     | DSH:train:125 - [epoch:2/3][loss:16.702369]
2023-11-22 20:48:55.589 | INFO     | DSH:train:125 - [epoch:3/3][loss:15.976198]
2023-11-22 20:48:55.590 | INFO     | DSH:train:128 - [iter:35/50][iter_time:43.08]
2023-11-22 20:54:48.316 | INFO     | DSH:train:200 - [iter:35/50][code_length:64][mAP:0.83447][mAP_all:0.83498][best_mAP:0.84042]
2023-11-22 20:54:48.316 | INFO     | DSH:train:201 - [iter:35/50][code_length:64][zs_mAP:0.37087][zs_mAP_all:0.12640]
2023-11-22 20:55:03.754 | INFO     | DSH:train:125 - [epoch:1/3][loss:7.668853]
2023-11-22 20:55:18.912 | INFO     | DSH:train:125 - [epoch:2/3][loss:15.466515]
2023-11-22 20:55:34.091 | INFO     | DSH:train:125 - [epoch:3/3][loss:15.204230]
2023-11-22 20:55:34.092 | INFO     | DSH:train:128 - [iter:36/50][iter_time:45.78]
2023-11-22 21:01:27.048 | INFO     | DSH:train:200 - [iter:36/50][code_length:64][mAP:0.82903][mAP_all:0.82469][best_mAP:0.84042]
2023-11-22 21:01:27.049 | INFO     | DSH:train:201 - [iter:36/50][code_length:64][zs_mAP:0.32361][zs_mAP_all:0.13543]
2023-11-22 21:01:42.556 | INFO     | DSH:train:125 - [epoch:1/3][loss:8.410239]
2023-11-22 21:01:57.512 | INFO     | DSH:train:125 - [epoch:2/3][loss:16.436105]
2023-11-22 21:02:13.048 | INFO     | DSH:train:125 - [epoch:3/3][loss:15.888700]
2023-11-22 21:02:13.049 | INFO     | DSH:train:128 - [iter:37/50][iter_time:46.00]
2023-11-22 21:08:09.212 | INFO     | DSH:train:200 - [iter:37/50][code_length:64][mAP:0.83160][mAP_all:0.82735][best_mAP:0.84042]
2023-11-22 21:08:09.212 | INFO     | DSH:train:201 - [iter:37/50][code_length:64][zs_mAP:0.35251][zs_mAP_all:0.14616]
2023-11-22 21:08:23.630 | INFO     | DSH:train:125 - [epoch:1/3][loss:7.935587]
2023-11-22 21:08:36.664 | INFO     | DSH:train:125 - [epoch:2/3][loss:16.524846]
2023-11-22 21:08:49.819 | INFO     | DSH:train:125 - [epoch:3/3][loss:16.354536]
2023-11-22 21:08:49.820 | INFO     | DSH:train:128 - [iter:38/50][iter_time:40.60]
2023-11-22 21:14:44.151 | INFO     | DSH:train:200 - [iter:38/50][code_length:64][mAP:0.84415][mAP_all:0.83944][best_mAP:0.84415]
2023-11-22 21:14:44.151 | INFO     | DSH:train:201 - [iter:38/50][code_length:64][zs_mAP:0.34288][zs_mAP_all:0.14146]
2023-11-22 21:14:57.812 | INFO     | DSH:train:125 - [epoch:1/3][loss:8.137637]
2023-11-22 21:15:11.333 | INFO     | DSH:train:125 - [epoch:2/3][loss:15.616479]
2023-11-22 21:15:25.329 | INFO     | DSH:train:125 - [epoch:3/3][loss:15.445713]
2023-11-22 21:15:25.329 | INFO     | DSH:train:128 - [iter:39/50][iter_time:41.18]
2023-11-22 21:21:18.659 | INFO     | DSH:train:200 - [iter:39/50][code_length:64][mAP:0.81870][mAP_all:0.81779][best_mAP:0.84415]
2023-11-22 21:21:18.660 | INFO     | DSH:train:201 - [iter:39/50][code_length:64][zs_mAP:0.34230][zs_mAP_all:0.15814]
2023-11-22 21:21:32.706 | INFO     | DSH:train:125 - [epoch:1/3][loss:8.456744]
2023-11-22 21:21:46.658 | INFO     | DSH:train:125 - [epoch:2/3][loss:16.672528]
2023-11-22 21:22:00.618 | INFO     | DSH:train:125 - [epoch:3/3][loss:16.251022]
2023-11-22 21:22:00.619 | INFO     | DSH:train:128 - [iter:40/50][iter_time:41.96]
2023-11-22 21:27:52.137 | INFO     | DSH:train:200 - [iter:40/50][code_length:64][mAP:0.82708][mAP_all:0.82902][best_mAP:0.84415]
2023-11-22 21:27:52.137 | INFO     | DSH:train:201 - [iter:40/50][code_length:64][zs_mAP:0.35654][zs_mAP_all:0.12543]
2023-11-22 21:28:05.851 | INFO     | DSH:train:125 - [epoch:1/3][loss:8.196086]
2023-11-22 21:28:19.264 | INFO     | DSH:train:125 - [epoch:2/3][loss:15.886239]
2023-11-22 21:28:33.438 | INFO     | DSH:train:125 - [epoch:3/3][loss:15.252367]
2023-11-22 21:28:33.438 | INFO     | DSH:train:128 - [iter:41/50][iter_time:41.30]
2023-11-22 21:34:26.018 | INFO     | DSH:train:200 - [iter:41/50][code_length:64][mAP:0.82371][mAP_all:0.82263][best_mAP:0.84415]
2023-11-22 21:34:26.019 | INFO     | DSH:train:201 - [iter:41/50][code_length:64][zs_mAP:0.36608][zs_mAP_all:0.14047]
2023-11-22 21:34:41.853 | INFO     | DSH:train:125 - [epoch:1/3][loss:8.339914]
2023-11-22 21:34:57.027 | INFO     | DSH:train:125 - [epoch:2/3][loss:16.730207]
2023-11-22 21:35:12.334 | INFO     | DSH:train:125 - [epoch:3/3][loss:16.319857]
2023-11-22 21:35:12.335 | INFO     | DSH:train:128 - [iter:42/50][iter_time:46.32]
2023-11-22 21:41:05.793 | INFO     | DSH:train:200 - [iter:42/50][code_length:64][mAP:0.84196][mAP_all:0.83901][best_mAP:0.84415]
2023-11-22 21:41:05.794 | INFO     | DSH:train:201 - [iter:42/50][code_length:64][zs_mAP:0.34308][zs_mAP_all:0.14619]
2023-11-22 21:41:20.789 | INFO     | DSH:train:125 - [epoch:1/3][loss:7.968549]
2023-11-22 21:41:36.578 | INFO     | DSH:train:125 - [epoch:2/3][loss:16.204794]
2023-11-22 21:41:51.794 | INFO     | DSH:train:125 - [epoch:3/3][loss:16.478794]
2023-11-22 21:41:51.795 | INFO     | DSH:train:128 - [iter:43/50][iter_time:46.00]
2023-11-22 21:47:45.809 | INFO     | DSH:train:200 - [iter:43/50][code_length:64][mAP:0.82029][mAP_all:0.82007][best_mAP:0.84415]
2023-11-22 21:47:45.809 | INFO     | DSH:train:201 - [iter:43/50][code_length:64][zs_mAP:0.33873][zs_mAP_all:0.12612]
2023-11-22 21:48:00.487 | INFO     | DSH:train:125 - [epoch:1/3][loss:8.638784]
2023-11-22 21:48:15.448 | INFO     | DSH:train:125 - [epoch:2/3][loss:16.633392]
2023-11-22 21:48:28.955 | INFO     | DSH:train:125 - [epoch:3/3][loss:16.349244]
2023-11-22 21:48:28.956 | INFO     | DSH:train:128 - [iter:44/50][iter_time:43.15]
2023-11-22 21:54:22.763 | INFO     | DSH:train:200 - [iter:44/50][code_length:64][mAP:0.82423][mAP_all:0.82415][best_mAP:0.84415]
2023-11-22 21:54:22.764 | INFO     | DSH:train:201 - [iter:44/50][code_length:64][zs_mAP:0.36464][zs_mAP_all:0.11551]
2023-11-22 21:54:38.612 | INFO     | DSH:train:125 - [epoch:1/3][loss:8.176195]
2023-11-22 21:54:54.600 | INFO     | DSH:train:125 - [epoch:2/3][loss:15.408088]
2023-11-22 21:55:10.844 | INFO     | DSH:train:125 - [epoch:3/3][loss:15.128687]
2023-11-22 21:55:10.845 | INFO     | DSH:train:128 - [iter:45/50][iter_time:48.08]
2023-11-22 22:01:23.159 | INFO     | DSH:train:200 - [iter:45/50][code_length:64][mAP:0.83443][mAP_all:0.82886][best_mAP:0.84415]
2023-11-22 22:01:23.160 | INFO     | DSH:train:201 - [iter:45/50][code_length:64][zs_mAP:0.32192][zs_mAP_all:0.12593]
2023-11-22 22:01:36.764 | INFO     | DSH:train:125 - [epoch:1/3][loss:8.219248]
2023-11-22 22:01:51.287 | INFO     | DSH:train:125 - [epoch:2/3][loss:15.734311]
2023-11-22 22:02:06.877 | INFO     | DSH:train:125 - [epoch:3/3][loss:15.174985]
2023-11-22 22:02:06.878 | INFO     | DSH:train:128 - [iter:46/50][iter_time:43.72]
2023-11-22 22:08:20.670 | INFO     | DSH:train:200 - [iter:46/50][code_length:64][mAP:0.84865][mAP_all:0.84327][best_mAP:0.84865]
2023-11-22 22:08:20.671 | INFO     | DSH:train:201 - [iter:46/50][code_length:64][zs_mAP:0.33683][zs_mAP_all:0.14036]
2023-11-22 22:08:38.323 | INFO     | DSH:train:125 - [epoch:1/3][loss:7.454195]
2023-11-22 22:08:55.682 | INFO     | DSH:train:125 - [epoch:2/3][loss:14.999678]
2023-11-22 22:09:16.206 | INFO     | DSH:train:125 - [epoch:3/3][loss:14.694504]
2023-11-22 22:09:16.207 | INFO     | DSH:train:128 - [iter:47/50][iter_time:55.54]
2023-11-22 22:15:35.247 | INFO     | DSH:train:200 - [iter:47/50][code_length:64][mAP:0.85309][mAP_all:0.85083][best_mAP:0.85309]
2023-11-22 22:15:35.248 | INFO     | DSH:train:201 - [iter:47/50][code_length:64][zs_mAP:0.34214][zs_mAP_all:0.14662]
2023-11-22 22:15:59.511 | INFO     | DSH:train:125 - [epoch:1/3][loss:7.191425]
2023-11-22 22:16:16.163 | INFO     | DSH:train:125 - [epoch:2/3][loss:14.092706]
2023-11-22 22:16:33.742 | INFO     | DSH:train:125 - [epoch:3/3][loss:13.827210]
2023-11-22 22:16:33.745 | INFO     | DSH:train:128 - [iter:48/50][iter_time:58.50]
2023-11-22 22:22:50.468 | INFO     | DSH:train:200 - [iter:48/50][code_length:64][mAP:0.85716][mAP_all:0.85214][best_mAP:0.85716]
2023-11-22 22:22:50.469 | INFO     | DSH:train:201 - [iter:48/50][code_length:64][zs_mAP:0.33992][zs_mAP_all:0.14171]
2023-11-22 22:23:22.013 | INFO     | DSH:train:125 - [epoch:1/3][loss:6.535368]
2023-11-22 22:23:48.608 | INFO     | DSH:train:125 - [epoch:2/3][loss:13.036568]
2023-11-22 22:24:06.667 | INFO     | DSH:train:125 - [epoch:3/3][loss:13.092934]
2023-11-22 22:24:06.668 | INFO     | DSH:train:128 - [iter:49/50][iter_time:76.20]
2023-11-22 22:30:18.516 | INFO     | DSH:train:200 - [iter:49/50][code_length:64][mAP:0.86125][mAP_all:0.85363][best_mAP:0.86125]
2023-11-22 22:30:18.517 | INFO     | DSH:train:201 - [iter:49/50][code_length:64][zs_mAP:0.33781][zs_mAP_all:0.14311]
2023-11-22 22:30:33.906 | INFO     | DSH:train:125 - [epoch:1/3][loss:6.706771]
2023-11-22 22:30:48.499 | INFO     | DSH:train:125 - [epoch:2/3][loss:13.385245]
2023-11-22 22:31:02.339 | INFO     | DSH:train:125 - [epoch:3/3][loss:13.230067]
2023-11-22 22:31:02.340 | INFO     | DSH:train:128 - [iter:50/50][iter_time:43.82]
2023-11-22 22:37:17.584 | INFO     | DSH:train:200 - [iter:50/50][code_length:64][mAP:0.85892][mAP_all:0.85286][best_mAP:0.86125]
2023-11-22 22:37:17.585 | INFO     | DSH:train:201 - [iter:50/50][code_length:64][zs_mAP:0.34114][zs_mAP_all:0.13876]
2023-11-22 22:37:17.585 | INFO     | DSH:train:204 - [Training time:19798.65]
2023-11-22 22:37:17.589 | INFO     | __main__:run:126 - [code_length:64][map:0.8612][map_all:0.8536][zs_map:0.3378][zs_map_all:0.1431]
