2023-11-13 14:25:38.243 | SUCCESS  | __main__:run:50 - Namespace(align_step=50, arch='dsh', batch_size=16, cauchy_gamma=20.0, code_length=[16, 32, 64], dataset='nus-widezs', device=device(type='cuda', index=0), epoch_change=11, gamma=200, gpu=0, info='nus-widezs-11-10-dsh-11-13-16,32,64', lambd=0.1, lambd_ch=0.1, lambd_sp=0.1, lr=0.001, lr_step=[45], margin=0.1, max_epoch=3, max_iter=50, momen=0.9, nesterov=False, net='ResNet50', num_classes=10, num_query=1000, num_samples=2000, num_workers=2, num_zs=11, optim='SGD', pretrain=True, quan_loss=False, root='/2T/dataset/NUS-WIDE', save_ckpt='checkpoints/', topk=5000, val_freq=1, wd=0.0001)
2023-11-13 14:26:22.443 | INFO     | DSH:train:125 - [epoch:1/3][loss:5.805906]
2023-11-13 14:26:36.555 | INFO     | DSH:train:125 - [epoch:2/3][loss:6.851586]
2023-11-13 14:26:50.705 | INFO     | DSH:train:125 - [epoch:3/3][loss:5.217341]
2023-11-13 14:26:50.706 | INFO     | DSH:train:128 - [iter:1/50][iter_time:45.75]
2023-11-13 14:32:43.551 | INFO     | DSH:train:200 - [iter:1/50][code_length:16][mAP:0.61399][mAP_all:0.62516][best_mAP:0.61399]
2023-11-13 14:32:43.552 | INFO     | DSH:train:201 - [iter:1/50][code_length:16][zs_mAP:0.35687][zs_mAP_all:0.13002]
2023-11-13 14:32:57.861 | INFO     | DSH:train:125 - [epoch:1/3][loss:2.385508]
2023-11-13 14:33:25.076 | INFO     | DSH:train:125 - [epoch:2/3][loss:4.588507]
2023-11-13 14:33:50.970 | INFO     | DSH:train:125 - [epoch:3/3][loss:4.486741]
2023-11-13 14:33:50.971 | INFO     | DSH:train:128 - [iter:2/50][iter_time:67.42]
2023-11-13 14:40:03.561 | INFO     | DSH:train:200 - [iter:2/50][code_length:16][mAP:0.70320][mAP_all:0.71343][best_mAP:0.70320]
2023-11-13 14:40:03.561 | INFO     | DSH:train:201 - [iter:2/50][code_length:16][zs_mAP:0.36656][zs_mAP_all:0.13391]
2023-11-13 14:40:17.546 | INFO     | DSH:train:125 - [epoch:1/3][loss:2.317212]
2023-11-13 14:40:31.408 | INFO     | DSH:train:125 - [epoch:2/3][loss:4.499621]
2023-11-13 14:40:45.597 | INFO     | DSH:train:125 - [epoch:3/3][loss:4.302968]
2023-11-13 14:40:45.598 | INFO     | DSH:train:128 - [iter:3/50][iter_time:42.04]
2023-11-13 14:46:41.456 | INFO     | DSH:train:200 - [iter:3/50][code_length:16][mAP:0.72457][mAP_all:0.73535][best_mAP:0.72457]
2023-11-13 14:46:41.457 | INFO     | DSH:train:201 - [iter:3/50][code_length:16][zs_mAP:0.34508][zs_mAP_all:0.14262]
2023-11-13 14:46:54.604 | INFO     | DSH:train:125 - [epoch:1/3][loss:2.212279]
2023-11-13 14:47:08.832 | INFO     | DSH:train:125 - [epoch:2/3][loss:4.381334]
2023-11-13 14:47:23.192 | INFO     | DSH:train:125 - [epoch:3/3][loss:4.233419]
2023-11-13 14:47:23.194 | INFO     | DSH:train:128 - [iter:4/50][iter_time:41.74]
2023-11-13 14:52:58.472 | INFO     | DSH:train:200 - [iter:4/50][code_length:16][mAP:0.72242][mAP_all:0.73002][best_mAP:0.72457]
2023-11-13 14:52:58.473 | INFO     | DSH:train:201 - [iter:4/50][code_length:16][zs_mAP:0.25260][zs_mAP_all:0.07524]
2023-11-13 14:53:12.820 | INFO     | DSH:train:125 - [epoch:1/3][loss:2.253119]
2023-11-13 14:53:27.079 | INFO     | DSH:train:125 - [epoch:2/3][loss:4.342788]
2023-11-13 14:53:41.244 | INFO     | DSH:train:125 - [epoch:3/3][loss:4.290093]
2023-11-13 14:53:41.245 | INFO     | DSH:train:128 - [iter:5/50][iter_time:42.77]
2023-11-13 14:59:20.389 | INFO     | DSH:train:200 - [iter:5/50][code_length:16][mAP:0.72163][mAP_all:0.72861][best_mAP:0.72457]
2023-11-13 14:59:20.390 | INFO     | DSH:train:201 - [iter:5/50][code_length:16][zs_mAP:0.25779][zs_mAP_all:0.08191]
2023-11-13 14:59:35.357 | INFO     | DSH:train:125 - [epoch:1/3][loss:2.151054]
2023-11-13 14:59:49.817 | INFO     | DSH:train:125 - [epoch:2/3][loss:4.215667]
2023-11-13 15:00:04.501 | INFO     | DSH:train:125 - [epoch:3/3][loss:4.254347]
2023-11-13 15:00:04.502 | INFO     | DSH:train:128 - [iter:6/50][iter_time:44.11]
2023-11-13 15:05:55.296 | INFO     | DSH:train:200 - [iter:6/50][code_length:16][mAP:0.76367][mAP_all:0.77280][best_mAP:0.76367]
2023-11-13 15:05:55.296 | INFO     | DSH:train:201 - [iter:6/50][code_length:16][zs_mAP:0.33338][zs_mAP_all:0.14121]
2023-11-13 15:06:19.948 | INFO     | DSH:train:125 - [epoch:1/3][loss:2.169047]
2023-11-13 15:06:44.981 | INFO     | DSH:train:125 - [epoch:2/3][loss:4.140696]
2023-11-13 15:07:11.304 | INFO     | DSH:train:125 - [epoch:3/3][loss:4.066923]
2023-11-13 15:07:11.304 | INFO     | DSH:train:128 - [iter:7/50][iter_time:76.01]
2023-11-13 15:13:44.513 | INFO     | DSH:train:200 - [iter:7/50][code_length:16][mAP:0.72309][mAP_all:0.73225][best_mAP:0.76367]
2023-11-13 15:13:44.514 | INFO     | DSH:train:201 - [iter:7/50][code_length:16][zs_mAP:0.32059][zs_mAP_all:0.10668]
2023-11-13 15:14:08.582 | INFO     | DSH:train:125 - [epoch:1/3][loss:2.112007]
2023-11-13 15:14:31.605 | INFO     | DSH:train:125 - [epoch:2/3][loss:4.175683]
2023-11-13 15:14:55.452 | INFO     | DSH:train:125 - [epoch:3/3][loss:4.033940]
2023-11-13 15:14:55.452 | INFO     | DSH:train:128 - [iter:8/50][iter_time:70.94]
2023-11-13 15:21:20.880 | INFO     | DSH:train:200 - [iter:8/50][code_length:16][mAP:0.74411][mAP_all:0.75279][best_mAP:0.76367]
2023-11-13 15:21:20.881 | INFO     | DSH:train:201 - [iter:8/50][code_length:16][zs_mAP:0.29113][zs_mAP_all:0.10551]
2023-11-13 15:21:35.897 | INFO     | DSH:train:125 - [epoch:1/3][loss:2.022140]
2023-11-13 15:21:50.244 | INFO     | DSH:train:125 - [epoch:2/3][loss:3.861637]
2023-11-13 15:22:03.581 | INFO     | DSH:train:125 - [epoch:3/3][loss:3.855424]
2023-11-13 15:22:03.582 | INFO     | DSH:train:128 - [iter:9/50][iter_time:42.70]
2023-11-13 15:28:09.726 | INFO     | DSH:train:200 - [iter:9/50][code_length:16][mAP:0.73202][mAP_all:0.74082][best_mAP:0.76367]
2023-11-13 15:28:09.726 | INFO     | DSH:train:201 - [iter:9/50][code_length:16][zs_mAP:0.31747][zs_mAP_all:0.10754]
2023-11-13 15:28:23.738 | INFO     | DSH:train:125 - [epoch:1/3][loss:2.059207]
2023-11-13 15:28:37.632 | INFO     | DSH:train:125 - [epoch:2/3][loss:4.004376]
2023-11-13 15:28:51.749 | INFO     | DSH:train:125 - [epoch:3/3][loss:3.816850]
2023-11-13 15:28:51.749 | INFO     | DSH:train:128 - [iter:10/50][iter_time:42.02]
2023-11-13 15:35:33.491 | INFO     | DSH:train:200 - [iter:10/50][code_length:16][mAP:0.63613][mAP_all:0.64551][best_mAP:0.76367]
2023-11-13 15:35:33.492 | INFO     | DSH:train:201 - [iter:10/50][code_length:16][zs_mAP:0.33503][zs_mAP_all:0.13584]
2023-11-13 15:35:55.385 | INFO     | DSH:train:125 - [epoch:1/3][loss:1.943169]
2023-11-13 15:36:18.238 | INFO     | DSH:train:125 - [epoch:2/3][loss:3.885712]
2023-11-13 15:36:40.742 | INFO     | DSH:train:125 - [epoch:3/3][loss:3.860176]
2023-11-13 15:36:40.743 | INFO     | DSH:train:128 - [iter:11/50][iter_time:67.25]
2023-11-13 15:43:20.104 | INFO     | DSH:train:200 - [iter:11/50][code_length:16][mAP:0.64339][mAP_all:0.65424][best_mAP:0.76367]
2023-11-13 15:43:20.105 | INFO     | DSH:train:201 - [iter:11/50][code_length:16][zs_mAP:0.35762][zs_mAP_all:0.14323]
2023-11-13 15:43:42.274 | INFO     | DSH:train:125 - [epoch:1/3][loss:1.994326]
2023-11-13 15:44:04.386 | INFO     | DSH:train:125 - [epoch:2/3][loss:3.921919]
2023-11-13 15:44:28.523 | INFO     | DSH:train:125 - [epoch:3/3][loss:3.830556]
2023-11-13 15:44:28.524 | INFO     | DSH:train:128 - [iter:12/50][iter_time:68.42]
2023-11-13 15:50:37.324 | INFO     | DSH:train:200 - [iter:12/50][code_length:16][mAP:0.76934][mAP_all:0.77963][best_mAP:0.76934]
2023-11-13 15:50:37.324 | INFO     | DSH:train:201 - [iter:12/50][code_length:16][zs_mAP:0.36691][zs_mAP_all:0.18294]
2023-11-13 15:50:51.536 | INFO     | DSH:train:125 - [epoch:1/3][loss:2.001279]
2023-11-13 15:51:05.390 | INFO     | DSH:train:125 - [epoch:2/3][loss:3.896511]
2023-11-13 15:51:19.079 | INFO     | DSH:train:125 - [epoch:3/3][loss:3.848023]
2023-11-13 15:51:19.079 | INFO     | DSH:train:128 - [iter:13/50][iter_time:41.75]
2023-11-13 15:57:25.187 | INFO     | DSH:train:200 - [iter:13/50][code_length:16][mAP:0.74249][mAP_all:0.75235][best_mAP:0.76934]
2023-11-13 15:57:25.188 | INFO     | DSH:train:201 - [iter:13/50][code_length:16][zs_mAP:0.36999][zs_mAP_all:0.15782]
2023-11-13 15:57:46.747 | INFO     | DSH:train:125 - [epoch:1/3][loss:1.980355]
2023-11-13 15:58:08.760 | INFO     | DSH:train:125 - [epoch:2/3][loss:3.861080]
2023-11-13 15:58:31.031 | INFO     | DSH:train:125 - [epoch:3/3][loss:3.835098]
2023-11-13 15:58:31.032 | INFO     | DSH:train:128 - [iter:14/50][iter_time:65.84]
2023-11-13 16:05:09.238 | INFO     | DSH:train:200 - [iter:14/50][code_length:16][mAP:0.74418][mAP_all:0.75311][best_mAP:0.76934]
2023-11-13 16:05:09.239 | INFO     | DSH:train:201 - [iter:14/50][code_length:16][zs_mAP:0.37227][zs_mAP_all:0.18438]
2023-11-13 16:05:31.533 | INFO     | DSH:train:125 - [epoch:1/3][loss:2.052050]
2023-11-13 16:05:54.559 | INFO     | DSH:train:125 - [epoch:2/3][loss:3.988592]
2023-11-13 16:06:18.258 | INFO     | DSH:train:125 - [epoch:3/3][loss:3.975903]
2023-11-13 16:06:18.258 | INFO     | DSH:train:128 - [iter:15/50][iter_time:69.02]
2023-11-13 16:12:44.253 | INFO     | DSH:train:200 - [iter:15/50][code_length:16][mAP:0.74017][mAP_all:0.74873][best_mAP:0.76934]
2023-11-13 16:12:44.253 | INFO     | DSH:train:201 - [iter:15/50][code_length:16][zs_mAP:0.34421][zs_mAP_all:0.12090]
2023-11-13 16:12:57.626 | INFO     | DSH:train:125 - [epoch:1/3][loss:1.957649]
2023-11-13 16:13:12.426 | INFO     | DSH:train:125 - [epoch:2/3][loss:3.778552]
2023-11-13 16:13:26.933 | INFO     | DSH:train:125 - [epoch:3/3][loss:3.705507]
2023-11-13 16:13:26.934 | INFO     | DSH:train:128 - [iter:16/50][iter_time:42.68]
2023-11-13 16:19:29.501 | INFO     | DSH:train:200 - [iter:16/50][code_length:16][mAP:0.76016][mAP_all:0.76941][best_mAP:0.76934]
2023-11-13 16:19:29.502 | INFO     | DSH:train:201 - [iter:16/50][code_length:16][zs_mAP:0.33674][zs_mAP_all:0.16392]
2023-11-13 16:19:43.508 | INFO     | DSH:train:125 - [epoch:1/3][loss:1.917130]
2023-11-13 16:19:57.069 | INFO     | DSH:train:125 - [epoch:2/3][loss:3.773954]
2023-11-13 16:20:11.299 | INFO     | DSH:train:125 - [epoch:3/3][loss:3.690025]
2023-11-13 16:20:11.300 | INFO     | DSH:train:128 - [iter:17/50][iter_time:41.80]
2023-11-13 16:26:39.481 | INFO     | DSH:train:200 - [iter:17/50][code_length:16][mAP:0.76892][mAP_all:0.77937][best_mAP:0.76934]
2023-11-13 16:26:39.482 | INFO     | DSH:train:201 - [iter:17/50][code_length:16][zs_mAP:0.40027][zs_mAP_all:0.19328]
2023-11-13 16:27:01.283 | INFO     | DSH:train:125 - [epoch:1/3][loss:1.967513]
2023-11-13 16:27:22.591 | INFO     | DSH:train:125 - [epoch:2/3][loss:3.777338]
2023-11-13 16:27:43.451 | INFO     | DSH:train:125 - [epoch:3/3][loss:3.751355]
2023-11-13 16:27:43.452 | INFO     | DSH:train:128 - [iter:18/50][iter_time:63.97]
2023-11-13 16:34:22.927 | INFO     | DSH:train:200 - [iter:18/50][code_length:16][mAP:0.74053][mAP_all:0.75097][best_mAP:0.76934]
2023-11-13 16:34:22.927 | INFO     | DSH:train:201 - [iter:18/50][code_length:16][zs_mAP:0.34523][zs_mAP_all:0.17802]
2023-11-13 16:34:45.139 | INFO     | DSH:train:125 - [epoch:1/3][loss:1.915464]
2023-11-13 16:35:08.989 | INFO     | DSH:train:125 - [epoch:2/3][loss:3.839413]
2023-11-13 16:35:27.620 | INFO     | DSH:train:125 - [epoch:3/3][loss:3.693091]
2023-11-13 16:35:27.621 | INFO     | DSH:train:128 - [iter:19/50][iter_time:64.69]
2023-11-13 16:41:25.798 | INFO     | DSH:train:200 - [iter:19/50][code_length:16][mAP:0.76596][mAP_all:0.77491][best_mAP:0.76934]
2023-11-13 16:41:25.799 | INFO     | DSH:train:201 - [iter:19/50][code_length:16][zs_mAP:0.36029][zs_mAP_all:0.18278]
2023-11-13 16:41:39.527 | INFO     | DSH:train:125 - [epoch:1/3][loss:1.886533]
2023-11-13 16:41:53.615 | INFO     | DSH:train:125 - [epoch:2/3][loss:3.777939]
2023-11-13 16:42:07.891 | INFO     | DSH:train:125 - [epoch:3/3][loss:3.558281]
2023-11-13 16:42:07.892 | INFO     | DSH:train:128 - [iter:20/50][iter_time:42.09]
2023-11-13 16:48:20.359 | INFO     | DSH:train:200 - [iter:20/50][code_length:16][mAP:0.77407][mAP_all:0.78258][best_mAP:0.77407]
2023-11-13 16:48:20.359 | INFO     | DSH:train:201 - [iter:20/50][code_length:16][zs_mAP:0.36325][zs_mAP_all:0.17311]
2023-11-13 16:48:41.862 | INFO     | DSH:train:125 - [epoch:1/3][loss:1.936369]
2023-11-13 16:49:04.675 | INFO     | DSH:train:125 - [epoch:2/3][loss:3.673590]
2023-11-13 16:49:27.018 | INFO     | DSH:train:125 - [epoch:3/3][loss:3.584149]
2023-11-13 16:49:27.018 | INFO     | DSH:train:128 - [iter:21/50][iter_time:66.66]
2023-11-13 16:56:08.269 | INFO     | DSH:train:200 - [iter:21/50][code_length:16][mAP:0.76711][mAP_all:0.77601][best_mAP:0.77407]
2023-11-13 16:56:08.269 | INFO     | DSH:train:201 - [iter:21/50][code_length:16][zs_mAP:0.35572][zs_mAP_all:0.16656]
2023-11-13 16:56:31.299 | INFO     | DSH:train:125 - [epoch:1/3][loss:1.862922]
2023-11-13 16:56:55.009 | INFO     | DSH:train:125 - [epoch:2/3][loss:3.681294]
2023-11-13 16:57:18.107 | INFO     | DSH:train:125 - [epoch:3/3][loss:3.633618]
2023-11-13 16:57:18.108 | INFO     | DSH:train:128 - [iter:22/50][iter_time:69.84]
2023-11-13 17:03:42.293 | INFO     | DSH:train:200 - [iter:22/50][code_length:16][mAP:0.75010][mAP_all:0.76224][best_mAP:0.77407]
2023-11-13 17:03:42.294 | INFO     | DSH:train:201 - [iter:22/50][code_length:16][zs_mAP:0.38675][zs_mAP_all:0.20999]
2023-11-13 17:03:56.013 | INFO     | DSH:train:125 - [epoch:1/3][loss:1.829474]
2023-11-13 17:04:10.070 | INFO     | DSH:train:125 - [epoch:2/3][loss:3.518087]
2023-11-13 17:04:24.589 | INFO     | DSH:train:125 - [epoch:3/3][loss:3.562499]
2023-11-13 17:04:24.590 | INFO     | DSH:train:128 - [iter:23/50][iter_time:42.30]
2023-11-13 17:10:23.397 | INFO     | DSH:train:200 - [iter:23/50][code_length:16][mAP:0.76635][mAP_all:0.77601][best_mAP:0.77407]
2023-11-13 17:10:23.398 | INFO     | DSH:train:201 - [iter:23/50][code_length:16][zs_mAP:0.37636][zs_mAP_all:0.15296]
2023-11-13 17:10:37.162 | INFO     | DSH:train:125 - [epoch:1/3][loss:1.904096]
2023-11-13 17:10:51.832 | INFO     | DSH:train:125 - [epoch:2/3][loss:3.647688]
2023-11-13 17:11:05.678 | INFO     | DSH:train:125 - [epoch:3/3][loss:3.592924]
2023-11-13 17:11:05.679 | INFO     | DSH:train:128 - [iter:24/50][iter_time:42.28]
2023-11-13 17:17:39.443 | INFO     | DSH:train:200 - [iter:24/50][code_length:16][mAP:0.77237][mAP_all:0.78185][best_mAP:0.77407]
2023-11-13 17:17:39.443 | INFO     | DSH:train:201 - [iter:24/50][code_length:16][zs_mAP:0.39641][zs_mAP_all:0.18849]
2023-11-13 17:17:59.886 | INFO     | DSH:train:125 - [epoch:1/3][loss:1.866615]
2023-11-13 17:18:22.154 | INFO     | DSH:train:125 - [epoch:2/3][loss:3.575808]
2023-11-13 17:18:46.145 | INFO     | DSH:train:125 - [epoch:3/3][loss:3.563872]
2023-11-13 17:18:46.146 | INFO     | DSH:train:128 - [iter:25/50][iter_time:66.70]
2023-11-13 17:25:23.987 | INFO     | DSH:train:200 - [iter:25/50][code_length:16][mAP:0.78302][mAP_all:0.79156][best_mAP:0.78302]
2023-11-13 17:25:23.987 | INFO     | DSH:train:201 - [iter:25/50][code_length:16][zs_mAP:0.38402][zs_mAP_all:0.17806]
2023-11-13 17:25:44.543 | INFO     | DSH:train:125 - [epoch:1/3][loss:1.832046]
2023-11-13 17:26:00.130 | INFO     | DSH:train:125 - [epoch:2/3][loss:3.711206]
2023-11-13 17:26:16.197 | INFO     | DSH:train:125 - [epoch:3/3][loss:3.535614]
2023-11-13 17:26:16.198 | INFO     | DSH:train:128 - [iter:26/50][iter_time:52.21]
2023-11-13 17:32:14.064 | INFO     | DSH:train:200 - [iter:26/50][code_length:16][mAP:0.78478][mAP_all:0.79446][best_mAP:0.78478]
2023-11-13 17:32:14.065 | INFO     | DSH:train:201 - [iter:26/50][code_length:16][zs_mAP:0.40578][zs_mAP_all:0.20981]
2023-11-13 17:32:28.216 | INFO     | DSH:train:125 - [epoch:1/3][loss:1.959450]
2023-11-13 17:32:42.371 | INFO     | DSH:train:125 - [epoch:2/3][loss:3.807929]
2023-11-13 17:32:56.207 | INFO     | DSH:train:125 - [epoch:3/3][loss:3.794365]
2023-11-13 17:32:56.208 | INFO     | DSH:train:128 - [iter:27/50][iter_time:42.14]
2023-11-13 17:39:08.595 | INFO     | DSH:train:200 - [iter:27/50][code_length:16][mAP:0.79131][mAP_all:0.80100][best_mAP:0.79131]
2023-11-13 17:39:08.596 | INFO     | DSH:train:201 - [iter:27/50][code_length:16][zs_mAP:0.41389][zs_mAP_all:0.20879]
2023-11-13 17:39:30.368 | INFO     | DSH:train:125 - [epoch:1/3][loss:1.814142]
2023-11-13 17:39:53.114 | INFO     | DSH:train:125 - [epoch:2/3][loss:3.611230]
2023-11-13 17:40:15.354 | INFO     | DSH:train:125 - [epoch:3/3][loss:3.613599]
2023-11-13 17:40:15.355 | INFO     | DSH:train:128 - [iter:28/50][iter_time:66.76]
2023-11-13 17:46:53.426 | INFO     | DSH:train:200 - [iter:28/50][code_length:16][mAP:0.78796][mAP_all:0.79657][best_mAP:0.79131]
2023-11-13 17:46:53.427 | INFO     | DSH:train:201 - [iter:28/50][code_length:16][zs_mAP:0.37786][zs_mAP_all:0.17904]
2023-11-13 17:47:14.386 | INFO     | DSH:train:125 - [epoch:1/3][loss:1.911839]
2023-11-13 17:47:37.837 | INFO     | DSH:train:125 - [epoch:2/3][loss:3.758491]
2023-11-13 17:47:59.093 | INFO     | DSH:train:125 - [epoch:3/3][loss:3.651966]
2023-11-13 17:47:59.094 | INFO     | DSH:train:128 - [iter:29/50][iter_time:65.67]
2023-11-13 17:54:22.369 | INFO     | DSH:train:200 - [iter:29/50][code_length:16][mAP:0.79576][mAP_all:0.80599][best_mAP:0.79576]
2023-11-13 17:54:22.370 | INFO     | DSH:train:201 - [iter:29/50][code_length:16][zs_mAP:0.41934][zs_mAP_all:0.22469]
2023-11-13 17:54:36.240 | INFO     | DSH:train:125 - [epoch:1/3][loss:1.813779]
2023-11-13 17:54:49.908 | INFO     | DSH:train:125 - [epoch:2/3][loss:3.645107]
2023-11-13 17:55:03.526 | INFO     | DSH:train:125 - [epoch:3/3][loss:3.544537]
2023-11-13 17:55:03.527 | INFO     | DSH:train:128 - [iter:30/50][iter_time:41.16]
2023-11-13 18:00:57.988 | INFO     | DSH:train:200 - [iter:30/50][code_length:16][mAP:0.79183][mAP_all:0.80253][best_mAP:0.79576]
2023-11-13 18:00:57.989 | INFO     | DSH:train:201 - [iter:30/50][code_length:16][zs_mAP:0.39445][zs_mAP_all:0.18183]
2023-11-13 18:01:11.578 | INFO     | DSH:train:125 - [epoch:1/3][loss:1.852972]
2023-11-13 18:01:24.963 | INFO     | DSH:train:125 - [epoch:2/3][loss:3.564180]
2023-11-13 18:01:38.571 | INFO     | DSH:train:125 - [epoch:3/3][loss:3.552766]
2023-11-13 18:01:38.572 | INFO     | DSH:train:128 - [iter:31/50][iter_time:40.58]
2023-11-13 18:07:46.817 | INFO     | DSH:train:200 - [iter:31/50][code_length:16][mAP:0.79313][mAP_all:0.80164][best_mAP:0.79576]
2023-11-13 18:07:46.818 | INFO     | DSH:train:201 - [iter:31/50][code_length:16][zs_mAP:0.39365][zs_mAP_all:0.20056]
2023-11-13 18:08:00.455 | INFO     | DSH:train:125 - [epoch:1/3][loss:1.849362]
2023-11-13 18:08:15.112 | INFO     | DSH:train:125 - [epoch:2/3][loss:3.498032]
2023-11-13 18:08:29.684 | INFO     | DSH:train:125 - [epoch:3/3][loss:3.477408]
2023-11-13 18:08:29.685 | INFO     | DSH:train:128 - [iter:32/50][iter_time:42.87]
2023-11-13 18:14:30.096 | INFO     | DSH:train:200 - [iter:32/50][code_length:16][mAP:0.78276][mAP_all:0.79263][best_mAP:0.79576]
2023-11-13 18:14:30.097 | INFO     | DSH:train:201 - [iter:32/50][code_length:16][zs_mAP:0.39186][zs_mAP_all:0.21710]
2023-11-13 18:14:44.162 | INFO     | DSH:train:125 - [epoch:1/3][loss:1.840440]
2023-11-13 18:14:57.774 | INFO     | DSH:train:125 - [epoch:2/3][loss:3.550488]
2023-11-13 18:15:11.520 | INFO     | DSH:train:125 - [epoch:3/3][loss:3.490599]
2023-11-13 18:15:11.521 | INFO     | DSH:train:128 - [iter:33/50][iter_time:41.42]
2023-11-13 18:21:18.115 | INFO     | DSH:train:200 - [iter:33/50][code_length:16][mAP:0.79716][mAP_all:0.80645][best_mAP:0.79716]
2023-11-13 18:21:18.115 | INFO     | DSH:train:201 - [iter:33/50][code_length:16][zs_mAP:0.38512][zs_mAP_all:0.20065]
2023-11-13 18:21:31.417 | INFO     | DSH:train:125 - [epoch:1/3][loss:1.680743]
2023-11-13 18:21:45.196 | INFO     | DSH:train:125 - [epoch:2/3][loss:3.350756]
2023-11-13 18:21:59.749 | INFO     | DSH:train:125 - [epoch:3/3][loss:3.315942]
2023-11-13 18:21:59.750 | INFO     | DSH:train:128 - [iter:34/50][iter_time:41.63]
2023-11-13 18:28:03.603 | INFO     | DSH:train:200 - [iter:34/50][code_length:16][mAP:0.78666][mAP_all:0.79566][best_mAP:0.79716]
2023-11-13 18:28:03.604 | INFO     | DSH:train:201 - [iter:34/50][code_length:16][zs_mAP:0.37280][zs_mAP_all:0.17293]
2023-11-13 18:28:19.545 | INFO     | DSH:train:125 - [epoch:1/3][loss:1.829381]
2023-11-13 18:28:35.572 | INFO     | DSH:train:125 - [epoch:2/3][loss:3.519882]
2023-11-13 18:28:51.385 | INFO     | DSH:train:125 - [epoch:3/3][loss:3.459022]
2023-11-13 18:28:51.386 | INFO     | DSH:train:128 - [iter:35/50][iter_time:47.78]
2023-11-13 18:34:46.612 | INFO     | DSH:train:200 - [iter:35/50][code_length:16][mAP:0.79779][mAP_all:0.80623][best_mAP:0.79779]
2023-11-13 18:34:46.613 | INFO     | DSH:train:201 - [iter:35/50][code_length:16][zs_mAP:0.40822][zs_mAP_all:0.20784]
2023-11-13 18:35:00.236 | INFO     | DSH:train:125 - [epoch:1/3][loss:1.783154]
2023-11-13 18:35:13.791 | INFO     | DSH:train:125 - [epoch:2/3][loss:3.521631]
2023-11-13 18:35:28.131 | INFO     | DSH:train:125 - [epoch:3/3][loss:3.553442]
2023-11-13 18:35:28.132 | INFO     | DSH:train:128 - [iter:36/50][iter_time:41.52]
2023-11-13 18:41:35.784 | INFO     | DSH:train:200 - [iter:36/50][code_length:16][mAP:0.80447][mAP_all:0.81374][best_mAP:0.80447]
2023-11-13 18:41:35.785 | INFO     | DSH:train:201 - [iter:36/50][code_length:16][zs_mAP:0.39747][zs_mAP_all:0.21193]
2023-11-13 18:41:51.446 | INFO     | DSH:train:125 - [epoch:1/3][loss:1.750429]
2023-11-13 18:42:06.155 | INFO     | DSH:train:125 - [epoch:2/3][loss:3.463388]
2023-11-13 18:42:21.320 | INFO     | DSH:train:125 - [epoch:3/3][loss:3.365756]
2023-11-13 18:42:21.321 | INFO     | DSH:train:128 - [iter:37/50][iter_time:45.54]
2023-11-13 18:48:20.207 | INFO     | DSH:train:200 - [iter:37/50][code_length:16][mAP:0.80821][mAP_all:0.81662][best_mAP:0.80821]
2023-11-13 18:48:20.208 | INFO     | DSH:train:201 - [iter:37/50][code_length:16][zs_mAP:0.40017][zs_mAP_all:0.18307]
2023-11-13 18:48:33.910 | INFO     | DSH:train:125 - [epoch:1/3][loss:1.727003]
2023-11-13 18:48:47.455 | INFO     | DSH:train:125 - [epoch:2/3][loss:3.473327]
2023-11-13 18:49:00.911 | INFO     | DSH:train:125 - [epoch:3/3][loss:3.338752]
2023-11-13 18:49:00.912 | INFO     | DSH:train:128 - [iter:38/50][iter_time:40.70]
2023-11-13 18:55:04.892 | INFO     | DSH:train:200 - [iter:38/50][code_length:16][mAP:0.80879][mAP_all:0.81619][best_mAP:0.80879]
2023-11-13 18:55:04.893 | INFO     | DSH:train:201 - [iter:38/50][code_length:16][zs_mAP:0.38279][zs_mAP_all:0.19989]
2023-11-13 18:55:19.444 | INFO     | DSH:train:125 - [epoch:1/3][loss:1.868533]
2023-11-13 18:55:33.200 | INFO     | DSH:train:125 - [epoch:2/3][loss:3.643693]
2023-11-13 18:55:48.126 | INFO     | DSH:train:125 - [epoch:3/3][loss:3.556909]
2023-11-13 18:55:48.126 | INFO     | DSH:train:128 - [iter:39/50][iter_time:43.23]
2023-11-13 19:01:43.290 | INFO     | DSH:train:200 - [iter:39/50][code_length:16][mAP:0.80577][mAP_all:0.81532][best_mAP:0.80879]
2023-11-13 19:01:43.291 | INFO     | DSH:train:201 - [iter:39/50][code_length:16][zs_mAP:0.42613][zs_mAP_all:0.23115]
2023-11-13 19:01:56.786 | INFO     | DSH:train:125 - [epoch:1/3][loss:1.864231]
2023-11-13 19:02:10.352 | INFO     | DSH:train:125 - [epoch:2/3][loss:3.624137]
2023-11-13 19:02:24.742 | INFO     | DSH:train:125 - [epoch:3/3][loss:3.592519]
2023-11-13 19:02:24.743 | INFO     | DSH:train:128 - [iter:40/50][iter_time:41.45]
2023-11-13 19:08:24.971 | INFO     | DSH:train:200 - [iter:40/50][code_length:16][mAP:0.80429][mAP_all:0.81167][best_mAP:0.80879]
2023-11-13 19:08:24.972 | INFO     | DSH:train:201 - [iter:40/50][code_length:16][zs_mAP:0.41064][zs_mAP_all:0.22308]
2023-11-13 19:08:38.661 | INFO     | DSH:train:125 - [epoch:1/3][loss:1.808727]
2023-11-13 19:08:53.246 | INFO     | DSH:train:125 - [epoch:2/3][loss:3.661163]
2023-11-13 19:09:07.472 | INFO     | DSH:train:125 - [epoch:3/3][loss:3.562361]
2023-11-13 19:09:07.472 | INFO     | DSH:train:128 - [iter:41/50][iter_time:42.50]
2023-11-13 19:15:04.418 | INFO     | DSH:train:200 - [iter:41/50][code_length:16][mAP:0.79253][mAP_all:0.80172][best_mAP:0.80879]
2023-11-13 19:15:04.419 | INFO     | DSH:train:201 - [iter:41/50][code_length:16][zs_mAP:0.39565][zs_mAP_all:0.22418]
2023-11-13 19:15:18.695 | INFO     | DSH:train:125 - [epoch:1/3][loss:1.771065]
2023-11-13 19:15:32.757 | INFO     | DSH:train:125 - [epoch:2/3][loss:3.538703]
2023-11-13 19:15:46.527 | INFO     | DSH:train:125 - [epoch:3/3][loss:3.467375]
2023-11-13 19:15:46.527 | INFO     | DSH:train:128 - [iter:42/50][iter_time:42.11]
2023-11-13 19:21:45.084 | INFO     | DSH:train:200 - [iter:42/50][code_length:16][mAP:0.78711][mAP_all:0.79706][best_mAP:0.80879]
2023-11-13 19:21:45.084 | INFO     | DSH:train:201 - [iter:42/50][code_length:16][zs_mAP:0.40090][zs_mAP_all:0.20410]
2023-11-13 19:21:59.820 | INFO     | DSH:train:125 - [epoch:1/3][loss:1.940100]
2023-11-13 19:22:14.573 | INFO     | DSH:train:125 - [epoch:2/3][loss:3.820581]
2023-11-13 19:22:29.049 | INFO     | DSH:train:125 - [epoch:3/3][loss:3.666694]
2023-11-13 19:22:29.050 | INFO     | DSH:train:128 - [iter:43/50][iter_time:43.96]
2023-11-13 19:28:22.673 | INFO     | DSH:train:200 - [iter:43/50][code_length:16][mAP:0.79610][mAP_all:0.80455][best_mAP:0.80879]
2023-11-13 19:28:22.673 | INFO     | DSH:train:201 - [iter:43/50][code_length:16][zs_mAP:0.40772][zs_mAP_all:0.21013]
2023-11-13 19:28:36.492 | INFO     | DSH:train:125 - [epoch:1/3][loss:1.792686]
2023-11-13 19:28:51.462 | INFO     | DSH:train:125 - [epoch:2/3][loss:3.491927]
2023-11-13 19:29:06.036 | INFO     | DSH:train:125 - [epoch:3/3][loss:3.459092]
2023-11-13 19:29:06.037 | INFO     | DSH:train:128 - [iter:44/50][iter_time:43.36]
2023-11-13 19:35:16.719 | INFO     | DSH:train:200 - [iter:44/50][code_length:16][mAP:0.81540][mAP_all:0.82271][best_mAP:0.81540]
2023-11-13 19:35:16.720 | INFO     | DSH:train:201 - [iter:44/50][code_length:16][zs_mAP:0.41089][zs_mAP_all:0.22199]
2023-11-13 19:35:30.620 | INFO     | DSH:train:125 - [epoch:1/3][loss:1.790330]
2023-11-13 19:35:45.240 | INFO     | DSH:train:125 - [epoch:2/3][loss:3.510437]
2023-11-13 19:35:59.764 | INFO     | DSH:train:125 - [epoch:3/3][loss:3.600135]
2023-11-13 19:35:59.765 | INFO     | DSH:train:128 - [iter:45/50][iter_time:43.04]
2023-11-13 19:41:54.733 | INFO     | DSH:train:200 - [iter:45/50][code_length:16][mAP:0.80690][mAP_all:0.81421][best_mAP:0.81540]
2023-11-13 19:41:54.733 | INFO     | DSH:train:201 - [iter:45/50][code_length:16][zs_mAP:0.40372][zs_mAP_all:0.22238]
2023-11-13 19:42:10.516 | INFO     | DSH:train:125 - [epoch:1/3][loss:1.807919]
2023-11-13 19:42:25.986 | INFO     | DSH:train:125 - [epoch:2/3][loss:3.422607]
2023-11-13 19:42:41.558 | INFO     | DSH:train:125 - [epoch:3/3][loss:3.327730]
2023-11-13 19:42:41.559 | INFO     | DSH:train:128 - [iter:46/50][iter_time:46.83]
2023-11-13 19:48:40.505 | INFO     | DSH:train:200 - [iter:46/50][code_length:16][mAP:0.81367][mAP_all:0.82190][best_mAP:0.81540]
2023-11-13 19:48:40.505 | INFO     | DSH:train:201 - [iter:46/50][code_length:16][zs_mAP:0.40996][zs_mAP_all:0.22601]
2023-11-13 19:48:54.821 | INFO     | DSH:train:125 - [epoch:1/3][loss:1.655222]
2023-11-13 19:49:09.139 | INFO     | DSH:train:125 - [epoch:2/3][loss:3.288517]
2023-11-13 19:49:23.733 | INFO     | DSH:train:125 - [epoch:3/3][loss:3.308838]
2023-11-13 19:49:23.734 | INFO     | DSH:train:128 - [iter:47/50][iter_time:43.23]
2023-11-13 19:55:32.604 | INFO     | DSH:train:200 - [iter:47/50][code_length:16][mAP:0.81648][mAP_all:0.82518][best_mAP:0.81648]
2023-11-13 19:55:32.605 | INFO     | DSH:train:201 - [iter:47/50][code_length:16][zs_mAP:0.42073][zs_mAP_all:0.23417]
2023-11-13 19:55:48.652 | INFO     | DSH:train:125 - [epoch:1/3][loss:1.717846]
2023-11-13 19:56:03.877 | INFO     | DSH:train:125 - [epoch:2/3][loss:3.419225]
2023-11-13 19:56:19.593 | INFO     | DSH:train:125 - [epoch:3/3][loss:3.433622]
2023-11-13 19:56:19.593 | INFO     | DSH:train:128 - [iter:48/50][iter_time:46.99]
2023-11-13 20:02:15.041 | INFO     | DSH:train:200 - [iter:48/50][code_length:16][mAP:0.82107][mAP_all:0.82922][best_mAP:0.82107]
2023-11-13 20:02:15.041 | INFO     | DSH:train:201 - [iter:48/50][code_length:16][zs_mAP:0.40938][zs_mAP_all:0.22936]
2023-11-13 20:02:28.200 | INFO     | DSH:train:125 - [epoch:1/3][loss:1.773066]
2023-11-13 20:02:41.463 | INFO     | DSH:train:125 - [epoch:2/3][loss:3.442909]
2023-11-13 20:02:56.152 | INFO     | DSH:train:125 - [epoch:3/3][loss:3.378129]
2023-11-13 20:02:56.153 | INFO     | DSH:train:128 - [iter:49/50][iter_time:41.11]
2023-11-13 20:09:01.050 | INFO     | DSH:train:200 - [iter:49/50][code_length:16][mAP:0.81963][mAP_all:0.82794][best_mAP:0.82107]
2023-11-13 20:09:01.051 | INFO     | DSH:train:201 - [iter:49/50][code_length:16][zs_mAP:0.40152][zs_mAP_all:0.22370]
2023-11-13 20:09:15.289 | INFO     | DSH:train:125 - [epoch:1/3][loss:1.593158]
2023-11-13 20:09:29.183 | INFO     | DSH:train:125 - [epoch:2/3][loss:3.174356]
2023-11-13 20:09:43.159 | INFO     | DSH:train:125 - [epoch:3/3][loss:3.107581]
2023-11-13 20:09:43.160 | INFO     | DSH:train:128 - [iter:50/50][iter_time:42.11]
2023-11-13 20:15:47.343 | INFO     | DSH:train:200 - [iter:50/50][code_length:16][mAP:0.82116][mAP_all:0.82919][best_mAP:0.82116]
2023-11-13 20:15:47.344 | INFO     | DSH:train:201 - [iter:50/50][code_length:16][zs_mAP:0.40028][zs_mAP_all:0.22291]
2023-11-13 20:15:47.344 | INFO     | DSH:train:204 - [Training time:20982.38]
2023-11-13 20:15:47.350 | INFO     | __main__:run:126 - [code_length:16][map:0.8212][map_all:0.8292][zs_map:0.4003][zs_map_all:0.2229]
2023-11-13 20:16:02.510 | INFO     | DSH:train:125 - [epoch:1/3][loss:11.613420]
2023-11-13 20:16:15.902 | INFO     | DSH:train:125 - [epoch:2/3][loss:14.339613]
2023-11-13 20:16:29.259 | INFO     | DSH:train:125 - [epoch:3/3][loss:10.879054]
2023-11-13 20:16:29.260 | INFO     | DSH:train:128 - [iter:1/50][iter_time:41.35]
2023-11-13 20:22:34.035 | INFO     | DSH:train:200 - [iter:1/50][code_length:32][mAP:0.68723][mAP_all:0.69629][best_mAP:0.68723]
2023-11-13 20:22:34.035 | INFO     | DSH:train:201 - [iter:1/50][code_length:32][zs_mAP:0.35760][zs_mAP_all:0.09927]
2023-11-13 20:22:48.787 | INFO     | DSH:train:125 - [epoch:1/3][loss:5.289073]
2023-11-13 20:23:03.086 | INFO     | DSH:train:125 - [epoch:2/3][loss:10.170799]
2023-11-13 20:23:16.252 | INFO     | DSH:train:125 - [epoch:3/3][loss:9.971162]
2023-11-13 20:23:16.252 | INFO     | DSH:train:128 - [iter:2/50][iter_time:42.22]
2023-11-13 20:29:12.115 | INFO     | DSH:train:200 - [iter:2/50][code_length:32][mAP:0.72021][mAP_all:0.73111][best_mAP:0.72021]
2023-11-13 20:29:12.116 | INFO     | DSH:train:201 - [iter:2/50][code_length:32][zs_mAP:0.36581][zs_mAP_all:0.13774]
2023-11-13 20:29:25.955 | INFO     | DSH:train:125 - [epoch:1/3][loss:4.719348]
2023-11-13 20:29:39.999 | INFO     | DSH:train:125 - [epoch:2/3][loss:9.391827]
2023-11-13 20:29:53.753 | INFO     | DSH:train:125 - [epoch:3/3][loss:9.221481]
2023-11-13 20:29:53.754 | INFO     | DSH:train:128 - [iter:3/50][iter_time:41.64]
2023-11-13 20:36:00.236 | INFO     | DSH:train:200 - [iter:3/50][code_length:32][mAP:0.74989][mAP_all:0.75995][best_mAP:0.74989]
2023-11-13 20:36:00.237 | INFO     | DSH:train:201 - [iter:3/50][code_length:32][zs_mAP:0.38235][zs_mAP_all:0.16579]
2023-11-13 20:36:15.607 | INFO     | DSH:train:125 - [epoch:1/3][loss:4.761692]
2023-11-13 20:36:30.398 | INFO     | DSH:train:125 - [epoch:2/3][loss:9.191911]
2023-11-13 20:36:44.565 | INFO     | DSH:train:125 - [epoch:3/3][loss:9.111946]
2023-11-13 20:36:44.566 | INFO     | DSH:train:128 - [iter:4/50][iter_time:44.33]
2023-11-13 20:42:41.849 | INFO     | DSH:train:200 - [iter:4/50][code_length:32][mAP:0.76629][mAP_all:0.77545][best_mAP:0.76629]
2023-11-13 20:42:41.850 | INFO     | DSH:train:201 - [iter:4/50][code_length:32][zs_mAP:0.36148][zs_mAP_all:0.14932]
2023-11-13 20:42:54.926 | INFO     | DSH:train:125 - [epoch:1/3][loss:4.596446]
2023-11-13 20:43:09.531 | INFO     | DSH:train:125 - [epoch:2/3][loss:8.963906]
2023-11-13 20:43:24.007 | INFO     | DSH:train:125 - [epoch:3/3][loss:8.670609]
2023-11-13 20:43:24.008 | INFO     | DSH:train:128 - [iter:5/50][iter_time:42.16]
2023-11-13 20:49:25.665 | INFO     | DSH:train:200 - [iter:5/50][code_length:32][mAP:0.73897][mAP_all:0.74870][best_mAP:0.76629]
2023-11-13 20:49:25.665 | INFO     | DSH:train:201 - [iter:5/50][code_length:32][zs_mAP:0.32803][zs_mAP_all:0.14265]
2023-11-13 20:49:39.375 | INFO     | DSH:train:125 - [epoch:1/3][loss:4.467759]
2023-11-13 20:49:52.959 | INFO     | DSH:train:125 - [epoch:2/3][loss:8.616372]
2023-11-13 20:50:06.528 | INFO     | DSH:train:125 - [epoch:3/3][loss:8.529695]
2023-11-13 20:50:06.528 | INFO     | DSH:train:128 - [iter:6/50][iter_time:40.86]
2023-11-13 20:56:04.681 | INFO     | DSH:train:200 - [iter:6/50][code_length:32][mAP:0.74733][mAP_all:0.75845][best_mAP:0.76629]
2023-11-13 20:56:04.682 | INFO     | DSH:train:201 - [iter:6/50][code_length:32][zs_mAP:0.37695][zs_mAP_all:0.19260]
2023-11-13 20:56:20.867 | INFO     | DSH:train:125 - [epoch:1/3][loss:4.370002]
2023-11-13 20:56:36.286 | INFO     | DSH:train:125 - [epoch:2/3][loss:8.974612]
2023-11-13 20:56:51.913 | INFO     | DSH:train:125 - [epoch:3/3][loss:8.757321]
2023-11-13 20:56:51.914 | INFO     | DSH:train:128 - [iter:7/50][iter_time:47.23]
2023-11-13 21:02:46.374 | INFO     | DSH:train:200 - [iter:7/50][code_length:32][mAP:0.74282][mAP_all:0.75326][best_mAP:0.76629]
2023-11-13 21:02:46.375 | INFO     | DSH:train:201 - [iter:7/50][code_length:32][zs_mAP:0.38123][zs_mAP_all:0.17490]
2023-11-13 21:03:00.124 | INFO     | DSH:train:125 - [epoch:1/3][loss:4.436236]
2023-11-13 21:03:13.867 | INFO     | DSH:train:125 - [epoch:2/3][loss:8.991987]
2023-11-13 21:03:27.526 | INFO     | DSH:train:125 - [epoch:3/3][loss:8.914688]
2023-11-13 21:03:27.527 | INFO     | DSH:train:128 - [iter:8/50][iter_time:41.15]
2023-11-13 21:09:32.798 | INFO     | DSH:train:200 - [iter:8/50][code_length:32][mAP:0.74517][mAP_all:0.75384][best_mAP:0.76629]
2023-11-13 21:09:32.799 | INFO     | DSH:train:201 - [iter:8/50][code_length:32][zs_mAP:0.35417][zs_mAP_all:0.18012]
2023-11-13 21:09:56.643 | INFO     | DSH:train:125 - [epoch:1/3][loss:4.267016]
2023-11-13 21:10:18.123 | INFO     | DSH:train:125 - [epoch:2/3][loss:8.511359]
2023-11-13 21:10:40.379 | INFO     | DSH:train:125 - [epoch:3/3][loss:8.163218]
2023-11-13 21:10:40.380 | INFO     | DSH:train:128 - [iter:9/50][iter_time:67.58]
2023-11-13 21:16:59.688 | INFO     | DSH:train:200 - [iter:9/50][code_length:32][mAP:0.74460][mAP_all:0.75480][best_mAP:0.76629]
2023-11-13 21:16:59.688 | INFO     | DSH:train:201 - [iter:9/50][code_length:32][zs_mAP:0.37004][zs_mAP_all:0.20285]
2023-11-13 21:17:16.010 | INFO     | DSH:train:125 - [epoch:1/3][loss:4.162928]
2023-11-13 21:17:30.860 | INFO     | DSH:train:125 - [epoch:2/3][loss:8.449224]
2023-11-13 21:17:46.444 | INFO     | DSH:train:125 - [epoch:3/3][loss:8.248402]
2023-11-13 21:17:46.446 | INFO     | DSH:train:128 - [iter:10/50][iter_time:46.76]
2023-11-13 21:23:50.639 | INFO     | DSH:train:200 - [iter:10/50][code_length:32][mAP:0.74081][mAP_all:0.75007][best_mAP:0.76629]
2023-11-13 21:23:50.639 | INFO     | DSH:train:201 - [iter:10/50][code_length:32][zs_mAP:0.37593][zs_mAP_all:0.19203]
2023-11-13 21:24:05.696 | INFO     | DSH:train:125 - [epoch:1/3][loss:4.255904]
2023-11-13 21:24:21.455 | INFO     | DSH:train:125 - [epoch:2/3][loss:8.424417]
2023-11-13 21:24:36.871 | INFO     | DSH:train:125 - [epoch:3/3][loss:8.600120]
2023-11-13 21:24:36.872 | INFO     | DSH:train:128 - [iter:11/50][iter_time:46.23]
2023-11-13 21:30:37.555 | INFO     | DSH:train:200 - [iter:11/50][code_length:32][mAP:0.76781][mAP_all:0.78005][best_mAP:0.76781]
2023-11-13 21:30:37.555 | INFO     | DSH:train:201 - [iter:11/50][code_length:32][zs_mAP:0.40163][zs_mAP_all:0.21890]
2023-11-13 21:30:56.949 | INFO     | DSH:train:125 - [epoch:1/3][loss:4.273380]
2023-11-13 21:31:19.872 | INFO     | DSH:train:125 - [epoch:2/3][loss:8.347679]
2023-11-13 21:31:41.889 | INFO     | DSH:train:125 - [epoch:3/3][loss:8.005725]
2023-11-13 21:31:41.890 | INFO     | DSH:train:128 - [iter:12/50][iter_time:64.33]
2023-11-13 21:37:47.712 | INFO     | DSH:train:200 - [iter:12/50][code_length:32][mAP:0.78380][mAP_all:0.79228][best_mAP:0.78380]
2023-11-13 21:37:47.713 | INFO     | DSH:train:201 - [iter:12/50][code_length:32][zs_mAP:0.39934][zs_mAP_all:0.21230]
2023-11-13 21:38:03.796 | INFO     | DSH:train:125 - [epoch:1/3][loss:4.034870]
2023-11-13 21:38:19.957 | INFO     | DSH:train:125 - [epoch:2/3][loss:8.027836]
2023-11-13 21:38:37.225 | INFO     | DSH:train:125 - [epoch:3/3][loss:7.948829]
2023-11-13 21:38:37.226 | INFO     | DSH:train:128 - [iter:13/50][iter_time:49.51]
2023-11-13 21:44:43.623 | INFO     | DSH:train:200 - [iter:13/50][code_length:32][mAP:0.73299][mAP_all:0.74283][best_mAP:0.78380]
2023-11-13 21:44:43.624 | INFO     | DSH:train:201 - [iter:13/50][code_length:32][zs_mAP:0.37500][zs_mAP_all:0.19841]
2023-11-13 21:44:57.121 | INFO     | DSH:train:125 - [epoch:1/3][loss:4.058930]
2023-11-13 21:45:10.798 | INFO     | DSH:train:125 - [epoch:2/3][loss:8.040060]
2023-11-13 21:45:25.246 | INFO     | DSH:train:125 - [epoch:3/3][loss:7.927756]
2023-11-13 21:45:25.246 | INFO     | DSH:train:128 - [iter:14/50][iter_time:41.62]
2023-11-13 21:51:36.465 | INFO     | DSH:train:200 - [iter:14/50][code_length:32][mAP:0.74884][mAP_all:0.75785][best_mAP:0.78380]
2023-11-13 21:51:36.466 | INFO     | DSH:train:201 - [iter:14/50][code_length:32][zs_mAP:0.39297][zs_mAP_all:0.19498]
2023-11-13 21:51:50.051 | INFO     | DSH:train:125 - [epoch:1/3][loss:4.186677]
2023-11-13 21:52:04.003 | INFO     | DSH:train:125 - [epoch:2/3][loss:8.257886]
2023-11-13 21:52:17.111 | INFO     | DSH:train:125 - [epoch:3/3][loss:8.184565]
2023-11-13 21:52:17.112 | INFO     | DSH:train:128 - [iter:15/50][iter_time:40.65]
2023-11-13 21:58:22.511 | INFO     | DSH:train:200 - [iter:15/50][code_length:32][mAP:0.76423][mAP_all:0.77368][best_mAP:0.78380]
2023-11-13 21:58:22.512 | INFO     | DSH:train:201 - [iter:15/50][code_length:32][zs_mAP:0.39641][zs_mAP_all:0.21014]
2023-11-13 21:58:39.647 | INFO     | DSH:train:125 - [epoch:1/3][loss:4.132704]
2023-11-13 21:58:56.285 | INFO     | DSH:train:125 - [epoch:2/3][loss:8.255628]
2023-11-13 21:59:11.664 | INFO     | DSH:train:125 - [epoch:3/3][loss:8.120614]
2023-11-13 21:59:11.664 | INFO     | DSH:train:128 - [iter:16/50][iter_time:49.15]
2023-11-13 22:05:22.937 | INFO     | DSH:train:200 - [iter:16/50][code_length:32][mAP:0.75222][mAP_all:0.76245][best_mAP:0.78380]
2023-11-13 22:05:22.938 | INFO     | DSH:train:201 - [iter:16/50][code_length:32][zs_mAP:0.38456][zs_mAP_all:0.20049]
2023-11-13 22:05:36.659 | INFO     | DSH:train:125 - [epoch:1/3][loss:4.013147]
2023-11-13 22:05:51.129 | INFO     | DSH:train:125 - [epoch:2/3][loss:8.113309]
2023-11-13 22:06:06.185 | INFO     | DSH:train:125 - [epoch:3/3][loss:7.990325]
2023-11-13 22:06:06.185 | INFO     | DSH:train:128 - [iter:17/50][iter_time:43.24]
2023-11-13 22:12:19.681 | INFO     | DSH:train:200 - [iter:17/50][code_length:32][mAP:0.75706][mAP_all:0.76707][best_mAP:0.78380]
2023-11-13 22:12:19.682 | INFO     | DSH:train:201 - [iter:17/50][code_length:32][zs_mAP:0.40215][zs_mAP_all:0.20835]
2023-11-13 22:12:33.586 | INFO     | DSH:train:125 - [epoch:1/3][loss:4.414657]
2023-11-13 22:12:47.819 | INFO     | DSH:train:125 - [epoch:2/3][loss:8.064539]
2023-11-13 22:13:02.001 | INFO     | DSH:train:125 - [epoch:3/3][loss:7.843565]
2023-11-13 22:13:02.002 | INFO     | DSH:train:128 - [iter:18/50][iter_time:42.32]
2023-11-13 22:19:12.110 | INFO     | DSH:train:200 - [iter:18/50][code_length:32][mAP:0.75108][mAP_all:0.76035][best_mAP:0.78380]
2023-11-13 22:19:12.111 | INFO     | DSH:train:201 - [iter:18/50][code_length:32][zs_mAP:0.36931][zs_mAP_all:0.16870]
2023-11-13 22:19:27.533 | INFO     | DSH:train:125 - [epoch:1/3][loss:4.033918]
2023-11-13 22:19:43.850 | INFO     | DSH:train:125 - [epoch:2/3][loss:7.777925]
2023-11-13 22:20:00.337 | INFO     | DSH:train:125 - [epoch:3/3][loss:7.600324]
2023-11-13 22:20:00.338 | INFO     | DSH:train:128 - [iter:19/50][iter_time:48.23]
2023-11-13 22:26:03.206 | INFO     | DSH:train:200 - [iter:19/50][code_length:32][mAP:0.74667][mAP_all:0.75652][best_mAP:0.78380]
2023-11-13 22:26:03.207 | INFO     | DSH:train:201 - [iter:19/50][code_length:32][zs_mAP:0.38170][zs_mAP_all:0.20174]
2023-11-13 22:26:18.598 | INFO     | DSH:train:125 - [epoch:1/3][loss:4.055044]
2023-11-13 22:26:34.253 | INFO     | DSH:train:125 - [epoch:2/3][loss:7.915739]
2023-11-13 22:26:51.950 | INFO     | DSH:train:125 - [epoch:3/3][loss:7.768611]
2023-11-13 22:26:51.951 | INFO     | DSH:train:128 - [iter:20/50][iter_time:48.74]
2023-11-13 22:33:04.061 | INFO     | DSH:train:200 - [iter:20/50][code_length:32][mAP:0.76159][mAP_all:0.77209][best_mAP:0.78380]
2023-11-13 22:33:04.062 | INFO     | DSH:train:201 - [iter:20/50][code_length:32][zs_mAP:0.40257][zs_mAP_all:0.21858]
2023-11-13 22:33:17.813 | INFO     | DSH:train:125 - [epoch:1/3][loss:4.079726]
2023-11-13 22:33:31.182 | INFO     | DSH:train:125 - [epoch:2/3][loss:8.236851]
2023-11-13 22:33:44.885 | INFO     | DSH:train:125 - [epoch:3/3][loss:8.017616]
2023-11-13 22:33:44.886 | INFO     | DSH:train:128 - [iter:21/50][iter_time:40.82]
2023-11-13 22:40:11.450 | INFO     | DSH:train:200 - [iter:21/50][code_length:32][mAP:0.78175][mAP_all:0.79249][best_mAP:0.78380]
2023-11-13 22:40:11.451 | INFO     | DSH:train:201 - [iter:21/50][code_length:32][zs_mAP:0.43866][zs_mAP_all:0.24753]
2023-11-13 22:40:33.817 | INFO     | DSH:train:125 - [epoch:1/3][loss:4.042450]
2023-11-13 22:40:55.290 | INFO     | DSH:train:125 - [epoch:2/3][loss:8.231223]
2023-11-13 22:41:16.781 | INFO     | DSH:train:125 - [epoch:3/3][loss:8.255752]
2023-11-13 22:41:16.782 | INFO     | DSH:train:128 - [iter:22/50][iter_time:65.33]
2023-11-13 22:47:36.607 | INFO     | DSH:train:200 - [iter:22/50][code_length:32][mAP:0.76025][mAP_all:0.77116][best_mAP:0.78380]
2023-11-13 22:47:36.608 | INFO     | DSH:train:201 - [iter:22/50][code_length:32][zs_mAP:0.41270][zs_mAP_all:0.21641]
2023-11-13 22:47:53.112 | INFO     | DSH:train:125 - [epoch:1/3][loss:3.944053]
2023-11-13 22:48:08.969 | INFO     | DSH:train:125 - [epoch:2/3][loss:7.648401]
2023-11-13 22:48:26.071 | INFO     | DSH:train:125 - [epoch:3/3][loss:7.550178]
2023-11-13 22:48:26.072 | INFO     | DSH:train:128 - [iter:23/50][iter_time:49.46]
2023-11-13 22:54:30.093 | INFO     | DSH:train:200 - [iter:23/50][code_length:32][mAP:0.77917][mAP_all:0.78973][best_mAP:0.78380]
2023-11-13 22:54:30.093 | INFO     | DSH:train:201 - [iter:23/50][code_length:32][zs_mAP:0.40496][zs_mAP_all:0.22438]
2023-11-13 22:54:44.112 | INFO     | DSH:train:125 - [epoch:1/3][loss:3.980595]
2023-11-13 22:54:58.230 | INFO     | DSH:train:125 - [epoch:2/3][loss:7.816501]
2023-11-13 22:55:11.774 | INFO     | DSH:train:125 - [epoch:3/3][loss:7.655939]
2023-11-13 22:55:11.774 | INFO     | DSH:train:128 - [iter:24/50][iter_time:41.68]
2023-11-13 23:01:33.622 | INFO     | DSH:train:200 - [iter:24/50][code_length:32][mAP:0.75729][mAP_all:0.76672][best_mAP:0.78380]
2023-11-13 23:01:33.622 | INFO     | DSH:train:201 - [iter:24/50][code_length:32][zs_mAP:0.41495][zs_mAP_all:0.21990]
2023-11-13 23:01:55.843 | INFO     | DSH:train:125 - [epoch:1/3][loss:4.036706]
2023-11-13 23:02:21.103 | INFO     | DSH:train:125 - [epoch:2/3][loss:7.649512]
2023-11-13 23:02:50.004 | INFO     | DSH:train:125 - [epoch:3/3][loss:7.537723]
2023-11-13 23:02:50.005 | INFO     | DSH:train:128 - [iter:25/50][iter_time:76.38]
2023-11-13 23:08:59.150 | INFO     | DSH:train:200 - [iter:25/50][code_length:32][mAP:0.77472][mAP_all:0.78438][best_mAP:0.78380]
2023-11-13 23:08:59.151 | INFO     | DSH:train:201 - [iter:25/50][code_length:32][zs_mAP:0.41452][zs_mAP_all:0.21718]
2023-11-13 23:09:16.047 | INFO     | DSH:train:125 - [epoch:1/3][loss:4.100140]
2023-11-13 23:09:33.191 | INFO     | DSH:train:125 - [epoch:2/3][loss:8.004790]
2023-11-13 23:09:49.319 | INFO     | DSH:train:125 - [epoch:3/3][loss:7.860057]
2023-11-13 23:09:49.319 | INFO     | DSH:train:128 - [iter:26/50][iter_time:50.17]
2023-11-13 23:15:47.726 | INFO     | DSH:train:200 - [iter:26/50][code_length:32][mAP:0.76721][mAP_all:0.77646][best_mAP:0.78380]
2023-11-13 23:15:47.727 | INFO     | DSH:train:201 - [iter:26/50][code_length:32][zs_mAP:0.40122][zs_mAP_all:0.20681]
2023-11-13 23:16:02.022 | INFO     | DSH:train:125 - [epoch:1/3][loss:3.877522]
2023-11-13 23:16:15.910 | INFO     | DSH:train:125 - [epoch:2/3][loss:7.734110]
2023-11-13 23:16:29.976 | INFO     | DSH:train:125 - [epoch:3/3][loss:7.524457]
2023-11-13 23:16:29.976 | INFO     | DSH:train:128 - [iter:27/50][iter_time:42.25]
2023-11-13 23:22:33.630 | INFO     | DSH:train:200 - [iter:27/50][code_length:32][mAP:0.77854][mAP_all:0.78845][best_mAP:0.78380]
2023-11-13 23:22:33.630 | INFO     | DSH:train:201 - [iter:27/50][code_length:32][zs_mAP:0.39821][zs_mAP_all:0.21025]
2023-11-13 23:22:47.315 | INFO     | DSH:train:125 - [epoch:1/3][loss:3.870167]
2023-11-13 23:23:01.092 | INFO     | DSH:train:125 - [epoch:2/3][loss:7.735373]
2023-11-13 23:23:15.004 | INFO     | DSH:train:125 - [epoch:3/3][loss:7.661262]
2023-11-13 23:23:15.004 | INFO     | DSH:train:128 - [iter:28/50][iter_time:41.37]
2023-11-13 23:29:44.780 | INFO     | DSH:train:200 - [iter:28/50][code_length:32][mAP:0.76914][mAP_all:0.77859][best_mAP:0.78380]
2023-11-13 23:29:44.781 | INFO     | DSH:train:201 - [iter:28/50][code_length:32][zs_mAP:0.39531][zs_mAP_all:0.21414]
2023-11-13 23:30:00.690 | INFO     | DSH:train:125 - [epoch:1/3][loss:3.898728]
2023-11-13 23:30:15.971 | INFO     | DSH:train:125 - [epoch:2/3][loss:7.612073]
2023-11-13 23:30:32.197 | INFO     | DSH:train:125 - [epoch:3/3][loss:7.606085]
2023-11-13 23:30:32.197 | INFO     | DSH:train:128 - [iter:29/50][iter_time:47.42]
2023-11-13 23:36:37.145 | INFO     | DSH:train:200 - [iter:29/50][code_length:32][mAP:0.77829][mAP_all:0.78666][best_mAP:0.78380]
2023-11-13 23:36:37.146 | INFO     | DSH:train:201 - [iter:29/50][code_length:32][zs_mAP:0.39927][zs_mAP_all:0.21609]
2023-11-13 23:36:53.660 | INFO     | DSH:train:125 - [epoch:1/3][loss:3.959280]
2023-11-13 23:37:10.019 | INFO     | DSH:train:125 - [epoch:2/3][loss:7.472486]
2023-11-13 23:37:26.328 | INFO     | DSH:train:125 - [epoch:3/3][loss:7.518608]
2023-11-13 23:37:26.328 | INFO     | DSH:train:128 - [iter:30/50][iter_time:49.18]
2023-11-13 23:43:42.899 | INFO     | DSH:train:200 - [iter:30/50][code_length:32][mAP:0.78227][mAP_all:0.79064][best_mAP:0.78380]
2023-11-13 23:43:42.899 | INFO     | DSH:train:201 - [iter:30/50][code_length:32][zs_mAP:0.38257][zs_mAP_all:0.21832]
2023-11-13 23:43:56.976 | INFO     | DSH:train:125 - [epoch:1/3][loss:3.771326]
2023-11-13 23:44:10.699 | INFO     | DSH:train:125 - [epoch:2/3][loss:7.452015]
2023-11-13 23:44:24.586 | INFO     | DSH:train:125 - [epoch:3/3][loss:7.354512]
2023-11-13 23:44:24.586 | INFO     | DSH:train:128 - [iter:31/50][iter_time:41.69]
2023-11-13 23:50:52.857 | INFO     | DSH:train:200 - [iter:31/50][code_length:32][mAP:0.77456][mAP_all:0.78273][best_mAP:0.78380]
2023-11-13 23:50:52.858 | INFO     | DSH:train:201 - [iter:31/50][code_length:32][zs_mAP:0.39076][zs_mAP_all:0.20341]
2023-11-13 23:51:09.161 | INFO     | DSH:train:125 - [epoch:1/3][loss:3.998119]
2023-11-13 23:51:22.451 | INFO     | DSH:train:125 - [epoch:2/3][loss:7.731420]
2023-11-13 23:51:36.006 | INFO     | DSH:train:125 - [epoch:3/3][loss:7.681245]
2023-11-13 23:51:36.007 | INFO     | DSH:train:128 - [iter:32/50][iter_time:43.15]
2023-11-13 23:57:41.362 | INFO     | DSH:train:200 - [iter:32/50][code_length:32][mAP:0.77446][mAP_all:0.78376][best_mAP:0.78380]
2023-11-13 23:57:41.363 | INFO     | DSH:train:201 - [iter:32/50][code_length:32][zs_mAP:0.38530][zs_mAP_all:0.21598]
2023-11-13 23:57:56.837 | INFO     | DSH:train:125 - [epoch:1/3][loss:3.795347]
2023-11-13 23:58:12.307 | INFO     | DSH:train:125 - [epoch:2/3][loss:7.542867]
2023-11-13 23:58:26.691 | INFO     | DSH:train:125 - [epoch:3/3][loss:7.448337]
2023-11-13 23:58:26.692 | INFO     | DSH:train:128 - [iter:33/50][iter_time:45.33]
2023-11-14 00:04:47.006 | INFO     | DSH:train:200 - [iter:33/50][code_length:32][mAP:0.76395][mAP_all:0.77203][best_mAP:0.78380]
2023-11-14 00:04:47.007 | INFO     | DSH:train:201 - [iter:33/50][code_length:32][zs_mAP:0.35920][zs_mAP_all:0.18700]
2023-11-14 00:05:01.034 | INFO     | DSH:train:125 - [epoch:1/3][loss:3.870489]
2023-11-14 00:05:14.519 | INFO     | DSH:train:125 - [epoch:2/3][loss:7.832806]
2023-11-14 00:05:28.109 | INFO     | DSH:train:125 - [epoch:3/3][loss:7.689606]
2023-11-14 00:05:28.110 | INFO     | DSH:train:128 - [iter:34/50][iter_time:41.10]
2023-11-14 00:11:46.819 | INFO     | DSH:train:200 - [iter:34/50][code_length:32][mAP:0.76324][mAP_all:0.77208][best_mAP:0.78380]
2023-11-14 00:11:46.820 | INFO     | DSH:train:201 - [iter:34/50][code_length:32][zs_mAP:0.40059][zs_mAP_all:0.20603]
2023-11-14 00:12:00.716 | INFO     | DSH:train:125 - [epoch:1/3][loss:4.044334]
2023-11-14 00:12:14.531 | INFO     | DSH:train:125 - [epoch:2/3][loss:7.596223]
2023-11-14 00:12:28.080 | INFO     | DSH:train:125 - [epoch:3/3][loss:7.427587]
2023-11-14 00:12:28.081 | INFO     | DSH:train:128 - [iter:35/50][iter_time:41.26]
2023-11-14 00:18:36.033 | INFO     | DSH:train:200 - [iter:35/50][code_length:32][mAP:0.77255][mAP_all:0.78128][best_mAP:0.78380]
2023-11-14 00:18:36.034 | INFO     | DSH:train:201 - [iter:35/50][code_length:32][zs_mAP:0.38082][zs_mAP_all:0.20716]
2023-11-14 00:18:50.047 | INFO     | DSH:train:125 - [epoch:1/3][loss:3.960549]
2023-11-14 00:19:03.754 | INFO     | DSH:train:125 - [epoch:2/3][loss:7.759187]
2023-11-14 00:19:17.885 | INFO     | DSH:train:125 - [epoch:3/3][loss:7.572766]
2023-11-14 00:19:17.885 | INFO     | DSH:train:128 - [iter:36/50][iter_time:41.85]
2023-11-14 00:25:19.838 | INFO     | DSH:train:200 - [iter:36/50][code_length:32][mAP:0.78415][mAP_all:0.79329][best_mAP:0.78415]
2023-11-14 00:25:19.839 | INFO     | DSH:train:201 - [iter:36/50][code_length:32][zs_mAP:0.36392][zs_mAP_all:0.19848]
2023-11-14 00:25:33.550 | INFO     | DSH:train:125 - [epoch:1/3][loss:3.966724]
2023-11-14 00:25:47.320 | INFO     | DSH:train:125 - [epoch:2/3][loss:7.510247]
2023-11-14 00:26:00.796 | INFO     | DSH:train:125 - [epoch:3/3][loss:7.517278]
2023-11-14 00:26:00.797 | INFO     | DSH:train:128 - [iter:37/50][iter_time:40.96]
2023-11-14 00:32:26.988 | INFO     | DSH:train:200 - [iter:37/50][code_length:32][mAP:0.76832][mAP_all:0.77662][best_mAP:0.78415]
2023-11-14 00:32:26.989 | INFO     | DSH:train:201 - [iter:37/50][code_length:32][zs_mAP:0.36198][zs_mAP_all:0.18378]
2023-11-14 00:32:40.599 | INFO     | DSH:train:125 - [epoch:1/3][loss:3.789241]
2023-11-14 00:32:53.996 | INFO     | DSH:train:125 - [epoch:2/3][loss:7.545763]
2023-11-14 00:33:07.361 | INFO     | DSH:train:125 - [epoch:3/3][loss:7.370028]
2023-11-14 00:33:07.362 | INFO     | DSH:train:128 - [iter:38/50][iter_time:40.37]
2023-11-14 00:39:10.869 | INFO     | DSH:train:200 - [iter:38/50][code_length:32][mAP:0.76779][mAP_all:0.77808][best_mAP:0.78415]
2023-11-14 00:39:10.869 | INFO     | DSH:train:201 - [iter:38/50][code_length:32][zs_mAP:0.37198][zs_mAP_all:0.19208]
2023-11-14 00:39:26.951 | INFO     | DSH:train:125 - [epoch:1/3][loss:3.875248]
2023-11-14 00:39:41.414 | INFO     | DSH:train:125 - [epoch:2/3][loss:7.937259]
2023-11-14 00:39:56.318 | INFO     | DSH:train:125 - [epoch:3/3][loss:7.688943]
2023-11-14 00:39:56.319 | INFO     | DSH:train:128 - [iter:39/50][iter_time:45.45]
2023-11-14 00:45:58.254 | INFO     | DSH:train:200 - [iter:39/50][code_length:32][mAP:0.77520][mAP_all:0.78539][best_mAP:0.78415]
2023-11-14 00:45:58.255 | INFO     | DSH:train:201 - [iter:39/50][code_length:32][zs_mAP:0.39480][zs_mAP_all:0.20410]
2023-11-14 00:46:12.149 | INFO     | DSH:train:125 - [epoch:1/3][loss:3.894394]
2023-11-14 00:46:25.619 | INFO     | DSH:train:125 - [epoch:2/3][loss:7.423713]
2023-11-14 00:46:39.200 | INFO     | DSH:train:125 - [epoch:3/3][loss:7.311174]
2023-11-14 00:46:39.201 | INFO     | DSH:train:128 - [iter:40/50][iter_time:40.95]
2023-11-14 00:53:04.977 | INFO     | DSH:train:200 - [iter:40/50][code_length:32][mAP:0.77792][mAP_all:0.78759][best_mAP:0.78415]
2023-11-14 00:53:04.977 | INFO     | DSH:train:201 - [iter:40/50][code_length:32][zs_mAP:0.38490][zs_mAP_all:0.21924]
2023-11-14 00:53:28.340 | INFO     | DSH:train:125 - [epoch:1/3][loss:3.809124]
2023-11-14 00:53:51.068 | INFO     | DSH:train:125 - [epoch:2/3][loss:7.410915]
2023-11-14 00:54:13.617 | INFO     | DSH:train:125 - [epoch:3/3][loss:7.157933]
2023-11-14 00:54:13.617 | INFO     | DSH:train:128 - [iter:41/50][iter_time:68.64]
2023-11-14 01:00:28.524 | INFO     | DSH:train:200 - [iter:41/50][code_length:32][mAP:0.78003][mAP_all:0.78784][best_mAP:0.78415]
2023-11-14 01:00:28.525 | INFO     | DSH:train:201 - [iter:41/50][code_length:32][zs_mAP:0.38793][zs_mAP_all:0.20213]
2023-11-14 01:00:42.826 | INFO     | DSH:train:125 - [epoch:1/3][loss:3.986032]
2023-11-14 01:00:57.434 | INFO     | DSH:train:125 - [epoch:2/3][loss:7.724279]
2023-11-14 01:01:11.924 | INFO     | DSH:train:125 - [epoch:3/3][loss:7.511091]
2023-11-14 01:01:11.925 | INFO     | DSH:train:128 - [iter:42/50][iter_time:43.40]
2023-11-14 01:07:14.210 | INFO     | DSH:train:200 - [iter:42/50][code_length:32][mAP:0.77506][mAP_all:0.78328][best_mAP:0.78415]
2023-11-14 01:07:14.211 | INFO     | DSH:train:201 - [iter:42/50][code_length:32][zs_mAP:0.37489][zs_mAP_all:0.20956]
2023-11-14 01:07:27.982 | INFO     | DSH:train:125 - [epoch:1/3][loss:3.838927]
2023-11-14 01:07:41.679 | INFO     | DSH:train:125 - [epoch:2/3][loss:7.422247]
2023-11-14 01:07:55.287 | INFO     | DSH:train:125 - [epoch:3/3][loss:7.370501]
2023-11-14 01:07:55.288 | INFO     | DSH:train:128 - [iter:43/50][iter_time:41.08]
2023-11-14 01:13:57.844 | INFO     | DSH:train:200 - [iter:43/50][code_length:32][mAP:0.76260][mAP_all:0.77195][best_mAP:0.78415]
2023-11-14 01:13:57.844 | INFO     | DSH:train:201 - [iter:43/50][code_length:32][zs_mAP:0.38143][zs_mAP_all:0.19737]
2023-11-14 01:14:12.771 | INFO     | DSH:train:125 - [epoch:1/3][loss:3.817796]
2023-11-14 01:14:27.649 | INFO     | DSH:train:125 - [epoch:2/3][loss:7.330488]
2023-11-14 01:14:42.554 | INFO     | DSH:train:125 - [epoch:3/3][loss:7.555532]
2023-11-14 01:14:42.554 | INFO     | DSH:train:128 - [iter:44/50][iter_time:44.71]
2023-11-14 01:20:48.049 | INFO     | DSH:train:200 - [iter:44/50][code_length:32][mAP:0.76458][mAP_all:0.77410][best_mAP:0.78415]
2023-11-14 01:20:48.050 | INFO     | DSH:train:201 - [iter:44/50][code_length:32][zs_mAP:0.37597][zs_mAP_all:0.19272]
2023-11-14 01:21:01.782 | INFO     | DSH:train:125 - [epoch:1/3][loss:3.773651]
2023-11-14 01:21:15.252 | INFO     | DSH:train:125 - [epoch:2/3][loss:7.567144]
2023-11-14 01:21:28.875 | INFO     | DSH:train:125 - [epoch:3/3][loss:7.352253]
2023-11-14 01:21:28.876 | INFO     | DSH:train:128 - [iter:45/50][iter_time:40.83]
2023-11-14 01:27:33.440 | INFO     | DSH:train:200 - [iter:45/50][code_length:32][mAP:0.76775][mAP_all:0.77714][best_mAP:0.78415]
2023-11-14 01:27:33.440 | INFO     | DSH:train:201 - [iter:45/50][code_length:32][zs_mAP:0.37827][zs_mAP_all:0.19356]
2023-11-14 01:27:47.609 | INFO     | DSH:train:125 - [epoch:1/3][loss:3.679019]
2023-11-14 01:28:02.093 | INFO     | DSH:train:125 - [epoch:2/3][loss:7.155651]
2023-11-14 01:28:16.911 | INFO     | DSH:train:125 - [epoch:3/3][loss:7.009819]
2023-11-14 01:28:16.912 | INFO     | DSH:train:128 - [iter:46/50][iter_time:43.47]
2023-11-14 01:34:23.652 | INFO     | DSH:train:200 - [iter:46/50][code_length:32][mAP:0.77315][mAP_all:0.78381][best_mAP:0.78415]
2023-11-14 01:34:23.653 | INFO     | DSH:train:201 - [iter:46/50][code_length:32][zs_mAP:0.38109][zs_mAP_all:0.19617]
2023-11-14 01:34:37.139 | INFO     | DSH:train:125 - [epoch:1/3][loss:3.550729]
2023-11-14 01:34:50.724 | INFO     | DSH:train:125 - [epoch:2/3][loss:6.946964]
2023-11-14 01:35:04.298 | INFO     | DSH:train:125 - [epoch:3/3][loss:6.898402]
2023-11-14 01:35:04.299 | INFO     | DSH:train:128 - [iter:47/50][iter_time:40.65]
2023-11-14 01:41:01.291 | INFO     | DSH:train:200 - [iter:47/50][code_length:32][mAP:0.78567][mAP_all:0.79589][best_mAP:0.78567]
2023-11-14 01:41:01.292 | INFO     | DSH:train:201 - [iter:47/50][code_length:32][zs_mAP:0.39078][zs_mAP_all:0.21083]
2023-11-14 01:41:15.657 | INFO     | DSH:train:125 - [epoch:1/3][loss:3.456960]
2023-11-14 01:41:31.428 | INFO     | DSH:train:125 - [epoch:2/3][loss:6.953842]
2023-11-14 01:41:47.879 | INFO     | DSH:train:125 - [epoch:3/3][loss:6.809091]
2023-11-14 01:41:47.880 | INFO     | DSH:train:128 - [iter:48/50][iter_time:46.59]
2023-11-14 01:47:59.132 | INFO     | DSH:train:200 - [iter:48/50][code_length:32][mAP:0.79145][mAP_all:0.80150][best_mAP:0.79145]
2023-11-14 01:47:59.133 | INFO     | DSH:train:201 - [iter:48/50][code_length:32][zs_mAP:0.40204][zs_mAP_all:0.21601]
2023-11-14 01:48:12.487 | INFO     | DSH:train:125 - [epoch:1/3][loss:3.294637]
2023-11-14 01:48:26.355 | INFO     | DSH:train:125 - [epoch:2/3][loss:6.422685]
2023-11-14 01:48:40.294 | INFO     | DSH:train:125 - [epoch:3/3][loss:6.485039]
2023-11-14 01:48:40.295 | INFO     | DSH:train:128 - [iter:49/50][iter_time:41.16]
2023-11-14 01:54:39.485 | INFO     | DSH:train:200 - [iter:49/50][code_length:32][mAP:0.79264][mAP_all:0.80238][best_mAP:0.79264]
2023-11-14 01:54:39.485 | INFO     | DSH:train:201 - [iter:49/50][code_length:32][zs_mAP:0.39858][zs_mAP_all:0.20604]
2023-11-14 01:54:54.090 | INFO     | DSH:train:125 - [epoch:1/3][loss:3.461670]
2023-11-14 01:55:07.746 | INFO     | DSH:train:125 - [epoch:2/3][loss:6.820643]
2023-11-14 01:55:21.352 | INFO     | DSH:train:125 - [epoch:3/3][loss:6.591731]
2023-11-14 01:55:21.353 | INFO     | DSH:train:128 - [iter:50/50][iter_time:41.87]
2023-11-14 02:01:29.529 | INFO     | DSH:train:200 - [iter:50/50][code_length:32][mAP:0.79057][mAP_all:0.79958][best_mAP:0.79264]
2023-11-14 02:01:29.529 | INFO     | DSH:train:201 - [iter:50/50][code_length:32][zs_mAP:0.40115][zs_mAP_all:0.21643]
2023-11-14 02:01:29.529 | INFO     | DSH:train:204 - [Training time:20741.62]
2023-11-14 02:01:29.532 | INFO     | __main__:run:126 - [code_length:32][map:0.7926][map_all:0.8024][zs_map:0.3986][zs_map_all:0.2060]
2023-11-14 02:01:44.282 | INFO     | DSH:train:125 - [epoch:1/3][loss:22.846664]
2023-11-14 02:01:59.196 | INFO     | DSH:train:125 - [epoch:2/3][loss:28.526507]
2023-11-14 02:02:13.452 | INFO     | DSH:train:125 - [epoch:3/3][loss:21.897451]
2023-11-14 02:02:13.453 | INFO     | DSH:train:128 - [iter:1/50][iter_time:43.41]
2023-11-14 02:08:16.585 | INFO     | DSH:train:200 - [iter:1/50][code_length:64][mAP:0.69139][mAP_all:0.69779][best_mAP:0.69139]
2023-11-14 02:08:16.585 | INFO     | DSH:train:201 - [iter:1/50][code_length:64][zs_mAP:0.33216][zs_mAP_all:0.08528]
2023-11-14 02:08:31.420 | INFO     | DSH:train:125 - [epoch:1/3][loss:10.783825]
2023-11-14 02:08:44.745 | INFO     | DSH:train:125 - [epoch:2/3][loss:21.139605]
2023-11-14 02:08:58.894 | INFO     | DSH:train:125 - [epoch:3/3][loss:20.462460]
2023-11-14 02:08:58.894 | INFO     | DSH:train:128 - [iter:2/50][iter_time:42.31]
2023-11-14 02:14:56.353 | INFO     | DSH:train:200 - [iter:2/50][code_length:64][mAP:0.73500][mAP_all:0.74382][best_mAP:0.73500]
2023-11-14 02:14:56.354 | INFO     | DSH:train:201 - [iter:2/50][code_length:64][zs_mAP:0.37277][zs_mAP_all:0.14116]
2023-11-14 02:15:09.686 | INFO     | DSH:train:125 - [epoch:1/3][loss:10.280069]
2023-11-14 02:15:23.022 | INFO     | DSH:train:125 - [epoch:2/3][loss:21.024883]
2023-11-14 02:15:35.993 | INFO     | DSH:train:125 - [epoch:3/3][loss:20.098291]
2023-11-14 02:15:35.993 | INFO     | DSH:train:128 - [iter:3/50][iter_time:39.64]
2023-11-14 02:21:49.792 | INFO     | DSH:train:200 - [iter:3/50][code_length:64][mAP:0.73726][mAP_all:0.74484][best_mAP:0.73726]
2023-11-14 02:21:49.793 | INFO     | DSH:train:201 - [iter:3/50][code_length:64][zs_mAP:0.37488][zs_mAP_all:0.15962]
2023-11-14 02:22:03.758 | INFO     | DSH:train:125 - [epoch:1/3][loss:9.784830]
2023-11-14 02:22:18.342 | INFO     | DSH:train:125 - [epoch:2/3][loss:19.750098]
2023-11-14 02:22:33.095 | INFO     | DSH:train:125 - [epoch:3/3][loss:19.745940]
2023-11-14 02:22:33.095 | INFO     | DSH:train:128 - [iter:4/50][iter_time:43.30]
2023-11-14 02:28:30.883 | INFO     | DSH:train:200 - [iter:4/50][code_length:64][mAP:0.74411][mAP_all:0.75095][best_mAP:0.74411]
2023-11-14 02:28:30.884 | INFO     | DSH:train:201 - [iter:4/50][code_length:64][zs_mAP:0.35172][zs_mAP_all:0.12700]
2023-11-14 02:28:45.517 | INFO     | DSH:train:125 - [epoch:1/3][loss:9.567706]
2023-11-14 02:28:59.262 | INFO     | DSH:train:125 - [epoch:2/3][loss:18.876176]
2023-11-14 02:29:13.511 | INFO     | DSH:train:125 - [epoch:3/3][loss:19.223961]
2023-11-14 02:29:13.512 | INFO     | DSH:train:128 - [iter:5/50][iter_time:42.63]
2023-11-14 02:35:12.880 | INFO     | DSH:train:200 - [iter:5/50][code_length:64][mAP:0.76892][mAP_all:0.77642][best_mAP:0.76892]
2023-11-14 02:35:12.881 | INFO     | DSH:train:201 - [iter:5/50][code_length:64][zs_mAP:0.35803][zs_mAP_all:0.15199]
2023-11-14 02:35:26.946 | INFO     | DSH:train:125 - [epoch:1/3][loss:9.651111]
2023-11-14 02:35:40.893 | INFO     | DSH:train:125 - [epoch:2/3][loss:19.290652]
2023-11-14 02:35:54.741 | INFO     | DSH:train:125 - [epoch:3/3][loss:19.257005]
2023-11-14 02:35:54.742 | INFO     | DSH:train:128 - [iter:6/50][iter_time:41.86]
2023-11-14 02:41:59.112 | INFO     | DSH:train:200 - [iter:6/50][code_length:64][mAP:0.73796][mAP_all:0.74602][best_mAP:0.76892]
2023-11-14 02:41:59.112 | INFO     | DSH:train:201 - [iter:6/50][code_length:64][zs_mAP:0.35428][zs_mAP_all:0.13558]
2023-11-14 02:42:13.524 | INFO     | DSH:train:125 - [epoch:1/3][loss:9.719200]
2023-11-14 02:42:28.496 | INFO     | DSH:train:125 - [epoch:2/3][loss:19.285325]
2023-11-14 02:42:43.116 | INFO     | DSH:train:125 - [epoch:3/3][loss:19.197984]
2023-11-14 02:42:43.117 | INFO     | DSH:train:128 - [iter:7/50][iter_time:44.00]
2023-11-14 02:48:43.246 | INFO     | DSH:train:200 - [iter:7/50][code_length:64][mAP:0.75793][mAP_all:0.76575][best_mAP:0.76892]
2023-11-14 02:48:43.247 | INFO     | DSH:train:201 - [iter:7/50][code_length:64][zs_mAP:0.36749][zs_mAP_all:0.15369]
2023-11-14 02:48:57.260 | INFO     | DSH:train:125 - [epoch:1/3][loss:9.601130]
2023-11-14 02:49:11.374 | INFO     | DSH:train:125 - [epoch:2/3][loss:19.241888]
2023-11-14 02:49:25.486 | INFO     | DSH:train:125 - [epoch:3/3][loss:19.142961]
2023-11-14 02:49:25.487 | INFO     | DSH:train:128 - [iter:8/50][iter_time:42.24]
2023-11-14 02:55:20.025 | INFO     | DSH:train:200 - [iter:8/50][code_length:64][mAP:0.75924][mAP_all:0.76726][best_mAP:0.76892]
2023-11-14 02:55:20.026 | INFO     | DSH:train:201 - [iter:8/50][code_length:64][zs_mAP:0.38365][zs_mAP_all:0.17324]
2023-11-14 02:55:36.120 | INFO     | DSH:train:125 - [epoch:1/3][loss:9.041522]
2023-11-14 02:55:52.539 | INFO     | DSH:train:125 - [epoch:2/3][loss:18.172508]
2023-11-14 02:56:07.957 | INFO     | DSH:train:125 - [epoch:3/3][loss:18.355187]
2023-11-14 02:56:07.958 | INFO     | DSH:train:128 - [iter:9/50][iter_time:47.93]
2023-11-14 03:02:29.212 | INFO     | DSH:train:200 - [iter:9/50][code_length:64][mAP:0.77670][mAP_all:0.78384][best_mAP:0.77670]
2023-11-14 03:02:29.212 | INFO     | DSH:train:201 - [iter:9/50][code_length:64][zs_mAP:0.38201][zs_mAP_all:0.17057]
2023-11-14 03:02:45.948 | INFO     | DSH:train:125 - [epoch:1/3][loss:8.681987]
2023-11-14 03:03:00.973 | INFO     | DSH:train:125 - [epoch:2/3][loss:17.920029]
2023-11-14 03:03:17.156 | INFO     | DSH:train:125 - [epoch:3/3][loss:17.888136]
2023-11-14 03:03:17.157 | INFO     | DSH:train:128 - [iter:10/50][iter_time:47.94]
2023-11-14 03:09:22.484 | INFO     | DSH:train:200 - [iter:10/50][code_length:64][mAP:0.75534][mAP_all:0.76447][best_mAP:0.77670]
2023-11-14 03:09:22.485 | INFO     | DSH:train:201 - [iter:10/50][code_length:64][zs_mAP:0.40123][zs_mAP_all:0.16665]
2023-11-14 03:09:37.229 | INFO     | DSH:train:125 - [epoch:1/3][loss:8.925062]
2023-11-14 03:09:51.934 | INFO     | DSH:train:125 - [epoch:2/3][loss:18.025108]
2023-11-14 03:10:06.463 | INFO     | DSH:train:125 - [epoch:3/3][loss:18.086634]
2023-11-14 03:10:06.464 | INFO     | DSH:train:128 - [iter:11/50][iter_time:43.98]
2023-11-14 03:16:01.454 | INFO     | DSH:train:200 - [iter:11/50][code_length:64][mAP:0.75839][mAP_all:0.76603][best_mAP:0.77670]
2023-11-14 03:16:01.455 | INFO     | DSH:train:201 - [iter:11/50][code_length:64][zs_mAP:0.39136][zs_mAP_all:0.17675]
2023-11-14 03:16:15.358 | INFO     | DSH:train:125 - [epoch:1/3][loss:9.094202]
2023-11-14 03:16:29.604 | INFO     | DSH:train:125 - [epoch:2/3][loss:17.884328]
2023-11-14 03:16:43.892 | INFO     | DSH:train:125 - [epoch:3/3][loss:18.072799]
2023-11-14 03:16:43.893 | INFO     | DSH:train:128 - [iter:12/50][iter_time:42.44]
2023-11-14 03:23:00.378 | INFO     | DSH:train:200 - [iter:12/50][code_length:64][mAP:0.74019][mAP_all:0.74812][best_mAP:0.77670]
2023-11-14 03:23:00.379 | INFO     | DSH:train:201 - [iter:12/50][code_length:64][zs_mAP:0.35152][zs_mAP_all:0.16351]
2023-11-14 03:23:16.213 | INFO     | DSH:train:125 - [epoch:1/3][loss:8.621105]
2023-11-14 03:23:30.939 | INFO     | DSH:train:125 - [epoch:2/3][loss:17.299015]
2023-11-14 03:23:46.384 | INFO     | DSH:train:125 - [epoch:3/3][loss:17.372784]
2023-11-14 03:23:46.385 | INFO     | DSH:train:128 - [iter:13/50][iter_time:46.01]
2023-11-14 03:29:48.374 | INFO     | DSH:train:200 - [iter:13/50][code_length:64][mAP:0.75186][mAP_all:0.76048][best_mAP:0.77670]
2023-11-14 03:29:48.375 | INFO     | DSH:train:201 - [iter:13/50][code_length:64][zs_mAP:0.38338][zs_mAP_all:0.19487]
2023-11-14 03:30:04.523 | INFO     | DSH:train:125 - [epoch:1/3][loss:9.492366]
2023-11-14 03:30:20.706 | INFO     | DSH:train:125 - [epoch:2/3][loss:18.374857]
2023-11-14 03:30:35.510 | INFO     | DSH:train:125 - [epoch:3/3][loss:17.908924]
2023-11-14 03:30:35.511 | INFO     | DSH:train:128 - [iter:14/50][iter_time:47.14]
2023-11-14 03:36:32.976 | INFO     | DSH:train:200 - [iter:14/50][code_length:64][mAP:0.73042][mAP_all:0.73837][best_mAP:0.77670]
2023-11-14 03:36:32.977 | INFO     | DSH:train:201 - [iter:14/50][code_length:64][zs_mAP:0.34377][zs_mAP_all:0.15325]
2023-11-14 03:36:47.122 | INFO     | DSH:train:125 - [epoch:1/3][loss:8.971829]
2023-11-14 03:37:01.169 | INFO     | DSH:train:125 - [epoch:2/3][loss:17.528452]
2023-11-14 03:37:15.437 | INFO     | DSH:train:125 - [epoch:3/3][loss:17.125574]
2023-11-14 03:37:15.438 | INFO     | DSH:train:128 - [iter:15/50][iter_time:42.46]
2023-11-14 03:43:19.800 | INFO     | DSH:train:200 - [iter:15/50][code_length:64][mAP:0.76128][mAP_all:0.76963][best_mAP:0.77670]
2023-11-14 03:43:19.800 | INFO     | DSH:train:201 - [iter:15/50][code_length:64][zs_mAP:0.36692][zs_mAP_all:0.17486]
2023-11-14 03:43:35.927 | INFO     | DSH:train:125 - [epoch:1/3][loss:8.628805]
2023-11-14 03:43:51.872 | INFO     | DSH:train:125 - [epoch:2/3][loss:17.289719]
2023-11-14 03:44:07.833 | INFO     | DSH:train:125 - [epoch:3/3][loss:16.919214]
2023-11-14 03:44:07.833 | INFO     | DSH:train:128 - [iter:16/50][iter_time:48.03]
2023-11-14 03:50:15.623 | INFO     | DSH:train:200 - [iter:16/50][code_length:64][mAP:0.74253][mAP_all:0.74965][best_mAP:0.77670]
2023-11-14 03:50:15.623 | INFO     | DSH:train:201 - [iter:16/50][code_length:64][zs_mAP:0.34773][zs_mAP_all:0.14278]
2023-11-14 03:50:31.386 | INFO     | DSH:train:125 - [epoch:1/3][loss:9.195569]
2023-11-14 03:50:46.689 | INFO     | DSH:train:125 - [epoch:2/3][loss:17.911022]
2023-11-14 03:51:03.202 | INFO     | DSH:train:125 - [epoch:3/3][loss:17.470305]
2023-11-14 03:51:03.203 | INFO     | DSH:train:128 - [iter:17/50][iter_time:47.58]
2023-11-14 03:57:01.437 | INFO     | DSH:train:200 - [iter:17/50][code_length:64][mAP:0.76738][mAP_all:0.77523][best_mAP:0.77670]
2023-11-14 03:57:01.438 | INFO     | DSH:train:201 - [iter:17/50][code_length:64][zs_mAP:0.35867][zs_mAP_all:0.17121]
2023-11-14 03:57:16.066 | INFO     | DSH:train:125 - [epoch:1/3][loss:8.757654]
2023-11-14 03:57:30.741 | INFO     | DSH:train:125 - [epoch:2/3][loss:17.313625]
2023-11-14 03:57:45.139 | INFO     | DSH:train:125 - [epoch:3/3][loss:17.023125]
2023-11-14 03:57:45.140 | INFO     | DSH:train:128 - [iter:18/50][iter_time:43.70]
2023-11-14 04:03:53.240 | INFO     | DSH:train:200 - [iter:18/50][code_length:64][mAP:0.75744][mAP_all:0.76580][best_mAP:0.77670]
2023-11-14 04:03:53.241 | INFO     | DSH:train:201 - [iter:18/50][code_length:64][zs_mAP:0.39085][zs_mAP_all:0.18312]
2023-11-14 04:04:08.985 | INFO     | DSH:train:125 - [epoch:1/3][loss:8.889700]
2023-11-14 04:04:23.892 | INFO     | DSH:train:125 - [epoch:2/3][loss:17.424807]
2023-11-14 04:04:38.806 | INFO     | DSH:train:125 - [epoch:3/3][loss:17.495395]
2023-11-14 04:04:38.807 | INFO     | DSH:train:128 - [iter:19/50][iter_time:45.57]
2023-11-14 04:10:41.573 | INFO     | DSH:train:200 - [iter:19/50][code_length:64][mAP:0.77752][mAP_all:0.78536][best_mAP:0.77752]
2023-11-14 04:10:41.573 | INFO     | DSH:train:201 - [iter:19/50][code_length:64][zs_mAP:0.39668][zs_mAP_all:0.20199]
2023-11-14 04:10:56.981 | INFO     | DSH:train:125 - [epoch:1/3][loss:8.545680]
2023-11-14 04:11:11.673 | INFO     | DSH:train:125 - [epoch:2/3][loss:17.196678]
2023-11-14 04:11:26.696 | INFO     | DSH:train:125 - [epoch:3/3][loss:16.792123]
2023-11-14 04:11:26.697 | INFO     | DSH:train:128 - [iter:20/50][iter_time:45.12]
2023-11-14 04:17:27.615 | INFO     | DSH:train:200 - [iter:20/50][code_length:64][mAP:0.75220][mAP_all:0.75915][best_mAP:0.77752]
2023-11-14 04:17:27.616 | INFO     | DSH:train:201 - [iter:20/50][code_length:64][zs_mAP:0.34372][zs_mAP_all:0.16229]
2023-11-14 04:17:42.536 | INFO     | DSH:train:125 - [epoch:1/3][loss:8.275090]
2023-11-14 04:17:57.007 | INFO     | DSH:train:125 - [epoch:2/3][loss:17.061822]
2023-11-14 04:18:11.216 | INFO     | DSH:train:125 - [epoch:3/3][loss:16.995328]
2023-11-14 04:18:11.217 | INFO     | DSH:train:128 - [iter:21/50][iter_time:43.60]
2023-11-14 04:24:18.012 | INFO     | DSH:train:200 - [iter:21/50][code_length:64][mAP:0.77081][mAP_all:0.77815][best_mAP:0.77752]
2023-11-14 04:24:18.012 | INFO     | DSH:train:201 - [iter:21/50][code_length:64][zs_mAP:0.39942][zs_mAP_all:0.19363]
2023-11-14 04:24:31.920 | INFO     | DSH:train:125 - [epoch:1/3][loss:8.824825]
2023-11-14 04:24:45.655 | INFO     | DSH:train:125 - [epoch:2/3][loss:17.615522]
2023-11-14 04:25:00.291 | INFO     | DSH:train:125 - [epoch:3/3][loss:17.630516]
2023-11-14 04:25:00.292 | INFO     | DSH:train:128 - [iter:22/50][iter_time:42.28]
2023-11-14 04:31:10.207 | INFO     | DSH:train:200 - [iter:22/50][code_length:64][mAP:0.78063][mAP_all:0.78956][best_mAP:0.78063]
2023-11-14 04:31:10.208 | INFO     | DSH:train:201 - [iter:22/50][code_length:64][zs_mAP:0.39239][zs_mAP_all:0.19220]
2023-11-14 04:31:26.340 | INFO     | DSH:train:125 - [epoch:1/3][loss:8.433178]
2023-11-14 04:31:42.434 | INFO     | DSH:train:125 - [epoch:2/3][loss:17.014876]
2023-11-14 04:31:58.327 | INFO     | DSH:train:125 - [epoch:3/3][loss:17.069032]
2023-11-14 04:31:58.328 | INFO     | DSH:train:128 - [iter:23/50][iter_time:48.12]
2023-11-14 04:38:00.414 | INFO     | DSH:train:200 - [iter:23/50][code_length:64][mAP:0.76856][mAP_all:0.77656][best_mAP:0.78063]
2023-11-14 04:38:00.415 | INFO     | DSH:train:201 - [iter:23/50][code_length:64][zs_mAP:0.35519][zs_mAP_all:0.16736]
2023-11-14 04:38:14.563 | INFO     | DSH:train:125 - [epoch:1/3][loss:8.748740]
2023-11-14 04:38:29.161 | INFO     | DSH:train:125 - [epoch:2/3][loss:16.944961]
2023-11-14 04:38:43.719 | INFO     | DSH:train:125 - [epoch:3/3][loss:16.344764]
2023-11-14 04:38:43.719 | INFO     | DSH:train:128 - [iter:24/50][iter_time:43.30]
2023-11-14 04:44:47.876 | INFO     | DSH:train:200 - [iter:24/50][code_length:64][mAP:0.77278][mAP_all:0.78212][best_mAP:0.78063]
2023-11-14 04:44:47.876 | INFO     | DSH:train:201 - [iter:24/50][code_length:64][zs_mAP:0.40168][zs_mAP_all:0.19699]
2023-11-14 04:45:01.454 | INFO     | DSH:train:125 - [epoch:1/3][loss:8.396164]
2023-11-14 04:45:16.116 | INFO     | DSH:train:125 - [epoch:2/3][loss:17.208693]
2023-11-14 04:45:30.711 | INFO     | DSH:train:125 - [epoch:3/3][loss:17.076377]
2023-11-14 04:45:30.712 | INFO     | DSH:train:128 - [iter:25/50][iter_time:42.84]
2023-11-14 04:51:37.852 | INFO     | DSH:train:200 - [iter:25/50][code_length:64][mAP:0.77120][mAP_all:0.77875][best_mAP:0.78063]
2023-11-14 04:51:37.852 | INFO     | DSH:train:201 - [iter:25/50][code_length:64][zs_mAP:0.35807][zs_mAP_all:0.18377]
2023-11-14 04:51:52.929 | INFO     | DSH:train:125 - [epoch:1/3][loss:8.684419]
2023-11-14 04:52:07.865 | INFO     | DSH:train:125 - [epoch:2/3][loss:16.720394]
2023-11-14 04:52:22.918 | INFO     | DSH:train:125 - [epoch:3/3][loss:17.083644]
2023-11-14 04:52:22.919 | INFO     | DSH:train:128 - [iter:26/50][iter_time:45.07]
2023-11-14 04:58:25.588 | INFO     | DSH:train:200 - [iter:26/50][code_length:64][mAP:0.77728][mAP_all:0.78442][best_mAP:0.78063]
2023-11-14 04:58:25.588 | INFO     | DSH:train:201 - [iter:26/50][code_length:64][zs_mAP:0.42028][zs_mAP_all:0.18972]
2023-11-14 04:58:40.333 | INFO     | DSH:train:125 - [epoch:1/3][loss:8.247029]
2023-11-14 04:59:02.616 | INFO     | DSH:train:125 - [epoch:2/3][loss:16.381171]
2023-11-14 04:59:25.666 | INFO     | DSH:train:125 - [epoch:3/3][loss:16.011197]
2023-11-14 04:59:25.666 | INFO     | DSH:train:128 - [iter:27/50][iter_time:60.08]
2023-11-14 05:05:31.094 | INFO     | DSH:train:200 - [iter:27/50][code_length:64][mAP:0.76718][mAP_all:0.77409][best_mAP:0.78063]
2023-11-14 05:05:31.095 | INFO     | DSH:train:201 - [iter:27/50][code_length:64][zs_mAP:0.38013][zs_mAP_all:0.18967]
2023-11-14 05:05:44.761 | INFO     | DSH:train:125 - [epoch:1/3][loss:8.462636]
2023-11-14 05:05:59.110 | INFO     | DSH:train:125 - [epoch:2/3][loss:16.796345]
2023-11-14 05:06:13.426 | INFO     | DSH:train:125 - [epoch:3/3][loss:17.021069]
2023-11-14 05:06:13.427 | INFO     | DSH:train:128 - [iter:28/50][iter_time:42.33]
2023-11-14 05:12:15.974 | INFO     | DSH:train:200 - [iter:28/50][code_length:64][mAP:0.77400][mAP_all:0.78130][best_mAP:0.78063]
2023-11-14 05:12:15.975 | INFO     | DSH:train:201 - [iter:28/50][code_length:64][zs_mAP:0.36503][zs_mAP_all:0.17210]
2023-11-14 05:12:31.355 | INFO     | DSH:train:125 - [epoch:1/3][loss:8.496474]
2023-11-14 05:12:47.176 | INFO     | DSH:train:125 - [epoch:2/3][loss:16.568103]
2023-11-14 05:13:02.760 | INFO     | DSH:train:125 - [epoch:3/3][loss:16.399670]
2023-11-14 05:13:02.760 | INFO     | DSH:train:128 - [iter:29/50][iter_time:46.79]
2023-11-14 05:19:06.126 | INFO     | DSH:train:200 - [iter:29/50][code_length:64][mAP:0.78402][mAP_all:0.79138][best_mAP:0.78402]
2023-11-14 05:19:06.127 | INFO     | DSH:train:201 - [iter:29/50][code_length:64][zs_mAP:0.39522][zs_mAP_all:0.19012]
2023-11-14 05:19:28.075 | INFO     | DSH:train:125 - [epoch:1/3][loss:8.258409]
2023-11-14 05:19:49.495 | INFO     | DSH:train:125 - [epoch:2/3][loss:16.386173]
2023-11-14 05:20:12.483 | INFO     | DSH:train:125 - [epoch:3/3][loss:16.099457]
2023-11-14 05:20:12.484 | INFO     | DSH:train:128 - [iter:30/50][iter_time:66.36]
2023-11-14 05:26:28.709 | INFO     | DSH:train:200 - [iter:30/50][code_length:64][mAP:0.78086][mAP_all:0.78818][best_mAP:0.78402]
2023-11-14 05:26:28.710 | INFO     | DSH:train:201 - [iter:30/50][code_length:64][zs_mAP:0.38757][zs_mAP_all:0.19510]
2023-11-14 05:26:43.404 | INFO     | DSH:train:125 - [epoch:1/3][loss:7.862930]
2023-11-14 05:26:57.863 | INFO     | DSH:train:125 - [epoch:2/3][loss:15.874441]
2023-11-14 05:27:12.810 | INFO     | DSH:train:125 - [epoch:3/3][loss:15.746215]
2023-11-14 05:27:12.811 | INFO     | DSH:train:128 - [iter:31/50][iter_time:44.10]
2023-11-14 05:33:19.945 | INFO     | DSH:train:200 - [iter:31/50][code_length:64][mAP:0.76910][mAP_all:0.77669][best_mAP:0.78402]
2023-11-14 05:33:19.946 | INFO     | DSH:train:201 - [iter:31/50][code_length:64][zs_mAP:0.35725][zs_mAP_all:0.18381]
2023-11-14 05:33:37.726 | INFO     | DSH:train:125 - [epoch:1/3][loss:8.412812]
2023-11-14 05:33:52.398 | INFO     | DSH:train:125 - [epoch:2/3][loss:16.674188]
2023-11-14 05:34:08.215 | INFO     | DSH:train:125 - [epoch:3/3][loss:15.867029]
2023-11-14 05:34:08.216 | INFO     | DSH:train:128 - [iter:32/50][iter_time:48.27]
2023-11-14 05:40:11.385 | INFO     | DSH:train:200 - [iter:32/50][code_length:64][mAP:0.75172][mAP_all:0.76053][best_mAP:0.78402]
2023-11-14 05:40:11.386 | INFO     | DSH:train:201 - [iter:32/50][code_length:64][zs_mAP:0.39488][zs_mAP_all:0.19293]
2023-11-14 05:40:25.047 | INFO     | DSH:train:125 - [epoch:1/3][loss:8.410600]
2023-11-14 05:40:39.100 | INFO     | DSH:train:125 - [epoch:2/3][loss:16.672628]
2023-11-14 05:40:53.039 | INFO     | DSH:train:125 - [epoch:3/3][loss:16.124480]
2023-11-14 05:40:53.040 | INFO     | DSH:train:128 - [iter:33/50][iter_time:41.65]
2023-11-14 05:47:21.104 | INFO     | DSH:train:200 - [iter:33/50][code_length:64][mAP:0.77852][mAP_all:0.78635][best_mAP:0.78402]
2023-11-14 05:47:21.105 | INFO     | DSH:train:201 - [iter:33/50][code_length:64][zs_mAP:0.39750][zs_mAP_all:0.19994]
2023-11-14 05:47:45.006 | INFO     | DSH:train:125 - [epoch:1/3][loss:8.253903]
2023-11-14 05:48:07.567 | INFO     | DSH:train:125 - [epoch:2/3][loss:16.545625]
2023-11-14 05:48:29.494 | INFO     | DSH:train:125 - [epoch:3/3][loss:16.912445]
2023-11-14 05:48:29.494 | INFO     | DSH:train:128 - [iter:34/50][iter_time:68.39]
2023-11-14 05:54:48.778 | INFO     | DSH:train:200 - [iter:34/50][code_length:64][mAP:0.76760][mAP_all:0.77581][best_mAP:0.78402]
2023-11-14 05:54:48.779 | INFO     | DSH:train:201 - [iter:34/50][code_length:64][zs_mAP:0.38450][zs_mAP_all:0.19601]
2023-11-14 05:55:03.804 | INFO     | DSH:train:125 - [epoch:1/3][loss:8.548579]
2023-11-14 05:55:18.851 | INFO     | DSH:train:125 - [epoch:2/3][loss:17.465252]
2023-11-14 05:55:33.374 | INFO     | DSH:train:125 - [epoch:3/3][loss:16.752357]
2023-11-14 05:55:33.374 | INFO     | DSH:train:128 - [iter:35/50][iter_time:44.59]
2023-11-14 06:01:36.246 | INFO     | DSH:train:200 - [iter:35/50][code_length:64][mAP:0.78190][mAP_all:0.79031][best_mAP:0.78402]
2023-11-14 06:01:36.247 | INFO     | DSH:train:201 - [iter:35/50][code_length:64][zs_mAP:0.41780][zs_mAP_all:0.22924]
2023-11-14 06:01:50.321 | INFO     | DSH:train:125 - [epoch:1/3][loss:8.043873]
2023-11-14 06:02:05.477 | INFO     | DSH:train:125 - [epoch:2/3][loss:15.739500]
2023-11-14 06:02:20.040 | INFO     | DSH:train:125 - [epoch:3/3][loss:15.945300]
2023-11-14 06:02:20.040 | INFO     | DSH:train:128 - [iter:36/50][iter_time:43.79]
2023-11-14 06:08:39.103 | INFO     | DSH:train:200 - [iter:36/50][code_length:64][mAP:0.77778][mAP_all:0.78637][best_mAP:0.78402]
2023-11-14 06:08:39.104 | INFO     | DSH:train:201 - [iter:36/50][code_length:64][zs_mAP:0.41059][zs_mAP_all:0.21447]
2023-11-14 06:08:52.827 | INFO     | DSH:train:125 - [epoch:1/3][loss:8.969928]
2023-11-14 06:09:06.450 | INFO     | DSH:train:125 - [epoch:2/3][loss:17.037874]
2023-11-14 06:09:20.006 | INFO     | DSH:train:125 - [epoch:3/3][loss:16.852555]
2023-11-14 06:09:20.007 | INFO     | DSH:train:128 - [iter:37/50][iter_time:40.90]
2023-11-14 06:15:43.952 | INFO     | DSH:train:200 - [iter:37/50][code_length:64][mAP:0.78971][mAP_all:0.79683][best_mAP:0.78971]
2023-11-14 06:15:43.953 | INFO     | DSH:train:201 - [iter:37/50][code_length:64][zs_mAP:0.41419][zs_mAP_all:0.22672]
2023-11-14 06:15:58.037 | INFO     | DSH:train:125 - [epoch:1/3][loss:7.716882]
2023-11-14 06:16:12.278 | INFO     | DSH:train:125 - [epoch:2/3][loss:15.556953]
2023-11-14 06:16:27.003 | INFO     | DSH:train:125 - [epoch:3/3][loss:15.339767]
2023-11-14 06:16:27.004 | INFO     | DSH:train:128 - [iter:38/50][iter_time:43.05]
2023-11-14 06:22:26.068 | INFO     | DSH:train:200 - [iter:38/50][code_length:64][mAP:0.79691][mAP_all:0.80436][best_mAP:0.79691]
2023-11-14 06:22:26.069 | INFO     | DSH:train:201 - [iter:38/50][code_length:64][zs_mAP:0.41161][zs_mAP_all:0.21566]
2023-11-14 06:22:40.288 | INFO     | DSH:train:125 - [epoch:1/3][loss:7.744586]
2023-11-14 06:22:54.624 | INFO     | DSH:train:125 - [epoch:2/3][loss:15.687778]
2023-11-14 06:23:08.051 | INFO     | DSH:train:125 - [epoch:3/3][loss:15.851951]
2023-11-14 06:23:08.051 | INFO     | DSH:train:128 - [iter:39/50][iter_time:41.98]
2023-11-14 06:29:22.560 | INFO     | DSH:train:200 - [iter:39/50][code_length:64][mAP:0.78975][mAP_all:0.79681][best_mAP:0.79691]
2023-11-14 06:29:22.561 | INFO     | DSH:train:201 - [iter:39/50][code_length:64][zs_mAP:0.39935][zs_mAP_all:0.21225]
2023-11-14 06:29:36.171 | INFO     | DSH:train:125 - [epoch:1/3][loss:8.029283]
2023-11-14 06:29:49.730 | INFO     | DSH:train:125 - [epoch:2/3][loss:15.945884]
2023-11-14 06:30:03.064 | INFO     | DSH:train:125 - [epoch:3/3][loss:15.571970]
2023-11-14 06:30:03.065 | INFO     | DSH:train:128 - [iter:40/50][iter_time:40.50]
2023-11-14 06:36:18.373 | INFO     | DSH:train:200 - [iter:40/50][code_length:64][mAP:0.77815][mAP_all:0.78474][best_mAP:0.79691]
2023-11-14 06:36:18.373 | INFO     | DSH:train:201 - [iter:40/50][code_length:64][zs_mAP:0.39052][zs_mAP_all:0.20045]
2023-11-14 06:36:32.394 | INFO     | DSH:train:125 - [epoch:1/3][loss:8.254806]
2023-11-14 06:36:46.038 | INFO     | DSH:train:125 - [epoch:2/3][loss:16.283623]
2023-11-14 06:37:02.630 | INFO     | DSH:train:125 - [epoch:3/3][loss:16.006712]
2023-11-14 06:37:02.631 | INFO     | DSH:train:128 - [iter:41/50][iter_time:44.26]
2023-11-14 06:42:58.623 | INFO     | DSH:train:200 - [iter:41/50][code_length:64][mAP:0.77498][mAP_all:0.78194][best_mAP:0.79691]
2023-11-14 06:42:58.624 | INFO     | DSH:train:201 - [iter:41/50][code_length:64][zs_mAP:0.40515][zs_mAP_all:0.22624]
2023-11-14 06:43:12.134 | INFO     | DSH:train:125 - [epoch:1/3][loss:8.119895]
2023-11-14 06:43:26.396 | INFO     | DSH:train:125 - [epoch:2/3][loss:15.818418]
2023-11-14 06:43:40.895 | INFO     | DSH:train:125 - [epoch:3/3][loss:15.250878]
2023-11-14 06:43:40.896 | INFO     | DSH:train:128 - [iter:42/50][iter_time:42.27]
2023-11-14 06:49:50.295 | INFO     | DSH:train:200 - [iter:42/50][code_length:64][mAP:0.78286][mAP_all:0.79019][best_mAP:0.79691]
2023-11-14 06:49:50.295 | INFO     | DSH:train:201 - [iter:42/50][code_length:64][zs_mAP:0.43090][zs_mAP_all:0.23237]
2023-11-14 06:50:13.406 | INFO     | DSH:train:125 - [epoch:1/3][loss:7.804492]
2023-11-14 06:50:36.817 | INFO     | DSH:train:125 - [epoch:2/3][loss:16.168958]
2023-11-14 06:51:00.938 | INFO     | DSH:train:125 - [epoch:3/3][loss:16.057834]
2023-11-14 06:51:00.939 | INFO     | DSH:train:128 - [iter:43/50][iter_time:70.64]
2023-11-14 06:57:05.997 | INFO     | DSH:train:200 - [iter:43/50][code_length:64][mAP:0.77931][mAP_all:0.78586][best_mAP:0.79691]
2023-11-14 06:57:05.997 | INFO     | DSH:train:201 - [iter:43/50][code_length:64][zs_mAP:0.38447][zs_mAP_all:0.19235]
2023-11-14 06:57:20.986 | INFO     | DSH:train:125 - [epoch:1/3][loss:8.281296]
2023-11-14 06:57:36.966 | INFO     | DSH:train:125 - [epoch:2/3][loss:16.059834]
2023-11-14 06:57:53.050 | INFO     | DSH:train:125 - [epoch:3/3][loss:15.706697]
2023-11-14 06:57:53.051 | INFO     | DSH:train:128 - [iter:44/50][iter_time:47.05]
2023-11-14 07:03:48.602 | INFO     | DSH:train:200 - [iter:44/50][code_length:64][mAP:0.77521][mAP_all:0.78231][best_mAP:0.79691]
2023-11-14 07:03:48.602 | INFO     | DSH:train:201 - [iter:44/50][code_length:64][zs_mAP:0.37247][zs_mAP_all:0.18669]
2023-11-14 07:04:03.978 | INFO     | DSH:train:125 - [epoch:1/3][loss:7.931609]
2023-11-14 07:04:19.364 | INFO     | DSH:train:125 - [epoch:2/3][loss:15.720847]
2023-11-14 07:04:34.771 | INFO     | DSH:train:125 - [epoch:3/3][loss:15.217003]
2023-11-14 07:04:34.772 | INFO     | DSH:train:128 - [iter:45/50][iter_time:46.17]
2023-11-14 07:10:35.902 | INFO     | DSH:train:200 - [iter:45/50][code_length:64][mAP:0.78916][mAP_all:0.79662][best_mAP:0.79691]
2023-11-14 07:10:35.902 | INFO     | DSH:train:201 - [iter:45/50][code_length:64][zs_mAP:0.41710][zs_mAP_all:0.22612]
2023-11-14 07:10:49.686 | INFO     | DSH:train:125 - [epoch:1/3][loss:8.044475]
2023-11-14 07:11:03.278 | INFO     | DSH:train:125 - [epoch:2/3][loss:16.021358]
2023-11-14 07:11:16.892 | INFO     | DSH:train:125 - [epoch:3/3][loss:15.253198]
2023-11-14 07:11:16.892 | INFO     | DSH:train:128 - [iter:46/50][iter_time:40.99]
2023-11-14 07:17:41.295 | INFO     | DSH:train:200 - [iter:46/50][code_length:64][mAP:0.80172][mAP_all:0.80803][best_mAP:0.80172]
2023-11-14 07:17:41.296 | INFO     | DSH:train:201 - [iter:46/50][code_length:64][zs_mAP:0.41308][zs_mAP_all:0.22784]
2023-11-14 07:18:02.582 | INFO     | DSH:train:125 - [epoch:1/3][loss:7.656975]
2023-11-14 07:18:24.250 | INFO     | DSH:train:125 - [epoch:2/3][loss:14.909075]
2023-11-14 07:18:45.752 | INFO     | DSH:train:125 - [epoch:3/3][loss:14.802767]
2023-11-14 07:18:45.752 | INFO     | DSH:train:128 - [iter:47/50][iter_time:64.46]
2023-11-14 07:24:49.513 | INFO     | DSH:train:200 - [iter:47/50][code_length:64][mAP:0.80521][mAP_all:0.81152][best_mAP:0.80521]
2023-11-14 07:24:49.514 | INFO     | DSH:train:201 - [iter:47/50][code_length:64][zs_mAP:0.42957][zs_mAP_all:0.23339]
2023-11-14 07:25:02.814 | INFO     | DSH:train:125 - [epoch:1/3][loss:7.721348]
2023-11-14 07:25:16.969 | INFO     | DSH:train:125 - [epoch:2/3][loss:14.845746]
2023-11-14 07:25:31.216 | INFO     | DSH:train:125 - [epoch:3/3][loss:14.312795]
2023-11-14 07:25:31.217 | INFO     | DSH:train:128 - [iter:48/50][iter_time:41.70]
2023-11-14 07:31:35.997 | INFO     | DSH:train:200 - [iter:48/50][code_length:64][mAP:0.80103][mAP_all:0.80695][best_mAP:0.80521]
2023-11-14 07:31:35.997 | INFO     | DSH:train:201 - [iter:48/50][code_length:64][zs_mAP:0.41079][zs_mAP_all:0.22348]
2023-11-14 07:31:50.301 | INFO     | DSH:train:125 - [epoch:1/3][loss:7.266372]
2023-11-14 07:32:04.545 | INFO     | DSH:train:125 - [epoch:2/3][loss:14.669011]
2023-11-14 07:32:18.164 | INFO     | DSH:train:125 - [epoch:3/3][loss:14.064628]
2023-11-14 07:32:18.165 | INFO     | DSH:train:128 - [iter:49/50][iter_time:42.17]
2023-11-14 07:38:37.633 | INFO     | DSH:train:200 - [iter:49/50][code_length:64][mAP:0.80187][mAP_all:0.80768][best_mAP:0.80521]
2023-11-14 07:38:37.633 | INFO     | DSH:train:201 - [iter:49/50][code_length:64][zs_mAP:0.42211][zs_mAP_all:0.22265]
2023-11-14 07:38:51.547 | INFO     | DSH:train:125 - [epoch:1/3][loss:7.286500]
2023-11-14 07:39:05.116 | INFO     | DSH:train:125 - [epoch:2/3][loss:14.055345]
2023-11-14 07:39:19.061 | INFO     | DSH:train:125 - [epoch:3/3][loss:14.201420]
2023-11-14 07:39:19.061 | INFO     | DSH:train:128 - [iter:50/50][iter_time:41.43]
2023-11-14 07:45:40.790 | INFO     | DSH:train:200 - [iter:50/50][code_length:64][mAP:0.80218][mAP_all:0.80803][best_mAP:0.80521]
2023-11-14 07:45:40.791 | INFO     | DSH:train:201 - [iter:50/50][code_length:64][zs_mAP:0.41054][zs_mAP_all:0.22304]
2023-11-14 07:45:40.791 | INFO     | DSH:train:204 - [Training time:20650.74]
2023-11-14 07:45:40.794 | INFO     | __main__:run:126 - [code_length:64][map:0.8052][map_all:0.8115][zs_map:0.4296][zs_map_all:0.2334]
